2025-04-18 15:07:10 INFO     Predictor: read 1148 rules from list.
2025-04-18 15:22:54 INFO     Predictor: read 1203 rules from list.
2025-04-18 15:39:16 INFO     Predictor: read 1254 rules from list.
2025-04-18 15:55:38 INFO     Predictor: read 1333 rules from list.
2025-04-18 16:12:49 INFO     Predictor: read 1386 rules from list.
2025-04-18 16:31:10 INFO     Predictor+: read 20306 rules from list.
.134751
2025-04-18 15:06:43 INFO     5000 10000 1.138419
2025-04-18 15:06:49 INFO     6000 10000 1.133344
2025-04-18 15:06:54 INFO     7000 10000 1.131654
2025-04-18 15:06:59 INFO     8000 10000 1.131182
2025-04-18 15:07:05 INFO     9000 10000 1.121290
2025-04-18 15:07:10 INFO     10000 10000 1.117330
2025-04-18 15:07:10 INFO     -------------------------
2025-04-18 15:07:10 INFO     | EM Iteration: 1/5
2025-04-18 15:07:10 INFO     -------------------------
2025-04-18 15:07:10 INFO     >>>>> Generator: Rule generation with sampling
2025-04-18 15:07:10 INFO     Predictor: read 1148 rules from list.
2025-04-18 15:07:10 INFO     Initializing distributed process group
2025-04-18 15:07:10 INFO     Preprocess training set
2025-04-18 15:07:10 INFO     >>>>> Predictor: Training
2025-04-18 15:07:57 INFO     1000 10860 8.493026 327544.0
2025-04-18 15:08:43 INFO     2000 10860 7.601291 327093.6
2025-04-18 15:09:29 INFO     3000 10860 6.971045 327544.0
2025-04-18 15:10:15 INFO     4000 10860 6.785295 327175.5
2025-04-18 15:11:00 INFO     5000 10860 6.609773 327093.6
2025-04-18 15:11:47 INFO     6000 10860 6.474274 327298.3
2025-04-18 15:12:33 INFO     7000 10860 6.271638 327544.0
2025-04-18 15:13:19 INFO     8000 10860 6.184333 327380.2
2025-04-18 15:14:04 INFO     9000 10860 6.074362 327544.0
2025-04-18 15:14:50 INFO     10000 10860 5.985333 327544.0
2025-04-18 15:15:30 INFO     >>>>> Predictor: Evaluating on valid
2025-04-18 15:15:42 INFO     Data : 6068
2025-04-18 15:15:42 INFO     Hit1 : 0.386948
2025-04-18 15:15:42 INFO     Hit3 : 0.413645
2025-04-18 15:15:42 INFO     Hit10: 0.429796
2025-04-18 15:15:42 INFO     MR   : 9534.406559
2025-04-18 15:15:42 INFO     MRR  : 0.404629
2025-04-18 15:15:42 INFO     >>>>> Predictor: Evaluating on test
2025-04-18 15:15:54 INFO     Data : 6268
2025-04-18 15:15:54 INFO     Hit1 : 0.397415
2025-04-18 15:15:54 INFO     Hit3 : 0.416720
2025-04-18 15:15:54 INFO     Hit10: 0.430919
2025-04-18 15:15:54 INFO     MR   : 9706.697511
2025-04-18 15:15:54 INFO     MRR  : 0.410770
2025-04-18 15:15:54 INFO     >>>>> Predictor: Computing H scores of rules
2025-04-18 15:16:33 INFO     1000 10860
2025-04-18 15:17:13 INFO     2000 10860
2025-04-18 15:17:51 INFO     3000 10860
2025-04-18 15:18:30 INFO     4000 10860
2025-04-18 15:19:09 INFO     5000 10860
2025-04-18 15:19:47 INFO     6000 10860
2025-04-18 15:20:25 INFO     7000 10860
2025-04-18 15:21:04 INFO     8000 10860
2025-04-18 15:21:42 INFO     9000 10860
2025-04-18 15:22:21 INFO     10000 10860
2025-04-18 15:22:53 INFO     >>>>> Generator: Training
2025-04-18 15:22:54 INFO     -------------------------
2025-04-18 15:22:54 INFO     | EM Iteration: 2/5
2025-04-18 15:22:54 INFO     -------------------------
2025-04-18 15:22:54 INFO     >>>>> Generator: Rule generation with sampling
2025-04-18 15:22:54 INFO     Predictor: read 1203 rules from list.
2025-04-18 15:22:54 INFO     Preprocess training set
2025-04-18 15:22:54 INFO     >>>>> Predictor: Training
2025-04-18 15:23:43 INFO     1000 10860 9.014241 327380.2
2025-04-18 15:24:31 INFO     2000 10860 8.066007 327052.7
2025-04-18 15:25:19 INFO     3000 10860 7.637726 327380.2
2025-04-18 15:26:06 INFO     4000 10860 7.350936 327544.0
2025-04-18 15:26:55 INFO     5000 10860 7.084630 327380.2
2025-04-18 15:27:43 INFO     6000 10860 6.880645 327216.5
2025-04-18 15:28:31 INFO     7000 10860 6.719414 327544.0
2025-04-18 15:29:19 INFO     8000 10860 6.684970 327544.0
2025-04-18 15:30:08 INFO     9000 10860 6.619962 327544.0
2025-04-18 15:30:56 INFO     10000 10860 6.564700 327544.0
2025-04-18 15:31:38 INFO     >>>>> Predictor: Evaluating on valid
2025-04-18 15:31:50 INFO     Data : 6068
2025-04-18 15:31:50 INFO     Hit1 : 0.386783
2025-04-18 15:31:50 INFO     Hit3 : 0.413316
2025-04-18 15:31:50 INFO     Hit10: 0.430784
2025-04-18 15:31:50 INFO     MR   : 9634.081740
2025-04-18 15:31:50 INFO     MRR  : 0.404915
2025-04-18 15:31:50 INFO     >>>>> Predictor: Evaluating on test
2025-04-18 15:32:02 INFO     Data : 6268
2025-04-18 15:32:02 INFO     Hit1 : 0.395660
2025-04-18 15:32:02 INFO     Hit3 : 0.415763
2025-04-18 15:32:02 INFO     Hit10: 0.435705
2025-04-18 15:32:02 INFO     MR   : 9743.368459
2025-04-18 15:32:02 INFO     MRR  : 0.410450
2025-04-18 15:32:02 INFO     >>>>> Predictor: Computing H scores of rules
2025-04-18 15:32:42 INFO     1000 10860
2025-04-18 15:33:22 INFO     2000 10860
2025-04-18 15:34:02 INFO     3000 10860
2025-04-18 15:34:42 INFO     4000 10860
2025-04-18 15:35:21 INFO     5000 10860
2025-04-18 15:36:00 INFO     6000 10860
2025-04-18 15:36:39 INFO     7000 10860
2025-04-18 15:37:18 INFO     8000 10860
2025-04-18 15:37:57 INFO     9000 10860
2025-04-18 15:38:37 INFO     10000 10860
2025-04-18 15:39:16 INFO     >>>>> Generator: Training
2025-04-18 15:39:16 INFO     -------------------------
2025-04-18 15:39:16 INFO     | EM Iteration: 3/5
2025-04-18 15:39:16 INFO     -------------------------
2025-04-18 15:39:16 INFO     >>>>> Generator: Rule generation with sampling
2025-04-18 15:39:16 INFO     Predictor: read 1254 rules from list.
2025-04-18 15:39:16 INFO     Preprocess training set
2025-04-18 15:39:16 INFO     >>>>> Predictor: Training
2025-04-18 15:40:04 INFO     1000 10860 9.125098 327257.4
2025-04-18 15:40:51 INFO     2000 10860 8.262499 327339.3
2025-04-18 15:41:39 INFO     3000 10860 7.487457 327380.2
2025-04-18 15:42:25 INFO     4000 10860 7.323632 327544.0
2025-04-18 15:43:12 INFO     5000 10860 7.249087 327298.3
2025-04-18 15:44:00 INFO     6000 10860 7.103375 327544.0
2025-04-18 15:44:47 INFO     7000 10860 6.933802 327093.6
2025-04-18 15:45:35 INFO     8000 10860 6.873953 327216.5
2025-04-18 15:46:22 INFO     9000 10860 6.909116 327544.0
2025-04-18 15:47:09 INFO     10000 10860 6.596660 327544.0
2025-04-18 15:47:50 INFO     >>>>> Predictor: Evaluating on valid
2025-04-18 15:48:02 INFO     Data : 6068
2025-04-18 15:48:02 INFO     Hit1 : 0.386289
2025-04-18 15:48:02 INFO     Hit3 : 0.415458
2025-04-18 15:48:02 INFO     Hit10: 0.436552
2025-04-18 15:48:02 INFO     MR   : 9811.262690
2025-04-18 15:48:02 INFO     MRR  : 0.405648
2025-04-18 15:48:02 INFO     >>>>> Predictor: Evaluating on test
2025-04-18 15:48:15 INFO     Data : 6268
2025-04-18 15:48:15 INFO     Hit1 : 0.399489
2025-04-18 15:48:15 INFO     Hit3 : 0.421825
2025-04-18 15:48:15 INFO     Hit10: 0.438896
2025-04-18 15:48:15 INFO     MR   : 9862.655313
2025-04-18 15:48:15 INFO     MRR  : 0.414180
2025-04-18 15:48:15 INFO     >>>>> Predictor: Computing H scores of rules
2025-04-18 15:48:55 INFO     1000 10860
2025-04-18 15:49:34 INFO     2000 10860
2025-04-18 15:50:13 INFO     3000 10860
2025-04-18 15:50:52 INFO     4000 10860
2025-04-18 15:51:31 INFO     5000 10860
2025-04-18 15:52:10 INFO     6000 10860
2025-04-18 15:52:50 INFO     7000 10860
2025-04-18 15:53:29 INFO     8000 10860
2025-04-18 15:54:09 INFO     9000 10860
2025-04-18 15:54:47 INFO     10000 10860
2025-04-18 15:55:38 INFO     >>>>> Generator: Training
2025-04-18 15:55:38 INFO     -------------------------
2025-04-18 15:55:38 INFO     | EM Iteration: 4/5
2025-04-18 15:55:38 INFO     -------------------------
2025-04-18 15:55:38 INFO     >>>>> Generator: Rule generation with sampling
2025-04-18 15:55:38 INFO     Predictor: read 1333 rules from list.
2025-04-18 15:55:38 INFO     Preprocess training set
2025-04-18 15:55:38 INFO     >>>>> Predictor: Training
2025-04-18 15:56:28 INFO     1000 10860 9.113573 327544.0
2025-04-18 15:57:18 INFO     2000 10860 8.013809 327380.2
2025-04-18 15:58:08 INFO     3000 10860 7.618408 327298.3
2025-04-18 15:58:58 INFO     4000 10860 7.327615 327134.6
2025-04-18 15:59:48 INFO     5000 10860 7.183596 327544.0
2025-04-18 16:00:38 INFO     6000 10860 7.046945 327544.0
2025-04-18 16:01:28 INFO     7000 10860 6.988853 327093.6
2025-04-18 16:02:17 INFO     8000 10860 6.770312 327544.0
2025-04-18 16:03:06 INFO     9000 10860 6.914321 327380.2
2025-04-18 16:03:56 INFO     10000 10860 6.747259 327544.0
2025-04-18 16:04:39 INFO     >>>>> Predictor: Evaluating on valid
2025-04-18 16:04:52 INFO     Data : 6068
2025-04-18 16:04:52 INFO     Hit1 : 0.387113
2025-04-18 16:04:52 INFO     Hit3 : 0.417765
2025-04-18 16:04:52 INFO     Hit10: 0.437212
2025-04-18 16:04:52 INFO     MR   : 9860.238794
2025-04-18 16:04:52 INFO     MRR  : 0.406920
2025-04-18 16:04:52 INFO     >>>>> Predictor: Evaluating on test
2025-04-18 16:05:05 INFO     Data : 6268
2025-04-18 16:05:05 INFO     Hit1 : 0.400287
2025-04-18 16:05:05 INFO     Hit3 : 0.418156
2025-04-18 16:05:05 INFO     Hit10: 0.439056
2025-04-18 16:05:05 INFO     MR   : 9888.108488
2025-04-18 16:05:05 INFO     MRR  : 0.414024
2025-04-18 16:05:05 INFO     >>>>> Predictor: Computing H scores of rules
2025-04-18 16:05:47 INFO     1000 10860
2025-04-18 16:06:28 INFO     2000 10860
2025-04-18 16:07:10 INFO     3000 10860
2025-04-18 16:07:51 INFO     4000 10860
2025-04-18 16:08:33 INFO     5000 10860
2025-04-18 16:09:14 INFO     6000 10860
2025-04-18 16:09:56 INFO     7000 10860
2025-04-18 16:10:37 INFO     8000 10860
2025-04-18 16:11:19 INFO     9000 10860
2025-04-18 16:12:00 INFO     10000 10860
2025-04-18 16:12:48 INFO     >>>>> Generator: Training
2025-04-18 16:12:49 INFO     -------------------------
2025-04-18 16:12:49 INFO     | EM Iteration: 5/5
2025-04-18 16:12:49 INFO     -------------------------
2025-04-18 16:12:49 INFO     >>>>> Generator: Rule generation with sampling
2025-04-18 16:12:49 INFO     Predictor: read 1386 rules from list.
2025-04-18 16:12:49 INFO     Preprocess training set
2025-04-18 16:12:49 INFO     >>>>> Predictor: Training
2025-04-18 16:13:40 INFO     1000 10860 9.074573 327544.0
2025-04-18 16:14:31 INFO     2000 10860 8.210412 327544.0
2025-04-18 16:15:23 INFO     3000 10860 7.883172 327216.5
2025-04-18 16:16:14 INFO     4000 10860 7.497876 327544.0
2025-04-18 16:17:05 INFO     5000 10860 7.315761 327544.0
2025-04-18 16:17:56 INFO     6000 10860 7.051644 327093.6
2025-04-18 16:18:47 INFO     7000 10860 7.137592 327544.0
2025-04-18 16:19:38 INFO     8000 10860 6.873942 327298.3
2025-04-18 16:20:29 INFO     9000 10860 6.709590 327544.0
2025-04-18 16:21:21 INFO     10000 10860 6.645576 327052.7
2025-04-18 16:22:05 INFO     >>>>> Predictor: Evaluating on valid
2025-04-18 16:22:18 INFO     Data : 6068
2025-04-18 16:22:18 INFO     Hit1 : 0.391068
2025-04-18 16:22:18 INFO     Hit3 : 0.418425
2025-04-18 16:22:18 INFO     Hit10: 0.436552
2025-04-18 16:22:18 INFO     MR   : 9878.139173
2025-04-18 16:22:18 INFO     MRR  : 0.409270
2025-04-18 16:22:18 INFO     >>>>> Predictor: Evaluating on test
2025-04-18 16:22:32 INFO     Data : 6268
2025-04-18 16:22:32 INFO     Hit1 : 0.402202
2025-04-18 16:22:32 INFO     Hit3 : 0.421027
2025-04-18 16:22:32 INFO     Hit10: 0.439534
2025-04-18 16:22:32 INFO     MR   : 10094.726308
2025-04-18 16:22:32 INFO     MRR  : 0.415825
2025-04-18 16:22:32 INFO     >>>>> Predictor: Computing H scores of rules
2025-04-18 16:23:13 INFO     1000 10860
2025-04-18 16:23:55 INFO     2000 10860
2025-04-18 16:24:37 INFO     3000 10860
2025-04-18 16:25:19 INFO     4000 10860
2025-04-18 16:26:02 INFO     5000 10860
2025-04-18 16:26:43 INFO     6000 10860
2025-04-18 16:27:25 INFO     7000 10860
2025-04-18 16:28:07 INFO     8000 10860
2025-04-18 16:28:49 INFO     9000 10860
2025-04-18 16:29:30 INFO     10000 10860
2025-04-18 16:30:30 INFO     >>>>> Generator: Training
2025-04-18 16:30:31 INFO     -------------------------
2025-04-18 16:30:31 INFO     | Post-train Generator
2025-04-18 16:30:31 INFO     -------------------------
2025-04-18 16:30:31 INFO     >>>>> Generator: Training
2025-04-18 16:30:36 INFO     1000 1000 1.363441
2025-04-18 16:30:36 INFO     -------------------------
2025-04-18 16:30:36 INFO     | Beam Search Best Rules
2025-04-18 16:30:36 INFO     -------------------------
2025-04-18 16:30:36 INFO     >>>>> Generator: Rule generation with beam search
2025-04-18 16:30:36 INFO     >>>>> Generator: Rule generation with beam search
2025-04-18 16:30:38 INFO     >>>>> Generator: Rule generation with beam search
2025-04-18 16:30:54 INFO     >>>>> Generator: Rule generation with beam search
2025-04-18 16:31:03 INFO     >>>>> Generator: Rule generation with beam search
2025-04-18 16:31:10 INFO     -------------------------
2025-04-18 16:31:10 INFO     | Train Final Predictor+
2025-04-18 16:31:10 INFO     -------------------------
2025-04-18 16:31:10 INFO     Predictor+: read 20306 rules from list.
2025-04-18 16:31:10 INFO     Preprocess training set
2025-04-18 16:31:10 INFO     -------------------------
2025-04-18 16:31:10 INFO     | Iteration: 1/5
2025-04-18 16:31:10 INFO     -------------------------
2025-04-18 16:31:10 INFO     >>>>> Predictor: Training
2025-04-18 16:39:43 INFO     1000 10860 4.545131 327544.0
2025-04-18 16:48:17 INFO     2000 10860 4.463423 327544.0
2025-04-18 16:56:52 INFO     3000 10860 4.460619 327339.3
2025-04-18 17:05:33 INFO     4000 10860 4.523947 327216.5
2025-04-18 17:14:14 INFO     5000 10860 4.434240 327175.5
2025-04-18 17:22:46 INFO     6000 10860 4.465398 327257.4
2025-04-18 17:31:17 INFO     7000 10860 4.330987 327544.0
2025-04-18 17:39:51 INFO     8000 10860 4.424786 327544.0
2025-04-18 17:48:27 INFO     9000 10860 4.383059 327257.4
2025-04-18 17:57:04 INFO     10000 10860 4.382522 327544.0
2025-04-18 18:04:30 INFO     >>>>> Predictor: Evaluating on valid
2025-04-18 18:07:30 INFO     Data : 6068
2025-04-18 18:07:30 INFO     Hit1 : 0.431938
2025-04-18 18:07:30 INFO     Hit3 : 0.491430
2025-04-18 18:07:30 INFO     Hit10: 0.543013
2025-04-18 18:07:30 INFO     MR   : 6594.655570
2025-04-18 18:07:30 INFO     MRR  : 0.471448
2025-04-18 18:07:30 INFO     >>>>> Predictor: Evaluating on test
2025-04-18 18:10:34 INFO     Data : 6268
2025-04-18 18:10:34 INFO     Hit1 : 0.443682
2025-04-18 18:10:34 INFO     Hit3 : 0.499043
2025-04-18 18:10:34 INFO     Hit10: 0.554882
2025-04-18 18:10:34 INFO     MR   : 6540.894544
2025-04-18 18:10:34 INFO     MRR  : 0.481088
2025-04-18 18:10:34 INFO     Save checkpoint to wn18rr/multitask_lexname_adaptive_full/predictor.pt
2025-04-18 18:10:34 INFO     -------------------------
2025-04-18 18:10:34 INFO     | Iteration: 2/5
2025-04-18 18:10:34 INFO     -------------------------
2025-04-18 18:10:34 INFO     >>>>> Predictor: Training
2025-04-18 18:19:17 INFO     1000 10860 4.360247 327134.6
2025-04-18 18:28:02 INFO     2000 10860 4.247434 327298.3
2025-04-18 18:36:46 INFO     3000 10860 4.118451 326807.0
2025-04-18 18:45:31 INFO     4000 10860 4.349447 327093.6
2025-04-18 18:54:14 INFO     5000 10860 4.388371 327544.0
2025-04-18 19:02:57 INFO     6000 10860 4.132913 327298.3
2025-04-18 19:11:39 INFO     7000 10860 4.357973 327380.2
2025-04-18 19:20:22 INFO     8000 10860 4.263241 327544.0
2025-04-18 19:29:05 INFO     9000 10860 4.214656 327339.3
2025-04-18 19:37:49 INFO     10000 10860 4.406694 327175.5
2025-04-18 19:45:20 INFO     >>>>> Predictor: Evaluating on valid
2025-04-18 19:48:20 INFO     Data : 6068
2025-04-18 19:48:20 INFO     Hit1 : 0.433092
2025-04-18 19:48:20 INFO     Hit3 : 0.489123
2025-04-18 19:48:20 INFO     Hit10: 0.538398
2025-04-18 19:48:20 INFO     MR   : 6511.450148
2025-04-18 19:48:20 INFO     MRR  : 0.471154
2025-04-18 19:48:20 INFO     >>>>> Predictor: Evaluating on test
2025-04-18 19:51:24 INFO     Data : 6268
2025-04-18 19:51:24 INFO     Hit1 : 0.440970
2025-04-18 19:51:24 INFO     Hit3 : 0.492821
2025-04-18 19:51:24 INFO     Hit10: 0.546586
2025-04-18 19:51:24 INFO     MR   : 6440.091576
2025-04-18 19:51:24 INFO     MRR  : 0.476724
2025-04-18 19:51:24 INFO     -------------------------
2025-04-18 19:51:24 INFO     | Iteration: 3/5
2025-04-18 19:51:24 INFO     -------------------------
2025-04-18 19:51:24 INFO     >>>>> Predictor: Training
2025-04-18 20:00:07 INFO     1000 10860 4.177465 327257.4
2025-04-18 20:08:49 INFO     2000 10860 4.328679 327544.0
2025-04-18 20:17:33 INFO     3000 10860 4.089053 327339.3
2025-04-18 20:26:16 INFO     4000 10860 4.232428 327544.0
2025-04-18 20:35:01 INFO     5000 10860 4.327740 327544.0
2025-04-18 20:43:45 INFO     6000 10860 4.307873 327544.0
2025-04-18 20:52:29 INFO     7000 10860 4.346971 327544.0
2025-04-18 21:01:12 INFO     8000 10860 4.243622 327544.0
2025-04-18 21:09:55 INFO     9000 10860 4.347754 327175.5
2025-04-18 21:18:36 INFO     10000 10860 4.427201 327544.0
2025-04-18 21:26:01 INFO     >>>>> Predictor: Evaluating on valid
2025-04-18 21:28:58 INFO     Data : 6068
2025-04-18 21:28:58 INFO     Hit1 : 0.433256
2025-04-18 21:28:58 INFO     Hit3 : 0.489453
2025-04-18 21:28:58 INFO     Hit10: 0.541694
2025-04-18 21:28:58 INFO     MR   : 6404.405076
2025-04-18 21:28:58 INFO     MRR  : 0.471387
2025-04-18 21:28:58 INFO     >>>>> Predictor: Evaluating on test
2025-04-18 21:31:59 INFO     Data : 6268
2025-04-18 21:31:59 INFO     Hit1 : 0.441289
2025-04-18 21:31:59 INFO     Hit3 : 0.494257
2025-04-18 21:31:59 INFO     Hit10: 0.550096
2025-04-18 21:31:59 INFO     MR   : 6330.362237
2025-04-18 21:31:59 INFO     MRR  : 0.477782
2025-04-18 21:31:59 INFO     -------------------------
2025-04-18 21:31:59 INFO     | Iteration: 4/5
2025-04-18 21:31:59 INFO     -------------------------
2025-04-18 21:31:59 INFO     >>>>> Predictor: Training
2025-04-18 21:40:41 INFO     1000 10860 4.261336 327011.7
2025-04-18 21:49:23 INFO     2000 10860 4.232714 327257.4
2025-04-18 21:58:08 INFO     3000 10860 4.390815 327298.3
2025-04-18 22:06:53 INFO     4000 10860 4.169247 327339.3
2025-04-18 22:15:37 INFO     5000 10860 4.321098 327339.3
2025-04-18 22:24:20 INFO     6000 10860 4.216461 327544.0
2025-04-18 22:33:03 INFO     7000 10860 4.278534 327380.2
2025-04-18 22:41:49 INFO     8000 10860 4.127729 327380.2
2025-04-18 22:50:35 INFO     9000 10860 4.189124 326970.8
2025-04-18 22:59:15 INFO     10000 10860 4.344053 327544.0
2025-04-18 23:06:41 INFO     >>>>> Predictor: Evaluating on valid
2025-04-18 23:09:38 INFO     Data : 6068
2025-04-18 23:09:38 INFO     Hit1 : 0.435399
2025-04-18 23:09:38 INFO     Hit3 : 0.491101
2025-04-18 23:09:38 INFO     Hit10: 0.543095
2025-04-18 23:09:38 INFO     MR   : 6363.760300
2025-04-18 23:09:38 INFO     MRR  : 0.473155
2025-04-18 23:09:38 INFO     >>>>> Predictor: Evaluating on test
2025-04-18 23:12:40 INFO     Data : 6268
2025-04-18 23:12:40 INFO     Hit1 : 0.440651
2025-04-18 23:12:40 INFO     Hit3 : 0.495054
2025-04-18 23:12:40 INFO     Hit10: 0.550255
2025-04-18 23:12:40 INFO     MR   : 6296.646219
2025-04-18 23:12:40 INFO     MRR  : 0.477508
2025-04-18 23:12:40 INFO     Save checkpoint to wn18rr/multitask_lexname_adaptive_full/predictor.pt
2025-04-18 23:12:40 INFO     -------------------------
2025-04-18 23:12:40 INFO     | Iteration: 5/5
2025-04-18 23:12:40 INFO     -------------------------
2025-04-18 23:12:40 INFO     >>>>> Predictor: Training
2025-04-18 23:21:19 INFO     1000 10860 4.227912 327052.7
2025-04-18 23:29:57 INFO     2000 10860 4.165064 327544.0
2025-04-18 23:38:35 INFO     3000 10860 4.114549 327544.0
2025-04-18 23:47:15 INFO     4000 10860 4.142313 327339.3
2025-04-18 23:55:52 INFO     5000 10860 4.341961 327544.0
2025-04-19 00:04:31 INFO     6000 10860 4.298088 327544.0
2025-04-19 00:13:09 INFO     7000 10860 4.262790 327257.4
2025-04-19 00:21:47 INFO     8000 10860 4.337394 327011.7
2025-04-19 00:30:25 INFO     9000 10860 4.405205 327298.3
2025-04-19 00:39:06 INFO     10000 10860 4.344701 326888.9
2025-04-19 00:46:33 INFO     >>>>> Predictor: Evaluating on valid
2025-04-19 00:49:30 INFO     Data : 6068
2025-04-19 00:49:30 INFO     Hit1 : 0.428148
2025-04-19 00:49:30 INFO     Hit3 : 0.488134
2025-04-19 00:49:30 INFO     Hit10: 0.544743
2025-04-19 00:49:30 INFO     MR   : 6391.712755
2025-04-19 00:49:30 INFO     MRR  : 0.468291
2025-04-19 00:49:30 INFO     >>>>> Predictor: Evaluating on test
2025-04-19 00:52:33 INFO     Data : 6268
2025-04-19 00:52:33 INFO     Hit1 : 0.436662
2025-04-19 00:52:33 INFO     Hit3 : 0.490108
2025-04-19 00:52:33 INFO     Hit10: 0.545948
2025-04-19 00:52:33 INFO     MR   : 6284.715938
2025-04-19 00:52:33 INFO     MRR  : 0.474069
2025-04-19 00:52:33 INFO     -------------------------
2025-04-19 00:52:33 INFO     | Final Test MRR: 0.477508
2025-04-19 00:52:33 INFO     -------------------------
