2025-05-22 01:15:45 INFO     -------------------------
2025-05-22 01:15:45 INFO     | Pre-train Generator
2025-05-22 01:15:45 INFO     -------------------------
2025-05-22 01:15:45 INFO     >>>>> Generator: Training
2025-05-22 01:15:50 INFO     [E1000] Total: 1.643058 | Main: 1.659845 | Aux: 1.022676
2025-05-22 01:15:54 INFO     [E2000] Total: 1.570275 | Main: 1.570275 | Aux: 1.059192
2025-05-22 01:15:58 INFO     [E3000] Total: 1.562104 | Main: 1.562104 | Aux: 1.085715
2025-05-22 01:16:02 INFO     [E4000] Total: 1.555851 | Main: 1.555851 | Aux: 1.105886
2025-05-22 01:16:06 INFO     [E5000] Total: 1.549458 | Main: 1.549458 | Aux: 1.122566
2025-05-22 01:16:10 INFO     [E6000] Total: 1.546494 | Main: 1.546494 | Aux: 1.141758
2025-05-22 01:16:14 INFO     [E7000] Total: 1.546280 | Main: 1.546280 | Aux: 1.162009
2025-05-22 01:16:18 INFO     [E8000] Total: 1.545598 | Main: 1.545598 | Aux: 1.184543
2025-05-22 01:16:21 INFO     [E9000] Total: 1.543191 | Main: 1.543191 | Aux: 1.201229
2025-05-22 01:16:25 INFO     [E10000] Total: 1.542369 | Main: 1.542369 | Aux: 1.210144
2025-05-22 01:16:25 INFO     -------------------------
2025-05-22 01:16:25 INFO     | EM Iteration: 1/5
2025-05-22 01:16:25 INFO     -------------------------
2025-05-22 01:16:25 INFO     >>>>> Generator: Rule generation with sampling
2025-05-22 01:16:25 INFO     Predictor: read 1309 rules from list.
2025-05-22 01:16:25 INFO     Preprocess training set
2025-05-22 01:16:25 INFO     >>>>> Predictor: Training
2025-05-22 01:17:04 INFO     1000 12313 8.236625 69358.0
2025-05-22 01:17:42 INFO     2000 12313 7.805676 69332.0
2025-05-22 01:18:21 INFO     3000 12313 7.580223 69384.0
2025-05-22 01:19:00 INFO     4000 12313 7.461242 69279.9
2025-05-22 01:19:38 INFO     5000 12313 7.352687 69332.0
2025-05-22 01:20:17 INFO     6000 12313 7.270538 69384.0
2025-05-22 01:20:55 INFO     7000 12313 7.189698 69297.3
2025-05-22 01:21:34 INFO     8000 12313 7.171273 69323.3
2025-05-22 01:22:14 INFO     9000 12313 7.103075 69358.0
2025-05-22 01:22:53 INFO     10000 12313 7.089005 69332.0
2025-05-22 01:23:33 INFO     11000 12313 7.053488 69366.7
2025-05-22 01:24:12 INFO     12000 12313 7.025791 69279.9
2025-05-22 01:24:25 INFO     >>>>> Predictor: Evaluating on valid
2025-05-22 01:24:41 INFO     Data : 3823
2025-05-22 01:24:41 INFO     Hit1 : 0.025111
2025-05-22 01:24:41 INFO     Hit3 : 0.049961
2025-05-22 01:24:41 INFO     Hit10: 0.096783
2025-05-22 01:24:41 INFO     MR   : 1196.107246
2025-05-22 01:24:41 INFO     MRR  : 0.050402
2025-05-22 01:24:41 INFO     >>>>> Predictor: Evaluating on test
2025-05-22 01:24:59 INFO     Data : 4402
2025-05-22 01:24:59 INFO     Hit1 : 0.031577
2025-05-22 01:24:59 INFO     Hit3 : 0.057701
2025-05-22 01:24:59 INFO     Hit10: 0.094502
2025-05-22 01:24:59 INFO     MR   : 1181.849500
2025-05-22 01:24:59 INFO     MRR  : 0.055834
2025-05-22 01:24:59 INFO     >>>>> Predictor: Computing H scores of rules
2025-05-22 01:25:40 INFO     1000 12313
2025-05-22 01:26:22 INFO     2000 12313
2025-05-22 01:27:02 INFO     3000 12313
2025-05-22 01:27:43 INFO     4000 12313
2025-05-22 01:28:23 INFO     5000 12313
2025-05-22 01:29:04 INFO     6000 12313
2025-05-22 01:29:44 INFO     7000 12313
2025-05-22 01:30:24 INFO     8000 12313
2025-05-22 01:31:05 INFO     9000 12313
2025-05-22 01:31:45 INFO     10000 12313
2025-05-22 01:32:25 INFO     11000 12313
2025-05-22 01:33:06 INFO     12000 12313
2025-05-22 01:33:19 INFO     >>>>> Generator: Training
2025-05-22 01:33:20 INFO     -------------------------
2025-05-22 01:33:20 INFO     | EM Iteration: 2/5
2025-05-22 01:33:20 INFO     -------------------------
2025-05-22 01:33:20 INFO     >>>>> Generator: Rule generation with sampling
2025-05-22 01:33:20 INFO     Predictor: read 1391 rules from list.
2025-05-22 01:33:20 INFO     Preprocess training set
2025-05-22 01:33:20 INFO     >>>>> Predictor: Training
2025-05-22 01:34:01 INFO     1000 12313 8.260956 69366.7
2025-05-22 01:34:44 INFO     2000 12313 7.779608 69279.9
2025-05-22 01:35:26 INFO     3000 12313 7.622129 69253.9
2025-05-22 01:36:09 INFO     4000 12313 7.470050 69340.6
2025-05-22 01:36:50 INFO     5000 12313 7.390305 69366.7
2025-05-22 01:37:32 INFO     6000 12313 7.306635 69358.0
2025-05-22 01:38:13 INFO     7000 12313 7.269978 69366.7
2025-05-22 01:38:55 INFO     8000 12313 7.249159 69384.0
2025-05-22 01:39:36 INFO     9000 12313 7.207646 69262.6
2025-05-22 01:40:17 INFO     10000 12313 7.181268 69323.3
2025-05-22 01:40:59 INFO     11000 12313 7.151326 69366.7
2025-05-22 01:41:42 INFO     12000 12313 7.142688 69332.0
2025-05-22 01:41:55 INFO     >>>>> Predictor: Evaluating on valid
2025-05-22 01:42:11 INFO     Data : 3823
2025-05-22 01:42:11 INFO     Hit1 : 0.029558
2025-05-22 01:42:11 INFO     Hit3 : 0.059377
2025-05-22 01:42:11 INFO     Hit10: 0.114308
2025-05-22 01:42:11 INFO     MR   : 1152.682056
2025-05-22 01:42:11 INFO     MRR  : 0.059336
2025-05-22 01:42:11 INFO     >>>>> Predictor: Evaluating on test
2025-05-22 01:42:29 INFO     Data : 4402
2025-05-22 01:42:29 INFO     Hit1 : 0.039527
2025-05-22 01:42:29 INFO     Hit3 : 0.065425
2025-05-22 01:42:29 INFO     Hit10: 0.122444
2025-05-22 01:42:29 INFO     MR   : 1140.932644
2025-05-22 01:42:29 INFO     MRR  : 0.067385
2025-05-22 01:42:29 INFO     >>>>> Predictor: Computing H scores of rules
2025-05-22 01:43:14 INFO     1000 12313
2025-05-22 01:44:00 INFO     2000 12313
2025-05-22 01:44:43 INFO     3000 12313
2025-05-22 01:45:26 INFO     4000 12313
2025-05-22 01:46:09 INFO     5000 12313
2025-05-22 01:46:53 INFO     6000 12313
2025-05-22 01:47:36 INFO     7000 12313
2025-05-22 01:48:19 INFO     8000 12313
2025-05-22 01:49:02 INFO     9000 12313
2025-05-22 01:49:45 INFO     10000 12313
2025-05-22 01:50:28 INFO     11000 12313
2025-05-22 01:51:11 INFO     12000 12313
2025-05-22 01:51:25 INFO     >>>>> Generator: Training
2025-05-22 01:51:25 INFO     -------------------------
2025-05-22 01:51:25 INFO     | EM Iteration: 3/5
2025-05-22 01:51:25 INFO     -------------------------
2025-05-22 01:51:25 INFO     >>>>> Generator: Rule generation with sampling
2025-05-22 01:51:25 INFO     Predictor: read 1456 rules from list.
2025-05-22 01:51:25 INFO     Preprocess training set
2025-05-22 01:51:25 INFO     >>>>> Predictor: Training
2025-05-22 01:52:07 INFO     1000 12313 8.194632 69384.0
2025-05-22 01:52:49 INFO     2000 12313 7.706794 69384.0
2025-05-22 01:53:31 INFO     3000 12313 7.439252 69253.9
2025-05-22 01:54:13 INFO     4000 12313 7.304089 69323.3
2025-05-22 01:54:54 INFO     5000 12313 7.181270 69384.0
2025-05-22 01:55:35 INFO     6000 12313 7.063717 69323.3
2025-05-22 01:56:16 INFO     7000 12313 6.971086 69366.7
2025-05-22 01:56:58 INFO     8000 12313 6.909697 69332.0
2025-05-22 01:57:39 INFO     9000 12313 6.807444 69384.0
2025-05-22 01:58:20 INFO     10000 12313 6.805057 69227.9
2025-05-22 01:59:01 INFO     11000 12313 6.750027 69340.6
2025-05-22 01:59:42 INFO     12000 12313 6.718443 69297.3
2025-05-22 01:59:54 INFO     >>>>> Predictor: Evaluating on valid
2025-05-22 02:00:10 INFO     Data : 3823
2025-05-22 02:00:10 INFO     Hit1 : 0.027727
2025-05-22 02:00:10 INFO     Hit3 : 0.058070
2025-05-22 02:00:10 INFO     Hit10: 0.117709
2025-05-22 02:00:10 INFO     MR   : 1145.849202
2025-05-22 02:00:10 INFO     MRR  : 0.059150
2025-05-22 02:00:10 INFO     >>>>> Predictor: Evaluating on test
2025-05-22 02:00:28 INFO     Data : 4402
2025-05-22 02:00:28 INFO     Hit1 : 0.034075
2025-05-22 02:00:28 INFO     Hit3 : 0.064743
2025-05-22 02:00:28 INFO     Hit10: 0.124489
2025-05-22 02:00:28 INFO     MR   : 1125.778396
2025-05-22 02:00:28 INFO     MRR  : 0.065281
2025-05-22 02:00:28 INFO     >>>>> Predictor: Computing H scores of rules
2025-05-22 02:01:11 INFO     1000 12313
2025-05-22 02:01:54 INFO     2000 12313
2025-05-22 02:02:37 INFO     3000 12313
2025-05-22 02:03:19 INFO     4000 12313
2025-05-22 02:04:02 INFO     5000 12313
2025-05-22 02:04:45 INFO     6000 12313
2025-05-22 02:05:28 INFO     7000 12313
2025-05-22 02:06:10 INFO     8000 12313
2025-05-22 02:06:54 INFO     9000 12313
2025-05-22 02:07:37 INFO     10000 12313
2025-05-22 02:08:21 INFO     11000 12313
2025-05-22 02:09:04 INFO     12000 12313
2025-05-22 02:09:18 INFO     >>>>> Generator: Training
2025-05-22 02:09:18 INFO     -------------------------
2025-05-22 02:09:18 INFO     | EM Iteration: 4/5
2025-05-22 02:09:18 INFO     -------------------------
2025-05-22 02:09:18 INFO     >>>>> Generator: Rule generation with sampling
2025-05-22 02:09:18 INFO     Predictor: read 1505 rules from list.
2025-05-22 02:09:18 INFO     Preprocess training set
2025-05-22 02:09:18 INFO     >>>>> Predictor: Training
2025-05-22 02:10:00 INFO     1000 12313 8.233894 69314.6
2025-05-22 02:10:42 INFO     2000 12313 7.754660 69279.9
2025-05-22 02:11:24 INFO     3000 12313 7.506790 69366.7
2025-05-22 02:12:05 INFO     4000 12313 7.393628 69366.7
2025-05-22 02:12:46 INFO     5000 12313 7.299351 69288.6
2025-05-22 02:13:27 INFO     6000 12313 7.200896 69340.6
2025-05-22 02:14:08 INFO     7000 12313 7.111998 69384.0
2025-05-22 02:14:48 INFO     8000 12313 7.043110 69340.6
2025-05-22 02:15:29 INFO     9000 12313 7.038994 69384.0
2025-05-22 02:16:10 INFO     10000 12313 6.972623 69288.6
2025-05-22 02:16:51 INFO     11000 12313 6.941365 69262.6
2025-05-22 02:17:32 INFO     12000 12313 6.934925 69384.0
2025-05-22 02:17:45 INFO     >>>>> Predictor: Evaluating on valid
2025-05-22 02:18:02 INFO     Data : 3823
2025-05-22 02:18:02 INFO     Hit1 : 0.036097
2025-05-22 02:18:02 INFO     Hit3 : 0.076903
2025-05-22 02:18:02 INFO     Hit10: 0.142820
2025-05-22 02:18:02 INFO     MR   : 1101.448077
2025-05-22 02:18:02 INFO     MRR  : 0.072619
2025-05-22 02:18:02 INFO     >>>>> Predictor: Evaluating on test
2025-05-22 02:18:21 INFO     Data : 4402
2025-05-22 02:18:21 INFO     Hit1 : 0.046570
2025-05-22 02:18:21 INFO     Hit3 : 0.088596
2025-05-22 02:18:21 INFO     Hit10: 0.151295
2025-05-22 02:18:21 INFO     MR   : 1095.202067
2025-05-22 02:18:21 INFO     MRR  : 0.082813
2025-05-22 02:18:21 INFO     >>>>> Predictor: Computing H scores of rules
2025-05-22 02:19:04 INFO     1000 12313
2025-05-22 02:19:47 INFO     2000 12313
2025-05-22 02:20:30 INFO     3000 12313
2025-05-22 02:21:13 INFO     4000 12313
2025-05-22 02:21:55 INFO     5000 12313
2025-05-22 02:22:38 INFO     6000 12313
2025-05-22 02:23:21 INFO     7000 12313
2025-05-22 02:24:04 INFO     8000 12313
2025-05-22 02:24:47 INFO     9000 12313
2025-05-22 02:25:30 INFO     10000 12313
2025-05-22 02:26:13 INFO     11000 12313
2025-05-22 02:26:56 INFO     12000 12313
2025-05-22 02:27:09 INFO     >>>>> Generator: Training
2025-05-22 02:27:10 INFO     -------------------------
2025-05-22 02:27:10 INFO     | EM Iteration: 5/5
2025-05-22 02:27:10 INFO     -------------------------
2025-05-22 02:27:10 INFO     >>>>> Generator: Rule generation with sampling
2025-05-22 02:27:10 INFO     Predictor: read 1576 rules from list.
2025-05-22 02:27:10 INFO     Preprocess training set
2025-05-22 02:27:10 INFO     >>>>> Predictor: Training
2025-05-22 02:27:51 INFO     1000 12313 8.248993 69340.6
2025-05-22 02:28:33 INFO     2000 12313 7.804879 69288.6
2025-05-22 02:29:16 INFO     3000 12313 7.601090 69366.7
2025-05-22 02:29:59 INFO     4000 12313 7.492968 69305.9
2025-05-22 02:30:42 INFO     5000 12313 7.378034 69323.3
2025-05-22 02:31:24 INFO     6000 12313 7.331944 69384.0
2025-05-22 02:32:07 INFO     7000 12313 7.287618 69279.9
2025-05-22 02:32:50 INFO     8000 12313 7.213368 69384.0
2025-05-22 02:33:32 INFO     9000 12313 7.220535 69366.7
2025-05-22 02:34:15 INFO     10000 12313 7.174981 69297.3
2025-05-22 02:34:57 INFO     11000 12313 7.140230 69279.9
2025-05-22 02:35:40 INFO     12000 12313 7.146792 69384.0
2025-05-22 02:35:54 INFO     >>>>> Predictor: Evaluating on valid
2025-05-22 02:36:12 INFO     Data : 3823
2025-05-22 02:36:12 INFO     Hit1 : 0.030343
2025-05-22 02:36:12 INFO     Hit3 : 0.057285
2025-05-22 02:36:12 INFO     Hit10: 0.107769
2025-05-22 02:36:12 INFO     MR   : 1203.216061
2025-05-22 02:36:12 INFO     MRR  : 0.057464
2025-05-22 02:36:12 INFO     >>>>> Predictor: Evaluating on test
2025-05-22 02:36:32 INFO     Data : 4402
2025-05-22 02:36:32 INFO     Hit1 : 0.033167
2025-05-22 02:36:32 INFO     Hit3 : 0.062244
2025-05-22 02:36:32 INFO     Hit10: 0.108133
2025-05-22 02:36:32 INFO     MR   : 1177.010336
2025-05-22 02:36:32 INFO     MRR  : 0.060987
2025-05-22 02:36:32 INFO     >>>>> Predictor: Computing H scores of rules
2025-05-22 02:37:18 INFO     1000 12313
2025-05-22 02:38:03 INFO     2000 12313
2025-05-22 02:38:48 INFO     3000 12313
2025-05-22 02:39:34 INFO     4000 12313
2025-05-22 02:40:19 INFO     5000 12313
2025-05-22 02:41:04 INFO     6000 12313
2025-05-22 02:41:49 INFO     7000 12313
2025-05-22 02:42:35 INFO     8000 12313
2025-05-22 02:43:20 INFO     9000 12313
2025-05-22 02:44:06 INFO     10000 12313
2025-05-22 02:44:51 INFO     11000 12313
2025-05-22 02:45:36 INFO     12000 12313
2025-05-22 02:45:50 INFO     >>>>> Generator: Training
2025-05-22 02:45:51 INFO     -------------------------
2025-05-22 02:45:51 INFO     | Post-train Generator
2025-05-22 02:45:51 INFO     -------------------------
2025-05-22 02:45:51 INFO     >>>>> Generator: Training
2025-05-22 02:45:55 INFO     [E1000] Total: 1.742821 | Main: 1.750366 | Aux: 1.047231
2025-05-22 02:45:55 INFO     -------------------------
2025-05-22 02:45:55 INFO     | Beam Search Best Rules
2025-05-22 02:45:55 INFO     -------------------------
2025-05-22 02:45:55 INFO     >>>>> Generator: Rule generation with beam search
2025-05-22 02:45:55 INFO     >>>>> Generator: Rule generation with beam search
2025-05-22 02:45:56 INFO     >>>>> Generator: Rule generation with beam search
2025-05-22 02:46:04 INFO     >>>>> Generator: Rule generation with beam search
2025-05-22 02:46:09 INFO     >>>>> Generator: Rule generation with beam search
2025-05-22 02:46:13 INFO     -------------------------
2025-05-22 02:46:13 INFO     | Train Final Predictor+
2025-05-22 02:46:13 INFO     -------------------------
2025-05-22 02:46:13 INFO     Predictor+: read 18420 rules from list.
2025-05-22 02:46:13 INFO     Preprocess training set
2025-05-22 02:46:13 INFO     -------------------------
2025-05-22 02:46:13 INFO     | Iteration: 1/5
2025-05-22 02:46:13 INFO     -------------------------
2025-05-22 02:46:13 INFO     >>>>> Predictor: Training
2025-05-22 02:52:27 INFO     1000 12313 4.694362 69314.6
2025-05-22 02:58:39 INFO     2000 12313 4.497194 69366.7
2025-05-22 03:04:59 INFO     3000 12313 4.453450 69279.9
2025-05-22 03:11:12 INFO     4000 12313 4.449361 69340.6
2025-05-22 03:17:25 INFO     5000 12313 4.486649 69236.6
2025-05-22 03:23:37 INFO     6000 12313 4.445236 69366.7
2025-05-22 03:29:50 INFO     7000 12313 4.427998 69323.3
2025-05-22 03:36:03 INFO     8000 12313 4.467906 69349.3
2025-05-22 03:42:16 INFO     9000 12313 4.430037 69384.0
2025-05-22 03:48:30 INFO     10000 12313 4.421680 69384.0
2025-05-22 03:54:43 INFO     11000 12313 4.444202 69288.6
2025-05-22 04:00:56 INFO     12000 12313 4.451851 69366.7
2025-05-22 04:02:53 INFO     >>>>> Predictor: Evaluating on valid
2025-05-22 04:05:33 INFO     Data : 3823
2025-05-22 04:05:33 INFO     Hit1 : 0.076118
2025-05-22 04:05:33 INFO     Hit3 : 0.160607
2025-05-22 04:05:33 INFO     Hit10: 0.298457
2025-05-22 04:05:33 INFO     MR   : 609.760921
2025-05-22 04:05:33 INFO     MRR  : 0.148269
2025-05-22 04:05:33 INFO     >>>>> Predictor: Evaluating on test
2025-05-22 04:08:43 INFO     Data : 4402
2025-05-22 04:08:43 INFO     Hit1 : 0.108587
2025-05-22 04:08:43 INFO     Hit3 : 0.189914
2025-05-22 04:08:43 INFO     Hit10: 0.318946
2025-05-22 04:08:43 INFO     MR   : 591.892095
2025-05-22 04:08:43 INFO     MRR  : 0.177374
2025-05-22 04:08:43 INFO     Save checkpoint to results/semmeddb/multitask/full/schedule/predictor.pt
2025-05-22 04:08:43 INFO     -------------------------
2025-05-22 04:08:43 INFO     | Iteration: 2/5
2025-05-22 04:08:43 INFO     -------------------------
2025-05-22 04:08:43 INFO     >>>>> Predictor: Training
2025-05-22 04:15:07 INFO     1000 12313 4.388706 69384.0
2025-05-22 04:21:31 INFO     2000 12313 4.385917 69384.0
2025-05-22 04:27:53 INFO     3000 12313 4.397566 69340.6
2025-05-22 04:34:12 INFO     4000 12313 4.400109 69305.9
2025-05-22 04:40:31 INFO     5000 12313 4.409928 69340.6
2025-05-22 04:46:50 INFO     6000 12313 4.413438 69297.3
2025-05-22 04:53:09 INFO     7000 12313 4.397731 69323.3
2025-05-22 04:59:27 INFO     8000 12313 4.418656 69366.7
2025-05-22 05:05:42 INFO     9000 12313 4.394851 69297.3
2025-05-22 05:11:56 INFO     10000 12313 4.407750 69366.7
2025-05-22 05:18:11 INFO     11000 12313 4.416674 69314.6
2025-05-22 05:24:24 INFO     12000 12313 4.423198 69279.9
2025-05-22 05:26:21 INFO     >>>>> Predictor: Evaluating on valid
2025-05-22 05:29:01 INFO     Data : 3823
2025-05-22 05:29:01 INFO     Hit1 : 0.078472
2025-05-22 05:29:01 INFO     Hit3 : 0.156160
2025-05-22 05:29:01 INFO     Hit10: 0.300288
2025-05-22 05:29:01 INFO     MR   : 593.404525
2025-05-22 05:29:01 INFO     MRR  : 0.148861
2025-05-22 05:29:01 INFO     >>>>> Predictor: Evaluating on test
2025-05-22 05:32:06 INFO     Data : 4402
2025-05-22 05:32:06 INFO     Hit1 : 0.109723
2025-05-22 05:32:06 INFO     Hit3 : 0.191050
2025-05-22 05:32:06 INFO     Hit10: 0.318719
2025-05-22 05:32:06 INFO     MR   : 575.345525
2025-05-22 05:32:06 INFO     MRR  : 0.178110
2025-05-22 05:32:06 INFO     Save checkpoint to results/semmeddb/multitask/full/schedule/predictor.pt
2025-05-22 05:32:06 INFO     -------------------------
2025-05-22 05:32:06 INFO     | Iteration: 3/5
2025-05-22 05:32:06 INFO     -------------------------
2025-05-22 05:32:06 INFO     >>>>> Predictor: Training
2025-05-22 05:38:20 INFO     1000 12313 4.390557 69262.6
2025-05-22 05:44:34 INFO     2000 12313 4.373025 69384.0
2025-05-22 05:50:48 INFO     3000 12313 4.353134 69262.6
2025-05-22 05:57:02 INFO     4000 12313 4.397960 69323.3
2025-05-22 06:03:17 INFO     5000 12313 4.364534 69366.7
2025-05-22 06:09:31 INFO     6000 12313 4.384648 69323.3
2025-05-22 06:15:46 INFO     7000 12313 4.393926 69366.7
2025-05-22 06:22:00 INFO     8000 12313 4.404084 69384.0
2025-05-22 06:28:14 INFO     9000 12313 4.384467 69349.3
2025-05-22 06:34:28 INFO     10000 12313 4.408049 69314.6
2025-05-22 06:40:41 INFO     11000 12313 4.365745 69349.3
2025-05-22 06:46:55 INFO     12000 12313 4.403133 69314.6
2025-05-22 06:48:52 INFO     >>>>> Predictor: Evaluating on valid
2025-05-22 06:51:32 INFO     Data : 3823
2025-05-22 06:51:32 INFO     Hit1 : 0.079519
2025-05-22 06:51:32 INFO     Hit3 : 0.160868
2025-05-22 06:51:32 INFO     Hit10: 0.301857
2025-05-22 06:51:32 INFO     MR   : 586.658907
2025-05-22 06:51:32 INFO     MRR  : 0.151283
2025-05-22 06:51:32 INFO     >>>>> Predictor: Evaluating on test
2025-05-22 06:54:37 INFO     Data : 4402
2025-05-22 06:54:37 INFO     Hit1 : 0.114266
2025-05-22 06:54:37 INFO     Hit3 : 0.196956
2025-05-22 06:54:37 INFO     Hit10: 0.325080
2025-05-22 06:54:37 INFO     MR   : 560.658110
2025-05-22 06:54:37 INFO     MRR  : 0.183115
2025-05-22 06:54:37 INFO     Save checkpoint to results/semmeddb/multitask/full/schedule/predictor.pt
2025-05-22 06:54:37 INFO     -------------------------
2025-05-22 06:54:37 INFO     | Iteration: 4/5
2025-05-22 06:54:37 INFO     -------------------------
2025-05-22 06:54:37 INFO     >>>>> Predictor: Training
2025-05-22 07:00:50 INFO     1000 12313 4.342016 69384.0
2025-05-22 07:07:04 INFO     2000 12313 4.364831 69340.6
2025-05-22 07:13:20 INFO     3000 12313 4.369460 69384.0
2025-05-22 07:19:35 INFO     4000 12313 4.401058 69253.9
2025-05-22 07:25:49 INFO     5000 12313 4.385625 69262.6
2025-05-22 07:32:04 INFO     6000 12313 4.398252 69340.6
2025-05-22 07:38:24 INFO     7000 12313 4.377010 69314.6
2025-05-22 07:44:43 INFO     8000 12313 4.358806 69323.3
2025-05-22 07:51:03 INFO     9000 12313 4.388179 69366.7
2025-05-22 07:57:22 INFO     10000 12313 4.362375 69349.3
2025-05-22 08:03:42 INFO     11000 12313 4.372831 69366.7
2025-05-22 08:09:58 INFO     12000 12313 4.389879 69366.7
2025-05-22 08:11:55 INFO     >>>>> Predictor: Evaluating on valid
2025-05-22 08:14:36 INFO     Data : 3823
2025-05-22 08:14:36 INFO     Hit1 : 0.075072
2025-05-22 08:14:36 INFO     Hit3 : 0.160607
2025-05-22 08:14:36 INFO     Hit10: 0.306566
2025-05-22 08:14:36 INFO     MR   : 582.047214
2025-05-22 08:14:36 INFO     MRR  : 0.149381
2025-05-22 08:14:36 INFO     >>>>> Predictor: Evaluating on test
2025-05-22 08:17:41 INFO     Data : 4402
2025-05-22 08:17:41 INFO     Hit1 : 0.117219
2025-05-22 08:17:41 INFO     Hit3 : 0.194911
2025-05-22 08:17:41 INFO     Hit10: 0.320990
2025-05-22 08:17:41 INFO     MR   : 554.379259
2025-05-22 08:17:41 INFO     MRR  : 0.183721
2025-05-22 08:17:41 INFO     -------------------------
2025-05-22 08:17:41 INFO     | Iteration: 5/5
2025-05-22 08:17:41 INFO     -------------------------
2025-05-22 08:17:41 INFO     >>>>> Predictor: Training
2025-05-22 08:23:55 INFO     1000 12313 4.343408 69323.3
2025-05-22 08:30:09 INFO     2000 12313 4.367727 69384.0
2025-05-22 08:36:23 INFO     3000 12313 4.361768 69245.2
2025-05-22 08:42:37 INFO     4000 12313 4.343123 69384.0
2025-05-22 08:48:51 INFO     5000 12313 4.389299 69366.7
2025-05-22 08:55:05 INFO     6000 12313 4.368870 69323.3
2025-05-22 09:01:20 INFO     7000 12313 4.383756 69384.0
2025-05-22 09:07:34 INFO     8000 12313 4.396406 69297.3
2025-05-22 09:13:49 INFO     9000 12313 4.372562 69384.0
2025-05-22 09:20:03 INFO     10000 12313 4.368983 69271.3
2025-05-22 09:26:18 INFO     11000 12313 4.367953 69340.6
2025-05-22 09:32:33 INFO     12000 12313 4.348002 69297.3
2025-05-22 09:34:30 INFO     >>>>> Predictor: Evaluating on valid
2025-05-22 09:37:10 INFO     Data : 3823
2025-05-22 09:37:10 INFO     Hit1 : 0.076903
2025-05-22 09:37:10 INFO     Hit3 : 0.159037
2025-05-22 09:37:10 INFO     Hit10: 0.298718
2025-05-22 09:37:10 INFO     MR   : 573.213445
2025-05-22 09:37:10 INFO     MRR  : 0.149531
2025-05-22 09:37:10 INFO     >>>>> Predictor: Evaluating on test
2025-05-22 09:40:15 INFO     Data : 4402
2025-05-22 09:40:15 INFO     Hit1 : 0.110177
2025-05-22 09:40:15 INFO     Hit3 : 0.192867
2025-05-22 09:40:15 INFO     Hit10: 0.316447
2025-05-22 09:40:15 INFO     MR   : 552.245457
2025-05-22 09:40:15 INFO     MRR  : 0.178403
2025-05-22 09:40:15 INFO     -------------------------
2025-05-22 09:40:15 INFO     | Final Test MRR: 0.183115
2025-05-22 09:40:15 INFO     -------------------------
