2025-07-22 13:15:46 INFO     is_soft_label: False
2025-07-22 13:15:46 INFO     is_scheduled_sampling: True
2025-07-22 13:15:46 INFO     is_test_mode: False
2025-07-22 13:15:46 INFO     Data loading | DONE!
2025-07-22 13:15:46 INFO     Using full datasets for training, validation, and testing.
2025-07-22 13:15:46 INFO     -------------------------
2025-07-22 13:15:46 INFO     | EM Iteration: 1/5
2025-07-22 13:15:46 INFO     -------------------------
2025-07-22 13:15:46 INFO     >>>>> Using miner's rule
2025-07-22 13:15:46 INFO     Predictor: read 13661 rules from list.
2025-07-22 13:15:47 INFO     Preprocess training set
2025-07-22 13:15:47 INFO     >>>>> Predictor: Evaluating on valid
2025-07-22 13:18:06 INFO     Data : 2077
2025-07-22 13:18:06 INFO     Hit1 : 0.065479
2025-07-22 13:18:06 INFO     Hit3 : 0.127106
2025-07-22 13:18:06 INFO     Hit10: 0.199326
2025-07-22 13:18:06 INFO     MR   : 1120.902022
2025-07-22 13:18:06 INFO     MRR  : 0.114382
2025-07-22 13:18:06 INFO     >>>>> Predictor: Evaluating on test
2025-07-22 13:20:41 INFO     Data : 2342
2025-07-22 13:20:41 INFO     Hit1 : 0.078992
2025-07-22 13:20:41 INFO     Hit3 : 0.124253
2025-07-22 13:20:41 INFO     Hit10: 0.208796
2025-07-22 13:20:41 INFO     MR   : 1044.269001
2025-07-22 13:20:41 INFO     MRR  : 0.122250
2025-07-22 13:20:41 INFO     >>>>> Predictor: Computing H scores of rules
2025-07-22 13:58:10 INFO     1000 5959
2025-07-22 14:36:04 INFO     2000 5959
2025-07-22 15:13:14 INFO     3000 5959
2025-07-22 15:50:38 INFO     4000 5959
2025-07-22 16:27:36 INFO     5000 5959
2025-07-22 17:05:43 INFO     >>>>> Generator: Training
2025-07-22 17:05:54 INFO     -------------------------
2025-07-22 17:05:54 INFO     | EM Iteration: 2/5
2025-07-22 17:05:54 INFO     -------------------------
2025-07-22 17:05:54 INFO     >>>>> Using Generator's sample rule
2025-07-22 17:05:54 INFO     >>>>> Generator: Rule generation with sampling
2025-07-22 17:05:54 INFO     Predictor: read 1910 rules from list.
2025-07-22 17:05:54 INFO     Preprocess training set
2025-07-22 17:05:54 INFO     >>>>> Predictor: Training
2025-07-22 17:07:09 INFO     1000 5959 8.782457 69314.6
2025-07-22 17:08:25 INFO     2000 5959 8.410559 69271.3
2025-07-22 17:09:51 INFO     3000 5959 8.220157 69245.2
2025-07-22 17:11:06 INFO     4000 5959 8.066903 69340.6
2025-07-22 17:12:30 INFO     5000 5959 7.944350 69340.6
2025-07-22 17:13:45 INFO     >>>>> Predictor: Evaluating on valid
2025-07-22 17:14:03 INFO     Data : 2077
2025-07-22 17:14:03 INFO     Hit1 : 0.025036
2025-07-22 17:14:03 INFO     Hit3 : 0.040924
2025-07-22 17:14:03 INFO     Hit10: 0.064516
2025-07-22 17:14:03 INFO     MR   : 1408.601348
2025-07-22 17:14:03 INFO     MRR  : 0.041208
2025-07-22 17:14:03 INFO     >>>>> Predictor: Evaluating on test
2025-07-22 17:14:24 INFO     Data : 2342
2025-07-22 17:14:24 INFO     Hit1 : 0.019641
2025-07-22 17:14:24 INFO     Hit3 : 0.031170
2025-07-22 17:14:24 INFO     Hit10: 0.058497
2025-07-22 17:14:24 INFO     MR   : 1315.137062
2025-07-22 17:14:24 INFO     MRR  : 0.035162
2025-07-22 17:14:24 INFO     >>>>> Predictor: Computing H scores of rules
2025-07-22 17:17:58 INFO     1000 5959
2025-07-22 17:21:18 INFO     2000 5959
2025-07-22 17:24:49 INFO     3000 5959
2025-07-22 17:28:21 INFO     4000 5959
2025-07-22 17:31:42 INFO     5000 5959
2025-07-22 17:34:56 INFO     >>>>> Generator: Training
2025-07-22 17:35:07 INFO     -------------------------
2025-07-22 17:35:07 INFO     | EM Iteration: 3/5
2025-07-22 17:35:07 INFO     -------------------------
2025-07-22 17:35:07 INFO     >>>>> Using Generator's sample rule
2025-07-22 17:35:07 INFO     >>>>> Generator: Rule generation with sampling
2025-07-22 17:35:07 INFO     Predictor: read 1894 rules from list.
2025-07-22 17:35:07 INFO     Preprocess training set
2025-07-22 17:35:07 INFO     >>>>> Predictor: Training
2025-07-22 17:36:25 INFO     1000 5959 8.811361 69332.0
2025-07-22 17:37:39 INFO     2000 5959 8.473597 69349.3
2025-07-22 17:39:00 INFO     3000 5959 8.262540 69184.5
2025-07-22 17:40:25 INFO     4000 5959 8.094346 69253.9
2025-07-22 17:41:41 INFO     5000 5959 8.001096 69332.0
2025-07-22 17:42:54 INFO     >>>>> Predictor: Evaluating on valid
2025-07-22 17:43:12 INFO     Data : 2077
2025-07-22 17:43:12 INFO     Hit1 : 0.010592
2025-07-22 17:43:12 INFO     Hit3 : 0.025518
2025-07-22 17:43:12 INFO     Hit10: 0.051517
2025-07-22 17:43:12 INFO     MR   : 1450.406837
2025-07-22 17:43:12 INFO     MRR  : 0.026721
2025-07-22 17:43:12 INFO     >>>>> Predictor: Evaluating on test
2025-07-22 17:43:33 INFO     Data : 2342
2025-07-22 17:43:33 INFO     Hit1 : 0.014091
2025-07-22 17:43:33 INFO     Hit3 : 0.024765
2025-07-22 17:43:33 INFO     Hit10: 0.047395
2025-07-22 17:43:33 INFO     MR   : 1339.567891
2025-07-22 17:43:33 INFO     MRR  : 0.027995
2025-07-22 17:43:33 INFO     >>>>> Predictor: Computing H scores of rules
2025-07-22 17:47:05 INFO     1000 5959
2025-07-22 17:50:26 INFO     2000 5959
2025-07-22 17:53:57 INFO     3000 5959
2025-07-22 17:57:18 INFO     4000 5959
2025-07-22 18:00:38 INFO     5000 5959
2025-07-22 18:03:53 INFO     >>>>> Generator: Training
2025-07-22 18:04:03 INFO     -------------------------
2025-07-22 18:04:03 INFO     | EM Iteration: 4/5
2025-07-22 18:04:03 INFO     -------------------------
2025-07-22 18:04:03 INFO     >>>>> Using Generator's sample rule
2025-07-22 18:04:03 INFO     >>>>> Generator: Rule generation with sampling
2025-07-22 18:04:03 INFO     Predictor: read 1923 rules from list.
2025-07-22 18:04:03 INFO     Preprocess training set
2025-07-22 18:04:03 INFO     >>>>> Predictor: Training
2025-07-22 18:05:28 INFO     1000 5959 8.795448 69271.3
2025-07-22 18:06:55 INFO     2000 5959 8.415264 69340.6
2025-07-22 18:08:11 INFO     3000 5959 8.157345 69384.0
2025-07-22 18:09:29 INFO     4000 5959 7.988755 69262.6
2025-07-22 18:10:44 INFO     5000 5959 7.849661 69332.0
2025-07-22 18:11:55 INFO     >>>>> Predictor: Evaluating on valid
2025-07-22 18:12:13 INFO     Data : 2077
2025-07-22 18:12:13 INFO     Hit1 : 0.001444
2025-07-22 18:12:13 INFO     Hit3 : 0.004333
2025-07-22 18:12:13 INFO     Hit10: 0.014444
2025-07-22 18:12:13 INFO     MR   : 1509.454502
2025-07-22 18:12:13 INFO     MRR  : 0.009340
2025-07-22 18:12:13 INFO     >>>>> Predictor: Evaluating on test
2025-07-22 18:12:34 INFO     Data : 2342
2025-07-22 18:12:34 INFO     Hit1 : 0.001281
2025-07-22 18:12:34 INFO     Hit3 : 0.008540
2025-07-22 18:12:34 INFO     Hit10: 0.017933
2025-07-22 18:12:34 INFO     MR   : 1398.881085
2025-07-22 18:12:34 INFO     MRR  : 0.010718
2025-07-22 18:12:34 INFO     >>>>> Predictor: Computing H scores of rules
2025-07-22 18:15:54 INFO     1000 5959
2025-07-22 18:19:30 INFO     2000 5959
2025-07-22 18:23:02 INFO     3000 5959
2025-07-22 18:26:22 INFO     4000 5959
2025-07-22 18:29:42 INFO     5000 5959
2025-07-22 18:33:09 INFO     >>>>> Generator: Training
2025-07-22 18:33:19 INFO     -------------------------
2025-07-22 18:33:19 INFO     | EM Iteration: 5/5
2025-07-22 18:33:19 INFO     -------------------------
2025-07-22 18:33:19 INFO     >>>>> Using Generator's sample rule
2025-07-22 18:33:19 INFO     >>>>> Generator: Rule generation with sampling
2025-07-22 18:33:19 INFO     Predictor: read 1940 rules from list.
2025-07-22 18:33:19 INFO     Preprocess training set
2025-07-22 18:33:19 INFO     >>>>> Predictor: Training
2025-07-22 18:34:34 INFO     1000 5959 8.820225 69332.0
2025-07-22 18:35:49 INFO     2000 5959 8.474214 69349.3
2025-07-22 18:37:07 INFO     3000 5959 8.251743 69340.6
2025-07-22 18:38:34 INFO     4000 5959 8.111076 69297.3
2025-07-22 18:39:49 INFO     5000 5959 7.963352 69219.2
2025-07-22 18:41:04 INFO     >>>>> Predictor: Evaluating on valid
2025-07-22 18:41:25 INFO     Data : 2077
2025-07-22 18:41:25 INFO     Hit1 : 0.013000
2025-07-22 18:41:25 INFO     Hit3 : 0.022147
2025-07-22 18:41:25 INFO     Hit10: 0.033702
2025-07-22 18:41:25 INFO     MR   : 1536.172364
2025-07-22 18:41:25 INFO     MRR  : 0.023873
2025-07-22 18:41:25 INFO     >>>>> Predictor: Evaluating on test
2025-07-22 18:41:46 INFO     Data : 2342
2025-07-22 18:41:46 INFO     Hit1 : 0.009821
2025-07-22 18:41:46 INFO     Hit3 : 0.017506
2025-07-22 18:41:46 INFO     Hit10: 0.032024
2025-07-22 18:41:46 INFO     MR   : 1412.519214
2025-07-22 18:41:46 INFO     MRR  : 0.020036
2025-07-22 18:41:46 INFO     >>>>> Predictor: Computing H scores of rules
2025-07-22 18:45:06 INFO     1000 5959
2025-07-22 18:48:26 INFO     2000 5959
2025-07-22 18:51:48 INFO     3000 5959
2025-07-22 18:55:21 INFO     4000 5959
2025-07-22 18:58:53 INFO     5000 5959
2025-07-22 19:02:08 INFO     >>>>> Generator: Training
2025-07-22 19:02:18 INFO     -------------------------
2025-07-22 19:02:18 INFO     | Post-train Generator
2025-07-22 19:02:18 INFO     -------------------------
2025-07-22 19:02:19 INFO     >>>>> Generator: Training
2025-07-22 19:04:00 INFO     [E01000] Total 28.581177 | Main 5.661041 | RelClus 6.196578 | EntType 33.162837
2025-07-22 19:04:00 INFO     -------------------------
2025-07-22 19:04:00 INFO     | Beam Search Best Rules
2025-07-22 19:04:00 INFO     -------------------------
2025-07-22 19:04:00 INFO     >>>>> Generator: Rule generation with beam search
2025-07-22 19:04:01 INFO     >>>>> Generator: Rule generation with beam search
2025-07-22 19:04:07 INFO     >>>>> Generator: Rule generation with beam search
2025-07-22 19:05:26 INFO     >>>>> Generator: Rule generation with beam search
2025-07-22 19:06:31 INFO     >>>>> Generator: Rule generation with beam search
2025-07-22 19:07:15 INFO     -------------------------
2025-07-22 19:07:15 INFO     | Train Final Predictor+
2025-07-22 19:07:15 INFO     -------------------------
2025-07-22 19:07:16 INFO     Predictor+: read 18420 rules from list.
2025-07-22 19:07:16 INFO     Preprocess training set
2025-07-22 19:07:16 INFO     -------------------------
2025-07-22 19:07:16 INFO     | Iteration: 1/5
2025-07-22 19:07:16 INFO     -------------------------
2025-07-22 19:07:16 INFO     >>>>> Predictor: Training
2025-07-22 19:13:26 INFO     1000 5959 5.258623 69271.3
2025-07-22 19:19:30 INFO     2000 5959 5.141267 69332.0
2025-07-22 19:25:36 INFO     3000 5959 5.107817 69375.3
2025-07-22 19:31:47 INFO     4000 5959 5.092092 69279.9
2025-07-22 19:38:10 INFO     5000 5959 5.062860 69349.3
2025-07-22 19:44:02 INFO     >>>>> Predictor: Evaluating on valid
2025-07-22 19:45:36 INFO     Data : 2077
2025-07-22 19:45:36 INFO     Hit1 : 0.068368
2025-07-22 19:45:36 INFO     Hit3 : 0.127106
2025-07-22 19:45:36 INFO     Hit10: 0.202696
2025-07-22 19:45:36 INFO     MR   : 1229.184641
2025-07-22 19:45:36 INFO     MRR  : 0.112273
2025-07-22 19:45:36 INFO     >>>>> Predictor: Evaluating on test
2025-07-22 19:47:33 INFO     Data : 2342
2025-07-22 19:47:33 INFO     Hit1 : 0.095218
2025-07-22 19:47:33 INFO     Hit3 : 0.143894
2025-07-22 19:47:33 INFO     Hit10: 0.206234
2025-07-22 19:47:33 INFO     MR   : 1139.412681
2025-07-22 19:47:33 INFO     MRR  : 0.132712
2025-07-22 19:47:33 INFO     Save checkpoint to results/semmeddb/10_times_each/scheduled_sampling/6_20250722_131544/predictor.pt
2025-07-22 19:47:33 INFO     -------------------------
2025-07-22 19:47:33 INFO     | Iteration: 2/5
2025-07-22 19:47:33 INFO     -------------------------
2025-07-22 19:47:33 INFO     >>>>> Predictor: Training
2025-07-22 19:54:06 INFO     1000 5959 5.028037 69366.7
2025-07-22 20:00:19 INFO     2000 5959 5.049480 69375.3
2025-07-22 20:06:26 INFO     3000 5959 5.045223 69219.2
2025-07-22 20:12:33 INFO     4000 5959 5.043534 69305.9
2025-07-22 20:18:40 INFO     5000 5959 5.022945 69288.6
2025-07-22 20:24:48 INFO     >>>>> Predictor: Evaluating on valid
2025-07-22 20:26:28 INFO     Data : 2077
2025-07-22 20:26:28 INFO     Hit1 : 0.067405
2025-07-22 20:26:28 INFO     Hit3 : 0.125662
2025-07-22 20:26:28 INFO     Hit10: 0.201252
2025-07-22 20:26:28 INFO     MR   : 1199.288397
2025-07-22 20:26:28 INFO     MRR  : 0.111198
2025-07-22 20:26:28 INFO     >>>>> Predictor: Evaluating on test
2025-07-22 20:28:10 INFO     Data : 2342
2025-07-22 20:28:10 INFO     Hit1 : 0.092229
2025-07-22 20:28:10 INFO     Hit3 : 0.140478
2025-07-22 20:28:10 INFO     Hit10: 0.201537
2025-07-22 20:28:10 INFO     MR   : 1109.392400
2025-07-22 20:28:10 INFO     MRR  : 0.129287
2025-07-22 20:28:10 INFO     -------------------------
2025-07-22 20:28:10 INFO     | Iteration: 3/5
2025-07-22 20:28:10 INFO     -------------------------
2025-07-22 20:28:10 INFO     >>>>> Predictor: Training
2025-07-22 20:34:20 INFO     1000 5959 5.027114 69288.6
2025-07-22 20:40:27 INFO     2000 5959 5.033442 69288.6
2025-07-22 20:46:30 INFO     3000 5959 5.014901 69340.6
2025-07-22 20:52:48 INFO     4000 5959 5.023277 69271.3
2025-07-22 20:58:58 INFO     5000 5959 5.049010 69219.2
2025-07-22 21:05:01 INFO     >>>>> Predictor: Evaluating on valid
2025-07-22 21:06:35 INFO     Data : 2077
2025-07-22 21:06:35 INFO     Hit1 : 0.067405
2025-07-22 21:06:35 INFO     Hit3 : 0.131440
2025-07-22 21:06:35 INFO     Hit10: 0.203659
2025-07-22 21:06:35 INFO     MR   : 1188.253731
2025-07-22 21:06:35 INFO     MRR  : 0.112917
2025-07-22 21:06:35 INFO     >>>>> Predictor: Evaluating on test
2025-07-22 21:08:19 INFO     Data : 2342
2025-07-22 21:08:19 INFO     Hit1 : 0.095645
2025-07-22 21:08:19 INFO     Hit3 : 0.146456
2025-07-22 21:08:19 INFO     Hit10: 0.205380
2025-07-22 21:08:19 INFO     MR   : 1091.821947
2025-07-22 21:08:19 INFO     MRR  : 0.133543
2025-07-22 21:08:19 INFO     Save checkpoint to results/semmeddb/10_times_each/scheduled_sampling/6_20250722_131544/predictor.pt
2025-07-22 21:08:19 INFO     -------------------------
2025-07-22 21:08:19 INFO     | Iteration: 4/5
2025-07-22 21:08:19 INFO     -------------------------
2025-07-22 21:08:19 INFO     >>>>> Predictor: Training
2025-07-22 21:14:38 INFO     1000 5959 4.997267 69340.6
2025-07-22 21:20:59 INFO     2000 5959 4.986037 69184.5
2025-07-22 21:27:12 INFO     3000 5959 5.072116 69253.9
2025-07-22 21:33:26 INFO     4000 5959 5.022132 69340.6
2025-07-22 21:39:36 INFO     5000 5959 5.016005 69384.0
2025-07-22 21:45:26 INFO     >>>>> Predictor: Evaluating on valid
2025-07-22 21:46:57 INFO     Data : 2077
2025-07-22 21:46:57 INFO     Hit1 : 0.067886
2025-07-22 21:46:57 INFO     Hit3 : 0.128551
2025-07-22 21:46:57 INFO     Hit10: 0.202215
2025-07-22 21:46:57 INFO     MR   : 1186.731103
2025-07-22 21:46:57 INFO     MRR  : 0.111935
2025-07-22 21:46:57 INFO     >>>>> Predictor: Evaluating on test
2025-07-22 21:48:39 INFO     Data : 2342
2025-07-22 21:48:39 INFO     Hit1 : 0.094791
2025-07-22 21:48:39 INFO     Hit3 : 0.146456
2025-07-22 21:48:39 INFO     Hit10: 0.206661
2025-07-22 21:48:39 INFO     MR   : 1099.135568
2025-07-22 21:48:39 INFO     MRR  : 0.132710
2025-07-22 21:48:39 INFO     -------------------------
2025-07-22 21:48:39 INFO     | Iteration: 5/5
2025-07-22 21:48:39 INFO     -------------------------
2025-07-22 21:48:39 INFO     >>>>> Predictor: Training
2025-07-22 21:54:52 INFO     1000 5959 5.024909 69323.3
2025-07-22 22:01:13 INFO     2000 5959 5.022975 69332.0
2025-07-22 22:07:17 INFO     3000 5959 5.041713 69219.2
2025-07-22 22:13:23 INFO     4000 5959 5.007569 69297.3
2025-07-22 22:19:27 INFO     5000 5959 4.988797 69332.0
2025-07-22 22:25:11 INFO     >>>>> Predictor: Evaluating on valid
2025-07-22 22:26:41 INFO     Data : 2077
2025-07-22 22:26:41 INFO     Hit1 : 0.070775
2025-07-22 22:26:41 INFO     Hit3 : 0.124218
2025-07-22 22:26:41 INFO     Hit10: 0.201252
2025-07-22 22:26:41 INFO     MR   : 1178.890948
2025-07-22 22:26:41 INFO     MRR  : 0.112511
2025-07-22 22:26:41 INFO     >>>>> Predictor: Evaluating on test
2025-07-22 22:28:21 INFO     Data : 2342
2025-07-22 22:28:21 INFO     Hit1 : 0.093937
2025-07-22 22:28:21 INFO     Hit3 : 0.145602
2025-07-22 22:28:21 INFO     Hit10: 0.206661
2025-07-22 22:28:21 INFO     MR   : 1087.481426
2025-07-22 22:28:21 INFO     MRR  : 0.132307
2025-07-22 22:28:21 INFO     -------------------------
2025-07-22 22:28:21 INFO     | Final Test MRR: 0.133543
2025-07-22 22:28:21 INFO     -------------------------
