2025-07-09 06:38:03 INFO     is_soft_label: False
2025-07-09 06:38:03 INFO     is_scheduled_sampling: False
2025-07-09 06:38:03 INFO     is_test_mode: False
2025-07-09 06:38:04 INFO     Data loading | DONE!
2025-07-09 06:38:04 INFO     Using full datasets for training, validation, and testing.
2025-07-09 06:38:07 INFO     -------------------------
2025-07-09 06:38:07 INFO     | EM Iteration: 1/5
2025-07-09 06:38:07 INFO     -------------------------
2025-07-09 06:38:07 INFO     >>>>> Using miner's rule
2025-07-09 06:38:07 INFO     Predictor: read 13661 rules from list.
2025-07-09 06:38:09 INFO     Preprocess training set
2025-07-09 06:38:09 INFO     >>>>> Predictor: Evaluating on valid
2025-07-09 06:40:37 INFO     Data : 2077
2025-07-09 06:40:37 INFO     Hit1 : 0.065479
2025-07-09 06:40:37 INFO     Hit3 : 0.127106
2025-07-09 06:40:37 INFO     Hit10: 0.199326
2025-07-09 06:40:37 INFO     MR   : 1120.902022
2025-07-09 06:40:37 INFO     MRR  : 0.114382
2025-07-09 06:40:37 INFO     >>>>> Predictor: Evaluating on test
2025-07-09 06:43:20 INFO     Data : 2342
2025-07-09 06:43:20 INFO     Hit1 : 0.078992
2025-07-09 06:43:20 INFO     Hit3 : 0.124253
2025-07-09 06:43:20 INFO     Hit10: 0.208796
2025-07-09 06:43:20 INFO     MR   : 1044.269001
2025-07-09 06:43:20 INFO     MRR  : 0.122250
2025-07-09 06:43:20 INFO     >>>>> Predictor: Computing H scores of rules
2025-07-09 07:19:36 INFO     1000 5959
2025-07-09 07:56:17 INFO     2000 5959
2025-07-09 08:32:40 INFO     3000 5959
2025-07-09 09:09:34 INFO     4000 5959
2025-07-09 09:46:09 INFO     5000 5959
2025-07-09 10:23:38 INFO     >>>>> Generator: Training
2025-07-09 10:23:49 INFO     -------------------------
2025-07-09 10:23:49 INFO     | EM Iteration: 2/5
2025-07-09 10:23:49 INFO     -------------------------
2025-07-09 10:23:49 INFO     >>>>> Using Generator's sample rule
2025-07-09 10:23:49 INFO     >>>>> Generator: Rule generation with sampling
2025-07-09 10:23:50 INFO     Predictor: read 1910 rules from list.
2025-07-09 10:23:50 INFO     Preprocess training set
2025-07-09 10:23:50 INFO     >>>>> Predictor: Training
2025-07-09 10:25:02 INFO     1000 5959 8.778157 69314.6
2025-07-09 10:26:16 INFO     2000 5959 8.373362 69271.3
2025-07-09 10:27:29 INFO     3000 5959 8.155292 69245.2
2025-07-09 10:28:42 INFO     4000 5959 7.971729 69340.6
2025-07-09 10:29:56 INFO     5000 5959 7.795274 69340.6
2025-07-09 10:31:06 INFO     >>>>> Predictor: Evaluating on valid
2025-07-09 10:31:24 INFO     Data : 2077
2025-07-09 10:31:24 INFO     Hit1 : 0.018296
2025-07-09 10:31:24 INFO     Hit3 : 0.033221
2025-07-09 10:31:24 INFO     Hit10: 0.058257
2025-07-09 10:31:24 INFO     MR   : 1436.136013
2025-07-09 10:31:24 INFO     MRR  : 0.034028
2025-07-09 10:31:24 INFO     >>>>> Predictor: Evaluating on test
2025-07-09 10:31:44 INFO     Data : 2342
2025-07-09 10:31:44 INFO     Hit1 : 0.017079
2025-07-09 10:31:44 INFO     Hit3 : 0.033305
2025-07-09 10:31:44 INFO     Hit10: 0.060205
2025-07-09 10:31:44 INFO     MR   : 1332.858668
2025-07-09 10:31:44 INFO     MRR  : 0.034068
2025-07-09 10:31:44 INFO     >>>>> Predictor: Computing H scores of rules
2025-07-09 10:35:07 INFO     1000 5959
2025-07-09 10:38:31 INFO     2000 5959
2025-07-09 10:41:54 INFO     3000 5959
2025-07-09 10:45:16 INFO     4000 5959
2025-07-09 10:48:40 INFO     5000 5959
2025-07-09 10:51:58 INFO     >>>>> Generator: Training
2025-07-09 10:52:08 INFO     -------------------------
2025-07-09 10:52:08 INFO     | EM Iteration: 3/5
2025-07-09 10:52:08 INFO     -------------------------
2025-07-09 10:52:08 INFO     >>>>> Using Generator's sample rule
2025-07-09 10:52:08 INFO     >>>>> Generator: Rule generation with sampling
2025-07-09 10:52:08 INFO     Predictor: read 1911 rules from list.
2025-07-09 10:52:08 INFO     Preprocess training set
2025-07-09 10:52:08 INFO     >>>>> Predictor: Training
2025-07-09 10:53:21 INFO     1000 5959 8.801265 69332.0
2025-07-09 10:54:32 INFO     2000 5959 8.440395 69349.3
2025-07-09 10:55:43 INFO     3000 5959 8.212881 69184.5
2025-07-09 10:56:55 INFO     4000 5959 8.007957 69253.9
2025-07-09 10:58:06 INFO     5000 5959 7.911519 69332.0
2025-07-09 10:59:15 INFO     >>>>> Predictor: Evaluating on valid
2025-07-09 10:59:34 INFO     Data : 2077
2025-07-09 10:59:34 INFO     Hit1 : 0.013962
2025-07-09 10:59:34 INFO     Hit3 : 0.021666
2025-07-09 10:59:34 INFO     Hit10: 0.033221
2025-07-09 10:59:34 INFO     MR   : 1494.689215
2025-07-09 10:59:34 INFO     MRR  : 0.023842
2025-07-09 10:59:34 INFO     >>>>> Predictor: Evaluating on test
2025-07-09 10:59:55 INFO     Data : 2342
2025-07-09 10:59:55 INFO     Hit1 : 0.013664
2025-07-09 10:59:55 INFO     Hit3 : 0.019641
2025-07-09 10:59:55 INFO     Hit10: 0.028181
2025-07-09 10:59:55 INFO     MR   : 1378.732494
2025-07-09 10:59:55 INFO     MRR  : 0.022659
2025-07-09 10:59:55 INFO     >>>>> Predictor: Computing H scores of rules
2025-07-09 11:03:18 INFO     1000 5959
2025-07-09 11:06:41 INFO     2000 5959
2025-07-09 11:10:00 INFO     3000 5959
2025-07-09 11:13:16 INFO     4000 5959
2025-07-09 11:16:31 INFO     5000 5959
2025-07-09 11:19:40 INFO     >>>>> Generator: Training
2025-07-09 11:19:48 INFO     -------------------------
2025-07-09 11:19:48 INFO     | EM Iteration: 4/5
2025-07-09 11:19:48 INFO     -------------------------
2025-07-09 11:19:48 INFO     >>>>> Using Generator's sample rule
2025-07-09 11:19:48 INFO     >>>>> Generator: Rule generation with sampling
2025-07-09 11:19:48 INFO     Predictor: read 1928 rules from list.
2025-07-09 11:19:48 INFO     Preprocess training set
2025-07-09 11:19:48 INFO     >>>>> Predictor: Training
2025-07-09 11:20:57 INFO     1000 5959 8.787526 69271.3
2025-07-09 11:22:05 INFO     2000 5959 8.406225 69340.6
2025-07-09 11:23:14 INFO     3000 5959 8.140257 69384.0
2025-07-09 11:24:21 INFO     4000 5959 7.958239 69262.6
2025-07-09 11:25:29 INFO     5000 5959 7.799243 69332.0
2025-07-09 11:26:36 INFO     >>>>> Predictor: Evaluating on valid
2025-07-09 11:26:52 INFO     Data : 2077
2025-07-09 11:26:52 INFO     Hit1 : 0.010592
2025-07-09 11:26:52 INFO     Hit3 : 0.025036
2025-07-09 11:26:52 INFO     Hit10: 0.046702
2025-07-09 11:26:52 INFO     MR   : 1480.435243
2025-07-09 11:26:52 INFO     MRR  : 0.025936
2025-07-09 11:26:52 INFO     >>>>> Predictor: Evaluating on test
2025-07-09 11:27:09 INFO     Data : 2342
2025-07-09 11:27:09 INFO     Hit1 : 0.008967
2025-07-09 11:27:09 INFO     Hit3 : 0.020495
2025-07-09 11:27:09 INFO     Hit10: 0.041418
2025-07-09 11:27:09 INFO     MR   : 1366.691716
2025-07-09 11:27:09 INFO     MRR  : 0.023178
2025-07-09 11:27:09 INFO     >>>>> Predictor: Computing H scores of rules
2025-07-09 11:30:26 INFO     1000 5959
2025-07-09 11:33:41 INFO     2000 5959
2025-07-09 11:36:56 INFO     3000 5959
2025-07-09 11:40:12 INFO     4000 5959
2025-07-09 11:43:27 INFO     5000 5959
2025-07-09 11:46:40 INFO     >>>>> Generator: Training
2025-07-09 11:46:49 INFO     -------------------------
2025-07-09 11:46:49 INFO     | EM Iteration: 5/5
2025-07-09 11:46:49 INFO     -------------------------
2025-07-09 11:46:49 INFO     >>>>> Using Generator's sample rule
2025-07-09 11:46:49 INFO     >>>>> Generator: Rule generation with sampling
2025-07-09 11:46:49 INFO     Predictor: read 1954 rules from list.
2025-07-09 11:46:49 INFO     Preprocess training set
2025-07-09 11:46:49 INFO     >>>>> Predictor: Training
2025-07-09 11:48:03 INFO     1000 5959 8.823308 69332.0
2025-07-09 11:49:17 INFO     2000 5959 8.494090 69349.3
2025-07-09 11:50:32 INFO     3000 5959 8.288943 69340.6
2025-07-09 11:51:48 INFO     4000 5959 8.136858 69297.3
2025-07-09 11:53:03 INFO     5000 5959 8.034986 69219.2
2025-07-09 11:54:12 INFO     >>>>> Predictor: Evaluating on valid
2025-07-09 11:54:28 INFO     Data : 2077
2025-07-09 11:54:28 INFO     Hit1 : 0.024073
2025-07-09 11:54:28 INFO     Hit3 : 0.051035
2025-07-09 11:54:28 INFO     Hit10: 0.077997
2025-07-09 11:54:28 INFO     MR   : 1449.804526
2025-07-09 11:54:28 INFO     MRR  : 0.046191
2025-07-09 11:54:28 INFO     >>>>> Predictor: Evaluating on test
2025-07-09 11:54:47 INFO     Data : 2342
2025-07-09 11:54:47 INFO     Hit1 : 0.029035
2025-07-09 11:54:47 INFO     Hit3 : 0.052092
2025-07-09 11:54:47 INFO     Hit10: 0.077711
2025-07-09 11:54:47 INFO     MR   : 1350.263023
2025-07-09 11:54:47 INFO     MRR  : 0.049494
2025-07-09 11:54:47 INFO     >>>>> Predictor: Computing H scores of rules
2025-07-09 11:58:08 INFO     1000 5959
2025-07-09 12:01:31 INFO     2000 5959
2025-07-09 12:04:52 INFO     3000 5959
2025-07-09 12:08:14 INFO     4000 5959
2025-07-09 12:11:36 INFO     5000 5959
2025-07-09 12:14:52 INFO     >>>>> Generator: Training
2025-07-09 12:15:00 INFO     -------------------------
2025-07-09 12:15:00 INFO     | Post-train Generator
2025-07-09 12:15:00 INFO     -------------------------
2025-07-09 12:15:01 INFO     >>>>> Generator: Training
2025-07-09 12:16:24 INFO     [E01000] Total 2.969022 | Main 2.887865 | RelClus 1.704564 | EntType 2.848607
2025-07-09 12:16:24 INFO     -------------------------
2025-07-09 12:16:24 INFO     | Beam Search Best Rules
2025-07-09 12:16:24 INFO     -------------------------
2025-07-09 12:16:24 INFO     >>>>> Generator: Rule generation with beam search
2025-07-09 12:16:25 INFO     >>>>> Generator: Rule generation with beam search
2025-07-09 12:16:31 INFO     >>>>> Generator: Rule generation with beam search
2025-07-09 12:17:53 INFO     >>>>> Generator: Rule generation with beam search
2025-07-09 12:19:01 INFO     >>>>> Generator: Rule generation with beam search
2025-07-09 12:19:48 INFO     -------------------------
2025-07-09 12:19:48 INFO     | Train Final Predictor+
2025-07-09 12:19:48 INFO     -------------------------
2025-07-09 12:19:48 INFO     Predictor+: read 18420 rules from list.
2025-07-09 12:19:48 INFO     Preprocess training set
2025-07-09 12:19:48 INFO     -------------------------
2025-07-09 12:19:48 INFO     | Iteration: 1/5
2025-07-09 12:19:48 INFO     -------------------------
2025-07-09 12:19:48 INFO     >>>>> Predictor: Training
2025-07-09 12:25:18 INFO     1000 5959 4.896906 69271.3
2025-07-09 12:30:49 INFO     2000 5959 4.725650 69332.0
2025-07-09 12:36:21 INFO     3000 5959 4.706673 69375.3
2025-07-09 12:41:49 INFO     4000 5959 4.710731 69279.9
2025-07-09 12:47:20 INFO     5000 5959 4.679164 69349.3
2025-07-09 12:52:36 INFO     >>>>> Predictor: Evaluating on valid
2025-07-09 12:53:57 INFO     Data : 2077
2025-07-09 12:53:57 INFO     Hit1 : 0.100626
2025-07-09 12:53:57 INFO     Hit3 : 0.183438
2025-07-09 12:53:57 INFO     Hit10: 0.311026
2025-07-09 12:53:57 INFO     MR   : 985.467020
2025-07-09 12:53:57 INFO     MRR  : 0.167849
2025-07-09 12:53:57 INFO     >>>>> Predictor: Evaluating on test
2025-07-09 12:55:30 INFO     Data : 2342
2025-07-09 12:55:30 INFO     Hit1 : 0.125534
2025-07-09 12:55:30 INFO     Hit3 : 0.202391
2025-07-09 12:55:30 INFO     Hit10: 0.312980
2025-07-09 12:55:30 INFO     MR   : 920.037361
2025-07-09 12:55:30 INFO     MRR  : 0.187751
2025-07-09 12:55:30 INFO     Save checkpoint to results/semmeddb/10_times_each/cluster_k/3_20250709_063801/predictor.pt
2025-07-09 12:55:30 INFO     -------------------------
2025-07-09 12:55:30 INFO     | Iteration: 2/5
2025-07-09 12:55:30 INFO     -------------------------
2025-07-09 12:55:30 INFO     >>>>> Predictor: Training
2025-07-09 13:01:02 INFO     1000 5959 4.601378 69366.7
2025-07-09 13:06:32 INFO     2000 5959 4.650268 69375.3
2025-07-09 13:12:02 INFO     3000 5959 4.639743 69219.2
2025-07-09 13:17:30 INFO     4000 5959 4.652869 69305.9
2025-07-09 13:22:45 INFO     5000 5959 4.615788 69288.6
2025-07-09 13:27:43 INFO     >>>>> Predictor: Evaluating on valid
2025-07-09 13:29:01 INFO     Data : 2077
2025-07-09 13:29:01 INFO     Hit1 : 0.099663
2025-07-09 13:29:01 INFO     Hit3 : 0.191623
2025-07-09 13:29:01 INFO     Hit10: 0.318729
2025-07-09 13:29:01 INFO     MR   : 948.197400
2025-07-09 13:29:01 INFO     MRR  : 0.169193
2025-07-09 13:29:01 INFO     >>>>> Predictor: Evaluating on test
2025-07-09 13:30:27 INFO     Data : 2342
2025-07-09 13:30:27 INFO     Hit1 : 0.128950
2025-07-09 13:30:27 INFO     Hit3 : 0.212639
2025-07-09 13:30:27 INFO     Hit10: 0.319812
2025-07-09 13:30:27 INFO     MR   : 883.791418
2025-07-09 13:30:27 INFO     MRR  : 0.193476
2025-07-09 13:30:27 INFO     Save checkpoint to results/semmeddb/10_times_each/cluster_k/3_20250709_063801/predictor.pt
2025-07-09 13:30:27 INFO     -------------------------
2025-07-09 13:30:27 INFO     | Iteration: 3/5
2025-07-09 13:30:27 INFO     -------------------------
2025-07-09 13:30:27 INFO     >>>>> Predictor: Training
2025-07-09 13:35:36 INFO     1000 5959 4.616339 69288.6
2025-07-09 13:40:51 INFO     2000 5959 4.617109 69288.6
2025-07-09 13:46:07 INFO     3000 5959 4.606285 69340.6
2025-07-09 13:51:22 INFO     4000 5959 4.614457 69271.3
2025-07-09 13:56:35 INFO     5000 5959 4.636823 69219.2
2025-07-09 14:01:37 INFO     >>>>> Predictor: Evaluating on valid
2025-07-09 14:02:54 INFO     Data : 2077
2025-07-09 14:02:54 INFO     Hit1 : 0.089071
2025-07-09 14:02:54 INFO     Hit3 : 0.178142
2025-07-09 14:02:54 INFO     Hit10: 0.296100
2025-07-09 14:02:54 INFO     MR   : 937.758546
2025-07-09 14:02:54 INFO     MRR  : 0.159088
2025-07-09 14:02:54 INFO     >>>>> Predictor: Evaluating on test
2025-07-09 14:04:22 INFO     Data : 2342
2025-07-09 14:04:22 INFO     Hit1 : 0.112297
2025-07-09 14:04:22 INFO     Hit3 : 0.199402
2025-07-09 14:04:22 INFO     Hit10: 0.313834
2025-07-09 14:04:22 INFO     MR   : 866.176345
2025-07-09 14:04:22 INFO     MRR  : 0.178230
2025-07-09 14:04:22 INFO     -------------------------
2025-07-09 14:04:22 INFO     | Iteration: 4/5
2025-07-09 14:04:22 INFO     -------------------------
2025-07-09 14:04:22 INFO     >>>>> Predictor: Training
2025-07-09 14:09:40 INFO     1000 5959 4.592857 69340.6
2025-07-09 14:14:57 INFO     2000 5959 4.562347 69184.5
2025-07-09 14:20:14 INFO     3000 5959 4.624514 69253.9
2025-07-09 14:25:29 INFO     4000 5959 4.599359 69340.6
2025-07-09 14:30:42 INFO     5000 5959 4.597725 69384.0
2025-07-09 14:35:42 INFO     >>>>> Predictor: Evaluating on valid
2025-07-09 14:37:00 INFO     Data : 2077
2025-07-09 14:37:00 INFO     Hit1 : 0.093885
2025-07-09 14:37:00 INFO     Hit3 : 0.182956
2025-07-09 14:37:00 INFO     Hit10: 0.316803
2025-07-09 14:37:00 INFO     MR   : 930.374338
2025-07-09 14:37:00 INFO     MRR  : 0.165535
2025-07-09 14:37:00 INFO     >>>>> Predictor: Evaluating on test
2025-07-09 14:38:28 INFO     Data : 2342
2025-07-09 14:38:28 INFO     Hit1 : 0.128523
2025-07-09 14:38:28 INFO     Hit3 : 0.213066
2025-07-09 14:38:28 INFO     Hit10: 0.318104
2025-07-09 14:38:28 INFO     MR   : 859.833476
2025-07-09 14:38:28 INFO     MRR  : 0.192572
2025-07-09 14:38:28 INFO     -------------------------
2025-07-09 14:38:28 INFO     | Iteration: 5/5
2025-07-09 14:38:28 INFO     -------------------------
2025-07-09 14:38:28 INFO     >>>>> Predictor: Training
2025-07-09 14:43:40 INFO     1000 5959 4.603562 69323.3
2025-07-09 14:48:52 INFO     2000 5959 4.583648 69332.0
2025-07-09 14:54:05 INFO     3000 5959 4.612977 69219.2
2025-07-09 14:59:16 INFO     4000 5959 4.609542 69297.3
2025-07-09 15:04:29 INFO     5000 5959 4.573574 69332.0
2025-07-09 15:09:34 INFO     >>>>> Predictor: Evaluating on valid
2025-07-09 15:10:51 INFO     Data : 2077
2025-07-09 15:10:51 INFO     Hit1 : 0.092922
2025-07-09 15:10:51 INFO     Hit3 : 0.179586
2025-07-09 15:10:51 INFO     Hit10: 0.310544
2025-07-09 15:10:51 INFO     MR   : 921.202215
2025-07-09 15:10:51 INFO     MRR  : 0.163505
2025-07-09 15:10:51 INFO     >>>>> Predictor: Evaluating on test
2025-07-09 15:12:18 INFO     Data : 2342
2025-07-09 15:12:18 INFO     Hit1 : 0.125107
2025-07-09 15:12:18 INFO     Hit3 : 0.207942
2025-07-09 15:12:18 INFO     Hit10: 0.318531
2025-07-09 15:12:18 INFO     MR   : 852.963920
2025-07-09 15:12:18 INFO     MRR  : 0.189119
2025-07-09 15:12:18 INFO     -------------------------
2025-07-09 15:12:18 INFO     | Final Test MRR: 0.193476
2025-07-09 15:12:18 INFO     -------------------------
