2025-07-18 10:44:28 INFO     Using full datasets for training, validation, and testing.
2025-07-18 10:44:28 INFO     -------------------------
2025-07-18 10:44:28 INFO     | Pre-train Generator
2025-07-18 10:44:28 INFO     -------------------------
2025-07-18 10:44:28 INFO     >>>>> Generator: Training
2025-07-18 10:44:45 INFO     1000 10000 1.640829
2025-07-18 10:45:00 INFO     2000 10000 1.555844
2025-07-18 10:45:15 INFO     3000 10000 1.544617
2025-07-18 10:45:30 INFO     4000 10000 1.539628
2025-07-18 10:45:45 INFO     5000 10000 1.541232
2025-07-18 10:46:00 INFO     6000 10000 1.537140
2025-07-18 10:46:15 INFO     7000 10000 1.535005
2025-07-18 10:46:30 INFO     8000 10000 1.534639
2025-07-18 10:46:46 INFO     9000 10000 1.533593
2025-07-18 10:47:01 INFO     10000 10000 1.531518
2025-07-18 10:47:01 INFO     -------------------------
2025-07-18 10:47:01 INFO     | EM Iteration: 1/5
2025-07-18 10:47:01 INFO     -------------------------
2025-07-18 10:47:01 INFO     >>>>> Generator: Rule generation with sampling
2025-07-18 10:47:01 INFO     Sampled rules len: 1273
2025-07-18 10:47:01 INFO     Predictor: read 1273 rules from list.
2025-07-18 10:47:01 INFO     Preprocess training set
2025-07-18 10:47:01 INFO     >>>>> Predictor: Training
2025-07-18 10:48:27 INFO     1000 12313 8.229463 69358.0
2025-07-18 10:49:54 INFO     2000 12313 7.790632 69332.0
2025-07-18 10:51:19 INFO     3000 12313 7.568753 69384.0
2025-07-18 10:52:45 INFO     4000 12313 7.456649 69279.9
2025-07-18 10:54:12 INFO     5000 12313 7.343764 69332.0
2025-07-18 10:55:39 INFO     6000 12313 7.263716 69384.0
2025-07-18 10:57:06 INFO     7000 12313 7.183213 69297.3
2025-07-18 10:58:33 INFO     8000 12313 7.172456 69323.3
2025-07-18 11:00:00 INFO     9000 12313 7.101312 69358.0
2025-07-18 11:01:25 INFO     10000 12313 7.091323 69332.0
2025-07-18 11:02:50 INFO     11000 12313 7.051391 69366.7
2025-07-18 11:04:17 INFO     12000 12313 7.024152 69279.9
2025-07-18 11:04:45 INFO     >>>>> Predictor: Evaluating on valid
2025-07-18 11:05:20 INFO     Data : 3823
2025-07-18 11:05:20 INFO     Hit1 : 0.027465
2025-07-18 11:05:20 INFO     Hit3 : 0.052577
2025-07-18 11:05:20 INFO     Hit10: 0.101229
2025-07-18 11:05:20 INFO     MR   : 1195.106330
2025-07-18 11:05:20 INFO     MRR  : 0.053602
2025-07-18 11:05:20 INFO     >>>>> Predictor: Evaluating on test
2025-07-18 11:06:01 INFO     Data : 4402
2025-07-18 11:06:01 INFO     Hit1 : 0.035211
2025-07-18 11:06:01 INFO     Hit3 : 0.062699
2025-07-18 11:06:01 INFO     Hit10: 0.101772
2025-07-18 11:06:01 INFO     MR   : 1186.579396
2025-07-18 11:06:01 INFO     MRR  : 0.060466
2025-07-18 11:06:01 INFO     >>>>> Predictor: Computing H scores of rules
2025-07-18 11:07:39 INFO     1000 12313
2025-07-18 11:09:18 INFO     2000 12313
2025-07-18 11:10:54 INFO     3000 12313
2025-07-18 11:12:34 INFO     4000 12313
2025-07-18 11:14:12 INFO     5000 12313
2025-07-18 11:15:52 INFO     6000 12313
2025-07-18 11:17:31 INFO     7000 12313
2025-07-18 11:19:09 INFO     8000 12313
2025-07-18 11:20:49 INFO     9000 12313
2025-07-18 11:22:25 INFO     10000 12313
2025-07-18 11:24:03 INFO     11000 12313
2025-07-18 11:26:09 INFO     12000 12313
2025-07-18 11:26:40 INFO     >>>>> Generator: Training
2025-07-18 11:26:42 INFO     -------------------------
2025-07-18 11:26:42 INFO     | EM Iteration: 2/5
2025-07-18 11:26:42 INFO     -------------------------
2025-07-18 11:26:42 INFO     >>>>> Generator: Rule generation with sampling
2025-07-18 11:26:42 INFO     Sampled rules len: 1343
2025-07-18 11:26:42 INFO     Predictor: read 1343 rules from list.
2025-07-18 11:26:42 INFO     Preprocess training set
2025-07-18 11:26:42 INFO     >>>>> Predictor: Training
2025-07-18 11:28:11 INFO     1000 12313 8.241986 69366.7
2025-07-18 11:29:41 INFO     2000 12313 7.759912 69279.9
2025-07-18 11:31:11 INFO     3000 12313 7.582108 69253.9
2025-07-18 11:32:40 INFO     4000 12313 7.429486 69340.6
2025-07-18 11:34:10 INFO     5000 12313 7.350488 69366.7
2025-07-18 11:35:40 INFO     6000 12313 7.261388 69358.0
2025-07-18 11:37:10 INFO     7000 12313 7.222039 69366.7
2025-07-18 11:38:41 INFO     8000 12313 7.201439 69384.0
2025-07-18 11:40:11 INFO     9000 12313 7.163070 69262.6
2025-07-18 11:41:39 INFO     10000 12313 7.137437 69323.3
2025-07-18 11:43:10 INFO     11000 12313 7.108201 69366.7
2025-07-18 11:44:39 INFO     12000 12313 7.093864 69332.0
2025-07-18 11:45:08 INFO     >>>>> Predictor: Evaluating on valid
2025-07-18 11:45:39 INFO     Data : 3823
2025-07-18 11:45:39 INFO     Hit1 : 0.028250
2025-07-18 11:45:39 INFO     Hit3 : 0.060947
2025-07-18 11:45:39 INFO     Hit10: 0.122155
2025-07-18 11:45:39 INFO     MR   : 1155.158645
2025-07-18 11:45:39 INFO     MRR  : 0.059915
2025-07-18 11:45:39 INFO     >>>>> Predictor: Evaluating on test
2025-07-18 11:46:17 INFO     Data : 4402
2025-07-18 11:46:17 INFO     Hit1 : 0.037029
2025-07-18 11:46:17 INFO     Hit3 : 0.067697
2025-07-18 11:46:17 INFO     Hit10: 0.121308
2025-07-18 11:46:17 INFO     MR   : 1151.854952
2025-07-18 11:46:17 INFO     MRR  : 0.066256
2025-07-18 11:46:17 INFO     >>>>> Predictor: Computing H scores of rules
2025-07-18 11:47:59 INFO     1000 12313
2025-07-18 11:49:41 INFO     2000 12313
2025-07-18 11:51:22 INFO     3000 12313
2025-07-18 11:53:06 INFO     4000 12313
2025-07-18 11:54:46 INFO     5000 12313
2025-07-18 11:56:29 INFO     6000 12313
2025-07-18 11:58:13 INFO     7000 12313
2025-07-18 11:59:54 INFO     8000 12313
2025-07-18 12:01:35 INFO     9000 12313
2025-07-18 12:03:16 INFO     10000 12313
2025-07-18 12:04:59 INFO     11000 12313
2025-07-18 12:06:39 INFO     12000 12313
2025-07-18 12:07:11 INFO     >>>>> Generator: Training
2025-07-18 12:07:13 INFO     -------------------------
2025-07-18 12:07:13 INFO     | EM Iteration: 3/5
2025-07-18 12:07:13 INFO     -------------------------
2025-07-18 12:07:13 INFO     >>>>> Generator: Rule generation with sampling
2025-07-18 12:07:13 INFO     Sampled rules len: 1412
2025-07-18 12:07:13 INFO     Predictor: read 1412 rules from list.
2025-07-18 12:07:13 INFO     Preprocess training set
2025-07-18 12:07:13 INFO     >>>>> Predictor: Training
2025-07-18 12:08:47 INFO     1000 12313 8.186434 69384.0
2025-07-18 12:10:50 INFO     2000 12313 7.698380 69384.0
2025-07-18 12:12:21 INFO     3000 12313 7.438209 69253.9
2025-07-18 12:13:53 INFO     4000 12313 7.297554 69323.3
2025-07-18 12:15:25 INFO     5000 12313 7.178202 69384.0
2025-07-18 12:16:56 INFO     6000 12313 7.059516 69323.3
2025-07-18 12:18:29 INFO     7000 12313 6.974232 69366.7
2025-07-18 12:20:01 INFO     8000 12313 6.907799 69332.0
2025-07-18 12:21:33 INFO     9000 12313 6.803359 69384.0
2025-07-18 12:23:05 INFO     10000 12313 6.806268 69227.9
2025-07-18 12:24:38 INFO     11000 12313 6.750974 69340.6
2025-07-18 12:26:10 INFO     12000 12313 6.717755 69297.3
2025-07-18 12:26:39 INFO     >>>>> Predictor: Evaluating on valid
2025-07-18 12:27:14 INFO     Data : 3823
2025-07-18 12:27:14 INFO     Hit1 : 0.030604
2025-07-18 12:27:14 INFO     Hit3 : 0.063301
2025-07-18 12:27:14 INFO     Hit10: 0.123202
2025-07-18 12:27:14 INFO     MR   : 1145.815328
2025-07-18 12:27:14 INFO     MRR  : 0.062217
2025-07-18 12:27:14 INFO     >>>>> Predictor: Evaluating on test
2025-07-18 12:27:55 INFO     Data : 4402
2025-07-18 12:27:55 INFO     Hit1 : 0.035666
2025-07-18 12:27:55 INFO     Hit3 : 0.069514
2025-07-18 12:27:55 INFO     Hit10: 0.126533
2025-07-18 12:27:55 INFO     MR   : 1125.611427
2025-07-18 12:27:55 INFO     MRR  : 0.067341
2025-07-18 12:27:55 INFO     >>>>> Predictor: Computing H scores of rules
2025-07-18 12:29:38 INFO     1000 12313
2025-07-18 12:31:22 INFO     2000 12313
2025-07-18 12:33:07 INFO     3000 12313
2025-07-18 12:34:48 INFO     4000 12313
2025-07-18 12:36:32 INFO     5000 12313
2025-07-18 12:38:18 INFO     6000 12313
2025-07-18 12:40:01 INFO     7000 12313
2025-07-18 12:41:47 INFO     8000 12313
2025-07-18 12:43:29 INFO     9000 12313
2025-07-18 12:45:14 INFO     10000 12313
2025-07-18 12:46:56 INFO     11000 12313
2025-07-18 12:48:41 INFO     12000 12313
2025-07-18 12:49:14 INFO     >>>>> Generator: Training
2025-07-18 12:49:16 INFO     -------------------------
2025-07-18 12:49:16 INFO     | EM Iteration: 4/5
2025-07-18 12:49:16 INFO     -------------------------
2025-07-18 12:49:16 INFO     >>>>> Generator: Rule generation with sampling
2025-07-18 12:49:16 INFO     Sampled rules len: 1426
2025-07-18 12:49:16 INFO     Predictor: read 1426 rules from list.
2025-07-18 12:49:16 INFO     Preprocess training set
2025-07-18 12:49:16 INFO     >>>>> Predictor: Training
2025-07-18 12:50:50 INFO     1000 12313 8.235441 69314.6
2025-07-18 12:52:24 INFO     2000 12313 7.752048 69279.9
2025-07-18 12:53:57 INFO     3000 12313 7.502660 69366.7
2025-07-18 12:55:58 INFO     4000 12313 7.384731 69366.7
2025-07-18 12:57:30 INFO     5000 12313 7.285630 69288.6
2025-07-18 12:59:04 INFO     6000 12313 7.194170 69340.6
2025-07-18 13:00:35 INFO     7000 12313 7.106842 69384.0
2025-07-18 13:02:09 INFO     8000 12313 7.037347 69340.6
2025-07-18 13:03:40 INFO     9000 12313 7.031454 69384.0
2025-07-18 13:05:11 INFO     10000 12313 6.975618 69288.6
2025-07-18 13:06:43 INFO     11000 12313 6.936382 69262.6
2025-07-18 13:08:15 INFO     12000 12313 6.945867 69384.0
2025-07-18 13:08:44 INFO     >>>>> Predictor: Evaluating on valid
2025-07-18 13:09:22 INFO     Data : 3823
2025-07-18 13:09:22 INFO     Hit1 : 0.034789
2025-07-18 13:09:22 INFO     Hit3 : 0.073764
2025-07-18 13:09:22 INFO     Hit10: 0.144128
2025-07-18 13:09:22 INFO     MR   : 1091.815328
2025-07-18 13:09:22 INFO     MRR  : 0.071208
2025-07-18 13:09:22 INFO     >>>>> Predictor: Evaluating on test
2025-07-18 13:10:05 INFO     Data : 4402
2025-07-18 13:10:05 INFO     Hit1 : 0.044980
2025-07-18 13:10:05 INFO     Hit3 : 0.086552
2025-07-18 13:10:05 INFO     Hit10: 0.149023
2025-07-18 13:10:05 INFO     MR   : 1099.592344
2025-07-18 13:10:05 INFO     MRR  : 0.080133
2025-07-18 13:10:05 INFO     >>>>> Predictor: Computing H scores of rules
2025-07-18 13:11:51 INFO     1000 12313
2025-07-18 13:13:34 INFO     2000 12313
2025-07-18 13:15:15 INFO     3000 12313
2025-07-18 13:17:00 INFO     4000 12313
2025-07-18 13:18:42 INFO     5000 12313
2025-07-18 13:20:27 INFO     6000 12313
2025-07-18 13:22:12 INFO     7000 12313
2025-07-18 13:23:57 INFO     8000 12313
2025-07-18 13:25:41 INFO     9000 12313
2025-07-18 13:27:24 INFO     10000 12313
2025-07-18 13:29:09 INFO     11000 12313
2025-07-18 13:30:55 INFO     12000 12313
2025-07-18 13:31:27 INFO     >>>>> Generator: Training
2025-07-18 13:31:29 INFO     -------------------------
2025-07-18 13:31:29 INFO     | EM Iteration: 5/5
2025-07-18 13:31:29 INFO     -------------------------
2025-07-18 13:31:29 INFO     >>>>> Generator: Rule generation with sampling
2025-07-18 13:31:29 INFO     Sampled rules len: 1482
2025-07-18 13:31:29 INFO     Predictor: read 1482 rules from list.
2025-07-18 13:31:29 INFO     Preprocess training set
2025-07-18 13:31:29 INFO     >>>>> Predictor: Training
2025-07-18 13:33:04 INFO     1000 12313 8.242797 69340.6
2025-07-18 13:34:39 INFO     2000 12313 7.792697 69288.6
2025-07-18 13:36:14 INFO     3000 12313 7.584489 69366.7
2025-07-18 13:37:49 INFO     4000 12313 7.471291 69305.9
2025-07-18 13:39:23 INFO     5000 12313 7.356705 69323.3
2025-07-18 13:41:26 INFO     6000 12313 7.310716 69384.0
2025-07-18 13:42:59 INFO     7000 12313 7.266276 69279.9
2025-07-18 13:44:32 INFO     8000 12313 7.194208 69384.0
2025-07-18 13:46:05 INFO     9000 12313 7.197570 69366.7
2025-07-18 13:47:38 INFO     10000 12313 7.156825 69297.3
2025-07-18 13:49:11 INFO     11000 12313 7.124651 69279.9
2025-07-18 13:50:45 INFO     12000 12313 7.133007 69384.0
2025-07-18 13:51:15 INFO     >>>>> Predictor: Evaluating on valid
2025-07-18 13:51:55 INFO     Data : 3823
2025-07-18 13:51:55 INFO     Hit1 : 0.031651
2025-07-18 13:51:55 INFO     Hit3 : 0.056762
2025-07-18 13:51:55 INFO     Hit10: 0.104891
2025-07-18 13:51:55 INFO     MR   : 1203.755820
2025-07-18 13:51:55 INFO     MRR  : 0.057972
2025-07-18 13:51:55 INFO     >>>>> Predictor: Evaluating on test
2025-07-18 13:52:40 INFO     Data : 4402
2025-07-18 13:52:40 INFO     Hit1 : 0.030668
2025-07-18 13:52:40 INFO     Hit3 : 0.060881
2025-07-18 13:52:40 INFO     Hit10: 0.105407
2025-07-18 13:52:40 INFO     MR   : 1188.294980
2025-07-18 13:52:40 INFO     MRR  : 0.057983
2025-07-18 13:52:40 INFO     >>>>> Predictor: Computing H scores of rules
2025-07-18 13:54:24 INFO     1000 12313
2025-07-18 13:56:08 INFO     2000 12313
2025-07-18 13:57:54 INFO     3000 12313
2025-07-18 13:59:39 INFO     4000 12313
2025-07-18 14:01:24 INFO     5000 12313
2025-07-18 14:03:10 INFO     6000 12313
2025-07-18 14:04:55 INFO     7000 12313
2025-07-18 14:06:42 INFO     8000 12313
2025-07-18 14:08:27 INFO     9000 12313
2025-07-18 14:10:12 INFO     10000 12313
2025-07-18 14:11:56 INFO     11000 12313
2025-07-18 14:13:44 INFO     12000 12313
2025-07-18 14:14:17 INFO     >>>>> Generator: Training
2025-07-18 14:14:19 INFO     -------------------------
2025-07-18 14:14:19 INFO     | Post-train Generator
2025-07-18 14:14:19 INFO     -------------------------
2025-07-18 14:14:19 INFO     >>>>> Generator: Training
2025-07-18 14:14:34 INFO     1000 1000 1.740982
2025-07-18 14:14:34 INFO     -------------------------
2025-07-18 14:14:34 INFO     | Beam Search Best Rules
2025-07-18 14:14:34 INFO     -------------------------
2025-07-18 14:14:34 INFO     >>>>> Generator: Rule generation with beam search
2025-07-18 14:14:35 INFO     >>>>> Generator: Rule generation with beam search
2025-07-18 14:14:40 INFO     >>>>> Generator: Rule generation with beam search
2025-07-18 14:15:19 INFO     >>>>> Generator: Rule generation with beam search
2025-07-18 14:15:47 INFO     >>>>> Generator: Rule generation with beam search
2025-07-18 14:16:06 INFO     -------------------------
2025-07-18 14:16:06 INFO     | Train Final Predictor+
2025-07-18 14:16:06 INFO     -------------------------
2025-07-18 14:16:07 INFO     Predictor+: read 18420 rules from list.
2025-07-18 14:16:07 INFO     Preprocess training set
2025-07-18 14:16:07 INFO     -------------------------
2025-07-18 14:16:07 INFO     | Iteration: 1/5
2025-07-18 14:16:07 INFO     -------------------------
2025-07-18 14:16:07 INFO     >>>>> Predictor: Training
2025-07-18 14:29:05 INFO     1000 12313 4.699256 69314.6
2025-07-18 14:41:17 INFO     2000 12313 4.493805 69366.7
2025-07-18 14:53:43 INFO     3000 12313 4.451960 69279.9
2025-07-18 15:06:23 INFO     4000 12313 4.446253 69340.6
2025-07-18 15:19:15 INFO     5000 12313 4.482355 69236.6
2025-07-18 15:31:28 INFO     6000 12313 4.445276 69366.7
2025-07-18 15:44:01 INFO     7000 12313 4.427632 69323.3
2025-07-18 15:57:06 INFO     8000 12313 4.463567 69349.3
2025-07-18 16:09:18 INFO     9000 12313 4.426614 69384.0
2025-07-18 16:21:34 INFO     10000 12313 4.420681 69384.0
2025-07-18 16:34:13 INFO     11000 12313 4.443527 69288.6
2025-07-18 16:47:11 INFO     12000 12313 4.447365 69366.7
2025-07-18 16:51:01 INFO     >>>>> Predictor: Evaluating on valid
2025-07-18 16:56:23 INFO     Data : 3823
2025-07-18 16:56:23 INFO     Hit1 : 0.076641
2025-07-18 16:56:23 INFO     Hit3 : 0.154329
2025-07-18 16:56:23 INFO     Hit10: 0.294010
2025-07-18 16:56:23 INFO     MR   : 627.801072
2025-07-18 16:56:23 INFO     MRR  : 0.146981
2025-07-18 16:56:23 INFO     >>>>> Predictor: Evaluating on test
2025-07-18 17:02:31 INFO     Data : 4402
2025-07-18 17:02:31 INFO     Hit1 : 0.106997
2025-07-18 17:02:31 INFO     Hit3 : 0.194684
2025-07-18 17:02:31 INFO     Hit10: 0.323262
2025-07-18 17:02:31 INFO     MR   : 614.364039
2025-07-18 17:02:31 INFO     MRR  : 0.178066
2025-07-18 17:02:31 INFO     Save checkpoint to results/semmeddb/10_times_each/original_rnnlogic/4_20250718_104426/predictor.pt
2025-07-18 17:02:31 INFO     -------------------------
2025-07-18 17:02:31 INFO     | Iteration: 2/5
2025-07-18 17:02:31 INFO     -------------------------
2025-07-18 17:02:31 INFO     >>>>> Predictor: Training
2025-07-18 17:15:12 INFO     1000 12313 4.385405 69384.0
2025-07-18 17:28:19 INFO     2000 12313 4.379973 69384.0
2025-07-18 17:40:36 INFO     3000 12313 4.393355 69340.6
2025-07-18 17:52:59 INFO     4000 12313 4.397629 69305.9
2025-07-18 18:05:43 INFO     5000 12313 4.407725 69340.6
2025-07-18 18:18:38 INFO     6000 12313 4.410613 69297.3
2025-07-18 18:30:50 INFO     7000 12313 4.392914 69323.3
2025-07-18 18:43:24 INFO     8000 12313 4.419793 69366.7
2025-07-18 18:56:32 INFO     9000 12313 4.391305 69297.3
2025-07-18 19:08:49 INFO     10000 12313 4.405080 69366.7
2025-07-18 19:21:11 INFO     11000 12313 4.409203 69314.6
2025-07-18 19:33:51 INFO     12000 12313 4.420063 69279.9
2025-07-18 19:37:48 INFO     >>>>> Predictor: Evaluating on valid
2025-07-18 19:43:50 INFO     Data : 3823
2025-07-18 19:43:50 INFO     Hit1 : 0.080042
2025-07-18 19:43:50 INFO     Hit3 : 0.156683
2025-07-18 19:43:50 INFO     Hit10: 0.294533
2025-07-18 19:43:50 INFO     MR   : 614.758828
2025-07-18 19:43:50 INFO     MRR  : 0.148050
2025-07-18 19:43:50 INFO     >>>>> Predictor: Evaluating on test
2025-07-18 19:50:00 INFO     Data : 4402
2025-07-18 19:50:00 INFO     Hit1 : 0.112449
2025-07-18 19:50:00 INFO     Hit3 : 0.190595
2025-07-18 19:50:00 INFO     Hit10: 0.323944
2025-07-18 19:50:00 INFO     MR   : 593.258178
2025-07-18 19:50:00 INFO     MRR  : 0.179896
2025-07-18 19:50:00 INFO     Save checkpoint to results/semmeddb/10_times_each/original_rnnlogic/4_20250718_104426/predictor.pt
2025-07-18 19:50:00 INFO     -------------------------
2025-07-18 19:50:00 INFO     | Iteration: 3/5
2025-07-18 19:50:00 INFO     -------------------------
2025-07-18 19:50:00 INFO     >>>>> Predictor: Training
2025-07-18 20:02:16 INFO     1000 12313 4.385330 69262.6
2025-07-18 20:14:53 INFO     2000 12313 4.369601 69384.0
2025-07-18 20:28:00 INFO     3000 12313 4.351408 69262.6
2025-07-18 20:40:19 INFO     4000 12313 4.394748 69323.3
2025-07-18 20:52:46 INFO     5000 12313 4.362676 69366.7
2025-07-18 21:05:27 INFO     6000 12313 4.382670 69323.3
2025-07-18 21:19:00 INFO     7000 12313 4.391454 69366.7
2025-07-18 21:31:28 INFO     8000 12313 4.400391 69384.0
