2025-06-19 13:49:08 INFO     Predictor: read 1242 rules from list.
2025-06-19 13:54:02 INFO     Predictor: read 1338 rules from list.
2025-06-19 13:59:21 INFO     Predictor: read 1421 rules from list.
2025-06-19 14:04:43 INFO     Predictor: read 1458 rules from list.
2025-06-19 14:10:11 INFO     Predictor: read 1543 rules from list.
2025-06-19 14:16:24 INFO     Predictor+: read 18420 rules from list.
04 | Main: 1.652045 | Aux: 0.675700
2025-06-19 13:48:22 INFO     [E2000] Total: 1.302015 | Main: 1.567116 | Aux: 0.641151
2025-06-19 13:48:28 INFO     [E3000] Total: 1.297417 | Main: 1.561369 | Aux: 0.638421
2025-06-19 13:48:34 INFO     [E4000] Total: 1.291646 | Main: 1.554426 | Aux: 0.635557
2025-06-19 13:48:40 INFO     [E5000] Total: 1.286992 | Main: 1.548917 | Aux: 0.633842
2025-06-19 13:48:45 INFO     [E6000] Total: 1.287281 | Main: 1.548942 | Aux: 0.633145
2025-06-19 13:48:51 INFO     [E7000] Total: 1.284601 | Main: 1.546103 | Aux: 0.632213
2025-06-19 13:48:57 INFO     [E8000] Total: 1.284039 | Main: 1.545338 | Aux: 0.632716
2025-06-19 13:49:02 INFO     [E9000] Total: 1.283000 | Main: 1.543921 | Aux: 0.631320
2025-06-19 13:49:08 INFO     [E10000] Total: 1.279053 | Main: 1.539336 | Aux: 0.630484
2025-06-19 13:49:08 INFO     -------------------------
2025-06-19 13:49:08 INFO     | EM Iteration: 1/5
2025-06-19 13:49:08 INFO     -------------------------
2025-06-19 13:49:08 INFO     >>>>> Generator: Rule generation with sampling
2025-06-19 13:49:08 INFO     Predictor: read 1242 rules from list.
2025-06-19 13:49:08 INFO     Initializing distributed process group
2025-06-19 13:49:08 INFO     Preprocess training set
2025-06-19 13:49:08 INFO     >>>>> Predictor: Training
2025-06-19 13:49:45 INFO     1000 2980 265.371699 69305.9
2025-06-19 13:50:20 INFO     2000 2980 264.123471 69297.3
2025-06-19 13:50:55 INFO     >>>>> Predictor: Evaluating on valid
2025-06-19 13:50:59 INFO     Data : 2077
2025-06-19 13:50:59 INFO     Hit1 : 0.037073
2025-06-19 13:50:59 INFO     Hit3 : 0.070294
2025-06-19 13:50:59 INFO     Hit10: 0.129032
2025-06-19 13:50:59 INFO     MR   : 1299.652383
2025-06-19 13:50:59 INFO     MRR  : 0.068294
2025-06-19 13:50:59 INFO     >>>>> Predictor: Evaluating on test
2025-06-19 13:51:03 INFO     Data : 2342
2025-06-19 13:51:03 INFO     Hit1 : 0.047234
2025-06-19 13:51:03 INFO     Hit3 : 0.085532
2025-06-19 13:51:03 INFO     Hit10: 0.137872
2025-06-19 13:51:03 INFO     MR   : 1201.986170
2025-06-19 13:51:03 INFO     MRR  : 0.078805
2025-06-19 13:51:03 INFO     >>>>> Predictor: Computing H scores of rules
2025-06-19 13:52:03 INFO     1000 2980
2025-06-19 13:53:03 INFO     2000 2980
2025-06-19 13:54:02 INFO     >>>>> Generator: Training
2025-06-19 13:54:02 INFO     -------------------------
2025-06-19 13:54:02 INFO     | EM Iteration: 2/5
2025-06-19 13:54:02 INFO     -------------------------
2025-06-19 13:54:02 INFO     >>>>> Generator: Rule generation with sampling
2025-06-19 13:54:02 INFO     Predictor: read 1338 rules from list.
2025-06-19 13:54:02 INFO     Preprocess training set
2025-06-19 13:54:02 INFO     >>>>> Predictor: Training
2025-06-19 13:54:41 INFO     1000 2980 267.941479 69349.3
2025-06-19 13:55:20 INFO     2000 2980 254.654173 69227.9
2025-06-19 13:55:58 INFO     >>>>> Predictor: Evaluating on valid
2025-06-19 13:56:01 INFO     Data : 2077
2025-06-19 13:56:01 INFO     Hit1 : 0.040443
2025-06-19 13:56:01 INFO     Hit3 : 0.078960
2025-06-19 13:56:01 INFO     Hit10: 0.142995
2025-06-19 13:56:01 INFO     MR   : 1264.508185
2025-06-19 13:56:01 INFO     MRR  : 0.075904
2025-06-19 13:56:01 INFO     >>>>> Predictor: Evaluating on test
2025-06-19 13:56:06 INFO     Data : 2342
2025-06-19 13:56:06 INFO     Hit1 : 0.052766
2025-06-19 13:56:06 INFO     Hit3 : 0.088085
2025-06-19 13:56:06 INFO     Hit10: 0.146809
2025-06-19 13:56:06 INFO     MR   : 1155.588298
2025-06-19 13:56:06 INFO     MRR  : 0.086692
2025-06-19 13:56:06 INFO     >>>>> Predictor: Computing H scores of rules
2025-06-19 13:57:11 INFO     1000 2980
2025-06-19 13:58:16 INFO     2000 2980
2025-06-19 13:59:20 INFO     >>>>> Generator: Training
2025-06-19 13:59:20 INFO     -------------------------
2025-06-19 13:59:20 INFO     | EM Iteration: 3/5
2025-06-19 13:59:20 INFO     -------------------------
2025-06-19 13:59:20 INFO     >>>>> Generator: Rule generation with sampling
2025-06-19 13:59:21 INFO     Predictor: read 1421 rules from list.
2025-06-19 13:59:21 INFO     Preprocess training set
2025-06-19 13:59:21 INFO     >>>>> Predictor: Training
2025-06-19 13:59:59 INFO     1000 2980 286.096094 69323.3
2025-06-19 14:00:38 INFO     2000 2980 244.041902 69358.0
2025-06-19 14:01:16 INFO     >>>>> Predictor: Evaluating on valid
2025-06-19 14:01:21 INFO     Data : 2077
2025-06-19 14:01:21 INFO     Hit1 : 0.043332
2025-06-19 14:01:21 INFO     Hit3 : 0.077997
2025-06-19 14:01:21 INFO     Hit10: 0.142513
2025-06-19 14:01:21 INFO     MR   : 1236.623495
2025-06-19 14:01:21 INFO     MRR  : 0.078791
2025-06-19 14:01:21 INFO     >>>>> Predictor: Evaluating on test
2025-06-19 14:01:25 INFO     Data : 2342
2025-06-19 14:01:25 INFO     Hit1 : 0.049787
2025-06-19 14:01:25 INFO     Hit3 : 0.082128
2025-06-19 14:01:25 INFO     Hit10: 0.151489
2025-06-19 14:01:25 INFO     MR   : 1153.715106
2025-06-19 14:01:25 INFO     MRR  : 0.083546
2025-06-19 14:01:25 INFO     >>>>> Predictor: Computing H scores of rules
2025-06-19 14:02:32 INFO     1000 2980
2025-06-19 14:03:38 INFO     2000 2980
2025-06-19 14:04:43 INFO     >>>>> Generator: Training
2025-06-19 14:04:43 INFO     -------------------------
2025-06-19 14:04:43 INFO     | EM Iteration: 4/5
2025-06-19 14:04:43 INFO     -------------------------
2025-06-19 14:04:43 INFO     >>>>> Generator: Rule generation with sampling
2025-06-19 14:04:43 INFO     Predictor: read 1458 rules from list.
2025-06-19 14:04:43 INFO     Preprocess training set
2025-06-19 14:04:43 INFO     >>>>> Predictor: Training
2025-06-19 14:05:23 INFO     1000 2980 276.977395 69366.7
2025-06-19 14:06:02 INFO     2000 2980 252.614465 69305.9
2025-06-19 14:06:40 INFO     >>>>> Predictor: Evaluating on valid
2025-06-19 14:06:45 INFO     Data : 2077
2025-06-19 14:06:45 INFO     Hit1 : 0.039961
2025-06-19 14:06:45 INFO     Hit3 : 0.079923
2025-06-19 14:06:45 INFO     Hit10: 0.147328
2025-06-19 14:06:45 INFO     MR   : 1247.580886
2025-06-19 14:06:45 INFO     MRR  : 0.078446
2025-06-19 14:06:45 INFO     >>>>> Predictor: Evaluating on test
2025-06-19 14:06:49 INFO     Data : 2342
2025-06-19 14:06:49 INFO     Hit1 : 0.054468
2025-06-19 14:06:49 INFO     Hit3 : 0.091915
2025-06-19 14:06:49 INFO     Hit10: 0.158298
2025-06-19 14:06:49 INFO     MR   : 1144.946383
2025-06-19 14:06:49 INFO     MRR  : 0.090346
2025-06-19 14:06:49 INFO     >>>>> Predictor: Computing H scores of rules
2025-06-19 14:07:56 INFO     1000 2980
2025-06-19 14:09:04 INFO     2000 2980
2025-06-19 14:10:10 INFO     >>>>> Generator: Training
2025-06-19 14:10:11 INFO     -------------------------
2025-06-19 14:10:11 INFO     | EM Iteration: 5/5
2025-06-19 14:10:11 INFO     -------------------------
2025-06-19 14:10:11 INFO     >>>>> Generator: Rule generation with sampling
2025-06-19 14:10:11 INFO     Predictor: read 1543 rules from list.
2025-06-19 14:10:11 INFO     Preprocess training set
2025-06-19 14:10:11 INFO     >>>>> Predictor: Training
2025-06-19 14:10:52 INFO     1000 2980 265.326561 69271.3
2025-06-19 14:11:32 INFO     2000 2980 254.844824 69332.0
2025-06-19 14:12:12 INFO     >>>>> Predictor: Evaluating on valid
2025-06-19 14:12:17 INFO     Data : 2077
2025-06-19 14:12:17 INFO     Hit1 : 0.040443
2025-06-19 14:12:17 INFO     Hit3 : 0.072701
2025-06-19 14:12:17 INFO     Hit10: 0.147809
2025-06-19 14:12:17 INFO     MR   : 1257.845691
2025-06-19 14:12:17 INFO     MRR  : 0.074941
2025-06-19 14:12:17 INFO     >>>>> Predictor: Evaluating on test
2025-06-19 14:12:21 INFO     Data : 2342
2025-06-19 14:12:21 INFO     Hit1 : 0.051915
2025-06-19 14:12:21 INFO     Hit3 : 0.092340
2025-06-19 14:12:21 INFO     Hit10: 0.154043
2025-06-19 14:12:21 INFO     MR   : 1161.804255
2025-06-19 14:12:21 INFO     MRR  : 0.088464
2025-06-19 14:12:21 INFO     >>>>> Predictor: Computing H scores of rules
2025-06-19 14:13:31 INFO     1000 2980
2025-06-19 14:14:40 INFO     2000 2980
2025-06-19 14:15:47 INFO     >>>>> Generator: Training
2025-06-19 14:15:48 INFO     -------------------------
2025-06-19 14:15:48 INFO     | Post-train Generator
2025-06-19 14:15:48 INFO     -------------------------
2025-06-19 14:15:48 INFO     >>>>> Generator: Training
2025-06-19 14:15:54 INFO     [E1000] Total: 1.462696 | Main: 1.765354 | Aux: 0.730364
2025-06-19 14:15:54 INFO     -------------------------
2025-06-19 14:15:54 INFO     | Beam Search Best Rules
2025-06-19 14:15:54 INFO     -------------------------
2025-06-19 14:15:54 INFO     >>>>> Generator: Rule generation with beam search
2025-06-19 14:15:54 INFO     >>>>> Generator: Rule generation with beam search
2025-06-19 14:15:56 INFO     >>>>> Generator: Rule generation with beam search
2025-06-19 14:16:09 INFO     >>>>> Generator: Rule generation with beam search
2025-06-19 14:16:18 INFO     >>>>> Generator: Rule generation with beam search
2025-06-19 14:16:24 INFO     -------------------------
2025-06-19 14:16:24 INFO     | Train Final Predictor+
2025-06-19 14:16:24 INFO     -------------------------
2025-06-19 14:16:24 INFO     Predictor+: read 18420 rules from list.
2025-06-19 14:16:24 INFO     Preprocess training set
2025-06-19 14:16:24 INFO     -------------------------
2025-06-19 14:16:24 INFO     | Iteration: 1/5
2025-06-19 14:16:24 INFO     -------------------------
2025-06-19 14:16:24 INFO     >>>>> Predictor: Training
2025-06-19 14:27:32 INFO     1000 2980 149.579050 69384.0
2025-06-19 14:38:47 INFO     2000 2980 148.385978 69236.6
2025-06-19 14:49:43 INFO     >>>>> Predictor: Evaluating on valid
2025-06-19 14:51:04 INFO     Data : 2077
2025-06-19 14:51:04 INFO     Hit1 : 0.101107
2025-06-19 14:51:04 INFO     Hit3 : 0.194511
2025-06-19 14:51:04 INFO     Hit10: 0.317285
2025-06-19 14:51:04 INFO     MR   : 956.857487
2025-06-19 14:51:04 INFO     MRR  : 0.173473
2025-06-19 14:51:04 INFO     >>>>> Predictor: Evaluating on test
2025-06-19 14:52:36 INFO     Data : 2342
2025-06-19 14:52:36 INFO     Hit1 : 0.131489
2025-06-19 14:52:36 INFO     Hit3 : 0.217872
2025-06-19 14:52:36 INFO     Hit10: 0.322979
2025-06-19 14:52:36 INFO     MR   : 888.003830
2025-06-19 14:52:36 INFO     MRR  : 0.197847
2025-06-19 14:52:36 INFO     Save checkpoint to results/semmeddb/multitask/matrix_encode_relation/task1_next_clus/random_init/cluster_3/0618_all_filtered/adaptive/triple_count_20250619_134807/predictor.pt
2025-06-19 14:52:36 INFO     -------------------------
2025-06-19 14:52:36 INFO     | Iteration: 2/5
2025-06-19 14:52:36 INFO     -------------------------
2025-06-19 14:52:36 INFO     >>>>> Predictor: Training
2025-06-19 15:03:52 INFO     1000 2980 135.098657 69245.2
2025-06-19 15:15:06 INFO     2000 2980 135.336157 69349.3
2025-06-19 15:26:06 INFO     >>>>> Predictor: Evaluating on valid
2025-06-19 15:27:31 INFO     Data : 2077
2025-06-19 15:27:31 INFO     Hit1 : 0.098700
2025-06-19 15:27:31 INFO     Hit3 : 0.193548
2025-06-19 15:27:31 INFO     Hit10: 0.311507
2025-06-19 15:27:31 INFO     MR   : 941.475205
2025-06-19 15:27:31 INFO     MRR  : 0.170966
2025-06-19 15:27:31 INFO     >>>>> Predictor: Evaluating on test
2025-06-19 15:29:06 INFO     Data : 2342
2025-06-19 15:29:06 INFO     Hit1 : 0.131064
2025-06-19 15:29:06 INFO     Hit3 : 0.207660
2025-06-19 15:29:06 INFO     Hit10: 0.322128
2025-06-19 15:29:06 INFO     MR   : 871.245106
2025-06-19 15:29:06 INFO     MRR  : 0.192992
2025-06-19 15:29:06 INFO     -------------------------
2025-06-19 15:29:06 INFO     | Iteration: 3/5
2025-06-19 15:29:06 INFO     -------------------------
2025-06-19 15:29:06 INFO     >>>>> Predictor: Training
2025-06-19 15:40:28 INFO     1000 2980 141.699198 69193.2
2025-06-19 15:51:45 INFO     2000 2980 134.342509 69271.3
2025-06-19 16:02:42 INFO     >>>>> Predictor: Evaluating on valid
2025-06-19 16:04:04 INFO     Data : 2077
2025-06-19 16:04:04 INFO     Hit1 : 0.092922
2025-06-19 16:04:04 INFO     Hit3 : 0.193067
2025-06-19 16:04:04 INFO     Hit10: 0.316803
2025-06-19 16:04:04 INFO     MR   : 946.128310
2025-06-19 16:04:04 INFO     MRR  : 0.168214
2025-06-19 16:04:04 INFO     >>>>> Predictor: Evaluating on test
2025-06-19 16:05:36 INFO     Data : 2342
2025-06-19 16:05:36 INFO     Hit1 : 0.128936
2025-06-19 16:05:36 INFO     Hit3 : 0.209362
2025-06-19 16:05:36 INFO     Hit10: 0.319149
2025-06-19 16:05:36 INFO     MR   : 874.282979
2025-06-19 16:05:36 INFO     MRR  : 0.192692
2025-06-19 16:05:36 INFO     -------------------------
2025-06-19 16:05:36 INFO     | Iteration: 4/5
2025-06-19 16:05:36 INFO     -------------------------
2025-06-19 16:05:36 INFO     >>>>> Predictor: Training
2025-06-19 16:16:54 INFO     1000 2980 135.061245 69340.6
2025-06-19 16:28:15 INFO     2000 2980 132.142132 69175.8
2025-06-19 16:39:17 INFO     >>>>> Predictor: Evaluating on valid
2025-06-19 16:40:41 INFO     Data : 2077
2025-06-19 16:40:41 INFO     Hit1 : 0.092441
2025-06-19 16:40:41 INFO     Hit3 : 0.190178
2025-06-19 16:40:41 INFO     Hit10: 0.313914
2025-06-19 16:40:41 INFO     MR   : 937.866153
2025-06-19 16:40:41 INFO     MRR  : 0.166947
2025-06-19 16:40:41 INFO     >>>>> Predictor: Evaluating on test
2025-06-19 16:42:16 INFO     Data : 2342
2025-06-19 16:42:16 INFO     Hit1 : 0.124681
2025-06-19 16:42:16 INFO     Hit3 : 0.206383
2025-06-19 16:42:16 INFO     Hit10: 0.320426
2025-06-19 16:42:16 INFO     MR   : 875.705745
2025-06-19 16:42:16 INFO     MRR  : 0.188457
2025-06-19 16:42:16 INFO     -------------------------
2025-06-19 16:42:16 INFO     | Iteration: 5/5
2025-06-19 16:42:16 INFO     -------------------------
2025-06-19 16:42:16 INFO     >>>>> Predictor: Training
