2025-07-19 11:47:20 INFO     is_soft_label: False
2025-07-19 11:47:20 INFO     is_scheduled_sampling: False
2025-07-19 11:47:20 INFO     is_test_mode: False
2025-07-19 11:47:20 INFO     Data loading | DONE!
2025-07-19 11:47:20 INFO     Using full datasets for training, validation, and testing.
2025-07-19 11:47:20 INFO     -------------------------
2025-07-19 11:47:20 INFO     | EM Iteration: 1/5
2025-07-19 11:47:20 INFO     -------------------------
2025-07-19 11:47:20 INFO     >>>>> Using miner's rule
2025-07-19 11:47:20 INFO     Predictor: read 13661 rules from list.
2025-07-19 11:47:21 INFO     Preprocess training set
2025-07-19 11:47:21 INFO     >>>>> Predictor: Evaluating on valid
2025-07-19 11:49:36 INFO     Data : 2077
2025-07-19 11:49:36 INFO     Hit1 : 0.065479
2025-07-19 11:49:36 INFO     Hit3 : 0.127106
2025-07-19 11:49:36 INFO     Hit10: 0.199326
2025-07-19 11:49:36 INFO     MR   : 1120.902022
2025-07-19 11:49:36 INFO     MRR  : 0.114382
2025-07-19 11:49:36 INFO     >>>>> Predictor: Evaluating on test
2025-07-19 11:52:15 INFO     Data : 2342
2025-07-19 11:52:15 INFO     Hit1 : 0.078992
2025-07-19 11:52:15 INFO     Hit3 : 0.124253
2025-07-19 11:52:15 INFO     Hit10: 0.208796
2025-07-19 11:52:15 INFO     MR   : 1044.269001
2025-07-19 11:52:15 INFO     MRR  : 0.122250
2025-07-19 11:52:15 INFO     >>>>> Predictor: Computing H scores of rules
2025-07-19 12:28:50 INFO     1000 5959
2025-07-19 13:06:46 INFO     2000 5959
2025-07-19 13:44:35 INFO     3000 5959
2025-07-19 14:23:25 INFO     4000 5959
2025-07-19 15:02:19 INFO     5000 5959
2025-07-19 15:41:18 INFO     >>>>> Generator: Training
2025-07-19 15:41:30 INFO     -------------------------
2025-07-19 15:41:30 INFO     | EM Iteration: 2/5
2025-07-19 15:41:30 INFO     -------------------------
2025-07-19 15:41:30 INFO     >>>>> Using Generator's sample rule
2025-07-19 15:41:30 INFO     >>>>> Generator: Rule generation with sampling
2025-07-19 15:41:30 INFO     Predictor: read 1892 rules from list.
2025-07-19 15:41:30 INFO     Preprocess training set
2025-07-19 15:41:30 INFO     >>>>> Predictor: Training
2025-07-19 15:42:51 INFO     1000 5959 8.791967 69314.6
2025-07-19 15:44:11 INFO     2000 5959 8.414537 69271.3
2025-07-19 15:45:30 INFO     3000 5959 8.209815 69245.2
2025-07-19 15:46:53 INFO     4000 5959 8.040272 69340.6
2025-07-19 15:48:14 INFO     5000 5959 7.874913 69340.6
2025-07-19 15:49:41 INFO     >>>>> Predictor: Evaluating on valid
2025-07-19 15:50:00 INFO     Data : 2077
2025-07-19 15:50:00 INFO     Hit1 : 0.014925
2025-07-19 15:50:00 INFO     Hit3 : 0.023592
2025-07-19 15:50:00 INFO     Hit10: 0.034665
2025-07-19 15:50:00 INFO     MR   : 1480.162735
2025-07-19 15:50:00 INFO     MRR  : 0.025649
2025-07-19 15:50:00 INFO     >>>>> Predictor: Evaluating on test
2025-07-19 15:50:22 INFO     Data : 2342
2025-07-19 15:50:22 INFO     Hit1 : 0.011529
2025-07-19 15:50:22 INFO     Hit3 : 0.017933
2025-07-19 15:50:22 INFO     Hit10: 0.028608
2025-07-19 15:50:22 INFO     MR   : 1375.226943
2025-07-19 15:50:22 INFO     MRR  : 0.021256
2025-07-19 15:50:22 INFO     >>>>> Predictor: Computing H scores of rules
2025-07-19 15:53:45 INFO     1000 5959
2025-07-19 15:57:09 INFO     2000 5959
2025-07-19 16:00:33 INFO     3000 5959
2025-07-19 16:03:56 INFO     4000 5959
2025-07-19 16:07:43 INFO     5000 5959
2025-07-19 16:11:14 INFO     >>>>> Generator: Training
2025-07-19 16:11:24 INFO     -------------------------
2025-07-19 16:11:24 INFO     | EM Iteration: 3/5
2025-07-19 16:11:24 INFO     -------------------------
2025-07-19 16:11:24 INFO     >>>>> Using Generator's sample rule
2025-07-19 16:11:24 INFO     >>>>> Generator: Rule generation with sampling
2025-07-19 16:11:24 INFO     Predictor: read 1881 rules from list.
2025-07-19 16:11:24 INFO     Preprocess training set
2025-07-19 16:11:24 INFO     >>>>> Predictor: Training
2025-07-19 16:12:46 INFO     1000 5959 8.817987 69332.0
2025-07-19 16:14:08 INFO     2000 5959 8.496226 69349.3
2025-07-19 16:15:30 INFO     3000 5959 8.298008 69184.5
2025-07-19 16:16:53 INFO     4000 5959 8.154551 69253.9
2025-07-19 16:18:20 INFO     5000 5959 8.083140 69332.0
2025-07-19 16:19:47 INFO     >>>>> Predictor: Evaluating on valid
2025-07-19 16:20:08 INFO     Data : 2077
2025-07-19 16:20:08 INFO     Hit1 : 0.012037
2025-07-19 16:20:08 INFO     Hit3 : 0.022629
2025-07-19 16:20:08 INFO     Hit10: 0.044776
2025-07-19 16:20:08 INFO     MR   : 1472.765768
2025-07-19 16:20:08 INFO     MRR  : 0.025626
2025-07-19 16:20:08 INFO     >>>>> Predictor: Evaluating on test
2025-07-19 16:20:30 INFO     Data : 2342
2025-07-19 16:20:30 INFO     Hit1 : 0.013664
2025-07-19 16:20:30 INFO     Hit3 : 0.020495
2025-07-19 16:20:30 INFO     Hit10: 0.038856
2025-07-19 16:20:30 INFO     MR   : 1373.408412
2025-07-19 16:20:30 INFO     MRR  : 0.024759
2025-07-19 16:20:30 INFO     >>>>> Predictor: Computing H scores of rules
2025-07-19 16:23:56 INFO     1000 5959
2025-07-19 16:27:23 INFO     2000 5959
2025-07-19 16:31:01 INFO     3000 5959
2025-07-19 16:34:28 INFO     4000 5959
2025-07-19 16:37:53 INFO     5000 5959
2025-07-19 16:41:23 INFO     >>>>> Generator: Training
2025-07-19 16:41:33 INFO     -------------------------
2025-07-19 16:41:33 INFO     | EM Iteration: 4/5
2025-07-19 16:41:33 INFO     -------------------------
2025-07-19 16:41:33 INFO     >>>>> Using Generator's sample rule
2025-07-19 16:41:33 INFO     >>>>> Generator: Rule generation with sampling
2025-07-19 16:41:34 INFO     Predictor: read 1854 rules from list.
2025-07-19 16:41:34 INFO     Preprocess training set
2025-07-19 16:41:34 INFO     >>>>> Predictor: Training
2025-07-19 16:42:55 INFO     1000 5959 8.806675 69271.3
2025-07-19 16:44:26 INFO     2000 5959 8.455464 69340.6
2025-07-19 16:45:58 INFO     3000 5959 8.234432 69384.0
2025-07-19 16:47:20 INFO     4000 5959 8.075240 69262.6
2025-07-19 16:48:40 INFO     5000 5959 7.951819 69332.0
2025-07-19 16:50:09 INFO     >>>>> Predictor: Evaluating on valid
2025-07-19 16:50:29 INFO     Data : 2077
2025-07-19 16:50:29 INFO     Hit1 : 0.029369
2025-07-19 16:50:29 INFO     Hit3 : 0.044295
2025-07-19 16:50:29 INFO     Hit10: 0.064998
2025-07-19 16:50:29 INFO     MR   : 1444.204622
2025-07-19 16:50:29 INFO     MRR  : 0.045124
2025-07-19 16:50:29 INFO     >>>>> Predictor: Evaluating on test
2025-07-19 16:50:52 INFO     Data : 2342
2025-07-19 16:50:52 INFO     Hit1 : 0.033732
2025-07-19 16:50:52 INFO     Hit3 : 0.049530
2025-07-19 16:50:52 INFO     Hit10: 0.067037
2025-07-19 16:50:52 INFO     MR   : 1343.278181
2025-07-19 16:50:52 INFO     MRR  : 0.048749
2025-07-19 16:50:52 INFO     >>>>> Predictor: Computing H scores of rules
2025-07-19 16:54:27 INFO     1000 5959
2025-07-19 16:58:03 INFO     2000 5959
2025-07-19 17:01:39 INFO     3000 5959
2025-07-19 17:05:02 INFO     4000 5959
2025-07-19 17:08:27 INFO     5000 5959
2025-07-19 17:11:47 INFO     >>>>> Generator: Training
2025-07-19 17:11:58 INFO     -------------------------
2025-07-19 17:11:58 INFO     | EM Iteration: 5/5
2025-07-19 17:11:58 INFO     -------------------------
2025-07-19 17:11:58 INFO     >>>>> Using Generator's sample rule
2025-07-19 17:11:58 INFO     >>>>> Generator: Rule generation with sampling
2025-07-19 17:11:58 INFO     Predictor: read 1685 rules from list.
2025-07-19 17:11:58 INFO     Preprocess training set
2025-07-19 17:11:58 INFO     >>>>> Predictor: Training
2025-07-19 17:13:14 INFO     1000 5959 8.787479 69332.0
2025-07-19 17:14:28 INFO     2000 5959 8.381104 69349.3
2025-07-19 17:15:43 INFO     3000 5959 8.129148 69340.6
2025-07-19 17:17:06 INFO     4000 5959 7.902353 69297.3
2025-07-19 17:18:17 INFO     5000 5959 7.716306 69219.2
2025-07-19 17:19:28 INFO     >>>>> Predictor: Evaluating on valid
2025-07-19 17:19:46 INFO     Data : 2077
2025-07-19 17:19:46 INFO     Hit1 : 0.029369
2025-07-19 17:19:46 INFO     Hit3 : 0.051517
2025-07-19 17:19:46 INFO     Hit10: 0.072701
2025-07-19 17:19:46 INFO     MR   : 1464.012759
2025-07-19 17:19:46 INFO     MRR  : 0.047548
2025-07-19 17:19:46 INFO     >>>>> Predictor: Evaluating on test
2025-07-19 17:20:06 INFO     Data : 2342
2025-07-19 17:20:06 INFO     Hit1 : 0.035013
2025-07-19 17:20:06 INFO     Hit3 : 0.054227
2025-07-19 17:20:06 INFO     Hit10: 0.075149
2025-07-19 17:20:06 INFO     MR   : 1360.229078
2025-07-19 17:20:06 INFO     MRR  : 0.052431
2025-07-19 17:20:06 INFO     >>>>> Predictor: Computing H scores of rules
2025-07-19 17:23:28 INFO     1000 5959
2025-07-19 17:26:50 INFO     2000 5959
2025-07-19 17:30:10 INFO     3000 5959
2025-07-19 17:33:33 INFO     4000 5959
2025-07-19 17:36:58 INFO     5000 5959
2025-07-19 17:40:14 INFO     >>>>> Generator: Training
2025-07-19 17:40:24 INFO     -------------------------
2025-07-19 17:40:24 INFO     | Post-train Generator
2025-07-19 17:40:24 INFO     -------------------------
2025-07-19 17:40:25 INFO     >>>>> Generator: Training
2025-07-19 17:42:12 INFO     [E01000] Total 2.057636 | Main 2.414967 | RelClus 1.468955 | 
2025-07-19 17:42:12 INFO     -------------------------
2025-07-19 17:42:12 INFO     | Beam Search Best Rules
2025-07-19 17:42:12 INFO     -------------------------
2025-07-19 17:42:12 INFO     >>>>> Generator: Rule generation with beam search
2025-07-19 17:42:13 INFO     >>>>> Generator: Rule generation with beam search
2025-07-19 17:42:17 INFO     >>>>> Generator: Rule generation with beam search
2025-07-19 17:43:26 INFO     >>>>> Generator: Rule generation with beam search
2025-07-19 17:44:23 INFO     >>>>> Generator: Rule generation with beam search
2025-07-19 17:45:02 INFO     -------------------------
2025-07-19 17:45:02 INFO     | Train Final Predictor+
2025-07-19 17:45:02 INFO     -------------------------
2025-07-19 17:45:02 INFO     Predictor+: read 18420 rules from list.
2025-07-19 17:45:02 INFO     Preprocess training set
2025-07-19 17:45:02 INFO     -------------------------
2025-07-19 17:45:02 INFO     | Iteration: 1/5
2025-07-19 17:45:02 INFO     -------------------------
2025-07-19 17:45:02 INFO     >>>>> Predictor: Training
2025-07-19 17:50:44 INFO     1000 5959 5.166462 69271.3
2025-07-19 17:56:31 INFO     2000 5959 4.999880 69332.0
2025-07-19 18:02:18 INFO     3000 5959 4.974166 69375.3
2025-07-19 18:07:53 INFO     4000 5959 4.965312 69279.9
2025-07-19 18:13:36 INFO     5000 5959 4.914723 69349.3
2025-07-19 18:18:57 INFO     >>>>> Predictor: Evaluating on valid
2025-07-19 18:20:26 INFO     Data : 2077
2025-07-19 18:20:26 INFO     Hit1 : 0.094367
2025-07-19 18:20:26 INFO     Hit3 : 0.177660
2025-07-19 18:20:26 INFO     Hit10: 0.293693
2025-07-19 18:20:26 INFO     MR   : 1035.854117
2025-07-19 18:20:26 INFO     MRR  : 0.157883
2025-07-19 18:20:26 INFO     >>>>> Predictor: Evaluating on test
2025-07-19 18:22:06 INFO     Data : 2342
2025-07-19 18:22:06 INFO     Hit1 : 0.111870
2025-07-19 18:22:06 INFO     Hit3 : 0.188301
2025-07-19 18:22:06 INFO     Hit10: 0.295474
2025-07-19 18:22:06 INFO     MR   : 961.182109
2025-07-19 18:22:06 INFO     MRR  : 0.172334
2025-07-19 18:22:06 INFO     Save checkpoint to results/semmeddb/10_times_each/aux1/3_20250719_114718/predictor.pt
2025-07-19 18:22:06 INFO     -------------------------
2025-07-19 18:22:06 INFO     | Iteration: 2/5
2025-07-19 18:22:06 INFO     -------------------------
2025-07-19 18:22:06 INFO     >>>>> Predictor: Training
2025-07-19 18:27:48 INFO     1000 5959 4.874066 69366.7
2025-07-19 18:33:33 INFO     2000 5959 4.893235 69375.3
2025-07-19 18:39:15 INFO     3000 5959 4.878862 69219.2
2025-07-19 18:45:07 INFO     4000 5959 4.909958 69305.9
2025-07-19 18:50:50 INFO     5000 5959 4.868810 69288.6
2025-07-19 18:56:17 INFO     >>>>> Predictor: Evaluating on valid
2025-07-19 18:57:37 INFO     Data : 2077
2025-07-19 18:57:37 INFO     Hit1 : 0.086182
2025-07-19 18:57:37 INFO     Hit3 : 0.171401
2025-07-19 18:57:37 INFO     Hit10: 0.286952
2025-07-19 18:57:37 INFO     MR   : 1010.367116
2025-07-19 18:57:37 INFO     MRR  : 0.151241
2025-07-19 18:57:37 INFO     >>>>> Predictor: Evaluating on test
2025-07-19 18:59:15 INFO     Data : 2342
2025-07-19 18:59:15 INFO     Hit1 : 0.111443
2025-07-19 18:59:15 INFO     Hit3 : 0.192997
2025-07-19 18:59:15 INFO     Hit10: 0.293766
2025-07-19 18:59:15 INFO     MR   : 935.195346
2025-07-19 18:59:15 INFO     MRR  : 0.172388
2025-07-19 18:59:15 INFO     -------------------------
2025-07-19 18:59:15 INFO     | Iteration: 3/5
2025-07-19 18:59:15 INFO     -------------------------
2025-07-19 18:59:15 INFO     >>>>> Predictor: Training
2025-07-19 19:04:52 INFO     1000 5959 4.879265 69288.6
2025-07-19 19:10:28 INFO     2000 5959 4.873321 69288.6
2025-07-19 19:16:13 INFO     3000 5959 4.859971 69340.6
2025-07-19 19:21:57 INFO     4000 5959 4.861494 69271.3
2025-07-19 19:27:40 INFO     5000 5959 4.902164 69219.2
2025-07-19 19:33:12 INFO     >>>>> Predictor: Evaluating on valid
2025-07-19 19:34:33 INFO     Data : 2077
2025-07-19 19:34:33 INFO     Hit1 : 0.085701
2025-07-19 19:34:33 INFO     Hit3 : 0.167068
2025-07-19 19:34:33 INFO     Hit10: 0.288878
2025-07-19 19:34:33 INFO     MR   : 1000.562350
2025-07-19 19:34:33 INFO     MRR  : 0.150374
2025-07-19 19:34:33 INFO     >>>>> Predictor: Evaluating on test
2025-07-19 19:36:06 INFO     Data : 2342
2025-07-19 19:36:06 INFO     Hit1 : 0.111870
2025-07-19 19:36:06 INFO     Hit3 : 0.190436
2025-07-19 19:36:06 INFO     Hit10: 0.293766
2025-07-19 19:36:06 INFO     MR   : 921.637489
2025-07-19 19:36:06 INFO     MRR  : 0.171082
2025-07-19 19:36:06 INFO     -------------------------
2025-07-19 19:36:06 INFO     | Iteration: 4/5
2025-07-19 19:36:06 INFO     -------------------------
2025-07-19 19:36:06 INFO     >>>>> Predictor: Training
2025-07-19 19:41:42 INFO     1000 5959 4.847539 69340.6
2025-07-19 19:47:23 INFO     2000 5959 4.822297 69184.5
2025-07-19 19:53:07 INFO     3000 5959 4.904518 69253.9
2025-07-19 19:58:42 INFO     4000 5959 4.864747 69340.6
2025-07-19 20:04:19 INFO     5000 5959 4.856697 69384.0
2025-07-19 20:09:51 INFO     >>>>> Predictor: Evaluating on valid
2025-07-19 20:11:20 INFO     Data : 2077
2025-07-19 20:11:20 INFO     Hit1 : 0.082330
2025-07-19 20:11:20 INFO     Hit3 : 0.168031
2025-07-19 20:11:20 INFO     Hit10: 0.288878
2025-07-19 20:11:20 INFO     MR   : 996.693308
2025-07-19 20:11:20 INFO     MRR  : 0.148591
2025-07-19 20:11:20 INFO     >>>>> Predictor: Evaluating on test
2025-07-19 20:12:50 INFO     Data : 2342
2025-07-19 20:12:50 INFO     Hit1 : 0.114859
2025-07-19 20:12:50 INFO     Hit3 : 0.190009
2025-07-19 20:12:50 INFO     Hit10: 0.294620
2025-07-19 20:12:50 INFO     MR   : 921.808711
2025-07-19 20:12:50 INFO     MRR  : 0.173256
2025-07-19 20:12:50 INFO     -------------------------
2025-07-19 20:12:50 INFO     | Iteration: 5/5
2025-07-19 20:12:50 INFO     -------------------------
2025-07-19 20:12:50 INFO     >>>>> Predictor: Training
2025-07-19 20:18:38 INFO     1000 5959 4.854681 69323.3
2025-07-19 20:24:22 INFO     2000 5959 4.865853 69332.0
2025-07-19 20:30:07 INFO     3000 5959 4.881810 69219.2
2025-07-19 20:36:04 INFO     4000 5959 4.860341 69297.3
2025-07-19 20:41:58 INFO     5000 5959 4.828079 69332.0
2025-07-19 20:47:28 INFO     >>>>> Predictor: Evaluating on valid
2025-07-19 20:48:48 INFO     Data : 2077
2025-07-19 20:48:48 INFO     Hit1 : 0.081367
2025-07-19 20:48:48 INFO     Hit3 : 0.159364
2025-07-19 20:48:48 INFO     Hit10: 0.287434
2025-07-19 20:48:48 INFO     MR   : 986.648532
2025-07-19 20:48:48 INFO     MRR  : 0.146025
2025-07-19 20:48:48 INFO     >>>>> Predictor: Evaluating on test
2025-07-19 20:50:19 INFO     Data : 2342
2025-07-19 20:50:19 INFO     Hit1 : 0.112724
2025-07-19 20:50:19 INFO     Hit3 : 0.184031
2025-07-19 20:50:19 INFO     Hit10: 0.294620
2025-07-19 20:50:19 INFO     MR   : 911.691076
2025-07-19 20:50:19 INFO     MRR  : 0.171986
2025-07-19 20:50:19 INFO     -------------------------
2025-07-19 20:50:19 INFO     | Final Test MRR: 0.172334
2025-07-19 20:50:19 INFO     -------------------------
