2025-06-12 18:58:32 INFO     Data loading | DONE!
2025-06-12 18:58:32 INFO     Using full datasets for training, validation, and testing.
2025-06-12 18:58:32 INFO     -------------------------
2025-06-12 18:58:32 INFO     | Pre-train Generator
2025-06-12 18:58:32 INFO     -------------------------
2025-06-12 18:58:33 INFO     >>>>> Generator: Training
2025-06-12 18:58:42 INFO     [E1000] Total: 1.372242 | Main: 1.651935 | Aux: 0.677538
2025-06-12 18:58:51 INFO     [E2000] Total: 1.302035 | Main: 1.566920 | Aux: 0.642017
2025-06-12 18:59:00 INFO     [E3000] Total: 1.295787 | Main: 1.559039 | Aux: 0.638332
2025-06-12 18:59:09 INFO     [E4000] Total: 1.291895 | Main: 1.554597 | Aux: 0.636594
2025-06-12 18:59:18 INFO     [E5000] Total: 1.286894 | Main: 1.548640 | Aux: 0.634391
2025-06-12 18:59:26 INFO     [E6000] Total: 1.288100 | Main: 1.549720 | Aux: 0.634190
2025-06-12 18:59:35 INFO     [E7000] Total: 1.284307 | Main: 1.545521 | Aux: 0.633071
2025-06-12 18:59:43 INFO     [E8000] Total: 1.284130 | Main: 1.545315 | Aux: 0.632632
2025-06-12 18:59:52 INFO     [E9000] Total: 1.282432 | Main: 1.543217 | Aux: 0.631932
2025-06-12 19:00:00 INFO     [E10000] Total: 1.278977 | Main: 1.539170 | Aux: 0.630899
2025-06-12 19:00:00 INFO     -------------------------
2025-06-12 19:00:00 INFO     | EM Iteration: 1/5
2025-06-12 19:00:00 INFO     -------------------------
2025-06-12 19:00:00 INFO     >>>>> Generator: Rule generation with sampling
2025-06-12 19:00:00 INFO     Predictor: read 1251 rules from list.
2025-06-12 19:00:00 INFO     Preprocess training set
2025-06-12 19:00:00 INFO     >>>>> Predictor: Training
2025-06-12 19:00:53 INFO     1000 12313 8.233216 69358.0
2025-06-12 19:01:44 INFO     2000 12313 7.801884 69332.0
2025-06-12 19:02:34 INFO     3000 12313 7.579574 69384.0
2025-06-12 19:03:25 INFO     4000 12313 7.469195 69279.9
2025-06-12 19:04:15 INFO     5000 12313 7.359506 69332.0
2025-06-12 19:05:06 INFO     6000 12313 7.279033 69384.0
2025-06-12 19:05:57 INFO     7000 12313 7.199322 69297.3
2025-06-12 19:06:47 INFO     8000 12313 7.190894 69323.3
2025-06-12 19:07:39 INFO     9000 12313 7.117698 69358.0
2025-06-12 19:08:28 INFO     10000 12313 7.108610 69332.0
2025-06-12 19:09:18 INFO     11000 12313 7.076070 69366.7
2025-06-12 19:10:13 INFO     12000 12313 7.050890 69279.9
2025-06-12 19:10:31 INFO     >>>>> Predictor: Evaluating on valid
2025-06-12 19:10:54 INFO     Data : 3823
2025-06-12 19:10:54 INFO     Hit1 : 0.024850
2025-06-12 19:10:54 INFO     Hit3 : 0.049438
2025-06-12 19:10:54 INFO     Hit10: 0.092859
2025-06-12 19:10:54 INFO     MR   : 1191.549961
2025-06-12 19:10:54 INFO     MRR  : 0.049565
2025-06-12 19:10:54 INFO     >>>>> Predictor: Evaluating on test
2025-06-12 19:11:20 INFO     Data : 4402
2025-06-12 19:11:20 INFO     Hit1 : 0.032485
2025-06-12 19:11:20 INFO     Hit3 : 0.057474
2025-06-12 19:11:20 INFO     Hit10: 0.095866
2025-06-12 19:11:20 INFO     MR   : 1182.488982
2025-06-12 19:11:20 INFO     MRR  : 0.055973
2025-06-12 19:11:20 INFO     >>>>> Predictor: Computing H scores of rules
2025-06-12 19:12:24 INFO     1000 12313
2025-06-12 19:13:27 INFO     2000 12313
2025-06-12 19:14:30 INFO     3000 12313
2025-06-12 19:15:33 INFO     4000 12313
2025-06-12 19:16:37 INFO     5000 12313
2025-06-12 19:17:41 INFO     6000 12313
2025-06-12 19:18:44 INFO     7000 12313
2025-06-12 19:19:48 INFO     8000 12313
2025-06-12 19:20:52 INFO     9000 12313
2025-06-12 19:21:54 INFO     10000 12313
2025-06-12 19:22:56 INFO     11000 12313
2025-06-12 19:23:53 INFO     12000 12313
2025-06-12 19:24:11 INFO     >>>>> Generator: Training
2025-06-12 19:24:12 INFO     -------------------------
2025-06-12 19:24:12 INFO     | EM Iteration: 2/5
2025-06-12 19:24:12 INFO     -------------------------
2025-06-12 19:24:12 INFO     >>>>> Generator: Rule generation with sampling
2025-06-12 19:24:12 INFO     Predictor: read 1338 rules from list.
2025-06-12 19:24:12 INFO     Preprocess training set
2025-06-12 19:24:12 INFO     >>>>> Predictor: Training
2025-06-12 19:25:08 INFO     1000 12313 8.252997 69366.7
2025-06-12 19:26:04 INFO     2000 12313 7.778538 69279.9
2025-06-12 19:27:00 INFO     3000 12313 7.609911 69253.9
2025-06-12 19:27:56 INFO     4000 12313 7.461955 69340.6
2025-06-12 19:28:50 INFO     5000 12313 7.380256 69366.7
2025-06-12 19:29:45 INFO     6000 12313 7.291212 69358.0
2025-06-12 19:30:41 INFO     7000 12313 7.256668 69366.7
2025-06-12 19:31:36 INFO     8000 12313 7.234743 69384.0
2025-06-12 19:32:31 INFO     9000 12313 7.196789 69262.6
2025-06-12 19:33:27 INFO     10000 12313 7.168071 69323.3
2025-06-12 19:34:23 INFO     11000 12313 7.141413 69366.7
2025-06-12 19:35:18 INFO     12000 12313 7.126396 69332.0
2025-06-12 19:35:36 INFO     >>>>> Predictor: Evaluating on valid
2025-06-12 19:35:55 INFO     Data : 3823
2025-06-12 19:35:55 INFO     Hit1 : 0.029558
2025-06-12 19:35:55 INFO     Hit3 : 0.057285
2025-06-12 19:35:55 INFO     Hit10: 0.113785
2025-06-12 19:35:55 INFO     MR   : 1157.754643
2025-06-12 19:35:55 INFO     MRR  : 0.058957
2025-06-12 19:35:55 INFO     >>>>> Predictor: Evaluating on test
2025-06-12 19:36:18 INFO     Data : 4402
2025-06-12 19:36:18 INFO     Hit1 : 0.035211
2025-06-12 19:36:18 INFO     Hit3 : 0.064289
2025-06-12 19:36:18 INFO     Hit10: 0.117674
2025-06-12 19:36:18 INFO     MR   : 1150.773171
2025-06-12 19:36:18 INFO     MRR  : 0.063769
2025-06-12 19:36:18 INFO     >>>>> Predictor: Computing H scores of rules
2025-06-12 19:37:19 INFO     1000 12313
2025-06-12 19:38:19 INFO     2000 12313
2025-06-12 19:39:18 INFO     3000 12313
2025-06-12 19:40:19 INFO     4000 12313
2025-06-12 19:41:18 INFO     5000 12313
2025-06-12 19:42:18 INFO     6000 12313
2025-06-12 19:43:18 INFO     7000 12313
2025-06-12 19:44:17 INFO     8000 12313
2025-06-12 19:45:17 INFO     9000 12313
2025-06-12 19:46:17 INFO     10000 12313
2025-06-12 19:47:18 INFO     11000 12313
2025-06-12 19:48:18 INFO     12000 12313
2025-06-12 19:48:37 INFO     >>>>> Generator: Training
2025-06-12 19:48:38 INFO     -------------------------
2025-06-12 19:48:38 INFO     | EM Iteration: 3/5
2025-06-12 19:48:38 INFO     -------------------------
2025-06-12 19:48:38 INFO     >>>>> Generator: Rule generation with sampling
2025-06-12 19:48:38 INFO     Predictor: read 1408 rules from list.
2025-06-12 19:48:38 INFO     Preprocess training set
2025-06-12 19:48:38 INFO     >>>>> Predictor: Training
2025-06-12 19:49:34 INFO     1000 12313 8.190453 69384.0
2025-06-12 19:50:29 INFO     2000 12313 7.710426 69384.0
2025-06-12 19:51:28 INFO     3000 12313 7.444886 69253.9
2025-06-12 19:52:28 INFO     4000 12313 7.304791 69323.3
2025-06-12 19:53:24 INFO     5000 12313 7.183235 69384.0
2025-06-12 19:54:21 INFO     6000 12313 7.059342 69323.3
2025-06-12 19:55:17 INFO     7000 12313 6.976771 69366.7
2025-06-12 19:56:13 INFO     8000 12313 6.911196 69332.0
2025-06-12 19:57:09 INFO     9000 12313 6.803845 69384.0
2025-06-12 19:58:04 INFO     10000 12313 6.805617 69227.9
2025-06-12 19:59:01 INFO     11000 12313 6.751555 69340.6
2025-06-12 19:59:58 INFO     12000 12313 6.718815 69297.3
2025-06-12 20:00:16 INFO     >>>>> Predictor: Evaluating on valid
2025-06-12 20:00:38 INFO     Data : 3823
2025-06-12 20:00:38 INFO     Hit1 : 0.030081
2025-06-12 20:00:38 INFO     Hit3 : 0.061470
2025-06-12 20:00:38 INFO     Hit10: 0.118493
2025-06-12 20:00:38 INFO     MR   : 1150.879152
2025-06-12 20:00:38 INFO     MRR  : 0.060744
2025-06-12 20:00:38 INFO     >>>>> Predictor: Evaluating on test
2025-06-12 20:01:04 INFO     Data : 4402
2025-06-12 20:01:04 INFO     Hit1 : 0.037483
2025-06-12 20:01:04 INFO     Hit3 : 0.067015
2025-06-12 20:01:04 INFO     Hit10: 0.122899
2025-06-12 20:01:04 INFO     MR   : 1129.834507
2025-06-12 20:01:04 INFO     MRR  : 0.066906
2025-06-12 20:01:04 INFO     >>>>> Predictor: Computing H scores of rules
2025-06-12 20:02:06 INFO     1000 12313
2025-06-12 20:03:07 INFO     2000 12313
2025-06-12 20:04:09 INFO     3000 12313
2025-06-12 20:05:10 INFO     4000 12313
2025-06-12 20:06:10 INFO     5000 12313
2025-06-12 20:07:11 INFO     6000 12313
2025-06-12 20:08:12 INFO     7000 12313
2025-06-12 20:09:14 INFO     8000 12313
2025-06-12 20:10:16 INFO     9000 12313
2025-06-12 20:11:17 INFO     10000 12313
2025-06-12 20:12:18 INFO     11000 12313
2025-06-12 20:13:18 INFO     12000 12313
2025-06-12 20:13:37 INFO     >>>>> Generator: Training
2025-06-12 20:13:38 INFO     -------------------------
2025-06-12 20:13:38 INFO     | EM Iteration: 4/5
2025-06-12 20:13:38 INFO     -------------------------
2025-06-12 20:13:38 INFO     >>>>> Generator: Rule generation with sampling
2025-06-12 20:13:38 INFO     Predictor: read 1479 rules from list.
2025-06-12 20:13:38 INFO     Preprocess training set
2025-06-12 20:13:38 INFO     >>>>> Predictor: Training
2025-06-12 20:14:37 INFO     1000 12313 8.236798 69314.6
2025-06-12 20:15:35 INFO     2000 12313 7.765359 69279.9
2025-06-12 20:16:33 INFO     3000 12313 7.519895 69366.7
2025-06-12 20:17:32 INFO     4000 12313 7.423474 69366.7
2025-06-12 20:18:30 INFO     5000 12313 7.332203 69288.6
2025-06-12 20:19:28 INFO     6000 12313 7.249453 69340.6
2025-06-12 20:20:26 INFO     7000 12313 7.153566 69384.0
2025-06-12 20:21:24 INFO     8000 12313 7.092937 69340.6
2025-06-12 20:22:21 INFO     9000 12313 7.111515 69384.0
2025-06-12 20:23:18 INFO     10000 12313 7.051373 69288.6
2025-06-12 20:24:15 INFO     11000 12313 7.040869 69262.6
2025-06-12 20:25:12 INFO     12000 12313 7.016217 69384.0
2025-06-12 20:25:29 INFO     >>>>> Predictor: Evaluating on valid
2025-06-12 20:25:53 INFO     Data : 3823
2025-06-12 20:25:53 INFO     Hit1 : 0.033220
2025-06-12 20:25:53 INFO     Hit3 : 0.070364
2025-06-12 20:25:53 INFO     Hit10: 0.135757
2025-06-12 20:25:53 INFO     MR   : 1098.276746
2025-06-12 20:25:53 INFO     MRR  : 0.068432
2025-06-12 20:25:53 INFO     >>>>> Predictor: Evaluating on test
2025-06-12 20:26:20 INFO     Data : 4402
2025-06-12 20:26:20 INFO     Hit1 : 0.043844
2025-06-12 20:26:20 INFO     Hit3 : 0.085189
2025-06-12 20:26:20 INFO     Hit10: 0.144025
2025-06-12 20:26:20 INFO     MR   : 1101.362790
2025-06-12 20:26:20 INFO     MRR  : 0.079019
2025-06-12 20:26:20 INFO     >>>>> Predictor: Computing H scores of rules
2025-06-12 20:27:23 INFO     1000 12313
2025-06-12 20:28:25 INFO     2000 12313
2025-06-12 20:29:27 INFO     3000 12313
2025-06-12 20:30:30 INFO     4000 12313
2025-06-12 20:31:33 INFO     5000 12313
2025-06-12 20:32:36 INFO     6000 12313
2025-06-12 20:33:40 INFO     7000 12313
2025-06-12 20:34:44 INFO     8000 12313
2025-06-12 20:35:45 INFO     9000 12313
2025-06-12 20:36:48 INFO     10000 12313
2025-06-12 20:37:50 INFO     11000 12313
2025-06-12 20:38:53 INFO     12000 12313
2025-06-12 20:39:12 INFO     >>>>> Generator: Training
2025-06-12 20:39:13 INFO     -------------------------
2025-06-12 20:39:13 INFO     | EM Iteration: 5/5
2025-06-12 20:39:13 INFO     -------------------------
2025-06-12 20:39:13 INFO     >>>>> Generator: Rule generation with sampling
2025-06-12 20:39:13 INFO     Predictor: read 1556 rules from list.
2025-06-12 20:39:13 INFO     Preprocess training set
2025-06-12 20:39:13 INFO     >>>>> Predictor: Training
2025-06-12 20:40:11 INFO     1000 12313 8.247144 69340.6
2025-06-12 20:41:08 INFO     2000 12313 7.798366 69288.6
2025-06-12 20:42:05 INFO     3000 12313 7.582935 69366.7
2025-06-12 20:43:03 INFO     4000 12313 7.473666 69305.9
2025-06-12 20:44:00 INFO     5000 12313 7.352110 69323.3
2025-06-12 20:44:58 INFO     6000 12313 7.303604 69384.0
2025-06-12 20:45:55 INFO     7000 12313 7.251188 69279.9
2025-06-12 20:46:52 INFO     8000 12313 7.175313 69384.0
2025-06-12 20:47:49 INFO     9000 12313 7.181493 69366.7
2025-06-12 20:48:46 INFO     10000 12313 7.133087 69297.3
2025-06-12 20:49:43 INFO     11000 12313 7.099774 69279.9
2025-06-12 20:50:40 INFO     12000 12313 7.102813 69384.0
2025-06-12 20:50:58 INFO     >>>>> Predictor: Evaluating on valid
2025-06-12 20:51:22 INFO     Data : 3823
2025-06-12 20:51:22 INFO     Hit1 : 0.027727
2025-06-12 20:51:22 INFO     Hit3 : 0.055454
2025-06-12 20:51:22 INFO     Hit10: 0.103584
2025-06-12 20:51:22 INFO     MR   : 1191.640204
2025-06-12 20:51:22 INFO     MRR  : 0.055553
2025-06-12 20:51:22 INFO     >>>>> Predictor: Evaluating on test
2025-06-12 20:51:50 INFO     Data : 4402
2025-06-12 20:51:50 INFO     Hit1 : 0.034530
2025-06-12 20:51:50 INFO     Hit3 : 0.061563
2025-06-12 20:51:50 INFO     Hit10: 0.105634
2025-06-12 20:51:50 INFO     MR   : 1170.049409
2025-06-12 20:51:50 INFO     MRR  : 0.060747
2025-06-12 20:51:50 INFO     >>>>> Predictor: Computing H scores of rules
2025-06-12 20:52:53 INFO     1000 12313
2025-06-12 20:53:56 INFO     2000 12313
2025-06-12 20:54:58 INFO     3000 12313
2025-06-12 20:56:01 INFO     4000 12313
2025-06-12 20:57:04 INFO     5000 12313
2025-06-12 20:58:07 INFO     6000 12313
2025-06-12 20:59:10 INFO     7000 12313
2025-06-12 21:00:12 INFO     8000 12313
2025-06-12 21:01:15 INFO     9000 12313
2025-06-12 21:02:18 INFO     10000 12313
2025-06-12 21:03:20 INFO     11000 12313
2025-06-12 21:04:24 INFO     12000 12313
2025-06-12 21:04:44 INFO     >>>>> Generator: Training
2025-06-12 21:04:45 INFO     -------------------------
2025-06-12 21:04:45 INFO     | Post-train Generator
2025-06-12 21:04:45 INFO     -------------------------
2025-06-12 21:04:45 INFO     >>>>> Generator: Training
2025-06-12 21:04:53 INFO     [E1000] Total: 1.451945 | Main: 1.752227 | Aux: 0.717759
2025-06-12 21:04:53 INFO     -------------------------
2025-06-12 21:04:53 INFO     | Beam Search Best Rules
2025-06-12 21:04:53 INFO     -------------------------
2025-06-12 21:04:53 INFO     >>>>> Generator: Rule generation with beam search
2025-06-12 21:04:53 INFO     >>>>> Generator: Rule generation with beam search
2025-06-12 21:04:54 INFO     >>>>> Generator: Rule generation with beam search
2025-06-12 21:05:05 INFO     >>>>> Generator: Rule generation with beam search
2025-06-12 21:05:13 INFO     >>>>> Generator: Rule generation with beam search
2025-06-12 21:05:18 INFO     -------------------------
2025-06-12 21:05:18 INFO     | Train Final Predictor+
2025-06-12 21:05:18 INFO     -------------------------
2025-06-12 21:05:18 INFO     Predictor+: read 18420 rules from list.
2025-06-12 21:05:18 INFO     Preprocess training set
2025-06-12 21:05:18 INFO     -------------------------
2025-06-12 21:05:18 INFO     | Iteration: 1/5
2025-06-12 21:05:18 INFO     -------------------------
2025-06-12 21:05:18 INFO     >>>>> Predictor: Training
2025-06-12 21:13:38 INFO     1000 12313 4.688283 69314.6
2025-06-12 21:22:06 INFO     2000 12313 4.492070 69366.7
2025-06-12 21:30:28 INFO     3000 12313 4.449043 69279.9
2025-06-12 21:38:50 INFO     4000 12313 4.448460 69340.6
2025-06-12 21:47:25 INFO     5000 12313 4.482028 69236.6
2025-06-12 21:56:05 INFO     6000 12313 4.444656 69366.7
2025-06-12 22:05:02 INFO     7000 12313 4.427158 69323.3
2025-06-12 22:13:59 INFO     8000 12313 4.460937 69349.3
2025-06-12 22:23:02 INFO     9000 12313 4.425907 69384.0
2025-06-12 22:32:04 INFO     10000 12313 4.417995 69384.0
2025-06-12 22:41:06 INFO     11000 12313 4.441776 69288.6
2025-06-12 22:50:07 INFO     12000 12313 4.444208 69366.7
2025-06-12 22:52:56 INFO     >>>>> Predictor: Evaluating on valid
2025-06-12 22:56:52 INFO     Data : 3823
2025-06-12 22:56:52 INFO     Hit1 : 0.072979
2025-06-12 22:56:52 INFO     Hit3 : 0.154591
2025-06-12 22:56:52 INFO     Hit10: 0.291133
2025-06-12 22:56:52 INFO     MR   : 617.927805
2025-06-12 22:56:52 INFO     MRR  : 0.144739
2025-06-12 22:56:52 INFO     >>>>> Predictor: Evaluating on test
2025-06-12 23:01:29 INFO     Data : 4402
2025-06-12 23:01:29 INFO     Hit1 : 0.104498
2025-06-12 23:01:29 INFO     Hit3 : 0.186960
2025-06-12 23:01:29 INFO     Hit10: 0.321672
2025-06-12 23:01:29 INFO     MR   : 597.983757
2025-06-12 23:01:29 INFO     MRR  : 0.175247
2025-06-12 23:01:29 INFO     Save checkpoint to results/semmeddb/multitask/matrix_encode_relation/task2_this_clus/random_init/cluster_3/adaptive/predictor.pt
2025-06-12 23:01:29 INFO     -------------------------
2025-06-12 23:01:29 INFO     | Iteration: 2/5
2025-06-12 23:01:29 INFO     -------------------------
2025-06-12 23:01:29 INFO     >>>>> Predictor: Training
2025-06-12 23:10:16 INFO     1000 12313 4.382518 69384.0
2025-06-12 23:18:46 INFO     2000 12313 4.380477 69384.0
2025-06-12 23:27:16 INFO     3000 12313 4.391028 69340.6
2025-06-12 23:35:43 INFO     4000 12313 4.395835 69305.9
2025-06-12 23:44:14 INFO     5000 12313 4.406340 69340.6
2025-06-12 23:52:39 INFO     6000 12313 4.408190 69297.3
2025-06-13 00:01:04 INFO     7000 12313 4.392000 69323.3
2025-06-13 00:09:29 INFO     8000 12313 4.415203 69366.7
2025-06-13 00:17:08 INFO     9000 12313 4.391642 69297.3
2025-06-13 00:24:47 INFO     10000 12313 4.405567 69366.7
2025-06-13 00:32:26 INFO     11000 12313 4.409792 69314.6
2025-06-13 00:40:03 INFO     12000 12313 4.422720 69279.9
2025-06-13 00:42:26 INFO     >>>>> Predictor: Evaluating on valid
2025-06-13 00:45:48 INFO     Data : 3823
2025-06-13 00:45:48 INFO     Hit1 : 0.078472
2025-06-13 00:45:48 INFO     Hit3 : 0.153544
2025-06-13 00:45:48 INFO     Hit10: 0.294272
2025-06-13 00:45:48 INFO     MR   : 606.461679
2025-06-13 00:45:48 INFO     MRR  : 0.146850
2025-06-13 00:45:48 INFO     >>>>> Predictor: Evaluating on test
2025-06-13 00:49:41 INFO     Data : 4402
2025-06-13 00:49:41 INFO     Hit1 : 0.107905
2025-06-13 00:49:41 INFO     Hit3 : 0.195366
2025-06-13 00:49:41 INFO     Hit10: 0.323262
2025-06-13 00:49:41 INFO     MR   : 579.222285
2025-06-13 00:49:41 INFO     MRR  : 0.178767
2025-06-13 00:49:41 INFO     Save checkpoint to results/semmeddb/multitask/matrix_encode_relation/task2_this_clus/random_init/cluster_3/adaptive/predictor.pt
2025-06-13 00:49:41 INFO     -------------------------
2025-06-13 00:49:41 INFO     | Iteration: 3/5
2025-06-13 00:49:41 INFO     -------------------------
2025-06-13 00:49:41 INFO     >>>>> Predictor: Training
2025-06-13 00:57:20 INFO     1000 12313 4.385333 69262.6
2025-06-13 01:04:56 INFO     2000 12313 4.368045 69384.0
2025-06-13 01:12:29 INFO     3000 12313 4.349880 69262.6
2025-06-13 01:20:08 INFO     4000 12313 4.391150 69323.3
2025-06-13 01:27:47 INFO     5000 12313 4.362548 69366.7
2025-06-13 01:35:27 INFO     6000 12313 4.383088 69323.3
2025-06-13 01:42:59 INFO     7000 12313 4.388343 69366.7
2025-06-13 01:50:32 INFO     8000 12313 4.398417 69384.0
2025-06-13 01:58:05 INFO     9000 12313 4.377998 69349.3
2025-06-13 02:05:37 INFO     10000 12313 4.401152 69314.6
2025-06-13 02:13:11 INFO     11000 12313 4.362436 69349.3
2025-06-13 02:20:43 INFO     12000 12313 4.399146 69314.6
2025-06-13 02:23:04 INFO     >>>>> Predictor: Evaluating on valid
2025-06-13 02:26:23 INFO     Data : 3823
2025-06-13 02:26:23 INFO     Hit1 : 0.078472
2025-06-13 02:26:23 INFO     Hit3 : 0.160084
2025-06-13 02:26:23 INFO     Hit10: 0.300026
2025-06-13 02:26:23 INFO     MR   : 604.431075
2025-06-13 02:26:23 INFO     MRR  : 0.149491
2025-06-13 02:26:23 INFO     >>>>> Predictor: Evaluating on test
2025-06-13 02:30:11 INFO     Data : 4402
2025-06-13 02:30:11 INFO     Hit1 : 0.108587
2025-06-13 02:30:11 INFO     Hit3 : 0.197637
2025-06-13 02:30:11 INFO     Hit10: 0.322808
2025-06-13 02:30:11 INFO     MR   : 571.097569
2025-06-13 02:30:11 INFO     MRR  : 0.180051
2025-06-13 02:30:11 INFO     Save checkpoint to results/semmeddb/multitask/matrix_encode_relation/task2_this_clus/random_init/cluster_3/adaptive/predictor.pt
2025-06-13 02:30:12 INFO     -------------------------
2025-06-13 02:30:12 INFO     | Iteration: 4/5
2025-06-13 02:30:12 INFO     -------------------------
2025-06-13 02:30:12 INFO     >>>>> Predictor: Training
2025-06-13 02:37:45 INFO     1000 12313 4.335681 69384.0
2025-06-13 02:45:18 INFO     2000 12313 4.358460 69340.6
2025-06-13 02:52:52 INFO     3000 12313 4.367758 69384.0
2025-06-13 03:00:24 INFO     4000 12313 4.394065 69253.9
2025-06-13 03:07:58 INFO     5000 12313 4.378007 69262.6
2025-06-13 03:15:34 INFO     6000 12313 4.391080 69340.6
2025-06-13 03:23:12 INFO     7000 12313 4.372081 69314.6
2025-06-13 03:30:47 INFO     8000 12313 4.350235 69323.3
2025-06-13 03:38:20 INFO     9000 12313 4.382779 69366.7
2025-06-13 03:46:00 INFO     10000 12313 4.353895 69349.3
2025-06-13 03:53:40 INFO     11000 12313 4.368457 69366.7
2025-06-13 04:01:15 INFO     12000 12313 4.383110 69366.7
2025-06-13 04:03:37 INFO     >>>>> Predictor: Evaluating on valid
2025-06-13 04:06:58 INFO     Data : 3823
2025-06-13 04:06:58 INFO     Hit1 : 0.075857
2025-06-13 04:06:58 INFO     Hit3 : 0.159561
2025-06-13 04:06:58 INFO     Hit10: 0.296626
2025-06-13 04:06:58 INFO     MR   : 594.023019
2025-06-13 04:06:58 INFO     MRR  : 0.147155
2025-06-13 04:06:58 INFO     >>>>> Predictor: Evaluating on test
2025-06-13 04:10:49 INFO     Data : 4402
2025-06-13 04:10:49 INFO     Hit1 : 0.106542
2025-06-13 04:10:49 INFO     Hit3 : 0.194003
2025-06-13 04:10:49 INFO     Hit10: 0.322353
2025-06-13 04:10:49 INFO     MR   : 562.693548
2025-06-13 04:10:49 INFO     MRR  : 0.178032
2025-06-13 04:10:49 INFO     -------------------------
2025-06-13 04:10:49 INFO     | Iteration: 5/5
2025-06-13 04:10:49 INFO     -------------------------
2025-06-13 04:10:49 INFO     >>>>> Predictor: Training
2025-06-13 04:18:32 INFO     1000 12313 4.333945 69323.3
2025-06-13 04:26:20 INFO     2000 12313 4.362659 69384.0
2025-06-13 04:34:04 INFO     3000 12313 4.354301 69245.2
2025-06-13 04:41:48 INFO     4000 12313 4.337495 69384.0
2025-06-13 04:49:31 INFO     5000 12313 4.383354 69366.7
2025-06-13 04:57:06 INFO     6000 12313 4.356805 69323.3
2025-06-13 05:04:38 INFO     7000 12313 4.376842 69384.0
2025-06-13 05:12:11 INFO     8000 12313 4.387777 69297.3
2025-06-13 05:19:44 INFO     9000 12313 4.363397 69384.0
2025-06-13 05:27:17 INFO     10000 12313 4.362227 69271.3
2025-06-13 05:34:52 INFO     11000 12313 4.363320 69340.6
2025-06-13 05:42:31 INFO     12000 12313 4.344585 69297.3
2025-06-13 05:44:57 INFO     >>>>> Predictor: Evaluating on valid
2025-06-13 05:48:23 INFO     Data : 3823
2025-06-13 05:48:23 INFO     Hit1 : 0.076903
2025-06-13 05:48:23 INFO     Hit3 : 0.158253
2025-06-13 05:48:23 INFO     Hit10: 0.292964
2025-06-13 05:48:23 INFO     MR   : 591.632226
2025-06-13 05:48:23 INFO     MRR  : 0.147229
2025-06-13 05:48:23 INFO     >>>>> Predictor: Evaluating on test
2025-06-13 05:52:16 INFO     Data : 4402
2025-06-13 05:52:16 INFO     Hit1 : 0.104498
2025-06-13 05:52:16 INFO     Hit3 : 0.186279
2025-06-13 05:52:16 INFO     Hit10: 0.319627
2025-06-13 05:52:16 INFO     MR   : 564.376306
2025-06-13 05:52:16 INFO     MRR  : 0.174085
2025-06-13 05:52:16 INFO     -------------------------
2025-06-13 05:52:16 INFO     | Final Test MRR: 0.180051
2025-06-13 05:52:16 INFO     -------------------------
