2025-05-19 20:58:51 INFO     -------------------------
2025-05-19 20:58:51 INFO     | Pre-train Generator
2025-05-19 20:58:51 INFO     -------------------------
2025-05-19 20:58:51 INFO     >>>>> Generator: Training
2025-05-19 20:58:55 INFO     [E1000] Total: 1.643058 | Main: 1.659845 | Aux: 1.022676
2025-05-19 20:58:59 INFO     [E2000] Total: 1.570275 | Main: 1.570275 | Aux: 1.059192
2025-05-19 20:59:03 INFO     [E3000] Total: 1.562104 | Main: 1.562104 | Aux: 1.085715
2025-05-19 20:59:07 INFO     [E4000] Total: 1.555851 | Main: 1.555851 | Aux: 1.105886
2025-05-19 20:59:11 INFO     [E5000] Total: 1.549458 | Main: 1.549458 | Aux: 1.122566
2025-05-19 20:59:15 INFO     [E6000] Total: 1.546494 | Main: 1.546494 | Aux: 1.141758
2025-05-19 20:59:19 INFO     [E7000] Total: 1.546280 | Main: 1.546280 | Aux: 1.162009
2025-05-19 20:59:23 INFO     [E8000] Total: 1.545598 | Main: 1.545598 | Aux: 1.184543
2025-05-19 20:59:27 INFO     [E9000] Total: 1.543191 | Main: 1.543191 | Aux: 1.201229
2025-05-19 20:59:31 INFO     [E10000] Total: 1.542369 | Main: 1.542369 | Aux: 1.210144
2025-05-19 20:59:31 INFO     -------------------------
2025-05-19 20:59:31 INFO     | EM Iteration: 1/2
2025-05-19 20:59:31 INFO     -------------------------
2025-05-19 20:59:31 INFO     >>>>> Generator: Rule generation with sampling
2025-05-19 20:59:31 INFO     Predictor: read 474 rules from list.
2025-05-19 20:59:31 INFO     Preprocess training set
2025-05-19 20:59:31 INFO     >>>>> Predictor: Training
2025-05-19 20:59:33 INFO     100 12313 8.943219 69123.8
2025-05-19 20:59:34 INFO     200 12313 8.693129 69384.0
2025-05-19 20:59:36 INFO     300 12313 8.514333 69384.0
2025-05-19 20:59:38 INFO     400 12313 8.370762 69384.0
2025-05-19 20:59:39 INFO     500 12313 8.325098 69384.0
2025-05-19 20:59:41 INFO     600 12313 8.134297 69384.0
2025-05-19 20:59:42 INFO     700 12313 8.131978 69384.0
2025-05-19 20:59:44 INFO     800 12313 8.135054 69384.0
2025-05-19 20:59:45 INFO     900 12313 8.077690 69384.0
2025-05-19 20:59:47 INFO     1000 12313 7.915646 69384.0
2025-05-19 20:59:48 INFO     1100 12313 7.969739 69210.5
2025-05-19 20:59:50 INFO     1200 12313 7.944345 69384.0
2025-05-19 20:59:51 INFO     1300 12313 7.991566 69384.0
2025-05-19 20:59:53 INFO     1400 12313 7.918250 69384.0
2025-05-19 20:59:54 INFO     1500 12313 7.942685 69384.0
2025-05-19 20:59:56 INFO     1600 12313 7.895978 69384.0
2025-05-19 20:59:57 INFO     1700 12313 7.847575 69384.0
2025-05-19 20:59:59 INFO     1800 12313 7.760431 69037.1
2025-05-19 21:00:00 INFO     1900 12313 7.898729 69384.0
2025-05-19 21:00:02 INFO     2000 12313 7.733591 69384.0
2025-05-19 21:00:03 INFO     2100 12313 7.731946 69384.0
2025-05-19 21:00:05 INFO     2200 12313 7.712894 69384.0
2025-05-19 21:00:06 INFO     2300 12313 7.789661 69384.0
2025-05-19 21:00:08 INFO     2400 12313 7.736628 69384.0
2025-05-19 21:00:09 INFO     2500 12313 7.683762 69384.0
2025-05-19 21:00:11 INFO     2600 12313 7.706156 69384.0
2025-05-19 21:00:12 INFO     2700 12313 7.744720 69384.0
2025-05-19 21:00:14 INFO     2800 12313 7.576278 69384.0
2025-05-19 21:00:15 INFO     2900 12313 7.605603 69384.0
2025-05-19 21:00:17 INFO     3000 12313 7.677984 69384.0
2025-05-19 21:00:18 INFO     3100 12313 7.705465 68776.9
2025-05-19 21:00:20 INFO     3200 12313 7.598349 69384.0
2025-05-19 21:00:21 INFO     3300 12313 7.643213 69384.0
2025-05-19 21:00:23 INFO     3400 12313 7.608729 69384.0
2025-05-19 21:00:24 INFO     3500 12313 7.616832 69384.0
2025-05-19 21:00:26 INFO     3600 12313 7.559974 69384.0
2025-05-19 21:00:27 INFO     3700 12313 7.459787 69384.0
2025-05-19 21:00:29 INFO     3800 12313 7.557434 69384.0
2025-05-19 21:00:30 INFO     3900 12313 7.592382 69384.0
2025-05-19 21:00:32 INFO     4000 12313 7.562562 68950.4
2025-05-19 21:00:33 INFO     4100 12313 7.463440 69384.0
2025-05-19 21:00:35 INFO     4200 12313 7.497300 69384.0
2025-05-19 21:00:36 INFO     4300 12313 7.571174 69384.0
2025-05-19 21:00:38 INFO     4400 12313 7.483468 68863.6
2025-05-19 21:00:39 INFO     4500 12313 7.503937 69384.0
2025-05-19 21:00:41 INFO     4600 12313 7.459926 69384.0
2025-05-19 21:00:42 INFO     4700 12313 7.449386 69384.0
2025-05-19 21:00:44 INFO     4800 12313 7.468719 69384.0
2025-05-19 21:00:45 INFO     4900 12313 7.624122 69384.0
2025-05-19 21:00:47 INFO     5000 12313 7.547324 69384.0
2025-05-19 21:00:48 INFO     5100 12313 7.453246 69384.0
2025-05-19 21:00:50 INFO     5200 12313 7.413791 69384.0
2025-05-19 21:00:51 INFO     5300 12313 7.469598 69384.0
2025-05-19 21:00:53 INFO     5400 12313 7.583388 69384.0
2025-05-19 21:00:54 INFO     5500 12313 7.426378 69384.0
2025-05-19 21:00:56 INFO     5600 12313 7.465077 69384.0
2025-05-19 21:00:58 INFO     5700 12313 7.500994 69384.0
2025-05-19 21:00:59 INFO     5800 12313 7.367732 69384.0
2025-05-19 21:01:01 INFO     5900 12313 7.438797 69384.0
2025-05-19 21:01:02 INFO     6000 12313 7.389896 69384.0
2025-05-19 21:01:04 INFO     6100 12313 7.369004 69384.0
2025-05-19 21:01:05 INFO     6200 12313 7.391964 69384.0
2025-05-19 21:01:07 INFO     6300 12313 7.432068 69384.0
2025-05-19 21:01:08 INFO     6400 12313 7.356892 68950.4
2025-05-19 21:01:10 INFO     6500 12313 7.408020 69384.0
2025-05-19 21:01:11 INFO     6600 12313 7.453769 68950.4
2025-05-19 21:01:13 INFO     6700 12313 7.308763 69384.0
2025-05-19 21:01:14 INFO     6800 12313 7.296246 69384.0
2025-05-19 21:01:16 INFO     6900 12313 7.443675 69384.0
2025-05-19 21:01:17 INFO     7000 12313 7.393744 69384.0
2025-05-19 21:01:19 INFO     7100 12313 7.381012 69384.0
2025-05-19 21:01:21 INFO     7200 12313 7.423374 69384.0
2025-05-19 21:01:22 INFO     7300 12313 7.340503 69384.0
2025-05-19 21:01:24 INFO     7400 12313 7.361653 69384.0
2025-05-19 21:01:25 INFO     7500 12313 7.397573 68776.9
2025-05-19 21:01:27 INFO     7600 12313 7.295544 69384.0
2025-05-19 21:01:28 INFO     7700 12313 7.364297 69384.0
2025-05-19 21:01:30 INFO     7800 12313 7.372161 69384.0
2025-05-19 21:01:31 INFO     7900 12313 7.369971 69384.0
2025-05-19 21:01:33 INFO     8000 12313 7.324523 69384.0
2025-05-19 21:01:34 INFO     8100 12313 7.317986 69384.0
2025-05-19 21:01:36 INFO     8200 12313 7.376336 69384.0
2025-05-19 21:01:37 INFO     8300 12313 7.361533 69123.8
2025-05-19 21:01:39 INFO     8400 12313 7.300101 69384.0
2025-05-19 21:01:40 INFO     8500 12313 7.273876 69384.0
2025-05-19 21:01:42 INFO     8600 12313 7.356245 69384.0
2025-05-19 21:01:44 INFO     8700 12313 7.275810 69384.0
2025-05-19 21:01:45 INFO     8800 12313 7.311526 69384.0
2025-05-19 21:01:47 INFO     8900 12313 7.252022 69384.0
2025-05-19 21:01:48 INFO     9000 12313 7.333472 69384.0
2025-05-19 21:01:50 INFO     9100 12313 7.274763 69384.0
2025-05-19 21:01:51 INFO     9200 12313 7.296934 69384.0
2025-05-19 21:01:53 INFO     9300 12313 7.388854 69384.0
2025-05-19 21:01:54 INFO     9400 12313 7.280098 69384.0
2025-05-19 21:01:56 INFO     9500 12313 7.328296 69384.0
2025-05-19 21:01:57 INFO     9600 12313 7.302262 69384.0
2025-05-19 21:01:59 INFO     9700 12313 7.420426 69037.1
2025-05-19 21:02:00 INFO     9800 12313 7.343462 69210.5
2025-05-19 21:02:02 INFO     9900 12313 7.284826 69384.0
2025-05-19 21:02:03 INFO     10000 12313 7.325669 69384.0
2025-05-19 21:02:03 INFO     >>>>> Predictor: Evaluating on valid
2025-05-19 21:02:09 INFO     Data : 3823
2025-05-19 21:02:09 INFO     Hit1 : 0.022234
2025-05-19 21:02:09 INFO     Hit3 : 0.047868
2025-05-19 21:02:09 INFO     Hit10: 0.094428
2025-05-19 21:02:09 INFO     MR   : 1182.148313
2025-05-19 21:02:09 INFO     MRR  : 0.048184
2025-05-19 21:02:09 INFO     >>>>> Predictor: Evaluating on test
2025-05-19 21:02:15 INFO     Data : 4402
2025-05-19 21:02:15 INFO     Hit1 : 0.031577
2025-05-19 21:02:15 INFO     Hit3 : 0.057474
2025-05-19 21:02:15 INFO     Hit10: 0.094730
2025-05-19 21:02:15 INFO     MR   : 1174.581440
2025-05-19 21:02:15 INFO     MRR  : 0.055721
2025-05-19 21:02:15 INFO     >>>>> Predictor: Computing H scores of rules
2025-05-19 21:02:30 INFO     1000 12313
2025-05-19 21:02:45 INFO     2000 12313
2025-05-19 21:03:00 INFO     3000 12313
2025-05-19 21:03:15 INFO     4000 12313
2025-05-19 21:03:31 INFO     5000 12313
2025-05-19 21:03:46 INFO     6000 12313
2025-05-19 21:04:01 INFO     7000 12313
2025-05-19 21:04:16 INFO     8000 12313
2025-05-19 21:04:31 INFO     9000 12313
2025-05-19 21:04:46 INFO     10000 12313
2025-05-19 21:05:01 INFO     11000 12313
2025-05-19 21:05:16 INFO     12000 12313
2025-05-19 21:05:21 INFO     >>>>> Generator: Training
2025-05-19 21:05:21 INFO     -------------------------
2025-05-19 21:05:21 INFO     | EM Iteration: 2/2
2025-05-19 21:05:21 INFO     -------------------------
2025-05-19 21:05:21 INFO     >>>>> Generator: Rule generation with sampling
2025-05-19 21:05:22 INFO     Predictor: read 493 rules from list.
2025-05-19 21:05:22 INFO     Preprocess training set
2025-05-19 21:05:22 INFO     >>>>> Predictor: Training
2025-05-19 21:05:23 INFO     100 12313 8.970711 69384.0
2025-05-19 21:05:25 INFO     200 12313 8.718550 69384.0
2025-05-19 21:05:26 INFO     300 12313 8.551741 69384.0
2025-05-19 21:05:28 INFO     400 12313 8.416161 69384.0
2025-05-19 21:05:29 INFO     500 12313 8.325052 69384.0
2025-05-19 21:05:31 INFO     600 12313 8.225206 69384.0
2025-05-19 21:05:32 INFO     700 12313 8.152558 69384.0
2025-05-19 21:05:34 INFO     800 12313 8.125529 69210.5
2025-05-19 21:05:35 INFO     900 12313 8.063495 69384.0
2025-05-19 21:05:37 INFO     1000 12313 8.106541 69384.0
2025-05-19 21:05:39 INFO     1100 12313 7.986645 68776.9
2025-05-19 21:05:40 INFO     1200 12313 7.946687 69384.0
2025-05-19 21:05:42 INFO     1300 12313 7.954281 69384.0
2025-05-19 21:05:43 INFO     1400 12313 7.905817 69210.5
2025-05-19 21:05:45 INFO     1500 12313 7.969344 69384.0
2025-05-19 21:05:46 INFO     1600 12313 7.829228 69384.0
2025-05-19 21:05:48 INFO     1700 12313 7.800895 69384.0
2025-05-19 21:05:50 INFO     1800 12313 7.882183 69384.0
2025-05-19 21:05:51 INFO     1900 12313 7.781248 69123.8
2025-05-19 21:05:53 INFO     2000 12313 7.741677 69384.0
2025-05-19 21:05:54 INFO     2100 12313 7.744691 69384.0
2025-05-19 21:05:56 INFO     2200 12313 7.754600 69384.0
2025-05-19 21:05:58 INFO     2300 12313 7.793803 68516.7
2025-05-19 21:05:59 INFO     2400 12313 7.667316 68950.4
2025-05-19 21:06:01 INFO     2500 12313 7.716171 69384.0
2025-05-19 21:06:02 INFO     2600 12313 7.733629 69384.0
2025-05-19 21:06:04 INFO     2700 12313 7.742730 69384.0
2025-05-19 21:06:05 INFO     2800 12313 7.637345 69384.0
2025-05-19 21:06:07 INFO     2900 12313 7.657007 69384.0
2025-05-19 21:06:08 INFO     3000 12313 7.670410 69384.0
2025-05-19 21:06:10 INFO     3100 12313 7.593325 69384.0
2025-05-19 21:06:11 INFO     3200 12313 7.596382 69384.0
2025-05-19 21:06:13 INFO     3300 12313 7.686342 69384.0
2025-05-19 21:06:14 INFO     3400 12313 7.592172 69384.0
2025-05-19 21:06:16 INFO     3500 12313 7.551041 69384.0
2025-05-19 21:06:18 INFO     3600 12313 7.591723 68950.4
2025-05-19 21:06:19 INFO     3700 12313 7.621357 69384.0
2025-05-19 21:06:21 INFO     3800 12313 7.533022 69384.0
2025-05-19 21:06:22 INFO     3900 12313 7.521916 69384.0
2025-05-19 21:06:24 INFO     4000 12313 7.559821 69384.0
2025-05-19 21:06:25 INFO     4100 12313 7.555161 69384.0
2025-05-19 21:06:27 INFO     4200 12313 7.516752 69384.0
2025-05-19 21:06:29 INFO     4300 12313 7.482811 69384.0
2025-05-19 21:06:30 INFO     4400 12313 7.550878 69384.0
2025-05-19 21:06:32 INFO     4500 12313 7.563481 69384.0
2025-05-19 21:06:33 INFO     4600 12313 7.568692 69384.0
2025-05-19 21:06:35 INFO     4700 12313 7.537196 69210.5
2025-05-19 21:06:36 INFO     4800 12313 7.508173 69384.0
2025-05-19 21:06:38 INFO     4900 12313 7.415850 69384.0
2025-05-19 21:06:40 INFO     5000 12313 7.450339 69384.0
2025-05-19 21:06:41 INFO     5100 12313 7.420396 69384.0
2025-05-19 21:06:43 INFO     5200 12313 7.474242 69384.0
2025-05-19 21:06:44 INFO     5300 12313 7.454684 69123.8
2025-05-19 21:06:46 INFO     5400 12313 7.437001 69384.0
2025-05-19 21:06:47 INFO     5500 12313 7.454747 69384.0
2025-05-19 21:06:49 INFO     5600 12313 7.523316 69384.0
2025-05-19 21:06:50 INFO     5700 12313 7.354961 69384.0
2025-05-19 21:06:52 INFO     5800 12313 7.393255 69384.0
2025-05-19 21:06:53 INFO     5900 12313 7.537490 69384.0
2025-05-19 21:06:55 INFO     6000 12313 7.384220 69384.0
2025-05-19 21:06:57 INFO     6100 12313 7.375468 69384.0
2025-05-19 21:06:58 INFO     6200 12313 7.421796 69384.0
2025-05-19 21:07:00 INFO     6300 12313 7.446371 69384.0
2025-05-19 21:07:01 INFO     6400 12313 7.374458 69384.0
2025-05-19 21:07:03 INFO     6500 12313 7.372530 69384.0
2025-05-19 21:07:04 INFO     6600 12313 7.515072 69384.0
2025-05-19 21:07:06 INFO     6700 12313 7.409932 69384.0
2025-05-19 21:07:07 INFO     6800 12313 7.357121 69384.0
2025-05-19 21:07:09 INFO     6900 12313 7.463524 69210.5
2025-05-19 21:07:11 INFO     7000 12313 7.396869 69384.0
2025-05-19 21:07:12 INFO     7100 12313 7.383466 69384.0
2025-05-19 21:07:14 INFO     7200 12313 7.428644 69384.0
2025-05-19 21:07:15 INFO     7300 12313 7.379987 69384.0
2025-05-19 21:07:17 INFO     7400 12313 7.410066 69384.0
2025-05-19 21:07:18 INFO     7500 12313 7.353539 69384.0
2025-05-19 21:07:20 INFO     7600 12313 7.356185 69384.0
2025-05-19 21:07:22 INFO     7700 12313 7.412225 69384.0
2025-05-19 21:07:23 INFO     7800 12313 7.459271 69384.0
2025-05-19 21:07:25 INFO     7900 12313 7.340811 69384.0
2025-05-19 21:07:26 INFO     8000 12313 7.398796 69384.0
2025-05-19 21:07:28 INFO     8100 12313 7.296116 69384.0
2025-05-19 21:07:29 INFO     8200 12313 7.335127 68776.9
2025-05-19 21:07:31 INFO     8300 12313 7.430652 69384.0
2025-05-19 21:07:32 INFO     8400 12313 7.393793 69384.0
2025-05-19 21:07:34 INFO     8500 12313 7.372155 68776.9
2025-05-19 21:07:36 INFO     8600 12313 7.372409 69384.0
2025-05-19 21:07:37 INFO     8700 12313 7.388795 69384.0
2025-05-19 21:07:39 INFO     8800 12313 7.428015 69384.0
2025-05-19 21:07:40 INFO     8900 12313 7.267917 69384.0
2025-05-19 21:07:42 INFO     9000 12313 7.309693 69384.0
2025-05-19 21:07:43 INFO     9100 12313 7.329770 69037.1
2025-05-19 21:07:45 INFO     9200 12313 7.357453 69384.0
2025-05-19 21:07:46 INFO     9300 12313 7.370670 69384.0
2025-05-19 21:07:48 INFO     9400 12313 7.346910 69123.8
2025-05-19 21:07:49 INFO     9500 12313 7.416439 69384.0
2025-05-19 21:07:51 INFO     9600 12313 7.352838 69384.0
2025-05-19 21:07:52 INFO     9700 12313 7.374617 69384.0
2025-05-19 21:07:54 INFO     9800 12313 7.223111 69384.0
2025-05-19 21:07:56 INFO     9900 12313 7.364971 69384.0
2025-05-19 21:07:57 INFO     10000 12313 7.281835 69384.0
2025-05-19 21:07:57 INFO     >>>>> Predictor: Evaluating on valid
2025-05-19 21:08:04 INFO     Data : 3823
2025-05-19 21:08:04 INFO     Hit1 : 0.028250
2025-05-19 21:08:04 INFO     Hit3 : 0.060162
2025-05-19 21:08:04 INFO     Hit10: 0.108292
2025-05-19 21:08:04 INFO     MR   : 1188.510594
2025-05-19 21:08:04 INFO     MRR  : 0.057274
2025-05-19 21:08:04 INFO     >>>>> Predictor: Evaluating on test
2025-05-19 21:08:11 INFO     Data : 4402
2025-05-19 21:08:11 INFO     Hit1 : 0.038392
2025-05-19 21:08:11 INFO     Hit3 : 0.064743
2025-05-19 21:08:11 INFO     Hit10: 0.111086
2025-05-19 21:08:11 INFO     MR   : 1195.733530
2025-05-19 21:08:11 INFO     MRR  : 0.063682
2025-05-19 21:08:11 INFO     >>>>> Predictor: Computing H scores of rules
2025-05-19 21:08:26 INFO     1000 12313
2025-05-19 21:08:42 INFO     2000 12313
2025-05-19 21:08:57 INFO     3000 12313
2025-05-19 21:09:13 INFO     4000 12313
2025-05-19 21:09:28 INFO     5000 12313
2025-05-19 21:09:44 INFO     6000 12313
2025-05-19 21:10:00 INFO     7000 12313
2025-05-19 21:10:15 INFO     8000 12313
2025-05-19 21:10:31 INFO     9000 12313
2025-05-19 21:10:47 INFO     10000 12313
2025-05-19 21:11:03 INFO     11000 12313
2025-05-19 21:11:18 INFO     12000 12313
2025-05-19 21:11:23 INFO     >>>>> Generator: Training
2025-05-19 21:11:24 INFO     -------------------------
2025-05-19 21:11:24 INFO     | Post-train Generator
2025-05-19 21:11:24 INFO     -------------------------
2025-05-19 21:11:24 INFO     >>>>> Generator: Training
2025-05-19 21:11:27 INFO     [E1000] Total: 1.567891 | Main: 1.573861 | Aux: 1.119651
2025-05-19 21:11:27 INFO     -------------------------
2025-05-19 21:11:27 INFO     | Beam Search Best Rules
2025-05-19 21:11:27 INFO     -------------------------
2025-05-19 21:11:27 INFO     >>>>> Generator: Rule generation with beam search
2025-05-19 21:11:28 INFO     >>>>> Generator: Rule generation with beam search
2025-05-19 21:11:28 INFO     >>>>> Generator: Rule generation with beam search
2025-05-19 21:11:29 INFO     >>>>> Generator: Rule generation with beam search
2025-05-19 21:11:30 INFO     >>>>> Generator: Rule generation with beam search
2025-05-19 21:11:31 INFO     -------------------------
2025-05-19 21:11:31 INFO     | Train Final Predictor+
2025-05-19 21:11:31 INFO     -------------------------
2025-05-19 21:11:31 INFO     Predictor+: read 3220 rules from list.
2025-05-19 21:11:31 INFO     Preprocess training set
2025-05-19 21:11:31 INFO     -------------------------
2025-05-19 21:11:31 INFO     | Iteration: 1/1
2025-05-19 21:11:31 INFO     -------------------------
2025-05-19 21:11:31 INFO     >>>>> Predictor: Training
2025-05-19 21:11:38 INFO     100 12313 5.500677 69384.0
2025-05-19 21:11:44 INFO     200 12313 4.836516 69384.0
2025-05-19 21:11:51 INFO     300 12313 4.623482 69384.0
2025-05-19 21:11:57 INFO     400 12313 4.721343 69384.0
2025-05-19 21:12:04 INFO     500 12313 4.614899 69384.0
2025-05-19 21:12:11 INFO     600 12313 4.490916 69384.0
2025-05-19 21:12:17 INFO     700 12313 4.553367 69384.0
2025-05-19 21:12:23 INFO     800 12313 4.564852 69384.0
2025-05-19 21:12:30 INFO     900 12313 4.586852 69384.0
2025-05-19 21:12:36 INFO     1000 12313 4.568631 69384.0
2025-05-19 21:12:43 INFO     1100 12313 4.504885 69384.0
2025-05-19 21:12:49 INFO     1200 12313 4.523501 69384.0
2025-05-19 21:12:56 INFO     1300 12313 4.558565 69384.0
2025-05-19 21:13:02 INFO     1400 12313 4.553344 69384.0
2025-05-19 21:13:09 INFO     1500 12313 4.484431 69384.0
2025-05-19 21:13:15 INFO     1600 12313 4.551731 69384.0
2025-05-19 21:13:22 INFO     1700 12313 4.493309 69384.0
2025-05-19 21:13:28 INFO     1800 12313 4.608786 69384.0
2025-05-19 21:13:35 INFO     1900 12313 4.541650 69384.0
2025-05-19 21:13:42 INFO     2000 12313 4.535066 69384.0
2025-05-19 21:13:48 INFO     2100 12313 4.505387 69384.0
2025-05-19 21:13:55 INFO     2200 12313 4.568970 68863.6
2025-05-19 21:14:01 INFO     2300 12313 4.523554 69384.0
2025-05-19 21:14:08 INFO     2400 12313 4.474496 69210.5
2025-05-19 21:14:15 INFO     2500 12313 4.600325 69384.0
2025-05-19 21:14:21 INFO     2600 12313 4.632206 69384.0
2025-05-19 21:14:28 INFO     2700 12313 4.485083 68776.9
2025-05-19 21:14:35 INFO     2800 12313 4.468016 69384.0
2025-05-19 21:14:41 INFO     2900 12313 4.545459 69384.0
2025-05-19 21:14:48 INFO     3000 12313 4.402300 69384.0
2025-05-19 21:14:54 INFO     3100 12313 4.487928 69384.0
2025-05-19 21:15:01 INFO     3200 12313 4.490144 69384.0
2025-05-19 21:15:08 INFO     3300 12313 4.477010 68776.9
2025-05-19 21:15:14 INFO     3400 12313 4.479336 69384.0
2025-05-19 21:15:21 INFO     3500 12313 4.582321 69384.0
2025-05-19 21:15:27 INFO     3600 12313 4.506177 69384.0
2025-05-19 21:15:34 INFO     3700 12313 4.448203 69384.0
2025-05-19 21:15:41 INFO     3800 12313 4.469128 69384.0
2025-05-19 21:15:47 INFO     3900 12313 4.530106 69384.0
2025-05-19 21:15:54 INFO     4000 12313 4.470349 69384.0
2025-05-19 21:16:01 INFO     4100 12313 4.537565 69384.0
2025-05-19 21:16:07 INFO     4200 12313 4.528741 69384.0
2025-05-19 21:16:14 INFO     4300 12313 4.480886 69384.0
2025-05-19 21:16:20 INFO     4400 12313 4.483080 69384.0
2025-05-19 21:16:27 INFO     4500 12313 4.582829 69384.0
2025-05-19 21:16:34 INFO     4600 12313 4.449364 69384.0
2025-05-19 21:16:40 INFO     4700 12313 4.440536 69384.0
2025-05-19 21:16:47 INFO     4800 12313 4.499826 69384.0
2025-05-19 21:16:54 INFO     4900 12313 4.537704 69384.0
2025-05-19 21:17:00 INFO     5000 12313 4.452687 69384.0
2025-05-19 21:17:07 INFO     5100 12313 4.542597 69384.0
2025-05-19 21:17:13 INFO     5200 12313 4.554844 69384.0
2025-05-19 21:17:20 INFO     5300 12313 4.503459 69384.0
2025-05-19 21:17:27 INFO     5400 12313 4.511354 69384.0
2025-05-19 21:17:33 INFO     5500 12313 4.461107 68950.4
2025-05-19 21:17:40 INFO     5600 12313 4.523871 69384.0
2025-05-19 21:17:46 INFO     5700 12313 4.511791 69384.0
2025-05-19 21:17:53 INFO     5800 12313 4.495996 69384.0
2025-05-19 21:18:00 INFO     5900 12313 4.492484 69210.5
2025-05-19 21:18:06 INFO     6000 12313 4.516808 69384.0
2025-05-19 21:18:13 INFO     6100 12313 4.525747 69384.0
2025-05-19 21:18:19 INFO     6200 12313 4.583491 69210.5
2025-05-19 21:18:26 INFO     6300 12313 4.417900 69384.0
2025-05-19 21:18:32 INFO     6400 12313 4.435838 69384.0
2025-05-19 21:18:39 INFO     6500 12313 4.497941 69384.0
2025-05-19 21:18:45 INFO     6600 12313 4.538142 69384.0
2025-05-19 21:18:52 INFO     6700 12313 4.480487 69384.0
2025-05-19 21:18:59 INFO     6800 12313 4.423971 69384.0
2025-05-19 21:19:05 INFO     6900 12313 4.515001 69384.0
2025-05-19 21:19:12 INFO     7000 12313 4.444650 69384.0
2025-05-19 21:19:18 INFO     7100 12313 4.446448 69384.0
2025-05-19 21:19:25 INFO     7200 12313 4.484011 69384.0
2025-05-19 21:19:31 INFO     7300 12313 4.519959 69123.8
2025-05-19 21:19:38 INFO     7400 12313 4.543506 69384.0
2025-05-19 21:19:44 INFO     7500 12313 4.482439 69384.0
2025-05-19 21:19:51 INFO     7600 12313 4.507878 69123.8
2025-05-19 21:19:57 INFO     7700 12313 4.488547 69384.0
2025-05-19 21:20:04 INFO     7800 12313 4.478693 69384.0
2025-05-19 21:20:10 INFO     7900 12313 4.450534 69384.0
2025-05-19 21:20:17 INFO     8000 12313 4.530174 69384.0
2025-05-19 21:20:23 INFO     8100 12313 4.435378 69384.0
2025-05-19 21:20:30 INFO     8200 12313 4.444560 69384.0
2025-05-19 21:20:37 INFO     8300 12313 4.505383 69384.0
2025-05-19 21:20:43 INFO     8400 12313 4.492624 69384.0
2025-05-19 21:20:50 INFO     8500 12313 4.520760 69384.0
2025-05-19 21:20:56 INFO     8600 12313 4.395986 69384.0
2025-05-19 21:21:03 INFO     8700 12313 4.344078 69384.0
2025-05-19 21:21:09 INFO     8800 12313 4.570675 69384.0
2025-05-19 21:21:16 INFO     8900 12313 4.497366 69384.0
2025-05-19 21:21:22 INFO     9000 12313 4.493542 69384.0
2025-05-19 21:21:29 INFO     9100 12313 4.475215 69210.5
2025-05-19 21:21:35 INFO     9200 12313 4.545845 69384.0
2025-05-19 21:21:42 INFO     9300 12313 4.466806 69384.0
2025-05-19 21:21:49 INFO     9400 12313 4.435821 68950.4
2025-05-19 21:21:55 INFO     9500 12313 4.391675 69384.0
2025-05-19 21:22:02 INFO     9600 12313 4.441175 68776.9
2025-05-19 21:22:08 INFO     9700 12313 4.520657 69384.0
2025-05-19 21:22:15 INFO     9800 12313 4.492975 69037.1
2025-05-19 21:22:21 INFO     9900 12313 4.542677 69384.0
2025-05-19 21:22:28 INFO     10000 12313 4.453979 69384.0
2025-05-19 21:22:28 INFO     >>>>> Predictor: Evaluating on valid
2025-05-19 21:22:54 INFO     Data : 3823
2025-05-19 21:22:54 INFO     Hit1 : 0.066702
2025-05-19 21:22:54 INFO     Hit3 : 0.142820
2025-05-19 21:22:54 INFO     Hit10: 0.272299
2025-05-19 21:22:54 INFO     MR   : 770.874183
2025-05-19 21:22:54 INFO     MRR  : 0.132082
2025-05-19 21:22:54 INFO     >>>>> Predictor: Evaluating on test
2025-05-19 21:23:24 INFO     Data : 4402
2025-05-19 21:23:24 INFO     Hit1 : 0.103362
2025-05-19 21:23:24 INFO     Hit3 : 0.173103
2025-05-19 21:23:24 INFO     Hit10: 0.291913
2025-05-19 21:23:24 INFO     MR   : 763.066447
2025-05-19 21:23:24 INFO     MRR  : 0.163001
2025-05-19 21:23:24 INFO     Save checkpoint to results/semmeddb/multitask/md/schedule/predictor.pt
2025-05-19 21:23:24 INFO     -------------------------
2025-05-19 21:23:24 INFO     | Final Test MRR: 0.163001
2025-05-19 21:23:24 INFO     -------------------------
