2025-07-01 11:58:55 INFO     Data loading | DONE!
2025-07-01 11:58:56 INFO     Using full datasets for training, validation, and testing.
2025-07-01 11:58:56 INFO     -------------------------
2025-07-01 11:58:56 INFO     | EM Iteration: 1/5
2025-07-01 11:58:56 INFO     -------------------------
2025-07-01 11:58:56 INFO     >>>>> Using miner's rule
2025-07-01 11:58:56 INFO     Predictor: read 13661 rules from list.
2025-07-01 11:58:56 INFO     Preprocess training set
2025-07-01 11:58:56 INFO     >>>>> Predictor: Training
2025-07-01 12:08:15 INFO     1000 5959 8.299284 69314.6
2025-07-01 12:17:20 INFO     2000 5959 7.689227 69271.3
2025-07-01 12:26:11 INFO     3000 5959 7.425850 69245.2
2025-07-01 12:35:09 INFO     4000 5959 7.285955 69340.6
2025-07-01 12:44:10 INFO     5000 5959 7.136692 69340.6
2025-07-01 12:52:50 INFO     >>>>> Predictor: Evaluating on valid
2025-07-01 12:55:02 INFO     Data : 2077
2025-07-01 12:55:02 INFO     Hit1 : 0.065479
2025-07-01 12:55:02 INFO     Hit3 : 0.127106
2025-07-01 12:55:02 INFO     Hit10: 0.199326
2025-07-01 12:55:02 INFO     MR   : 1120.920077
2025-07-01 12:55:02 INFO     MRR  : 0.114382
2025-07-01 12:55:02 INFO     >>>>> Predictor: Evaluating on test
2025-07-01 12:57:31 INFO     Data : 2342
2025-07-01 12:57:31 INFO     Hit1 : 0.078992
2025-07-01 12:57:31 INFO     Hit3 : 0.124253
2025-07-01 12:57:31 INFO     Hit10: 0.208796
2025-07-01 12:57:31 INFO     MR   : 1044.279889
2025-07-01 12:57:31 INFO     MRR  : 0.122250
2025-07-01 12:57:31 INFO     >>>>> Predictor: Computing H scores of rules
2025-07-01 13:31:47 INFO     1000 5959
2025-07-01 14:05:48 INFO     2000 5959
2025-07-01 14:38:36 INFO     3000 5959
2025-07-01 15:11:47 INFO     4000 5959
2025-07-01 15:40:30 INFO     5000 5959
2025-07-01 16:10:00 INFO     >>>>> Generator: Training
2025-07-01 16:10:03 INFO     -------------------------
2025-07-01 16:10:03 INFO     | EM Iteration: 2/5
2025-07-01 16:10:03 INFO     -------------------------
2025-07-01 16:10:03 INFO     >>>>> Using Generator's sample rule
2025-07-01 16:10:03 INFO     >>>>> Generator: Rule generation with sampling
2025-07-01 16:10:03 INFO     Predictor: read 1904 rules from list.
2025-07-01 16:10:03 INFO     Preprocess training set
2025-07-01 16:10:03 INFO     >>>>> Predictor: Training
2025-07-01 16:10:52 INFO     1000 5959 8.787247 69332.0
2025-07-01 16:11:41 INFO     2000 5959 8.397625 69349.3
2025-07-01 16:12:29 INFO     3000 5959 8.125213 69184.5
2025-07-01 16:13:17 INFO     4000 5959 7.934529 69253.9
2025-07-01 16:14:06 INFO     5000 5959 7.802324 69332.0
2025-07-01 16:14:53 INFO     >>>>> Predictor: Evaluating on valid
2025-07-01 16:15:03 INFO     Data : 2077
2025-07-01 16:15:03 INFO     Hit1 : 0.017814
2025-07-01 16:15:03 INFO     Hit3 : 0.032740
2025-07-01 16:15:03 INFO     Hit10: 0.060664
2025-07-01 16:15:03 INFO     MR   : 1452.111940
2025-07-01 16:15:03 INFO     MRR  : 0.034058
2025-07-01 16:15:03 INFO     >>>>> Predictor: Evaluating on test
2025-07-01 16:15:15 INFO     Data : 2342
2025-07-01 16:15:15 INFO     Hit1 : 0.017933
2025-07-01 16:15:15 INFO     Hit3 : 0.035867
2025-07-01 16:15:15 INFO     Hit10: 0.064048
2025-07-01 16:15:15 INFO     MR   : 1340.330700
2025-07-01 16:15:15 INFO     MRR  : 0.035672
2025-07-01 16:15:15 INFO     >>>>> Predictor: Computing H scores of rules
2025-07-01 16:17:46 INFO     1000 5959
2025-07-01 16:20:08 INFO     2000 5959
2025-07-01 16:22:28 INFO     3000 5959
2025-07-01 16:24:47 INFO     4000 5959
2025-07-01 16:27:06 INFO     5000 5959
2025-07-01 16:29:24 INFO     >>>>> Generator: Training
2025-07-01 16:29:27 INFO     -------------------------
2025-07-01 16:29:27 INFO     | EM Iteration: 3/5
2025-07-01 16:29:27 INFO     -------------------------
2025-07-01 16:29:27 INFO     >>>>> Using Generator's sample rule
2025-07-01 16:29:27 INFO     >>>>> Generator: Rule generation with sampling
2025-07-01 16:29:27 INFO     Predictor: read 1886 rules from list.
2025-07-01 16:29:27 INFO     Preprocess training set
2025-07-01 16:29:27 INFO     >>>>> Predictor: Training
2025-07-01 16:30:15 INFO     1000 5959 8.805266 69271.3
2025-07-01 16:31:04 INFO     2000 5959 8.430659 69340.6
2025-07-01 16:31:52 INFO     3000 5959 8.187983 69384.0
2025-07-01 16:32:40 INFO     4000 5959 8.021001 69262.6
2025-07-01 16:33:30 INFO     5000 5959 7.896681 69332.0
2025-07-01 16:34:16 INFO     >>>>> Predictor: Evaluating on valid
2025-07-01 16:34:26 INFO     Data : 2077
2025-07-01 16:34:26 INFO     Hit1 : 0.013962
2025-07-01 16:34:26 INFO     Hit3 : 0.020703
2025-07-01 16:34:26 INFO     Hit10: 0.036591
2025-07-01 16:34:26 INFO     MR   : 1498.637939
2025-07-01 16:34:26 INFO     MRR  : 0.024649
2025-07-01 16:34:26 INFO     >>>>> Predictor: Evaluating on test
2025-07-01 16:34:38 INFO     Data : 2342
2025-07-01 16:34:38 INFO     Hit1 : 0.013237
2025-07-01 16:34:38 INFO     Hit3 : 0.021776
2025-07-01 16:34:38 INFO     Hit10: 0.033305
2025-07-01 16:34:38 INFO     MR   : 1390.536507
2025-07-01 16:34:38 INFO     MRR  : 0.023757
2025-07-01 16:34:38 INFO     >>>>> Predictor: Computing H scores of rules
2025-07-01 16:37:03 INFO     1000 5959
2025-07-01 16:39:22 INFO     2000 5959
2025-07-01 16:41:39 INFO     3000 5959
2025-07-01 16:43:56 INFO     4000 5959
2025-07-01 16:46:14 INFO     5000 5959
2025-07-01 16:48:30 INFO     >>>>> Generator: Training
2025-07-01 16:48:33 INFO     -------------------------
2025-07-01 16:48:33 INFO     | EM Iteration: 4/5
2025-07-01 16:48:33 INFO     -------------------------
2025-07-01 16:48:33 INFO     >>>>> Using Generator's sample rule
2025-07-01 16:48:33 INFO     >>>>> Generator: Rule generation with sampling
2025-07-01 16:48:33 INFO     Predictor: read 1868 rules from list.
2025-07-01 16:48:33 INFO     Preprocess training set
2025-07-01 16:48:33 INFO     >>>>> Predictor: Training
2025-07-01 16:49:20 INFO     1000 5959 8.797650 69332.0
2025-07-01 16:50:07 INFO     2000 5959 8.413761 69349.3
2025-07-01 16:50:54 INFO     3000 5959 8.138882 69340.6
2025-07-01 16:51:42 INFO     4000 5959 7.945543 69297.3
2025-07-01 16:52:29 INFO     5000 5959 7.765101 69219.2
2025-07-01 16:53:14 INFO     >>>>> Predictor: Evaluating on valid
2025-07-01 16:53:24 INFO     Data : 2077
2025-07-01 16:53:24 INFO     Hit1 : 0.027925
2025-07-01 16:53:24 INFO     Hit3 : 0.044295
2025-07-01 16:53:24 INFO     Hit10: 0.066442
2025-07-01 16:53:24 INFO     MR   : 1472.727251
2025-07-01 16:53:24 INFO     MRR  : 0.044113
2025-07-01 16:53:24 INFO     >>>>> Predictor: Evaluating on test
2025-07-01 16:53:35 INFO     Data : 2342
2025-07-01 16:53:35 INFO     Hit1 : 0.018360
2025-07-01 16:53:35 INFO     Hit3 : 0.040137
2025-07-01 16:53:35 INFO     Hit10: 0.065756
2025-07-01 16:53:35 INFO     MR   : 1360.370410
2025-07-01 16:53:35 INFO     MRR  : 0.038014
2025-07-01 16:53:35 INFO     >>>>> Predictor: Computing H scores of rules
2025-07-01 16:56:01 INFO     1000 5959
2025-07-01 16:58:18 INFO     2000 5959
2025-07-01 17:00:34 INFO     3000 5959
2025-07-01 17:02:48 INFO     4000 5959
2025-07-01 17:05:02 INFO     5000 5959
2025-07-01 17:07:23 INFO     >>>>> Generator: Training
2025-07-01 17:07:26 INFO     -------------------------
2025-07-01 17:07:26 INFO     | EM Iteration: 5/5
2025-07-01 17:07:26 INFO     -------------------------
2025-07-01 17:07:26 INFO     >>>>> Using Generator's sample rule
2025-07-01 17:07:26 INFO     >>>>> Generator: Rule generation with sampling
2025-07-01 17:07:26 INFO     Predictor: read 1787 rules from list.
2025-07-01 17:07:26 INFO     Preprocess training set
2025-07-01 17:07:26 INFO     >>>>> Predictor: Training
2025-07-01 17:08:20 INFO     1000 5959 8.798506 69271.3
2025-07-01 17:09:13 INFO     2000 5959 8.424366 69332.0
2025-07-01 17:10:07 INFO     3000 5959 8.178865 69375.3
2025-07-01 17:11:01 INFO     4000 5959 7.991779 69279.9
2025-07-01 17:11:55 INFO     5000 5959 7.871092 69349.3
2025-07-01 17:12:54 INFO     >>>>> Predictor: Evaluating on valid
2025-07-01 17:13:30 INFO     Data : 2077
2025-07-01 17:13:30 INFO     Hit1 : 0.025036
2025-07-01 17:13:30 INFO     Hit3 : 0.049109
2025-07-01 17:13:30 INFO     Hit10: 0.091478
2025-07-01 17:13:30 INFO     MR   : 1378.780693
2025-07-01 17:13:30 INFO     MRR  : 0.049847
2025-07-01 17:13:30 INFO     >>>>> Predictor: Evaluating on test
2025-07-01 17:14:08 INFO     Data : 2342
2025-07-01 17:14:08 INFO     Hit1 : 0.026046
2025-07-01 17:14:08 INFO     Hit3 : 0.047395
2025-07-01 17:14:08 INFO     Hit10: 0.087105
2025-07-01 17:14:08 INFO     MR   : 1275.722246
2025-07-01 17:14:08 INFO     MRR  : 0.049381
2025-07-01 17:14:08 INFO     >>>>> Predictor: Computing H scores of rules
2025-07-01 17:25:51 INFO     1000 5959
2025-07-01 17:29:58 INFO     2000 5959
2025-07-01 17:32:33 INFO     3000 5959
2025-07-01 17:35:04 INFO     4000 5959
2025-07-01 17:37:36 INFO     5000 5959
2025-07-01 17:40:07 INFO     >>>>> Generator: Training
2025-07-01 17:40:10 INFO     -------------------------
2025-07-01 17:40:10 INFO     | Post-train Generator
2025-07-01 17:40:10 INFO     -------------------------
2025-07-01 17:40:11 INFO     >>>>> Generator: Training
2025-07-01 17:40:45 INFO     [E01000] Total 2.798652 | Main 2.458145 | RelClus 1.383210 | EntType 3.524515
2025-07-01 17:40:45 INFO     -------------------------
2025-07-01 17:40:45 INFO     | Beam Search Best Rules
2025-07-01 17:40:45 INFO     -------------------------
2025-07-01 17:40:45 INFO     >>>>> Generator: Rule generation with beam search
2025-07-01 17:40:45 INFO     >>>>> Generator: Rule generation with beam search
2025-07-01 17:40:50 INFO     >>>>> Generator: Rule generation with beam search
2025-07-01 17:41:58 INFO     >>>>> Generator: Rule generation with beam search
2025-07-01 17:42:53 INFO     >>>>> Generator: Rule generation with beam search
2025-07-01 17:43:33 INFO     -------------------------
2025-07-01 17:43:33 INFO     | Train Final Predictor+
2025-07-01 17:43:33 INFO     -------------------------
2025-07-01 17:43:33 INFO     Predictor+: read 18420 rules from list.
2025-07-01 17:43:33 INFO     Preprocess training set
2025-07-01 17:43:33 INFO     -------------------------
2025-07-01 17:43:33 INFO     | Iteration: 1/5
2025-07-01 17:43:33 INFO     -------------------------
2025-07-01 17:43:33 INFO     >>>>> Predictor: Training
2025-07-01 17:49:05 INFO     1000 5959 5.276076 69366.7
2025-07-01 17:54:37 INFO     2000 5959 5.078533 69375.3
2025-07-01 18:00:13 INFO     3000 5959 5.048407 69219.2
2025-07-01 18:05:44 INFO     4000 5959 5.050658 69305.9
2025-07-01 18:11:21 INFO     5000 5959 5.009820 69288.6
2025-07-01 18:16:40 INFO     >>>>> Predictor: Evaluating on valid
2025-07-01 18:18:03 INFO     Data : 2077
2025-07-01 18:18:03 INFO     Hit1 : 0.080404
2025-07-01 18:18:03 INFO     Hit3 : 0.155994
2025-07-01 18:18:03 INFO     Hit10: 0.255657
2025-07-01 18:18:03 INFO     MR   : 1108.079682
2025-07-01 18:18:03 INFO     MRR  : 0.138558
2025-07-01 18:18:03 INFO     >>>>> Predictor: Evaluating on test
2025-07-01 18:19:36 INFO     Data : 2342
2025-07-01 18:19:36 INFO     Hit1 : 0.105465
2025-07-01 18:19:36 INFO     Hit3 : 0.171648
2025-07-01 18:19:36 INFO     Hit10: 0.251921
2025-07-01 18:19:36 INFO     MR   : 1029.896029
2025-07-01 18:19:36 INFO     MRR  : 0.155691
2025-07-01 18:19:36 INFO     Save checkpoint to results/semmeddb/multitask_mmoe/multitask_mmoe_adaptive_matrix_3_softlabelFalse_schdsamplingTrue_20250701_115854/predictor.pt
2025-07-01 18:19:36 INFO     -------------------------
2025-07-01 18:19:36 INFO     | Iteration: 2/5
2025-07-01 18:19:36 INFO     -------------------------
2025-07-01 18:19:36 INFO     >>>>> Predictor: Training
2025-07-01 18:25:13 INFO     1000 5959 4.983467 69288.6
2025-07-01 18:30:49 INFO     2000 5959 4.991312 69288.6
2025-07-01 18:36:28 INFO     3000 5959 4.967747 69340.6
2025-07-01 18:42:04 INFO     4000 5959 4.967007 69271.3
2025-07-01 18:47:38 INFO     5000 5959 5.002861 69219.2
2025-07-01 18:52:59 INFO     >>>>> Predictor: Evaluating on valid
2025-07-01 18:54:21 INFO     Data : 2077
2025-07-01 18:54:21 INFO     Hit1 : 0.079923
2025-07-01 18:54:21 INFO     Hit3 : 0.151180
2025-07-01 18:54:21 INFO     Hit10: 0.248435
2025-07-01 18:54:21 INFO     MR   : 1080.479538
2025-07-01 18:54:21 INFO     MRR  : 0.136420
2025-07-01 18:54:21 INFO     >>>>> Predictor: Evaluating on test
2025-07-01 18:55:54 INFO     Data : 2342
2025-07-01 18:55:54 INFO     Hit1 : 0.090948
2025-07-01 18:55:54 INFO     Hit3 : 0.160547
2025-07-01 18:55:54 INFO     Hit10: 0.255764
2025-07-01 18:55:54 INFO     MR   : 1001.799957
2025-07-01 18:55:54 INFO     MRR  : 0.145013
2025-07-01 18:55:54 INFO     -------------------------
2025-07-01 18:55:54 INFO     | Iteration: 3/5
2025-07-01 18:55:54 INFO     -------------------------
2025-07-01 18:55:54 INFO     >>>>> Predictor: Training
2025-07-01 19:01:29 INFO     1000 5959 4.937007 69340.6
2025-07-01 19:07:04 INFO     2000 5959 4.924731 69184.5
2025-07-01 19:12:37 INFO     3000 5959 5.008585 69253.9
2025-07-01 19:18:13 INFO     4000 5959 4.967969 69340.6
2025-07-01 19:23:46 INFO     5000 5959 4.957457 69384.0
2025-07-01 19:29:05 INFO     >>>>> Predictor: Evaluating on valid
2025-07-01 19:30:27 INFO     Data : 2077
2025-07-01 19:30:27 INFO     Hit1 : 0.077516
2025-07-01 19:30:27 INFO     Hit3 : 0.150698
2025-07-01 19:30:27 INFO     Hit10: 0.246509
2025-07-01 19:30:27 INFO     MR   : 1076.161290
2025-07-01 19:30:27 INFO     MRR  : 0.133640
2025-07-01 19:30:27 INFO     >>>>> Predictor: Evaluating on test
2025-07-01 19:31:58 INFO     Data : 2342
2025-07-01 19:31:58 INFO     Hit1 : 0.099061
2025-07-01 19:31:58 INFO     Hit3 : 0.166097
2025-07-01 19:31:58 INFO     Hit10: 0.260034
2025-07-01 19:31:58 INFO     MR   : 998.893681
2025-07-01 19:31:58 INFO     MRR  : 0.151376
2025-07-01 19:31:58 INFO     -------------------------
2025-07-01 19:31:58 INFO     | Iteration: 4/5
2025-07-01 19:31:58 INFO     -------------------------
2025-07-01 19:31:58 INFO     >>>>> Predictor: Training
2025-07-01 19:37:33 INFO     1000 5959 4.956005 69323.3
2025-07-01 19:43:08 INFO     2000 5959 4.956096 69332.0
2025-07-01 19:48:45 INFO     3000 5959 4.979682 69219.2
2025-07-01 19:54:18 INFO     4000 5959 4.943275 69297.3
2025-07-01 19:59:50 INFO     5000 5959 4.926885 69332.0
2025-07-01 20:05:07 INFO     >>>>> Predictor: Evaluating on valid
2025-07-01 20:06:28 INFO     Data : 2077
2025-07-01 20:06:28 INFO     Hit1 : 0.076553
2025-07-01 20:06:28 INFO     Hit3 : 0.148772
2025-07-01 20:06:28 INFO     Hit10: 0.255657
2025-07-01 20:06:28 INFO     MR   : 1059.125181
2025-07-01 20:06:28 INFO     MRR  : 0.134259
2025-07-01 20:06:28 INFO     >>>>> Predictor: Evaluating on test
2025-07-01 20:08:01 INFO     Data : 2342
2025-07-01 20:08:01 INFO     Hit1 : 0.097780
2025-07-01 20:08:01 INFO     Hit3 : 0.166097
2025-07-01 20:08:01 INFO     Hit10: 0.257045
2025-07-01 20:08:01 INFO     MR   : 986.579633
2025-07-01 20:08:01 INFO     MRR  : 0.150844
2025-07-01 20:08:01 INFO     -------------------------
2025-07-01 20:08:01 INFO     | Iteration: 5/5
2025-07-01 20:08:01 INFO     -------------------------
2025-07-01 20:08:01 INFO     >>>>> Predictor: Training
2025-07-01 20:13:35 INFO     1000 5959 4.888748 69245.2
2025-07-01 20:19:02 INFO     2000 5959 4.907500 69262.6
2025-07-01 20:24:37 INFO     3000 5959 4.963168 69332.0
2025-07-01 20:30:08 INFO     4000 5959 4.964496 69366.7
2025-07-01 20:35:37 INFO     5000 5959 4.968340 69262.6
2025-07-01 20:40:57 INFO     >>>>> Predictor: Evaluating on valid
2025-07-01 20:42:17 INFO     Data : 2077
2025-07-01 20:42:17 INFO     Hit1 : 0.076553
2025-07-01 20:42:17 INFO     Hit3 : 0.155031
2025-07-01 20:42:17 INFO     Hit10: 0.250361
2025-07-01 20:42:17 INFO     MR   : 1059.972316
2025-07-01 20:42:17 INFO     MRR  : 0.135247
2025-07-01 20:42:17 INFO     >>>>> Predictor: Evaluating on test
2025-07-01 20:43:49 INFO     Data : 2342
2025-07-01 20:43:49 INFO     Hit1 : 0.101623
2025-07-01 20:43:49 INFO     Hit3 : 0.167805
2025-07-01 20:43:49 INFO     Hit10: 0.260034
2025-07-01 20:43:49 INFO     MR   : 986.150939
2025-07-01 20:43:49 INFO     MRR  : 0.153525
2025-07-01 20:43:49 INFO     -------------------------
2025-07-01 20:43:49 INFO     | Final Test MRR: 0.155691
2025-07-01 20:43:49 INFO     -------------------------
