2025-07-09 06:12:23 INFO     is_soft_label: False
2025-07-09 06:12:23 INFO     is_scheduled_sampling: False
2025-07-09 06:12:23 INFO     is_test_mode: False
2025-07-09 06:12:23 INFO     Data loading | DONE!
2025-07-09 06:12:24 INFO     Using full datasets for training, validation, and testing.
2025-07-09 06:12:24 INFO     -------------------------
2025-07-09 06:12:24 INFO     | EM Iteration: 1/5
2025-07-09 06:12:24 INFO     -------------------------
2025-07-09 06:12:24 INFO     >>>>> Using miner's rule
2025-07-09 06:12:24 INFO     Predictor: read 13661 rules from list.
2025-07-09 06:12:25 INFO     Preprocess training set
2025-07-09 06:12:25 INFO     >>>>> Predictor: Evaluating on valid
2025-07-09 06:14:19 INFO     Data : 2077
2025-07-09 06:14:19 INFO     Hit1 : 0.065479
2025-07-09 06:14:19 INFO     Hit3 : 0.127106
2025-07-09 06:14:19 INFO     Hit10: 0.199326
2025-07-09 06:14:19 INFO     MR   : 1120.902022
2025-07-09 06:14:19 INFO     MRR  : 0.114382
2025-07-09 06:14:19 INFO     >>>>> Predictor: Evaluating on test
2025-07-09 06:16:29 INFO     Data : 2342
2025-07-09 06:16:29 INFO     Hit1 : 0.078992
2025-07-09 06:16:29 INFO     Hit3 : 0.124253
2025-07-09 06:16:29 INFO     Hit10: 0.208796
2025-07-09 06:16:29 INFO     MR   : 1044.269001
2025-07-09 06:16:29 INFO     MRR  : 0.122250
2025-07-09 06:16:29 INFO     >>>>> Predictor: Computing H scores of rules
2025-07-09 06:45:45 INFO     1000 5959
2025-07-09 07:14:59 INFO     2000 5959
2025-07-09 07:43:51 INFO     3000 5959
2025-07-09 08:12:54 INFO     4000 5959
2025-07-09 08:41:45 INFO     5000 5959
2025-07-09 09:11:08 INFO     >>>>> Generator: Training
2025-07-09 09:11:12 INFO     -------------------------
2025-07-09 09:11:12 INFO     | EM Iteration: 2/5
2025-07-09 09:11:12 INFO     -------------------------
2025-07-09 09:11:12 INFO     >>>>> Using Generator's sample rule
2025-07-09 09:11:12 INFO     >>>>> Generator: Rule generation with sampling
2025-07-09 09:11:12 INFO     Predictor: read 1910 rules from list.
2025-07-09 09:11:12 INFO     Preprocess training set
2025-07-09 09:11:12 INFO     >>>>> Predictor: Training
2025-07-09 09:12:03 INFO     1000 5959 8.778157 69314.6
2025-07-09 09:12:53 INFO     2000 5959 8.373362 69271.3
2025-07-09 09:13:44 INFO     3000 5959 8.155292 69245.2
2025-07-09 09:14:34 INFO     4000 5959 7.971729 69340.6
2025-07-09 09:15:25 INFO     5000 5959 7.795274 69340.6
2025-07-09 09:16:13 INFO     >>>>> Predictor: Evaluating on valid
2025-07-09 09:16:22 INFO     Data : 2077
2025-07-09 09:16:22 INFO     Hit1 : 0.018296
2025-07-09 09:16:22 INFO     Hit3 : 0.033221
2025-07-09 09:16:22 INFO     Hit10: 0.058257
2025-07-09 09:16:22 INFO     MR   : 1436.136013
2025-07-09 09:16:22 INFO     MRR  : 0.034028
2025-07-09 09:16:22 INFO     >>>>> Predictor: Evaluating on test
2025-07-09 09:16:33 INFO     Data : 2342
2025-07-09 09:16:33 INFO     Hit1 : 0.017079
2025-07-09 09:16:33 INFO     Hit3 : 0.033305
2025-07-09 09:16:33 INFO     Hit10: 0.060205
2025-07-09 09:16:33 INFO     MR   : 1332.858668
2025-07-09 09:16:33 INFO     MRR  : 0.034068
2025-07-09 09:16:33 INFO     >>>>> Predictor: Computing H scores of rules
2025-07-09 09:18:54 INFO     1000 5959
2025-07-09 09:21:14 INFO     2000 5959
2025-07-09 09:23:35 INFO     3000 5959
2025-07-09 09:25:55 INFO     4000 5959
2025-07-09 09:28:15 INFO     5000 5959
2025-07-09 09:30:32 INFO     >>>>> Generator: Training
2025-07-09 09:30:36 INFO     -------------------------
2025-07-09 09:30:36 INFO     | EM Iteration: 3/5
2025-07-09 09:30:36 INFO     -------------------------
2025-07-09 09:30:36 INFO     >>>>> Using Generator's sample rule
2025-07-09 09:30:36 INFO     >>>>> Generator: Rule generation with sampling
2025-07-09 09:30:36 INFO     Predictor: read 1911 rules from list.
2025-07-09 09:30:36 INFO     Preprocess training set
2025-07-09 09:30:36 INFO     >>>>> Predictor: Training
2025-07-09 09:31:26 INFO     1000 5959 8.801265 69332.0
2025-07-09 09:32:17 INFO     2000 5959 8.440395 69349.3
2025-07-09 09:33:07 INFO     3000 5959 8.212881 69184.5
2025-07-09 09:33:57 INFO     4000 5959 8.007957 69253.9
2025-07-09 09:34:48 INFO     5000 5959 7.911519 69332.0
2025-07-09 09:35:36 INFO     >>>>> Predictor: Evaluating on valid
2025-07-09 09:35:45 INFO     Data : 2077
2025-07-09 09:35:45 INFO     Hit1 : 0.013962
2025-07-09 09:35:45 INFO     Hit3 : 0.021666
2025-07-09 09:35:45 INFO     Hit10: 0.033221
2025-07-09 09:35:45 INFO     MR   : 1494.689215
2025-07-09 09:35:45 INFO     MRR  : 0.023842
2025-07-09 09:35:45 INFO     >>>>> Predictor: Evaluating on test
2025-07-09 09:35:56 INFO     Data : 2342
2025-07-09 09:35:56 INFO     Hit1 : 0.013664
2025-07-09 09:35:56 INFO     Hit3 : 0.019641
2025-07-09 09:35:56 INFO     Hit10: 0.028181
2025-07-09 09:35:56 INFO     MR   : 1378.732494
2025-07-09 09:35:56 INFO     MRR  : 0.022659
2025-07-09 09:35:56 INFO     >>>>> Predictor: Computing H scores of rules
2025-07-09 09:38:15 INFO     1000 5959
2025-07-09 09:40:34 INFO     2000 5959
2025-07-09 09:42:53 INFO     3000 5959
2025-07-09 09:45:12 INFO     4000 5959
2025-07-09 09:47:31 INFO     5000 5959
2025-07-09 09:49:47 INFO     >>>>> Generator: Training
2025-07-09 09:49:50 INFO     -------------------------
2025-07-09 09:49:50 INFO     | EM Iteration: 4/5
2025-07-09 09:49:50 INFO     -------------------------
2025-07-09 09:49:50 INFO     >>>>> Using Generator's sample rule
2025-07-09 09:49:50 INFO     >>>>> Generator: Rule generation with sampling
2025-07-09 09:49:51 INFO     Predictor: read 1928 rules from list.
2025-07-09 09:49:51 INFO     Preprocess training set
2025-07-09 09:49:51 INFO     >>>>> Predictor: Training
2025-07-09 09:50:41 INFO     1000 5959 8.787526 69271.3
2025-07-09 09:51:30 INFO     2000 5959 8.406225 69340.6
2025-07-09 09:52:20 INFO     3000 5959 8.140257 69384.0
2025-07-09 09:53:10 INFO     4000 5959 7.958239 69262.6
2025-07-09 09:54:01 INFO     5000 5959 7.799243 69332.0
2025-07-09 09:54:49 INFO     >>>>> Predictor: Evaluating on valid
2025-07-09 09:54:58 INFO     Data : 2077
2025-07-09 09:54:58 INFO     Hit1 : 0.010592
2025-07-09 09:54:58 INFO     Hit3 : 0.025036
2025-07-09 09:54:58 INFO     Hit10: 0.046702
2025-07-09 09:54:58 INFO     MR   : 1480.435243
2025-07-09 09:54:58 INFO     MRR  : 0.025936
2025-07-09 09:54:58 INFO     >>>>> Predictor: Evaluating on test
2025-07-09 09:55:10 INFO     Data : 2342
2025-07-09 09:55:10 INFO     Hit1 : 0.008967
2025-07-09 09:55:10 INFO     Hit3 : 0.020495
2025-07-09 09:55:10 INFO     Hit10: 0.041418
2025-07-09 09:55:10 INFO     MR   : 1366.691716
2025-07-09 09:55:10 INFO     MRR  : 0.023178
2025-07-09 09:55:10 INFO     >>>>> Predictor: Computing H scores of rules
2025-07-09 09:57:29 INFO     1000 5959
2025-07-09 09:59:49 INFO     2000 5959
2025-07-09 10:02:08 INFO     3000 5959
2025-07-09 10:04:27 INFO     4000 5959
2025-07-09 10:06:47 INFO     5000 5959
2025-07-09 10:09:03 INFO     >>>>> Generator: Training
2025-07-09 10:09:07 INFO     -------------------------
2025-07-09 10:09:07 INFO     | EM Iteration: 5/5
2025-07-09 10:09:07 INFO     -------------------------
2025-07-09 10:09:07 INFO     >>>>> Using Generator's sample rule
2025-07-09 10:09:07 INFO     >>>>> Generator: Rule generation with sampling
2025-07-09 10:09:07 INFO     Predictor: read 1954 rules from list.
2025-07-09 10:09:07 INFO     Preprocess training set
2025-07-09 10:09:07 INFO     >>>>> Predictor: Training
2025-07-09 10:09:59 INFO     1000 5959 8.823308 69332.0
2025-07-09 10:10:51 INFO     2000 5959 8.494090 69349.3
2025-07-09 10:11:43 INFO     3000 5959 8.288943 69340.6
2025-07-09 10:12:35 INFO     4000 5959 8.136858 69297.3
2025-07-09 10:13:28 INFO     5000 5959 8.034986 69219.2
2025-07-09 10:14:18 INFO     >>>>> Predictor: Evaluating on valid
2025-07-09 10:14:28 INFO     Data : 2077
2025-07-09 10:14:28 INFO     Hit1 : 0.024073
2025-07-09 10:14:28 INFO     Hit3 : 0.051035
2025-07-09 10:14:28 INFO     Hit10: 0.077997
2025-07-09 10:14:28 INFO     MR   : 1449.804526
2025-07-09 10:14:28 INFO     MRR  : 0.046191
2025-07-09 10:14:28 INFO     >>>>> Predictor: Evaluating on test
2025-07-09 10:14:39 INFO     Data : 2342
2025-07-09 10:14:39 INFO     Hit1 : 0.029035
2025-07-09 10:14:39 INFO     Hit3 : 0.052092
2025-07-09 10:14:39 INFO     Hit10: 0.077711
2025-07-09 10:14:39 INFO     MR   : 1350.263023
2025-07-09 10:14:39 INFO     MRR  : 0.049494
2025-07-09 10:14:39 INFO     >>>>> Predictor: Computing H scores of rules
2025-07-09 10:17:02 INFO     1000 5959
2025-07-09 10:19:25 INFO     2000 5959
2025-07-09 10:21:49 INFO     3000 5959
2025-07-09 10:24:12 INFO     4000 5959
2025-07-09 10:26:34 INFO     5000 5959
2025-07-09 10:28:53 INFO     >>>>> Generator: Training
2025-07-09 10:28:56 INFO     -------------------------
2025-07-09 10:28:56 INFO     | Post-train Generator
2025-07-09 10:28:56 INFO     -------------------------
2025-07-09 10:28:57 INFO     >>>>> Generator: Training
2025-07-09 10:29:35 INFO     [E01000] Total 2.969022 | Main 2.887865 | RelClus 1.704564 | EntType 2.848607
2025-07-09 10:29:35 INFO     -------------------------
2025-07-09 10:29:35 INFO     | Beam Search Best Rules
2025-07-09 10:29:35 INFO     -------------------------
2025-07-09 10:29:35 INFO     >>>>> Generator: Rule generation with beam search
2025-07-09 10:29:36 INFO     >>>>> Generator: Rule generation with beam search
2025-07-09 10:29:41 INFO     >>>>> Generator: Rule generation with beam search
2025-07-09 10:30:47 INFO     >>>>> Generator: Rule generation with beam search
2025-07-09 10:31:41 INFO     >>>>> Generator: Rule generation with beam search
2025-07-09 10:32:19 INFO     -------------------------
2025-07-09 10:32:19 INFO     | Train Final Predictor+
2025-07-09 10:32:19 INFO     -------------------------
2025-07-09 10:32:19 INFO     Predictor+: read 18420 rules from list.
2025-07-09 10:32:19 INFO     Preprocess training set
2025-07-09 10:32:19 INFO     -------------------------
2025-07-09 10:32:19 INFO     | Iteration: 1/5
2025-07-09 10:32:19 INFO     -------------------------
2025-07-09 10:32:19 INFO     >>>>> Predictor: Training
2025-07-09 10:36:32 INFO     1000 5959 4.896704 69271.3
2025-07-09 10:40:46 INFO     2000 5959 4.724788 69332.0
2025-07-09 10:45:00 INFO     3000 5959 4.706658 69375.3
2025-07-09 10:49:13 INFO     4000 5959 4.710090 69279.9
2025-07-09 10:53:26 INFO     5000 5959 4.679297 69349.3
2025-07-09 10:57:29 INFO     >>>>> Predictor: Evaluating on valid
2025-07-09 10:58:31 INFO     Data : 2077
2025-07-09 10:58:31 INFO     Hit1 : 0.099663
2025-07-09 10:58:31 INFO     Hit3 : 0.183438
2025-07-09 10:58:31 INFO     Hit10: 0.314396
2025-07-09 10:58:31 INFO     MR   : 984.531295
2025-07-09 10:58:31 INFO     MRR  : 0.167252
2025-07-09 10:58:31 INFO     >>>>> Predictor: Evaluating on test
2025-07-09 10:59:41 INFO     Data : 2342
2025-07-09 10:59:41 INFO     Hit1 : 0.129377
2025-07-09 10:59:41 INFO     Hit3 : 0.204526
2025-07-09 10:59:41 INFO     Hit10: 0.311699
2025-07-09 10:59:41 INFO     MR   : 918.951751
2025-07-09 10:59:41 INFO     MRR  : 0.190316
2025-07-09 10:59:41 INFO     Save checkpoint to results/semmeddb/10_times_each/cluster_k/3_20250709_061222/predictor.pt
2025-07-09 10:59:41 INFO     -------------------------
2025-07-09 10:59:41 INFO     | Iteration: 2/5
2025-07-09 10:59:41 INFO     -------------------------
2025-07-09 10:59:41 INFO     >>>>> Predictor: Training
2025-07-09 11:03:55 INFO     1000 5959 4.600810 69366.7
2025-07-09 11:08:09 INFO     2000 5959 4.649873 69375.3
2025-07-09 11:12:23 INFO     3000 5959 4.638551 69219.2
2025-07-09 11:16:36 INFO     4000 5959 4.651439 69305.9
2025-07-09 11:20:50 INFO     5000 5959 4.616153 69288.6
2025-07-09 11:24:53 INFO     >>>>> Predictor: Evaluating on valid
2025-07-09 11:25:55 INFO     Data : 2077
2025-07-09 11:25:55 INFO     Hit1 : 0.094367
2025-07-09 11:25:55 INFO     Hit3 : 0.184882
2025-07-09 11:25:55 INFO     Hit10: 0.318729
2025-07-09 11:25:55 INFO     MR   : 946.537554
2025-07-09 11:25:55 INFO     MRR  : 0.165798
2025-07-09 11:25:55 INFO     >>>>> Predictor: Evaluating on test
2025-07-09 11:27:05 INFO     Data : 2342
2025-07-09 11:27:05 INFO     Hit1 : 0.125961
2025-07-09 11:27:05 INFO     Hit3 : 0.211358
2025-07-09 11:27:05 INFO     Hit10: 0.318104
2025-07-09 11:27:05 INFO     MR   : 884.241887
2025-07-09 11:27:05 INFO     MRR  : 0.190954
2025-07-09 11:27:05 INFO     -------------------------
2025-07-09 11:27:05 INFO     | Iteration: 3/5
2025-07-09 11:27:05 INFO     -------------------------
2025-07-09 11:27:05 INFO     >>>>> Predictor: Training
2025-07-09 11:31:19 INFO     1000 5959 4.616558 69288.6
2025-07-09 11:35:32 INFO     2000 5959 4.618348 69288.6
2025-07-09 11:39:46 INFO     3000 5959 4.606072 69340.6
2025-07-09 11:44:00 INFO     4000 5959 4.613662 69271.3
2025-07-09 11:48:13 INFO     5000 5959 4.637093 69219.2
2025-07-09 11:52:17 INFO     >>>>> Predictor: Evaluating on valid
2025-07-09 11:53:19 INFO     Data : 2077
2025-07-09 11:53:19 INFO     Hit1 : 0.092441
2025-07-09 11:53:19 INFO     Hit3 : 0.176216
2025-07-09 11:53:19 INFO     Hit10: 0.300433
2025-07-09 11:53:19 INFO     MR   : 936.513000
2025-07-09 11:53:19 INFO     MRR  : 0.160600
2025-07-09 11:53:19 INFO     >>>>> Predictor: Evaluating on test
2025-07-09 11:54:29 INFO     Data : 2342
2025-07-09 11:54:29 INFO     Hit1 : 0.116140
2025-07-09 11:54:29 INFO     Hit3 : 0.201110
2025-07-09 11:54:29 INFO     Hit10: 0.314261
2025-07-09 11:54:29 INFO     MR   : 866.006191
2025-07-09 11:54:29 INFO     MRR  : 0.181002
2025-07-09 11:54:29 INFO     -------------------------
2025-07-09 11:54:29 INFO     | Iteration: 4/5
2025-07-09 11:54:29 INFO     -------------------------
2025-07-09 11:54:29 INFO     >>>>> Predictor: Training
2025-07-09 11:58:42 INFO     1000 5959 4.592990 69340.6
2025-07-09 12:02:56 INFO     2000 5959 4.562602 69184.5
2025-07-09 12:07:09 INFO     3000 5959 4.624648 69253.9
2025-07-09 12:11:23 INFO     4000 5959 4.599838 69340.6
2025-07-09 12:15:36 INFO     5000 5959 4.597404 69384.0
2025-07-09 12:19:39 INFO     >>>>> Predictor: Evaluating on valid
2025-07-09 12:20:42 INFO     Data : 2077
2025-07-09 12:20:42 INFO     Hit1 : 0.096774
2025-07-09 12:20:42 INFO     Hit3 : 0.185364
2025-07-09 12:20:42 INFO     Hit10: 0.313914
2025-07-09 12:20:42 INFO     MR   : 931.174531
2025-07-09 12:20:42 INFO     MRR  : 0.166790
2025-07-09 12:20:42 INFO     >>>>> Predictor: Evaluating on test
2025-07-09 12:21:51 INFO     Data : 2342
2025-07-09 12:21:51 INFO     Hit1 : 0.126815
2025-07-09 12:21:51 INFO     Hit3 : 0.207088
2025-07-09 12:21:51 INFO     Hit10: 0.313834
2025-07-09 12:21:51 INFO     MR   : 860.965841
2025-07-09 12:21:51 INFO     MRR  : 0.190875
2025-07-09 12:21:51 INFO     -------------------------
2025-07-09 12:21:51 INFO     | Iteration: 5/5
2025-07-09 12:21:51 INFO     -------------------------
2025-07-09 12:21:51 INFO     >>>>> Predictor: Training
2025-07-09 12:26:05 INFO     1000 5959 4.603804 69323.3
2025-07-09 12:30:19 INFO     2000 5959 4.583328 69332.0
2025-07-09 12:34:34 INFO     3000 5959 4.612927 69219.2
2025-07-09 12:38:47 INFO     4000 5959 4.608838 69297.3
2025-07-09 12:43:01 INFO     5000 5959 4.574471 69332.0
2025-07-09 12:47:04 INFO     >>>>> Predictor: Evaluating on valid
2025-07-09 12:48:06 INFO     Data : 2077
2025-07-09 12:48:06 INFO     Hit1 : 0.092922
2025-07-09 12:48:06 INFO     Hit3 : 0.183438
2025-07-09 12:48:06 INFO     Hit10: 0.314396
2025-07-09 12:48:06 INFO     MR   : 921.246028
2025-07-09 12:48:06 INFO     MRR  : 0.163608
2025-07-09 12:48:06 INFO     >>>>> Predictor: Evaluating on test
2025-07-09 12:49:16 INFO     Data : 2342
2025-07-09 12:49:16 INFO     Hit1 : 0.126815
2025-07-09 12:49:16 INFO     Hit3 : 0.209650
2025-07-09 12:49:16 INFO     Hit10: 0.318958
2025-07-09 12:49:16 INFO     MR   : 851.553800
2025-07-09 12:49:16 INFO     MRR  : 0.191741
2025-07-09 12:49:16 INFO     -------------------------
2025-07-09 12:49:16 INFO     | Final Test MRR: 0.190316
2025-07-09 12:49:16 INFO     -------------------------
