2025-07-22 03:57:13 INFO     is_soft_label: False
2025-07-22 03:57:13 INFO     is_scheduled_sampling: True
2025-07-22 03:57:13 INFO     is_test_mode: False
2025-07-22 03:57:13 INFO     Data loading | DONE!
2025-07-22 03:57:13 INFO     Using full datasets for training, validation, and testing.
2025-07-22 03:57:13 INFO     -------------------------
2025-07-22 03:57:13 INFO     | EM Iteration: 1/5
2025-07-22 03:57:13 INFO     -------------------------
2025-07-22 03:57:13 INFO     >>>>> Using miner's rule
2025-07-22 03:57:13 INFO     Predictor: read 13661 rules from list.
2025-07-22 03:57:14 INFO     Preprocess training set
2025-07-22 03:57:14 INFO     >>>>> Predictor: Evaluating on valid
2025-07-22 03:59:30 INFO     Data : 2077
2025-07-22 03:59:30 INFO     Hit1 : 0.065479
2025-07-22 03:59:30 INFO     Hit3 : 0.127106
2025-07-22 03:59:30 INFO     Hit10: 0.199326
2025-07-22 03:59:30 INFO     MR   : 1120.902022
2025-07-22 03:59:30 INFO     MRR  : 0.114382
2025-07-22 03:59:30 INFO     >>>>> Predictor: Evaluating on test
2025-07-22 04:02:04 INFO     Data : 2342
2025-07-22 04:02:04 INFO     Hit1 : 0.078992
2025-07-22 04:02:04 INFO     Hit3 : 0.124253
2025-07-22 04:02:04 INFO     Hit10: 0.208796
2025-07-22 04:02:04 INFO     MR   : 1044.269001
2025-07-22 04:02:04 INFO     MRR  : 0.122250
2025-07-22 04:02:04 INFO     >>>>> Predictor: Computing H scores of rules
2025-07-22 04:39:16 INFO     1000 5959
2025-07-22 05:17:05 INFO     2000 5959
2025-07-22 05:54:21 INFO     3000 5959
2025-07-22 06:33:01 INFO     4000 5959
2025-07-22 07:11:14 INFO     5000 5959
2025-07-22 07:50:29 INFO     >>>>> Generator: Training
2025-07-22 07:50:40 INFO     -------------------------
2025-07-22 07:50:40 INFO     | EM Iteration: 2/5
2025-07-22 07:50:40 INFO     -------------------------
2025-07-22 07:50:40 INFO     >>>>> Using Generator's sample rule
2025-07-22 07:50:40 INFO     >>>>> Generator: Rule generation with sampling
2025-07-22 07:50:40 INFO     Predictor: read 1910 rules from list.
2025-07-22 07:50:40 INFO     Preprocess training set
2025-07-22 07:50:40 INFO     >>>>> Predictor: Training
2025-07-22 07:51:59 INFO     1000 5959 8.782457 69314.6
2025-07-22 07:53:16 INFO     2000 5959 8.410559 69271.3
2025-07-22 07:54:33 INFO     3000 5959 8.220157 69245.2
2025-07-22 07:55:48 INFO     4000 5959 8.066903 69340.6
2025-07-22 07:57:10 INFO     5000 5959 7.944350 69340.6
2025-07-22 07:58:23 INFO     >>>>> Predictor: Evaluating on valid
2025-07-22 07:58:42 INFO     Data : 2077
2025-07-22 07:58:42 INFO     Hit1 : 0.025036
2025-07-22 07:58:42 INFO     Hit3 : 0.040924
2025-07-22 07:58:42 INFO     Hit10: 0.064516
2025-07-22 07:58:42 INFO     MR   : 1408.601348
2025-07-22 07:58:42 INFO     MRR  : 0.041208
2025-07-22 07:58:42 INFO     >>>>> Predictor: Evaluating on test
2025-07-22 07:59:04 INFO     Data : 2342
2025-07-22 07:59:04 INFO     Hit1 : 0.019641
2025-07-22 07:59:04 INFO     Hit3 : 0.031170
2025-07-22 07:59:04 INFO     Hit10: 0.058497
2025-07-22 07:59:04 INFO     MR   : 1315.137062
2025-07-22 07:59:04 INFO     MRR  : 0.035162
2025-07-22 07:59:04 INFO     >>>>> Predictor: Computing H scores of rules
2025-07-22 08:02:25 INFO     1000 5959
2025-07-22 08:05:59 INFO     2000 5959
2025-07-22 08:09:21 INFO     3000 5959
2025-07-22 08:12:42 INFO     4000 5959
2025-07-22 08:16:07 INFO     5000 5959
2025-07-22 08:19:33 INFO     >>>>> Generator: Training
2025-07-22 08:19:45 INFO     -------------------------
2025-07-22 08:19:45 INFO     | EM Iteration: 3/5
2025-07-22 08:19:45 INFO     -------------------------
2025-07-22 08:19:45 INFO     >>>>> Using Generator's sample rule
2025-07-22 08:19:45 INFO     >>>>> Generator: Rule generation with sampling
2025-07-22 08:19:45 INFO     Predictor: read 1894 rules from list.
2025-07-22 08:19:45 INFO     Preprocess training set
2025-07-22 08:19:45 INFO     >>>>> Predictor: Training
2025-07-22 08:21:00 INFO     1000 5959 8.811361 69332.0
2025-07-22 08:22:15 INFO     2000 5959 8.473597 69349.3
2025-07-22 08:23:43 INFO     3000 5959 8.262540 69184.5
2025-07-22 08:25:11 INFO     4000 5959 8.094346 69253.9
2025-07-22 08:26:26 INFO     5000 5959 8.001096 69332.0
2025-07-22 08:27:39 INFO     >>>>> Predictor: Evaluating on valid
2025-07-22 08:28:10 INFO     Data : 2077
2025-07-22 08:28:10 INFO     Hit1 : 0.010592
2025-07-22 08:28:10 INFO     Hit3 : 0.025518
2025-07-22 08:28:10 INFO     Hit10: 0.051517
2025-07-22 08:28:10 INFO     MR   : 1450.406837
2025-07-22 08:28:10 INFO     MRR  : 0.026721
2025-07-22 08:28:10 INFO     >>>>> Predictor: Evaluating on test
2025-07-22 08:28:33 INFO     Data : 2342
2025-07-22 08:28:33 INFO     Hit1 : 0.014091
2025-07-22 08:28:33 INFO     Hit3 : 0.024765
2025-07-22 08:28:33 INFO     Hit10: 0.047395
2025-07-22 08:28:33 INFO     MR   : 1339.567891
2025-07-22 08:28:33 INFO     MRR  : 0.027995
2025-07-22 08:28:33 INFO     >>>>> Predictor: Computing H scores of rules
2025-07-22 08:31:54 INFO     1000 5959
2025-07-22 08:35:28 INFO     2000 5959
2025-07-22 08:39:14 INFO     3000 5959
2025-07-22 08:42:34 INFO     4000 5959
2025-07-22 08:45:55 INFO     5000 5959
2025-07-22 08:49:12 INFO     >>>>> Generator: Training
2025-07-22 08:49:22 INFO     -------------------------
2025-07-22 08:49:22 INFO     | EM Iteration: 4/5
2025-07-22 08:49:22 INFO     -------------------------
2025-07-22 08:49:22 INFO     >>>>> Using Generator's sample rule
2025-07-22 08:49:22 INFO     >>>>> Generator: Rule generation with sampling
2025-07-22 08:49:23 INFO     Predictor: read 1923 rules from list.
2025-07-22 08:49:23 INFO     Preprocess training set
2025-07-22 08:49:23 INFO     >>>>> Predictor: Training
2025-07-22 08:50:38 INFO     1000 5959 8.795448 69271.3
2025-07-22 08:51:54 INFO     2000 5959 8.415264 69340.6
2025-07-22 08:53:11 INFO     3000 5959 8.157345 69384.0
2025-07-22 08:54:26 INFO     4000 5959 7.988755 69262.6
2025-07-22 08:55:43 INFO     5000 5959 7.849661 69332.0
2025-07-22 08:57:08 INFO     >>>>> Predictor: Evaluating on valid
2025-07-22 08:57:26 INFO     Data : 2077
2025-07-22 08:57:26 INFO     Hit1 : 0.001444
2025-07-22 08:57:26 INFO     Hit3 : 0.004333
2025-07-22 08:57:26 INFO     Hit10: 0.014444
2025-07-22 08:57:26 INFO     MR   : 1509.454502
2025-07-22 08:57:26 INFO     MRR  : 0.009340
2025-07-22 08:57:26 INFO     >>>>> Predictor: Evaluating on test
2025-07-22 08:57:47 INFO     Data : 2342
2025-07-22 08:57:47 INFO     Hit1 : 0.001281
2025-07-22 08:57:47 INFO     Hit3 : 0.008540
2025-07-22 08:57:47 INFO     Hit10: 0.017933
2025-07-22 08:57:47 INFO     MR   : 1398.881085
2025-07-22 08:57:47 INFO     MRR  : 0.010718
2025-07-22 08:57:47 INFO     >>>>> Predictor: Computing H scores of rules
2025-07-22 09:01:22 INFO     1000 5959
2025-07-22 09:04:56 INFO     2000 5959
2025-07-22 09:08:17 INFO     3000 5959
2025-07-22 09:11:38 INFO     4000 5959
2025-07-22 09:15:01 INFO     5000 5959
2025-07-22 09:18:17 INFO     >>>>> Generator: Training
2025-07-22 09:18:27 INFO     -------------------------
2025-07-22 09:18:27 INFO     | EM Iteration: 5/5
2025-07-22 09:18:27 INFO     -------------------------
2025-07-22 09:18:27 INFO     >>>>> Using Generator's sample rule
2025-07-22 09:18:27 INFO     >>>>> Generator: Rule generation with sampling
2025-07-22 09:18:28 INFO     Predictor: read 1940 rules from list.
2025-07-22 09:18:28 INFO     Preprocess training set
2025-07-22 09:18:28 INFO     >>>>> Predictor: Training
2025-07-22 09:19:56 INFO     1000 5959 8.820225 69332.0
2025-07-22 09:21:11 INFO     2000 5959 8.474214 69349.3
2025-07-22 09:22:27 INFO     3000 5959 8.251743 69340.6
2025-07-22 09:23:55 INFO     4000 5959 8.111076 69297.3
2025-07-22 09:25:10 INFO     5000 5959 7.963352 69219.2
2025-07-22 09:26:23 INFO     >>>>> Predictor: Evaluating on valid
2025-07-22 09:26:41 INFO     Data : 2077
2025-07-22 09:26:41 INFO     Hit1 : 0.013000
2025-07-22 09:26:41 INFO     Hit3 : 0.022147
2025-07-22 09:26:41 INFO     Hit10: 0.033702
2025-07-22 09:26:41 INFO     MR   : 1536.172364
2025-07-22 09:26:41 INFO     MRR  : 0.023873
2025-07-22 09:26:41 INFO     >>>>> Predictor: Evaluating on test
2025-07-22 09:27:02 INFO     Data : 2342
2025-07-22 09:27:02 INFO     Hit1 : 0.009821
2025-07-22 09:27:02 INFO     Hit3 : 0.017506
2025-07-22 09:27:02 INFO     Hit10: 0.032024
2025-07-22 09:27:02 INFO     MR   : 1412.519214
2025-07-22 09:27:02 INFO     MRR  : 0.020036
2025-07-22 09:27:02 INFO     >>>>> Predictor: Computing H scores of rules
2025-07-22 09:30:36 INFO     1000 5959
2025-07-22 09:34:04 INFO     2000 5959
2025-07-22 09:37:35 INFO     3000 5959
2025-07-22 09:40:59 INFO     4000 5959
2025-07-22 09:44:22 INFO     5000 5959
2025-07-22 09:47:37 INFO     >>>>> Generator: Training
2025-07-22 09:47:47 INFO     -------------------------
2025-07-22 09:47:47 INFO     | Post-train Generator
2025-07-22 09:47:47 INFO     -------------------------
2025-07-22 09:47:48 INFO     >>>>> Generator: Training
2025-07-22 09:49:31 INFO     [E01000] Total 28.581177 | Main 5.661041 | RelClus 6.196578 | EntType 33.162837
2025-07-22 09:49:31 INFO     -------------------------
2025-07-22 09:49:31 INFO     | Beam Search Best Rules
2025-07-22 09:49:31 INFO     -------------------------
2025-07-22 09:49:31 INFO     >>>>> Generator: Rule generation with beam search
2025-07-22 09:49:32 INFO     >>>>> Generator: Rule generation with beam search
2025-07-22 09:49:38 INFO     >>>>> Generator: Rule generation with beam search
2025-07-22 09:50:59 INFO     >>>>> Generator: Rule generation with beam search
2025-07-22 09:52:08 INFO     >>>>> Generator: Rule generation with beam search
2025-07-22 09:52:54 INFO     -------------------------
2025-07-22 09:52:54 INFO     | Train Final Predictor+
2025-07-22 09:52:54 INFO     -------------------------
2025-07-22 09:52:54 INFO     Predictor+: read 18420 rules from list.
2025-07-22 09:52:54 INFO     Preprocess training set
2025-07-22 09:52:54 INFO     -------------------------
2025-07-22 09:52:54 INFO     | Iteration: 1/5
2025-07-22 09:52:54 INFO     -------------------------
2025-07-22 09:52:54 INFO     >>>>> Predictor: Training
2025-07-22 09:59:10 INFO     1000 5959 5.258644 69271.3
2025-07-22 10:05:14 INFO     2000 5959 5.140954 69332.0
2025-07-22 10:11:30 INFO     3000 5959 5.108578 69375.3
2025-07-22 10:17:37 INFO     4000 5959 5.092376 69279.9
2025-07-22 10:23:53 INFO     5000 5959 5.062774 69349.3
2025-07-22 10:29:51 INFO     >>>>> Predictor: Evaluating on valid
2025-07-22 10:31:24 INFO     Data : 2077
2025-07-22 10:31:24 INFO     Hit1 : 0.065961
2025-07-22 10:31:24 INFO     Hit3 : 0.127106
2025-07-22 10:31:24 INFO     Hit10: 0.203178
2025-07-22 10:31:24 INFO     MR   : 1228.503611
2025-07-22 10:31:24 INFO     MRR  : 0.110989
2025-07-22 10:31:24 INFO     >>>>> Predictor: Evaluating on test
2025-07-22 10:33:17 INFO     Data : 2342
2025-07-22 10:33:17 INFO     Hit1 : 0.094791
2025-07-22 10:33:17 INFO     Hit3 : 0.146029
2025-07-22 10:33:17 INFO     Hit10: 0.204526
2025-07-22 10:33:17 INFO     MR   : 1139.253629
2025-07-22 10:33:17 INFO     MRR  : 0.132411
2025-07-22 10:33:17 INFO     Save checkpoint to results/semmeddb/10_times_each/scheduled_sampling/5_20250722_035711/predictor.pt
2025-07-22 10:33:17 INFO     -------------------------
2025-07-22 10:33:17 INFO     | Iteration: 2/5
2025-07-22 10:33:17 INFO     -------------------------
2025-07-22 10:33:17 INFO     >>>>> Predictor: Training
2025-07-22 10:39:38 INFO     1000 5959 5.028217 69366.7
2025-07-22 10:45:51 INFO     2000 5959 5.050712 69375.3
2025-07-22 10:52:09 INFO     3000 5959 5.046870 69219.2
2025-07-22 10:58:41 INFO     4000 5959 5.044814 69305.9
2025-07-22 11:05:00 INFO     5000 5959 5.024348 69288.6
2025-07-22 11:11:09 INFO     >>>>> Predictor: Evaluating on valid
2025-07-22 11:12:41 INFO     Data : 2077
2025-07-22 11:12:41 INFO     Hit1 : 0.067405
2025-07-22 11:12:41 INFO     Hit3 : 0.125181
2025-07-22 11:12:41 INFO     Hit10: 0.203178
2025-07-22 11:12:41 INFO     MR   : 1197.143958
2025-07-22 11:12:41 INFO     MRR  : 0.111269
2025-07-22 11:12:41 INFO     >>>>> Predictor: Evaluating on test
2025-07-22 11:14:26 INFO     Data : 2342
2025-07-22 11:14:26 INFO     Hit1 : 0.093937
2025-07-22 11:14:26 INFO     Hit3 : 0.143467
2025-07-22 11:14:26 INFO     Hit10: 0.203245
2025-07-22 11:14:26 INFO     MR   : 1108.175278
2025-07-22 11:14:26 INFO     MRR  : 0.131755
2025-07-22 11:14:26 INFO     Save checkpoint to results/semmeddb/10_times_each/scheduled_sampling/5_20250722_035711/predictor.pt
2025-07-22 11:14:26 INFO     -------------------------
2025-07-22 11:14:26 INFO     | Iteration: 3/5
2025-07-22 11:14:26 INFO     -------------------------
2025-07-22 11:14:26 INFO     >>>>> Predictor: Training
2025-07-22 11:20:35 INFO     1000 5959 5.027200 69288.6
2025-07-22 11:26:56 INFO     2000 5959 5.033229 69288.6
2025-07-22 11:33:19 INFO     3000 5959 5.015779 69340.6
2025-07-22 11:39:29 INFO     4000 5959 5.024194 69271.3
2025-07-22 11:45:53 INFO     5000 5959 5.050577 69219.2
2025-07-22 11:51:58 INFO     >>>>> Predictor: Evaluating on valid
2025-07-22 11:53:29 INFO     Data : 2077
2025-07-22 11:53:29 INFO     Hit1 : 0.067886
2025-07-22 11:53:29 INFO     Hit3 : 0.130477
2025-07-22 11:53:29 INFO     Hit10: 0.199807
2025-07-22 11:53:29 INFO     MR   : 1188.675012
2025-07-22 11:53:29 INFO     MRR  : 0.111895
2025-07-22 11:53:29 INFO     >>>>> Predictor: Evaluating on test
2025-07-22 11:55:13 INFO     Data : 2342
2025-07-22 11:55:13 INFO     Hit1 : 0.098634
2025-07-22 11:55:13 INFO     Hit3 : 0.144321
2025-07-22 11:55:13 INFO     Hit10: 0.204526
2025-07-22 11:55:13 INFO     MR   : 1092.687660
2025-07-22 11:55:13 INFO     MRR  : 0.134264
2025-07-22 11:55:13 INFO     Save checkpoint to results/semmeddb/10_times_each/scheduled_sampling/5_20250722_035711/predictor.pt
2025-07-22 11:55:13 INFO     -------------------------
2025-07-22 11:55:13 INFO     | Iteration: 4/5
2025-07-22 11:55:13 INFO     -------------------------
2025-07-22 11:55:13 INFO     >>>>> Predictor: Training
2025-07-22 12:01:20 INFO     1000 5959 4.998592 69340.6
2025-07-22 12:07:40 INFO     2000 5959 4.987114 69184.5
2025-07-22 12:13:54 INFO     3000 5959 5.072540 69253.9
2025-07-22 12:20:06 INFO     4000 5959 5.023097 69340.6
2025-07-22 12:26:31 INFO     5000 5959 5.016999 69384.0
2025-07-22 12:32:22 INFO     >>>>> Predictor: Evaluating on valid
2025-07-22 12:33:57 INFO     Data : 2077
2025-07-22 12:33:57 INFO     Hit1 : 0.069331
2025-07-22 12:33:57 INFO     Hit3 : 0.129032
2025-07-22 12:33:57 INFO     Hit10: 0.199326
2025-07-22 12:33:57 INFO     MR   : 1186.796582
2025-07-22 12:33:57 INFO     MRR  : 0.112674
2025-07-22 12:33:57 INFO     >>>>> Predictor: Evaluating on test
2025-07-22 12:35:40 INFO     Data : 2342
2025-07-22 12:35:40 INFO     Hit1 : 0.096499
2025-07-22 12:35:40 INFO     Hit3 : 0.147310
2025-07-22 12:35:40 INFO     Hit10: 0.206234
2025-07-22 12:35:40 INFO     MR   : 1099.464347
2025-07-22 12:35:40 INFO     MRR  : 0.133867
2025-07-22 12:35:40 INFO     Save checkpoint to results/semmeddb/10_times_each/scheduled_sampling/5_20250722_035711/predictor.pt
2025-07-22 12:35:40 INFO     -------------------------
2025-07-22 12:35:40 INFO     | Iteration: 5/5
2025-07-22 12:35:40 INFO     -------------------------
2025-07-22 12:35:40 INFO     >>>>> Predictor: Training
2025-07-22 12:41:50 INFO     1000 5959 5.024220 69323.3
2025-07-22 12:48:04 INFO     2000 5959 5.023540 69332.0
2025-07-22 12:54:16 INFO     3000 5959 5.042817 69219.2
2025-07-22 13:00:29 INFO     4000 5959 5.007779 69297.3
2025-07-22 13:06:32 INFO     5000 5959 4.989520 69332.0
2025-07-22 13:12:29 INFO     >>>>> Predictor: Evaluating on valid
2025-07-22 13:14:00 INFO     Data : 2077
2025-07-22 13:14:00 INFO     Hit1 : 0.070775
2025-07-22 13:14:00 INFO     Hit3 : 0.126143
2025-07-22 13:14:00 INFO     Hit10: 0.200770
2025-07-22 13:14:00 INFO     MR   : 1178.392393
2025-07-22 13:14:00 INFO     MRR  : 0.112924
2025-07-22 13:14:00 INFO     >>>>> Predictor: Evaluating on test
2025-07-22 13:15:43 INFO     Data : 2342
2025-07-22 13:15:43 INFO     Hit1 : 0.095218
2025-07-22 13:15:43 INFO     Hit3 : 0.147737
2025-07-22 13:15:43 INFO     Hit10: 0.207088
2025-07-22 13:15:43 INFO     MR   : 1085.160547
2025-07-22 13:15:43 INFO     MRR  : 0.133793
2025-07-22 13:15:43 INFO     Save checkpoint to results/semmeddb/10_times_each/scheduled_sampling/5_20250722_035711/predictor.pt
2025-07-22 13:15:43 INFO     -------------------------
2025-07-22 13:15:43 INFO     | Final Test MRR: 0.133793
2025-07-22 13:15:43 INFO     -------------------------
