2025-07-20 23:35:47 INFO     is_soft_label: False
2025-07-20 23:35:47 INFO     is_scheduled_sampling: False
2025-07-20 23:35:47 INFO     is_test_mode: False
2025-07-20 23:35:47 INFO     Data loading | DONE!
2025-07-20 23:35:47 INFO     Using full datasets for training, validation, and testing.
2025-07-20 23:35:47 INFO     -------------------------
2025-07-20 23:35:47 INFO     | EM Iteration: 1/5
2025-07-20 23:35:47 INFO     -------------------------
2025-07-20 23:35:47 INFO     >>>>> Using miner's rule
2025-07-20 23:35:47 INFO     Predictor: read 13661 rules from list.
2025-07-20 23:35:48 INFO     Preprocess training set
2025-07-20 23:35:48 INFO     >>>>> Predictor: Evaluating on valid
2025-07-20 23:38:03 INFO     Data : 2077
2025-07-20 23:38:03 INFO     Hit1 : 0.065479
2025-07-20 23:38:03 INFO     Hit3 : 0.127106
2025-07-20 23:38:03 INFO     Hit10: 0.199326
2025-07-20 23:38:03 INFO     MR   : 1120.902022
2025-07-20 23:38:03 INFO     MRR  : 0.114382
2025-07-20 23:38:03 INFO     >>>>> Predictor: Evaluating on test
2025-07-20 23:40:34 INFO     Data : 2342
2025-07-20 23:40:34 INFO     Hit1 : 0.078992
2025-07-20 23:40:34 INFO     Hit3 : 0.124253
2025-07-20 23:40:34 INFO     Hit10: 0.208796
2025-07-20 23:40:34 INFO     MR   : 1044.269001
2025-07-20 23:40:34 INFO     MRR  : 0.122250
2025-07-20 23:40:34 INFO     >>>>> Predictor: Computing H scores of rules
2025-07-21 00:17:51 INFO     1000 5959
2025-07-21 00:55:56 INFO     2000 5959
2025-07-21 01:33:59 INFO     3000 5959
2025-07-21 02:11:36 INFO     4000 5959
2025-07-21 02:48:52 INFO     5000 5959
2025-07-21 03:26:47 INFO     >>>>> Generator: Training
2025-07-21 03:26:59 INFO     -------------------------
2025-07-21 03:26:59 INFO     | EM Iteration: 2/5
2025-07-21 03:26:59 INFO     -------------------------
2025-07-21 03:26:59 INFO     >>>>> Using Generator's sample rule
2025-07-21 03:26:59 INFO     >>>>> Generator: Rule generation with sampling
2025-07-21 03:26:59 INFO     Predictor: read 1892 rules from list.
2025-07-21 03:26:59 INFO     Preprocess training set
2025-07-21 03:26:59 INFO     >>>>> Predictor: Training
2025-07-21 03:28:14 INFO     1000 5959 8.791967 69314.6
2025-07-21 03:29:26 INFO     2000 5959 8.414537 69271.3
2025-07-21 03:30:39 INFO     3000 5959 8.209815 69245.2
2025-07-21 03:31:50 INFO     4000 5959 8.040272 69340.6
2025-07-21 03:33:06 INFO     5000 5959 7.874913 69340.6
2025-07-21 03:34:26 INFO     >>>>> Predictor: Evaluating on valid
2025-07-21 03:34:44 INFO     Data : 2077
2025-07-21 03:34:44 INFO     Hit1 : 0.014925
2025-07-21 03:34:44 INFO     Hit3 : 0.023592
2025-07-21 03:34:44 INFO     Hit10: 0.034665
2025-07-21 03:34:44 INFO     MR   : 1480.162735
2025-07-21 03:34:44 INFO     MRR  : 0.025649
2025-07-21 03:34:44 INFO     >>>>> Predictor: Evaluating on test
2025-07-21 03:35:04 INFO     Data : 2342
2025-07-21 03:35:04 INFO     Hit1 : 0.011529
2025-07-21 03:35:04 INFO     Hit3 : 0.017933
2025-07-21 03:35:04 INFO     Hit10: 0.028608
2025-07-21 03:35:04 INFO     MR   : 1375.226943
2025-07-21 03:35:04 INFO     MRR  : 0.021256
2025-07-21 03:35:04 INFO     >>>>> Predictor: Computing H scores of rules
2025-07-21 03:38:25 INFO     1000 5959
2025-07-21 03:41:45 INFO     2000 5959
2025-07-21 03:45:05 INFO     3000 5959
2025-07-21 03:48:26 INFO     4000 5959
2025-07-21 03:51:57 INFO     5000 5959
2025-07-21 03:55:23 INFO     >>>>> Generator: Training
2025-07-21 03:55:33 INFO     -------------------------
2025-07-21 03:55:33 INFO     | EM Iteration: 3/5
2025-07-21 03:55:33 INFO     -------------------------
2025-07-21 03:55:33 INFO     >>>>> Using Generator's sample rule
2025-07-21 03:55:33 INFO     >>>>> Generator: Rule generation with sampling
2025-07-21 03:55:33 INFO     Predictor: read 1881 rules from list.
2025-07-21 03:55:33 INFO     Preprocess training set
2025-07-21 03:55:33 INFO     >>>>> Predictor: Training
2025-07-21 03:56:44 INFO     1000 5959 8.817987 69332.0
2025-07-21 03:57:56 INFO     2000 5959 8.496226 69349.3
2025-07-21 03:59:21 INFO     3000 5959 8.298008 69184.5
2025-07-21 04:00:33 INFO     4000 5959 8.154551 69253.9
2025-07-21 04:01:45 INFO     5000 5959 8.083140 69332.0
2025-07-21 04:02:58 INFO     >>>>> Predictor: Evaluating on valid
2025-07-21 04:03:16 INFO     Data : 2077
2025-07-21 04:03:16 INFO     Hit1 : 0.012037
2025-07-21 04:03:16 INFO     Hit3 : 0.022629
2025-07-21 04:03:16 INFO     Hit10: 0.044776
2025-07-21 04:03:16 INFO     MR   : 1472.765768
2025-07-21 04:03:16 INFO     MRR  : 0.025626
2025-07-21 04:03:16 INFO     >>>>> Predictor: Evaluating on test
2025-07-21 04:03:37 INFO     Data : 2342
2025-07-21 04:03:37 INFO     Hit1 : 0.013664
2025-07-21 04:03:37 INFO     Hit3 : 0.020495
2025-07-21 04:03:37 INFO     Hit10: 0.038856
2025-07-21 04:03:37 INFO     MR   : 1373.408412
2025-07-21 04:03:37 INFO     MRR  : 0.024759
2025-07-21 04:03:37 INFO     >>>>> Predictor: Computing H scores of rules
2025-07-21 04:07:04 INFO     1000 5959
2025-07-21 04:10:28 INFO     2000 5959
2025-07-21 04:13:52 INFO     3000 5959
2025-07-21 04:17:25 INFO     4000 5959
2025-07-21 04:21:09 INFO     5000 5959
2025-07-21 04:24:26 INFO     >>>>> Generator: Training
2025-07-21 04:24:36 INFO     -------------------------
2025-07-21 04:24:36 INFO     | EM Iteration: 4/5
2025-07-21 04:24:36 INFO     -------------------------
2025-07-21 04:24:36 INFO     >>>>> Using Generator's sample rule
2025-07-21 04:24:36 INFO     >>>>> Generator: Rule generation with sampling
2025-07-21 04:24:36 INFO     Predictor: read 1854 rules from list.
2025-07-21 04:24:36 INFO     Preprocess training set
2025-07-21 04:24:36 INFO     >>>>> Predictor: Training
2025-07-21 04:25:54 INFO     1000 5959 8.806675 69271.3
2025-07-21 04:27:16 INFO     2000 5959 8.455464 69340.6
2025-07-21 04:28:43 INFO     3000 5959 8.234432 69384.0
2025-07-21 04:29:57 INFO     4000 5959 8.075240 69262.6
2025-07-21 04:31:24 INFO     5000 5959 7.951819 69332.0
2025-07-21 04:32:35 INFO     >>>>> Predictor: Evaluating on valid
2025-07-21 04:32:54 INFO     Data : 2077
2025-07-21 04:32:54 INFO     Hit1 : 0.029369
2025-07-21 04:32:54 INFO     Hit3 : 0.044295
2025-07-21 04:32:54 INFO     Hit10: 0.064998
2025-07-21 04:32:54 INFO     MR   : 1444.204622
2025-07-21 04:32:54 INFO     MRR  : 0.045124
2025-07-21 04:32:54 INFO     >>>>> Predictor: Evaluating on test
2025-07-21 04:33:15 INFO     Data : 2342
2025-07-21 04:33:15 INFO     Hit1 : 0.033732
2025-07-21 04:33:15 INFO     Hit3 : 0.049530
2025-07-21 04:33:15 INFO     Hit10: 0.067037
2025-07-21 04:33:15 INFO     MR   : 1343.278181
2025-07-21 04:33:15 INFO     MRR  : 0.048749
2025-07-21 04:33:15 INFO     >>>>> Predictor: Computing H scores of rules
2025-07-21 04:36:39 INFO     1000 5959
2025-07-21 04:40:14 INFO     2000 5959
2025-07-21 04:43:44 INFO     3000 5959
2025-07-21 04:47:18 INFO     4000 5959
2025-07-21 04:50:40 INFO     5000 5959
2025-07-21 04:54:08 INFO     >>>>> Generator: Training
2025-07-21 04:54:18 INFO     -------------------------
2025-07-21 04:54:18 INFO     | EM Iteration: 5/5
2025-07-21 04:54:18 INFO     -------------------------
2025-07-21 04:54:18 INFO     >>>>> Using Generator's sample rule
2025-07-21 04:54:18 INFO     >>>>> Generator: Rule generation with sampling
2025-07-21 04:54:18 INFO     Predictor: read 1685 rules from list.
2025-07-21 04:54:18 INFO     Preprocess training set
2025-07-21 04:54:18 INFO     >>>>> Predictor: Training
2025-07-21 04:55:30 INFO     1000 5959 8.787479 69332.0
2025-07-21 04:56:42 INFO     2000 5959 8.381104 69349.3
2025-07-21 04:57:59 INFO     3000 5959 8.129148 69340.6
2025-07-21 04:59:10 INFO     4000 5959 7.902353 69297.3
2025-07-21 05:00:23 INFO     5000 5959 7.716306 69219.2
2025-07-21 05:01:44 INFO     >>>>> Predictor: Evaluating on valid
2025-07-21 05:02:02 INFO     Data : 2077
2025-07-21 05:02:02 INFO     Hit1 : 0.029369
2025-07-21 05:02:02 INFO     Hit3 : 0.051517
2025-07-21 05:02:02 INFO     Hit10: 0.072701
2025-07-21 05:02:02 INFO     MR   : 1464.012759
2025-07-21 05:02:02 INFO     MRR  : 0.047548
2025-07-21 05:02:02 INFO     >>>>> Predictor: Evaluating on test
2025-07-21 05:02:23 INFO     Data : 2342
2025-07-21 05:02:23 INFO     Hit1 : 0.035013
2025-07-21 05:02:23 INFO     Hit3 : 0.054227
2025-07-21 05:02:23 INFO     Hit10: 0.075149
2025-07-21 05:02:23 INFO     MR   : 1360.229078
2025-07-21 05:02:23 INFO     MRR  : 0.052431
2025-07-21 05:02:23 INFO     >>>>> Predictor: Computing H scores of rules
2025-07-21 05:05:45 INFO     1000 5959
2025-07-21 05:09:08 INFO     2000 5959
2025-07-21 05:12:30 INFO     3000 5959
2025-07-21 05:16:21 INFO     4000 5959
2025-07-21 05:19:40 INFO     5000 5959
2025-07-21 05:22:57 INFO     >>>>> Generator: Training
2025-07-21 05:23:07 INFO     -------------------------
2025-07-21 05:23:07 INFO     | Post-train Generator
2025-07-21 05:23:07 INFO     -------------------------
2025-07-21 05:23:09 INFO     >>>>> Generator: Training
2025-07-21 05:24:51 INFO     [E01000] Total 2.057636 | Main 2.414967 | RelClus 1.468955 | 
2025-07-21 05:24:51 INFO     -------------------------
2025-07-21 05:24:51 INFO     | Beam Search Best Rules
2025-07-21 05:24:51 INFO     -------------------------
2025-07-21 05:24:51 INFO     >>>>> Generator: Rule generation with beam search
2025-07-21 05:24:51 INFO     >>>>> Generator: Rule generation with beam search
2025-07-21 05:24:56 INFO     >>>>> Generator: Rule generation with beam search
2025-07-21 05:26:07 INFO     >>>>> Generator: Rule generation with beam search
2025-07-21 05:27:05 INFO     >>>>> Generator: Rule generation with beam search
2025-07-21 05:27:51 INFO     -------------------------
2025-07-21 05:27:51 INFO     | Train Final Predictor+
2025-07-21 05:27:51 INFO     -------------------------
2025-07-21 05:27:51 INFO     Predictor+: read 18420 rules from list.
2025-07-21 05:27:52 INFO     Preprocess training set
2025-07-21 05:27:52 INFO     -------------------------
2025-07-21 05:27:52 INFO     | Iteration: 1/5
2025-07-21 05:27:52 INFO     -------------------------
2025-07-21 05:27:52 INFO     >>>>> Predictor: Training
2025-07-21 05:33:30 INFO     1000 5959 5.166630 69271.3
2025-07-21 05:39:10 INFO     2000 5959 5.000435 69332.0
2025-07-21 05:45:10 INFO     3000 5959 4.973219 69375.3
2025-07-21 05:51:00 INFO     4000 5959 4.964455 69279.9
2025-07-21 05:56:39 INFO     5000 5959 4.914960 69349.3
2025-07-21 06:02:14 INFO     >>>>> Predictor: Evaluating on valid
2025-07-21 06:03:34 INFO     Data : 2077
2025-07-21 06:03:34 INFO     Hit1 : 0.091478
2025-07-21 06:03:34 INFO     Hit3 : 0.175734
2025-07-21 06:03:34 INFO     Hit10: 0.290804
2025-07-21 06:03:34 INFO     MR   : 1037.660809
2025-07-21 06:03:34 INFO     MRR  : 0.155162
2025-07-21 06:03:34 INFO     >>>>> Predictor: Evaluating on test
2025-07-21 06:05:03 INFO     Data : 2342
2025-07-21 06:05:03 INFO     Hit1 : 0.114859
2025-07-21 06:05:03 INFO     Hit3 : 0.187874
2025-07-21 06:05:03 INFO     Hit10: 0.293339
2025-07-21 06:05:03 INFO     MR   : 961.897950
2025-07-21 06:05:03 INFO     MRR  : 0.173707
2025-07-21 06:05:03 INFO     Save checkpoint to results/semmeddb/10_times_each/aux1/7_20250720_233545/predictor.pt
2025-07-21 06:05:03 INFO     -------------------------
2025-07-21 06:05:03 INFO     | Iteration: 2/5
2025-07-21 06:05:03 INFO     -------------------------
2025-07-21 06:05:03 INFO     >>>>> Predictor: Training
2025-07-21 06:11:03 INFO     1000 5959 4.874934 69366.7
2025-07-21 06:16:49 INFO     2000 5959 4.893103 69375.3
2025-07-21 06:22:27 INFO     3000 5959 4.878840 69219.2
2025-07-21 06:28:02 INFO     4000 5959 4.910562 69305.9
2025-07-21 06:33:44 INFO     5000 5959 4.869966 69288.6
2025-07-21 06:39:19 INFO     >>>>> Predictor: Evaluating on valid
2025-07-21 06:40:41 INFO     Data : 2077
2025-07-21 06:40:41 INFO     Hit1 : 0.082812
2025-07-21 06:40:41 INFO     Hit3 : 0.175734
2025-07-21 06:40:41 INFO     Hit10: 0.285508
2025-07-21 06:40:41 INFO     MR   : 1010.816081
2025-07-21 06:40:41 INFO     MRR  : 0.151378
2025-07-21 06:40:41 INFO     >>>>> Predictor: Evaluating on test
2025-07-21 06:42:20 INFO     Data : 2342
2025-07-21 06:42:20 INFO     Hit1 : 0.108881
2025-07-21 06:42:20 INFO     Hit3 : 0.193424
2025-07-21 06:42:20 INFO     Hit10: 0.298890
2025-07-21 06:42:20 INFO     MR   : 935.738471
2025-07-21 06:42:20 INFO     MRR  : 0.170436
2025-07-21 06:42:20 INFO     -------------------------
2025-07-21 06:42:20 INFO     | Iteration: 3/5
2025-07-21 06:42:20 INFO     -------------------------
2025-07-21 06:42:20 INFO     >>>>> Predictor: Training
2025-07-21 06:47:58 INFO     1000 5959 4.877826 69288.6
2025-07-21 06:53:34 INFO     2000 5959 4.872178 69288.6
2025-07-21 06:59:19 INFO     3000 5959 4.860878 69340.6
2025-07-21 07:05:03 INFO     4000 5959 4.863121 69271.3
2025-07-21 07:10:38 INFO     5000 5959 4.901665 69219.2
2025-07-21 07:16:10 INFO     >>>>> Predictor: Evaluating on valid
2025-07-21 07:17:29 INFO     Data : 2077
2025-07-21 07:17:29 INFO     Hit1 : 0.089071
2025-07-21 07:17:29 INFO     Hit3 : 0.168512
2025-07-21 07:17:29 INFO     Hit10: 0.284064
2025-07-21 07:17:29 INFO     MR   : 998.516129
2025-07-21 07:17:29 INFO     MRR  : 0.151755
2025-07-21 07:17:29 INFO     >>>>> Predictor: Evaluating on test
2025-07-21 07:19:04 INFO     Data : 2342
2025-07-21 07:19:04 INFO     Hit1 : 0.108454
2025-07-21 07:19:04 INFO     Hit3 : 0.184458
2025-07-21 07:19:04 INFO     Hit10: 0.289923
2025-07-21 07:19:04 INFO     MR   : 920.557216
2025-07-21 07:19:04 INFO     MRR  : 0.167585
2025-07-21 07:19:04 INFO     -------------------------
2025-07-21 07:19:04 INFO     | Iteration: 4/5
2025-07-21 07:19:04 INFO     -------------------------
2025-07-21 07:19:04 INFO     >>>>> Predictor: Training
2025-07-21 07:24:45 INFO     1000 5959 4.847025 69340.6
2025-07-21 07:30:32 INFO     2000 5959 4.822825 69184.5
2025-07-21 07:36:22 INFO     3000 5959 4.905843 69253.9
2025-07-21 07:41:57 INFO     4000 5959 4.864959 69340.6
2025-07-21 07:47:34 INFO     5000 5959 4.856164 69384.0
2025-07-21 07:53:06 INFO     >>>>> Predictor: Evaluating on valid
2025-07-21 07:54:26 INFO     Data : 2077
2025-07-21 07:54:26 INFO     Hit1 : 0.084738
2025-07-21 07:54:26 INFO     Hit3 : 0.171401
2025-07-21 07:54:26 INFO     Hit10: 0.284545
2025-07-21 07:54:26 INFO     MR   : 994.409244
2025-07-21 07:54:26 INFO     MRR  : 0.150365
2025-07-21 07:54:26 INFO     >>>>> Predictor: Evaluating on test
2025-07-21 07:56:05 INFO     Data : 2342
2025-07-21 07:56:05 INFO     Hit1 : 0.115713
2025-07-21 07:56:05 INFO     Hit3 : 0.184031
2025-07-21 07:56:05 INFO     Hit10: 0.297182
2025-07-21 07:56:05 INFO     MR   : 920.717976
2025-07-21 07:56:05 INFO     MRR  : 0.171841
2025-07-21 07:56:05 INFO     -------------------------
2025-07-21 07:56:05 INFO     | Iteration: 5/5
2025-07-21 07:56:05 INFO     -------------------------
2025-07-21 07:56:05 INFO     >>>>> Predictor: Training
2025-07-21 08:01:50 INFO     1000 5959 4.853393 69323.3
2025-07-21 08:07:36 INFO     2000 5959 4.865791 69332.0
2025-07-21 08:13:20 INFO     3000 5959 4.881676 69219.2
2025-07-21 08:18:56 INFO     4000 5959 4.860613 69297.3
2025-07-21 08:24:32 INFO     5000 5959 4.827911 69332.0
2025-07-21 08:30:04 INFO     >>>>> Predictor: Evaluating on valid
2025-07-21 08:31:25 INFO     Data : 2077
2025-07-21 08:31:25 INFO     Hit1 : 0.079923
2025-07-21 08:31:25 INFO     Hit3 : 0.168031
2025-07-21 08:31:25 INFO     Hit10: 0.285508
2025-07-21 08:31:25 INFO     MR   : 985.914059
2025-07-21 08:31:25 INFO     MRR  : 0.146732
2025-07-21 08:31:25 INFO     >>>>> Predictor: Evaluating on test
2025-07-21 08:33:00 INFO     Data : 2342
2025-07-21 08:33:00 INFO     Hit1 : 0.114432
2025-07-21 08:33:00 INFO     Hit3 : 0.186593
2025-07-21 08:33:00 INFO     Hit10: 0.292485
2025-07-21 08:33:00 INFO     MR   : 911.756618
2025-07-21 08:33:00 INFO     MRR  : 0.172053
2025-07-21 08:33:00 INFO     -------------------------
2025-07-21 08:33:00 INFO     | Final Test MRR: 0.173707
2025-07-21 08:33:00 INFO     -------------------------
