2025-07-21 02:32:10 INFO     is_soft_label: False
2025-07-21 02:32:10 INFO     is_scheduled_sampling: False
2025-07-21 02:32:10 INFO     is_test_mode: False
2025-07-21 02:32:10 INFO     Data loading | DONE!
2025-07-21 02:32:11 INFO     Using full datasets for training, validation, and testing.
2025-07-21 02:32:11 INFO     -------------------------
2025-07-21 02:32:11 INFO     | EM Iteration: 1/5
2025-07-21 02:32:11 INFO     -------------------------
2025-07-21 02:32:11 INFO     >>>>> Using miner's rule
2025-07-21 02:32:11 INFO     Predictor: read 13661 rules from list.
2025-07-21 02:32:12 INFO     Preprocess training set
2025-07-21 02:32:12 INFO     >>>>> Predictor: Evaluating on valid
2025-07-21 02:35:50 INFO     Data : 2077
2025-07-21 02:35:50 INFO     Hit1 : 0.065479
2025-07-21 02:35:50 INFO     Hit3 : 0.127106
2025-07-21 02:35:50 INFO     Hit10: 0.199326
2025-07-21 02:35:50 INFO     MR   : 1120.902022
2025-07-21 02:35:50 INFO     MRR  : 0.114382
2025-07-21 02:35:50 INFO     >>>>> Predictor: Evaluating on test
2025-07-21 02:39:56 INFO     Data : 2342
2025-07-21 02:39:56 INFO     Hit1 : 0.078992
2025-07-21 02:39:56 INFO     Hit3 : 0.124253
2025-07-21 02:39:56 INFO     Hit10: 0.208796
2025-07-21 02:39:56 INFO     MR   : 1044.269001
2025-07-21 02:39:56 INFO     MRR  : 0.122250
2025-07-21 02:39:56 INFO     >>>>> Predictor: Computing H scores of rules
2025-07-21 03:29:20 INFO     1000 5959
2025-07-21 04:22:18 INFO     2000 5959
2025-07-21 05:16:46 INFO     3000 5959
2025-07-21 06:10:07 INFO     4000 5959
2025-07-21 06:58:49 INFO     5000 5959
2025-07-21 07:48:36 INFO     >>>>> Generator: Training
2025-07-21 07:48:44 INFO     -------------------------
2025-07-21 07:48:44 INFO     | EM Iteration: 2/5
2025-07-21 07:48:44 INFO     -------------------------
2025-07-21 07:48:44 INFO     >>>>> Using Generator's sample rule
2025-07-21 07:48:44 INFO     >>>>> Generator: Rule generation with sampling
2025-07-21 07:48:44 INFO     Predictor: read 1904 rules from list.
2025-07-21 07:48:44 INFO     Preprocess training set
2025-07-21 07:48:44 INFO     >>>>> Predictor: Training
2025-07-21 07:50:19 INFO     1000 5959 8.782312 69314.6
2025-07-21 07:51:54 INFO     2000 5959 8.410004 69271.3
2025-07-21 07:53:30 INFO     3000 5959 8.219053 69245.2
2025-07-21 07:55:06 INFO     4000 5959 8.065449 69340.6
2025-07-21 07:56:42 INFO     5000 5959 7.940880 69340.6
2025-07-21 07:58:16 INFO     >>>>> Predictor: Evaluating on valid
2025-07-21 07:58:33 INFO     Data : 2077
2025-07-21 07:58:33 INFO     Hit1 : 0.025036
2025-07-21 07:58:33 INFO     Hit3 : 0.040924
2025-07-21 07:58:33 INFO     Hit10: 0.064035
2025-07-21 07:58:33 INFO     MR   : 1407.828117
2025-07-21 07:58:33 INFO     MRR  : 0.041154
2025-07-21 07:58:33 INFO     >>>>> Predictor: Evaluating on test
2025-07-21 07:58:52 INFO     Data : 2342
2025-07-21 07:58:52 INFO     Hit1 : 0.019641
2025-07-21 07:58:52 INFO     Hit3 : 0.030743
2025-07-21 07:58:52 INFO     Hit10: 0.056362
2025-07-21 07:58:52 INFO     MR   : 1317.205807
2025-07-21 07:58:52 INFO     MRR  : 0.034766
2025-07-21 07:58:52 INFO     >>>>> Predictor: Computing H scores of rules
2025-07-21 08:02:56 INFO     1000 5959
2025-07-21 08:06:58 INFO     2000 5959
2025-07-21 08:11:16 INFO     3000 5959
2025-07-21 08:15:19 INFO     4000 5959
2025-07-21 08:19:18 INFO     5000 5959
2025-07-21 08:23:07 INFO     >>>>> Generator: Training
2025-07-21 08:23:14 INFO     -------------------------
2025-07-21 08:23:14 INFO     | EM Iteration: 3/5
2025-07-21 08:23:14 INFO     -------------------------
2025-07-21 08:23:14 INFO     >>>>> Using Generator's sample rule
2025-07-21 08:23:14 INFO     >>>>> Generator: Rule generation with sampling
2025-07-21 08:23:14 INFO     Predictor: read 1877 rules from list.
2025-07-21 08:23:14 INFO     Preprocess training set
2025-07-21 08:23:14 INFO     >>>>> Predictor: Training
2025-07-21 08:24:49 INFO     1000 5959 8.809976 69332.0
2025-07-21 08:26:28 INFO     2000 5959 8.469537 69349.3
2025-07-21 08:28:04 INFO     3000 5959 8.254404 69184.5
2025-07-21 08:30:02 INFO     4000 5959 8.080450 69253.9
2025-07-21 08:31:57 INFO     5000 5959 7.983767 69332.0
2025-07-21 08:33:27 INFO     >>>>> Predictor: Evaluating on valid
2025-07-21 08:33:44 INFO     Data : 2077
2025-07-21 08:33:44 INFO     Hit1 : 0.010592
2025-07-21 08:33:44 INFO     Hit3 : 0.025999
2025-07-21 08:33:44 INFO     Hit10: 0.051035
2025-07-21 08:33:44 INFO     MR   : 1450.381801
2025-07-21 08:33:44 INFO     MRR  : 0.026797
2025-07-21 08:33:44 INFO     >>>>> Predictor: Evaluating on test
2025-07-21 08:34:03 INFO     Data : 2342
2025-07-21 08:34:03 INFO     Hit1 : 0.014091
2025-07-21 08:34:03 INFO     Hit3 : 0.024765
2025-07-21 08:34:03 INFO     Hit10: 0.047395
2025-07-21 08:34:03 INFO     MR   : 1340.377455
2025-07-21 08:34:03 INFO     MRR  : 0.028016
2025-07-21 08:34:03 INFO     >>>>> Predictor: Computing H scores of rules
2025-07-21 08:38:31 INFO     1000 5959
2025-07-21 08:42:33 INFO     2000 5959
2025-07-21 08:46:32 INFO     3000 5959
2025-07-21 08:50:39 INFO     4000 5959
2025-07-21 08:54:37 INFO     5000 5959
2025-07-21 08:58:25 INFO     >>>>> Generator: Training
2025-07-21 08:58:32 INFO     -------------------------
2025-07-21 08:58:32 INFO     | EM Iteration: 4/5
2025-07-21 08:58:32 INFO     -------------------------
2025-07-21 08:58:32 INFO     >>>>> Using Generator's sample rule
2025-07-21 08:58:32 INFO     >>>>> Generator: Rule generation with sampling
2025-07-21 08:58:32 INFO     Predictor: read 1847 rules from list.
2025-07-21 08:58:32 INFO     Preprocess training set
2025-07-21 08:58:32 INFO     >>>>> Predictor: Training
2025-07-21 09:00:06 INFO     1000 5959 8.791110 69271.3
2025-07-21 09:01:39 INFO     2000 5959 8.404539 69340.6
2025-07-21 09:03:16 INFO     3000 5959 8.137731 69384.0
2025-07-21 09:04:51 INFO     4000 5959 7.963986 69262.6
2025-07-21 09:06:25 INFO     5000 5959 7.819836 69332.0
2025-07-21 09:07:54 INFO     >>>>> Predictor: Evaluating on valid
2025-07-21 09:08:12 INFO     Data : 2077
2025-07-21 09:08:12 INFO     Hit1 : 0.006259
2025-07-21 09:08:12 INFO     Hit3 : 0.018296
2025-07-21 09:08:12 INFO     Hit10: 0.036110
2025-07-21 09:08:12 INFO     MR   : 1486.285749
2025-07-21 09:08:12 INFO     MRR  : 0.019680
2025-07-21 09:08:12 INFO     >>>>> Predictor: Evaluating on test
2025-07-21 09:08:37 INFO     Data : 2342
2025-07-21 09:08:37 INFO     Hit1 : 0.008540
2025-07-21 09:08:37 INFO     Hit3 : 0.018787
2025-07-21 09:08:37 INFO     Hit10: 0.035440
2025-07-21 09:08:37 INFO     MR   : 1371.789710
2025-07-21 09:08:37 INFO     MRR  : 0.020680
2025-07-21 09:08:37 INFO     >>>>> Predictor: Computing H scores of rules
2025-07-21 09:12:46 INFO     1000 5959
2025-07-21 09:16:40 INFO     2000 5959
2025-07-21 09:21:32 INFO     3000 5959
2025-07-21 09:25:34 INFO     4000 5959
2025-07-21 09:29:43 INFO     5000 5959
2025-07-21 09:34:31 INFO     >>>>> Generator: Training
2025-07-21 09:34:38 INFO     -------------------------
2025-07-21 09:34:38 INFO     | EM Iteration: 5/5
2025-07-21 09:34:38 INFO     -------------------------
2025-07-21 09:34:38 INFO     >>>>> Using Generator's sample rule
2025-07-21 09:34:38 INFO     >>>>> Generator: Rule generation with sampling
2025-07-21 09:34:39 INFO     Predictor: read 1676 rules from list.
2025-07-21 09:34:39 INFO     Preprocess training set
2025-07-21 09:34:39 INFO     >>>>> Predictor: Training
2025-07-21 09:36:09 INFO     1000 5959 8.805924 69332.0
2025-07-21 09:37:29 INFO     2000 5959 8.434382 69349.3
2025-07-21 09:38:51 INFO     3000 5959 8.182272 69340.6
2025-07-21 09:40:15 INFO     4000 5959 8.012417 69297.3
2025-07-21 09:41:42 INFO     5000 5959 7.830053 69219.2
2025-07-21 09:43:04 INFO     >>>>> Predictor: Evaluating on valid
2025-07-21 09:43:19 INFO     Data : 2077
2025-07-21 09:43:19 INFO     Hit1 : 0.029851
2025-07-21 09:43:19 INFO     Hit3 : 0.053924
2025-07-21 09:43:19 INFO     Hit10: 0.076071
2025-07-21 09:43:19 INFO     MR   : 1451.129995
2025-07-21 09:43:19 INFO     MRR  : 0.049605
2025-07-21 09:43:19 INFO     >>>>> Predictor: Evaluating on test
2025-07-21 09:43:36 INFO     Data : 2342
2025-07-21 09:43:36 INFO     Hit1 : 0.028608
2025-07-21 09:43:36 INFO     Hit3 : 0.046541
2025-07-21 09:43:36 INFO     Hit10: 0.084116
2025-07-21 09:43:36 INFO     MR   : 1334.989112
2025-07-21 09:43:36 INFO     MRR  : 0.048452
2025-07-21 09:43:36 INFO     >>>>> Predictor: Computing H scores of rules
2025-07-21 09:47:12 INFO     1000 5959
2025-07-21 09:50:42 INFO     2000 5959
2025-07-21 09:54:09 INFO     3000 5959
2025-07-21 09:57:41 INFO     4000 5959
2025-07-21 10:01:17 INFO     5000 5959
2025-07-21 10:04:56 INFO     >>>>> Generator: Training
2025-07-21 10:05:03 INFO     -------------------------
2025-07-21 10:05:03 INFO     | Post-train Generator
2025-07-21 10:05:03 INFO     -------------------------
2025-07-21 10:05:05 INFO     >>>>> Generator: Training
2025-07-21 10:06:23 INFO     [E01000] Total 2.432650 | Main 2.559255 | RelClus 1.497829 | EntType 2.354638
2025-07-21 10:06:23 INFO     -------------------------
2025-07-21 10:06:23 INFO     | Beam Search Best Rules
2025-07-21 10:06:23 INFO     -------------------------
2025-07-21 10:06:23 INFO     >>>>> Generator: Rule generation with beam search
2025-07-21 10:06:24 INFO     >>>>> Generator: Rule generation with beam search
2025-07-21 10:06:34 INFO     >>>>> Generator: Rule generation with beam search
2025-07-21 10:08:32 INFO     >>>>> Generator: Rule generation with beam search
2025-07-21 10:10:08 INFO     >>>>> Generator: Rule generation with beam search
2025-07-21 10:11:14 INFO     -------------------------
2025-07-21 10:11:14 INFO     | Train Final Predictor+
2025-07-21 10:11:14 INFO     -------------------------
2025-07-21 10:11:14 INFO     Predictor+: read 18420 rules from list.
2025-07-21 10:11:14 INFO     Preprocess training set
2025-07-21 10:11:14 INFO     -------------------------
2025-07-21 10:11:14 INFO     | Iteration: 1/5
2025-07-21 10:11:14 INFO     -------------------------
2025-07-21 10:11:14 INFO     >>>>> Predictor: Training
2025-07-21 10:19:27 INFO     1000 5959 4.989059 69271.3
2025-07-21 10:27:58 INFO     2000 5959 4.754399 69332.0
2025-07-21 10:36:15 INFO     3000 5959 4.739403 69375.3
2025-07-21 10:44:32 INFO     4000 5959 4.737995 69279.9
2025-07-21 10:53:14 INFO     5000 5959 4.707935 69349.3
2025-07-21 11:01:25 INFO     >>>>> Predictor: Evaluating on valid
2025-07-21 11:03:26 INFO     Data : 2077
2025-07-21 11:03:26 INFO     Hit1 : 0.099182
2025-07-21 11:03:26 INFO     Hit3 : 0.181512
2025-07-21 11:03:26 INFO     Hit10: 0.311026
2025-07-21 11:03:26 INFO     MR   : 991.641310
2025-07-21 11:03:26 INFO     MRR  : 0.167160
2025-07-21 11:03:26 INFO     >>>>> Predictor: Evaluating on test
2025-07-21 11:05:49 INFO     Data : 2342
2025-07-21 11:05:49 INFO     Hit1 : 0.119983
2025-07-21 11:05:49 INFO     Hit3 : 0.206234
2025-07-21 11:05:49 INFO     Hit10: 0.317250
2025-07-21 11:05:49 INFO     MR   : 926.411614
2025-07-21 11:05:49 INFO     MRR  : 0.184922
2025-07-21 11:05:49 INFO     Save checkpoint to results/semmeddb/10_times_each/fixed/811/2_20250721_023208/predictor.pt
2025-07-21 11:05:49 INFO     -------------------------
2025-07-21 11:05:49 INFO     | Iteration: 2/5
2025-07-21 11:05:49 INFO     -------------------------
2025-07-21 11:05:49 INFO     >>>>> Predictor: Training
2025-07-21 11:14:22 INFO     1000 5959 4.636933 69366.7
2025-07-21 11:22:34 INFO     2000 5959 4.677177 69375.3
2025-07-21 11:31:09 INFO     3000 5959 4.664079 69219.2
2025-07-21 11:39:29 INFO     4000 5959 4.672287 69305.9
2025-07-21 11:48:10 INFO     5000 5959 4.661039 69288.6
2025-07-21 11:56:08 INFO     >>>>> Predictor: Evaluating on valid
2025-07-21 11:58:14 INFO     Data : 2077
2025-07-21 11:58:14 INFO     Hit1 : 0.092922
2025-07-21 11:58:14 INFO     Hit3 : 0.190178
2025-07-21 11:58:14 INFO     Hit10: 0.320655
2025-07-21 11:58:14 INFO     MR   : 953.925132
2025-07-21 11:58:14 INFO     MRR  : 0.165775
2025-07-21 11:58:14 INFO     >>>>> Predictor: Evaluating on test
2025-07-21 12:00:33 INFO     Data : 2342
2025-07-21 12:00:33 INFO     Hit1 : 0.123399
2025-07-21 12:00:33 INFO     Hit3 : 0.212212
2025-07-21 12:00:33 INFO     Hit10: 0.321520
2025-07-21 12:00:33 INFO     MR   : 889.227797
2025-07-21 12:00:33 INFO     MRR  : 0.188057
2025-07-21 12:00:33 INFO     -------------------------
2025-07-21 12:00:33 INFO     | Iteration: 3/5
2025-07-21 12:00:33 INFO     -------------------------
2025-07-21 12:00:33 INFO     >>>>> Predictor: Training
2025-07-21 12:09:19 INFO     1000 5959 4.642531 69288.6
2025-07-21 12:18:03 INFO     2000 5959 4.647081 69288.6
2025-07-21 12:26:33 INFO     3000 5959 4.639182 69340.6
2025-07-21 12:35:01 INFO     4000 5959 4.636587 69271.3
2025-07-21 12:43:20 INFO     5000 5959 4.670270 69219.2
2025-07-21 12:51:23 INFO     >>>>> Predictor: Evaluating on valid
2025-07-21 12:53:26 INFO     Data : 2077
2025-07-21 12:53:26 INFO     Hit1 : 0.089552
2025-07-21 12:53:26 INFO     Hit3 : 0.178623
2025-07-21 12:53:26 INFO     Hit10: 0.300915
2025-07-21 12:53:26 INFO     MR   : 943.476168
2025-07-21 12:53:26 INFO     MRR  : 0.160455
2025-07-21 12:53:26 INFO     >>>>> Predictor: Evaluating on test
2025-07-21 12:55:42 INFO     Data : 2342
2025-07-21 12:55:42 INFO     Hit1 : 0.113151
2025-07-21 12:55:42 INFO     Hit3 : 0.194705
2025-07-21 12:55:42 INFO     Hit10: 0.314261
2025-07-21 12:55:42 INFO     MR   : 875.839026
2025-07-21 12:55:42 INFO     MRR  : 0.177461
2025-07-21 12:55:42 INFO     -------------------------
2025-07-21 12:55:42 INFO     | Iteration: 4/5
2025-07-21 12:55:42 INFO     -------------------------
2025-07-21 12:55:42 INFO     >>>>> Predictor: Training
2025-07-21 13:04:03 INFO     1000 5959 4.615035 69340.6
2025-07-21 13:12:34 INFO     2000 5959 4.591563 69184.5
2025-07-21 13:21:06 INFO     3000 5959 4.659847 69253.9
2025-07-21 13:29:45 INFO     4000 5959 4.626593 69340.6
2025-07-21 13:37:59 INFO     5000 5959 4.628644 69384.0
2025-07-21 13:46:05 INFO     >>>>> Predictor: Evaluating on valid
2025-07-21 13:48:12 INFO     Data : 2077
2025-07-21 13:48:12 INFO     Hit1 : 0.094367
2025-07-21 13:48:12 INFO     Hit3 : 0.189697
2025-07-21 13:48:12 INFO     Hit10: 0.314877
2025-07-21 13:48:12 INFO     MR   : 936.801156
2025-07-21 13:48:12 INFO     MRR  : 0.165553
2025-07-21 13:48:12 INFO     >>>>> Predictor: Evaluating on test
2025-07-21 13:51:01 INFO     Data : 2342
2025-07-21 13:51:01 INFO     Hit1 : 0.115713
2025-07-21 13:51:01 INFO     Hit3 : 0.210931
2025-07-21 13:51:01 INFO     Hit10: 0.319812
2025-07-21 13:51:01 INFO     MR   : 869.845645
2025-07-21 13:51:01 INFO     MRR  : 0.184005
2025-07-21 13:51:01 INFO     -------------------------
2025-07-21 13:51:01 INFO     | Iteration: 5/5
2025-07-21 13:51:01 INFO     -------------------------
2025-07-21 13:51:01 INFO     >>>>> Predictor: Training
2025-07-21 13:59:41 INFO     1000 5959 4.619640 69323.3
2025-07-21 14:08:00 INFO     2000 5959 4.607191 69332.0
2025-07-21 14:16:41 INFO     3000 5959 4.646299 69219.2
2025-07-21 14:25:13 INFO     4000 5959 4.636334 69297.3
2025-07-21 14:33:38 INFO     5000 5959 4.607706 69332.0
2025-07-21 14:41:55 INFO     >>>>> Predictor: Evaluating on valid
2025-07-21 14:44:11 INFO     Data : 2077
2025-07-21 14:44:11 INFO     Hit1 : 0.089071
2025-07-21 14:44:11 INFO     Hit3 : 0.186808
2025-07-21 14:44:11 INFO     Hit10: 0.313914
2025-07-21 14:44:11 INFO     MR   : 929.732306
2025-07-21 14:44:11 INFO     MRR  : 0.162829
2025-07-21 14:44:11 INFO     >>>>> Predictor: Evaluating on test
2025-07-21 14:46:31 INFO     Data : 2342
2025-07-21 14:46:31 INFO     Hit1 : 0.122972
2025-07-21 14:46:31 INFO     Hit3 : 0.206234
2025-07-21 14:46:31 INFO     Hit10: 0.323228
2025-07-21 14:46:31 INFO     MR   : 863.793553
2025-07-21 14:46:31 INFO     MRR  : 0.188313
2025-07-21 14:46:31 INFO     -------------------------
2025-07-21 14:46:31 INFO     | Final Test MRR: 0.184922
2025-07-21 14:46:31 INFO     -------------------------
