2025-07-20 00:13:37 INFO     is_soft_label: False
2025-07-20 00:13:37 INFO     is_scheduled_sampling: False
2025-07-20 00:13:37 INFO     is_test_mode: False
2025-07-20 00:13:37 INFO     Data loading | DONE!
2025-07-20 00:13:37 INFO     Using full datasets for training, validation, and testing.
2025-07-20 00:13:37 INFO     -------------------------
2025-07-20 00:13:37 INFO     | EM Iteration: 1/5
2025-07-20 00:13:37 INFO     -------------------------
2025-07-20 00:13:37 INFO     >>>>> Using miner's rule
2025-07-20 00:13:37 INFO     Predictor: read 13661 rules from list.
2025-07-20 00:13:38 INFO     Preprocess training set
2025-07-20 00:13:38 INFO     >>>>> Predictor: Evaluating on valid
2025-07-20 00:15:55 INFO     Data : 2077
2025-07-20 00:15:55 INFO     Hit1 : 0.065479
2025-07-20 00:15:55 INFO     Hit3 : 0.127106
2025-07-20 00:15:55 INFO     Hit10: 0.199326
2025-07-20 00:15:55 INFO     MR   : 1120.902022
2025-07-20 00:15:55 INFO     MRR  : 0.114382
2025-07-20 00:15:55 INFO     >>>>> Predictor: Evaluating on test
2025-07-20 00:18:25 INFO     Data : 2342
2025-07-20 00:18:25 INFO     Hit1 : 0.078992
2025-07-20 00:18:25 INFO     Hit3 : 0.124253
2025-07-20 00:18:25 INFO     Hit10: 0.208796
2025-07-20 00:18:25 INFO     MR   : 1044.269001
2025-07-20 00:18:25 INFO     MRR  : 0.122250
2025-07-20 00:18:25 INFO     >>>>> Predictor: Computing H scores of rules
2025-07-20 00:51:43 INFO     1000 5959
2025-07-20 01:25:36 INFO     2000 5959
2025-07-20 01:59:04 INFO     3000 5959
2025-07-20 02:32:42 INFO     4000 5959
2025-07-20 03:06:09 INFO     5000 5959
2025-07-20 03:40:21 INFO     >>>>> Generator: Training
2025-07-20 03:40:27 INFO     -------------------------
2025-07-20 03:40:27 INFO     | EM Iteration: 2/5
2025-07-20 03:40:27 INFO     -------------------------
2025-07-20 03:40:27 INFO     >>>>> Using Generator's sample rule
2025-07-20 03:40:27 INFO     >>>>> Generator: Rule generation with sampling
2025-07-20 03:40:27 INFO     Predictor: read 1904 rules from list.
2025-07-20 03:40:27 INFO     Preprocess training set
2025-07-20 03:40:27 INFO     >>>>> Predictor: Training
2025-07-20 03:41:29 INFO     1000 5959 8.782312 69314.6
2025-07-20 03:42:30 INFO     2000 5959 8.410004 69271.3
2025-07-20 03:43:31 INFO     3000 5959 8.219053 69245.2
2025-07-20 03:44:31 INFO     4000 5959 8.065449 69340.6
2025-07-20 03:45:32 INFO     5000 5959 7.940880 69340.6
2025-07-20 03:46:29 INFO     >>>>> Predictor: Evaluating on valid
2025-07-20 03:46:40 INFO     Data : 2077
2025-07-20 03:46:40 INFO     Hit1 : 0.025036
2025-07-20 03:46:40 INFO     Hit3 : 0.040924
2025-07-20 03:46:40 INFO     Hit10: 0.064035
2025-07-20 03:46:40 INFO     MR   : 1407.828117
2025-07-20 03:46:40 INFO     MRR  : 0.041154
2025-07-20 03:46:40 INFO     >>>>> Predictor: Evaluating on test
2025-07-20 03:46:52 INFO     Data : 2342
2025-07-20 03:46:52 INFO     Hit1 : 0.019641
2025-07-20 03:46:52 INFO     Hit3 : 0.030743
2025-07-20 03:46:52 INFO     Hit10: 0.056362
2025-07-20 03:46:52 INFO     MR   : 1317.205807
2025-07-20 03:46:52 INFO     MRR  : 0.034766
2025-07-20 03:46:52 INFO     >>>>> Predictor: Computing H scores of rules
2025-07-20 03:49:32 INFO     1000 5959
2025-07-20 03:52:10 INFO     2000 5959
2025-07-20 03:54:50 INFO     3000 5959
2025-07-20 03:57:29 INFO     4000 5959
2025-07-20 04:00:08 INFO     5000 5959
2025-07-20 04:02:42 INFO     >>>>> Generator: Training
2025-07-20 04:02:48 INFO     -------------------------
2025-07-20 04:02:48 INFO     | EM Iteration: 3/5
2025-07-20 04:02:48 INFO     -------------------------
2025-07-20 04:02:48 INFO     >>>>> Using Generator's sample rule
2025-07-20 04:02:48 INFO     >>>>> Generator: Rule generation with sampling
2025-07-20 04:02:48 INFO     Predictor: read 1877 rules from list.
2025-07-20 04:02:48 INFO     Preprocess training set
2025-07-20 04:02:48 INFO     >>>>> Predictor: Training
2025-07-20 04:03:47 INFO     1000 5959 8.809976 69332.0
2025-07-20 04:04:47 INFO     2000 5959 8.469537 69349.3
2025-07-20 04:05:46 INFO     3000 5959 8.254404 69184.5
2025-07-20 04:06:46 INFO     4000 5959 8.080450 69253.9
2025-07-20 04:07:46 INFO     5000 5959 7.983767 69332.0
2025-07-20 04:08:44 INFO     >>>>> Predictor: Evaluating on valid
2025-07-20 04:08:55 INFO     Data : 2077
2025-07-20 04:08:55 INFO     Hit1 : 0.010592
2025-07-20 04:08:55 INFO     Hit3 : 0.025999
2025-07-20 04:08:55 INFO     Hit10: 0.051035
2025-07-20 04:08:55 INFO     MR   : 1450.381801
2025-07-20 04:08:55 INFO     MRR  : 0.026797
2025-07-20 04:08:55 INFO     >>>>> Predictor: Evaluating on test
2025-07-20 04:09:08 INFO     Data : 2342
2025-07-20 04:09:08 INFO     Hit1 : 0.014091
2025-07-20 04:09:08 INFO     Hit3 : 0.024765
2025-07-20 04:09:08 INFO     Hit10: 0.047395
2025-07-20 04:09:08 INFO     MR   : 1340.377455
2025-07-20 04:09:08 INFO     MRR  : 0.028016
2025-07-20 04:09:08 INFO     >>>>> Predictor: Computing H scores of rules
2025-07-20 04:11:45 INFO     1000 5959
2025-07-20 04:14:22 INFO     2000 5959
2025-07-20 04:17:00 INFO     3000 5959
2025-07-20 04:19:37 INFO     4000 5959
2025-07-20 04:22:14 INFO     5000 5959
2025-07-20 04:24:47 INFO     >>>>> Generator: Training
2025-07-20 04:24:52 INFO     -------------------------
2025-07-20 04:24:52 INFO     | EM Iteration: 4/5
2025-07-20 04:24:52 INFO     -------------------------
2025-07-20 04:24:52 INFO     >>>>> Using Generator's sample rule
2025-07-20 04:24:52 INFO     >>>>> Generator: Rule generation with sampling
2025-07-20 04:24:52 INFO     Predictor: read 1847 rules from list.
2025-07-20 04:24:52 INFO     Preprocess training set
2025-07-20 04:24:52 INFO     >>>>> Predictor: Training
2025-07-20 04:25:49 INFO     1000 5959 8.791110 69271.3
2025-07-20 04:26:48 INFO     2000 5959 8.404539 69340.6
2025-07-20 04:27:48 INFO     3000 5959 8.137731 69384.0
2025-07-20 04:28:47 INFO     4000 5959 7.963986 69262.6
2025-07-20 04:29:46 INFO     5000 5959 7.819836 69332.0
2025-07-20 04:30:42 INFO     >>>>> Predictor: Evaluating on valid
2025-07-20 04:30:53 INFO     Data : 2077
2025-07-20 04:30:53 INFO     Hit1 : 0.006259
2025-07-20 04:30:53 INFO     Hit3 : 0.018296
2025-07-20 04:30:53 INFO     Hit10: 0.036110
2025-07-20 04:30:53 INFO     MR   : 1486.285749
2025-07-20 04:30:53 INFO     MRR  : 0.019680
2025-07-20 04:30:53 INFO     >>>>> Predictor: Evaluating on test
2025-07-20 04:31:05 INFO     Data : 2342
2025-07-20 04:31:05 INFO     Hit1 : 0.008540
2025-07-20 04:31:05 INFO     Hit3 : 0.018787
2025-07-20 04:31:05 INFO     Hit10: 0.035440
2025-07-20 04:31:05 INFO     MR   : 1371.789710
2025-07-20 04:31:05 INFO     MRR  : 0.020680
2025-07-20 04:31:05 INFO     >>>>> Predictor: Computing H scores of rules
2025-07-20 04:33:40 INFO     1000 5959
2025-07-20 04:36:16 INFO     2000 5959
2025-07-20 04:38:52 INFO     3000 5959
2025-07-20 04:41:28 INFO     4000 5959
2025-07-20 04:44:06 INFO     5000 5959
2025-07-20 04:46:39 INFO     >>>>> Generator: Training
2025-07-20 04:46:45 INFO     -------------------------
2025-07-20 04:46:45 INFO     | EM Iteration: 5/5
2025-07-20 04:46:45 INFO     -------------------------
2025-07-20 04:46:45 INFO     >>>>> Using Generator's sample rule
2025-07-20 04:46:45 INFO     >>>>> Generator: Rule generation with sampling
2025-07-20 04:46:45 INFO     Predictor: read 1676 rules from list.
2025-07-20 04:46:45 INFO     Preprocess training set
2025-07-20 04:46:45 INFO     >>>>> Predictor: Training
2025-07-20 04:47:37 INFO     1000 5959 8.805924 69332.0
2025-07-20 04:48:29 INFO     2000 5959 8.434382 69349.3
2025-07-20 04:49:20 INFO     3000 5959 8.182272 69340.6
2025-07-20 04:50:12 INFO     4000 5959 8.012417 69297.3
2025-07-20 04:51:03 INFO     5000 5959 7.830053 69219.2
2025-07-20 04:51:53 INFO     >>>>> Predictor: Evaluating on valid
2025-07-20 04:52:02 INFO     Data : 2077
2025-07-20 04:52:02 INFO     Hit1 : 0.029851
2025-07-20 04:52:02 INFO     Hit3 : 0.053924
2025-07-20 04:52:02 INFO     Hit10: 0.076071
2025-07-20 04:52:02 INFO     MR   : 1451.129995
2025-07-20 04:52:02 INFO     MRR  : 0.049605
2025-07-20 04:52:02 INFO     >>>>> Predictor: Evaluating on test
2025-07-20 04:52:13 INFO     Data : 2342
2025-07-20 04:52:13 INFO     Hit1 : 0.028608
2025-07-20 04:52:13 INFO     Hit3 : 0.046541
2025-07-20 04:52:13 INFO     Hit10: 0.084116
2025-07-20 04:52:13 INFO     MR   : 1334.989112
2025-07-20 04:52:13 INFO     MRR  : 0.048452
2025-07-20 04:52:13 INFO     >>>>> Predictor: Computing H scores of rules
2025-07-20 04:54:34 INFO     1000 5959
2025-07-20 04:56:54 INFO     2000 5959
2025-07-20 04:59:15 INFO     3000 5959
2025-07-20 05:01:35 INFO     4000 5959
2025-07-20 05:03:55 INFO     5000 5959
2025-07-20 05:06:12 INFO     >>>>> Generator: Training
2025-07-20 05:06:18 INFO     -------------------------
2025-07-20 05:06:18 INFO     | Post-train Generator
2025-07-20 05:06:18 INFO     -------------------------
2025-07-20 05:06:19 INFO     >>>>> Generator: Training
2025-07-20 05:07:18 INFO     [E01000] Total 2.432650 | Main 2.559255 | RelClus 1.497829 | EntType 2.354638
2025-07-20 05:07:18 INFO     -------------------------
2025-07-20 05:07:18 INFO     | Beam Search Best Rules
2025-07-20 05:07:18 INFO     -------------------------
2025-07-20 05:07:18 INFO     >>>>> Generator: Rule generation with beam search
2025-07-20 05:07:19 INFO     >>>>> Generator: Rule generation with beam search
2025-07-20 05:07:25 INFO     >>>>> Generator: Rule generation with beam search
2025-07-20 05:08:41 INFO     >>>>> Generator: Rule generation with beam search
2025-07-20 05:09:43 INFO     >>>>> Generator: Rule generation with beam search
2025-07-20 05:10:24 INFO     -------------------------
2025-07-20 05:10:24 INFO     | Train Final Predictor+
2025-07-20 05:10:24 INFO     -------------------------
2025-07-20 05:10:24 INFO     Predictor+: read 18420 rules from list.
2025-07-20 05:10:24 INFO     Preprocess training set
2025-07-20 05:10:24 INFO     -------------------------
2025-07-20 05:10:24 INFO     | Iteration: 1/5
2025-07-20 05:10:24 INFO     -------------------------
2025-07-20 05:10:24 INFO     >>>>> Predictor: Training
2025-07-20 05:15:34 INFO     1000 5959 4.988895 69271.3
2025-07-20 05:20:44 INFO     2000 5959 4.754654 69332.0
2025-07-20 05:25:55 INFO     3000 5959 4.739753 69375.3
2025-07-20 05:31:04 INFO     4000 5959 4.736510 69279.9
2025-07-20 05:36:15 INFO     5000 5959 4.706857 69349.3
2025-07-20 05:41:12 INFO     >>>>> Predictor: Evaluating on valid
2025-07-20 05:42:26 INFO     Data : 2077
2025-07-20 05:42:26 INFO     Hit1 : 0.097737
2025-07-20 05:42:26 INFO     Hit3 : 0.179104
2025-07-20 05:42:26 INFO     Hit10: 0.313914
2025-07-20 05:42:26 INFO     MR   : 990.348580
2025-07-20 05:42:26 INFO     MRR  : 0.166468
2025-07-20 05:42:26 INFO     >>>>> Predictor: Evaluating on test
2025-07-20 05:43:50 INFO     Data : 2342
2025-07-20 05:43:50 INFO     Hit1 : 0.119983
2025-07-20 05:43:50 INFO     Hit3 : 0.209223
2025-07-20 05:43:50 INFO     Hit10: 0.317250
2025-07-20 05:43:50 INFO     MR   : 924.756191
2025-07-20 05:43:50 INFO     MRR  : 0.186697
2025-07-20 05:43:50 INFO     Save checkpoint to results/semmeddb/10_times_each/fixed/622/5_20250720_001335/predictor.pt
2025-07-20 05:43:50 INFO     -------------------------
2025-07-20 05:43:50 INFO     | Iteration: 2/5
2025-07-20 05:43:50 INFO     -------------------------
2025-07-20 05:43:50 INFO     >>>>> Predictor: Training
2025-07-20 05:49:01 INFO     1000 5959 4.636741 69366.7
2025-07-20 05:54:09 INFO     2000 5959 4.677559 69375.3
2025-07-20 05:59:17 INFO     3000 5959 4.663738 69219.2
2025-07-20 06:04:29 INFO     4000 5959 4.672398 69305.9
2025-07-20 06:09:40 INFO     5000 5959 4.660302 69288.6
2025-07-20 06:14:38 INFO     >>>>> Predictor: Evaluating on valid
2025-07-20 06:15:53 INFO     Data : 2077
2025-07-20 06:15:53 INFO     Hit1 : 0.095330
2025-07-20 06:15:53 INFO     Hit3 : 0.195956
2025-07-20 06:15:53 INFO     Hit10: 0.317285
2025-07-20 06:15:53 INFO     MR   : 956.138180
2025-07-20 06:15:53 INFO     MRR  : 0.167771
2025-07-20 06:15:53 INFO     >>>>> Predictor: Evaluating on test
2025-07-20 06:17:17 INFO     Data : 2342
2025-07-20 06:17:17 INFO     Hit1 : 0.123399
2025-07-20 06:17:17 INFO     Hit3 : 0.216055
2025-07-20 06:17:17 INFO     Hit10: 0.319385
2025-07-20 06:17:17 INFO     MR   : 889.772844
2025-07-20 06:17:17 INFO     MRR  : 0.189348
2025-07-20 06:17:17 INFO     Save checkpoint to results/semmeddb/10_times_each/fixed/622/5_20250720_001335/predictor.pt
2025-07-20 06:17:17 INFO     -------------------------
2025-07-20 06:17:17 INFO     | Iteration: 3/5
2025-07-20 06:17:17 INFO     -------------------------
2025-07-20 06:17:17 INFO     >>>>> Predictor: Training
2025-07-20 06:22:27 INFO     1000 5959 4.643782 69288.6
2025-07-20 06:27:37 INFO     2000 5959 4.646540 69288.6
2025-07-20 06:32:49 INFO     3000 5959 4.640634 69340.6
2025-07-20 06:38:00 INFO     4000 5959 4.637526 69271.3
2025-07-20 06:43:12 INFO     5000 5959 4.670804 69219.2
2025-07-20 06:48:11 INFO     >>>>> Predictor: Evaluating on valid
2025-07-20 06:49:26 INFO     Data : 2077
2025-07-20 06:49:26 INFO     Hit1 : 0.090515
2025-07-20 06:49:26 INFO     Hit3 : 0.181993
2025-07-20 06:49:26 INFO     Hit10: 0.309100
2025-07-20 06:49:26 INFO     MR   : 950.398652
2025-07-20 06:49:26 INFO     MRR  : 0.162009
2025-07-20 06:49:26 INFO     >>>>> Predictor: Evaluating on test
2025-07-20 06:50:50 INFO     Data : 2342
2025-07-20 06:50:50 INFO     Hit1 : 0.114005
2025-07-20 06:50:50 INFO     Hit3 : 0.201964
2025-07-20 06:50:50 INFO     Hit10: 0.315542
2025-07-20 06:50:50 INFO     MR   : 878.839880
2025-07-20 06:50:50 INFO     MRR  : 0.179846
2025-07-20 06:50:50 INFO     -------------------------
2025-07-20 06:50:50 INFO     | Iteration: 4/5
2025-07-20 06:50:50 INFO     -------------------------
2025-07-20 06:50:50 INFO     >>>>> Predictor: Training
2025-07-20 06:56:01 INFO     1000 5959 4.615515 69340.6
2025-07-20 07:01:13 INFO     2000 5959 4.592348 69184.5
2025-07-20 07:06:23 INFO     3000 5959 4.660691 69253.9
2025-07-20 07:11:37 INFO     4000 5959 4.626985 69340.6
2025-07-20 07:16:48 INFO     5000 5959 4.628392 69384.0
2025-07-20 07:21:43 INFO     >>>>> Predictor: Evaluating on valid
2025-07-20 07:22:58 INFO     Data : 2077
2025-07-20 07:22:58 INFO     Hit1 : 0.095811
2025-07-20 07:22:58 INFO     Hit3 : 0.182956
2025-07-20 07:22:58 INFO     Hit10: 0.313914
2025-07-20 07:22:58 INFO     MR   : 937.695956
2025-07-20 07:22:58 INFO     MRR  : 0.165991
2025-07-20 07:22:58 INFO     >>>>> Predictor: Evaluating on test
2025-07-20 07:24:22 INFO     Data : 2342
2025-07-20 07:24:22 INFO     Hit1 : 0.118702
2025-07-20 07:24:22 INFO     Hit3 : 0.212639
2025-07-20 07:24:22 INFO     Hit10: 0.317677
2025-07-20 07:24:22 INFO     MR   : 869.530102
2025-07-20 07:24:22 INFO     MRR  : 0.186345
2025-07-20 07:24:22 INFO     -------------------------
2025-07-20 07:24:22 INFO     | Iteration: 5/5
2025-07-20 07:24:22 INFO     -------------------------
2025-07-20 07:24:22 INFO     >>>>> Predictor: Training
2025-07-20 07:29:34 INFO     1000 5959 4.621302 69323.3
2025-07-20 07:34:42 INFO     2000 5959 4.607807 69332.0
2025-07-20 07:39:54 INFO     3000 5959 4.647839 69219.2
2025-07-20 07:45:04 INFO     4000 5959 4.636445 69297.3
2025-07-20 07:50:14 INFO     5000 5959 4.608417 69332.0
2025-07-20 07:55:10 INFO     >>>>> Predictor: Evaluating on valid
2025-07-20 07:56:25 INFO     Data : 2077
2025-07-20 07:56:25 INFO     Hit1 : 0.091960
2025-07-20 07:56:25 INFO     Hit3 : 0.186808
2025-07-20 07:56:25 INFO     Hit10: 0.315359
2025-07-20 07:56:25 INFO     MR   : 928.253972
2025-07-20 07:56:25 INFO     MRR  : 0.164998
2025-07-20 07:56:25 INFO     >>>>> Predictor: Evaluating on test
2025-07-20 07:57:48 INFO     Data : 2342
2025-07-20 07:57:48 INFO     Hit1 : 0.120837
2025-07-20 07:57:48 INFO     Hit3 : 0.212212
2025-07-20 07:57:48 INFO     Hit10: 0.321520
2025-07-20 07:57:48 INFO     MR   : 861.998506
2025-07-20 07:57:48 INFO     MRR  : 0.187696
2025-07-20 07:57:48 INFO     -------------------------
2025-07-20 07:57:48 INFO     | Final Test MRR: 0.189348
2025-07-20 07:57:48 INFO     -------------------------
