2025-07-19 20:50:21 INFO     is_soft_label: False
2025-07-19 20:50:21 INFO     is_scheduled_sampling: False
2025-07-19 20:50:21 INFO     is_test_mode: False
2025-07-19 20:50:22 INFO     Data loading | DONE!
2025-07-19 20:50:22 INFO     Using full datasets for training, validation, and testing.
2025-07-19 20:50:22 INFO     -------------------------
2025-07-19 20:50:22 INFO     | EM Iteration: 1/5
2025-07-19 20:50:22 INFO     -------------------------
2025-07-19 20:50:22 INFO     >>>>> Using miner's rule
2025-07-19 20:50:22 INFO     Predictor: read 13661 rules from list.
2025-07-19 20:50:23 INFO     Preprocess training set
2025-07-19 20:50:23 INFO     >>>>> Predictor: Evaluating on valid
2025-07-19 20:52:36 INFO     Data : 2077
2025-07-19 20:52:36 INFO     Hit1 : 0.065479
2025-07-19 20:52:36 INFO     Hit3 : 0.127106
2025-07-19 20:52:36 INFO     Hit10: 0.199326
2025-07-19 20:52:36 INFO     MR   : 1120.902022
2025-07-19 20:52:36 INFO     MRR  : 0.114382
2025-07-19 20:52:36 INFO     >>>>> Predictor: Evaluating on test
2025-07-19 20:55:16 INFO     Data : 2342
2025-07-19 20:55:16 INFO     Hit1 : 0.078992
2025-07-19 20:55:16 INFO     Hit3 : 0.124253
2025-07-19 20:55:16 INFO     Hit10: 0.208796
2025-07-19 20:55:16 INFO     MR   : 1044.269001
2025-07-19 20:55:16 INFO     MRR  : 0.122250
2025-07-19 20:55:16 INFO     >>>>> Predictor: Computing H scores of rules
2025-07-19 21:32:36 INFO     1000 5959
2025-07-19 22:10:29 INFO     2000 5959
2025-07-19 22:48:29 INFO     3000 5959
2025-07-19 23:26:33 INFO     4000 5959
2025-07-20 00:03:50 INFO     5000 5959
2025-07-20 00:42:17 INFO     >>>>> Generator: Training
2025-07-20 00:42:33 INFO     -------------------------
2025-07-20 00:42:33 INFO     | EM Iteration: 2/5
2025-07-20 00:42:33 INFO     -------------------------
2025-07-20 00:42:33 INFO     >>>>> Using Generator's sample rule
2025-07-20 00:42:33 INFO     >>>>> Generator: Rule generation with sampling
2025-07-20 00:42:33 INFO     Predictor: read 1892 rules from list.
2025-07-20 00:42:33 INFO     Preprocess training set
2025-07-20 00:42:33 INFO     >>>>> Predictor: Training
2025-07-20 00:43:55 INFO     1000 5959 8.791967 69314.6
2025-07-20 00:45:12 INFO     2000 5959 8.414537 69271.3
2025-07-20 00:46:25 INFO     3000 5959 8.209815 69245.2
2025-07-20 00:47:39 INFO     4000 5959 8.040272 69340.6
2025-07-20 00:48:52 INFO     5000 5959 7.874913 69340.6
2025-07-20 00:50:02 INFO     >>>>> Predictor: Evaluating on valid
2025-07-20 00:50:21 INFO     Data : 2077
2025-07-20 00:50:21 INFO     Hit1 : 0.014925
2025-07-20 00:50:21 INFO     Hit3 : 0.023592
2025-07-20 00:50:21 INFO     Hit10: 0.034665
2025-07-20 00:50:21 INFO     MR   : 1480.162735
2025-07-20 00:50:21 INFO     MRR  : 0.025649
2025-07-20 00:50:21 INFO     >>>>> Predictor: Evaluating on test
2025-07-20 00:50:41 INFO     Data : 2342
2025-07-20 00:50:41 INFO     Hit1 : 0.011529
2025-07-20 00:50:41 INFO     Hit3 : 0.017933
2025-07-20 00:50:41 INFO     Hit10: 0.028608
2025-07-20 00:50:41 INFO     MR   : 1375.226943
2025-07-20 00:50:41 INFO     MRR  : 0.021256
2025-07-20 00:50:41 INFO     >>>>> Predictor: Computing H scores of rules
2025-07-20 00:54:02 INFO     1000 5959
2025-07-20 00:57:34 INFO     2000 5959
2025-07-20 01:00:55 INFO     3000 5959
2025-07-20 01:04:31 INFO     4000 5959
2025-07-20 01:07:53 INFO     5000 5959
2025-07-20 01:11:20 INFO     >>>>> Generator: Training
2025-07-20 01:11:30 INFO     -------------------------
2025-07-20 01:11:30 INFO     | EM Iteration: 3/5
2025-07-20 01:11:30 INFO     -------------------------
2025-07-20 01:11:30 INFO     >>>>> Using Generator's sample rule
2025-07-20 01:11:30 INFO     >>>>> Generator: Rule generation with sampling
2025-07-20 01:11:30 INFO     Predictor: read 1881 rules from list.
2025-07-20 01:11:30 INFO     Preprocess training set
2025-07-20 01:11:30 INFO     >>>>> Predictor: Training
2025-07-20 01:12:44 INFO     1000 5959 8.817987 69332.0
2025-07-20 01:13:58 INFO     2000 5959 8.496226 69349.3
2025-07-20 01:15:11 INFO     3000 5959 8.298008 69184.5
2025-07-20 01:16:24 INFO     4000 5959 8.154551 69253.9
2025-07-20 01:17:38 INFO     5000 5959 8.083140 69332.0
2025-07-20 01:19:00 INFO     >>>>> Predictor: Evaluating on valid
2025-07-20 01:19:19 INFO     Data : 2077
2025-07-20 01:19:19 INFO     Hit1 : 0.012037
2025-07-20 01:19:19 INFO     Hit3 : 0.022629
2025-07-20 01:19:19 INFO     Hit10: 0.044776
2025-07-20 01:19:19 INFO     MR   : 1472.765768
2025-07-20 01:19:19 INFO     MRR  : 0.025626
2025-07-20 01:19:19 INFO     >>>>> Predictor: Evaluating on test
2025-07-20 01:19:39 INFO     Data : 2342
2025-07-20 01:19:39 INFO     Hit1 : 0.013664
2025-07-20 01:19:39 INFO     Hit3 : 0.020495
2025-07-20 01:19:39 INFO     Hit10: 0.038856
2025-07-20 01:19:39 INFO     MR   : 1373.408412
2025-07-20 01:19:39 INFO     MRR  : 0.024759
2025-07-20 01:19:39 INFO     >>>>> Predictor: Computing H scores of rules
2025-07-20 01:23:13 INFO     1000 5959
2025-07-20 01:26:45 INFO     2000 5959
2025-07-20 01:30:20 INFO     3000 5959
2025-07-20 01:33:43 INFO     4000 5959
2025-07-20 01:37:15 INFO     5000 5959
2025-07-20 01:40:32 INFO     >>>>> Generator: Training
2025-07-20 01:40:42 INFO     -------------------------
2025-07-20 01:40:42 INFO     | EM Iteration: 4/5
2025-07-20 01:40:42 INFO     -------------------------
2025-07-20 01:40:42 INFO     >>>>> Using Generator's sample rule
2025-07-20 01:40:42 INFO     >>>>> Generator: Rule generation with sampling
2025-07-20 01:40:42 INFO     Predictor: read 1854 rules from list.
2025-07-20 01:40:42 INFO     Preprocess training set
2025-07-20 01:40:42 INFO     >>>>> Predictor: Training
2025-07-20 01:41:58 INFO     1000 5959 8.806675 69271.3
2025-07-20 01:43:11 INFO     2000 5959 8.455464 69340.6
2025-07-20 01:44:24 INFO     3000 5959 8.234432 69384.0
2025-07-20 01:45:37 INFO     4000 5959 8.075240 69262.6
2025-07-20 01:46:51 INFO     5000 5959 7.951819 69332.0
2025-07-20 01:48:14 INFO     >>>>> Predictor: Evaluating on valid
2025-07-20 01:48:32 INFO     Data : 2077
2025-07-20 01:48:32 INFO     Hit1 : 0.029369
2025-07-20 01:48:32 INFO     Hit3 : 0.044295
2025-07-20 01:48:32 INFO     Hit10: 0.064998
2025-07-20 01:48:32 INFO     MR   : 1444.204622
2025-07-20 01:48:32 INFO     MRR  : 0.045124
2025-07-20 01:48:32 INFO     >>>>> Predictor: Evaluating on test
2025-07-20 01:48:53 INFO     Data : 2342
2025-07-20 01:48:53 INFO     Hit1 : 0.033732
2025-07-20 01:48:53 INFO     Hit3 : 0.049530
2025-07-20 01:48:53 INFO     Hit10: 0.067037
2025-07-20 01:48:53 INFO     MR   : 1343.278181
2025-07-20 01:48:53 INFO     MRR  : 0.048749
2025-07-20 01:48:53 INFO     >>>>> Predictor: Computing H scores of rules
2025-07-20 01:52:25 INFO     1000 5959
2025-07-20 01:55:46 INFO     2000 5959
2025-07-20 01:59:07 INFO     3000 5959
2025-07-20 02:02:31 INFO     4000 5959
2025-07-20 02:06:05 INFO     5000 5959
2025-07-20 02:09:32 INFO     >>>>> Generator: Training
2025-07-20 02:09:42 INFO     -------------------------
2025-07-20 02:09:42 INFO     | EM Iteration: 5/5
2025-07-20 02:09:42 INFO     -------------------------
2025-07-20 02:09:42 INFO     >>>>> Using Generator's sample rule
2025-07-20 02:09:42 INFO     >>>>> Generator: Rule generation with sampling
2025-07-20 02:09:42 INFO     Predictor: read 1685 rules from list.
2025-07-20 02:09:42 INFO     Preprocess training set
2025-07-20 02:09:42 INFO     >>>>> Predictor: Training
2025-07-20 02:10:53 INFO     1000 5959 8.787479 69332.0
2025-07-20 02:12:07 INFO     2000 5959 8.381104 69349.3
2025-07-20 02:13:17 INFO     3000 5959 8.129148 69340.6
2025-07-20 02:14:29 INFO     4000 5959 7.902353 69297.3
2025-07-20 02:15:43 INFO     5000 5959 7.716306 69219.2
2025-07-20 02:16:50 INFO     >>>>> Predictor: Evaluating on valid
2025-07-20 02:17:08 INFO     Data : 2077
2025-07-20 02:17:08 INFO     Hit1 : 0.029369
2025-07-20 02:17:08 INFO     Hit3 : 0.051517
2025-07-20 02:17:08 INFO     Hit10: 0.072701
2025-07-20 02:17:08 INFO     MR   : 1464.012759
2025-07-20 02:17:08 INFO     MRR  : 0.047548
2025-07-20 02:17:08 INFO     >>>>> Predictor: Evaluating on test
2025-07-20 02:17:29 INFO     Data : 2342
2025-07-20 02:17:29 INFO     Hit1 : 0.035013
2025-07-20 02:17:29 INFO     Hit3 : 0.054227
2025-07-20 02:17:29 INFO     Hit10: 0.075149
2025-07-20 02:17:29 INFO     MR   : 1360.229078
2025-07-20 02:17:29 INFO     MRR  : 0.052431
2025-07-20 02:17:29 INFO     >>>>> Predictor: Computing H scores of rules
2025-07-20 02:20:51 INFO     1000 5959
2025-07-20 02:24:13 INFO     2000 5959
2025-07-20 02:27:44 INFO     3000 5959
2025-07-20 02:31:04 INFO     4000 5959
2025-07-20 02:34:25 INFO     5000 5959
2025-07-20 02:37:41 INFO     >>>>> Generator: Training
2025-07-20 02:37:51 INFO     -------------------------
2025-07-20 02:37:51 INFO     | Post-train Generator
2025-07-20 02:37:51 INFO     -------------------------
2025-07-20 02:37:52 INFO     >>>>> Generator: Training
2025-07-20 02:39:35 INFO     [E01000] Total 2.057636 | Main 2.414967 | RelClus 1.468955 | 
2025-07-20 02:39:35 INFO     -------------------------
2025-07-20 02:39:35 INFO     | Beam Search Best Rules
2025-07-20 02:39:35 INFO     -------------------------
2025-07-20 02:39:35 INFO     >>>>> Generator: Rule generation with beam search
2025-07-20 02:39:36 INFO     >>>>> Generator: Rule generation with beam search
2025-07-20 02:39:42 INFO     >>>>> Generator: Rule generation with beam search
2025-07-20 02:40:58 INFO     >>>>> Generator: Rule generation with beam search
2025-07-20 02:41:56 INFO     >>>>> Generator: Rule generation with beam search
2025-07-20 02:42:36 INFO     -------------------------
2025-07-20 02:42:36 INFO     | Train Final Predictor+
2025-07-20 02:42:36 INFO     -------------------------
2025-07-20 02:42:36 INFO     Predictor+: read 18420 rules from list.
2025-07-20 02:42:36 INFO     Preprocess training set
2025-07-20 02:42:36 INFO     -------------------------
2025-07-20 02:42:36 INFO     | Iteration: 1/5
2025-07-20 02:42:36 INFO     -------------------------
2025-07-20 02:42:36 INFO     >>>>> Predictor: Training
2025-07-20 02:48:41 INFO     1000 5959 5.166251 69271.3
2025-07-20 02:54:19 INFO     2000 5959 5.000051 69332.0
2025-07-20 03:00:01 INFO     3000 5959 4.973615 69375.3
2025-07-20 03:05:48 INFO     4000 5959 4.964427 69279.9
2025-07-20 03:11:34 INFO     5000 5959 4.914256 69349.3
2025-07-20 03:17:16 INFO     >>>>> Predictor: Evaluating on valid
2025-07-20 03:18:38 INFO     Data : 2077
2025-07-20 03:18:38 INFO     Hit1 : 0.096293
2025-07-20 03:18:38 INFO     Hit3 : 0.174771
2025-07-20 03:18:38 INFO     Hit10: 0.291767
2025-07-20 03:18:38 INFO     MR   : 1036.940058
2025-07-20 03:18:38 INFO     MRR  : 0.158525
2025-07-20 03:18:38 INFO     >>>>> Predictor: Evaluating on test
2025-07-20 03:20:09 INFO     Data : 2342
2025-07-20 03:20:09 INFO     Hit1 : 0.115713
2025-07-20 03:20:09 INFO     Hit3 : 0.189155
2025-07-20 03:20:09 INFO     Hit10: 0.295047
2025-07-20 03:20:09 INFO     MR   : 961.772417
2025-07-20 03:20:09 INFO     MRR  : 0.173811
2025-07-20 03:20:09 INFO     Save checkpoint to results/semmeddb/10_times_each/aux1/4_20250719_205019/predictor.pt
2025-07-20 03:20:09 INFO     -------------------------
2025-07-20 03:20:09 INFO     | Iteration: 2/5
2025-07-20 03:20:09 INFO     -------------------------
2025-07-20 03:20:09 INFO     >>>>> Predictor: Training
2025-07-20 03:25:48 INFO     1000 5959 4.875109 69366.7
2025-07-20 03:31:35 INFO     2000 5959 4.893649 69375.3
2025-07-20 03:37:19 INFO     3000 5959 4.879607 69219.2
2025-07-20 03:43:15 INFO     4000 5959 4.910580 69305.9
2025-07-20 03:48:56 INFO     5000 5959 4.869705 69288.6
2025-07-20 03:54:32 INFO     >>>>> Predictor: Evaluating on valid
2025-07-20 03:55:53 INFO     Data : 2077
2025-07-20 03:55:53 INFO     Hit1 : 0.084738
2025-07-20 03:55:53 INFO     Hit3 : 0.172845
2025-07-20 03:55:53 INFO     Hit10: 0.283582
2025-07-20 03:55:53 INFO     MR   : 1011.747713
2025-07-20 03:55:53 INFO     MRR  : 0.150523
2025-07-20 03:55:53 INFO     >>>>> Predictor: Evaluating on test
2025-07-20 03:57:25 INFO     Data : 2342
2025-07-20 03:57:25 INFO     Hit1 : 0.108454
2025-07-20 03:57:25 INFO     Hit3 : 0.189582
2025-07-20 03:57:25 INFO     Hit10: 0.290350
2025-07-20 03:57:25 INFO     MR   : 935.937447
2025-07-20 03:57:25 INFO     MRR  : 0.169371
2025-07-20 03:57:25 INFO     -------------------------
2025-07-20 03:57:25 INFO     | Iteration: 3/5
2025-07-20 03:57:25 INFO     -------------------------
2025-07-20 03:57:25 INFO     >>>>> Predictor: Training
2025-07-20 04:03:04 INFO     1000 5959 4.879072 69288.6
2025-07-20 04:08:42 INFO     2000 5959 4.872327 69288.6
2025-07-20 04:14:31 INFO     3000 5959 4.860836 69340.6
2025-07-20 04:20:19 INFO     4000 5959 4.862101 69271.3
2025-07-20 04:26:05 INFO     5000 5959 4.901852 69219.2
2025-07-20 04:31:36 INFO     >>>>> Predictor: Evaluating on valid
2025-07-20 04:32:57 INFO     Data : 2077
2025-07-20 04:32:57 INFO     Hit1 : 0.084738
2025-07-20 04:32:57 INFO     Hit3 : 0.170920
2025-07-20 04:32:57 INFO     Hit10: 0.285026
2025-07-20 04:32:57 INFO     MR   : 1000.557294
2025-07-20 04:32:57 INFO     MRR  : 0.149489
2025-07-20 04:32:57 INFO     >>>>> Predictor: Evaluating on test
2025-07-20 04:34:32 INFO     Data : 2342
2025-07-20 04:34:32 INFO     Hit1 : 0.108881
2025-07-20 04:34:32 INFO     Hit3 : 0.186593
2025-07-20 04:34:32 INFO     Hit10: 0.295474
2025-07-20 04:34:32 INFO     MR   : 921.178693
2025-07-20 04:34:32 INFO     MRR  : 0.167984
2025-07-20 04:34:32 INFO     -------------------------
2025-07-20 04:34:32 INFO     | Iteration: 4/5
2025-07-20 04:34:32 INFO     -------------------------
2025-07-20 04:34:32 INFO     >>>>> Predictor: Training
2025-07-20 04:40:12 INFO     1000 5959 4.848331 69340.6
2025-07-20 04:45:59 INFO     2000 5959 4.823980 69184.5
2025-07-20 04:51:47 INFO     3000 5959 4.905459 69253.9
2025-07-20 04:57:28 INFO     4000 5959 4.865273 69340.6
2025-07-20 05:03:07 INFO     5000 5959 4.857030 69384.0
2025-07-20 05:08:40 INFO     >>>>> Predictor: Evaluating on valid
2025-07-20 05:10:10 INFO     Data : 2077
2025-07-20 05:10:10 INFO     Hit1 : 0.086663
2025-07-20 05:10:10 INFO     Hit3 : 0.167068
2025-07-20 05:10:10 INFO     Hit10: 0.284545
2025-07-20 05:10:10 INFO     MR   : 995.707511
2025-07-20 05:10:10 INFO     MRR  : 0.150548
2025-07-20 05:10:10 INFO     >>>>> Predictor: Evaluating on test
2025-07-20 05:11:41 INFO     Data : 2342
2025-07-20 05:11:41 INFO     Hit1 : 0.114859
2025-07-20 05:11:41 INFO     Hit3 : 0.187874
2025-07-20 05:11:41 INFO     Hit10: 0.296755
2025-07-20 05:11:41 INFO     MR   : 921.539496
2025-07-20 05:11:41 INFO     MRR  : 0.173153
2025-07-20 05:11:41 INFO     -------------------------
2025-07-20 05:11:41 INFO     | Iteration: 5/5
2025-07-20 05:11:41 INFO     -------------------------
2025-07-20 05:11:41 INFO     >>>>> Predictor: Training
2025-07-20 05:17:19 INFO     1000 5959 4.854019 69323.3
2025-07-20 05:23:05 INFO     2000 5959 4.866430 69332.0
2025-07-20 05:28:50 INFO     3000 5959 4.884113 69219.2
2025-07-20 05:34:39 INFO     4000 5959 4.860544 69297.3
2025-07-20 05:40:24 INFO     5000 5959 4.830316 69332.0
2025-07-20 05:46:06 INFO     >>>>> Predictor: Evaluating on valid
2025-07-20 05:47:27 INFO     Data : 2077
2025-07-20 05:47:27 INFO     Hit1 : 0.077997
2025-07-20 05:47:27 INFO     Hit3 : 0.166105
2025-07-20 05:47:27 INFO     Hit10: 0.288397
2025-07-20 05:47:27 INFO     MR   : 986.132162
2025-07-20 05:47:27 INFO     MRR  : 0.145548
2025-07-20 05:47:27 INFO     >>>>> Predictor: Evaluating on test
2025-07-20 05:49:02 INFO     Data : 2342
2025-07-20 05:49:02 INFO     Hit1 : 0.113578
2025-07-20 05:49:02 INFO     Hit3 : 0.186166
2025-07-20 05:49:02 INFO     Hit10: 0.291631
2025-07-20 05:49:02 INFO     MR   : 912.046968
2025-07-20 05:49:02 INFO     MRR  : 0.171677
2025-07-20 05:49:02 INFO     -------------------------
2025-07-20 05:49:02 INFO     | Final Test MRR: 0.173811
2025-07-20 05:49:02 INFO     -------------------------
