2025-05-27 14:46:28 INFO     -------------------------
2025-05-27 14:46:28 INFO     | Pre-train Generator
2025-05-27 14:46:28 INFO     -------------------------
2025-05-27 14:46:28 INFO     >>>>> Generator: Training
2025-05-27 14:46:33 INFO     [E1000] Total: 1.482727 | Main: 1.655206 | Aux: 0.792809
2025-05-27 14:46:37 INFO     [E2000] Total: 1.415287 | Main: 1.573870 | Aux: 0.780959
2025-05-27 14:46:42 INFO     [E3000] Total: 1.403843 | Main: 1.560133 | Aux: 0.778685
2025-05-27 14:46:46 INFO     [E4000] Total: 1.396824 | Main: 1.551648 | Aux: 0.777530
2025-05-27 14:46:50 INFO     [E5000] Total: 1.394228 | Main: 1.548567 | Aux: 0.776871
2025-05-27 14:46:54 INFO     [E6000] Total: 1.392159 | Main: 1.546120 | Aux: 0.776315
2025-05-27 14:46:58 INFO     [E7000] Total: 1.391174 | Main: 1.544971 | Aux: 0.775983
2025-05-27 14:47:02 INFO     [E8000] Total: 1.391294 | Main: 1.545168 | Aux: 0.775798
2025-05-27 14:47:06 INFO     [E9000] Total: 1.391095 | Main: 1.544939 | Aux: 0.775720
2025-05-27 14:47:10 INFO     [E10000] Total: 1.385652 | Main: 1.538292 | Aux: 0.775090
2025-05-27 14:47:10 INFO     -------------------------
2025-05-27 14:47:10 INFO     | EM Iteration: 1/5
2025-05-27 14:47:10 INFO     -------------------------
2025-05-27 14:47:10 INFO     >>>>> Generator: Rule generation with sampling
2025-05-27 14:47:10 INFO     Predictor: read 1295 rules from list.
2025-05-27 14:47:10 INFO     Preprocess training set
2025-05-27 14:47:10 INFO     >>>>> Predictor: Training
2025-05-27 14:47:47 INFO     1000 12313 8.241255 69358.0
2025-05-27 14:48:24 INFO     2000 12313 7.810419 69332.0
2025-05-27 14:49:03 INFO     3000 12313 7.582625 69384.0
2025-05-27 14:49:41 INFO     4000 12313 7.464396 69279.9
2025-05-27 14:50:18 INFO     5000 12313 7.349666 69332.0
2025-05-27 14:50:56 INFO     6000 12313 7.268917 69384.0
2025-05-27 14:51:34 INFO     7000 12313 7.186232 69297.3
2025-05-27 14:52:11 INFO     8000 12313 7.171308 69323.3
2025-05-27 14:52:48 INFO     9000 12313 7.098778 69358.0
2025-05-27 14:53:24 INFO     10000 12313 7.088184 69332.0
2025-05-27 14:54:01 INFO     11000 12313 7.051793 69366.7
2025-05-27 14:54:37 INFO     12000 12313 7.026655 69279.9
2025-05-27 14:54:49 INFO     >>>>> Predictor: Evaluating on valid
2025-05-27 14:55:02 INFO     Data : 3823
2025-05-27 14:55:02 INFO     Hit1 : 0.026157
2025-05-27 14:55:02 INFO     Hit3 : 0.054146
2025-05-27 14:55:02 INFO     Hit10: 0.097829
2025-05-27 14:55:02 INFO     MR   : 1194.305519
2025-05-27 14:55:02 INFO     MRR  : 0.051907
2025-05-27 14:55:02 INFO     >>>>> Predictor: Evaluating on test
2025-05-27 14:55:18 INFO     Data : 4402
2025-05-27 14:55:18 INFO     Hit1 : 0.029532
2025-05-27 14:55:18 INFO     Hit3 : 0.059973
2025-05-27 14:55:18 INFO     Hit10: 0.096774
2025-05-27 14:55:18 INFO     MR   : 1179.604384
2025-05-27 14:55:18 INFO     MRR  : 0.055198
2025-05-27 14:55:18 INFO     >>>>> Predictor: Computing H scores of rules
2025-05-27 14:55:57 INFO     1000 12313
2025-05-27 14:56:36 INFO     2000 12313
2025-05-27 14:57:15 INFO     3000 12313
2025-05-27 14:57:55 INFO     4000 12313
2025-05-27 14:58:35 INFO     5000 12313
2025-05-27 14:59:14 INFO     6000 12313
2025-05-27 14:59:54 INFO     7000 12313
2025-05-27 15:00:33 INFO     8000 12313
2025-05-27 15:01:13 INFO     9000 12313
2025-05-27 15:01:52 INFO     10000 12313
2025-05-27 15:02:31 INFO     11000 12313
2025-05-27 15:03:11 INFO     12000 12313
2025-05-27 15:03:23 INFO     >>>>> Generator: Training
2025-05-27 15:03:24 INFO     -------------------------
2025-05-27 15:03:24 INFO     | EM Iteration: 2/5
2025-05-27 15:03:24 INFO     -------------------------
2025-05-27 15:03:24 INFO     >>>>> Generator: Rule generation with sampling
2025-05-27 15:03:24 INFO     Predictor: read 1383 rules from list.
2025-05-27 15:03:24 INFO     Preprocess training set
2025-05-27 15:03:24 INFO     >>>>> Predictor: Training
2025-05-27 15:04:03 INFO     1000 12313 8.254463 69366.7
2025-05-27 15:04:43 INFO     2000 12313 7.773537 69279.9
2025-05-27 15:05:23 INFO     3000 12313 7.604747 69253.9
2025-05-27 15:06:02 INFO     4000 12313 7.452642 69340.6
2025-05-27 15:06:42 INFO     5000 12313 7.377804 69366.7
2025-05-27 15:07:21 INFO     6000 12313 7.291398 69358.0
2025-05-27 15:08:01 INFO     7000 12313 7.251165 69366.7
2025-05-27 15:08:41 INFO     8000 12313 7.229003 69384.0
2025-05-27 15:09:21 INFO     9000 12313 7.191448 69262.6
2025-05-27 15:10:00 INFO     10000 12313 7.169270 69323.3
2025-05-27 15:10:41 INFO     11000 12313 7.136084 69366.7
2025-05-27 15:11:20 INFO     12000 12313 7.123085 69332.0
2025-05-27 15:11:32 INFO     >>>>> Predictor: Evaluating on valid
2025-05-27 15:11:46 INFO     Data : 3823
2025-05-27 15:11:46 INFO     Hit1 : 0.030081
2025-05-27 15:11:46 INFO     Hit3 : 0.057546
2025-05-27 15:11:46 INFO     Hit10: 0.116662
2025-05-27 15:11:46 INFO     MR   : 1151.077295
2025-05-27 15:11:46 INFO     MRR  : 0.059498
2025-05-27 15:11:46 INFO     >>>>> Predictor: Evaluating on test
2025-05-27 15:12:03 INFO     Data : 4402
2025-05-27 15:12:03 INFO     Hit1 : 0.039073
2025-05-27 15:12:03 INFO     Hit3 : 0.067242
2025-05-27 15:12:03 INFO     Hit10: 0.118810
2025-05-27 15:12:03 INFO     MR   : 1139.210813
2025-05-27 15:12:03 INFO     MRR  : 0.067288
2025-05-27 15:12:03 INFO     >>>>> Predictor: Computing H scores of rules
2025-05-27 15:12:44 INFO     1000 12313
2025-05-27 15:13:24 INFO     2000 12313
2025-05-27 15:14:05 INFO     3000 12313
2025-05-27 15:14:45 INFO     4000 12313
2025-05-27 15:15:25 INFO     5000 12313
2025-05-27 15:16:06 INFO     6000 12313
2025-05-27 15:16:46 INFO     7000 12313
2025-05-27 15:17:26 INFO     8000 12313
2025-05-27 15:18:06 INFO     9000 12313
2025-05-27 15:18:46 INFO     10000 12313
2025-05-27 15:19:27 INFO     11000 12313
2025-05-27 15:20:07 INFO     12000 12313
2025-05-27 15:20:20 INFO     >>>>> Generator: Training
2025-05-27 15:20:21 INFO     -------------------------
2025-05-27 15:20:21 INFO     | EM Iteration: 3/5
2025-05-27 15:20:21 INFO     -------------------------
2025-05-27 15:20:21 INFO     >>>>> Generator: Rule generation with sampling
2025-05-27 15:20:21 INFO     Predictor: read 1453 rules from list.
2025-05-27 15:20:21 INFO     Preprocess training set
2025-05-27 15:20:21 INFO     >>>>> Predictor: Training
2025-05-27 15:21:00 INFO     1000 12313 8.199622 69384.0
2025-05-27 15:21:40 INFO     2000 12313 7.715779 69384.0
2025-05-27 15:22:20 INFO     3000 12313 7.447700 69253.9
2025-05-27 15:23:00 INFO     4000 12313 7.307329 69323.3
2025-05-27 15:23:40 INFO     5000 12313 7.182012 69384.0
2025-05-27 15:24:20 INFO     6000 12313 7.056937 69323.3
2025-05-27 15:25:00 INFO     7000 12313 6.974047 69366.7
2025-05-27 15:25:40 INFO     8000 12313 6.909879 69332.0
2025-05-27 15:26:20 INFO     9000 12313 6.801117 69384.0
2025-05-27 15:27:00 INFO     10000 12313 6.803213 69227.9
2025-05-27 15:27:39 INFO     11000 12313 6.742315 69340.6
2025-05-27 15:28:19 INFO     12000 12313 6.708350 69297.3
2025-05-27 15:28:32 INFO     >>>>> Predictor: Evaluating on valid
2025-05-27 15:28:48 INFO     Data : 3823
2025-05-27 15:28:48 INFO     Hit1 : 0.029296
2025-05-27 15:28:48 INFO     Hit3 : 0.066178
2025-05-27 15:28:48 INFO     Hit10: 0.119540
2025-05-27 15:28:48 INFO     MR   : 1143.486398
2025-05-27 15:28:48 INFO     MRR  : 0.061907
2025-05-27 15:28:48 INFO     >>>>> Predictor: Evaluating on test
2025-05-27 15:29:07 INFO     Data : 4402
2025-05-27 15:29:07 INFO     Hit1 : 0.036801
2025-05-27 15:29:07 INFO     Hit3 : 0.070195
2025-05-27 15:29:07 INFO     Hit10: 0.123126
2025-05-27 15:29:07 INFO     MR   : 1124.566447
2025-05-27 15:29:07 INFO     MRR  : 0.067383
2025-05-27 15:29:07 INFO     >>>>> Predictor: Computing H scores of rules
2025-05-27 15:29:49 INFO     1000 12313
2025-05-27 15:30:30 INFO     2000 12313
2025-05-27 15:31:12 INFO     3000 12313
2025-05-27 15:31:54 INFO     4000 12313
2025-05-27 15:32:35 INFO     5000 12313
2025-05-27 15:33:19 INFO     6000 12313
2025-05-27 15:34:04 INFO     7000 12313
2025-05-27 15:34:47 INFO     8000 12313
2025-05-27 15:35:30 INFO     9000 12313
2025-05-27 15:36:12 INFO     10000 12313
2025-05-27 15:36:55 INFO     11000 12313
2025-05-27 15:37:38 INFO     12000 12313
2025-05-27 15:37:51 INFO     >>>>> Generator: Training
2025-05-27 15:37:52 INFO     -------------------------
2025-05-27 15:37:52 INFO     | EM Iteration: 4/5
2025-05-27 15:37:52 INFO     -------------------------
2025-05-27 15:37:52 INFO     >>>>> Generator: Rule generation with sampling
2025-05-27 15:37:52 INFO     Predictor: read 1499 rules from list.
2025-05-27 15:37:52 INFO     Preprocess training set
2025-05-27 15:37:52 INFO     >>>>> Predictor: Training
2025-05-27 15:38:33 INFO     1000 12313 8.251870 69314.6
2025-05-27 15:39:14 INFO     2000 12313 7.782725 69279.9
2025-05-27 15:39:55 INFO     3000 12313 7.541365 69366.7
2025-05-27 15:40:37 INFO     4000 12313 7.442009 69366.7
2025-05-27 15:41:17 INFO     5000 12313 7.346456 69288.6
2025-05-27 15:41:59 INFO     6000 12313 7.262198 69340.6
2025-05-27 15:42:40 INFO     7000 12313 7.165274 69384.0
2025-05-27 15:43:21 INFO     8000 12313 7.104268 69340.6
2025-05-27 15:44:03 INFO     9000 12313 7.119609 69384.0
2025-05-27 15:44:44 INFO     10000 12313 7.057502 69288.6
2025-05-27 15:45:25 INFO     11000 12313 7.054735 69262.6
2025-05-27 15:46:07 INFO     12000 12313 7.018713 69384.0
2025-05-27 15:46:19 INFO     >>>>> Predictor: Evaluating on valid
2025-05-27 15:46:37 INFO     Data : 3823
2025-05-27 15:46:37 INFO     Hit1 : 0.034266
2025-05-27 15:46:37 INFO     Hit3 : 0.071671
2025-05-27 15:46:37 INFO     Hit10: 0.139158
2025-05-27 15:46:37 INFO     MR   : 1091.380591
2025-05-27 15:46:37 INFO     MRR  : 0.069972
2025-05-27 15:46:37 INFO     >>>>> Predictor: Evaluating on test
2025-05-27 15:46:56 INFO     Data : 4402
2025-05-27 15:46:56 INFO     Hit1 : 0.045207
2025-05-27 15:46:56 INFO     Hit3 : 0.083826
2025-05-27 15:46:56 INFO     Hit10: 0.149932
2025-05-27 15:46:56 INFO     MR   : 1086.475125
2025-05-27 15:46:56 INFO     MRR  : 0.080130
2025-05-27 15:46:56 INFO     >>>>> Predictor: Computing H scores of rules
2025-05-27 15:47:39 INFO     1000 12313
2025-05-27 15:48:23 INFO     2000 12313
2025-05-27 15:49:10 INFO     3000 12313
2025-05-27 15:49:54 INFO     4000 12313
2025-05-27 15:50:39 INFO     5000 12313
2025-05-27 15:51:22 INFO     6000 12313
2025-05-27 15:52:06 INFO     7000 12313
2025-05-27 15:52:50 INFO     8000 12313
2025-05-27 15:53:34 INFO     9000 12313
2025-05-27 15:54:18 INFO     10000 12313
2025-05-27 15:55:01 INFO     11000 12313
2025-05-27 15:55:45 INFO     12000 12313
2025-05-27 15:56:00 INFO     >>>>> Generator: Training
2025-05-27 15:56:00 INFO     -------------------------
2025-05-27 15:56:00 INFO     | EM Iteration: 5/5
2025-05-27 15:56:00 INFO     -------------------------
2025-05-27 15:56:00 INFO     >>>>> Generator: Rule generation with sampling
2025-05-27 15:56:00 INFO     Predictor: read 1540 rules from list.
2025-05-27 15:56:00 INFO     Preprocess training set
2025-05-27 15:56:00 INFO     >>>>> Predictor: Training
2025-05-27 15:56:43 INFO     1000 12313 8.255446 69340.6
2025-05-27 15:57:27 INFO     2000 12313 7.801920 69288.6
2025-05-27 15:58:10 INFO     3000 12313 7.596122 69366.7
2025-05-27 15:58:52 INFO     4000 12313 7.483878 69305.9
2025-05-27 15:59:34 INFO     5000 12313 7.366793 69323.3
2025-05-27 16:00:16 INFO     6000 12313 7.319030 69384.0
2025-05-27 16:00:58 INFO     7000 12313 7.275464 69279.9
2025-05-27 16:01:41 INFO     8000 12313 7.197193 69384.0
2025-05-27 16:02:23 INFO     9000 12313 7.204391 69366.7
2025-05-27 16:03:06 INFO     10000 12313 7.161726 69297.3
2025-05-27 16:03:48 INFO     11000 12313 7.129655 69279.9
2025-05-27 16:04:31 INFO     12000 12313 7.134430 69384.0
2025-05-27 16:04:45 INFO     >>>>> Predictor: Evaluating on valid
2025-05-27 16:05:02 INFO     Data : 3823
2025-05-27 16:05:02 INFO     Hit1 : 0.029558
2025-05-27 16:05:02 INFO     Hit3 : 0.054146
2025-05-27 16:05:02 INFO     Hit10: 0.104891
2025-05-27 16:05:02 INFO     MR   : 1195.845148
2025-05-27 16:05:02 INFO     MRR  : 0.055401
2025-05-27 16:05:02 INFO     >>>>> Predictor: Evaluating on test
2025-05-27 16:05:21 INFO     Data : 4402
2025-05-27 16:05:21 INFO     Hit1 : 0.030895
2025-05-27 16:05:21 INFO     Hit3 : 0.060427
2025-05-27 16:05:21 INFO     Hit10: 0.107678
2025-05-27 16:05:21 INFO     MR   : 1172.458542
2025-05-27 16:05:21 INFO     MRR  : 0.058165
2025-05-27 16:05:21 INFO     >>>>> Predictor: Computing H scores of rules
2025-05-27 16:06:06 INFO     1000 12313
2025-05-27 16:06:53 INFO     2000 12313
2025-05-27 16:07:39 INFO     3000 12313
2025-05-27 16:08:25 INFO     4000 12313
2025-05-27 16:09:09 INFO     5000 12313
2025-05-27 16:09:54 INFO     6000 12313
2025-05-27 16:10:38 INFO     7000 12313
2025-05-27 16:11:24 INFO     8000 12313
2025-05-27 16:12:09 INFO     9000 12313
2025-05-27 16:12:53 INFO     10000 12313
2025-05-27 16:13:39 INFO     11000 12313
2025-05-27 16:14:26 INFO     12000 12313
2025-05-27 16:14:40 INFO     >>>>> Generator: Training
2025-05-27 16:14:41 INFO     -------------------------
2025-05-27 16:14:41 INFO     | Post-train Generator
2025-05-27 16:14:41 INFO     -------------------------
2025-05-27 16:14:41 INFO     >>>>> Generator: Training
2025-05-27 16:14:46 INFO     [E1000] Total: 1.565962 | Main: 1.768108 | Aux: 0.757378
2025-05-27 16:14:46 INFO     -------------------------
2025-05-27 16:14:46 INFO     | Beam Search Best Rules
2025-05-27 16:14:46 INFO     -------------------------
2025-05-27 16:14:46 INFO     >>>>> Generator: Rule generation with beam search
2025-05-27 16:14:46 INFO     >>>>> Generator: Rule generation with beam search
2025-05-27 16:14:47 INFO     >>>>> Generator: Rule generation with beam search
2025-05-27 16:14:55 INFO     >>>>> Generator: Rule generation with beam search
2025-05-27 16:15:01 INFO     >>>>> Generator: Rule generation with beam search
2025-05-27 16:15:06 INFO     -------------------------
2025-05-27 16:15:06 INFO     | Train Final Predictor+
2025-05-27 16:15:06 INFO     -------------------------
2025-05-27 16:15:06 INFO     Predictor+: read 18420 rules from list.
2025-05-27 16:15:06 INFO     Preprocess training set
2025-05-27 16:15:06 INFO     -------------------------
2025-05-27 16:15:06 INFO     | Iteration: 1/5
2025-05-27 16:15:06 INFO     -------------------------
2025-05-27 16:15:06 INFO     >>>>> Predictor: Training
2025-05-27 16:21:39 INFO     1000 12313 4.693449 69314.6
2025-05-27 16:28:12 INFO     2000 12313 4.492454 69366.7
2025-05-27 16:34:38 INFO     3000 12313 4.445460 69279.9
2025-05-27 16:41:00 INFO     4000 12313 4.445640 69340.6
2025-05-27 16:47:21 INFO     5000 12313 4.483198 69236.6
2025-05-27 16:53:50 INFO     6000 12313 4.440530 69366.7
2025-05-27 17:00:23 INFO     7000 12313 4.424672 69323.3
2025-05-27 17:06:45 INFO     8000 12313 4.462690 69349.3
2025-05-27 17:13:06 INFO     9000 12313 4.422526 69384.0
2025-05-27 17:19:29 INFO     10000 12313 4.418479 69384.0
2025-05-27 17:25:55 INFO     11000 12313 4.441786 69288.6
2025-05-27 17:32:16 INFO     12000 12313 4.445490 69366.7
2025-05-27 17:34:15 INFO     >>>>> Predictor: Evaluating on valid
2025-05-27 17:37:02 INFO     Data : 3823
2025-05-27 17:37:02 INFO     Hit1 : 0.077426
2025-05-27 17:37:02 INFO     Hit3 : 0.156683
2025-05-27 17:37:02 INFO     Hit10: 0.289563
2025-05-27 17:37:02 INFO     MR   : 625.411849
2025-05-27 17:37:02 INFO     MRR  : 0.147273
2025-05-27 17:37:02 INFO     >>>>> Predictor: Evaluating on test
2025-05-27 17:40:13 INFO     Data : 4402
2025-05-27 17:40:13 INFO     Hit1 : 0.106542
2025-05-27 17:40:13 INFO     Hit3 : 0.191731
2025-05-27 17:40:13 INFO     Hit10: 0.326670
2025-05-27 17:40:13 INFO     MR   : 610.113017
2025-05-27 17:40:13 INFO     MRR  : 0.176813
2025-05-27 17:40:13 INFO     Save checkpoint to results/semmeddb/multitask/cluster_3/full/fixed/predictor.pt
2025-05-27 17:40:13 INFO     -------------------------
2025-05-27 17:40:13 INFO     | Iteration: 2/5
2025-05-27 17:40:13 INFO     -------------------------
2025-05-27 17:40:13 INFO     >>>>> Predictor: Training
2025-05-27 17:46:35 INFO     1000 12313 4.384922 69384.0
2025-05-27 17:52:58 INFO     2000 12313 4.380473 69384.0
2025-05-27 17:59:25 INFO     3000 12313 4.392495 69340.6
2025-05-27 18:05:59 INFO     4000 12313 4.398532 69305.9
2025-05-27 18:12:28 INFO     5000 12313 4.406455 69340.6
2025-05-27 18:18:55 INFO     6000 12313 4.410380 69297.3
2025-05-27 18:25:28 INFO     7000 12313 4.392455 69323.3
2025-05-27 18:32:04 INFO     8000 12313 4.415691 69366.7
2025-05-27 18:39:16 INFO     9000 12313 4.392262 69297.3
2025-05-27 18:46:24 INFO     10000 12313 4.406786 69366.7
2025-05-27 18:52:49 INFO     11000 12313 4.410883 69314.6
2025-05-27 18:59:24 INFO     12000 12313 4.419124 69279.9
2025-05-27 19:01:26 INFO     >>>>> Predictor: Evaluating on valid
2025-05-27 19:04:13 INFO     Data : 3823
2025-05-27 19:04:13 INFO     Hit1 : 0.071148
2025-05-27 19:04:13 INFO     Hit3 : 0.154852
2025-05-27 19:04:13 INFO     Hit10: 0.299765
2025-05-27 19:04:13 INFO     MR   : 605.891970
2025-05-27 19:04:13 INFO     MRR  : 0.143979
2025-05-27 19:04:13 INFO     >>>>> Predictor: Evaluating on test
2025-05-27 19:07:26 INFO     Data : 4402
2025-05-27 19:07:26 INFO     Hit1 : 0.108814
2025-05-27 19:07:26 INFO     Hit3 : 0.196274
2025-05-27 19:07:26 INFO     Hit10: 0.322581
2025-05-27 19:07:26 INFO     MR   : 584.588369
2025-05-27 19:07:26 INFO     MRR  : 0.179223
2025-05-27 19:07:26 INFO     -------------------------
2025-05-27 19:07:26 INFO     | Iteration: 3/5
2025-05-27 19:07:26 INFO     -------------------------
2025-05-27 19:07:26 INFO     >>>>> Predictor: Training
2025-05-27 19:13:51 INFO     1000 12313 4.387610 69262.6
2025-05-27 19:20:15 INFO     2000 12313 4.369481 69384.0
2025-05-27 19:26:37 INFO     3000 12313 4.349095 69262.6
2025-05-27 19:33:07 INFO     4000 12313 4.393729 69323.3
2025-05-27 19:39:37 INFO     5000 12313 4.363461 69366.7
2025-05-27 19:46:00 INFO     6000 12313 4.382447 69323.3
2025-05-27 19:52:23 INFO     7000 12313 4.389604 69366.7
2025-05-27 19:58:46 INFO     8000 12313 4.399360 69384.0
2025-05-27 20:05:09 INFO     9000 12313 4.379167 69349.3
2025-05-27 20:11:35 INFO     10000 12313 4.403077 69314.6
2025-05-27 20:18:05 INFO     11000 12313 4.364862 69349.3
2025-05-27 20:24:34 INFO     12000 12313 4.399595 69314.6
2025-05-27 20:26:36 INFO     >>>>> Predictor: Evaluating on valid
2025-05-27 20:29:25 INFO     Data : 3823
2025-05-27 20:29:25 INFO     Hit1 : 0.077688
2025-05-27 20:29:25 INFO     Hit3 : 0.157991
2025-05-27 20:29:25 INFO     Hit10: 0.301334
2025-05-27 20:29:25 INFO     MR   : 607.913026
2025-05-27 20:29:25 INFO     MRR  : 0.148780
2025-05-27 20:29:25 INFO     >>>>> Predictor: Evaluating on test
2025-05-27 20:32:40 INFO     Data : 4402
2025-05-27 20:32:40 INFO     Hit1 : 0.107224
2025-05-27 20:32:40 INFO     Hit3 : 0.193548
2025-05-27 20:32:40 INFO     Hit10: 0.322808
2025-05-27 20:32:40 INFO     MR   : 580.532372
2025-05-27 20:32:40 INFO     MRR  : 0.178763
2025-05-27 20:32:40 INFO     Save checkpoint to results/semmeddb/multitask/cluster_3/full/fixed/predictor.pt
2025-05-27 20:32:40 INFO     -------------------------
2025-05-27 20:32:40 INFO     | Iteration: 4/5
2025-05-27 20:32:40 INFO     -------------------------
2025-05-27 20:32:40 INFO     >>>>> Predictor: Training
2025-05-27 20:39:04 INFO     1000 12313 4.343584 69384.0
2025-05-27 20:45:29 INFO     2000 12313 4.361476 69340.6
2025-05-27 20:51:53 INFO     3000 12313 4.367546 69384.0
2025-05-27 20:58:40 INFO     4000 12313 4.395179 69253.9
2025-05-27 21:05:10 INFO     5000 12313 4.382119 69262.6
2025-05-27 21:11:43 INFO     6000 12313 4.394401 69340.6
2025-05-27 21:18:15 INFO     7000 12313 4.372218 69314.6
2025-05-27 21:24:49 INFO     8000 12313 4.351154 69323.3
2025-05-27 21:31:21 INFO     9000 12313 4.386332 69366.7
2025-05-27 21:38:29 INFO     10000 12313 4.355320 69349.3
2025-05-27 21:44:59 INFO     11000 12313 4.370841 69366.7
2025-05-27 21:51:23 INFO     12000 12313 4.385778 69366.7
2025-05-27 21:53:39 INFO     >>>>> Predictor: Evaluating on valid
2025-05-27 21:56:31 INFO     Data : 3823
2025-05-27 21:56:31 INFO     Hit1 : 0.074026
2025-05-27 21:56:31 INFO     Hit3 : 0.159037
2025-05-27 21:56:31 INFO     Hit10: 0.303165
2025-05-27 21:56:31 INFO     MR   : 596.886346
2025-05-27 21:56:31 INFO     MRR  : 0.146865
2025-05-27 21:56:31 INFO     >>>>> Predictor: Evaluating on test
2025-05-27 21:59:47 INFO     Data : 4402
2025-05-27 21:59:47 INFO     Hit1 : 0.111767
2025-05-27 21:59:47 INFO     Hit3 : 0.202635
2025-05-27 21:59:47 INFO     Hit10: 0.321899
2025-05-27 21:59:47 INFO     MR   : 569.855520
2025-05-27 21:59:47 INFO     MRR  : 0.182822
2025-05-27 21:59:47 INFO     -------------------------
2025-05-27 21:59:47 INFO     | Iteration: 5/5
2025-05-27 21:59:47 INFO     -------------------------
2025-05-27 21:59:47 INFO     >>>>> Predictor: Training
2025-05-27 22:06:25 INFO     1000 12313 4.339526 69323.3
2025-05-27 22:12:53 INFO     2000 12313 4.365980 69384.0
2025-05-27 22:19:29 INFO     3000 12313 4.357202 69245.2
2025-05-27 22:26:12 INFO     4000 12313 4.342992 69384.0
2025-05-27 22:32:55 INFO     5000 12313 4.386363 69366.7
2025-05-27 22:39:33 INFO     6000 12313 4.358406 69323.3
2025-05-27 22:46:06 INFO     7000 12313 4.378735 69384.0
2025-05-27 22:52:32 INFO     8000 12313 4.389949 69297.3
2025-05-27 22:59:10 INFO     9000 12313 4.367975 69384.0
2025-05-27 23:05:43 INFO     10000 12313 4.363620 69271.3
2025-05-27 23:12:12 INFO     11000 12313 4.363953 69340.6
2025-05-27 23:18:46 INFO     12000 12313 4.344729 69297.3
2025-05-27 23:20:52 INFO     >>>>> Predictor: Evaluating on valid
2025-05-27 23:23:47 INFO     Data : 3823
2025-05-27 23:23:47 INFO     Hit1 : 0.071671
2025-05-27 23:23:47 INFO     Hit3 : 0.159037
2025-05-27 23:23:47 INFO     Hit10: 0.292179
2025-05-27 23:23:47 INFO     MR   : 603.509678
2025-05-27 23:23:47 INFO     MRR  : 0.145138
2025-05-27 23:23:47 INFO     >>>>> Predictor: Evaluating on test
2025-05-27 23:27:07 INFO     Data : 4402
2025-05-27 23:27:07 INFO     Hit1 : 0.104952
2025-05-27 23:27:07 INFO     Hit3 : 0.187642
2025-05-27 23:27:07 INFO     Hit10: 0.315311
2025-05-27 23:27:07 INFO     MR   : 579.920150
2025-05-27 23:27:07 INFO     MRR  : 0.174310
2025-05-27 23:27:07 INFO     -------------------------
2025-05-27 23:27:07 INFO     | Final Test MRR: 0.178763
2025-05-27 23:27:07 INFO     -------------------------
