2025-07-22 02:24:20 INFO     is_soft_label: False
2025-07-22 02:24:20 INFO     is_scheduled_sampling: False
2025-07-22 02:24:20 INFO     is_test_mode: False
2025-07-22 02:24:21 INFO     Data loading | DONE!
2025-07-22 02:24:21 INFO     Using full datasets for training, validation, and testing.
2025-07-22 02:24:21 INFO     -------------------------
2025-07-22 02:24:21 INFO     | EM Iteration: 1/5
2025-07-22 02:24:21 INFO     -------------------------
2025-07-22 02:24:21 INFO     >>>>> Using miner's rule
2025-07-22 02:24:21 INFO     Predictor: read 13661 rules from list.
2025-07-22 02:24:22 INFO     Preprocess training set
2025-07-22 02:24:22 INFO     >>>>> Predictor: Evaluating on valid
2025-07-22 02:26:39 INFO     Data : 2077
2025-07-22 02:26:39 INFO     Hit1 : 0.065479
2025-07-22 02:26:39 INFO     Hit3 : 0.127106
2025-07-22 02:26:39 INFO     Hit10: 0.199326
2025-07-22 02:26:39 INFO     MR   : 1120.902022
2025-07-22 02:26:39 INFO     MRR  : 0.114382
2025-07-22 02:26:39 INFO     >>>>> Predictor: Evaluating on test
2025-07-22 02:29:21 INFO     Data : 2342
2025-07-22 02:29:21 INFO     Hit1 : 0.078992
2025-07-22 02:29:21 INFO     Hit3 : 0.124253
2025-07-22 02:29:21 INFO     Hit10: 0.208796
2025-07-22 02:29:21 INFO     MR   : 1044.269001
2025-07-22 02:29:21 INFO     MRR  : 0.122250
2025-07-22 02:29:21 INFO     >>>>> Predictor: Computing H scores of rules
2025-07-22 03:06:47 INFO     1000 5959
2025-07-22 03:44:51 INFO     2000 5959
2025-07-22 04:22:08 INFO     3000 5959
2025-07-22 04:59:37 INFO     4000 5959
2025-07-22 05:36:43 INFO     5000 5959
2025-07-22 06:14:49 INFO     >>>>> Generator: Training
2025-07-22 06:15:00 INFO     -------------------------
2025-07-22 06:15:00 INFO     | EM Iteration: 2/5
2025-07-22 06:15:00 INFO     -------------------------
2025-07-22 06:15:00 INFO     >>>>> Using Generator's sample rule
2025-07-22 06:15:00 INFO     >>>>> Generator: Rule generation with sampling
2025-07-22 06:15:00 INFO     Predictor: read 1892 rules from list.
2025-07-22 06:15:00 INFO     Preprocess training set
2025-07-22 06:15:00 INFO     >>>>> Predictor: Training
2025-07-22 06:16:17 INFO     1000 5959 8.791967 69314.6
2025-07-22 06:17:33 INFO     2000 5959 8.414537 69271.3
2025-07-22 06:18:48 INFO     3000 5959 8.209815 69245.2
2025-07-22 06:20:14 INFO     4000 5959 8.040272 69340.6
2025-07-22 06:21:41 INFO     5000 5959 7.874913 69340.6
2025-07-22 06:23:06 INFO     >>>>> Predictor: Evaluating on valid
2025-07-22 06:23:24 INFO     Data : 2077
2025-07-22 06:23:24 INFO     Hit1 : 0.014925
2025-07-22 06:23:24 INFO     Hit3 : 0.023592
2025-07-22 06:23:24 INFO     Hit10: 0.034665
2025-07-22 06:23:24 INFO     MR   : 1480.162735
2025-07-22 06:23:24 INFO     MRR  : 0.025649
2025-07-22 06:23:24 INFO     >>>>> Predictor: Evaluating on test
2025-07-22 06:23:45 INFO     Data : 2342
2025-07-22 06:23:45 INFO     Hit1 : 0.011529
2025-07-22 06:23:45 INFO     Hit3 : 0.017933
2025-07-22 06:23:45 INFO     Hit10: 0.028608
2025-07-22 06:23:45 INFO     MR   : 1375.226943
2025-07-22 06:23:45 INFO     MRR  : 0.021256
2025-07-22 06:23:45 INFO     >>>>> Predictor: Computing H scores of rules
2025-07-22 06:27:06 INFO     1000 5959
2025-07-22 06:30:40 INFO     2000 5959
2025-07-22 06:34:13 INFO     3000 5959
2025-07-22 06:37:35 INFO     4000 5959
2025-07-22 06:41:08 INFO     5000 5959
2025-07-22 06:44:45 INFO     >>>>> Generator: Training
2025-07-22 06:44:55 INFO     -------------------------
2025-07-22 06:44:55 INFO     | EM Iteration: 3/5
2025-07-22 06:44:55 INFO     -------------------------
2025-07-22 06:44:55 INFO     >>>>> Using Generator's sample rule
2025-07-22 06:44:55 INFO     >>>>> Generator: Rule generation with sampling
2025-07-22 06:44:55 INFO     Predictor: read 1881 rules from list.
2025-07-22 06:44:55 INFO     Preprocess training set
2025-07-22 06:44:55 INFO     >>>>> Predictor: Training
2025-07-22 06:46:08 INFO     1000 5959 8.817987 69332.0
2025-07-22 06:47:24 INFO     2000 5959 8.496226 69349.3
2025-07-22 06:48:38 INFO     3000 5959 8.298008 69184.5
2025-07-22 06:49:52 INFO     4000 5959 8.154551 69253.9
2025-07-22 06:51:06 INFO     5000 5959 8.083140 69332.0
2025-07-22 06:52:31 INFO     >>>>> Predictor: Evaluating on valid
2025-07-22 06:52:49 INFO     Data : 2077
2025-07-22 06:52:49 INFO     Hit1 : 0.012037
2025-07-22 06:52:49 INFO     Hit3 : 0.022629
2025-07-22 06:52:49 INFO     Hit10: 0.044776
2025-07-22 06:52:49 INFO     MR   : 1472.765768
2025-07-22 06:52:49 INFO     MRR  : 0.025626
2025-07-22 06:52:49 INFO     >>>>> Predictor: Evaluating on test
2025-07-22 06:53:10 INFO     Data : 2342
2025-07-22 06:53:10 INFO     Hit1 : 0.013664
2025-07-22 06:53:10 INFO     Hit3 : 0.020495
2025-07-22 06:53:10 INFO     Hit10: 0.038856
2025-07-22 06:53:10 INFO     MR   : 1373.408412
2025-07-22 06:53:10 INFO     MRR  : 0.024759
2025-07-22 06:53:10 INFO     >>>>> Predictor: Computing H scores of rules
2025-07-22 06:56:31 INFO     1000 5959
2025-07-22 06:59:52 INFO     2000 5959
2025-07-22 07:03:37 INFO     3000 5959
2025-07-22 07:07:10 INFO     4000 5959
2025-07-22 07:10:31 INFO     5000 5959
2025-07-22 07:13:59 INFO     >>>>> Generator: Training
2025-07-22 07:14:09 INFO     -------------------------
2025-07-22 07:14:09 INFO     | EM Iteration: 4/5
2025-07-22 07:14:09 INFO     -------------------------
2025-07-22 07:14:09 INFO     >>>>> Using Generator's sample rule
2025-07-22 07:14:09 INFO     >>>>> Generator: Rule generation with sampling
2025-07-22 07:14:09 INFO     Predictor: read 1854 rules from list.
2025-07-22 07:14:09 INFO     Preprocess training set
2025-07-22 07:14:09 INFO     >>>>> Predictor: Training
2025-07-22 07:15:23 INFO     1000 5959 8.806675 69271.3
2025-07-22 07:16:37 INFO     2000 5959 8.455464 69340.6
2025-07-22 07:18:04 INFO     3000 5959 8.234432 69384.0
2025-07-22 07:19:26 INFO     4000 5959 8.075240 69262.6
2025-07-22 07:20:45 INFO     5000 5959 7.951819 69332.0
2025-07-22 07:22:02 INFO     >>>>> Predictor: Evaluating on valid
2025-07-22 07:22:28 INFO     Data : 2077
2025-07-22 07:22:28 INFO     Hit1 : 0.029369
2025-07-22 07:22:28 INFO     Hit3 : 0.044295
2025-07-22 07:22:28 INFO     Hit10: 0.064998
2025-07-22 07:22:28 INFO     MR   : 1444.204622
2025-07-22 07:22:28 INFO     MRR  : 0.045124
2025-07-22 07:22:28 INFO     >>>>> Predictor: Evaluating on test
2025-07-22 07:22:49 INFO     Data : 2342
2025-07-22 07:22:49 INFO     Hit1 : 0.033732
2025-07-22 07:22:49 INFO     Hit3 : 0.049530
2025-07-22 07:22:49 INFO     Hit10: 0.067037
2025-07-22 07:22:49 INFO     MR   : 1343.278181
2025-07-22 07:22:49 INFO     MRR  : 0.048749
2025-07-22 07:22:49 INFO     >>>>> Predictor: Computing H scores of rules
2025-07-22 07:26:09 INFO     1000 5959
2025-07-22 07:29:53 INFO     2000 5959
2025-07-22 07:33:15 INFO     3000 5959
2025-07-22 07:36:48 INFO     4000 5959
2025-07-22 07:40:10 INFO     5000 5959
2025-07-22 07:43:26 INFO     >>>>> Generator: Training
2025-07-22 07:43:36 INFO     -------------------------
2025-07-22 07:43:36 INFO     | EM Iteration: 5/5
2025-07-22 07:43:36 INFO     -------------------------
2025-07-22 07:43:36 INFO     >>>>> Using Generator's sample rule
2025-07-22 07:43:36 INFO     >>>>> Generator: Rule generation with sampling
2025-07-22 07:43:36 INFO     Predictor: read 1685 rules from list.
2025-07-22 07:43:36 INFO     Preprocess training set
2025-07-22 07:43:36 INFO     >>>>> Predictor: Training
2025-07-22 07:44:50 INFO     1000 5959 8.787479 69332.0
2025-07-22 07:46:01 INFO     2000 5959 8.381104 69349.3
2025-07-22 07:47:12 INFO     3000 5959 8.129148 69340.6
2025-07-22 07:48:37 INFO     4000 5959 7.902353 69297.3
2025-07-22 07:50:00 INFO     5000 5959 7.716306 69219.2
2025-07-22 07:51:13 INFO     >>>>> Predictor: Evaluating on valid
2025-07-22 07:51:31 INFO     Data : 2077
2025-07-22 07:51:31 INFO     Hit1 : 0.029369
2025-07-22 07:51:31 INFO     Hit3 : 0.051517
2025-07-22 07:51:31 INFO     Hit10: 0.072701
2025-07-22 07:51:31 INFO     MR   : 1464.012759
2025-07-22 07:51:31 INFO     MRR  : 0.047548
2025-07-22 07:51:31 INFO     >>>>> Predictor: Evaluating on test
2025-07-22 07:51:52 INFO     Data : 2342
2025-07-22 07:51:52 INFO     Hit1 : 0.035013
2025-07-22 07:51:52 INFO     Hit3 : 0.054227
2025-07-22 07:51:52 INFO     Hit10: 0.075149
2025-07-22 07:51:52 INFO     MR   : 1360.229078
2025-07-22 07:51:52 INFO     MRR  : 0.052431
2025-07-22 07:51:52 INFO     >>>>> Predictor: Computing H scores of rules
2025-07-22 07:55:15 INFO     1000 5959
2025-07-22 07:58:38 INFO     2000 5959
2025-07-22 08:01:59 INFO     3000 5959
2025-07-22 08:05:32 INFO     4000 5959
2025-07-22 08:08:55 INFO     5000 5959
2025-07-22 08:12:10 INFO     >>>>> Generator: Training
2025-07-22 08:12:20 INFO     -------------------------
2025-07-22 08:12:20 INFO     | Post-train Generator
2025-07-22 08:12:20 INFO     -------------------------
2025-07-22 08:12:22 INFO     >>>>> Generator: Training
2025-07-22 08:14:05 INFO     [E01000] Total 2.057636 | Main 2.414967 | RelClus 1.468955 | 
2025-07-22 08:14:05 INFO     -------------------------
2025-07-22 08:14:05 INFO     | Beam Search Best Rules
2025-07-22 08:14:05 INFO     -------------------------
2025-07-22 08:14:05 INFO     >>>>> Generator: Rule generation with beam search
2025-07-22 08:14:05 INFO     >>>>> Generator: Rule generation with beam search
2025-07-22 08:14:10 INFO     >>>>> Generator: Rule generation with beam search
2025-07-22 08:15:21 INFO     >>>>> Generator: Rule generation with beam search
2025-07-22 08:16:24 INFO     >>>>> Generator: Rule generation with beam search
2025-07-22 08:17:05 INFO     -------------------------
2025-07-22 08:17:05 INFO     | Train Final Predictor+
2025-07-22 08:17:05 INFO     -------------------------
2025-07-22 08:17:05 INFO     Predictor+: read 18420 rules from list.
2025-07-22 08:17:05 INFO     Preprocess training set
2025-07-22 08:17:05 INFO     -------------------------
2025-07-22 08:17:05 INFO     | Iteration: 1/5
2025-07-22 08:17:05 INFO     -------------------------
2025-07-22 08:17:05 INFO     >>>>> Predictor: Training
2025-07-22 08:22:53 INFO     1000 5959 5.166488 69271.3
2025-07-22 08:29:04 INFO     2000 5959 5.000057 69332.0
2025-07-22 08:34:58 INFO     3000 5959 4.972548 69375.3
2025-07-22 08:40:58 INFO     4000 5959 4.964140 69279.9
2025-07-22 08:46:39 INFO     5000 5959 4.914525 69349.3
2025-07-22 08:52:10 INFO     >>>>> Predictor: Evaluating on valid
2025-07-22 08:53:33 INFO     Data : 2077
2025-07-22 08:53:33 INFO     Hit1 : 0.086663
2025-07-22 08:53:33 INFO     Hit3 : 0.168994
2025-07-22 08:53:33 INFO     Hit10: 0.285508
2025-07-22 08:53:33 INFO     MR   : 1036.458113
2025-07-22 08:53:33 INFO     MRR  : 0.151561
2025-07-22 08:53:33 INFO     >>>>> Predictor: Evaluating on test
2025-07-22 08:55:05 INFO     Data : 2342
2025-07-22 08:55:05 INFO     Hit1 : 0.113578
2025-07-22 08:55:05 INFO     Hit3 : 0.190436
2025-07-22 08:55:05 INFO     Hit10: 0.294193
2025-07-22 08:55:05 INFO     MR   : 961.155209
2025-07-22 08:55:05 INFO     MRR  : 0.172707
2025-07-22 08:55:05 INFO     Save checkpoint to results/semmeddb/10_times_each/aux1/10_20250722_022419/predictor.pt
2025-07-22 08:55:05 INFO     -------------------------
2025-07-22 08:55:05 INFO     | Iteration: 2/5
2025-07-22 08:55:05 INFO     -------------------------
2025-07-22 08:55:05 INFO     >>>>> Predictor: Training
2025-07-22 09:01:06 INFO     1000 5959 4.874331 69366.7
2025-07-22 09:06:56 INFO     2000 5959 4.894223 69375.3
2025-07-22 09:12:37 INFO     3000 5959 4.878959 69219.2
2025-07-22 09:18:24 INFO     4000 5959 4.910800 69305.9
2025-07-22 09:24:27 INFO     5000 5959 4.869409 69288.6
2025-07-22 09:30:04 INFO     >>>>> Predictor: Evaluating on valid
2025-07-22 09:31:27 INFO     Data : 2077
2025-07-22 09:31:27 INFO     Hit1 : 0.086182
2025-07-22 09:31:27 INFO     Hit3 : 0.174771
2025-07-22 09:31:27 INFO     Hit10: 0.291286
2025-07-22 09:31:27 INFO     MR   : 1009.819451
2025-07-22 09:31:27 INFO     MRR  : 0.152946
2025-07-22 09:31:27 INFO     >>>>> Predictor: Evaluating on test
2025-07-22 09:33:04 INFO     Data : 2342
2025-07-22 09:33:04 INFO     Hit1 : 0.115286
2025-07-22 09:33:04 INFO     Hit3 : 0.192143
2025-07-22 09:33:04 INFO     Hit10: 0.295901
2025-07-22 09:33:04 INFO     MR   : 933.735056
2025-07-22 09:33:04 INFO     MRR  : 0.174110
2025-07-22 09:33:04 INFO     Save checkpoint to results/semmeddb/10_times_each/aux1/10_20250722_022419/predictor.pt
2025-07-22 09:33:04 INFO     -------------------------
2025-07-22 09:33:04 INFO     | Iteration: 3/5
2025-07-22 09:33:04 INFO     -------------------------
2025-07-22 09:33:04 INFO     >>>>> Predictor: Training
2025-07-22 09:38:56 INFO     1000 5959 4.878213 69288.6
2025-07-22 09:44:44 INFO     2000 5959 4.872066 69288.6
2025-07-22 09:50:27 INFO     3000 5959 4.861075 69340.6
2025-07-22 09:56:10 INFO     4000 5959 4.861495 69271.3
2025-07-22 10:01:56 INFO     5000 5959 4.902173 69219.2
2025-07-22 10:07:32 INFO     >>>>> Predictor: Evaluating on valid
2025-07-22 10:08:54 INFO     Data : 2077
2025-07-22 10:08:54 INFO     Hit1 : 0.087626
2025-07-22 10:08:54 INFO     Hit3 : 0.165623
2025-07-22 10:08:54 INFO     Hit10: 0.288397
2025-07-22 10:08:54 INFO     MR   : 1000.046461
2025-07-22 10:08:54 INFO     MRR  : 0.150473
2025-07-22 10:08:54 INFO     >>>>> Predictor: Evaluating on test
2025-07-22 10:10:25 INFO     Data : 2342
2025-07-22 10:10:25 INFO     Hit1 : 0.107600
2025-07-22 10:10:25 INFO     Hit3 : 0.182750
2025-07-22 10:10:25 INFO     Hit10: 0.292912
2025-07-22 10:10:25 INFO     MR   : 921.311059
2025-07-22 10:10:25 INFO     MRR  : 0.167140
2025-07-22 10:10:25 INFO     -------------------------
2025-07-22 10:10:25 INFO     | Iteration: 4/5
2025-07-22 10:10:25 INFO     -------------------------
2025-07-22 10:10:25 INFO     >>>>> Predictor: Training
2025-07-22 10:16:04 INFO     1000 5959 4.848350 69340.6
2025-07-22 10:21:53 INFO     2000 5959 4.823511 69184.5
2025-07-22 10:27:34 INFO     3000 5959 4.905801 69253.9
2025-07-22 10:33:32 INFO     4000 5959 4.865900 69340.6
2025-07-22 10:39:20 INFO     5000 5959 4.856619 69384.0
2025-07-22 10:44:59 INFO     >>>>> Predictor: Evaluating on valid
2025-07-22 10:46:20 INFO     Data : 2077
2025-07-22 10:46:20 INFO     Hit1 : 0.089552
2025-07-22 10:46:20 INFO     Hit3 : 0.170438
2025-07-22 10:46:20 INFO     Hit10: 0.289360
2025-07-22 10:46:20 INFO     MR   : 1000.805007
2025-07-22 10:46:20 INFO     MRR  : 0.153236
2025-07-22 10:46:20 INFO     >>>>> Predictor: Evaluating on test
2025-07-22 10:47:52 INFO     Data : 2342
2025-07-22 10:47:52 INFO     Hit1 : 0.116994
2025-07-22 10:47:52 INFO     Hit3 : 0.184458
2025-07-22 10:47:52 INFO     Hit10: 0.298890
2025-07-22 10:47:52 INFO     MR   : 926.850982
2025-07-22 10:47:52 INFO     MRR  : 0.173698
2025-07-22 10:47:52 INFO     Save checkpoint to results/semmeddb/10_times_each/aux1/10_20250722_022419/predictor.pt
2025-07-22 10:47:52 INFO     -------------------------
2025-07-22 10:47:52 INFO     | Iteration: 5/5
2025-07-22 10:47:52 INFO     -------------------------
2025-07-22 10:47:52 INFO     >>>>> Predictor: Training
2025-07-22 10:53:45 INFO     1000 5959 4.853363 69323.3
2025-07-22 10:59:47 INFO     2000 5959 4.866553 69332.0
2025-07-22 11:05:41 INFO     3000 5959 4.881720 69219.2
2025-07-22 11:11:36 INFO     4000 5959 4.860708 69297.3
2025-07-22 11:17:18 INFO     5000 5959 4.829031 69332.0
2025-07-22 11:22:46 INFO     >>>>> Predictor: Evaluating on valid
2025-07-22 11:24:09 INFO     Data : 2077
2025-07-22 11:24:09 INFO     Hit1 : 0.081849
2025-07-22 11:24:09 INFO     Hit3 : 0.160327
2025-07-22 11:24:09 INFO     Hit10: 0.289360
2025-07-22 11:24:09 INFO     MR   : 986.462446
2025-07-22 11:24:09 INFO     MRR  : 0.147178
2025-07-22 11:24:09 INFO     >>>>> Predictor: Evaluating on test
2025-07-22 11:25:51 INFO     Data : 2342
2025-07-22 11:25:51 INFO     Hit1 : 0.112297
2025-07-22 11:25:51 INFO     Hit3 : 0.185739
2025-07-22 11:25:51 INFO     Hit10: 0.291204
2025-07-22 11:25:51 INFO     MR   : 914.558711
2025-07-22 11:25:51 INFO     MRR  : 0.171618
2025-07-22 11:25:51 INFO     -------------------------
2025-07-22 11:25:51 INFO     | Final Test MRR: 0.173698
2025-07-22 11:25:51 INFO     -------------------------
