2025-06-29 23:51:33 INFO     Data loading | DONE!
2025-06-29 23:51:33 INFO     Using full datasets for training, validation, and testing.
2025-06-29 23:51:33 INFO     -------------------------
2025-06-29 23:51:33 INFO     | EM Iteration: 1/5
2025-06-29 23:51:33 INFO     -------------------------
2025-06-29 23:51:33 INFO     >>>>> Using miner's rule
2025-06-29 23:51:33 INFO     Predictor: read 13661 rules from list.
2025-06-29 23:51:34 INFO     Preprocess training set
2025-06-29 23:51:34 INFO     >>>>> Predictor: Training
2025-06-29 23:59:58 INFO     1000 5959 8.299284 69314.6
2025-06-30 00:08:15 INFO     2000 5959 7.689227 69271.3
2025-06-30 00:16:14 INFO     3000 5959 7.425850 69245.2
2025-06-30 00:24:26 INFO     4000 5959 7.285955 69340.6
2025-06-30 00:32:38 INFO     5000 5959 7.136692 69340.6
2025-06-30 00:40:29 INFO     >>>>> Predictor: Evaluating on valid
2025-06-30 00:42:31 INFO     Data : 2077
2025-06-30 00:42:31 INFO     Hit1 : 0.065479
2025-06-30 00:42:31 INFO     Hit3 : 0.127106
2025-06-30 00:42:31 INFO     Hit10: 0.199326
2025-06-30 00:42:31 INFO     MR   : 1120.920077
2025-06-30 00:42:31 INFO     MRR  : 0.114382
2025-06-30 00:42:31 INFO     >>>>> Predictor: Evaluating on test
2025-06-30 00:44:46 INFO     Data : 2342
2025-06-30 00:44:46 INFO     Hit1 : 0.078992
2025-06-30 00:44:46 INFO     Hit3 : 0.124253
2025-06-30 00:44:46 INFO     Hit10: 0.208796
2025-06-30 00:44:46 INFO     MR   : 1044.279889
2025-06-30 00:44:46 INFO     MRR  : 0.122250
2025-06-30 00:44:46 INFO     >>>>> Predictor: Computing H scores of rules
2025-06-30 01:16:02 INFO     1000 5959
2025-06-30 01:46:52 INFO     2000 5959
2025-06-30 02:17:00 INFO     3000 5959
2025-06-30 02:47:18 INFO     4000 5959
2025-06-30 03:17:47 INFO     5000 5959
