2025-05-01 17:53:39 INFO     Predictor: read 496 rules from list.
17:52:59 INFO     | Pre-train Generator
2025-05-01 17:52:59 INFO     -------------------------
2025-05-01 17:52:59 INFO     >>>>> Generator: Training
2025-05-01 17:53:03 INFO     1000 10000 2.617082
2025-05-01 17:53:07 INFO     2000 10000 2.524798
2025-05-01 17:53:11 INFO     3000 10000 2.511061
2025-05-01 17:53:15 INFO     4000 10000 2.499214
2025-05-01 17:53:19 INFO     5000 10000 2.498550
2025-05-01 17:53:23 INFO     6000 10000 2.493884
2025-05-01 17:53:27 INFO     7000 10000 2.491780
2025-05-01 17:53:31 INFO     8000 10000 2.484261
2025-05-01 17:53:35 INFO     9000 10000 2.486301
2025-05-01 17:53:39 INFO     10000 10000 2.474596
2025-05-01 17:53:39 INFO     -------------------------
2025-05-01 17:53:39 INFO     | EM Iteration: 1/1
2025-05-01 17:53:39 INFO     -------------------------
2025-05-01 17:53:39 INFO     >>>>> Generator: Rule generation with sampling
2025-05-01 17:53:39 INFO     Predictor: read 496 rules from list.
2025-05-01 17:53:39 INFO     Initializing distributed process group
2025-05-01 17:53:39 INFO     Preprocess training set
2025-05-01 17:53:39 INFO     >>>>> Predictor: Training
2025-05-01 17:54:22 INFO     100 29348 14.231636 16130632.0
2025-05-01 17:55:07 INFO     200 29348 14.119928 16070142.1
2025-05-01 17:55:50 INFO     300 29348 14.118111 16130632.0
2025-05-01 17:56:34 INFO     400 29348 13.933010 16130632.0
2025-05-01 17:57:16 INFO     500 29348 13.672813 16130632.0
2025-05-01 17:57:58 INFO     600 29348 13.725976 16009652.3
2025-05-01 17:58:42 INFO     700 29348 13.483242 16130632.0
2025-05-01 17:59:28 INFO     800 29348 13.520261 16130632.0
2025-05-01 18:00:11 INFO     900 29348 13.493156 16130632.0
2025-05-01 18:00:55 INFO     1000 29348 13.352287 16130632.0
2025-05-01 18:00:55 INFO     >>>>> Predictor: Evaluating on valid
