2025-07-19 08:39:25 INFO     is_soft_label: False
2025-07-19 08:39:25 INFO     is_scheduled_sampling: False
2025-07-19 08:39:25 INFO     is_test_mode: False
2025-07-19 08:39:25 INFO     Data loading | DONE!
2025-07-19 08:39:25 INFO     Using full datasets for training, validation, and testing.
2025-07-19 08:39:25 INFO     -------------------------
2025-07-19 08:39:25 INFO     | EM Iteration: 1/5
2025-07-19 08:39:25 INFO     -------------------------
2025-07-19 08:39:25 INFO     >>>>> Using miner's rule
2025-07-19 08:39:25 INFO     Predictor: read 13661 rules from list.
2025-07-19 08:39:26 INFO     Preprocess training set
2025-07-19 08:39:26 INFO     >>>>> Predictor: Evaluating on valid
2025-07-19 08:41:44 INFO     Data : 2077
2025-07-19 08:41:44 INFO     Hit1 : 0.065479
2025-07-19 08:41:44 INFO     Hit3 : 0.127106
2025-07-19 08:41:44 INFO     Hit10: 0.199326
2025-07-19 08:41:44 INFO     MR   : 1120.902022
2025-07-19 08:41:44 INFO     MRR  : 0.114382
2025-07-19 08:41:44 INFO     >>>>> Predictor: Evaluating on test
2025-07-19 08:44:23 INFO     Data : 2342
2025-07-19 08:44:23 INFO     Hit1 : 0.078992
2025-07-19 08:44:23 INFO     Hit3 : 0.124253
2025-07-19 08:44:23 INFO     Hit10: 0.208796
2025-07-19 08:44:23 INFO     MR   : 1044.269001
2025-07-19 08:44:23 INFO     MRR  : 0.122250
2025-07-19 08:44:23 INFO     >>>>> Predictor: Computing H scores of rules
2025-07-19 09:21:11 INFO     1000 5959
2025-07-19 09:58:36 INFO     2000 5959
2025-07-19 10:35:23 INFO     3000 5959
2025-07-19 11:12:15 INFO     4000 5959
2025-07-19 11:49:12 INFO     5000 5959
2025-07-19 12:26:36 INFO     >>>>> Generator: Training
2025-07-19 12:26:46 INFO     -------------------------
2025-07-19 12:26:46 INFO     | EM Iteration: 2/5
2025-07-19 12:26:46 INFO     -------------------------
2025-07-19 12:26:46 INFO     >>>>> Using Generator's sample rule
2025-07-19 12:26:46 INFO     >>>>> Generator: Rule generation with sampling
2025-07-19 12:26:47 INFO     Predictor: read 1904 rules from list.
2025-07-19 12:26:47 INFO     Preprocess training set
2025-07-19 12:26:47 INFO     >>>>> Predictor: Training
2025-07-19 12:28:00 INFO     1000 5959 8.782312 69314.6
2025-07-19 12:29:14 INFO     2000 5959 8.410004 69271.3
2025-07-19 12:30:34 INFO     3000 5959 8.219053 69245.2
2025-07-19 12:31:55 INFO     4000 5959 8.065449 69340.6
2025-07-19 12:33:08 INFO     5000 5959 7.940880 69340.6
2025-07-19 12:34:19 INFO     >>>>> Predictor: Evaluating on valid
2025-07-19 12:34:37 INFO     Data : 2077
2025-07-19 12:34:37 INFO     Hit1 : 0.025036
2025-07-19 12:34:37 INFO     Hit3 : 0.040924
2025-07-19 12:34:37 INFO     Hit10: 0.064035
2025-07-19 12:34:37 INFO     MR   : 1407.828117
2025-07-19 12:34:37 INFO     MRR  : 0.041154
2025-07-19 12:34:37 INFO     >>>>> Predictor: Evaluating on test
2025-07-19 12:34:57 INFO     Data : 2342
2025-07-19 12:34:57 INFO     Hit1 : 0.019641
2025-07-19 12:34:57 INFO     Hit3 : 0.030743
2025-07-19 12:34:57 INFO     Hit10: 0.056362
2025-07-19 12:34:57 INFO     MR   : 1317.205807
2025-07-19 12:34:57 INFO     MRR  : 0.034766
2025-07-19 12:34:57 INFO     >>>>> Predictor: Computing H scores of rules
2025-07-19 12:38:19 INFO     1000 5959
2025-07-19 12:41:39 INFO     2000 5959
2025-07-19 12:45:10 INFO     3000 5959
2025-07-19 12:48:32 INFO     4000 5959
2025-07-19 12:52:04 INFO     5000 5959
2025-07-19 12:55:32 INFO     >>>>> Generator: Training
2025-07-19 12:55:42 INFO     -------------------------
2025-07-19 12:55:42 INFO     | EM Iteration: 3/5
2025-07-19 12:55:42 INFO     -------------------------
2025-07-19 12:55:42 INFO     >>>>> Using Generator's sample rule
2025-07-19 12:55:42 INFO     >>>>> Generator: Rule generation with sampling
2025-07-19 12:55:42 INFO     Predictor: read 1877 rules from list.
2025-07-19 12:55:42 INFO     Preprocess training set
2025-07-19 12:55:42 INFO     >>>>> Predictor: Training
2025-07-19 12:56:56 INFO     1000 5959 8.809976 69332.0
2025-07-19 12:58:09 INFO     2000 5959 8.469537 69349.3
2025-07-19 12:59:27 INFO     3000 5959 8.254404 69184.5
2025-07-19 13:00:49 INFO     4000 5959 8.080450 69253.9
2025-07-19 13:02:03 INFO     5000 5959 7.983767 69332.0
2025-07-19 13:03:13 INFO     >>>>> Predictor: Evaluating on valid
2025-07-19 13:03:32 INFO     Data : 2077
2025-07-19 13:03:32 INFO     Hit1 : 0.010592
2025-07-19 13:03:32 INFO     Hit3 : 0.025999
2025-07-19 13:03:32 INFO     Hit10: 0.051035
2025-07-19 13:03:32 INFO     MR   : 1450.381801
2025-07-19 13:03:32 INFO     MRR  : 0.026797
2025-07-19 13:03:32 INFO     >>>>> Predictor: Evaluating on test
2025-07-19 13:03:52 INFO     Data : 2342
2025-07-19 13:03:52 INFO     Hit1 : 0.014091
2025-07-19 13:03:52 INFO     Hit3 : 0.024765
2025-07-19 13:03:52 INFO     Hit10: 0.047395
2025-07-19 13:03:52 INFO     MR   : 1340.377455
2025-07-19 13:03:52 INFO     MRR  : 0.028016
2025-07-19 13:03:52 INFO     >>>>> Predictor: Computing H scores of rules
2025-07-19 13:07:24 INFO     1000 5959
2025-07-19 13:11:00 INFO     2000 5959
2025-07-19 13:14:21 INFO     3000 5959
2025-07-19 13:17:42 INFO     4000 5959
2025-07-19 13:21:14 INFO     5000 5959
2025-07-19 13:24:51 INFO     >>>>> Generator: Training
2025-07-19 13:25:02 INFO     -------------------------
2025-07-19 13:25:02 INFO     | EM Iteration: 4/5
2025-07-19 13:25:02 INFO     -------------------------
2025-07-19 13:25:02 INFO     >>>>> Using Generator's sample rule
2025-07-19 13:25:02 INFO     >>>>> Generator: Rule generation with sampling
2025-07-19 13:25:02 INFO     Predictor: read 1847 rules from list.
2025-07-19 13:25:02 INFO     Preprocess training set
2025-07-19 13:25:02 INFO     >>>>> Predictor: Training
2025-07-19 13:26:21 INFO     1000 5959 8.791110 69271.3
2025-07-19 13:27:37 INFO     2000 5959 8.404539 69340.6
2025-07-19 13:28:57 INFO     3000 5959 8.137731 69384.0
2025-07-19 13:30:14 INFO     4000 5959 7.963986 69262.6
2025-07-19 13:31:33 INFO     5000 5959 7.819836 69332.0
2025-07-19 13:32:48 INFO     >>>>> Predictor: Evaluating on valid
2025-07-19 13:33:07 INFO     Data : 2077
2025-07-19 13:33:07 INFO     Hit1 : 0.006259
2025-07-19 13:33:07 INFO     Hit3 : 0.018296
2025-07-19 13:33:07 INFO     Hit10: 0.036110
2025-07-19 13:33:07 INFO     MR   : 1486.285749
2025-07-19 13:33:07 INFO     MRR  : 0.019680
2025-07-19 13:33:07 INFO     >>>>> Predictor: Evaluating on test
2025-07-19 13:33:29 INFO     Data : 2342
2025-07-19 13:33:29 INFO     Hit1 : 0.008540
2025-07-19 13:33:29 INFO     Hit3 : 0.018787
2025-07-19 13:33:29 INFO     Hit10: 0.035440
2025-07-19 13:33:29 INFO     MR   : 1371.789710
2025-07-19 13:33:29 INFO     MRR  : 0.020680
2025-07-19 13:33:29 INFO     >>>>> Predictor: Computing H scores of rules
2025-07-19 13:36:50 INFO     1000 5959
2025-07-19 13:40:12 INFO     2000 5959
2025-07-19 13:43:44 INFO     3000 5959
2025-07-19 13:47:20 INFO     4000 5959
2025-07-19 13:50:43 INFO     5000 5959
2025-07-19 13:54:11 INFO     >>>>> Generator: Training
2025-07-19 13:54:21 INFO     -------------------------
2025-07-19 13:54:21 INFO     | EM Iteration: 5/5
2025-07-19 13:54:21 INFO     -------------------------
2025-07-19 13:54:21 INFO     >>>>> Using Generator's sample rule
2025-07-19 13:54:21 INFO     >>>>> Generator: Rule generation with sampling
2025-07-19 13:54:21 INFO     Predictor: read 1676 rules from list.
2025-07-19 13:54:21 INFO     Preprocess training set
2025-07-19 13:54:21 INFO     >>>>> Predictor: Training
2025-07-19 13:55:38 INFO     1000 5959 8.805924 69332.0
2025-07-19 13:56:55 INFO     2000 5959 8.434382 69349.3
2025-07-19 13:58:13 INFO     3000 5959 8.182272 69340.6
2025-07-19 13:59:39 INFO     4000 5959 8.012417 69297.3
2025-07-19 14:00:56 INFO     5000 5959 7.830053 69219.2
2025-07-19 14:02:11 INFO     >>>>> Predictor: Evaluating on valid
2025-07-19 14:02:30 INFO     Data : 2077
2025-07-19 14:02:30 INFO     Hit1 : 0.029851
2025-07-19 14:02:30 INFO     Hit3 : 0.053924
2025-07-19 14:02:30 INFO     Hit10: 0.076071
2025-07-19 14:02:30 INFO     MR   : 1451.129995
2025-07-19 14:02:30 INFO     MRR  : 0.049605
2025-07-19 14:02:30 INFO     >>>>> Predictor: Evaluating on test
2025-07-19 14:02:51 INFO     Data : 2342
2025-07-19 14:02:51 INFO     Hit1 : 0.028608
2025-07-19 14:02:51 INFO     Hit3 : 0.046541
2025-07-19 14:02:51 INFO     Hit10: 0.084116
2025-07-19 14:02:51 INFO     MR   : 1334.989112
2025-07-19 14:02:51 INFO     MRR  : 0.048452
2025-07-19 14:02:51 INFO     >>>>> Predictor: Computing H scores of rules
2025-07-19 14:06:23 INFO     1000 5959
2025-07-19 14:09:57 INFO     2000 5959
2025-07-19 14:13:24 INFO     3000 5959
2025-07-19 14:16:46 INFO     4000 5959
2025-07-19 14:20:08 INFO     5000 5959
2025-07-19 14:23:57 INFO     >>>>> Generator: Training
2025-07-19 14:24:07 INFO     -------------------------
2025-07-19 14:24:07 INFO     | Post-train Generator
2025-07-19 14:24:07 INFO     -------------------------
2025-07-19 14:24:09 INFO     >>>>> Generator: Training
2025-07-19 14:25:57 INFO     [E01000] Total 2.432650 | Main 2.559255 | RelClus 1.497829 | EntType 2.354638
2025-07-19 14:25:57 INFO     -------------------------
2025-07-19 14:25:57 INFO     | Beam Search Best Rules
2025-07-19 14:25:57 INFO     -------------------------
2025-07-19 14:25:57 INFO     >>>>> Generator: Rule generation with beam search
2025-07-19 14:25:58 INFO     >>>>> Generator: Rule generation with beam search
2025-07-19 14:26:04 INFO     >>>>> Generator: Rule generation with beam search
2025-07-19 14:27:26 INFO     >>>>> Generator: Rule generation with beam search
2025-07-19 14:28:32 INFO     >>>>> Generator: Rule generation with beam search
2025-07-19 14:29:18 INFO     -------------------------
2025-07-19 14:29:18 INFO     | Train Final Predictor+
2025-07-19 14:29:18 INFO     -------------------------
2025-07-19 14:29:18 INFO     Predictor+: read 18420 rules from list.
2025-07-19 14:29:18 INFO     Preprocess training set
2025-07-19 14:29:18 INFO     -------------------------
2025-07-19 14:29:18 INFO     | Iteration: 1/5
2025-07-19 14:29:18 INFO     -------------------------
2025-07-19 14:29:18 INFO     >>>>> Predictor: Training
2025-07-19 14:35:05 INFO     1000 5959 4.989081 69271.3
2025-07-19 14:41:02 INFO     2000 5959 4.754068 69332.0
2025-07-19 14:46:58 INFO     3000 5959 4.740918 69375.3
2025-07-19 14:52:57 INFO     4000 5959 4.736537 69279.9
2025-07-19 14:58:55 INFO     5000 5959 4.706855 69349.3
2025-07-19 15:04:19 INFO     >>>>> Predictor: Evaluating on valid
2025-07-19 15:05:39 INFO     Data : 2077
2025-07-19 15:05:39 INFO     Hit1 : 0.099182
2025-07-19 15:05:39 INFO     Hit3 : 0.181030
2025-07-19 15:05:39 INFO     Hit10: 0.311507
2025-07-19 15:05:39 INFO     MR   : 992.409485
2025-07-19 15:05:39 INFO     MRR  : 0.166659
2025-07-19 15:05:39 INFO     >>>>> Predictor: Evaluating on test
2025-07-19 15:07:10 INFO     Data : 2342
2025-07-19 15:07:10 INFO     Hit1 : 0.114432
2025-07-19 15:07:10 INFO     Hit3 : 0.207942
2025-07-19 15:07:10 INFO     Hit10: 0.318531
2025-07-19 15:07:10 INFO     MR   : 924.558924
2025-07-19 15:07:10 INFO     MRR  : 0.182962
2025-07-19 15:07:10 INFO     Save checkpoint to results/semmeddb/10_times_each/fixed/333/1_20250719_083923/predictor.pt
2025-07-19 15:07:10 INFO     -------------------------
2025-07-19 15:07:10 INFO     | Iteration: 2/5
2025-07-19 15:07:10 INFO     -------------------------
2025-07-19 15:07:10 INFO     >>>>> Predictor: Training
2025-07-19 15:12:44 INFO     1000 5959 4.637099 69366.7
2025-07-19 15:18:34 INFO     2000 5959 4.678126 69375.3
2025-07-19 15:24:19 INFO     3000 5959 4.664744 69219.2
2025-07-19 15:30:02 INFO     4000 5959 4.672077 69305.9
2025-07-19 15:36:01 INFO     5000 5959 4.660131 69288.6
2025-07-19 15:41:41 INFO     >>>>> Predictor: Evaluating on valid
2025-07-19 15:43:03 INFO     Data : 2077
2025-07-19 15:43:03 INFO     Hit1 : 0.091478
2025-07-19 15:43:03 INFO     Hit3 : 0.190660
2025-07-19 15:43:03 INFO     Hit10: 0.318247
2025-07-19 15:43:03 INFO     MR   : 954.557294
2025-07-19 15:43:03 INFO     MRR  : 0.164673
2025-07-19 15:43:03 INFO     >>>>> Predictor: Evaluating on test
2025-07-19 15:44:36 INFO     Data : 2342
2025-07-19 15:44:36 INFO     Hit1 : 0.125534
2025-07-19 15:44:36 INFO     Hit3 : 0.210077
2025-07-19 15:44:36 INFO     Hit10: 0.320239
2025-07-19 15:44:36 INFO     MR   : 889.536080
2025-07-19 15:44:36 INFO     MRR  : 0.189664
2025-07-19 15:44:36 INFO     -------------------------
2025-07-19 15:44:36 INFO     | Iteration: 3/5
2025-07-19 15:44:36 INFO     -------------------------
2025-07-19 15:44:36 INFO     >>>>> Predictor: Training
2025-07-19 15:50:24 INFO     1000 5959 4.643433 69288.6
2025-07-19 15:56:01 INFO     2000 5959 4.647611 69288.6
2025-07-19 16:01:37 INFO     3000 5959 4.640832 69340.6
2025-07-19 16:07:35 INFO     4000 5959 4.637160 69271.3
2025-07-19 16:13:27 INFO     5000 5959 4.669788 69219.2
2025-07-19 16:19:07 INFO     >>>>> Predictor: Evaluating on valid
2025-07-19 16:20:29 INFO     Data : 2077
2025-07-19 16:20:29 INFO     Hit1 : 0.088589
2025-07-19 16:20:29 INFO     Hit3 : 0.177660
2025-07-19 16:20:29 INFO     Hit10: 0.303804
2025-07-19 16:20:29 INFO     MR   : 950.309340
2025-07-19 16:20:29 INFO     MRR  : 0.159825
2025-07-19 16:20:29 INFO     >>>>> Predictor: Evaluating on test
2025-07-19 16:22:02 INFO     Data : 2342
2025-07-19 16:22:02 INFO     Hit1 : 0.116567
2025-07-19 16:22:02 INFO     Hit3 : 0.197694
2025-07-19 16:22:02 INFO     Hit10: 0.314261
2025-07-19 16:22:02 INFO     MR   : 877.853971
2025-07-19 16:22:02 INFO     MRR  : 0.179957
2025-07-19 16:22:02 INFO     -------------------------
2025-07-19 16:22:02 INFO     | Iteration: 4/5
2025-07-19 16:22:02 INFO     -------------------------
2025-07-19 16:22:02 INFO     >>>>> Predictor: Training
2025-07-19 16:27:46 INFO     1000 5959 4.614435 69340.6
2025-07-19 16:33:38 INFO     2000 5959 4.592644 69184.5
2025-07-19 16:39:23 INFO     3000 5959 4.660738 69253.9
2025-07-19 16:45:26 INFO     4000 5959 4.626981 69340.6
2025-07-19 16:51:23 INFO     5000 5959 4.629583 69384.0
2025-07-19 16:57:07 INFO     >>>>> Predictor: Evaluating on valid
2025-07-19 16:58:30 INFO     Data : 2077
2025-07-19 16:58:30 INFO     Hit1 : 0.098219
2025-07-19 16:58:30 INFO     Hit3 : 0.180067
2025-07-19 16:58:30 INFO     Hit10: 0.314396
2025-07-19 16:58:30 INFO     MR   : 937.012759
2025-07-19 16:58:30 INFO     MRR  : 0.166327
2025-07-19 16:58:30 INFO     >>>>> Predictor: Evaluating on test
2025-07-19 17:00:04 INFO     Data : 2342
2025-07-19 17:00:04 INFO     Hit1 : 0.118702
2025-07-19 17:00:04 INFO     Hit3 : 0.212212
2025-07-19 17:00:04 INFO     Hit10: 0.321520
2025-07-19 17:00:04 INFO     MR   : 870.904569
2025-07-19 17:00:04 INFO     MRR  : 0.186559
2025-07-19 17:00:04 INFO     -------------------------
2025-07-19 17:00:04 INFO     | Iteration: 5/5
2025-07-19 17:00:04 INFO     -------------------------
2025-07-19 17:00:04 INFO     >>>>> Predictor: Training
2025-07-19 17:05:57 INFO     1000 5959 4.619915 69323.3
2025-07-19 17:11:48 INFO     2000 5959 4.609151 69332.0
2025-07-19 17:17:37 INFO     3000 5959 4.648474 69219.2
2025-07-19 17:23:03 INFO     4000 5959 4.637210 69297.3
2025-07-19 17:28:28 INFO     5000 5959 4.610493 69332.0
2025-07-19 17:33:41 INFO     >>>>> Predictor: Evaluating on valid
2025-07-19 17:35:02 INFO     Data : 2077
2025-07-19 17:35:02 INFO     Hit1 : 0.090515
2025-07-19 17:35:02 INFO     Hit3 : 0.190660
2025-07-19 17:35:02 INFO     Hit10: 0.313914
2025-07-19 17:35:02 INFO     MR   : 934.769860
2025-07-19 17:35:02 INFO     MRR  : 0.164633
2025-07-19 17:35:02 INFO     >>>>> Predictor: Evaluating on test
2025-07-19 17:36:30 INFO     Data : 2342
2025-07-19 17:36:30 INFO     Hit1 : 0.124680
2025-07-19 17:36:30 INFO     Hit3 : 0.210931
2025-07-19 17:36:30 INFO     Hit10: 0.324509
2025-07-19 17:36:30 INFO     MR   : 864.222886
2025-07-19 17:36:30 INFO     MRR  : 0.190319
2025-07-19 17:36:30 INFO     -------------------------
2025-07-19 17:36:30 INFO     | Final Test MRR: 0.182962
2025-07-19 17:36:30 INFO     -------------------------
