2025-07-23 16:47:51 INFO     is_soft_label: False
2025-07-23 16:47:51 INFO     is_scheduled_sampling: True
2025-07-23 16:47:51 INFO     is_test_mode: False
2025-07-23 16:47:51 INFO     Data loading | DONE!
2025-07-23 16:47:52 INFO     Using full datasets for training, validation, and testing.
2025-07-23 16:47:52 INFO     -------------------------
2025-07-23 16:47:52 INFO     | EM Iteration: 1/5
2025-07-23 16:47:52 INFO     -------------------------
2025-07-23 16:47:52 INFO     >>>>> Using miner's rule
2025-07-23 16:47:52 INFO     Predictor: read 13661 rules from list.
2025-07-23 16:47:53 INFO     Preprocess training set
2025-07-23 16:47:53 INFO     >>>>> Predictor: Evaluating on valid
2025-07-23 16:50:07 INFO     Data : 2077
2025-07-23 16:50:07 INFO     Hit1 : 0.065479
2025-07-23 16:50:07 INFO     Hit3 : 0.127106
2025-07-23 16:50:07 INFO     Hit10: 0.199326
2025-07-23 16:50:07 INFO     MR   : 1120.902022
2025-07-23 16:50:07 INFO     MRR  : 0.114382
2025-07-23 16:50:07 INFO     >>>>> Predictor: Evaluating on test
2025-07-23 16:52:44 INFO     Data : 2342
2025-07-23 16:52:44 INFO     Hit1 : 0.078992
2025-07-23 16:52:44 INFO     Hit3 : 0.124253
2025-07-23 16:52:44 INFO     Hit10: 0.208796
2025-07-23 16:52:44 INFO     MR   : 1044.269001
2025-07-23 16:52:44 INFO     MRR  : 0.122250
2025-07-23 16:52:44 INFO     >>>>> Predictor: Computing H scores of rules
2025-07-23 17:30:00 INFO     1000 5959
2025-07-23 18:07:58 INFO     2000 5959
2025-07-23 18:44:57 INFO     3000 5959
2025-07-23 19:22:39 INFO     4000 5959
2025-07-23 19:59:51 INFO     5000 5959
2025-07-23 20:37:47 INFO     >>>>> Generator: Training
2025-07-23 20:37:57 INFO     -------------------------
2025-07-23 20:37:57 INFO     | EM Iteration: 2/5
2025-07-23 20:37:57 INFO     -------------------------
2025-07-23 20:37:57 INFO     >>>>> Using Generator's sample rule
2025-07-23 20:37:57 INFO     >>>>> Generator: Rule generation with sampling
2025-07-23 20:37:57 INFO     Predictor: read 1910 rules from list.
2025-07-23 20:37:57 INFO     Preprocess training set
2025-07-23 20:37:57 INFO     >>>>> Predictor: Training
2025-07-23 20:39:12 INFO     1000 5959 8.782457 69314.6
2025-07-23 20:40:25 INFO     2000 5959 8.410559 69271.3
2025-07-23 20:41:42 INFO     3000 5959 8.220157 69245.2
2025-07-23 20:43:08 INFO     4000 5959 8.066903 69340.6
2025-07-23 20:44:21 INFO     5000 5959 7.944350 69340.6
2025-07-23 20:45:43 INFO     >>>>> Predictor: Evaluating on valid
2025-07-23 20:46:01 INFO     Data : 2077
2025-07-23 20:46:01 INFO     Hit1 : 0.025036
2025-07-23 20:46:01 INFO     Hit3 : 0.040924
2025-07-23 20:46:01 INFO     Hit10: 0.064516
2025-07-23 20:46:01 INFO     MR   : 1408.601348
2025-07-23 20:46:01 INFO     MRR  : 0.041208
2025-07-23 20:46:01 INFO     >>>>> Predictor: Evaluating on test
2025-07-23 20:46:23 INFO     Data : 2342
2025-07-23 20:46:23 INFO     Hit1 : 0.019641
2025-07-23 20:46:23 INFO     Hit3 : 0.031170
2025-07-23 20:46:23 INFO     Hit10: 0.058497
2025-07-23 20:46:23 INFO     MR   : 1315.137062
2025-07-23 20:46:23 INFO     MRR  : 0.035162
2025-07-23 20:46:23 INFO     >>>>> Predictor: Computing H scores of rules
2025-07-23 20:49:55 INFO     1000 5959
2025-07-23 20:53:26 INFO     2000 5959
2025-07-23 20:56:47 INFO     3000 5959
2025-07-23 21:00:17 INFO     4000 5959
2025-07-23 21:03:37 INFO     5000 5959
2025-07-23 21:06:51 INFO     >>>>> Generator: Training
2025-07-23 21:07:01 INFO     -------------------------
2025-07-23 21:07:01 INFO     | EM Iteration: 3/5
2025-07-23 21:07:01 INFO     -------------------------
2025-07-23 21:07:01 INFO     >>>>> Using Generator's sample rule
2025-07-23 21:07:01 INFO     >>>>> Generator: Rule generation with sampling
2025-07-23 21:07:01 INFO     Predictor: read 1894 rules from list.
2025-07-23 21:07:01 INFO     Preprocess training set
2025-07-23 21:07:01 INFO     >>>>> Predictor: Training
2025-07-23 21:08:15 INFO     1000 5959 8.811361 69332.0
2025-07-23 21:09:29 INFO     2000 5959 8.473597 69349.3
2025-07-23 21:10:43 INFO     3000 5959 8.262540 69184.5
2025-07-23 21:12:00 INFO     4000 5959 8.094346 69253.9
2025-07-23 21:13:15 INFO     5000 5959 8.001096 69332.0
2025-07-23 21:14:37 INFO     >>>>> Predictor: Evaluating on valid
2025-07-23 21:14:57 INFO     Data : 2077
2025-07-23 21:14:57 INFO     Hit1 : 0.010592
2025-07-23 21:14:57 INFO     Hit3 : 0.025518
2025-07-23 21:14:57 INFO     Hit10: 0.051517
2025-07-23 21:14:57 INFO     MR   : 1450.406837
2025-07-23 21:14:57 INFO     MRR  : 0.026721
2025-07-23 21:14:57 INFO     >>>>> Predictor: Evaluating on test
2025-07-23 21:15:19 INFO     Data : 2342
2025-07-23 21:15:19 INFO     Hit1 : 0.014091
2025-07-23 21:15:19 INFO     Hit3 : 0.024765
2025-07-23 21:15:19 INFO     Hit10: 0.047395
2025-07-23 21:15:19 INFO     MR   : 1339.567891
2025-07-23 21:15:19 INFO     MRR  : 0.027995
2025-07-23 21:15:19 INFO     >>>>> Predictor: Computing H scores of rules
2025-07-23 21:18:53 INFO     1000 5959
