2025-07-20 05:49:05 INFO     is_soft_label: False
2025-07-20 05:49:05 INFO     is_scheduled_sampling: False
2025-07-20 05:49:05 INFO     is_test_mode: False
2025-07-20 05:49:05 INFO     Data loading | DONE!
2025-07-20 05:49:05 INFO     Using full datasets for training, validation, and testing.
2025-07-20 05:49:06 INFO     -------------------------
2025-07-20 05:49:06 INFO     | EM Iteration: 1/5
2025-07-20 05:49:06 INFO     -------------------------
2025-07-20 05:49:06 INFO     >>>>> Using miner's rule
2025-07-20 05:49:06 INFO     Predictor: read 13661 rules from list.
2025-07-20 05:49:07 INFO     Preprocess training set
2025-07-20 05:49:07 INFO     >>>>> Predictor: Evaluating on valid
2025-07-20 05:51:22 INFO     Data : 2077
2025-07-20 05:51:22 INFO     Hit1 : 0.065479
2025-07-20 05:51:22 INFO     Hit3 : 0.127106
2025-07-20 05:51:22 INFO     Hit10: 0.199326
2025-07-20 05:51:22 INFO     MR   : 1120.902022
2025-07-20 05:51:22 INFO     MRR  : 0.114382
2025-07-20 05:51:22 INFO     >>>>> Predictor: Evaluating on test
2025-07-20 05:53:52 INFO     Data : 2342
2025-07-20 05:53:52 INFO     Hit1 : 0.078992
2025-07-20 05:53:52 INFO     Hit3 : 0.124253
2025-07-20 05:53:52 INFO     Hit10: 0.208796
2025-07-20 05:53:52 INFO     MR   : 1044.269001
2025-07-20 05:53:52 INFO     MRR  : 0.122250
2025-07-20 05:53:52 INFO     >>>>> Predictor: Computing H scores of rules
2025-07-20 06:30:49 INFO     1000 5959
2025-07-20 07:08:55 INFO     2000 5959
2025-07-20 07:46:19 INFO     3000 5959
2025-07-20 08:23:28 INFO     4000 5959
2025-07-20 09:00:22 INFO     5000 5959
2025-07-20 09:37:38 INFO     >>>>> Generator: Training
2025-07-20 09:37:49 INFO     -------------------------
2025-07-20 09:37:49 INFO     | EM Iteration: 2/5
2025-07-20 09:37:49 INFO     -------------------------
2025-07-20 09:37:49 INFO     >>>>> Using Generator's sample rule
2025-07-20 09:37:49 INFO     >>>>> Generator: Rule generation with sampling
2025-07-20 09:37:49 INFO     Predictor: read 1892 rules from list.
2025-07-20 09:37:49 INFO     Preprocess training set
2025-07-20 09:37:49 INFO     >>>>> Predictor: Training
2025-07-20 09:39:02 INFO     1000 5959 8.791967 69314.6
2025-07-20 09:40:13 INFO     2000 5959 8.414537 69271.3
2025-07-20 09:41:25 INFO     3000 5959 8.209815 69245.2
2025-07-20 09:42:36 INFO     4000 5959 8.040272 69340.6
2025-07-20 09:43:48 INFO     5000 5959 7.874913 69340.6
2025-07-20 09:44:57 INFO     >>>>> Predictor: Evaluating on valid
2025-07-20 09:45:15 INFO     Data : 2077
2025-07-20 09:45:15 INFO     Hit1 : 0.014925
2025-07-20 09:45:15 INFO     Hit3 : 0.023592
2025-07-20 09:45:15 INFO     Hit10: 0.034665
2025-07-20 09:45:15 INFO     MR   : 1480.162735
2025-07-20 09:45:15 INFO     MRR  : 0.025649
2025-07-20 09:45:15 INFO     >>>>> Predictor: Evaluating on test
2025-07-20 09:45:34 INFO     Data : 2342
2025-07-20 09:45:34 INFO     Hit1 : 0.011529
2025-07-20 09:45:34 INFO     Hit3 : 0.017933
2025-07-20 09:45:34 INFO     Hit10: 0.028608
2025-07-20 09:45:34 INFO     MR   : 1375.226943
2025-07-20 09:45:34 INFO     MRR  : 0.021256
2025-07-20 09:45:34 INFO     >>>>> Predictor: Computing H scores of rules
2025-07-20 09:49:15 INFO     1000 5959
2025-07-20 09:52:36 INFO     2000 5959
2025-07-20 09:55:56 INFO     3000 5959
2025-07-20 09:59:17 INFO     4000 5959
2025-07-20 10:02:38 INFO     5000 5959
2025-07-20 10:06:13 INFO     >>>>> Generator: Training
2025-07-20 10:06:23 INFO     -------------------------
2025-07-20 10:06:23 INFO     | EM Iteration: 3/5
2025-07-20 10:06:23 INFO     -------------------------
2025-07-20 10:06:23 INFO     >>>>> Using Generator's sample rule
2025-07-20 10:06:23 INFO     >>>>> Generator: Rule generation with sampling
2025-07-20 10:06:24 INFO     Predictor: read 1881 rules from list.
2025-07-20 10:06:24 INFO     Preprocess training set
2025-07-20 10:06:24 INFO     >>>>> Predictor: Training
2025-07-20 10:07:35 INFO     1000 5959 8.817987 69332.0
2025-07-20 10:08:59 INFO     2000 5959 8.496226 69349.3
2025-07-20 10:10:10 INFO     3000 5959 8.298008 69184.5
2025-07-20 10:11:22 INFO     4000 5959 8.154551 69253.9
2025-07-20 10:12:35 INFO     5000 5959 8.083140 69332.0
2025-07-20 10:13:44 INFO     >>>>> Predictor: Evaluating on valid
2025-07-20 10:14:02 INFO     Data : 2077
2025-07-20 10:14:02 INFO     Hit1 : 0.012037
2025-07-20 10:14:02 INFO     Hit3 : 0.022629
2025-07-20 10:14:02 INFO     Hit10: 0.044776
2025-07-20 10:14:02 INFO     MR   : 1472.765768
2025-07-20 10:14:02 INFO     MRR  : 0.025626
2025-07-20 10:14:02 INFO     >>>>> Predictor: Evaluating on test
2025-07-20 10:14:22 INFO     Data : 2342
2025-07-20 10:14:22 INFO     Hit1 : 0.013664
2025-07-20 10:14:22 INFO     Hit3 : 0.020495
2025-07-20 10:14:22 INFO     Hit10: 0.038856
2025-07-20 10:14:22 INFO     MR   : 1373.408412
2025-07-20 10:14:22 INFO     MRR  : 0.024759
2025-07-20 10:14:22 INFO     >>>>> Predictor: Computing H scores of rules
2025-07-20 10:17:43 INFO     1000 5959
2025-07-20 10:21:04 INFO     2000 5959
2025-07-20 10:24:24 INFO     3000 5959
2025-07-20 10:27:53 INFO     4000 5959
2025-07-20 10:31:28 INFO     5000 5959
2025-07-20 10:34:54 INFO     >>>>> Generator: Training
2025-07-20 10:35:04 INFO     -------------------------
2025-07-20 10:35:04 INFO     | EM Iteration: 4/5
2025-07-20 10:35:04 INFO     -------------------------
2025-07-20 10:35:04 INFO     >>>>> Using Generator's sample rule
2025-07-20 10:35:04 INFO     >>>>> Generator: Rule generation with sampling
2025-07-20 10:35:04 INFO     Predictor: read 1854 rules from list.
2025-07-20 10:35:04 INFO     Preprocess training set
2025-07-20 10:35:04 INFO     >>>>> Predictor: Training
2025-07-20 10:36:27 INFO     1000 5959 8.806675 69271.3
2025-07-20 10:37:37 INFO     2000 5959 8.455464 69340.6
2025-07-20 10:38:47 INFO     3000 5959 8.234432 69384.0
2025-07-20 10:39:58 INFO     4000 5959 8.075240 69262.6
2025-07-20 10:41:22 INFO     5000 5959 7.951819 69332.0
2025-07-20 10:42:30 INFO     >>>>> Predictor: Evaluating on valid
2025-07-20 10:42:48 INFO     Data : 2077
2025-07-20 10:42:48 INFO     Hit1 : 0.029369
2025-07-20 10:42:48 INFO     Hit3 : 0.044295
2025-07-20 10:42:48 INFO     Hit10: 0.064998
2025-07-20 10:42:48 INFO     MR   : 1444.204622
2025-07-20 10:42:48 INFO     MRR  : 0.045124
2025-07-20 10:42:48 INFO     >>>>> Predictor: Evaluating on test
2025-07-20 10:43:08 INFO     Data : 2342
2025-07-20 10:43:08 INFO     Hit1 : 0.033732
2025-07-20 10:43:08 INFO     Hit3 : 0.049530
2025-07-20 10:43:08 INFO     Hit10: 0.067037
2025-07-20 10:43:08 INFO     MR   : 1343.278181
2025-07-20 10:43:08 INFO     MRR  : 0.048749
2025-07-20 10:43:08 INFO     >>>>> Predictor: Computing H scores of rules
2025-07-20 10:46:38 INFO     1000 5959
2025-07-20 10:50:10 INFO     2000 5959
2025-07-20 10:53:31 INFO     3000 5959
2025-07-20 10:56:52 INFO     4000 5959
2025-07-20 11:00:13 INFO     5000 5959
2025-07-20 11:03:27 INFO     >>>>> Generator: Training
2025-07-20 11:03:37 INFO     -------------------------
2025-07-20 11:03:37 INFO     | EM Iteration: 5/5
2025-07-20 11:03:37 INFO     -------------------------
2025-07-20 11:03:37 INFO     >>>>> Using Generator's sample rule
2025-07-20 11:03:37 INFO     >>>>> Generator: Rule generation with sampling
2025-07-20 11:03:37 INFO     Predictor: read 1685 rules from list.
2025-07-20 11:03:37 INFO     Preprocess training set
2025-07-20 11:03:37 INFO     >>>>> Predictor: Training
2025-07-20 11:04:47 INFO     1000 5959 8.787479 69332.0
2025-07-20 11:06:03 INFO     2000 5959 8.381104 69349.3
2025-07-20 11:07:21 INFO     3000 5959 8.129148 69340.6
2025-07-20 11:08:30 INFO     4000 5959 7.902353 69297.3
2025-07-20 11:09:39 INFO     5000 5959 7.716306 69219.2
2025-07-20 11:10:48 INFO     >>>>> Predictor: Evaluating on valid
2025-07-20 11:11:05 INFO     Data : 2077
2025-07-20 11:11:05 INFO     Hit1 : 0.029369
2025-07-20 11:11:05 INFO     Hit3 : 0.051517
2025-07-20 11:11:05 INFO     Hit10: 0.072701
2025-07-20 11:11:05 INFO     MR   : 1464.012759
2025-07-20 11:11:05 INFO     MRR  : 0.047548
2025-07-20 11:11:05 INFO     >>>>> Predictor: Evaluating on test
2025-07-20 11:11:25 INFO     Data : 2342
2025-07-20 11:11:25 INFO     Hit1 : 0.035013
2025-07-20 11:11:25 INFO     Hit3 : 0.054227
2025-07-20 11:11:25 INFO     Hit10: 0.075149
2025-07-20 11:11:25 INFO     MR   : 1360.229078
2025-07-20 11:11:25 INFO     MRR  : 0.052431
2025-07-20 11:11:25 INFO     >>>>> Predictor: Computing H scores of rules
2025-07-20 11:14:44 INFO     1000 5959
2025-07-20 11:18:05 INFO     2000 5959
2025-07-20 11:21:25 INFO     3000 5959
2025-07-20 11:24:50 INFO     4000 5959
2025-07-20 11:28:10 INFO     5000 5959
2025-07-20 11:31:36 INFO     >>>>> Generator: Training
2025-07-20 11:31:46 INFO     -------------------------
2025-07-20 11:31:46 INFO     | Post-train Generator
2025-07-20 11:31:46 INFO     -------------------------
2025-07-20 11:31:47 INFO     >>>>> Generator: Training
2025-07-20 11:33:39 INFO     [E01000] Total 2.057636 | Main 2.414967 | RelClus 1.468955 | 
2025-07-20 11:33:39 INFO     -------------------------
2025-07-20 11:33:39 INFO     | Beam Search Best Rules
2025-07-20 11:33:39 INFO     -------------------------
2025-07-20 11:33:39 INFO     >>>>> Generator: Rule generation with beam search
2025-07-20 11:33:39 INFO     >>>>> Generator: Rule generation with beam search
2025-07-20 11:33:44 INFO     >>>>> Generator: Rule generation with beam search
2025-07-20 11:34:53 INFO     >>>>> Generator: Rule generation with beam search
2025-07-20 11:35:50 INFO     >>>>> Generator: Rule generation with beam search
2025-07-20 11:36:29 INFO     -------------------------
2025-07-20 11:36:29 INFO     | Train Final Predictor+
2025-07-20 11:36:29 INFO     -------------------------
2025-07-20 11:36:29 INFO     Predictor+: read 18420 rules from list.
2025-07-20 11:36:29 INFO     Preprocess training set
2025-07-20 11:36:29 INFO     -------------------------
2025-07-20 11:36:29 INFO     | Iteration: 1/5
2025-07-20 11:36:29 INFO     -------------------------
2025-07-20 11:36:29 INFO     >>>>> Predictor: Training
2025-07-20 11:42:10 INFO     1000 5959 5.166611 69271.3
2025-07-20 11:47:50 INFO     2000 5959 5.000418 69332.0
2025-07-20 11:53:22 INFO     3000 5959 4.973374 69375.3
2025-07-20 11:59:03 INFO     4000 5959 4.964545 69279.9
2025-07-20 12:04:47 INFO     5000 5959 4.914845 69349.3
2025-07-20 12:10:14 INFO     >>>>> Predictor: Evaluating on valid
2025-07-20 12:11:36 INFO     Data : 2077
2025-07-20 12:11:36 INFO     Hit1 : 0.096774
2025-07-20 12:11:36 INFO     Hit3 : 0.180067
2025-07-20 12:11:36 INFO     Hit10: 0.293211
2025-07-20 12:11:36 INFO     MR   : 1035.592200
2025-07-20 12:11:36 INFO     MRR  : 0.159587
2025-07-20 12:11:36 INFO     >>>>> Predictor: Evaluating on test
2025-07-20 12:13:07 INFO     Data : 2342
2025-07-20 12:13:07 INFO     Hit1 : 0.119129
2025-07-20 12:13:07 INFO     Hit3 : 0.193851
2025-07-20 12:13:07 INFO     Hit10: 0.298036
2025-07-20 12:13:07 INFO     MR   : 960.802519
2025-07-20 12:13:07 INFO     MRR  : 0.177339
2025-07-20 12:13:07 INFO     Save checkpoint to results/semmeddb/10_times_each/aux1/5_20250720_054903/predictor.pt
2025-07-20 12:13:07 INFO     -------------------------
2025-07-20 12:13:07 INFO     | Iteration: 2/5
2025-07-20 12:13:07 INFO     -------------------------
2025-07-20 12:13:07 INFO     >>>>> Predictor: Training
2025-07-20 12:18:51 INFO     1000 5959 4.873673 69366.7
2025-07-20 12:24:34 INFO     2000 5959 4.892828 69375.3
2025-07-20 12:30:10 INFO     3000 5959 4.877713 69219.2
2025-07-20 12:35:52 INFO     4000 5959 4.911040 69305.9
2025-07-20 12:41:46 INFO     5000 5959 4.868444 69288.6
2025-07-20 12:47:23 INFO     >>>>> Predictor: Evaluating on valid
2025-07-20 12:48:42 INFO     Data : 2077
2025-07-20 12:48:42 INFO     Hit1 : 0.088589
2025-07-20 12:48:42 INFO     Hit3 : 0.177660
2025-07-20 12:48:42 INFO     Hit10: 0.289841
2025-07-20 12:48:42 INFO     MR   : 1010.676216
2025-07-20 12:48:42 INFO     MRR  : 0.154326
2025-07-20 12:48:42 INFO     >>>>> Predictor: Evaluating on test
2025-07-20 12:50:11 INFO     Data : 2342
2025-07-20 12:50:11 INFO     Hit1 : 0.109308
2025-07-20 12:50:11 INFO     Hit3 : 0.197267
2025-07-20 12:50:11 INFO     Hit10: 0.297182
2025-07-20 12:50:11 INFO     MR   : 936.030743
2025-07-20 12:50:11 INFO     MRR  : 0.171586
2025-07-20 12:50:11 INFO     -------------------------
2025-07-20 12:50:11 INFO     | Iteration: 3/5
2025-07-20 12:50:11 INFO     -------------------------
2025-07-20 12:50:11 INFO     >>>>> Predictor: Training
2025-07-20 12:55:46 INFO     1000 5959 4.878214 69288.6
2025-07-20 13:01:18 INFO     2000 5959 4.872806 69288.6
2025-07-20 13:07:17 INFO     3000 5959 4.860678 69340.6
2025-07-20 13:12:50 INFO     4000 5959 4.861240 69271.3
2025-07-20 13:18:24 INFO     5000 5959 4.902810 69219.2
2025-07-20 13:23:49 INFO     >>>>> Predictor: Evaluating on valid
2025-07-20 13:25:17 INFO     Data : 2077
2025-07-20 13:25:17 INFO     Hit1 : 0.080404
2025-07-20 13:25:17 INFO     Hit3 : 0.168031
2025-07-20 13:25:17 INFO     Hit10: 0.285026
2025-07-20 13:25:17 INFO     MR   : 999.499519
2025-07-20 13:25:17 INFO     MRR  : 0.147239
2025-07-20 13:25:17 INFO     >>>>> Predictor: Evaluating on test
2025-07-20 13:26:47 INFO     Data : 2342
2025-07-20 13:26:47 INFO     Hit1 : 0.109308
2025-07-20 13:26:47 INFO     Hit3 : 0.184031
2025-07-20 13:26:47 INFO     Hit10: 0.290350
2025-07-20 13:26:47 INFO     MR   : 919.651793
2025-07-20 13:26:47 INFO     MRR  : 0.168087
2025-07-20 13:26:47 INFO     -------------------------
2025-07-20 13:26:47 INFO     | Iteration: 4/5
2025-07-20 13:26:47 INFO     -------------------------
2025-07-20 13:26:47 INFO     >>>>> Predictor: Training
2025-07-20 13:32:21 INFO     1000 5959 4.847354 69340.6
2025-07-20 13:38:01 INFO     2000 5959 4.822612 69184.5
2025-07-20 13:43:37 INFO     3000 5959 4.904750 69253.9
2025-07-20 13:49:06 INFO     4000 5959 4.864587 69340.6
2025-07-20 13:54:47 INFO     5000 5959 4.857504 69384.0
2025-07-20 14:00:26 INFO     >>>>> Predictor: Evaluating on valid
2025-07-20 14:01:45 INFO     Data : 2077
2025-07-20 14:01:45 INFO     Hit1 : 0.084738
2025-07-20 14:01:45 INFO     Hit3 : 0.172845
2025-07-20 14:01:45 INFO     Hit10: 0.289841
2025-07-20 14:01:45 INFO     MR   : 993.535147
2025-07-20 14:01:45 INFO     MRR  : 0.150523
2025-07-20 14:01:45 INFO     >>>>> Predictor: Evaluating on test
2025-07-20 14:03:14 INFO     Data : 2342
2025-07-20 14:03:14 INFO     Hit1 : 0.116994
2025-07-20 14:03:14 INFO     Hit3 : 0.190009
2025-07-20 14:03:14 INFO     Hit10: 0.298890
2025-07-20 14:03:14 INFO     MR   : 919.154996
2025-07-20 14:03:14 INFO     MRR  : 0.174790
2025-07-20 14:03:14 INFO     -------------------------
2025-07-20 14:03:14 INFO     | Iteration: 5/5
2025-07-20 14:03:14 INFO     -------------------------
2025-07-20 14:03:14 INFO     >>>>> Predictor: Training
2025-07-20 14:08:56 INFO     1000 5959 4.854707 69323.3
2025-07-20 14:14:27 INFO     2000 5959 4.866999 69332.0
2025-07-20 14:19:57 INFO     3000 5959 4.881889 69219.2
2025-07-20 14:25:42 INFO     4000 5959 4.859892 69297.3
2025-07-20 14:31:26 INFO     5000 5959 4.827689 69332.0
2025-07-20 14:36:58 INFO     >>>>> Predictor: Evaluating on valid
2025-07-20 14:38:21 INFO     Data : 2077
2025-07-20 14:38:21 INFO     Hit1 : 0.079923
2025-07-20 14:38:21 INFO     Hit3 : 0.168031
2025-07-20 14:38:21 INFO     Hit10: 0.287434
2025-07-20 14:38:21 INFO     MR   : 985.299952
2025-07-20 14:38:21 INFO     MRR  : 0.146904
2025-07-20 14:38:21 INFO     >>>>> Predictor: Evaluating on test
2025-07-20 14:39:52 INFO     Data : 2342
2025-07-20 14:39:52 INFO     Hit1 : 0.114432
2025-07-20 14:39:52 INFO     Hit3 : 0.187874
2025-07-20 14:39:52 INFO     Hit10: 0.292912
2025-07-20 14:39:52 INFO     MR   : 911.345858
2025-07-20 14:39:52 INFO     MRR  : 0.172092
2025-07-20 14:39:52 INFO     -------------------------
2025-07-20 14:39:52 INFO     | Final Test MRR: 0.177339
2025-07-20 14:39:52 INFO     -------------------------
