2025-07-24 07:33:36 INFO     is_soft_label: False
2025-07-24 07:33:36 INFO     is_scheduled_sampling: False
2025-07-24 07:33:36 INFO     is_test_mode: False
2025-07-24 07:33:37 INFO     Data loading | DONE!
2025-07-24 07:33:37 INFO     Using full datasets for training, validation, and testing.
2025-07-24 07:33:37 INFO     -------------------------
2025-07-24 07:33:37 INFO     | EM Iteration: 1/5
2025-07-24 07:33:37 INFO     -------------------------
2025-07-24 07:33:37 INFO     >>>>> Using miner's rule
2025-07-24 07:33:37 INFO     Predictor: read 13661 rules from list.
2025-07-24 07:33:39 INFO     Preprocess training set
2025-07-24 07:33:39 INFO     >>>>> Predictor: Evaluating on valid
2025-07-24 07:38:26 INFO     Data : 2077
2025-07-24 07:38:26 INFO     Hit1 : 0.065479
2025-07-24 07:38:26 INFO     Hit3 : 0.127106
2025-07-24 07:38:26 INFO     Hit10: 0.199326
2025-07-24 07:38:26 INFO     MR   : 1120.902022
2025-07-24 07:38:26 INFO     MRR  : 0.114382
2025-07-24 07:38:26 INFO     >>>>> Predictor: Evaluating on test
2025-07-24 07:43:28 INFO     Data : 2342
2025-07-24 07:43:28 INFO     Hit1 : 0.078992
2025-07-24 07:43:28 INFO     Hit3 : 0.124253
2025-07-24 07:43:28 INFO     Hit10: 0.208796
2025-07-24 07:43:28 INFO     MR   : 1044.269001
2025-07-24 07:43:28 INFO     MRR  : 0.122250
2025-07-24 07:43:28 INFO     >>>>> Predictor: Computing H scores of rules
2025-07-24 08:40:54 INFO     1000 5959
2025-07-24 09:35:39 INFO     2000 5959
2025-07-24 10:23:17 INFO     3000 5959
2025-07-24 11:11:09 INFO     4000 5959
2025-07-24 11:58:18 INFO     5000 5959
2025-07-24 12:45:26 INFO     >>>>> Generator: Training
2025-07-24 12:45:33 INFO     -------------------------
2025-07-24 12:45:33 INFO     | EM Iteration: 2/5
2025-07-24 12:45:33 INFO     -------------------------
2025-07-24 12:45:33 INFO     >>>>> Using Generator's sample rule
2025-07-24 12:45:33 INFO     >>>>> Generator: Rule generation with sampling
2025-07-24 12:45:34 INFO     Predictor: read 1904 rules from list.
2025-07-24 12:45:34 INFO     Preprocess training set
2025-07-24 12:45:34 INFO     >>>>> Predictor: Training
2025-07-24 12:47:08 INFO     1000 5959 8.782312 69314.6
2025-07-24 12:48:42 INFO     2000 5959 8.410004 69271.3
2025-07-24 12:50:15 INFO     3000 5959 8.219053 69245.2
2025-07-24 12:51:47 INFO     4000 5959 8.065449 69340.6
2025-07-24 12:53:19 INFO     5000 5959 7.940880 69340.6
2025-07-24 12:54:48 INFO     >>>>> Predictor: Evaluating on valid
2025-07-24 12:55:04 INFO     Data : 2077
2025-07-24 12:55:04 INFO     Hit1 : 0.025036
2025-07-24 12:55:04 INFO     Hit3 : 0.040924
2025-07-24 12:55:04 INFO     Hit10: 0.064035
2025-07-24 12:55:04 INFO     MR   : 1407.828117
2025-07-24 12:55:04 INFO     MRR  : 0.041154
2025-07-24 12:55:04 INFO     >>>>> Predictor: Evaluating on test
2025-07-24 12:55:22 INFO     Data : 2342
2025-07-24 12:55:22 INFO     Hit1 : 0.019641
2025-07-24 12:55:22 INFO     Hit3 : 0.030743
2025-07-24 12:55:22 INFO     Hit10: 0.056362
2025-07-24 12:55:22 INFO     MR   : 1317.205807
2025-07-24 12:55:22 INFO     MRR  : 0.034766
2025-07-24 12:55:22 INFO     >>>>> Predictor: Computing H scores of rules
2025-07-24 12:59:05 INFO     1000 5959
2025-07-24 13:02:48 INFO     2000 5959
2025-07-24 13:06:31 INFO     3000 5959
2025-07-24 13:10:20 INFO     4000 5959
2025-07-24 13:14:05 INFO     5000 5959
2025-07-24 13:17:43 INFO     >>>>> Generator: Training
2025-07-24 13:17:51 INFO     -------------------------
2025-07-24 13:17:51 INFO     | EM Iteration: 3/5
2025-07-24 13:17:51 INFO     -------------------------
2025-07-24 13:17:51 INFO     >>>>> Using Generator's sample rule
2025-07-24 13:17:51 INFO     >>>>> Generator: Rule generation with sampling
2025-07-24 13:17:51 INFO     Predictor: read 1877 rules from list.
2025-07-24 13:17:51 INFO     Preprocess training set
2025-07-24 13:17:51 INFO     >>>>> Predictor: Training
2025-07-24 13:19:26 INFO     1000 5959 8.809976 69332.0
2025-07-24 13:20:59 INFO     2000 5959 8.469537 69349.3
2025-07-24 13:22:31 INFO     3000 5959 8.254404 69184.5
2025-07-24 13:24:03 INFO     4000 5959 8.080450 69253.9
2025-07-24 13:25:35 INFO     5000 5959 7.983767 69332.0
2025-07-24 13:27:02 INFO     >>>>> Predictor: Evaluating on valid
2025-07-24 13:27:19 INFO     Data : 2077
2025-07-24 13:27:19 INFO     Hit1 : 0.010592
2025-07-24 13:27:19 INFO     Hit3 : 0.025999
2025-07-24 13:27:19 INFO     Hit10: 0.051035
2025-07-24 13:27:19 INFO     MR   : 1450.381801
2025-07-24 13:27:19 INFO     MRR  : 0.026797
2025-07-24 13:27:19 INFO     >>>>> Predictor: Evaluating on test
2025-07-24 13:27:37 INFO     Data : 2342
2025-07-24 13:27:38 INFO     Hit1 : 0.014091
2025-07-24 13:27:38 INFO     Hit3 : 0.024765
2025-07-24 13:27:38 INFO     Hit10: 0.047395
2025-07-24 13:27:38 INFO     MR   : 1340.377455
2025-07-24 13:27:38 INFO     MRR  : 0.028016
2025-07-24 13:27:38 INFO     >>>>> Predictor: Computing H scores of rules
2025-07-24 13:31:20 INFO     1000 5959
2025-07-24 13:35:01 INFO     2000 5959
2025-07-24 13:38:42 INFO     3000 5959
2025-07-24 13:42:24 INFO     4000 5959
2025-07-24 13:46:05 INFO     5000 5959
2025-07-24 13:49:42 INFO     >>>>> Generator: Training
2025-07-24 13:49:50 INFO     -------------------------
2025-07-24 13:49:50 INFO     | EM Iteration: 4/5
2025-07-24 13:49:50 INFO     -------------------------
2025-07-24 13:49:50 INFO     >>>>> Using Generator's sample rule
2025-07-24 13:49:50 INFO     >>>>> Generator: Rule generation with sampling
2025-07-24 13:49:50 INFO     Predictor: read 1847 rules from list.
2025-07-24 13:49:50 INFO     Preprocess training set
2025-07-24 13:49:50 INFO     >>>>> Predictor: Training
2025-07-24 13:51:22 INFO     1000 5959 8.791110 69271.3
2025-07-24 13:52:52 INFO     2000 5959 8.404539 69340.6
2025-07-24 13:54:22 INFO     3000 5959 8.137731 69384.0
2025-07-24 13:55:52 INFO     4000 5959 7.963986 69262.6
2025-07-24 13:57:24 INFO     5000 5959 7.819836 69332.0
2025-07-24 13:58:52 INFO     >>>>> Predictor: Evaluating on valid
2025-07-24 13:59:09 INFO     Data : 2077
2025-07-24 13:59:09 INFO     Hit1 : 0.006259
2025-07-24 13:59:09 INFO     Hit3 : 0.018296
2025-07-24 13:59:09 INFO     Hit10: 0.036110
2025-07-24 13:59:09 INFO     MR   : 1486.285749
2025-07-24 13:59:09 INFO     MRR  : 0.019680
2025-07-24 13:59:09 INFO     >>>>> Predictor: Evaluating on test
2025-07-24 13:59:28 INFO     Data : 2342
2025-07-24 13:59:28 INFO     Hit1 : 0.008540
2025-07-24 13:59:28 INFO     Hit3 : 0.018787
2025-07-24 13:59:28 INFO     Hit10: 0.035440
2025-07-24 13:59:28 INFO     MR   : 1371.789710
2025-07-24 13:59:28 INFO     MRR  : 0.020680
2025-07-24 13:59:28 INFO     >>>>> Predictor: Computing H scores of rules
2025-07-24 14:03:09 INFO     1000 5959
2025-07-24 14:06:52 INFO     2000 5959
2025-07-24 14:10:42 INFO     3000 5959
2025-07-24 14:14:29 INFO     4000 5959
2025-07-24 14:18:14 INFO     5000 5959
2025-07-24 14:21:54 INFO     >>>>> Generator: Training
2025-07-24 14:22:01 INFO     -------------------------
2025-07-24 14:22:01 INFO     | EM Iteration: 5/5
2025-07-24 14:22:01 INFO     -------------------------
2025-07-24 14:22:01 INFO     >>>>> Using Generator's sample rule
2025-07-24 14:22:01 INFO     >>>>> Generator: Rule generation with sampling
2025-07-24 14:22:02 INFO     Predictor: read 1676 rules from list.
2025-07-24 14:22:02 INFO     Preprocess training set
2025-07-24 14:22:02 INFO     >>>>> Predictor: Training
2025-07-24 14:23:23 INFO     1000 5959 8.805924 69332.0
2025-07-24 14:24:44 INFO     2000 5959 8.434382 69349.3
2025-07-24 14:26:06 INFO     3000 5959 8.182272 69340.6
2025-07-24 14:27:27 INFO     4000 5959 8.012417 69297.3
2025-07-24 14:28:49 INFO     5000 5959 7.830053 69219.2
2025-07-24 14:30:07 INFO     >>>>> Predictor: Evaluating on valid
2025-07-24 14:30:21 INFO     Data : 2077
2025-07-24 14:30:21 INFO     Hit1 : 0.029851
2025-07-24 14:30:21 INFO     Hit3 : 0.053924
2025-07-24 14:30:21 INFO     Hit10: 0.076071
2025-07-24 14:30:21 INFO     MR   : 1451.129995
2025-07-24 14:30:21 INFO     MRR  : 0.049605
2025-07-24 14:30:21 INFO     >>>>> Predictor: Evaluating on test
2025-07-24 14:30:38 INFO     Data : 2342
2025-07-24 14:30:38 INFO     Hit1 : 0.028608
2025-07-24 14:30:38 INFO     Hit3 : 0.046541
2025-07-24 14:30:38 INFO     Hit10: 0.084116
2025-07-24 14:30:38 INFO     MR   : 1334.989112
2025-07-24 14:30:38 INFO     MRR  : 0.048452
2025-07-24 14:30:38 INFO     >>>>> Predictor: Computing H scores of rules
2025-07-24 14:34:06 INFO     1000 5959
2025-07-24 14:37:34 INFO     2000 5959
2025-07-24 14:41:01 INFO     3000 5959
2025-07-24 14:44:29 INFO     4000 5959
2025-07-24 14:47:56 INFO     5000 5959
2025-07-24 14:51:18 INFO     >>>>> Generator: Training
2025-07-24 14:51:25 INFO     -------------------------
2025-07-24 14:51:25 INFO     | Post-train Generator
2025-07-24 14:51:25 INFO     -------------------------
2025-07-24 14:51:26 INFO     >>>>> Generator: Training
2025-07-24 14:52:42 INFO     [E01000] Total 2.432650 | Main 2.559255 | RelClus 1.497829 | EntType 2.354638
2025-07-24 14:52:42 INFO     -------------------------
2025-07-24 14:52:42 INFO     | Beam Search Best Rules
2025-07-24 14:52:42 INFO     -------------------------
2025-07-24 14:52:42 INFO     >>>>> Generator: Rule generation with beam search
2025-07-24 14:52:44 INFO     >>>>> Generator: Rule generation with beam search
2025-07-24 14:52:53 INFO     >>>>> Generator: Rule generation with beam search
2025-07-24 14:54:45 INFO     >>>>> Generator: Rule generation with beam search
2025-07-24 14:56:15 INFO     >>>>> Generator: Rule generation with beam search
2025-07-24 14:57:17 INFO     -------------------------
2025-07-24 14:57:17 INFO     | Train Final Predictor+
2025-07-24 14:57:17 INFO     -------------------------
2025-07-24 14:57:17 INFO     Predictor+: read 18420 rules from list.
2025-07-24 14:57:17 INFO     Preprocess training set
2025-07-24 14:57:17 INFO     -------------------------
2025-07-24 14:57:17 INFO     | Iteration: 1/5
2025-07-24 14:57:17 INFO     -------------------------
2025-07-24 14:57:17 INFO     >>>>> Predictor: Training
2025-07-24 15:05:28 INFO     1000 5959 4.989005 69271.3
2025-07-24 15:13:29 INFO     2000 5959 4.755157 69332.0
2025-07-24 15:21:26 INFO     3000 5959 4.740186 69375.3
2025-07-24 15:29:29 INFO     4000 5959 4.737137 69279.9
2025-07-24 15:37:28 INFO     5000 5959 4.707752 69349.3
2025-07-24 15:45:10 INFO     >>>>> Predictor: Evaluating on valid
2025-07-24 15:47:06 INFO     Data : 2077
2025-07-24 15:47:06 INFO     Hit1 : 0.096293
2025-07-24 15:47:06 INFO     Hit3 : 0.182475
2025-07-24 15:47:06 INFO     Hit10: 0.311988
2025-07-24 15:47:06 INFO     MR   : 988.896967
2025-07-24 15:47:06 INFO     MRR  : 0.165653
2025-07-24 15:47:06 INFO     >>>>> Predictor: Evaluating on test
2025-07-24 15:49:16 INFO     Data : 2342
2025-07-24 15:49:16 INFO     Hit1 : 0.121691
2025-07-24 15:49:16 INFO     Hit3 : 0.206661
2025-07-24 15:49:16 INFO     Hit10: 0.316396
2025-07-24 15:49:16 INFO     MR   : 922.926985
2025-07-24 15:49:16 INFO     MRR  : 0.187119
2025-07-24 15:49:16 INFO     Save checkpoint to results/semmeddb/10_times_each/fixed/811/7_20250724_073332/predictor.pt
2025-07-24 15:49:16 INFO     -------------------------
2025-07-24 15:49:16 INFO     | Iteration: 2/5
2025-07-24 15:49:16 INFO     -------------------------
2025-07-24 15:49:16 INFO     >>>>> Predictor: Training
2025-07-24 15:57:25 INFO     1000 5959 4.636988 69366.7
2025-07-24 16:05:32 INFO     2000 5959 4.676902 69375.3
2025-07-24 16:13:39 INFO     3000 5959 4.664462 69219.2
2025-07-24 16:21:42 INFO     4000 5959 4.672222 69305.9
2025-07-24 16:29:52 INFO     5000 5959 4.660391 69288.6
2025-07-24 16:37:29 INFO     >>>>> Predictor: Evaluating on valid
2025-07-24 16:39:24 INFO     Data : 2077
2025-07-24 16:39:24 INFO     Hit1 : 0.098219
2025-07-24 16:39:24 INFO     Hit3 : 0.190660
2025-07-24 16:39:24 INFO     Hit10: 0.317285
2025-07-24 16:39:24 INFO     MR   : 958.286952
2025-07-24 16:39:24 INFO     MRR  : 0.169473
2025-07-24 16:39:24 INFO     >>>>> Predictor: Evaluating on test
2025-07-24 16:41:33 INFO     Data : 2342
2025-07-24 16:41:33 INFO     Hit1 : 0.126815
2025-07-24 16:41:33 INFO     Hit3 : 0.211785
2025-07-24 16:41:33 INFO     Hit10: 0.321520
2025-07-24 16:41:33 INFO     MR   : 890.777968
2025-07-24 16:41:33 INFO     MRR  : 0.191797
2025-07-24 16:41:33 INFO     Save checkpoint to results/semmeddb/10_times_each/fixed/811/7_20250724_073332/predictor.pt
2025-07-24 16:41:33 INFO     -------------------------
2025-07-24 16:41:33 INFO     | Iteration: 3/5
2025-07-24 16:41:33 INFO     -------------------------
2025-07-24 16:41:33 INFO     >>>>> Predictor: Training
2025-07-24 16:49:32 INFO     1000 5959 4.643641 69288.6
2025-07-24 16:57:54 INFO     2000 5959 4.647109 69288.6
2025-07-24 17:05:57 INFO     3000 5959 4.640965 69340.6
2025-07-24 17:14:15 INFO     4000 5959 4.636370 69271.3
2025-07-24 17:22:36 INFO     5000 5959 4.669694 69219.2
2025-07-24 17:30:35 INFO     >>>>> Predictor: Evaluating on valid
2025-07-24 17:32:38 INFO     Data : 2077
2025-07-24 17:32:38 INFO     Hit1 : 0.090034
2025-07-24 17:32:38 INFO     Hit3 : 0.181993
2025-07-24 17:32:38 INFO     Hit10: 0.305729
2025-07-24 17:32:38 INFO     MR   : 944.771545
2025-07-24 17:32:38 INFO     MRR  : 0.162411
2025-07-24 17:32:38 INFO     >>>>> Predictor: Evaluating on test
2025-07-24 17:34:56 INFO     Data : 2342
2025-07-24 17:34:56 INFO     Hit1 : 0.117848
2025-07-24 17:34:56 INFO     Hit3 : 0.198121
2025-07-24 17:34:56 INFO     Hit10: 0.318958
2025-07-24 17:34:56 INFO     MR   : 878.348420
2025-07-24 17:34:56 INFO     MRR  : 0.181453
2025-07-24 17:34:56 INFO     -------------------------
2025-07-24 17:34:56 INFO     | Iteration: 4/5
2025-07-24 17:34:56 INFO     -------------------------
2025-07-24 17:34:56 INFO     >>>>> Predictor: Training
2025-07-24 17:43:08 INFO     1000 5959 4.613842 69340.6
2025-07-24 17:51:31 INFO     2000 5959 4.591690 69184.5
2025-07-24 17:59:47 INFO     3000 5959 4.661076 69253.9
2025-07-24 18:08:06 INFO     4000 5959 4.626212 69340.6
2025-07-24 18:16:17 INFO     5000 5959 4.629347 69384.0
