2025-07-21 09:23:03 INFO     is_soft_label: False
2025-07-21 09:23:03 INFO     is_scheduled_sampling: True
2025-07-21 09:23:03 INFO     is_test_mode: False
2025-07-21 09:23:04 INFO     Data loading | DONE!
2025-07-21 09:23:04 INFO     Using full datasets for training, validation, and testing.
2025-07-21 09:23:04 INFO     -------------------------
2025-07-21 09:23:04 INFO     | EM Iteration: 1/5
2025-07-21 09:23:04 INFO     -------------------------
2025-07-21 09:23:04 INFO     >>>>> Using miner's rule
2025-07-21 09:23:04 INFO     Predictor: read 13661 rules from list.
2025-07-21 09:23:05 INFO     Preprocess training set
2025-07-21 09:23:05 INFO     >>>>> Predictor: Evaluating on valid
2025-07-21 09:25:31 INFO     Data : 2077
2025-07-21 09:25:31 INFO     Hit1 : 0.065479
2025-07-21 09:25:31 INFO     Hit3 : 0.127106
2025-07-21 09:25:31 INFO     Hit10: 0.199326
2025-07-21 09:25:31 INFO     MR   : 1120.902022
2025-07-21 09:25:31 INFO     MRR  : 0.114382
2025-07-21 09:25:31 INFO     >>>>> Predictor: Evaluating on test
2025-07-21 09:28:05 INFO     Data : 2342
2025-07-21 09:28:05 INFO     Hit1 : 0.078992
2025-07-21 09:28:05 INFO     Hit3 : 0.124253
2025-07-21 09:28:05 INFO     Hit10: 0.208796
2025-07-21 09:28:05 INFO     MR   : 1044.269001
2025-07-21 09:28:05 INFO     MRR  : 0.122250
2025-07-21 09:28:05 INFO     >>>>> Predictor: Computing H scores of rules
2025-07-21 10:05:52 INFO     1000 5959
2025-07-21 10:43:39 INFO     2000 5959
2025-07-21 11:21:12 INFO     3000 5959
2025-07-21 11:58:36 INFO     4000 5959
2025-07-21 12:36:08 INFO     5000 5959
2025-07-21 13:14:44 INFO     >>>>> Generator: Training
2025-07-21 13:14:55 INFO     -------------------------
2025-07-21 13:14:55 INFO     | EM Iteration: 2/5
2025-07-21 13:14:55 INFO     -------------------------
2025-07-21 13:14:55 INFO     >>>>> Using Generator's sample rule
2025-07-21 13:14:55 INFO     >>>>> Generator: Rule generation with sampling
2025-07-21 13:14:55 INFO     Predictor: read 1910 rules from list.
2025-07-21 13:14:55 INFO     Preprocess training set
2025-07-21 13:14:55 INFO     >>>>> Predictor: Training
2025-07-21 13:16:23 INFO     1000 5959 8.782457 69314.6
2025-07-21 13:17:37 INFO     2000 5959 8.410559 69271.3
2025-07-21 13:18:57 INFO     3000 5959 8.220157 69245.2
2025-07-21 13:20:12 INFO     4000 5959 8.066903 69340.6
2025-07-21 13:21:26 INFO     5000 5959 7.944350 69340.6
2025-07-21 13:22:40 INFO     >>>>> Predictor: Evaluating on valid
2025-07-21 13:23:09 INFO     Data : 2077
2025-07-21 13:23:09 INFO     Hit1 : 0.025036
2025-07-21 13:23:09 INFO     Hit3 : 0.040924
2025-07-21 13:23:09 INFO     Hit10: 0.064516
2025-07-21 13:23:09 INFO     MR   : 1408.601348
2025-07-21 13:23:09 INFO     MRR  : 0.041208
2025-07-21 13:23:09 INFO     >>>>> Predictor: Evaluating on test
2025-07-21 13:23:34 INFO     Data : 2342
2025-07-21 13:23:34 INFO     Hit1 : 0.019641
2025-07-21 13:23:34 INFO     Hit3 : 0.031170
2025-07-21 13:23:34 INFO     Hit10: 0.058497
2025-07-21 13:23:34 INFO     MR   : 1315.137062
2025-07-21 13:23:34 INFO     MRR  : 0.035162
2025-07-21 13:23:34 INFO     >>>>> Predictor: Computing H scores of rules
2025-07-21 13:26:57 INFO     1000 5959
2025-07-21 13:30:41 INFO     2000 5959
2025-07-21 13:34:01 INFO     3000 5959
2025-07-21 13:37:34 INFO     4000 5959
2025-07-21 13:41:08 INFO     5000 5959
2025-07-21 13:44:35 INFO     >>>>> Generator: Training
2025-07-21 13:44:46 INFO     -------------------------
2025-07-21 13:44:46 INFO     | EM Iteration: 3/5
2025-07-21 13:44:46 INFO     -------------------------
2025-07-21 13:44:46 INFO     >>>>> Using Generator's sample rule
2025-07-21 13:44:46 INFO     >>>>> Generator: Rule generation with sampling
2025-07-21 13:44:46 INFO     Predictor: read 1894 rules from list.
2025-07-21 13:44:46 INFO     Preprocess training set
2025-07-21 13:44:46 INFO     >>>>> Predictor: Training
2025-07-21 13:46:01 INFO     1000 5959 8.811361 69332.0
2025-07-21 13:47:17 INFO     2000 5959 8.473597 69349.3
2025-07-21 13:48:31 INFO     3000 5959 8.262540 69184.5
2025-07-21 13:49:45 INFO     4000 5959 8.094346 69253.9
2025-07-21 13:50:59 INFO     5000 5959 8.001096 69332.0
2025-07-21 13:52:11 INFO     >>>>> Predictor: Evaluating on valid
2025-07-21 13:52:37 INFO     Data : 2077
2025-07-21 13:52:37 INFO     Hit1 : 0.010592
2025-07-21 13:52:37 INFO     Hit3 : 0.025518
2025-07-21 13:52:37 INFO     Hit10: 0.051517
2025-07-21 13:52:37 INFO     MR   : 1450.406837
2025-07-21 13:52:37 INFO     MRR  : 0.026721
2025-07-21 13:52:37 INFO     >>>>> Predictor: Evaluating on test
2025-07-21 13:53:05 INFO     Data : 2342
2025-07-21 13:53:05 INFO     Hit1 : 0.014091
2025-07-21 13:53:05 INFO     Hit3 : 0.024765
2025-07-21 13:53:05 INFO     Hit10: 0.047395
2025-07-21 13:53:05 INFO     MR   : 1339.567891
2025-07-21 13:53:05 INFO     MRR  : 0.027995
2025-07-21 13:53:05 INFO     >>>>> Predictor: Computing H scores of rules
2025-07-21 13:56:42 INFO     1000 5959
2025-07-21 14:00:05 INFO     2000 5959
2025-07-21 14:03:25 INFO     3000 5959
2025-07-21 14:06:46 INFO     4000 5959
2025-07-21 14:10:20 INFO     5000 5959
2025-07-21 14:13:35 INFO     >>>>> Generator: Training
2025-07-21 14:13:45 INFO     -------------------------
2025-07-21 14:13:45 INFO     | EM Iteration: 4/5
2025-07-21 14:13:45 INFO     -------------------------
2025-07-21 14:13:45 INFO     >>>>> Using Generator's sample rule
2025-07-21 14:13:45 INFO     >>>>> Generator: Rule generation with sampling
2025-07-21 14:13:46 INFO     Predictor: read 1923 rules from list.
2025-07-21 14:13:46 INFO     Preprocess training set
2025-07-21 14:13:46 INFO     >>>>> Predictor: Training
2025-07-21 14:15:03 INFO     1000 5959 8.795448 69271.3
2025-07-21 14:16:19 INFO     2000 5959 8.415264 69340.6
2025-07-21 14:17:46 INFO     3000 5959 8.157345 69384.0
2025-07-21 14:19:01 INFO     4000 5959 7.988755 69262.6
2025-07-21 14:20:21 INFO     5000 5959 7.849661 69332.0
2025-07-21 14:21:32 INFO     >>>>> Predictor: Evaluating on valid
2025-07-21 14:21:50 INFO     Data : 2077
2025-07-21 14:21:50 INFO     Hit1 : 0.001444
2025-07-21 14:21:50 INFO     Hit3 : 0.004333
2025-07-21 14:21:50 INFO     Hit10: 0.014444
2025-07-21 14:21:50 INFO     MR   : 1509.454502
2025-07-21 14:21:50 INFO     MRR  : 0.009340
2025-07-21 14:21:50 INFO     >>>>> Predictor: Evaluating on test
2025-07-21 14:22:10 INFO     Data : 2342
2025-07-21 14:22:10 INFO     Hit1 : 0.001281
2025-07-21 14:22:10 INFO     Hit3 : 0.008540
2025-07-21 14:22:10 INFO     Hit10: 0.017933
2025-07-21 14:22:10 INFO     MR   : 1398.881085
2025-07-21 14:22:10 INFO     MRR  : 0.010718
2025-07-21 14:22:10 INFO     >>>>> Predictor: Computing H scores of rules
2025-07-21 14:25:30 INFO     1000 5959
2025-07-21 14:28:51 INFO     2000 5959
2025-07-21 14:32:13 INFO     3000 5959
2025-07-21 14:35:38 INFO     4000 5959
2025-07-21 14:39:00 INFO     5000 5959
2025-07-21 14:42:16 INFO     >>>>> Generator: Training
2025-07-21 14:42:26 INFO     -------------------------
2025-07-21 14:42:26 INFO     | EM Iteration: 5/5
2025-07-21 14:42:26 INFO     -------------------------
2025-07-21 14:42:26 INFO     >>>>> Using Generator's sample rule
2025-07-21 14:42:26 INFO     >>>>> Generator: Rule generation with sampling
2025-07-21 14:42:26 INFO     Predictor: read 1940 rules from list.
2025-07-21 14:42:26 INFO     Preprocess training set
2025-07-21 14:42:26 INFO     >>>>> Predictor: Training
2025-07-21 14:43:39 INFO     1000 5959 8.820225 69332.0
2025-07-21 14:44:56 INFO     2000 5959 8.474214 69349.3
2025-07-21 14:46:09 INFO     3000 5959 8.251743 69340.6
2025-07-21 14:47:25 INFO     4000 5959 8.111076 69297.3
2025-07-21 14:48:38 INFO     5000 5959 7.963352 69219.2
2025-07-21 14:49:47 INFO     >>>>> Predictor: Evaluating on valid
2025-07-21 14:50:05 INFO     Data : 2077
2025-07-21 14:50:05 INFO     Hit1 : 0.013000
2025-07-21 14:50:05 INFO     Hit3 : 0.022147
2025-07-21 14:50:05 INFO     Hit10: 0.033702
2025-07-21 14:50:05 INFO     MR   : 1536.172364
2025-07-21 14:50:05 INFO     MRR  : 0.023873
2025-07-21 14:50:05 INFO     >>>>> Predictor: Evaluating on test
2025-07-21 14:50:26 INFO     Data : 2342
2025-07-21 14:50:26 INFO     Hit1 : 0.009821
2025-07-21 14:50:26 INFO     Hit3 : 0.017506
2025-07-21 14:50:26 INFO     Hit10: 0.032024
2025-07-21 14:50:26 INFO     MR   : 1412.519214
2025-07-21 14:50:26 INFO     MRR  : 0.020036
2025-07-21 14:50:26 INFO     >>>>> Predictor: Computing H scores of rules
2025-07-21 14:53:53 INFO     1000 5959
2025-07-21 14:57:14 INFO     2000 5959
2025-07-21 15:00:46 INFO     3000 5959
2025-07-21 15:04:08 INFO     4000 5959
2025-07-21 15:07:40 INFO     5000 5959
2025-07-21 15:10:55 INFO     >>>>> Generator: Training
2025-07-21 15:11:05 INFO     -------------------------
2025-07-21 15:11:05 INFO     | Post-train Generator
2025-07-21 15:11:05 INFO     -------------------------
2025-07-21 15:11:06 INFO     >>>>> Generator: Training
2025-07-21 15:12:51 INFO     [E01000] Total 28.581177 | Main 5.661041 | RelClus 6.196578 | EntType 33.162837
2025-07-21 15:12:51 INFO     -------------------------
2025-07-21 15:12:51 INFO     | Beam Search Best Rules
2025-07-21 15:12:51 INFO     -------------------------
2025-07-21 15:12:51 INFO     >>>>> Generator: Rule generation with beam search
2025-07-21 15:12:52 INFO     >>>>> Generator: Rule generation with beam search
2025-07-21 15:12:58 INFO     >>>>> Generator: Rule generation with beam search
2025-07-21 15:14:21 INFO     >>>>> Generator: Rule generation with beam search
2025-07-21 15:15:30 INFO     >>>>> Generator: Rule generation with beam search
2025-07-21 15:16:16 INFO     -------------------------
2025-07-21 15:16:16 INFO     | Train Final Predictor+
2025-07-21 15:16:16 INFO     -------------------------
2025-07-21 15:16:16 INFO     Predictor+: read 18420 rules from list.
2025-07-21 15:16:16 INFO     Preprocess training set
2025-07-21 15:16:16 INFO     -------------------------
2025-07-21 15:16:16 INFO     | Iteration: 1/5
2025-07-21 15:16:16 INFO     -------------------------
2025-07-21 15:16:16 INFO     >>>>> Predictor: Training
2025-07-21 15:22:35 INFO     1000 5959 5.259045 69271.3
2025-07-21 15:28:48 INFO     2000 5959 5.141912 69332.0
2025-07-21 15:35:10 INFO     3000 5959 5.108030 69375.3
2025-07-21 15:41:25 INFO     4000 5959 5.092503 69279.9
2025-07-21 15:47:50 INFO     5000 5959 5.062880 69349.3
2025-07-21 15:53:49 INFO     >>>>> Predictor: Evaluating on valid
2025-07-21 15:55:20 INFO     Data : 2077
2025-07-21 15:55:20 INFO     Hit1 : 0.066442
2025-07-21 15:55:20 INFO     Hit3 : 0.123255
2025-07-21 15:55:20 INFO     Hit10: 0.204141
2025-07-21 15:55:20 INFO     MR   : 1228.895041
2025-07-21 15:55:20 INFO     MRR  : 0.110957
2025-07-21 15:55:20 INFO     >>>>> Predictor: Evaluating on test
2025-07-21 15:57:02 INFO     Data : 2342
2025-07-21 15:57:02 INFO     Hit1 : 0.093510
2025-07-21 15:57:02 INFO     Hit3 : 0.145175
2025-07-21 15:57:02 INFO     Hit10: 0.206234
2025-07-21 15:57:02 INFO     MR   : 1139.994663
2025-07-21 15:57:02 INFO     MRR  : 0.131956
2025-07-21 15:57:02 INFO     Save checkpoint to results/semmeddb/10_times_each/scheduled_sampling/3_20250721_092301/predictor.pt
2025-07-21 15:57:02 INFO     -------------------------
2025-07-21 15:57:02 INFO     | Iteration: 2/5
2025-07-21 15:57:02 INFO     -------------------------
2025-07-21 15:57:02 INFO     >>>>> Predictor: Training
2025-07-21 16:03:15 INFO     1000 5959 5.027835 69366.7
2025-07-21 16:09:34 INFO     2000 5959 5.050608 69375.3
2025-07-21 16:15:51 INFO     3000 5959 5.044193 69219.2
2025-07-21 16:22:04 INFO     4000 5959 5.043444 69305.9
2025-07-21 16:28:29 INFO     5000 5959 5.024047 69288.6
2025-07-21 16:34:22 INFO     >>>>> Predictor: Evaluating on valid
2025-07-21 16:35:53 INFO     Data : 2077
2025-07-21 16:35:53 INFO     Hit1 : 0.063553
2025-07-21 16:35:53 INFO     Hit3 : 0.126625
2025-07-21 16:35:53 INFO     Hit10: 0.204141
2025-07-21 16:35:53 INFO     MR   : 1198.808137
2025-07-21 16:35:53 INFO     MRR  : 0.109716
2025-07-21 16:35:53 INFO     >>>>> Predictor: Evaluating on test
2025-07-21 16:37:36 INFO     Data : 2342
2025-07-21 16:37:36 INFO     Hit1 : 0.093083
2025-07-21 16:37:36 INFO     Hit3 : 0.143467
2025-07-21 16:37:36 INFO     Hit10: 0.202391
2025-07-21 16:37:36 INFO     MR   : 1107.868915
2025-07-21 16:37:36 INFO     MRR  : 0.130904
2025-07-21 16:37:36 INFO     -------------------------
2025-07-21 16:37:36 INFO     | Iteration: 3/5
2025-07-21 16:37:36 INFO     -------------------------
2025-07-21 16:37:36 INFO     >>>>> Predictor: Training
2025-07-21 16:43:43 INFO     1000 5959 5.027470 69288.6
2025-07-21 16:50:02 INFO     2000 5959 5.032278 69288.6
2025-07-21 16:56:28 INFO     3000 5959 5.015839 69340.6
2025-07-21 17:02:31 INFO     4000 5959 5.023453 69271.3
2025-07-21 17:08:44 INFO     5000 5959 5.050027 69219.2
2025-07-21 17:14:34 INFO     >>>>> Predictor: Evaluating on valid
2025-07-21 17:16:06 INFO     Data : 2077
2025-07-21 17:16:06 INFO     Hit1 : 0.068368
2025-07-21 17:16:06 INFO     Hit3 : 0.129995
2025-07-21 17:16:06 INFO     Hit10: 0.201733
2025-07-21 17:16:06 INFO     MR   : 1188.481464
2025-07-21 17:16:06 INFO     MRR  : 0.112362
2025-07-21 17:16:06 INFO     >>>>> Predictor: Evaluating on test
2025-07-21 17:17:52 INFO     Data : 2342
2025-07-21 17:17:52 INFO     Hit1 : 0.094364
2025-07-21 17:17:52 INFO     Hit3 : 0.143040
2025-07-21 17:17:52 INFO     Hit10: 0.202391
2025-07-21 17:17:52 INFO     MR   : 1092.842229
2025-07-21 17:17:52 INFO     MRR  : 0.132042
2025-07-21 17:17:52 INFO     Save checkpoint to results/semmeddb/10_times_each/scheduled_sampling/3_20250721_092301/predictor.pt
2025-07-21 17:17:52 INFO     -------------------------
2025-07-21 17:17:52 INFO     | Iteration: 4/5
2025-07-21 17:17:52 INFO     -------------------------
2025-07-21 17:17:52 INFO     >>>>> Predictor: Training
2025-07-21 17:24:13 INFO     1000 5959 4.997263 69340.6
2025-07-21 17:30:40 INFO     2000 5959 4.986433 69184.5
2025-07-21 17:36:49 INFO     3000 5959 5.072506 69253.9
2025-07-21 17:43:07 INFO     4000 5959 5.021578 69340.6
2025-07-21 17:49:20 INFO     5000 5959 5.015851 69384.0
2025-07-21 17:55:22 INFO     >>>>> Predictor: Evaluating on valid
2025-07-21 17:56:54 INFO     Data : 2077
2025-07-21 17:56:54 INFO     Hit1 : 0.067886
2025-07-21 17:56:54 INFO     Hit3 : 0.129995
2025-07-21 17:56:54 INFO     Hit10: 0.198363
2025-07-21 17:56:54 INFO     MR   : 1186.548628
2025-07-21 17:56:54 INFO     MRR  : 0.112072
2025-07-21 17:56:54 INFO     >>>>> Predictor: Evaluating on test
2025-07-21 17:58:36 INFO     Data : 2342
2025-07-21 17:58:36 INFO     Hit1 : 0.092229
2025-07-21 17:58:36 INFO     Hit3 : 0.144321
2025-07-21 17:58:36 INFO     Hit10: 0.206661
2025-07-21 17:58:36 INFO     MR   : 1098.911401
2025-07-21 17:58:36 INFO     MRR  : 0.131088
2025-07-21 17:58:36 INFO     -------------------------
2025-07-21 17:58:36 INFO     | Iteration: 5/5
2025-07-21 17:58:36 INFO     -------------------------
2025-07-21 17:58:36 INFO     >>>>> Predictor: Training
2025-07-21 18:04:54 INFO     1000 5959 5.025303 69323.3
2025-07-21 18:11:10 INFO     2000 5959 5.022883 69332.0
2025-07-21 18:17:22 INFO     3000 5959 5.043499 69219.2
2025-07-21 18:23:41 INFO     4000 5959 5.007475 69297.3
2025-07-21 18:29:52 INFO     5000 5959 4.988873 69332.0
2025-07-21 18:35:55 INFO     >>>>> Predictor: Evaluating on valid
2025-07-21 18:37:27 INFO     Data : 2077
2025-07-21 18:37:27 INFO     Hit1 : 0.070294
2025-07-21 18:37:27 INFO     Hit3 : 0.124218
2025-07-21 18:37:27 INFO     Hit10: 0.202696
2025-07-21 18:37:27 INFO     MR   : 1177.480019
2025-07-21 18:37:27 INFO     MRR  : 0.112593
2025-07-21 18:37:27 INFO     >>>>> Predictor: Evaluating on test
2025-07-21 18:39:14 INFO     Data : 2342
2025-07-21 18:39:14 INFO     Hit1 : 0.092656
2025-07-21 18:39:14 INFO     Hit3 : 0.143467
2025-07-21 18:39:14 INFO     Hit10: 0.207088
2025-07-21 18:39:14 INFO     MR   : 1085.627455
2025-07-21 18:39:14 INFO     MRR  : 0.131775
2025-07-21 18:39:14 INFO     Save checkpoint to results/semmeddb/10_times_each/scheduled_sampling/3_20250721_092301/predictor.pt
2025-07-21 18:39:14 INFO     -------------------------
2025-07-21 18:39:14 INFO     | Final Test MRR: 0.131775
2025-07-21 18:39:14 INFO     -------------------------
