2025-07-20 07:57:51 INFO     is_soft_label: False
2025-07-20 07:57:51 INFO     is_scheduled_sampling: False
2025-07-20 07:57:51 INFO     is_test_mode: False
2025-07-20 07:57:51 INFO     Data loading | DONE!
2025-07-20 07:57:51 INFO     Using full datasets for training, validation, and testing.
2025-07-20 07:57:52 INFO     -------------------------
2025-07-20 07:57:52 INFO     | EM Iteration: 1/5
2025-07-20 07:57:52 INFO     -------------------------
2025-07-20 07:57:52 INFO     >>>>> Using miner's rule
2025-07-20 07:57:52 INFO     Predictor: read 13661 rules from list.
2025-07-20 07:57:53 INFO     Preprocess training set
2025-07-20 07:57:53 INFO     >>>>> Predictor: Evaluating on valid
2025-07-20 08:00:08 INFO     Data : 2077
2025-07-20 08:00:08 INFO     Hit1 : 0.065479
2025-07-20 08:00:08 INFO     Hit3 : 0.127106
2025-07-20 08:00:08 INFO     Hit10: 0.199326
2025-07-20 08:00:08 INFO     MR   : 1120.902022
2025-07-20 08:00:08 INFO     MRR  : 0.114382
2025-07-20 08:00:08 INFO     >>>>> Predictor: Evaluating on test
2025-07-20 08:02:40 INFO     Data : 2342
2025-07-20 08:02:40 INFO     Hit1 : 0.078992
2025-07-20 08:02:40 INFO     Hit3 : 0.124253
2025-07-20 08:02:40 INFO     Hit10: 0.208796
2025-07-20 08:02:40 INFO     MR   : 1044.269001
2025-07-20 08:02:40 INFO     MRR  : 0.122250
2025-07-20 08:02:40 INFO     >>>>> Predictor: Computing H scores of rules
2025-07-20 08:35:48 INFO     1000 5959
2025-07-20 09:09:25 INFO     2000 5959
2025-07-20 09:42:38 INFO     3000 5959
2025-07-20 10:16:05 INFO     4000 5959
2025-07-20 10:49:21 INFO     5000 5959
2025-07-20 11:23:11 INFO     >>>>> Generator: Training
2025-07-20 11:23:17 INFO     -------------------------
2025-07-20 11:23:17 INFO     | EM Iteration: 2/5
2025-07-20 11:23:17 INFO     -------------------------
2025-07-20 11:23:17 INFO     >>>>> Using Generator's sample rule
2025-07-20 11:23:17 INFO     >>>>> Generator: Rule generation with sampling
2025-07-20 11:23:18 INFO     Predictor: read 1904 rules from list.
2025-07-20 11:23:18 INFO     Preprocess training set
2025-07-20 11:23:18 INFO     >>>>> Predictor: Training
2025-07-20 11:24:19 INFO     1000 5959 8.782312 69314.6
2025-07-20 11:25:20 INFO     2000 5959 8.410004 69271.3
2025-07-20 11:26:21 INFO     3000 5959 8.219053 69245.2
2025-07-20 11:27:21 INFO     4000 5959 8.065449 69340.6
2025-07-20 11:28:22 INFO     5000 5959 7.940880 69340.6
2025-07-20 11:29:20 INFO     >>>>> Predictor: Evaluating on valid
2025-07-20 11:29:30 INFO     Data : 2077
2025-07-20 11:29:30 INFO     Hit1 : 0.025036
2025-07-20 11:29:30 INFO     Hit3 : 0.040924
2025-07-20 11:29:30 INFO     Hit10: 0.064035
2025-07-20 11:29:30 INFO     MR   : 1407.828117
2025-07-20 11:29:30 INFO     MRR  : 0.041154
2025-07-20 11:29:30 INFO     >>>>> Predictor: Evaluating on test
2025-07-20 11:29:42 INFO     Data : 2342
2025-07-20 11:29:42 INFO     Hit1 : 0.019641
2025-07-20 11:29:42 INFO     Hit3 : 0.030743
2025-07-20 11:29:42 INFO     Hit10: 0.056362
2025-07-20 11:29:42 INFO     MR   : 1317.205807
2025-07-20 11:29:42 INFO     MRR  : 0.034766
2025-07-20 11:29:42 INFO     >>>>> Predictor: Computing H scores of rules
2025-07-20 11:32:23 INFO     1000 5959
2025-07-20 11:35:02 INFO     2000 5959
2025-07-20 11:37:42 INFO     3000 5959
2025-07-20 11:40:20 INFO     4000 5959
2025-07-20 11:42:58 INFO     5000 5959
2025-07-20 11:45:34 INFO     >>>>> Generator: Training
2025-07-20 11:45:39 INFO     -------------------------
2025-07-20 11:45:39 INFO     | EM Iteration: 3/5
2025-07-20 11:45:39 INFO     -------------------------
2025-07-20 11:45:39 INFO     >>>>> Using Generator's sample rule
2025-07-20 11:45:39 INFO     >>>>> Generator: Rule generation with sampling
2025-07-20 11:45:39 INFO     Predictor: read 1877 rules from list.
2025-07-20 11:45:39 INFO     Preprocess training set
2025-07-20 11:45:39 INFO     >>>>> Predictor: Training
2025-07-20 11:46:39 INFO     1000 5959 8.809976 69332.0
2025-07-20 11:47:39 INFO     2000 5959 8.469537 69349.3
2025-07-20 11:48:39 INFO     3000 5959 8.254404 69184.5
2025-07-20 11:49:38 INFO     4000 5959 8.080450 69253.9
2025-07-20 11:50:37 INFO     5000 5959 7.983767 69332.0
2025-07-20 11:51:33 INFO     >>>>> Predictor: Evaluating on valid
2025-07-20 11:51:44 INFO     Data : 2077
2025-07-20 11:51:44 INFO     Hit1 : 0.010592
2025-07-20 11:51:44 INFO     Hit3 : 0.025999
2025-07-20 11:51:44 INFO     Hit10: 0.051035
2025-07-20 11:51:44 INFO     MR   : 1450.381801
2025-07-20 11:51:44 INFO     MRR  : 0.026797
2025-07-20 11:51:44 INFO     >>>>> Predictor: Evaluating on test
2025-07-20 11:51:56 INFO     Data : 2342
2025-07-20 11:51:56 INFO     Hit1 : 0.014091
2025-07-20 11:51:56 INFO     Hit3 : 0.024765
2025-07-20 11:51:56 INFO     Hit10: 0.047395
2025-07-20 11:51:56 INFO     MR   : 1340.377455
2025-07-20 11:51:56 INFO     MRR  : 0.028016
2025-07-20 11:51:56 INFO     >>>>> Predictor: Computing H scores of rules
2025-07-20 11:54:33 INFO     1000 5959
2025-07-20 11:57:09 INFO     2000 5959
2025-07-20 11:59:45 INFO     3000 5959
2025-07-20 12:02:23 INFO     4000 5959
2025-07-20 12:05:00 INFO     5000 5959
2025-07-20 12:07:32 INFO     >>>>> Generator: Training
2025-07-20 12:07:37 INFO     -------------------------
2025-07-20 12:07:37 INFO     | EM Iteration: 4/5
2025-07-20 12:07:37 INFO     -------------------------
2025-07-20 12:07:37 INFO     >>>>> Using Generator's sample rule
2025-07-20 12:07:37 INFO     >>>>> Generator: Rule generation with sampling
2025-07-20 12:07:37 INFO     Predictor: read 1847 rules from list.
2025-07-20 12:07:37 INFO     Preprocess training set
2025-07-20 12:07:37 INFO     >>>>> Predictor: Training
2025-07-20 12:08:36 INFO     1000 5959 8.791110 69271.3
2025-07-20 12:09:34 INFO     2000 5959 8.404539 69340.6
2025-07-20 12:10:33 INFO     3000 5959 8.137731 69384.0
2025-07-20 12:11:32 INFO     4000 5959 7.963986 69262.6
2025-07-20 12:12:31 INFO     5000 5959 7.819836 69332.0
2025-07-20 12:13:27 INFO     >>>>> Predictor: Evaluating on valid
2025-07-20 12:13:38 INFO     Data : 2077
2025-07-20 12:13:38 INFO     Hit1 : 0.006259
2025-07-20 12:13:38 INFO     Hit3 : 0.018296
2025-07-20 12:13:38 INFO     Hit10: 0.036110
2025-07-20 12:13:38 INFO     MR   : 1486.285749
2025-07-20 12:13:38 INFO     MRR  : 0.019680
2025-07-20 12:13:38 INFO     >>>>> Predictor: Evaluating on test
2025-07-20 12:13:50 INFO     Data : 2342
2025-07-20 12:13:50 INFO     Hit1 : 0.008540
2025-07-20 12:13:50 INFO     Hit3 : 0.018787
2025-07-20 12:13:50 INFO     Hit10: 0.035440
2025-07-20 12:13:50 INFO     MR   : 1371.789710
2025-07-20 12:13:50 INFO     MRR  : 0.020680
2025-07-20 12:13:50 INFO     >>>>> Predictor: Computing H scores of rules
2025-07-20 12:16:27 INFO     1000 5959
2025-07-20 12:19:02 INFO     2000 5959
2025-07-20 12:21:36 INFO     3000 5959
2025-07-20 12:24:13 INFO     4000 5959
2025-07-20 12:26:49 INFO     5000 5959
2025-07-20 12:29:21 INFO     >>>>> Generator: Training
2025-07-20 12:29:27 INFO     -------------------------
2025-07-20 12:29:27 INFO     | EM Iteration: 5/5
2025-07-20 12:29:27 INFO     -------------------------
2025-07-20 12:29:27 INFO     >>>>> Using Generator's sample rule
2025-07-20 12:29:27 INFO     >>>>> Generator: Rule generation with sampling
2025-07-20 12:29:27 INFO     Predictor: read 1676 rules from list.
2025-07-20 12:29:27 INFO     Preprocess training set
2025-07-20 12:29:27 INFO     >>>>> Predictor: Training
2025-07-20 12:30:19 INFO     1000 5959 8.805924 69332.0
2025-07-20 12:31:11 INFO     2000 5959 8.434382 69349.3
2025-07-20 12:32:02 INFO     3000 5959 8.182272 69340.6
2025-07-20 12:32:53 INFO     4000 5959 8.012417 69297.3
2025-07-20 12:33:45 INFO     5000 5959 7.830053 69219.2
2025-07-20 12:34:34 INFO     >>>>> Predictor: Evaluating on valid
2025-07-20 12:34:43 INFO     Data : 2077
2025-07-20 12:34:43 INFO     Hit1 : 0.029851
2025-07-20 12:34:43 INFO     Hit3 : 0.053924
2025-07-20 12:34:43 INFO     Hit10: 0.076071
2025-07-20 12:34:43 INFO     MR   : 1451.129995
2025-07-20 12:34:43 INFO     MRR  : 0.049605
2025-07-20 12:34:43 INFO     >>>>> Predictor: Evaluating on test
2025-07-20 12:34:54 INFO     Data : 2342
2025-07-20 12:34:54 INFO     Hit1 : 0.028608
2025-07-20 12:34:54 INFO     Hit3 : 0.046541
2025-07-20 12:34:54 INFO     Hit10: 0.084116
2025-07-20 12:34:54 INFO     MR   : 1334.989112
2025-07-20 12:34:54 INFO     MRR  : 0.048452
2025-07-20 12:34:54 INFO     >>>>> Predictor: Computing H scores of rules
2025-07-20 12:37:16 INFO     1000 5959
2025-07-20 12:39:37 INFO     2000 5959
2025-07-20 12:41:59 INFO     3000 5959
2025-07-20 12:44:20 INFO     4000 5959
2025-07-20 12:46:41 INFO     5000 5959
2025-07-20 12:48:58 INFO     >>>>> Generator: Training
2025-07-20 12:49:04 INFO     -------------------------
2025-07-20 12:49:04 INFO     | Post-train Generator
2025-07-20 12:49:04 INFO     -------------------------
2025-07-20 12:49:05 INFO     >>>>> Generator: Training
2025-07-20 12:50:05 INFO     [E01000] Total 2.432650 | Main 2.559255 | RelClus 1.497829 | EntType 2.354638
2025-07-20 12:50:05 INFO     -------------------------
2025-07-20 12:50:05 INFO     | Beam Search Best Rules
2025-07-20 12:50:05 INFO     -------------------------
2025-07-20 12:50:05 INFO     >>>>> Generator: Rule generation with beam search
2025-07-20 12:50:05 INFO     >>>>> Generator: Rule generation with beam search
2025-07-20 12:50:11 INFO     >>>>> Generator: Rule generation with beam search
2025-07-20 12:51:25 INFO     >>>>> Generator: Rule generation with beam search
2025-07-20 12:52:25 INFO     >>>>> Generator: Rule generation with beam search
2025-07-20 12:53:07 INFO     -------------------------
2025-07-20 12:53:07 INFO     | Train Final Predictor+
2025-07-20 12:53:07 INFO     -------------------------
2025-07-20 12:53:07 INFO     Predictor+: read 18420 rules from list.
2025-07-20 12:53:07 INFO     Preprocess training set
2025-07-20 12:53:07 INFO     -------------------------
2025-07-20 12:53:07 INFO     | Iteration: 1/5
2025-07-20 12:53:07 INFO     -------------------------
2025-07-20 12:53:07 INFO     >>>>> Predictor: Training
2025-07-20 12:58:12 INFO     1000 5959 4.989365 69271.3
2025-07-20 13:03:19 INFO     2000 5959 4.754175 69332.0
2025-07-20 13:08:29 INFO     3000 5959 4.740436 69375.3
2025-07-20 13:13:35 INFO     4000 5959 4.736631 69279.9
2025-07-20 13:18:42 INFO     5000 5959 4.707577 69349.3
2025-07-20 13:23:36 INFO     >>>>> Predictor: Evaluating on valid
2025-07-20 13:24:52 INFO     Data : 2077
2025-07-20 13:24:52 INFO     Hit1 : 0.099663
2025-07-20 13:24:52 INFO     Hit3 : 0.181993
2025-07-20 13:24:52 INFO     Hit10: 0.310063
2025-07-20 13:24:52 INFO     MR   : 990.088108
2025-07-20 13:24:52 INFO     MRR  : 0.166530
2025-07-20 13:24:52 INFO     >>>>> Predictor: Evaluating on test
2025-07-20 13:26:16 INFO     Data : 2342
2025-07-20 13:26:16 INFO     Hit1 : 0.118275
2025-07-20 13:26:16 INFO     Hit3 : 0.205807
2025-07-20 13:26:16 INFO     Hit10: 0.317677
2025-07-20 13:26:16 INFO     MR   : 924.176772
2025-07-20 13:26:16 INFO     MRR  : 0.184532
2025-07-20 13:26:16 INFO     Save checkpoint to results/semmeddb/10_times_each/fixed/622/6_20250720_075749/predictor.pt
2025-07-20 13:26:16 INFO     -------------------------
2025-07-20 13:26:16 INFO     | Iteration: 2/5
2025-07-20 13:26:16 INFO     -------------------------
2025-07-20 13:26:16 INFO     >>>>> Predictor: Training
2025-07-20 13:31:21 INFO     1000 5959 4.637112 69366.7
2025-07-20 13:36:30 INFO     2000 5959 4.676826 69375.3
2025-07-20 13:41:37 INFO     3000 5959 4.664880 69219.2
2025-07-20 13:46:45 INFO     4000 5959 4.671708 69305.9
2025-07-20 13:51:52 INFO     5000 5959 4.659288 69288.6
2025-07-20 13:56:51 INFO     >>>>> Predictor: Evaluating on valid
2025-07-20 13:58:04 INFO     Data : 2077
2025-07-20 13:58:04 INFO     Hit1 : 0.095330
2025-07-20 13:58:04 INFO     Hit3 : 0.191141
2025-07-20 13:58:04 INFO     Hit10: 0.314396
2025-07-20 13:58:04 INFO     MR   : 955.696437
2025-07-20 13:58:04 INFO     MRR  : 0.166866
2025-07-20 13:58:04 INFO     >>>>> Predictor: Evaluating on test
2025-07-20 13:59:29 INFO     Data : 2342
2025-07-20 13:59:29 INFO     Hit1 : 0.127669
2025-07-20 13:59:29 INFO     Hit3 : 0.210504
2025-07-20 13:59:29 INFO     Hit10: 0.324082
2025-07-20 13:59:29 INFO     MR   : 889.257472
2025-07-20 13:59:29 INFO     MRR  : 0.190690
2025-07-20 13:59:29 INFO     Save checkpoint to results/semmeddb/10_times_each/fixed/622/6_20250720_075749/predictor.pt
2025-07-20 13:59:29 INFO     -------------------------
2025-07-20 13:59:29 INFO     | Iteration: 3/5
2025-07-20 13:59:29 INFO     -------------------------
2025-07-20 13:59:29 INFO     >>>>> Predictor: Training
2025-07-20 14:04:36 INFO     1000 5959 4.642835 69288.6
2025-07-20 14:09:41 INFO     2000 5959 4.646682 69288.6
2025-07-20 14:14:49 INFO     3000 5959 4.640134 69340.6
2025-07-20 14:19:56 INFO     4000 5959 4.637231 69271.3
2025-07-20 14:25:05 INFO     5000 5959 4.668487 69219.2
2025-07-20 14:30:01 INFO     >>>>> Predictor: Evaluating on valid
2025-07-20 14:31:14 INFO     Data : 2077
2025-07-20 14:31:14 INFO     Hit1 : 0.093404
2025-07-20 14:31:14 INFO     Hit3 : 0.176216
2025-07-20 14:31:14 INFO     Hit10: 0.299470
2025-07-20 14:31:14 INFO     MR   : 942.212325
2025-07-20 14:31:14 INFO     MRR  : 0.161536
2025-07-20 14:31:14 INFO     >>>>> Predictor: Evaluating on test
2025-07-20 14:32:38 INFO     Data : 2342
2025-07-20 14:32:38 INFO     Hit1 : 0.114859
2025-07-20 14:32:38 INFO     Hit3 : 0.199829
2025-07-20 14:32:38 INFO     Hit10: 0.312553
2025-07-20 14:32:38 INFO     MR   : 873.331127
2025-07-20 14:32:38 INFO     MRR  : 0.179556
2025-07-20 14:32:38 INFO     -------------------------
2025-07-20 14:32:38 INFO     | Iteration: 4/5
2025-07-20 14:32:38 INFO     -------------------------
2025-07-20 14:32:38 INFO     >>>>> Predictor: Training
2025-07-20 14:37:46 INFO     1000 5959 4.613671 69340.6
2025-07-20 14:42:54 INFO     2000 5959 4.589434 69184.5
2025-07-20 14:48:01 INFO     3000 5959 4.660284 69253.9
2025-07-20 14:53:09 INFO     4000 5959 4.626000 69340.6
2025-07-20 14:58:17 INFO     5000 5959 4.630215 69384.0
2025-07-20 15:03:12 INFO     >>>>> Predictor: Evaluating on valid
2025-07-20 15:04:26 INFO     Data : 2077
2025-07-20 15:04:26 INFO     Hit1 : 0.093404
2025-07-20 15:04:26 INFO     Hit3 : 0.183919
2025-07-20 15:04:26 INFO     Hit10: 0.311026
2025-07-20 15:04:26 INFO     MR   : 936.966298
2025-07-20 15:04:26 INFO     MRR  : 0.164180
2025-07-20 15:04:26 INFO     >>>>> Predictor: Evaluating on test
2025-07-20 15:05:49 INFO     Data : 2342
2025-07-20 15:05:49 INFO     Hit1 : 0.117848
2025-07-20 15:05:49 INFO     Hit3 : 0.207942
2025-07-20 15:05:49 INFO     Hit10: 0.324082
2025-07-20 15:05:49 INFO     MR   : 868.815756
2025-07-20 15:05:49 INFO     MRR  : 0.185307
2025-07-20 15:05:49 INFO     -------------------------
2025-07-20 15:05:49 INFO     | Iteration: 5/5
2025-07-20 15:05:49 INFO     -------------------------
2025-07-20 15:05:49 INFO     >>>>> Predictor: Training
2025-07-20 15:10:56 INFO     1000 5959 4.618922 69323.3
2025-07-20 15:16:04 INFO     2000 5959 4.608156 69332.0
2025-07-20 15:21:10 INFO     3000 5959 4.647457 69219.2
2025-07-20 15:26:14 INFO     4000 5959 4.635081 69297.3
2025-07-20 15:31:21 INFO     5000 5959 4.606737 69332.0
2025-07-20 15:36:15 INFO     >>>>> Predictor: Evaluating on valid
2025-07-20 15:37:29 INFO     Data : 2077
2025-07-20 15:37:29 INFO     Hit1 : 0.091960
2025-07-20 15:37:29 INFO     Hit3 : 0.183438
2025-07-20 15:37:29 INFO     Hit10: 0.315359
2025-07-20 15:37:29 INFO     MR   : 927.085219
2025-07-20 15:37:29 INFO     MRR  : 0.164852
2025-07-20 15:37:29 INFO     >>>>> Predictor: Evaluating on test
2025-07-20 15:38:52 INFO     Data : 2342
2025-07-20 15:38:52 INFO     Hit1 : 0.122972
2025-07-20 15:38:52 INFO     Hit3 : 0.211358
2025-07-20 15:38:52 INFO     Hit10: 0.321947
2025-07-20 15:38:52 INFO     MR   : 860.560205
2025-07-20 15:38:52 INFO     MRR  : 0.189971
2025-07-20 15:38:52 INFO     -------------------------
2025-07-20 15:38:52 INFO     | Final Test MRR: 0.190690
2025-07-20 15:38:52 INFO     -------------------------
