2025-07-05 03:24:24 INFO     -------------------------
2025-07-05 03:24:24 INFO     | Pre-train Generator
2025-07-05 03:24:24 INFO     -------------------------
2025-07-05 03:24:24 INFO     >>>>> Generator: Training
2025-07-05 03:24:30 INFO     1000 10000 1.640829
2025-07-05 03:24:35 INFO     2000 10000 1.555844
2025-07-05 03:24:40 INFO     3000 10000 1.544617
2025-07-05 03:24:45 INFO     4000 10000 1.539628
2025-07-05 03:24:51 INFO     5000 10000 1.541232
2025-07-05 03:24:56 INFO     6000 10000 1.537140
2025-07-05 03:25:01 INFO     7000 10000 1.535005
2025-07-05 03:25:06 INFO     8000 10000 1.534639
2025-07-05 03:25:11 INFO     9000 10000 1.533593
2025-07-05 03:25:17 INFO     10000 10000 1.531518
2025-07-05 03:25:17 INFO     -------------------------
2025-07-05 03:25:17 INFO     | EM Iteration: 1/5
2025-07-05 03:25:17 INFO     -------------------------
2025-07-05 03:25:17 INFO     >>>>> Generator: Rule generation with sampling
2025-07-05 03:25:17 INFO     Predictor: read 1273 rules from list.
2025-07-05 03:25:17 INFO     Preprocess training set
2025-07-05 03:25:17 INFO     >>>>> Predictor: Training
2025-07-05 03:26:11 INFO     1000 12313 8.229463 69358.0
2025-07-05 03:27:05 INFO     2000 12313 7.790632 69332.0
2025-07-05 03:27:58 INFO     3000 12313 7.568753 69384.0
2025-07-05 03:28:52 INFO     4000 12313 7.456649 69279.9
2025-07-05 03:29:46 INFO     5000 12313 7.343764 69332.0
2025-07-05 03:30:39 INFO     6000 12313 7.263716 69384.0
2025-07-05 03:31:33 INFO     7000 12313 7.183213 69297.3
2025-07-05 03:32:28 INFO     8000 12313 7.172456 69323.3
2025-07-05 03:33:21 INFO     9000 12313 7.101312 69358.0
2025-07-05 03:34:14 INFO     10000 12313 7.091323 69332.0
2025-07-05 03:35:06 INFO     11000 12313 7.051391 69366.7
2025-07-05 03:36:00 INFO     12000 12313 7.024152 69279.9
2025-07-05 03:36:17 INFO     >>>>> Predictor: Evaluating on valid
2025-07-05 03:36:38 INFO     Data : 3823
2025-07-05 03:36:38 INFO     Hit1 : 0.027465
2025-07-05 03:36:38 INFO     Hit3 : 0.052577
2025-07-05 03:36:38 INFO     Hit10: 0.101229
2025-07-05 03:36:38 INFO     MR   : 1195.106330
2025-07-05 03:36:38 INFO     MRR  : 0.053602
2025-07-05 03:36:38 INFO     >>>>> Predictor: Evaluating on test
2025-07-05 03:37:03 INFO     Data : 4402
2025-07-05 03:37:03 INFO     Hit1 : 0.035211
2025-07-05 03:37:03 INFO     Hit3 : 0.062699
2025-07-05 03:37:03 INFO     Hit10: 0.101772
2025-07-05 03:37:03 INFO     MR   : 1186.579396
2025-07-05 03:37:03 INFO     MRR  : 0.060466
2025-07-05 03:37:03 INFO     >>>>> Predictor: Computing H scores of rules
2025-07-05 03:38:03 INFO     1000 12313
2025-07-05 03:39:02 INFO     2000 12313
2025-07-05 03:40:02 INFO     3000 12313
2025-07-05 03:41:02 INFO     4000 12313
2025-07-05 03:42:03 INFO     5000 12313
2025-07-05 03:43:03 INFO     6000 12313
2025-07-05 03:44:02 INFO     7000 12313
2025-07-05 03:45:02 INFO     8000 12313
2025-07-05 03:46:02 INFO     9000 12313
2025-07-05 03:47:02 INFO     10000 12313
2025-07-05 03:48:01 INFO     11000 12313
2025-07-05 03:49:00 INFO     12000 12313
2025-07-05 03:49:19 INFO     >>>>> Generator: Training
2025-07-05 03:49:20 INFO     -------------------------
2025-07-05 03:49:20 INFO     | EM Iteration: 2/5
2025-07-05 03:49:20 INFO     -------------------------
2025-07-05 03:49:20 INFO     >>>>> Generator: Rule generation with sampling
2025-07-05 03:49:20 INFO     Predictor: read 1343 rules from list.
2025-07-05 03:49:20 INFO     Preprocess training set
2025-07-05 03:49:20 INFO     >>>>> Predictor: Training
2025-07-05 03:50:16 INFO     1000 12313 8.241986 69366.7
2025-07-05 03:51:12 INFO     2000 12313 7.759912 69279.9
2025-07-05 03:52:09 INFO     3000 12313 7.582108 69253.9
2025-07-05 03:53:05 INFO     4000 12313 7.429486 69340.6
2025-07-05 03:54:01 INFO     5000 12313 7.350488 69366.7
2025-07-05 03:54:58 INFO     6000 12313 7.261388 69358.0
2025-07-05 03:55:53 INFO     7000 12313 7.222039 69366.7
2025-07-05 03:56:50 INFO     8000 12313 7.201439 69384.0
2025-07-05 03:57:46 INFO     9000 12313 7.163070 69262.6
2025-07-05 03:58:43 INFO     10000 12313 7.137437 69323.3
2025-07-05 03:59:40 INFO     11000 12313 7.108201 69366.7
2025-07-05 04:00:36 INFO     12000 12313 7.093864 69332.0
2025-07-05 04:00:53 INFO     >>>>> Predictor: Evaluating on valid
2025-07-05 04:01:14 INFO     Data : 3823
2025-07-05 04:01:14 INFO     Hit1 : 0.028250
2025-07-05 04:01:14 INFO     Hit3 : 0.060947
2025-07-05 04:01:14 INFO     Hit10: 0.122155
2025-07-05 04:01:14 INFO     MR   : 1155.158645
2025-07-05 04:01:14 INFO     MRR  : 0.059915
2025-07-05 04:01:14 INFO     >>>>> Predictor: Evaluating on test
2025-07-05 04:01:37 INFO     Data : 4402
2025-07-05 04:01:37 INFO     Hit1 : 0.037029
2025-07-05 04:01:37 INFO     Hit3 : 0.067697
2025-07-05 04:01:37 INFO     Hit10: 0.121308
2025-07-05 04:01:37 INFO     MR   : 1151.854952
2025-07-05 04:01:37 INFO     MRR  : 0.066256
2025-07-05 04:01:37 INFO     >>>>> Predictor: Computing H scores of rules
2025-07-05 04:02:39 INFO     1000 12313
2025-07-05 04:03:40 INFO     2000 12313
2025-07-05 04:04:41 INFO     3000 12313
2025-07-05 04:05:44 INFO     4000 12313
2025-07-05 04:06:46 INFO     5000 12313
2025-07-05 04:07:48 INFO     6000 12313
2025-07-05 04:08:50 INFO     7000 12313
2025-07-05 04:09:53 INFO     8000 12313
2025-07-05 04:10:55 INFO     9000 12313
2025-07-05 04:11:57 INFO     10000 12313
2025-07-05 04:12:58 INFO     11000 12313
2025-07-05 04:14:00 INFO     12000 12313
2025-07-05 04:14:19 INFO     >>>>> Generator: Training
2025-07-05 04:14:20 INFO     -------------------------
2025-07-05 04:14:20 INFO     | EM Iteration: 3/5
2025-07-05 04:14:20 INFO     -------------------------
2025-07-05 04:14:20 INFO     >>>>> Generator: Rule generation with sampling
2025-07-05 04:14:20 INFO     Predictor: read 1412 rules from list.
2025-07-05 04:14:20 INFO     Preprocess training set
2025-07-05 04:14:20 INFO     >>>>> Predictor: Training
2025-07-05 04:15:18 INFO     1000 12313 8.186434 69384.0
2025-07-05 04:16:15 INFO     2000 12313 7.698380 69384.0
2025-07-05 04:17:12 INFO     3000 12313 7.438209 69253.9
2025-07-05 04:18:09 INFO     4000 12313 7.297554 69323.3
2025-07-05 04:19:06 INFO     5000 12313 7.178202 69384.0
2025-07-05 04:20:03 INFO     6000 12313 7.059516 69323.3
2025-07-05 04:21:01 INFO     7000 12313 6.974232 69366.7
2025-07-05 04:21:58 INFO     8000 12313 6.907799 69332.0
2025-07-05 04:22:56 INFO     9000 12313 6.803359 69384.0
2025-07-05 04:23:53 INFO     10000 12313 6.806268 69227.9
2025-07-05 04:24:50 INFO     11000 12313 6.750974 69340.6
2025-07-05 04:25:48 INFO     12000 12313 6.717755 69297.3
2025-07-05 04:26:05 INFO     >>>>> Predictor: Evaluating on valid
2025-07-05 04:26:27 INFO     Data : 3823
2025-07-05 04:26:27 INFO     Hit1 : 0.030604
2025-07-05 04:26:27 INFO     Hit3 : 0.063301
2025-07-05 04:26:27 INFO     Hit10: 0.123202
2025-07-05 04:26:27 INFO     MR   : 1145.815328
2025-07-05 04:26:27 INFO     MRR  : 0.062217
2025-07-05 04:26:27 INFO     >>>>> Predictor: Evaluating on test
2025-07-05 04:26:53 INFO     Data : 4402
2025-07-05 04:26:53 INFO     Hit1 : 0.035666
2025-07-05 04:26:53 INFO     Hit3 : 0.069514
2025-07-05 04:26:53 INFO     Hit10: 0.126533
2025-07-05 04:26:53 INFO     MR   : 1125.611427
2025-07-05 04:26:53 INFO     MRR  : 0.067341
2025-07-05 04:26:53 INFO     >>>>> Predictor: Computing H scores of rules
2025-07-05 04:27:55 INFO     1000 12313
2025-07-05 04:28:57 INFO     2000 12313
2025-07-05 04:29:59 INFO     3000 12313
2025-07-05 04:31:02 INFO     4000 12313
2025-07-05 04:32:06 INFO     5000 12313
2025-07-05 04:33:10 INFO     6000 12313
2025-07-05 04:34:13 INFO     7000 12313
2025-07-05 04:35:16 INFO     8000 12313
2025-07-05 04:36:19 INFO     9000 12313
2025-07-05 04:37:22 INFO     10000 12313
2025-07-05 04:38:26 INFO     11000 12313
2025-07-05 04:39:30 INFO     12000 12313
2025-07-05 04:39:50 INFO     >>>>> Generator: Training
2025-07-05 04:39:50 INFO     -------------------------
2025-07-05 04:39:50 INFO     | EM Iteration: 4/5
2025-07-05 04:39:50 INFO     -------------------------
2025-07-05 04:39:50 INFO     >>>>> Generator: Rule generation with sampling
2025-07-05 04:39:50 INFO     Predictor: read 1426 rules from list.
2025-07-05 04:39:50 INFO     Preprocess training set
2025-07-05 04:39:50 INFO     >>>>> Predictor: Training
2025-07-05 04:40:48 INFO     1000 12313 8.235441 69314.6
2025-07-05 04:41:45 INFO     2000 12313 7.752048 69279.9
2025-07-05 04:42:42 INFO     3000 12313 7.502660 69366.7
2025-07-05 04:43:40 INFO     4000 12313 7.384731 69366.7
2025-07-05 04:44:38 INFO     5000 12313 7.285630 69288.6
2025-07-05 04:45:35 INFO     6000 12313 7.194170 69340.6
2025-07-05 04:46:33 INFO     7000 12313 7.106842 69384.0
2025-07-05 04:47:22 INFO     8000 12313 7.037347 69340.6
2025-07-05 04:48:10 INFO     9000 12313 7.031454 69384.0
2025-07-05 04:48:59 INFO     10000 12313 6.975618 69288.6
2025-07-05 04:49:48 INFO     11000 12313 6.936382 69262.6
2025-07-05 04:50:37 INFO     12000 12313 6.945867 69384.0
2025-07-05 04:50:52 INFO     >>>>> Predictor: Evaluating on valid
2025-07-05 04:51:13 INFO     Data : 3823
2025-07-05 04:51:13 INFO     Hit1 : 0.034789
2025-07-05 04:51:13 INFO     Hit3 : 0.073764
2025-07-05 04:51:13 INFO     Hit10: 0.144128
2025-07-05 04:51:13 INFO     MR   : 1091.815328
2025-07-05 04:51:13 INFO     MRR  : 0.071208
2025-07-05 04:51:13 INFO     >>>>> Predictor: Evaluating on test
2025-07-05 04:51:37 INFO     Data : 4402
2025-07-05 04:51:37 INFO     Hit1 : 0.044980
2025-07-05 04:51:37 INFO     Hit3 : 0.086552
2025-07-05 04:51:37 INFO     Hit10: 0.149023
2025-07-05 04:51:37 INFO     MR   : 1099.592344
2025-07-05 04:51:37 INFO     MRR  : 0.080133
2025-07-05 04:51:37 INFO     >>>>> Predictor: Computing H scores of rules
2025-07-05 04:52:32 INFO     1000 12313
2025-07-05 04:53:27 INFO     2000 12313
2025-07-05 04:54:23 INFO     3000 12313
2025-07-05 04:55:18 INFO     4000 12313
2025-07-05 04:56:14 INFO     5000 12313
2025-07-05 04:57:09 INFO     6000 12313
2025-07-05 04:58:04 INFO     7000 12313
2025-07-05 04:58:58 INFO     8000 12313
2025-07-05 04:59:52 INFO     9000 12313
2025-07-05 05:00:47 INFO     10000 12313
2025-07-05 05:01:43 INFO     11000 12313
2025-07-05 05:02:39 INFO     12000 12313
2025-07-05 05:02:56 INFO     >>>>> Generator: Training
2025-07-05 05:02:57 INFO     -------------------------
2025-07-05 05:02:57 INFO     | EM Iteration: 5/5
2025-07-05 05:02:57 INFO     -------------------------
2025-07-05 05:02:57 INFO     >>>>> Generator: Rule generation with sampling
2025-07-05 05:02:57 INFO     Predictor: read 1482 rules from list.
2025-07-05 05:02:57 INFO     Preprocess training set
2025-07-05 05:02:57 INFO     >>>>> Predictor: Training
2025-07-05 05:03:47 INFO     1000 12313 8.242797 69340.6
2025-07-05 05:04:38 INFO     2000 12313 7.792697 69288.6
2025-07-05 05:05:28 INFO     3000 12313 7.584489 69366.7
2025-07-05 05:06:19 INFO     4000 12313 7.471291 69305.9
2025-07-05 05:07:09 INFO     5000 12313 7.356705 69323.3
2025-07-05 05:08:00 INFO     6000 12313 7.310716 69384.0
2025-07-05 05:08:50 INFO     7000 12313 7.266276 69279.9
2025-07-05 05:09:39 INFO     8000 12313 7.194208 69384.0
2025-07-05 05:10:30 INFO     9000 12313 7.197570 69366.7
2025-07-05 05:11:20 INFO     10000 12313 7.156825 69297.3
2025-07-05 05:12:10 INFO     11000 12313 7.124651 69279.9
2025-07-05 05:13:00 INFO     12000 12313 7.133007 69384.0
2025-07-05 05:13:15 INFO     >>>>> Predictor: Evaluating on valid
2025-07-05 05:13:36 INFO     Data : 3823
2025-07-05 05:13:36 INFO     Hit1 : 0.031651
2025-07-05 05:13:36 INFO     Hit3 : 0.056762
2025-07-05 05:13:36 INFO     Hit10: 0.104891
2025-07-05 05:13:36 INFO     MR   : 1203.755820
2025-07-05 05:13:36 INFO     MRR  : 0.057972
2025-07-05 05:13:36 INFO     >>>>> Predictor: Evaluating on test
2025-07-05 05:14:00 INFO     Data : 4402
2025-07-05 05:14:00 INFO     Hit1 : 0.030668
2025-07-05 05:14:00 INFO     Hit3 : 0.060881
2025-07-05 05:14:00 INFO     Hit10: 0.105407
2025-07-05 05:14:00 INFO     MR   : 1188.294980
2025-07-05 05:14:00 INFO     MRR  : 0.057983
2025-07-05 05:14:00 INFO     >>>>> Predictor: Computing H scores of rules
2025-07-05 05:14:55 INFO     1000 12313
2025-07-05 05:15:51 INFO     2000 12313
2025-07-05 05:16:48 INFO     3000 12313
2025-07-05 05:17:44 INFO     4000 12313
2025-07-05 05:18:40 INFO     5000 12313
2025-07-05 05:19:37 INFO     6000 12313
2025-07-05 05:20:33 INFO     7000 12313
2025-07-05 05:21:29 INFO     8000 12313
2025-07-05 05:22:26 INFO     9000 12313
2025-07-05 05:23:22 INFO     10000 12313
2025-07-05 05:24:18 INFO     11000 12313
2025-07-05 05:25:14 INFO     12000 12313
2025-07-05 05:25:32 INFO     >>>>> Generator: Training
2025-07-05 05:25:32 INFO     -------------------------
2025-07-05 05:25:32 INFO     | Post-train Generator
2025-07-05 05:25:32 INFO     -------------------------
2025-07-05 05:25:32 INFO     >>>>> Generator: Training
2025-07-05 05:25:36 INFO     1000 1000 1.740982
2025-07-05 05:25:36 INFO     -------------------------
2025-07-05 05:25:36 INFO     | Beam Search Best Rules
2025-07-05 05:25:36 INFO     -------------------------
2025-07-05 05:25:36 INFO     >>>>> Generator: Rule generation with beam search
2025-07-05 05:25:37 INFO     >>>>> Generator: Rule generation with beam search
2025-07-05 05:25:38 INFO     >>>>> Generator: Rule generation with beam search
2025-07-05 05:25:46 INFO     >>>>> Generator: Rule generation with beam search
2025-07-05 05:25:52 INFO     >>>>> Generator: Rule generation with beam search
2025-07-05 05:25:56 INFO     -------------------------
2025-07-05 05:25:56 INFO     | Train Final Predictor+
2025-07-05 05:25:56 INFO     -------------------------
2025-07-05 05:25:56 INFO     Predictor+: read 18420 rules from list.
2025-07-05 05:25:56 INFO     Preprocess training set
2025-07-05 05:25:56 INFO     -------------------------
2025-07-05 05:25:56 INFO     | Iteration: 1/5
2025-07-05 05:25:56 INFO     -------------------------
2025-07-05 05:25:56 INFO     >>>>> Predictor: Training
2025-07-05 05:33:32 INFO     1000 12313 4.699710 69314.6
2025-07-05 05:41:08 INFO     2000 12313 4.494550 69366.7
2025-07-05 05:48:45 INFO     3000 12313 4.452915 69279.9
2025-07-05 05:56:20 INFO     4000 12313 4.445916 69340.6
2025-07-05 06:03:50 INFO     5000 12313 4.481415 69236.6
2025-07-05 06:11:18 INFO     6000 12313 4.445131 69366.7
2025-07-05 06:18:42 INFO     7000 12313 4.425836 69323.3
2025-07-05 06:26:07 INFO     8000 12313 4.463313 69349.3
2025-07-05 06:33:31 INFO     9000 12313 4.426090 69384.0
2025-07-05 06:40:57 INFO     10000 12313 4.420345 69384.0
2025-07-05 06:48:33 INFO     11000 12313 4.443178 69288.6
2025-07-05 06:55:59 INFO     12000 12313 4.446793 69366.7
2025-07-05 06:58:18 INFO     >>>>> Predictor: Evaluating on valid
2025-07-05 07:01:34 INFO     Data : 3823
2025-07-05 07:01:34 INFO     Hit1 : 0.079519
2025-07-05 07:01:34 INFO     Hit3 : 0.156683
2025-07-05 07:01:34 INFO     Hit10: 0.297410
2025-07-05 07:01:34 INFO     MR   : 632.422182
2025-07-05 07:01:34 INFO     MRR  : 0.148819
2025-07-05 07:01:34 INFO     >>>>> Predictor: Evaluating on test
2025-07-05 07:05:23 INFO     Data : 4402
2025-07-05 07:05:23 INFO     Hit1 : 0.107678
2025-07-05 07:05:23 INFO     Hit3 : 0.194003
2025-07-05 07:05:23 INFO     Hit10: 0.319400
2025-07-05 07:05:23 INFO     MR   : 617.978532
2025-07-05 07:05:23 INFO     MRR  : 0.177786
2025-07-05 07:05:23 INFO     Save checkpoint to results/semmeddb/ori/predictor.pt
2025-07-05 07:05:23 INFO     -------------------------
2025-07-05 07:05:23 INFO     | Iteration: 2/5
2025-07-05 07:05:23 INFO     -------------------------
2025-07-05 07:05:23 INFO     >>>>> Predictor: Training
2025-07-05 07:12:53 INFO     1000 12313 4.383991 69384.0
2025-07-05 07:20:23 INFO     2000 12313 4.380317 69384.0
2025-07-05 07:27:49 INFO     3000 12313 4.393835 69340.6
2025-07-05 07:35:14 INFO     4000 12313 4.397837 69305.9
2025-07-05 07:42:39 INFO     5000 12313 4.407311 69340.6
2025-07-05 07:50:04 INFO     6000 12313 4.409337 69297.3
2025-07-05 07:57:29 INFO     7000 12313 4.391275 69323.3
2025-07-05 08:04:54 INFO     8000 12313 4.419376 69366.7
2025-07-05 08:12:26 INFO     9000 12313 4.390469 69297.3
2025-07-05 08:19:57 INFO     10000 12313 4.404296 69366.7
2025-07-05 08:27:24 INFO     11000 12313 4.407478 69314.6
2025-07-05 08:34:52 INFO     12000 12313 4.421209 69279.9
2025-07-05 08:37:14 INFO     >>>>> Predictor: Evaluating on valid
2025-07-05 08:40:33 INFO     Data : 3823
2025-07-05 08:40:33 INFO     Hit1 : 0.075334
2025-07-05 08:40:33 INFO     Hit3 : 0.154852
2025-07-05 08:40:33 INFO     Hit10: 0.295841
2025-07-05 08:40:33 INFO     MR   : 612.673816
2025-07-05 08:40:33 INFO     MRR  : 0.145751
2025-07-05 08:40:33 INFO     >>>>> Predictor: Evaluating on test
2025-07-05 08:44:26 INFO     Data : 4402
2025-07-05 08:44:26 INFO     Hit1 : 0.111540
2025-07-05 08:44:26 INFO     Hit3 : 0.194003
2025-07-05 08:44:26 INFO     Hit10: 0.318492
2025-07-05 08:44:26 INFO     MR   : 592.371081
2025-07-05 08:44:26 INFO     MRR  : 0.179735
2025-07-05 08:44:26 INFO     -------------------------
2025-07-05 08:44:26 INFO     | Iteration: 3/5
2025-07-05 08:44:26 INFO     -------------------------
2025-07-05 08:44:26 INFO     >>>>> Predictor: Training
2025-07-05 08:52:05 INFO     1000 12313 4.386772 69262.6
2025-07-05 08:59:39 INFO     2000 12313 4.368587 69384.0
2025-07-05 09:07:05 INFO     3000 12313 4.350471 69262.6
2025-07-05 09:14:31 INFO     4000 12313 4.394439 69323.3
2025-07-05 09:21:57 INFO     5000 12313 4.361888 69366.7
2025-07-05 09:29:22 INFO     6000 12313 4.381804 69323.3
2025-07-05 09:36:48 INFO     7000 12313 4.388719 69366.7
2025-07-05 09:44:14 INFO     8000 12313 4.398908 69384.0
2025-07-05 09:51:40 INFO     9000 12313 4.379377 69349.3
2025-07-05 09:59:05 INFO     10000 12313 4.402093 69314.6
2025-07-05 10:06:31 INFO     11000 12313 4.364346 69349.3
2025-07-05 10:13:56 INFO     12000 12313 4.398161 69314.6
2025-07-05 10:16:15 INFO     >>>>> Predictor: Evaluating on valid
2025-07-05 10:19:32 INFO     Data : 3823
2025-07-05 10:19:32 INFO     Hit1 : 0.080565
2025-07-05 10:19:32 INFO     Hit3 : 0.161653
2025-07-05 10:19:32 INFO     Hit10: 0.297672
2025-07-05 10:19:32 INFO     MR   : 611.948470
2025-07-05 10:19:32 INFO     MRR  : 0.150431
2025-07-05 10:19:32 INFO     >>>>> Predictor: Evaluating on test
2025-07-05 10:23:23 INFO     Data : 4402
2025-07-05 10:23:23 INFO     Hit1 : 0.114948
2025-07-05 10:23:23 INFO     Hit3 : 0.196729
2025-07-05 10:23:23 INFO     Hit10: 0.322126
2025-07-05 10:23:23 INFO     MR   : 581.744094
2025-07-05 10:23:23 INFO     MRR  : 0.182928
2025-07-05 10:23:23 INFO     Save checkpoint to results/semmeddb/ori/predictor.pt
2025-07-05 10:23:23 INFO     -------------------------
2025-07-05 10:23:23 INFO     | Iteration: 4/5
2025-07-05 10:23:23 INFO     -------------------------
2025-07-05 10:23:23 INFO     >>>>> Predictor: Training
2025-07-05 10:30:52 INFO     1000 12313 4.338429 69384.0
2025-07-05 10:38:18 INFO     2000 12313 4.359563 69340.6
2025-07-05 10:45:44 INFO     3000 12313 4.366215 69384.0
2025-07-05 10:53:11 INFO     4000 12313 4.395311 69253.9
2025-07-05 11:00:38 INFO     5000 12313 4.380146 69262.6
2025-07-05 11:08:16 INFO     6000 12313 4.393848 69340.6
2025-07-05 11:15:42 INFO     7000 12313 4.373182 69314.6
2025-07-05 11:23:12 INFO     8000 12313 4.353958 69323.3
2025-07-05 11:30:51 INFO     9000 12313 4.386840 69366.7
2025-07-05 11:38:24 INFO     10000 12313 4.354073 69349.3
2025-07-05 11:45:50 INFO     11000 12313 4.371371 69366.7
2025-07-05 11:53:25 INFO     12000 12313 4.382285 69366.7
2025-07-05 11:55:48 INFO     >>>>> Predictor: Evaluating on valid
2025-07-05 11:59:11 INFO     Data : 3823
2025-07-05 11:59:11 INFO     Hit1 : 0.078472
2025-07-05 11:59:11 INFO     Hit3 : 0.165838
2025-07-05 11:59:11 INFO     Hit10: 0.296103
2025-07-05 11:59:11 INFO     MR   : 604.989406
2025-07-05 11:59:11 INFO     MRR  : 0.150234
2025-07-05 11:59:11 INFO     >>>>> Predictor: Evaluating on test
2025-07-05 12:03:04 INFO     Data : 4402
2025-07-05 12:03:04 INFO     Hit1 : 0.111086
2025-07-05 12:03:04 INFO     Hit3 : 0.191050
2025-07-05 12:03:04 INFO     Hit10: 0.323035
2025-07-05 12:03:04 INFO     MR   : 576.376874
2025-07-05 12:03:04 INFO     MRR  : 0.179139
2025-07-05 12:03:04 INFO     -------------------------
2025-07-05 12:03:04 INFO     | Iteration: 5/5
2025-07-05 12:03:04 INFO     -------------------------
2025-07-05 12:03:04 INFO     >>>>> Predictor: Training
2025-07-05 12:10:44 INFO     1000 12313 4.336688 69323.3
2025-07-05 12:18:24 INFO     2000 12313 4.362808 69384.0
2025-07-05 12:26:15 INFO     3000 12313 4.357252 69245.2
2025-07-05 12:35:10 INFO     4000 12313 4.337908 69384.0
2025-07-05 12:43:57 INFO     5000 12313 4.389182 69366.7
2025-07-05 12:52:41 INFO     6000 12313 4.358919 69323.3
2025-07-05 13:01:33 INFO     7000 12313 4.376588 69384.0
2025-07-05 13:12:21 INFO     8000 12313 4.388039 69297.3
2025-07-05 13:22:32 INFO     9000 12313 4.365320 69384.0
2025-07-05 13:31:22 INFO     10000 12313 4.363971 69271.3
2025-07-05 13:40:18 INFO     11000 12313 4.363792 69340.6
2025-07-05 13:49:09 INFO     12000 12313 4.347363 69297.3
2025-07-05 13:51:54 INFO     >>>>> Predictor: Evaluating on valid
2025-07-05 13:55:44 INFO     Data : 3823
2025-07-05 13:55:44 INFO     Hit1 : 0.079257
2025-07-05 13:55:44 INFO     Hit3 : 0.161653
2025-07-05 13:55:44 INFO     Hit10: 0.294010
2025-07-05 13:55:44 INFO     MR   : 600.388569
2025-07-05 13:55:44 INFO     MRR  : 0.149653
2025-07-05 13:55:44 INFO     >>>>> Predictor: Evaluating on test
2025-07-05 14:00:15 INFO     Data : 4402
2025-07-05 14:00:15 INFO     Hit1 : 0.111995
2025-07-05 14:00:15 INFO     Hit3 : 0.189005
2025-07-05 14:00:15 INFO     Hit10: 0.312585
2025-07-05 14:00:15 INFO     MR   : 576.127328
2025-07-05 14:00:15 INFO     MRR  : 0.178297
2025-07-05 14:00:15 INFO     -------------------------
2025-07-05 14:00:15 INFO     | Final Test MRR: 0.182928
2025-07-05 14:00:15 INFO     -------------------------
