2025-07-22 22:28:24 INFO     is_soft_label: False
2025-07-22 22:28:24 INFO     is_scheduled_sampling: True
2025-07-22 22:28:24 INFO     is_test_mode: False
2025-07-22 22:28:25 INFO     Data loading | DONE!
2025-07-22 22:28:25 INFO     Using full datasets for training, validation, and testing.
2025-07-22 22:28:25 INFO     -------------------------
2025-07-22 22:28:25 INFO     | EM Iteration: 1/5
2025-07-22 22:28:25 INFO     -------------------------
2025-07-22 22:28:25 INFO     >>>>> Using miner's rule
2025-07-22 22:28:25 INFO     Predictor: read 13661 rules from list.
2025-07-22 22:28:26 INFO     Preprocess training set
2025-07-22 22:28:26 INFO     >>>>> Predictor: Evaluating on valid
2025-07-22 22:30:48 INFO     Data : 2077
2025-07-22 22:30:48 INFO     Hit1 : 0.065479
2025-07-22 22:30:48 INFO     Hit3 : 0.127106
2025-07-22 22:30:48 INFO     Hit10: 0.199326
2025-07-22 22:30:48 INFO     MR   : 1120.902022
2025-07-22 22:30:48 INFO     MRR  : 0.114382
2025-07-22 22:30:48 INFO     >>>>> Predictor: Evaluating on test
2025-07-22 22:33:20 INFO     Data : 2342
2025-07-22 22:33:20 INFO     Hit1 : 0.078992
2025-07-22 22:33:20 INFO     Hit3 : 0.124253
2025-07-22 22:33:20 INFO     Hit10: 0.208796
2025-07-22 22:33:20 INFO     MR   : 1044.269001
2025-07-22 22:33:20 INFO     MRR  : 0.122250
2025-07-22 22:33:20 INFO     >>>>> Predictor: Computing H scores of rules
2025-07-22 23:10:48 INFO     1000 5959
2025-07-22 23:50:21 INFO     2000 5959
2025-07-23 00:28:09 INFO     3000 5959
2025-07-23 01:05:29 INFO     4000 5959
2025-07-23 01:42:32 INFO     5000 5959
2025-07-23 02:20:01 INFO     >>>>> Generator: Training
2025-07-23 02:20:11 INFO     -------------------------
2025-07-23 02:20:11 INFO     | EM Iteration: 2/5
2025-07-23 02:20:11 INFO     -------------------------
2025-07-23 02:20:11 INFO     >>>>> Using Generator's sample rule
2025-07-23 02:20:11 INFO     >>>>> Generator: Rule generation with sampling
2025-07-23 02:20:11 INFO     Predictor: read 1910 rules from list.
2025-07-23 02:20:11 INFO     Preprocess training set
2025-07-23 02:20:11 INFO     >>>>> Predictor: Training
2025-07-23 02:21:26 INFO     1000 5959 8.782457 69314.6
2025-07-23 02:22:42 INFO     2000 5959 8.410559 69271.3
2025-07-23 02:23:57 INFO     3000 5959 8.220157 69245.2
2025-07-23 02:25:17 INFO     4000 5959 8.066903 69340.6
2025-07-23 02:26:35 INFO     5000 5959 7.944350 69340.6
2025-07-23 02:27:57 INFO     >>>>> Predictor: Evaluating on valid
2025-07-23 02:28:16 INFO     Data : 2077
2025-07-23 02:28:16 INFO     Hit1 : 0.025036
2025-07-23 02:28:16 INFO     Hit3 : 0.040924
2025-07-23 02:28:16 INFO     Hit10: 0.064516
2025-07-23 02:28:16 INFO     MR   : 1408.601348
2025-07-23 02:28:16 INFO     MRR  : 0.041208
2025-07-23 02:28:16 INFO     >>>>> Predictor: Evaluating on test
2025-07-23 02:28:37 INFO     Data : 2342
2025-07-23 02:28:37 INFO     Hit1 : 0.019641
2025-07-23 02:28:37 INFO     Hit3 : 0.031170
2025-07-23 02:28:37 INFO     Hit10: 0.058497
2025-07-23 02:28:37 INFO     MR   : 1315.137062
2025-07-23 02:28:37 INFO     MRR  : 0.035162
2025-07-23 02:28:37 INFO     >>>>> Predictor: Computing H scores of rules
2025-07-23 02:31:57 INFO     1000 5959
2025-07-23 02:35:28 INFO     2000 5959
2025-07-23 02:38:48 INFO     3000 5959
2025-07-23 02:42:08 INFO     4000 5959
2025-07-23 02:45:28 INFO     5000 5959
2025-07-23 02:48:43 INFO     >>>>> Generator: Training
2025-07-23 02:48:53 INFO     -------------------------
2025-07-23 02:48:53 INFO     | EM Iteration: 3/5
2025-07-23 02:48:53 INFO     -------------------------
2025-07-23 02:48:53 INFO     >>>>> Using Generator's sample rule
2025-07-23 02:48:53 INFO     >>>>> Generator: Rule generation with sampling
2025-07-23 02:48:53 INFO     Predictor: read 1894 rules from list.
2025-07-23 02:48:53 INFO     Preprocess training set
2025-07-23 02:48:53 INFO     >>>>> Predictor: Training
2025-07-23 02:50:10 INFO     1000 5959 8.811361 69332.0
2025-07-23 02:51:33 INFO     2000 5959 8.473597 69349.3
2025-07-23 02:52:58 INFO     3000 5959 8.262540 69184.5
2025-07-23 02:54:12 INFO     4000 5959 8.094346 69253.9
2025-07-23 02:55:25 INFO     5000 5959 8.001096 69332.0
2025-07-23 02:56:35 INFO     >>>>> Predictor: Evaluating on valid
2025-07-23 02:56:54 INFO     Data : 2077
2025-07-23 02:56:54 INFO     Hit1 : 0.010592
2025-07-23 02:56:54 INFO     Hit3 : 0.025518
2025-07-23 02:56:54 INFO     Hit10: 0.051517
2025-07-23 02:56:54 INFO     MR   : 1450.406837
2025-07-23 02:56:54 INFO     MRR  : 0.026721
2025-07-23 02:56:54 INFO     >>>>> Predictor: Evaluating on test
2025-07-23 02:57:14 INFO     Data : 2342
2025-07-23 02:57:14 INFO     Hit1 : 0.014091
2025-07-23 02:57:14 INFO     Hit3 : 0.024765
2025-07-23 02:57:14 INFO     Hit10: 0.047395
2025-07-23 02:57:14 INFO     MR   : 1339.567891
2025-07-23 02:57:14 INFO     MRR  : 0.027995
2025-07-23 02:57:14 INFO     >>>>> Predictor: Computing H scores of rules
2025-07-23 03:00:45 INFO     1000 5959
2025-07-23 03:04:08 INFO     2000 5959
2025-07-23 03:07:28 INFO     3000 5959
2025-07-23 03:10:48 INFO     4000 5959
2025-07-23 03:14:09 INFO     5000 5959
2025-07-23 03:17:25 INFO     >>>>> Generator: Training
2025-07-23 03:17:35 INFO     -------------------------
2025-07-23 03:17:35 INFO     | EM Iteration: 4/5
2025-07-23 03:17:35 INFO     -------------------------
2025-07-23 03:17:35 INFO     >>>>> Using Generator's sample rule
2025-07-23 03:17:35 INFO     >>>>> Generator: Rule generation with sampling
2025-07-23 03:17:35 INFO     Predictor: read 1923 rules from list.
2025-07-23 03:17:35 INFO     Preprocess training set
2025-07-23 03:17:35 INFO     >>>>> Predictor: Training
2025-07-23 03:19:01 INFO     1000 5959 8.795448 69271.3
2025-07-23 03:20:16 INFO     2000 5959 8.415264 69340.6
2025-07-23 03:21:31 INFO     3000 5959 8.157345 69384.0
2025-07-23 03:22:55 INFO     4000 5959 7.988755 69262.6
2025-07-23 03:24:20 INFO     5000 5959 7.849661 69332.0
2025-07-23 03:25:32 INFO     >>>>> Predictor: Evaluating on valid
2025-07-23 03:25:50 INFO     Data : 2077
2025-07-23 03:25:50 INFO     Hit1 : 0.001444
2025-07-23 03:25:50 INFO     Hit3 : 0.004333
2025-07-23 03:25:50 INFO     Hit10: 0.014444
2025-07-23 03:25:50 INFO     MR   : 1509.454502
2025-07-23 03:25:50 INFO     MRR  : 0.009340
2025-07-23 03:25:50 INFO     >>>>> Predictor: Evaluating on test
2025-07-23 03:26:11 INFO     Data : 2342
2025-07-23 03:26:11 INFO     Hit1 : 0.001281
2025-07-23 03:26:11 INFO     Hit3 : 0.008540
2025-07-23 03:26:11 INFO     Hit10: 0.017933
2025-07-23 03:26:11 INFO     MR   : 1398.881085
2025-07-23 03:26:11 INFO     MRR  : 0.010718
2025-07-23 03:26:11 INFO     >>>>> Predictor: Computing H scores of rules
2025-07-23 03:29:31 INFO     1000 5959
2025-07-23 03:32:51 INFO     2000 5959
2025-07-23 03:36:22 INFO     3000 5959
2025-07-23 03:40:03 INFO     4000 5959
2025-07-23 03:43:24 INFO     5000 5959
2025-07-23 03:46:39 INFO     >>>>> Generator: Training
2025-07-23 03:46:49 INFO     -------------------------
2025-07-23 03:46:49 INFO     | EM Iteration: 5/5
2025-07-23 03:46:49 INFO     -------------------------
2025-07-23 03:46:49 INFO     >>>>> Using Generator's sample rule
2025-07-23 03:46:49 INFO     >>>>> Generator: Rule generation with sampling
2025-07-23 03:46:50 INFO     Predictor: read 1940 rules from list.
2025-07-23 03:46:50 INFO     Preprocess training set
2025-07-23 03:46:50 INFO     >>>>> Predictor: Training
2025-07-23 03:48:06 INFO     1000 5959 8.820225 69332.0
2025-07-23 03:49:23 INFO     2000 5959 8.474214 69349.3
2025-07-23 03:50:37 INFO     3000 5959 8.251743 69340.6
2025-07-23 03:51:51 INFO     4000 5959 8.111076 69297.3
2025-07-23 03:53:16 INFO     5000 5959 7.963352 69219.2
2025-07-23 03:54:29 INFO     >>>>> Predictor: Evaluating on valid
2025-07-23 03:54:48 INFO     Data : 2077
2025-07-23 03:54:48 INFO     Hit1 : 0.013000
2025-07-23 03:54:48 INFO     Hit3 : 0.022147
2025-07-23 03:54:48 INFO     Hit10: 0.033702
2025-07-23 03:54:48 INFO     MR   : 1536.172364
2025-07-23 03:54:48 INFO     MRR  : 0.023873
2025-07-23 03:54:48 INFO     >>>>> Predictor: Evaluating on test
2025-07-23 03:55:10 INFO     Data : 2342
2025-07-23 03:55:10 INFO     Hit1 : 0.009821
2025-07-23 03:55:10 INFO     Hit3 : 0.017506
2025-07-23 03:55:10 INFO     Hit10: 0.032024
2025-07-23 03:55:10 INFO     MR   : 1412.519214
2025-07-23 03:55:10 INFO     MRR  : 0.020036
2025-07-23 03:55:10 INFO     >>>>> Predictor: Computing H scores of rules
2025-07-23 03:58:40 INFO     1000 5959
2025-07-23 04:02:03 INFO     2000 5959
2025-07-23 04:05:47 INFO     3000 5959
2025-07-23 04:09:17 INFO     4000 5959
2025-07-23 04:12:37 INFO     5000 5959
2025-07-23 04:15:54 INFO     >>>>> Generator: Training
2025-07-23 04:16:04 INFO     -------------------------
2025-07-23 04:16:04 INFO     | Post-train Generator
2025-07-23 04:16:04 INFO     -------------------------
2025-07-23 04:16:05 INFO     >>>>> Generator: Training
2025-07-23 04:17:49 INFO     [E01000] Total 28.581177 | Main 5.661041 | RelClus 6.196578 | EntType 33.162837
2025-07-23 04:17:49 INFO     -------------------------
2025-07-23 04:17:49 INFO     | Beam Search Best Rules
2025-07-23 04:17:49 INFO     -------------------------
2025-07-23 04:17:49 INFO     >>>>> Generator: Rule generation with beam search
2025-07-23 04:17:50 INFO     >>>>> Generator: Rule generation with beam search
2025-07-23 04:17:56 INFO     >>>>> Generator: Rule generation with beam search
2025-07-23 04:19:15 INFO     >>>>> Generator: Rule generation with beam search
2025-07-23 04:20:19 INFO     >>>>> Generator: Rule generation with beam search
2025-07-23 04:21:02 INFO     -------------------------
2025-07-23 04:21:02 INFO     | Train Final Predictor+
2025-07-23 04:21:02 INFO     -------------------------
2025-07-23 04:21:02 INFO     Predictor+: read 18420 rules from list.
2025-07-23 04:21:02 INFO     Preprocess training set
2025-07-23 04:21:02 INFO     -------------------------
2025-07-23 04:21:02 INFO     | Iteration: 1/5
2025-07-23 04:21:02 INFO     -------------------------
2025-07-23 04:21:02 INFO     >>>>> Predictor: Training
2025-07-23 04:27:14 INFO     1000 5959 5.258888 69271.3
2025-07-23 04:33:17 INFO     2000 5959 5.141807 69332.0
2025-07-23 04:39:12 INFO     3000 5959 5.107530 69375.3
2025-07-23 04:45:10 INFO     4000 5959 5.093373 69279.9
2025-07-23 04:51:14 INFO     5000 5959 5.063267 69349.3
2025-07-23 04:57:04 INFO     >>>>> Predictor: Evaluating on valid
2025-07-23 04:58:34 INFO     Data : 2077
2025-07-23 04:58:34 INFO     Hit1 : 0.065961
2025-07-23 04:58:34 INFO     Hit3 : 0.127588
2025-07-23 04:58:34 INFO     Hit10: 0.201733
2025-07-23 04:58:34 INFO     MR   : 1228.563312
2025-07-23 04:58:34 INFO     MRR  : 0.111022
2025-07-23 04:58:34 INFO     >>>>> Predictor: Evaluating on test
2025-07-23 05:00:14 INFO     Data : 2342
2025-07-23 05:00:14 INFO     Hit1 : 0.093510
2025-07-23 05:00:14 INFO     Hit3 : 0.147310
2025-07-23 05:00:14 INFO     Hit10: 0.205380
2025-07-23 05:00:14 INFO     MR   : 1138.116781
2025-07-23 05:00:14 INFO     MRR  : 0.131984
2025-07-23 05:00:14 INFO     Save checkpoint to results/semmeddb/10_times_each/scheduled_sampling/7_20250722_222822/predictor.pt
2025-07-23 05:00:14 INFO     -------------------------
2025-07-23 05:00:14 INFO     | Iteration: 2/5
2025-07-23 05:00:14 INFO     -------------------------
2025-07-23 05:00:14 INFO     >>>>> Predictor: Training
2025-07-23 05:06:31 INFO     1000 5959 5.027923 69366.7
2025-07-23 05:12:25 INFO     2000 5959 5.049968 69375.3
2025-07-23 05:18:35 INFO     3000 5959 5.045821 69219.2
2025-07-23 05:24:38 INFO     4000 5959 5.043988 69305.9
2025-07-23 05:30:57 INFO     5000 5959 5.023928 69288.6
2025-07-23 05:36:57 INFO     >>>>> Predictor: Evaluating on valid
2025-07-23 05:38:26 INFO     Data : 2077
2025-07-23 05:38:26 INFO     Hit1 : 0.063072
2025-07-23 05:38:26 INFO     Hit3 : 0.128551
2025-07-23 05:38:26 INFO     Hit10: 0.200289
2025-07-23 05:38:26 INFO     MR   : 1198.634088
2025-07-23 05:38:26 INFO     MRR  : 0.109931
2025-07-23 05:38:26 INFO     >>>>> Predictor: Evaluating on test
2025-07-23 05:40:06 INFO     Data : 2342
2025-07-23 05:40:06 INFO     Hit1 : 0.094791
2025-07-23 05:40:06 INFO     Hit3 : 0.140905
2025-07-23 05:40:06 INFO     Hit10: 0.201537
2025-07-23 05:40:06 INFO     MR   : 1108.373185
2025-07-23 05:40:06 INFO     MRR  : 0.131458
2025-07-23 05:40:06 INFO     -------------------------
2025-07-23 05:40:06 INFO     | Iteration: 3/5
2025-07-23 05:40:06 INFO     -------------------------
2025-07-23 05:40:06 INFO     >>>>> Predictor: Training
2025-07-23 05:46:02 INFO     1000 5959 5.028167 69288.6
2025-07-23 05:52:04 INFO     2000 5959 5.032711 69288.6
2025-07-23 05:58:17 INFO     3000 5959 5.014508 69340.6
2025-07-23 06:04:21 INFO     4000 5959 5.024381 69271.3
2025-07-23 06:10:21 INFO     5000 5959 5.050258 69219.2
2025-07-23 06:16:05 INFO     >>>>> Predictor: Evaluating on valid
2025-07-23 06:17:33 INFO     Data : 2077
2025-07-23 06:17:33 INFO     Hit1 : 0.070294
2025-07-23 06:17:33 INFO     Hit3 : 0.130958
2025-07-23 06:17:33 INFO     Hit10: 0.200289
2025-07-23 06:17:33 INFO     MR   : 1189.490611
2025-07-23 06:17:33 INFO     MRR  : 0.113274
2025-07-23 06:17:33 INFO     >>>>> Predictor: Evaluating on test
2025-07-23 06:19:22 INFO     Data : 2342
2025-07-23 06:19:22 INFO     Hit1 : 0.095218
2025-07-23 06:19:22 INFO     Hit3 : 0.143040
2025-07-23 06:19:22 INFO     Hit10: 0.205380
2025-07-23 06:19:22 INFO     MR   : 1093.462852
2025-07-23 06:19:22 INFO     MRR  : 0.132285
2025-07-23 06:19:22 INFO     Save checkpoint to results/semmeddb/10_times_each/scheduled_sampling/7_20250722_222822/predictor.pt
2025-07-23 06:19:22 INFO     -------------------------
2025-07-23 06:19:22 INFO     | Iteration: 4/5
2025-07-23 06:19:22 INFO     -------------------------
2025-07-23 06:19:22 INFO     >>>>> Predictor: Training
2025-07-23 06:25:17 INFO     1000 5959 4.997460 69340.6
2025-07-23 06:31:20 INFO     2000 5959 4.986570 69184.5
2025-07-23 06:37:18 INFO     3000 5959 5.073237 69253.9
2025-07-23 06:43:24 INFO     4000 5959 5.022887 69340.6
2025-07-23 06:49:27 INFO     5000 5959 5.016233 69384.0
2025-07-23 06:55:09 INFO     >>>>> Predictor: Evaluating on valid
2025-07-23 06:56:38 INFO     Data : 2077
2025-07-23 06:56:38 INFO     Hit1 : 0.067405
2025-07-23 06:56:38 INFO     Hit3 : 0.128551
2025-07-23 06:56:38 INFO     Hit10: 0.199807
2025-07-23 06:56:38 INFO     MR   : 1185.388782
2025-07-23 06:56:38 INFO     MRR  : 0.112011
2025-07-23 06:56:38 INFO     >>>>> Predictor: Evaluating on test
2025-07-23 06:58:27 INFO     Data : 2342
2025-07-23 06:58:27 INFO     Hit1 : 0.096072
2025-07-23 06:58:27 INFO     Hit3 : 0.143894
2025-07-23 06:58:27 INFO     Hit10: 0.206661
2025-07-23 06:58:27 INFO     MR   : 1099.547182
2025-07-23 06:58:27 INFO     MRR  : 0.132378
2025-07-23 06:58:27 INFO     -------------------------
2025-07-23 06:58:27 INFO     | Iteration: 5/5
2025-07-23 06:58:27 INFO     -------------------------
2025-07-23 06:58:27 INFO     >>>>> Predictor: Training
2025-07-23 07:04:33 INFO     1000 5959 5.025004 69323.3
2025-07-23 07:10:28 INFO     2000 5959 5.023219 69332.0
2025-07-23 07:16:35 INFO     3000 5959 5.042527 69219.2
2025-07-23 07:22:41 INFO     4000 5959 5.008187 69297.3
2025-07-23 07:28:44 INFO     5000 5959 4.989698 69332.0
2025-07-23 07:34:33 INFO     >>>>> Predictor: Evaluating on valid
2025-07-23 07:36:02 INFO     Data : 2077
2025-07-23 07:36:02 INFO     Hit1 : 0.069331
2025-07-23 07:36:02 INFO     Hit3 : 0.124699
2025-07-23 07:36:02 INFO     Hit10: 0.198844
2025-07-23 07:36:02 INFO     MR   : 1179.571257
2025-07-23 07:36:02 INFO     MRR  : 0.112594
2025-07-23 07:36:02 INFO     >>>>> Predictor: Evaluating on test
2025-07-23 07:37:43 INFO     Data : 2342
2025-07-23 07:37:43 INFO     Hit1 : 0.095218
2025-07-23 07:37:43 INFO     Hit3 : 0.144321
2025-07-23 07:37:43 INFO     Hit10: 0.206661
2025-07-23 07:37:43 INFO     MR   : 1087.999573
2025-07-23 07:37:43 INFO     MRR  : 0.132996
2025-07-23 07:37:43 INFO     -------------------------
2025-07-23 07:37:43 INFO     | Final Test MRR: 0.132285
2025-07-23 07:37:43 INFO     -------------------------
