2025-06-18 12:55:50 INFO     Predictor: read 1273 rules from list.
2025-06-18 13:01:00 INFO     Predictor: read 1342 rules from list.
2025-06-18 13:06:19 INFO     Predictor: read 1412 rules from list.
2025-06-18 13:11:45 INFO     Predictor: read 1424 rules from list.
2025-06-18 13:17:15 INFO     Predictor: read 1485 rules from list.
2025-06-18 13:23:23 INFO     Predictor+: read 18420 rules from list.
025-06-18 12:55:16 INFO     2000 10000 1.555844
2025-06-18 12:55:20 INFO     3000 10000 1.544617
2025-06-18 12:55:24 INFO     4000 10000 1.539628
2025-06-18 12:55:29 INFO     5000 10000 1.541232
2025-06-18 12:55:33 INFO     6000 10000 1.537140
2025-06-18 12:55:37 INFO     7000 10000 1.535005
2025-06-18 12:55:42 INFO     8000 10000 1.534639
2025-06-18 12:55:46 INFO     9000 10000 1.533593
2025-06-18 12:55:50 INFO     10000 10000 1.531518
2025-06-18 12:55:50 INFO     -------------------------
2025-06-18 12:55:50 INFO     | EM Iteration: 1/5
2025-06-18 12:55:50 INFO     -------------------------
2025-06-18 12:55:50 INFO     >>>>> Generator: Rule generation with sampling
2025-06-18 12:55:50 INFO     Predictor: read 1273 rules from list.
2025-06-18 12:55:50 INFO     Initializing distributed process group
2025-06-18 12:55:50 INFO     Preprocess training set
2025-06-18 12:55:50 INFO     >>>>> Predictor: Training
2025-06-18 12:56:29 INFO     1000 2980 8.362119 69305.9
2025-06-18 12:57:06 INFO     2000 2980 7.794615 69297.3
2025-06-18 12:57:43 INFO     >>>>> Predictor: Evaluating on valid
2025-06-18 12:57:47 INFO     Data : 2077
2025-06-18 12:57:47 INFO     Hit1 : 0.036591
2025-06-18 12:57:47 INFO     Hit3 : 0.071257
2025-06-18 12:57:47 INFO     Hit10: 0.131921
2025-06-18 12:57:47 INFO     MR   : 1244.617477
2025-06-18 12:57:47 INFO     MRR  : 0.069399
2025-06-18 12:57:47 INFO     >>>>> Predictor: Evaluating on test
2025-06-18 12:57:52 INFO     Data : 2342
2025-06-18 12:57:52 INFO     Hit1 : 0.038723
2025-06-18 12:57:52 INFO     Hit3 : 0.077021
2025-06-18 12:57:52 INFO     Hit10: 0.136596
2025-06-18 12:57:52 INFO     MR   : 1156.860851
2025-06-18 12:57:52 INFO     MRR  : 0.073737
2025-06-18 12:57:52 INFO     >>>>> Predictor: Computing H scores of rules
2025-06-18 12:58:54 INFO     1000 2980
2025-06-18 12:59:56 INFO     2000 2980
2025-06-18 13:00:59 INFO     >>>>> Generator: Training
2025-06-18 13:00:59 INFO     -------------------------
2025-06-18 13:00:59 INFO     | EM Iteration: 2/5
2025-06-18 13:00:59 INFO     -------------------------
2025-06-18 13:00:59 INFO     >>>>> Generator: Rule generation with sampling
2025-06-18 13:01:00 INFO     Predictor: read 1342 rules from list.
2025-06-18 13:01:00 INFO     Preprocess training set
2025-06-18 13:01:00 INFO     >>>>> Predictor: Training
2025-06-18 13:01:39 INFO     1000 2980 8.393676 69349.3
2025-06-18 13:02:18 INFO     2000 2980 7.804280 69227.9
2025-06-18 13:02:55 INFO     >>>>> Predictor: Evaluating on valid
2025-06-18 13:02:59 INFO     Data : 2077
2025-06-18 13:02:59 INFO     Hit1 : 0.046221
2025-06-18 13:02:59 INFO     Hit3 : 0.077034
2025-06-18 13:02:59 INFO     Hit10: 0.141550
2025-06-18 13:02:59 INFO     MR   : 1238.048146
2025-06-18 13:02:59 INFO     MRR  : 0.078114
2025-06-18 13:02:59 INFO     >>>>> Predictor: Evaluating on test
2025-06-18 13:03:03 INFO     Data : 2342
2025-06-18 13:03:03 INFO     Hit1 : 0.054043
2025-06-18 13:03:03 INFO     Hit3 : 0.087660
2025-06-18 13:03:03 INFO     Hit10: 0.142128
2025-06-18 13:03:03 INFO     MR   : 1129.164043
2025-06-18 13:03:03 INFO     MRR  : 0.085770
2025-06-18 13:03:03 INFO     >>>>> Predictor: Computing H scores of rules
2025-06-18 13:04:08 INFO     1000 2980
2025-06-18 13:05:12 INFO     2000 2980
2025-06-18 13:06:19 INFO     >>>>> Generator: Training
2025-06-18 13:06:19 INFO     -------------------------
2025-06-18 13:06:19 INFO     | EM Iteration: 3/5
2025-06-18 13:06:19 INFO     -------------------------
2025-06-18 13:06:19 INFO     >>>>> Generator: Rule generation with sampling
2025-06-18 13:06:19 INFO     Predictor: read 1412 rules from list.
2025-06-18 13:06:19 INFO     Preprocess training set
2025-06-18 13:06:19 INFO     >>>>> Predictor: Training
2025-06-18 13:06:59 INFO     1000 2980 8.349985 69323.3
2025-06-18 13:07:38 INFO     2000 2980 7.703440 69358.0
2025-06-18 13:08:17 INFO     >>>>> Predictor: Evaluating on valid
2025-06-18 13:08:21 INFO     Data : 2077
2025-06-18 13:08:21 INFO     Hit1 : 0.038517
2025-06-18 13:08:21 INFO     Hit3 : 0.071738
2025-06-18 13:08:21 INFO     Hit10: 0.139143
2025-06-18 13:08:21 INFO     MR   : 1232.864709
2025-06-18 13:08:21 INFO     MRR  : 0.071862
2025-06-18 13:08:21 INFO     >>>>> Predictor: Evaluating on test
2025-06-18 13:08:25 INFO     Data : 2342
2025-06-18 13:08:25 INFO     Hit1 : 0.040851
2025-06-18 13:08:25 INFO     Hit3 : 0.076170
2025-06-18 13:08:25 INFO     Hit10: 0.135745
2025-06-18 13:08:25 INFO     MR   : 1152.449149
2025-06-18 13:08:25 INFO     MRR  : 0.073675
2025-06-18 13:08:25 INFO     >>>>> Predictor: Computing H scores of rules
2025-06-18 13:09:33 INFO     1000 2980
2025-06-18 13:10:40 INFO     2000 2980
2025-06-18 13:11:45 INFO     >>>>> Generator: Training
2025-06-18 13:11:45 INFO     -------------------------
2025-06-18 13:11:45 INFO     | EM Iteration: 4/5
2025-06-18 13:11:45 INFO     -------------------------
2025-06-18 13:11:45 INFO     >>>>> Generator: Rule generation with sampling
2025-06-18 13:11:45 INFO     Predictor: read 1424 rules from list.
2025-06-18 13:11:45 INFO     Preprocess training set
2025-06-18 13:11:45 INFO     >>>>> Predictor: Training
2025-06-18 13:12:25 INFO     1000 2980 8.357754 69366.7
2025-06-18 13:13:05 INFO     2000 2980 7.754565 69305.9
2025-06-18 13:13:44 INFO     >>>>> Predictor: Evaluating on valid
2025-06-18 13:13:48 INFO     Data : 2077
2025-06-18 13:13:48 INFO     Hit1 : 0.048146
2025-06-18 13:13:48 INFO     Hit3 : 0.092441
2025-06-18 13:13:48 INFO     Hit10: 0.151180
2025-06-18 13:13:48 INFO     MR   : 1214.486760
2025-06-18 13:13:48 INFO     MRR  : 0.086368
2025-06-18 13:13:48 INFO     >>>>> Predictor: Evaluating on test
2025-06-18 13:13:53 INFO     Data : 2342
2025-06-18 13:13:53 INFO     Hit1 : 0.059574
2025-06-18 13:13:53 INFO     Hit3 : 0.102128
2025-06-18 13:13:53 INFO     Hit10: 0.171489
2025-06-18 13:13:53 INFO     MR   : 1110.890000
2025-06-18 13:13:53 INFO     MRR  : 0.097107
2025-06-18 13:13:53 INFO     >>>>> Predictor: Computing H scores of rules
2025-06-18 13:15:00 INFO     1000 2980
2025-06-18 13:16:07 INFO     2000 2980
2025-06-18 13:17:14 INFO     >>>>> Generator: Training
2025-06-18 13:17:15 INFO     -------------------------
2025-06-18 13:17:15 INFO     | EM Iteration: 5/5
2025-06-18 13:17:15 INFO     -------------------------
2025-06-18 13:17:15 INFO     >>>>> Generator: Rule generation with sampling
2025-06-18 13:17:15 INFO     Predictor: read 1485 rules from list.
2025-06-18 13:17:15 INFO     Preprocess training set
2025-06-18 13:17:15 INFO     >>>>> Predictor: Training
2025-06-18 13:17:55 INFO     1000 2980 8.385511 69271.3
2025-06-18 13:18:35 INFO     2000 2980 7.818142 69332.0
2025-06-18 13:19:15 INFO     >>>>> Predictor: Evaluating on valid
2025-06-18 13:19:20 INFO     Data : 2077
2025-06-18 13:19:20 INFO     Hit1 : 0.042369
2025-06-18 13:19:20 INFO     Hit3 : 0.081367
2025-06-18 13:19:20 INFO     Hit10: 0.137217
2025-06-18 13:19:20 INFO     MR   : 1256.511314
2025-06-18 13:19:20 INFO     MRR  : 0.076521
2025-06-18 13:19:20 INFO     >>>>> Predictor: Evaluating on test
2025-06-18 13:19:25 INFO     Data : 2342
2025-06-18 13:19:25 INFO     Hit1 : 0.050213
2025-06-18 13:19:25 INFO     Hit3 : 0.086383
2025-06-18 13:19:25 INFO     Hit10: 0.137021
2025-06-18 13:19:25 INFO     MR   : 1164.163191
2025-06-18 13:19:25 INFO     MRR  : 0.082536
2025-06-18 13:19:25 INFO     >>>>> Predictor: Computing H scores of rules
2025-06-18 13:20:33 INFO     1000 2980
2025-06-18 13:21:42 INFO     2000 2980
2025-06-18 13:22:50 INFO     >>>>> Generator: Training
2025-06-18 13:22:50 INFO     -------------------------
2025-06-18 13:22:50 INFO     | Post-train Generator
2025-06-18 13:22:50 INFO     -------------------------
2025-06-18 13:22:50 INFO     >>>>> Generator: Training
2025-06-18 13:22:55 INFO     1000 1000 1.741632
2025-06-18 13:22:55 INFO     -------------------------
2025-06-18 13:22:55 INFO     | Beam Search Best Rules
2025-06-18 13:22:55 INFO     -------------------------
2025-06-18 13:22:55 INFO     >>>>> Generator: Rule generation with beam search
2025-06-18 13:22:55 INFO     >>>>> Generator: Rule generation with beam search
2025-06-18 13:22:56 INFO     >>>>> Generator: Rule generation with beam search
2025-06-18 13:23:08 INFO     >>>>> Generator: Rule generation with beam search
2025-06-18 13:23:15 INFO     >>>>> Generator: Rule generation with beam search
2025-06-18 13:23:20 INFO     -------------------------
2025-06-18 13:23:20 INFO     | Train Final Predictor+
2025-06-18 13:23:20 INFO     -------------------------
2025-06-18 13:23:20 INFO     Predictor+: read 18420 rules from list.
2025-06-18 13:23:20 INFO     Preprocess training set
2025-06-18 13:23:20 INFO     -------------------------
2025-06-18 13:23:20 INFO     | Iteration: 1/5
2025-06-18 13:23:20 INFO     -------------------------
2025-06-18 13:23:20 INFO     >>>>> Predictor: Training
2025-06-18 13:34:45 INFO     1000 2980 4.796699 69384.0
2025-06-18 13:46:07 INFO     2000 2980 4.652163 69236.6
2025-06-18 13:57:15 INFO     >>>>> Predictor: Evaluating on valid
2025-06-18 13:58:40 INFO     Data : 2077
2025-06-18 13:58:40 INFO     Hit1 : 0.103033
2025-06-18 13:58:40 INFO     Hit3 : 0.194511
2025-06-18 13:58:40 INFO     Hit10: 0.316803
2025-06-18 13:58:40 INFO     MR   : 944.138421
2025-06-18 13:58:40 INFO     MRR  : 0.173075
2025-06-18 13:58:40 INFO     >>>>> Predictor: Evaluating on test
2025-06-18 14:00:16 INFO     Data : 2342
2025-06-18 14:00:16 INFO     Hit1 : 0.130213
2025-06-18 14:00:16 INFO     Hit3 : 0.215745
2025-06-18 14:00:16 INFO     Hit10: 0.325532
2025-06-18 14:00:16 INFO     MR   : 862.331489
2025-06-18 14:00:16 INFO     MRR  : 0.195026
2025-06-18 14:00:16 INFO     Save checkpoint to results/semmeddb/multitask/matrix_encode_relation/task1_next_clus/random_init/cluster_3/0618_all_filtered/ori/predictor.pt
2025-06-18 14:00:16 INFO     -------------------------
2025-06-18 14:00:16 INFO     | Iteration: 2/5
2025-06-18 14:00:16 INFO     -------------------------
2025-06-18 14:00:16 INFO     >>>>> Predictor: Training
2025-06-18 14:11:37 INFO     1000 2980 4.543888 69245.2
2025-06-18 14:22:53 INFO     2000 2980 4.515764 69349.3
2025-06-18 14:33:53 INFO     >>>>> Predictor: Evaluating on valid
2025-06-18 14:35:16 INFO     Data : 2077
2025-06-18 14:35:16 INFO     Hit1 : 0.090997
2025-06-18 14:35:16 INFO     Hit3 : 0.181030
2025-06-18 14:35:16 INFO     Hit10: 0.303322
2025-06-18 14:35:16 INFO     MR   : 911.663938
2025-06-18 14:35:16 INFO     MRR  : 0.160407
2025-06-18 14:35:16 INFO     >>>>> Predictor: Evaluating on test
2025-06-18 14:36:49 INFO     Data : 2342
2025-06-18 14:36:49 INFO     Hit1 : 0.121702
2025-06-18 14:36:49 INFO     Hit3 : 0.201702
2025-06-18 14:36:49 INFO     Hit10: 0.317447
2025-06-18 14:36:49 INFO     MR   : 833.462340
2025-06-18 14:36:49 INFO     MRR  : 0.185121
2025-06-18 14:36:49 INFO     -------------------------
2025-06-18 14:36:49 INFO     | Iteration: 3/5
2025-06-18 14:36:49 INFO     -------------------------
2025-06-18 14:36:49 INFO     >>>>> Predictor: Training
2025-06-18 14:47:59 INFO     1000 2980 4.504926 69193.2
2025-06-18 14:59:12 INFO     2000 2980 4.513774 69271.3
2025-06-18 15:11:12 INFO     >>>>> Predictor: Evaluating on valid
2025-06-18 15:12:38 INFO     Data : 2077
2025-06-18 15:12:38 INFO     Hit1 : 0.090997
2025-06-18 15:12:38 INFO     Hit3 : 0.178142
2025-06-18 15:12:38 INFO     Hit10: 0.308137
2025-06-18 15:12:38 INFO     MR   : 920.121329
2025-06-18 15:12:38 INFO     MRR  : 0.161550
2025-06-18 15:12:38 INFO     >>>>> Predictor: Evaluating on test
2025-06-18 15:14:15 INFO     Data : 2342
2025-06-18 15:14:15 INFO     Hit1 : 0.123404
2025-06-18 15:14:15 INFO     Hit3 : 0.205957
2025-06-18 15:14:15 INFO     Hit10: 0.322553
2025-06-18 15:14:15 INFO     MR   : 832.978085
2025-06-18 15:14:15 INFO     MRR  : 0.188098
2025-06-18 15:14:15 INFO     -------------------------
2025-06-18 15:14:15 INFO     | Iteration: 4/5
2025-06-18 15:14:15 INFO     -------------------------
2025-06-18 15:14:15 INFO     >>>>> Predictor: Training
2025-06-18 15:26:24 INFO     1000 2980 4.479328 69340.6
2025-06-18 15:37:35 INFO     2000 2980 4.514617 69175.8
2025-06-18 15:48:32 INFO     >>>>> Predictor: Evaluating on valid
2025-06-18 15:49:55 INFO     Data : 2077
2025-06-18 15:49:55 INFO     Hit1 : 0.085219
2025-06-18 15:49:55 INFO     Hit3 : 0.176697
2025-06-18 15:49:55 INFO     Hit10: 0.304766
2025-06-18 15:49:55 INFO     MR   : 902.954261
2025-06-18 15:49:55 INFO     MRR  : 0.156912
2025-06-18 15:49:55 INFO     >>>>> Predictor: Evaluating on test
2025-06-18 15:51:29 INFO     Data : 2342
2025-06-18 15:51:29 INFO     Hit1 : 0.117872
2025-06-18 15:51:29 INFO     Hit3 : 0.205106
2025-06-18 15:51:29 INFO     Hit10: 0.319149
2025-06-18 15:51:29 INFO     MR   : 827.462128
2025-06-18 15:51:29 INFO     MRR  : 0.184760
2025-06-18 15:51:29 INFO     -------------------------
2025-06-18 15:51:29 INFO     | Iteration: 5/5
2025-06-18 15:51:29 INFO     -------------------------
2025-06-18 15:51:29 INFO     >>>>> Predictor: Training
2025-06-18 16:03:12 INFO     1000 2980 4.425392 69184.5
2025-06-18 16:14:42 INFO     2000 2980 4.476587 69366.7
2025-06-18 16:26:17 INFO     >>>>> Predictor: Evaluating on valid
2025-06-18 16:27:48 INFO     Data : 2077
2025-06-18 16:27:48 INFO     Hit1 : 0.089071
2025-06-18 16:27:48 INFO     Hit3 : 0.180067
2025-06-18 16:27:48 INFO     Hit10: 0.308618
2025-06-18 16:27:48 INFO     MR   : 913.800193
2025-06-18 16:27:48 INFO     MRR  : 0.158491
2025-06-18 16:27:48 INFO     >>>>> Predictor: Evaluating on test
2025-06-18 16:29:26 INFO     Data : 2342
2025-06-18 16:29:26 INFO     Hit1 : 0.117021
2025-06-18 16:29:26 INFO     Hit3 : 0.197872
2025-06-18 16:29:26 INFO     Hit10: 0.312340
2025-06-18 16:29:26 INFO     MR   : 843.230851
2025-06-18 16:29:26 INFO     MRR  : 0.180951
2025-06-18 16:29:26 INFO     -------------------------
2025-06-18 16:29:26 INFO     | Final Test MRR: 0.195026
2025-06-18 16:29:26 INFO     -------------------------
