2025-07-24 17:48:58 INFO     is_soft_label: True
2025-07-24 17:48:58 INFO     is_scheduled_sampling: False
2025-07-24 17:48:58 INFO     is_test_mode: False
2025-07-24 17:48:58 INFO     Data loading | DONE!
2025-07-24 17:48:58 INFO     Using full datasets for training, validation, and testing.
2025-07-24 17:48:58 INFO     -------------------------
2025-07-24 17:48:58 INFO     | EM Iteration: 1/5
2025-07-24 17:48:58 INFO     -------------------------
2025-07-24 17:48:58 INFO     >>>>> Using miner's rule
2025-07-24 17:48:58 INFO     Predictor: read 13661 rules from list.
2025-07-24 17:49:00 INFO     Preprocess training set
2025-07-24 17:49:00 INFO     >>>>> Predictor: Evaluating on valid
2025-07-24 17:52:22 INFO     Data : 2077
2025-07-24 17:52:22 INFO     Hit1 : 0.065479
2025-07-24 17:52:22 INFO     Hit3 : 0.127106
2025-07-24 17:52:22 INFO     Hit10: 0.199326
2025-07-24 17:52:22 INFO     MR   : 1120.902022
2025-07-24 17:52:22 INFO     MRR  : 0.114382
2025-07-24 17:52:22 INFO     >>>>> Predictor: Evaluating on test
2025-07-24 17:56:09 INFO     Data : 2342
2025-07-24 17:56:09 INFO     Hit1 : 0.078992
2025-07-24 17:56:09 INFO     Hit3 : 0.124253
2025-07-24 17:56:09 INFO     Hit10: 0.208796
2025-07-24 17:56:09 INFO     MR   : 1044.269001
2025-07-24 17:56:09 INFO     MRR  : 0.122250
2025-07-24 17:56:09 INFO     >>>>> Predictor: Computing H scores of rules
2025-07-24 18:46:22 INFO     1000 5959
2025-07-24 19:38:27 INFO     2000 5959
2025-07-24 20:27:38 INFO     3000 5959
2025-07-24 21:13:46 INFO     4000 5959
2025-07-24 22:03:04 INFO     5000 5959
2025-07-24 22:49:44 INFO     >>>>> Generator: Training
2025-07-24 22:49:50 INFO     -------------------------
2025-07-24 22:49:50 INFO     | EM Iteration: 2/5
2025-07-24 22:49:50 INFO     -------------------------
2025-07-24 22:49:50 INFO     >>>>> Using Generator's sample rule
2025-07-24 22:49:50 INFO     >>>>> Generator: Rule generation with sampling
2025-07-24 22:49:50 INFO     Predictor: read 1891 rules from list.
2025-07-24 22:49:50 INFO     Preprocess training set
2025-07-24 22:49:50 INFO     >>>>> Predictor: Training
2025-07-24 22:51:10 INFO     1000 5959 8.787350 69314.6
2025-07-24 22:52:32 INFO     2000 5959 8.382764 69271.3
2025-07-24 22:54:00 INFO     3000 5959 8.131391 69245.2
2025-07-24 22:55:16 INFO     4000 5959 7.931444 69340.6
2025-07-24 22:56:34 INFO     5000 5959 7.734254 69340.6
2025-07-24 22:57:47 INFO     >>>>> Predictor: Evaluating on valid
2025-07-24 22:58:04 INFO     Data : 2077
2025-07-24 22:58:04 INFO     Hit1 : 0.013000
2025-07-24 22:58:04 INFO     Hit3 : 0.025518
2025-07-24 22:58:04 INFO     Hit10: 0.049109
2025-07-24 22:58:04 INFO     MR   : 1453.326673
2025-07-24 22:58:04 INFO     MRR  : 0.026916
2025-07-24 22:58:04 INFO     >>>>> Predictor: Evaluating on test
2025-07-24 22:58:22 INFO     Data : 2342
2025-07-24 22:58:22 INFO     Hit1 : 0.011529
2025-07-24 22:58:22 INFO     Hit3 : 0.020495
2025-07-24 22:58:22 INFO     Hit10: 0.046968
2025-07-24 22:58:22 INFO     MR   : 1356.227156
2025-07-24 22:58:22 INFO     MRR  : 0.025305
2025-07-24 22:58:22 INFO     >>>>> Predictor: Computing H scores of rules
2025-07-24 23:01:59 INFO     1000 5959
2025-07-24 23:05:37 INFO     2000 5959
2025-07-24 23:09:23 INFO     3000 5959
2025-07-24 23:13:09 INFO     4000 5959
2025-07-24 23:16:56 INFO     5000 5959
2025-07-24 23:20:38 INFO     >>>>> Generator: Training
2025-07-24 23:20:44 INFO     -------------------------
2025-07-24 23:20:44 INFO     | EM Iteration: 3/5
2025-07-24 23:20:44 INFO     -------------------------
2025-07-24 23:20:44 INFO     >>>>> Using Generator's sample rule
2025-07-24 23:20:44 INFO     >>>>> Generator: Rule generation with sampling
2025-07-24 23:20:44 INFO     Predictor: read 1877 rules from list.
2025-07-24 23:20:44 INFO     Preprocess training set
2025-07-24 23:20:44 INFO     >>>>> Predictor: Training
2025-07-24 23:22:17 INFO     1000 5959 8.824971 69332.0
2025-07-24 23:23:52 INFO     2000 5959 8.507216 69349.3
2025-07-24 23:25:27 INFO     3000 5959 8.308978 69184.5
2025-07-24 23:27:04 INFO     4000 5959 8.171594 69253.9
2025-07-24 23:28:35 INFO     5000 5959 8.086073 69332.0
2025-07-24 23:30:09 INFO     >>>>> Predictor: Evaluating on valid
2025-07-24 23:30:28 INFO     Data : 2077
2025-07-24 23:30:28 INFO     Hit1 : 0.009629
2025-07-24 23:30:28 INFO     Hit3 : 0.017814
2025-07-24 23:30:28 INFO     Hit10: 0.030332
2025-07-24 23:30:28 INFO     MR   : 1486.650939
2025-07-24 23:30:28 INFO     MRR  : 0.020407
2025-07-24 23:30:28 INFO     >>>>> Predictor: Evaluating on test
2025-07-24 23:30:50 INFO     Data : 2342
2025-07-24 23:30:50 INFO     Hit1 : 0.013237
2025-07-24 23:30:50 INFO     Hit3 : 0.017506
2025-07-24 23:30:50 INFO     Hit10: 0.030743
2025-07-24 23:30:50 INFO     MR   : 1367.673783
2025-07-24 23:30:50 INFO     MRR  : 0.022282
2025-07-24 23:30:50 INFO     >>>>> Predictor: Computing H scores of rules
2025-07-24 23:34:51 INFO     1000 5959
2025-07-24 23:38:33 INFO     2000 5959
2025-07-24 23:42:27 INFO     3000 5959
2025-07-24 23:46:18 INFO     4000 5959
2025-07-24 23:50:05 INFO     5000 5959
2025-07-24 23:53:58 INFO     >>>>> Generator: Training
2025-07-24 23:54:04 INFO     -------------------------
2025-07-24 23:54:04 INFO     | EM Iteration: 4/5
2025-07-24 23:54:04 INFO     -------------------------
2025-07-24 23:54:04 INFO     >>>>> Using Generator's sample rule
2025-07-24 23:54:04 INFO     >>>>> Generator: Rule generation with sampling
2025-07-24 23:54:04 INFO     Predictor: read 1825 rules from list.
2025-07-24 23:54:04 INFO     Preprocess training set
2025-07-24 23:54:04 INFO     >>>>> Predictor: Training
2025-07-24 23:55:31 INFO     1000 5959 8.821351 69271.3
2025-07-24 23:57:00 INFO     2000 5959 8.496939 69340.6
2025-07-24 23:58:32 INFO     3000 5959 8.303720 69384.0
2025-07-25 00:00:08 INFO     4000 5959 8.162609 69262.6
2025-07-25 00:01:35 INFO     5000 5959 8.070421 69332.0
2025-07-25 00:02:56 INFO     >>>>> Predictor: Evaluating on valid
2025-07-25 00:03:12 INFO     Data : 2077
2025-07-25 00:03:12 INFO     Hit1 : 0.010111
2025-07-25 00:03:12 INFO     Hit3 : 0.023110
2025-07-25 00:03:12 INFO     Hit10: 0.045258
2025-07-25 00:03:12 INFO     MR   : 1467.164420
2025-07-25 00:03:12 INFO     MRR  : 0.025462
2025-07-25 00:03:12 INFO     >>>>> Predictor: Evaluating on test
2025-07-25 00:03:34 INFO     Data : 2342
2025-07-25 00:03:34 INFO     Hit1 : 0.007686
2025-07-25 00:03:34 INFO     Hit3 : 0.020495
2025-07-25 00:03:34 INFO     Hit10: 0.047395
2025-07-25 00:03:34 INFO     MR   : 1371.664389
2025-07-25 00:03:34 INFO     MRR  : 0.023807
2025-07-25 00:03:34 INFO     >>>>> Predictor: Computing H scores of rules
2025-07-25 00:07:45 INFO     1000 5959
2025-07-25 00:11:27 INFO     2000 5959
2025-07-25 00:15:43 INFO     3000 5959
2025-07-25 00:19:26 INFO     4000 5959
2025-07-25 00:23:06 INFO     5000 5959
2025-07-25 00:26:46 INFO     >>>>> Generator: Training
2025-07-25 00:26:52 INFO     -------------------------
2025-07-25 00:26:52 INFO     | EM Iteration: 5/5
2025-07-25 00:26:52 INFO     -------------------------
2025-07-25 00:26:52 INFO     >>>>> Using Generator's sample rule
2025-07-25 00:26:52 INFO     >>>>> Generator: Rule generation with sampling
2025-07-25 00:26:53 INFO     Predictor: read 1681 rules from list.
2025-07-25 00:26:53 INFO     Preprocess training set
2025-07-25 00:26:53 INFO     >>>>> Predictor: Training
2025-07-25 00:28:09 INFO     1000 5959 8.794182 69332.0
2025-07-25 00:29:26 INFO     2000 5959 8.415524 69349.3
2025-07-25 00:30:41 INFO     3000 5959 8.172504 69340.6
2025-07-25 00:31:56 INFO     4000 5959 7.983291 69297.3
2025-07-25 00:33:16 INFO     5000 5959 7.810212 69219.2
2025-07-25 00:34:33 INFO     >>>>> Predictor: Evaluating on valid
2025-07-25 00:34:47 INFO     Data : 2077
2025-07-25 00:34:47 INFO     Hit1 : 0.040443
2025-07-25 00:34:47 INFO     Hit3 : 0.071738
2025-07-25 00:34:47 INFO     Hit10: 0.096293
2025-07-25 00:34:47 INFO     MR   : 1422.199567
2025-07-25 00:34:47 INFO     MRR  : 0.064460
2025-07-25 00:34:47 INFO     >>>>> Predictor: Evaluating on test
2025-07-25 00:35:03 INFO     Data : 2342
2025-07-25 00:35:03 INFO     Hit1 : 0.046968
2025-07-25 00:35:03 INFO     Hit3 : 0.072588
2025-07-25 00:35:03 INFO     Hit10: 0.100769
2025-07-25 00:35:03 INFO     MR   : 1326.768787
2025-07-25 00:35:03 INFO     MRR  : 0.068906
2025-07-25 00:35:03 INFO     >>>>> Predictor: Computing H scores of rules
2025-07-25 00:38:41 INFO     1000 5959
2025-07-25 00:42:43 INFO     2000 5959
2025-07-25 00:46:10 INFO     3000 5959
2025-07-25 00:49:30 INFO     4000 5959
2025-07-25 00:52:51 INFO     5000 5959
2025-07-25 00:56:10 INFO     >>>>> Generator: Training
2025-07-25 00:56:17 INFO     -------------------------
2025-07-25 00:56:17 INFO     | Post-train Generator
2025-07-25 00:56:17 INFO     -------------------------
2025-07-25 00:56:19 INFO     >>>>> Generator: Training
2025-07-25 00:57:22 INFO     [E01000] Total 2.409739 | Main 2.409739 | EntType 0.000000
2025-07-25 00:57:22 INFO     -------------------------
2025-07-25 00:57:22 INFO     | Beam Search Best Rules
2025-07-25 00:57:22 INFO     -------------------------
2025-07-25 00:57:22 INFO     >>>>> Generator: Rule generation with beam search
2025-07-25 00:57:24 INFO     >>>>> Generator: Rule generation with beam search
2025-07-25 00:57:33 INFO     >>>>> Generator: Rule generation with beam search
2025-07-25 00:59:25 INFO     >>>>> Generator: Rule generation with beam search
2025-07-25 01:00:56 INFO     >>>>> Generator: Rule generation with beam search
2025-07-25 01:01:58 INFO     -------------------------
2025-07-25 01:01:58 INFO     | Train Final Predictor+
2025-07-25 01:01:58 INFO     -------------------------
2025-07-25 01:01:58 INFO     Predictor+: read 18420 rules from list.
2025-07-25 01:01:58 INFO     Preprocess training set
2025-07-25 01:01:58 INFO     -------------------------
2025-07-25 01:01:58 INFO     | Iteration: 1/5
2025-07-25 01:01:58 INFO     -------------------------
2025-07-25 01:01:58 INFO     >>>>> Predictor: Training
2025-07-25 01:10:15 INFO     1000 5959 5.230714 69271.3
2025-07-25 01:18:03 INFO     2000 5959 5.081540 69332.0
2025-07-25 01:27:28 INFO     3000 5959 5.046020 69375.3
2025-07-25 01:35:39 INFO     4000 5959 5.036522 69279.9
2025-07-25 01:43:24 INFO     5000 5959 5.011124 69349.3
2025-07-25 01:52:14 INFO     >>>>> Predictor: Evaluating on valid
2025-07-25 01:54:49 INFO     Data : 2077
2025-07-25 01:54:49 INFO     Hit1 : 0.082330
2025-07-25 01:54:49 INFO     Hit3 : 0.137699
2025-07-25 01:54:49 INFO     Hit10: 0.238806
2025-07-25 01:54:49 INFO     MR   : 1155.322340
2025-07-25 01:54:49 INFO     MRR  : 0.129979
2025-07-25 01:54:49 INFO     >>>>> Predictor: Evaluating on test
2025-07-25 01:57:43 INFO     Data : 2342
2025-07-25 01:57:43 INFO     Hit1 : 0.096499
2025-07-25 01:57:43 INFO     Hit3 : 0.154996
2025-07-25 01:57:43 INFO     Hit10: 0.241247
2025-07-25 01:57:43 INFO     MR   : 1065.152220
2025-07-25 01:57:43 INFO     MRR  : 0.143913
2025-07-25 01:57:43 INFO     Save checkpoint to results/semmeddb/10_times_each/soft_label/1_20250724_174856/predictor.pt
2025-07-25 01:57:43 INFO     -------------------------
2025-07-25 01:57:43 INFO     | Iteration: 2/5
2025-07-25 01:57:43 INFO     -------------------------
2025-07-25 01:57:43 INFO     >>>>> Predictor: Training
2025-07-25 02:07:31 INFO     1000 5959 4.959431 69366.7
2025-07-25 02:17:00 INFO     2000 5959 4.983899 69375.3
2025-07-25 02:24:55 INFO     3000 5959 4.971136 69219.2
2025-07-25 02:33:12 INFO     4000 5959 4.983793 69305.9
2025-07-25 02:41:53 INFO     5000 5959 4.957663 69288.6
2025-07-25 02:49:09 INFO     >>>>> Predictor: Evaluating on valid
2025-07-25 02:51:00 INFO     Data : 2077
2025-07-25 02:51:00 INFO     Hit1 : 0.071257
2025-07-25 02:51:00 INFO     Hit3 : 0.139143
2025-07-25 02:51:00 INFO     Hit10: 0.239287
2025-07-25 02:51:00 INFO     MR   : 1123.595811
2025-07-25 02:51:00 INFO     MRR  : 0.123800
2025-07-25 02:51:00 INFO     >>>>> Predictor: Evaluating on test
2025-07-25 02:53:05 INFO     Data : 2342
2025-07-25 02:53:05 INFO     Hit1 : 0.093510
2025-07-25 02:53:05 INFO     Hit3 : 0.154142
2025-07-25 02:53:05 INFO     Hit10: 0.235269
2025-07-25 02:53:05 INFO     MR   : 1035.895816
2025-07-25 02:53:05 INFO     MRR  : 0.140794
2025-07-25 02:53:05 INFO     -------------------------
2025-07-25 02:53:05 INFO     | Iteration: 3/5
2025-07-25 02:53:05 INFO     -------------------------
2025-07-25 02:53:05 INFO     >>>>> Predictor: Training
2025-07-25 03:00:38 INFO     1000 5959 4.960655 69288.6
2025-07-25 03:09:26 INFO     2000 5959 4.962676 69288.6
2025-07-25 03:19:19 INFO     3000 5959 4.942899 69340.6
2025-07-25 03:27:07 INFO     4000 5959 4.940712 69271.3
2025-07-25 03:35:35 INFO     5000 5959 4.991300 69219.2
2025-07-25 03:43:48 INFO     >>>>> Predictor: Evaluating on valid
2025-07-25 03:45:39 INFO     Data : 2077
2025-07-25 03:45:39 INFO     Hit1 : 0.073182
2025-07-25 03:45:39 INFO     Hit3 : 0.134810
2025-07-25 03:45:39 INFO     Hit10: 0.237843
2025-07-25 03:45:39 INFO     MR   : 1119.776360
2025-07-25 03:45:39 INFO     MRR  : 0.125161
2025-07-25 03:45:39 INFO     >>>>> Predictor: Evaluating on test
2025-07-25 03:47:50 INFO     Data : 2342
2025-07-25 03:47:50 INFO     Hit1 : 0.099488
2025-07-25 03:47:50 INFO     Hit3 : 0.152007
2025-07-25 03:47:50 INFO     Hit10: 0.239966
2025-07-25 03:47:50 INFO     MR   : 1028.592656
2025-07-25 03:47:50 INFO     MRR  : 0.144232
2025-07-25 03:47:50 INFO     -------------------------
2025-07-25 03:47:50 INFO     | Iteration: 4/5
2025-07-25 03:47:50 INFO     -------------------------
2025-07-25 03:47:50 INFO     >>>>> Predictor: Training
2025-07-25 03:56:07 INFO     1000 5959 4.924505 69340.6
2025-07-25 04:04:17 INFO     2000 5959 4.920672 69184.5
2025-07-25 04:12:16 INFO     3000 5959 4.987827 69253.9
2025-07-25 04:20:23 INFO     4000 5959 4.948787 69340.6
2025-07-25 04:28:28 INFO     5000 5959 4.946059 69384.0
2025-07-25 04:35:52 INFO     >>>>> Predictor: Evaluating on valid
2025-07-25 04:37:47 INFO     Data : 2077
2025-07-25 04:37:47 INFO     Hit1 : 0.073664
2025-07-25 04:37:47 INFO     Hit3 : 0.142995
2025-07-25 04:37:47 INFO     Hit10: 0.239287
2025-07-25 04:37:47 INFO     MR   : 1110.513240
2025-07-25 04:37:47 INFO     MRR  : 0.127015
2025-07-25 04:37:47 INFO     >>>>> Predictor: Evaluating on test
2025-07-25 04:39:57 INFO     Data : 2342
2025-07-25 04:39:57 INFO     Hit1 : 0.099915
2025-07-25 04:39:57 INFO     Hit3 : 0.157131
2025-07-25 04:39:57 INFO     Hit10: 0.242528
2025-07-25 04:39:57 INFO     MR   : 1024.459650
2025-07-25 04:39:57 INFO     MRR  : 0.145510
2025-07-25 04:39:57 INFO     -------------------------
2025-07-25 04:39:57 INFO     | Iteration: 5/5
2025-07-25 04:39:57 INFO     -------------------------
2025-07-25 04:39:57 INFO     >>>>> Predictor: Training
2025-07-25 04:47:44 INFO     1000 5959 4.949322 69323.3
2025-07-25 04:55:30 INFO     2000 5959 4.945229 69332.0
2025-07-25 05:03:33 INFO     3000 5959 4.961130 69219.2
2025-07-25 05:11:34 INFO     4000 5959 4.932265 69297.3
2025-07-25 05:19:44 INFO     5000 5959 4.924068 69332.0
2025-07-25 05:27:28 INFO     >>>>> Predictor: Evaluating on valid
2025-07-25 05:29:28 INFO     Data : 2077
2025-07-25 05:29:28 INFO     Hit1 : 0.070294
2025-07-25 05:29:28 INFO     Hit3 : 0.137217
2025-07-25 05:29:28 INFO     Hit10: 0.241695
2025-07-25 05:29:28 INFO     MR   : 1098.136736
2025-07-25 05:29:28 INFO     MRR  : 0.124413
2025-07-25 05:29:28 INFO     >>>>> Predictor: Evaluating on test
2025-07-25 05:31:44 INFO     Data : 2342
2025-07-25 05:31:44 INFO     Hit1 : 0.096072
2025-07-25 05:31:44 INFO     Hit3 : 0.155850
2025-07-25 05:31:44 INFO     Hit10: 0.239539
2025-07-25 05:31:44 INFO     MR   : 1012.694065
2025-07-25 05:31:44 INFO     MRR  : 0.143822
2025-07-25 05:31:44 INFO     -------------------------
2025-07-25 05:31:44 INFO     | Final Test MRR: 0.143913
2025-07-25 05:31:44 INFO     -------------------------
