2025-07-22 19:10:03 INFO     is_soft_label: False
2025-07-22 19:10:03 INFO     is_scheduled_sampling: False
2025-07-22 19:10:03 INFO     is_test_mode: False
2025-07-22 19:10:04 INFO     Data loading | DONE!
2025-07-22 19:10:04 INFO     Using full datasets for training, validation, and testing.
2025-07-22 19:10:05 INFO     -------------------------
2025-07-22 19:10:05 INFO     | EM Iteration: 1/5
2025-07-22 19:10:05 INFO     -------------------------
2025-07-22 19:10:05 INFO     >>>>> Using miner's rule
2025-07-22 19:10:05 INFO     Predictor: read 13661 rules from list.
2025-07-22 19:10:07 INFO     Preprocess training set
2025-07-22 19:10:07 INFO     >>>>> Predictor: Evaluating on valid
2025-07-22 19:14:54 INFO     Data : 2077
2025-07-22 19:14:54 INFO     Hit1 : 0.065479
2025-07-22 19:14:54 INFO     Hit3 : 0.127106
2025-07-22 19:14:54 INFO     Hit10: 0.199326
2025-07-22 19:14:54 INFO     MR   : 1120.902022
2025-07-22 19:14:54 INFO     MRR  : 0.114382
2025-07-22 19:14:54 INFO     >>>>> Predictor: Evaluating on test
2025-07-22 19:20:15 INFO     Data : 2342
2025-07-22 19:20:15 INFO     Hit1 : 0.078992
2025-07-22 19:20:15 INFO     Hit3 : 0.124253
2025-07-22 19:20:15 INFO     Hit10: 0.208796
2025-07-22 19:20:15 INFO     MR   : 1044.269001
2025-07-22 19:20:15 INFO     MRR  : 0.122250
2025-07-22 19:20:15 INFO     >>>>> Predictor: Computing H scores of rules
2025-07-22 20:28:16 INFO     1000 5959
2025-07-22 21:37:33 INFO     2000 5959
2025-07-22 22:46:46 INFO     3000 5959
2025-07-23 00:03:27 INFO     4000 5959
2025-07-23 01:14:33 INFO     5000 5959
2025-07-23 02:16:50 INFO     >>>>> Generator: Training
2025-07-23 02:17:00 INFO     -------------------------
2025-07-23 02:17:00 INFO     | EM Iteration: 2/5
2025-07-23 02:17:00 INFO     -------------------------
2025-07-23 02:17:00 INFO     >>>>> Using Generator's sample rule
2025-07-23 02:17:00 INFO     >>>>> Generator: Rule generation with sampling
2025-07-23 02:17:01 INFO     Predictor: read 1904 rules from list.
2025-07-23 02:17:01 INFO     Preprocess training set
2025-07-23 02:17:01 INFO     >>>>> Predictor: Training
2025-07-23 02:19:05 INFO     1000 5959 8.782312 69314.6
2025-07-23 02:21:15 INFO     2000 5959 8.410004 69271.3
2025-07-23 02:23:22 INFO     3000 5959 8.219053 69245.2
2025-07-23 02:25:29 INFO     4000 5959 8.065449 69340.6
2025-07-23 02:27:34 INFO     5000 5959 7.940880 69340.6
2025-07-23 02:29:31 INFO     >>>>> Predictor: Evaluating on valid
2025-07-23 02:29:53 INFO     Data : 2077
2025-07-23 02:29:53 INFO     Hit1 : 0.025036
2025-07-23 02:29:53 INFO     Hit3 : 0.040924
2025-07-23 02:29:53 INFO     Hit10: 0.064035
2025-07-23 02:29:53 INFO     MR   : 1407.828117
2025-07-23 02:29:53 INFO     MRR  : 0.041154
2025-07-23 02:29:53 INFO     >>>>> Predictor: Evaluating on test
2025-07-23 02:30:17 INFO     Data : 2342
2025-07-23 02:30:17 INFO     Hit1 : 0.019641
2025-07-23 02:30:17 INFO     Hit3 : 0.030743
2025-07-23 02:30:17 INFO     Hit10: 0.056362
2025-07-23 02:30:17 INFO     MR   : 1317.205807
2025-07-23 02:30:17 INFO     MRR  : 0.034766
2025-07-23 02:30:17 INFO     >>>>> Predictor: Computing H scores of rules
2025-07-23 02:35:31 INFO     1000 5959
2025-07-23 02:40:57 INFO     2000 5959
2025-07-23 02:46:13 INFO     3000 5959
2025-07-23 02:51:33 INFO     4000 5959
2025-07-23 02:56:51 INFO     5000 5959
2025-07-23 03:02:07 INFO     >>>>> Generator: Training
2025-07-23 03:02:16 INFO     -------------------------
2025-07-23 03:02:16 INFO     | EM Iteration: 3/5
2025-07-23 03:02:16 INFO     -------------------------
2025-07-23 03:02:16 INFO     >>>>> Using Generator's sample rule
2025-07-23 03:02:16 INFO     >>>>> Generator: Rule generation with sampling
2025-07-23 03:02:16 INFO     Predictor: read 1877 rules from list.
2025-07-23 03:02:16 INFO     Preprocess training set
2025-07-23 03:02:16 INFO     >>>>> Predictor: Training
2025-07-23 03:04:20 INFO     1000 5959 8.809976 69332.0
2025-07-23 03:06:31 INFO     2000 5959 8.469537 69349.3
2025-07-23 03:08:39 INFO     3000 5959 8.254404 69184.5
2025-07-23 03:10:50 INFO     4000 5959 8.080450 69253.9
2025-07-23 03:13:00 INFO     5000 5959 7.983767 69332.0
2025-07-23 03:15:01 INFO     >>>>> Predictor: Evaluating on valid
2025-07-23 03:15:24 INFO     Data : 2077
2025-07-23 03:15:24 INFO     Hit1 : 0.010592
2025-07-23 03:15:24 INFO     Hit3 : 0.025999
2025-07-23 03:15:24 INFO     Hit10: 0.051035
2025-07-23 03:15:24 INFO     MR   : 1450.381801
2025-07-23 03:15:24 INFO     MRR  : 0.026797
2025-07-23 03:15:24 INFO     >>>>> Predictor: Evaluating on test
2025-07-23 03:15:51 INFO     Data : 2342
2025-07-23 03:15:51 INFO     Hit1 : 0.014091
2025-07-23 03:15:51 INFO     Hit3 : 0.024765
2025-07-23 03:15:51 INFO     Hit10: 0.047395
2025-07-23 03:15:51 INFO     MR   : 1340.377455
2025-07-23 03:15:51 INFO     MRR  : 0.028016
2025-07-23 03:15:51 INFO     >>>>> Predictor: Computing H scores of rules
2025-07-23 03:21:21 INFO     1000 5959
2025-07-23 03:26:47 INFO     2000 5959
2025-07-23 03:32:21 INFO     3000 5959
2025-07-23 03:37:56 INFO     4000 5959
2025-07-23 03:43:29 INFO     5000 5959
2025-07-23 03:48:45 INFO     >>>>> Generator: Training
2025-07-23 03:48:55 INFO     -------------------------
2025-07-23 03:48:55 INFO     | EM Iteration: 4/5
2025-07-23 03:48:55 INFO     -------------------------
2025-07-23 03:48:55 INFO     >>>>> Using Generator's sample rule
2025-07-23 03:48:55 INFO     >>>>> Generator: Rule generation with sampling
2025-07-23 03:48:55 INFO     Predictor: read 1847 rules from list.
2025-07-23 03:48:55 INFO     Preprocess training set
2025-07-23 03:48:55 INFO     >>>>> Predictor: Training
2025-07-23 03:51:05 INFO     1000 5959 8.791110 69271.3
2025-07-23 03:53:13 INFO     2000 5959 8.404539 69340.6
2025-07-23 03:55:18 INFO     3000 5959 8.137731 69384.0
2025-07-23 03:57:24 INFO     4000 5959 7.963986 69262.6
2025-07-23 03:59:30 INFO     5000 5959 7.819836 69332.0
2025-07-23 04:01:34 INFO     >>>>> Predictor: Evaluating on valid
2025-07-23 04:01:57 INFO     Data : 2077
2025-07-23 04:01:57 INFO     Hit1 : 0.006259
2025-07-23 04:01:57 INFO     Hit3 : 0.018296
2025-07-23 04:01:57 INFO     Hit10: 0.036110
2025-07-23 04:01:57 INFO     MR   : 1486.285749
2025-07-23 04:01:57 INFO     MRR  : 0.019680
2025-07-23 04:01:57 INFO     >>>>> Predictor: Evaluating on test
2025-07-23 04:02:23 INFO     Data : 2342
2025-07-23 04:02:23 INFO     Hit1 : 0.008540
2025-07-23 04:02:23 INFO     Hit3 : 0.018787
2025-07-23 04:02:23 INFO     Hit10: 0.035440
2025-07-23 04:02:23 INFO     MR   : 1371.789710
2025-07-23 04:02:23 INFO     MRR  : 0.020680
2025-07-23 04:02:23 INFO     >>>>> Predictor: Computing H scores of rules
2025-07-23 04:07:53 INFO     1000 5959
2025-07-23 04:13:28 INFO     2000 5959
2025-07-23 04:19:01 INFO     3000 5959
2025-07-23 04:24:33 INFO     4000 5959
2025-07-23 04:30:11 INFO     5000 5959
2025-07-23 04:35:36 INFO     >>>>> Generator: Training
2025-07-23 04:35:45 INFO     -------------------------
2025-07-23 04:35:45 INFO     | EM Iteration: 5/5
2025-07-23 04:35:45 INFO     -------------------------
2025-07-23 04:35:45 INFO     >>>>> Using Generator's sample rule
2025-07-23 04:35:45 INFO     >>>>> Generator: Rule generation with sampling
2025-07-23 04:35:45 INFO     Predictor: read 1676 rules from list.
2025-07-23 04:35:45 INFO     Preprocess training set
2025-07-23 04:35:45 INFO     >>>>> Predictor: Training
2025-07-23 04:37:36 INFO     1000 5959 8.805924 69332.0
2025-07-23 04:39:30 INFO     2000 5959 8.434382 69349.3
2025-07-23 04:41:22 INFO     3000 5959 8.182272 69340.6
2025-07-23 04:43:10 INFO     4000 5959 8.012417 69297.3
2025-07-23 04:44:58 INFO     5000 5959 7.830053 69219.2
2025-07-23 04:46:43 INFO     >>>>> Predictor: Evaluating on valid
2025-07-23 04:47:04 INFO     Data : 2077
2025-07-23 04:47:04 INFO     Hit1 : 0.029851
2025-07-23 04:47:04 INFO     Hit3 : 0.053924
2025-07-23 04:47:04 INFO     Hit10: 0.076071
2025-07-23 04:47:04 INFO     MR   : 1451.129995
2025-07-23 04:47:04 INFO     MRR  : 0.049605
2025-07-23 04:47:04 INFO     >>>>> Predictor: Evaluating on test
2025-07-23 04:47:26 INFO     Data : 2342
2025-07-23 04:47:26 INFO     Hit1 : 0.028608
2025-07-23 04:47:26 INFO     Hit3 : 0.046541
2025-07-23 04:47:26 INFO     Hit10: 0.084116
2025-07-23 04:47:26 INFO     MR   : 1334.989112
2025-07-23 04:47:26 INFO     MRR  : 0.048452
2025-07-23 04:47:26 INFO     >>>>> Predictor: Computing H scores of rules
2025-07-23 04:52:34 INFO     1000 5959
2025-07-23 04:57:22 INFO     2000 5959
2025-07-23 05:01:53 INFO     3000 5959
2025-07-23 05:06:42 INFO     4000 5959
2025-07-23 05:11:32 INFO     5000 5959
2025-07-23 05:15:59 INFO     >>>>> Generator: Training
2025-07-23 05:16:11 INFO     -------------------------
2025-07-23 05:16:11 INFO     | Post-train Generator
2025-07-23 05:16:11 INFO     -------------------------
2025-07-23 05:16:14 INFO     >>>>> Generator: Training
2025-07-23 05:18:22 INFO     [E01000] Total 2.432650 | Main 2.559255 | RelClus 1.497829 | EntType 2.354638
2025-07-23 05:18:22 INFO     -------------------------
2025-07-23 05:18:22 INFO     | Beam Search Best Rules
2025-07-23 05:18:22 INFO     -------------------------
2025-07-23 05:18:22 INFO     >>>>> Generator: Rule generation with beam search
2025-07-23 05:18:24 INFO     >>>>> Generator: Rule generation with beam search
2025-07-23 05:18:42 INFO     >>>>> Generator: Rule generation with beam search
2025-07-23 05:21:37 INFO     >>>>> Generator: Rule generation with beam search
2025-07-23 05:23:38 INFO     >>>>> Generator: Rule generation with beam search
2025-07-23 05:24:55 INFO     -------------------------
2025-07-23 05:24:55 INFO     | Train Final Predictor+
2025-07-23 05:24:55 INFO     -------------------------
2025-07-23 05:24:55 INFO     Predictor+: read 18420 rules from list.
2025-07-23 05:24:55 INFO     Preprocess training set
2025-07-23 05:24:55 INFO     -------------------------
2025-07-23 05:24:55 INFO     | Iteration: 1/5
2025-07-23 05:24:55 INFO     -------------------------
2025-07-23 05:24:55 INFO     >>>>> Predictor: Training
2025-07-23 05:36:03 INFO     1000 5959 4.989489 69271.3
2025-07-23 05:47:13 INFO     2000 5959 4.754860 69332.0
2025-07-23 05:58:30 INFO     3000 5959 4.739902 69375.3
2025-07-23 06:10:07 INFO     4000 5959 4.737300 69279.9
2025-07-23 06:21:37 INFO     5000 5959 4.707816 69349.3
2025-07-23 06:32:21 INFO     >>>>> Predictor: Evaluating on valid
2025-07-23 06:35:03 INFO     Data : 2077
2025-07-23 06:35:03 INFO     Hit1 : 0.100144
2025-07-23 06:35:03 INFO     Hit3 : 0.180549
2025-07-23 06:35:03 INFO     Hit10: 0.311026
2025-07-23 06:35:03 INFO     MR   : 988.157439
2025-07-23 06:35:03 INFO     MRR  : 0.167001
2025-07-23 06:35:03 INFO     >>>>> Predictor: Evaluating on test
2025-07-23 06:38:11 INFO     Data : 2342
2025-07-23 06:38:11 INFO     Hit1 : 0.118275
2025-07-23 06:38:11 INFO     Hit3 : 0.201110
2025-07-23 06:38:11 INFO     Hit10: 0.320239
2025-07-23 06:38:11 INFO     MR   : 922.878523
2025-07-23 06:38:11 INFO     MRR  : 0.184299
2025-07-23 06:38:11 INFO     Save checkpoint to results/semmeddb/10_times_each/fixed/811/5_20250722_190959/predictor.pt
2025-07-23 06:38:11 INFO     -------------------------
2025-07-23 06:38:11 INFO     | Iteration: 2/5
2025-07-23 06:38:11 INFO     -------------------------
2025-07-23 06:38:11 INFO     >>>>> Predictor: Training
2025-07-23 06:49:01 INFO     1000 5959 4.637029 69366.7
2025-07-23 06:59:34 INFO     2000 5959 4.676443 69375.3
2025-07-23 07:10:23 INFO     3000 5959 4.664166 69219.2
2025-07-23 07:21:35 INFO     4000 5959 4.671691 69305.9
2025-07-23 07:32:58 INFO     5000 5959 4.660784 69288.6
2025-07-23 07:43:33 INFO     >>>>> Predictor: Evaluating on valid
2025-07-23 07:46:03 INFO     Data : 2077
2025-07-23 07:46:03 INFO     Hit1 : 0.092922
2025-07-23 07:46:03 INFO     Hit3 : 0.191623
2025-07-23 07:46:03 INFO     Hit10: 0.314396
2025-07-23 07:46:03 INFO     MR   : 955.250120
2025-07-23 07:46:03 INFO     MRR  : 0.165745
2025-07-23 07:46:03 INFO     >>>>> Predictor: Evaluating on test
2025-07-23 07:49:01 INFO     Data : 2342
2025-07-23 07:49:01 INFO     Hit1 : 0.124253
2025-07-23 07:49:01 INFO     Hit3 : 0.214347
2025-07-23 07:49:01 INFO     Hit10: 0.319812
2025-07-23 07:49:01 INFO     MR   : 889.637276
2025-07-23 07:49:01 INFO     MRR  : 0.189929
2025-07-23 07:49:01 INFO     -------------------------
2025-07-23 07:49:01 INFO     | Iteration: 3/5
2025-07-23 07:49:01 INFO     -------------------------
2025-07-23 07:49:01 INFO     >>>>> Predictor: Training
2025-07-23 08:00:06 INFO     1000 5959 4.643392 69288.6
2025-07-23 08:10:51 INFO     2000 5959 4.646466 69288.6
2025-07-23 08:21:56 INFO     3000 5959 4.639651 69340.6
2025-07-23 08:35:03 INFO     4000 5959 4.637941 69271.3
2025-07-23 08:48:42 INFO     5000 5959 4.668738 69219.2
2025-07-23 09:01:02 INFO     >>>>> Predictor: Evaluating on valid
2025-07-23 09:04:29 INFO     Data : 2077
2025-07-23 09:04:29 INFO     Hit1 : 0.085701
2025-07-23 09:04:29 INFO     Hit3 : 0.174771
2025-07-23 09:04:29 INFO     Hit10: 0.298989
2025-07-23 09:04:29 INFO     MR   : 946.004333
2025-07-23 09:04:29 INFO     MRR  : 0.157652
2025-07-23 09:04:29 INFO     >>>>> Predictor: Evaluating on test
2025-07-23 09:08:22 INFO     Data : 2342
2025-07-23 09:08:22 INFO     Hit1 : 0.114005
2025-07-23 09:08:22 INFO     Hit3 : 0.195986
2025-07-23 09:08:22 INFO     Hit10: 0.315969
2025-07-23 09:08:22 INFO     MR   : 877.495517
2025-07-23 09:08:22 INFO     MRR  : 0.179029
2025-07-23 09:08:22 INFO     -------------------------
2025-07-23 09:08:22 INFO     | Iteration: 4/5
2025-07-23 09:08:22 INFO     -------------------------
2025-07-23 09:08:22 INFO     >>>>> Predictor: Training
2025-07-23 09:21:29 INFO     1000 5959 4.614054 69340.6
2025-07-23 09:36:06 INFO     2000 5959 4.591744 69184.5
2025-07-23 09:50:15 INFO     3000 5959 4.660488 69253.9
2025-07-23 10:04:09 INFO     4000 5959 4.628709 69340.6
2025-07-23 10:18:30 INFO     5000 5959 4.629732 69384.0
2025-07-23 10:32:45 INFO     >>>>> Predictor: Evaluating on valid
2025-07-23 10:36:09 INFO     Data : 2077
2025-07-23 10:36:09 INFO     Hit1 : 0.090034
2025-07-23 10:36:09 INFO     Hit3 : 0.184882
2025-07-23 10:36:09 INFO     Hit10: 0.305248
2025-07-23 10:36:09 INFO     MR   : 937.207029
2025-07-23 10:36:09 INFO     MRR  : 0.160698
2025-07-23 10:36:09 INFO     >>>>> Predictor: Evaluating on test
2025-07-23 10:40:20 INFO     Data : 2342
2025-07-23 10:40:20 INFO     Hit1 : 0.116994
2025-07-23 10:40:20 INFO     Hit3 : 0.204526
2025-07-23 10:40:20 INFO     Hit10: 0.318531
2025-07-23 10:40:20 INFO     MR   : 872.538002
2025-07-23 10:40:20 INFO     MRR  : 0.184334
2025-07-23 10:40:20 INFO     -------------------------
2025-07-23 10:40:20 INFO     | Iteration: 5/5
2025-07-23 10:40:20 INFO     -------------------------
2025-07-23 10:40:20 INFO     >>>>> Predictor: Training
2025-07-23 10:56:37 INFO     1000 5959 4.621516 69323.3
2025-07-23 11:14:16 INFO     2000 5959 4.607437 69332.0
2025-07-23 11:29:43 INFO     3000 5959 4.648646 69219.2
2025-07-23 11:44:53 INFO     4000 5959 4.637333 69297.3
2025-07-23 11:57:42 INFO     5000 5959 4.608507 69332.0
2025-07-23 12:10:52 INFO     >>>>> Predictor: Evaluating on valid
2025-07-23 12:14:17 INFO     Data : 2077
2025-07-23 12:14:17 INFO     Hit1 : 0.091960
2025-07-23 12:14:17 INFO     Hit3 : 0.181512
2025-07-23 12:14:17 INFO     Hit10: 0.312951
2025-07-23 12:14:17 INFO     MR   : 929.770583
2025-07-23 12:14:17 INFO     MRR  : 0.163317
2025-07-23 12:14:17 INFO     >>>>> Predictor: Evaluating on test
2025-07-23 12:17:59 INFO     Data : 2342
2025-07-23 12:17:59 INFO     Hit1 : 0.127669
2025-07-23 12:17:59 INFO     Hit3 : 0.212212
2025-07-23 12:17:59 INFO     Hit10: 0.315542
2025-07-23 12:17:59 INFO     MR   : 867.303800
2025-07-23 12:17:59 INFO     MRR  : 0.191769
2025-07-23 12:17:59 INFO     -------------------------
2025-07-23 12:17:59 INFO     | Final Test MRR: 0.184299
2025-07-23 12:17:59 INFO     -------------------------
