2025-07-19 02:54:56 INFO     is_soft_label: False
2025-07-19 02:54:56 INFO     is_scheduled_sampling: False
2025-07-19 02:54:56 INFO     is_test_mode: False
2025-07-19 02:54:57 INFO     Data loading | DONE!
2025-07-19 02:54:57 INFO     Using full datasets for training, validation, and testing.
2025-07-19 02:54:57 INFO     -------------------------
2025-07-19 02:54:57 INFO     | EM Iteration: 1/5
2025-07-19 02:54:57 INFO     -------------------------
2025-07-19 02:54:57 INFO     >>>>> Using miner's rule
2025-07-19 02:54:57 INFO     Predictor: read 13661 rules from list.
2025-07-19 02:54:58 INFO     Preprocess training set
2025-07-19 02:54:58 INFO     >>>>> Predictor: Evaluating on valid
2025-07-19 02:57:16 INFO     Data : 2077
2025-07-19 02:57:16 INFO     Hit1 : 0.065479
2025-07-19 02:57:16 INFO     Hit3 : 0.127106
2025-07-19 02:57:16 INFO     Hit10: 0.199326
2025-07-19 02:57:16 INFO     MR   : 1120.902022
2025-07-19 02:57:16 INFO     MRR  : 0.114382
2025-07-19 02:57:16 INFO     >>>>> Predictor: Evaluating on test
2025-07-19 02:59:48 INFO     Data : 2342
2025-07-19 02:59:48 INFO     Hit1 : 0.078992
2025-07-19 02:59:48 INFO     Hit3 : 0.124253
2025-07-19 02:59:48 INFO     Hit10: 0.208796
2025-07-19 02:59:48 INFO     MR   : 1044.269001
2025-07-19 02:59:48 INFO     MRR  : 0.122250
2025-07-19 02:59:48 INFO     >>>>> Predictor: Computing H scores of rules
2025-07-19 03:37:10 INFO     1000 5959
2025-07-19 04:14:24 INFO     2000 5959
2025-07-19 04:51:22 INFO     3000 5959
2025-07-19 05:28:05 INFO     4000 5959
2025-07-19 06:05:05 INFO     5000 5959
2025-07-19 06:42:15 INFO     >>>>> Generator: Training
2025-07-19 06:42:25 INFO     -------------------------
2025-07-19 06:42:25 INFO     | EM Iteration: 2/5
2025-07-19 06:42:25 INFO     -------------------------
2025-07-19 06:42:25 INFO     >>>>> Using Generator's sample rule
2025-07-19 06:42:25 INFO     >>>>> Generator: Rule generation with sampling
2025-07-19 06:42:26 INFO     Predictor: read 1892 rules from list.
2025-07-19 06:42:26 INFO     Preprocess training set
2025-07-19 06:42:26 INFO     >>>>> Predictor: Training
2025-07-19 06:43:39 INFO     1000 5959 8.791967 69314.6
2025-07-19 06:45:04 INFO     2000 5959 8.414537 69271.3
2025-07-19 06:46:18 INFO     3000 5959 8.209815 69245.2
2025-07-19 06:47:31 INFO     4000 5959 8.040272 69340.6
2025-07-19 06:48:51 INFO     5000 5959 7.874913 69340.6
2025-07-19 06:50:06 INFO     >>>>> Predictor: Evaluating on valid
2025-07-19 06:50:24 INFO     Data : 2077
2025-07-19 06:50:24 INFO     Hit1 : 0.014925
2025-07-19 06:50:24 INFO     Hit3 : 0.023592
2025-07-19 06:50:24 INFO     Hit10: 0.034665
2025-07-19 06:50:24 INFO     MR   : 1480.162735
2025-07-19 06:50:24 INFO     MRR  : 0.025649
2025-07-19 06:50:24 INFO     >>>>> Predictor: Evaluating on test
2025-07-19 06:50:46 INFO     Data : 2342
2025-07-19 06:50:46 INFO     Hit1 : 0.011529
2025-07-19 06:50:46 INFO     Hit3 : 0.017933
2025-07-19 06:50:46 INFO     Hit10: 0.028608
2025-07-19 06:50:46 INFO     MR   : 1375.226943
2025-07-19 06:50:46 INFO     MRR  : 0.021256
2025-07-19 06:50:46 INFO     >>>>> Predictor: Computing H scores of rules
2025-07-19 06:54:07 INFO     1000 5959
2025-07-19 06:57:38 INFO     2000 5959
2025-07-19 07:01:17 INFO     3000 5959
2025-07-19 07:04:40 INFO     4000 5959
2025-07-19 07:08:00 INFO     5000 5959
2025-07-19 07:11:16 INFO     >>>>> Generator: Training
2025-07-19 07:11:26 INFO     -------------------------
2025-07-19 07:11:26 INFO     | EM Iteration: 3/5
2025-07-19 07:11:26 INFO     -------------------------
2025-07-19 07:11:26 INFO     >>>>> Using Generator's sample rule
2025-07-19 07:11:26 INFO     >>>>> Generator: Rule generation with sampling
2025-07-19 07:11:26 INFO     Predictor: read 1881 rules from list.
2025-07-19 07:11:26 INFO     Preprocess training set
2025-07-19 07:11:26 INFO     >>>>> Predictor: Training
2025-07-19 07:12:39 INFO     1000 5959 8.817987 69332.0
2025-07-19 07:13:52 INFO     2000 5959 8.496226 69349.3
2025-07-19 07:15:07 INFO     3000 5959 8.298008 69184.5
2025-07-19 07:16:21 INFO     4000 5959 8.154551 69253.9
2025-07-19 07:17:42 INFO     5000 5959 8.083140 69332.0
2025-07-19 07:18:54 INFO     >>>>> Predictor: Evaluating on valid
2025-07-19 07:19:13 INFO     Data : 2077
2025-07-19 07:19:13 INFO     Hit1 : 0.012037
2025-07-19 07:19:13 INFO     Hit3 : 0.022629
2025-07-19 07:19:13 INFO     Hit10: 0.044776
2025-07-19 07:19:13 INFO     MR   : 1472.765768
2025-07-19 07:19:13 INFO     MRR  : 0.025626
2025-07-19 07:19:13 INFO     >>>>> Predictor: Evaluating on test
2025-07-19 07:19:34 INFO     Data : 2342
2025-07-19 07:19:34 INFO     Hit1 : 0.013664
2025-07-19 07:19:34 INFO     Hit3 : 0.020495
2025-07-19 07:19:34 INFO     Hit10: 0.038856
2025-07-19 07:19:34 INFO     MR   : 1373.408412
2025-07-19 07:19:34 INFO     MRR  : 0.024759
2025-07-19 07:19:34 INFO     >>>>> Predictor: Computing H scores of rules
2025-07-19 07:23:17 INFO     1000 5959
2025-07-19 07:26:45 INFO     2000 5959
2025-07-19 07:30:31 INFO     3000 5959
2025-07-19 07:33:51 INFO     4000 5959
2025-07-19 07:37:15 INFO     5000 5959
2025-07-19 07:40:29 INFO     >>>>> Generator: Training
2025-07-19 07:40:40 INFO     -------------------------
2025-07-19 07:40:40 INFO     | EM Iteration: 4/5
2025-07-19 07:40:40 INFO     -------------------------
2025-07-19 07:40:40 INFO     >>>>> Using Generator's sample rule
2025-07-19 07:40:40 INFO     >>>>> Generator: Rule generation with sampling
2025-07-19 07:40:40 INFO     Predictor: read 1854 rules from list.
2025-07-19 07:40:40 INFO     Preprocess training set
2025-07-19 07:40:40 INFO     >>>>> Predictor: Training
2025-07-19 07:41:58 INFO     1000 5959 8.806675 69271.3
2025-07-19 07:43:21 INFO     2000 5959 8.455464 69340.6
2025-07-19 07:44:34 INFO     3000 5959 8.234432 69384.0
2025-07-19 07:45:48 INFO     4000 5959 8.075240 69262.6
2025-07-19 07:47:07 INFO     5000 5959 7.951819 69332.0
2025-07-19 07:48:19 INFO     >>>>> Predictor: Evaluating on valid
2025-07-19 07:48:39 INFO     Data : 2077
2025-07-19 07:48:39 INFO     Hit1 : 0.029369
2025-07-19 07:48:39 INFO     Hit3 : 0.044295
2025-07-19 07:48:39 INFO     Hit10: 0.064998
2025-07-19 07:48:39 INFO     MR   : 1444.204622
2025-07-19 07:48:39 INFO     MRR  : 0.045124
2025-07-19 07:48:39 INFO     >>>>> Predictor: Evaluating on test
2025-07-19 07:49:03 INFO     Data : 2342
2025-07-19 07:49:03 INFO     Hit1 : 0.033732
2025-07-19 07:49:03 INFO     Hit3 : 0.049530
2025-07-19 07:49:03 INFO     Hit10: 0.067037
2025-07-19 07:49:03 INFO     MR   : 1343.278181
2025-07-19 07:49:03 INFO     MRR  : 0.048749
2025-07-19 07:49:03 INFO     >>>>> Predictor: Computing H scores of rules
2025-07-19 07:52:26 INFO     1000 5959
2025-07-19 07:55:48 INFO     2000 5959
2025-07-19 07:59:09 INFO     3000 5959
2025-07-19 08:02:43 INFO     4000 5959
2025-07-19 08:06:03 INFO     5000 5959
2025-07-19 08:09:19 INFO     >>>>> Generator: Training
2025-07-19 08:09:29 INFO     -------------------------
2025-07-19 08:09:29 INFO     | EM Iteration: 5/5
2025-07-19 08:09:29 INFO     -------------------------
2025-07-19 08:09:29 INFO     >>>>> Using Generator's sample rule
2025-07-19 08:09:29 INFO     >>>>> Generator: Rule generation with sampling
2025-07-19 08:09:29 INFO     Predictor: read 1685 rules from list.
2025-07-19 08:09:29 INFO     Preprocess training set
2025-07-19 08:09:29 INFO     >>>>> Predictor: Training
2025-07-19 08:10:43 INFO     1000 5959 8.787479 69332.0
2025-07-19 08:11:57 INFO     2000 5959 8.381104 69349.3
2025-07-19 08:13:24 INFO     3000 5959 8.129148 69340.6
2025-07-19 08:14:49 INFO     4000 5959 7.902353 69297.3
2025-07-19 08:16:00 INFO     5000 5959 7.716306 69219.2
2025-07-19 08:17:09 INFO     >>>>> Predictor: Evaluating on valid
2025-07-19 08:17:29 INFO     Data : 2077
2025-07-19 08:17:29 INFO     Hit1 : 0.029369
2025-07-19 08:17:29 INFO     Hit3 : 0.051517
2025-07-19 08:17:29 INFO     Hit10: 0.072701
2025-07-19 08:17:29 INFO     MR   : 1464.012759
2025-07-19 08:17:29 INFO     MRR  : 0.047548
2025-07-19 08:17:29 INFO     >>>>> Predictor: Evaluating on test
2025-07-19 08:17:54 INFO     Data : 2342
2025-07-19 08:17:54 INFO     Hit1 : 0.035013
2025-07-19 08:17:54 INFO     Hit3 : 0.054227
2025-07-19 08:17:54 INFO     Hit10: 0.075149
2025-07-19 08:17:54 INFO     MR   : 1360.229078
2025-07-19 08:17:54 INFO     MRR  : 0.052431
2025-07-19 08:17:54 INFO     >>>>> Predictor: Computing H scores of rules
2025-07-19 08:21:26 INFO     1000 5959
2025-07-19 08:24:50 INFO     2000 5959
2025-07-19 08:28:15 INFO     3000 5959
2025-07-19 08:31:38 INFO     4000 5959
2025-07-19 08:35:01 INFO     5000 5959
2025-07-19 08:38:28 INFO     >>>>> Generator: Training
2025-07-19 08:38:37 INFO     -------------------------
2025-07-19 08:38:37 INFO     | Post-train Generator
2025-07-19 08:38:37 INFO     -------------------------
2025-07-19 08:38:39 INFO     >>>>> Generator: Training
2025-07-19 08:40:20 INFO     [E01000] Total 2.057636 | Main 2.414967 | RelClus 1.468955 | 
2025-07-19 08:40:20 INFO     -------------------------
2025-07-19 08:40:20 INFO     | Beam Search Best Rules
2025-07-19 08:40:20 INFO     -------------------------
2025-07-19 08:40:20 INFO     >>>>> Generator: Rule generation with beam search
2025-07-19 08:40:21 INFO     >>>>> Generator: Rule generation with beam search
2025-07-19 08:40:26 INFO     >>>>> Generator: Rule generation with beam search
2025-07-19 08:41:35 INFO     >>>>> Generator: Rule generation with beam search
2025-07-19 08:42:34 INFO     >>>>> Generator: Rule generation with beam search
2025-07-19 08:43:14 INFO     -------------------------
2025-07-19 08:43:14 INFO     | Train Final Predictor+
2025-07-19 08:43:14 INFO     -------------------------
2025-07-19 08:43:14 INFO     Predictor+: read 18420 rules from list.
2025-07-19 08:43:14 INFO     Preprocess training set
2025-07-19 08:43:14 INFO     -------------------------
2025-07-19 08:43:14 INFO     | Iteration: 1/5
2025-07-19 08:43:14 INFO     -------------------------
2025-07-19 08:43:14 INFO     >>>>> Predictor: Training
2025-07-19 08:49:04 INFO     1000 5959 5.166456 69271.3
2025-07-19 08:54:41 INFO     2000 5959 5.000774 69332.0
2025-07-19 09:00:26 INFO     3000 5959 4.972816 69375.3
2025-07-19 09:06:01 INFO     4000 5959 4.963548 69279.9
2025-07-19 09:11:36 INFO     5000 5959 4.914443 69349.3
2025-07-19 09:17:18 INFO     >>>>> Predictor: Evaluating on valid
2025-07-19 09:18:47 INFO     Data : 2077
2025-07-19 09:18:47 INFO     Hit1 : 0.091960
2025-07-19 09:18:47 INFO     Hit3 : 0.171883
2025-07-19 09:18:47 INFO     Hit10: 0.285989
2025-07-19 09:18:47 INFO     MR   : 1036.991093
2025-07-19 09:18:47 INFO     MRR  : 0.155083
2025-07-19 09:18:47 INFO     >>>>> Predictor: Evaluating on test
2025-07-19 09:20:18 INFO     Data : 2342
2025-07-19 09:20:18 INFO     Hit1 : 0.116994
2025-07-19 09:20:18 INFO     Hit3 : 0.189582
2025-07-19 09:20:18 INFO     Hit10: 0.295047
2025-07-19 09:20:18 INFO     MR   : 960.508753
2025-07-19 09:20:18 INFO     MRR  : 0.175171
2025-07-19 09:20:18 INFO     Save checkpoint to results/semmeddb/10_times_each/aux1/2_20250719_025455/predictor.pt
2025-07-19 09:20:18 INFO     -------------------------
2025-07-19 09:20:18 INFO     | Iteration: 2/5
2025-07-19 09:20:18 INFO     -------------------------
2025-07-19 09:20:18 INFO     >>>>> Predictor: Training
2025-07-19 09:25:53 INFO     1000 5959 4.874565 69366.7
2025-07-19 09:31:44 INFO     2000 5959 4.893027 69375.3
2025-07-19 09:37:25 INFO     3000 5959 4.879884 69219.2
2025-07-19 09:43:08 INFO     4000 5959 4.910199 69305.9
2025-07-19 09:48:52 INFO     5000 5959 4.869629 69288.6
2025-07-19 09:54:14 INFO     >>>>> Predictor: Evaluating on valid
2025-07-19 09:55:34 INFO     Data : 2077
2025-07-19 09:55:34 INFO     Hit1 : 0.087626
2025-07-19 09:55:34 INFO     Hit3 : 0.170920
2025-07-19 09:55:34 INFO     Hit10: 0.288397
2025-07-19 09:55:34 INFO     MR   : 1011.491093
2025-07-19 09:55:34 INFO     MRR  : 0.152322
2025-07-19 09:55:34 INFO     >>>>> Predictor: Evaluating on test
2025-07-19 09:57:09 INFO     Data : 2342
2025-07-19 09:57:09 INFO     Hit1 : 0.112297
2025-07-19 09:57:09 INFO     Hit3 : 0.196840
2025-07-19 09:57:09 INFO     Hit10: 0.292485
2025-07-19 09:57:09 INFO     MR   : 935.866354
2025-07-19 09:57:09 INFO     MRR  : 0.173242
2025-07-19 09:57:09 INFO     -------------------------
2025-07-19 09:57:09 INFO     | Iteration: 3/5
2025-07-19 09:57:09 INFO     -------------------------
2025-07-19 09:57:09 INFO     >>>>> Predictor: Training
2025-07-19 10:02:47 INFO     1000 5959 4.879490 69288.6
2025-07-19 10:08:21 INFO     2000 5959 4.872745 69288.6
2025-07-19 10:14:13 INFO     3000 5959 4.860873 69340.6
2025-07-19 10:19:46 INFO     4000 5959 4.861853 69271.3
2025-07-19 10:25:33 INFO     5000 5959 4.902146 69219.2
2025-07-19 10:30:52 INFO     >>>>> Predictor: Evaluating on valid
2025-07-19 10:32:15 INFO     Data : 2077
2025-07-19 10:32:15 INFO     Hit1 : 0.084256
2025-07-19 10:32:15 INFO     Hit3 : 0.168031
2025-07-19 10:32:15 INFO     Hit10: 0.285026
2025-07-19 10:32:15 INFO     MR   : 1000.347135
2025-07-19 10:32:15 INFO     MRR  : 0.148855
2025-07-19 10:32:15 INFO     >>>>> Predictor: Evaluating on test
2025-07-19 10:33:52 INFO     Data : 2342
2025-07-19 10:33:52 INFO     Hit1 : 0.106319
2025-07-19 10:33:52 INFO     Hit3 : 0.184031
2025-07-19 10:33:52 INFO     Hit10: 0.294620
2025-07-19 10:33:52 INFO     MR   : 919.425918
2025-07-19 10:33:52 INFO     MRR  : 0.166787
2025-07-19 10:33:52 INFO     -------------------------
2025-07-19 10:33:52 INFO     | Iteration: 4/5
2025-07-19 10:33:52 INFO     -------------------------
2025-07-19 10:33:52 INFO     >>>>> Predictor: Training
2025-07-19 10:39:29 INFO     1000 5959 4.847882 69340.6
2025-07-19 10:45:05 INFO     2000 5959 4.823383 69184.5
2025-07-19 10:50:45 INFO     3000 5959 4.904025 69253.9
2025-07-19 10:56:26 INFO     4000 5959 4.865608 69340.6
2025-07-19 11:02:00 INFO     5000 5959 4.855946 69384.0
2025-07-19 11:07:22 INFO     >>>>> Predictor: Evaluating on valid
2025-07-19 11:08:52 INFO     Data : 2077
2025-07-19 11:08:52 INFO     Hit1 : 0.090034
2025-07-19 11:08:52 INFO     Hit3 : 0.171883
2025-07-19 11:08:52 INFO     Hit10: 0.285989
2025-07-19 11:08:52 INFO     MR   : 995.981945
2025-07-19 11:08:52 INFO     MRR  : 0.154059
2025-07-19 11:08:52 INFO     >>>>> Predictor: Evaluating on test
2025-07-19 11:10:22 INFO     Data : 2342
2025-07-19 11:10:22 INFO     Hit1 : 0.117421
2025-07-19 11:10:22 INFO     Hit3 : 0.188728
2025-07-19 11:10:22 INFO     Hit10: 0.297182
2025-07-19 11:10:22 INFO     MR   : 919.596926
2025-07-19 11:10:22 INFO     MRR  : 0.174506
2025-07-19 11:10:22 INFO     -------------------------
2025-07-19 11:10:22 INFO     | Iteration: 5/5
2025-07-19 11:10:22 INFO     -------------------------
2025-07-19 11:10:22 INFO     >>>>> Predictor: Training
2025-07-19 11:15:58 INFO     1000 5959 4.853290 69323.3
2025-07-19 11:21:42 INFO     2000 5959 4.866385 69332.0
2025-07-19 11:27:27 INFO     3000 5959 4.882650 69219.2
2025-07-19 11:33:11 INFO     4000 5959 4.859744 69297.3
2025-07-19 11:38:55 INFO     5000 5959 4.828811 69332.0
2025-07-19 11:44:27 INFO     >>>>> Predictor: Evaluating on valid
2025-07-19 11:45:47 INFO     Data : 2077
2025-07-19 11:45:47 INFO     Hit1 : 0.082812
2025-07-19 11:45:47 INFO     Hit3 : 0.168512
2025-07-19 11:45:47 INFO     Hit10: 0.285989
2025-07-19 11:45:47 INFO     MR   : 990.026721
2025-07-19 11:45:47 INFO     MRR  : 0.148582
2025-07-19 11:45:47 INFO     >>>>> Predictor: Evaluating on test
2025-07-19 11:47:17 INFO     Data : 2342
2025-07-19 11:47:17 INFO     Hit1 : 0.115286
2025-07-19 11:47:17 INFO     Hit3 : 0.182323
2025-07-19 11:47:17 INFO     Hit10: 0.292485
2025-07-19 11:47:17 INFO     MR   : 917.482494
2025-07-19 11:47:17 INFO     MRR  : 0.172314
2025-07-19 11:47:17 INFO     -------------------------
2025-07-19 11:47:17 INFO     | Final Test MRR: 0.175171
2025-07-19 11:47:17 INFO     -------------------------
