2025-07-20 14:39:55 INFO     is_soft_label: False
2025-07-20 14:39:55 INFO     is_scheduled_sampling: False
2025-07-20 14:39:55 INFO     is_test_mode: False
2025-07-20 14:39:55 INFO     Data loading | DONE!
2025-07-20 14:39:55 INFO     Using full datasets for training, validation, and testing.
2025-07-20 14:39:55 INFO     -------------------------
2025-07-20 14:39:55 INFO     | EM Iteration: 1/5
2025-07-20 14:39:55 INFO     -------------------------
2025-07-20 14:39:55 INFO     >>>>> Using miner's rule
2025-07-20 14:39:56 INFO     Predictor: read 13661 rules from list.
2025-07-20 14:39:57 INFO     Preprocess training set
2025-07-20 14:39:57 INFO     >>>>> Predictor: Evaluating on valid
2025-07-20 14:42:12 INFO     Data : 2077
2025-07-20 14:42:12 INFO     Hit1 : 0.065479
2025-07-20 14:42:12 INFO     Hit3 : 0.127106
2025-07-20 14:42:12 INFO     Hit10: 0.199326
2025-07-20 14:42:12 INFO     MR   : 1120.902022
2025-07-20 14:42:12 INFO     MRR  : 0.114382
2025-07-20 14:42:12 INFO     >>>>> Predictor: Evaluating on test
2025-07-20 14:44:45 INFO     Data : 2342
2025-07-20 14:44:45 INFO     Hit1 : 0.078992
2025-07-20 14:44:45 INFO     Hit3 : 0.124253
2025-07-20 14:44:45 INFO     Hit10: 0.208796
2025-07-20 14:44:45 INFO     MR   : 1044.269001
2025-07-20 14:44:45 INFO     MRR  : 0.122250
2025-07-20 14:44:45 INFO     >>>>> Predictor: Computing H scores of rules
2025-07-20 15:21:46 INFO     1000 5959
2025-07-20 15:59:18 INFO     2000 5959
2025-07-20 16:36:43 INFO     3000 5959
2025-07-20 17:14:19 INFO     4000 5959
2025-07-20 17:51:44 INFO     5000 5959
2025-07-20 18:29:32 INFO     >>>>> Generator: Training
2025-07-20 18:29:43 INFO     -------------------------
2025-07-20 18:29:43 INFO     | EM Iteration: 2/5
2025-07-20 18:29:43 INFO     -------------------------
2025-07-20 18:29:43 INFO     >>>>> Using Generator's sample rule
2025-07-20 18:29:43 INFO     >>>>> Generator: Rule generation with sampling
2025-07-20 18:29:44 INFO     Predictor: read 1892 rules from list.
2025-07-20 18:29:44 INFO     Preprocess training set
2025-07-20 18:29:44 INFO     >>>>> Predictor: Training
2025-07-20 18:30:57 INFO     1000 5959 8.791967 69314.6
2025-07-20 18:32:09 INFO     2000 5959 8.414537 69271.3
2025-07-20 18:33:24 INFO     3000 5959 8.209815 69245.2
2025-07-20 18:34:49 INFO     4000 5959 8.040272 69340.6
2025-07-20 18:36:00 INFO     5000 5959 7.874913 69340.6
2025-07-20 18:37:16 INFO     >>>>> Predictor: Evaluating on valid
2025-07-20 18:37:34 INFO     Data : 2077
2025-07-20 18:37:34 INFO     Hit1 : 0.014925
2025-07-20 18:37:34 INFO     Hit3 : 0.023592
2025-07-20 18:37:34 INFO     Hit10: 0.034665
2025-07-20 18:37:34 INFO     MR   : 1480.162735
2025-07-20 18:37:34 INFO     MRR  : 0.025649
2025-07-20 18:37:34 INFO     >>>>> Predictor: Evaluating on test
2025-07-20 18:37:55 INFO     Data : 2342
2025-07-20 18:37:55 INFO     Hit1 : 0.011529
2025-07-20 18:37:55 INFO     Hit3 : 0.017933
2025-07-20 18:37:55 INFO     Hit10: 0.028608
2025-07-20 18:37:55 INFO     MR   : 1375.226943
2025-07-20 18:37:55 INFO     MRR  : 0.021256
2025-07-20 18:37:55 INFO     >>>>> Predictor: Computing H scores of rules
2025-07-20 18:41:15 INFO     1000 5959
2025-07-20 18:44:47 INFO     2000 5959
2025-07-20 18:48:07 INFO     3000 5959
2025-07-20 18:51:27 INFO     4000 5959
2025-07-20 18:54:49 INFO     5000 5959
2025-07-20 18:58:07 INFO     >>>>> Generator: Training
2025-07-20 18:58:18 INFO     -------------------------
2025-07-20 18:58:18 INFO     | EM Iteration: 3/5
2025-07-20 18:58:18 INFO     -------------------------
2025-07-20 18:58:18 INFO     >>>>> Using Generator's sample rule
2025-07-20 18:58:18 INFO     >>>>> Generator: Rule generation with sampling
2025-07-20 18:58:18 INFO     Predictor: read 1881 rules from list.
2025-07-20 18:58:18 INFO     Preprocess training set
2025-07-20 18:58:18 INFO     >>>>> Predictor: Training
2025-07-20 18:59:34 INFO     1000 5959 8.817987 69332.0
2025-07-20 19:01:05 INFO     2000 5959 8.496226 69349.3
2025-07-20 19:02:34 INFO     3000 5959 8.298008 69184.5
2025-07-20 19:03:49 INFO     4000 5959 8.154551 69253.9
2025-07-20 19:05:04 INFO     5000 5959 8.083140 69332.0
2025-07-20 19:06:15 INFO     >>>>> Predictor: Evaluating on valid
2025-07-20 19:06:34 INFO     Data : 2077
2025-07-20 19:06:34 INFO     Hit1 : 0.012037
2025-07-20 19:06:34 INFO     Hit3 : 0.022629
2025-07-20 19:06:34 INFO     Hit10: 0.044776
2025-07-20 19:06:34 INFO     MR   : 1472.765768
2025-07-20 19:06:34 INFO     MRR  : 0.025626
2025-07-20 19:06:34 INFO     >>>>> Predictor: Evaluating on test
2025-07-20 19:06:55 INFO     Data : 2342
2025-07-20 19:06:55 INFO     Hit1 : 0.013664
2025-07-20 19:06:55 INFO     Hit3 : 0.020495
2025-07-20 19:06:55 INFO     Hit10: 0.038856
2025-07-20 19:06:55 INFO     MR   : 1373.408412
2025-07-20 19:06:55 INFO     MRR  : 0.024759
2025-07-20 19:06:55 INFO     >>>>> Predictor: Computing H scores of rules
2025-07-20 19:10:19 INFO     1000 5959
2025-07-20 19:13:53 INFO     2000 5959
2025-07-20 19:17:27 INFO     3000 5959
2025-07-20 19:20:48 INFO     4000 5959
2025-07-20 19:24:10 INFO     5000 5959
2025-07-20 19:27:28 INFO     >>>>> Generator: Training
2025-07-20 19:27:38 INFO     -------------------------
2025-07-20 19:27:38 INFO     | EM Iteration: 4/5
2025-07-20 19:27:38 INFO     -------------------------
2025-07-20 19:27:38 INFO     >>>>> Using Generator's sample rule
2025-07-20 19:27:38 INFO     >>>>> Generator: Rule generation with sampling
2025-07-20 19:27:38 INFO     Predictor: read 1854 rules from list.
2025-07-20 19:27:38 INFO     Preprocess training set
2025-07-20 19:27:38 INFO     >>>>> Predictor: Training
2025-07-20 19:28:57 INFO     1000 5959 8.806675 69271.3
2025-07-20 19:30:12 INFO     2000 5959 8.455464 69340.6
2025-07-20 19:31:25 INFO     3000 5959 8.234432 69384.0
2025-07-20 19:32:55 INFO     4000 5959 8.075240 69262.6
2025-07-20 19:34:10 INFO     5000 5959 7.951819 69332.0
2025-07-20 19:35:32 INFO     >>>>> Predictor: Evaluating on valid
2025-07-20 19:35:50 INFO     Data : 2077
2025-07-20 19:35:50 INFO     Hit1 : 0.029369
2025-07-20 19:35:50 INFO     Hit3 : 0.044295
2025-07-20 19:35:50 INFO     Hit10: 0.064998
2025-07-20 19:35:50 INFO     MR   : 1444.204622
2025-07-20 19:35:50 INFO     MRR  : 0.045124
2025-07-20 19:35:50 INFO     >>>>> Predictor: Evaluating on test
2025-07-20 19:36:13 INFO     Data : 2342
2025-07-20 19:36:13 INFO     Hit1 : 0.033732
2025-07-20 19:36:13 INFO     Hit3 : 0.049530
2025-07-20 19:36:13 INFO     Hit10: 0.067037
2025-07-20 19:36:13 INFO     MR   : 1343.278181
2025-07-20 19:36:13 INFO     MRR  : 0.048749
2025-07-20 19:36:13 INFO     >>>>> Predictor: Computing H scores of rules
2025-07-20 19:39:35 INFO     1000 5959
2025-07-20 19:42:59 INFO     2000 5959
2025-07-20 19:46:33 INFO     3000 5959
2025-07-20 19:49:56 INFO     4000 5959
2025-07-20 19:53:18 INFO     5000 5959
2025-07-20 19:56:45 INFO     >>>>> Generator: Training
2025-07-20 19:56:57 INFO     -------------------------
2025-07-20 19:56:57 INFO     | EM Iteration: 5/5
2025-07-20 19:56:57 INFO     -------------------------
2025-07-20 19:56:57 INFO     >>>>> Using Generator's sample rule
2025-07-20 19:56:57 INFO     >>>>> Generator: Rule generation with sampling
2025-07-20 19:56:58 INFO     Predictor: read 1685 rules from list.
2025-07-20 19:56:58 INFO     Preprocess training set
2025-07-20 19:56:58 INFO     >>>>> Predictor: Training
2025-07-20 19:58:09 INFO     1000 5959 8.787479 69332.0
2025-07-20 19:59:24 INFO     2000 5959 8.381104 69349.3
2025-07-20 20:00:37 INFO     3000 5959 8.129148 69340.6
2025-07-20 20:01:47 INFO     4000 5959 7.902353 69297.3
2025-07-20 20:02:57 INFO     5000 5959 7.716306 69219.2
2025-07-20 20:04:06 INFO     >>>>> Predictor: Evaluating on valid
2025-07-20 20:04:24 INFO     Data : 2077
2025-07-20 20:04:24 INFO     Hit1 : 0.029369
2025-07-20 20:04:24 INFO     Hit3 : 0.051517
2025-07-20 20:04:24 INFO     Hit10: 0.072701
2025-07-20 20:04:24 INFO     MR   : 1464.012759
2025-07-20 20:04:24 INFO     MRR  : 0.047548
2025-07-20 20:04:24 INFO     >>>>> Predictor: Evaluating on test
2025-07-20 20:04:45 INFO     Data : 2342
2025-07-20 20:04:45 INFO     Hit1 : 0.035013
2025-07-20 20:04:45 INFO     Hit3 : 0.054227
2025-07-20 20:04:45 INFO     Hit10: 0.075149
2025-07-20 20:04:45 INFO     MR   : 1360.229078
2025-07-20 20:04:45 INFO     MRR  : 0.052431
2025-07-20 20:04:45 INFO     >>>>> Predictor: Computing H scores of rules
2025-07-20 20:08:16 INFO     1000 5959
2025-07-20 20:11:37 INFO     2000 5959
2025-07-20 20:14:57 INFO     3000 5959
2025-07-20 20:18:19 INFO     4000 5959
2025-07-20 20:21:39 INFO     5000 5959
2025-07-20 20:25:06 INFO     >>>>> Generator: Training
2025-07-20 20:25:16 INFO     -------------------------
2025-07-20 20:25:16 INFO     | Post-train Generator
2025-07-20 20:25:16 INFO     -------------------------
2025-07-20 20:25:18 INFO     >>>>> Generator: Training
2025-07-20 20:27:01 INFO     [E01000] Total 2.057636 | Main 2.414967 | RelClus 1.468955 | 
2025-07-20 20:27:01 INFO     -------------------------
2025-07-20 20:27:01 INFO     | Beam Search Best Rules
2025-07-20 20:27:01 INFO     -------------------------
2025-07-20 20:27:01 INFO     >>>>> Generator: Rule generation with beam search
2025-07-20 20:27:01 INFO     >>>>> Generator: Rule generation with beam search
2025-07-20 20:27:06 INFO     >>>>> Generator: Rule generation with beam search
2025-07-20 20:28:16 INFO     >>>>> Generator: Rule generation with beam search
2025-07-20 20:29:13 INFO     >>>>> Generator: Rule generation with beam search
2025-07-20 20:29:53 INFO     -------------------------
2025-07-20 20:29:53 INFO     | Train Final Predictor+
2025-07-20 20:29:53 INFO     -------------------------
2025-07-20 20:29:53 INFO     Predictor+: read 18420 rules from list.
2025-07-20 20:29:53 INFO     Preprocess training set
2025-07-20 20:29:53 INFO     -------------------------
2025-07-20 20:29:53 INFO     | Iteration: 1/5
2025-07-20 20:29:53 INFO     -------------------------
2025-07-20 20:29:53 INFO     >>>>> Predictor: Training
2025-07-20 20:35:38 INFO     1000 5959 5.166568 69271.3
2025-07-20 20:41:26 INFO     2000 5959 5.000199 69332.0
2025-07-20 20:47:16 INFO     3000 5959 4.974206 69375.3
2025-07-20 20:52:56 INFO     4000 5959 4.964675 69279.9
2025-07-20 20:58:42 INFO     5000 5959 4.914103 69349.3
2025-07-20 21:04:02 INFO     >>>>> Predictor: Evaluating on valid
2025-07-20 21:05:24 INFO     Data : 2077
2025-07-20 21:05:24 INFO     Hit1 : 0.090997
2025-07-20 21:05:24 INFO     Hit3 : 0.174771
2025-07-20 21:05:24 INFO     Hit10: 0.291767
2025-07-20 21:05:24 INFO     MR   : 1036.751083
2025-07-20 21:05:24 INFO     MRR  : 0.155351
2025-07-20 21:05:24 INFO     >>>>> Predictor: Evaluating on test
2025-07-20 21:07:04 INFO     Data : 2342
2025-07-20 21:07:04 INFO     Hit1 : 0.115713
2025-07-20 21:07:04 INFO     Hit3 : 0.193851
2025-07-20 21:07:04 INFO     Hit10: 0.295047
2025-07-20 21:07:04 INFO     MR   : 961.726729
2025-07-20 21:07:04 INFO     MRR  : 0.175215
2025-07-20 21:07:04 INFO     Save checkpoint to results/semmeddb/10_times_each/aux1/6_20250720_143953/predictor.pt
2025-07-20 21:07:04 INFO     -------------------------
2025-07-20 21:07:04 INFO     | Iteration: 2/5
2025-07-20 21:07:04 INFO     -------------------------
2025-07-20 21:07:04 INFO     >>>>> Predictor: Training
2025-07-20 21:12:58 INFO     1000 5959 4.874453 69366.7
2025-07-20 21:18:36 INFO     2000 5959 4.893459 69375.3
2025-07-20 21:24:23 INFO     3000 5959 4.878296 69219.2
2025-07-20 21:30:11 INFO     4000 5959 4.911027 69305.9
2025-07-20 21:35:58 INFO     5000 5959 4.869727 69288.6
2025-07-20 21:41:22 INFO     >>>>> Predictor: Evaluating on valid
2025-07-20 21:42:42 INFO     Data : 2077
2025-07-20 21:42:42 INFO     Hit1 : 0.081367
2025-07-20 21:42:42 INFO     Hit3 : 0.174290
2025-07-20 21:42:42 INFO     Hit10: 0.284064
2025-07-20 21:42:42 INFO     MR   : 1010.444872
2025-07-20 21:42:42 INFO     MRR  : 0.150011
2025-07-20 21:42:42 INFO     >>>>> Predictor: Evaluating on test
2025-07-20 21:44:13 INFO     Data : 2342
2025-07-20 21:44:13 INFO     Hit1 : 0.108027
2025-07-20 21:44:13 INFO     Hit3 : 0.195132
2025-07-20 21:44:13 INFO     Hit10: 0.293766
2025-07-20 21:44:13 INFO     MR   : 934.961571
2025-07-20 21:44:13 INFO     MRR  : 0.169830
2025-07-20 21:44:13 INFO     -------------------------
2025-07-20 21:44:13 INFO     | Iteration: 3/5
2025-07-20 21:44:13 INFO     -------------------------
2025-07-20 21:44:13 INFO     >>>>> Predictor: Training
2025-07-20 21:50:00 INFO     1000 5959 4.878186 69288.6
2025-07-20 21:55:44 INFO     2000 5959 4.872457 69288.6
2025-07-20 22:01:28 INFO     3000 5959 4.860859 69340.6
2025-07-20 22:07:14 INFO     4000 5959 4.861686 69271.3
2025-07-20 22:13:00 INFO     5000 5959 4.901157 69219.2
2025-07-20 22:18:32 INFO     >>>>> Predictor: Evaluating on valid
2025-07-20 22:19:52 INFO     Data : 2077
2025-07-20 22:19:52 INFO     Hit1 : 0.082330
2025-07-20 22:19:52 INFO     Hit3 : 0.166105
2025-07-20 22:19:52 INFO     Hit10: 0.283101
2025-07-20 22:19:52 INFO     MR   : 999.402022
2025-07-20 22:19:52 INFO     MRR  : 0.148361
2025-07-20 22:19:52 INFO     >>>>> Predictor: Evaluating on test
2025-07-20 22:21:32 INFO     Data : 2342
2025-07-20 22:21:32 INFO     Hit1 : 0.112724
2025-07-20 22:21:32 INFO     Hit3 : 0.185312
2025-07-20 22:21:32 INFO     Hit10: 0.291631
2025-07-20 22:21:32 INFO     MR   : 920.916097
2025-07-20 22:21:32 INFO     MRR  : 0.169797
2025-07-20 22:21:32 INFO     -------------------------
2025-07-20 22:21:32 INFO     | Iteration: 4/5
2025-07-20 22:21:32 INFO     -------------------------
2025-07-20 22:21:32 INFO     >>>>> Predictor: Training
2025-07-20 22:27:18 INFO     1000 5959 4.847572 69340.6
2025-07-20 22:32:52 INFO     2000 5959 4.822488 69184.5
2025-07-20 22:38:32 INFO     3000 5959 4.904076 69253.9
2025-07-20 22:44:25 INFO     4000 5959 4.864014 69340.6
2025-07-20 22:50:23 INFO     5000 5959 4.857176 69384.0
2025-07-20 22:55:54 INFO     >>>>> Predictor: Evaluating on valid
2025-07-20 22:57:16 INFO     Data : 2077
2025-07-20 22:57:16 INFO     Hit1 : 0.085701
2025-07-20 22:57:16 INFO     Hit3 : 0.170920
2025-07-20 22:57:16 INFO     Hit10: 0.288878
2025-07-20 22:57:16 INFO     MR   : 996.396485
2025-07-20 22:57:16 INFO     MRR  : 0.151334
2025-07-20 22:57:16 INFO     >>>>> Predictor: Evaluating on test
2025-07-20 22:58:47 INFO     Data : 2342
2025-07-20 22:58:47 INFO     Hit1 : 0.114432
2025-07-20 22:58:47 INFO     Hit3 : 0.187020
2025-07-20 22:58:47 INFO     Hit10: 0.292912
2025-07-20 22:58:47 INFO     MR   : 920.641973
2025-07-20 22:58:47 INFO     MRR  : 0.172051
2025-07-20 22:58:47 INFO     -------------------------
2025-07-20 22:58:47 INFO     | Iteration: 5/5
2025-07-20 22:58:47 INFO     -------------------------
2025-07-20 22:58:47 INFO     >>>>> Predictor: Training
2025-07-20 23:04:33 INFO     1000 5959 4.853640 69323.3
2025-07-20 23:10:10 INFO     2000 5959 4.866029 69332.0
2025-07-20 23:15:46 INFO     3000 5959 4.881630 69219.2
2025-07-20 23:21:28 INFO     4000 5959 4.858719 69297.3
2025-07-20 23:27:13 INFO     5000 5959 4.827941 69332.0
2025-07-20 23:32:44 INFO     >>>>> Predictor: Evaluating on valid
2025-07-20 23:34:13 INFO     Data : 2077
2025-07-20 23:34:13 INFO     Hit1 : 0.079923
2025-07-20 23:34:13 INFO     Hit3 : 0.168031
2025-07-20 23:34:13 INFO     Hit10: 0.286471
2025-07-20 23:34:13 INFO     MR   : 988.021184
2025-07-20 23:34:13 INFO     MRR  : 0.147638
2025-07-20 23:34:13 INFO     >>>>> Predictor: Evaluating on test
2025-07-20 23:35:44 INFO     Data : 2342
2025-07-20 23:35:44 INFO     Hit1 : 0.115713
2025-07-20 23:35:44 INFO     Hit3 : 0.184885
2025-07-20 23:35:44 INFO     Hit10: 0.291631
2025-07-20 23:35:44 INFO     MR   : 912.203672
2025-07-20 23:35:44 INFO     MRR  : 0.172719
2025-07-20 23:35:44 INFO     -------------------------
2025-07-20 23:35:44 INFO     | Final Test MRR: 0.175215
2025-07-20 23:35:44 INFO     -------------------------
