2025-07-09 14:05:05 INFO     is_soft_label: False
2025-07-09 14:05:05 INFO     is_scheduled_sampling: False
2025-07-09 14:05:05 INFO     is_test_mode: False
2025-07-09 14:05:05 INFO     Data loading | DONE!
2025-07-09 14:05:05 INFO     Using full datasets for training, validation, and testing.
2025-07-09 14:05:06 INFO     -------------------------
2025-07-09 14:05:06 INFO     | EM Iteration: 1/5
2025-07-09 14:05:06 INFO     -------------------------
2025-07-09 14:05:06 INFO     >>>>> Using miner's rule
2025-07-09 14:05:06 INFO     Predictor: read 13661 rules from list.
2025-07-09 14:05:07 INFO     Preprocess training set
2025-07-09 14:05:07 INFO     >>>>> Predictor: Evaluating on valid
2025-07-09 14:07:24 INFO     Data : 2077
2025-07-09 14:07:24 INFO     Hit1 : 0.065479
2025-07-09 14:07:24 INFO     Hit3 : 0.127106
2025-07-09 14:07:24 INFO     Hit10: 0.199326
2025-07-09 14:07:24 INFO     MR   : 1120.902022
2025-07-09 14:07:24 INFO     MRR  : 0.114382
2025-07-09 14:07:24 INFO     >>>>> Predictor: Evaluating on test
2025-07-09 14:09:56 INFO     Data : 2342
2025-07-09 14:09:56 INFO     Hit1 : 0.078992
2025-07-09 14:09:56 INFO     Hit3 : 0.124253
2025-07-09 14:09:56 INFO     Hit10: 0.208796
2025-07-09 14:09:56 INFO     MR   : 1044.269001
2025-07-09 14:09:56 INFO     MRR  : 0.122250
2025-07-09 14:09:56 INFO     >>>>> Predictor: Computing H scores of rules
2025-07-09 14:44:39 INFO     1000 5959
2025-07-09 15:20:05 INFO     2000 5959
2025-07-09 15:55:05 INFO     3000 5959
2025-07-09 16:31:14 INFO     4000 5959
2025-07-09 17:07:14 INFO     5000 5959
2025-07-09 17:44:00 INFO     >>>>> Generator: Training
2025-07-09 17:44:09 INFO     -------------------------
2025-07-09 17:44:09 INFO     | EM Iteration: 2/5
2025-07-09 17:44:09 INFO     -------------------------
2025-07-09 17:44:09 INFO     >>>>> Using Generator's sample rule
2025-07-09 17:44:09 INFO     >>>>> Generator: Rule generation with sampling
2025-07-09 17:44:09 INFO     Predictor: read 1911 rules from list.
2025-07-09 17:44:09 INFO     Preprocess training set
2025-07-09 17:44:09 INFO     >>>>> Predictor: Training
2025-07-09 17:45:16 INFO     1000 5959 8.777570 69314.6
2025-07-09 17:46:26 INFO     2000 5959 8.371539 69271.3
2025-07-09 17:47:34 INFO     3000 5959 8.153186 69245.2
2025-07-09 17:48:43 INFO     4000 5959 7.969597 69340.6
2025-07-09 17:49:51 INFO     5000 5959 7.793540 69340.6
2025-07-09 17:50:56 INFO     >>>>> Predictor: Evaluating on valid
2025-07-09 17:51:13 INFO     Data : 2077
2025-07-09 17:51:13 INFO     Hit1 : 0.018777
2025-07-09 17:51:13 INFO     Hit3 : 0.033221
2025-07-09 17:51:13 INFO     Hit10: 0.057294
2025-07-09 17:51:13 INFO     MR   : 1437.389263
2025-07-09 17:51:13 INFO     MRR  : 0.034256
2025-07-09 17:51:13 INFO     >>>>> Predictor: Evaluating on test
2025-07-09 17:51:32 INFO     Data : 2342
2025-07-09 17:51:32 INFO     Hit1 : 0.017506
2025-07-09 17:51:32 INFO     Hit3 : 0.033305
2025-07-09 17:51:32 INFO     Hit10: 0.061059
2025-07-09 17:51:32 INFO     MR   : 1333.688728
2025-07-09 17:51:32 INFO     MRR  : 0.034270
2025-07-09 17:51:32 INFO     >>>>> Predictor: Computing H scores of rules
2025-07-09 17:54:51 INFO     1000 5959
2025-07-09 17:58:11 INFO     2000 5959
2025-07-09 18:01:30 INFO     3000 5959
2025-07-09 18:04:50 INFO     4000 5959
2025-07-09 18:08:10 INFO     5000 5959
2025-07-09 18:11:24 INFO     >>>>> Generator: Training
2025-07-09 18:11:33 INFO     -------------------------
2025-07-09 18:11:33 INFO     | EM Iteration: 3/5
2025-07-09 18:11:33 INFO     -------------------------
2025-07-09 18:11:33 INFO     >>>>> Using Generator's sample rule
2025-07-09 18:11:33 INFO     >>>>> Generator: Rule generation with sampling
2025-07-09 18:11:33 INFO     Predictor: read 1914 rules from list.
2025-07-09 18:11:33 INFO     Preprocess training set
2025-07-09 18:11:33 INFO     >>>>> Predictor: Training
2025-07-09 18:12:41 INFO     1000 5959 8.801315 69332.0
2025-07-09 18:13:48 INFO     2000 5959 8.440312 69349.3
2025-07-09 18:14:55 INFO     3000 5959 8.213319 69184.5
2025-07-09 18:16:03 INFO     4000 5959 8.008810 69253.9
2025-07-09 18:17:10 INFO     5000 5959 7.911870 69332.0
2025-07-09 18:18:14 INFO     >>>>> Predictor: Evaluating on valid
2025-07-09 18:18:30 INFO     Data : 2077
2025-07-09 18:18:30 INFO     Hit1 : 0.013962
2025-07-09 18:18:30 INFO     Hit3 : 0.021666
2025-07-09 18:18:30 INFO     Hit10: 0.033221
2025-07-09 18:18:30 INFO     MR   : 1497.018055
2025-07-09 18:18:30 INFO     MRR  : 0.023921
2025-07-09 18:18:30 INFO     >>>>> Predictor: Evaluating on test
2025-07-09 18:18:49 INFO     Data : 2342
2025-07-09 18:18:49 INFO     Hit1 : 0.013664
2025-07-09 18:18:49 INFO     Hit3 : 0.019641
2025-07-09 18:18:49 INFO     Hit10: 0.028181
2025-07-09 18:18:49 INFO     MR   : 1379.780956
2025-07-09 18:18:49 INFO     MRR  : 0.022660
2025-07-09 18:18:49 INFO     >>>>> Predictor: Computing H scores of rules
2025-07-09 18:22:08 INFO     1000 5959
2025-07-09 18:25:28 INFO     2000 5959
2025-07-09 18:28:47 INFO     3000 5959
2025-07-09 18:32:06 INFO     4000 5959
2025-07-09 18:35:26 INFO     5000 5959
2025-07-09 18:38:39 INFO     >>>>> Generator: Training
2025-07-09 18:38:49 INFO     -------------------------
2025-07-09 18:38:49 INFO     | EM Iteration: 4/5
2025-07-09 18:38:49 INFO     -------------------------
2025-07-09 18:38:49 INFO     >>>>> Using Generator's sample rule
2025-07-09 18:38:49 INFO     >>>>> Generator: Rule generation with sampling
2025-07-09 18:38:49 INFO     Predictor: read 1938 rules from list.
2025-07-09 18:38:49 INFO     Preprocess training set
2025-07-09 18:38:49 INFO     >>>>> Predictor: Training
2025-07-09 18:39:57 INFO     1000 5959 8.787876 69271.3
2025-07-09 18:41:06 INFO     2000 5959 8.407591 69340.6
2025-07-09 18:42:14 INFO     3000 5959 8.141658 69384.0
2025-07-09 18:43:23 INFO     4000 5959 7.960909 69262.6
2025-07-09 18:44:31 INFO     5000 5959 7.802165 69332.0
2025-07-09 18:45:37 INFO     >>>>> Predictor: Evaluating on valid
2025-07-09 18:45:54 INFO     Data : 2077
2025-07-09 18:45:54 INFO     Hit1 : 0.012037
2025-07-09 18:45:54 INFO     Hit3 : 0.025036
2025-07-09 18:45:54 INFO     Hit10: 0.044776
2025-07-09 18:45:54 INFO     MR   : 1484.727732
2025-07-09 18:45:54 INFO     MRR  : 0.026449
2025-07-09 18:45:54 INFO     >>>>> Predictor: Evaluating on test
2025-07-09 18:46:12 INFO     Data : 2342
2025-07-09 18:46:12 INFO     Hit1 : 0.011102
2025-07-09 18:46:12 INFO     Hit3 : 0.019641
2025-07-09 18:46:12 INFO     Hit10: 0.040137
2025-07-09 18:46:12 INFO     MR   : 1371.366140
2025-07-09 18:46:12 INFO     MRR  : 0.023806
2025-07-09 18:46:12 INFO     >>>>> Predictor: Computing H scores of rules
2025-07-09 18:49:32 INFO     1000 5959
2025-07-09 18:52:52 INFO     2000 5959
2025-07-09 18:56:12 INFO     3000 5959
2025-07-09 18:59:31 INFO     4000 5959
2025-07-09 19:02:51 INFO     5000 5959
2025-07-09 19:06:06 INFO     >>>>> Generator: Training
2025-07-09 19:06:15 INFO     -------------------------
2025-07-09 19:06:15 INFO     | EM Iteration: 5/5
2025-07-09 19:06:15 INFO     -------------------------
2025-07-09 19:06:15 INFO     >>>>> Using Generator's sample rule
2025-07-09 19:06:15 INFO     >>>>> Generator: Rule generation with sampling
2025-07-09 19:06:15 INFO     Predictor: read 1959 rules from list.
2025-07-09 19:06:15 INFO     Preprocess training set
2025-07-09 19:06:15 INFO     >>>>> Predictor: Training
2025-07-09 19:07:27 INFO     1000 5959 8.829624 69332.0
2025-07-09 19:08:37 INFO     2000 5959 8.514428 69349.3
2025-07-09 19:09:48 INFO     3000 5959 8.323465 69340.6
2025-07-09 19:10:58 INFO     4000 5959 8.184834 69297.3
2025-07-09 19:12:08 INFO     5000 5959 8.085654 69219.2
2025-07-09 19:13:14 INFO     >>>>> Predictor: Evaluating on valid
2025-07-09 19:13:32 INFO     Data : 2077
2025-07-09 19:13:32 INFO     Hit1 : 0.028406
2025-07-09 19:13:32 INFO     Hit3 : 0.054405
2025-07-09 19:13:32 INFO     Hit10: 0.079442
2025-07-09 19:13:32 INFO     MR   : 1448.219547
2025-07-09 19:13:32 INFO     MRR  : 0.050093
2025-07-09 19:13:32 INFO     >>>>> Predictor: Evaluating on test
2025-07-09 19:13:51 INFO     Data : 2342
2025-07-09 19:13:51 INFO     Hit1 : 0.028181
2025-07-09 19:13:51 INFO     Hit3 : 0.054654
2025-07-09 19:13:51 INFO     Hit10: 0.078565
2025-07-09 19:13:51 INFO     MR   : 1342.205380
2025-07-09 19:13:51 INFO     MRR  : 0.050557
2025-07-09 19:13:51 INFO     >>>>> Predictor: Computing H scores of rules
2025-07-09 19:17:11 INFO     1000 5959
2025-07-09 19:20:31 INFO     2000 5959
2025-07-09 19:23:51 INFO     3000 5959
2025-07-09 19:27:11 INFO     4000 5959
2025-07-09 19:30:31 INFO     5000 5959
2025-07-09 19:33:45 INFO     >>>>> Generator: Training
2025-07-09 19:33:55 INFO     -------------------------
2025-07-09 19:33:55 INFO     | Post-train Generator
2025-07-09 19:33:55 INFO     -------------------------
2025-07-09 19:33:56 INFO     >>>>> Generator: Training
2025-07-09 19:35:32 INFO     [E01000] Total 3.139361 | Main 3.110149 | RelClus 1.857888 | EntType 3.026898
2025-07-09 19:35:32 INFO     -------------------------
2025-07-09 19:35:32 INFO     | Beam Search Best Rules
2025-07-09 19:35:32 INFO     -------------------------
2025-07-09 19:35:32 INFO     >>>>> Generator: Rule generation with beam search
2025-07-09 19:35:33 INFO     >>>>> Generator: Rule generation with beam search
2025-07-09 19:35:39 INFO     >>>>> Generator: Rule generation with beam search
2025-07-09 19:37:00 INFO     >>>>> Generator: Rule generation with beam search
2025-07-09 19:38:06 INFO     >>>>> Generator: Rule generation with beam search
2025-07-09 19:38:51 INFO     -------------------------
2025-07-09 19:38:51 INFO     | Train Final Predictor+
2025-07-09 19:38:51 INFO     -------------------------
2025-07-09 19:38:51 INFO     Predictor+: read 18420 rules from list.
2025-07-09 19:38:51 INFO     Preprocess training set
2025-07-09 19:38:51 INFO     -------------------------
2025-07-09 19:38:51 INFO     | Iteration: 1/5
2025-07-09 19:38:51 INFO     -------------------------
2025-07-09 19:38:51 INFO     >>>>> Predictor: Training
2025-07-09 19:44:04 INFO     1000 5959 4.894189 69271.3
2025-07-09 19:49:15 INFO     2000 5959 4.726357 69332.0
2025-07-09 19:54:28 INFO     3000 5959 4.707602 69375.3
2025-07-09 19:59:38 INFO     4000 5959 4.712341 69279.9
2025-07-09 20:04:52 INFO     5000 5959 4.680684 69349.3
2025-07-09 20:09:52 INFO     >>>>> Predictor: Evaluating on valid
2025-07-09 20:11:11 INFO     Data : 2077
2025-07-09 20:11:11 INFO     Hit1 : 0.100144
2025-07-09 20:11:11 INFO     Hit3 : 0.189215
2025-07-09 20:11:11 INFO     Hit10: 0.315359
2025-07-09 20:11:11 INFO     MR   : 987.567405
2025-07-09 20:11:11 INFO     MRR  : 0.169344
2025-07-09 20:11:11 INFO     >>>>> Predictor: Evaluating on test
2025-07-09 20:12:38 INFO     Data : 2342
2025-07-09 20:12:38 INFO     Hit1 : 0.130658
2025-07-09 20:12:38 INFO     Hit3 : 0.207088
2025-07-09 20:12:38 INFO     Hit10: 0.319385
2025-07-09 20:12:38 INFO     MR   : 921.415884
2025-07-09 20:12:38 INFO     MRR  : 0.191681
2025-07-09 20:12:38 INFO     Save checkpoint to results/semmeddb/10_times_each/cluster_k/4_20250709_140503/predictor.pt
2025-07-09 20:12:38 INFO     -------------------------
2025-07-09 20:12:38 INFO     | Iteration: 2/5
2025-07-09 20:12:38 INFO     -------------------------
2025-07-09 20:12:38 INFO     >>>>> Predictor: Training
2025-07-09 20:17:50 INFO     1000 5959 4.603319 69366.7
2025-07-09 20:23:02 INFO     2000 5959 4.655267 69375.3
2025-07-09 20:28:15 INFO     3000 5959 4.641854 69219.2
2025-07-09 20:33:27 INFO     4000 5959 4.654955 69305.9
2025-07-09 20:38:39 INFO     5000 5959 4.617079 69288.6
2025-07-09 20:43:40 INFO     >>>>> Predictor: Evaluating on valid
2025-07-09 20:44:58 INFO     Data : 2077
2025-07-09 20:44:58 INFO     Hit1 : 0.091960
2025-07-09 20:44:58 INFO     Hit3 : 0.186808
2025-07-09 20:44:58 INFO     Hit10: 0.313433
2025-07-09 20:44:58 INFO     MR   : 949.565720
2025-07-09 20:44:58 INFO     MRR  : 0.164584
2025-07-09 20:44:58 INFO     >>>>> Predictor: Evaluating on test
2025-07-09 20:46:26 INFO     Data : 2342
2025-07-09 20:46:26 INFO     Hit1 : 0.126388
2025-07-09 20:46:26 INFO     Hit3 : 0.207088
2025-07-09 20:46:26 INFO     Hit10: 0.321947
2025-07-09 20:46:26 INFO     MR   : 884.374680
2025-07-09 20:46:26 INFO     MRR  : 0.190398
2025-07-09 20:46:26 INFO     -------------------------
2025-07-09 20:46:26 INFO     | Iteration: 3/5
2025-07-09 20:46:26 INFO     -------------------------
2025-07-09 20:46:26 INFO     >>>>> Predictor: Training
2025-07-09 20:51:38 INFO     1000 5959 4.617024 69288.6
2025-07-09 20:56:51 INFO     2000 5959 4.616762 69288.6
2025-07-09 21:02:04 INFO     3000 5959 4.609501 69340.6
2025-07-09 21:07:18 INFO     4000 5959 4.617210 69271.3
2025-07-09 21:12:32 INFO     5000 5959 4.638712 69219.2
2025-07-09 21:17:32 INFO     >>>>> Predictor: Evaluating on valid
2025-07-09 21:18:49 INFO     Data : 2077
2025-07-09 21:18:49 INFO     Hit1 : 0.090997
2025-07-09 21:18:49 INFO     Hit3 : 0.179586
2025-07-09 21:18:49 INFO     Hit10: 0.306692
2025-07-09 21:18:49 INFO     MR   : 939.211122
2025-07-09 21:18:49 INFO     MRR  : 0.161026
2025-07-09 21:18:49 INFO     >>>>> Predictor: Evaluating on test
2025-07-09 21:20:17 INFO     Data : 2342
2025-07-09 21:20:17 INFO     Hit1 : 0.114859
2025-07-09 21:20:17 INFO     Hit3 : 0.196413
2025-07-09 21:20:17 INFO     Hit10: 0.318104
2025-07-09 21:20:17 INFO     MR   : 868.526046
2025-07-09 21:20:17 INFO     MRR  : 0.178843
2025-07-09 21:20:17 INFO     -------------------------
2025-07-09 21:20:17 INFO     | Iteration: 4/5
2025-07-09 21:20:17 INFO     -------------------------
2025-07-09 21:20:17 INFO     >>>>> Predictor: Training
2025-07-09 21:25:28 INFO     1000 5959 4.594389 69340.6
2025-07-09 21:30:42 INFO     2000 5959 4.563192 69184.5
2025-07-09 21:35:53 INFO     3000 5959 4.626493 69253.9
2025-07-09 21:41:04 INFO     4000 5959 4.602148 69340.6
2025-07-09 21:46:15 INFO     5000 5959 4.597259 69384.0
2025-07-09 21:51:14 INFO     >>>>> Predictor: Evaluating on valid
2025-07-09 21:52:31 INFO     Data : 2077
2025-07-09 21:52:31 INFO     Hit1 : 0.096293
2025-07-09 21:52:31 INFO     Hit3 : 0.183919
2025-07-09 21:52:31 INFO     Hit10: 0.314877
2025-07-09 21:52:31 INFO     MR   : 931.166827
2025-07-09 21:52:31 INFO     MRR  : 0.165324
2025-07-09 21:52:31 INFO     >>>>> Predictor: Evaluating on test
2025-07-09 21:53:56 INFO     Data : 2342
2025-07-09 21:53:56 INFO     Hit1 : 0.128096
2025-07-09 21:53:56 INFO     Hit3 : 0.210077
2025-07-09 21:53:56 INFO     Hit10: 0.321520
2025-07-09 21:53:56 INFO     MR   : 862.683817
2025-07-09 21:53:56 INFO     MRR  : 0.191721
2025-07-09 21:53:56 INFO     -------------------------
2025-07-09 21:53:56 INFO     | Iteration: 5/5
2025-07-09 21:53:56 INFO     -------------------------
2025-07-09 21:53:56 INFO     >>>>> Predictor: Training
2025-07-09 21:59:07 INFO     1000 5959 4.604225 69323.3
2025-07-09 22:04:18 INFO     2000 5959 4.583202 69332.0
2025-07-09 22:09:29 INFO     3000 5959 4.615737 69219.2
2025-07-09 22:14:41 INFO     4000 5959 4.612718 69297.3
2025-07-09 22:19:51 INFO     5000 5959 4.575249 69332.0
2025-07-09 22:24:49 INFO     >>>>> Predictor: Evaluating on valid
2025-07-09 22:26:06 INFO     Data : 2077
2025-07-09 22:26:06 INFO     Hit1 : 0.089071
2025-07-09 22:26:06 INFO     Hit3 : 0.181512
2025-07-09 22:26:06 INFO     Hit10: 0.318247
2025-07-09 22:26:06 INFO     MR   : 921.127106
2025-07-09 22:26:06 INFO     MRR  : 0.161975
2025-07-09 22:26:06 INFO     >>>>> Predictor: Evaluating on test
2025-07-09 22:27:34 INFO     Data : 2342
2025-07-09 22:27:34 INFO     Hit1 : 0.125107
2025-07-09 22:27:34 INFO     Hit3 : 0.208796
2025-07-09 22:27:34 INFO     Hit10: 0.323228
2025-07-09 22:27:34 INFO     MR   : 853.925918
2025-07-09 22:27:34 INFO     MRR  : 0.190388
2025-07-09 22:27:34 INFO     -------------------------
2025-07-09 22:27:34 INFO     | Final Test MRR: 0.191681
2025-07-09 22:27:34 INFO     -------------------------
