2025-04-21 23:47:08 INFO     Predictor: read 452 rules from list.
2025-04-21 23:53:03 INFO     Predictor: read 472 rules from list.
2025-04-21 23:59:34 INFO     Predictor+: read 3586 rules from list.
rator: Training
2025-04-21 23:46:19 INFO     [E1000] Total: 1.263137 | Main: 1.501945 | Aux: 0.741714
2025-04-21 23:46:24 INFO     [E2000] Total: 1.166332 | Main: 1.383732 | Aux: 0.696361
2025-04-21 23:46:30 INFO     [E3000] Total: 1.153054 | Main: 1.367697 | Aux: 0.688475
2025-04-21 23:46:35 INFO     [E4000] Total: 1.134751 | Main: 1.344676 | Aux: 0.683786
2025-04-21 23:46:40 INFO     [E5000] Total: 1.138419 | Main: 1.349907 | Aux: 0.678511
2025-04-21 23:46:46 INFO     [E6000] Total: 1.133344 | Main: 1.344218 | Aux: 0.674394
2025-04-21 23:46:51 INFO     [E7000] Total: 1.131654 | Main: 1.342433 | Aux: 0.675067
2025-04-21 23:46:57 INFO     [E8000] Total: 1.131182 | Main: 1.341040 | Aux: 0.674637
2025-04-21 23:47:02 INFO     [E9000] Total: 1.121290 | Main: 1.329025 | Aux: 0.674327
2025-04-21 23:47:08 INFO     [E10000] Total: 1.117330 | Main: 1.324486 | Aux: 0.670517
2025-04-21 23:47:08 INFO     -------------------------
2025-04-21 23:47:08 INFO     | EM Iteration: 1/2
2025-04-21 23:47:08 INFO     -------------------------
2025-04-21 23:47:08 INFO     >>>>> Generator: Rule generation with sampling
2025-04-21 23:47:08 INFO     Predictor: read 452 rules from list.
2025-04-21 23:47:08 INFO     Initializing distributed process group
2025-04-21 23:47:08 INFO     Preprocess training set
2025-04-21 23:47:08 INFO     >>>>> Predictor: Training
2025-04-21 23:47:10 INFO     100 10860 10.132724 327544.0
2025-04-21 23:47:12 INFO     200 10860 9.482564 327544.0
2025-04-21 23:47:14 INFO     300 10860 8.914426 327544.0
2025-04-21 23:47:15 INFO     400 10860 8.835928 327544.0
2025-04-21 23:47:17 INFO     500 10860 8.752175 327544.0
2025-04-21 23:47:19 INFO     600 10860 8.366445 327544.0
2025-04-21 23:47:21 INFO     700 10860 8.116542 327544.0
2025-04-21 23:47:23 INFO     800 10860 8.303764 327544.0
2025-04-21 23:47:25 INFO     900 10860 7.935462 327544.0
2025-04-21 23:47:26 INFO     1000 10860 7.809976 327544.0
2025-04-21 23:47:28 INFO     1100 10860 8.317811 327544.0
2025-04-21 23:47:30 INFO     1200 10860 7.712692 325906.3
2025-04-21 23:47:32 INFO     1300 10860 7.742519 327544.0
2025-04-21 23:47:34 INFO     1400 10860 8.015762 327544.0
2025-04-21 23:47:35 INFO     1500 10860 7.549676 324678.0
2025-04-21 23:47:37 INFO     1600 10860 7.674052 327544.0
2025-04-21 23:47:39 INFO     1700 10860 7.862283 327544.0
2025-04-21 23:47:41 INFO     1800 10860 7.490187 327544.0
2025-04-21 23:47:43 INFO     1900 10860 7.475298 327544.0
2025-04-21 23:47:44 INFO     2000 10860 7.455300 327544.0
2025-04-21 23:47:46 INFO     2100 10860 7.245163 327544.0
2025-04-21 23:47:48 INFO     2200 10860 7.807240 327544.0
2025-04-21 23:47:50 INFO     2300 10860 7.170009 327544.0
2025-04-21 23:47:52 INFO     2400 10860 7.176730 327544.0
2025-04-21 23:47:53 INFO     2500 10860 7.063358 327544.0
2025-04-21 23:47:55 INFO     2600 10860 6.765478 327544.0
2025-04-21 23:47:57 INFO     2700 10860 7.068849 327544.0
2025-04-21 23:47:59 INFO     2800 10860 7.305878 327544.0
2025-04-21 23:48:00 INFO     2900 10860 7.030964 327544.0
2025-04-21 23:48:02 INFO     3000 10860 7.175315 327544.0
2025-04-21 23:48:04 INFO     3100 10860 7.216697 327544.0
2025-04-21 23:48:06 INFO     3200 10860 6.992273 327544.0
2025-04-21 23:48:08 INFO     3300 10860 7.211427 327544.0
2025-04-21 23:48:09 INFO     3400 10860 6.934134 327544.0
2025-04-21 23:48:11 INFO     3500 10860 7.234820 327544.0
2025-04-21 23:48:13 INFO     3600 10860 6.983629 327544.0
2025-04-21 23:48:15 INFO     3700 10860 6.965296 327544.0
2025-04-21 23:48:17 INFO     3800 10860 7.149099 327544.0
2025-04-21 23:48:19 INFO     3900 10860 7.046279 325906.3
2025-04-21 23:48:20 INFO     4000 10860 7.081489 325496.8
2025-04-21 23:48:22 INFO     4100 10860 7.295815 325496.8
2025-04-21 23:48:24 INFO     4200 10860 6.870261 327544.0
2025-04-21 23:48:26 INFO     4300 10860 6.686504 327544.0
2025-04-21 23:48:28 INFO     4400 10860 6.898840 327544.0
2025-04-21 23:48:29 INFO     4500 10860 7.059855 327544.0
2025-04-21 23:48:31 INFO     4600 10860 6.956701 327544.0
2025-04-21 23:48:33 INFO     4700 10860 7.155479 325087.4
2025-04-21 23:48:35 INFO     4800 10860 6.586164 327544.0
2025-04-21 23:48:37 INFO     4900 10860 6.645275 327544.0
2025-04-21 23:48:39 INFO     5000 10860 6.724024 327544.0
2025-04-21 23:48:40 INFO     5100 10860 6.626444 327544.0
2025-04-21 23:48:42 INFO     5200 10860 6.567454 327544.0
2025-04-21 23:48:44 INFO     5300 10860 6.784150 325087.4
2025-04-21 23:48:46 INFO     5400 10860 6.918730 327544.0
2025-04-21 23:48:48 INFO     5500 10860 6.765176 327544.0
2025-04-21 23:48:49 INFO     5600 10860 6.556694 327544.0
2025-04-21 23:48:51 INFO     5700 10860 6.842716 327544.0
2025-04-21 23:48:53 INFO     5800 10860 7.010811 327544.0
2025-04-21 23:48:55 INFO     5900 10860 6.572781 327544.0
2025-04-21 23:48:57 INFO     6000 10860 6.547251 327544.0
2025-04-21 23:48:59 INFO     6100 10860 6.502386 327544.0
2025-04-21 23:49:01 INFO     6200 10860 6.371468 327544.0
2025-04-21 23:49:02 INFO     6300 10860 6.522885 327544.0
2025-04-21 23:49:04 INFO     6400 10860 6.752615 327544.0
2025-04-21 23:49:06 INFO     6500 10860 6.278265 327544.0
2025-04-21 23:49:08 INFO     6600 10860 6.456557 327544.0
2025-04-21 23:49:09 INFO     6700 10860 6.615991 327544.0
2025-04-21 23:49:11 INFO     6800 10860 6.535218 327544.0
2025-04-21 23:49:13 INFO     6900 10860 6.140380 327544.0
2025-04-21 23:49:15 INFO     7000 10860 6.503040 327544.0
2025-04-21 23:49:17 INFO     7100 10860 6.079797 327544.0
2025-04-21 23:49:18 INFO     7200 10860 6.372995 327544.0
2025-04-21 23:49:20 INFO     7300 10860 6.727177 327544.0
2025-04-21 23:49:22 INFO     7400 10860 6.188004 327544.0
2025-04-21 23:49:24 INFO     7500 10860 6.507931 327544.0
2025-04-21 23:49:26 INFO     7600 10860 6.467625 327544.0
2025-04-21 23:49:27 INFO     7700 10860 6.799132 327544.0
2025-04-21 23:49:29 INFO     7800 10860 6.323046 325906.3
2025-04-21 23:49:31 INFO     7900 10860 6.088789 327544.0
2025-04-21 23:49:33 INFO     8000 10860 6.200732 327544.0
2025-04-21 23:49:35 INFO     8100 10860 6.158026 327544.0
2025-04-21 23:49:36 INFO     8200 10860 6.023433 327544.0
2025-04-21 23:49:38 INFO     8300 10860 6.331935 327544.0
2025-04-21 23:49:40 INFO     8400 10860 6.384219 327544.0
2025-04-21 23:49:42 INFO     8500 10860 6.259545 327544.0
2025-04-21 23:49:44 INFO     8600 10860 6.125510 327544.0
2025-04-21 23:49:45 INFO     8700 10860 6.192232 327544.0
2025-04-21 23:49:47 INFO     8800 10860 6.183473 327544.0
2025-04-21 23:49:49 INFO     8900 10860 6.214921 327544.0
2025-04-21 23:49:51 INFO     9000 10860 6.482798 327544.0
2025-04-21 23:49:52 INFO     9100 10860 5.920636 327544.0
2025-04-21 23:49:54 INFO     9200 10860 6.479354 327544.0
2025-04-21 23:49:56 INFO     9300 10860 6.062644 327544.0
2025-04-21 23:49:58 INFO     9400 10860 6.277313 327544.0
2025-04-21 23:50:00 INFO     9500 10860 6.508293 327544.0
2025-04-21 23:50:02 INFO     9600 10860 5.846892 327544.0
2025-04-21 23:50:03 INFO     9700 10860 6.244482 327544.0
2025-04-21 23:50:05 INFO     9800 10860 6.181316 327544.0
2025-04-21 23:50:07 INFO     9900 10860 5.776124 327544.0
2025-04-21 23:50:09 INFO     10000 10860 6.225801 327544.0
2025-04-21 23:50:09 INFO     >>>>> Predictor: Evaluating on valid
2025-04-21 23:50:14 INFO     Data : 6068
2025-04-21 23:50:14 INFO     Hit1 : 0.380521
2025-04-21 23:50:14 INFO     Hit3 : 0.405735
2025-04-21 23:50:14 INFO     Hit10: 0.418919
2025-04-21 23:50:14 INFO     MR   : 9746.740277
2025-04-21 23:50:14 INFO     MRR  : 0.396634
2025-04-21 23:50:14 INFO     >>>>> Predictor: Evaluating on test
2025-04-21 23:50:19 INFO     Data : 6268
2025-04-21 23:50:19 INFO     Hit1 : 0.391034
2025-04-21 23:50:19 INFO     Hit3 : 0.406509
2025-04-21 23:50:19 INFO     Hit10: 0.418315
2025-04-21 23:50:19 INFO     MR   : 9912.615029
2025-04-21 23:50:19 INFO     MRR  : 0.402009
2025-04-21 23:50:19 INFO     >>>>> Predictor: Computing H scores of rules
2025-04-21 23:50:33 INFO     1000 10860
2025-04-21 23:50:48 INFO     2000 10860
2025-04-21 23:51:02 INFO     3000 10860
2025-04-21 23:51:17 INFO     4000 10860
2025-04-21 23:51:31 INFO     5000 10860
2025-04-21 23:51:45 INFO     6000 10860
2025-04-21 23:51:59 INFO     7000 10860
2025-04-21 23:52:14 INFO     8000 10860
2025-04-21 23:52:28 INFO     9000 10860
2025-04-21 23:52:43 INFO     10000 10860
2025-04-21 23:53:02 INFO     >>>>> Generator: Training
2025-04-21 23:53:02 INFO     -------------------------
2025-04-21 23:53:02 INFO     | EM Iteration: 2/2
2025-04-21 23:53:02 INFO     -------------------------
2025-04-21 23:53:02 INFO     >>>>> Generator: Rule generation with sampling
2025-04-21 23:53:03 INFO     Predictor: read 472 rules from list.
2025-04-21 23:53:03 INFO     Preprocess training set
2025-04-21 23:53:03 INFO     >>>>> Predictor: Training
2025-04-21 23:53:05 INFO     100 10860 10.364387 327544.0
2025-04-21 23:53:07 INFO     200 10860 9.963587 327544.0
2025-04-21 23:53:08 INFO     300 10860 9.688174 325906.3
2025-04-21 23:53:10 INFO     400 10860 9.280563 327544.0
2025-04-21 23:53:12 INFO     500 10860 8.946974 327544.0
2025-04-21 23:53:14 INFO     600 10860 8.941809 327544.0
2025-04-21 23:53:16 INFO     700 10860 9.059634 327544.0
2025-04-21 23:53:18 INFO     800 10860 8.774971 327544.0
2025-04-21 23:53:20 INFO     900 10860 8.420190 327544.0
2025-04-21 23:53:22 INFO     1000 10860 8.934299 327544.0
2025-04-21 23:53:24 INFO     1100 10860 8.373142 325496.8
2025-04-21 23:53:26 INFO     1200 10860 8.615074 327544.0
2025-04-21 23:53:28 INFO     1300 10860 8.548879 327544.0
2025-04-21 23:53:30 INFO     1400 10860 8.242585 327544.0
2025-04-21 23:53:32 INFO     1500 10860 8.177828 327544.0
2025-04-21 23:53:34 INFO     1600 10860 8.589742 324678.0
2025-04-21 23:53:36 INFO     1700 10860 8.508293 327544.0
2025-04-21 23:53:38 INFO     1800 10860 8.529633 327544.0
2025-04-21 23:53:40 INFO     1900 10860 8.472756 327544.0
2025-04-21 23:53:42 INFO     2000 10860 8.066572 327544.0
2025-04-21 23:53:43 INFO     2100 10860 8.204444 327544.0
2025-04-21 23:53:45 INFO     2200 10860 7.936501 327544.0
2025-04-21 23:53:47 INFO     2300 10860 8.118641 327544.0
2025-04-21 23:53:49 INFO     2400 10860 8.391946 327544.0
2025-04-21 23:53:51 INFO     2500 10860 8.025171 327544.0
2025-04-21 23:53:53 INFO     2600 10860 7.769640 327544.0
2025-04-21 23:53:55 INFO     2700 10860 7.853840 325906.3
2025-04-21 23:53:57 INFO     2800 10860 8.181535 327544.0
2025-04-21 23:53:59 INFO     2900 10860 7.884645 327544.0
2025-04-21 23:54:01 INFO     3000 10860 8.166368 327544.0
2025-04-21 23:54:03 INFO     3100 10860 7.737407 327544.0
2025-04-21 23:54:05 INFO     3200 10860 7.849110 327544.0
2025-04-21 23:54:07 INFO     3300 10860 8.051260 327544.0
2025-04-21 23:54:09 INFO     3400 10860 8.016770 327544.0
2025-04-21 23:54:11 INFO     3500 10860 7.911797 327544.0
2025-04-21 23:54:13 INFO     3600 10860 8.099599 327544.0
2025-04-21 23:54:15 INFO     3700 10860 7.512268 327544.0
2025-04-21 23:54:17 INFO     3800 10860 7.776362 327544.0
2025-04-21 23:54:19 INFO     3900 10860 7.780596 327544.0
2025-04-21 23:54:21 INFO     4000 10860 7.924920 327544.0
2025-04-21 23:54:23 INFO     4100 10860 7.473004 327544.0
2025-04-21 23:54:25 INFO     4200 10860 7.539889 325906.3
2025-04-21 23:54:27 INFO     4300 10860 7.962831 327544.0
2025-04-21 23:54:29 INFO     4400 10860 7.862891 327544.0
2025-04-21 23:54:31 INFO     4500 10860 7.836109 327544.0
2025-04-21 23:54:32 INFO     4600 10860 7.855422 327544.0
2025-04-21 23:54:34 INFO     4700 10860 7.534916 327544.0
2025-04-21 23:54:36 INFO     4800 10860 7.216590 327544.0
2025-04-21 23:54:38 INFO     4900 10860 7.654081 327544.0
2025-04-21 23:54:40 INFO     5000 10860 7.498241 327544.0
2025-04-21 23:54:42 INFO     5100 10860 7.224336 327544.0
2025-04-21 23:54:44 INFO     5200 10860 8.225136 327544.0
2025-04-21 23:54:46 INFO     5300 10860 6.616958 327544.0
2025-04-21 23:54:48 INFO     5400 10860 7.182993 327544.0
2025-04-21 23:54:50 INFO     5500 10860 7.689025 327544.0
2025-04-21 23:54:52 INFO     5600 10860 7.199606 327544.0
2025-04-21 23:54:54 INFO     5700 10860 7.316233 327544.0
2025-04-21 23:54:56 INFO     5800 10860 7.259158 326315.7
2025-04-21 23:54:58 INFO     5900 10860 7.562991 325496.8
2025-04-21 23:55:00 INFO     6000 10860 7.929729 327544.0
2025-04-21 23:55:02 INFO     6100 10860 6.894414 327544.0
2025-04-21 23:55:04 INFO     6200 10860 7.748439 327544.0
2025-04-21 23:55:06 INFO     6300 10860 7.179684 327544.0
2025-04-21 23:55:08 INFO     6400 10860 7.387795 327544.0
2025-04-21 23:55:09 INFO     6500 10860 6.866831 327544.0
2025-04-21 23:55:11 INFO     6600 10860 7.067076 327544.0
2025-04-21 23:55:13 INFO     6700 10860 7.265736 327544.0
2025-04-21 23:55:15 INFO     6800 10860 7.399163 327544.0
2025-04-21 23:55:17 INFO     6900 10860 7.449525 327544.0
2025-04-21 23:55:19 INFO     7000 10860 7.394797 327544.0
2025-04-21 23:55:21 INFO     7100 10860 7.241980 327544.0
2025-04-21 23:55:23 INFO     7200 10860 7.907066 327544.0
2025-04-21 23:55:25 INFO     7300 10860 7.274530 327544.0
2025-04-21 23:55:27 INFO     7400 10860 7.285297 327544.0
2025-04-21 23:55:29 INFO     7500 10860 6.766992 327544.0
2025-04-21 23:55:31 INFO     7600 10860 7.614909 327544.0
2025-04-21 23:55:33 INFO     7700 10860 7.139428 327544.0
2025-04-21 23:55:35 INFO     7800 10860 7.569365 327544.0
2025-04-21 23:55:37 INFO     7900 10860 7.527154 327544.0
2025-04-21 23:55:39 INFO     8000 10860 6.981960 327544.0
2025-04-21 23:55:41 INFO     8100 10860 7.173220 327544.0
2025-04-21 23:55:43 INFO     8200 10860 6.955300 327544.0
2025-04-21 23:55:44 INFO     8300 10860 7.410046 327544.0
2025-04-21 23:55:46 INFO     8400 10860 7.832340 327544.0
2025-04-21 23:55:48 INFO     8500 10860 7.450254 327544.0
2025-04-21 23:55:50 INFO     8600 10860 7.292696 327544.0
2025-04-21 23:55:52 INFO     8700 10860 7.463584 327544.0
2025-04-21 23:55:54 INFO     8800 10860 6.823791 327544.0
2025-04-21 23:55:56 INFO     8900 10860 7.370235 327544.0
2025-04-21 23:55:58 INFO     9000 10860 7.212015 327544.0
2025-04-21 23:56:00 INFO     9100 10860 7.380911 327544.0
2025-04-21 23:56:02 INFO     9200 10860 6.797671 327544.0
2025-04-21 23:56:04 INFO     9300 10860 7.650714 327544.0
2025-04-21 23:56:06 INFO     9400 10860 7.409662 327544.0
2025-04-21 23:56:08 INFO     9500 10860 7.161300 327544.0
2025-04-21 23:56:10 INFO     9600 10860 6.981397 327544.0
2025-04-21 23:56:12 INFO     9700 10860 6.824015 327544.0
2025-04-21 23:56:14 INFO     9800 10860 7.223723 327544.0
2025-04-21 23:56:16 INFO     9900 10860 7.244073 327544.0
2025-04-21 23:56:18 INFO     10000 10860 7.282751 327544.0
2025-04-21 23:56:18 INFO     >>>>> Predictor: Evaluating on valid
2025-04-21 23:56:23 INFO     Data : 6068
2025-04-21 23:56:23 INFO     Hit1 : 0.369644
2025-04-21 23:56:23 INFO     Hit3 : 0.396012
2025-04-21 23:56:23 INFO     Hit10: 0.409525
2025-04-21 23:56:23 INFO     MR   : 10123.449242
2025-04-21 23:56:23 INFO     MRR  : 0.386346
2025-04-21 23:56:23 INFO     >>>>> Predictor: Evaluating on test
2025-04-21 23:56:28 INFO     Data : 6268
2025-04-21 23:56:28 INFO     Hit1 : 0.376516
2025-04-21 23:56:28 INFO     Hit3 : 0.396777
2025-04-21 23:56:28 INFO     Hit10: 0.412412
2025-04-21 23:56:28 INFO     MR   : 10246.179244
2025-04-21 23:56:28 INFO     MRR  : 0.390244
2025-04-21 23:56:28 INFO     >>>>> Predictor: Computing H scores of rules
2025-04-21 23:56:44 INFO     1000 10860
2025-04-21 23:57:00 INFO     2000 10860
2025-04-21 23:57:16 INFO     3000 10860
2025-04-21 23:57:32 INFO     4000 10860
2025-04-21 23:57:48 INFO     5000 10860
2025-04-21 23:58:04 INFO     6000 10860
2025-04-21 23:58:20 INFO     7000 10860
2025-04-21 23:58:36 INFO     8000 10860
2025-04-21 23:58:51 INFO     9000 10860
2025-04-21 23:59:08 INFO     10000 10860
2025-04-21 23:59:21 INFO     >>>>> Generator: Training
2025-04-21 23:59:22 INFO     -------------------------
2025-04-21 23:59:22 INFO     | Post-train Generator
2025-04-21 23:59:22 INFO     -------------------------
2025-04-21 23:59:22 INFO     >>>>> Generator: Training
2025-04-21 23:59:27 INFO     [E1000] Total: 1.105351 | Main: 1.325788 | Aux: 0.608004
2025-04-21 23:59:27 INFO     -------------------------
2025-04-21 23:59:27 INFO     | Beam Search Best Rules
2025-04-21 23:59:27 INFO     -------------------------
2025-04-21 23:59:27 INFO     >>>>> Generator: Rule generation with beam search
2025-04-21 23:59:27 INFO     >>>>> Generator: Rule generation with beam search
2025-04-21 23:59:28 INFO     >>>>> Generator: Rule generation with beam search
2025-04-21 23:59:30 INFO     >>>>> Generator: Rule generation with beam search
2025-04-21 23:59:32 INFO     >>>>> Generator: Rule generation with beam search
2025-04-21 23:59:34 INFO     -------------------------
2025-04-21 23:59:34 INFO     | Train Final Predictor+
2025-04-21 23:59:34 INFO     -------------------------
2025-04-21 23:59:34 INFO     Predictor+: read 3586 rules from list.
2025-04-21 23:59:34 INFO     Preprocess training set
2025-04-21 23:59:34 INFO     -------------------------
2025-04-21 23:59:34 INFO     | Iteration: 1/1
2025-04-21 23:59:34 INFO     -------------------------
2025-04-21 23:59:34 INFO     >>>>> Predictor: Training
2025-04-21 23:59:42 INFO     100 10860 5.576018 327544.0
2025-04-21 23:59:51 INFO     200 10860 4.840143 327544.0
2025-04-21 23:59:59 INFO     300 10860 5.429491 324678.0
2025-04-22 00:00:07 INFO     400 10860 4.931129 327544.0
2025-04-22 00:00:16 INFO     500 10860 4.714626 327544.0
2025-04-22 00:00:24 INFO     600 10860 5.128026 327544.0
2025-04-22 00:00:32 INFO     700 10860 4.963395 327544.0
2025-04-22 00:00:41 INFO     800 10860 4.813209 327544.0
2025-04-22 00:00:49 INFO     900 10860 5.068571 327544.0
2025-04-22 00:00:57 INFO     1000 10860 5.202791 327544.0
2025-04-22 00:01:06 INFO     1100 10860 4.939300 327544.0
2025-04-22 00:01:14 INFO     1200 10860 5.316915 327544.0
2025-04-22 00:01:22 INFO     1300 10860 5.215855 327544.0
2025-04-22 00:01:31 INFO     1400 10860 5.208030 327544.0
2025-04-22 00:01:39 INFO     1500 10860 5.072648 327544.0
2025-04-22 00:01:47 INFO     1600 10860 4.567175 325496.8
2025-04-22 00:01:56 INFO     1700 10860 4.813643 327544.0
2025-04-22 00:02:04 INFO     1800 10860 4.854733 327544.0
2025-04-22 00:02:12 INFO     1900 10860 4.400095 327544.0
2025-04-22 00:02:20 INFO     2000 10860 4.840326 327544.0
2025-04-22 00:02:29 INFO     2100 10860 4.450248 327544.0
2025-04-22 00:02:37 INFO     2200 10860 4.769173 327544.0
2025-04-22 00:02:45 INFO     2300 10860 4.493803 327544.0
2025-04-22 00:02:54 INFO     2400 10860 4.680939 327544.0
2025-04-22 00:03:02 INFO     2500 10860 4.246649 327544.0
2025-04-22 00:03:11 INFO     2600 10860 4.771164 327544.0
2025-04-22 00:03:19 INFO     2700 10860 4.693441 327544.0
2025-04-22 00:03:27 INFO     2800 10860 4.972105 327544.0
2025-04-22 00:03:36 INFO     2900 10860 5.285605 325906.3
2025-04-22 00:03:44 INFO     3000 10860 4.851479 327544.0
2025-04-22 00:03:53 INFO     3100 10860 5.091563 327544.0
2025-04-22 00:04:01 INFO     3200 10860 4.203279 327544.0
2025-04-22 00:04:09 INFO     3300 10860 4.458486 327544.0
2025-04-22 00:04:18 INFO     3400 10860 3.925870 327544.0
2025-04-22 00:04:26 INFO     3500 10860 5.029337 327544.0
2025-04-22 00:04:34 INFO     3600 10860 4.273053 327544.0
2025-04-22 00:04:43 INFO     3700 10860 4.800823 327544.0
2025-04-22 00:04:51 INFO     3800 10860 5.187829 327544.0
2025-04-22 00:05:00 INFO     3900 10860 5.096748 327544.0
2025-04-22 00:05:08 INFO     4000 10860 4.550164 327544.0
2025-04-22 00:05:16 INFO     4100 10860 4.615688 327544.0
2025-04-22 00:05:25 INFO     4200 10860 4.666888 327544.0
2025-04-22 00:05:33 INFO     4300 10860 4.859033 327544.0
2025-04-22 00:05:42 INFO     4400 10860 5.218364 327544.0
2025-04-22 00:05:50 INFO     4500 10860 4.962052 327544.0
2025-04-22 00:05:58 INFO     4600 10860 4.514607 327544.0
2025-04-22 00:06:07 INFO     4700 10860 5.069016 325087.4
2025-04-22 00:06:15 INFO     4800 10860 4.319553 327544.0
2025-04-22 00:06:24 INFO     4900 10860 4.691481 327544.0
2025-04-22 00:06:32 INFO     5000 10860 4.697710 327544.0
2025-04-22 00:06:40 INFO     5100 10860 4.998780 327544.0
2025-04-22 00:06:49 INFO     5200 10860 4.660241 327544.0
2025-04-22 00:06:57 INFO     5300 10860 5.054438 327544.0
2025-04-22 00:07:05 INFO     5400 10860 5.031764 327544.0
2025-04-22 00:07:14 INFO     5500 10860 4.582167 327544.0
2025-04-22 00:07:22 INFO     5600 10860 4.811781 327544.0
2025-04-22 00:07:30 INFO     5700 10860 3.940097 327544.0
2025-04-22 00:07:39 INFO     5800 10860 4.586660 327544.0
2025-04-22 00:07:47 INFO     5900 10860 4.447618 327544.0
2025-04-22 00:07:56 INFO     6000 10860 5.266079 327544.0
2025-04-22 00:08:04 INFO     6100 10860 5.019511 325087.4
2025-04-22 00:08:12 INFO     6200 10860 4.715196 327544.0
2025-04-22 00:08:21 INFO     6300 10860 4.628320 327544.0
2025-04-22 00:08:29 INFO     6400 10860 4.852029 327544.0
2025-04-22 00:08:38 INFO     6500 10860 4.807066 327544.0
2025-04-22 00:08:46 INFO     6600 10860 4.500186 327544.0
2025-04-22 00:08:54 INFO     6700 10860 4.687028 327544.0
2025-04-22 00:09:03 INFO     6800 10860 4.307657 327544.0
2025-04-22 00:09:11 INFO     6900 10860 4.546591 325496.8
2025-04-22 00:09:20 INFO     7000 10860 4.573846 327544.0
2025-04-22 00:09:28 INFO     7100 10860 4.554771 327544.0
2025-04-22 00:09:36 INFO     7200 10860 4.815419 327544.0
2025-04-22 00:09:45 INFO     7300 10860 4.629839 327544.0
2025-04-22 00:09:53 INFO     7400 10860 4.058388 326315.7
2025-04-22 00:10:01 INFO     7500 10860 5.050309 325496.8
2025-04-22 00:10:10 INFO     7600 10860 4.574653 327544.0
2025-04-22 00:10:18 INFO     7700 10860 4.959879 327544.0
2025-04-22 00:10:27 INFO     7800 10860 4.951578 327544.0
2025-04-22 00:10:35 INFO     7900 10860 4.774555 327544.0
2025-04-22 00:10:43 INFO     8000 10860 4.695325 327544.0
2025-04-22 00:10:52 INFO     8100 10860 5.168452 327544.0
2025-04-22 00:11:00 INFO     8200 10860 4.517021 327544.0
2025-04-22 00:11:09 INFO     8300 10860 4.612601 327544.0
2025-04-22 00:11:17 INFO     8400 10860 4.560029 327544.0
2025-04-22 00:11:26 INFO     8500 10860 4.694951 327544.0
2025-04-22 00:11:34 INFO     8600 10860 4.958628 327544.0
2025-04-22 00:11:42 INFO     8700 10860 5.184856 327544.0
2025-04-22 00:11:51 INFO     8800 10860 4.673077 327544.0
2025-04-22 00:11:59 INFO     8900 10860 4.968588 327544.0
2025-04-22 00:12:07 INFO     9000 10860 4.701376 327544.0
2025-04-22 00:12:16 INFO     9100 10860 4.946403 327544.0
2025-04-22 00:12:24 INFO     9200 10860 4.520583 327544.0
2025-04-22 00:12:33 INFO     9300 10860 4.468325 327544.0
2025-04-22 00:12:41 INFO     9400 10860 4.397254 327544.0
2025-04-22 00:12:49 INFO     9500 10860 4.586201 327544.0
2025-04-22 00:12:58 INFO     9600 10860 4.860728 327544.0
2025-04-22 00:13:06 INFO     9700 10860 4.768389 327544.0
2025-04-22 00:13:15 INFO     9800 10860 4.435348 327544.0
2025-04-22 00:13:23 INFO     9900 10860 4.884606 327544.0
2025-04-22 00:13:31 INFO     10000 10860 4.151732 327544.0
2025-04-22 00:13:31 INFO     >>>>> Predictor: Evaluating on valid
2025-04-22 00:13:59 INFO     Data : 6068
2025-04-22 00:13:59 INFO     Hit1 : 0.411833
2025-04-22 00:13:59 INFO     Hit3 : 0.445122
2025-04-22 00:13:59 INFO     Hit10: 0.480224
2025-04-22 00:13:59 INFO     MR   : 7658.341299
2025-04-22 00:13:59 INFO     MRR  : 0.436091
2025-04-22 00:13:59 INFO     >>>>> Predictor: Evaluating on test
2025-04-22 00:14:27 INFO     Data : 6268
2025-04-22 00:14:27 INFO     Hit1 : 0.419432
2025-04-22 00:14:27 INFO     Hit3 : 0.452297
2025-04-22 00:14:27 INFO     Hit10: 0.491225
2025-04-22 00:14:27 INFO     MR   : 7521.381860
2025-04-22 00:14:27 INFO     MRR  : 0.443176
2025-04-22 00:14:27 INFO     Save checkpoint to wn18rr/multitask_lexname_adaptive_mid/predictor.pt
2025-04-22 00:14:27 INFO     -------------------------
2025-04-22 00:14:27 INFO     | Final Test MRR: 0.443176
2025-04-22 00:14:27 INFO     -------------------------
