2025-05-18 16:52:55 INFO     -------------------------
2025-05-18 16:52:55 INFO     | Pre-train Generator
2025-05-18 16:52:55 INFO     -------------------------
2025-05-18 16:52:55 INFO     >>>>> Generator: Training
2025-05-18 16:52:59 INFO     1000 10000 1.640829
2025-05-18 16:53:03 INFO     2000 10000 1.555844
2025-05-18 16:53:06 INFO     3000 10000 1.544617
2025-05-18 16:53:10 INFO     4000 10000 1.539628
2025-05-18 16:53:13 INFO     5000 10000 1.541232
2025-05-18 16:53:17 INFO     6000 10000 1.537140
2025-05-18 16:53:20 INFO     7000 10000 1.535005
2025-05-18 16:53:23 INFO     8000 10000 1.534639
2025-05-18 16:53:27 INFO     9000 10000 1.533593
2025-05-18 16:53:30 INFO     10000 10000 1.531518
2025-05-18 16:53:30 INFO     -------------------------
2025-05-18 16:53:30 INFO     | EM Iteration: 1/1
2025-05-18 16:53:30 INFO     -------------------------
2025-05-18 16:53:30 INFO     >>>>> Generator: Rule generation with sampling
2025-05-18 16:53:30 INFO     Predictor: read 164 rules from list.
2025-05-18 16:53:30 INFO     Preprocess training set
2025-05-18 16:53:30 INFO     >>>>> Predictor: Training
2025-05-18 16:53:31 INFO     100 12313 8.993997 69123.8
2025-05-18 16:53:32 INFO     200 12313 8.843010 69384.0
2025-05-18 16:53:32 INFO     300 12313 8.724401 69384.0
2025-05-18 16:53:33 INFO     400 12313 8.613197 69384.0
2025-05-18 16:53:34 INFO     500 12313 8.534925 69384.0
2025-05-18 16:53:35 INFO     600 12313 8.395323 69384.0
2025-05-18 16:53:35 INFO     700 12313 8.375801 69384.0
2025-05-18 16:53:36 INFO     800 12313 8.293655 69384.0
2025-05-18 16:53:37 INFO     900 12313 8.277751 69384.0
2025-05-18 16:53:37 INFO     1000 12313 8.144972 69384.0
2025-05-18 16:53:37 INFO     >>>>> Predictor: Evaluating on valid
2025-05-18 16:53:40 INFO     Data : 3823
2025-05-18 16:53:40 INFO     Hit1 : 0.029558
2025-05-18 16:53:40 INFO     Hit3 : 0.062516
2025-05-18 16:53:40 INFO     Hit10: 0.118755
2025-05-18 16:53:40 INFO     MR   : 1183.303034
2025-05-18 16:53:40 INFO     MRR  : 0.061688
2025-05-18 16:53:40 INFO     >>>>> Predictor: Evaluating on test
2025-05-18 16:53:43 INFO     Data : 4402
2025-05-18 16:53:43 INFO     Hit1 : 0.037483
2025-05-18 16:53:43 INFO     Hit3 : 0.074284
2025-05-18 16:53:43 INFO     Hit10: 0.129941
2025-05-18 16:53:43 INFO     MR   : 1185.951840
2025-05-18 16:53:43 INFO     MRR  : 0.070726
2025-05-18 16:53:43 INFO     >>>>> Predictor: Computing H scores of rules
2025-05-18 16:53:49 INFO     1000 12313
2025-05-18 16:53:55 INFO     2000 12313
2025-05-18 16:54:01 INFO     3000 12313
2025-05-18 16:54:07 INFO     4000 12313
2025-05-18 16:54:13 INFO     5000 12313
2025-05-18 16:54:20 INFO     6000 12313
2025-05-18 16:54:26 INFO     7000 12313
2025-05-18 16:54:32 INFO     8000 12313
2025-05-18 16:54:38 INFO     9000 12313
2025-05-18 16:54:44 INFO     10000 12313
2025-05-18 16:54:50 INFO     11000 12313
2025-05-18 16:54:56 INFO     12000 12313
2025-05-18 16:54:58 INFO     >>>>> Generator: Training
2025-05-18 16:54:58 INFO     -------------------------
2025-05-18 16:54:58 INFO     | Post-train Generator
2025-05-18 16:54:58 INFO     -------------------------
2025-05-18 16:54:58 INFO     >>>>> Generator: Training
2025-05-18 16:55:00 INFO     1000 1000 -14.825708
2025-05-18 16:55:00 INFO     -------------------------
2025-05-18 16:55:00 INFO     | Beam Search Best Rules
2025-05-18 16:55:00 INFO     -------------------------
2025-05-18 16:55:00 INFO     >>>>> Generator: Rule generation with beam search
2025-05-18 16:55:01 INFO     >>>>> Generator: Rule generation with beam search
2025-05-18 16:55:02 INFO     >>>>> Generator: Rule generation with beam search
2025-05-18 16:55:09 INFO     >>>>> Generator: Rule generation with beam search
2025-05-18 16:55:14 INFO     >>>>> Generator: Rule generation with beam search
2025-05-18 16:55:17 INFO     -------------------------
2025-05-18 16:55:17 INFO     | Train Final Predictor+
2025-05-18 16:55:17 INFO     -------------------------
2025-05-18 16:55:17 INFO     Predictor+: read 18420 rules from list.
2025-05-18 16:55:17 INFO     Preprocess training set
2025-05-18 16:55:17 INFO     -------------------------
2025-05-18 16:55:17 INFO     | Iteration: 1/1
2025-05-18 16:55:17 INFO     -------------------------
2025-05-18 16:55:17 INFO     >>>>> Predictor: Training
2025-05-18 16:55:53 INFO     100 12313 6.192402 69384.0
2025-05-18 16:56:28 INFO     200 12313 5.029643 69384.0
2025-05-18 16:57:04 INFO     300 12313 4.922724 69384.0
2025-05-18 16:57:39 INFO     400 12313 4.877617 69384.0
2025-05-18 16:58:14 INFO     500 12313 4.740987 69384.0
2025-05-18 16:58:50 INFO     600 12313 4.781265 69384.0
2025-05-18 16:59:26 INFO     700 12313 4.769336 69384.0
2025-05-18 17:00:01 INFO     800 12313 4.706776 69210.5
2025-05-18 17:00:37 INFO     900 12313 4.645926 69384.0
2025-05-18 17:01:12 INFO     1000 12313 4.684968 69384.0
2025-05-18 17:01:12 INFO     >>>>> Predictor: Evaluating on valid
2025-05-18 17:03:47 INFO     Data : 3823
2025-05-18 17:03:47 INFO     Hit1 : 0.058331
2025-05-18 17:03:47 INFO     Hit3 : 0.124771
2025-05-18 17:03:47 INFO     Hit10: 0.252420
2025-05-18 17:03:47 INFO     MR   : 664.364374
2025-05-18 17:03:47 INFO     MRR  : 0.120891
2025-05-18 17:03:47 INFO     >>>>> Predictor: Evaluating on test
2025-05-18 17:06:45 INFO     Data : 4402
2025-05-18 17:06:45 INFO     Hit1 : 0.082690
2025-05-18 17:06:45 INFO     Hit3 : 0.153112
2025-05-18 17:06:45 INFO     Hit10: 0.276920
2025-05-18 17:06:45 INFO     MR   : 669.448773
2025-05-18 17:06:45 INFO     MRR  : 0.146692
2025-05-18 17:06:45 INFO     Save checkpoint to results/semmeddb/multitask/ori_sm/predictor.pt
2025-05-18 17:06:45 INFO     -------------------------
2025-05-18 17:06:45 INFO     | Final Test MRR: 0.146692
2025-05-18 17:06:45 INFO     -------------------------
