2025-07-09 11:20:49 INFO     is_soft_label: False
2025-07-09 11:20:49 INFO     is_scheduled_sampling: False
2025-07-09 11:20:49 INFO     is_test_mode: False
2025-07-09 11:20:49 INFO     Data loading | DONE!
2025-07-09 11:20:49 INFO     Using full datasets for training, validation, and testing.
2025-07-09 11:20:50 INFO     -------------------------
2025-07-09 11:20:50 INFO     | EM Iteration: 1/5
2025-07-09 11:20:50 INFO     -------------------------
2025-07-09 11:20:50 INFO     >>>>> Using miner's rule
2025-07-09 11:20:50 INFO     Predictor: read 13661 rules from list.
2025-07-09 11:20:51 INFO     Preprocess training set
2025-07-09 11:20:51 INFO     >>>>> Predictor: Evaluating on valid
2025-07-09 11:23:14 INFO     Data : 2077
2025-07-09 11:23:14 INFO     Hit1 : 0.065479
2025-07-09 11:23:14 INFO     Hit3 : 0.127106
2025-07-09 11:23:14 INFO     Hit10: 0.199326
2025-07-09 11:23:14 INFO     MR   : 1120.902022
2025-07-09 11:23:14 INFO     MRR  : 0.114382
2025-07-09 11:23:14 INFO     >>>>> Predictor: Evaluating on test
2025-07-09 11:25:55 INFO     Data : 2342
2025-07-09 11:25:55 INFO     Hit1 : 0.078992
2025-07-09 11:25:55 INFO     Hit3 : 0.124253
2025-07-09 11:25:55 INFO     Hit10: 0.208796
2025-07-09 11:25:55 INFO     MR   : 1044.269001
2025-07-09 11:25:55 INFO     MRR  : 0.122250
2025-07-09 11:25:55 INFO     >>>>> Predictor: Computing H scores of rules
2025-07-09 12:02:34 INFO     1000 5959
2025-07-09 12:40:21 INFO     2000 5959
2025-07-09 13:18:45 INFO     3000 5959
2025-07-09 13:56:38 INFO     4000 5959
2025-07-09 14:33:35 INFO     5000 5959
2025-07-09 15:11:41 INFO     >>>>> Generator: Training
2025-07-09 15:11:48 INFO     -------------------------
2025-07-09 15:11:48 INFO     | EM Iteration: 2/5
2025-07-09 15:11:48 INFO     -------------------------
2025-07-09 15:11:48 INFO     >>>>> Using Generator's sample rule
2025-07-09 15:11:48 INFO     >>>>> Generator: Rule generation with sampling
2025-07-09 15:11:48 INFO     Predictor: read 1911 rules from list.
2025-07-09 15:11:48 INFO     Preprocess training set
2025-07-09 15:11:48 INFO     >>>>> Predictor: Training
2025-07-09 15:12:52 INFO     1000 5959 8.777570 69314.6
2025-07-09 15:13:55 INFO     2000 5959 8.371539 69271.3
2025-07-09 15:14:59 INFO     3000 5959 8.153186 69245.2
2025-07-09 15:16:02 INFO     4000 5959 7.969597 69340.6
2025-07-09 15:17:05 INFO     5000 5959 7.793540 69340.6
2025-07-09 15:18:05 INFO     >>>>> Predictor: Evaluating on valid
2025-07-09 15:18:18 INFO     Data : 2077
2025-07-09 15:18:18 INFO     Hit1 : 0.018777
2025-07-09 15:18:18 INFO     Hit3 : 0.033221
2025-07-09 15:18:18 INFO     Hit10: 0.057294
2025-07-09 15:18:18 INFO     MR   : 1437.389263
2025-07-09 15:18:18 INFO     MRR  : 0.034256
2025-07-09 15:18:18 INFO     >>>>> Predictor: Evaluating on test
2025-07-09 15:18:33 INFO     Data : 2342
2025-07-09 15:18:33 INFO     Hit1 : 0.017506
2025-07-09 15:18:33 INFO     Hit3 : 0.033305
2025-07-09 15:18:33 INFO     Hit10: 0.061059
2025-07-09 15:18:33 INFO     MR   : 1333.688728
2025-07-09 15:18:33 INFO     MRR  : 0.034270
2025-07-09 15:18:33 INFO     >>>>> Predictor: Computing H scores of rules
2025-07-09 15:21:39 INFO     1000 5959
2025-07-09 15:24:45 INFO     2000 5959
2025-07-09 15:27:52 INFO     3000 5959
2025-07-09 15:30:59 INFO     4000 5959
2025-07-09 15:34:06 INFO     5000 5959
2025-07-09 15:37:08 INFO     >>>>> Generator: Training
2025-07-09 15:37:14 INFO     -------------------------
2025-07-09 15:37:14 INFO     | EM Iteration: 3/5
2025-07-09 15:37:14 INFO     -------------------------
2025-07-09 15:37:14 INFO     >>>>> Using Generator's sample rule
2025-07-09 15:37:14 INFO     >>>>> Generator: Rule generation with sampling
2025-07-09 15:37:14 INFO     Predictor: read 1914 rules from list.
2025-07-09 15:37:14 INFO     Preprocess training set
2025-07-09 15:37:14 INFO     >>>>> Predictor: Training
2025-07-09 15:38:17 INFO     1000 5959 8.801315 69332.0
2025-07-09 15:39:20 INFO     2000 5959 8.440312 69349.3
2025-07-09 15:40:22 INFO     3000 5959 8.213319 69184.5
2025-07-09 15:41:25 INFO     4000 5959 8.008810 69253.9
2025-07-09 15:42:27 INFO     5000 5959 7.911870 69332.0
2025-07-09 15:43:27 INFO     >>>>> Predictor: Evaluating on valid
2025-07-09 15:43:40 INFO     Data : 2077
2025-07-09 15:43:40 INFO     Hit1 : 0.013962
2025-07-09 15:43:40 INFO     Hit3 : 0.021666
2025-07-09 15:43:40 INFO     Hit10: 0.033221
2025-07-09 15:43:40 INFO     MR   : 1497.018055
2025-07-09 15:43:40 INFO     MRR  : 0.023921
2025-07-09 15:43:40 INFO     >>>>> Predictor: Evaluating on test
2025-07-09 15:43:55 INFO     Data : 2342
2025-07-09 15:43:55 INFO     Hit1 : 0.013664
2025-07-09 15:43:55 INFO     Hit3 : 0.019641
2025-07-09 15:43:55 INFO     Hit10: 0.028181
2025-07-09 15:43:55 INFO     MR   : 1379.780956
2025-07-09 15:43:55 INFO     MRR  : 0.022660
2025-07-09 15:43:55 INFO     >>>>> Predictor: Computing H scores of rules
2025-07-09 15:46:58 INFO     1000 5959
2025-07-09 15:50:02 INFO     2000 5959
2025-07-09 15:53:08 INFO     3000 5959
2025-07-09 15:56:14 INFO     4000 5959
2025-07-09 15:59:23 INFO     5000 5959
2025-07-09 16:02:25 INFO     >>>>> Generator: Training
2025-07-09 16:02:31 INFO     -------------------------
2025-07-09 16:02:31 INFO     | EM Iteration: 4/5
2025-07-09 16:02:31 INFO     -------------------------
2025-07-09 16:02:31 INFO     >>>>> Using Generator's sample rule
2025-07-09 16:02:31 INFO     >>>>> Generator: Rule generation with sampling
2025-07-09 16:02:31 INFO     Predictor: read 1938 rules from list.
2025-07-09 16:02:31 INFO     Preprocess training set
2025-07-09 16:02:31 INFO     >>>>> Predictor: Training
2025-07-09 16:03:36 INFO     1000 5959 8.787876 69271.3
2025-07-09 16:04:40 INFO     2000 5959 8.407591 69340.6
2025-07-09 16:05:43 INFO     3000 5959 8.141658 69384.0
2025-07-09 16:06:47 INFO     4000 5959 7.960909 69262.6
2025-07-09 16:07:51 INFO     5000 5959 7.802165 69332.0
2025-07-09 16:08:52 INFO     >>>>> Predictor: Evaluating on valid
2025-07-09 16:09:06 INFO     Data : 2077
2025-07-09 16:09:06 INFO     Hit1 : 0.012037
2025-07-09 16:09:06 INFO     Hit3 : 0.025036
2025-07-09 16:09:06 INFO     Hit10: 0.044776
2025-07-09 16:09:06 INFO     MR   : 1484.727732
2025-07-09 16:09:06 INFO     MRR  : 0.026449
2025-07-09 16:09:06 INFO     >>>>> Predictor: Evaluating on test
2025-07-09 16:09:21 INFO     Data : 2342
2025-07-09 16:09:21 INFO     Hit1 : 0.011102
2025-07-09 16:09:21 INFO     Hit3 : 0.019641
2025-07-09 16:09:21 INFO     Hit10: 0.040137
2025-07-09 16:09:21 INFO     MR   : 1371.366140
2025-07-09 16:09:21 INFO     MRR  : 0.023806
2025-07-09 16:09:21 INFO     >>>>> Predictor: Computing H scores of rules
2025-07-09 16:12:27 INFO     1000 5959
2025-07-09 16:15:34 INFO     2000 5959
2025-07-09 16:18:41 INFO     3000 5959
2025-07-09 16:21:45 INFO     4000 5959
2025-07-09 16:24:50 INFO     5000 5959
2025-07-09 16:27:52 INFO     >>>>> Generator: Training
2025-07-09 16:27:57 INFO     -------------------------
2025-07-09 16:27:57 INFO     | EM Iteration: 5/5
2025-07-09 16:27:57 INFO     -------------------------
2025-07-09 16:27:57 INFO     >>>>> Using Generator's sample rule
2025-07-09 16:27:57 INFO     >>>>> Generator: Rule generation with sampling
2025-07-09 16:27:57 INFO     Predictor: read 1959 rules from list.
2025-07-09 16:27:57 INFO     Preprocess training set
2025-07-09 16:27:57 INFO     >>>>> Predictor: Training
2025-07-09 16:29:03 INFO     1000 5959 8.829624 69332.0
2025-07-09 16:30:08 INFO     2000 5959 8.514428 69349.3
2025-07-09 16:31:14 INFO     3000 5959 8.323465 69340.6
2025-07-09 16:32:19 INFO     4000 5959 8.184834 69297.3
2025-07-09 16:33:24 INFO     5000 5959 8.085654 69219.2
2025-07-09 16:34:27 INFO     >>>>> Predictor: Evaluating on valid
2025-07-09 16:34:40 INFO     Data : 2077
2025-07-09 16:34:40 INFO     Hit1 : 0.028406
2025-07-09 16:34:40 INFO     Hit3 : 0.054405
2025-07-09 16:34:40 INFO     Hit10: 0.079442
2025-07-09 16:34:40 INFO     MR   : 1448.219547
2025-07-09 16:34:40 INFO     MRR  : 0.050093
2025-07-09 16:34:40 INFO     >>>>> Predictor: Evaluating on test
2025-07-09 16:34:56 INFO     Data : 2342
2025-07-09 16:34:56 INFO     Hit1 : 0.028181
2025-07-09 16:34:56 INFO     Hit3 : 0.054654
2025-07-09 16:34:56 INFO     Hit10: 0.078565
2025-07-09 16:34:56 INFO     MR   : 1342.205380
2025-07-09 16:34:56 INFO     MRR  : 0.050557
2025-07-09 16:34:56 INFO     >>>>> Predictor: Computing H scores of rules
2025-07-09 16:38:06 INFO     1000 5959
2025-07-09 16:41:15 INFO     2000 5959
2025-07-09 16:44:24 INFO     3000 5959
2025-07-09 16:47:33 INFO     4000 5959
2025-07-09 16:50:41 INFO     5000 5959
2025-07-09 16:53:43 INFO     >>>>> Generator: Training
2025-07-09 16:53:49 INFO     -------------------------
2025-07-09 16:53:49 INFO     | Post-train Generator
2025-07-09 16:53:49 INFO     -------------------------
2025-07-09 16:53:51 INFO     >>>>> Generator: Training
2025-07-09 16:54:50 INFO     [E01000] Total 3.139361 | Main 3.110149 | RelClus 1.857888 | EntType 3.026898
2025-07-09 16:54:50 INFO     -------------------------
2025-07-09 16:54:50 INFO     | Beam Search Best Rules
2025-07-09 16:54:50 INFO     -------------------------
2025-07-09 16:54:50 INFO     >>>>> Generator: Rule generation with beam search
2025-07-09 16:54:51 INFO     >>>>> Generator: Rule generation with beam search
2025-07-09 16:54:57 INFO     >>>>> Generator: Rule generation with beam search
2025-07-09 16:56:18 INFO     >>>>> Generator: Rule generation with beam search
2025-07-09 16:57:25 INFO     >>>>> Generator: Rule generation with beam search
2025-07-09 16:58:11 INFO     -------------------------
2025-07-09 16:58:11 INFO     | Train Final Predictor+
2025-07-09 16:58:11 INFO     -------------------------
2025-07-09 16:58:11 INFO     Predictor+: read 18420 rules from list.
2025-07-09 16:58:11 INFO     Preprocess training set
2025-07-09 16:58:11 INFO     -------------------------
2025-07-09 16:58:11 INFO     | Iteration: 1/5
2025-07-09 16:58:11 INFO     -------------------------
2025-07-09 16:58:11 INFO     >>>>> Predictor: Training
2025-07-09 17:03:29 INFO     1000 5959 4.894433 69271.3
2025-07-09 17:08:47 INFO     2000 5959 4.725287 69332.0
2025-07-09 17:14:04 INFO     3000 5959 4.706906 69375.3
2025-07-09 17:19:24 INFO     4000 5959 4.712119 69279.9
2025-07-09 17:24:41 INFO     5000 5959 4.681929 69349.3
2025-07-09 17:29:46 INFO     >>>>> Predictor: Evaluating on valid
2025-07-09 17:31:05 INFO     Data : 2077
2025-07-09 17:31:05 INFO     Hit1 : 0.103996
2025-07-09 17:31:05 INFO     Hit3 : 0.185364
2025-07-09 17:31:05 INFO     Hit10: 0.315359
2025-07-09 17:31:05 INFO     MR   : 985.738565
2025-07-09 17:31:05 INFO     MRR  : 0.170372
2025-07-09 17:31:05 INFO     >>>>> Predictor: Evaluating on test
2025-07-09 17:32:33 INFO     Data : 2342
2025-07-09 17:32:33 INFO     Hit1 : 0.130658
2025-07-09 17:32:33 INFO     Hit3 : 0.208796
2025-07-09 17:32:33 INFO     Hit10: 0.318104
2025-07-09 17:32:33 INFO     MR   : 921.779889
2025-07-09 17:32:33 INFO     MRR  : 0.191885
2025-07-09 17:32:33 INFO     Save checkpoint to results/semmeddb/10_times_each/cluster_k/4_20250709_112047/predictor.pt
2025-07-09 17:32:33 INFO     -------------------------
2025-07-09 17:32:33 INFO     | Iteration: 2/5
2025-07-09 17:32:33 INFO     -------------------------
2025-07-09 17:32:33 INFO     >>>>> Predictor: Training
2025-07-09 17:37:57 INFO     1000 5959 4.604310 69366.7
2025-07-09 17:43:21 INFO     2000 5959 4.655143 69375.3
2025-07-09 17:48:35 INFO     3000 5959 4.642356 69219.2
2025-07-09 17:53:54 INFO     4000 5959 4.653203 69305.9
2025-07-09 17:59:13 INFO     5000 5959 4.617660 69288.6
2025-07-09 18:04:17 INFO     >>>>> Predictor: Evaluating on valid
2025-07-09 18:05:35 INFO     Data : 2077
2025-07-09 18:05:35 INFO     Hit1 : 0.093404
2025-07-09 18:05:35 INFO     Hit3 : 0.182956
2025-07-09 18:05:35 INFO     Hit10: 0.315359
2025-07-09 18:05:35 INFO     MR   : 949.873375
2025-07-09 18:05:35 INFO     MRR  : 0.163680
2025-07-09 18:05:35 INFO     >>>>> Predictor: Evaluating on test
2025-07-09 18:07:04 INFO     Data : 2342
2025-07-09 18:07:04 INFO     Hit1 : 0.127669
2025-07-09 18:07:04 INFO     Hit3 : 0.208796
2025-07-09 18:07:04 INFO     Hit10: 0.321093
2025-07-09 18:07:04 INFO     MR   : 885.158839
2025-07-09 18:07:04 INFO     MRR  : 0.191141
2025-07-09 18:07:04 INFO     -------------------------
2025-07-09 18:07:04 INFO     | Iteration: 3/5
2025-07-09 18:07:04 INFO     -------------------------
2025-07-09 18:07:04 INFO     >>>>> Predictor: Training
2025-07-09 18:12:28 INFO     1000 5959 4.618931 69288.6
2025-07-09 18:17:52 INFO     2000 5959 4.617775 69288.6
2025-07-09 18:23:15 INFO     3000 5959 4.609984 69340.6
2025-07-09 18:28:43 INFO     4000 5959 4.616555 69271.3
2025-07-09 18:34:25 INFO     5000 5959 4.638821 69219.2
2025-07-09 18:40:03 INFO     >>>>> Predictor: Evaluating on valid
2025-07-09 18:41:34 INFO     Data : 2077
2025-07-09 18:41:34 INFO     Hit1 : 0.085701
2025-07-09 18:41:34 INFO     Hit3 : 0.173808
2025-07-09 18:41:34 INFO     Hit10: 0.299952
2025-07-09 18:41:34 INFO     MR   : 937.184641
2025-07-09 18:41:34 INFO     MRR  : 0.155974
2025-07-09 18:41:34 INFO     >>>>> Predictor: Evaluating on test
2025-07-09 18:43:18 INFO     Data : 2342
2025-07-09 18:43:18 INFO     Hit1 : 0.109735
2025-07-09 18:43:18 INFO     Hit3 : 0.191716
2025-07-09 18:43:18 INFO     Hit10: 0.317250
2025-07-09 18:43:18 INFO     MR   : 866.714133
2025-07-09 18:43:18 INFO     MRR  : 0.176367
2025-07-09 18:43:18 INFO     -------------------------
2025-07-09 18:43:18 INFO     | Iteration: 4/5
2025-07-09 18:43:18 INFO     -------------------------
2025-07-09 18:43:18 INFO     >>>>> Predictor: Training
2025-07-09 18:49:23 INFO     1000 5959 4.595614 69340.6
2025-07-09 18:55:17 INFO     2000 5959 4.563620 69184.5
2025-07-09 19:00:40 INFO     3000 5959 4.626484 69253.9
2025-07-09 19:06:13 INFO     4000 5959 4.602225 69340.6
2025-07-09 19:12:09 INFO     5000 5959 4.598751 69384.0
2025-07-09 19:17:24 INFO     >>>>> Predictor: Evaluating on valid
2025-07-09 19:18:44 INFO     Data : 2077
2025-07-09 19:18:44 INFO     Hit1 : 0.096293
2025-07-09 19:18:44 INFO     Hit3 : 0.182475
2025-07-09 19:18:44 INFO     Hit10: 0.311988
2025-07-09 19:18:44 INFO     MR   : 929.468464
2025-07-09 19:18:44 INFO     MRR  : 0.166054
2025-07-09 19:18:44 INFO     >>>>> Predictor: Evaluating on test
2025-07-09 19:20:13 INFO     Data : 2342
2025-07-09 19:20:13 INFO     Hit1 : 0.129804
2025-07-09 19:20:13 INFO     Hit3 : 0.209650
2025-07-09 19:20:13 INFO     Hit10: 0.322374
2025-07-09 19:20:13 INFO     MR   : 861.949616
2025-07-09 19:20:13 INFO     MRR  : 0.192853
2025-07-09 19:20:13 INFO     -------------------------
2025-07-09 19:20:13 INFO     | Iteration: 5/5
2025-07-09 19:20:13 INFO     -------------------------
2025-07-09 19:20:13 INFO     >>>>> Predictor: Training
2025-07-09 19:25:49 INFO     1000 5959 4.604953 69323.3
2025-07-09 19:31:12 INFO     2000 5959 4.582363 69332.0
2025-07-09 19:36:32 INFO     3000 5959 4.614742 69219.2
2025-07-09 19:42:05 INFO     4000 5959 4.614122 69297.3
2025-07-09 19:47:54 INFO     5000 5959 4.575123 69332.0
2025-07-09 19:53:03 INFO     >>>>> Predictor: Evaluating on valid
2025-07-09 19:54:22 INFO     Data : 2077
2025-07-09 19:54:22 INFO     Hit1 : 0.094848
2025-07-09 19:54:22 INFO     Hit3 : 0.183438
2025-07-09 19:54:22 INFO     Hit10: 0.318247
2025-07-09 19:54:22 INFO     MR   : 920.802118
2025-07-09 19:54:22 INFO     MRR  : 0.165652
2025-07-09 19:54:22 INFO     >>>>> Predictor: Evaluating on test
2025-07-09 19:55:52 INFO     Data : 2342
2025-07-09 19:55:52 INFO     Hit1 : 0.128096
2025-07-09 19:55:52 INFO     Hit3 : 0.213493
2025-07-09 19:55:52 INFO     Hit10: 0.320239
2025-07-09 19:55:52 INFO     MR   : 854.344364
2025-07-09 19:55:52 INFO     MRR  : 0.192659
2025-07-09 19:55:52 INFO     -------------------------
2025-07-09 19:55:52 INFO     | Final Test MRR: 0.191885
2025-07-09 19:55:52 INFO     -------------------------
