2025-07-09 12:49:18 INFO     is_soft_label: False
2025-07-09 12:49:18 INFO     is_scheduled_sampling: False
2025-07-09 12:49:18 INFO     is_test_mode: False
2025-07-09 12:49:18 INFO     Data loading | DONE!
2025-07-09 12:49:18 INFO     Using full datasets for training, validation, and testing.
2025-07-09 12:49:19 INFO     -------------------------
2025-07-09 12:49:19 INFO     | EM Iteration: 1/5
2025-07-09 12:49:19 INFO     -------------------------
2025-07-09 12:49:19 INFO     >>>>> Using miner's rule
2025-07-09 12:49:19 INFO     Predictor: read 13661 rules from list.
2025-07-09 12:49:19 INFO     Preprocess training set
2025-07-09 12:49:19 INFO     >>>>> Predictor: Evaluating on valid
2025-07-09 12:51:09 INFO     Data : 2077
2025-07-09 12:51:09 INFO     Hit1 : 0.065479
2025-07-09 12:51:09 INFO     Hit3 : 0.127106
2025-07-09 12:51:09 INFO     Hit10: 0.199326
2025-07-09 12:51:09 INFO     MR   : 1120.902022
2025-07-09 12:51:09 INFO     MRR  : 0.114382
2025-07-09 12:51:09 INFO     >>>>> Predictor: Evaluating on test
2025-07-09 12:53:14 INFO     Data : 2342
2025-07-09 12:53:14 INFO     Hit1 : 0.078992
2025-07-09 12:53:14 INFO     Hit3 : 0.124253
2025-07-09 12:53:14 INFO     Hit10: 0.208796
2025-07-09 12:53:14 INFO     MR   : 1044.269001
2025-07-09 12:53:14 INFO     MRR  : 0.122250
2025-07-09 12:53:14 INFO     >>>>> Predictor: Computing H scores of rules
2025-07-09 13:21:46 INFO     1000 5959
2025-07-09 13:50:51 INFO     2000 5959
2025-07-09 14:19:34 INFO     3000 5959
2025-07-09 14:48:27 INFO     4000 5959
2025-07-09 15:17:08 INFO     5000 5959
2025-07-09 15:46:22 INFO     >>>>> Generator: Training
2025-07-09 15:46:27 INFO     -------------------------
2025-07-09 15:46:27 INFO     | EM Iteration: 2/5
2025-07-09 15:46:27 INFO     -------------------------
2025-07-09 15:46:27 INFO     >>>>> Using Generator's sample rule
2025-07-09 15:46:27 INFO     >>>>> Generator: Rule generation with sampling
2025-07-09 15:46:27 INFO     Predictor: read 1911 rules from list.
2025-07-09 15:46:27 INFO     Preprocess training set
2025-07-09 15:46:27 INFO     >>>>> Predictor: Training
2025-07-09 15:47:17 INFO     1000 5959 8.777570 69314.6
2025-07-09 15:48:07 INFO     2000 5959 8.371539 69271.3
2025-07-09 15:48:57 INFO     3000 5959 8.153186 69245.2
2025-07-09 15:49:47 INFO     4000 5959 7.969597 69340.6
2025-07-09 15:50:38 INFO     5000 5959 7.793540 69340.6
2025-07-09 15:51:26 INFO     >>>>> Predictor: Evaluating on valid
2025-07-09 15:51:36 INFO     Data : 2077
2025-07-09 15:51:36 INFO     Hit1 : 0.018777
2025-07-09 15:51:36 INFO     Hit3 : 0.033221
2025-07-09 15:51:36 INFO     Hit10: 0.057294
2025-07-09 15:51:36 INFO     MR   : 1437.389263
2025-07-09 15:51:36 INFO     MRR  : 0.034256
2025-07-09 15:51:36 INFO     >>>>> Predictor: Evaluating on test
2025-07-09 15:51:47 INFO     Data : 2342
2025-07-09 15:51:47 INFO     Hit1 : 0.017506
2025-07-09 15:51:47 INFO     Hit3 : 0.033305
2025-07-09 15:51:47 INFO     Hit10: 0.061059
2025-07-09 15:51:47 INFO     MR   : 1333.688728
2025-07-09 15:51:47 INFO     MRR  : 0.034270
2025-07-09 15:51:47 INFO     >>>>> Predictor: Computing H scores of rules
2025-07-09 15:54:07 INFO     1000 5959
2025-07-09 15:56:28 INFO     2000 5959
2025-07-09 15:58:48 INFO     3000 5959
2025-07-09 16:01:08 INFO     4000 5959
2025-07-09 16:03:28 INFO     5000 5959
2025-07-09 16:05:45 INFO     >>>>> Generator: Training
2025-07-09 16:05:49 INFO     -------------------------
2025-07-09 16:05:49 INFO     | EM Iteration: 3/5
2025-07-09 16:05:49 INFO     -------------------------
2025-07-09 16:05:49 INFO     >>>>> Using Generator's sample rule
2025-07-09 16:05:49 INFO     >>>>> Generator: Rule generation with sampling
2025-07-09 16:05:49 INFO     Predictor: read 1914 rules from list.
2025-07-09 16:05:49 INFO     Preprocess training set
2025-07-09 16:05:49 INFO     >>>>> Predictor: Training
2025-07-09 16:06:39 INFO     1000 5959 8.801315 69332.0
2025-07-09 16:07:29 INFO     2000 5959 8.440312 69349.3
2025-07-09 16:08:19 INFO     3000 5959 8.213319 69184.5
2025-07-09 16:09:09 INFO     4000 5959 8.008810 69253.9
2025-07-09 16:09:59 INFO     5000 5959 7.911870 69332.0
2025-07-09 16:10:47 INFO     >>>>> Predictor: Evaluating on valid
2025-07-09 16:10:56 INFO     Data : 2077
2025-07-09 16:10:56 INFO     Hit1 : 0.013962
2025-07-09 16:10:56 INFO     Hit3 : 0.021666
2025-07-09 16:10:56 INFO     Hit10: 0.033221
2025-07-09 16:10:56 INFO     MR   : 1497.018055
2025-07-09 16:10:56 INFO     MRR  : 0.023921
2025-07-09 16:10:56 INFO     >>>>> Predictor: Evaluating on test
2025-07-09 16:11:07 INFO     Data : 2342
2025-07-09 16:11:07 INFO     Hit1 : 0.013664
2025-07-09 16:11:07 INFO     Hit3 : 0.019641
2025-07-09 16:11:07 INFO     Hit10: 0.028181
2025-07-09 16:11:07 INFO     MR   : 1379.780956
2025-07-09 16:11:07 INFO     MRR  : 0.022660
2025-07-09 16:11:07 INFO     >>>>> Predictor: Computing H scores of rules
2025-07-09 16:13:26 INFO     1000 5959
2025-07-09 16:15:45 INFO     2000 5959
2025-07-09 16:18:04 INFO     3000 5959
2025-07-09 16:20:23 INFO     4000 5959
2025-07-09 16:22:43 INFO     5000 5959
2025-07-09 16:24:58 INFO     >>>>> Generator: Training
2025-07-09 16:25:02 INFO     -------------------------
2025-07-09 16:25:02 INFO     | EM Iteration: 4/5
2025-07-09 16:25:02 INFO     -------------------------
2025-07-09 16:25:02 INFO     >>>>> Using Generator's sample rule
2025-07-09 16:25:02 INFO     >>>>> Generator: Rule generation with sampling
2025-07-09 16:25:02 INFO     Predictor: read 1938 rules from list.
2025-07-09 16:25:02 INFO     Preprocess training set
2025-07-09 16:25:02 INFO     >>>>> Predictor: Training
2025-07-09 16:25:53 INFO     1000 5959 8.787876 69271.3
2025-07-09 16:26:43 INFO     2000 5959 8.407591 69340.6
2025-07-09 16:27:34 INFO     3000 5959 8.141658 69384.0
2025-07-09 16:28:25 INFO     4000 5959 7.960909 69262.6
2025-07-09 16:29:15 INFO     5000 5959 7.802165 69332.0
2025-07-09 16:30:04 INFO     >>>>> Predictor: Evaluating on valid
2025-07-09 16:30:14 INFO     Data : 2077
2025-07-09 16:30:14 INFO     Hit1 : 0.012037
2025-07-09 16:30:14 INFO     Hit3 : 0.025036
2025-07-09 16:30:14 INFO     Hit10: 0.044776
2025-07-09 16:30:14 INFO     MR   : 1484.727732
2025-07-09 16:30:14 INFO     MRR  : 0.026449
2025-07-09 16:30:14 INFO     >>>>> Predictor: Evaluating on test
2025-07-09 16:30:25 INFO     Data : 2342
2025-07-09 16:30:25 INFO     Hit1 : 0.011102
2025-07-09 16:30:25 INFO     Hit3 : 0.019641
2025-07-09 16:30:25 INFO     Hit10: 0.040137
2025-07-09 16:30:25 INFO     MR   : 1371.366140
2025-07-09 16:30:25 INFO     MRR  : 0.023806
2025-07-09 16:30:25 INFO     >>>>> Predictor: Computing H scores of rules
2025-07-09 16:32:45 INFO     1000 5959
2025-07-09 16:35:05 INFO     2000 5959
2025-07-09 16:37:26 INFO     3000 5959
2025-07-09 16:39:46 INFO     4000 5959
2025-07-09 16:42:06 INFO     5000 5959
2025-07-09 16:44:23 INFO     >>>>> Generator: Training
2025-07-09 16:44:27 INFO     -------------------------
2025-07-09 16:44:27 INFO     | EM Iteration: 5/5
2025-07-09 16:44:27 INFO     -------------------------
2025-07-09 16:44:27 INFO     >>>>> Using Generator's sample rule
2025-07-09 16:44:27 INFO     >>>>> Generator: Rule generation with sampling
2025-07-09 16:44:27 INFO     Predictor: read 1959 rules from list.
2025-07-09 16:44:27 INFO     Preprocess training set
2025-07-09 16:44:27 INFO     >>>>> Predictor: Training
2025-07-09 16:45:19 INFO     1000 5959 8.829624 69332.0
2025-07-09 16:46:12 INFO     2000 5959 8.514428 69349.3
2025-07-09 16:47:03 INFO     3000 5959 8.323465 69340.6
2025-07-09 16:47:55 INFO     4000 5959 8.184834 69297.3
2025-07-09 16:48:47 INFO     5000 5959 8.085654 69219.2
2025-07-09 16:49:37 INFO     >>>>> Predictor: Evaluating on valid
2025-07-09 16:49:47 INFO     Data : 2077
2025-07-09 16:49:47 INFO     Hit1 : 0.028406
2025-07-09 16:49:47 INFO     Hit3 : 0.054405
2025-07-09 16:49:47 INFO     Hit10: 0.079442
2025-07-09 16:49:47 INFO     MR   : 1448.219547
2025-07-09 16:49:47 INFO     MRR  : 0.050093
2025-07-09 16:49:47 INFO     >>>>> Predictor: Evaluating on test
2025-07-09 16:49:58 INFO     Data : 2342
2025-07-09 16:49:58 INFO     Hit1 : 0.028181
2025-07-09 16:49:58 INFO     Hit3 : 0.054654
2025-07-09 16:49:58 INFO     Hit10: 0.078565
2025-07-09 16:49:58 INFO     MR   : 1342.205380
2025-07-09 16:49:58 INFO     MRR  : 0.050557
2025-07-09 16:49:58 INFO     >>>>> Predictor: Computing H scores of rules
2025-07-09 16:52:21 INFO     1000 5959
2025-07-09 16:54:44 INFO     2000 5959
2025-07-09 16:57:07 INFO     3000 5959
2025-07-09 16:59:30 INFO     4000 5959
2025-07-09 17:01:53 INFO     5000 5959
2025-07-09 17:04:12 INFO     >>>>> Generator: Training
2025-07-09 17:04:15 INFO     -------------------------
2025-07-09 17:04:15 INFO     | Post-train Generator
2025-07-09 17:04:15 INFO     -------------------------
2025-07-09 17:04:16 INFO     >>>>> Generator: Training
2025-07-09 17:04:54 INFO     [E01000] Total 3.139361 | Main 3.110149 | RelClus 1.857888 | EntType 3.026898
2025-07-09 17:04:54 INFO     -------------------------
2025-07-09 17:04:54 INFO     | Beam Search Best Rules
2025-07-09 17:04:54 INFO     -------------------------
2025-07-09 17:04:54 INFO     >>>>> Generator: Rule generation with beam search
2025-07-09 17:04:55 INFO     >>>>> Generator: Rule generation with beam search
2025-07-09 17:05:00 INFO     >>>>> Generator: Rule generation with beam search
2025-07-09 17:06:05 INFO     >>>>> Generator: Rule generation with beam search
2025-07-09 17:06:58 INFO     >>>>> Generator: Rule generation with beam search
2025-07-09 17:07:35 INFO     -------------------------
2025-07-09 17:07:35 INFO     | Train Final Predictor+
2025-07-09 17:07:35 INFO     -------------------------
2025-07-09 17:07:36 INFO     Predictor+: read 18420 rules from list.
2025-07-09 17:07:36 INFO     Preprocess training set
2025-07-09 17:07:36 INFO     -------------------------
2025-07-09 17:07:36 INFO     | Iteration: 1/5
2025-07-09 17:07:36 INFO     -------------------------
2025-07-09 17:07:36 INFO     >>>>> Predictor: Training
2025-07-09 17:11:44 INFO     1000 5959 4.894021 69271.3
2025-07-09 17:15:51 INFO     2000 5959 4.725599 69332.0
2025-07-09 17:19:57 INFO     3000 5959 4.706768 69375.3
2025-07-09 17:24:04 INFO     4000 5959 4.712356 69279.9
2025-07-09 17:28:11 INFO     5000 5959 4.680666 69349.3
2025-07-09 17:32:08 INFO     >>>>> Predictor: Evaluating on valid
2025-07-09 17:33:09 INFO     Data : 2077
2025-07-09 17:33:09 INFO     Hit1 : 0.100144
2025-07-09 17:33:09 INFO     Hit3 : 0.186326
2025-07-09 17:33:09 INFO     Hit10: 0.316322
2025-07-09 17:33:09 INFO     MR   : 985.986278
2025-07-09 17:33:09 INFO     MRR  : 0.168457
2025-07-09 17:33:09 INFO     >>>>> Predictor: Evaluating on test
2025-07-09 17:34:17 INFO     Data : 2342
2025-07-09 17:34:17 INFO     Hit1 : 0.132792
2025-07-09 17:34:17 INFO     Hit3 : 0.208796
2025-07-09 17:34:17 INFO     Hit10: 0.317677
2025-07-09 17:34:17 INFO     MR   : 920.762383
2025-07-09 17:34:17 INFO     MRR  : 0.193771
2025-07-09 17:34:17 INFO     Save checkpoint to results/semmeddb/10_times_each/cluster_k/4_20250709_124917/predictor.pt
2025-07-09 17:34:17 INFO     -------------------------
2025-07-09 17:34:17 INFO     | Iteration: 2/5
2025-07-09 17:34:17 INFO     -------------------------
2025-07-09 17:34:17 INFO     >>>>> Predictor: Training
2025-07-09 17:38:24 INFO     1000 5959 4.603452 69366.7
2025-07-09 17:42:30 INFO     2000 5959 4.654492 69375.3
2025-07-09 17:46:37 INFO     3000 5959 4.640936 69219.2
2025-07-09 17:50:44 INFO     4000 5959 4.655371 69305.9
2025-07-09 17:54:51 INFO     5000 5959 4.617173 69288.6
2025-07-09 17:58:48 INFO     >>>>> Predictor: Evaluating on valid
2025-07-09 17:59:48 INFO     Data : 2077
2025-07-09 17:59:48 INFO     Hit1 : 0.093404
2025-07-09 17:59:48 INFO     Hit3 : 0.184401
2025-07-09 17:59:48 INFO     Hit10: 0.315840
2025-07-09 17:59:48 INFO     MR   : 949.129032
2025-07-09 17:59:48 INFO     MRR  : 0.165425
2025-07-09 17:59:48 INFO     >>>>> Predictor: Evaluating on test
2025-07-09 18:00:56 INFO     Data : 2342
2025-07-09 18:00:56 INFO     Hit1 : 0.126815
2025-07-09 18:00:56 INFO     Hit3 : 0.208369
2025-07-09 18:00:56 INFO     Hit10: 0.322374
2025-07-09 18:00:56 INFO     MR   : 884.131298
2025-07-09 18:00:56 INFO     MRR  : 0.191529
2025-07-09 18:00:56 INFO     -------------------------
2025-07-09 18:00:56 INFO     | Iteration: 3/5
2025-07-09 18:00:56 INFO     -------------------------
2025-07-09 18:00:56 INFO     >>>>> Predictor: Training
2025-07-09 18:05:03 INFO     1000 5959 4.618171 69288.6
2025-07-09 18:09:11 INFO     2000 5959 4.617169 69288.6
2025-07-09 18:13:18 INFO     3000 5959 4.609774 69340.6
2025-07-09 18:17:25 INFO     4000 5959 4.615984 69271.3
2025-07-09 18:21:33 INFO     5000 5959 4.639266 69219.2
2025-07-09 18:25:30 INFO     >>>>> Predictor: Evaluating on valid
2025-07-09 18:26:30 INFO     Data : 2077
2025-07-09 18:26:30 INFO     Hit1 : 0.090997
2025-07-09 18:26:30 INFO     Hit3 : 0.177660
2025-07-09 18:26:30 INFO     Hit10: 0.305729
2025-07-09 18:26:30 INFO     MR   : 937.452335
2025-07-09 18:26:30 INFO     MRR  : 0.160489
2025-07-09 18:26:30 INFO     >>>>> Predictor: Evaluating on test
2025-07-09 18:27:38 INFO     Data : 2342
2025-07-09 18:27:38 INFO     Hit1 : 0.111016
2025-07-09 18:27:38 INFO     Hit3 : 0.197267
2025-07-09 18:27:38 INFO     Hit10: 0.320666
2025-07-09 18:27:38 INFO     MR   : 865.472673
2025-07-09 18:27:38 INFO     MRR  : 0.177625
2025-07-09 18:27:38 INFO     -------------------------
2025-07-09 18:27:38 INFO     | Iteration: 4/5
2025-07-09 18:27:38 INFO     -------------------------
2025-07-09 18:27:38 INFO     >>>>> Predictor: Training
2025-07-09 18:31:46 INFO     1000 5959 4.595494 69340.6
2025-07-09 18:35:53 INFO     2000 5959 4.563949 69184.5
2025-07-09 18:40:00 INFO     3000 5959 4.625479 69253.9
2025-07-09 18:44:07 INFO     4000 5959 4.601851 69340.6
2025-07-09 18:48:15 INFO     5000 5959 4.598610 69384.0
2025-07-09 18:52:12 INFO     >>>>> Predictor: Evaluating on valid
2025-07-09 18:53:12 INFO     Data : 2077
2025-07-09 18:53:12 INFO     Hit1 : 0.096774
2025-07-09 18:53:12 INFO     Hit3 : 0.184401
2025-07-09 18:53:12 INFO     Hit10: 0.316322
2025-07-09 18:53:12 INFO     MR   : 929.308377
2025-07-09 18:53:12 INFO     MRR  : 0.166983
2025-07-09 18:53:12 INFO     >>>>> Predictor: Evaluating on test
2025-07-09 18:54:20 INFO     Data : 2342
2025-07-09 18:54:20 INFO     Hit1 : 0.127669
2025-07-09 18:54:20 INFO     Hit3 : 0.212639
2025-07-09 18:54:20 INFO     Hit10: 0.325790
2025-07-09 18:54:20 INFO     MR   : 861.080914
2025-07-09 18:54:20 INFO     MRR  : 0.193100
2025-07-09 18:54:20 INFO     -------------------------
2025-07-09 18:54:20 INFO     | Iteration: 5/5
2025-07-09 18:54:20 INFO     -------------------------
2025-07-09 18:54:20 INFO     >>>>> Predictor: Training
2025-07-09 18:58:27 INFO     1000 5959 4.604733 69323.3
2025-07-09 19:02:34 INFO     2000 5959 4.581826 69332.0
2025-07-09 19:06:41 INFO     3000 5959 4.614860 69219.2
2025-07-09 19:10:49 INFO     4000 5959 4.612460 69297.3
2025-07-09 19:14:56 INFO     5000 5959 4.575158 69332.0
2025-07-09 19:18:53 INFO     >>>>> Predictor: Evaluating on valid
2025-07-09 19:19:54 INFO     Data : 2077
2025-07-09 19:19:54 INFO     Hit1 : 0.090515
2025-07-09 19:19:54 INFO     Hit3 : 0.184401
2025-07-09 19:19:54 INFO     Hit10: 0.315840
2025-07-09 19:19:54 INFO     MR   : 921.203659
2025-07-09 19:19:54 INFO     MRR  : 0.162946
2025-07-09 19:19:54 INFO     >>>>> Predictor: Evaluating on test
2025-07-09 19:21:01 INFO     Data : 2342
2025-07-09 19:21:01 INFO     Hit1 : 0.129804
2025-07-09 19:21:01 INFO     Hit3 : 0.211785
2025-07-09 19:21:01 INFO     Hit10: 0.326644
2025-07-09 19:21:01 INFO     MR   : 851.621264
2025-07-09 19:21:01 INFO     MRR  : 0.193113
2025-07-09 19:21:01 INFO     -------------------------
2025-07-09 19:21:01 INFO     | Final Test MRR: 0.193771
2025-07-09 19:21:01 INFO     -------------------------
