2025-07-09 14:43:53 INFO     is_soft_label: False
2025-07-09 14:43:53 INFO     is_scheduled_sampling: False
2025-07-09 14:43:53 INFO     is_test_mode: False
2025-07-09 14:43:53 INFO     Data loading | DONE!
2025-07-09 14:43:53 INFO     Using full datasets for training, validation, and testing.
2025-07-09 14:43:54 INFO     -------------------------
2025-07-09 14:43:54 INFO     | EM Iteration: 1/5
2025-07-09 14:43:54 INFO     -------------------------
2025-07-09 14:43:54 INFO     >>>>> Using miner's rule
2025-07-09 14:43:54 INFO     Predictor: read 13661 rules from list.
2025-07-09 14:43:55 INFO     Preprocess training set
2025-07-09 14:43:55 INFO     >>>>> Predictor: Evaluating on valid
2025-07-09 14:46:13 INFO     Data : 2077
2025-07-09 14:46:13 INFO     Hit1 : 0.065479
2025-07-09 14:46:13 INFO     Hit3 : 0.127106
2025-07-09 14:46:13 INFO     Hit10: 0.199326
2025-07-09 14:46:13 INFO     MR   : 1120.902022
2025-07-09 14:46:13 INFO     MRR  : 0.114382
2025-07-09 14:46:13 INFO     >>>>> Predictor: Evaluating on test
2025-07-09 14:48:44 INFO     Data : 2342
2025-07-09 14:48:44 INFO     Hit1 : 0.078992
2025-07-09 14:48:44 INFO     Hit3 : 0.124253
2025-07-09 14:48:44 INFO     Hit10: 0.208796
2025-07-09 14:48:44 INFO     MR   : 1044.269001
2025-07-09 14:48:44 INFO     MRR  : 0.122250
2025-07-09 14:48:44 INFO     >>>>> Predictor: Computing H scores of rules
2025-07-09 15:22:51 INFO     1000 5959
2025-07-09 15:57:36 INFO     2000 5959
2025-07-09 16:32:03 INFO     3000 5959
2025-07-09 17:06:45 INFO     4000 5959
2025-07-09 17:41:13 INFO     5000 5959
2025-07-09 18:16:58 INFO     >>>>> Generator: Training
2025-07-09 18:17:07 INFO     -------------------------
2025-07-09 18:17:07 INFO     | EM Iteration: 2/5
2025-07-09 18:17:07 INFO     -------------------------
2025-07-09 18:17:07 INFO     >>>>> Using Generator's sample rule
2025-07-09 18:17:07 INFO     >>>>> Generator: Rule generation with sampling
2025-07-09 18:17:07 INFO     Predictor: read 1911 rules from list.
2025-07-09 18:17:07 INFO     Preprocess training set
2025-07-09 18:17:07 INFO     >>>>> Predictor: Training
2025-07-09 18:18:15 INFO     1000 5959 8.777570 69314.6
2025-07-09 18:19:22 INFO     2000 5959 8.371539 69271.3
2025-07-09 18:20:30 INFO     3000 5959 8.153186 69245.2
2025-07-09 18:21:37 INFO     4000 5959 7.969597 69340.6
2025-07-09 18:22:45 INFO     5000 5959 7.793540 69340.6
2025-07-09 18:23:50 INFO     >>>>> Predictor: Evaluating on valid
2025-07-09 18:24:06 INFO     Data : 2077
2025-07-09 18:24:06 INFO     Hit1 : 0.018777
2025-07-09 18:24:06 INFO     Hit3 : 0.033221
2025-07-09 18:24:06 INFO     Hit10: 0.057294
2025-07-09 18:24:06 INFO     MR   : 1437.389263
2025-07-09 18:24:06 INFO     MRR  : 0.034256
2025-07-09 18:24:06 INFO     >>>>> Predictor: Evaluating on test
2025-07-09 18:24:24 INFO     Data : 2342
2025-07-09 18:24:24 INFO     Hit1 : 0.017506
2025-07-09 18:24:24 INFO     Hit3 : 0.033305
2025-07-09 18:24:24 INFO     Hit10: 0.061059
2025-07-09 18:24:24 INFO     MR   : 1333.688728
2025-07-09 18:24:24 INFO     MRR  : 0.034270
2025-07-09 18:24:24 INFO     >>>>> Predictor: Computing H scores of rules
2025-07-09 18:27:43 INFO     1000 5959
2025-07-09 18:31:03 INFO     2000 5959
2025-07-09 18:34:23 INFO     3000 5959
2025-07-09 18:37:42 INFO     4000 5959
2025-07-09 18:41:01 INFO     5000 5959
2025-07-09 18:44:15 INFO     >>>>> Generator: Training
2025-07-09 18:44:24 INFO     -------------------------
2025-07-09 18:44:24 INFO     | EM Iteration: 3/5
2025-07-09 18:44:24 INFO     -------------------------
2025-07-09 18:44:24 INFO     >>>>> Using Generator's sample rule
2025-07-09 18:44:24 INFO     >>>>> Generator: Rule generation with sampling
2025-07-09 18:44:24 INFO     Predictor: read 1914 rules from list.
2025-07-09 18:44:24 INFO     Preprocess training set
2025-07-09 18:44:24 INFO     >>>>> Predictor: Training
2025-07-09 18:45:36 INFO     1000 5959 8.801315 69332.0
2025-07-09 18:46:46 INFO     2000 5959 8.440312 69349.3
2025-07-09 18:47:57 INFO     3000 5959 8.213319 69184.5
2025-07-09 18:49:07 INFO     4000 5959 8.008810 69253.9
2025-07-09 18:50:18 INFO     5000 5959 7.911870 69332.0
2025-07-09 18:51:25 INFO     >>>>> Predictor: Evaluating on valid
2025-07-09 18:51:41 INFO     Data : 2077
2025-07-09 18:51:41 INFO     Hit1 : 0.013962
2025-07-09 18:51:41 INFO     Hit3 : 0.021666
2025-07-09 18:51:41 INFO     Hit10: 0.033221
2025-07-09 18:51:41 INFO     MR   : 1497.018055
2025-07-09 18:51:41 INFO     MRR  : 0.023921
2025-07-09 18:51:41 INFO     >>>>> Predictor: Evaluating on test
2025-07-09 18:52:00 INFO     Data : 2342
2025-07-09 18:52:00 INFO     Hit1 : 0.013664
2025-07-09 18:52:00 INFO     Hit3 : 0.019641
2025-07-09 18:52:00 INFO     Hit10: 0.028181
2025-07-09 18:52:00 INFO     MR   : 1379.780956
2025-07-09 18:52:00 INFO     MRR  : 0.022660
2025-07-09 18:52:00 INFO     >>>>> Predictor: Computing H scores of rules
2025-07-09 18:55:19 INFO     1000 5959
2025-07-09 18:58:37 INFO     2000 5959
2025-07-09 19:01:53 INFO     3000 5959
2025-07-09 19:05:08 INFO     4000 5959
2025-07-09 19:08:26 INFO     5000 5959
2025-07-09 19:11:38 INFO     >>>>> Generator: Training
2025-07-09 19:11:47 INFO     -------------------------
2025-07-09 19:11:47 INFO     | EM Iteration: 4/5
2025-07-09 19:11:47 INFO     -------------------------
2025-07-09 19:11:47 INFO     >>>>> Using Generator's sample rule
2025-07-09 19:11:47 INFO     >>>>> Generator: Rule generation with sampling
2025-07-09 19:11:47 INFO     Predictor: read 1938 rules from list.
2025-07-09 19:11:47 INFO     Preprocess training set
2025-07-09 19:11:47 INFO     >>>>> Predictor: Training
2025-07-09 19:12:58 INFO     1000 5959 8.787876 69271.3
2025-07-09 19:14:07 INFO     2000 5959 8.407591 69340.6
2025-07-09 19:15:16 INFO     3000 5959 8.141658 69384.0
2025-07-09 19:16:28 INFO     4000 5959 7.960909 69262.6
2025-07-09 19:17:37 INFO     5000 5959 7.802165 69332.0
2025-07-09 19:18:44 INFO     >>>>> Predictor: Evaluating on valid
2025-07-09 19:19:01 INFO     Data : 2077
2025-07-09 19:19:01 INFO     Hit1 : 0.012037
2025-07-09 19:19:01 INFO     Hit3 : 0.025036
2025-07-09 19:19:01 INFO     Hit10: 0.044776
2025-07-09 19:19:01 INFO     MR   : 1484.727732
2025-07-09 19:19:01 INFO     MRR  : 0.026449
2025-07-09 19:19:01 INFO     >>>>> Predictor: Evaluating on test
2025-07-09 19:19:19 INFO     Data : 2342
2025-07-09 19:19:19 INFO     Hit1 : 0.011102
2025-07-09 19:19:19 INFO     Hit3 : 0.019641
2025-07-09 19:19:19 INFO     Hit10: 0.040137
2025-07-09 19:19:19 INFO     MR   : 1371.366140
2025-07-09 19:19:19 INFO     MRR  : 0.023806
2025-07-09 19:19:19 INFO     >>>>> Predictor: Computing H scores of rules
2025-07-09 19:22:37 INFO     1000 5959
2025-07-09 19:25:56 INFO     2000 5959
2025-07-09 19:29:13 INFO     3000 5959
2025-07-09 19:32:30 INFO     4000 5959
2025-07-09 19:35:47 INFO     5000 5959
2025-07-09 19:38:58 INFO     >>>>> Generator: Training
2025-07-09 19:39:06 INFO     -------------------------
2025-07-09 19:39:06 INFO     | EM Iteration: 5/5
2025-07-09 19:39:06 INFO     -------------------------
2025-07-09 19:39:06 INFO     >>>>> Using Generator's sample rule
2025-07-09 19:39:06 INFO     >>>>> Generator: Rule generation with sampling
2025-07-09 19:39:06 INFO     Predictor: read 1959 rules from list.
2025-07-09 19:39:06 INFO     Preprocess training set
2025-07-09 19:39:06 INFO     >>>>> Predictor: Training
2025-07-09 19:40:16 INFO     1000 5959 8.829624 69332.0
2025-07-09 19:41:27 INFO     2000 5959 8.514428 69349.3
2025-07-09 19:42:37 INFO     3000 5959 8.323465 69340.6
2025-07-09 19:43:47 INFO     4000 5959 8.184834 69297.3
2025-07-09 19:44:58 INFO     5000 5959 8.085654 69219.2
2025-07-09 19:46:04 INFO     >>>>> Predictor: Evaluating on valid
2025-07-09 19:46:20 INFO     Data : 2077
2025-07-09 19:46:20 INFO     Hit1 : 0.028406
2025-07-09 19:46:20 INFO     Hit3 : 0.054405
2025-07-09 19:46:20 INFO     Hit10: 0.079442
2025-07-09 19:46:20 INFO     MR   : 1448.219547
2025-07-09 19:46:20 INFO     MRR  : 0.050093
2025-07-09 19:46:20 INFO     >>>>> Predictor: Evaluating on test
2025-07-09 19:46:38 INFO     Data : 2342
2025-07-09 19:46:38 INFO     Hit1 : 0.028181
2025-07-09 19:46:38 INFO     Hit3 : 0.054654
2025-07-09 19:46:38 INFO     Hit10: 0.078565
2025-07-09 19:46:38 INFO     MR   : 1342.205380
2025-07-09 19:46:38 INFO     MRR  : 0.050557
2025-07-09 19:46:38 INFO     >>>>> Predictor: Computing H scores of rules
2025-07-09 19:49:55 INFO     1000 5959
2025-07-09 19:53:15 INFO     2000 5959
2025-07-09 19:56:33 INFO     3000 5959
2025-07-09 19:59:51 INFO     4000 5959
2025-07-09 20:03:08 INFO     5000 5959
2025-07-09 20:06:19 INFO     >>>>> Generator: Training
2025-07-09 20:06:28 INFO     -------------------------
2025-07-09 20:06:28 INFO     | Post-train Generator
2025-07-09 20:06:28 INFO     -------------------------
2025-07-09 20:06:30 INFO     >>>>> Generator: Training
2025-07-09 20:07:55 INFO     [E01000] Total 3.139361 | Main 3.110149 | RelClus 1.857888 | EntType 3.026898
2025-07-09 20:07:55 INFO     -------------------------
2025-07-09 20:07:55 INFO     | Beam Search Best Rules
2025-07-09 20:07:55 INFO     -------------------------
2025-07-09 20:07:55 INFO     >>>>> Generator: Rule generation with beam search
2025-07-09 20:07:56 INFO     >>>>> Generator: Rule generation with beam search
2025-07-09 20:08:01 INFO     >>>>> Generator: Rule generation with beam search
2025-07-09 20:09:18 INFO     >>>>> Generator: Rule generation with beam search
2025-07-09 20:10:21 INFO     >>>>> Generator: Rule generation with beam search
2025-07-09 20:11:04 INFO     -------------------------
2025-07-09 20:11:04 INFO     | Train Final Predictor+
2025-07-09 20:11:04 INFO     -------------------------
2025-07-09 20:11:05 INFO     Predictor+: read 18420 rules from list.
2025-07-09 20:11:05 INFO     Preprocess training set
2025-07-09 20:11:05 INFO     -------------------------
2025-07-09 20:11:05 INFO     | Iteration: 1/5
2025-07-09 20:11:05 INFO     -------------------------
2025-07-09 20:11:05 INFO     >>>>> Predictor: Training
2025-07-09 20:16:07 INFO     1000 5959 4.894401 69271.3
2025-07-09 20:21:07 INFO     2000 5959 4.725652 69332.0
2025-07-09 20:26:11 INFO     3000 5959 4.708060 69375.3
2025-07-09 20:31:11 INFO     4000 5959 4.712512 69279.9
2025-07-09 20:36:11 INFO     5000 5959 4.680483 69349.3
2025-07-09 20:40:56 INFO     >>>>> Predictor: Evaluating on valid
2025-07-09 20:42:09 INFO     Data : 2077
2025-07-09 20:42:09 INFO     Hit1 : 0.101107
2025-07-09 20:42:09 INFO     Hit3 : 0.186326
2025-07-09 20:42:09 INFO     Hit10: 0.315840
2025-07-09 20:42:09 INFO     MR   : 986.958113
2025-07-09 20:42:09 INFO     MRR  : 0.169467
2025-07-09 20:42:09 INFO     >>>>> Predictor: Evaluating on test
2025-07-09 20:43:31 INFO     Data : 2342
2025-07-09 20:43:31 INFO     Hit1 : 0.126388
2025-07-09 20:43:31 INFO     Hit3 : 0.210504
2025-07-09 20:43:31 INFO     Hit10: 0.315969
2025-07-09 20:43:31 INFO     MR   : 921.239752
2025-07-09 20:43:31 INFO     MRR  : 0.189871
2025-07-09 20:43:31 INFO     Save checkpoint to results/semmeddb/10_times_each/cluster_k/4_20250709_144351/predictor.pt
2025-07-09 20:43:31 INFO     -------------------------
2025-07-09 20:43:31 INFO     | Iteration: 2/5
2025-07-09 20:43:31 INFO     -------------------------
2025-07-09 20:43:31 INFO     >>>>> Predictor: Training
2025-07-09 20:48:28 INFO     1000 5959 4.604359 69366.7
2025-07-09 20:53:24 INFO     2000 5959 4.654857 69375.3
2025-07-09 20:58:24 INFO     3000 5959 4.640453 69219.2
2025-07-09 21:03:21 INFO     4000 5959 4.653625 69305.9
2025-07-09 21:08:21 INFO     5000 5959 4.618325 69288.6
2025-07-09 21:13:06 INFO     >>>>> Predictor: Evaluating on valid
2025-07-09 21:14:20 INFO     Data : 2077
2025-07-09 21:14:20 INFO     Hit1 : 0.092441
2025-07-09 21:14:20 INFO     Hit3 : 0.187289
2025-07-09 21:14:20 INFO     Hit10: 0.313914
2025-07-09 21:14:20 INFO     MR   : 948.844487
2025-07-09 21:14:20 INFO     MRR  : 0.164747
2025-07-09 21:14:20 INFO     >>>>> Predictor: Evaluating on test
2025-07-09 21:15:43 INFO     Data : 2342
2025-07-09 21:15:43 INFO     Hit1 : 0.133646
2025-07-09 21:15:43 INFO     Hit3 : 0.211358
2025-07-09 21:15:43 INFO     Hit10: 0.320239
2025-07-09 21:15:43 INFO     MR   : 884.901153
2025-07-09 21:15:43 INFO     MRR  : 0.194401
2025-07-09 21:15:43 INFO     -------------------------
2025-07-09 21:15:43 INFO     | Iteration: 3/5
2025-07-09 21:15:43 INFO     -------------------------
2025-07-09 21:15:43 INFO     >>>>> Predictor: Training
2025-07-09 21:20:42 INFO     1000 5959 4.618134 69288.6
2025-07-09 21:25:41 INFO     2000 5959 4.616889 69288.6
2025-07-09 21:30:40 INFO     3000 5959 4.609314 69340.6
2025-07-09 21:35:39 INFO     4000 5959 4.616932 69271.3
2025-07-09 21:40:39 INFO     5000 5959 4.639343 69219.2
2025-07-09 21:45:26 INFO     >>>>> Predictor: Evaluating on valid
2025-07-09 21:46:39 INFO     Data : 2077
2025-07-09 21:46:39 INFO     Hit1 : 0.087145
2025-07-09 21:46:39 INFO     Hit3 : 0.172845
2025-07-09 21:46:39 INFO     Hit10: 0.301878
2025-07-09 21:46:39 INFO     MR   : 938.336784
2025-07-09 21:46:39 INFO     MRR  : 0.156520
2025-07-09 21:46:39 INFO     >>>>> Predictor: Evaluating on test
2025-07-09 21:48:02 INFO     Data : 2342
2025-07-09 21:48:02 INFO     Hit1 : 0.114432
2025-07-09 21:48:02 INFO     Hit3 : 0.191716
2025-07-09 21:48:02 INFO     Hit10: 0.313834
2025-07-09 21:48:02 INFO     MR   : 866.557216
2025-07-09 21:48:02 INFO     MRR  : 0.177911
2025-07-09 21:48:02 INFO     -------------------------
2025-07-09 21:48:02 INFO     | Iteration: 4/5
2025-07-09 21:48:02 INFO     -------------------------
2025-07-09 21:48:02 INFO     >>>>> Predictor: Training
2025-07-09 21:53:00 INFO     1000 5959 4.596843 69340.6
2025-07-09 21:57:59 INFO     2000 5959 4.563011 69184.5
2025-07-09 22:02:58 INFO     3000 5959 4.626591 69253.9
2025-07-09 22:07:57 INFO     4000 5959 4.602110 69340.6
2025-07-09 22:12:56 INFO     5000 5959 4.599927 69384.0
2025-07-09 22:17:44 INFO     >>>>> Predictor: Evaluating on valid
2025-07-09 22:18:58 INFO     Data : 2077
2025-07-09 22:18:58 INFO     Hit1 : 0.091478
2025-07-09 22:18:58 INFO     Hit3 : 0.179104
2025-07-09 22:18:58 INFO     Hit10: 0.309581
2025-07-09 22:18:58 INFO     MR   : 933.900096
2025-07-09 22:18:58 INFO     MRR  : 0.161934
2025-07-09 22:18:58 INFO     >>>>> Predictor: Evaluating on test
2025-07-09 22:20:21 INFO     Data : 2342
2025-07-09 22:20:21 INFO     Hit1 : 0.125107
2025-07-09 22:20:21 INFO     Hit3 : 0.209650
2025-07-09 22:20:21 INFO     Hit10: 0.318531
2025-07-09 22:20:21 INFO     MR   : 865.508967
2025-07-09 22:20:21 INFO     MRR  : 0.189596
2025-07-09 22:20:21 INFO     -------------------------
2025-07-09 22:20:21 INFO     | Iteration: 5/5
2025-07-09 22:20:21 INFO     -------------------------
2025-07-09 22:20:21 INFO     >>>>> Predictor: Training
2025-07-09 22:25:22 INFO     1000 5959 4.605172 69323.3
2025-07-09 22:30:20 INFO     2000 5959 4.583171 69332.0
2025-07-09 22:35:20 INFO     3000 5959 4.614247 69219.2
2025-07-09 22:40:19 INFO     4000 5959 4.611474 69297.3
2025-07-09 22:45:18 INFO     5000 5959 4.575441 69332.0
2025-07-09 22:50:03 INFO     >>>>> Predictor: Evaluating on valid
2025-07-09 22:51:16 INFO     Data : 2077
2025-07-09 22:51:16 INFO     Hit1 : 0.089552
2025-07-09 22:51:16 INFO     Hit3 : 0.177660
2025-07-09 22:51:16 INFO     Hit10: 0.316803
2025-07-09 22:51:16 INFO     MR   : 920.630477
2025-07-09 22:51:16 INFO     MRR  : 0.162014
2025-07-09 22:51:16 INFO     >>>>> Predictor: Evaluating on test
2025-07-09 22:52:38 INFO     Data : 2342
2025-07-09 22:52:38 INFO     Hit1 : 0.126388
2025-07-09 22:52:38 INFO     Hit3 : 0.205807
2025-07-09 22:52:38 INFO     Hit10: 0.319385
2025-07-09 22:52:38 INFO     MR   : 853.209009
2025-07-09 22:52:38 INFO     MRR  : 0.189972
2025-07-09 22:52:38 INFO     -------------------------
2025-07-09 22:52:38 INFO     | Final Test MRR: 0.189871
2025-07-09 22:52:38 INFO     -------------------------
