2025-05-19 20:34:49 INFO     -------------------------
2025-05-19 20:34:49 INFO     | Pre-train Generator
2025-05-19 20:34:49 INFO     -------------------------
2025-05-19 20:34:49 INFO     >>>>> Generator: Training
2025-05-19 20:34:54 INFO     [E1000] Total: 1.617747 | Main: 1.653723 | Aux: 0.922826
2025-05-19 20:34:58 INFO     [E2000] Total: 1.535770 | Main: 1.569442 | Aux: 0.896008
2025-05-19 20:35:02 INFO     [E3000] Total: 1.525521 | Main: 1.558799 | Aux: 0.893231
2025-05-19 20:35:06 INFO     [E4000] Total: 1.519623 | Main: 1.552687 | Aux: 0.891425
2025-05-19 20:35:10 INFO     [E5000] Total: 1.515357 | Main: 1.548252 | Aux: 0.890338
2025-05-19 20:35:14 INFO     [E6000] Total: 1.512968 | Main: 1.545774 | Aux: 0.889666
2025-05-19 20:35:18 INFO     [E7000] Total: 1.511931 | Main: 1.544689 | Aux: 0.889525
2025-05-19 20:35:22 INFO     [E8000] Total: 1.511962 | Main: 1.544746 | Aux: 0.889073
2025-05-19 20:35:26 INFO     [E9000] Total: 1.508534 | Main: 1.541174 | Aux: 0.888380
2025-05-19 20:35:30 INFO     [E10000] Total: 1.508358 | Main: 1.540995 | Aux: 0.888268
2025-05-19 20:35:30 INFO     -------------------------
2025-05-19 20:35:30 INFO     | EM Iteration: 1/2
2025-05-19 20:35:30 INFO     -------------------------
2025-05-19 20:35:30 INFO     >>>>> Generator: Rule generation with sampling
2025-05-19 20:35:30 INFO     Predictor: read 485 rules from list.
2025-05-19 20:35:30 INFO     Preprocess training set
2025-05-19 20:35:30 INFO     >>>>> Predictor: Training
2025-05-19 20:35:32 INFO     100 12313 8.943473 69123.8
2025-05-19 20:35:33 INFO     200 12313 8.692389 69384.0
2025-05-19 20:35:35 INFO     300 12313 8.511858 69384.0
2025-05-19 20:35:36 INFO     400 12313 8.366301 69384.0
2025-05-19 20:35:38 INFO     500 12313 8.323152 69384.0
2025-05-19 20:35:39 INFO     600 12313 8.130853 69384.0
2025-05-19 20:35:41 INFO     700 12313 8.125187 69384.0
2025-05-19 20:35:42 INFO     800 12313 8.128883 69384.0
2025-05-19 20:35:44 INFO     900 12313 8.061614 69384.0
2025-05-19 20:35:45 INFO     1000 12313 7.904927 69384.0
2025-05-19 20:35:47 INFO     1100 12313 7.956524 69210.5
2025-05-19 20:35:48 INFO     1200 12313 7.927979 69384.0
2025-05-19 20:35:50 INFO     1300 12313 7.967710 69384.0
2025-05-19 20:35:51 INFO     1400 12313 7.888110 69384.0
2025-05-19 20:35:53 INFO     1500 12313 7.925477 69384.0
2025-05-19 20:35:55 INFO     1600 12313 7.878724 69384.0
2025-05-19 20:35:56 INFO     1700 12313 7.846114 69384.0
2025-05-19 20:35:58 INFO     1800 12313 7.757817 69037.1
2025-05-19 20:35:59 INFO     1900 12313 7.870310 69384.0
2025-05-19 20:36:01 INFO     2000 12313 7.725555 69384.0
2025-05-19 20:36:02 INFO     2100 12313 7.722651 69384.0
2025-05-19 20:36:04 INFO     2200 12313 7.700897 69384.0
2025-05-19 20:36:05 INFO     2300 12313 7.789510 69384.0
2025-05-19 20:36:07 INFO     2400 12313 7.727921 69384.0
2025-05-19 20:36:08 INFO     2500 12313 7.665282 69384.0
2025-05-19 20:36:10 INFO     2600 12313 7.686656 69384.0
2025-05-19 20:36:11 INFO     2700 12313 7.731100 69384.0
2025-05-19 20:36:13 INFO     2800 12313 7.575560 69384.0
2025-05-19 20:36:14 INFO     2900 12313 7.598431 69384.0
2025-05-19 20:36:16 INFO     3000 12313 7.659466 69384.0
2025-05-19 20:36:17 INFO     3100 12313 7.698918 68776.9
2025-05-19 20:36:19 INFO     3200 12313 7.589099 69384.0
2025-05-19 20:36:20 INFO     3300 12313 7.637147 69384.0
2025-05-19 20:36:22 INFO     3400 12313 7.596345 69384.0
2025-05-19 20:36:23 INFO     3500 12313 7.614516 69384.0
2025-05-19 20:36:25 INFO     3600 12313 7.548886 69384.0
2025-05-19 20:36:26 INFO     3700 12313 7.446513 69384.0
2025-05-19 20:36:28 INFO     3800 12313 7.549386 69384.0
2025-05-19 20:36:29 INFO     3900 12313 7.584110 69384.0
2025-05-19 20:36:31 INFO     4000 12313 7.558832 68950.4
2025-05-19 20:36:33 INFO     4100 12313 7.457178 69384.0
2025-05-19 20:36:34 INFO     4200 12313 7.491042 69384.0
2025-05-19 20:36:36 INFO     4300 12313 7.569273 69384.0
2025-05-19 20:36:37 INFO     4400 12313 7.474781 68863.6
2025-05-19 20:36:39 INFO     4500 12313 7.487236 69384.0
2025-05-19 20:36:40 INFO     4600 12313 7.463781 69384.0
2025-05-19 20:36:42 INFO     4700 12313 7.446737 69384.0
2025-05-19 20:36:43 INFO     4800 12313 7.462937 69384.0
2025-05-19 20:36:44 INFO     4900 12313 7.610829 69384.0
2025-05-19 20:36:46 INFO     5000 12313 7.536166 69384.0
2025-05-19 20:36:47 INFO     5100 12313 7.445813 69384.0
2025-05-19 20:36:49 INFO     5200 12313 7.409018 69384.0
2025-05-19 20:36:50 INFO     5300 12313 7.455835 69384.0
2025-05-19 20:36:52 INFO     5400 12313 7.579916 69384.0
2025-05-19 20:36:53 INFO     5500 12313 7.410622 69384.0
2025-05-19 20:36:55 INFO     5600 12313 7.456427 69384.0
2025-05-19 20:36:56 INFO     5700 12313 7.493335 69384.0
2025-05-19 20:36:58 INFO     5800 12313 7.360001 69384.0
2025-05-19 20:36:59 INFO     5900 12313 7.439300 69384.0
2025-05-19 20:37:01 INFO     6000 12313 7.383582 69384.0
2025-05-19 20:37:02 INFO     6100 12313 7.356510 69384.0
2025-05-19 20:37:04 INFO     6200 12313 7.380822 69384.0
2025-05-19 20:37:05 INFO     6300 12313 7.415924 69384.0
2025-05-19 20:37:07 INFO     6400 12313 7.352714 68950.4
2025-05-19 20:37:08 INFO     6500 12313 7.403402 69384.0
2025-05-19 20:37:10 INFO     6600 12313 7.441953 68950.4
2025-05-19 20:37:11 INFO     6700 12313 7.301561 69384.0
2025-05-19 20:37:13 INFO     6800 12313 7.288924 69384.0
2025-05-19 20:37:14 INFO     6900 12313 7.441331 69384.0
2025-05-19 20:37:16 INFO     7000 12313 7.376974 69384.0
2025-05-19 20:37:17 INFO     7100 12313 7.380493 69384.0
2025-05-19 20:37:19 INFO     7200 12313 7.417917 69384.0
2025-05-19 20:37:20 INFO     7300 12313 7.326404 69384.0
2025-05-19 20:37:22 INFO     7400 12313 7.346108 69384.0
2025-05-19 20:37:23 INFO     7500 12313 7.394522 68776.9
2025-05-19 20:37:25 INFO     7600 12313 7.292048 69384.0
2025-05-19 20:37:26 INFO     7700 12313 7.358989 69384.0
2025-05-19 20:37:28 INFO     7800 12313 7.358839 69384.0
2025-05-19 20:37:29 INFO     7900 12313 7.355159 69384.0
2025-05-19 20:37:31 INFO     8000 12313 7.318675 69384.0
2025-05-19 20:37:32 INFO     8100 12313 7.326581 69384.0
2025-05-19 20:37:34 INFO     8200 12313 7.373320 69384.0
2025-05-19 20:37:35 INFO     8300 12313 7.349421 69123.8
2025-05-19 20:37:37 INFO     8400 12313 7.299473 69384.0
2025-05-19 20:37:38 INFO     8500 12313 7.261987 69384.0
2025-05-19 20:37:40 INFO     8600 12313 7.352888 69384.0
2025-05-19 20:37:41 INFO     8700 12313 7.261056 69384.0
2025-05-19 20:37:43 INFO     8800 12313 7.304543 69384.0
2025-05-19 20:37:44 INFO     8900 12313 7.251400 69384.0
2025-05-19 20:37:46 INFO     9000 12313 7.329252 69384.0
2025-05-19 20:37:47 INFO     9100 12313 7.271191 69384.0
2025-05-19 20:37:49 INFO     9200 12313 7.291159 69384.0
2025-05-19 20:37:50 INFO     9300 12313 7.383924 69384.0
2025-05-19 20:37:52 INFO     9400 12313 7.275983 69384.0
2025-05-19 20:37:53 INFO     9500 12313 7.316904 69384.0
2025-05-19 20:37:55 INFO     9600 12313 7.288806 69384.0
2025-05-19 20:37:56 INFO     9700 12313 7.420402 69037.1
2025-05-19 20:37:58 INFO     9800 12313 7.330662 69210.5
2025-05-19 20:37:59 INFO     9900 12313 7.276198 69384.0
2025-05-19 20:38:01 INFO     10000 12313 7.324304 69384.0
2025-05-19 20:38:01 INFO     >>>>> Predictor: Evaluating on valid
2025-05-19 20:38:06 INFO     Data : 3823
2025-05-19 20:38:06 INFO     Hit1 : 0.023019
2025-05-19 20:38:06 INFO     Hit3 : 0.049176
2025-05-19 20:38:06 INFO     Hit10: 0.093382
2025-05-19 20:38:06 INFO     MR   : 1181.803427
2025-05-19 20:38:06 INFO     MRR  : 0.048892
2025-05-19 20:38:06 INFO     >>>>> Predictor: Evaluating on test
2025-05-19 20:38:12 INFO     Data : 4402
2025-05-19 20:38:12 INFO     Hit1 : 0.030895
2025-05-19 20:38:12 INFO     Hit3 : 0.057474
2025-05-19 20:38:12 INFO     Hit10: 0.095866
2025-05-19 20:38:12 INFO     MR   : 1174.014652
2025-05-19 20:38:12 INFO     MRR  : 0.055613
2025-05-19 20:38:12 INFO     >>>>> Predictor: Computing H scores of rules
2025-05-19 20:38:27 INFO     1000 12313
2025-05-19 20:38:42 INFO     2000 12313
2025-05-19 20:38:57 INFO     3000 12313
2025-05-19 20:39:12 INFO     4000 12313
2025-05-19 20:39:27 INFO     5000 12313
2025-05-19 20:39:42 INFO     6000 12313
2025-05-19 20:39:57 INFO     7000 12313
2025-05-19 20:40:12 INFO     8000 12313
2025-05-19 20:40:27 INFO     9000 12313
2025-05-19 20:40:42 INFO     10000 12313
2025-05-19 20:40:57 INFO     11000 12313
2025-05-19 20:41:12 INFO     12000 12313
2025-05-19 20:41:17 INFO     >>>>> Generator: Training
2025-05-19 20:41:17 INFO     -------------------------
2025-05-19 20:41:17 INFO     | EM Iteration: 2/2
2025-05-19 20:41:17 INFO     -------------------------
2025-05-19 20:41:17 INFO     >>>>> Generator: Rule generation with sampling
2025-05-19 20:41:17 INFO     Predictor: read 500 rules from list.
2025-05-19 20:41:17 INFO     Preprocess training set
2025-05-19 20:41:17 INFO     >>>>> Predictor: Training
2025-05-19 20:41:18 INFO     100 12313 8.968318 69384.0
2025-05-19 20:41:20 INFO     200 12313 8.712930 69384.0
2025-05-19 20:41:21 INFO     300 12313 8.538691 69384.0
2025-05-19 20:41:23 INFO     400 12313 8.397287 69384.0
2025-05-19 20:41:24 INFO     500 12313 8.319272 69384.0
2025-05-19 20:41:26 INFO     600 12313 8.210044 69384.0
2025-05-19 20:41:28 INFO     700 12313 8.135375 69384.0
2025-05-19 20:41:29 INFO     800 12313 8.118220 69210.5
2025-05-19 20:41:31 INFO     900 12313 8.061060 69384.0
2025-05-19 20:41:32 INFO     1000 12313 8.092213 69384.0
2025-05-19 20:41:34 INFO     1100 12313 7.990058 68776.9
2025-05-19 20:41:35 INFO     1200 12313 7.936069 69384.0
2025-05-19 20:41:37 INFO     1300 12313 7.953456 69384.0
2025-05-19 20:41:38 INFO     1400 12313 7.904961 69210.5
2025-05-19 20:41:40 INFO     1500 12313 7.958357 69384.0
2025-05-19 20:41:41 INFO     1600 12313 7.829515 69384.0
2025-05-19 20:41:43 INFO     1700 12313 7.796710 69384.0
2025-05-19 20:41:44 INFO     1800 12313 7.872012 69384.0
2025-05-19 20:41:46 INFO     1900 12313 7.776763 69123.8
2025-05-19 20:41:47 INFO     2000 12313 7.732612 69384.0
2025-05-19 20:41:49 INFO     2100 12313 7.730019 69384.0
2025-05-19 20:41:50 INFO     2200 12313 7.735919 69384.0
2025-05-19 20:41:52 INFO     2300 12313 7.794871 68516.7
2025-05-19 20:41:53 INFO     2400 12313 7.658778 68950.4
2025-05-19 20:41:55 INFO     2500 12313 7.725467 69384.0
2025-05-19 20:41:56 INFO     2600 12313 7.736406 69384.0
2025-05-19 20:41:58 INFO     2700 12313 7.744540 69384.0
2025-05-19 20:41:59 INFO     2800 12313 7.635806 69384.0
2025-05-19 20:42:01 INFO     2900 12313 7.660748 69384.0
2025-05-19 20:42:02 INFO     3000 12313 7.651739 69384.0
2025-05-19 20:42:04 INFO     3100 12313 7.600504 69384.0
2025-05-19 20:42:05 INFO     3200 12313 7.601033 69384.0
2025-05-19 20:42:07 INFO     3300 12313 7.665393 69384.0
2025-05-19 20:42:08 INFO     3400 12313 7.587277 69384.0
2025-05-19 20:42:10 INFO     3500 12313 7.553632 69384.0
2025-05-19 20:42:11 INFO     3600 12313 7.593185 68950.4
2025-05-19 20:42:13 INFO     3700 12313 7.614432 69384.0
2025-05-19 20:42:14 INFO     3800 12313 7.529773 69384.0
2025-05-19 20:42:16 INFO     3900 12313 7.514406 69384.0
2025-05-19 20:42:18 INFO     4000 12313 7.568128 69384.0
2025-05-19 20:42:19 INFO     4100 12313 7.553600 69384.0
2025-05-19 20:42:21 INFO     4200 12313 7.502928 69384.0
2025-05-19 20:42:22 INFO     4300 12313 7.480130 69384.0
2025-05-19 20:42:24 INFO     4400 12313 7.548821 69384.0
2025-05-19 20:42:25 INFO     4500 12313 7.559429 69384.0
2025-05-19 20:42:27 INFO     4600 12313 7.559680 69384.0
2025-05-19 20:42:28 INFO     4700 12313 7.526487 69210.5
2025-05-19 20:42:30 INFO     4800 12313 7.502001 69384.0
2025-05-19 20:42:31 INFO     4900 12313 7.420893 69384.0
2025-05-19 20:42:33 INFO     5000 12313 7.458592 69384.0
2025-05-19 20:42:34 INFO     5100 12313 7.405425 69384.0
2025-05-19 20:42:36 INFO     5200 12313 7.476159 69384.0
2025-05-19 20:42:37 INFO     5300 12313 7.441727 69123.8
2025-05-19 20:42:39 INFO     5400 12313 7.440864 69384.0
2025-05-19 20:42:40 INFO     5500 12313 7.464573 69384.0
2025-05-19 20:42:42 INFO     5600 12313 7.517696 69384.0
2025-05-19 20:42:43 INFO     5700 12313 7.362460 69384.0
2025-05-19 20:42:45 INFO     5800 12313 7.379384 69384.0
2025-05-19 20:42:46 INFO     5900 12313 7.528870 69384.0
2025-05-19 20:42:48 INFO     6000 12313 7.399060 69384.0
2025-05-19 20:42:49 INFO     6100 12313 7.368234 69384.0
2025-05-19 20:42:51 INFO     6200 12313 7.416622 69384.0
2025-05-19 20:42:52 INFO     6300 12313 7.445009 69384.0
2025-05-19 20:42:54 INFO     6400 12313 7.377458 69384.0
2025-05-19 20:42:55 INFO     6500 12313 7.380045 69384.0
2025-05-19 20:42:57 INFO     6600 12313 7.514457 69384.0
2025-05-19 20:42:58 INFO     6700 12313 7.408885 69384.0
2025-05-19 20:43:00 INFO     6800 12313 7.367249 69384.0
2025-05-19 20:43:01 INFO     6900 12313 7.459501 69210.5
2025-05-19 20:43:03 INFO     7000 12313 7.384151 69384.0
2025-05-19 20:43:04 INFO     7100 12313 7.376476 69384.0
2025-05-19 20:43:06 INFO     7200 12313 7.428427 69384.0
2025-05-19 20:43:07 INFO     7300 12313 7.393266 69384.0
2025-05-19 20:43:09 INFO     7400 12313 7.408872 69384.0
2025-05-19 20:43:10 INFO     7500 12313 7.342929 69384.0
2025-05-19 20:43:12 INFO     7600 12313 7.366523 69384.0
2025-05-19 20:43:13 INFO     7700 12313 7.411482 69384.0
2025-05-19 20:43:15 INFO     7800 12313 7.456173 69384.0
2025-05-19 20:43:17 INFO     7900 12313 7.342869 69384.0
2025-05-19 20:43:18 INFO     8000 12313 7.409813 69384.0
2025-05-19 20:43:20 INFO     8100 12313 7.310402 69384.0
2025-05-19 20:43:21 INFO     8200 12313 7.346962 68776.9
2025-05-19 20:43:23 INFO     8300 12313 7.417575 69384.0
2025-05-19 20:43:24 INFO     8400 12313 7.385512 69384.0
2025-05-19 20:43:26 INFO     8500 12313 7.350436 68776.9
2025-05-19 20:43:27 INFO     8600 12313 7.384626 69384.0
2025-05-19 20:43:29 INFO     8700 12313 7.388006 69384.0
2025-05-19 20:43:30 INFO     8800 12313 7.417976 69384.0
2025-05-19 20:43:32 INFO     8900 12313 7.264999 69384.0
2025-05-19 20:43:33 INFO     9000 12313 7.314765 69384.0
2025-05-19 20:43:35 INFO     9100 12313 7.330142 69037.1
2025-05-19 20:43:36 INFO     9200 12313 7.358825 69384.0
2025-05-19 20:43:38 INFO     9300 12313 7.371693 69384.0
2025-05-19 20:43:39 INFO     9400 12313 7.355182 69123.8
2025-05-19 20:43:41 INFO     9500 12313 7.419154 69384.0
2025-05-19 20:43:42 INFO     9600 12313 7.352356 69384.0
2025-05-19 20:43:44 INFO     9700 12313 7.368140 69384.0
2025-05-19 20:43:45 INFO     9800 12313 7.237710 69384.0
2025-05-19 20:43:47 INFO     9900 12313 7.378391 69384.0
2025-05-19 20:43:48 INFO     10000 12313 7.279369 69384.0
2025-05-19 20:43:48 INFO     >>>>> Predictor: Evaluating on valid
2025-05-19 20:43:54 INFO     Data : 3823
2025-05-19 20:43:54 INFO     Hit1 : 0.029035
2025-05-19 20:43:54 INFO     Hit3 : 0.060685
2025-05-19 20:43:54 INFO     Hit10: 0.110908
2025-05-19 20:43:54 INFO     MR   : 1190.519226
2025-05-19 20:43:54 INFO     MRR  : 0.057747
2025-05-19 20:43:54 INFO     >>>>> Predictor: Evaluating on test
2025-05-19 20:44:01 INFO     Data : 4402
2025-05-19 20:44:01 INFO     Hit1 : 0.038846
2025-05-19 20:44:01 INFO     Hit3 : 0.065652
2025-05-19 20:44:01 INFO     Hit10: 0.109950
2025-05-19 20:44:01 INFO     MR   : 1197.553044
2025-05-19 20:44:01 INFO     MRR  : 0.064073
2025-05-19 20:44:01 INFO     >>>>> Predictor: Computing H scores of rules
2025-05-19 20:44:16 INFO     1000 12313
2025-05-19 20:44:31 INFO     2000 12313
2025-05-19 20:44:46 INFO     3000 12313
2025-05-19 20:45:01 INFO     4000 12313
2025-05-19 20:45:17 INFO     5000 12313
2025-05-19 20:45:32 INFO     6000 12313
2025-05-19 20:45:47 INFO     7000 12313
2025-05-19 20:46:02 INFO     8000 12313
2025-05-19 20:46:17 INFO     9000 12313
2025-05-19 20:46:32 INFO     10000 12313
2025-05-19 20:46:47 INFO     11000 12313
2025-05-19 20:47:02 INFO     12000 12313
2025-05-19 20:47:07 INFO     >>>>> Generator: Training
2025-05-19 20:47:07 INFO     -------------------------
2025-05-19 20:47:07 INFO     | Post-train Generator
2025-05-19 20:47:07 INFO     -------------------------
2025-05-19 20:47:07 INFO     >>>>> Generator: Training
2025-05-19 20:47:11 INFO     [E1000] Total: 1.532446 | Main: 1.567264 | Aux: 0.862057
2025-05-19 20:47:11 INFO     -------------------------
2025-05-19 20:47:11 INFO     | Beam Search Best Rules
2025-05-19 20:47:11 INFO     -------------------------
2025-05-19 20:47:11 INFO     >>>>> Generator: Rule generation with beam search
2025-05-19 20:47:11 INFO     >>>>> Generator: Rule generation with beam search
2025-05-19 20:47:11 INFO     >>>>> Generator: Rule generation with beam search
2025-05-19 20:47:12 INFO     >>>>> Generator: Rule generation with beam search
2025-05-19 20:47:13 INFO     >>>>> Generator: Rule generation with beam search
2025-05-19 20:47:14 INFO     -------------------------
2025-05-19 20:47:14 INFO     | Train Final Predictor+
2025-05-19 20:47:14 INFO     -------------------------
2025-05-19 20:47:15 INFO     Predictor+: read 3220 rules from list.
2025-05-19 20:47:15 INFO     Preprocess training set
2025-05-19 20:47:15 INFO     -------------------------
2025-05-19 20:47:15 INFO     | Iteration: 1/1
2025-05-19 20:47:15 INFO     -------------------------
2025-05-19 20:47:15 INFO     >>>>> Predictor: Training
2025-05-19 20:47:21 INFO     100 12313 5.537694 69384.0
2025-05-19 20:47:27 INFO     200 12313 4.856469 69384.0
2025-05-19 20:47:33 INFO     300 12313 4.644739 69384.0
2025-05-19 20:47:40 INFO     400 12313 4.718146 69384.0
2025-05-19 20:47:46 INFO     500 12313 4.626872 69384.0
2025-05-19 20:47:52 INFO     600 12313 4.491152 69384.0
2025-05-19 20:47:59 INFO     700 12313 4.555997 69384.0
2025-05-19 20:48:05 INFO     800 12313 4.570652 69384.0
2025-05-19 20:48:11 INFO     900 12313 4.609506 69384.0
2025-05-19 20:48:17 INFO     1000 12313 4.573163 69384.0
2025-05-19 20:48:24 INFO     1100 12313 4.518177 69384.0
2025-05-19 20:48:30 INFO     1200 12313 4.553312 69384.0
2025-05-19 20:48:36 INFO     1300 12313 4.560087 69384.0
2025-05-19 20:48:43 INFO     1400 12313 4.572545 69384.0
2025-05-19 20:48:49 INFO     1500 12313 4.482419 69384.0
2025-05-19 20:48:55 INFO     1600 12313 4.562034 69384.0
2025-05-19 20:49:02 INFO     1700 12313 4.523093 69384.0
2025-05-19 20:49:08 INFO     1800 12313 4.621964 69384.0
2025-05-19 20:49:15 INFO     1900 12313 4.555595 69384.0
2025-05-19 20:49:21 INFO     2000 12313 4.545982 69384.0
2025-05-19 20:49:27 INFO     2100 12313 4.513633 69384.0
2025-05-19 20:49:34 INFO     2200 12313 4.570098 68863.6
2025-05-19 20:49:40 INFO     2300 12313 4.534735 69384.0
2025-05-19 20:49:46 INFO     2400 12313 4.471588 69210.5
2025-05-19 20:49:53 INFO     2500 12313 4.620087 69384.0
2025-05-19 20:49:59 INFO     2600 12313 4.624456 69384.0
2025-05-19 20:50:06 INFO     2700 12313 4.496134 68776.9
2025-05-19 20:50:12 INFO     2800 12313 4.465278 69384.0
2025-05-19 20:50:18 INFO     2900 12313 4.553010 69384.0
2025-05-19 20:50:25 INFO     3000 12313 4.411837 69384.0
2025-05-19 20:50:31 INFO     3100 12313 4.487299 69384.0
2025-05-19 20:50:37 INFO     3200 12313 4.498110 69384.0
2025-05-19 20:50:44 INFO     3300 12313 4.484297 68776.9
2025-05-19 20:50:50 INFO     3400 12313 4.481962 69384.0
2025-05-19 20:50:56 INFO     3500 12313 4.576838 69384.0
2025-05-19 20:51:03 INFO     3600 12313 4.524669 69384.0
2025-05-19 20:51:09 INFO     3700 12313 4.456022 69384.0
2025-05-19 20:51:16 INFO     3800 12313 4.470779 69384.0
2025-05-19 20:51:22 INFO     3900 12313 4.534462 69384.0
2025-05-19 20:51:29 INFO     4000 12313 4.480421 69384.0
2025-05-19 20:51:35 INFO     4100 12313 4.543358 69384.0
2025-05-19 20:51:41 INFO     4200 12313 4.542178 69384.0
2025-05-19 20:51:48 INFO     4300 12313 4.483273 69384.0
2025-05-19 20:51:54 INFO     4400 12313 4.497906 69384.0
2025-05-19 20:52:01 INFO     4500 12313 4.582041 69384.0
2025-05-19 20:52:07 INFO     4600 12313 4.459842 69384.0
2025-05-19 20:52:13 INFO     4700 12313 4.458334 69384.0
2025-05-19 20:52:20 INFO     4800 12313 4.502176 69384.0
2025-05-19 20:52:26 INFO     4900 12313 4.533001 69384.0
2025-05-19 20:52:32 INFO     5000 12313 4.453335 69384.0
2025-05-19 20:52:39 INFO     5100 12313 4.553624 69384.0
2025-05-19 20:52:45 INFO     5200 12313 4.552898 69384.0
2025-05-19 20:52:52 INFO     5300 12313 4.510488 69384.0
2025-05-19 20:52:58 INFO     5400 12313 4.532983 69384.0
2025-05-19 20:53:04 INFO     5500 12313 4.491954 68950.4
2025-05-19 20:53:11 INFO     5600 12313 4.532805 69384.0
2025-05-19 20:53:17 INFO     5700 12313 4.526406 69384.0
2025-05-19 20:53:24 INFO     5800 12313 4.497048 69384.0
2025-05-19 20:53:30 INFO     5900 12313 4.501734 69210.5
2025-05-19 20:53:36 INFO     6000 12313 4.529438 69384.0
2025-05-19 20:53:43 INFO     6100 12313 4.521420 69384.0
2025-05-19 20:53:49 INFO     6200 12313 4.573300 69210.5
2025-05-19 20:53:56 INFO     6300 12313 4.431492 69384.0
2025-05-19 20:54:02 INFO     6400 12313 4.440517 69384.0
2025-05-19 20:54:08 INFO     6500 12313 4.500806 69384.0
2025-05-19 20:54:15 INFO     6600 12313 4.554622 69384.0
2025-05-19 20:54:21 INFO     6700 12313 4.492781 69384.0
2025-05-19 20:54:28 INFO     6800 12313 4.426277 69384.0
2025-05-19 20:54:34 INFO     6900 12313 4.517251 69384.0
2025-05-19 20:54:41 INFO     7000 12313 4.450136 69384.0
2025-05-19 20:54:47 INFO     7100 12313 4.465083 69384.0
2025-05-19 20:54:53 INFO     7200 12313 4.494584 69384.0
2025-05-19 20:55:00 INFO     7300 12313 4.528534 69123.8
2025-05-19 20:55:06 INFO     7400 12313 4.545309 69384.0
2025-05-19 20:55:13 INFO     7500 12313 4.487382 69384.0
2025-05-19 20:55:19 INFO     7600 12313 4.523509 69123.8
2025-05-19 20:55:25 INFO     7700 12313 4.494459 69384.0
2025-05-19 20:55:32 INFO     7800 12313 4.496489 69384.0
2025-05-19 20:55:38 INFO     7900 12313 4.448051 69384.0
2025-05-19 20:55:44 INFO     8000 12313 4.532143 69384.0
2025-05-19 20:55:51 INFO     8100 12313 4.443091 69384.0
2025-05-19 20:55:57 INFO     8200 12313 4.451283 69384.0
2025-05-19 20:56:04 INFO     8300 12313 4.520513 69384.0
2025-05-19 20:56:10 INFO     8400 12313 4.498947 69384.0
2025-05-19 20:56:16 INFO     8500 12313 4.510829 69384.0
2025-05-19 20:56:23 INFO     8600 12313 4.398077 69384.0
2025-05-19 20:56:29 INFO     8700 12313 4.353701 69384.0
2025-05-19 20:56:36 INFO     8800 12313 4.580688 69384.0
2025-05-19 20:56:42 INFO     8900 12313 4.509957 69384.0
2025-05-19 20:56:48 INFO     9000 12313 4.503950 69384.0
2025-05-19 20:56:55 INFO     9100 12313 4.476279 69210.5
2025-05-19 20:57:01 INFO     9200 12313 4.544722 69384.0
2025-05-19 20:57:07 INFO     9300 12313 4.471324 69384.0
2025-05-19 20:57:14 INFO     9400 12313 4.444420 68950.4
2025-05-19 20:57:20 INFO     9500 12313 4.391188 69384.0
2025-05-19 20:57:27 INFO     9600 12313 4.438953 68776.9
2025-05-19 20:57:33 INFO     9700 12313 4.527762 69384.0
2025-05-19 20:57:39 INFO     9800 12313 4.497828 69037.1
2025-05-19 20:57:46 INFO     9900 12313 4.535269 69384.0
2025-05-19 20:57:52 INFO     10000 12313 4.462808 69384.0
2025-05-19 20:57:52 INFO     >>>>> Predictor: Evaluating on valid
2025-05-19 20:58:18 INFO     Data : 3823
2025-05-19 20:58:18 INFO     Hit1 : 0.069840
2025-05-19 20:58:18 INFO     Hit3 : 0.143343
2025-05-19 20:58:18 INFO     Hit10: 0.266021
2025-05-19 20:58:18 INFO     MR   : 763.001569
2025-05-19 20:58:18 INFO     MRR  : 0.133590
2025-05-19 20:58:18 INFO     >>>>> Predictor: Evaluating on test
2025-05-19 20:58:48 INFO     Data : 4402
2025-05-19 20:58:48 INFO     Hit1 : 0.100636
2025-05-19 20:58:48 INFO     Hit3 : 0.174012
2025-05-19 20:58:48 INFO     Hit10: 0.285779
2025-05-19 20:58:48 INFO     MR   : 775.809064
2025-05-19 20:58:48 INFO     MRR  : 0.160978
2025-05-19 20:58:48 INFO     Save checkpoint to results/semmeddb/multitask/md/warmup/predictor.pt
2025-05-19 20:58:48 INFO     -------------------------
2025-05-19 20:58:48 INFO     | Final Test MRR: 0.160978
2025-05-19 20:58:48 INFO     -------------------------
