2025-07-17 19:46:05 INFO     Using full datasets for training, validation, and testing.
2025-07-17 19:46:05 INFO     -------------------------
2025-07-17 19:46:05 INFO     | Pre-train Generator
2025-07-17 19:46:05 INFO     -------------------------
2025-07-17 19:46:06 INFO     >>>>> Generator: Training
2025-07-17 19:46:11 INFO     1000 10000 1.640829
2025-07-17 19:46:15 INFO     2000 10000 1.555844
2025-07-17 19:46:20 INFO     3000 10000 1.544617
2025-07-17 19:46:24 INFO     4000 10000 1.539628
2025-07-17 19:46:29 INFO     5000 10000 1.541232
2025-07-17 19:46:33 INFO     6000 10000 1.537140
2025-07-17 19:46:38 INFO     7000 10000 1.535005
2025-07-17 19:46:42 INFO     8000 10000 1.534639
2025-07-17 19:46:46 INFO     9000 10000 1.533593
2025-07-17 19:46:51 INFO     10000 10000 1.531518
2025-07-17 19:46:51 INFO     -------------------------
2025-07-17 19:46:51 INFO     | EM Iteration: 1/5
2025-07-17 19:46:51 INFO     -------------------------
2025-07-17 19:46:51 INFO     >>>>> Generator: Rule generation with sampling
2025-07-17 19:46:51 INFO     Sampled rules len: 1273
2025-07-17 19:46:51 INFO     Predictor: read 1273 rules from list.
2025-07-17 19:46:51 INFO     Preprocess training set
2025-07-17 19:46:51 INFO     >>>>> Predictor: Training
2025-07-17 19:47:38 INFO     1000 12313 8.229463 69358.0
2025-07-17 19:48:24 INFO     2000 12313 7.790632 69332.0
2025-07-17 19:49:11 INFO     3000 12313 7.568753 69384.0
2025-07-17 19:49:58 INFO     4000 12313 7.456649 69279.9
2025-07-17 19:50:45 INFO     5000 12313 7.343764 69332.0
2025-07-17 19:51:33 INFO     6000 12313 7.263716 69384.0
2025-07-17 19:52:21 INFO     7000 12313 7.183213 69297.3
2025-07-17 19:53:08 INFO     8000 12313 7.172456 69323.3
2025-07-17 19:53:56 INFO     9000 12313 7.101312 69358.0
2025-07-17 19:54:42 INFO     10000 12313 7.091323 69332.0
2025-07-17 19:55:28 INFO     11000 12313 7.051391 69366.7
2025-07-17 19:56:15 INFO     12000 12313 7.024152 69279.9
2025-07-17 19:56:30 INFO     >>>>> Predictor: Evaluating on valid
2025-07-17 19:56:49 INFO     Data : 3823
2025-07-17 19:56:49 INFO     Hit1 : 0.027465
2025-07-17 19:56:49 INFO     Hit3 : 0.052577
2025-07-17 19:56:49 INFO     Hit10: 0.101229
2025-07-17 19:56:49 INFO     MR   : 1195.106330
2025-07-17 19:56:49 INFO     MRR  : 0.053602
2025-07-17 19:56:49 INFO     >>>>> Predictor: Evaluating on test
2025-07-17 19:57:11 INFO     Data : 4402
2025-07-17 19:57:11 INFO     Hit1 : 0.035211
2025-07-17 19:57:11 INFO     Hit3 : 0.062699
2025-07-17 19:57:11 INFO     Hit10: 0.101772
2025-07-17 19:57:11 INFO     MR   : 1186.579396
2025-07-17 19:57:11 INFO     MRR  : 0.060466
2025-07-17 19:57:11 INFO     >>>>> Predictor: Computing H scores of rules
2025-07-17 19:58:02 INFO     1000 12313
2025-07-17 19:58:55 INFO     2000 12313
2025-07-17 19:59:47 INFO     3000 12313
2025-07-17 20:00:39 INFO     4000 12313
2025-07-17 20:01:31 INFO     5000 12313
2025-07-17 20:02:23 INFO     6000 12313
2025-07-17 20:03:16 INFO     7000 12313
2025-07-17 20:04:07 INFO     8000 12313
2025-07-17 20:04:58 INFO     9000 12313
2025-07-17 20:05:49 INFO     10000 12313
2025-07-17 20:06:39 INFO     11000 12313
2025-07-17 20:07:31 INFO     12000 12313
2025-07-17 20:07:48 INFO     >>>>> Generator: Training
2025-07-17 20:07:48 INFO     -------------------------
2025-07-17 20:07:48 INFO     | EM Iteration: 2/5
2025-07-17 20:07:48 INFO     -------------------------
2025-07-17 20:07:48 INFO     >>>>> Generator: Rule generation with sampling
2025-07-17 20:07:48 INFO     Sampled rules len: 1343
2025-07-17 20:07:48 INFO     Predictor: read 1343 rules from list.
2025-07-17 20:07:48 INFO     Preprocess training set
2025-07-17 20:07:48 INFO     >>>>> Predictor: Training
2025-07-17 20:08:37 INFO     1000 12313 8.241986 69366.7
2025-07-17 20:09:26 INFO     2000 12313 7.759912 69279.9
2025-07-17 20:10:14 INFO     3000 12313 7.582108 69253.9
2025-07-17 20:11:03 INFO     4000 12313 7.429486 69340.6
2025-07-17 20:11:52 INFO     5000 12313 7.350488 69366.7
2025-07-17 20:12:40 INFO     6000 12313 7.261388 69358.0
2025-07-17 20:13:29 INFO     7000 12313 7.222039 69366.7
2025-07-17 20:14:17 INFO     8000 12313 7.201439 69384.0
2025-07-17 20:15:06 INFO     9000 12313 7.163070 69262.6
2025-07-17 20:15:54 INFO     10000 12313 7.137437 69323.3
2025-07-17 20:16:43 INFO     11000 12313 7.108201 69366.7
2025-07-17 20:17:31 INFO     12000 12313 7.093864 69332.0
2025-07-17 20:17:46 INFO     >>>>> Predictor: Evaluating on valid
2025-07-17 20:18:04 INFO     Data : 3823
2025-07-17 20:18:04 INFO     Hit1 : 0.028250
2025-07-17 20:18:04 INFO     Hit3 : 0.060947
2025-07-17 20:18:04 INFO     Hit10: 0.122155
2025-07-17 20:18:04 INFO     MR   : 1155.158645
2025-07-17 20:18:04 INFO     MRR  : 0.059915
2025-07-17 20:18:04 INFO     >>>>> Predictor: Evaluating on test
2025-07-17 20:18:25 INFO     Data : 4402
2025-07-17 20:18:25 INFO     Hit1 : 0.037029
2025-07-17 20:18:25 INFO     Hit3 : 0.067697
2025-07-17 20:18:25 INFO     Hit10: 0.121308
2025-07-17 20:18:25 INFO     MR   : 1151.854952
2025-07-17 20:18:25 INFO     MRR  : 0.066256
2025-07-17 20:18:25 INFO     >>>>> Predictor: Computing H scores of rules
2025-07-17 20:19:19 INFO     1000 12313
2025-07-17 20:20:14 INFO     2000 12313
2025-07-17 20:21:08 INFO     3000 12313
2025-07-17 20:22:02 INFO     4000 12313
2025-07-17 20:22:55 INFO     5000 12313
2025-07-17 20:23:48 INFO     6000 12313
2025-07-17 20:24:43 INFO     7000 12313
2025-07-17 20:27:17 INFO     8000 12313
2025-07-17 20:28:12 INFO     9000 12313
2025-07-17 20:29:07 INFO     10000 12313
2025-07-17 20:30:01 INFO     11000 12313
2025-07-17 20:30:55 INFO     12000 12313
2025-07-17 20:31:13 INFO     >>>>> Generator: Training
2025-07-17 20:31:14 INFO     -------------------------
2025-07-17 20:31:14 INFO     | EM Iteration: 3/5
2025-07-17 20:31:14 INFO     -------------------------
2025-07-17 20:31:14 INFO     >>>>> Generator: Rule generation with sampling
2025-07-17 20:31:14 INFO     Sampled rules len: 1412
2025-07-17 20:31:14 INFO     Predictor: read 1412 rules from list.
2025-07-17 20:31:14 INFO     Preprocess training set
2025-07-17 20:31:14 INFO     >>>>> Predictor: Training
2025-07-17 20:32:04 INFO     1000 12313 8.186434 69384.0
2025-07-17 20:32:55 INFO     2000 12313 7.698380 69384.0
2025-07-17 20:33:47 INFO     3000 12313 7.438209 69253.9
2025-07-17 20:34:37 INFO     4000 12313 7.297554 69323.3
2025-07-17 20:35:28 INFO     5000 12313 7.178202 69384.0
2025-07-17 20:36:19 INFO     6000 12313 7.059516 69323.3
2025-07-17 20:37:10 INFO     7000 12313 6.974232 69366.7
2025-07-17 20:38:01 INFO     8000 12313 6.907799 69332.0
2025-07-17 20:38:52 INFO     9000 12313 6.803359 69384.0
2025-07-17 20:39:43 INFO     10000 12313 6.806268 69227.9
2025-07-17 20:40:34 INFO     11000 12313 6.750974 69340.6
2025-07-17 20:41:24 INFO     12000 12313 6.717755 69297.3
2025-07-17 20:41:40 INFO     >>>>> Predictor: Evaluating on valid
2025-07-17 20:42:00 INFO     Data : 3823
2025-07-17 20:42:00 INFO     Hit1 : 0.030604
2025-07-17 20:42:00 INFO     Hit3 : 0.063301
2025-07-17 20:42:00 INFO     Hit10: 0.123202
2025-07-17 20:42:00 INFO     MR   : 1145.815328
2025-07-17 20:42:00 INFO     MRR  : 0.062217
2025-07-17 20:42:00 INFO     >>>>> Predictor: Evaluating on test
2025-07-17 20:42:23 INFO     Data : 4402
2025-07-17 20:42:23 INFO     Hit1 : 0.035666
2025-07-17 20:42:23 INFO     Hit3 : 0.069514
2025-07-17 20:42:23 INFO     Hit10: 0.126533
2025-07-17 20:42:23 INFO     MR   : 1125.611427
2025-07-17 20:42:23 INFO     MRR  : 0.067341
2025-07-17 20:42:23 INFO     >>>>> Predictor: Computing H scores of rules
2025-07-17 20:43:20 INFO     1000 12313
2025-07-17 20:44:15 INFO     2000 12313
2025-07-17 20:45:11 INFO     3000 12313
2025-07-17 20:46:07 INFO     4000 12313
2025-07-17 20:47:03 INFO     5000 12313
2025-07-17 20:47:59 INFO     6000 12313
2025-07-17 20:48:55 INFO     7000 12313
2025-07-17 20:49:52 INFO     8000 12313
2025-07-17 20:50:48 INFO     9000 12313
2025-07-17 20:51:43 INFO     10000 12313
2025-07-17 20:52:40 INFO     11000 12313
2025-07-17 20:53:36 INFO     12000 12313
2025-07-17 20:53:54 INFO     >>>>> Generator: Training
2025-07-17 20:53:55 INFO     -------------------------
2025-07-17 20:53:55 INFO     | EM Iteration: 4/5
2025-07-17 20:53:55 INFO     -------------------------
2025-07-17 20:53:55 INFO     >>>>> Generator: Rule generation with sampling
2025-07-17 20:53:55 INFO     Sampled rules len: 1426
2025-07-17 20:53:55 INFO     Predictor: read 1426 rules from list.
2025-07-17 20:53:55 INFO     Preprocess training set
2025-07-17 20:53:55 INFO     >>>>> Predictor: Training
2025-07-17 20:54:46 INFO     1000 12313 8.235441 69314.6
2025-07-17 20:55:37 INFO     2000 12313 7.752048 69279.9
2025-07-17 20:56:27 INFO     3000 12313 7.502660 69366.7
2025-07-17 20:57:19 INFO     4000 12313 7.384731 69366.7
2025-07-17 20:58:10 INFO     5000 12313 7.285630 69288.6
2025-07-17 20:59:02 INFO     6000 12313 7.194170 69340.6
2025-07-17 20:59:53 INFO     7000 12313 7.106842 69384.0
2025-07-17 21:00:46 INFO     8000 12313 7.037347 69340.6
2025-07-17 21:01:38 INFO     9000 12313 7.031454 69384.0
2025-07-17 21:02:29 INFO     10000 12313 6.975618 69288.6
2025-07-17 21:03:19 INFO     11000 12313 6.936382 69262.6
2025-07-17 21:04:12 INFO     12000 12313 6.945867 69384.0
2025-07-17 21:04:28 INFO     >>>>> Predictor: Evaluating on valid
2025-07-17 21:04:50 INFO     Data : 3823
2025-07-17 21:04:50 INFO     Hit1 : 0.034789
2025-07-17 21:04:50 INFO     Hit3 : 0.073764
2025-07-17 21:04:50 INFO     Hit10: 0.144128
2025-07-17 21:04:50 INFO     MR   : 1091.815328
2025-07-17 21:04:50 INFO     MRR  : 0.071208
2025-07-17 21:04:50 INFO     >>>>> Predictor: Evaluating on test
2025-07-17 21:05:15 INFO     Data : 4402
2025-07-17 21:05:15 INFO     Hit1 : 0.044980
2025-07-17 21:05:15 INFO     Hit3 : 0.086552
2025-07-17 21:05:15 INFO     Hit10: 0.149023
2025-07-17 21:05:15 INFO     MR   : 1099.592344
2025-07-17 21:05:15 INFO     MRR  : 0.080133
2025-07-17 21:05:15 INFO     >>>>> Predictor: Computing H scores of rules
2025-07-17 21:06:12 INFO     1000 12313
2025-07-17 21:07:10 INFO     2000 12313
2025-07-17 21:08:07 INFO     3000 12313
2025-07-17 21:09:03 INFO     4000 12313
2025-07-17 21:10:00 INFO     5000 12313
2025-07-17 21:10:56 INFO     6000 12313
2025-07-17 21:11:54 INFO     7000 12313
2025-07-17 21:12:52 INFO     8000 12313
2025-07-17 21:13:48 INFO     9000 12313
2025-07-17 21:14:44 INFO     10000 12313
2025-07-17 21:15:40 INFO     11000 12313
2025-07-17 21:16:36 INFO     12000 12313
2025-07-17 21:16:54 INFO     >>>>> Generator: Training
2025-07-17 21:16:54 INFO     -------------------------
2025-07-17 21:16:54 INFO     | EM Iteration: 5/5
2025-07-17 21:16:54 INFO     -------------------------
2025-07-17 21:16:54 INFO     >>>>> Generator: Rule generation with sampling
2025-07-17 21:16:55 INFO     Sampled rules len: 1482
2025-07-17 21:16:55 INFO     Predictor: read 1482 rules from list.
2025-07-17 21:16:55 INFO     Preprocess training set
2025-07-17 21:16:55 INFO     >>>>> Predictor: Training
2025-07-17 21:17:46 INFO     1000 12313 8.242797 69340.6
2025-07-17 21:18:39 INFO     2000 12313 7.792697 69288.6
2025-07-17 21:19:32 INFO     3000 12313 7.584489 69366.7
2025-07-17 21:20:24 INFO     4000 12313 7.471291 69305.9
2025-07-17 21:21:16 INFO     5000 12313 7.356705 69323.3
2025-07-17 21:22:09 INFO     6000 12313 7.310716 69384.0
2025-07-17 21:23:00 INFO     7000 12313 7.266276 69279.9
2025-07-17 21:23:52 INFO     8000 12313 7.194208 69384.0
2025-07-17 21:24:45 INFO     9000 12313 7.197570 69366.7
2025-07-17 21:25:37 INFO     10000 12313 7.156825 69297.3
2025-07-17 21:26:30 INFO     11000 12313 7.124651 69279.9
2025-07-17 21:27:22 INFO     12000 12313 7.133007 69384.0
2025-07-17 21:27:38 INFO     >>>>> Predictor: Evaluating on valid
2025-07-17 21:28:00 INFO     Data : 3823
2025-07-17 21:28:00 INFO     Hit1 : 0.031651
2025-07-17 21:28:00 INFO     Hit3 : 0.056762
2025-07-17 21:28:00 INFO     Hit10: 0.104891
2025-07-17 21:28:00 INFO     MR   : 1203.755820
2025-07-17 21:28:00 INFO     MRR  : 0.057972
2025-07-17 21:28:00 INFO     >>>>> Predictor: Evaluating on test
2025-07-17 21:28:26 INFO     Data : 4402
2025-07-17 21:28:26 INFO     Hit1 : 0.030668
2025-07-17 21:28:26 INFO     Hit3 : 0.060881
2025-07-17 21:28:26 INFO     Hit10: 0.105407
2025-07-17 21:28:26 INFO     MR   : 1188.294980
2025-07-17 21:28:26 INFO     MRR  : 0.057983
2025-07-17 21:28:26 INFO     >>>>> Predictor: Computing H scores of rules
2025-07-17 21:29:23 INFO     1000 12313
2025-07-17 21:30:21 INFO     2000 12313
2025-07-17 21:31:18 INFO     3000 12313
2025-07-17 21:32:16 INFO     4000 12313
2025-07-17 21:33:14 INFO     5000 12313
2025-07-17 21:34:12 INFO     6000 12313
2025-07-17 21:35:10 INFO     7000 12313
2025-07-17 21:36:09 INFO     8000 12313
2025-07-17 21:37:07 INFO     9000 12313
2025-07-17 21:38:04 INFO     10000 12313
2025-07-17 21:39:01 INFO     11000 12313
2025-07-17 21:39:58 INFO     12000 12313
2025-07-17 21:40:16 INFO     >>>>> Generator: Training
2025-07-17 21:40:16 INFO     -------------------------
2025-07-17 21:40:16 INFO     | Post-train Generator
2025-07-17 21:40:16 INFO     -------------------------
2025-07-17 21:40:16 INFO     >>>>> Generator: Training
2025-07-17 21:40:21 INFO     1000 1000 1.740982
2025-07-17 21:40:21 INFO     -------------------------
2025-07-17 21:40:21 INFO     | Beam Search Best Rules
2025-07-17 21:40:21 INFO     -------------------------
2025-07-17 21:40:21 INFO     >>>>> Generator: Rule generation with beam search
2025-07-17 21:40:21 INFO     >>>>> Generator: Rule generation with beam search
2025-07-17 21:40:22 INFO     >>>>> Generator: Rule generation with beam search
2025-07-17 21:40:31 INFO     >>>>> Generator: Rule generation with beam search
2025-07-17 21:40:37 INFO     >>>>> Generator: Rule generation with beam search
2025-07-17 21:40:41 INFO     -------------------------
2025-07-17 21:40:41 INFO     | Train Final Predictor+
2025-07-17 21:40:41 INFO     -------------------------
2025-07-17 21:40:41 INFO     Predictor+: read 18420 rules from list.
2025-07-17 21:40:41 INFO     Preprocess training set
2025-07-17 21:40:41 INFO     -------------------------
2025-07-17 21:40:41 INFO     | Iteration: 1/5
2025-07-17 21:40:41 INFO     -------------------------
2025-07-17 21:40:41 INFO     >>>>> Predictor: Training
2025-07-17 21:48:34 INFO     1000 12313 4.699331 69314.6
2025-07-17 21:56:25 INFO     2000 12313 4.493061 69366.7
2025-07-17 22:04:15 INFO     3000 12313 4.450973 69279.9
2025-07-17 22:12:00 INFO     4000 12313 4.445313 69340.6
2025-07-17 22:19:46 INFO     5000 12313 4.482943 69236.6
2025-07-17 22:28:48 INFO     6000 12313 4.445271 69366.7
2025-07-17 22:36:34 INFO     7000 12313 4.426120 69323.3
2025-07-17 22:44:13 INFO     8000 12313 4.463586 69349.3
2025-07-17 22:51:59 INFO     9000 12313 4.425112 69384.0
2025-07-17 22:59:42 INFO     10000 12313 4.420603 69384.0
2025-07-17 23:07:24 INFO     11000 12313 4.443967 69288.6
2025-07-17 23:15:06 INFO     12000 12313 4.447542 69366.7
2025-07-17 23:17:29 INFO     >>>>> Predictor: Evaluating on valid
2025-07-17 23:20:50 INFO     Data : 3823
2025-07-17 23:20:50 INFO     Hit1 : 0.074549
2025-07-17 23:20:50 INFO     Hit3 : 0.157991
2025-07-17 23:20:50 INFO     Hit10: 0.291656
2025-07-17 23:20:50 INFO     MR   : 628.648574
2025-07-17 23:20:50 INFO     MRR  : 0.145958
2025-07-17 23:20:50 INFO     >>>>> Predictor: Evaluating on test
2025-07-17 23:24:43 INFO     Data : 4402
2025-07-17 23:24:43 INFO     Hit1 : 0.105634
2025-07-17 23:24:43 INFO     Hit3 : 0.192185
2025-07-17 23:24:43 INFO     Hit10: 0.318946
2025-07-17 23:24:43 INFO     MR   : 615.630055
2025-07-17 23:24:43 INFO     MRR  : 0.175582
2025-07-17 23:24:43 INFO     Save checkpoint to results/semmeddb/10_times_each/original_rnnlogic/3_20250717_194604/predictor.pt
2025-07-17 23:24:43 INFO     -------------------------
2025-07-17 23:24:43 INFO     | Iteration: 2/5
2025-07-17 23:24:43 INFO     -------------------------
2025-07-17 23:24:43 INFO     >>>>> Predictor: Training
2025-07-17 23:32:25 INFO     1000 12313 4.384370 69384.0
2025-07-17 23:40:14 INFO     2000 12313 4.380065 69384.0
2025-07-17 23:48:05 INFO     3000 12313 4.393235 69340.6
2025-07-17 23:55:49 INFO     4000 12313 4.396221 69305.9
2025-07-18 00:03:35 INFO     5000 12313 4.406369 69340.6
2025-07-18 00:11:22 INFO     6000 12313 4.409101 69297.3
2025-07-18 00:19:06 INFO     7000 12313 4.391756 69323.3
2025-07-18 00:26:50 INFO     8000 12313 4.417809 69366.7
2025-07-18 00:34:37 INFO     9000 12313 4.391556 69297.3
2025-07-18 00:42:24 INFO     10000 12313 4.404185 69366.7
2025-07-18 00:50:08 INFO     11000 12313 4.407978 69314.6
2025-07-18 00:57:52 INFO     12000 12313 4.419641 69279.9
2025-07-18 01:00:17 INFO     >>>>> Predictor: Evaluating on valid
2025-07-18 01:03:41 INFO     Data : 3823
2025-07-18 01:03:41 INFO     Hit1 : 0.078211
2025-07-18 01:03:41 INFO     Hit3 : 0.156160
2025-07-18 01:03:41 INFO     Hit10: 0.299241
2025-07-18 01:03:41 INFO     MR   : 613.369343
2025-07-18 01:03:41 INFO     MRR  : 0.148128
2025-07-18 01:03:41 INFO     >>>>> Predictor: Evaluating on test
2025-07-18 01:07:36 INFO     Data : 4402
2025-07-18 01:07:36 INFO     Hit1 : 0.109041
2025-07-18 01:07:36 INFO     Hit3 : 0.192185
2025-07-18 01:07:36 INFO     Hit10: 0.318037
2025-07-18 01:07:36 INFO     MR   : 591.592344
2025-07-18 01:07:36 INFO     MRR  : 0.177842
2025-07-18 01:07:36 INFO     Save checkpoint to results/semmeddb/10_times_each/original_rnnlogic/3_20250717_194604/predictor.pt
2025-07-18 01:07:36 INFO     -------------------------
2025-07-18 01:07:36 INFO     | Iteration: 3/5
2025-07-18 01:07:36 INFO     -------------------------
2025-07-18 01:07:36 INFO     >>>>> Predictor: Training
2025-07-18 01:15:16 INFO     1000 12313 4.385379 69262.6
2025-07-18 01:22:56 INFO     2000 12313 4.368114 69384.0
2025-07-18 01:30:47 INFO     3000 12313 4.351358 69262.6
2025-07-18 01:38:30 INFO     4000 12313 4.394656 69323.3
2025-07-18 01:47:52 INFO     5000 12313 4.362305 69366.7
2025-07-18 01:57:33 INFO     6000 12313 4.383045 69323.3
2025-07-18 02:07:16 INFO     7000 12313 4.390499 69366.7
2025-07-18 02:17:01 INFO     8000 12313 4.399666 69384.0
2025-07-18 02:26:36 INFO     9000 12313 4.380359 69349.3
2025-07-18 02:36:17 INFO     10000 12313 4.399723 69314.6
2025-07-18 02:45:59 INFO     11000 12313 4.363979 69349.3
2025-07-18 02:55:42 INFO     12000 12313 4.398456 69314.6
2025-07-18 02:58:43 INFO     >>>>> Predictor: Evaluating on valid
2025-07-18 03:02:59 INFO     Data : 3823
2025-07-18 03:02:59 INFO     Hit1 : 0.082396
2025-07-18 03:02:59 INFO     Hit3 : 0.164269
2025-07-18 03:02:59 INFO     Hit10: 0.299241
2025-07-18 03:02:59 INFO     MR   : 607.854172
2025-07-18 03:02:59 INFO     MRR  : 0.152520
2025-07-18 03:02:59 INFO     >>>>> Predictor: Evaluating on test
2025-07-18 03:07:53 INFO     Data : 4402
2025-07-18 03:07:53 INFO     Hit1 : 0.109723
2025-07-18 03:07:53 INFO     Hit3 : 0.199909
2025-07-18 03:07:53 INFO     Hit10: 0.328941
2025-07-18 03:07:53 INFO     MR   : 579.809064
2025-07-18 03:07:53 INFO     MRR  : 0.180675
2025-07-18 03:07:53 INFO     Save checkpoint to results/semmeddb/10_times_each/original_rnnlogic/3_20250717_194604/predictor.pt
2025-07-18 03:07:53 INFO     -------------------------
2025-07-18 03:07:53 INFO     | Iteration: 4/5
2025-07-18 03:07:53 INFO     -------------------------
2025-07-18 03:07:53 INFO     >>>>> Predictor: Training
2025-07-18 03:17:29 INFO     1000 12313 4.340974 69384.0
2025-07-18 03:27:12 INFO     2000 12313 4.358475 69340.6
2025-07-18 03:36:55 INFO     3000 12313 4.366047 69384.0
2025-07-18 03:46:36 INFO     4000 12313 4.395881 69253.9
2025-07-18 03:56:10 INFO     5000 12313 4.380357 69262.6
2025-07-18 04:05:55 INFO     6000 12313 4.393364 69340.6
2025-07-18 04:15:40 INFO     7000 12313 4.373679 69314.6
2025-07-18 04:25:25 INFO     8000 12313 4.352727 69323.3
2025-07-18 04:35:08 INFO     9000 12313 4.387038 69366.7
2025-07-18 04:44:43 INFO     10000 12313 4.355069 69349.3
2025-07-18 04:54:26 INFO     11000 12313 4.369750 69366.7
2025-07-18 05:04:07 INFO     12000 12313 4.384081 69366.7
2025-07-18 05:07:09 INFO     >>>>> Predictor: Evaluating on valid
2025-07-18 05:11:24 INFO     Data : 3823
2025-07-18 05:11:24 INFO     Hit1 : 0.077688
2025-07-18 05:11:24 INFO     Hit3 : 0.161130
2025-07-18 05:11:24 INFO     Hit10: 0.301072
2025-07-18 05:11:24 INFO     MR   : 599.288909
2025-07-18 05:11:24 INFO     MRR  : 0.149657
2025-07-18 05:11:24 INFO     >>>>> Predictor: Evaluating on test
2025-07-18 05:16:18 INFO     Data : 4402
2025-07-18 05:16:18 INFO     Hit1 : 0.110404
2025-07-18 05:16:18 INFO     Hit3 : 0.193776
2025-07-18 05:16:18 INFO     Hit10: 0.323716
2025-07-18 05:16:18 INFO     MR   : 574.729668
2025-07-18 05:16:18 INFO     MRR  : 0.179930
2025-07-18 05:16:18 INFO     -------------------------
2025-07-18 05:16:18 INFO     | Iteration: 5/5
2025-07-18 05:16:18 INFO     -------------------------
2025-07-18 05:16:18 INFO     >>>>> Predictor: Training
2025-07-18 05:25:53 INFO     1000 12313 4.335365 69323.3
2025-07-18 05:35:40 INFO     2000 12313 4.364110 69384.0
2025-07-18 05:45:22 INFO     3000 12313 4.356343 69245.2
2025-07-18 05:55:06 INFO     4000 12313 4.337890 69384.0
2025-07-18 06:04:48 INFO     5000 12313 4.389311 69366.7
2025-07-18 06:14:24 INFO     6000 12313 4.358637 69323.3
2025-07-18 06:24:48 INFO     7000 12313 4.375883 69384.0
2025-07-18 06:34:42 INFO     8000 12313 4.388792 69297.3
2025-07-18 06:44:24 INFO     9000 12313 4.365801 69384.0
2025-07-18 06:54:08 INFO     10000 12313 4.363774 69271.3
2025-07-18 07:03:43 INFO     11000 12313 4.364811 69340.6
2025-07-18 07:13:26 INFO     12000 12313 4.348082 69297.3
2025-07-18 07:16:29 INFO     >>>>> Predictor: Evaluating on valid
2025-07-18 07:20:44 INFO     Data : 3823
2025-07-18 07:20:44 INFO     Hit1 : 0.076118
2025-07-18 07:20:44 INFO     Hit3 : 0.163484
2025-07-18 07:20:44 INFO     Hit10: 0.296364
2025-07-18 07:20:44 INFO     MR   : 598.465603
2025-07-18 07:20:44 INFO     MRR  : 0.148165
2025-07-18 07:20:44 INFO     >>>>> Predictor: Evaluating on test
2025-07-18 07:25:36 INFO     Data : 4402
2025-07-18 07:25:36 INFO     Hit1 : 0.104952
2025-07-18 07:25:36 INFO     Hit3 : 0.193548
2025-07-18 07:25:36 INFO     Hit10: 0.317583
2025-07-18 07:25:36 INFO     MR   : 574.436620
2025-07-18 07:25:36 INFO     MRR  : 0.176017
2025-07-18 07:25:36 INFO     -------------------------
2025-07-18 07:25:36 INFO     | Final Test MRR: 0.180675
2025-07-18 07:25:36 INFO     -------------------------
