2025-07-10 12:47:13 INFO     is_soft_label: False
2025-07-10 12:47:13 INFO     is_scheduled_sampling: False
2025-07-10 12:47:13 INFO     is_test_mode: False
2025-07-10 12:47:13 INFO     Data loading | DONE!
2025-07-10 12:47:13 INFO     Using full datasets for training, validation, and testing.
2025-07-10 12:47:13 INFO     -------------------------
2025-07-10 12:47:13 INFO     | EM Iteration: 1/5
2025-07-10 12:47:13 INFO     -------------------------
2025-07-10 12:47:13 INFO     >>>>> Using miner's rule
2025-07-10 12:47:14 INFO     Predictor: read 13661 rules from list.
2025-07-10 12:47:15 INFO     Preprocess training set
2025-07-10 12:47:15 INFO     >>>>> Predictor: Evaluating on valid
2025-07-10 12:49:33 INFO     Data : 2077
2025-07-10 12:49:33 INFO     Hit1 : 0.065479
2025-07-10 12:49:33 INFO     Hit3 : 0.127106
2025-07-10 12:49:33 INFO     Hit10: 0.199326
2025-07-10 12:49:33 INFO     MR   : 1120.902022
2025-07-10 12:49:33 INFO     MRR  : 0.114382
2025-07-10 12:49:33 INFO     >>>>> Predictor: Evaluating on test
2025-07-10 12:52:09 INFO     Data : 2342
2025-07-10 12:52:09 INFO     Hit1 : 0.078992
2025-07-10 12:52:09 INFO     Hit3 : 0.124253
2025-07-10 12:52:09 INFO     Hit10: 0.208796
2025-07-10 12:52:09 INFO     MR   : 1044.269001
2025-07-10 12:52:09 INFO     MRR  : 0.122250
2025-07-10 12:52:09 INFO     >>>>> Predictor: Computing H scores of rules
2025-07-10 13:27:29 INFO     1000 5959
2025-07-10 14:03:33 INFO     2000 5959
2025-07-10 14:39:15 INFO     3000 5959
2025-07-10 15:15:10 INFO     4000 5959
