2025-07-20 15:03:35 INFO     is_soft_label: False
2025-07-20 15:03:35 INFO     is_scheduled_sampling: True
2025-07-20 15:03:35 INFO     is_test_mode: False
2025-07-20 15:03:36 INFO     Data loading | DONE!
2025-07-20 15:03:36 INFO     Using full datasets for training, validation, and testing.
2025-07-20 15:03:36 INFO     -------------------------
2025-07-20 15:03:36 INFO     | EM Iteration: 1/5
2025-07-20 15:03:36 INFO     -------------------------
2025-07-20 15:03:36 INFO     >>>>> Using miner's rule
2025-07-20 15:03:36 INFO     Predictor: read 13661 rules from list.
2025-07-20 15:03:37 INFO     Preprocess training set
2025-07-20 15:03:37 INFO     >>>>> Predictor: Evaluating on valid
2025-07-20 15:05:54 INFO     Data : 2077
2025-07-20 15:05:54 INFO     Hit1 : 0.065479
2025-07-20 15:05:54 INFO     Hit3 : 0.127106
2025-07-20 15:05:54 INFO     Hit10: 0.199326
2025-07-20 15:05:54 INFO     MR   : 1120.902022
2025-07-20 15:05:54 INFO     MRR  : 0.114382
2025-07-20 15:05:54 INFO     >>>>> Predictor: Evaluating on test
2025-07-20 15:08:33 INFO     Data : 2342
2025-07-20 15:08:33 INFO     Hit1 : 0.078992
2025-07-20 15:08:33 INFO     Hit3 : 0.124253
2025-07-20 15:08:33 INFO     Hit10: 0.208796
2025-07-20 15:08:33 INFO     MR   : 1044.269001
2025-07-20 15:08:33 INFO     MRR  : 0.122250
2025-07-20 15:08:33 INFO     >>>>> Predictor: Computing H scores of rules
2025-07-20 15:45:31 INFO     1000 5959
2025-07-20 16:23:23 INFO     2000 5959
2025-07-20 17:01:03 INFO     3000 5959
2025-07-20 17:38:46 INFO     4000 5959
2025-07-20 18:16:16 INFO     5000 5959
2025-07-20 18:54:22 INFO     >>>>> Generator: Training
2025-07-20 18:54:33 INFO     -------------------------
2025-07-20 18:54:33 INFO     | EM Iteration: 2/5
2025-07-20 18:54:33 INFO     -------------------------
2025-07-20 18:54:33 INFO     >>>>> Using Generator's sample rule
2025-07-20 18:54:33 INFO     >>>>> Generator: Rule generation with sampling
2025-07-20 18:54:34 INFO     Predictor: read 1910 rules from list.
2025-07-20 18:54:34 INFO     Preprocess training set
2025-07-20 18:54:34 INFO     >>>>> Predictor: Training
2025-07-20 18:55:48 INFO     1000 5959 8.782457 69314.6
2025-07-20 18:57:03 INFO     2000 5959 8.410559 69271.3
2025-07-20 18:58:19 INFO     3000 5959 8.220157 69245.2
2025-07-20 18:59:34 INFO     4000 5959 8.066903 69340.6
2025-07-20 19:01:06 INFO     5000 5959 7.944350 69340.6
2025-07-20 19:02:30 INFO     >>>>> Predictor: Evaluating on valid
2025-07-20 19:02:49 INFO     Data : 2077
2025-07-20 19:02:49 INFO     Hit1 : 0.025036
2025-07-20 19:02:49 INFO     Hit3 : 0.040924
2025-07-20 19:02:49 INFO     Hit10: 0.064516
2025-07-20 19:02:49 INFO     MR   : 1408.601348
2025-07-20 19:02:49 INFO     MRR  : 0.041208
2025-07-20 19:02:49 INFO     >>>>> Predictor: Evaluating on test
2025-07-20 19:03:10 INFO     Data : 2342
2025-07-20 19:03:10 INFO     Hit1 : 0.019641
2025-07-20 19:03:10 INFO     Hit3 : 0.031170
2025-07-20 19:03:10 INFO     Hit10: 0.058497
2025-07-20 19:03:10 INFO     MR   : 1315.137062
2025-07-20 19:03:10 INFO     MRR  : 0.035162
2025-07-20 19:03:10 INFO     >>>>> Predictor: Computing H scores of rules
2025-07-20 19:06:35 INFO     1000 5959
2025-07-20 19:09:59 INFO     2000 5959
2025-07-20 19:13:32 INFO     3000 5959
2025-07-20 19:17:05 INFO     4000 5959
2025-07-20 19:20:27 INFO     5000 5959
2025-07-20 19:23:42 INFO     >>>>> Generator: Training
2025-07-20 19:23:52 INFO     -------------------------
2025-07-20 19:23:52 INFO     | EM Iteration: 3/5
2025-07-20 19:23:52 INFO     -------------------------
2025-07-20 19:23:52 INFO     >>>>> Using Generator's sample rule
2025-07-20 19:23:52 INFO     >>>>> Generator: Rule generation with sampling
2025-07-20 19:23:52 INFO     Predictor: read 1894 rules from list.
2025-07-20 19:23:52 INFO     Preprocess training set
2025-07-20 19:23:52 INFO     >>>>> Predictor: Training
2025-07-20 19:25:07 INFO     1000 5959 8.811361 69332.0
2025-07-20 19:26:20 INFO     2000 5959 8.473597 69349.3
2025-07-20 19:27:34 INFO     3000 5959 8.262540 69184.5
2025-07-20 19:28:54 INFO     4000 5959 8.094346 69253.9
2025-07-20 19:30:09 INFO     5000 5959 8.001096 69332.0
2025-07-20 19:31:21 INFO     >>>>> Predictor: Evaluating on valid
2025-07-20 19:31:40 INFO     Data : 2077
2025-07-20 19:31:40 INFO     Hit1 : 0.010592
2025-07-20 19:31:40 INFO     Hit3 : 0.025518
2025-07-20 19:31:40 INFO     Hit10: 0.051517
2025-07-20 19:31:40 INFO     MR   : 1450.406837
2025-07-20 19:31:40 INFO     MRR  : 0.026721
2025-07-20 19:31:40 INFO     >>>>> Predictor: Evaluating on test
2025-07-20 19:32:05 INFO     Data : 2342
2025-07-20 19:32:05 INFO     Hit1 : 0.014091
2025-07-20 19:32:05 INFO     Hit3 : 0.024765
2025-07-20 19:32:05 INFO     Hit10: 0.047395
2025-07-20 19:32:05 INFO     MR   : 1339.567891
2025-07-20 19:32:05 INFO     MRR  : 0.027995
2025-07-20 19:32:05 INFO     >>>>> Predictor: Computing H scores of rules
2025-07-20 19:35:49 INFO     1000 5959
2025-07-20 19:39:12 INFO     2000 5959
2025-07-20 19:42:36 INFO     3000 5959
2025-07-20 19:46:06 INFO     4000 5959
2025-07-20 19:49:32 INFO     5000 5959
2025-07-20 19:52:48 INFO     >>>>> Generator: Training
2025-07-20 19:52:59 INFO     -------------------------
2025-07-20 19:52:59 INFO     | EM Iteration: 4/5
2025-07-20 19:52:59 INFO     -------------------------
2025-07-20 19:52:59 INFO     >>>>> Using Generator's sample rule
2025-07-20 19:52:59 INFO     >>>>> Generator: Rule generation with sampling
2025-07-20 19:52:59 INFO     Predictor: read 1923 rules from list.
2025-07-20 19:52:59 INFO     Preprocess training set
2025-07-20 19:52:59 INFO     >>>>> Predictor: Training
2025-07-20 19:54:13 INFO     1000 5959 8.795448 69271.3
2025-07-20 19:55:28 INFO     2000 5959 8.415264 69340.6
2025-07-20 19:56:56 INFO     3000 5959 8.157345 69384.0
2025-07-20 19:58:11 INFO     4000 5959 7.988755 69262.6
2025-07-20 19:59:29 INFO     5000 5959 7.849661 69332.0
2025-07-20 20:00:42 INFO     >>>>> Predictor: Evaluating on valid
2025-07-20 20:01:01 INFO     Data : 2077
2025-07-20 20:01:01 INFO     Hit1 : 0.001444
2025-07-20 20:01:01 INFO     Hit3 : 0.004333
2025-07-20 20:01:01 INFO     Hit10: 0.014444
2025-07-20 20:01:01 INFO     MR   : 1509.454502
2025-07-20 20:01:01 INFO     MRR  : 0.009340
2025-07-20 20:01:01 INFO     >>>>> Predictor: Evaluating on test
2025-07-20 20:01:22 INFO     Data : 2342
2025-07-20 20:01:22 INFO     Hit1 : 0.001281
2025-07-20 20:01:22 INFO     Hit3 : 0.008540
2025-07-20 20:01:22 INFO     Hit10: 0.017933
2025-07-20 20:01:22 INFO     MR   : 1398.881085
2025-07-20 20:01:22 INFO     MRR  : 0.010718
2025-07-20 20:01:22 INFO     >>>>> Predictor: Computing H scores of rules
2025-07-20 20:04:45 INFO     1000 5959
2025-07-20 20:08:18 INFO     2000 5959
2025-07-20 20:11:39 INFO     3000 5959
2025-07-20 20:14:59 INFO     4000 5959
2025-07-20 20:18:22 INFO     5000 5959
2025-07-20 20:21:37 INFO     >>>>> Generator: Training
2025-07-20 20:21:48 INFO     -------------------------
2025-07-20 20:21:48 INFO     | EM Iteration: 5/5
2025-07-20 20:21:48 INFO     -------------------------
2025-07-20 20:21:48 INFO     >>>>> Using Generator's sample rule
2025-07-20 20:21:48 INFO     >>>>> Generator: Rule generation with sampling
2025-07-20 20:21:48 INFO     Predictor: read 1940 rules from list.
2025-07-20 20:21:48 INFO     Preprocess training set
2025-07-20 20:21:48 INFO     >>>>> Predictor: Training
2025-07-20 20:23:02 INFO     1000 5959 8.820225 69332.0
2025-07-20 20:24:31 INFO     2000 5959 8.474214 69349.3
2025-07-20 20:25:51 INFO     3000 5959 8.251743 69340.6
2025-07-20 20:27:07 INFO     4000 5959 8.111076 69297.3
2025-07-20 20:28:21 INFO     5000 5959 7.963352 69219.2
2025-07-20 20:29:31 INFO     >>>>> Predictor: Evaluating on valid
2025-07-20 20:29:49 INFO     Data : 2077
2025-07-20 20:29:49 INFO     Hit1 : 0.013000
2025-07-20 20:29:49 INFO     Hit3 : 0.022147
2025-07-20 20:29:49 INFO     Hit10: 0.033702
2025-07-20 20:29:49 INFO     MR   : 1536.172364
2025-07-20 20:29:49 INFO     MRR  : 0.023873
2025-07-20 20:29:49 INFO     >>>>> Predictor: Evaluating on test
2025-07-20 20:30:10 INFO     Data : 2342
2025-07-20 20:30:10 INFO     Hit1 : 0.009821
2025-07-20 20:30:10 INFO     Hit3 : 0.017506
2025-07-20 20:30:10 INFO     Hit10: 0.032024
2025-07-20 20:30:10 INFO     MR   : 1412.519214
2025-07-20 20:30:10 INFO     MRR  : 0.020036
2025-07-20 20:30:10 INFO     >>>>> Predictor: Computing H scores of rules
2025-07-20 20:33:32 INFO     1000 5959
2025-07-20 20:37:04 INFO     2000 5959
2025-07-20 20:40:26 INFO     3000 5959
2025-07-20 20:43:59 INFO     4000 5959
2025-07-20 20:47:20 INFO     5000 5959
2025-07-20 20:50:36 INFO     >>>>> Generator: Training
2025-07-20 20:50:46 INFO     -------------------------
2025-07-20 20:50:46 INFO     | Post-train Generator
2025-07-20 20:50:46 INFO     -------------------------
2025-07-20 20:50:48 INFO     >>>>> Generator: Training
2025-07-20 20:52:29 INFO     [E01000] Total 28.581177 | Main 5.661041 | RelClus 6.196578 | EntType 33.162837
2025-07-20 20:52:29 INFO     -------------------------
2025-07-20 20:52:29 INFO     | Beam Search Best Rules
2025-07-20 20:52:29 INFO     -------------------------
2025-07-20 20:52:29 INFO     >>>>> Generator: Rule generation with beam search
2025-07-20 20:52:29 INFO     >>>>> Generator: Rule generation with beam search
2025-07-20 20:52:35 INFO     >>>>> Generator: Rule generation with beam search
2025-07-20 20:53:55 INFO     >>>>> Generator: Rule generation with beam search
2025-07-20 20:54:59 INFO     >>>>> Generator: Rule generation with beam search
2025-07-20 20:55:44 INFO     -------------------------
2025-07-20 20:55:44 INFO     | Train Final Predictor+
2025-07-20 20:55:44 INFO     -------------------------
2025-07-20 20:55:44 INFO     Predictor+: read 18420 rules from list.
2025-07-20 20:55:44 INFO     Preprocess training set
2025-07-20 20:55:44 INFO     -------------------------
2025-07-20 20:55:44 INFO     | Iteration: 1/5
2025-07-20 20:55:44 INFO     -------------------------
2025-07-20 20:55:44 INFO     >>>>> Predictor: Training
2025-07-20 21:01:50 INFO     1000 5959 5.258844 69271.3
2025-07-20 21:07:57 INFO     2000 5959 5.141679 69332.0
2025-07-20 21:14:11 INFO     3000 5959 5.107424 69375.3
2025-07-20 21:20:19 INFO     4000 5959 5.092495 69279.9
2025-07-20 21:26:23 INFO     5000 5959 5.063177 69349.3
2025-07-20 21:32:23 INFO     >>>>> Predictor: Evaluating on valid
2025-07-20 21:33:54 INFO     Data : 2077
2025-07-20 21:33:54 INFO     Hit1 : 0.065961
2025-07-20 21:33:54 INFO     Hit3 : 0.125662
2025-07-20 21:33:54 INFO     Hit10: 0.201252
2025-07-20 21:33:54 INFO     MR   : 1229.425373
2025-07-20 21:33:54 INFO     MRR  : 0.110755
2025-07-20 21:33:54 INFO     >>>>> Predictor: Evaluating on test
2025-07-20 21:35:35 INFO     Data : 2342
2025-07-20 21:35:35 INFO     Hit1 : 0.094364
2025-07-20 21:35:35 INFO     Hit3 : 0.145602
2025-07-20 21:35:35 INFO     Hit10: 0.207088
2025-07-20 21:35:35 INFO     MR   : 1138.757686
2025-07-20 21:35:35 INFO     MRR  : 0.132360
2025-07-20 21:35:35 INFO     Save checkpoint to results/semmeddb/10_times_each/scheduled_sampling/1_20250720_150333/predictor.pt
2025-07-20 21:35:35 INFO     -------------------------
2025-07-20 21:35:35 INFO     | Iteration: 2/5
2025-07-20 21:35:35 INFO     -------------------------
2025-07-20 21:35:35 INFO     >>>>> Predictor: Training
2025-07-20 21:41:34 INFO     1000 5959 5.028316 69366.7
2025-07-20 21:47:41 INFO     2000 5959 5.051410 69375.3
2025-07-20 21:53:48 INFO     3000 5959 5.045614 69219.2
2025-07-20 21:59:54 INFO     4000 5959 5.044322 69305.9
2025-07-20 22:06:03 INFO     5000 5959 5.023454 69288.6
2025-07-20 22:11:56 INFO     >>>>> Predictor: Evaluating on valid
2025-07-20 22:13:28 INFO     Data : 2077
2025-07-20 22:13:28 INFO     Hit1 : 0.064998
2025-07-20 22:13:28 INFO     Hit3 : 0.126143
2025-07-20 22:13:28 INFO     Hit10: 0.202215
2025-07-20 22:13:28 INFO     MR   : 1197.618681
2025-07-20 22:13:28 INFO     MRR  : 0.110540
2025-07-20 22:13:28 INFO     >>>>> Predictor: Evaluating on test
2025-07-20 22:15:09 INFO     Data : 2342
2025-07-20 22:15:09 INFO     Hit1 : 0.093937
2025-07-20 22:15:09 INFO     Hit3 : 0.141759
2025-07-20 22:15:09 INFO     Hit10: 0.201110
2025-07-20 22:15:09 INFO     MR   : 1109.644748
2025-07-20 22:15:09 INFO     MRR  : 0.130977
2025-07-20 22:15:09 INFO     -------------------------
2025-07-20 22:15:09 INFO     | Iteration: 3/5
2025-07-20 22:15:09 INFO     -------------------------
2025-07-20 22:15:09 INFO     >>>>> Predictor: Training
2025-07-20 22:21:23 INFO     1000 5959 5.027517 69288.6
2025-07-20 22:27:32 INFO     2000 5959 5.033060 69288.6
2025-07-20 22:33:31 INFO     3000 5959 5.015230 69340.6
2025-07-20 22:39:31 INFO     4000 5959 5.023913 69271.3
2025-07-20 22:45:47 INFO     5000 5959 5.049569 69219.2
2025-07-20 22:51:50 INFO     >>>>> Predictor: Evaluating on valid
2025-07-20 22:53:20 INFO     Data : 2077
2025-07-20 22:53:20 INFO     Hit1 : 0.069812
2025-07-20 22:53:20 INFO     Hit3 : 0.130958
2025-07-20 22:53:20 INFO     Hit10: 0.199326
2025-07-20 22:53:20 INFO     MR   : 1188.665864
2025-07-20 22:53:20 INFO     MRR  : 0.113213
2025-07-20 22:53:20 INFO     >>>>> Predictor: Evaluating on test
2025-07-20 22:55:03 INFO     Data : 2342
2025-07-20 22:55:03 INFO     Hit1 : 0.094791
2025-07-20 22:55:03 INFO     Hit3 : 0.143894
2025-07-20 22:55:03 INFO     Hit10: 0.205380
2025-07-20 22:55:03 INFO     MR   : 1092.220325
2025-07-20 22:55:03 INFO     MRR  : 0.132513
2025-07-20 22:55:03 INFO     Save checkpoint to results/semmeddb/10_times_each/scheduled_sampling/1_20250720_150333/predictor.pt
2025-07-20 22:55:03 INFO     -------------------------
2025-07-20 22:55:03 INFO     | Iteration: 4/5
2025-07-20 22:55:03 INFO     -------------------------
2025-07-20 22:55:03 INFO     >>>>> Predictor: Training
2025-07-20 23:01:07 INFO     1000 5959 4.997899 69340.6
2025-07-20 23:07:14 INFO     2000 5959 4.985760 69184.5
2025-07-20 23:13:14 INFO     3000 5959 5.072930 69253.9
2025-07-20 23:19:19 INFO     4000 5959 5.022343 69340.6
2025-07-20 23:25:29 INFO     5000 5959 5.015947 69384.0
2025-07-20 23:31:22 INFO     >>>>> Predictor: Evaluating on valid
2025-07-20 23:32:52 INFO     Data : 2077
2025-07-20 23:32:52 INFO     Hit1 : 0.064998
2025-07-20 23:32:52 INFO     Hit3 : 0.127106
2025-07-20 23:32:52 INFO     Hit10: 0.199326
2025-07-20 23:32:52 INFO     MR   : 1188.747232
2025-07-20 23:32:52 INFO     MRR  : 0.109884
2025-07-20 23:32:52 INFO     >>>>> Predictor: Evaluating on test
2025-07-20 23:34:41 INFO     Data : 2342
2025-07-20 23:34:41 INFO     Hit1 : 0.092656
2025-07-20 23:34:41 INFO     Hit3 : 0.143040
2025-07-20 23:34:41 INFO     Hit10: 0.204953
2025-07-20 23:34:41 INFO     MR   : 1101.451537
2025-07-20 23:34:41 INFO     MRR  : 0.130543
2025-07-20 23:34:41 INFO     -------------------------
2025-07-20 23:34:41 INFO     | Iteration: 5/5
2025-07-20 23:34:41 INFO     -------------------------
2025-07-20 23:34:41 INFO     >>>>> Predictor: Training
2025-07-20 23:40:40 INFO     1000 5959 5.024196 69323.3
2025-07-20 23:46:49 INFO     2000 5959 5.022626 69332.0
2025-07-20 23:52:51 INFO     3000 5959 5.042034 69219.2
2025-07-20 23:59:02 INFO     4000 5959 5.009206 69297.3
2025-07-21 00:05:04 INFO     5000 5959 4.989081 69332.0
2025-07-21 00:10:59 INFO     >>>>> Predictor: Evaluating on valid
2025-07-21 00:12:29 INFO     Data : 2077
2025-07-21 00:12:29 INFO     Hit1 : 0.067405
2025-07-21 00:12:29 INFO     Hit3 : 0.125662
2025-07-21 00:12:29 INFO     Hit10: 0.200770
2025-07-21 00:12:29 INFO     MR   : 1174.977853
2025-07-21 00:12:29 INFO     MRR  : 0.110958
2025-07-21 00:12:29 INFO     >>>>> Predictor: Evaluating on test
2025-07-21 00:14:11 INFO     Data : 2342
2025-07-21 00:14:11 INFO     Hit1 : 0.095218
2025-07-21 00:14:11 INFO     Hit3 : 0.145602
2025-07-21 00:14:11 INFO     Hit10: 0.208369
2025-07-21 00:14:11 INFO     MR   : 1085.464987
2025-07-21 00:14:11 INFO     MRR  : 0.133346
2025-07-21 00:14:11 INFO     -------------------------
2025-07-21 00:14:11 INFO     | Final Test MRR: 0.132513
2025-07-21 00:14:11 INFO     -------------------------
