2025-07-20 19:54:53 INFO     is_soft_label: False
2025-07-20 19:54:53 INFO     is_scheduled_sampling: False
2025-07-20 19:54:53 INFO     is_test_mode: False
2025-07-20 19:54:53 INFO     Data loading | DONE!
2025-07-20 19:54:53 INFO     Using full datasets for training, validation, and testing.
2025-07-20 19:54:53 INFO     -------------------------
2025-07-20 19:54:53 INFO     | EM Iteration: 1/5
2025-07-20 19:54:53 INFO     -------------------------
2025-07-20 19:54:53 INFO     >>>>> Using miner's rule
2025-07-20 19:54:53 INFO     Predictor: read 13661 rules from list.
2025-07-20 19:54:54 INFO     Preprocess training set
2025-07-20 19:54:54 INFO     >>>>> Predictor: Evaluating on valid
2025-07-20 19:57:20 INFO     Data : 2077
2025-07-20 19:57:20 INFO     Hit1 : 0.065479
2025-07-20 19:57:20 INFO     Hit3 : 0.127106
2025-07-20 19:57:20 INFO     Hit10: 0.199326
2025-07-20 19:57:20 INFO     MR   : 1120.902022
2025-07-20 19:57:20 INFO     MRR  : 0.114382
2025-07-20 19:57:20 INFO     >>>>> Predictor: Evaluating on test
2025-07-20 19:59:55 INFO     Data : 2342
2025-07-20 19:59:55 INFO     Hit1 : 0.078992
2025-07-20 19:59:55 INFO     Hit3 : 0.124253
2025-07-20 19:59:55 INFO     Hit10: 0.208796
2025-07-20 19:59:55 INFO     MR   : 1044.269001
2025-07-20 19:59:55 INFO     MRR  : 0.122250
2025-07-20 19:59:55 INFO     >>>>> Predictor: Computing H scores of rules
2025-07-20 20:36:53 INFO     1000 5959
2025-07-20 21:14:28 INFO     2000 5959
2025-07-20 21:51:26 INFO     3000 5959
2025-07-20 22:28:55 INFO     4000 5959
2025-07-20 23:06:02 INFO     5000 5959
2025-07-20 23:43:31 INFO     >>>>> Generator: Training
2025-07-20 23:43:43 INFO     -------------------------
2025-07-20 23:43:43 INFO     | EM Iteration: 2/5
2025-07-20 23:43:43 INFO     -------------------------
2025-07-20 23:43:43 INFO     >>>>> Using Generator's sample rule
2025-07-20 23:43:43 INFO     >>>>> Generator: Rule generation with sampling
2025-07-20 23:43:43 INFO     Predictor: read 1904 rules from list.
2025-07-20 23:43:43 INFO     Preprocess training set
2025-07-20 23:43:43 INFO     >>>>> Predictor: Training
2025-07-20 23:45:09 INFO     1000 5959 8.782312 69314.6
2025-07-20 23:46:21 INFO     2000 5959 8.410004 69271.3
2025-07-20 23:47:32 INFO     3000 5959 8.219053 69245.2
2025-07-20 23:48:44 INFO     4000 5959 8.065449 69340.6
2025-07-20 23:49:55 INFO     5000 5959 7.940880 69340.6
2025-07-20 23:51:07 INFO     >>>>> Predictor: Evaluating on valid
2025-07-20 23:51:26 INFO     Data : 2077
2025-07-20 23:51:26 INFO     Hit1 : 0.025036
2025-07-20 23:51:26 INFO     Hit3 : 0.040924
2025-07-20 23:51:26 INFO     Hit10: 0.064035
2025-07-20 23:51:26 INFO     MR   : 1407.828117
2025-07-20 23:51:26 INFO     MRR  : 0.041154
2025-07-20 23:51:26 INFO     >>>>> Predictor: Evaluating on test
2025-07-20 23:51:46 INFO     Data : 2342
2025-07-20 23:51:46 INFO     Hit1 : 0.019641
2025-07-20 23:51:46 INFO     Hit3 : 0.030743
2025-07-20 23:51:46 INFO     Hit10: 0.056362
2025-07-20 23:51:46 INFO     MR   : 1317.205807
2025-07-20 23:51:46 INFO     MRR  : 0.034766
2025-07-20 23:51:46 INFO     >>>>> Predictor: Computing H scores of rules
2025-07-20 23:55:19 INFO     1000 5959
2025-07-20 23:58:40 INFO     2000 5959
2025-07-21 00:02:00 INFO     3000 5959
2025-07-21 00:05:22 INFO     4000 5959
2025-07-21 00:08:43 INFO     5000 5959
2025-07-21 00:12:08 INFO     >>>>> Generator: Training
2025-07-21 00:12:18 INFO     -------------------------
2025-07-21 00:12:18 INFO     | EM Iteration: 3/5
2025-07-21 00:12:18 INFO     -------------------------
2025-07-21 00:12:18 INFO     >>>>> Using Generator's sample rule
2025-07-21 00:12:18 INFO     >>>>> Generator: Rule generation with sampling
2025-07-21 00:12:18 INFO     Predictor: read 1877 rules from list.
2025-07-21 00:12:18 INFO     Preprocess training set
2025-07-21 00:12:18 INFO     >>>>> Predictor: Training
2025-07-21 00:13:30 INFO     1000 5959 8.809976 69332.0
2025-07-21 00:14:42 INFO     2000 5959 8.469537 69349.3
2025-07-21 00:15:56 INFO     3000 5959 8.254404 69184.5
2025-07-21 00:17:08 INFO     4000 5959 8.080450 69253.9
2025-07-21 00:18:19 INFO     5000 5959 7.983767 69332.0
2025-07-21 00:19:40 INFO     >>>>> Predictor: Evaluating on valid
2025-07-21 00:19:58 INFO     Data : 2077
2025-07-21 00:19:58 INFO     Hit1 : 0.010592
2025-07-21 00:19:58 INFO     Hit3 : 0.025999
2025-07-21 00:19:58 INFO     Hit10: 0.051035
2025-07-21 00:19:58 INFO     MR   : 1450.381801
2025-07-21 00:19:58 INFO     MRR  : 0.026797
2025-07-21 00:19:58 INFO     >>>>> Predictor: Evaluating on test
2025-07-21 00:20:19 INFO     Data : 2342
2025-07-21 00:20:19 INFO     Hit1 : 0.014091
2025-07-21 00:20:19 INFO     Hit3 : 0.024765
2025-07-21 00:20:19 INFO     Hit10: 0.047395
2025-07-21 00:20:19 INFO     MR   : 1340.377455
2025-07-21 00:20:19 INFO     MRR  : 0.028016
2025-07-21 00:20:19 INFO     >>>>> Predictor: Computing H scores of rules
2025-07-21 00:23:48 INFO     1000 5959
2025-07-21 00:27:10 INFO     2000 5959
2025-07-21 00:30:30 INFO     3000 5959
2025-07-21 00:33:50 INFO     4000 5959
2025-07-21 00:37:22 INFO     5000 5959
2025-07-21 00:40:49 INFO     >>>>> Generator: Training
2025-07-21 00:40:59 INFO     -------------------------
2025-07-21 00:40:59 INFO     | EM Iteration: 4/5
2025-07-21 00:40:59 INFO     -------------------------
2025-07-21 00:40:59 INFO     >>>>> Using Generator's sample rule
2025-07-21 00:40:59 INFO     >>>>> Generator: Rule generation with sampling
2025-07-21 00:40:59 INFO     Predictor: read 1847 rules from list.
2025-07-21 00:40:59 INFO     Preprocess training set
2025-07-21 00:40:59 INFO     >>>>> Predictor: Training
2025-07-21 00:42:15 INFO     1000 5959 8.791110 69271.3
2025-07-21 00:43:26 INFO     2000 5959 8.404539 69340.6
2025-07-21 00:44:40 INFO     3000 5959 8.137731 69384.0
2025-07-21 00:45:54 INFO     4000 5959 7.963986 69262.6
2025-07-21 00:47:05 INFO     5000 5959 7.819836 69332.0
2025-07-21 00:48:14 INFO     >>>>> Predictor: Evaluating on valid
2025-07-21 00:48:31 INFO     Data : 2077
2025-07-21 00:48:31 INFO     Hit1 : 0.006259
2025-07-21 00:48:31 INFO     Hit3 : 0.018296
2025-07-21 00:48:31 INFO     Hit10: 0.036110
2025-07-21 00:48:31 INFO     MR   : 1486.285749
2025-07-21 00:48:31 INFO     MRR  : 0.019680
2025-07-21 00:48:31 INFO     >>>>> Predictor: Evaluating on test
2025-07-21 00:48:52 INFO     Data : 2342
2025-07-21 00:48:52 INFO     Hit1 : 0.008540
2025-07-21 00:48:52 INFO     Hit3 : 0.018787
2025-07-21 00:48:52 INFO     Hit10: 0.035440
2025-07-21 00:48:52 INFO     MR   : 1371.789710
2025-07-21 00:48:52 INFO     MRR  : 0.020680
2025-07-21 00:48:52 INFO     >>>>> Predictor: Computing H scores of rules
2025-07-21 00:52:12 INFO     1000 5959
2025-07-21 00:55:34 INFO     2000 5959
2025-07-21 00:58:58 INFO     3000 5959
2025-07-21 01:02:20 INFO     4000 5959
2025-07-21 01:05:43 INFO     5000 5959
2025-07-21 01:09:01 INFO     >>>>> Generator: Training
2025-07-21 01:09:11 INFO     -------------------------
2025-07-21 01:09:11 INFO     | EM Iteration: 5/5
2025-07-21 01:09:11 INFO     -------------------------
2025-07-21 01:09:11 INFO     >>>>> Using Generator's sample rule
2025-07-21 01:09:11 INFO     >>>>> Generator: Rule generation with sampling
2025-07-21 01:09:11 INFO     Predictor: read 1676 rules from list.
2025-07-21 01:09:11 INFO     Preprocess training set
2025-07-21 01:09:11 INFO     >>>>> Predictor: Training
2025-07-21 01:10:33 INFO     1000 5959 8.805924 69332.0
2025-07-21 01:11:42 INFO     2000 5959 8.434382 69349.3
2025-07-21 01:12:51 INFO     3000 5959 8.182272 69340.6
2025-07-21 01:14:01 INFO     4000 5959 8.012417 69297.3
2025-07-21 01:15:14 INFO     5000 5959 7.830053 69219.2
2025-07-21 01:16:32 INFO     >>>>> Predictor: Evaluating on valid
2025-07-21 01:16:50 INFO     Data : 2077
2025-07-21 01:16:50 INFO     Hit1 : 0.029851
2025-07-21 01:16:50 INFO     Hit3 : 0.053924
2025-07-21 01:16:50 INFO     Hit10: 0.076071
2025-07-21 01:16:50 INFO     MR   : 1451.129995
2025-07-21 01:16:50 INFO     MRR  : 0.049605
2025-07-21 01:16:50 INFO     >>>>> Predictor: Evaluating on test
2025-07-21 01:17:10 INFO     Data : 2342
2025-07-21 01:17:10 INFO     Hit1 : 0.028608
2025-07-21 01:17:10 INFO     Hit3 : 0.046541
2025-07-21 01:17:10 INFO     Hit10: 0.084116
2025-07-21 01:17:10 INFO     MR   : 1334.989112
2025-07-21 01:17:10 INFO     MRR  : 0.048452
2025-07-21 01:17:10 INFO     >>>>> Predictor: Computing H scores of rules
2025-07-21 01:20:37 INFO     1000 5959
2025-07-21 01:24:05 INFO     2000 5959
2025-07-21 01:27:25 INFO     3000 5959
2025-07-21 01:31:02 INFO     4000 5959
2025-07-21 01:34:27 INFO     5000 5959
2025-07-21 01:37:45 INFO     >>>>> Generator: Training
2025-07-21 01:37:54 INFO     -------------------------
2025-07-21 01:37:54 INFO     | Post-train Generator
2025-07-21 01:37:54 INFO     -------------------------
2025-07-21 01:37:56 INFO     >>>>> Generator: Training
2025-07-21 01:39:39 INFO     [E01000] Total 2.432650 | Main 2.559255 | RelClus 1.497829 | EntType 2.354638
2025-07-21 01:39:39 INFO     -------------------------
2025-07-21 01:39:39 INFO     | Beam Search Best Rules
2025-07-21 01:39:39 INFO     -------------------------
2025-07-21 01:39:39 INFO     >>>>> Generator: Rule generation with beam search
2025-07-21 01:39:40 INFO     >>>>> Generator: Rule generation with beam search
2025-07-21 01:39:46 INFO     >>>>> Generator: Rule generation with beam search
2025-07-21 01:41:11 INFO     >>>>> Generator: Rule generation with beam search
2025-07-21 01:42:14 INFO     >>>>> Generator: Rule generation with beam search
2025-07-21 01:42:57 INFO     -------------------------
2025-07-21 01:42:57 INFO     | Train Final Predictor+
2025-07-21 01:42:57 INFO     -------------------------
2025-07-21 01:42:57 INFO     Predictor+: read 18420 rules from list.
2025-07-21 01:42:57 INFO     Preprocess training set
2025-07-21 01:42:57 INFO     -------------------------
2025-07-21 01:42:57 INFO     | Iteration: 1/5
2025-07-21 01:42:57 INFO     -------------------------
2025-07-21 01:42:57 INFO     >>>>> Predictor: Training
2025-07-21 01:48:14 INFO     1000 5959 4.989608 69271.3
2025-07-21 01:53:30 INFO     2000 5959 4.754676 69332.0
2025-07-21 01:59:01 INFO     3000 5959 4.740074 69375.3
2025-07-21 02:04:31 INFO     4000 5959 4.737188 69279.9
2025-07-21 02:09:52 INFO     5000 5959 4.706649 69349.3
2025-07-21 02:15:07 INFO     >>>>> Predictor: Evaluating on valid
2025-07-21 02:16:23 INFO     Data : 2077
2025-07-21 02:16:23 INFO     Hit1 : 0.092922
2025-07-21 02:16:23 INFO     Hit3 : 0.182475
2025-07-21 02:16:23 INFO     Hit10: 0.313433
2025-07-21 02:16:23 INFO     MR   : 996.006981
2025-07-21 02:16:23 INFO     MRR  : 0.164134
2025-07-21 02:16:23 INFO     >>>>> Predictor: Evaluating on test
2025-07-21 02:17:49 INFO     Data : 2342
2025-07-21 02:17:49 INFO     Hit1 : 0.119129
2025-07-21 02:17:49 INFO     Hit3 : 0.201537
2025-07-21 02:17:49 INFO     Hit10: 0.319385
2025-07-21 02:17:49 INFO     MR   : 930.787788
2025-07-21 02:17:49 INFO     MRR  : 0.184163
2025-07-21 02:17:49 INFO     Save checkpoint to results/semmeddb/10_times_each/fixed/333/5_20250720_195451/predictor.pt
2025-07-21 02:17:49 INFO     -------------------------
2025-07-21 02:17:49 INFO     | Iteration: 2/5
2025-07-21 02:17:49 INFO     -------------------------
2025-07-21 02:17:49 INFO     >>>>> Predictor: Training
2025-07-21 02:23:07 INFO     1000 5959 4.636942 69366.7
2025-07-21 02:28:28 INFO     2000 5959 4.675988 69375.3
2025-07-21 02:33:56 INFO     3000 5959 4.664216 69219.2
2025-07-21 02:39:16 INFO     4000 5959 4.671774 69305.9
2025-07-21 02:44:37 INFO     5000 5959 4.659946 69288.6
2025-07-21 02:50:01 INFO     >>>>> Predictor: Evaluating on valid
2025-07-21 02:51:18 INFO     Data : 2077
2025-07-21 02:51:18 INFO     Hit1 : 0.089552
2025-07-21 02:51:18 INFO     Hit3 : 0.189697
2025-07-21 02:51:18 INFO     Hit10: 0.313433
2025-07-21 02:51:18 INFO     MR   : 957.000241
2025-07-21 02:51:18 INFO     MRR  : 0.163795
2025-07-21 02:51:18 INFO     >>>>> Predictor: Evaluating on test
2025-07-21 02:52:48 INFO     Data : 2342
2025-07-21 02:52:48 INFO     Hit1 : 0.123826
2025-07-21 02:52:48 INFO     Hit3 : 0.208369
2025-07-21 02:52:48 INFO     Hit10: 0.322374
2025-07-21 02:52:48 INFO     MR   : 892.117848
2025-07-21 02:52:48 INFO     MRR  : 0.188247
2025-07-21 02:52:48 INFO     -------------------------
2025-07-21 02:52:48 INFO     | Iteration: 3/5
2025-07-21 02:52:48 INFO     -------------------------
2025-07-21 02:52:48 INFO     >>>>> Predictor: Training
2025-07-21 02:58:06 INFO     1000 5959 4.642903 69288.6
2025-07-21 03:03:24 INFO     2000 5959 4.647430 69288.6
2025-07-21 03:08:50 INFO     3000 5959 4.639545 69340.6
2025-07-21 03:14:16 INFO     4000 5959 4.636421 69271.3
2025-07-21 03:19:41 INFO     5000 5959 4.669878 69219.2
2025-07-21 03:24:47 INFO     >>>>> Predictor: Evaluating on valid
2025-07-21 03:26:04 INFO     Data : 2077
2025-07-21 03:26:04 INFO     Hit1 : 0.089071
2025-07-21 03:26:04 INFO     Hit3 : 0.178142
2025-07-21 03:26:04 INFO     Hit10: 0.298989
2025-07-21 03:26:04 INFO     MR   : 944.188252
2025-07-21 03:26:04 INFO     MRR  : 0.159568
2025-07-21 03:26:04 INFO     >>>>> Predictor: Evaluating on test
2025-07-21 03:27:35 INFO     Data : 2342
2025-07-21 03:27:35 INFO     Hit1 : 0.116140
2025-07-21 03:27:35 INFO     Hit3 : 0.189582
2025-07-21 03:27:35 INFO     Hit10: 0.309137
2025-07-21 03:27:35 INFO     MR   : 875.950256
2025-07-21 03:27:35 INFO     MRR  : 0.178269
2025-07-21 03:27:35 INFO     -------------------------
2025-07-21 03:27:35 INFO     | Iteration: 4/5
2025-07-21 03:27:35 INFO     -------------------------
2025-07-21 03:27:35 INFO     >>>>> Predictor: Training
2025-07-21 03:33:01 INFO     1000 5959 4.613434 69340.6
2025-07-21 03:38:32 INFO     2000 5959 4.591082 69184.5
2025-07-21 03:43:51 INFO     3000 5959 4.660142 69253.9
2025-07-21 03:49:12 INFO     4000 5959 4.625388 69340.6
2025-07-21 03:54:53 INFO     5000 5959 4.628240 69384.0
2025-07-21 04:00:10 INFO     >>>>> Predictor: Evaluating on valid
2025-07-21 04:01:28 INFO     Data : 2077
2025-07-21 04:01:28 INFO     Hit1 : 0.093885
2025-07-21 04:01:28 INFO     Hit3 : 0.185364
2025-07-21 04:01:28 INFO     Hit10: 0.308618
2025-07-21 04:01:28 INFO     MR   : 936.607126
2025-07-21 04:01:28 INFO     MRR  : 0.163218
2025-07-21 04:01:28 INFO     >>>>> Predictor: Evaluating on test
2025-07-21 04:02:58 INFO     Data : 2342
2025-07-21 04:02:58 INFO     Hit1 : 0.119129
2025-07-21 04:02:58 INFO     Hit3 : 0.204526
2025-07-21 04:02:58 INFO     Hit10: 0.314261
2025-07-21 04:02:58 INFO     MR   : 870.143040
2025-07-21 04:02:58 INFO     MRR  : 0.184551
2025-07-21 04:02:58 INFO     -------------------------
2025-07-21 04:02:58 INFO     | Iteration: 5/5
2025-07-21 04:02:58 INFO     -------------------------
2025-07-21 04:02:58 INFO     >>>>> Predictor: Training
2025-07-21 04:08:25 INFO     1000 5959 4.620942 69323.3
2025-07-21 04:13:53 INFO     2000 5959 4.606953 69332.0
2025-07-21 04:19:35 INFO     3000 5959 4.647980 69219.2
2025-07-21 04:25:11 INFO     4000 5959 4.636436 69297.3
2025-07-21 04:31:06 INFO     5000 5959 4.607880 69332.0
2025-07-21 04:36:19 INFO     >>>>> Predictor: Evaluating on valid
2025-07-21 04:37:47 INFO     Data : 2077
2025-07-21 04:37:47 INFO     Hit1 : 0.085219
2025-07-21 04:37:47 INFO     Hit3 : 0.184882
2025-07-21 04:37:47 INFO     Hit10: 0.314396
2025-07-21 04:37:47 INFO     MR   : 927.482667
2025-07-21 04:37:47 INFO     MRR  : 0.160900
2025-07-21 04:37:47 INFO     >>>>> Predictor: Evaluating on test
2025-07-21 04:39:16 INFO     Data : 2342
2025-07-21 04:39:16 INFO     Hit1 : 0.123399
2025-07-21 04:39:16 INFO     Hit3 : 0.207515
2025-07-21 04:39:16 INFO     Hit10: 0.319812
2025-07-21 04:39:16 INFO     MR   : 861.436806
2025-07-21 04:39:16 INFO     MRR  : 0.188637
2025-07-21 04:39:16 INFO     -------------------------
2025-07-21 04:39:16 INFO     | Final Test MRR: 0.184163
2025-07-21 04:39:16 INFO     -------------------------
