2025-07-09 23:25:19 INFO     is_soft_label: False
2025-07-09 23:25:19 INFO     is_scheduled_sampling: False
2025-07-09 23:25:19 INFO     is_test_mode: False
2025-07-09 23:25:19 INFO     Data loading | DONE!
2025-07-09 23:25:19 INFO     Using full datasets for training, validation, and testing.
2025-07-09 23:25:19 INFO     -------------------------
2025-07-09 23:25:19 INFO     | EM Iteration: 1/5
2025-07-09 23:25:19 INFO     -------------------------
2025-07-09 23:25:19 INFO     >>>>> Using miner's rule
2025-07-09 23:25:20 INFO     Predictor: read 13661 rules from list.
2025-07-09 23:25:21 INFO     Preprocess training set
2025-07-09 23:25:21 INFO     >>>>> Predictor: Evaluating on valid
2025-07-09 23:27:38 INFO     Data : 2077
2025-07-09 23:27:38 INFO     Hit1 : 0.065479
2025-07-09 23:27:38 INFO     Hit3 : 0.127106
2025-07-09 23:27:38 INFO     Hit10: 0.199326
2025-07-09 23:27:38 INFO     MR   : 1120.902022
2025-07-09 23:27:38 INFO     MRR  : 0.114382
2025-07-09 23:27:38 INFO     >>>>> Predictor: Evaluating on test
2025-07-09 23:30:15 INFO     Data : 2342
2025-07-09 23:30:15 INFO     Hit1 : 0.078992
2025-07-09 23:30:15 INFO     Hit3 : 0.124253
2025-07-09 23:30:15 INFO     Hit10: 0.208796
2025-07-09 23:30:15 INFO     MR   : 1044.269001
2025-07-09 23:30:15 INFO     MRR  : 0.122250
2025-07-09 23:30:15 INFO     >>>>> Predictor: Computing H scores of rules
2025-07-10 00:05:21 INFO     1000 5959
2025-07-10 00:41:14 INFO     2000 5959
2025-07-10 01:16:37 INFO     3000 5959
2025-07-10 01:52:19 INFO     4000 5959
2025-07-10 02:27:38 INFO     5000 5959
2025-07-10 03:03:41 INFO     >>>>> Generator: Training
2025-07-10 03:03:51 INFO     -------------------------
2025-07-10 03:03:51 INFO     | EM Iteration: 2/5
2025-07-10 03:03:51 INFO     -------------------------
2025-07-10 03:03:51 INFO     >>>>> Using Generator's sample rule
2025-07-10 03:03:51 INFO     >>>>> Generator: Rule generation with sampling
2025-07-10 03:03:51 INFO     Predictor: read 1912 rules from list.
2025-07-10 03:03:51 INFO     Preprocess training set
2025-07-10 03:03:51 INFO     >>>>> Predictor: Training
2025-07-10 03:04:58 INFO     1000 5959 8.777563 69314.6
2025-07-10 03:06:05 INFO     2000 5959 8.371464 69271.3
2025-07-10 03:07:12 INFO     3000 5959 8.153242 69245.2
2025-07-10 03:08:19 INFO     4000 5959 7.969263 69340.6
2025-07-10 03:09:27 INFO     5000 5959 7.793321 69340.6
2025-07-10 03:10:32 INFO     >>>>> Predictor: Evaluating on valid
2025-07-10 03:10:48 INFO     Data : 2077
2025-07-10 03:10:48 INFO     Hit1 : 0.018777
2025-07-10 03:10:48 INFO     Hit3 : 0.033702
2025-07-10 03:10:48 INFO     Hit10: 0.057294
2025-07-10 03:10:48 INFO     MR   : 1435.782378
2025-07-10 03:10:48 INFO     MRR  : 0.034306
2025-07-10 03:10:48 INFO     >>>>> Predictor: Evaluating on test
2025-07-10 03:11:07 INFO     Data : 2342
2025-07-10 03:11:07 INFO     Hit1 : 0.017506
2025-07-10 03:11:07 INFO     Hit3 : 0.033305
2025-07-10 03:11:07 INFO     Hit10: 0.061059
2025-07-10 03:11:07 INFO     MR   : 1332.336038
2025-07-10 03:11:07 INFO     MRR  : 0.034204
2025-07-10 03:11:07 INFO     >>>>> Predictor: Computing H scores of rules
2025-07-10 03:14:27 INFO     1000 5959
2025-07-10 03:17:46 INFO     2000 5959
2025-07-10 03:21:06 INFO     3000 5959
2025-07-10 03:24:26 INFO     4000 5959
2025-07-10 03:27:46 INFO     5000 5959
2025-07-10 03:31:00 INFO     >>>>> Generator: Training
2025-07-10 03:31:09 INFO     -------------------------
2025-07-10 03:31:09 INFO     | EM Iteration: 3/5
2025-07-10 03:31:09 INFO     -------------------------
2025-07-10 03:31:09 INFO     >>>>> Using Generator's sample rule
2025-07-10 03:31:09 INFO     >>>>> Generator: Rule generation with sampling
2025-07-10 03:31:09 INFO     Predictor: read 1916 rules from list.
2025-07-10 03:31:09 INFO     Preprocess training set
2025-07-10 03:31:09 INFO     >>>>> Predictor: Training
2025-07-10 03:32:17 INFO     1000 5959 8.801476 69332.0
2025-07-10 03:33:24 INFO     2000 5959 8.440751 69349.3
2025-07-10 03:34:32 INFO     3000 5959 8.214335 69184.5
2025-07-10 03:35:39 INFO     4000 5959 8.010395 69253.9
2025-07-10 03:36:46 INFO     5000 5959 7.912868 69332.0
2025-07-10 03:37:51 INFO     >>>>> Predictor: Evaluating on valid
2025-07-10 03:38:07 INFO     Data : 2077
2025-07-10 03:38:07 INFO     Hit1 : 0.013962
2025-07-10 03:38:07 INFO     Hit3 : 0.020703
2025-07-10 03:38:07 INFO     Hit10: 0.033221
2025-07-10 03:38:07 INFO     MR   : 1497.424410
2025-07-10 03:38:07 INFO     MRR  : 0.023734
2025-07-10 03:38:07 INFO     >>>>> Predictor: Evaluating on test
2025-07-10 03:38:26 INFO     Data : 2342
2025-07-10 03:38:26 INFO     Hit1 : 0.013237
2025-07-10 03:38:26 INFO     Hit3 : 0.018360
2025-07-10 03:38:26 INFO     Hit10: 0.028181
2025-07-10 03:38:26 INFO     MR   : 1380.473100
2025-07-10 03:38:26 INFO     MRR  : 0.022296
2025-07-10 03:38:26 INFO     >>>>> Predictor: Computing H scores of rules
2025-07-10 03:41:45 INFO     1000 5959
2025-07-10 03:45:04 INFO     2000 5959
2025-07-10 03:48:23 INFO     3000 5959
2025-07-10 03:51:42 INFO     4000 5959
2025-07-10 03:55:03 INFO     5000 5959
2025-07-10 03:58:16 INFO     >>>>> Generator: Training
2025-07-10 03:58:25 INFO     -------------------------
2025-07-10 03:58:25 INFO     | EM Iteration: 4/5
2025-07-10 03:58:25 INFO     -------------------------
2025-07-10 03:58:25 INFO     >>>>> Using Generator's sample rule
2025-07-10 03:58:25 INFO     >>>>> Generator: Rule generation with sampling
2025-07-10 03:58:25 INFO     Predictor: read 1941 rules from list.
2025-07-10 03:58:25 INFO     Preprocess training set
2025-07-10 03:58:25 INFO     >>>>> Predictor: Training
2025-07-10 03:59:33 INFO     1000 5959 8.788229 69271.3
2025-07-10 04:00:42 INFO     2000 5959 8.409160 69340.6
2025-07-10 04:01:50 INFO     3000 5959 8.146003 69384.0
2025-07-10 04:02:57 INFO     4000 5959 7.965456 69262.6
2025-07-10 04:04:05 INFO     5000 5959 7.809823 69332.0
2025-07-10 04:05:11 INFO     >>>>> Predictor: Evaluating on valid
2025-07-10 04:05:27 INFO     Data : 2077
2025-07-10 04:05:27 INFO     Hit1 : 0.009629
2025-07-10 04:05:27 INFO     Hit3 : 0.022147
2025-07-10 04:05:27 INFO     Hit10: 0.038517
2025-07-10 04:05:27 INFO     MR   : 1480.896485
2025-07-10 04:05:27 INFO     MRR  : 0.023832
2025-07-10 04:05:27 INFO     >>>>> Predictor: Evaluating on test
2025-07-10 04:05:46 INFO     Data : 2342
2025-07-10 04:05:46 INFO     Hit1 : 0.009821
2025-07-10 04:05:46 INFO     Hit3 : 0.018787
2025-07-10 04:05:46 INFO     Hit10: 0.039283
2025-07-10 04:05:46 INFO     MR   : 1372.745517
2025-07-10 04:05:46 INFO     MRR  : 0.022972
2025-07-10 04:05:46 INFO     >>>>> Predictor: Computing H scores of rules
2025-07-10 04:09:05 INFO     1000 5959
2025-07-10 04:12:25 INFO     2000 5959
2025-07-10 04:15:45 INFO     3000 5959
2025-07-10 04:19:05 INFO     4000 5959
2025-07-10 04:22:24 INFO     5000 5959
2025-07-10 04:25:39 INFO     >>>>> Generator: Training
2025-07-10 04:25:48 INFO     -------------------------
2025-07-10 04:25:48 INFO     | EM Iteration: 5/5
2025-07-10 04:25:48 INFO     -------------------------
2025-07-10 04:25:48 INFO     >>>>> Using Generator's sample rule
2025-07-10 04:25:48 INFO     >>>>> Generator: Rule generation with sampling
2025-07-10 04:25:48 INFO     Predictor: read 1964 rules from list.
2025-07-10 04:25:48 INFO     Preprocess training set
2025-07-10 04:25:48 INFO     >>>>> Predictor: Training
2025-07-10 04:26:57 INFO     1000 5959 8.829234 69332.0
2025-07-10 04:28:06 INFO     2000 5959 8.511628 69349.3
2025-07-10 04:29:14 INFO     3000 5959 8.318627 69340.6
2025-07-10 04:30:22 INFO     4000 5959 8.180989 69297.3
2025-07-10 04:31:31 INFO     5000 5959 8.077482 69219.2
2025-07-10 04:32:38 INFO     >>>>> Predictor: Evaluating on valid
2025-07-10 04:32:55 INFO     Data : 2077
2025-07-10 04:32:55 INFO     Hit1 : 0.028406
2025-07-10 04:32:55 INFO     Hit3 : 0.054405
2025-07-10 04:32:55 INFO     Hit10: 0.079923
2025-07-10 04:32:55 INFO     MR   : 1447.493019
2025-07-10 04:32:55 INFO     MRR  : 0.049663
2025-07-10 04:32:55 INFO     >>>>> Predictor: Evaluating on test
2025-07-10 04:33:13 INFO     Data : 2342
2025-07-10 04:33:13 INFO     Hit1 : 0.028181
2025-07-10 04:33:13 INFO     Hit3 : 0.053800
2025-07-10 04:33:13 INFO     Hit10: 0.078992
2025-07-10 04:33:13 INFO     MR   : 1342.234202
2025-07-10 04:33:13 INFO     MRR  : 0.050400
2025-07-10 04:33:13 INFO     >>>>> Predictor: Computing H scores of rules
2025-07-10 04:36:33 INFO     1000 5959
2025-07-10 04:39:53 INFO     2000 5959
2025-07-10 04:43:13 INFO     3000 5959
2025-07-10 04:46:33 INFO     4000 5959
2025-07-10 04:49:53 INFO     5000 5959
2025-07-10 04:53:08 INFO     >>>>> Generator: Training
2025-07-10 04:53:17 INFO     -------------------------
2025-07-10 04:53:17 INFO     | Post-train Generator
2025-07-10 04:53:17 INFO     -------------------------
2025-07-10 04:53:20 INFO     >>>>> Generator: Training
2025-07-10 04:54:57 INFO     [E01000] Total 3.142019 | Main 3.153684 | RelClus 2.122851 | EntType 2.980349
2025-07-10 04:54:57 INFO     -------------------------
2025-07-10 04:54:57 INFO     | Beam Search Best Rules
2025-07-10 04:54:57 INFO     -------------------------
2025-07-10 04:54:57 INFO     >>>>> Generator: Rule generation with beam search
2025-07-10 04:54:58 INFO     >>>>> Generator: Rule generation with beam search
2025-07-10 04:55:04 INFO     >>>>> Generator: Rule generation with beam search
2025-07-10 04:56:24 INFO     >>>>> Generator: Rule generation with beam search
2025-07-10 04:57:29 INFO     >>>>> Generator: Rule generation with beam search
2025-07-10 04:58:14 INFO     -------------------------
2025-07-10 04:58:14 INFO     | Train Final Predictor+
2025-07-10 04:58:14 INFO     -------------------------
2025-07-10 04:58:15 INFO     Predictor+: read 18420 rules from list.
2025-07-10 04:58:15 INFO     Preprocess training set
2025-07-10 04:58:15 INFO     -------------------------
2025-07-10 04:58:15 INFO     | Iteration: 1/5
2025-07-10 04:58:15 INFO     -------------------------
2025-07-10 04:58:15 INFO     >>>>> Predictor: Training
2025-07-10 05:03:21 INFO     1000 5959 4.900919 69271.3
2025-07-10 05:08:28 INFO     2000 5959 4.725821 69332.0
2025-07-10 05:13:32 INFO     3000 5959 4.708073 69375.3
2025-07-10 05:18:37 INFO     4000 5959 4.712336 69279.9
2025-07-10 05:23:43 INFO     5000 5959 4.682370 69349.3
2025-07-10 05:28:38 INFO     >>>>> Predictor: Evaluating on valid
2025-07-10 05:29:52 INFO     Data : 2077
2025-07-10 05:29:52 INFO     Hit1 : 0.105922
2025-07-10 05:29:52 INFO     Hit3 : 0.181030
2025-07-10 05:29:52 INFO     Hit10: 0.317766
2025-07-10 05:29:52 INFO     MR   : 981.917429
2025-07-10 05:29:52 INFO     MRR  : 0.170332
2025-07-10 05:29:52 INFO     >>>>> Predictor: Evaluating on test
2025-07-10 05:31:18 INFO     Data : 2342
2025-07-10 05:31:18 INFO     Hit1 : 0.126388
2025-07-10 05:31:18 INFO     Hit3 : 0.204099
2025-07-10 05:31:18 INFO     Hit10: 0.314688
2025-07-10 05:31:18 INFO     MR   : 918.072801
2025-07-10 05:31:18 INFO     MRR  : 0.187909
2025-07-10 05:31:18 INFO     Save checkpoint to results/semmeddb/10_times_each/cluster_k/5_20250709_232516/predictor.pt
2025-07-10 05:31:18 INFO     -------------------------
2025-07-10 05:31:18 INFO     | Iteration: 2/5
2025-07-10 05:31:18 INFO     -------------------------
2025-07-10 05:31:18 INFO     >>>>> Predictor: Training
2025-07-10 05:36:26 INFO     1000 5959 4.602224 69366.7
2025-07-10 05:41:37 INFO     2000 5959 4.653151 69375.3
2025-07-10 05:46:43 INFO     3000 5959 4.637573 69219.2
2025-07-10 05:51:49 INFO     4000 5959 4.652926 69305.9
2025-07-10 05:56:56 INFO     5000 5959 4.613836 69288.6
2025-07-10 06:01:53 INFO     >>>>> Predictor: Evaluating on valid
2025-07-10 06:03:09 INFO     Data : 2077
2025-07-10 06:03:09 INFO     Hit1 : 0.093404
2025-07-10 06:03:09 INFO     Hit3 : 0.181030
2025-07-10 06:03:09 INFO     Hit10: 0.313914
2025-07-10 06:03:09 INFO     MR   : 946.235195
2025-07-10 06:03:09 INFO     MRR  : 0.163580
2025-07-10 06:03:09 INFO     >>>>> Predictor: Evaluating on test
2025-07-10 06:04:34 INFO     Data : 2342
2025-07-10 06:04:34 INFO     Hit1 : 0.127242
2025-07-10 06:04:34 INFO     Hit3 : 0.204526
2025-07-10 06:04:34 INFO     Hit10: 0.319385
2025-07-10 06:04:34 INFO     MR   : 881.814261
2025-07-10 06:04:34 INFO     MRR  : 0.190431
2025-07-10 06:04:34 INFO     -------------------------
2025-07-10 06:04:34 INFO     | Iteration: 3/5
2025-07-10 06:04:34 INFO     -------------------------
2025-07-10 06:04:34 INFO     >>>>> Predictor: Training
2025-07-10 06:09:42 INFO     1000 5959 4.615224 69288.6
2025-07-10 06:14:49 INFO     2000 5959 4.616621 69288.6
2025-07-10 06:19:57 INFO     3000 5959 4.605767 69340.6
2025-07-10 06:25:03 INFO     4000 5959 4.610642 69271.3
2025-07-10 06:30:09 INFO     5000 5959 4.636588 69219.2
2025-07-10 06:35:04 INFO     >>>>> Predictor: Evaluating on valid
2025-07-10 06:36:20 INFO     Data : 2077
2025-07-10 06:36:20 INFO     Hit1 : 0.082812
2025-07-10 06:36:20 INFO     Hit3 : 0.172845
2025-07-10 06:36:20 INFO     Hit10: 0.299952
2025-07-10 06:36:20 INFO     MR   : 934.877227
2025-07-10 06:36:20 INFO     MRR  : 0.154744
2025-07-10 06:36:20 INFO     >>>>> Predictor: Evaluating on test
2025-07-10 06:37:47 INFO     Data : 2342
2025-07-10 06:37:47 INFO     Hit1 : 0.114005
2025-07-10 06:37:47 INFO     Hit3 : 0.197267
2025-07-10 06:37:47 INFO     Hit10: 0.315115
2025-07-10 06:37:47 INFO     MR   : 865.027754
2025-07-10 06:37:47 INFO     MRR  : 0.178910
2025-07-10 06:37:47 INFO     -------------------------
2025-07-10 06:37:47 INFO     | Iteration: 4/5
2025-07-10 06:37:47 INFO     -------------------------
2025-07-10 06:37:47 INFO     >>>>> Predictor: Training
2025-07-10 06:42:55 INFO     1000 5959 4.591513 69340.6
2025-07-10 06:48:01 INFO     2000 5959 4.561720 69184.5
2025-07-10 06:53:08 INFO     3000 5959 4.626432 69253.9
2025-07-10 06:58:14 INFO     4000 5959 4.602497 69340.6
2025-07-10 07:03:22 INFO     5000 5959 4.596786 69384.0
2025-07-10 07:08:14 INFO     >>>>> Predictor: Evaluating on valid
2025-07-10 07:09:29 INFO     Data : 2077
2025-07-10 07:09:29 INFO     Hit1 : 0.096774
2025-07-10 07:09:29 INFO     Hit3 : 0.181030
2025-07-10 07:09:29 INFO     Hit10: 0.309100
2025-07-10 07:09:29 INFO     MR   : 929.759509
2025-07-10 07:09:29 INFO     MRR  : 0.166152
2025-07-10 07:09:29 INFO     >>>>> Predictor: Evaluating on test
2025-07-10 07:10:54 INFO     Data : 2342
2025-07-10 07:10:54 INFO     Hit1 : 0.128950
2025-07-10 07:10:54 INFO     Hit3 : 0.208796
2025-07-10 07:10:54 INFO     Hit10: 0.326644
2025-07-10 07:10:54 INFO     MR   : 861.266866
2025-07-10 07:10:54 INFO     MRR  : 0.192032
2025-07-10 07:10:54 INFO     -------------------------
2025-07-10 07:10:54 INFO     | Iteration: 5/5
2025-07-10 07:10:54 INFO     -------------------------
2025-07-10 07:10:54 INFO     >>>>> Predictor: Training
2025-07-10 07:15:59 INFO     1000 5959 4.604086 69323.3
2025-07-10 07:21:06 INFO     2000 5959 4.581064 69332.0
2025-07-10 07:26:10 INFO     3000 5959 4.614670 69219.2
2025-07-10 07:31:14 INFO     4000 5959 4.609759 69297.3
2025-07-10 07:36:19 INFO     5000 5959 4.574430 69332.0
2025-07-10 07:41:13 INFO     >>>>> Predictor: Evaluating on valid
2025-07-10 07:42:28 INFO     Data : 2077
2025-07-10 07:42:28 INFO     Hit1 : 0.092922
2025-07-10 07:42:28 INFO     Hit3 : 0.172364
2025-07-10 07:42:28 INFO     Hit10: 0.314877
2025-07-10 07:42:28 INFO     MR   : 921.924651
2025-07-10 07:42:28 INFO     MRR  : 0.162250
2025-07-10 07:42:28 INFO     >>>>> Predictor: Evaluating on test
2025-07-10 07:43:53 INFO     Data : 2342
2025-07-10 07:43:53 INFO     Hit1 : 0.128950
2025-07-10 07:43:53 INFO     Hit3 : 0.211785
2025-07-10 07:43:53 INFO     Hit10: 0.326644
2025-07-10 07:43:53 INFO     MR   : 853.080487
2025-07-10 07:43:53 INFO     MRR  : 0.192408
2025-07-10 07:43:53 INFO     -------------------------
2025-07-10 07:43:53 INFO     | Final Test MRR: 0.187909
2025-07-10 07:43:53 INFO     -------------------------
