2025-05-21 08:13:39 INFO     -------------------------
2025-05-21 08:13:39 INFO     | Pre-train Generator
2025-05-21 08:13:39 INFO     -------------------------
2025-05-21 08:13:39 INFO     >>>>> Generator: Training
2025-05-21 08:13:44 INFO     [E1000] Total: 1.503523 | Main: 1.652275 | Aux: 0.908515
2025-05-21 08:13:48 INFO     [E2000] Total: 1.433595 | Main: 1.568880 | Aux: 0.892456
2025-05-21 08:13:52 INFO     [E3000] Total: 1.425658 | Main: 1.559502 | Aux: 0.890281
2025-05-21 08:13:56 INFO     [E4000] Total: 1.419816 | Main: 1.552565 | Aux: 0.888820
2025-05-21 08:14:00 INFO     [E5000] Total: 1.416039 | Main: 1.548035 | Aux: 0.888054
2025-05-21 08:14:04 INFO     [E6000] Total: 1.414140 | Main: 1.545843 | Aux: 0.887332
2025-05-21 08:14:08 INFO     [E7000] Total: 1.413128 | Main: 1.544657 | Aux: 0.887012
2025-05-21 08:14:12 INFO     [E8000] Total: 1.412605 | Main: 1.544132 | Aux: 0.886498
2025-05-21 08:14:16 INFO     [E9000] Total: 1.409840 | Main: 1.540809 | Aux: 0.885966
2025-05-21 08:14:20 INFO     [E10000] Total: 1.409713 | Main: 1.540678 | Aux: 0.885855
2025-05-21 08:14:20 INFO     -------------------------
2025-05-21 08:14:20 INFO     | EM Iteration: 1/5
2025-05-21 08:14:20 INFO     -------------------------
2025-05-21 08:14:20 INFO     >>>>> Generator: Rule generation with sampling
2025-05-21 08:14:20 INFO     Predictor: read 1358 rules from list.
2025-05-21 08:14:20 INFO     Preprocess training set
2025-05-21 08:14:20 INFO     >>>>> Predictor: Training
2025-05-21 08:14:58 INFO     1000 12313 8.241125 69358.0
2025-05-21 08:15:36 INFO     2000 12313 7.812837 69332.0
2025-05-21 08:16:14 INFO     3000 12313 7.588190 69384.0
2025-05-21 08:16:53 INFO     4000 12313 7.467514 69279.9
2025-05-21 08:17:31 INFO     5000 12313 7.359953 69332.0
2025-05-21 08:18:08 INFO     6000 12313 7.277963 69384.0
2025-05-21 08:18:46 INFO     7000 12313 7.195229 69297.3
2025-05-21 08:19:24 INFO     8000 12313 7.179894 69323.3
2025-05-21 08:20:02 INFO     9000 12313 7.112106 69358.0
2025-05-21 08:20:39 INFO     10000 12313 7.094481 69332.0
2025-05-21 08:21:16 INFO     11000 12313 7.062553 69366.7
2025-05-21 08:21:54 INFO     12000 12313 7.034613 69279.9
2025-05-21 08:22:06 INFO     >>>>> Predictor: Evaluating on valid
2025-05-21 08:22:21 INFO     Data : 3823
2025-05-21 08:22:21 INFO     Hit1 : 0.026419
2025-05-21 08:22:21 INFO     Hit3 : 0.059901
2025-05-21 08:22:21 INFO     Hit10: 0.113000
2025-05-21 08:22:21 INFO     MR   : 1178.896940
2025-05-21 08:22:21 INFO     MRR  : 0.056513
2025-05-21 08:22:21 INFO     >>>>> Predictor: Evaluating on test
2025-05-21 08:22:39 INFO     Data : 4402
2025-05-21 08:22:39 INFO     Hit1 : 0.034530
2025-05-21 08:22:39 INFO     Hit3 : 0.066561
2025-05-21 08:22:39 INFO     Hit10: 0.111313
2025-05-21 08:22:39 INFO     MR   : 1174.432758
2025-05-21 08:22:39 INFO     MRR  : 0.062308
2025-05-21 08:22:39 INFO     >>>>> Predictor: Computing H scores of rules
2025-05-21 08:23:18 INFO     1000 12313
2025-05-21 08:23:58 INFO     2000 12313
2025-05-21 08:24:37 INFO     3000 12313
2025-05-21 08:25:17 INFO     4000 12313
2025-05-21 08:25:57 INFO     5000 12313
2025-05-21 08:26:37 INFO     6000 12313
2025-05-21 08:27:17 INFO     7000 12313
2025-05-21 08:27:57 INFO     8000 12313
2025-05-21 08:28:38 INFO     9000 12313
2025-05-21 08:29:17 INFO     10000 12313
2025-05-21 08:29:57 INFO     11000 12313
2025-05-21 08:30:37 INFO     12000 12313
2025-05-21 08:30:50 INFO     >>>>> Generator: Training
2025-05-21 08:30:51 INFO     -------------------------
2025-05-21 08:30:51 INFO     | EM Iteration: 2/5
2025-05-21 08:30:51 INFO     -------------------------
2025-05-21 08:30:51 INFO     >>>>> Generator: Rule generation with sampling
2025-05-21 08:30:51 INFO     Predictor: read 1410 rules from list.
2025-05-21 08:30:51 INFO     Preprocess training set
2025-05-21 08:30:51 INFO     >>>>> Predictor: Training
2025-05-21 08:31:32 INFO     1000 12313 8.247605 69366.7
2025-05-21 08:32:14 INFO     2000 12313 7.766028 69279.9
2025-05-21 08:32:56 INFO     3000 12313 7.599318 69253.9
2025-05-21 08:33:38 INFO     4000 12313 7.452214 69340.6
2025-05-21 08:34:19 INFO     5000 12313 7.378358 69366.7
2025-05-21 08:35:01 INFO     6000 12313 7.292090 69358.0
2025-05-21 08:35:42 INFO     7000 12313 7.248974 69366.7
2025-05-21 08:36:24 INFO     8000 12313 7.235127 69384.0
2025-05-21 08:37:05 INFO     9000 12313 7.193500 69262.6
2025-05-21 08:37:47 INFO     10000 12313 7.167509 69323.3
2025-05-21 08:38:28 INFO     11000 12313 7.138623 69366.7
2025-05-21 08:39:09 INFO     12000 12313 7.129617 69332.0
2025-05-21 08:39:22 INFO     >>>>> Predictor: Evaluating on valid
2025-05-21 08:39:38 INFO     Data : 3823
2025-05-21 08:39:38 INFO     Hit1 : 0.031127
2025-05-21 08:39:38 INFO     Hit3 : 0.057285
2025-05-21 08:39:38 INFO     Hit10: 0.110908
2025-05-21 08:39:38 INFO     MR   : 1154.303165
2025-05-21 08:39:38 INFO     MRR  : 0.059300
2025-05-21 08:39:38 INFO     >>>>> Predictor: Evaluating on test
2025-05-21 08:39:57 INFO     Data : 4402
2025-05-21 08:39:57 INFO     Hit1 : 0.038164
2025-05-21 08:39:57 INFO     Hit3 : 0.065652
2025-05-21 08:39:57 INFO     Hit10: 0.112449
2025-05-21 08:39:57 INFO     MR   : 1142.718196
2025-05-21 08:39:57 INFO     MRR  : 0.065172
2025-05-21 08:39:57 INFO     >>>>> Predictor: Computing H scores of rules
2025-05-21 08:40:40 INFO     1000 12313
2025-05-21 08:41:24 INFO     2000 12313
2025-05-21 08:42:08 INFO     3000 12313
2025-05-21 08:42:52 INFO     4000 12313
2025-05-21 08:43:35 INFO     5000 12313
2025-05-21 08:44:18 INFO     6000 12313
2025-05-21 08:45:01 INFO     7000 12313
2025-05-21 08:45:44 INFO     8000 12313
2025-05-21 08:46:27 INFO     9000 12313
2025-05-21 08:47:10 INFO     10000 12313
2025-05-21 08:47:54 INFO     11000 12313
2025-05-21 08:48:38 INFO     12000 12313
2025-05-21 08:48:51 INFO     >>>>> Generator: Training
2025-05-21 08:48:52 INFO     -------------------------
2025-05-21 08:48:52 INFO     | EM Iteration: 3/5
2025-05-21 08:48:52 INFO     -------------------------
2025-05-21 08:48:52 INFO     >>>>> Generator: Rule generation with sampling
2025-05-21 08:48:52 INFO     Predictor: read 1490 rules from list.
2025-05-21 08:48:52 INFO     Preprocess training set
2025-05-21 08:48:52 INFO     >>>>> Predictor: Training
2025-05-21 08:49:34 INFO     1000 12313 8.198827 69384.0
2025-05-21 08:50:16 INFO     2000 12313 7.719856 69384.0
2025-05-21 08:50:58 INFO     3000 12313 7.458051 69253.9
2025-05-21 08:51:40 INFO     4000 12313 7.318318 69323.3
2025-05-21 08:52:22 INFO     5000 12313 7.198963 69384.0
2025-05-21 08:53:03 INFO     6000 12313 7.075722 69323.3
2025-05-21 08:53:45 INFO     7000 12313 6.995768 69366.7
2025-05-21 08:54:26 INFO     8000 12313 6.925965 69332.0
2025-05-21 08:55:07 INFO     9000 12313 6.829168 69384.0
2025-05-21 08:55:48 INFO     10000 12313 6.824371 69227.9
2025-05-21 08:56:28 INFO     11000 12313 6.770227 69340.6
2025-05-21 08:57:09 INFO     12000 12313 6.738221 69297.3
2025-05-21 08:57:22 INFO     >>>>> Predictor: Evaluating on valid
2025-05-21 08:57:38 INFO     Data : 3823
2025-05-21 08:57:38 INFO     Hit1 : 0.028773
2025-05-21 08:57:38 INFO     Hit3 : 0.059116
2025-05-21 08:57:38 INFO     Hit10: 0.111954
2025-05-21 08:57:38 INFO     MR   : 1152.459587
2025-05-21 08:57:38 INFO     MRR  : 0.058439
2025-05-21 08:57:38 INFO     >>>>> Predictor: Evaluating on test
2025-05-21 08:57:57 INFO     Data : 4402
2025-05-21 08:57:57 INFO     Hit1 : 0.034757
2025-05-21 08:57:57 INFO     Hit3 : 0.066788
2025-05-21 08:57:57 INFO     Hit10: 0.119718
2025-05-21 08:57:57 INFO     MR   : 1133.516015
2025-05-21 08:57:57 INFO     MRR  : 0.064641
2025-05-21 08:57:57 INFO     >>>>> Predictor: Computing H scores of rules
2025-05-21 08:58:39 INFO     1000 12313
2025-05-21 08:59:22 INFO     2000 12313
2025-05-21 09:00:05 INFO     3000 12313
2025-05-21 09:00:49 INFO     4000 12313
2025-05-21 09:01:33 INFO     5000 12313
2025-05-21 09:02:17 INFO     6000 12313
2025-05-21 09:03:01 INFO     7000 12313
2025-05-21 09:03:45 INFO     8000 12313
2025-05-21 09:04:29 INFO     9000 12313
2025-05-21 09:05:13 INFO     10000 12313
2025-05-21 09:05:57 INFO     11000 12313
2025-05-21 09:06:41 INFO     12000 12313
2025-05-21 09:06:55 INFO     >>>>> Generator: Training
2025-05-21 09:06:55 INFO     -------------------------
2025-05-21 09:06:55 INFO     | EM Iteration: 4/5
2025-05-21 09:06:55 INFO     -------------------------
2025-05-21 09:06:55 INFO     >>>>> Generator: Rule generation with sampling
2025-05-21 09:06:55 INFO     Predictor: read 1520 rules from list.
2025-05-21 09:06:55 INFO     Preprocess training set
2025-05-21 09:06:55 INFO     >>>>> Predictor: Training
2025-05-21 09:07:38 INFO     1000 12313 8.241666 69314.6
2025-05-21 09:08:20 INFO     2000 12313 7.769669 69279.9
2025-05-21 09:09:02 INFO     3000 12313 7.520514 69366.7
2025-05-21 09:09:44 INFO     4000 12313 7.420748 69366.7
2025-05-21 09:10:26 INFO     5000 12313 7.329115 69288.6
2025-05-21 09:11:08 INFO     6000 12313 7.236594 69340.6
2025-05-21 09:11:49 INFO     7000 12313 7.141710 69384.0
2025-05-21 09:12:30 INFO     8000 12313 7.084238 69340.6
2025-05-21 09:13:12 INFO     9000 12313 7.095591 69384.0
2025-05-21 09:13:53 INFO     10000 12313 7.025490 69288.6
2025-05-21 09:14:35 INFO     11000 12313 7.018054 69262.6
2025-05-21 09:15:18 INFO     12000 12313 6.983512 69384.0
2025-05-21 09:15:31 INFO     >>>>> Predictor: Evaluating on valid
2025-05-21 09:15:49 INFO     Data : 3823
2025-05-21 09:15:49 INFO     Hit1 : 0.035051
2025-05-21 09:15:49 INFO     Hit3 : 0.076903
2025-05-21 09:15:49 INFO     Hit10: 0.138635
2025-05-21 09:15:49 INFO     MR   : 1105.602145
2025-05-21 09:15:49 INFO     MRR  : 0.071140
2025-05-21 09:15:49 INFO     >>>>> Predictor: Evaluating on test
2025-05-21 09:16:09 INFO     Data : 4402
2025-05-21 09:16:09 INFO     Hit1 : 0.046343
2025-05-21 09:16:09 INFO     Hit3 : 0.089050
2025-05-21 09:16:09 INFO     Hit10: 0.151749
2025-05-21 09:16:09 INFO     MR   : 1104.115175
2025-05-21 09:16:09 INFO     MRR  : 0.082611
2025-05-21 09:16:09 INFO     >>>>> Predictor: Computing H scores of rules
2025-05-21 09:16:53 INFO     1000 12313
2025-05-21 09:17:37 INFO     2000 12313
2025-05-21 09:18:21 INFO     3000 12313
2025-05-21 09:19:04 INFO     4000 12313
2025-05-21 09:19:48 INFO     5000 12313
2025-05-21 09:20:33 INFO     6000 12313
2025-05-21 09:21:18 INFO     7000 12313
2025-05-21 09:22:02 INFO     8000 12313
2025-05-21 09:22:47 INFO     9000 12313
2025-05-21 09:23:31 INFO     10000 12313
2025-05-21 09:24:15 INFO     11000 12313
2025-05-21 09:24:58 INFO     12000 12313
2025-05-21 09:25:12 INFO     >>>>> Generator: Training
2025-05-21 09:25:12 INFO     -------------------------
2025-05-21 09:25:12 INFO     | EM Iteration: 5/5
2025-05-21 09:25:12 INFO     -------------------------
2025-05-21 09:25:12 INFO     >>>>> Generator: Rule generation with sampling
2025-05-21 09:25:12 INFO     Predictor: read 1611 rules from list.
2025-05-21 09:25:12 INFO     Preprocess training set
2025-05-21 09:25:12 INFO     >>>>> Predictor: Training
2025-05-21 09:25:54 INFO     1000 12313 8.254673 69340.6
2025-05-21 09:26:38 INFO     2000 12313 7.811506 69288.6
2025-05-21 09:27:21 INFO     3000 12313 7.609067 69366.7
2025-05-21 09:28:05 INFO     4000 12313 7.497640 69305.9
2025-05-21 09:28:48 INFO     5000 12313 7.380901 69323.3
2025-05-21 09:29:32 INFO     6000 12313 7.329968 69384.0
2025-05-21 09:30:15 INFO     7000 12313 7.284625 69279.9
2025-05-21 09:30:58 INFO     8000 12313 7.213024 69384.0
2025-05-21 09:31:41 INFO     9000 12313 7.217413 69366.7
2025-05-21 09:32:23 INFO     10000 12313 7.173760 69297.3
2025-05-21 09:33:05 INFO     11000 12313 7.139484 69279.9
2025-05-21 09:33:48 INFO     12000 12313 7.144875 69384.0
2025-05-21 09:34:01 INFO     >>>>> Predictor: Evaluating on valid
2025-05-21 09:34:19 INFO     Data : 3823
2025-05-21 09:34:19 INFO     Hit1 : 0.026681
2025-05-21 09:34:19 INFO     Hit3 : 0.053623
2025-05-21 09:34:19 INFO     Hit10: 0.103322
2025-05-21 09:34:19 INFO     MR   : 1202.221815
2025-05-21 09:34:19 INFO     MRR  : 0.054208
2025-05-21 09:34:19 INFO     >>>>> Predictor: Evaluating on test
2025-05-21 09:34:39 INFO     Data : 4402
2025-05-21 09:34:39 INFO     Hit1 : 0.031349
2025-05-21 09:34:39 INFO     Hit3 : 0.057701
2025-05-21 09:34:39 INFO     Hit10: 0.105861
2025-05-21 09:34:39 INFO     MR   : 1180.894025
2025-05-21 09:34:39 INFO     MRR  : 0.057761
2025-05-21 09:34:39 INFO     >>>>> Predictor: Computing H scores of rules
2025-05-21 09:35:24 INFO     1000 12313
2025-05-21 09:36:09 INFO     2000 12313
2025-05-21 09:36:53 INFO     3000 12313
2025-05-21 09:37:37 INFO     4000 12313
2025-05-21 09:38:22 INFO     5000 12313
2025-05-21 09:39:06 INFO     6000 12313
2025-05-21 09:39:50 INFO     7000 12313
2025-05-21 09:40:35 INFO     8000 12313
2025-05-21 09:41:19 INFO     9000 12313
2025-05-21 09:42:04 INFO     10000 12313
2025-05-21 09:42:48 INFO     11000 12313
2025-05-21 09:43:32 INFO     12000 12313
2025-05-21 09:43:46 INFO     >>>>> Generator: Training
2025-05-21 09:43:47 INFO     -------------------------
2025-05-21 09:43:47 INFO     | Post-train Generator
2025-05-21 09:43:47 INFO     -------------------------
2025-05-21 09:43:47 INFO     >>>>> Generator: Training
2025-05-21 09:43:50 INFO     [E1000] Total: 1.574717 | Main: 1.749265 | Aux: 0.876523
2025-05-21 09:43:50 INFO     -------------------------
2025-05-21 09:43:50 INFO     | Beam Search Best Rules
2025-05-21 09:43:50 INFO     -------------------------
2025-05-21 09:43:50 INFO     >>>>> Generator: Rule generation with beam search
2025-05-21 09:43:51 INFO     >>>>> Generator: Rule generation with beam search
2025-05-21 09:43:52 INFO     >>>>> Generator: Rule generation with beam search
2025-05-21 09:44:00 INFO     >>>>> Generator: Rule generation with beam search
2025-05-21 09:44:05 INFO     >>>>> Generator: Rule generation with beam search
2025-05-21 09:44:09 INFO     -------------------------
2025-05-21 09:44:09 INFO     | Train Final Predictor+
2025-05-21 09:44:09 INFO     -------------------------
2025-05-21 09:44:09 INFO     Predictor+: read 18420 rules from list.
2025-05-21 09:44:09 INFO     Preprocess training set
2025-05-21 09:44:09 INFO     -------------------------
2025-05-21 09:44:09 INFO     | Iteration: 1/5
2025-05-21 09:44:09 INFO     -------------------------
2025-05-21 09:44:09 INFO     >>>>> Predictor: Training
2025-05-21 09:50:22 INFO     1000 12313 4.697486 69314.6
2025-05-21 09:56:36 INFO     2000 12313 4.492972 69366.7
2025-05-21 10:02:51 INFO     3000 12313 4.449891 69279.9
2025-05-21 10:09:07 INFO     4000 12313 4.445515 69340.6
2025-05-21 10:15:22 INFO     5000 12313 4.483929 69236.6
2025-05-21 10:21:37 INFO     6000 12313 4.445915 69366.7
2025-05-21 10:27:57 INFO     7000 12313 4.423560 69323.3
2025-05-21 10:34:18 INFO     8000 12313 4.463046 69349.3
2025-05-21 10:40:39 INFO     9000 12313 4.425332 69384.0
2025-05-21 10:46:59 INFO     10000 12313 4.418672 69384.0
2025-05-21 10:53:19 INFO     11000 12313 4.443501 69288.6
2025-05-21 10:59:39 INFO     12000 12313 4.448000 69366.7
2025-05-21 11:01:38 INFO     >>>>> Predictor: Evaluating on valid
2025-05-21 11:04:23 INFO     Data : 3823
2025-05-21 11:04:23 INFO     Hit1 : 0.076380
2025-05-21 11:04:23 INFO     Hit3 : 0.155114
2025-05-21 11:04:23 INFO     Hit10: 0.295579
2025-05-21 11:04:23 INFO     MR   : 613.412765
2025-05-21 11:04:23 INFO     MRR  : 0.146361
2025-05-21 11:04:23 INFO     >>>>> Predictor: Evaluating on test
2025-05-21 11:07:32 INFO     Data : 4402
2025-05-21 11:07:32 INFO     Hit1 : 0.108360
2025-05-21 11:07:32 INFO     Hit3 : 0.194230
2025-05-21 11:07:32 INFO     Hit10: 0.325307
2025-05-21 11:07:32 INFO     MR   : 593.690709
2025-05-21 11:07:32 INFO     MRR  : 0.178953
2025-05-21 11:07:32 INFO     Save checkpoint to results/semmeddb/multitask/full/fixed/predictor.pt
2025-05-21 11:07:32 INFO     -------------------------
2025-05-21 11:07:32 INFO     | Iteration: 2/5
2025-05-21 11:07:32 INFO     -------------------------
2025-05-21 11:07:32 INFO     >>>>> Predictor: Training
2025-05-21 11:13:52 INFO     1000 12313 4.387554 69384.0
2025-05-21 11:20:13 INFO     2000 12313 4.383577 69384.0
2025-05-21 11:26:34 INFO     3000 12313 4.391504 69340.6
2025-05-21 11:32:54 INFO     4000 12313 4.397318 69305.9
2025-05-21 11:39:15 INFO     5000 12313 4.406491 69340.6
2025-05-21 11:45:36 INFO     6000 12313 4.410591 69297.3
2025-05-21 11:51:57 INFO     7000 12313 4.395865 69323.3
2025-05-21 11:58:18 INFO     8000 12313 4.415237 69366.7
2025-05-21 12:04:39 INFO     9000 12313 4.391059 69297.3
2025-05-21 12:11:03 INFO     10000 12313 4.406872 69366.7
2025-05-21 12:17:24 INFO     11000 12313 4.413465 69314.6
2025-05-21 12:23:45 INFO     12000 12313 4.420111 69279.9
2025-05-21 12:25:44 INFO     >>>>> Predictor: Evaluating on valid
2025-05-21 12:28:28 INFO     Data : 3823
2025-05-21 12:28:28 INFO     Hit1 : 0.076380
2025-05-21 12:28:28 INFO     Hit3 : 0.157206
2025-05-21 12:28:28 INFO     Hit10: 0.299241
2025-05-21 12:28:28 INFO     MR   : 603.201151
2025-05-21 12:28:28 INFO     MRR  : 0.147199
2025-05-21 12:28:28 INFO     >>>>> Predictor: Evaluating on test
2025-05-21 12:31:38 INFO     Data : 4402
2025-05-21 12:31:38 INFO     Hit1 : 0.104498
2025-05-21 12:31:38 INFO     Hit3 : 0.196274
2025-05-21 12:31:38 INFO     Hit10: 0.327124
2025-05-21 12:31:38 INFO     MR   : 577.343253
2025-05-21 12:31:38 INFO     MRR  : 0.177977
2025-05-21 12:31:38 INFO     Save checkpoint to results/semmeddb/multitask/full/fixed/predictor.pt
2025-05-21 12:31:38 INFO     -------------------------
2025-05-21 12:31:38 INFO     | Iteration: 3/5
2025-05-21 12:31:38 INFO     -------------------------
2025-05-21 12:31:38 INFO     >>>>> Predictor: Training
2025-05-21 12:38:01 INFO     1000 12313 4.388569 69262.6
2025-05-21 12:44:22 INFO     2000 12313 4.367934 69384.0
2025-05-21 12:50:42 INFO     3000 12313 4.350349 69262.6
2025-05-21 12:57:04 INFO     4000 12313 4.396539 69323.3
2025-05-21 13:03:25 INFO     5000 12313 4.361699 69366.7
2025-05-21 13:09:46 INFO     6000 12313 4.383517 69323.3
2025-05-21 13:16:07 INFO     7000 12313 4.389844 69366.7
2025-05-21 13:22:29 INFO     8000 12313 4.402628 69384.0
2025-05-21 13:28:50 INFO     9000 12313 4.379978 69349.3
2025-05-21 13:35:11 INFO     10000 12313 4.402653 69314.6
2025-05-21 13:41:32 INFO     11000 12313 4.366089 69349.3
2025-05-21 13:47:54 INFO     12000 12313 4.399215 69314.6
2025-05-21 13:49:53 INFO     >>>>> Predictor: Evaluating on valid
2025-05-21 13:52:38 INFO     Data : 3823
2025-05-21 13:52:38 INFO     Hit1 : 0.077165
2025-05-21 13:52:38 INFO     Hit3 : 0.158514
2025-05-21 13:52:38 INFO     Hit10: 0.299503
2025-05-21 13:52:38 INFO     MR   : 596.914465
2025-05-21 13:52:38 INFO     MRR  : 0.148061
2025-05-21 13:52:38 INFO     >>>>> Predictor: Evaluating on test
2025-05-21 13:55:47 INFO     Data : 4402
2025-05-21 13:55:47 INFO     Hit1 : 0.103135
2025-05-21 13:55:47 INFO     Hit3 : 0.193548
2025-05-21 13:55:47 INFO     Hit10: 0.321218
2025-05-21 13:55:47 INFO     MR   : 563.471717
2025-05-21 13:55:47 INFO     MRR  : 0.176747
2025-05-21 13:55:47 INFO     Save checkpoint to results/semmeddb/multitask/full/fixed/predictor.pt
2025-05-21 13:55:47 INFO     -------------------------
2025-05-21 13:55:47 INFO     | Iteration: 4/5
2025-05-21 13:55:47 INFO     -------------------------
2025-05-21 13:55:47 INFO     >>>>> Predictor: Training
2025-05-21 14:02:09 INFO     1000 12313 4.338025 69384.0
2025-05-21 14:08:30 INFO     2000 12313 4.360015 69340.6
2025-05-21 14:14:52 INFO     3000 12313 4.365352 69384.0
2025-05-21 14:21:14 INFO     4000 12313 4.397689 69253.9
2025-05-21 14:27:37 INFO     5000 12313 4.381266 69262.6
2025-05-21 14:34:00 INFO     6000 12313 4.395408 69340.6
2025-05-21 14:40:23 INFO     7000 12313 4.374546 69314.6
2025-05-21 14:46:45 INFO     8000 12313 4.356067 69323.3
2025-05-21 14:53:08 INFO     9000 12313 4.385112 69366.7
2025-05-21 14:59:29 INFO     10000 12313 4.358994 69349.3
2025-05-21 15:05:50 INFO     11000 12313 4.369806 69366.7
2025-05-21 15:12:12 INFO     12000 12313 4.383397 69366.7
2025-05-21 15:14:11 INFO     >>>>> Predictor: Evaluating on valid
2025-05-21 15:16:56 INFO     Data : 3823
2025-05-21 15:16:56 INFO     Hit1 : 0.076380
2025-05-21 15:16:56 INFO     Hit3 : 0.158776
2025-05-21 15:16:56 INFO     Hit10: 0.302380
2025-05-21 15:16:56 INFO     MR   : 591.422835
2025-05-21 15:16:56 INFO     MRR  : 0.148280
2025-05-21 15:16:56 INFO     >>>>> Predictor: Evaluating on test
2025-05-21 15:20:06 INFO     Data : 4402
2025-05-21 15:20:06 INFO     Hit1 : 0.105634
2025-05-21 15:20:06 INFO     Hit3 : 0.191277
2025-05-21 15:20:06 INFO     Hit10: 0.324625
2025-05-21 15:20:06 INFO     MR   : 559.382440
2025-05-21 15:20:06 INFO     MRR  : 0.177379
2025-05-21 15:20:06 INFO     Save checkpoint to results/semmeddb/multitask/full/fixed/predictor.pt
2025-05-21 15:20:06 INFO     -------------------------
2025-05-21 15:20:06 INFO     | Iteration: 5/5
2025-05-21 15:20:06 INFO     -------------------------
2025-05-21 15:20:06 INFO     >>>>> Predictor: Training
2025-05-21 15:26:30 INFO     1000 12313 4.337298 69323.3
2025-05-21 15:32:55 INFO     2000 12313 4.364244 69384.0
2025-05-21 15:39:18 INFO     3000 12313 4.358308 69245.2
2025-05-21 15:45:39 INFO     4000 12313 4.339717 69384.0
2025-05-21 15:51:58 INFO     5000 12313 4.385165 69366.7
2025-05-21 15:58:31 INFO     6000 12313 4.359286 69323.3
2025-05-21 16:05:04 INFO     7000 12313 4.379703 69384.0
2025-05-21 16:11:37 INFO     8000 12313 4.391188 69297.3
2025-05-21 16:17:59 INFO     9000 12313 4.367842 69384.0
2025-05-21 16:24:20 INFO     10000 12313 4.366711 69271.3
2025-05-21 16:30:43 INFO     11000 12313 4.364021 69340.6
2025-05-21 16:37:08 INFO     12000 12313 4.346774 69297.3
2025-05-21 16:39:13 INFO     >>>>> Predictor: Evaluating on valid
2025-05-21 16:42:02 INFO     Data : 3823
2025-05-21 16:42:02 INFO     Hit1 : 0.078211
2025-05-21 16:42:02 INFO     Hit3 : 0.160607
2025-05-21 16:42:02 INFO     Hit10: 0.295579
2025-05-21 16:42:02 INFO     MR   : 581.708867
2025-05-21 16:42:02 INFO     MRR  : 0.149212
2025-05-21 16:42:02 INFO     >>>>> Predictor: Evaluating on test
2025-05-21 16:45:16 INFO     Data : 4402
2025-05-21 16:45:16 INFO     Hit1 : 0.104498
2025-05-21 16:45:16 INFO     Hit3 : 0.191504
2025-05-21 16:45:16 INFO     Hit10: 0.322353
2025-05-21 16:45:16 INFO     MR   : 557.696388
2025-05-21 16:45:16 INFO     MRR  : 0.175923
2025-05-21 16:45:16 INFO     Save checkpoint to results/semmeddb/multitask/full/fixed/predictor.pt
2025-05-21 16:45:16 INFO     -------------------------
2025-05-21 16:45:16 INFO     | Final Test MRR: 0.175923
2025-05-21 16:45:16 INFO     -------------------------
