2025-04-20 17:01:59 INFO     Predictor: read 433 rules from list.
2025-04-20 17:08:00 INFO     Predictor: read 456 rules from list.
2025-04-20 17:14:13 INFO     Predictor+: read 3586 rules from list.
rator: Training
2025-04-20 17:01:21 INFO     1000 10000 1.491443
2025-04-20 17:01:25 INFO     2000 10000 1.364137
2025-04-20 17:01:30 INFO     3000 10000 1.336327
2025-04-20 17:01:34 INFO     4000 10000 1.332606
2025-04-20 17:01:38 INFO     5000 10000 1.331419
2025-04-20 17:01:42 INFO     6000 10000 1.322923
2025-04-20 17:01:46 INFO     7000 10000 1.315852
2025-04-20 17:01:50 INFO     8000 10000 1.315792
2025-04-20 17:01:55 INFO     9000 10000 1.310170
2025-04-20 17:01:59 INFO     10000 10000 1.305870
2025-04-20 17:01:59 INFO     -------------------------
2025-04-20 17:01:59 INFO     | EM Iteration: 1/2
2025-04-20 17:01:59 INFO     -------------------------
2025-04-20 17:01:59 INFO     >>>>> Generator: Rule generation with sampling
2025-04-20 17:01:59 INFO     Predictor: read 433 rules from list.
2025-04-20 17:01:59 INFO     Initializing distributed process group
2025-04-20 17:01:59 INFO     Preprocess training set
2025-04-20 17:01:59 INFO     >>>>> Predictor: Training
2025-04-20 17:02:01 INFO     100 10860 10.130106 327544.0
2025-04-20 17:02:03 INFO     200 10860 9.486458 327544.0
2025-04-20 17:02:05 INFO     300 10860 8.989995 327544.0
2025-04-20 17:02:07 INFO     400 10860 8.874250 327544.0
2025-04-20 17:02:09 INFO     500 10860 8.750229 327544.0
2025-04-20 17:02:10 INFO     600 10860 8.401727 327544.0
2025-04-20 17:02:12 INFO     700 10860 8.132959 327544.0
2025-04-20 17:02:14 INFO     800 10860 8.333778 327544.0
2025-04-20 17:02:16 INFO     900 10860 7.976448 327544.0
2025-04-20 17:02:18 INFO     1000 10860 7.830472 327544.0
2025-04-20 17:02:20 INFO     1100 10860 8.356040 327544.0
2025-04-20 17:02:21 INFO     1200 10860 7.750854 325906.3
2025-04-20 17:02:23 INFO     1300 10860 7.756092 327544.0
2025-04-20 17:02:25 INFO     1400 10860 8.010429 327544.0
2025-04-20 17:02:27 INFO     1500 10860 7.538166 324678.0
2025-04-20 17:02:29 INFO     1600 10860 7.673753 327544.0
2025-04-20 17:02:31 INFO     1700 10860 7.903230 327544.0
2025-04-20 17:02:33 INFO     1800 10860 7.480176 327544.0
2025-04-20 17:02:34 INFO     1900 10860 7.491029 327544.0
2025-04-20 17:02:36 INFO     2000 10860 7.501812 327544.0
2025-04-20 17:02:38 INFO     2100 10860 7.265490 327544.0
2025-04-20 17:02:40 INFO     2200 10860 7.827407 327544.0
2025-04-20 17:02:42 INFO     2300 10860 7.184275 327544.0
2025-04-20 17:02:44 INFO     2400 10860 7.198739 327544.0
2025-04-20 17:02:46 INFO     2500 10860 7.076598 327544.0
2025-04-20 17:02:47 INFO     2600 10860 6.792951 327544.0
2025-04-20 17:02:49 INFO     2700 10860 7.060480 327544.0
2025-04-20 17:02:51 INFO     2800 10860 7.313691 327544.0
2025-04-20 17:02:53 INFO     2900 10860 7.056849 327544.0
2025-04-20 17:02:55 INFO     3000 10860 7.178722 327544.0
2025-04-20 17:02:57 INFO     3100 10860 7.215309 327544.0
2025-04-20 17:02:58 INFO     3200 10860 7.033535 327544.0
2025-04-20 17:03:00 INFO     3300 10860 7.209870 327544.0
2025-04-20 17:03:02 INFO     3400 10860 6.990130 327544.0
2025-04-20 17:03:04 INFO     3500 10860 7.264696 327544.0
2025-04-20 17:03:06 INFO     3600 10860 7.014476 327544.0
2025-04-20 17:03:08 INFO     3700 10860 6.979925 327544.0
2025-04-20 17:03:10 INFO     3800 10860 7.147745 327544.0
2025-04-20 17:03:12 INFO     3900 10860 7.003709 325906.3
2025-04-20 17:03:13 INFO     4000 10860 7.111978 325496.8
2025-04-20 17:03:15 INFO     4100 10860 7.301640 325496.8
2025-04-20 17:03:17 INFO     4200 10860 6.858356 327544.0
2025-04-20 17:03:19 INFO     4300 10860 6.657756 327544.0
2025-04-20 17:03:21 INFO     4400 10860 6.871679 327544.0
2025-04-20 17:03:23 INFO     4500 10860 7.117362 327544.0
2025-04-20 17:03:24 INFO     4600 10860 6.965652 327544.0
2025-04-20 17:03:26 INFO     4700 10860 7.169993 325087.4
2025-04-20 17:03:28 INFO     4800 10860 6.597711 327544.0
2025-04-20 17:03:30 INFO     4900 10860 6.646180 327544.0
2025-04-20 17:03:32 INFO     5000 10860 6.760966 327544.0
2025-04-20 17:03:34 INFO     5100 10860 6.610520 327544.0
2025-04-20 17:03:36 INFO     5200 10860 6.539478 327544.0
2025-04-20 17:03:37 INFO     5300 10860 6.794182 325087.4
2025-04-20 17:03:39 INFO     5400 10860 6.927431 327544.0
2025-04-20 17:03:41 INFO     5500 10860 6.730919 327544.0
2025-04-20 17:03:43 INFO     5600 10860 6.535501 327544.0
2025-04-20 17:03:45 INFO     5700 10860 6.853060 327544.0
2025-04-20 17:03:47 INFO     5800 10860 6.998413 327544.0
2025-04-20 17:03:49 INFO     5900 10860 6.601697 327544.0
2025-04-20 17:03:51 INFO     6000 10860 6.529508 327544.0
2025-04-20 17:03:52 INFO     6100 10860 6.524012 327544.0
2025-04-20 17:03:54 INFO     6200 10860 6.375565 327544.0
2025-04-20 17:03:56 INFO     6300 10860 6.517363 327544.0
2025-04-20 17:03:58 INFO     6400 10860 6.777669 327544.0
2025-04-20 17:04:00 INFO     6500 10860 6.266534 327544.0
2025-04-20 17:04:02 INFO     6600 10860 6.430150 327544.0
2025-04-20 17:04:04 INFO     6700 10860 6.610361 327544.0
2025-04-20 17:04:05 INFO     6800 10860 6.549074 327544.0
2025-04-20 17:04:07 INFO     6900 10860 6.137244 327544.0
2025-04-20 17:04:09 INFO     7000 10860 6.458406 327544.0
2025-04-20 17:04:11 INFO     7100 10860 6.087251 327544.0
2025-04-20 17:04:13 INFO     7200 10860 6.342269 327544.0
2025-04-20 17:04:15 INFO     7300 10860 6.720411 327544.0
2025-04-20 17:04:17 INFO     7400 10860 6.193199 327544.0
2025-04-20 17:04:19 INFO     7500 10860 6.524568 327544.0
2025-04-20 17:04:20 INFO     7600 10860 6.497191 327544.0
2025-04-20 17:04:22 INFO     7700 10860 6.791205 327544.0
2025-04-20 17:04:24 INFO     7800 10860 6.307748 325906.3
2025-04-20 17:04:26 INFO     7900 10860 6.078476 327544.0
2025-04-20 17:04:28 INFO     8000 10860 6.188284 327544.0
2025-04-20 17:04:30 INFO     8100 10860 6.126091 327544.0
2025-04-20 17:04:31 INFO     8200 10860 6.028671 327544.0
2025-04-20 17:04:33 INFO     8300 10860 6.318988 327544.0
2025-04-20 17:04:35 INFO     8400 10860 6.427740 327544.0
2025-04-20 17:04:37 INFO     8500 10860 6.235036 327544.0
2025-04-20 17:04:39 INFO     8600 10860 6.100216 327544.0
2025-04-20 17:04:41 INFO     8700 10860 6.188694 327544.0
2025-04-20 17:04:42 INFO     8800 10860 6.173375 327544.0
2025-04-20 17:04:44 INFO     8900 10860 6.189952 327544.0
2025-04-20 17:04:46 INFO     9000 10860 6.520744 327544.0
2025-04-20 17:04:48 INFO     9100 10860 5.921828 327544.0
2025-04-20 17:04:50 INFO     9200 10860 6.480927 327544.0
2025-04-20 17:04:52 INFO     9300 10860 6.070125 327544.0
2025-04-20 17:04:54 INFO     9400 10860 6.240824 327544.0
2025-04-20 17:04:55 INFO     9500 10860 6.550556 327544.0
2025-04-20 17:04:57 INFO     9600 10860 5.853558 327544.0
2025-04-20 17:04:59 INFO     9700 10860 6.216287 327544.0
2025-04-20 17:05:01 INFO     9800 10860 6.167014 327544.0
2025-04-20 17:05:03 INFO     9900 10860 5.770863 327544.0
2025-04-20 17:05:05 INFO     10000 10860 6.242972 327544.0
2025-04-20 17:05:05 INFO     >>>>> Predictor: Evaluating on valid
2025-04-20 17:05:10 INFO     Data : 6068
2025-04-20 17:05:10 INFO     Hit1 : 0.383158
2025-04-20 17:05:10 INFO     Hit3 : 0.408207
2025-04-20 17:05:10 INFO     Hit10: 0.419249
2025-04-20 17:05:10 INFO     MR   : 9717.781312
2025-04-20 17:05:10 INFO     MRR  : 0.398972
2025-04-20 17:05:10 INFO     >>>>> Predictor: Evaluating on test
2025-04-20 17:05:15 INFO     Data : 6268
2025-04-20 17:05:15 INFO     Hit1 : 0.394863
2025-04-20 17:05:15 INFO     Hit3 : 0.410498
2025-04-20 17:05:15 INFO     Hit10: 0.421825
2025-04-20 17:05:15 INFO     MR   : 9880.685944
2025-04-20 17:05:15 INFO     MRR  : 0.405918
2025-04-20 17:05:15 INFO     >>>>> Predictor: Computing H scores of rules
2025-04-20 17:05:30 INFO     1000 10860
2025-04-20 17:05:46 INFO     2000 10860
2025-04-20 17:06:01 INFO     3000 10860
2025-04-20 17:06:16 INFO     4000 10860
2025-04-20 17:06:31 INFO     5000 10860
2025-04-20 17:06:46 INFO     6000 10860
2025-04-20 17:07:01 INFO     7000 10860
2025-04-20 17:07:16 INFO     8000 10860
2025-04-20 17:07:31 INFO     9000 10860
2025-04-20 17:07:46 INFO     10000 10860
2025-04-20 17:07:59 INFO     >>>>> Generator: Training
2025-04-20 17:08:00 INFO     -------------------------
2025-04-20 17:08:00 INFO     | EM Iteration: 2/2
2025-04-20 17:08:00 INFO     -------------------------
2025-04-20 17:08:00 INFO     >>>>> Generator: Rule generation with sampling
2025-04-20 17:08:00 INFO     Predictor: read 456 rules from list.
2025-04-20 17:08:00 INFO     Preprocess training set
2025-04-20 17:08:00 INFO     >>>>> Predictor: Training
2025-04-20 17:08:02 INFO     100 10860 10.421483 327544.0
2025-04-20 17:08:04 INFO     200 10860 10.056029 327544.0
2025-04-20 17:08:05 INFO     300 10860 9.770743 325906.3
2025-04-20 17:08:07 INFO     400 10860 9.322522 327544.0
2025-04-20 17:08:09 INFO     500 10860 8.994664 327544.0
2025-04-20 17:08:11 INFO     600 10860 8.971551 327544.0
2025-04-20 17:08:13 INFO     700 10860 9.092124 327544.0
2025-04-20 17:08:15 INFO     800 10860 8.705003 327544.0
2025-04-20 17:08:17 INFO     900 10860 8.366580 327544.0
2025-04-20 17:08:19 INFO     1000 10860 8.915662 327544.0
2025-04-20 17:08:20 INFO     1100 10860 8.331787 325496.8
2025-04-20 17:08:22 INFO     1200 10860 8.550589 327544.0
2025-04-20 17:08:24 INFO     1300 10860 8.487934 327544.0
2025-04-20 17:08:26 INFO     1400 10860 8.181097 327544.0
2025-04-20 17:08:28 INFO     1500 10860 8.124218 327544.0
2025-04-20 17:08:30 INFO     1600 10860 8.514832 324678.0
2025-04-20 17:08:32 INFO     1700 10860 8.444129 327544.0
2025-04-20 17:08:34 INFO     1800 10860 8.444947 327544.0
2025-04-20 17:08:36 INFO     1900 10860 8.449290 327544.0
2025-04-20 17:08:38 INFO     2000 10860 7.964742 327544.0
2025-04-20 17:08:39 INFO     2100 10860 8.162419 327544.0
2025-04-20 17:08:41 INFO     2200 10860 7.913447 327544.0
2025-04-20 17:08:43 INFO     2300 10860 8.111938 327544.0
2025-04-20 17:08:45 INFO     2400 10860 8.386684 327544.0
2025-04-20 17:08:47 INFO     2500 10860 8.021649 327544.0
2025-04-20 17:08:49 INFO     2600 10860 7.774633 327544.0
2025-04-20 17:08:51 INFO     2700 10860 7.913335 325906.3
2025-04-20 17:08:52 INFO     2800 10860 8.109744 327544.0
2025-04-20 17:08:54 INFO     2900 10860 7.820299 327544.0
2025-04-20 17:08:56 INFO     3000 10860 8.144090 327544.0
2025-04-20 17:08:58 INFO     3100 10860 7.721553 327544.0
2025-04-20 17:09:00 INFO     3200 10860 7.878449 327544.0
2025-04-20 17:09:02 INFO     3300 10860 8.079372 327544.0
2025-04-20 17:09:04 INFO     3400 10860 7.967667 327544.0
2025-04-20 17:09:05 INFO     3500 10860 7.876322 327544.0
2025-04-20 17:09:07 INFO     3600 10860 8.106665 327544.0
2025-04-20 17:09:09 INFO     3700 10860 7.438898 327544.0
2025-04-20 17:09:11 INFO     3800 10860 7.810806 327544.0
2025-04-20 17:09:13 INFO     3900 10860 7.758345 327544.0
2025-04-20 17:09:15 INFO     4000 10860 7.892255 327544.0
2025-04-20 17:09:16 INFO     4100 10860 7.464282 327544.0
2025-04-20 17:09:18 INFO     4200 10860 7.495935 325906.3
2025-04-20 17:09:20 INFO     4300 10860 7.868102 327544.0
2025-04-20 17:09:22 INFO     4400 10860 7.848960 327544.0
2025-04-20 17:09:24 INFO     4500 10860 7.828046 327544.0
2025-04-20 17:09:26 INFO     4600 10860 7.806477 327544.0
2025-04-20 17:09:28 INFO     4700 10860 7.515562 327544.0
2025-04-20 17:09:30 INFO     4800 10860 7.158798 327544.0
2025-04-20 17:09:31 INFO     4900 10860 7.585060 327544.0
2025-04-20 17:09:33 INFO     5000 10860 7.393202 327544.0
2025-04-20 17:09:35 INFO     5100 10860 7.112466 327544.0
2025-04-20 17:09:37 INFO     5200 10860 8.200481 327544.0
2025-04-20 17:09:39 INFO     5300 10860 6.526464 327544.0
2025-04-20 17:09:41 INFO     5400 10860 7.116324 327544.0
2025-04-20 17:09:43 INFO     5500 10860 7.638877 327544.0
2025-04-20 17:09:44 INFO     5600 10860 7.095008 327544.0
2025-04-20 17:09:46 INFO     5700 10860 7.204095 327544.0
2025-04-20 17:09:48 INFO     5800 10860 7.159862 326315.7
2025-04-20 17:09:50 INFO     5900 10860 7.477407 325496.8
2025-04-20 17:09:52 INFO     6000 10860 7.803290 327544.0
2025-04-20 17:09:54 INFO     6100 10860 6.863157 327544.0
2025-04-20 17:09:56 INFO     6200 10860 7.680356 327544.0
2025-04-20 17:09:57 INFO     6300 10860 7.114695 327544.0
2025-04-20 17:09:59 INFO     6400 10860 7.333496 327544.0
2025-04-20 17:10:01 INFO     6500 10860 6.736486 327544.0
2025-04-20 17:10:03 INFO     6600 10860 6.915854 327544.0
2025-04-20 17:10:05 INFO     6700 10860 7.111388 327544.0
2025-04-20 17:10:07 INFO     6800 10860 7.180335 327544.0
2025-04-20 17:10:09 INFO     6900 10860 7.300252 327544.0
2025-04-20 17:10:11 INFO     7000 10860 7.248757 327544.0
2025-04-20 17:10:12 INFO     7100 10860 7.075382 327544.0
2025-04-20 17:10:14 INFO     7200 10860 7.740682 327544.0
2025-04-20 17:10:16 INFO     7300 10860 7.108559 327544.0
2025-04-20 17:10:18 INFO     7400 10860 7.152585 327544.0
2025-04-20 17:10:20 INFO     7500 10860 6.621965 327544.0
2025-04-20 17:10:22 INFO     7600 10860 7.418674 327544.0
2025-04-20 17:10:24 INFO     7700 10860 6.997330 327544.0
2025-04-20 17:10:26 INFO     7800 10860 7.415689 327544.0
2025-04-20 17:10:28 INFO     7900 10860 7.374792 327544.0
2025-04-20 17:10:29 INFO     8000 10860 6.745779 327544.0
2025-04-20 17:10:31 INFO     8100 10860 6.979287 327544.0
2025-04-20 17:10:33 INFO     8200 10860 6.742390 327544.0
2025-04-20 17:10:35 INFO     8300 10860 7.207348 327544.0
2025-04-20 17:10:37 INFO     8400 10860 7.655190 327544.0
2025-04-20 17:10:39 INFO     8500 10860 7.260338 327544.0
2025-04-20 17:10:41 INFO     8600 10860 7.091194 327544.0
2025-04-20 17:10:43 INFO     8700 10860 7.241107 327544.0
2025-04-20 17:10:44 INFO     8800 10860 6.601255 327544.0
2025-04-20 17:10:46 INFO     8900 10860 7.169937 327544.0
2025-04-20 17:10:48 INFO     9000 10860 7.013648 327544.0
2025-04-20 17:10:50 INFO     9100 10860 7.190234 327544.0
2025-04-20 17:10:52 INFO     9200 10860 6.589520 327544.0
2025-04-20 17:10:54 INFO     9300 10860 7.456440 327544.0
2025-04-20 17:10:55 INFO     9400 10860 7.099127 327544.0
2025-04-20 17:10:57 INFO     9500 10860 6.873982 327544.0
2025-04-20 17:10:59 INFO     9600 10860 6.712968 327544.0
2025-04-20 17:11:01 INFO     9700 10860 6.560773 327544.0
2025-04-20 17:11:03 INFO     9800 10860 7.058242 327544.0
2025-04-20 17:11:05 INFO     9900 10860 7.118735 327544.0
2025-04-20 17:11:07 INFO     10000 10860 7.163864 327544.0
2025-04-20 17:11:07 INFO     >>>>> Predictor: Evaluating on valid
2025-04-20 17:11:12 INFO     Data : 6068
2025-04-20 17:11:12 INFO     Hit1 : 0.380191
2025-04-20 17:11:12 INFO     Hit3 : 0.403922
2025-04-20 17:11:12 INFO     Hit10: 0.416117
2025-04-20 17:11:12 INFO     MR   : 10203.357284
2025-04-20 17:11:12 INFO     MRR  : 0.395289
2025-04-20 17:11:12 INFO     >>>>> Predictor: Evaluating on test
2025-04-20 17:11:17 INFO     Data : 6268
2025-04-20 17:11:17 INFO     Hit1 : 0.390077
2025-04-20 17:11:17 INFO     Hit3 : 0.405871
2025-04-20 17:11:17 INFO     Hit10: 0.416720
2025-04-20 17:11:17 INFO     MR   : 10295.169033
2025-04-20 17:11:17 INFO     MRR  : 0.400904
2025-04-20 17:11:17 INFO     >>>>> Predictor: Computing H scores of rules
2025-04-20 17:11:31 INFO     1000 10860
2025-04-20 17:11:46 INFO     2000 10860
2025-04-20 17:12:01 INFO     3000 10860
2025-04-20 17:12:16 INFO     4000 10860
2025-04-20 17:12:31 INFO     5000 10860
2025-04-20 17:12:46 INFO     6000 10860
2025-04-20 17:13:01 INFO     7000 10860
2025-04-20 17:13:15 INFO     8000 10860
2025-04-20 17:13:30 INFO     9000 10860
2025-04-20 17:13:45 INFO     10000 10860
2025-04-20 17:14:02 INFO     >>>>> Generator: Training
2025-04-20 17:14:03 INFO     -------------------------
2025-04-20 17:14:03 INFO     | Post-train Generator
2025-04-20 17:14:03 INFO     -------------------------
2025-04-20 17:14:03 INFO     >>>>> Generator: Training
2025-04-20 17:14:07 INFO     1000 1000 1.460669
2025-04-20 17:14:07 INFO     -------------------------
2025-04-20 17:14:07 INFO     | Beam Search Best Rules
2025-04-20 17:14:07 INFO     -------------------------
2025-04-20 17:14:07 INFO     >>>>> Generator: Rule generation with beam search
2025-04-20 17:14:07 INFO     >>>>> Generator: Rule generation with beam search
2025-04-20 17:14:08 INFO     >>>>> Generator: Rule generation with beam search
2025-04-20 17:14:10 INFO     >>>>> Generator: Rule generation with beam search
2025-04-20 17:14:11 INFO     >>>>> Generator: Rule generation with beam search
2025-04-20 17:14:13 INFO     -------------------------
2025-04-20 17:14:13 INFO     | Train Final Predictor+
2025-04-20 17:14:13 INFO     -------------------------
2025-04-20 17:14:13 INFO     Predictor+: read 3586 rules from list.
2025-04-20 17:14:13 INFO     Preprocess training set
2025-04-20 17:14:13 INFO     -------------------------
2025-04-20 17:14:13 INFO     | Iteration: 1/1
2025-04-20 17:14:13 INFO     -------------------------
2025-04-20 17:14:13 INFO     >>>>> Predictor: Training
2025-04-20 17:14:22 INFO     100 10860 5.513913 327544.0
2025-04-20 17:14:32 INFO     200 10860 4.771796 327544.0
2025-04-20 17:14:41 INFO     300 10860 5.369450 324678.0
2025-04-20 17:14:50 INFO     400 10860 4.861303 327544.0
2025-04-20 17:14:59 INFO     500 10860 4.600903 327544.0
2025-04-20 17:15:09 INFO     600 10860 5.088453 327544.0
2025-04-20 17:15:18 INFO     700 10860 4.896092 327544.0
2025-04-20 17:15:27 INFO     800 10860 4.729537 327544.0
2025-04-20 17:15:36 INFO     900 10860 4.930907 327544.0
2025-04-20 17:15:46 INFO     1000 10860 5.011494 327544.0
2025-04-20 17:15:55 INFO     1100 10860 4.811810 327544.0
2025-04-20 17:16:04 INFO     1200 10860 5.141388 327544.0
2025-04-20 17:16:13 INFO     1300 10860 5.177398 327544.0
2025-04-20 17:16:23 INFO     1400 10860 5.062983 327544.0
2025-04-20 17:16:32 INFO     1500 10860 4.928888 327544.0
2025-04-20 17:16:41 INFO     1600 10860 4.386320 325496.8
2025-04-20 17:16:50 INFO     1700 10860 4.714041 327544.0
2025-04-20 17:17:00 INFO     1800 10860 4.765561 327544.0
2025-04-20 17:17:09 INFO     1900 10860 4.331485 327544.0
2025-04-20 17:17:18 INFO     2000 10860 4.703613 327544.0
2025-04-20 17:17:28 INFO     2100 10860 4.280465 327544.0
2025-04-20 17:17:37 INFO     2200 10860 4.598412 327544.0
2025-04-20 17:17:46 INFO     2300 10860 4.366548 327544.0
2025-04-20 17:17:56 INFO     2400 10860 4.593294 327544.0
2025-04-20 17:18:05 INFO     2500 10860 4.091265 327544.0
2025-04-20 17:18:15 INFO     2600 10860 4.714170 327544.0
2025-04-20 17:18:24 INFO     2700 10860 4.559993 327544.0
2025-04-20 17:18:33 INFO     2800 10860 4.881389 327544.0
2025-04-20 17:18:43 INFO     2900 10860 5.153557 325906.3
2025-04-20 17:18:52 INFO     3000 10860 4.714477 327544.0
2025-04-20 17:19:01 INFO     3100 10860 4.962282 327544.0
2025-04-20 17:19:11 INFO     3200 10860 4.094248 327544.0
2025-04-20 17:19:20 INFO     3300 10860 4.264889 327544.0
2025-04-20 17:19:30 INFO     3400 10860 3.838681 327544.0
2025-04-20 17:19:39 INFO     3500 10860 4.880252 327544.0
2025-04-20 17:19:49 INFO     3600 10860 4.156583 327544.0
2025-04-20 17:19:58 INFO     3700 10860 4.671474 327544.0
2025-04-20 17:20:08 INFO     3800 10860 5.045994 327544.0
2025-04-20 17:20:17 INFO     3900 10860 5.023965 327544.0
2025-04-20 17:20:27 INFO     4000 10860 4.464737 327544.0
2025-04-20 17:20:36 INFO     4100 10860 4.498573 327544.0
2025-04-20 17:20:46 INFO     4200 10860 4.542379 327544.0
2025-04-20 17:20:55 INFO     4300 10860 4.726395 327544.0
2025-04-20 17:21:05 INFO     4400 10860 5.062633 327544.0
2025-04-20 17:21:14 INFO     4500 10860 4.781674 327544.0
2025-04-20 17:21:23 INFO     4600 10860 4.403662 327544.0
2025-04-20 17:21:33 INFO     4700 10860 4.938567 325087.4
2025-04-20 17:21:42 INFO     4800 10860 4.183053 327544.0
2025-04-20 17:21:52 INFO     4900 10860 4.603676 327544.0
2025-04-20 17:22:01 INFO     5000 10860 4.546439 327544.0
2025-04-20 17:22:10 INFO     5100 10860 4.914909 327544.0
2025-04-20 17:22:20 INFO     5200 10860 4.512420 327544.0
2025-04-20 17:22:29 INFO     5300 10860 4.926894 327544.0
2025-04-20 17:22:38 INFO     5400 10860 4.927854 327544.0
2025-04-20 17:22:48 INFO     5500 10860 4.469478 327544.0
2025-04-20 17:22:57 INFO     5600 10860 4.653090 327544.0
2025-04-20 17:23:07 INFO     5700 10860 3.786563 327544.0
2025-04-20 17:23:16 INFO     5800 10860 4.429156 327544.0
2025-04-20 17:23:25 INFO     5900 10860 4.374702 327544.0
2025-04-20 17:23:35 INFO     6000 10860 5.190688 327544.0
2025-04-20 17:23:44 INFO     6100 10860 4.919108 325087.4
2025-04-20 17:23:54 INFO     6200 10860 4.565467 327544.0
2025-04-20 17:24:03 INFO     6300 10860 4.482779 327544.0
2025-04-20 17:24:13 INFO     6400 10860 4.760830 327544.0
2025-04-20 17:24:22 INFO     6500 10860 4.645743 327544.0
2025-04-20 17:24:32 INFO     6600 10860 4.373900 327544.0
2025-04-20 17:24:42 INFO     6700 10860 4.525509 327544.0
2025-04-20 17:24:51 INFO     6800 10860 4.187536 327544.0
2025-04-20 17:25:01 INFO     6900 10860 4.422426 325496.8
2025-04-20 17:25:10 INFO     7000 10860 4.437412 327544.0
2025-04-20 17:25:20 INFO     7100 10860 4.433317 327544.0
2025-04-20 17:25:29 INFO     7200 10860 4.759170 327544.0
2025-04-20 17:25:39 INFO     7300 10860 4.427556 327544.0
2025-04-20 17:25:48 INFO     7400 10860 3.929932 326315.7
2025-04-20 17:25:58 INFO     7500 10860 4.982101 325496.8
2025-04-20 17:26:07 INFO     7600 10860 4.454403 327544.0
2025-04-20 17:26:17 INFO     7700 10860 4.823649 327544.0
2025-04-20 17:26:26 INFO     7800 10860 4.833762 327544.0
2025-04-20 17:26:36 INFO     7900 10860 4.586457 327544.0
2025-04-20 17:26:45 INFO     8000 10860 4.517985 327544.0
2025-04-20 17:26:55 INFO     8100 10860 5.051409 327544.0
2025-04-20 17:27:05 INFO     8200 10860 4.426898 327544.0
2025-04-20 17:27:14 INFO     8300 10860 4.448434 327544.0
2025-04-20 17:27:24 INFO     8400 10860 4.493930 327544.0
2025-04-20 17:27:33 INFO     8500 10860 4.514953 327544.0
2025-04-20 17:27:43 INFO     8600 10860 4.770285 327544.0
2025-04-20 17:27:53 INFO     8700 10860 5.065155 327544.0
2025-04-20 17:28:02 INFO     8800 10860 4.547526 327544.0
2025-04-20 17:28:12 INFO     8900 10860 4.856071 327544.0
2025-04-20 17:28:21 INFO     9000 10860 4.533976 327544.0
2025-04-20 17:28:31 INFO     9100 10860 4.770524 327544.0
2025-04-20 17:28:40 INFO     9200 10860 4.389859 327544.0
2025-04-20 17:28:50 INFO     9300 10860 4.357554 327544.0
2025-04-20 17:28:59 INFO     9400 10860 4.268190 327544.0
2025-04-20 17:29:09 INFO     9500 10860 4.395787 327544.0
2025-04-20 17:29:18 INFO     9600 10860 4.728506 327544.0
2025-04-20 17:29:28 INFO     9700 10860 4.639066 327544.0
2025-04-20 17:29:37 INFO     9800 10860 4.304283 327544.0
2025-04-20 17:29:47 INFO     9900 10860 4.799841 327544.0
2025-04-20 17:29:57 INFO     10000 10860 3.996640 327544.0
2025-04-20 17:29:57 INFO     >>>>> Predictor: Evaluating on valid
2025-04-20 17:30:27 INFO     Data : 6068
2025-04-20 17:30:27 INFO     Hit1 : 0.417271
2025-04-20 17:30:27 INFO     Hit3 : 0.461931
2025-04-20 17:30:27 INFO     Hit10: 0.505933
2025-04-20 17:30:27 INFO     MR   : 7141.698665
2025-04-20 17:30:27 INFO     MRR  : 0.448948
2025-04-20 17:30:27 INFO     >>>>> Predictor: Evaluating on test
2025-04-20 17:30:59 INFO     Data : 6268
2025-04-20 17:30:59 INFO     Hit1 : 0.425175
2025-04-20 17:30:59 INFO     Hit3 : 0.468571
2025-04-20 17:30:59 INFO     Hit10: 0.519783
2025-04-20 17:30:59 INFO     MR   : 7093.915284
2025-04-20 17:30:59 INFO     MRR  : 0.456240
2025-04-20 17:30:59 INFO     Save checkpoint to wn18rr/ori_mid/predictor.pt
2025-04-20 17:30:59 INFO     -------------------------
2025-04-20 17:30:59 INFO     | Final Test MRR: 0.456240
2025-04-20 17:30:59 INFO     -------------------------
