2025-05-28 08:21:44 INFO     -------------------------
2025-05-28 08:21:44 INFO     | Pre-train Generator
2025-05-28 08:21:44 INFO     -------------------------
2025-05-28 08:21:44 INFO     >>>>> Generator: Training
2025-05-28 08:21:49 INFO     [E1000] Total: 1.640887 | Main: 1.660275 | Aux: 0.908960
2025-05-28 08:21:54 INFO     [E2000] Total: 1.572662 | Main: 1.572662 | Aux: 0.906279
2025-05-28 08:21:58 INFO     [E3000] Total: 1.559652 | Main: 1.559652 | Aux: 0.900028
2025-05-28 08:22:02 INFO     [E4000] Total: 1.551771 | Main: 1.551771 | Aux: 0.897115
2025-05-28 08:22:07 INFO     [E5000] Total: 1.548138 | Main: 1.548138 | Aux: 0.893262
2025-05-28 08:22:11 INFO     [E6000] Total: 1.546160 | Main: 1.546160 | Aux: 0.887243
2025-05-28 08:22:16 INFO     [E7000] Total: 1.544779 | Main: 1.544779 | Aux: 0.885273
2025-05-28 08:22:20 INFO     [E8000] Total: 1.544375 | Main: 1.544375 | Aux: 0.885296
2025-05-28 08:22:25 INFO     [E9000] Total: 1.544458 | Main: 1.544458 | Aux: 0.887636
2025-05-28 08:22:29 INFO     [E10000] Total: 1.538013 | Main: 1.538013 | Aux: 0.884809
2025-05-28 08:22:29 INFO     -------------------------
2025-05-28 08:22:29 INFO     | EM Iteration: 1/5
2025-05-28 08:22:29 INFO     -------------------------
2025-05-28 08:22:29 INFO     >>>>> Generator: Rule generation with sampling
2025-05-28 08:22:29 INFO     Predictor: read 1277 rules from list.
2025-05-28 08:22:29 INFO     Preprocess training set
2025-05-28 08:22:29 INFO     >>>>> Predictor: Training
2025-05-28 08:23:08 INFO     1000 12313 8.236489 69358.0
2025-05-28 08:23:47 INFO     2000 12313 7.799304 69332.0
2025-05-28 08:24:26 INFO     3000 12313 7.572308 69384.0
2025-05-28 08:25:04 INFO     4000 12313 7.453322 69279.9
2025-05-28 08:25:43 INFO     5000 12313 7.339289 69332.0
2025-05-28 08:26:21 INFO     6000 12313 7.257525 69384.0
2025-05-28 08:27:01 INFO     7000 12313 7.176292 69297.3
2025-05-28 08:27:40 INFO     8000 12313 7.155512 69323.3
2025-05-28 08:28:20 INFO     9000 12313 7.084534 69358.0
2025-05-28 08:28:59 INFO     10000 12313 7.065338 69332.0
2025-05-28 08:29:37 INFO     11000 12313 7.028236 69366.7
2025-05-28 08:30:16 INFO     12000 12313 7.007000 69279.9
2025-05-28 08:30:28 INFO     >>>>> Predictor: Evaluating on valid
2025-05-28 08:30:43 INFO     Data : 3823
2025-05-28 08:30:43 INFO     Hit1 : 0.028250
2025-05-28 08:30:43 INFO     Hit3 : 0.054408
2025-05-28 08:30:43 INFO     Hit10: 0.100968
2025-05-28 08:30:43 INFO     MR   : 1181.871959
2025-05-28 08:30:43 INFO     MRR  : 0.054055
2025-05-28 08:30:43 INFO     >>>>> Predictor: Evaluating on test
2025-05-28 08:30:59 INFO     Data : 4402
2025-05-28 08:30:59 INFO     Hit1 : 0.035211
2025-05-28 08:30:59 INFO     Hit3 : 0.063380
2025-05-28 08:30:59 INFO     Hit10: 0.103816
2025-05-28 08:30:59 INFO     MR   : 1178.737733
2025-05-28 08:30:59 INFO     MRR  : 0.059848
2025-05-28 08:30:59 INFO     >>>>> Predictor: Computing H scores of rules
2025-05-28 08:31:40 INFO     1000 12313
2025-05-28 08:32:20 INFO     2000 12313
2025-05-28 08:33:02 INFO     3000 12313
2025-05-28 08:33:44 INFO     4000 12313
2025-05-28 08:34:25 INFO     5000 12313
2025-05-28 08:35:06 INFO     6000 12313
2025-05-28 08:35:47 INFO     7000 12313
2025-05-28 08:36:28 INFO     8000 12313
2025-05-28 08:37:10 INFO     9000 12313
2025-05-28 08:37:52 INFO     10000 12313
2025-05-28 08:38:33 INFO     11000 12313
2025-05-28 08:39:14 INFO     12000 12313
2025-05-28 08:39:27 INFO     >>>>> Generator: Training
2025-05-28 08:39:27 INFO     -------------------------
2025-05-28 08:39:27 INFO     | EM Iteration: 2/5
2025-05-28 08:39:27 INFO     -------------------------
2025-05-28 08:39:27 INFO     >>>>> Generator: Rule generation with sampling
2025-05-28 08:39:27 INFO     Predictor: read 1371 rules from list.
2025-05-28 08:39:27 INFO     Preprocess training set
2025-05-28 08:39:27 INFO     >>>>> Predictor: Training
2025-05-28 08:40:09 INFO     1000 12313 8.249005 69366.7
2025-05-28 08:40:52 INFO     2000 12313 7.768114 69279.9
2025-05-28 08:41:34 INFO     3000 12313 7.599675 69253.9
2025-05-28 08:42:17 INFO     4000 12313 7.449130 69340.6
2025-05-28 08:42:58 INFO     5000 12313 7.369130 69366.7
2025-05-28 08:43:40 INFO     6000 12313 7.285320 69358.0
2025-05-28 08:44:22 INFO     7000 12313 7.244134 69366.7
2025-05-28 08:45:04 INFO     8000 12313 7.223467 69384.0
2025-05-28 08:45:46 INFO     9000 12313 7.182754 69262.6
2025-05-28 08:46:28 INFO     10000 12313 7.157955 69323.3
2025-05-28 08:47:11 INFO     11000 12313 7.124695 69366.7
2025-05-28 08:47:52 INFO     12000 12313 7.113790 69332.0
2025-05-28 08:48:06 INFO     >>>>> Predictor: Evaluating on valid
2025-05-28 08:48:20 INFO     Data : 3823
2025-05-28 08:48:20 INFO     Hit1 : 0.029558
2025-05-28 08:48:20 INFO     Hit3 : 0.058854
2025-05-28 08:48:20 INFO     Hit10: 0.118755
2025-05-28 08:48:20 INFO     MR   : 1151.401517
2025-05-28 08:48:20 INFO     MRR  : 0.059456
2025-05-28 08:48:20 INFO     >>>>> Predictor: Evaluating on test
2025-05-28 08:48:37 INFO     Data : 4402
2025-05-28 08:48:37 INFO     Hit1 : 0.038846
2025-05-28 08:48:37 INFO     Hit3 : 0.066788
2025-05-28 08:48:37 INFO     Hit10: 0.118128
2025-05-28 08:48:37 INFO     MR   : 1139.478646
2025-05-28 08:48:37 INFO     MRR  : 0.066723
2025-05-28 08:48:37 INFO     >>>>> Predictor: Computing H scores of rules
2025-05-28 08:49:21 INFO     1000 12313
2025-05-28 08:50:05 INFO     2000 12313
2025-05-28 08:50:50 INFO     3000 12313
2025-05-28 08:51:34 INFO     4000 12313
2025-05-28 08:52:18 INFO     5000 12313
2025-05-28 08:53:03 INFO     6000 12313
2025-05-28 08:53:47 INFO     7000 12313
2025-05-28 08:54:32 INFO     8000 12313
2025-05-28 08:55:16 INFO     9000 12313
2025-05-28 08:56:00 INFO     10000 12313
2025-05-28 08:56:45 INFO     11000 12313
2025-05-28 08:57:29 INFO     12000 12313
2025-05-28 08:57:43 INFO     >>>>> Generator: Training
2025-05-28 08:57:43 INFO     -------------------------
2025-05-28 08:57:43 INFO     | EM Iteration: 3/5
2025-05-28 08:57:43 INFO     -------------------------
2025-05-28 08:57:43 INFO     >>>>> Generator: Rule generation with sampling
2025-05-28 08:57:43 INFO     Predictor: read 1451 rules from list.
2025-05-28 08:57:43 INFO     Preprocess training set
2025-05-28 08:57:43 INFO     >>>>> Predictor: Training
2025-05-28 08:58:26 INFO     1000 12313 8.201524 69384.0
2025-05-28 08:59:09 INFO     2000 12313 7.715952 69384.0
2025-05-28 08:59:52 INFO     3000 12313 7.447224 69253.9
2025-05-28 09:00:35 INFO     4000 12313 7.306920 69323.3
2025-05-28 09:01:18 INFO     5000 12313 7.181785 69384.0
2025-05-28 09:02:01 INFO     6000 12313 7.060887 69323.3
2025-05-28 09:02:44 INFO     7000 12313 6.974758 69366.7
2025-05-28 09:03:27 INFO     8000 12313 6.912373 69332.0
2025-05-28 09:04:11 INFO     9000 12313 6.804043 69384.0
2025-05-28 09:04:53 INFO     10000 12313 6.801086 69227.9
2025-05-28 09:05:36 INFO     11000 12313 6.741451 69340.6
2025-05-28 09:06:19 INFO     12000 12313 6.706361 69297.3
2025-05-28 09:06:33 INFO     >>>>> Predictor: Evaluating on valid
2025-05-28 09:06:50 INFO     Data : 3823
2025-05-28 09:06:50 INFO     Hit1 : 0.029558
2025-05-28 09:06:50 INFO     Hit3 : 0.060162
2025-05-28 09:06:50 INFO     Hit10: 0.111954
2025-05-28 09:06:50 INFO     MR   : 1149.511902
2025-05-28 09:06:50 INFO     MRR  : 0.059432
2025-05-28 09:06:50 INFO     >>>>> Predictor: Evaluating on test
2025-05-28 09:07:10 INFO     Data : 4402
2025-05-28 09:07:10 INFO     Hit1 : 0.033621
2025-05-28 09:07:10 INFO     Hit3 : 0.064970
2025-05-28 09:07:10 INFO     Hit10: 0.123126
2025-05-28 09:07:10 INFO     MR   : 1131.998978
2025-05-28 09:07:10 INFO     MRR  : 0.063864
2025-05-28 09:07:10 INFO     >>>>> Predictor: Computing H scores of rules
2025-05-28 09:07:55 INFO     1000 12313
2025-05-28 09:08:41 INFO     2000 12313
2025-05-28 09:09:27 INFO     3000 12313
2025-05-28 09:10:13 INFO     4000 12313
2025-05-28 09:10:58 INFO     5000 12313
2025-05-28 09:11:44 INFO     6000 12313
2025-05-28 09:12:29 INFO     7000 12313
2025-05-28 09:13:15 INFO     8000 12313
2025-05-28 09:14:01 INFO     9000 12313
2025-05-28 09:14:47 INFO     10000 12313
2025-05-28 09:15:32 INFO     11000 12313
2025-05-28 09:16:18 INFO     12000 12313
2025-05-28 09:16:33 INFO     >>>>> Generator: Training
2025-05-28 09:16:33 INFO     -------------------------
2025-05-28 09:16:33 INFO     | EM Iteration: 4/5
2025-05-28 09:16:33 INFO     -------------------------
2025-05-28 09:16:33 INFO     >>>>> Generator: Rule generation with sampling
2025-05-28 09:16:33 INFO     Predictor: read 1482 rules from list.
2025-05-28 09:16:33 INFO     Preprocess training set
2025-05-28 09:16:33 INFO     >>>>> Predictor: Training
2025-05-28 09:17:18 INFO     1000 12313 8.245390 69314.6
2025-05-28 09:18:02 INFO     2000 12313 7.769683 69279.9
2025-05-28 09:18:46 INFO     3000 12313 7.530834 69366.7
2025-05-28 09:19:30 INFO     4000 12313 7.424538 69366.7
2025-05-28 09:20:14 INFO     5000 12313 7.326057 69288.6
2025-05-28 09:20:59 INFO     6000 12313 7.242821 69340.6
2025-05-28 09:21:43 INFO     7000 12313 7.145798 69384.0
2025-05-28 09:22:28 INFO     8000 12313 7.085003 69340.6
2025-05-28 09:23:12 INFO     9000 12313 7.098774 69384.0
2025-05-28 09:23:55 INFO     10000 12313 7.032768 69288.6
2025-05-28 09:24:39 INFO     11000 12313 7.028846 69262.6
2025-05-28 09:25:23 INFO     12000 12313 6.995364 69384.0
2025-05-28 09:25:37 INFO     >>>>> Predictor: Evaluating on valid
2025-05-28 09:25:54 INFO     Data : 3823
2025-05-28 09:25:54 INFO     Hit1 : 0.035836
2025-05-28 09:25:54 INFO     Hit3 : 0.075334
2025-05-28 09:25:54 INFO     Hit10: 0.140466
2025-05-28 09:25:54 INFO     MR   : 1092.633011
2025-05-28 09:25:54 INFO     MRR  : 0.071032
2025-05-28 09:25:54 INFO     >>>>> Predictor: Evaluating on test
2025-05-28 09:26:15 INFO     Data : 4402
2025-05-28 09:26:15 INFO     Hit1 : 0.044980
2025-05-28 09:26:15 INFO     Hit3 : 0.084053
2025-05-28 09:26:15 INFO     Hit10: 0.145161
2025-05-28 09:26:15 INFO     MR   : 1089.619605
2025-05-28 09:26:15 INFO     MRR  : 0.079924
2025-05-28 09:26:15 INFO     >>>>> Predictor: Computing H scores of rules
2025-05-28 09:27:02 INFO     1000 12313
2025-05-28 09:27:48 INFO     2000 12313
2025-05-28 09:28:34 INFO     3000 12313
2025-05-28 09:29:21 INFO     4000 12313
2025-05-28 09:30:07 INFO     5000 12313
2025-05-28 09:30:54 INFO     6000 12313
2025-05-28 09:31:41 INFO     7000 12313
2025-05-28 09:32:27 INFO     8000 12313
2025-05-28 09:33:14 INFO     9000 12313
2025-05-28 09:34:00 INFO     10000 12313
2025-05-28 09:34:46 INFO     11000 12313
2025-05-28 09:35:32 INFO     12000 12313
2025-05-28 09:35:47 INFO     >>>>> Generator: Training
2025-05-28 09:35:48 INFO     -------------------------
2025-05-28 09:35:48 INFO     | EM Iteration: 5/5
2025-05-28 09:35:48 INFO     -------------------------
2025-05-28 09:35:48 INFO     >>>>> Generator: Rule generation with sampling
2025-05-28 09:35:48 INFO     Predictor: read 1555 rules from list.
2025-05-28 09:35:48 INFO     Preprocess training set
2025-05-28 09:35:48 INFO     >>>>> Predictor: Training
2025-05-28 09:36:32 INFO     1000 12313 8.250534 69340.6
2025-05-28 09:37:17 INFO     2000 12313 7.803237 69288.6
2025-05-28 09:38:02 INFO     3000 12313 7.599631 69366.7
2025-05-28 09:38:47 INFO     4000 12313 7.487804 69305.9
2025-05-28 09:39:32 INFO     5000 12313 7.373310 69323.3
2025-05-28 09:40:17 INFO     6000 12313 7.325516 69384.0
2025-05-28 09:41:01 INFO     7000 12313 7.282700 69279.9
2025-05-28 09:41:45 INFO     8000 12313 7.203803 69384.0
2025-05-28 09:42:29 INFO     9000 12313 7.209593 69366.7
2025-05-28 09:43:14 INFO     10000 12313 7.165978 69297.3
2025-05-28 09:43:58 INFO     11000 12313 7.137157 69279.9
2025-05-28 09:44:42 INFO     12000 12313 7.142619 69384.0
2025-05-28 09:44:56 INFO     >>>>> Predictor: Evaluating on valid
2025-05-28 09:45:14 INFO     Data : 3823
2025-05-28 09:45:14 INFO     Hit1 : 0.028512
2025-05-28 09:45:14 INFO     Hit3 : 0.055454
2025-05-28 09:45:14 INFO     Hit10: 0.105153
2025-05-28 09:45:14 INFO     MR   : 1200.658253
2025-05-28 09:45:14 INFO     MRR  : 0.055452
2025-05-28 09:45:14 INFO     >>>>> Predictor: Evaluating on test
2025-05-28 09:45:34 INFO     Data : 4402
2025-05-28 09:45:34 INFO     Hit1 : 0.033394
2025-05-28 09:45:34 INFO     Hit3 : 0.059291
2025-05-28 09:45:34 INFO     Hit10: 0.105634
2025-05-28 09:45:34 INFO     MR   : 1173.509995
2025-05-28 09:45:34 INFO     MRR  : 0.059190
2025-05-28 09:45:34 INFO     >>>>> Predictor: Computing H scores of rules
2025-05-28 09:46:21 INFO     1000 12313
2025-05-28 09:47:07 INFO     2000 12313
2025-05-28 09:47:55 INFO     3000 12313
2025-05-28 09:48:43 INFO     4000 12313
2025-05-28 09:49:30 INFO     5000 12313
2025-05-28 09:50:16 INFO     6000 12313
2025-05-28 09:51:04 INFO     7000 12313
2025-05-28 09:51:51 INFO     8000 12313
2025-05-28 09:52:39 INFO     9000 12313
2025-05-28 09:53:26 INFO     10000 12313
2025-05-28 09:54:12 INFO     11000 12313
2025-05-28 09:54:59 INFO     12000 12313
2025-05-28 09:55:13 INFO     >>>>> Generator: Training
2025-05-28 09:55:14 INFO     -------------------------
2025-05-28 09:55:14 INFO     | Post-train Generator
2025-05-28 09:55:14 INFO     -------------------------
2025-05-28 09:55:14 INFO     >>>>> Generator: Training
2025-05-28 09:55:18 INFO     [E1000] Total: 1.739755 | Main: 1.749944 | Aux: 0.803761
2025-05-28 09:55:18 INFO     -------------------------
2025-05-28 09:55:18 INFO     | Beam Search Best Rules
2025-05-28 09:55:18 INFO     -------------------------
2025-05-28 09:55:18 INFO     >>>>> Generator: Rule generation with beam search
2025-05-28 09:55:19 INFO     >>>>> Generator: Rule generation with beam search
2025-05-28 09:55:20 INFO     >>>>> Generator: Rule generation with beam search
2025-05-28 09:55:28 INFO     >>>>> Generator: Rule generation with beam search
2025-05-28 09:55:34 INFO     >>>>> Generator: Rule generation with beam search
2025-05-28 09:55:38 INFO     -------------------------
2025-05-28 09:55:38 INFO     | Train Final Predictor+
2025-05-28 09:55:38 INFO     -------------------------
2025-05-28 09:55:38 INFO     Predictor+: read 18420 rules from list.
2025-05-28 09:55:38 INFO     Preprocess training set
2025-05-28 09:55:38 INFO     -------------------------
2025-05-28 09:55:38 INFO     | Iteration: 1/5
2025-05-28 09:55:38 INFO     -------------------------
2025-05-28 09:55:38 INFO     >>>>> Predictor: Training
2025-05-28 10:02:10 INFO     1000 12313 4.677851 69314.6
2025-05-28 10:08:43 INFO     2000 12313 4.493734 69366.7
2025-05-28 10:15:16 INFO     3000 12313 4.447939 69279.9
2025-05-28 10:21:50 INFO     4000 12313 4.445340 69340.6
2025-05-28 10:28:25 INFO     5000 12313 4.482956 69236.6
2025-05-28 10:34:59 INFO     6000 12313 4.439336 69366.7
2025-05-28 10:41:32 INFO     7000 12313 4.423949 69323.3
2025-05-28 10:48:07 INFO     8000 12313 4.462937 69349.3
2025-05-28 10:54:41 INFO     9000 12313 4.422498 69384.0
2025-05-28 11:01:15 INFO     10000 12313 4.415278 69384.0
2025-05-28 11:07:48 INFO     11000 12313 4.439832 69288.6
2025-05-28 11:14:22 INFO     12000 12313 4.445603 69366.7
2025-05-28 11:16:26 INFO     >>>>> Predictor: Evaluating on valid
2025-05-28 11:19:20 INFO     Data : 3823
2025-05-28 11:19:20 INFO     Hit1 : 0.078734
2025-05-28 11:19:20 INFO     Hit3 : 0.160607
2025-05-28 11:19:20 INFO     Hit10: 0.297934
2025-05-28 11:19:20 INFO     MR   : 610.444546
2025-05-28 11:19:20 INFO     MRR  : 0.149813
2025-05-28 11:19:20 INFO     >>>>> Predictor: Evaluating on test
2025-05-28 11:22:39 INFO     Data : 4402
2025-05-28 11:22:39 INFO     Hit1 : 0.111313
2025-05-28 11:22:39 INFO     Hit3 : 0.194230
2025-05-28 11:22:39 INFO     Hit10: 0.323489
2025-05-28 11:22:39 INFO     MR   : 589.858133
2025-05-28 11:22:39 INFO     MRR  : 0.180189
2025-05-28 11:22:39 INFO     Save checkpoint to results/semmeddb/multitask/cluster_3/full/schedule/predictor.pt
2025-05-28 11:22:39 INFO     -------------------------
2025-05-28 11:22:39 INFO     | Iteration: 2/5
2025-05-28 11:22:39 INFO     -------------------------
2025-05-28 11:22:39 INFO     >>>>> Predictor: Training
2025-05-28 11:29:15 INFO     1000 12313 4.382322 69384.0
2025-05-28 11:35:50 INFO     2000 12313 4.379094 69384.0
2025-05-28 11:42:26 INFO     3000 12313 4.389393 69340.6
2025-05-28 11:49:01 INFO     4000 12313 4.396012 69305.9
2025-05-28 11:55:37 INFO     5000 12313 4.402431 69340.6
2025-05-28 12:02:12 INFO     6000 12313 4.407607 69297.3
2025-05-28 12:08:48 INFO     7000 12313 4.392496 69323.3
2025-05-28 12:15:36 INFO     8000 12313 4.414008 69366.7
2025-05-28 12:21:55 INFO     9000 12313 4.389447 69297.3
2025-05-28 12:28:17 INFO     10000 12313 4.402604 69366.7
2025-05-28 12:34:45 INFO     11000 12313 4.411492 69314.6
2025-05-28 12:41:15 INFO     12000 12313 4.415707 69279.9
2025-05-28 12:43:17 INFO     >>>>> Predictor: Evaluating on valid
2025-05-28 12:46:08 INFO     Data : 3823
2025-05-28 12:46:08 INFO     Hit1 : 0.081350
2025-05-28 12:46:08 INFO     Hit3 : 0.157991
2025-05-28 12:46:08 INFO     Hit10: 0.300549
2025-05-28 12:46:08 INFO     MR   : 593.859011
2025-05-28 12:46:08 INFO     MRR  : 0.150408
2025-05-28 12:46:08 INFO     >>>>> Predictor: Evaluating on test
2025-05-28 12:49:24 INFO     Data : 4402
2025-05-28 12:49:24 INFO     Hit1 : 0.110404
2025-05-28 12:49:24 INFO     Hit3 : 0.197865
2025-05-28 12:49:24 INFO     Hit10: 0.323944
2025-05-28 12:49:24 INFO     MR   : 567.822013
2025-05-28 12:49:24 INFO     MRR  : 0.181352
2025-05-28 12:49:24 INFO     Save checkpoint to results/semmeddb/multitask/cluster_3/full/schedule/predictor.pt
2025-05-28 12:49:24 INFO     -------------------------
2025-05-28 12:49:24 INFO     | Iteration: 3/5
2025-05-28 12:49:24 INFO     -------------------------
2025-05-28 12:49:24 INFO     >>>>> Predictor: Training
2025-05-28 12:55:44 INFO     1000 12313 4.386843 69262.6
2025-05-28 13:02:03 INFO     2000 12313 4.366602 69384.0
2025-05-28 13:08:21 INFO     3000 12313 4.347706 69262.6
2025-05-28 13:14:40 INFO     4000 12313 4.391463 69323.3
2025-05-28 13:21:09 INFO     5000 12313 4.361127 69366.7
2025-05-28 13:27:40 INFO     6000 12313 4.383404 69323.3
2025-05-28 13:34:12 INFO     7000 12313 4.390143 69366.7
2025-05-28 13:40:51 INFO     8000 12313 4.398897 69384.0
2025-05-28 13:47:32 INFO     9000 12313 4.378601 69349.3
2025-05-28 13:53:55 INFO     10000 12313 4.401599 69314.6
2025-05-28 14:00:14 INFO     11000 12313 4.360250 69349.3
2025-05-28 14:06:35 INFO     12000 12313 4.397471 69314.6
2025-05-28 14:08:37 INFO     >>>>> Predictor: Evaluating on valid
2025-05-28 14:11:30 INFO     Data : 3823
2025-05-28 14:11:30 INFO     Hit1 : 0.079257
2025-05-28 14:11:30 INFO     Hit3 : 0.165315
2025-05-28 14:11:30 INFO     Hit10: 0.309181
2025-05-28 14:11:30 INFO     MR   : 588.553100
2025-05-28 14:11:30 INFO     MRR  : 0.152254
2025-05-28 14:11:30 INFO     >>>>> Predictor: Evaluating on test
2025-05-28 14:14:50 INFO     Data : 4402
2025-05-28 14:14:50 INFO     Hit1 : 0.105407
2025-05-28 14:14:50 INFO     Hit3 : 0.198773
2025-05-28 14:14:50 INFO     Hit10: 0.327578
2025-05-28 14:14:50 INFO     MR   : 558.673217
2025-05-28 14:14:50 INFO     MRR  : 0.178875
2025-05-28 14:14:50 INFO     Save checkpoint to results/semmeddb/multitask/cluster_3/full/schedule/predictor.pt
2025-05-28 14:14:50 INFO     -------------------------
2025-05-28 14:14:50 INFO     | Iteration: 4/5
2025-05-28 14:14:50 INFO     -------------------------
2025-05-28 14:14:50 INFO     >>>>> Predictor: Training
2025-05-28 14:21:27 INFO     1000 12313 4.337968 69384.0
2025-05-28 14:28:13 INFO     2000 12313 4.357647 69340.6
2025-05-28 14:34:49 INFO     3000 12313 4.364700 69384.0
2025-05-28 14:41:25 INFO     4000 12313 4.397198 69253.9
2025-05-28 14:48:01 INFO     5000 12313 4.380042 69262.6
2025-05-28 14:54:38 INFO     6000 12313 4.393643 69340.6
2025-05-28 15:01:14 INFO     7000 12313 4.371805 69314.6
2025-05-28 15:07:51 INFO     8000 12313 4.356189 69323.3
2025-05-28 15:14:27 INFO     9000 12313 4.381475 69366.7
2025-05-28 15:21:03 INFO     10000 12313 4.355746 69349.3
2025-05-28 15:27:41 INFO     11000 12313 4.366106 69366.7
2025-05-28 15:34:17 INFO     12000 12313 4.384906 69366.7
2025-05-28 15:36:21 INFO     >>>>> Predictor: Evaluating on valid
2025-05-28 15:39:14 INFO     Data : 3823
2025-05-28 15:39:14 INFO     Hit1 : 0.076903
2025-05-28 15:39:14 INFO     Hit3 : 0.161130
2025-05-28 15:39:14 INFO     Hit10: 0.304735
2025-05-28 15:39:14 INFO     MR   : 581.002877
2025-05-28 15:39:14 INFO     MRR  : 0.149687
2025-05-28 15:39:14 INFO     >>>>> Predictor: Evaluating on test
2025-05-28 15:42:34 INFO     Data : 4402
2025-05-28 15:42:34 INFO     Hit1 : 0.109496
2025-05-28 15:42:34 INFO     Hit3 : 0.195820
2025-05-28 15:42:34 INFO     Hit10: 0.330986
2025-05-28 15:42:34 INFO     MR   : 553.854725
2025-05-28 15:42:34 INFO     MRR  : 0.181565
2025-05-28 15:42:34 INFO     -------------------------
2025-05-28 15:42:34 INFO     | Iteration: 5/5
2025-05-28 15:42:34 INFO     -------------------------
2025-05-28 15:42:34 INFO     >>>>> Predictor: Training
2025-05-28 15:49:09 INFO     1000 12313 4.337960 69323.3
2025-05-28 15:55:46 INFO     2000 12313 4.363610 69384.0
2025-05-28 16:02:22 INFO     3000 12313 4.356296 69245.2
2025-05-28 16:08:59 INFO     4000 12313 4.337664 69384.0
2025-05-28 16:15:37 INFO     5000 12313 4.384479 69366.7
2025-05-28 16:22:13 INFO     6000 12313 4.358828 69323.3
2025-05-28 16:28:52 INFO     7000 12313 4.375476 69384.0
2025-05-28 16:35:28 INFO     8000 12313 4.385998 69297.3
2025-05-28 16:42:15 INFO     9000 12313 4.365487 69384.0
2025-05-28 16:49:06 INFO     10000 12313 4.362119 69271.3
2025-05-28 16:55:59 INFO     11000 12313 4.363049 69340.6
2025-05-28 17:02:40 INFO     12000 12313 4.342131 69297.3
2025-05-28 17:04:45 INFO     >>>>> Predictor: Evaluating on valid
2025-05-28 17:07:39 INFO     Data : 3823
2025-05-28 17:07:39 INFO     Hit1 : 0.078211
2025-05-28 17:07:39 INFO     Hit3 : 0.165315
2025-05-28 17:07:39 INFO     Hit10: 0.298195
2025-05-28 17:07:39 INFO     MR   : 572.831284
2025-05-28 17:07:39 INFO     MRR  : 0.150967
2025-05-28 17:07:39 INFO     >>>>> Predictor: Evaluating on test
2025-05-28 17:10:59 INFO     Data : 4402
2025-05-28 17:10:59 INFO     Hit1 : 0.109041
2025-05-28 17:10:59 INFO     Hit3 : 0.192867
2025-05-28 17:10:59 INFO     Hit10: 0.321445
2025-05-28 17:10:59 INFO     MR   : 550.564403
2025-05-28 17:10:59 INFO     MRR  : 0.179128
2025-05-28 17:10:59 INFO     -------------------------
2025-05-28 17:10:59 INFO     | Final Test MRR: 0.178875
2025-05-28 17:10:59 INFO     -------------------------
