2025-07-10 06:57:03 INFO     is_soft_label: False
2025-07-10 06:57:03 INFO     is_scheduled_sampling: False
2025-07-10 06:57:03 INFO     is_test_mode: False
2025-07-10 06:57:03 INFO     Data loading | DONE!
2025-07-10 06:57:03 INFO     Using full datasets for training, validation, and testing.
2025-07-10 06:57:04 INFO     -------------------------
2025-07-10 06:57:04 INFO     | EM Iteration: 1/5
2025-07-10 06:57:04 INFO     -------------------------
2025-07-10 06:57:04 INFO     >>>>> Using miner's rule
2025-07-10 06:57:04 INFO     Predictor: read 13661 rules from list.
2025-07-10 06:57:05 INFO     Preprocess training set
2025-07-10 06:57:05 INFO     >>>>> Predictor: Evaluating on valid
2025-07-10 06:59:19 INFO     Data : 2077
2025-07-10 06:59:19 INFO     Hit1 : 0.065479
2025-07-10 06:59:19 INFO     Hit3 : 0.127106
2025-07-10 06:59:19 INFO     Hit10: 0.199326
2025-07-10 06:59:19 INFO     MR   : 1120.902022
2025-07-10 06:59:19 INFO     MRR  : 0.114382
2025-07-10 06:59:19 INFO     >>>>> Predictor: Evaluating on test
2025-07-10 07:01:54 INFO     Data : 2342
2025-07-10 07:01:54 INFO     Hit1 : 0.078992
2025-07-10 07:01:54 INFO     Hit3 : 0.124253
2025-07-10 07:01:54 INFO     Hit10: 0.208796
2025-07-10 07:01:54 INFO     MR   : 1044.269001
2025-07-10 07:01:54 INFO     MRR  : 0.122250
2025-07-10 07:01:54 INFO     >>>>> Predictor: Computing H scores of rules
2025-07-10 07:36:13 INFO     1000 5959
2025-07-10 08:11:10 INFO     2000 5959
2025-07-10 08:45:50 INFO     3000 5959
2025-07-10 09:20:45 INFO     4000 5959
2025-07-10 09:55:21 INFO     5000 5959
2025-07-10 10:30:48 INFO     >>>>> Generator: Training
2025-07-10 10:30:58 INFO     -------------------------
2025-07-10 10:30:58 INFO     | EM Iteration: 2/5
2025-07-10 10:30:58 INFO     -------------------------
2025-07-10 10:30:58 INFO     >>>>> Using Generator's sample rule
2025-07-10 10:30:58 INFO     >>>>> Generator: Rule generation with sampling
2025-07-10 10:30:58 INFO     Predictor: read 1911 rules from list.
2025-07-10 10:30:58 INFO     Preprocess training set
2025-07-10 10:30:58 INFO     >>>>> Predictor: Training
2025-07-10 10:32:05 INFO     1000 5959 8.777697 69314.6
2025-07-10 10:33:11 INFO     2000 5959 8.372000 69271.3
2025-07-10 10:34:18 INFO     3000 5959 8.153905 69245.2
2025-07-10 10:35:25 INFO     4000 5959 7.970392 69340.6
2025-07-10 10:36:32 INFO     5000 5959 7.794693 69340.6
2025-07-10 10:37:37 INFO     >>>>> Predictor: Evaluating on valid
2025-07-10 10:37:53 INFO     Data : 2077
2025-07-10 10:37:53 INFO     Hit1 : 0.018777
2025-07-10 10:37:53 INFO     Hit3 : 0.033221
2025-07-10 10:37:53 INFO     Hit10: 0.057294
2025-07-10 10:37:53 INFO     MR   : 1434.890467
2025-07-10 10:37:53 INFO     MRR  : 0.034256
2025-07-10 10:37:53 INFO     >>>>> Predictor: Evaluating on test
2025-07-10 10:38:11 INFO     Data : 2342
2025-07-10 10:38:11 INFO     Hit1 : 0.017506
2025-07-10 10:38:11 INFO     Hit3 : 0.033305
2025-07-10 10:38:11 INFO     Hit10: 0.061059
2025-07-10 10:38:11 INFO     MR   : 1332.290991
2025-07-10 10:38:11 INFO     MRR  : 0.034269
2025-07-10 10:38:11 INFO     >>>>> Predictor: Computing H scores of rules
2025-07-10 10:41:27 INFO     1000 5959
2025-07-10 10:44:45 INFO     2000 5959
2025-07-10 10:48:02 INFO     3000 5959
2025-07-10 10:51:18 INFO     4000 5959
2025-07-10 10:54:35 INFO     5000 5959
2025-07-10 10:57:48 INFO     >>>>> Generator: Training
2025-07-10 10:57:56 INFO     -------------------------
2025-07-10 10:57:56 INFO     | EM Iteration: 3/5
2025-07-10 10:57:56 INFO     -------------------------
2025-07-10 10:57:56 INFO     >>>>> Using Generator's sample rule
2025-07-10 10:57:56 INFO     >>>>> Generator: Rule generation with sampling
2025-07-10 10:57:56 INFO     Predictor: read 1913 rules from list.
2025-07-10 10:57:56 INFO     Preprocess training set
2025-07-10 10:57:56 INFO     >>>>> Predictor: Training
2025-07-10 10:59:03 INFO     1000 5959 8.801417 69332.0
2025-07-10 11:00:09 INFO     2000 5959 8.440396 69349.3
2025-07-10 11:01:16 INFO     3000 5959 8.213695 69184.5
2025-07-10 11:02:21 INFO     4000 5959 8.009485 69253.9
2025-07-10 11:03:28 INFO     5000 5959 7.911373 69332.0
2025-07-10 11:04:32 INFO     >>>>> Predictor: Evaluating on valid
2025-07-10 11:04:47 INFO     Data : 2077
2025-07-10 11:04:47 INFO     Hit1 : 0.013962
2025-07-10 11:04:47 INFO     Hit3 : 0.021666
2025-07-10 11:04:47 INFO     Hit10: 0.033221
2025-07-10 11:04:47 INFO     MR   : 1496.971594
2025-07-10 11:04:47 INFO     MRR  : 0.023922
2025-07-10 11:04:47 INFO     >>>>> Predictor: Evaluating on test
2025-07-10 11:05:05 INFO     Data : 2342
2025-07-10 11:05:05 INFO     Hit1 : 0.013664
2025-07-10 11:05:05 INFO     Hit3 : 0.019641
2025-07-10 11:05:05 INFO     Hit10: 0.028181
2025-07-10 11:05:05 INFO     MR   : 1380.479078
2025-07-10 11:05:05 INFO     MRR  : 0.022659
2025-07-10 11:05:05 INFO     >>>>> Predictor: Computing H scores of rules
2025-07-10 11:08:21 INFO     1000 5959
2025-07-10 11:11:38 INFO     2000 5959
2025-07-10 11:14:55 INFO     3000 5959
2025-07-10 11:18:11 INFO     4000 5959
2025-07-10 11:21:28 INFO     5000 5959
2025-07-10 11:24:40 INFO     >>>>> Generator: Training
2025-07-10 11:24:49 INFO     -------------------------
2025-07-10 11:24:49 INFO     | EM Iteration: 4/5
2025-07-10 11:24:49 INFO     -------------------------
2025-07-10 11:24:49 INFO     >>>>> Using Generator's sample rule
2025-07-10 11:24:49 INFO     >>>>> Generator: Rule generation with sampling
2025-07-10 11:24:49 INFO     Predictor: read 1934 rules from list.
2025-07-10 11:24:49 INFO     Preprocess training set
2025-07-10 11:24:49 INFO     >>>>> Predictor: Training
2025-07-10 11:25:57 INFO     1000 5959 8.787222 69271.3
2025-07-10 11:27:04 INFO     2000 5959 8.405714 69340.6
2025-07-10 11:28:12 INFO     3000 5959 8.139487 69384.0
2025-07-10 11:29:19 INFO     4000 5959 7.956794 69262.6
2025-07-10 11:30:27 INFO     5000 5959 7.797917 69332.0
2025-07-10 11:31:31 INFO     >>>>> Predictor: Evaluating on valid
2025-07-10 11:31:47 INFO     Data : 2077
2025-07-10 11:31:47 INFO     Hit1 : 0.012518
2025-07-10 11:31:47 INFO     Hit3 : 0.026481
2025-07-10 11:31:47 INFO     Hit10: 0.047183
2025-07-10 11:31:47 INFO     MR   : 1475.796100
2025-07-10 11:31:47 INFO     MRR  : 0.027906
2025-07-10 11:31:47 INFO     >>>>> Predictor: Evaluating on test
2025-07-10 11:32:06 INFO     Data : 2342
2025-07-10 11:32:06 INFO     Hit1 : 0.009394
2025-07-10 11:32:06 INFO     Hit3 : 0.021776
2025-07-10 11:32:06 INFO     Hit10: 0.042272
2025-07-10 11:32:06 INFO     MR   : 1363.837746
2025-07-10 11:32:06 INFO     MRR  : 0.024119
2025-07-10 11:32:06 INFO     >>>>> Predictor: Computing H scores of rules
2025-07-10 11:35:23 INFO     1000 5959
2025-07-10 11:38:43 INFO     2000 5959
2025-07-10 11:42:02 INFO     3000 5959
2025-07-10 11:45:20 INFO     4000 5959
2025-07-10 11:48:39 INFO     5000 5959
2025-07-10 11:51:52 INFO     >>>>> Generator: Training
2025-07-10 11:52:01 INFO     -------------------------
2025-07-10 11:52:01 INFO     | EM Iteration: 5/5
2025-07-10 11:52:01 INFO     -------------------------
2025-07-10 11:52:01 INFO     >>>>> Using Generator's sample rule
2025-07-10 11:52:01 INFO     >>>>> Generator: Rule generation with sampling
2025-07-10 11:52:01 INFO     Predictor: read 1957 rules from list.
2025-07-10 11:52:01 INFO     Preprocess training set
2025-07-10 11:52:01 INFO     >>>>> Predictor: Training
2025-07-10 11:53:09 INFO     1000 5959 8.830482 69332.0
2025-07-10 11:54:17 INFO     2000 5959 8.516944 69349.3
2025-07-10 11:55:25 INFO     3000 5959 8.327075 69340.6
2025-07-10 11:56:34 INFO     4000 5959 8.191456 69297.3
2025-07-10 11:57:42 INFO     5000 5959 8.089649 69219.2
2025-07-10 11:58:47 INFO     >>>>> Predictor: Evaluating on valid
2025-07-10 11:59:03 INFO     Data : 2077
2025-07-10 11:59:03 INFO     Hit1 : 0.027443
2025-07-10 11:59:03 INFO     Hit3 : 0.053442
2025-07-10 11:59:03 INFO     Hit10: 0.080886
2025-07-10 11:59:03 INFO     MR   : 1446.551517
2025-07-10 11:59:03 INFO     MRR  : 0.049468
2025-07-10 11:59:03 INFO     >>>>> Predictor: Evaluating on test
2025-07-10 11:59:22 INFO     Data : 2342
2025-07-10 11:59:22 INFO     Hit1 : 0.029462
2025-07-10 11:59:22 INFO     Hit3 : 0.054227
2025-07-10 11:59:22 INFO     Hit10: 0.078992
2025-07-10 11:59:22 INFO     MR   : 1341.779249
2025-07-10 11:59:22 INFO     MRR  : 0.051115
2025-07-10 11:59:22 INFO     >>>>> Predictor: Computing H scores of rules
2025-07-10 12:02:42 INFO     1000 5959
2025-07-10 12:06:02 INFO     2000 5959
2025-07-10 12:09:22 INFO     3000 5959
2025-07-10 12:12:41 INFO     4000 5959
2025-07-10 12:16:00 INFO     5000 5959
2025-07-10 12:19:14 INFO     >>>>> Generator: Training
2025-07-10 12:19:23 INFO     -------------------------
2025-07-10 12:19:23 INFO     | Post-train Generator
2025-07-10 12:19:23 INFO     -------------------------
2025-07-10 12:19:24 INFO     >>>>> Generator: Training
2025-07-10 12:20:59 INFO     [E01000] Total 3.206713 | Main 3.089704 | RelClus 2.268245 | EntType 3.041056
2025-07-10 12:20:59 INFO     -------------------------
2025-07-10 12:20:59 INFO     | Beam Search Best Rules
2025-07-10 12:20:59 INFO     -------------------------
2025-07-10 12:20:59 INFO     >>>>> Generator: Rule generation with beam search
2025-07-10 12:21:00 INFO     >>>>> Generator: Rule generation with beam search
2025-07-10 12:21:06 INFO     >>>>> Generator: Rule generation with beam search
2025-07-10 12:22:24 INFO     >>>>> Generator: Rule generation with beam search
2025-07-10 12:23:27 INFO     >>>>> Generator: Rule generation with beam search
2025-07-10 12:24:10 INFO     -------------------------
2025-07-10 12:24:10 INFO     | Train Final Predictor+
2025-07-10 12:24:10 INFO     -------------------------
2025-07-10 12:24:10 INFO     Predictor+: read 18420 rules from list.
2025-07-10 12:24:10 INFO     Preprocess training set
2025-07-10 12:24:10 INFO     -------------------------
2025-07-10 12:24:10 INFO     | Iteration: 1/5
2025-07-10 12:24:10 INFO     -------------------------
2025-07-10 12:24:10 INFO     >>>>> Predictor: Training
2025-07-10 12:29:06 INFO     1000 5959 4.895646 69271.3
2025-07-10 12:34:02 INFO     2000 5959 4.723119 69332.0
2025-07-10 12:38:58 INFO     3000 5959 4.706763 69375.3
2025-07-10 12:43:53 INFO     4000 5959 4.709595 69279.9
2025-07-10 12:48:52 INFO     5000 5959 4.679836 69349.3
2025-07-10 12:53:36 INFO     >>>>> Predictor: Evaluating on valid
2025-07-10 12:54:49 INFO     Data : 2077
2025-07-10 12:54:49 INFO     Hit1 : 0.101107
2025-07-10 12:54:49 INFO     Hit3 : 0.183919
2025-07-10 12:54:49 INFO     Hit10: 0.320655
2025-07-10 12:54:49 INFO     MR   : 986.217140
2025-07-10 12:54:49 INFO     MRR  : 0.168194
2025-07-10 12:54:49 INFO     >>>>> Predictor: Evaluating on test
2025-07-10 12:56:10 INFO     Data : 2342
2025-07-10 12:56:10 INFO     Hit1 : 0.126388
2025-07-10 12:56:10 INFO     Hit3 : 0.206234
2025-07-10 12:56:10 INFO     Hit10: 0.317250
2025-07-10 12:56:10 INFO     MR   : 921.499787
2025-07-10 12:56:10 INFO     MRR  : 0.189564
2025-07-10 12:56:11 INFO     Save checkpoint to results/semmeddb/10_times_each/cluster_k/6_20250710_065701/predictor.pt
2025-07-10 12:56:11 INFO     -------------------------
2025-07-10 12:56:11 INFO     | Iteration: 2/5
2025-07-10 12:56:11 INFO     -------------------------
2025-07-10 12:56:11 INFO     >>>>> Predictor: Training
2025-07-10 13:01:06 INFO     1000 5959 4.604182 69366.7
2025-07-10 13:06:02 INFO     2000 5959 4.652116 69375.3
2025-07-10 13:10:57 INFO     3000 5959 4.640566 69219.2
2025-07-10 13:15:53 INFO     4000 5959 4.652809 69305.9
2025-07-10 13:20:50 INFO     5000 5959 4.617459 69288.6
2025-07-10 13:25:34 INFO     >>>>> Predictor: Evaluating on valid
2025-07-10 13:26:48 INFO     Data : 2077
2025-07-10 13:26:48 INFO     Hit1 : 0.100144
2025-07-10 13:26:48 INFO     Hit3 : 0.182475
2025-07-10 13:26:48 INFO     Hit10: 0.316803
2025-07-10 13:26:48 INFO     MR   : 947.561868
2025-07-10 13:26:48 INFO     MRR  : 0.168338
2025-07-10 13:26:48 INFO     >>>>> Predictor: Evaluating on test
2025-07-10 13:28:10 INFO     Data : 2342
2025-07-10 13:28:10 INFO     Hit1 : 0.128096
2025-07-10 13:28:10 INFO     Hit3 : 0.208369
2025-07-10 13:28:10 INFO     Hit10: 0.322374
2025-07-10 13:28:10 INFO     MR   : 882.054868
2025-07-10 13:28:10 INFO     MRR  : 0.190378
2025-07-10 13:28:10 INFO     Save checkpoint to results/semmeddb/10_times_each/cluster_k/6_20250710_065701/predictor.pt
2025-07-10 13:28:10 INFO     -------------------------
2025-07-10 13:28:10 INFO     | Iteration: 3/5
2025-07-10 13:28:10 INFO     -------------------------
2025-07-10 13:28:10 INFO     >>>>> Predictor: Training
2025-07-10 13:33:04 INFO     1000 5959 4.615965 69288.6
2025-07-10 13:37:59 INFO     2000 5959 4.618849 69288.6
2025-07-10 13:42:56 INFO     3000 5959 4.607289 69340.6
2025-07-10 13:47:50 INFO     4000 5959 4.618554 69271.3
2025-07-10 13:52:44 INFO     5000 5959 4.638385 69219.2
2025-07-10 13:57:28 INFO     >>>>> Predictor: Evaluating on valid
2025-07-10 13:58:40 INFO     Data : 2077
2025-07-10 13:58:40 INFO     Hit1 : 0.095811
2025-07-10 13:58:40 INFO     Hit3 : 0.178142
2025-07-10 13:58:40 INFO     Hit10: 0.311988
2025-07-10 13:58:40 INFO     MR   : 935.316803
2025-07-10 13:58:40 INFO     MRR  : 0.164871
2025-07-10 13:58:40 INFO     >>>>> Predictor: Evaluating on test
2025-07-10 14:00:02 INFO     Data : 2342
2025-07-10 14:00:02 INFO     Hit1 : 0.117848
2025-07-10 14:00:02 INFO     Hit3 : 0.200256
2025-07-10 14:00:02 INFO     Hit10: 0.322801
2025-07-10 14:00:02 INFO     MR   : 863.093937
2025-07-10 14:00:02 INFO     MRR  : 0.183139
2025-07-10 14:00:02 INFO     -------------------------
2025-07-10 14:00:02 INFO     | Iteration: 4/5
2025-07-10 14:00:02 INFO     -------------------------
2025-07-10 14:00:02 INFO     >>>>> Predictor: Training
2025-07-10 14:04:58 INFO     1000 5959 4.591852 69340.6
2025-07-10 14:09:58 INFO     2000 5959 4.563476 69184.5
2025-07-10 14:14:55 INFO     3000 5959 4.624158 69253.9
2025-07-10 14:19:52 INFO     4000 5959 4.600812 69340.6
2025-07-10 14:24:47 INFO     5000 5959 4.598440 69384.0
2025-07-10 14:29:30 INFO     >>>>> Predictor: Evaluating on valid
2025-07-10 14:30:43 INFO     Data : 2077
2025-07-10 14:30:43 INFO     Hit1 : 0.098700
2025-07-10 14:30:43 INFO     Hit3 : 0.182956
2025-07-10 14:30:43 INFO     Hit10: 0.315840
2025-07-10 14:30:43 INFO     MR   : 928.084738
2025-07-10 14:30:43 INFO     MRR  : 0.167204
2025-07-10 14:30:43 INFO     >>>>> Predictor: Evaluating on test
2025-07-10 14:32:05 INFO     Data : 2342
2025-07-10 14:32:05 INFO     Hit1 : 0.125961
2025-07-10 14:32:05 INFO     Hit3 : 0.208796
2025-07-10 14:32:05 INFO     Hit10: 0.320666
2025-07-10 14:32:05 INFO     MR   : 859.324295
2025-07-10 14:32:05 INFO     MRR  : 0.190359
2025-07-10 14:32:05 INFO     -------------------------
2025-07-10 14:32:05 INFO     | Iteration: 5/5
2025-07-10 14:32:05 INFO     -------------------------
2025-07-10 14:32:05 INFO     >>>>> Predictor: Training
2025-07-10 14:37:04 INFO     1000 5959 4.604128 69323.3
2025-07-10 14:41:59 INFO     2000 5959 4.581580 69332.0
2025-07-10 14:46:54 INFO     3000 5959 4.615155 69219.2
2025-07-10 14:51:54 INFO     4000 5959 4.611866 69297.3
2025-07-10 14:56:51 INFO     5000 5959 4.573755 69332.0
2025-07-10 15:01:36 INFO     >>>>> Predictor: Evaluating on valid
2025-07-10 15:02:48 INFO     Data : 2077
2025-07-10 15:02:48 INFO     Hit1 : 0.089071
2025-07-10 15:02:48 INFO     Hit3 : 0.179586
2025-07-10 15:02:48 INFO     Hit10: 0.320655
2025-07-10 15:02:48 INFO     MR   : 917.814396
2025-07-10 15:02:48 INFO     MRR  : 0.162315
2025-07-10 15:02:48 INFO     >>>>> Predictor: Evaluating on test
2025-07-10 15:04:11 INFO     Data : 2342
2025-07-10 15:04:11 INFO     Hit1 : 0.127669
2025-07-10 15:04:11 INFO     Hit3 : 0.207515
2025-07-10 15:04:11 INFO     Hit10: 0.318958
2025-07-10 15:04:11 INFO     MR   : 850.318318
2025-07-10 15:04:11 INFO     MRR  : 0.191613
2025-07-10 15:04:11 INFO     -------------------------
2025-07-10 15:04:11 INFO     | Final Test MRR: 0.190378
2025-07-10 15:04:11 INFO     -------------------------
