2025-06-08 19:14:58 INFO     -------------------------
2025-06-08 19:14:58 INFO     | Pre-train Generator
2025-06-08 19:14:58 INFO     -------------------------
2025-06-08 19:14:58 INFO     >>>>> Generator: Training
2025-06-08 19:17:52 INFO     [E1000] Total: 1.432392 | Main: 1.656903 | Aux: 0.534348
2025-06-08 19:20:45 INFO     [E2000] Total: 1.361333 | Main: 1.571144 | Aux: 0.522088
2025-06-08 19:23:38 INFO     [E3000] Total: 1.351993 | Main: 1.559976 | Aux: 0.520060
2025-06-08 19:26:31 INFO     [E4000] Total: 1.345560 | Main: 1.552217 | Aux: 0.518935
2025-06-08 19:29:24 INFO     [E5000] Total: 1.342668 | Main: 1.548896 | Aux: 0.517755
2025-06-08 19:32:17 INFO     [E6000] Total: 1.340984 | Main: 1.546882 | Aux: 0.517394
2025-06-08 19:35:10 INFO     [E7000] Total: 1.340137 | Main: 1.545917 | Aux: 0.517015
2025-06-08 19:38:03 INFO     [E8000] Total: 1.340252 | Main: 1.546077 | Aux: 0.516952
2025-06-08 19:40:56 INFO     [E9000] Total: 1.338694 | Main: 1.544334 | Aux: 0.516133
2025-06-08 19:42:44 INFO     [E10000] Total: 1.334357 | Main: 1.538973 | Aux: 0.515892
2025-06-08 19:42:44 INFO     -------------------------
2025-06-08 19:42:44 INFO     | EM Iteration: 1/5
2025-06-08 19:42:44 INFO     -------------------------
2025-06-08 19:42:44 INFO     >>>>> Generator: Rule generation with sampling
2025-06-08 19:42:44 INFO     Predictor: read 1253 rules from list.
2025-06-08 19:42:44 INFO     Preprocess training set
2025-06-08 19:42:44 INFO     >>>>> Predictor: Training
