2025-07-23 07:37:46 INFO     is_soft_label: False
2025-07-23 07:37:46 INFO     is_scheduled_sampling: True
2025-07-23 07:37:46 INFO     is_test_mode: False
2025-07-23 07:37:46 INFO     Data loading | DONE!
2025-07-23 07:37:46 INFO     Using full datasets for training, validation, and testing.
2025-07-23 07:37:46 INFO     -------------------------
2025-07-23 07:37:46 INFO     | EM Iteration: 1/5
2025-07-23 07:37:46 INFO     -------------------------
2025-07-23 07:37:46 INFO     >>>>> Using miner's rule
2025-07-23 07:37:46 INFO     Predictor: read 13661 rules from list.
2025-07-23 07:37:47 INFO     Preprocess training set
2025-07-23 07:37:47 INFO     >>>>> Predictor: Evaluating on valid
2025-07-23 07:40:03 INFO     Data : 2077
2025-07-23 07:40:03 INFO     Hit1 : 0.065479
2025-07-23 07:40:03 INFO     Hit3 : 0.127106
2025-07-23 07:40:03 INFO     Hit10: 0.199326
2025-07-23 07:40:03 INFO     MR   : 1120.902022
2025-07-23 07:40:03 INFO     MRR  : 0.114382
2025-07-23 07:40:03 INFO     >>>>> Predictor: Evaluating on test
2025-07-23 07:42:41 INFO     Data : 2342
2025-07-23 07:42:41 INFO     Hit1 : 0.078992
2025-07-23 07:42:41 INFO     Hit3 : 0.124253
2025-07-23 07:42:41 INFO     Hit10: 0.208796
2025-07-23 07:42:41 INFO     MR   : 1044.269001
2025-07-23 07:42:41 INFO     MRR  : 0.122250
2025-07-23 07:42:41 INFO     >>>>> Predictor: Computing H scores of rules
2025-07-23 08:19:36 INFO     1000 5959
2025-07-23 08:57:06 INFO     2000 5959
2025-07-23 09:34:15 INFO     3000 5959
2025-07-23 10:11:40 INFO     4000 5959
2025-07-23 10:48:53 INFO     5000 5959
2025-07-23 11:26:34 INFO     >>>>> Generator: Training
2025-07-23 11:26:45 INFO     -------------------------
2025-07-23 11:26:45 INFO     | EM Iteration: 2/5
2025-07-23 11:26:45 INFO     -------------------------
2025-07-23 11:26:45 INFO     >>>>> Using Generator's sample rule
2025-07-23 11:26:45 INFO     >>>>> Generator: Rule generation with sampling
2025-07-23 11:26:45 INFO     Predictor: read 1910 rules from list.
2025-07-23 11:26:45 INFO     Preprocess training set
2025-07-23 11:26:45 INFO     >>>>> Predictor: Training
2025-07-23 11:27:59 INFO     1000 5959 8.782457 69314.6
2025-07-23 11:29:13 INFO     2000 5959 8.410559 69271.3
2025-07-23 11:30:27 INFO     3000 5959 8.220157 69245.2
2025-07-23 11:31:41 INFO     4000 5959 8.066903 69340.6
2025-07-23 11:32:58 INFO     5000 5959 7.944350 69340.6
2025-07-23 11:34:09 INFO     >>>>> Predictor: Evaluating on valid
2025-07-23 11:34:28 INFO     Data : 2077
2025-07-23 11:34:28 INFO     Hit1 : 0.025036
2025-07-23 11:34:28 INFO     Hit3 : 0.040924
2025-07-23 11:34:28 INFO     Hit10: 0.064516
2025-07-23 11:34:28 INFO     MR   : 1408.601348
2025-07-23 11:34:28 INFO     MRR  : 0.041208
2025-07-23 11:34:28 INFO     >>>>> Predictor: Evaluating on test
2025-07-23 11:34:48 INFO     Data : 2342
2025-07-23 11:34:48 INFO     Hit1 : 0.019641
2025-07-23 11:34:48 INFO     Hit3 : 0.031170
2025-07-23 11:34:48 INFO     Hit10: 0.058497
2025-07-23 11:34:48 INFO     MR   : 1315.137062
2025-07-23 11:34:48 INFO     MRR  : 0.035162
2025-07-23 11:34:48 INFO     >>>>> Predictor: Computing H scores of rules
2025-07-23 11:38:10 INFO     1000 5959
2025-07-23 11:41:32 INFO     2000 5959
2025-07-23 11:44:52 INFO     3000 5959
2025-07-23 11:48:14 INFO     4000 5959
2025-07-23 11:51:45 INFO     5000 5959
2025-07-23 11:55:09 INFO     >>>>> Generator: Training
2025-07-23 11:55:19 INFO     -------------------------
2025-07-23 11:55:19 INFO     | EM Iteration: 3/5
2025-07-23 11:55:19 INFO     -------------------------
2025-07-23 11:55:19 INFO     >>>>> Using Generator's sample rule
2025-07-23 11:55:19 INFO     >>>>> Generator: Rule generation with sampling
2025-07-23 11:55:19 INFO     Predictor: read 1894 rules from list.
2025-07-23 11:55:19 INFO     Preprocess training set
2025-07-23 11:55:19 INFO     >>>>> Predictor: Training
2025-07-23 11:56:34 INFO     1000 5959 8.811361 69332.0
2025-07-23 11:57:58 INFO     2000 5959 8.473597 69349.3
2025-07-23 11:59:12 INFO     3000 5959 8.262540 69184.5
2025-07-23 12:00:27 INFO     4000 5959 8.094346 69253.9
2025-07-23 12:01:46 INFO     5000 5959 8.001096 69332.0
2025-07-23 12:03:03 INFO     >>>>> Predictor: Evaluating on valid
2025-07-23 12:03:22 INFO     Data : 2077
2025-07-23 12:03:22 INFO     Hit1 : 0.010592
2025-07-23 12:03:22 INFO     Hit3 : 0.025518
2025-07-23 12:03:22 INFO     Hit10: 0.051517
2025-07-23 12:03:22 INFO     MR   : 1450.406837
2025-07-23 12:03:22 INFO     MRR  : 0.026721
2025-07-23 12:03:22 INFO     >>>>> Predictor: Evaluating on test
2025-07-23 12:03:46 INFO     Data : 2342
2025-07-23 12:03:46 INFO     Hit1 : 0.014091
2025-07-23 12:03:46 INFO     Hit3 : 0.024765
2025-07-23 12:03:46 INFO     Hit10: 0.047395
2025-07-23 12:03:46 INFO     MR   : 1339.567891
2025-07-23 12:03:46 INFO     MRR  : 0.027995
2025-07-23 12:03:46 INFO     >>>>> Predictor: Computing H scores of rules
2025-07-23 12:07:07 INFO     1000 5959
2025-07-23 12:10:37 INFO     2000 5959
2025-07-23 12:14:08 INFO     3000 5959
2025-07-23 12:17:43 INFO     4000 5959
2025-07-23 12:21:09 INFO     5000 5959
2025-07-23 12:24:24 INFO     >>>>> Generator: Training
2025-07-23 12:24:36 INFO     -------------------------
2025-07-23 12:24:36 INFO     | EM Iteration: 4/5
2025-07-23 12:24:36 INFO     -------------------------
2025-07-23 12:24:36 INFO     >>>>> Using Generator's sample rule
2025-07-23 12:24:36 INFO     >>>>> Generator: Rule generation with sampling
2025-07-23 12:24:36 INFO     Predictor: read 1923 rules from list.
2025-07-23 12:24:36 INFO     Preprocess training set
2025-07-23 12:24:36 INFO     >>>>> Predictor: Training
2025-07-23 12:25:54 INFO     1000 5959 8.795448 69271.3
2025-07-23 12:27:10 INFO     2000 5959 8.415264 69340.6
2025-07-23 12:28:23 INFO     3000 5959 8.157345 69384.0
2025-07-23 12:29:38 INFO     4000 5959 7.988755 69262.6
2025-07-23 12:30:53 INFO     5000 5959 7.849661 69332.0
2025-07-23 12:32:04 INFO     >>>>> Predictor: Evaluating on valid
2025-07-23 12:32:23 INFO     Data : 2077
2025-07-23 12:32:23 INFO     Hit1 : 0.001444
2025-07-23 12:32:23 INFO     Hit3 : 0.004333
2025-07-23 12:32:23 INFO     Hit10: 0.014444
2025-07-23 12:32:23 INFO     MR   : 1509.454502
2025-07-23 12:32:23 INFO     MRR  : 0.009340
2025-07-23 12:32:23 INFO     >>>>> Predictor: Evaluating on test
2025-07-23 12:32:44 INFO     Data : 2342
2025-07-23 12:32:44 INFO     Hit1 : 0.001281
2025-07-23 12:32:44 INFO     Hit3 : 0.008540
2025-07-23 12:32:44 INFO     Hit10: 0.017933
2025-07-23 12:32:44 INFO     MR   : 1398.881085
2025-07-23 12:32:44 INFO     MRR  : 0.010718
2025-07-23 12:32:44 INFO     >>>>> Predictor: Computing H scores of rules
2025-07-23 12:36:07 INFO     1000 5959
2025-07-23 12:39:29 INFO     2000 5959
2025-07-23 12:43:00 INFO     3000 5959
2025-07-23 12:46:20 INFO     4000 5959
2025-07-23 12:49:41 INFO     5000 5959
2025-07-23 12:53:06 INFO     >>>>> Generator: Training
2025-07-23 12:53:17 INFO     -------------------------
2025-07-23 12:53:17 INFO     | EM Iteration: 5/5
2025-07-23 12:53:17 INFO     -------------------------
2025-07-23 12:53:17 INFO     >>>>> Using Generator's sample rule
2025-07-23 12:53:17 INFO     >>>>> Generator: Rule generation with sampling
2025-07-23 12:53:17 INFO     Predictor: read 1940 rules from list.
2025-07-23 12:53:17 INFO     Preprocess training set
2025-07-23 12:53:17 INFO     >>>>> Predictor: Training
2025-07-23 12:54:34 INFO     1000 5959 8.820225 69332.0
2025-07-23 12:55:50 INFO     2000 5959 8.474214 69349.3
2025-07-23 12:57:05 INFO     3000 5959 8.251743 69340.6
2025-07-23 12:58:19 INFO     4000 5959 8.111076 69297.3
2025-07-23 12:59:34 INFO     5000 5959 7.963352 69219.2
2025-07-23 13:00:46 INFO     >>>>> Predictor: Evaluating on valid
2025-07-23 13:01:05 INFO     Data : 2077
2025-07-23 13:01:05 INFO     Hit1 : 0.013000
2025-07-23 13:01:05 INFO     Hit3 : 0.022147
2025-07-23 13:01:05 INFO     Hit10: 0.033702
2025-07-23 13:01:05 INFO     MR   : 1536.172364
2025-07-23 13:01:05 INFO     MRR  : 0.023873
2025-07-23 13:01:05 INFO     >>>>> Predictor: Evaluating on test
2025-07-23 13:01:26 INFO     Data : 2342
2025-07-23 13:01:26 INFO     Hit1 : 0.009821
2025-07-23 13:01:26 INFO     Hit3 : 0.017506
2025-07-23 13:01:26 INFO     Hit10: 0.032024
2025-07-23 13:01:26 INFO     MR   : 1412.519214
2025-07-23 13:01:26 INFO     MRR  : 0.020036
2025-07-23 13:01:26 INFO     >>>>> Predictor: Computing H scores of rules
2025-07-23 13:04:58 INFO     1000 5959
2025-07-23 13:08:28 INFO     2000 5959
2025-07-23 13:11:59 INFO     3000 5959
2025-07-23 13:15:21 INFO     4000 5959
2025-07-23 13:18:53 INFO     5000 5959
2025-07-23 13:22:08 INFO     >>>>> Generator: Training
2025-07-23 13:22:18 INFO     -------------------------
2025-07-23 13:22:18 INFO     | Post-train Generator
2025-07-23 13:22:18 INFO     -------------------------
2025-07-23 13:22:20 INFO     >>>>> Generator: Training
2025-07-23 13:24:01 INFO     [E01000] Total 28.581177 | Main 5.661041 | RelClus 6.196578 | EntType 33.162837
2025-07-23 13:24:01 INFO     -------------------------
2025-07-23 13:24:01 INFO     | Beam Search Best Rules
2025-07-23 13:24:01 INFO     -------------------------
2025-07-23 13:24:01 INFO     >>>>> Generator: Rule generation with beam search
2025-07-23 13:24:02 INFO     >>>>> Generator: Rule generation with beam search
2025-07-23 13:24:08 INFO     >>>>> Generator: Rule generation with beam search
2025-07-23 13:25:28 INFO     >>>>> Generator: Rule generation with beam search
2025-07-23 13:26:40 INFO     >>>>> Generator: Rule generation with beam search
2025-07-23 13:27:30 INFO     -------------------------
2025-07-23 13:27:30 INFO     | Train Final Predictor+
2025-07-23 13:27:30 INFO     -------------------------
2025-07-23 13:27:30 INFO     Predictor+: read 18420 rules from list.
2025-07-23 13:27:30 INFO     Preprocess training set
2025-07-23 13:27:30 INFO     -------------------------
2025-07-23 13:27:30 INFO     | Iteration: 1/5
2025-07-23 13:27:30 INFO     -------------------------
2025-07-23 13:27:30 INFO     >>>>> Predictor: Training
2025-07-23 13:33:49 INFO     1000 5959 5.258993 69271.3
2025-07-23 13:39:55 INFO     2000 5959 5.142070 69332.0
2025-07-23 13:46:15 INFO     3000 5959 5.107705 69375.3
2025-07-23 13:52:45 INFO     4000 5959 5.092725 69279.9
2025-07-23 13:58:54 INFO     5000 5959 5.063583 69349.3
2025-07-23 14:04:38 INFO     >>>>> Predictor: Evaluating on valid
2025-07-23 14:06:08 INFO     Data : 2077
2025-07-23 14:06:08 INFO     Hit1 : 0.068849
2025-07-23 14:06:08 INFO     Hit3 : 0.128069
2025-07-23 14:06:08 INFO     Hit10: 0.200289
2025-07-23 14:06:08 INFO     MR   : 1232.223158
2025-07-23 14:06:08 INFO     MRR  : 0.112615
2025-07-23 14:06:08 INFO     >>>>> Predictor: Evaluating on test
2025-07-23 14:07:48 INFO     Data : 2342
2025-07-23 14:07:48 INFO     Hit1 : 0.093937
2025-07-23 14:07:48 INFO     Hit3 : 0.147310
2025-07-23 14:07:48 INFO     Hit10: 0.205807
2025-07-23 14:07:48 INFO     MR   : 1139.863792
2025-07-23 14:07:48 INFO     MRR  : 0.132347
2025-07-23 14:07:48 INFO     Save checkpoint to results/semmeddb/10_times_each/scheduled_sampling/8_20250723_073744/predictor.pt
2025-07-23 14:07:48 INFO     -------------------------
2025-07-23 14:07:48 INFO     | Iteration: 2/5
2025-07-23 14:07:48 INFO     -------------------------
2025-07-23 14:07:48 INFO     >>>>> Predictor: Training
2025-07-23 14:13:57 INFO     1000 5959 5.028036 69366.7
2025-07-23 14:19:58 INFO     2000 5959 5.049860 69375.3
2025-07-23 14:25:59 INFO     3000 5959 5.046184 69219.2
2025-07-23 14:32:18 INFO     4000 5959 5.043612 69305.9
2025-07-23 14:38:32 INFO     5000 5959 5.024949 69288.6
2025-07-23 14:44:39 INFO     >>>>> Predictor: Evaluating on valid
2025-07-23 14:46:12 INFO     Data : 2077
2025-07-23 14:46:12 INFO     Hit1 : 0.064998
2025-07-23 14:46:12 INFO     Hit3 : 0.125181
2025-07-23 14:46:12 INFO     Hit10: 0.200289
2025-07-23 14:46:12 INFO     MR   : 1199.677179
2025-07-23 14:46:12 INFO     MRR  : 0.109945
2025-07-23 14:46:12 INFO     >>>>> Predictor: Evaluating on test
2025-07-23 14:47:58 INFO     Data : 2342
2025-07-23 14:47:58 INFO     Hit1 : 0.093510
2025-07-23 14:47:58 INFO     Hit3 : 0.141759
2025-07-23 14:47:58 INFO     Hit10: 0.199829
2025-07-23 14:47:58 INFO     MR   : 1109.467122
2025-07-23 14:47:58 INFO     MRR  : 0.130500
2025-07-23 14:47:58 INFO     -------------------------
2025-07-23 14:47:58 INFO     | Iteration: 3/5
2025-07-23 14:47:58 INFO     -------------------------
2025-07-23 14:47:58 INFO     >>>>> Predictor: Training
2025-07-23 14:54:13 INFO     1000 5959 5.027307 69288.6
2025-07-23 15:00:11 INFO     2000 5959 5.032871 69288.6
2025-07-23 15:06:26 INFO     3000 5959 5.015771 69340.6
2025-07-23 15:12:27 INFO     4000 5959 5.024450 69271.3
2025-07-23 15:18:33 INFO     5000 5959 5.049308 69219.2
2025-07-23 15:24:21 INFO     >>>>> Predictor: Evaluating on valid
2025-07-23 15:25:50 INFO     Data : 2077
2025-07-23 15:25:50 INFO     Hit1 : 0.071738
2025-07-23 15:25:50 INFO     Hit3 : 0.129032
2025-07-23 15:25:50 INFO     Hit10: 0.200770
2025-07-23 15:25:50 INFO     MR   : 1189.097256
2025-07-23 15:25:50 INFO     MRR  : 0.113525
2025-07-23 15:25:50 INFO     >>>>> Predictor: Evaluating on test
2025-07-23 15:27:39 INFO     Data : 2342
2025-07-23 15:27:39 INFO     Hit1 : 0.095218
2025-07-23 15:27:39 INFO     Hit3 : 0.144321
2025-07-23 15:27:39 INFO     Hit10: 0.201537
2025-07-23 15:27:39 INFO     MR   : 1092.981853
2025-07-23 15:27:39 INFO     MRR  : 0.132636
2025-07-23 15:27:39 INFO     Save checkpoint to results/semmeddb/10_times_each/scheduled_sampling/8_20250723_073744/predictor.pt
2025-07-23 15:27:39 INFO     -------------------------
2025-07-23 15:27:39 INFO     | Iteration: 4/5
2025-07-23 15:27:39 INFO     -------------------------
2025-07-23 15:27:39 INFO     >>>>> Predictor: Training
2025-07-23 15:33:50 INFO     1000 5959 4.997577 69340.6
2025-07-23 15:40:19 INFO     2000 5959 4.985472 69184.5
2025-07-23 15:46:27 INFO     3000 5959 5.072056 69253.9
2025-07-23 15:52:39 INFO     4000 5959 5.022101 69340.6
2025-07-23 15:58:44 INFO     5000 5959 5.014629 69384.0
2025-07-23 16:04:44 INFO     >>>>> Predictor: Evaluating on valid
2025-07-23 16:06:22 INFO     Data : 2077
2025-07-23 16:06:22 INFO     Hit1 : 0.066442
2025-07-23 16:06:22 INFO     Hit3 : 0.129032
2025-07-23 16:06:22 INFO     Hit10: 0.202215
2025-07-23 16:06:22 INFO     MR   : 1197.574386
2025-07-23 16:06:22 INFO     MRR  : 0.111261
2025-07-23 16:06:22 INFO     >>>>> Predictor: Evaluating on test
2025-07-23 16:08:06 INFO     Data : 2342
2025-07-23 16:08:06 INFO     Hit1 : 0.095645
2025-07-23 16:08:06 INFO     Hit3 : 0.147310
2025-07-23 16:08:06 INFO     Hit10: 0.205380
2025-07-23 16:08:06 INFO     MR   : 1105.010248
2025-07-23 16:08:06 INFO     MRR  : 0.132587
2025-07-23 16:08:06 INFO     -------------------------
2025-07-23 16:08:06 INFO     | Iteration: 5/5
2025-07-23 16:08:06 INFO     -------------------------
2025-07-23 16:08:06 INFO     >>>>> Predictor: Training
2025-07-23 16:14:26 INFO     1000 5959 5.024082 69323.3
2025-07-23 16:20:23 INFO     2000 5959 5.022625 69332.0
2025-07-23 16:26:31 INFO     3000 5959 5.042417 69219.2
2025-07-23 16:32:47 INFO     4000 5959 5.007451 69297.3
2025-07-23 16:38:47 INFO     5000 5959 4.988951 69332.0
2025-07-23 16:44:33 INFO     >>>>> Predictor: Evaluating on valid
2025-07-23 16:46:02 INFO     Data : 2077
2025-07-23 16:46:02 INFO     Hit1 : 0.068368
2025-07-23 16:46:02 INFO     Hit3 : 0.125662
2025-07-23 16:46:02 INFO     Hit10: 0.199807
2025-07-23 16:46:02 INFO     MR   : 1177.037795
2025-07-23 16:46:02 INFO     MRR  : 0.111506
2025-07-23 16:46:02 INFO     >>>>> Predictor: Evaluating on test
2025-07-23 16:47:48 INFO     Data : 2342
2025-07-23 16:47:48 INFO     Hit1 : 0.094791
2025-07-23 16:47:48 INFO     Hit3 : 0.149872
2025-07-23 16:47:48 INFO     Hit10: 0.207942
2025-07-23 16:47:48 INFO     MR   : 1086.790137
2025-07-23 16:47:48 INFO     MRR  : 0.133514
2025-07-23 16:47:48 INFO     -------------------------
2025-07-23 16:47:48 INFO     | Final Test MRR: 0.132636
2025-07-23 16:47:48 INFO     -------------------------
