2025-05-19 20:10:17 INFO     -------------------------
2025-05-19 20:10:17 INFO     | Pre-train Generator
2025-05-19 20:10:17 INFO     -------------------------
2025-05-19 20:10:17 INFO     >>>>> Generator: Training
2025-05-19 20:10:22 INFO     [E1000] Total: 1.503523 | Main: 1.652275 | Aux: 0.908515
2025-05-19 20:10:26 INFO     [E2000] Total: 1.433595 | Main: 1.568880 | Aux: 0.892456
2025-05-19 20:10:30 INFO     [E3000] Total: 1.425658 | Main: 1.559502 | Aux: 0.890281
2025-05-19 20:10:34 INFO     [E4000] Total: 1.419816 | Main: 1.552565 | Aux: 0.888820
2025-05-19 20:10:38 INFO     [E5000] Total: 1.416039 | Main: 1.548035 | Aux: 0.888054
2025-05-19 20:10:42 INFO     [E6000] Total: 1.414140 | Main: 1.545843 | Aux: 0.887332
2025-05-19 20:10:46 INFO     [E7000] Total: 1.413128 | Main: 1.544657 | Aux: 0.887012
2025-05-19 20:10:50 INFO     [E8000] Total: 1.412605 | Main: 1.544132 | Aux: 0.886498
2025-05-19 20:10:54 INFO     [E9000] Total: 1.409840 | Main: 1.540809 | Aux: 0.885966
2025-05-19 20:10:58 INFO     [E10000] Total: 1.409713 | Main: 1.540678 | Aux: 0.885855
2025-05-19 20:10:58 INFO     -------------------------
2025-05-19 20:10:58 INFO     | EM Iteration: 1/2
2025-05-19 20:10:58 INFO     -------------------------
2025-05-19 20:10:58 INFO     >>>>> Generator: Rule generation with sampling
2025-05-19 20:10:58 INFO     Predictor: read 485 rules from list.
2025-05-19 20:10:58 INFO     Preprocess training set
2025-05-19 20:10:58 INFO     >>>>> Predictor: Training
2025-05-19 20:11:00 INFO     100 12313 8.941868 69123.8
2025-05-19 20:11:01 INFO     200 12313 8.690848 69384.0
2025-05-19 20:11:03 INFO     300 12313 8.508171 69384.0
2025-05-19 20:11:04 INFO     400 12313 8.363963 69384.0
2025-05-19 20:11:06 INFO     500 12313 8.324921 69384.0
2025-05-19 20:11:07 INFO     600 12313 8.132388 69384.0
2025-05-19 20:11:09 INFO     700 12313 8.135478 69384.0
2025-05-19 20:11:10 INFO     800 12313 8.137269 69384.0
2025-05-19 20:11:12 INFO     900 12313 8.068748 69384.0
2025-05-19 20:11:13 INFO     1000 12313 7.917186 69384.0
2025-05-19 20:11:15 INFO     1100 12313 7.974934 69210.5
2025-05-19 20:11:16 INFO     1200 12313 7.939919 69384.0
2025-05-19 20:11:18 INFO     1300 12313 7.997139 69384.0
2025-05-19 20:11:20 INFO     1400 12313 7.906881 69384.0
2025-05-19 20:11:21 INFO     1500 12313 7.933646 69384.0
2025-05-19 20:11:23 INFO     1600 12313 7.890870 69384.0
2025-05-19 20:11:24 INFO     1700 12313 7.846743 69384.0
2025-05-19 20:11:26 INFO     1800 12313 7.764755 69037.1
2025-05-19 20:11:27 INFO     1900 12313 7.895089 69384.0
2025-05-19 20:11:29 INFO     2000 12313 7.737847 69384.0
2025-05-19 20:11:31 INFO     2100 12313 7.731646 69384.0
2025-05-19 20:11:32 INFO     2200 12313 7.718077 69384.0
2025-05-19 20:11:34 INFO     2300 12313 7.797184 69384.0
2025-05-19 20:11:35 INFO     2400 12313 7.740508 69384.0
2025-05-19 20:11:37 INFO     2500 12313 7.683859 69384.0
2025-05-19 20:11:38 INFO     2600 12313 7.703147 69384.0
2025-05-19 20:11:40 INFO     2700 12313 7.741828 69384.0
2025-05-19 20:11:41 INFO     2800 12313 7.580320 69384.0
2025-05-19 20:11:43 INFO     2900 12313 7.611487 69384.0
2025-05-19 20:11:44 INFO     3000 12313 7.675423 69384.0
2025-05-19 20:11:46 INFO     3100 12313 7.710028 68776.9
2025-05-19 20:11:47 INFO     3200 12313 7.604869 69384.0
2025-05-19 20:11:49 INFO     3300 12313 7.645977 69384.0
2025-05-19 20:11:51 INFO     3400 12313 7.609533 69384.0
2025-05-19 20:11:52 INFO     3500 12313 7.617887 69384.0
2025-05-19 20:11:54 INFO     3600 12313 7.564268 69384.0
2025-05-19 20:11:55 INFO     3700 12313 7.458355 69384.0
2025-05-19 20:11:57 INFO     3800 12313 7.567081 69384.0
2025-05-19 20:11:58 INFO     3900 12313 7.596709 69384.0
2025-05-19 20:12:00 INFO     4000 12313 7.565599 68950.4
2025-05-19 20:12:01 INFO     4100 12313 7.475517 69384.0
2025-05-19 20:12:03 INFO     4200 12313 7.496445 69384.0
2025-05-19 20:12:05 INFO     4300 12313 7.577903 69384.0
2025-05-19 20:12:06 INFO     4400 12313 7.484747 68863.6
2025-05-19 20:12:08 INFO     4500 12313 7.504063 69384.0
2025-05-19 20:12:09 INFO     4600 12313 7.470264 69384.0
2025-05-19 20:12:11 INFO     4700 12313 7.451800 69384.0
2025-05-19 20:12:12 INFO     4800 12313 7.469531 69384.0
2025-05-19 20:12:14 INFO     4900 12313 7.626218 69384.0
2025-05-19 20:12:15 INFO     5000 12313 7.552752 69384.0
2025-05-19 20:12:17 INFO     5100 12313 7.463147 69384.0
2025-05-19 20:12:19 INFO     5200 12313 7.411676 69384.0
2025-05-19 20:12:20 INFO     5300 12313 7.472650 69384.0
2025-05-19 20:12:22 INFO     5400 12313 7.583551 69384.0
2025-05-19 20:12:23 INFO     5500 12313 7.424641 69384.0
2025-05-19 20:12:25 INFO     5600 12313 7.458597 69384.0
2025-05-19 20:12:26 INFO     5700 12313 7.521038 69384.0
2025-05-19 20:12:28 INFO     5800 12313 7.360519 69384.0
2025-05-19 20:12:29 INFO     5900 12313 7.454489 69384.0
2025-05-19 20:12:31 INFO     6000 12313 7.391091 69384.0
2025-05-19 20:12:32 INFO     6100 12313 7.367426 69384.0
2025-05-19 20:12:34 INFO     6200 12313 7.389223 69384.0
2025-05-19 20:12:36 INFO     6300 12313 7.423561 69384.0
2025-05-19 20:12:37 INFO     6400 12313 7.352064 68950.4
2025-05-19 20:12:39 INFO     6500 12313 7.407249 69384.0
2025-05-19 20:12:40 INFO     6600 12313 7.454693 68950.4
2025-05-19 20:12:42 INFO     6700 12313 7.311631 69384.0
2025-05-19 20:12:43 INFO     6800 12313 7.299321 69384.0
2025-05-19 20:12:45 INFO     6900 12313 7.441450 69384.0
2025-05-19 20:12:46 INFO     7000 12313 7.398726 69384.0
2025-05-19 20:12:48 INFO     7100 12313 7.388841 69384.0
2025-05-19 20:12:49 INFO     7200 12313 7.422326 69384.0
2025-05-19 20:12:51 INFO     7300 12313 7.330948 69384.0
2025-05-19 20:12:52 INFO     7400 12313 7.359783 69384.0
2025-05-19 20:12:54 INFO     7500 12313 7.400418 68776.9
2025-05-19 20:12:55 INFO     7600 12313 7.294500 69384.0
2025-05-19 20:12:57 INFO     7700 12313 7.374390 69384.0
2025-05-19 20:12:58 INFO     7800 12313 7.373250 69384.0
2025-05-19 20:13:00 INFO     7900 12313 7.360742 69384.0
2025-05-19 20:13:01 INFO     8000 12313 7.323549 69384.0
2025-05-19 20:13:03 INFO     8100 12313 7.334307 69384.0
2025-05-19 20:13:05 INFO     8200 12313 7.377915 69384.0
2025-05-19 20:13:06 INFO     8300 12313 7.352179 69123.8
2025-05-19 20:13:08 INFO     8400 12313 7.300242 69384.0
2025-05-19 20:13:09 INFO     8500 12313 7.274583 69384.0
2025-05-19 20:13:11 INFO     8600 12313 7.354151 69384.0
2025-05-19 20:13:12 INFO     8700 12313 7.280449 69384.0
2025-05-19 20:13:14 INFO     8800 12313 7.315145 69384.0
2025-05-19 20:13:16 INFO     8900 12313 7.256785 69384.0
2025-05-19 20:13:17 INFO     9000 12313 7.338765 69384.0
2025-05-19 20:13:19 INFO     9100 12313 7.277144 69384.0
2025-05-19 20:13:20 INFO     9200 12313 7.290345 69384.0
2025-05-19 20:13:22 INFO     9300 12313 7.382474 69384.0
2025-05-19 20:13:23 INFO     9400 12313 7.284418 69384.0
2025-05-19 20:13:25 INFO     9500 12313 7.324174 69384.0
2025-05-19 20:13:26 INFO     9600 12313 7.305880 69384.0
2025-05-19 20:13:28 INFO     9700 12313 7.419553 69037.1
2025-05-19 20:13:29 INFO     9800 12313 7.328464 69210.5
2025-05-19 20:13:31 INFO     9900 12313 7.285802 69384.0
2025-05-19 20:13:32 INFO     10000 12313 7.334046 69384.0
2025-05-19 20:13:32 INFO     >>>>> Predictor: Evaluating on valid
2025-05-19 20:13:38 INFO     Data : 3823
2025-05-19 20:13:38 INFO     Hit1 : 0.022757
2025-05-19 20:13:38 INFO     Hit3 : 0.048130
2025-05-19 20:13:38 INFO     Hit10: 0.093644
2025-05-19 20:13:38 INFO     MR   : 1183.411195
2025-05-19 20:13:38 INFO     MRR  : 0.048733
2025-05-19 20:13:38 INFO     >>>>> Predictor: Evaluating on test
2025-05-19 20:13:44 INFO     Data : 4402
2025-05-19 20:13:44 INFO     Hit1 : 0.029986
2025-05-19 20:13:44 INFO     Hit3 : 0.056565
2025-05-19 20:13:44 INFO     Hit10: 0.097910
2025-05-19 20:13:44 INFO     MR   : 1176.689119
2025-05-19 20:13:44 INFO     MRR  : 0.055026
2025-05-19 20:13:44 INFO     >>>>> Predictor: Computing H scores of rules
2025-05-19 20:13:59 INFO     1000 12313
2025-05-19 20:14:14 INFO     2000 12313
2025-05-19 20:14:29 INFO     3000 12313
2025-05-19 20:14:45 INFO     4000 12313
2025-05-19 20:15:00 INFO     5000 12313
2025-05-19 20:15:15 INFO     6000 12313
2025-05-19 20:15:30 INFO     7000 12313
2025-05-19 20:15:46 INFO     8000 12313
2025-05-19 20:16:01 INFO     9000 12313
2025-05-19 20:16:16 INFO     10000 12313
2025-05-19 20:16:31 INFO     11000 12313
2025-05-19 20:16:46 INFO     12000 12313
2025-05-19 20:16:51 INFO     >>>>> Generator: Training
2025-05-19 20:16:52 INFO     -------------------------
2025-05-19 20:16:52 INFO     | EM Iteration: 2/2
2025-05-19 20:16:52 INFO     -------------------------
2025-05-19 20:16:52 INFO     >>>>> Generator: Rule generation with sampling
2025-05-19 20:16:52 INFO     Predictor: read 500 rules from list.
2025-05-19 20:16:52 INFO     Preprocess training set
2025-05-19 20:16:52 INFO     >>>>> Predictor: Training
2025-05-19 20:16:53 INFO     100 12313 8.966950 69384.0
2025-05-19 20:16:55 INFO     200 12313 8.708097 69384.0
2025-05-19 20:16:56 INFO     300 12313 8.538282 69384.0
2025-05-19 20:16:58 INFO     400 12313 8.404681 69384.0
2025-05-19 20:16:59 INFO     500 12313 8.319188 69384.0
2025-05-19 20:17:01 INFO     600 12313 8.205411 69384.0
2025-05-19 20:17:03 INFO     700 12313 8.136287 69384.0
2025-05-19 20:17:04 INFO     800 12313 8.119254 69210.5
2025-05-19 20:17:06 INFO     900 12313 8.060878 69384.0
2025-05-19 20:17:07 INFO     1000 12313 8.090235 69384.0
2025-05-19 20:17:09 INFO     1100 12313 7.987226 68776.9
2025-05-19 20:17:10 INFO     1200 12313 7.931977 69384.0
2025-05-19 20:17:12 INFO     1300 12313 7.950487 69384.0
2025-05-19 20:17:13 INFO     1400 12313 7.899875 69210.5
2025-05-19 20:17:15 INFO     1500 12313 7.957745 69384.0
2025-05-19 20:17:16 INFO     1600 12313 7.829205 69384.0
2025-05-19 20:17:18 INFO     1700 12313 7.795951 69384.0
2025-05-19 20:17:19 INFO     1800 12313 7.873721 69384.0
2025-05-19 20:17:21 INFO     1900 12313 7.781264 69123.8
2025-05-19 20:17:23 INFO     2000 12313 7.732078 69384.0
2025-05-19 20:17:24 INFO     2100 12313 7.735215 69384.0
2025-05-19 20:17:26 INFO     2200 12313 7.742511 69384.0
2025-05-19 20:17:27 INFO     2300 12313 7.796942 68516.7
2025-05-19 20:17:29 INFO     2400 12313 7.665406 68950.4
2025-05-19 20:17:30 INFO     2500 12313 7.722685 69384.0
2025-05-19 20:17:32 INFO     2600 12313 7.739099 69384.0
2025-05-19 20:17:33 INFO     2700 12313 7.746138 69384.0
2025-05-19 20:17:35 INFO     2800 12313 7.637287 69384.0
2025-05-19 20:17:36 INFO     2900 12313 7.663197 69384.0
2025-05-19 20:17:38 INFO     3000 12313 7.660289 69384.0
2025-05-19 20:17:39 INFO     3100 12313 7.601894 69384.0
2025-05-19 20:17:41 INFO     3200 12313 7.602432 69384.0
2025-05-19 20:17:43 INFO     3300 12313 7.670598 69384.0
2025-05-19 20:17:44 INFO     3400 12313 7.593108 69384.0
2025-05-19 20:17:46 INFO     3500 12313 7.553731 69384.0
2025-05-19 20:17:47 INFO     3600 12313 7.588510 68950.4
2025-05-19 20:17:49 INFO     3700 12313 7.617450 69384.0
2025-05-19 20:17:50 INFO     3800 12313 7.537330 69384.0
2025-05-19 20:17:52 INFO     3900 12313 7.520531 69384.0
2025-05-19 20:17:53 INFO     4000 12313 7.568790 69384.0
2025-05-19 20:17:55 INFO     4100 12313 7.560805 69384.0
2025-05-19 20:17:57 INFO     4200 12313 7.504186 69384.0
2025-05-19 20:17:58 INFO     4300 12313 7.479745 69384.0
2025-05-19 20:18:00 INFO     4400 12313 7.558604 69384.0
2025-05-19 20:18:01 INFO     4500 12313 7.567996 69384.0
2025-05-19 20:18:03 INFO     4600 12313 7.568651 69384.0
2025-05-19 20:18:04 INFO     4700 12313 7.532624 69210.5
2025-05-19 20:18:06 INFO     4800 12313 7.496560 69384.0
2025-05-19 20:18:07 INFO     4900 12313 7.427230 69384.0
2025-05-19 20:18:09 INFO     5000 12313 7.458869 69384.0
2025-05-19 20:18:10 INFO     5100 12313 7.412963 69384.0
2025-05-19 20:18:12 INFO     5200 12313 7.473909 69384.0
2025-05-19 20:18:14 INFO     5300 12313 7.440401 69123.8
2025-05-19 20:18:15 INFO     5400 12313 7.448625 69384.0
2025-05-19 20:18:17 INFO     5500 12313 7.459732 69384.0
2025-05-19 20:18:18 INFO     5600 12313 7.517736 69384.0
2025-05-19 20:18:20 INFO     5700 12313 7.362439 69384.0
2025-05-19 20:18:21 INFO     5800 12313 7.383559 69384.0
2025-05-19 20:18:23 INFO     5900 12313 7.534879 69384.0
2025-05-19 20:18:24 INFO     6000 12313 7.402202 69384.0
2025-05-19 20:18:26 INFO     6100 12313 7.368355 69384.0
2025-05-19 20:18:27 INFO     6200 12313 7.417395 69384.0
2025-05-19 20:18:29 INFO     6300 12313 7.444301 69384.0
2025-05-19 20:18:30 INFO     6400 12313 7.383235 69384.0
2025-05-19 20:18:32 INFO     6500 12313 7.376688 69384.0
2025-05-19 20:18:33 INFO     6600 12313 7.523714 69384.0
2025-05-19 20:18:35 INFO     6700 12313 7.410962 69384.0
2025-05-19 20:18:36 INFO     6800 12313 7.370193 69384.0
2025-05-19 20:18:38 INFO     6900 12313 7.459318 69210.5
2025-05-19 20:18:39 INFO     7000 12313 7.396108 69384.0
2025-05-19 20:18:41 INFO     7100 12313 7.386789 69384.0
2025-05-19 20:18:42 INFO     7200 12313 7.432060 69384.0
2025-05-19 20:18:44 INFO     7300 12313 7.396310 69384.0
2025-05-19 20:18:46 INFO     7400 12313 7.416022 69384.0
2025-05-19 20:18:47 INFO     7500 12313 7.347125 69384.0
2025-05-19 20:18:49 INFO     7600 12313 7.356765 69384.0
2025-05-19 20:18:50 INFO     7700 12313 7.419140 69384.0
2025-05-19 20:18:52 INFO     7800 12313 7.460861 69384.0
2025-05-19 20:18:53 INFO     7900 12313 7.349305 69384.0
2025-05-19 20:18:55 INFO     8000 12313 7.414071 69384.0
2025-05-19 20:18:56 INFO     8100 12313 7.315748 69384.0
2025-05-19 20:18:58 INFO     8200 12313 7.348811 68776.9
2025-05-19 20:18:59 INFO     8300 12313 7.419544 69384.0
2025-05-19 20:19:01 INFO     8400 12313 7.396865 69384.0
2025-05-19 20:19:02 INFO     8500 12313 7.364624 68776.9
2025-05-19 20:19:04 INFO     8600 12313 7.388962 69384.0
2025-05-19 20:19:05 INFO     8700 12313 7.385307 69384.0
2025-05-19 20:19:07 INFO     8800 12313 7.427979 69384.0
2025-05-19 20:19:08 INFO     8900 12313 7.272214 69384.0
2025-05-19 20:19:10 INFO     9000 12313 7.319621 69384.0
2025-05-19 20:19:11 INFO     9100 12313 7.336818 69037.1
2025-05-19 20:19:13 INFO     9200 12313 7.358096 69384.0
2025-05-19 20:19:14 INFO     9300 12313 7.376912 69384.0
2025-05-19 20:19:16 INFO     9400 12313 7.349741 69123.8
2025-05-19 20:19:17 INFO     9500 12313 7.429190 69384.0
2025-05-19 20:19:19 INFO     9600 12313 7.352312 69384.0
2025-05-19 20:19:20 INFO     9700 12313 7.373069 69384.0
2025-05-19 20:19:22 INFO     9800 12313 7.242750 69384.0
2025-05-19 20:19:23 INFO     9900 12313 7.387448 69384.0
2025-05-19 20:19:25 INFO     10000 12313 7.294298 69384.0
2025-05-19 20:19:25 INFO     >>>>> Predictor: Evaluating on valid
2025-05-19 20:19:31 INFO     Data : 3823
2025-05-19 20:19:31 INFO     Hit1 : 0.029035
2025-05-19 20:19:31 INFO     Hit3 : 0.059116
2025-05-19 20:19:31 INFO     Hit10: 0.109338
2025-05-19 20:19:31 INFO     MR   : 1190.237379
2025-05-19 20:19:31 INFO     MRR  : 0.057054
2025-05-19 20:19:31 INFO     >>>>> Predictor: Evaluating on test
2025-05-19 20:19:38 INFO     Data : 4402
2025-05-19 20:19:38 INFO     Hit1 : 0.035666
2025-05-19 20:19:38 INFO     Hit3 : 0.062244
2025-05-19 20:19:38 INFO     Hit10: 0.109041
2025-05-19 20:19:38 INFO     MR   : 1200.838028
2025-05-19 20:19:38 INFO     MRR  : 0.061234
2025-05-19 20:19:38 INFO     >>>>> Predictor: Computing H scores of rules
2025-05-19 20:19:53 INFO     1000 12313
2025-05-19 20:20:09 INFO     2000 12313
2025-05-19 20:20:24 INFO     3000 12313
2025-05-19 20:20:39 INFO     4000 12313
2025-05-19 20:20:54 INFO     5000 12313
2025-05-19 20:21:09 INFO     6000 12313
2025-05-19 20:21:25 INFO     7000 12313
2025-05-19 20:21:40 INFO     8000 12313
2025-05-19 20:21:55 INFO     9000 12313
2025-05-19 20:22:10 INFO     10000 12313
2025-05-19 20:22:25 INFO     11000 12313
2025-05-19 20:22:40 INFO     12000 12313
2025-05-19 20:22:45 INFO     >>>>> Generator: Training
2025-05-19 20:22:46 INFO     -------------------------
2025-05-19 20:22:46 INFO     | Post-train Generator
2025-05-19 20:22:46 INFO     -------------------------
2025-05-19 20:22:46 INFO     >>>>> Generator: Training
2025-05-19 20:22:49 INFO     [E1000] Total: 1.427590 | Main: 1.576158 | Aux: 0.833317
2025-05-19 20:22:49 INFO     -------------------------
2025-05-19 20:22:49 INFO     | Beam Search Best Rules
2025-05-19 20:22:49 INFO     -------------------------
2025-05-19 20:22:49 INFO     >>>>> Generator: Rule generation with beam search
2025-05-19 20:22:50 INFO     >>>>> Generator: Rule generation with beam search
2025-05-19 20:22:50 INFO     >>>>> Generator: Rule generation with beam search
2025-05-19 20:22:51 INFO     >>>>> Generator: Rule generation with beam search
2025-05-19 20:22:52 INFO     >>>>> Generator: Rule generation with beam search
2025-05-19 20:22:53 INFO     -------------------------
2025-05-19 20:22:53 INFO     | Train Final Predictor+
2025-05-19 20:22:53 INFO     -------------------------
2025-05-19 20:22:53 INFO     Predictor+: read 3220 rules from list.
2025-05-19 20:22:53 INFO     Preprocess training set
2025-05-19 20:22:53 INFO     -------------------------
2025-05-19 20:22:53 INFO     | Iteration: 1/1
2025-05-19 20:22:53 INFO     -------------------------
2025-05-19 20:22:53 INFO     >>>>> Predictor: Training
2025-05-19 20:23:00 INFO     100 12313 5.525658 69384.0
2025-05-19 20:23:06 INFO     200 12313 4.835661 69384.0
2025-05-19 20:23:12 INFO     300 12313 4.635241 69384.0
2025-05-19 20:23:19 INFO     400 12313 4.753225 69384.0
2025-05-19 20:23:25 INFO     500 12313 4.614158 69384.0
2025-05-19 20:23:31 INFO     600 12313 4.489051 69384.0
2025-05-19 20:23:38 INFO     700 12313 4.551485 69384.0
2025-05-19 20:23:44 INFO     800 12313 4.554012 69384.0
2025-05-19 20:23:50 INFO     900 12313 4.600928 69384.0
2025-05-19 20:23:57 INFO     1000 12313 4.572096 69384.0
2025-05-19 20:24:03 INFO     1100 12313 4.518754 69384.0
2025-05-19 20:24:09 INFO     1200 12313 4.552123 69384.0
2025-05-19 20:24:16 INFO     1300 12313 4.557911 69384.0
2025-05-19 20:24:22 INFO     1400 12313 4.544586 69384.0
2025-05-19 20:24:28 INFO     1500 12313 4.483607 69384.0
2025-05-19 20:24:35 INFO     1600 12313 4.561518 69384.0
2025-05-19 20:24:41 INFO     1700 12313 4.511502 69384.0
2025-05-19 20:24:48 INFO     1800 12313 4.618879 69384.0
2025-05-19 20:24:54 INFO     1900 12313 4.549673 69384.0
2025-05-19 20:25:00 INFO     2000 12313 4.540460 69384.0
2025-05-19 20:25:07 INFO     2100 12313 4.505153 69384.0
2025-05-19 20:25:13 INFO     2200 12313 4.559131 68863.6
2025-05-19 20:25:20 INFO     2300 12313 4.541926 69384.0
2025-05-19 20:25:26 INFO     2400 12313 4.465189 69210.5
2025-05-19 20:25:33 INFO     2500 12313 4.604432 69384.0
2025-05-19 20:25:40 INFO     2600 12313 4.621740 69384.0
2025-05-19 20:25:46 INFO     2700 12313 4.480826 68776.9
2025-05-19 20:25:53 INFO     2800 12313 4.472104 69384.0
2025-05-19 20:25:59 INFO     2900 12313 4.555933 69384.0
2025-05-19 20:26:06 INFO     3000 12313 4.411423 69384.0
2025-05-19 20:26:13 INFO     3100 12313 4.491172 69384.0
2025-05-19 20:26:19 INFO     3200 12313 4.495073 69384.0
2025-05-19 20:26:26 INFO     3300 12313 4.470934 68776.9
2025-05-19 20:26:32 INFO     3400 12313 4.476300 69384.0
2025-05-19 20:26:39 INFO     3500 12313 4.588318 69384.0
2025-05-19 20:26:46 INFO     3600 12313 4.513895 69384.0
2025-05-19 20:26:52 INFO     3700 12313 4.458590 69384.0
2025-05-19 20:26:59 INFO     3800 12313 4.470536 69384.0
2025-05-19 20:27:06 INFO     3900 12313 4.529684 69384.0
2025-05-19 20:27:12 INFO     4000 12313 4.479637 69384.0
2025-05-19 20:27:19 INFO     4100 12313 4.530978 69384.0
2025-05-19 20:27:25 INFO     4200 12313 4.541192 69384.0
2025-05-19 20:27:32 INFO     4300 12313 4.477035 69384.0
2025-05-19 20:27:39 INFO     4400 12313 4.491104 69384.0
2025-05-19 20:27:45 INFO     4500 12313 4.597037 69384.0
2025-05-19 20:27:52 INFO     4600 12313 4.448091 69384.0
2025-05-19 20:27:58 INFO     4700 12313 4.448105 69384.0
2025-05-19 20:28:05 INFO     4800 12313 4.492063 69384.0
2025-05-19 20:28:12 INFO     4900 12313 4.534960 69384.0
2025-05-19 20:28:18 INFO     5000 12313 4.455963 69384.0
2025-05-19 20:28:25 INFO     5100 12313 4.543703 69384.0
2025-05-19 20:28:31 INFO     5200 12313 4.548569 69384.0
2025-05-19 20:28:38 INFO     5300 12313 4.499275 69384.0
2025-05-19 20:28:45 INFO     5400 12313 4.522254 69384.0
2025-05-19 20:28:51 INFO     5500 12313 4.464344 68950.4
2025-05-19 20:28:58 INFO     5600 12313 4.539583 69384.0
2025-05-19 20:29:05 INFO     5700 12313 4.523500 69384.0
2025-05-19 20:29:11 INFO     5800 12313 4.494757 69384.0
2025-05-19 20:29:18 INFO     5900 12313 4.497128 69210.5
2025-05-19 20:29:24 INFO     6000 12313 4.520575 69384.0
2025-05-19 20:29:31 INFO     6100 12313 4.517598 69384.0
2025-05-19 20:29:38 INFO     6200 12313 4.577944 69210.5
2025-05-19 20:29:44 INFO     6300 12313 4.424171 69384.0
2025-05-19 20:29:51 INFO     6400 12313 4.425442 69384.0
2025-05-19 20:29:58 INFO     6500 12313 4.504092 69384.0
2025-05-19 20:30:04 INFO     6600 12313 4.548182 69384.0
2025-05-19 20:30:11 INFO     6700 12313 4.488658 69384.0
2025-05-19 20:30:17 INFO     6800 12313 4.426308 69384.0
2025-05-19 20:30:24 INFO     6900 12313 4.526646 69384.0
2025-05-19 20:30:31 INFO     7000 12313 4.453626 69384.0
2025-05-19 20:30:37 INFO     7100 12313 4.466231 69384.0
2025-05-19 20:30:44 INFO     7200 12313 4.489203 69384.0
2025-05-19 20:30:51 INFO     7300 12313 4.522620 69123.8
2025-05-19 20:30:57 INFO     7400 12313 4.537914 69384.0
2025-05-19 20:31:04 INFO     7500 12313 4.476888 69384.0
2025-05-19 20:31:10 INFO     7600 12313 4.512720 69123.8
2025-05-19 20:31:17 INFO     7700 12313 4.490018 69384.0
2025-05-19 20:31:24 INFO     7800 12313 4.490502 69384.0
2025-05-19 20:31:30 INFO     7900 12313 4.445354 69384.0
2025-05-19 20:31:37 INFO     8000 12313 4.541531 69384.0
2025-05-19 20:31:44 INFO     8100 12313 4.432916 69384.0
2025-05-19 20:31:50 INFO     8200 12313 4.445055 69384.0
2025-05-19 20:31:57 INFO     8300 12313 4.512328 69384.0
2025-05-19 20:32:04 INFO     8400 12313 4.492784 69384.0
2025-05-19 20:32:10 INFO     8500 12313 4.519878 69384.0
2025-05-19 20:32:17 INFO     8600 12313 4.392876 69384.0
2025-05-19 20:32:23 INFO     8700 12313 4.363435 69384.0
2025-05-19 20:32:30 INFO     8800 12313 4.582228 69384.0
2025-05-19 20:32:37 INFO     8900 12313 4.496790 69384.0
2025-05-19 20:32:43 INFO     9000 12313 4.498940 69384.0
2025-05-19 20:32:50 INFO     9100 12313 4.475983 69210.5
2025-05-19 20:32:56 INFO     9200 12313 4.543725 69384.0
2025-05-19 20:33:03 INFO     9300 12313 4.460671 69384.0
2025-05-19 20:33:10 INFO     9400 12313 4.446082 68950.4
2025-05-19 20:33:16 INFO     9500 12313 4.389444 69384.0
2025-05-19 20:33:23 INFO     9600 12313 4.431714 68776.9
2025-05-19 20:33:30 INFO     9700 12313 4.519754 69384.0
2025-05-19 20:33:36 INFO     9800 12313 4.492321 69037.1
2025-05-19 20:33:43 INFO     9900 12313 4.552038 69384.0
2025-05-19 20:33:49 INFO     10000 12313 4.460467 69384.0
2025-05-19 20:33:49 INFO     >>>>> Predictor: Evaluating on valid
2025-05-19 20:34:16 INFO     Data : 3823
2025-05-19 20:34:16 INFO     Hit1 : 0.069579
2025-05-19 20:34:16 INFO     Hit3 : 0.139942
2025-05-19 20:34:16 INFO     Hit10: 0.270207
2025-05-19 20:34:16 INFO     MR   : 767.783809
2025-05-19 20:34:16 INFO     MRR  : 0.132780
2025-05-19 20:34:16 INFO     >>>>> Predictor: Evaluating on test
2025-05-19 20:34:47 INFO     Data : 4402
2025-05-19 20:34:47 INFO     Hit1 : 0.097683
2025-05-19 20:34:47 INFO     Hit3 : 0.169014
2025-05-19 20:34:47 INFO     Hit10: 0.289868
2025-05-19 20:34:47 INFO     MR   : 762.693548
2025-05-19 20:34:47 INFO     MRR  : 0.160124
2025-05-19 20:34:47 INFO     Save checkpoint to results/semmeddb/multitask/md/fixed/predictor.pt
2025-05-19 20:34:47 INFO     -------------------------
2025-05-19 20:34:47 INFO     | Final Test MRR: 0.160124
2025-05-19 20:34:47 INFO     -------------------------
