2025-04-22 14:02:56 INFO     Predictor: read 443 rules from list.
2025-04-22 14:09:03 INFO     Predictor: read 476 rules from list.
2025-04-22 14:15:46 INFO     Predictor+: read 3586 rules from list.
rator: Training
2025-04-22 14:02:02 INFO     [E1000] Total: 1.244747 | Main: 1.502833 | Aux: 0.739810 | Topk_Loss: 2.034885
2025-04-22 14:02:08 INFO     [E2000] Total: 1.153774 | Main: 1.382616 | Aux: 0.694496 | Topk_Loss: 1.935734
2025-04-22 14:02:14 INFO     [E3000] Total: 1.142938 | Main: 1.368524 | Aux: 0.686437 | Topk_Loss: 1.908092
2025-04-22 14:02:20 INFO     [E4000] Total: 1.126291 | Main: 1.345474 | Aux: 0.683364 | Topk_Loss: 1.895506
2025-04-22 14:02:26 INFO     [E5000] Total: 1.128521 | Main: 1.349188 | Aux: 0.677835 | Topk_Loss: 1.878973
2025-04-22 14:02:32 INFO     [E6000] Total: 1.125117 | Main: 1.344942 | Aux: 0.674125 | Topk_Loss: 1.866324
2025-04-22 14:02:38 INFO     [E7000] Total: 1.124293 | Main: 1.344366 | Aux: 0.674491 | Topk_Loss: 1.869047
2025-04-22 14:02:44 INFO     [E8000] Total: 1.121559 | Main: 1.339500 | Aux: 0.673659 | Topk_Loss: 1.854733
2025-04-22 14:02:50 INFO     [E9000] Total: 1.113947 | Main: 1.329722 | Aux: 0.673770 | Topk_Loss: 1.853217
2025-04-22 14:02:56 INFO     [E10000] Total: 1.110346 | Main: 1.325047 | Aux: 0.670465 | Topk_Loss: 1.848073
2025-04-22 14:02:56 INFO     -------------------------
2025-04-22 14:02:56 INFO     | EM Iteration: 1/2
2025-04-22 14:02:56 INFO     -------------------------
2025-04-22 14:02:56 INFO     >>>>> Generator: Rule generation with sampling
2025-04-22 14:02:56 INFO     Predictor: read 443 rules from list.
2025-04-22 14:02:56 INFO     Initializing distributed process group
2025-04-22 14:02:56 INFO     Preprocess training set
2025-04-22 14:02:56 INFO     >>>>> Predictor: Training
2025-04-22 14:02:59 INFO     100 10860 10.131276 327544.0
2025-04-22 14:03:00 INFO     200 10860 9.487150 327544.0
2025-04-22 14:03:02 INFO     300 10860 8.992475 327544.0
2025-04-22 14:03:04 INFO     400 10860 8.875907 327544.0
2025-04-22 14:03:06 INFO     500 10860 8.755049 327544.0
2025-04-22 14:03:08 INFO     600 10860 8.404169 327544.0
2025-04-22 14:03:10 INFO     700 10860 8.147108 327544.0
2025-04-22 14:03:12 INFO     800 10860 8.345574 327544.0
2025-04-22 14:03:14 INFO     900 10860 7.976150 327544.0
2025-04-22 14:03:15 INFO     1000 10860 7.825221 327544.0
2025-04-22 14:03:17 INFO     1100 10860 8.360390 327544.0
2025-04-22 14:03:19 INFO     1200 10860 7.757295 325906.3
2025-04-22 14:03:21 INFO     1300 10860 7.751602 327544.0
2025-04-22 14:03:23 INFO     1400 10860 8.023146 327544.0
2025-04-22 14:03:25 INFO     1500 10860 7.560411 324678.0
2025-04-22 14:03:27 INFO     1600 10860 7.683336 327544.0
2025-04-22 14:03:28 INFO     1700 10860 7.909441 327544.0
2025-04-22 14:03:30 INFO     1800 10860 7.495366 327544.0
2025-04-22 14:03:32 INFO     1900 10860 7.484374 327544.0
2025-04-22 14:03:34 INFO     2000 10860 7.503144 327544.0
2025-04-22 14:03:36 INFO     2100 10860 7.285146 327544.0
2025-04-22 14:03:38 INFO     2200 10860 7.809731 327544.0
2025-04-22 14:03:40 INFO     2300 10860 7.177550 327544.0
2025-04-22 14:03:41 INFO     2400 10860 7.212185 327544.0
2025-04-22 14:03:43 INFO     2500 10860 7.093756 327544.0
2025-04-22 14:03:45 INFO     2600 10860 6.775740 327544.0
2025-04-22 14:03:47 INFO     2700 10860 7.075074 327544.0
2025-04-22 14:03:49 INFO     2800 10860 7.308044 327544.0
2025-04-22 14:03:51 INFO     2900 10860 7.070955 327544.0
2025-04-22 14:03:52 INFO     3000 10860 7.184766 327544.0
2025-04-22 14:03:54 INFO     3100 10860 7.225288 327544.0
2025-04-22 14:03:56 INFO     3200 10860 7.040988 327544.0
2025-04-22 14:03:58 INFO     3300 10860 7.217517 327544.0
2025-04-22 14:04:00 INFO     3400 10860 6.985221 327544.0
2025-04-22 14:04:02 INFO     3500 10860 7.280305 327544.0
2025-04-22 14:04:04 INFO     3600 10860 7.023690 327544.0
2025-04-22 14:04:06 INFO     3700 10860 7.004169 327544.0
2025-04-22 14:04:07 INFO     3800 10860 7.149802 327544.0
2025-04-22 14:04:09 INFO     3900 10860 7.057373 325906.3
2025-04-22 14:04:11 INFO     4000 10860 7.134847 325496.8
2025-04-22 14:04:13 INFO     4100 10860 7.325016 325496.8
2025-04-22 14:04:15 INFO     4200 10860 6.886196 327544.0
2025-04-22 14:04:17 INFO     4300 10860 6.661111 327544.0
2025-04-22 14:04:19 INFO     4400 10860 6.905670 327544.0
2025-04-22 14:04:20 INFO     4500 10860 7.130987 327544.0
2025-04-22 14:04:22 INFO     4600 10860 6.984638 327544.0
2025-04-22 14:04:24 INFO     4700 10860 7.194920 325087.4
2025-04-22 14:04:26 INFO     4800 10860 6.591676 327544.0
2025-04-22 14:04:28 INFO     4900 10860 6.646490 327544.0
2025-04-22 14:04:30 INFO     5000 10860 6.768622 327544.0
2025-04-22 14:04:32 INFO     5100 10860 6.643639 327544.0
2025-04-22 14:04:33 INFO     5200 10860 6.577181 327544.0
2025-04-22 14:04:35 INFO     5300 10860 6.785965 325087.4
2025-04-22 14:04:37 INFO     5400 10860 6.920430 327544.0
2025-04-22 14:04:39 INFO     5500 10860 6.755929 327544.0
2025-04-22 14:04:41 INFO     5600 10860 6.575904 327544.0
2025-04-22 14:04:43 INFO     5700 10860 6.877549 327544.0
2025-04-22 14:04:45 INFO     5800 10860 7.013405 327544.0
2025-04-22 14:04:46 INFO     5900 10860 6.617452 327544.0
2025-04-22 14:04:48 INFO     6000 10860 6.545680 327544.0
2025-04-22 14:04:50 INFO     6100 10860 6.505705 327544.0
2025-04-22 14:04:52 INFO     6200 10860 6.374299 327544.0
2025-04-22 14:04:54 INFO     6300 10860 6.524869 327544.0
2025-04-22 14:04:56 INFO     6400 10860 6.799299 327544.0
2025-04-22 14:04:58 INFO     6500 10860 6.279480 327544.0
2025-04-22 14:05:00 INFO     6600 10860 6.456923 327544.0
2025-04-22 14:05:01 INFO     6700 10860 6.633283 327544.0
2025-04-22 14:05:03 INFO     6800 10860 6.558226 327544.0
2025-04-22 14:05:05 INFO     6900 10860 6.142564 327544.0
2025-04-22 14:05:07 INFO     7000 10860 6.503715 327544.0
2025-04-22 14:05:09 INFO     7100 10860 6.102807 327544.0
2025-04-22 14:05:11 INFO     7200 10860 6.365755 327544.0
2025-04-22 14:05:13 INFO     7300 10860 6.747584 327544.0
2025-04-22 14:05:14 INFO     7400 10860 6.204855 327544.0
2025-04-22 14:05:16 INFO     7500 10860 6.561107 327544.0
2025-04-22 14:05:18 INFO     7600 10860 6.495560 327544.0
2025-04-22 14:05:20 INFO     7700 10860 6.800449 327544.0
2025-04-22 14:05:22 INFO     7800 10860 6.338428 325906.3
2025-04-22 14:05:24 INFO     7900 10860 6.096496 327544.0
2025-04-22 14:05:26 INFO     8000 10860 6.216248 327544.0
2025-04-22 14:05:27 INFO     8100 10860 6.192744 327544.0
2025-04-22 14:05:29 INFO     8200 10860 6.050447 327544.0
2025-04-22 14:05:31 INFO     8300 10860 6.337538 327544.0
2025-04-22 14:05:33 INFO     8400 10860 6.431170 327544.0
2025-04-22 14:05:35 INFO     8500 10860 6.281545 327544.0
2025-04-22 14:05:37 INFO     8600 10860 6.138244 327544.0
2025-04-22 14:05:38 INFO     8700 10860 6.213511 327544.0
2025-04-22 14:05:40 INFO     8800 10860 6.196356 327544.0
2025-04-22 14:05:42 INFO     8900 10860 6.223161 327544.0
2025-04-22 14:05:44 INFO     9000 10860 6.512621 327544.0
2025-04-22 14:05:46 INFO     9100 10860 5.976513 327544.0
2025-04-22 14:05:48 INFO     9200 10860 6.552821 327544.0
2025-04-22 14:05:49 INFO     9300 10860 6.107451 327544.0
2025-04-22 14:05:51 INFO     9400 10860 6.277750 327544.0
2025-04-22 14:05:53 INFO     9500 10860 6.566074 327544.0
2025-04-22 14:05:55 INFO     9600 10860 5.869139 327544.0
2025-04-22 14:05:57 INFO     9700 10860 6.241324 327544.0
2025-04-22 14:05:59 INFO     9800 10860 6.210393 327544.0
2025-04-22 14:06:01 INFO     9900 10860 5.802564 327544.0
2025-04-22 14:06:02 INFO     10000 10860 6.325443 327544.0
2025-04-22 14:06:02 INFO     >>>>> Predictor: Evaluating on valid
2025-04-22 14:06:08 INFO     Data : 6068
2025-04-22 14:06:08 INFO     Hit1 : 0.380686
2025-04-22 14:06:08 INFO     Hit3 : 0.405735
2025-04-22 14:06:08 INFO     Hit10: 0.416941
2025-04-22 14:06:08 INFO     MR   : 9804.744067
2025-04-22 14:06:08 INFO     MRR  : 0.396256
2025-04-22 14:06:08 INFO     >>>>> Predictor: Evaluating on test
2025-04-22 14:06:13 INFO     Data : 6268
2025-04-22 14:06:13 INFO     Hit1 : 0.391672
2025-04-22 14:06:13 INFO     Hit3 : 0.406828
2025-04-22 14:06:13 INFO     Hit10: 0.418634
2025-04-22 14:06:13 INFO     MR   : 9972.736200
2025-04-22 14:06:13 INFO     MRR  : 0.402445
2025-04-22 14:06:13 INFO     >>>>> Predictor: Computing H scores of rules
2025-04-22 14:06:28 INFO     1000 10860
2025-04-22 14:06:43 INFO     2000 10860
2025-04-22 14:06:57 INFO     3000 10860
2025-04-22 14:07:12 INFO     4000 10860
2025-04-22 14:07:27 INFO     5000 10860
2025-04-22 14:07:41 INFO     6000 10860
2025-04-22 14:07:56 INFO     7000 10860
2025-04-22 14:08:11 INFO     8000 10860
2025-04-22 14:08:25 INFO     9000 10860
2025-04-22 14:08:40 INFO     10000 10860
2025-04-22 14:09:02 INFO     >>>>> Generator: Training
2025-04-22 14:09:03 INFO     -------------------------
2025-04-22 14:09:03 INFO     | EM Iteration: 2/2
2025-04-22 14:09:03 INFO     -------------------------
2025-04-22 14:09:03 INFO     >>>>> Generator: Rule generation with sampling
2025-04-22 14:09:03 INFO     Predictor: read 476 rules from list.
2025-04-22 14:09:03 INFO     Preprocess training set
2025-04-22 14:09:03 INFO     >>>>> Predictor: Training
2025-04-22 14:09:05 INFO     100 10860 10.399154 327544.0
2025-04-22 14:09:07 INFO     200 10860 10.030422 327544.0
2025-04-22 14:09:09 INFO     300 10860 9.739554 325906.3
2025-04-22 14:09:11 INFO     400 10860 9.315994 327544.0
2025-04-22 14:09:13 INFO     500 10860 8.988123 327544.0
2025-04-22 14:09:15 INFO     600 10860 8.976936 327544.0
2025-04-22 14:09:17 INFO     700 10860 9.136214 327544.0
2025-04-22 14:09:19 INFO     800 10860 8.782288 327544.0
2025-04-22 14:09:21 INFO     900 10860 8.426150 327544.0
2025-04-22 14:09:23 INFO     1000 10860 8.975648 327544.0
2025-04-22 14:09:25 INFO     1100 10860 8.408783 325496.8
2025-04-22 14:09:27 INFO     1200 10860 8.604805 327544.0
2025-04-22 14:09:29 INFO     1300 10860 8.554165 327544.0
2025-04-22 14:09:31 INFO     1400 10860 8.244585 327544.0
2025-04-22 14:09:33 INFO     1500 10860 8.183127 327544.0
2025-04-22 14:09:35 INFO     1600 10860 8.576453 324678.0
2025-04-22 14:09:37 INFO     1700 10860 8.478653 327544.0
2025-04-22 14:09:39 INFO     1800 10860 8.506355 327544.0
2025-04-22 14:09:41 INFO     1900 10860 8.472709 327544.0
2025-04-22 14:09:43 INFO     2000 10860 8.010035 327544.0
2025-04-22 14:09:45 INFO     2100 10860 8.196159 327544.0
2025-04-22 14:09:47 INFO     2200 10860 7.889379 327544.0
2025-04-22 14:09:48 INFO     2300 10860 8.109936 327544.0
2025-04-22 14:09:50 INFO     2400 10860 8.389643 327544.0
2025-04-22 14:09:52 INFO     2500 10860 8.034876 327544.0
2025-04-22 14:09:54 INFO     2600 10860 7.761046 327544.0
2025-04-22 14:09:56 INFO     2700 10860 7.892294 325906.3
2025-04-22 14:09:58 INFO     2800 10860 8.130055 327544.0
2025-04-22 14:10:00 INFO     2900 10860 7.811280 327544.0
2025-04-22 14:10:02 INFO     3000 10860 8.149665 327544.0
2025-04-22 14:10:04 INFO     3100 10860 7.728457 327544.0
2025-04-22 14:10:06 INFO     3200 10860 7.846404 327544.0
2025-04-22 14:10:08 INFO     3300 10860 8.070086 327544.0
2025-04-22 14:10:10 INFO     3400 10860 7.964590 327544.0
2025-04-22 14:10:12 INFO     3500 10860 7.908905 327544.0
2025-04-22 14:10:14 INFO     3600 10860 8.128987 327544.0
2025-04-22 14:10:16 INFO     3700 10860 7.475518 327544.0
2025-04-22 14:10:18 INFO     3800 10860 7.811861 327544.0
2025-04-22 14:10:20 INFO     3900 10860 7.757752 327544.0
2025-04-22 14:10:22 INFO     4000 10860 7.881585 327544.0
2025-04-22 14:10:24 INFO     4100 10860 7.433439 327544.0
2025-04-22 14:10:26 INFO     4200 10860 7.477801 325906.3
2025-04-22 14:10:28 INFO     4300 10860 7.891469 327544.0
2025-04-22 14:10:30 INFO     4400 10860 7.862600 327544.0
2025-04-22 14:10:32 INFO     4500 10860 7.835001 327544.0
2025-04-22 14:10:34 INFO     4600 10860 7.851344 327544.0
2025-04-22 14:10:36 INFO     4700 10860 7.526740 327544.0
2025-04-22 14:10:38 INFO     4800 10860 7.186174 327544.0
2025-04-22 14:10:40 INFO     4900 10860 7.657292 327544.0
2025-04-22 14:10:42 INFO     5000 10860 7.433381 327544.0
2025-04-22 14:10:44 INFO     5100 10860 7.184719 327544.0
2025-04-22 14:10:46 INFO     5200 10860 8.193664 327544.0
2025-04-22 14:10:48 INFO     5300 10860 6.578128 327544.0
2025-04-22 14:10:50 INFO     5400 10860 7.169183 327544.0
2025-04-22 14:10:52 INFO     5500 10860 7.656279 327544.0
2025-04-22 14:10:54 INFO     5600 10860 7.208140 327544.0
2025-04-22 14:10:56 INFO     5700 10860 7.304116 327544.0
2025-04-22 14:10:58 INFO     5800 10860 7.207501 326315.7
2025-04-22 14:11:00 INFO     5900 10860 7.547683 325496.8
2025-04-22 14:11:02 INFO     6000 10860 7.887555 327544.0
2025-04-22 14:11:04 INFO     6100 10860 6.911579 327544.0
2025-04-22 14:11:06 INFO     6200 10860 7.707522 327544.0
2025-04-22 14:11:08 INFO     6300 10860 7.199086 327544.0
2025-04-22 14:11:10 INFO     6400 10860 7.400322 327544.0
2025-04-22 14:11:12 INFO     6500 10860 6.856610 327544.0
2025-04-22 14:11:14 INFO     6600 10860 7.051254 327544.0
2025-04-22 14:11:16 INFO     6700 10860 7.219137 327544.0
2025-04-22 14:11:18 INFO     6800 10860 7.318245 327544.0
2025-04-22 14:11:20 INFO     6900 10860 7.406171 327544.0
2025-04-22 14:11:22 INFO     7000 10860 7.364005 327544.0
2025-04-22 14:11:24 INFO     7100 10860 7.233817 327544.0
2025-04-22 14:11:26 INFO     7200 10860 7.896093 327544.0
2025-04-22 14:11:28 INFO     7300 10860 7.251912 327544.0
2025-04-22 14:11:30 INFO     7400 10860 7.295567 327544.0
2025-04-22 14:11:32 INFO     7500 10860 6.737300 327544.0
2025-04-22 14:11:34 INFO     7600 10860 7.576660 327544.0
2025-04-22 14:11:36 INFO     7700 10860 7.102595 327544.0
2025-04-22 14:11:38 INFO     7800 10860 7.538066 327544.0
2025-04-22 14:11:40 INFO     7900 10860 7.519230 327544.0
2025-04-22 14:11:42 INFO     8000 10860 6.955506 327544.0
2025-04-22 14:11:44 INFO     8100 10860 7.141479 327544.0
2025-04-22 14:11:46 INFO     8200 10860 6.962027 327544.0
2025-04-22 14:11:48 INFO     8300 10860 7.385331 327544.0
2025-04-22 14:11:50 INFO     8400 10860 7.794288 327544.0
2025-04-22 14:11:52 INFO     8500 10860 7.388349 327544.0
2025-04-22 14:11:54 INFO     8600 10860 7.255081 327544.0
2025-04-22 14:11:56 INFO     8700 10860 7.389509 327544.0
2025-04-22 14:11:58 INFO     8800 10860 6.782262 327544.0
2025-04-22 14:12:00 INFO     8900 10860 7.332288 327544.0
2025-04-22 14:12:02 INFO     9000 10860 7.173725 327544.0
2025-04-22 14:12:04 INFO     9100 10860 7.337881 327544.0
2025-04-22 14:12:05 INFO     9200 10860 6.820720 327544.0
2025-04-22 14:12:07 INFO     9300 10860 7.611222 327544.0
2025-04-22 14:12:09 INFO     9400 10860 7.362720 327544.0
2025-04-22 14:12:11 INFO     9500 10860 7.105955 327544.0
2025-04-22 14:12:13 INFO     9600 10860 6.919301 327544.0
2025-04-22 14:12:15 INFO     9700 10860 6.803781 327544.0
2025-04-22 14:12:17 INFO     9800 10860 7.248232 327544.0
2025-04-22 14:12:19 INFO     9900 10860 7.209695 327544.0
2025-04-22 14:12:21 INFO     10000 10860 7.275669 327544.0
2025-04-22 14:12:21 INFO     >>>>> Predictor: Evaluating on valid
2025-04-22 14:12:27 INFO     Data : 6068
2025-04-22 14:12:27 INFO     Hit1 : 0.368161
2025-04-22 14:12:27 INFO     Hit3 : 0.394529
2025-04-22 14:12:27 INFO     Hit10: 0.407383
2025-04-22 14:12:27 INFO     MR   : 10243.342452
2025-04-22 14:12:27 INFO     MRR  : 0.384894
2025-04-22 14:12:27 INFO     >>>>> Predictor: Evaluating on test
2025-04-22 14:12:32 INFO     Data : 6268
2025-04-22 14:12:32 INFO     Hit1 : 0.376356
2025-04-22 14:12:32 INFO     Hit3 : 0.395660
2025-04-22 14:12:32 INFO     Hit10: 0.408264
2025-04-22 14:12:32 INFO     MR   : 10374.100909
2025-04-22 14:12:32 INFO     MRR  : 0.389078
2025-04-22 14:12:32 INFO     >>>>> Predictor: Computing H scores of rules
2025-04-22 14:12:48 INFO     1000 10860
2025-04-22 14:13:04 INFO     2000 10860
2025-04-22 14:13:19 INFO     3000 10860
2025-04-22 14:13:35 INFO     4000 10860
2025-04-22 14:13:51 INFO     5000 10860
2025-04-22 14:14:06 INFO     6000 10860
2025-04-22 14:14:22 INFO     7000 10860
2025-04-22 14:14:38 INFO     8000 10860
2025-04-22 14:14:53 INFO     9000 10860
2025-04-22 14:15:09 INFO     10000 10860
2025-04-22 14:15:33 INFO     >>>>> Generator: Training
2025-04-22 14:15:33 INFO     -------------------------
2025-04-22 14:15:33 INFO     | Post-train Generator
2025-04-22 14:15:33 INFO     -------------------------
2025-04-22 14:15:33 INFO     >>>>> Generator: Training
2025-04-22 14:15:39 INFO     [E1000] Total: 1.053538 | Main: 1.256990 | Aux: 0.592225 | Topk_Loss: 1.018476
2025-04-22 14:15:39 INFO     -------------------------
2025-04-22 14:15:39 INFO     | Beam Search Best Rules
2025-04-22 14:15:39 INFO     -------------------------
2025-04-22 14:15:39 INFO     >>>>> Generator: Rule generation with beam search
2025-04-22 14:15:39 INFO     >>>>> Generator: Rule generation with beam search
2025-04-22 14:15:40 INFO     >>>>> Generator: Rule generation with beam search
2025-04-22 14:15:42 INFO     >>>>> Generator: Rule generation with beam search
2025-04-22 14:15:44 INFO     >>>>> Generator: Rule generation with beam search
2025-04-22 14:15:46 INFO     -------------------------
2025-04-22 14:15:46 INFO     | Train Final Predictor+
2025-04-22 14:15:46 INFO     -------------------------
2025-04-22 14:15:46 INFO     Predictor+: read 3586 rules from list.
2025-04-22 14:15:46 INFO     Preprocess training set
2025-04-22 14:15:46 INFO     -------------------------
2025-04-22 14:15:46 INFO     | Iteration: 1/1
2025-04-22 14:15:46 INFO     -------------------------
2025-04-22 14:15:46 INFO     >>>>> Predictor: Training
2025-04-22 14:15:55 INFO     100 10860 5.557006 327544.0
2025-04-22 14:16:04 INFO     200 10860 4.917260 327544.0
2025-04-22 14:16:12 INFO     300 10860 5.473168 324678.0
2025-04-22 14:16:21 INFO     400 10860 4.943330 327544.0
2025-04-22 14:16:30 INFO     500 10860 4.712830 327544.0
2025-04-22 14:16:39 INFO     600 10860 5.180902 327544.0
2025-04-22 14:16:47 INFO     700 10860 4.973576 327544.0
2025-04-22 14:16:56 INFO     800 10860 4.870668 327544.0
2025-04-22 14:17:05 INFO     900 10860 5.059486 327544.0
2025-04-22 14:17:14 INFO     1000 10860 5.179814 327544.0
2025-04-22 14:17:22 INFO     1100 10860 4.995212 327544.0
2025-04-22 14:17:31 INFO     1200 10860 5.338823 327544.0
2025-04-22 14:17:40 INFO     1300 10860 5.248256 327544.0
2025-04-22 14:17:49 INFO     1400 10860 5.205984 327544.0
2025-04-22 14:17:57 INFO     1500 10860 5.080846 327544.0
2025-04-22 14:18:06 INFO     1600 10860 4.507740 325496.8
2025-04-22 14:18:15 INFO     1700 10860 4.891460 327544.0
2025-04-22 14:18:24 INFO     1800 10860 4.891837 327544.0
2025-04-22 14:18:32 INFO     1900 10860 4.400597 327544.0
2025-04-22 14:18:41 INFO     2000 10860 4.855274 327544.0
2025-04-22 14:18:50 INFO     2100 10860 4.475545 327544.0
2025-04-22 14:18:59 INFO     2200 10860 4.764534 327544.0
2025-04-22 14:19:07 INFO     2300 10860 4.500691 327544.0
2025-04-22 14:19:16 INFO     2400 10860 4.739175 327544.0
2025-04-22 14:19:25 INFO     2500 10860 4.248196 327544.0
2025-04-22 14:19:34 INFO     2600 10860 4.799365 327544.0
2025-04-22 14:19:42 INFO     2700 10860 4.678983 327544.0
2025-04-22 14:19:51 INFO     2800 10860 4.979674 327544.0
2025-04-22 14:20:00 INFO     2900 10860 5.299708 325906.3
2025-04-22 14:20:09 INFO     3000 10860 4.782953 327544.0
2025-04-22 14:20:18 INFO     3100 10860 5.070488 327544.0
2025-04-22 14:20:27 INFO     3200 10860 4.226300 327544.0
2025-04-22 14:20:35 INFO     3300 10860 4.463775 327544.0
2025-04-22 14:20:44 INFO     3400 10860 3.892849 327544.0
2025-04-22 14:20:53 INFO     3500 10860 4.985709 327544.0
2025-04-22 14:21:02 INFO     3600 10860 4.272932 327544.0
2025-04-22 14:21:11 INFO     3700 10860 4.785367 327544.0
2025-04-22 14:21:20 INFO     3800 10860 5.196932 327544.0
2025-04-22 14:21:29 INFO     3900 10860 5.071984 327544.0
2025-04-22 14:21:37 INFO     4000 10860 4.563068 327544.0
2025-04-22 14:21:47 INFO     4100 10860 4.585933 327544.0
2025-04-22 14:21:56 INFO     4200 10860 4.687152 327544.0
2025-04-22 14:22:04 INFO     4300 10860 4.868428 327544.0
2025-04-22 14:22:13 INFO     4400 10860 5.206632 327544.0
2025-04-22 14:22:22 INFO     4500 10860 4.907655 327544.0
2025-04-22 14:22:31 INFO     4600 10860 4.510829 327544.0
2025-04-22 14:22:40 INFO     4700 10860 5.091963 325087.4
2025-04-22 14:22:49 INFO     4800 10860 4.326674 327544.0
2025-04-22 14:22:57 INFO     4900 10860 4.727316 327544.0
2025-04-22 14:23:06 INFO     5000 10860 4.668888 327544.0
2025-04-22 14:23:15 INFO     5100 10860 4.988129 327544.0
2025-04-22 14:23:24 INFO     5200 10860 4.665140 327544.0
2025-04-22 14:23:32 INFO     5300 10860 5.042804 327544.0
2025-04-22 14:23:41 INFO     5400 10860 5.058428 327544.0
2025-04-22 14:23:50 INFO     5500 10860 4.525476 327544.0
2025-04-22 14:23:59 INFO     5600 10860 4.798125 327544.0
2025-04-22 14:24:08 INFO     5700 10860 3.969431 327544.0
2025-04-22 14:24:17 INFO     5800 10860 4.577953 327544.0
2025-04-22 14:24:25 INFO     5900 10860 4.463819 327544.0
2025-04-22 14:24:34 INFO     6000 10860 5.286850 327544.0
2025-04-22 14:24:43 INFO     6100 10860 5.045555 325087.4
2025-04-22 14:24:52 INFO     6200 10860 4.729829 327544.0
2025-04-22 14:25:01 INFO     6300 10860 4.640955 327544.0
2025-04-22 14:25:10 INFO     6400 10860 4.852454 327544.0
2025-04-22 14:25:19 INFO     6500 10860 4.781480 327544.0
2025-04-22 14:25:27 INFO     6600 10860 4.459051 327544.0
2025-04-22 14:25:36 INFO     6700 10860 4.660021 327544.0
2025-04-22 14:25:45 INFO     6800 10860 4.305603 327544.0
2025-04-22 14:25:54 INFO     6900 10860 4.561572 325496.8
2025-04-22 14:26:03 INFO     7000 10860 4.613146 327544.0
2025-04-22 14:26:12 INFO     7100 10860 4.563888 327544.0
2025-04-22 14:26:20 INFO     7200 10860 4.798980 327544.0
2025-04-22 14:26:29 INFO     7300 10860 4.614585 327544.0
2025-04-22 14:26:38 INFO     7400 10860 4.060223 326315.7
2025-04-22 14:26:47 INFO     7500 10860 5.057748 325496.8
2025-04-22 14:26:56 INFO     7600 10860 4.572897 327544.0
2025-04-22 14:27:04 INFO     7700 10860 4.984717 327544.0
2025-04-22 14:27:13 INFO     7800 10860 4.952003 327544.0
2025-04-22 14:27:22 INFO     7900 10860 4.749422 327544.0
2025-04-22 14:27:31 INFO     8000 10860 4.671533 327544.0
2025-04-22 14:27:40 INFO     8100 10860 5.159322 327544.0
2025-04-22 14:27:49 INFO     8200 10860 4.491739 327544.0
2025-04-22 14:27:57 INFO     8300 10860 4.617325 327544.0
2025-04-22 14:28:06 INFO     8400 10860 4.543923 327544.0
2025-04-22 14:28:15 INFO     8500 10860 4.709013 327544.0
2025-04-22 14:28:24 INFO     8600 10860 4.966315 327544.0
2025-04-22 14:28:33 INFO     8700 10860 5.214861 327544.0
2025-04-22 14:28:42 INFO     8800 10860 4.622696 327544.0
2025-04-22 14:28:50 INFO     8900 10860 4.930565 327544.0
2025-04-22 14:28:59 INFO     9000 10860 4.709543 327544.0
2025-04-22 14:29:08 INFO     9100 10860 4.942958 327544.0
2025-04-22 14:29:17 INFO     9200 10860 4.499136 327544.0
2025-04-22 14:29:26 INFO     9300 10860 4.471342 327544.0
2025-04-22 14:29:35 INFO     9400 10860 4.400088 327544.0
2025-04-22 14:29:44 INFO     9500 10860 4.567499 327544.0
2025-04-22 14:29:53 INFO     9600 10860 4.837731 327544.0
2025-04-22 14:30:02 INFO     9700 10860 4.790502 327544.0
2025-04-22 14:30:11 INFO     9800 10860 4.458959 327544.0
2025-04-22 14:30:20 INFO     9900 10860 4.872946 327544.0
2025-04-22 14:30:29 INFO     10000 10860 4.122679 327544.0
2025-04-22 14:30:29 INFO     >>>>> Predictor: Evaluating on valid
2025-04-22 14:30:58 INFO     Data : 6068
2025-04-22 14:30:58 INFO     Hit1 : 0.413645
2025-04-22 14:30:58 INFO     Hit3 : 0.451879
2025-04-22 14:30:58 INFO     Hit10: 0.488958
2025-04-22 14:30:58 INFO     MR   : 7633.565672
2025-04-22 14:30:58 INFO     MRR  : 0.441109
2025-04-22 14:30:58 INFO     >>>>> Predictor: Evaluating on test
2025-04-22 14:31:29 INFO     Data : 6268
2025-04-22 14:31:29 INFO     Hit1 : 0.421027
2025-04-22 14:31:29 INFO     Hit3 : 0.461551
2025-04-22 14:31:29 INFO     Hit10: 0.499840
2025-04-22 14:31:29 INFO     MR   : 7581.151484
2025-04-22 14:31:29 INFO     MRR  : 0.448424
2025-04-22 14:31:29 INFO     Save checkpoint to wn18rr/adaptive_topk_mid/predictor.pt
2025-04-22 14:31:29 INFO     -------------------------
2025-04-22 14:31:29 INFO     | Final Test MRR: 0.448424
2025-04-22 14:31:29 INFO     -------------------------
