2025-07-19 08:43:26 INFO     is_soft_label: False
2025-07-19 08:43:26 INFO     is_scheduled_sampling: False
2025-07-19 08:43:26 INFO     is_test_mode: False
2025-07-19 08:43:26 INFO     Data loading | DONE!
2025-07-19 08:43:26 INFO     Using full datasets for training, validation, and testing.
2025-07-19 08:43:26 INFO     -------------------------
2025-07-19 08:43:26 INFO     | EM Iteration: 1/5
2025-07-19 08:43:26 INFO     -------------------------
2025-07-19 08:43:26 INFO     >>>>> Using miner's rule
2025-07-19 08:43:26 INFO     Predictor: read 13661 rules from list.
2025-07-19 08:43:27 INFO     Preprocess training set
2025-07-19 08:43:27 INFO     >>>>> Predictor: Evaluating on valid
2025-07-19 08:45:41 INFO     Data : 2077
2025-07-19 08:45:41 INFO     Hit1 : 0.065479
2025-07-19 08:45:41 INFO     Hit3 : 0.127106
2025-07-19 08:45:41 INFO     Hit10: 0.199326
2025-07-19 08:45:41 INFO     MR   : 1120.902022
2025-07-19 08:45:41 INFO     MRR  : 0.114382
2025-07-19 08:45:41 INFO     >>>>> Predictor: Evaluating on test
2025-07-19 08:48:12 INFO     Data : 2342
2025-07-19 08:48:12 INFO     Hit1 : 0.078992
2025-07-19 08:48:12 INFO     Hit3 : 0.124253
2025-07-19 08:48:12 INFO     Hit10: 0.208796
2025-07-19 08:48:12 INFO     MR   : 1044.269001
2025-07-19 08:48:12 INFO     MRR  : 0.122250
2025-07-19 08:48:12 INFO     >>>>> Predictor: Computing H scores of rules
2025-07-19 09:21:42 INFO     1000 5959
2025-07-19 09:55:51 INFO     2000 5959
2025-07-19 10:29:33 INFO     3000 5959
2025-07-19 11:03:23 INFO     4000 5959
2025-07-19 11:37:06 INFO     5000 5959
2025-07-19 12:11:24 INFO     >>>>> Generator: Training
2025-07-19 12:11:30 INFO     -------------------------
2025-07-19 12:11:30 INFO     | EM Iteration: 2/5
2025-07-19 12:11:30 INFO     -------------------------
2025-07-19 12:11:30 INFO     >>>>> Using Generator's sample rule
2025-07-19 12:11:30 INFO     >>>>> Generator: Rule generation with sampling
2025-07-19 12:11:30 INFO     Predictor: read 1904 rules from list.
2025-07-19 12:11:30 INFO     Preprocess training set
2025-07-19 12:11:30 INFO     >>>>> Predictor: Training
2025-07-19 12:12:29 INFO     1000 5959 8.782312 69314.6
2025-07-19 12:13:32 INFO     2000 5959 8.410004 69271.3
2025-07-19 12:14:33 INFO     3000 5959 8.219053 69245.2
2025-07-19 12:15:31 INFO     4000 5959 8.065449 69340.6
2025-07-19 12:16:33 INFO     5000 5959 7.940880 69340.6
2025-07-19 12:17:32 INFO     >>>>> Predictor: Evaluating on valid
2025-07-19 12:17:42 INFO     Data : 2077
2025-07-19 12:17:42 INFO     Hit1 : 0.025036
2025-07-19 12:17:42 INFO     Hit3 : 0.040924
2025-07-19 12:17:42 INFO     Hit10: 0.064035
2025-07-19 12:17:42 INFO     MR   : 1407.828117
2025-07-19 12:17:42 INFO     MRR  : 0.041154
2025-07-19 12:17:42 INFO     >>>>> Predictor: Evaluating on test
2025-07-19 12:17:54 INFO     Data : 2342
2025-07-19 12:17:54 INFO     Hit1 : 0.019641
2025-07-19 12:17:54 INFO     Hit3 : 0.030743
2025-07-19 12:17:54 INFO     Hit10: 0.056362
2025-07-19 12:17:54 INFO     MR   : 1317.205807
2025-07-19 12:17:54 INFO     MRR  : 0.034766
2025-07-19 12:17:54 INFO     >>>>> Predictor: Computing H scores of rules
2025-07-19 12:20:36 INFO     1000 5959
2025-07-19 12:23:17 INFO     2000 5959
2025-07-19 12:25:58 INFO     3000 5959
2025-07-19 12:28:39 INFO     4000 5959
2025-07-19 12:31:21 INFO     5000 5959
2025-07-19 12:33:58 INFO     >>>>> Generator: Training
2025-07-19 12:34:03 INFO     -------------------------
2025-07-19 12:34:03 INFO     | EM Iteration: 3/5
2025-07-19 12:34:03 INFO     -------------------------
2025-07-19 12:34:03 INFO     >>>>> Using Generator's sample rule
2025-07-19 12:34:03 INFO     >>>>> Generator: Rule generation with sampling
2025-07-19 12:34:03 INFO     Predictor: read 1877 rules from list.
2025-07-19 12:34:03 INFO     Preprocess training set
2025-07-19 12:34:03 INFO     >>>>> Predictor: Training
2025-07-19 12:35:03 INFO     1000 5959 8.809976 69332.0
2025-07-19 12:36:03 INFO     2000 5959 8.469537 69349.3
2025-07-19 12:37:03 INFO     3000 5959 8.254404 69184.5
2025-07-19 12:38:04 INFO     4000 5959 8.080450 69253.9
2025-07-19 12:39:04 INFO     5000 5959 7.983767 69332.0
2025-07-19 12:40:03 INFO     >>>>> Predictor: Evaluating on valid
2025-07-19 12:40:14 INFO     Data : 2077
2025-07-19 12:40:14 INFO     Hit1 : 0.010592
2025-07-19 12:40:14 INFO     Hit3 : 0.025999
2025-07-19 12:40:14 INFO     Hit10: 0.051035
2025-07-19 12:40:14 INFO     MR   : 1450.381801
2025-07-19 12:40:14 INFO     MRR  : 0.026797
2025-07-19 12:40:14 INFO     >>>>> Predictor: Evaluating on test
2025-07-19 12:40:26 INFO     Data : 2342
2025-07-19 12:40:26 INFO     Hit1 : 0.014091
2025-07-19 12:40:26 INFO     Hit3 : 0.024765
2025-07-19 12:40:26 INFO     Hit10: 0.047395
2025-07-19 12:40:26 INFO     MR   : 1340.377455
2025-07-19 12:40:26 INFO     MRR  : 0.028016
2025-07-19 12:40:26 INFO     >>>>> Predictor: Computing H scores of rules
2025-07-19 12:43:06 INFO     1000 5959
2025-07-19 12:45:44 INFO     2000 5959
2025-07-19 12:48:22 INFO     3000 5959
2025-07-19 12:51:02 INFO     4000 5959
2025-07-19 12:53:43 INFO     5000 5959
2025-07-19 12:56:16 INFO     >>>>> Generator: Training
2025-07-19 12:56:22 INFO     -------------------------
2025-07-19 12:56:22 INFO     | EM Iteration: 4/5
2025-07-19 12:56:22 INFO     -------------------------
2025-07-19 12:56:22 INFO     >>>>> Using Generator's sample rule
2025-07-19 12:56:22 INFO     >>>>> Generator: Rule generation with sampling
2025-07-19 12:56:22 INFO     Predictor: read 1847 rules from list.
2025-07-19 12:56:22 INFO     Preprocess training set
2025-07-19 12:56:22 INFO     >>>>> Predictor: Training
2025-07-19 12:57:21 INFO     1000 5959 8.791110 69271.3
2025-07-19 12:58:21 INFO     2000 5959 8.404539 69340.6
2025-07-19 12:59:21 INFO     3000 5959 8.137731 69384.0
2025-07-19 13:00:21 INFO     4000 5959 7.963986 69262.6
2025-07-19 13:01:19 INFO     5000 5959 7.819836 69332.0
2025-07-19 13:02:16 INFO     >>>>> Predictor: Evaluating on valid
2025-07-19 13:02:27 INFO     Data : 2077
2025-07-19 13:02:27 INFO     Hit1 : 0.006259
2025-07-19 13:02:27 INFO     Hit3 : 0.018296
2025-07-19 13:02:27 INFO     Hit10: 0.036110
2025-07-19 13:02:27 INFO     MR   : 1486.285749
2025-07-19 13:02:27 INFO     MRR  : 0.019680
2025-07-19 13:02:27 INFO     >>>>> Predictor: Evaluating on test
2025-07-19 13:02:39 INFO     Data : 2342
2025-07-19 13:02:39 INFO     Hit1 : 0.008540
2025-07-19 13:02:39 INFO     Hit3 : 0.018787
2025-07-19 13:02:39 INFO     Hit10: 0.035440
2025-07-19 13:02:39 INFO     MR   : 1371.789710
2025-07-19 13:02:39 INFO     MRR  : 0.020680
2025-07-19 13:02:39 INFO     >>>>> Predictor: Computing H scores of rules
2025-07-19 13:05:17 INFO     1000 5959
2025-07-19 13:07:57 INFO     2000 5959
2025-07-19 13:10:36 INFO     3000 5959
2025-07-19 13:13:13 INFO     4000 5959
2025-07-19 13:15:51 INFO     5000 5959
2025-07-19 13:18:26 INFO     >>>>> Generator: Training
2025-07-19 13:18:32 INFO     -------------------------
2025-07-19 13:18:32 INFO     | EM Iteration: 5/5
2025-07-19 13:18:32 INFO     -------------------------
2025-07-19 13:18:32 INFO     >>>>> Using Generator's sample rule
2025-07-19 13:18:32 INFO     >>>>> Generator: Rule generation with sampling
2025-07-19 13:18:32 INFO     Predictor: read 1676 rules from list.
2025-07-19 13:18:32 INFO     Preprocess training set
2025-07-19 13:18:32 INFO     >>>>> Predictor: Training
2025-07-19 13:19:24 INFO     1000 5959 8.805924 69332.0
2025-07-19 13:20:17 INFO     2000 5959 8.434382 69349.3
2025-07-19 13:21:09 INFO     3000 5959 8.182272 69340.6
2025-07-19 13:22:00 INFO     4000 5959 8.012417 69297.3
2025-07-19 13:22:52 INFO     5000 5959 7.830053 69219.2
2025-07-19 13:23:43 INFO     >>>>> Predictor: Evaluating on valid
2025-07-19 13:23:52 INFO     Data : 2077
2025-07-19 13:23:52 INFO     Hit1 : 0.029851
2025-07-19 13:23:52 INFO     Hit3 : 0.053924
2025-07-19 13:23:52 INFO     Hit10: 0.076071
2025-07-19 13:23:52 INFO     MR   : 1451.129995
2025-07-19 13:23:52 INFO     MRR  : 0.049605
2025-07-19 13:23:52 INFO     >>>>> Predictor: Evaluating on test
2025-07-19 13:24:03 INFO     Data : 2342
2025-07-19 13:24:03 INFO     Hit1 : 0.028608
2025-07-19 13:24:03 INFO     Hit3 : 0.046541
2025-07-19 13:24:03 INFO     Hit10: 0.084116
2025-07-19 13:24:03 INFO     MR   : 1334.989112
2025-07-19 13:24:03 INFO     MRR  : 0.048452
2025-07-19 13:24:03 INFO     >>>>> Predictor: Computing H scores of rules
2025-07-19 13:26:27 INFO     1000 5959
2025-07-19 13:28:49 INFO     2000 5959
2025-07-19 13:31:11 INFO     3000 5959
2025-07-19 13:33:33 INFO     4000 5959
2025-07-19 13:35:54 INFO     5000 5959
2025-07-19 13:38:13 INFO     >>>>> Generator: Training
2025-07-19 13:38:18 INFO     -------------------------
2025-07-19 13:38:18 INFO     | Post-train Generator
2025-07-19 13:38:18 INFO     -------------------------
2025-07-19 13:38:20 INFO     >>>>> Generator: Training
2025-07-19 13:39:19 INFO     [E01000] Total 2.432650 | Main 2.559255 | RelClus 1.497829 | EntType 2.354638
2025-07-19 13:39:19 INFO     -------------------------
2025-07-19 13:39:19 INFO     | Beam Search Best Rules
2025-07-19 13:39:19 INFO     -------------------------
2025-07-19 13:39:19 INFO     >>>>> Generator: Rule generation with beam search
2025-07-19 13:39:20 INFO     >>>>> Generator: Rule generation with beam search
2025-07-19 13:39:25 INFO     >>>>> Generator: Rule generation with beam search
2025-07-19 13:40:41 INFO     >>>>> Generator: Rule generation with beam search
2025-07-19 13:41:43 INFO     >>>>> Generator: Rule generation with beam search
2025-07-19 13:42:25 INFO     -------------------------
2025-07-19 13:42:25 INFO     | Train Final Predictor+
2025-07-19 13:42:25 INFO     -------------------------
2025-07-19 13:42:25 INFO     Predictor+: read 18420 rules from list.
2025-07-19 13:42:25 INFO     Preprocess training set
2025-07-19 13:42:25 INFO     -------------------------
2025-07-19 13:42:25 INFO     | Iteration: 1/5
2025-07-19 13:42:25 INFO     -------------------------
2025-07-19 13:42:25 INFO     >>>>> Predictor: Training
2025-07-19 13:47:34 INFO     1000 5959 4.989555 69271.3
2025-07-19 13:52:43 INFO     2000 5959 4.755142 69332.0
2025-07-19 13:57:56 INFO     3000 5959 4.740827 69375.3
2025-07-19 14:03:08 INFO     4000 5959 4.738590 69279.9
2025-07-19 14:08:22 INFO     5000 5959 4.708037 69349.3
2025-07-19 14:13:18 INFO     >>>>> Predictor: Evaluating on valid
2025-07-19 14:14:33 INFO     Data : 2077
2025-07-19 14:14:33 INFO     Hit1 : 0.095330
2025-07-19 14:14:33 INFO     Hit3 : 0.177660
2025-07-19 14:14:33 INFO     Hit10: 0.308137
2025-07-19 14:14:33 INFO     MR   : 989.539239
2025-07-19 14:14:33 INFO     MRR  : 0.164350
2025-07-19 14:14:33 INFO     >>>>> Predictor: Evaluating on test
2025-07-19 14:15:57 INFO     Data : 2342
2025-07-19 14:15:57 INFO     Hit1 : 0.116140
2025-07-19 14:15:57 INFO     Hit3 : 0.205807
2025-07-19 14:15:57 INFO     Hit10: 0.316823
2025-07-19 14:15:57 INFO     MR   : 928.702818
2025-07-19 14:15:57 INFO     MRR  : 0.182923
2025-07-19 14:15:57 INFO     Save checkpoint to results/semmeddb/10_times_each/fixed/622/3_20250719_084324/predictor.pt
2025-07-19 14:15:57 INFO     -------------------------
2025-07-19 14:15:57 INFO     | Iteration: 2/5
2025-07-19 14:15:57 INFO     -------------------------
2025-07-19 14:15:57 INFO     >>>>> Predictor: Training
2025-07-19 14:21:11 INFO     1000 5959 4.637191 69366.7
2025-07-19 14:26:25 INFO     2000 5959 4.677215 69375.3
2025-07-19 14:31:34 INFO     3000 5959 4.665434 69219.2
2025-07-19 14:36:46 INFO     4000 5959 4.671393 69305.9
2025-07-19 14:42:00 INFO     5000 5959 4.660652 69288.6
2025-07-19 14:46:57 INFO     >>>>> Predictor: Evaluating on valid
2025-07-19 14:48:12 INFO     Data : 2077
2025-07-19 14:48:12 INFO     Hit1 : 0.095811
2025-07-19 14:48:12 INFO     Hit3 : 0.191623
2025-07-19 14:48:12 INFO     Hit10: 0.315359
2025-07-19 14:48:12 INFO     MR   : 953.619884
2025-07-19 14:48:12 INFO     MRR  : 0.167551
2025-07-19 14:48:12 INFO     >>>>> Predictor: Evaluating on test
2025-07-19 14:49:38 INFO     Data : 2342
2025-07-19 14:49:38 INFO     Hit1 : 0.125107
2025-07-19 14:49:38 INFO     Hit3 : 0.208796
2025-07-19 14:49:38 INFO     Hit10: 0.322374
2025-07-19 14:49:38 INFO     MR   : 889.148164
2025-07-19 14:49:38 INFO     MRR  : 0.189415
2025-07-19 14:49:38 INFO     Save checkpoint to results/semmeddb/10_times_each/fixed/622/3_20250719_084324/predictor.pt
2025-07-19 14:49:38 INFO     -------------------------
2025-07-19 14:49:38 INFO     | Iteration: 3/5
2025-07-19 14:49:38 INFO     -------------------------
2025-07-19 14:49:38 INFO     >>>>> Predictor: Training
2025-07-19 14:54:48 INFO     1000 5959 4.643681 69288.6
2025-07-19 15:00:00 INFO     2000 5959 4.647944 69288.6
2025-07-19 15:05:13 INFO     3000 5959 4.639122 69340.6
2025-07-19 15:10:24 INFO     4000 5959 4.636165 69271.3
2025-07-19 15:15:34 INFO     5000 5959 4.669685 69219.2
2025-07-19 15:20:35 INFO     >>>>> Predictor: Evaluating on valid
2025-07-19 15:21:49 INFO     Data : 2077
2025-07-19 15:21:49 INFO     Hit1 : 0.091960
2025-07-19 15:21:49 INFO     Hit3 : 0.182956
2025-07-19 15:21:49 INFO     Hit10: 0.300433
2025-07-19 15:21:49 INFO     MR   : 943.371931
2025-07-19 15:21:49 INFO     MRR  : 0.162915
2025-07-19 15:21:49 INFO     >>>>> Predictor: Evaluating on test
2025-07-19 15:23:13 INFO     Data : 2342
2025-07-19 15:23:13 INFO     Hit1 : 0.114859
2025-07-19 15:23:13 INFO     Hit3 : 0.199829
2025-07-19 15:23:13 INFO     Hit10: 0.312553
2025-07-19 15:23:13 INFO     MR   : 873.728437
2025-07-19 15:23:13 INFO     MRR  : 0.179149
2025-07-19 15:23:13 INFO     -------------------------
2025-07-19 15:23:13 INFO     | Iteration: 4/5
2025-07-19 15:23:13 INFO     -------------------------
2025-07-19 15:23:13 INFO     >>>>> Predictor: Training
2025-07-19 15:28:27 INFO     1000 5959 4.613061 69340.6
2025-07-19 15:33:42 INFO     2000 5959 4.590580 69184.5
2025-07-19 15:38:54 INFO     3000 5959 4.659190 69253.9
2025-07-19 15:44:06 INFO     4000 5959 4.625697 69340.6
2025-07-19 15:49:18 INFO     5000 5959 4.628733 69384.0
2025-07-19 15:54:14 INFO     >>>>> Predictor: Evaluating on valid
2025-07-19 15:55:28 INFO     Data : 2077
2025-07-19 15:55:28 INFO     Hit1 : 0.093885
2025-07-19 15:55:28 INFO     Hit3 : 0.186808
2025-07-19 15:55:28 INFO     Hit10: 0.309581
2025-07-19 15:55:28 INFO     MR   : 937.637458
2025-07-19 15:55:28 INFO     MRR  : 0.165013
2025-07-19 15:55:28 INFO     >>>>> Predictor: Evaluating on test
2025-07-19 15:56:53 INFO     Data : 2342
2025-07-19 15:56:53 INFO     Hit1 : 0.120837
2025-07-19 15:56:53 INFO     Hit3 : 0.207088
2025-07-19 15:56:53 INFO     Hit10: 0.314261
2025-07-19 15:56:53 INFO     MR   : 868.968830
2025-07-19 15:56:53 INFO     MRR  : 0.185901
2025-07-19 15:56:53 INFO     -------------------------
2025-07-19 15:56:53 INFO     | Iteration: 5/5
2025-07-19 15:56:53 INFO     -------------------------
2025-07-19 15:56:53 INFO     >>>>> Predictor: Training
2025-07-19 16:02:05 INFO     1000 5959 4.619255 69323.3
2025-07-19 16:07:18 INFO     2000 5959 4.606958 69332.0
2025-07-19 16:12:30 INFO     3000 5959 4.647014 69219.2
2025-07-19 16:17:41 INFO     4000 5959 4.636382 69297.3
2025-07-19 16:22:55 INFO     5000 5959 4.606374 69332.0
2025-07-19 16:27:52 INFO     >>>>> Predictor: Evaluating on valid
2025-07-19 16:29:08 INFO     Data : 2077
2025-07-19 16:29:08 INFO     Hit1 : 0.093404
2025-07-19 16:29:08 INFO     Hit3 : 0.184401
2025-07-19 16:29:08 INFO     Hit10: 0.312470
2025-07-19 16:29:08 INFO     MR   : 930.817766
2025-07-19 16:29:08 INFO     MRR  : 0.165315
2025-07-19 16:29:08 INFO     >>>>> Predictor: Evaluating on test
2025-07-19 16:30:33 INFO     Data : 2342
2025-07-19 16:30:33 INFO     Hit1 : 0.119129
2025-07-19 16:30:33 INFO     Hit3 : 0.200256
2025-07-19 16:30:33 INFO     Hit10: 0.319812
2025-07-19 16:30:33 INFO     MR   : 862.659479
2025-07-19 16:30:33 INFO     MRR  : 0.184976
2025-07-19 16:30:33 INFO     -------------------------
2025-07-19 16:30:33 INFO     | Final Test MRR: 0.189415
2025-07-19 16:30:33 INFO     -------------------------
