2025-07-10 08:23:17 INFO     is_soft_label: False
2025-07-10 08:23:17 INFO     is_scheduled_sampling: False
2025-07-10 08:23:17 INFO     is_test_mode: False
2025-07-10 08:23:17 INFO     Data loading | DONE!
2025-07-10 08:23:17 INFO     Using full datasets for training, validation, and testing.
2025-07-10 08:23:17 INFO     -------------------------
2025-07-10 08:23:17 INFO     | EM Iteration: 1/5
2025-07-10 08:23:17 INFO     -------------------------
2025-07-10 08:23:17 INFO     >>>>> Using miner's rule
2025-07-10 08:23:17 INFO     Predictor: read 13661 rules from list.
2025-07-10 08:23:18 INFO     Preprocess training set
2025-07-10 08:23:18 INFO     >>>>> Predictor: Evaluating on valid
2025-07-10 08:25:08 INFO     Data : 2077
2025-07-10 08:25:08 INFO     Hit1 : 0.065479
2025-07-10 08:25:08 INFO     Hit3 : 0.127106
2025-07-10 08:25:08 INFO     Hit10: 0.199326
2025-07-10 08:25:08 INFO     MR   : 1120.902022
2025-07-10 08:25:08 INFO     MRR  : 0.114382
2025-07-10 08:25:08 INFO     >>>>> Predictor: Evaluating on test
2025-07-10 08:27:13 INFO     Data : 2342
2025-07-10 08:27:13 INFO     Hit1 : 0.078992
2025-07-10 08:27:13 INFO     Hit3 : 0.124253
2025-07-10 08:27:13 INFO     Hit10: 0.208796
2025-07-10 08:27:13 INFO     MR   : 1044.269001
2025-07-10 08:27:13 INFO     MRR  : 0.122250
2025-07-10 08:27:13 INFO     >>>>> Predictor: Computing H scores of rules
2025-07-10 08:55:44 INFO     1000 5959
2025-07-10 09:24:47 INFO     2000 5959
2025-07-10 09:53:28 INFO     3000 5959
2025-07-10 10:22:20 INFO     4000 5959
2025-07-10 10:50:59 INFO     5000 5959
2025-07-10 11:20:12 INFO     >>>>> Generator: Training
2025-07-10 11:20:16 INFO     -------------------------
2025-07-10 11:20:16 INFO     | EM Iteration: 2/5
2025-07-10 11:20:16 INFO     -------------------------
2025-07-10 11:20:16 INFO     >>>>> Using Generator's sample rule
2025-07-10 11:20:16 INFO     >>>>> Generator: Rule generation with sampling
2025-07-10 11:20:17 INFO     Predictor: read 1912 rules from list.
2025-07-10 11:20:17 INFO     Preprocess training set
2025-07-10 11:20:17 INFO     >>>>> Predictor: Training
2025-07-10 11:21:07 INFO     1000 5959 8.777567 69314.6
2025-07-10 11:21:58 INFO     2000 5959 8.371544 69271.3
2025-07-10 11:22:49 INFO     3000 5959 8.153194 69245.2
2025-07-10 11:23:40 INFO     4000 5959 7.969584 69340.6
2025-07-10 11:24:30 INFO     5000 5959 7.793580 69340.6
2025-07-10 11:25:19 INFO     >>>>> Predictor: Evaluating on valid
2025-07-10 11:25:28 INFO     Data : 2077
2025-07-10 11:25:28 INFO     Hit1 : 0.018777
2025-07-10 11:25:28 INFO     Hit3 : 0.033221
2025-07-10 11:25:28 INFO     Hit10: 0.057294
2025-07-10 11:25:28 INFO     MR   : 1432.754213
2025-07-10 11:25:28 INFO     MRR  : 0.034256
2025-07-10 11:25:28 INFO     >>>>> Predictor: Evaluating on test
2025-07-10 11:25:39 INFO     Data : 2342
2025-07-10 11:25:39 INFO     Hit1 : 0.017506
2025-07-10 11:25:39 INFO     Hit3 : 0.033305
2025-07-10 11:25:39 INFO     Hit10: 0.061059
2025-07-10 11:25:39 INFO     MR   : 1330.328779
2025-07-10 11:25:39 INFO     MRR  : 0.034269
2025-07-10 11:25:39 INFO     >>>>> Predictor: Computing H scores of rules
2025-07-10 11:27:59 INFO     1000 5959
2025-07-10 11:30:19 INFO     2000 5959
2025-07-10 11:32:39 INFO     3000 5959
2025-07-10 11:34:59 INFO     4000 5959
2025-07-10 11:37:19 INFO     5000 5959
2025-07-10 11:39:35 INFO     >>>>> Generator: Training
2025-07-10 11:39:38 INFO     -------------------------
2025-07-10 11:39:38 INFO     | EM Iteration: 3/5
2025-07-10 11:39:38 INFO     -------------------------
2025-07-10 11:39:38 INFO     >>>>> Using Generator's sample rule
2025-07-10 11:39:38 INFO     >>>>> Generator: Rule generation with sampling
2025-07-10 11:39:39 INFO     Predictor: read 1915 rules from list.
2025-07-10 11:39:39 INFO     Preprocess training set
2025-07-10 11:39:39 INFO     >>>>> Predictor: Training
2025-07-10 11:40:29 INFO     1000 5959 8.801494 69332.0
2025-07-10 11:41:19 INFO     2000 5959 8.440697 69349.3
2025-07-10 11:42:10 INFO     3000 5959 8.214208 69184.5
2025-07-10 11:43:00 INFO     4000 5959 8.010113 69253.9
2025-07-10 11:43:50 INFO     5000 5959 7.912209 69332.0
2025-07-10 11:44:38 INFO     >>>>> Predictor: Evaluating on valid
2025-07-10 11:44:47 INFO     Data : 2077
2025-07-10 11:44:47 INFO     Hit1 : 0.012037
2025-07-10 11:44:47 INFO     Hit3 : 0.019740
2025-07-10 11:44:47 INFO     Hit10: 0.033702
2025-07-10 11:44:47 INFO     MR   : 1494.844487
2025-07-10 11:44:47 INFO     MRR  : 0.022278
2025-07-10 11:44:47 INFO     >>>>> Predictor: Evaluating on test
2025-07-10 11:44:58 INFO     Data : 2342
2025-07-10 11:44:58 INFO     Hit1 : 0.013237
2025-07-10 11:44:58 INFO     Hit3 : 0.018360
2025-07-10 11:44:58 INFO     Hit10: 0.028181
2025-07-10 11:44:58 INFO     MR   : 1379.192570
2025-07-10 11:44:58 INFO     MRR  : 0.022198
2025-07-10 11:44:58 INFO     >>>>> Predictor: Computing H scores of rules
2025-07-10 11:47:16 INFO     1000 5959
2025-07-10 11:49:35 INFO     2000 5959
2025-07-10 11:51:53 INFO     3000 5959
2025-07-10 11:54:12 INFO     4000 5959
2025-07-10 11:56:31 INFO     5000 5959
2025-07-10 11:58:47 INFO     >>>>> Generator: Training
2025-07-10 11:58:50 INFO     -------------------------
2025-07-10 11:58:50 INFO     | EM Iteration: 4/5
2025-07-10 11:58:50 INFO     -------------------------
2025-07-10 11:58:50 INFO     >>>>> Using Generator's sample rule
2025-07-10 11:58:50 INFO     >>>>> Generator: Rule generation with sampling
2025-07-10 11:58:51 INFO     Predictor: read 1937 rules from list.
2025-07-10 11:58:51 INFO     Preprocess training set
2025-07-10 11:58:51 INFO     >>>>> Predictor: Training
2025-07-10 11:59:41 INFO     1000 5959 8.787847 69271.3
2025-07-10 12:00:32 INFO     2000 5959 8.407963 69340.6
2025-07-10 12:01:23 INFO     3000 5959 8.143946 69384.0
2025-07-10 12:02:13 INFO     4000 5959 7.961763 69262.6
2025-07-10 12:03:04 INFO     5000 5959 7.804971 69332.0
2025-07-10 12:03:52 INFO     >>>>> Predictor: Evaluating on valid
2025-07-10 12:04:02 INFO     Data : 2077
2025-07-10 12:04:02 INFO     Hit1 : 0.008185
2025-07-10 12:04:02 INFO     Hit3 : 0.020221
2025-07-10 12:04:02 INFO     Hit10: 0.037073
2025-07-10 12:04:02 INFO     MR   : 1480.301637
2025-07-10 12:04:02 INFO     MRR  : 0.022427
2025-07-10 12:04:02 INFO     >>>>> Predictor: Evaluating on test
2025-07-10 12:04:13 INFO     Data : 2342
2025-07-10 12:04:13 INFO     Hit1 : 0.010248
2025-07-10 12:04:13 INFO     Hit3 : 0.020068
2025-07-10 12:04:13 INFO     Hit10: 0.040991
2025-07-10 12:04:13 INFO     MR   : 1370.057857
2025-07-10 12:04:13 INFO     MRR  : 0.023507
2025-07-10 12:04:13 INFO     >>>>> Predictor: Computing H scores of rules
2025-07-10 12:06:32 INFO     1000 5959
2025-07-10 12:08:52 INFO     2000 5959
2025-07-10 12:11:11 INFO     3000 5959
2025-07-10 12:13:31 INFO     4000 5959
2025-07-10 12:15:51 INFO     5000 5959
2025-07-10 12:18:08 INFO     >>>>> Generator: Training
2025-07-10 12:18:12 INFO     -------------------------
2025-07-10 12:18:12 INFO     | EM Iteration: 5/5
2025-07-10 12:18:12 INFO     -------------------------
2025-07-10 12:18:12 INFO     >>>>> Using Generator's sample rule
2025-07-10 12:18:12 INFO     >>>>> Generator: Rule generation with sampling
2025-07-10 12:18:12 INFO     Predictor: read 1961 rules from list.
2025-07-10 12:18:12 INFO     Preprocess training set
2025-07-10 12:18:12 INFO     >>>>> Predictor: Training
2025-07-10 12:19:03 INFO     1000 5959 8.830699 69332.0
2025-07-10 12:19:55 INFO     2000 5959 8.517418 69349.3
2025-07-10 12:20:47 INFO     3000 5959 8.328224 69340.6
2025-07-10 12:21:38 INFO     4000 5959 8.193644 69297.3
2025-07-10 12:22:30 INFO     5000 5959 8.092101 69219.2
2025-07-10 12:23:20 INFO     >>>>> Predictor: Evaluating on valid
2025-07-10 12:23:29 INFO     Data : 2077
2025-07-10 12:23:29 INFO     Hit1 : 0.028406
2025-07-10 12:23:29 INFO     Hit3 : 0.054405
2025-07-10 12:23:29 INFO     Hit10: 0.079442
2025-07-10 12:23:29 INFO     MR   : 1449.951854
2025-07-10 12:23:29 INFO     MRR  : 0.049980
2025-07-10 12:23:29 INFO     >>>>> Predictor: Evaluating on test
2025-07-10 12:23:40 INFO     Data : 2342
2025-07-10 12:23:40 INFO     Hit1 : 0.028181
2025-07-10 12:23:40 INFO     Hit3 : 0.054654
2025-07-10 12:23:40 INFO     Hit10: 0.078565
2025-07-10 12:23:40 INFO     MR   : 1343.596712
2025-07-10 12:23:40 INFO     MRR  : 0.050524
2025-07-10 12:23:40 INFO     >>>>> Predictor: Computing H scores of rules
2025-07-10 12:26:02 INFO     1000 5959
2025-07-10 12:28:24 INFO     2000 5959
2025-07-10 12:30:46 INFO     3000 5959
2025-07-10 12:33:07 INFO     4000 5959
2025-07-10 12:35:29 INFO     5000 5959
2025-07-10 12:37:46 INFO     >>>>> Generator: Training
2025-07-10 12:37:50 INFO     -------------------------
2025-07-10 12:37:50 INFO     | Post-train Generator
2025-07-10 12:37:50 INFO     -------------------------
2025-07-10 12:37:51 INFO     >>>>> Generator: Training
2025-07-10 12:38:29 INFO     [E01000] Total 3.100191 | Main 3.049775 | RelClus 2.316555 | EntType 2.895873
2025-07-10 12:38:29 INFO     -------------------------
2025-07-10 12:38:29 INFO     | Beam Search Best Rules
2025-07-10 12:38:29 INFO     -------------------------
2025-07-10 12:38:29 INFO     >>>>> Generator: Rule generation with beam search
2025-07-10 12:38:30 INFO     >>>>> Generator: Rule generation with beam search
2025-07-10 12:38:34 INFO     >>>>> Generator: Rule generation with beam search
2025-07-10 12:39:40 INFO     >>>>> Generator: Rule generation with beam search
2025-07-10 12:40:33 INFO     >>>>> Generator: Rule generation with beam search
2025-07-10 12:41:10 INFO     -------------------------
2025-07-10 12:41:10 INFO     | Train Final Predictor+
2025-07-10 12:41:10 INFO     -------------------------
2025-07-10 12:41:10 INFO     Predictor+: read 18420 rules from list.
2025-07-10 12:41:10 INFO     Preprocess training set
2025-07-10 12:41:10 INFO     -------------------------
2025-07-10 12:41:10 INFO     | Iteration: 1/5
2025-07-10 12:41:10 INFO     -------------------------
2025-07-10 12:41:10 INFO     >>>>> Predictor: Training
2025-07-10 12:45:18 INFO     1000 5959 4.905015 69271.3
2025-07-10 12:49:26 INFO     2000 5959 4.723788 69332.0
2025-07-10 12:53:34 INFO     3000 5959 4.706218 69375.3
2025-07-10 12:57:42 INFO     4000 5959 4.711760 69279.9
2025-07-10 13:01:50 INFO     5000 5959 4.681007 69349.3
2025-07-10 13:05:48 INFO     >>>>> Predictor: Evaluating on valid
2025-07-10 13:06:49 INFO     Data : 2077
2025-07-10 13:06:49 INFO     Hit1 : 0.101107
2025-07-10 13:06:49 INFO     Hit3 : 0.183919
2025-07-10 13:06:49 INFO     Hit10: 0.311988
2025-07-10 13:06:49 INFO     MR   : 988.613385
2025-07-10 13:06:49 INFO     MRR  : 0.168010
2025-07-10 13:06:49 INFO     >>>>> Predictor: Evaluating on test
2025-07-10 13:07:57 INFO     Data : 2342
2025-07-10 13:07:57 INFO     Hit1 : 0.128096
2025-07-10 13:07:57 INFO     Hit3 : 0.204526
2025-07-10 13:07:57 INFO     Hit10: 0.316396
2025-07-10 13:07:57 INFO     MR   : 924.027541
2025-07-10 13:07:57 INFO     MRR  : 0.189666
2025-07-10 13:07:57 INFO     Save checkpoint to results/semmeddb/10_times_each/cluster_k/7_20250710_082315/predictor.pt
2025-07-10 13:07:57 INFO     -------------------------
2025-07-10 13:07:57 INFO     | Iteration: 2/5
2025-07-10 13:07:57 INFO     -------------------------
2025-07-10 13:07:57 INFO     >>>>> Predictor: Training
2025-07-10 13:12:05 INFO     1000 5959 4.601342 69366.7
2025-07-10 13:16:12 INFO     2000 5959 4.651183 69375.3
2025-07-10 13:20:20 INFO     3000 5959 4.641534 69219.2
2025-07-10 13:24:28 INFO     4000 5959 4.652883 69305.9
2025-07-10 13:28:36 INFO     5000 5959 4.617184 69288.6
2025-07-10 13:32:34 INFO     >>>>> Predictor: Evaluating on valid
2025-07-10 13:33:35 INFO     Data : 2077
2025-07-10 13:33:35 INFO     Hit1 : 0.096293
2025-07-10 13:33:35 INFO     Hit3 : 0.184882
2025-07-10 13:33:35 INFO     Hit10: 0.313433
2025-07-10 13:33:35 INFO     MR   : 947.883245
2025-07-10 13:33:35 INFO     MRR  : 0.167344
2025-07-10 13:33:35 INFO     >>>>> Predictor: Evaluating on test
2025-07-10 13:34:43 INFO     Data : 2342
2025-07-10 13:34:43 INFO     Hit1 : 0.124680
2025-07-10 13:34:43 INFO     Hit3 : 0.209650
2025-07-10 13:34:43 INFO     Hit10: 0.322374
2025-07-10 13:34:43 INFO     MR   : 882.354825
2025-07-10 13:34:43 INFO     MRR  : 0.189814
2025-07-10 13:34:43 INFO     -------------------------
2025-07-10 13:34:43 INFO     | Iteration: 3/5
2025-07-10 13:34:43 INFO     -------------------------
2025-07-10 13:34:43 INFO     >>>>> Predictor: Training
2025-07-10 13:38:50 INFO     1000 5959 4.619030 69288.6
2025-07-10 13:42:58 INFO     2000 5959 4.617864 69288.6
2025-07-10 13:47:06 INFO     3000 5959 4.607830 69340.6
2025-07-10 13:51:14 INFO     4000 5959 4.615467 69271.3
2025-07-10 13:55:22 INFO     5000 5959 4.639998 69219.2
2025-07-10 13:59:20 INFO     >>>>> Predictor: Evaluating on valid
2025-07-10 14:00:21 INFO     Data : 2077
2025-07-10 14:00:21 INFO     Hit1 : 0.090034
2025-07-10 14:00:21 INFO     Hit3 : 0.169475
2025-07-10 14:00:21 INFO     Hit10: 0.305729
2025-07-10 14:00:21 INFO     MR   : 936.416466
2025-07-10 14:00:21 INFO     MRR  : 0.158246
2025-07-10 14:00:21 INFO     >>>>> Predictor: Evaluating on test
2025-07-10 14:01:29 INFO     Data : 2342
2025-07-10 14:01:29 INFO     Hit1 : 0.116567
2025-07-10 14:01:29 INFO     Hit3 : 0.196413
2025-07-10 14:01:29 INFO     Hit10: 0.312126
2025-07-10 14:01:29 INFO     MR   : 863.780956
2025-07-10 14:01:29 INFO     MRR  : 0.179780
2025-07-10 14:01:29 INFO     -------------------------
2025-07-10 14:01:29 INFO     | Iteration: 4/5
2025-07-10 14:01:29 INFO     -------------------------
2025-07-10 14:01:29 INFO     >>>>> Predictor: Training
2025-07-10 14:05:37 INFO     1000 5959 4.595724 69340.6
2025-07-10 14:09:46 INFO     2000 5959 4.564241 69184.5
2025-07-10 14:13:54 INFO     3000 5959 4.625490 69253.9
2025-07-10 14:18:02 INFO     4000 5959 4.603123 69340.6
2025-07-10 14:22:10 INFO     5000 5959 4.600402 69384.0
2025-07-10 14:26:09 INFO     >>>>> Predictor: Evaluating on valid
2025-07-10 14:27:09 INFO     Data : 2077
2025-07-10 14:27:09 INFO     Hit1 : 0.090997
2025-07-10 14:27:09 INFO     Hit3 : 0.180067
2025-07-10 14:27:09 INFO     Hit10: 0.304285
2025-07-10 14:27:09 INFO     MR   : 928.017333
2025-07-10 14:27:09 INFO     MRR  : 0.160960
2025-07-10 14:27:09 INFO     >>>>> Predictor: Evaluating on test
2025-07-10 14:28:17 INFO     Data : 2342
2025-07-10 14:28:17 INFO     Hit1 : 0.126815
2025-07-10 14:28:17 INFO     Hit3 : 0.205380
2025-07-10 14:28:17 INFO     Hit10: 0.316396
2025-07-10 14:28:17 INFO     MR   : 858.960077
2025-07-10 14:28:17 INFO     MRR  : 0.189180
2025-07-10 14:28:17 INFO     -------------------------
2025-07-10 14:28:17 INFO     | Iteration: 5/5
2025-07-10 14:28:17 INFO     -------------------------
2025-07-10 14:28:17 INFO     >>>>> Predictor: Training
2025-07-10 14:32:26 INFO     1000 5959 4.605145 69323.3
2025-07-10 14:36:34 INFO     2000 5959 4.585169 69332.0
2025-07-10 14:40:43 INFO     3000 5959 4.615330 69219.2
2025-07-10 14:44:51 INFO     4000 5959 4.611301 69297.3
2025-07-10 14:49:00 INFO     5000 5959 4.578966 69332.0
2025-07-10 14:52:58 INFO     >>>>> Predictor: Evaluating on valid
2025-07-10 14:53:59 INFO     Data : 2077
2025-07-10 14:53:59 INFO     Hit1 : 0.094848
2025-07-10 14:53:59 INFO     Hit3 : 0.177179
2025-07-10 14:53:59 INFO     Hit10: 0.317285
2025-07-10 14:53:59 INFO     MR   : 919.081367
2025-07-10 14:53:59 INFO     MRR  : 0.164467
2025-07-10 14:53:59 INFO     >>>>> Predictor: Evaluating on test
2025-07-10 14:55:07 INFO     Data : 2342
2025-07-10 14:55:07 INFO     Hit1 : 0.128950
2025-07-10 14:55:07 INFO     Hit3 : 0.208369
2025-07-10 14:55:07 INFO     Hit10: 0.320239
2025-07-10 14:55:07 INFO     MR   : 850.465841
2025-07-10 14:55:07 INFO     MRR  : 0.191887
2025-07-10 14:55:07 INFO     -------------------------
2025-07-10 14:55:07 INFO     | Final Test MRR: 0.189666
2025-07-10 14:55:07 INFO     -------------------------
