2025-05-19 19:45:40 INFO     -------------------------
2025-05-19 19:45:40 INFO     | Pre-train Generator
2025-05-19 19:45:40 INFO     -------------------------
2025-05-19 19:45:40 INFO     >>>>> Generator: Training
2025-05-19 19:45:45 INFO     1000 10000 1.640829
2025-05-19 19:45:48 INFO     2000 10000 1.555844
2025-05-19 19:45:51 INFO     3000 10000 1.544617
2025-05-19 19:45:55 INFO     4000 10000 1.539628
2025-05-19 19:45:58 INFO     5000 10000 1.541232
2025-05-19 19:46:01 INFO     6000 10000 1.537140
2025-05-19 19:46:05 INFO     7000 10000 1.535005
2025-05-19 19:46:08 INFO     8000 10000 1.534639
2025-05-19 19:46:12 INFO     9000 10000 1.533593
2025-05-19 19:46:15 INFO     10000 10000 1.531518
2025-05-19 19:46:15 INFO     -------------------------
2025-05-19 19:46:15 INFO     | EM Iteration: 1/2
2025-05-19 19:46:15 INFO     -------------------------
2025-05-19 19:46:15 INFO     >>>>> Generator: Rule generation with sampling
2025-05-19 19:46:15 INFO     Predictor: read 461 rules from list.
2025-05-19 19:46:15 INFO     Preprocess training set
2025-05-19 19:46:15 INFO     >>>>> Predictor: Training
2025-05-19 19:46:17 INFO     100 12313 8.940550 69123.8
2025-05-19 19:46:18 INFO     200 12313 8.684998 69384.0
2025-05-19 19:46:20 INFO     300 12313 8.497735 69384.0
2025-05-19 19:46:21 INFO     400 12313 8.356320 69384.0
2025-05-19 19:46:23 INFO     500 12313 8.325544 69384.0
2025-05-19 19:46:24 INFO     600 12313 8.135322 69384.0
2025-05-19 19:46:26 INFO     700 12313 8.125301 69384.0
2025-05-19 19:46:27 INFO     800 12313 8.132864 69384.0
2025-05-19 19:46:29 INFO     900 12313 8.067424 69384.0
2025-05-19 19:46:30 INFO     1000 12313 7.907948 69384.0
2025-05-19 19:46:32 INFO     1100 12313 7.968660 69210.5
2025-05-19 19:46:33 INFO     1200 12313 7.927754 69384.0
2025-05-19 19:46:35 INFO     1300 12313 7.976323 69384.0
2025-05-19 19:46:36 INFO     1400 12313 7.896937 69384.0
2025-05-19 19:46:38 INFO     1500 12313 7.936588 69384.0
2025-05-19 19:46:39 INFO     1600 12313 7.880893 69384.0
2025-05-19 19:46:41 INFO     1700 12313 7.842785 69384.0
2025-05-19 19:46:42 INFO     1800 12313 7.759162 69037.1
2025-05-19 19:46:44 INFO     1900 12313 7.879016 69384.0
2025-05-19 19:46:45 INFO     2000 12313 7.731428 69384.0
2025-05-19 19:46:47 INFO     2100 12313 7.722613 69384.0
2025-05-19 19:46:48 INFO     2200 12313 7.702177 69384.0
2025-05-19 19:46:50 INFO     2300 12313 7.780153 69384.0
2025-05-19 19:46:51 INFO     2400 12313 7.726273 69384.0
2025-05-19 19:46:53 INFO     2500 12313 7.678720 69384.0
2025-05-19 19:46:54 INFO     2600 12313 7.695341 69384.0
2025-05-19 19:46:56 INFO     2700 12313 7.735840 69384.0
2025-05-19 19:46:57 INFO     2800 12313 7.577409 69384.0
2025-05-19 19:46:59 INFO     2900 12313 7.593820 69384.0
2025-05-19 19:47:00 INFO     3000 12313 7.665155 69384.0
2025-05-19 19:47:02 INFO     3100 12313 7.693479 68776.9
2025-05-19 19:47:03 INFO     3200 12313 7.594580 69384.0
2025-05-19 19:47:05 INFO     3300 12313 7.640278 69384.0
2025-05-19 19:47:06 INFO     3400 12313 7.608646 69384.0
2025-05-19 19:47:08 INFO     3500 12313 7.608937 69384.0
2025-05-19 19:47:09 INFO     3600 12313 7.546886 69384.0
2025-05-19 19:47:11 INFO     3700 12313 7.452176 69384.0
2025-05-19 19:47:12 INFO     3800 12313 7.544924 69384.0
2025-05-19 19:47:14 INFO     3900 12313 7.575197 69384.0
2025-05-19 19:47:15 INFO     4000 12313 7.557732 68950.4
2025-05-19 19:47:17 INFO     4100 12313 7.454340 69384.0
2025-05-19 19:47:18 INFO     4200 12313 7.491963 69384.0
2025-05-19 19:47:20 INFO     4300 12313 7.566015 69384.0
2025-05-19 19:47:21 INFO     4400 12313 7.473404 68863.6
2025-05-19 19:47:23 INFO     4500 12313 7.492313 69384.0
2025-05-19 19:47:24 INFO     4600 12313 7.457398 69384.0
2025-05-19 19:47:26 INFO     4700 12313 7.448181 69384.0
2025-05-19 19:47:27 INFO     4800 12313 7.457118 69384.0
2025-05-19 19:47:29 INFO     4900 12313 7.605657 69384.0
2025-05-19 19:47:30 INFO     5000 12313 7.550973 69384.0
2025-05-19 19:47:32 INFO     5100 12313 7.439046 69384.0
2025-05-19 19:47:33 INFO     5200 12313 7.415476 69384.0
2025-05-19 19:47:35 INFO     5300 12313 7.465422 69384.0
2025-05-19 19:47:36 INFO     5400 12313 7.581794 69384.0
2025-05-19 19:47:38 INFO     5500 12313 7.413961 69384.0
2025-05-19 19:47:39 INFO     5600 12313 7.473955 69384.0
2025-05-19 19:47:41 INFO     5700 12313 7.496513 69384.0
2025-05-19 19:47:42 INFO     5800 12313 7.362900 69384.0
2025-05-19 19:47:43 INFO     5900 12313 7.443910 69384.0
2025-05-19 19:47:45 INFO     6000 12313 7.385815 69384.0
2025-05-19 19:47:47 INFO     6100 12313 7.356372 69384.0
2025-05-19 19:47:48 INFO     6200 12313 7.382223 69384.0
2025-05-19 19:47:50 INFO     6300 12313 7.407742 69384.0
2025-05-19 19:47:51 INFO     6400 12313 7.358747 68950.4
2025-05-19 19:47:52 INFO     6500 12313 7.408919 69384.0
2025-05-19 19:47:54 INFO     6600 12313 7.442649 68950.4
2025-05-19 19:47:55 INFO     6700 12313 7.301671 69384.0
2025-05-19 19:47:57 INFO     6800 12313 7.291647 69384.0
2025-05-19 19:47:59 INFO     6900 12313 7.438097 69384.0
2025-05-19 19:48:00 INFO     7000 12313 7.374416 69384.0
2025-05-19 19:48:02 INFO     7100 12313 7.373629 69384.0
2025-05-19 19:48:03 INFO     7200 12313 7.416568 69384.0
2025-05-19 19:48:05 INFO     7300 12313 7.330971 69384.0
2025-05-19 19:48:06 INFO     7400 12313 7.351804 69384.0
2025-05-19 19:48:08 INFO     7500 12313 7.395303 68776.9
2025-05-19 19:48:09 INFO     7600 12313 7.302498 69384.0
2025-05-19 19:48:11 INFO     7700 12313 7.364997 69384.0
2025-05-19 19:48:12 INFO     7800 12313 7.361730 69384.0
2025-05-19 19:48:14 INFO     7900 12313 7.360733 69384.0
2025-05-19 19:48:15 INFO     8000 12313 7.322517 69384.0
2025-05-19 19:48:17 INFO     8100 12313 7.328087 69384.0
2025-05-19 19:48:18 INFO     8200 12313 7.371550 69384.0
2025-05-19 19:48:20 INFO     8300 12313 7.344981 69123.8
2025-05-19 19:48:21 INFO     8400 12313 7.295436 69384.0
2025-05-19 19:48:23 INFO     8500 12313 7.277431 69384.0
2025-05-19 19:48:24 INFO     8600 12313 7.350493 69384.0
2025-05-19 19:48:26 INFO     8700 12313 7.269061 69384.0
2025-05-19 19:48:27 INFO     8800 12313 7.302465 69384.0
2025-05-19 19:48:29 INFO     8900 12313 7.246279 69384.0
2025-05-19 19:48:30 INFO     9000 12313 7.329023 69384.0
2025-05-19 19:48:31 INFO     9100 12313 7.271928 69384.0
2025-05-19 19:48:33 INFO     9200 12313 7.282952 69384.0
2025-05-19 19:48:34 INFO     9300 12313 7.387756 69384.0
2025-05-19 19:48:36 INFO     9400 12313 7.279467 69384.0
2025-05-19 19:48:37 INFO     9500 12313 7.323534 69384.0
2025-05-19 19:48:39 INFO     9600 12313 7.292988 69384.0
2025-05-19 19:48:40 INFO     9700 12313 7.419412 69037.1
2025-05-19 19:48:42 INFO     9800 12313 7.323102 69210.5
2025-05-19 19:48:43 INFO     9900 12313 7.276854 69384.0
2025-05-19 19:48:45 INFO     10000 12313 7.321310 69384.0
2025-05-19 19:48:45 INFO     >>>>> Predictor: Evaluating on valid
2025-05-19 19:48:51 INFO     Data : 3823
2025-05-19 19:48:51 INFO     Hit1 : 0.023542
2025-05-19 19:48:51 INFO     Hit3 : 0.051007
2025-05-19 19:48:51 INFO     Hit10: 0.093382
2025-05-19 19:48:51 INFO     MR   : 1193.134973
2025-05-19 19:48:51 INFO     MRR  : 0.049280
2025-05-19 19:48:51 INFO     >>>>> Predictor: Evaluating on test
2025-05-19 19:48:57 INFO     Data : 4402
2025-05-19 19:48:57 INFO     Hit1 : 0.032031
2025-05-19 19:48:57 INFO     Hit3 : 0.056792
2025-05-19 19:48:57 INFO     Hit10: 0.095411
2025-05-19 19:48:57 INFO     MR   : 1184.404475
2025-05-19 19:48:57 INFO     MRR  : 0.055887
2025-05-19 19:48:57 INFO     >>>>> Predictor: Computing H scores of rules
2025-05-19 19:49:12 INFO     1000 12313
2025-05-19 19:49:27 INFO     2000 12313
2025-05-19 19:49:42 INFO     3000 12313
2025-05-19 19:49:57 INFO     4000 12313
2025-05-19 19:50:12 INFO     5000 12313
2025-05-19 19:50:27 INFO     6000 12313
2025-05-19 19:50:41 INFO     7000 12313
2025-05-19 19:50:56 INFO     8000 12313
2025-05-19 19:51:11 INFO     9000 12313
2025-05-19 19:51:26 INFO     10000 12313
2025-05-19 19:51:41 INFO     11000 12313
2025-05-19 19:51:56 INFO     12000 12313
2025-05-19 19:52:01 INFO     >>>>> Generator: Training
2025-05-19 19:52:01 INFO     -------------------------
2025-05-19 19:52:01 INFO     | EM Iteration: 2/2
2025-05-19 19:52:01 INFO     -------------------------
2025-05-19 19:52:01 INFO     >>>>> Generator: Rule generation with sampling
2025-05-19 19:52:01 INFO     Predictor: read 480 rules from list.
2025-05-19 19:52:01 INFO     Preprocess training set
2025-05-19 19:52:01 INFO     >>>>> Predictor: Training
2025-05-19 19:52:03 INFO     100 12313 8.969401 69384.0
2025-05-19 19:52:04 INFO     200 12313 8.707884 69384.0
2025-05-19 19:52:06 INFO     300 12313 8.540344 69384.0
2025-05-19 19:52:07 INFO     400 12313 8.404647 69384.0
2025-05-19 19:52:09 INFO     500 12313 8.307072 69384.0
2025-05-19 19:52:10 INFO     600 12313 8.205282 69384.0
2025-05-19 19:52:12 INFO     700 12313 8.134983 69384.0
2025-05-19 19:52:13 INFO     800 12313 8.100949 69210.5
2025-05-19 19:52:15 INFO     900 12313 8.062994 69384.0
2025-05-19 19:52:16 INFO     1000 12313 8.090447 69384.0
2025-05-19 19:52:18 INFO     1100 12313 7.976912 68776.9
2025-05-19 19:52:19 INFO     1200 12313 7.935338 69384.0
2025-05-19 19:52:21 INFO     1300 12313 7.940516 69384.0
2025-05-19 19:52:22 INFO     1400 12313 7.887143 69210.5
2025-05-19 19:52:24 INFO     1500 12313 7.945206 69384.0
2025-05-19 19:52:25 INFO     1600 12313 7.820240 69384.0
2025-05-19 19:52:27 INFO     1700 12313 7.785034 69384.0
2025-05-19 19:52:28 INFO     1800 12313 7.859760 69384.0
2025-05-19 19:52:30 INFO     1900 12313 7.769769 69123.8
2025-05-19 19:52:31 INFO     2000 12313 7.719541 69384.0
2025-05-19 19:52:33 INFO     2100 12313 7.710402 69384.0
2025-05-19 19:52:34 INFO     2200 12313 7.711845 69384.0
2025-05-19 19:52:36 INFO     2300 12313 7.778030 68516.7
2025-05-19 19:52:37 INFO     2400 12313 7.654781 68950.4
2025-05-19 19:52:39 INFO     2500 12313 7.700368 69384.0
2025-05-19 19:52:40 INFO     2600 12313 7.718556 69384.0
2025-05-19 19:52:42 INFO     2700 12313 7.724790 69384.0
2025-05-19 19:52:43 INFO     2800 12313 7.628969 69384.0
2025-05-19 19:52:45 INFO     2900 12313 7.631268 69384.0
2025-05-19 19:52:46 INFO     3000 12313 7.642501 69384.0
2025-05-19 19:52:48 INFO     3100 12313 7.586905 69384.0
2025-05-19 19:52:49 INFO     3200 12313 7.584491 69384.0
2025-05-19 19:52:51 INFO     3300 12313 7.647895 69384.0
2025-05-19 19:52:52 INFO     3400 12313 7.563822 69384.0
2025-05-19 19:52:54 INFO     3500 12313 7.531065 69384.0
2025-05-19 19:52:55 INFO     3600 12313 7.575255 68950.4
2025-05-19 19:52:57 INFO     3700 12313 7.605618 69384.0
2025-05-19 19:52:58 INFO     3800 12313 7.515637 69384.0
2025-05-19 19:53:00 INFO     3900 12313 7.500445 69384.0
2025-05-19 19:53:01 INFO     4000 12313 7.544448 69384.0
2025-05-19 19:53:03 INFO     4100 12313 7.540474 69384.0
2025-05-19 19:53:04 INFO     4200 12313 7.489378 69384.0
2025-05-19 19:53:06 INFO     4300 12313 7.449085 69384.0
2025-05-19 19:53:07 INFO     4400 12313 7.523809 69384.0
2025-05-19 19:53:09 INFO     4500 12313 7.531319 69384.0
2025-05-19 19:53:10 INFO     4600 12313 7.538006 69384.0
2025-05-19 19:53:12 INFO     4700 12313 7.498956 69210.5
2025-05-19 19:53:13 INFO     4800 12313 7.473791 69384.0
2025-05-19 19:53:15 INFO     4900 12313 7.404352 69384.0
2025-05-19 19:53:16 INFO     5000 12313 7.430700 69384.0
2025-05-19 19:53:18 INFO     5100 12313 7.389998 69384.0
2025-05-19 19:53:19 INFO     5200 12313 7.442703 69384.0
2025-05-19 19:53:21 INFO     5300 12313 7.421205 69123.8
2025-05-19 19:53:22 INFO     5400 12313 7.434274 69384.0
2025-05-19 19:53:24 INFO     5500 12313 7.438796 69384.0
2025-05-19 19:53:25 INFO     5600 12313 7.485195 69384.0
2025-05-19 19:53:27 INFO     5700 12313 7.338241 69384.0
2025-05-19 19:53:28 INFO     5800 12313 7.362146 69384.0
2025-05-19 19:53:30 INFO     5900 12313 7.513581 69384.0
2025-05-19 19:53:31 INFO     6000 12313 7.377321 69384.0
2025-05-19 19:53:33 INFO     6100 12313 7.363655 69384.0
2025-05-19 19:53:34 INFO     6200 12313 7.387669 69384.0
2025-05-19 19:53:36 INFO     6300 12313 7.425036 69384.0
2025-05-19 19:53:37 INFO     6400 12313 7.356588 69384.0
2025-05-19 19:53:39 INFO     6500 12313 7.353005 69384.0
2025-05-19 19:53:41 INFO     6600 12313 7.485693 69384.0
2025-05-19 19:53:42 INFO     6700 12313 7.390030 69384.0
2025-05-19 19:53:44 INFO     6800 12313 7.351890 69384.0
2025-05-19 19:53:45 INFO     6900 12313 7.432581 69210.5
2025-05-19 19:53:47 INFO     7000 12313 7.367982 69384.0
2025-05-19 19:53:48 INFO     7100 12313 7.359625 69384.0
2025-05-19 19:53:50 INFO     7200 12313 7.401968 69384.0
2025-05-19 19:53:51 INFO     7300 12313 7.357915 69384.0
2025-05-19 19:53:53 INFO     7400 12313 7.380091 69384.0
2025-05-19 19:53:54 INFO     7500 12313 7.322312 69384.0
2025-05-19 19:53:56 INFO     7600 12313 7.352214 69384.0
2025-05-19 19:53:57 INFO     7700 12313 7.389486 69384.0
2025-05-19 19:53:59 INFO     7800 12313 7.449012 69384.0
2025-05-19 19:54:00 INFO     7900 12313 7.317757 69384.0
2025-05-19 19:54:02 INFO     8000 12313 7.391235 69384.0
2025-05-19 19:54:03 INFO     8100 12313 7.276100 69384.0
2025-05-19 19:54:05 INFO     8200 12313 7.327487 68776.9
2025-05-19 19:54:07 INFO     8300 12313 7.403945 69384.0
2025-05-19 19:54:08 INFO     8400 12313 7.371868 69384.0
2025-05-19 19:54:10 INFO     8500 12313 7.349604 68776.9
2025-05-19 19:54:11 INFO     8600 12313 7.336171 69384.0
2025-05-19 19:54:13 INFO     8700 12313 7.370807 69384.0
2025-05-19 19:54:14 INFO     8800 12313 7.415017 69384.0
2025-05-19 19:54:16 INFO     8900 12313 7.239609 69384.0
2025-05-19 19:54:17 INFO     9000 12313 7.292492 69384.0
2025-05-19 19:54:19 INFO     9100 12313 7.315350 69037.1
2025-05-19 19:54:20 INFO     9200 12313 7.331405 69384.0
2025-05-19 19:54:22 INFO     9300 12313 7.344156 69384.0
2025-05-19 19:54:23 INFO     9400 12313 7.311570 69123.8
2025-05-19 19:54:25 INFO     9500 12313 7.391277 69384.0
2025-05-19 19:54:26 INFO     9600 12313 7.315905 69384.0
2025-05-19 19:54:28 INFO     9700 12313 7.344703 69384.0
2025-05-19 19:54:29 INFO     9800 12313 7.201094 69384.0
2025-05-19 19:54:31 INFO     9900 12313 7.355949 69384.0
2025-05-19 19:54:32 INFO     10000 12313 7.263300 69384.0
2025-05-19 19:54:32 INFO     >>>>> Predictor: Evaluating on valid
2025-05-19 19:54:39 INFO     Data : 3823
2025-05-19 19:54:39 INFO     Hit1 : 0.027465
2025-05-19 19:54:39 INFO     Hit3 : 0.059901
2025-05-19 19:54:39 INFO     Hit10: 0.111954
2025-05-19 19:54:39 INFO     MR   : 1191.604891
2025-05-19 19:54:39 INFO     MRR  : 0.057081
2025-05-19 19:54:39 INFO     >>>>> Predictor: Evaluating on test
2025-05-19 19:54:46 INFO     Data : 4402
2025-05-19 19:54:46 INFO     Hit1 : 0.036574
2025-05-19 19:54:46 INFO     Hit3 : 0.063153
2025-05-19 19:54:46 INFO     Hit10: 0.111540
2025-05-19 19:54:46 INFO     MR   : 1201.965925
2025-05-19 19:54:46 INFO     MRR  : 0.063089
2025-05-19 19:54:46 INFO     >>>>> Predictor: Computing H scores of rules
2025-05-19 19:55:02 INFO     1000 12313
2025-05-19 19:55:17 INFO     2000 12313
2025-05-19 19:55:32 INFO     3000 12313
2025-05-19 19:55:48 INFO     4000 12313
2025-05-19 19:56:03 INFO     5000 12313
2025-05-19 19:56:18 INFO     6000 12313
2025-05-19 19:56:34 INFO     7000 12313
2025-05-19 19:56:49 INFO     8000 12313
2025-05-19 19:57:04 INFO     9000 12313
2025-05-19 19:57:20 INFO     10000 12313
2025-05-19 19:57:35 INFO     11000 12313
2025-05-19 19:57:50 INFO     12000 12313
2025-05-19 19:57:55 INFO     >>>>> Generator: Training
2025-05-19 19:57:55 INFO     -------------------------
2025-05-19 19:57:55 INFO     | Post-train Generator
2025-05-19 19:57:55 INFO     -------------------------
2025-05-19 19:57:55 INFO     >>>>> Generator: Training
2025-05-19 19:57:58 INFO     1000 1000 1.590222
2025-05-19 19:57:58 INFO     -------------------------
2025-05-19 19:57:58 INFO     | Beam Search Best Rules
2025-05-19 19:57:58 INFO     -------------------------
2025-05-19 19:57:58 INFO     >>>>> Generator: Rule generation with beam search
2025-05-19 19:57:59 INFO     >>>>> Generator: Rule generation with beam search
2025-05-19 19:57:59 INFO     >>>>> Generator: Rule generation with beam search
2025-05-19 19:58:00 INFO     >>>>> Generator: Rule generation with beam search
2025-05-19 19:58:01 INFO     >>>>> Generator: Rule generation with beam search
2025-05-19 19:58:02 INFO     -------------------------
2025-05-19 19:58:02 INFO     | Train Final Predictor+
2025-05-19 19:58:02 INFO     -------------------------
2025-05-19 19:58:02 INFO     Predictor+: read 3220 rules from list.
2025-05-19 19:58:02 INFO     Preprocess training set
2025-05-19 19:58:02 INFO     -------------------------
2025-05-19 19:58:02 INFO     | Iteration: 1/1
2025-05-19 19:58:02 INFO     -------------------------
2025-05-19 19:58:02 INFO     >>>>> Predictor: Training
2025-05-19 19:58:09 INFO     100 12313 5.648074 69384.0
2025-05-19 19:58:15 INFO     200 12313 4.824058 69384.0
2025-05-19 19:58:22 INFO     300 12313 4.647132 69384.0
2025-05-19 19:58:29 INFO     400 12313 4.733695 69384.0
2025-05-19 19:58:35 INFO     500 12313 4.637306 69384.0
2025-05-19 19:58:42 INFO     600 12313 4.488487 69384.0
2025-05-19 19:58:49 INFO     700 12313 4.551596 69384.0
2025-05-19 19:58:56 INFO     800 12313 4.564171 69384.0
2025-05-19 19:59:02 INFO     900 12313 4.588410 69384.0
2025-05-19 19:59:09 INFO     1000 12313 4.563201 69384.0
2025-05-19 19:59:16 INFO     1100 12313 4.511287 69384.0
2025-05-19 19:59:22 INFO     1200 12313 4.538598 69384.0
2025-05-19 19:59:29 INFO     1300 12313 4.557957 69384.0
2025-05-19 19:59:36 INFO     1400 12313 4.554106 69384.0
2025-05-19 19:59:43 INFO     1500 12313 4.475790 69384.0
2025-05-19 19:59:49 INFO     1600 12313 4.567088 69384.0
2025-05-19 19:59:56 INFO     1700 12313 4.518712 69384.0
2025-05-19 20:00:03 INFO     1800 12313 4.616209 69384.0
2025-05-19 20:00:10 INFO     1900 12313 4.549057 69384.0
2025-05-19 20:00:17 INFO     2000 12313 4.543867 69384.0
2025-05-19 20:00:23 INFO     2100 12313 4.507826 69384.0
2025-05-19 20:00:30 INFO     2200 12313 4.574196 68863.6
2025-05-19 20:00:37 INFO     2300 12313 4.544986 69384.0
2025-05-19 20:00:44 INFO     2400 12313 4.456343 69210.5
2025-05-19 20:00:50 INFO     2500 12313 4.614408 69384.0
2025-05-19 20:00:57 INFO     2600 12313 4.627244 69384.0
2025-05-19 20:01:04 INFO     2700 12313 4.499665 68776.9
2025-05-19 20:01:11 INFO     2800 12313 4.466720 69384.0
2025-05-19 20:01:18 INFO     2900 12313 4.548199 69384.0
2025-05-19 20:01:24 INFO     3000 12313 4.397007 69384.0
2025-05-19 20:01:31 INFO     3100 12313 4.492558 69384.0
2025-05-19 20:01:38 INFO     3200 12313 4.510252 69384.0
2025-05-19 20:01:45 INFO     3300 12313 4.478613 68776.9
2025-05-19 20:01:52 INFO     3400 12313 4.486839 69384.0
2025-05-19 20:01:58 INFO     3500 12313 4.577910 69384.0
2025-05-19 20:02:05 INFO     3600 12313 4.513086 69384.0
2025-05-19 20:02:12 INFO     3700 12313 4.445971 69384.0
2025-05-19 20:02:19 INFO     3800 12313 4.471848 69384.0
2025-05-19 20:02:26 INFO     3900 12313 4.533414 69384.0
2025-05-19 20:02:32 INFO     4000 12313 4.492581 69384.0
2025-05-19 20:02:39 INFO     4100 12313 4.538641 69384.0
2025-05-19 20:02:46 INFO     4200 12313 4.535714 69384.0
2025-05-19 20:02:53 INFO     4300 12313 4.471086 69384.0
2025-05-19 20:03:00 INFO     4400 12313 4.492041 69384.0
2025-05-19 20:03:06 INFO     4500 12313 4.583396 69384.0
2025-05-19 20:03:13 INFO     4600 12313 4.458043 69384.0
2025-05-19 20:03:20 INFO     4700 12313 4.459154 69384.0
2025-05-19 20:03:27 INFO     4800 12313 4.503788 69384.0
2025-05-19 20:03:33 INFO     4900 12313 4.536360 69384.0
2025-05-19 20:03:40 INFO     5000 12313 4.459189 69384.0
2025-05-19 20:03:47 INFO     5100 12313 4.546250 69384.0
2025-05-19 20:03:54 INFO     5200 12313 4.553298 69384.0
2025-05-19 20:04:01 INFO     5300 12313 4.510055 69384.0
2025-05-19 20:04:08 INFO     5400 12313 4.534306 69384.0
2025-05-19 20:04:14 INFO     5500 12313 4.469761 68950.4
2025-05-19 20:04:21 INFO     5600 12313 4.527929 69384.0
2025-05-19 20:04:28 INFO     5700 12313 4.516197 69384.0
2025-05-19 20:04:35 INFO     5800 12313 4.494895 69384.0
2025-05-19 20:04:41 INFO     5900 12313 4.503600 69210.5
2025-05-19 20:04:48 INFO     6000 12313 4.531930 69384.0
2025-05-19 20:04:55 INFO     6100 12313 4.512748 69384.0
2025-05-19 20:05:02 INFO     6200 12313 4.581441 69210.5
2025-05-19 20:05:09 INFO     6300 12313 4.417847 69384.0
2025-05-19 20:05:15 INFO     6400 12313 4.420097 69384.0
2025-05-19 20:05:22 INFO     6500 12313 4.490455 69384.0
2025-05-19 20:05:29 INFO     6600 12313 4.537025 69384.0
2025-05-19 20:05:35 INFO     6700 12313 4.498296 69384.0
2025-05-19 20:05:42 INFO     6800 12313 4.432818 69384.0
2025-05-19 20:05:49 INFO     6900 12313 4.530843 69384.0
2025-05-19 20:05:55 INFO     7000 12313 4.445934 69384.0
2025-05-19 20:06:02 INFO     7100 12313 4.459526 69384.0
2025-05-19 20:06:09 INFO     7200 12313 4.501406 69384.0
2025-05-19 20:06:15 INFO     7300 12313 4.534220 69123.8
2025-05-19 20:06:22 INFO     7400 12313 4.541425 69384.0
2025-05-19 20:06:29 INFO     7500 12313 4.489575 69384.0
2025-05-19 20:06:35 INFO     7600 12313 4.519553 69123.8
2025-05-19 20:06:42 INFO     7700 12313 4.487161 69384.0
2025-05-19 20:06:49 INFO     7800 12313 4.512660 69384.0
2025-05-19 20:06:55 INFO     7900 12313 4.454856 69384.0
2025-05-19 20:07:02 INFO     8000 12313 4.525690 69384.0
2025-05-19 20:07:09 INFO     8100 12313 4.432763 69384.0
2025-05-19 20:07:16 INFO     8200 12313 4.452788 69384.0
2025-05-19 20:07:22 INFO     8300 12313 4.519094 69384.0
2025-05-19 20:07:29 INFO     8400 12313 4.492759 69384.0
2025-05-19 20:07:36 INFO     8500 12313 4.520545 69384.0
2025-05-19 20:07:42 INFO     8600 12313 4.397240 69384.0
2025-05-19 20:07:49 INFO     8700 12313 4.347222 69384.0
2025-05-19 20:07:56 INFO     8800 12313 4.582160 69384.0
2025-05-19 20:08:02 INFO     8900 12313 4.500606 69384.0
2025-05-19 20:08:09 INFO     9000 12313 4.490166 69384.0
2025-05-19 20:08:16 INFO     9100 12313 4.478010 69210.5
2025-05-19 20:08:23 INFO     9200 12313 4.545226 69384.0
2025-05-19 20:08:29 INFO     9300 12313 4.458412 69384.0
2025-05-19 20:08:36 INFO     9400 12313 4.454073 68950.4
2025-05-19 20:08:43 INFO     9500 12313 4.389219 69384.0
2025-05-19 20:08:49 INFO     9600 12313 4.432296 68776.9
2025-05-19 20:08:56 INFO     9700 12313 4.530771 69384.0
2025-05-19 20:09:03 INFO     9800 12313 4.499250 69037.1
2025-05-19 20:09:09 INFO     9900 12313 4.534932 69384.0
2025-05-19 20:09:16 INFO     10000 12313 4.449153 69384.0
2025-05-19 20:09:16 INFO     >>>>> Predictor: Evaluating on valid
2025-05-19 20:09:43 INFO     Data : 3823
2025-05-19 20:09:43 INFO     Hit1 : 0.071148
2025-05-19 20:09:43 INFO     Hit3 : 0.140989
2025-05-19 20:09:43 INFO     Hit10: 0.270730
2025-05-19 20:09:43 INFO     MR   : 762.188857
2025-05-19 20:09:43 INFO     MRR  : 0.134812
2025-05-19 20:09:43 INFO     >>>>> Predictor: Evaluating on test
2025-05-19 20:10:15 INFO     Data : 4402
2025-05-19 20:10:15 INFO     Hit1 : 0.101999
2025-05-19 20:10:15 INFO     Hit3 : 0.177647
2025-05-19 20:10:15 INFO     Hit10: 0.289868
2025-05-19 20:10:15 INFO     MR   : 758.100182
2025-05-19 20:10:15 INFO     MRR  : 0.163410
2025-05-19 20:10:15 INFO     Save checkpoint to results/semmeddb/multitask/md/ori/predictor.pt
2025-05-19 20:10:15 INFO     -------------------------
2025-05-19 20:10:15 INFO     | Final Test MRR: 0.163410
2025-05-19 20:10:15 INFO     -------------------------
