2025-07-21 18:15:30 INFO     is_soft_label: False
2025-07-21 18:15:30 INFO     is_scheduled_sampling: False
2025-07-21 18:15:30 INFO     is_test_mode: False
2025-07-21 18:15:30 INFO     Data loading | DONE!
2025-07-21 18:15:30 INFO     Using full datasets for training, validation, and testing.
2025-07-21 18:15:31 INFO     -------------------------
2025-07-21 18:15:31 INFO     | EM Iteration: 1/5
2025-07-21 18:15:31 INFO     -------------------------
2025-07-21 18:15:31 INFO     >>>>> Using miner's rule
2025-07-21 18:15:31 INFO     Predictor: read 13661 rules from list.
2025-07-21 18:15:32 INFO     Preprocess training set
2025-07-21 18:15:32 INFO     >>>>> Predictor: Evaluating on valid
2025-07-21 18:19:12 INFO     Data : 2077
2025-07-21 18:19:12 INFO     Hit1 : 0.065479
2025-07-21 18:19:12 INFO     Hit3 : 0.127106
2025-07-21 18:19:12 INFO     Hit10: 0.199326
2025-07-21 18:19:12 INFO     MR   : 1120.902022
2025-07-21 18:19:12 INFO     MRR  : 0.114382
2025-07-21 18:19:12 INFO     >>>>> Predictor: Evaluating on test
2025-07-21 18:23:26 INFO     Data : 2342
2025-07-21 18:23:26 INFO     Hit1 : 0.078992
2025-07-21 18:23:26 INFO     Hit3 : 0.124253
2025-07-21 18:23:26 INFO     Hit10: 0.208796
2025-07-21 18:23:26 INFO     MR   : 1044.269001
2025-07-21 18:23:26 INFO     MRR  : 0.122250
2025-07-21 18:23:26 INFO     >>>>> Predictor: Computing H scores of rules
2025-07-21 19:13:01 INFO     1000 5959
2025-07-21 20:03:11 INFO     2000 5959
2025-07-21 20:53:03 INFO     3000 5959
2025-07-21 21:43:14 INFO     4000 5959
2025-07-21 22:34:26 INFO     5000 5959
2025-07-21 23:22:43 INFO     >>>>> Generator: Training
2025-07-21 23:22:48 INFO     -------------------------
2025-07-21 23:22:48 INFO     | EM Iteration: 2/5
2025-07-21 23:22:48 INFO     -------------------------
2025-07-21 23:22:48 INFO     >>>>> Using Generator's sample rule
2025-07-21 23:22:48 INFO     >>>>> Generator: Rule generation with sampling
2025-07-21 23:22:48 INFO     Predictor: read 1900 rules from list.
2025-07-21 23:22:48 INFO     Preprocess training set
2025-07-21 23:22:48 INFO     >>>>> Predictor: Training
2025-07-21 23:24:33 INFO     1000 5959 8.795817 69314.6
2025-07-21 23:26:14 INFO     2000 5959 8.424737 69271.3
2025-07-21 23:27:48 INFO     3000 5959 8.224691 69245.2
2025-07-21 23:29:23 INFO     4000 5959 8.063707 69340.6
2025-07-21 23:30:55 INFO     5000 5959 7.904356 69340.6
2025-07-21 23:32:25 INFO     >>>>> Predictor: Evaluating on valid
2025-07-21 23:32:43 INFO     Data : 2077
2025-07-21 23:32:43 INFO     Hit1 : 0.015407
2025-07-21 23:32:43 INFO     Hit3 : 0.023592
2025-07-21 23:32:43 INFO     Hit10: 0.035147
2025-07-21 23:32:43 INFO     MR   : 1478.241454
2025-07-21 23:32:43 INFO     MRR  : 0.025902
2025-07-21 23:32:43 INFO     >>>>> Predictor: Evaluating on test
2025-07-21 23:33:03 INFO     Data : 2342
2025-07-21 23:33:03 INFO     Hit1 : 0.011529
2025-07-21 23:33:03 INFO     Hit3 : 0.017933
2025-07-21 23:33:03 INFO     Hit10: 0.029462
2025-07-21 23:33:03 INFO     MR   : 1374.103544
2025-07-21 23:33:03 INFO     MRR  : 0.021287
2025-07-21 23:33:03 INFO     >>>>> Predictor: Computing H scores of rules
2025-07-21 23:36:54 INFO     1000 5959
2025-07-21 23:40:58 INFO     2000 5959
2025-07-21 23:44:50 INFO     3000 5959
2025-07-21 23:48:47 INFO     4000 5959
2025-07-21 23:52:39 INFO     5000 5959
2025-07-21 23:56:23 INFO     >>>>> Generator: Training
2025-07-21 23:56:27 INFO     -------------------------
2025-07-21 23:56:27 INFO     | EM Iteration: 3/5
2025-07-21 23:56:27 INFO     -------------------------
2025-07-21 23:56:27 INFO     >>>>> Using Generator's sample rule
2025-07-21 23:56:27 INFO     >>>>> Generator: Rule generation with sampling
2025-07-21 23:56:28 INFO     Predictor: read 1916 rules from list.
2025-07-21 23:56:28 INFO     Preprocess training set
2025-07-21 23:56:28 INFO     >>>>> Predictor: Training
2025-07-21 23:58:10 INFO     1000 5959 8.820295 69332.0
2025-07-21 23:59:45 INFO     2000 5959 8.500766 69349.3
2025-07-22 00:01:23 INFO     3000 5959 8.308992 69184.5
2025-07-22 00:02:57 INFO     4000 5959 8.174524 69253.9
2025-07-22 00:04:30 INFO     5000 5959 8.100267 69332.0
2025-07-22 00:06:02 INFO     >>>>> Predictor: Evaluating on valid
2025-07-22 00:06:19 INFO     Data : 2077
2025-07-22 00:06:19 INFO     Hit1 : 0.009148
2025-07-22 00:06:19 INFO     Hit3 : 0.018777
2025-07-22 00:06:19 INFO     Hit10: 0.034184
2025-07-22 00:06:19 INFO     MR   : 1482.585941
2025-07-22 00:06:19 INFO     MRR  : 0.021228
2025-07-22 00:06:19 INFO     >>>>> Predictor: Evaluating on test
2025-07-22 00:06:38 INFO     Data : 2342
2025-07-22 00:06:38 INFO     Hit1 : 0.008113
2025-07-22 00:06:38 INFO     Hit3 : 0.013664
2025-07-22 00:06:38 INFO     Hit10: 0.027754
2025-07-22 00:06:38 INFO     MR   : 1378.045901
2025-07-22 00:06:38 INFO     MRR  : 0.018118
2025-07-22 00:06:38 INFO     >>>>> Predictor: Computing H scores of rules
2025-07-22 00:10:40 INFO     1000 5959
2025-07-22 00:14:44 INFO     2000 5959
2025-07-22 00:19:16 INFO     3000 5959
2025-07-22 00:23:25 INFO     4000 5959
2025-07-22 00:27:26 INFO     5000 5959
2025-07-22 00:31:16 INFO     >>>>> Generator: Training
2025-07-22 00:31:21 INFO     -------------------------
2025-07-22 00:31:21 INFO     | EM Iteration: 4/5
2025-07-22 00:31:21 INFO     -------------------------
2025-07-22 00:31:21 INFO     >>>>> Using Generator's sample rule
2025-07-22 00:31:21 INFO     >>>>> Generator: Rule generation with sampling
2025-07-22 00:31:21 INFO     Predictor: read 1951 rules from list.
2025-07-22 00:31:21 INFO     Preprocess training set
2025-07-22 00:31:21 INFO     >>>>> Predictor: Training
2025-07-22 00:32:59 INFO     1000 5959 8.809383 69271.3
2025-07-22 00:34:35 INFO     2000 5959 8.460698 69340.6
2025-07-22 00:36:09 INFO     3000 5959 8.235963 69384.0
2025-07-22 00:37:47 INFO     4000 5959 8.096743 69262.6
2025-07-22 00:39:27 INFO     5000 5959 7.972658 69332.0
2025-07-22 00:41:04 INFO     >>>>> Predictor: Evaluating on valid
2025-07-22 00:41:22 INFO     Data : 2077
2025-07-22 00:41:22 INFO     Hit1 : 0.019259
2025-07-22 00:41:22 INFO     Hit3 : 0.035628
2025-07-22 00:41:22 INFO     Hit10: 0.055368
2025-07-22 00:41:22 INFO     MR   : 1457.752528
2025-07-22 00:41:22 INFO     MRR  : 0.035361
2025-07-22 00:41:22 INFO     >>>>> Predictor: Evaluating on test
2025-07-22 00:41:44 INFO     Data : 2342
2025-07-22 00:41:44 INFO     Hit1 : 0.022630
2025-07-22 00:41:44 INFO     Hit3 : 0.039710
2025-07-22 00:41:44 INFO     Hit10: 0.054654
2025-07-22 00:41:44 INFO     MR   : 1353.478437
2025-07-22 00:41:44 INFO     MRR  : 0.037821
2025-07-22 00:41:44 INFO     >>>>> Predictor: Computing H scores of rules
2025-07-22 00:45:44 INFO     1000 5959
2025-07-22 00:49:43 INFO     2000 5959
2025-07-22 00:53:40 INFO     3000 5959
2025-07-22 00:57:52 INFO     4000 5959
2025-07-22 01:01:55 INFO     5000 5959
2025-07-22 01:05:55 INFO     >>>>> Generator: Training
2025-07-22 01:06:00 INFO     -------------------------
2025-07-22 01:06:00 INFO     | EM Iteration: 5/5
2025-07-22 01:06:00 INFO     -------------------------
2025-07-22 01:06:00 INFO     >>>>> Using Generator's sample rule
2025-07-22 01:06:00 INFO     >>>>> Generator: Rule generation with sampling
2025-07-22 01:06:00 INFO     Predictor: read 1967 rules from list.
2025-07-22 01:06:00 INFO     Preprocess training set
2025-07-22 01:06:00 INFO     >>>>> Predictor: Training
2025-07-22 01:07:36 INFO     1000 5959 8.817447 69332.0
2025-07-22 01:09:16 INFO     2000 5959 8.470280 69349.3
2025-07-22 01:10:55 INFO     3000 5959 8.261555 69340.6
2025-07-22 01:12:35 INFO     4000 5959 8.134668 69297.3
2025-07-22 01:14:22 INFO     5000 5959 8.048097 69219.2
2025-07-22 01:16:00 INFO     >>>>> Predictor: Evaluating on valid
2025-07-22 01:16:17 INFO     Data : 2077
2025-07-22 01:16:17 INFO     Hit1 : 0.006740
2025-07-22 01:16:17 INFO     Hit3 : 0.017333
2025-07-22 01:16:17 INFO     Hit10: 0.041406
2025-07-22 01:16:17 INFO     MR   : 1513.288878
2025-07-22 01:16:17 INFO     MRR  : 0.020570
2025-07-22 01:16:17 INFO     >>>>> Predictor: Evaluating on test
2025-07-22 01:16:37 INFO     Data : 2342
2025-07-22 01:16:37 INFO     Hit1 : 0.004270
2025-07-22 01:16:37 INFO     Hit3 : 0.012810
2025-07-22 01:16:37 INFO     Hit10: 0.030316
2025-07-22 01:16:37 INFO     MR   : 1389.672289
2025-07-22 01:16:37 INFO     MRR  : 0.016151
2025-07-22 01:16:37 INFO     >>>>> Predictor: Computing H scores of rules
2025-07-22 01:20:38 INFO     1000 5959
2025-07-22 01:24:45 INFO     2000 5959
2025-07-22 01:29:01 INFO     3000 5959
2025-07-22 01:33:03 INFO     4000 5959
2025-07-22 01:37:26 INFO     5000 5959
2025-07-22 01:41:26 INFO     >>>>> Generator: Training
2025-07-22 01:41:31 INFO     -------------------------
2025-07-22 01:41:31 INFO     | Post-train Generator
2025-07-22 01:41:31 INFO     -------------------------
2025-07-22 01:41:32 INFO     >>>>> Generator: Training
2025-07-22 01:42:21 INFO     [E01000] Total 3.589713 | Main 3.215151 | EntType 3.151969
2025-07-22 01:42:21 INFO     -------------------------
2025-07-22 01:42:21 INFO     | Beam Search Best Rules
2025-07-22 01:42:21 INFO     -------------------------
2025-07-22 01:42:21 INFO     >>>>> Generator: Rule generation with beam search
2025-07-22 01:42:22 INFO     >>>>> Generator: Rule generation with beam search
2025-07-22 01:42:30 INFO     >>>>> Generator: Rule generation with beam search
2025-07-22 01:44:14 INFO     >>>>> Generator: Rule generation with beam search
2025-07-22 01:45:40 INFO     >>>>> Generator: Rule generation with beam search
2025-07-22 01:46:40 INFO     -------------------------
2025-07-22 01:46:40 INFO     | Train Final Predictor+
2025-07-22 01:46:40 INFO     -------------------------
2025-07-22 01:46:40 INFO     Predictor+: read 18420 rules from list.
2025-07-22 01:46:40 INFO     Preprocess training set
2025-07-22 01:46:40 INFO     -------------------------
2025-07-22 01:46:40 INFO     | Iteration: 1/5
2025-07-22 01:46:40 INFO     -------------------------
2025-07-22 01:46:40 INFO     >>>>> Predictor: Training
2025-07-22 01:55:47 INFO     1000 5959 4.896606 69271.3
2025-07-22 02:08:30 INFO     2000 5959 4.725743 69332.0
2025-07-22 02:20:21 INFO     3000 5959 4.706970 69375.3
2025-07-22 02:31:30 INFO     4000 5959 4.708780 69279.9
2025-07-22 02:42:42 INFO     5000 5959 4.680209 69349.3
2025-07-22 02:53:39 INFO     >>>>> Predictor: Evaluating on valid
2025-07-22 02:56:28 INFO     Data : 2077
2025-07-22 02:56:28 INFO     Hit1 : 0.103515
2025-07-22 02:56:28 INFO     Hit3 : 0.190178
2025-07-22 02:56:28 INFO     Hit10: 0.314877
2025-07-22 02:56:28 INFO     MR   : 980.896004
2025-07-22 02:56:28 INFO     MRR  : 0.171796
2025-07-22 02:56:28 INFO     >>>>> Predictor: Evaluating on test
2025-07-22 02:59:31 INFO     Data : 2342
2025-07-22 02:59:31 INFO     Hit1 : 0.128523
2025-07-22 02:59:31 INFO     Hit3 : 0.211785
2025-07-22 02:59:31 INFO     Hit10: 0.314688
2025-07-22 02:59:31 INFO     MR   : 917.096499
2025-07-22 02:59:31 INFO     MRR  : 0.190845
2025-07-22 02:59:31 INFO     Save checkpoint to results/semmeddb/10_times_each/aux2/7_20250721_181528/predictor.pt
2025-07-22 02:59:31 INFO     -------------------------
2025-07-22 02:59:31 INFO     | Iteration: 2/5
2025-07-22 02:59:31 INFO     -------------------------
2025-07-22 02:59:31 INFO     >>>>> Predictor: Training
2025-07-22 03:10:42 INFO     1000 5959 4.603652 69366.7
2025-07-22 03:22:07 INFO     2000 5959 4.652165 69375.3
2025-07-22 03:33:24 INFO     3000 5959 4.638532 69219.2
2025-07-22 03:44:28 INFO     4000 5959 4.651885 69305.9
2025-07-22 03:55:14 INFO     5000 5959 4.619357 69288.6
2025-07-22 04:05:35 INFO     >>>>> Predictor: Evaluating on valid
2025-07-22 04:08:04 INFO     Data : 2077
2025-07-22 04:08:04 INFO     Hit1 : 0.095330
2025-07-22 04:08:04 INFO     Hit3 : 0.185364
2025-07-22 04:08:04 INFO     Hit10: 0.312470
2025-07-22 04:08:04 INFO     MR   : 942.884208
2025-07-22 04:08:04 INFO     MRR  : 0.166276
2025-07-22 04:08:04 INFO     >>>>> Predictor: Evaluating on test
2025-07-22 04:11:04 INFO     Data : 2342
2025-07-22 04:11:04 INFO     Hit1 : 0.125961
2025-07-22 04:11:04 INFO     Hit3 : 0.207088
2025-07-22 04:11:04 INFO     Hit10: 0.318531
2025-07-22 04:11:04 INFO     MR   : 877.495944
2025-07-22 04:11:04 INFO     MRR  : 0.189599
2025-07-22 04:11:04 INFO     -------------------------
2025-07-22 04:11:04 INFO     | Iteration: 3/5
2025-07-22 04:11:04 INFO     -------------------------
2025-07-22 04:11:04 INFO     >>>>> Predictor: Training
2025-07-22 04:21:52 INFO     1000 5959 4.615832 69288.6
2025-07-22 04:32:31 INFO     2000 5959 4.618692 69288.6
2025-07-22 04:43:31 INFO     3000 5959 4.606511 69340.6
2025-07-22 04:54:13 INFO     4000 5959 4.615679 69271.3
2025-07-22 05:04:54 INFO     5000 5959 4.638211 69219.2
2025-07-22 05:15:14 INFO     >>>>> Predictor: Evaluating on valid
2025-07-22 05:17:49 INFO     Data : 2077
2025-07-22 05:17:49 INFO     Hit1 : 0.093885
2025-07-22 05:17:49 INFO     Hit3 : 0.180067
2025-07-22 05:17:49 INFO     Hit10: 0.303322
2025-07-22 05:17:49 INFO     MR   : 933.178382
2025-07-22 05:17:49 INFO     MRR  : 0.162833
2025-07-22 05:17:49 INFO     >>>>> Predictor: Evaluating on test
2025-07-22 05:20:43 INFO     Data : 2342
2025-07-22 05:20:43 INFO     Hit1 : 0.118702
2025-07-22 05:20:43 INFO     Hit3 : 0.202818
2025-07-22 05:20:43 INFO     Hit10: 0.313834
2025-07-22 05:20:43 INFO     MR   : 859.970965
2025-07-22 05:20:43 INFO     MRR  : 0.183615
2025-07-22 05:20:43 INFO     -------------------------
2025-07-22 05:20:43 INFO     | Iteration: 4/5
2025-07-22 05:20:43 INFO     -------------------------
2025-07-22 05:20:43 INFO     >>>>> Predictor: Training
2025-07-22 05:31:38 INFO     1000 5959 4.593507 69340.6
2025-07-22 05:42:17 INFO     2000 5959 4.560967 69184.5
2025-07-22 05:53:10 INFO     3000 5959 4.622600 69253.9
2025-07-22 06:04:16 INFO     4000 5959 4.600892 69340.6
2025-07-22 06:14:47 INFO     5000 5959 4.597438 69384.0
2025-07-22 06:25:05 INFO     >>>>> Predictor: Evaluating on valid
2025-07-22 06:27:39 INFO     Data : 2077
2025-07-22 06:27:39 INFO     Hit1 : 0.097256
2025-07-22 06:27:39 INFO     Hit3 : 0.183438
2025-07-22 06:27:39 INFO     Hit10: 0.316803
2025-07-22 06:27:39 INFO     MR   : 930.752046
2025-07-22 06:27:39 INFO     MRR  : 0.167297
2025-07-22 06:27:39 INFO     >>>>> Predictor: Evaluating on test
2025-07-22 06:30:35 INFO     Data : 2342
2025-07-22 06:30:35 INFO     Hit1 : 0.126815
2025-07-22 06:30:35 INFO     Hit3 : 0.209650
2025-07-22 06:30:35 INFO     Hit10: 0.322801
2025-07-22 06:30:35 INFO     MR   : 856.188301
2025-07-22 06:30:35 INFO     MRR  : 0.190729
2025-07-22 06:30:35 INFO     -------------------------
2025-07-22 06:30:35 INFO     | Iteration: 5/5
2025-07-22 06:30:35 INFO     -------------------------
2025-07-22 06:30:35 INFO     >>>>> Predictor: Training
2025-07-22 06:41:13 INFO     1000 5959 4.604128 69323.3
2025-07-22 06:52:05 INFO     2000 5959 4.584683 69332.0
2025-07-22 07:03:18 INFO     3000 5959 4.615270 69219.2
2025-07-22 07:14:07 INFO     4000 5959 4.608717 69297.3
2025-07-22 07:25:23 INFO     5000 5959 4.573638 69332.0
2025-07-22 07:36:02 INFO     >>>>> Predictor: Evaluating on valid
2025-07-22 07:38:50 INFO     Data : 2077
2025-07-22 07:38:50 INFO     Hit1 : 0.090034
2025-07-22 07:38:50 INFO     Hit3 : 0.175734
2025-07-22 07:38:50 INFO     Hit10: 0.317766
2025-07-22 07:38:50 INFO     MR   : 918.077275
2025-07-22 07:38:50 INFO     MRR  : 0.161383
2025-07-22 07:38:50 INFO     >>>>> Predictor: Evaluating on test
2025-07-22 07:42:04 INFO     Data : 2342
2025-07-22 07:42:04 INFO     Hit1 : 0.131939
2025-07-22 07:42:04 INFO     Hit3 : 0.207515
2025-07-22 07:42:04 INFO     Hit10: 0.317677
2025-07-22 07:42:04 INFO     MR   : 849.937447
2025-07-22 07:42:04 INFO     MRR  : 0.193235
2025-07-22 07:42:04 INFO     -------------------------
2025-07-22 07:42:04 INFO     | Final Test MRR: 0.190845
2025-07-22 07:42:04 INFO     -------------------------
