2025-04-21 22:48:20 INFO     Predictor: read 445 rules from list.
2025-04-21 22:54:13 INFO     Predictor: read 459 rules from list.
2025-04-21 23:00:25 INFO     Predictor+: read 3586 rules from list.
rator: Training
2025-04-21 22:47:34 INFO     [E1000] Total: 1.469115 | Main: 1.505860 | Aux: 0.757586
2025-04-21 22:47:39 INFO     [E2000] Total: 1.348001 | Main: 1.381630 | Aux: 0.709051
2025-04-21 22:47:44 INFO     [E3000] Total: 1.330973 | Main: 1.364268 | Aux: 0.698375
2025-04-21 22:47:49 INFO     [E4000] Total: 1.309776 | Main: 1.342211 | Aux: 0.693522
2025-04-21 22:47:54 INFO     [E5000] Total: 1.312018 | Main: 1.344854 | Aux: 0.688129
2025-04-21 22:47:59 INFO     [E6000] Total: 1.307724 | Main: 1.340515 | Aux: 0.684692
2025-04-21 22:48:05 INFO     [E7000] Total: 1.308468 | Main: 1.341288 | Aux: 0.684878
2025-04-21 22:48:10 INFO     [E8000] Total: 1.304189 | Main: 1.336953 | Aux: 0.681684
2025-04-21 22:48:15 INFO     [E9000] Total: 1.295949 | Main: 1.328303 | Aux: 0.681221
2025-04-21 22:48:20 INFO     [E10000] Total: 1.290794 | Main: 1.323020 | Aux: 0.678490
2025-04-21 22:48:20 INFO     -------------------------
2025-04-21 22:48:20 INFO     | EM Iteration: 1/2
2025-04-21 22:48:20 INFO     -------------------------
2025-04-21 22:48:20 INFO     >>>>> Generator: Rule generation with sampling
2025-04-21 22:48:20 INFO     Predictor: read 445 rules from list.
2025-04-21 22:48:20 INFO     Initializing distributed process group
2025-04-21 22:48:20 INFO     Preprocess training set
2025-04-21 22:48:20 INFO     >>>>> Predictor: Training
2025-04-21 22:48:23 INFO     100 10860 10.130492 327544.0
2025-04-21 22:48:24 INFO     200 10860 9.487484 327544.0
2025-04-21 22:48:26 INFO     300 10860 8.992514 327544.0
2025-04-21 22:48:28 INFO     400 10860 8.882452 327544.0
2025-04-21 22:48:30 INFO     500 10860 8.759958 327544.0
2025-04-21 22:48:32 INFO     600 10860 8.409509 327544.0
2025-04-21 22:48:34 INFO     700 10860 8.143733 327544.0
2025-04-21 22:48:36 INFO     800 10860 8.348586 327544.0
2025-04-21 22:48:37 INFO     900 10860 7.998702 327544.0
2025-04-21 22:48:39 INFO     1000 10860 7.841377 327544.0
2025-04-21 22:48:41 INFO     1100 10860 8.371285 327544.0
2025-04-21 22:48:43 INFO     1200 10860 7.770534 325906.3
2025-04-21 22:48:45 INFO     1300 10860 7.813048 327544.0
2025-04-21 22:48:46 INFO     1400 10860 8.017262 327544.0
2025-04-21 22:48:48 INFO     1500 10860 7.569492 324678.0
2025-04-21 22:48:50 INFO     1600 10860 7.682682 327544.0
2025-04-21 22:48:52 INFO     1700 10860 7.914479 327544.0
2025-04-21 22:48:54 INFO     1800 10860 7.491787 327544.0
2025-04-21 22:48:55 INFO     1900 10860 7.503193 327544.0
2025-04-21 22:48:57 INFO     2000 10860 7.515705 327544.0
2025-04-21 22:48:59 INFO     2100 10860 7.290203 327544.0
2025-04-21 22:49:01 INFO     2200 10860 7.834168 327544.0
2025-04-21 22:49:03 INFO     2300 10860 7.192875 327544.0
2025-04-21 22:49:04 INFO     2400 10860 7.212318 327544.0
2025-04-21 22:49:06 INFO     2500 10860 7.106316 327544.0
2025-04-21 22:49:08 INFO     2600 10860 6.804667 327544.0
2025-04-21 22:49:10 INFO     2700 10860 7.115758 327544.0
2025-04-21 22:49:12 INFO     2800 10860 7.320149 327544.0
2025-04-21 22:49:13 INFO     2900 10860 7.067542 327544.0
2025-04-21 22:49:15 INFO     3000 10860 7.187736 327544.0
2025-04-21 22:49:17 INFO     3100 10860 7.222061 327544.0
2025-04-21 22:49:19 INFO     3200 10860 7.087038 327544.0
2025-04-21 22:49:21 INFO     3300 10860 7.237062 327544.0
2025-04-21 22:49:22 INFO     3400 10860 7.017264 327544.0
2025-04-21 22:49:24 INFO     3500 10860 7.270431 327544.0
2025-04-21 22:49:26 INFO     3600 10860 7.045109 327544.0
2025-04-21 22:49:28 INFO     3700 10860 7.020127 327544.0
2025-04-21 22:49:30 INFO     3800 10860 7.157431 327544.0
2025-04-21 22:49:31 INFO     3900 10860 7.055229 325906.3
2025-04-21 22:49:33 INFO     4000 10860 7.161954 325496.8
2025-04-21 22:49:35 INFO     4100 10860 7.342409 325496.8
2025-04-21 22:49:37 INFO     4200 10860 6.880392 327544.0
2025-04-21 22:49:39 INFO     4300 10860 6.679861 327544.0
2025-04-21 22:49:40 INFO     4400 10860 6.929687 327544.0
2025-04-21 22:49:42 INFO     4500 10860 7.132276 327544.0
2025-04-21 22:49:44 INFO     4600 10860 7.022466 327544.0
2025-04-21 22:49:46 INFO     4700 10860 7.224367 325087.4
2025-04-21 22:49:48 INFO     4800 10860 6.641489 327544.0
2025-04-21 22:49:49 INFO     4900 10860 6.659139 327544.0
2025-04-21 22:49:51 INFO     5000 10860 6.801473 327544.0
2025-04-21 22:49:53 INFO     5100 10860 6.658379 327544.0
2025-04-21 22:49:55 INFO     5200 10860 6.563115 327544.0
2025-04-21 22:49:57 INFO     5300 10860 6.788662 325087.4
2025-04-21 22:49:58 INFO     5400 10860 6.975683 327544.0
2025-04-21 22:50:00 INFO     5500 10860 6.765422 327544.0
2025-04-21 22:50:02 INFO     5600 10860 6.576858 327544.0
2025-04-21 22:50:04 INFO     5700 10860 6.888831 327544.0
2025-04-21 22:50:06 INFO     5800 10860 7.015045 327544.0
2025-04-21 22:50:07 INFO     5900 10860 6.637771 327544.0
2025-04-21 22:50:09 INFO     6000 10860 6.566382 327544.0
2025-04-21 22:50:11 INFO     6100 10860 6.531060 327544.0
2025-04-21 22:50:13 INFO     6200 10860 6.389059 327544.0
2025-04-21 22:50:14 INFO     6300 10860 6.544819 327544.0
2025-04-21 22:50:16 INFO     6400 10860 6.810498 327544.0
2025-04-21 22:50:18 INFO     6500 10860 6.303145 327544.0
2025-04-21 22:50:20 INFO     6600 10860 6.461849 327544.0
2025-04-21 22:50:22 INFO     6700 10860 6.659252 327544.0
2025-04-21 22:50:23 INFO     6800 10860 6.605119 327544.0
2025-04-21 22:50:25 INFO     6900 10860 6.141871 327544.0
2025-04-21 22:50:27 INFO     7000 10860 6.502380 327544.0
2025-04-21 22:50:29 INFO     7100 10860 6.123981 327544.0
2025-04-21 22:50:31 INFO     7200 10860 6.373416 327544.0
2025-04-21 22:50:32 INFO     7300 10860 6.772324 327544.0
2025-04-21 22:50:34 INFO     7400 10860 6.206937 327544.0
2025-04-21 22:50:36 INFO     7500 10860 6.567191 327544.0
2025-04-21 22:50:38 INFO     7600 10860 6.528411 327544.0
2025-04-21 22:50:40 INFO     7700 10860 6.825559 327544.0
2025-04-21 22:50:41 INFO     7800 10860 6.342825 325906.3
2025-04-21 22:50:43 INFO     7900 10860 6.132191 327544.0
2025-04-21 22:50:45 INFO     8000 10860 6.207581 327544.0
2025-04-21 22:50:47 INFO     8100 10860 6.190143 327544.0
2025-04-21 22:50:48 INFO     8200 10860 6.064678 327544.0
2025-04-21 22:50:50 INFO     8300 10860 6.354053 327544.0
2025-04-21 22:50:52 INFO     8400 10860 6.457732 327544.0
2025-04-21 22:50:54 INFO     8500 10860 6.292731 327544.0
2025-04-21 22:50:56 INFO     8600 10860 6.164365 327544.0
2025-04-21 22:50:57 INFO     8700 10860 6.247600 327544.0
2025-04-21 22:50:59 INFO     8800 10860 6.231851 327544.0
2025-04-21 22:51:01 INFO     8900 10860 6.231525 327544.0
2025-04-21 22:51:03 INFO     9000 10860 6.538239 327544.0
2025-04-21 22:51:05 INFO     9100 10860 5.969378 327544.0
2025-04-21 22:51:06 INFO     9200 10860 6.554635 327544.0
2025-04-21 22:51:08 INFO     9300 10860 6.099206 327544.0
2025-04-21 22:51:10 INFO     9400 10860 6.311598 327544.0
2025-04-21 22:51:12 INFO     9500 10860 6.553142 327544.0
2025-04-21 22:51:14 INFO     9600 10860 5.873606 327544.0
2025-04-21 22:51:15 INFO     9700 10860 6.235207 327544.0
2025-04-21 22:51:17 INFO     9800 10860 6.212023 327544.0
2025-04-21 22:51:19 INFO     9900 10860 5.821001 327544.0
2025-04-21 22:51:21 INFO     10000 10860 6.347045 327544.0
2025-04-21 22:51:21 INFO     >>>>> Predictor: Evaluating on valid
2025-04-21 22:51:26 INFO     Data : 6068
2025-04-21 22:51:26 INFO     Hit1 : 0.381510
2025-04-21 22:51:26 INFO     Hit3 : 0.405735
2025-04-21 22:51:26 INFO     Hit10: 0.416447
2025-04-21 22:51:26 INFO     MR   : 9784.063612
2025-04-21 22:51:26 INFO     MRR  : 0.396477
2025-04-21 22:51:26 INFO     >>>>> Predictor: Evaluating on test
2025-04-21 22:51:31 INFO     Data : 6268
2025-04-21 22:51:31 INFO     Hit1 : 0.392470
2025-04-21 22:51:31 INFO     Hit3 : 0.406988
2025-04-21 22:51:31 INFO     Hit10: 0.417358
2025-04-21 22:51:31 INFO     MR   : 9960.223756
2025-04-21 22:51:31 INFO     MRR  : 0.402943
2025-04-21 22:51:31 INFO     >>>>> Predictor: Computing H scores of rules
2025-04-21 22:51:45 INFO     1000 10860
2025-04-21 22:52:00 INFO     2000 10860
2025-04-21 22:52:15 INFO     3000 10860
2025-04-21 22:52:30 INFO     4000 10860
2025-04-21 22:52:44 INFO     5000 10860
2025-04-21 22:52:59 INFO     6000 10860
2025-04-21 22:53:13 INFO     7000 10860
2025-04-21 22:53:28 INFO     8000 10860
2025-04-21 22:53:43 INFO     9000 10860
2025-04-21 22:53:57 INFO     10000 10860
2025-04-21 22:54:12 INFO     >>>>> Generator: Training
2025-04-21 22:54:13 INFO     -------------------------
2025-04-21 22:54:13 INFO     | EM Iteration: 2/2
2025-04-21 22:54:13 INFO     -------------------------
2025-04-21 22:54:13 INFO     >>>>> Generator: Rule generation with sampling
2025-04-21 22:54:13 INFO     Predictor: read 459 rules from list.
2025-04-21 22:54:13 INFO     Preprocess training set
2025-04-21 22:54:13 INFO     >>>>> Predictor: Training
2025-04-21 22:54:15 INFO     100 10860 10.376231 327544.0
2025-04-21 22:54:17 INFO     200 10860 9.988249 327544.0
2025-04-21 22:54:19 INFO     300 10860 9.740994 325906.3
2025-04-21 22:54:21 INFO     400 10860 9.296752 327544.0
2025-04-21 22:54:23 INFO     500 10860 9.004815 327544.0
2025-04-21 22:54:24 INFO     600 10860 8.977406 327544.0
2025-04-21 22:54:26 INFO     700 10860 9.047650 327544.0
2025-04-21 22:54:28 INFO     800 10860 8.744984 327544.0
2025-04-21 22:54:30 INFO     900 10860 8.391052 327544.0
2025-04-21 22:54:32 INFO     1000 10860 8.901153 327544.0
2025-04-21 22:54:34 INFO     1100 10860 8.345688 325496.8
2025-04-21 22:54:36 INFO     1200 10860 8.629796 327544.0
2025-04-21 22:54:37 INFO     1300 10860 8.526781 327544.0
2025-04-21 22:54:39 INFO     1400 10860 8.232963 327544.0
2025-04-21 22:54:41 INFO     1500 10860 8.207221 327544.0
2025-04-21 22:54:43 INFO     1600 10860 8.591838 324678.0
2025-04-21 22:54:45 INFO     1700 10860 8.550250 327544.0
2025-04-21 22:54:47 INFO     1800 10860 8.560050 327544.0
2025-04-21 22:54:49 INFO     1900 10860 8.508924 327544.0
2025-04-21 22:54:50 INFO     2000 10860 8.101994 327544.0
2025-04-21 22:54:52 INFO     2100 10860 8.242904 327544.0
2025-04-21 22:54:54 INFO     2200 10860 7.986989 327544.0
2025-04-21 22:54:56 INFO     2300 10860 8.185726 327544.0
2025-04-21 22:54:58 INFO     2400 10860 8.447416 327544.0
2025-04-21 22:55:00 INFO     2500 10860 8.067167 327544.0
2025-04-21 22:55:01 INFO     2600 10860 7.874659 327544.0
2025-04-21 22:55:03 INFO     2700 10860 7.982370 325906.3
2025-04-21 22:55:05 INFO     2800 10860 8.240933 327544.0
2025-04-21 22:55:07 INFO     2900 10860 7.948820 327544.0
2025-04-21 22:55:09 INFO     3000 10860 8.241194 327544.0
2025-04-21 22:55:11 INFO     3100 10860 7.814828 327544.0
2025-04-21 22:55:12 INFO     3200 10860 7.946731 327544.0
2025-04-21 22:55:14 INFO     3300 10860 8.115194 327544.0
2025-04-21 22:55:16 INFO     3400 10860 8.120717 327544.0
2025-04-21 22:55:18 INFO     3500 10860 7.977672 327544.0
2025-04-21 22:55:20 INFO     3600 10860 8.185590 327544.0
2025-04-21 22:55:22 INFO     3700 10860 7.671507 327544.0
2025-04-21 22:55:23 INFO     3800 10860 7.848283 327544.0
2025-04-21 22:55:25 INFO     3900 10860 7.845765 327544.0
2025-04-21 22:55:27 INFO     4000 10860 8.008180 327544.0
2025-04-21 22:55:29 INFO     4100 10860 7.581246 327544.0
2025-04-21 22:55:31 INFO     4200 10860 7.715219 325906.3
2025-04-21 22:55:33 INFO     4300 10860 8.030988 327544.0
2025-04-21 22:55:35 INFO     4400 10860 8.001401 327544.0
2025-04-21 22:55:36 INFO     4500 10860 7.897827 327544.0
2025-04-21 22:55:38 INFO     4600 10860 7.942075 327544.0
2025-04-21 22:55:40 INFO     4700 10860 7.629399 327544.0
2025-04-21 22:55:42 INFO     4800 10860 7.292829 327544.0
2025-04-21 22:55:44 INFO     4900 10860 7.760700 327544.0
2025-04-21 22:55:46 INFO     5000 10860 7.535406 327544.0
2025-04-21 22:55:48 INFO     5100 10860 7.291403 327544.0
2025-04-21 22:55:49 INFO     5200 10860 8.295168 327544.0
2025-04-21 22:55:51 INFO     5300 10860 6.778958 327544.0
2025-04-21 22:55:53 INFO     5400 10860 7.284208 327544.0
2025-04-21 22:55:55 INFO     5500 10860 7.761843 327544.0
2025-04-21 22:55:57 INFO     5600 10860 7.307833 327544.0
2025-04-21 22:55:59 INFO     5700 10860 7.372827 327544.0
2025-04-21 22:56:01 INFO     5800 10860 7.374959 326315.7
2025-04-21 22:56:02 INFO     5900 10860 7.659432 325496.8
2025-04-21 22:56:04 INFO     6000 10860 7.949024 327544.0
2025-04-21 22:56:06 INFO     6100 10860 6.969235 327544.0
2025-04-21 22:56:08 INFO     6200 10860 7.817884 327544.0
2025-04-21 22:56:10 INFO     6300 10860 7.270551 327544.0
2025-04-21 22:56:12 INFO     6400 10860 7.473594 327544.0
2025-04-21 22:56:13 INFO     6500 10860 6.915620 327544.0
2025-04-21 22:56:15 INFO     6600 10860 7.149916 327544.0
2025-04-21 22:56:17 INFO     6700 10860 7.309962 327544.0
2025-04-21 22:56:19 INFO     6800 10860 7.437734 327544.0
2025-04-21 22:56:21 INFO     6900 10860 7.482562 327544.0
2025-04-21 22:56:23 INFO     7000 10860 7.404745 327544.0
2025-04-21 22:56:25 INFO     7100 10860 7.262691 327544.0
2025-04-21 22:56:27 INFO     7200 10860 7.971652 327544.0
2025-04-21 22:56:28 INFO     7300 10860 7.319991 327544.0
2025-04-21 22:56:30 INFO     7400 10860 7.345164 327544.0
2025-04-21 22:56:32 INFO     7500 10860 6.798754 327544.0
2025-04-21 22:56:34 INFO     7600 10860 7.613133 327544.0
2025-04-21 22:56:36 INFO     7700 10860 7.168171 327544.0
2025-04-21 22:56:38 INFO     7800 10860 7.599158 327544.0
2025-04-21 22:56:40 INFO     7900 10860 7.555000 327544.0
2025-04-21 22:56:41 INFO     8000 10860 7.022437 327544.0
2025-04-21 22:56:43 INFO     8100 10860 7.227510 327544.0
2025-04-21 22:56:45 INFO     8200 10860 6.938944 327544.0
2025-04-21 22:56:47 INFO     8300 10860 7.430787 327544.0
2025-04-21 22:56:49 INFO     8400 10860 7.879395 327544.0
2025-04-21 22:56:51 INFO     8500 10860 7.500721 327544.0
2025-04-21 22:56:52 INFO     8600 10860 7.348908 327544.0
2025-04-21 22:56:54 INFO     8700 10860 7.517325 327544.0
2025-04-21 22:56:56 INFO     8800 10860 6.856922 327544.0
2025-04-21 22:56:58 INFO     8900 10860 7.429168 327544.0
2025-04-21 22:57:00 INFO     9000 10860 7.245537 327544.0
2025-04-21 22:57:02 INFO     9100 10860 7.411477 327544.0
2025-04-21 22:57:04 INFO     9200 10860 6.809062 327544.0
2025-04-21 22:57:05 INFO     9300 10860 7.649209 327544.0
2025-04-21 22:57:07 INFO     9400 10860 7.440483 327544.0
2025-04-21 22:57:09 INFO     9500 10860 7.190364 327544.0
2025-04-21 22:57:11 INFO     9600 10860 7.001052 327544.0
2025-04-21 22:57:13 INFO     9700 10860 6.907110 327544.0
2025-04-21 22:57:15 INFO     9800 10860 7.259228 327544.0
2025-04-21 22:57:17 INFO     9900 10860 7.281246 327544.0
2025-04-21 22:57:18 INFO     10000 10860 7.312700 327544.0
2025-04-21 22:57:18 INFO     >>>>> Predictor: Evaluating on valid
2025-04-21 22:57:23 INFO     Data : 6068
2025-04-21 22:57:23 INFO     Hit1 : 0.361239
2025-04-21 22:57:23 INFO     Hit3 : 0.390079
2025-04-21 22:57:23 INFO     Hit10: 0.402933
2025-04-21 22:57:23 INFO     MR   : 10196.136289
2025-04-21 22:57:23 INFO     MRR  : 0.379142
2025-04-21 22:57:23 INFO     >>>>> Predictor: Evaluating on test
2025-04-21 22:57:28 INFO     Data : 6268
2025-04-21 22:57:28 INFO     Hit1 : 0.368858
2025-04-21 22:57:28 INFO     Hit3 : 0.392470
2025-04-21 22:57:28 INFO     Hit10: 0.406828
2025-04-21 22:57:28 INFO     MR   : 10313.383695
2025-04-21 22:57:28 INFO     MRR  : 0.384035
2025-04-21 22:57:28 INFO     >>>>> Predictor: Computing H scores of rules
2025-04-21 22:57:43 INFO     1000 10860
2025-04-21 22:57:58 INFO     2000 10860
2025-04-21 22:58:13 INFO     3000 10860
2025-04-21 22:58:28 INFO     4000 10860
2025-04-21 22:58:43 INFO     5000 10860
2025-04-21 22:58:58 INFO     6000 10860
2025-04-21 22:59:13 INFO     7000 10860
2025-04-21 22:59:28 INFO     8000 10860
2025-04-21 22:59:43 INFO     9000 10860
2025-04-21 22:59:59 INFO     10000 10860
2025-04-21 23:00:13 INFO     >>>>> Generator: Training
2025-04-21 23:00:13 INFO     -------------------------
2025-04-21 23:00:13 INFO     | Post-train Generator
2025-04-21 23:00:13 INFO     -------------------------
2025-04-21 23:00:13 INFO     >>>>> Generator: Training
2025-04-21 23:00:18 INFO     [E1000] Total: 1.219205 | Main: 1.251364 | Aux: 0.596965
2025-04-21 23:00:18 INFO     -------------------------
2025-04-21 23:00:18 INFO     | Beam Search Best Rules
2025-04-21 23:00:18 INFO     -------------------------
2025-04-21 23:00:18 INFO     >>>>> Generator: Rule generation with beam search
2025-04-21 23:00:18 INFO     >>>>> Generator: Rule generation with beam search
2025-04-21 23:00:19 INFO     >>>>> Generator: Rule generation with beam search
2025-04-21 23:00:21 INFO     >>>>> Generator: Rule generation with beam search
2025-04-21 23:00:23 INFO     >>>>> Generator: Rule generation with beam search
2025-04-21 23:00:25 INFO     -------------------------
2025-04-21 23:00:25 INFO     | Train Final Predictor+
2025-04-21 23:00:25 INFO     -------------------------
2025-04-21 23:00:25 INFO     Predictor+: read 3586 rules from list.
2025-04-21 23:00:25 INFO     Preprocess training set
2025-04-21 23:00:25 INFO     -------------------------
2025-04-21 23:00:25 INFO     | Iteration: 1/1
2025-04-21 23:00:25 INFO     -------------------------
2025-04-21 23:00:25 INFO     >>>>> Predictor: Training
2025-04-21 23:00:33 INFO     100 10860 5.616157 327544.0
2025-04-21 23:00:41 INFO     200 10860 4.864495 327544.0
2025-04-21 23:00:49 INFO     300 10860 5.406509 324678.0
2025-04-21 23:00:57 INFO     400 10860 4.949945 327544.0
2025-04-21 23:01:05 INFO     500 10860 4.669056 327544.0
2025-04-21 23:01:13 INFO     600 10860 5.182790 327544.0
2025-04-21 23:01:21 INFO     700 10860 4.973257 327544.0
2025-04-21 23:01:29 INFO     800 10860 4.918759 327544.0
2025-04-21 23:01:37 INFO     900 10860 5.082292 327544.0
2025-04-21 23:01:45 INFO     1000 10860 5.248779 327544.0
2025-04-21 23:01:54 INFO     1100 10860 4.939516 327544.0
2025-04-21 23:02:01 INFO     1200 10860 5.330654 327544.0
2025-04-21 23:02:09 INFO     1300 10860 5.300640 327544.0
2025-04-21 23:02:17 INFO     1400 10860 5.237950 327544.0
2025-04-21 23:02:26 INFO     1500 10860 5.117600 327544.0
2025-04-21 23:02:34 INFO     1600 10860 4.616202 325496.8
2025-04-21 23:02:42 INFO     1700 10860 4.909038 327544.0
2025-04-21 23:02:50 INFO     1800 10860 4.914912 327544.0
2025-04-21 23:02:58 INFO     1900 10860 4.406179 327544.0
2025-04-21 23:03:06 INFO     2000 10860 4.879365 327544.0
2025-04-21 23:03:14 INFO     2100 10860 4.531664 327544.0
2025-04-21 23:03:22 INFO     2200 10860 4.748137 327544.0
2025-04-21 23:03:30 INFO     2300 10860 4.499452 327544.0
2025-04-21 23:03:38 INFO     2400 10860 4.727724 327544.0
2025-04-21 23:03:46 INFO     2500 10860 4.269970 327544.0
2025-04-21 23:03:54 INFO     2600 10860 4.762244 327544.0
2025-04-21 23:04:02 INFO     2700 10860 4.734248 327544.0
2025-04-21 23:04:10 INFO     2800 10860 5.005753 327544.0
2025-04-21 23:04:18 INFO     2900 10860 5.323513 325906.3
2025-04-21 23:04:26 INFO     3000 10860 4.872360 327544.0
2025-04-21 23:04:35 INFO     3100 10860 5.092765 327544.0
2025-04-21 23:04:43 INFO     3200 10860 4.232215 327544.0
2025-04-21 23:04:51 INFO     3300 10860 4.469750 327544.0
2025-04-21 23:04:59 INFO     3400 10860 3.951694 327544.0
2025-04-21 23:05:07 INFO     3500 10860 5.008381 327544.0
2025-04-21 23:05:15 INFO     3600 10860 4.299242 327544.0
2025-04-21 23:05:23 INFO     3700 10860 4.852357 327544.0
2025-04-21 23:05:31 INFO     3800 10860 5.207394 327544.0
2025-04-21 23:05:39 INFO     3900 10860 5.054756 327544.0
2025-04-21 23:05:48 INFO     4000 10860 4.552976 327544.0
2025-04-21 23:05:56 INFO     4100 10860 4.580939 327544.0
2025-04-21 23:06:04 INFO     4200 10860 4.711319 327544.0
2025-04-21 23:06:12 INFO     4300 10860 4.861096 327544.0
2025-04-21 23:06:20 INFO     4400 10860 5.227867 327544.0
2025-04-21 23:06:28 INFO     4500 10860 4.933527 327544.0
2025-04-21 23:06:36 INFO     4600 10860 4.540563 327544.0
2025-04-21 23:06:44 INFO     4700 10860 5.128879 325087.4
2025-04-21 23:06:52 INFO     4800 10860 4.312026 327544.0
2025-04-21 23:07:01 INFO     4900 10860 4.747674 327544.0
2025-04-21 23:07:09 INFO     5000 10860 4.735230 327544.0
2025-04-21 23:07:17 INFO     5100 10860 5.007546 327544.0
2025-04-21 23:07:25 INFO     5200 10860 4.713963 327544.0
2025-04-21 23:07:33 INFO     5300 10860 5.130412 327544.0
2025-04-21 23:07:41 INFO     5400 10860 5.101042 327544.0
2025-04-21 23:07:49 INFO     5500 10860 4.529734 327544.0
2025-04-21 23:07:58 INFO     5600 10860 4.838735 327544.0
2025-04-21 23:08:06 INFO     5700 10860 3.996341 327544.0
2025-04-21 23:08:14 INFO     5800 10860 4.624799 327544.0
2025-04-21 23:08:22 INFO     5900 10860 4.456614 327544.0
2025-04-21 23:08:30 INFO     6000 10860 5.316689 327544.0
2025-04-21 23:08:38 INFO     6100 10860 5.041274 325087.4
2025-04-21 23:08:46 INFO     6200 10860 4.749835 327544.0
2025-04-21 23:08:54 INFO     6300 10860 4.651813 327544.0
2025-04-21 23:09:03 INFO     6400 10860 4.860917 327544.0
2025-04-21 23:09:11 INFO     6500 10860 4.821513 327544.0
2025-04-21 23:09:19 INFO     6600 10860 4.401293 327544.0
2025-04-21 23:09:27 INFO     6700 10860 4.680936 327544.0
2025-04-21 23:09:35 INFO     6800 10860 4.330579 327544.0
2025-04-21 23:09:43 INFO     6900 10860 4.557650 325496.8
2025-04-21 23:09:51 INFO     7000 10860 4.603458 327544.0
2025-04-21 23:09:59 INFO     7100 10860 4.612274 327544.0
2025-04-21 23:10:07 INFO     7200 10860 4.836798 327544.0
2025-04-21 23:10:15 INFO     7300 10860 4.633603 327544.0
2025-04-21 23:10:23 INFO     7400 10860 4.067332 326315.7
2025-04-21 23:10:31 INFO     7500 10860 5.098884 325496.8
2025-04-21 23:10:40 INFO     7600 10860 4.631641 327544.0
2025-04-21 23:10:48 INFO     7700 10860 5.001314 327544.0
2025-04-21 23:10:56 INFO     7800 10860 4.982448 327544.0
2025-04-21 23:11:04 INFO     7900 10860 4.847185 327544.0
2025-04-21 23:11:12 INFO     8000 10860 4.731646 327544.0
2025-04-21 23:11:20 INFO     8100 10860 5.257184 327544.0
2025-04-21 23:11:28 INFO     8200 10860 4.548959 327544.0
2025-04-21 23:11:37 INFO     8300 10860 4.695191 327544.0
2025-04-21 23:11:45 INFO     8400 10860 4.520416 327544.0
2025-04-21 23:11:53 INFO     8500 10860 4.709823 327544.0
2025-04-21 23:12:01 INFO     8600 10860 4.975770 327544.0
2025-04-21 23:12:09 INFO     8700 10860 5.240507 327544.0
2025-04-21 23:12:17 INFO     8800 10860 4.691552 327544.0
2025-04-21 23:12:25 INFO     8900 10860 4.977398 327544.0
2025-04-21 23:12:33 INFO     9000 10860 4.746021 327544.0
2025-04-21 23:12:41 INFO     9100 10860 4.932415 327544.0
2025-04-21 23:12:49 INFO     9200 10860 4.553936 327544.0
2025-04-21 23:12:57 INFO     9300 10860 4.485814 327544.0
2025-04-21 23:13:06 INFO     9400 10860 4.469443 327544.0
2025-04-21 23:13:14 INFO     9500 10860 4.629683 327544.0
2025-04-21 23:13:22 INFO     9600 10860 4.845122 327544.0
2025-04-21 23:13:30 INFO     9700 10860 4.802160 327544.0
2025-04-21 23:13:38 INFO     9800 10860 4.519570 327544.0
2025-04-21 23:13:46 INFO     9900 10860 4.926672 327544.0
2025-04-21 23:13:54 INFO     10000 10860 4.145980 327544.0
2025-04-21 23:13:54 INFO     >>>>> Predictor: Evaluating on valid
2025-04-21 23:14:21 INFO     Data : 6068
2025-04-21 23:14:21 INFO     Hit1 : 0.415129
2025-04-21 23:14:21 INFO     Hit3 : 0.449407
2025-04-21 23:14:21 INFO     Hit10: 0.480719
2025-04-21 23:14:21 INFO     MR   : 7955.184657
2025-04-21 23:14:21 INFO     MRR  : 0.438887
2025-04-21 23:14:21 INFO     >>>>> Predictor: Evaluating on test
2025-04-21 23:14:49 INFO     Data : 6268
2025-04-21 23:14:49 INFO     Hit1 : 0.423740
2025-04-21 23:14:49 INFO     Hit3 : 0.453095
2025-04-21 23:14:49 INFO     Hit10: 0.487396
2025-04-21 23:14:49 INFO     MR   : 7905.264917
2025-04-21 23:14:49 INFO     MRR  : 0.445320
2025-04-21 23:14:49 INFO     Save checkpoint to wn18rr/multitask_lexname_warmup_mid/predictor.pt
2025-04-21 23:14:49 INFO     -------------------------
2025-04-21 23:14:49 INFO     | Final Test MRR: 0.445320
2025-04-21 23:14:49 INFO     -------------------------
