2025-04-18 03:18:01 INFO     Predictor: read 176 rules from list.
2025-04-18 03:20:11 INFO     Predictor+: read 20306 rules from list.
-------------------------
2025-04-18 03:17:08 INFO     >>>>> Generator: Training
2025-04-18 03:17:14 INFO     1000 10000 1.487746
2025-04-18 03:17:19 INFO     2000 10000 1.380755
2025-04-18 03:17:24 INFO     3000 10000 1.363995
2025-04-18 03:17:30 INFO     4000 10000 1.342313
2025-04-18 03:17:35 INFO     5000 10000 1.342588
2025-04-18 03:17:40 INFO     6000 10000 1.339058
2025-04-18 03:17:45 INFO     7000 10000 1.339001
2025-04-18 03:17:51 INFO     8000 10000 1.335708
2025-04-18 03:17:56 INFO     9000 10000 1.326666
2025-04-18 03:18:01 INFO     10000 10000 1.320944
2025-04-18 03:18:01 INFO     -------------------------
2025-04-18 03:18:01 INFO     | EM Iteration: 1/1
2025-04-18 03:18:01 INFO     -------------------------
2025-04-18 03:18:01 INFO     >>>>> Generator: Rule generation with sampling
2025-04-18 03:18:01 INFO     Predictor: read 176 rules from list.
2025-04-18 03:18:01 INFO     Initializing distributed process group
2025-04-18 03:18:01 INFO     Preprocess training set
2025-04-18 03:18:01 INFO     >>>>> Predictor: Training
2025-04-18 03:18:03 INFO     100 10860 10.413682 327544.0
2025-04-18 03:18:04 INFO     200 10860 10.094825 327544.0
2025-04-18 03:18:05 INFO     300 10860 9.778197 327544.0
2025-04-18 03:18:06 INFO     400 10860 9.614123 327544.0
2025-04-18 03:18:06 INFO     500 10860 9.541447 327544.0
2025-04-18 03:18:07 INFO     600 10860 9.171076 327544.0
2025-04-18 03:18:08 INFO     700 10860 8.831852 327544.0
2025-04-18 03:18:09 INFO     800 10860 9.026534 327544.0
2025-04-18 03:18:10 INFO     900 10860 8.741009 327544.0
2025-04-18 03:18:11 INFO     1000 10860 8.560271 327544.0
2025-04-18 03:18:11 INFO     >>>>> Predictor: Evaluating on valid
2025-04-18 03:18:14 INFO     Data : 6068
2025-04-18 03:18:14 INFO     Hit1 : 0.354318
2025-04-18 03:18:14 INFO     Hit3 : 0.380164
2025-04-18 03:18:14 INFO     Hit10: 0.399517
2025-04-18 03:18:14 INFO     MR   : 11030.428972
2025-04-18 03:18:14 INFO     MRR  : 0.371474
2025-04-18 03:18:14 INFO     >>>>> Predictor: Evaluating on test
2025-04-18 03:18:18 INFO     Data : 6268
2025-04-18 03:18:18 INFO     Hit1 : 0.362077
2025-04-18 03:18:18 INFO     Hit3 : 0.380770
2025-04-18 03:18:18 INFO     Hit10: 0.401776
2025-04-18 03:18:18 INFO     MR   : 11354.739949
2025-04-18 03:18:18 INFO     MRR  : 0.375691
2025-04-18 03:18:18 INFO     >>>>> Predictor: Computing H scores of rules
2025-04-18 03:18:24 INFO     1000 10860
2025-04-18 03:18:31 INFO     2000 10860
2025-04-18 03:18:38 INFO     3000 10860
2025-04-18 03:18:44 INFO     4000 10860
2025-04-18 03:18:51 INFO     5000 10860
2025-04-18 03:18:58 INFO     6000 10860
2025-04-18 03:19:04 INFO     7000 10860
2025-04-18 03:19:11 INFO     8000 10860
2025-04-18 03:19:17 INFO     9000 10860
2025-04-18 03:19:24 INFO     10000 10860
2025-04-18 03:19:33 INFO     >>>>> Generator: Training
2025-04-18 03:19:33 INFO     -------------------------
2025-04-18 03:19:33 INFO     | Post-train Generator
2025-04-18 03:19:33 INFO     -------------------------
2025-04-18 03:19:33 INFO     >>>>> Generator: Training
2025-04-18 03:19:37 INFO     1000 1000 -33.771141
2025-04-18 03:19:37 INFO     -------------------------
2025-04-18 03:19:37 INFO     | Beam Search Best Rules
2025-04-18 03:19:37 INFO     -------------------------
2025-04-18 03:19:37 INFO     >>>>> Generator: Rule generation with beam search
2025-04-18 03:19:38 INFO     >>>>> Generator: Rule generation with beam search
2025-04-18 03:19:39 INFO     >>>>> Generator: Rule generation with beam search
2025-04-18 03:19:55 INFO     >>>>> Generator: Rule generation with beam search
2025-04-18 03:20:05 INFO     >>>>> Generator: Rule generation with beam search
2025-04-18 03:20:11 INFO     -------------------------
2025-04-18 03:20:11 INFO     | Train Final Predictor+
2025-04-18 03:20:11 INFO     -------------------------
2025-04-18 03:20:11 INFO     Predictor+: read 20306 rules from list.
2025-04-18 03:20:11 INFO     Preprocess training set
2025-04-18 03:20:11 INFO     -------------------------
2025-04-18 03:20:11 INFO     | Iteration: 1/1
2025-04-18 03:20:11 INFO     -------------------------
2025-04-18 03:20:11 INFO     >>>>> Predictor: Training
2025-04-18 03:20:57 INFO     100 10860 6.084802 327544.0
2025-04-18 03:21:43 INFO     200 10860 4.493102 327544.0
2025-04-18 03:22:29 INFO     300 10860 4.249907 325906.3
2025-04-18 03:23:15 INFO     400 10860 4.895332 327544.0
2025-04-18 03:24:00 INFO     500 10860 4.478679 327544.0
2025-04-18 03:24:46 INFO     600 10860 4.575658 327544.0
2025-04-18 03:25:32 INFO     700 10860 4.947626 327544.0
2025-04-18 03:26:18 INFO     800 10860 4.673889 327544.0
2025-04-18 03:27:03 INFO     900 10860 4.337178 327544.0
2025-04-18 03:27:49 INFO     1000 10860 5.009862 327544.0
2025-04-18 03:27:49 INFO     >>>>> Predictor: Evaluating on valid
2025-04-18 03:30:28 INFO     Data : 6068
2025-04-18 03:30:28 INFO     Hit1 : 0.417353
2025-04-18 03:30:28 INFO     Hit3 : 0.463401
2025-04-18 03:30:28 INFO     Hit10: 0.511702
2025-04-18 03:30:28 INFO     MR   : 7766.796309
2025-04-18 03:30:28 INFO     MRR  : 0.449978
2025-04-18 03:30:28 INFO     >>>>> Predictor: Evaluating on test
2025-04-18 03:33:10 INFO     Data : 6268
2025-04-18 03:33:10 INFO     Hit1 : 0.431850
2025-04-18 03:33:10 INFO     Hit3 : 0.472732
2025-04-18 03:33:10 INFO     Hit10: 0.521724
2025-04-18 03:33:10 INFO     MR   : 7753.656589
2025-04-18 03:33:10 INFO     MRR  : 0.462000
2025-04-18 03:33:10 INFO     Save checkpoint to wn18rr/multitask_lexname_schedule/predictor.pt
2025-04-18 03:33:10 INFO     -------------------------
2025-04-18 03:33:10 INFO     | Final Test MRR: 0.462000
2025-04-18 03:33:10 INFO     -------------------------
