2025-07-09 22:27:38 INFO     is_soft_label: False
2025-07-09 22:27:38 INFO     is_scheduled_sampling: False
2025-07-09 22:27:38 INFO     is_test_mode: False
2025-07-09 22:27:38 INFO     Data loading | DONE!
2025-07-09 22:27:39 INFO     Using full datasets for training, validation, and testing.
2025-07-09 22:27:39 INFO     -------------------------
2025-07-09 22:27:39 INFO     | EM Iteration: 1/5
2025-07-09 22:27:39 INFO     -------------------------
2025-07-09 22:27:39 INFO     >>>>> Using miner's rule
2025-07-09 22:27:39 INFO     Predictor: read 13661 rules from list.
2025-07-09 22:27:40 INFO     Preprocess training set
2025-07-09 22:27:40 INFO     >>>>> Predictor: Evaluating on valid
2025-07-09 22:29:58 INFO     Data : 2077
2025-07-09 22:29:58 INFO     Hit1 : 0.065479
2025-07-09 22:29:58 INFO     Hit3 : 0.127106
2025-07-09 22:29:58 INFO     Hit10: 0.199326
2025-07-09 22:29:58 INFO     MR   : 1120.902022
2025-07-09 22:29:58 INFO     MRR  : 0.114382
2025-07-09 22:29:58 INFO     >>>>> Predictor: Evaluating on test
2025-07-09 22:32:31 INFO     Data : 2342
2025-07-09 22:32:31 INFO     Hit1 : 0.078992
2025-07-09 22:32:31 INFO     Hit3 : 0.124253
2025-07-09 22:32:31 INFO     Hit10: 0.208796
2025-07-09 22:32:31 INFO     MR   : 1044.269001
2025-07-09 22:32:31 INFO     MRR  : 0.122250
2025-07-09 22:32:31 INFO     >>>>> Predictor: Computing H scores of rules
2025-07-09 23:07:29 INFO     1000 5959
2025-07-09 23:43:03 INFO     2000 5959
2025-07-10 00:18:15 INFO     3000 5959
2025-07-10 00:53:41 INFO     4000 5959
2025-07-10 01:28:56 INFO     5000 5959
2025-07-10 02:05:00 INFO     >>>>> Generator: Training
2025-07-10 02:05:09 INFO     -------------------------
2025-07-10 02:05:09 INFO     | EM Iteration: 2/5
2025-07-10 02:05:09 INFO     -------------------------
2025-07-10 02:05:09 INFO     >>>>> Using Generator's sample rule
2025-07-10 02:05:09 INFO     >>>>> Generator: Rule generation with sampling
2025-07-10 02:05:09 INFO     Predictor: read 1912 rules from list.
2025-07-10 02:05:10 INFO     Preprocess training set
2025-07-10 02:05:10 INFO     >>>>> Predictor: Training
2025-07-10 02:06:17 INFO     1000 5959 8.777563 69314.6
2025-07-10 02:07:27 INFO     2000 5959 8.371464 69271.3
2025-07-10 02:08:34 INFO     3000 5959 8.153242 69245.2
2025-07-10 02:09:42 INFO     4000 5959 7.969263 69340.6
2025-07-10 02:10:51 INFO     5000 5959 7.793321 69340.6
2025-07-10 02:11:57 INFO     >>>>> Predictor: Evaluating on valid
2025-07-10 02:12:14 INFO     Data : 2077
2025-07-10 02:12:14 INFO     Hit1 : 0.018777
2025-07-10 02:12:14 INFO     Hit3 : 0.033702
2025-07-10 02:12:14 INFO     Hit10: 0.057294
2025-07-10 02:12:14 INFO     MR   : 1435.782378
2025-07-10 02:12:14 INFO     MRR  : 0.034306
2025-07-10 02:12:14 INFO     >>>>> Predictor: Evaluating on test
2025-07-10 02:12:33 INFO     Data : 2342
2025-07-10 02:12:33 INFO     Hit1 : 0.017506
2025-07-10 02:12:33 INFO     Hit3 : 0.033305
2025-07-10 02:12:33 INFO     Hit10: 0.061059
2025-07-10 02:12:33 INFO     MR   : 1332.336038
2025-07-10 02:12:33 INFO     MRR  : 0.034204
2025-07-10 02:12:33 INFO     >>>>> Predictor: Computing H scores of rules
2025-07-10 02:15:52 INFO     1000 5959
2025-07-10 02:19:12 INFO     2000 5959
2025-07-10 02:22:31 INFO     3000 5959
2025-07-10 02:25:51 INFO     4000 5959
2025-07-10 02:29:10 INFO     5000 5959
2025-07-10 02:32:24 INFO     >>>>> Generator: Training
2025-07-10 02:32:33 INFO     -------------------------
2025-07-10 02:32:33 INFO     | EM Iteration: 3/5
2025-07-10 02:32:33 INFO     -------------------------
2025-07-10 02:32:33 INFO     >>>>> Using Generator's sample rule
2025-07-10 02:32:33 INFO     >>>>> Generator: Rule generation with sampling
2025-07-10 02:32:33 INFO     Predictor: read 1916 rules from list.
2025-07-10 02:32:33 INFO     Preprocess training set
2025-07-10 02:32:33 INFO     >>>>> Predictor: Training
2025-07-10 02:33:42 INFO     1000 5959 8.801476 69332.0
2025-07-10 02:34:50 INFO     2000 5959 8.440751 69349.3
2025-07-10 02:35:58 INFO     3000 5959 8.214335 69184.5
2025-07-10 02:37:08 INFO     4000 5959 8.010395 69253.9
2025-07-10 02:38:17 INFO     5000 5959 7.912868 69332.0
2025-07-10 02:39:22 INFO     >>>>> Predictor: Evaluating on valid
2025-07-10 02:39:39 INFO     Data : 2077
2025-07-10 02:39:39 INFO     Hit1 : 0.013962
2025-07-10 02:39:39 INFO     Hit3 : 0.020703
2025-07-10 02:39:39 INFO     Hit10: 0.033221
2025-07-10 02:39:39 INFO     MR   : 1497.424410
2025-07-10 02:39:39 INFO     MRR  : 0.023734
2025-07-10 02:39:39 INFO     >>>>> Predictor: Evaluating on test
2025-07-10 02:39:58 INFO     Data : 2342
2025-07-10 02:39:58 INFO     Hit1 : 0.013237
2025-07-10 02:39:58 INFO     Hit3 : 0.018360
2025-07-10 02:39:58 INFO     Hit10: 0.028181
2025-07-10 02:39:58 INFO     MR   : 1380.473100
2025-07-10 02:39:58 INFO     MRR  : 0.022296
2025-07-10 02:39:58 INFO     >>>>> Predictor: Computing H scores of rules
2025-07-10 02:43:18 INFO     1000 5959
2025-07-10 02:46:38 INFO     2000 5959
2025-07-10 02:49:57 INFO     3000 5959
2025-07-10 02:53:16 INFO     4000 5959
2025-07-10 02:56:36 INFO     5000 5959
2025-07-10 02:59:50 INFO     >>>>> Generator: Training
2025-07-10 03:00:00 INFO     -------------------------
2025-07-10 03:00:00 INFO     | EM Iteration: 4/5
2025-07-10 03:00:00 INFO     -------------------------
2025-07-10 03:00:00 INFO     >>>>> Using Generator's sample rule
2025-07-10 03:00:00 INFO     >>>>> Generator: Rule generation with sampling
2025-07-10 03:00:00 INFO     Predictor: read 1941 rules from list.
2025-07-10 03:00:00 INFO     Preprocess training set
2025-07-10 03:00:00 INFO     >>>>> Predictor: Training
2025-07-10 03:01:07 INFO     1000 5959 8.788229 69271.3
2025-07-10 03:02:17 INFO     2000 5959 8.409160 69340.6
2025-07-10 03:03:25 INFO     3000 5959 8.146003 69384.0
2025-07-10 03:04:34 INFO     4000 5959 7.965456 69262.6
2025-07-10 03:05:44 INFO     5000 5959 7.809823 69332.0
2025-07-10 03:06:50 INFO     >>>>> Predictor: Evaluating on valid
2025-07-10 03:07:06 INFO     Data : 2077
2025-07-10 03:07:06 INFO     Hit1 : 0.009629
2025-07-10 03:07:06 INFO     Hit3 : 0.022147
2025-07-10 03:07:06 INFO     Hit10: 0.038517
2025-07-10 03:07:06 INFO     MR   : 1480.896485
2025-07-10 03:07:06 INFO     MRR  : 0.023832
2025-07-10 03:07:06 INFO     >>>>> Predictor: Evaluating on test
2025-07-10 03:07:24 INFO     Data : 2342
2025-07-10 03:07:24 INFO     Hit1 : 0.009821
2025-07-10 03:07:24 INFO     Hit3 : 0.018787
2025-07-10 03:07:24 INFO     Hit10: 0.039283
2025-07-10 03:07:24 INFO     MR   : 1372.745517
2025-07-10 03:07:24 INFO     MRR  : 0.022972
2025-07-10 03:07:24 INFO     >>>>> Predictor: Computing H scores of rules
2025-07-10 03:10:43 INFO     1000 5959
2025-07-10 03:14:03 INFO     2000 5959
2025-07-10 03:17:22 INFO     3000 5959
2025-07-10 03:20:40 INFO     4000 5959
2025-07-10 03:24:00 INFO     5000 5959
2025-07-10 03:27:15 INFO     >>>>> Generator: Training
2025-07-10 03:27:24 INFO     -------------------------
2025-07-10 03:27:24 INFO     | EM Iteration: 5/5
2025-07-10 03:27:24 INFO     -------------------------
2025-07-10 03:27:24 INFO     >>>>> Using Generator's sample rule
2025-07-10 03:27:24 INFO     >>>>> Generator: Rule generation with sampling
2025-07-10 03:27:24 INFO     Predictor: read 1964 rules from list.
2025-07-10 03:27:24 INFO     Preprocess training set
2025-07-10 03:27:24 INFO     >>>>> Predictor: Training
2025-07-10 03:28:33 INFO     1000 5959 8.829234 69332.0
2025-07-10 03:29:41 INFO     2000 5959 8.511628 69349.3
2025-07-10 03:30:49 INFO     3000 5959 8.318627 69340.6
2025-07-10 03:31:58 INFO     4000 5959 8.180989 69297.3
2025-07-10 03:33:06 INFO     5000 5959 8.077482 69219.2
2025-07-10 03:34:11 INFO     >>>>> Predictor: Evaluating on valid
2025-07-10 03:34:28 INFO     Data : 2077
2025-07-10 03:34:28 INFO     Hit1 : 0.028406
2025-07-10 03:34:28 INFO     Hit3 : 0.054405
2025-07-10 03:34:28 INFO     Hit10: 0.079923
2025-07-10 03:34:28 INFO     MR   : 1447.493019
2025-07-10 03:34:28 INFO     MRR  : 0.049663
2025-07-10 03:34:28 INFO     >>>>> Predictor: Evaluating on test
2025-07-10 03:34:46 INFO     Data : 2342
2025-07-10 03:34:46 INFO     Hit1 : 0.028181
2025-07-10 03:34:46 INFO     Hit3 : 0.053800
2025-07-10 03:34:46 INFO     Hit10: 0.078992
2025-07-10 03:34:46 INFO     MR   : 1342.234202
2025-07-10 03:34:46 INFO     MRR  : 0.050400
2025-07-10 03:34:47 INFO     >>>>> Predictor: Computing H scores of rules
2025-07-10 03:38:06 INFO     1000 5959
2025-07-10 03:41:26 INFO     2000 5959
2025-07-10 03:44:45 INFO     3000 5959
2025-07-10 03:48:05 INFO     4000 5959
2025-07-10 03:51:24 INFO     5000 5959
2025-07-10 03:54:38 INFO     >>>>> Generator: Training
2025-07-10 03:54:47 INFO     -------------------------
2025-07-10 03:54:47 INFO     | Post-train Generator
2025-07-10 03:54:47 INFO     -------------------------
2025-07-10 03:54:48 INFO     >>>>> Generator: Training
2025-07-10 03:56:21 INFO     [E01000] Total 3.142019 | Main 3.153684 | RelClus 2.122851 | EntType 2.980349
2025-07-10 03:56:21 INFO     -------------------------
2025-07-10 03:56:21 INFO     | Beam Search Best Rules
2025-07-10 03:56:21 INFO     -------------------------
2025-07-10 03:56:21 INFO     >>>>> Generator: Rule generation with beam search
2025-07-10 03:56:22 INFO     >>>>> Generator: Rule generation with beam search
2025-07-10 03:56:28 INFO     >>>>> Generator: Rule generation with beam search
2025-07-10 03:57:47 INFO     >>>>> Generator: Rule generation with beam search
2025-07-10 03:58:51 INFO     >>>>> Generator: Rule generation with beam search
2025-07-10 03:59:35 INFO     -------------------------
2025-07-10 03:59:35 INFO     | Train Final Predictor+
2025-07-10 03:59:35 INFO     -------------------------
2025-07-10 03:59:35 INFO     Predictor+: read 18420 rules from list.
2025-07-10 03:59:35 INFO     Preprocess training set
2025-07-10 03:59:35 INFO     -------------------------
2025-07-10 03:59:35 INFO     | Iteration: 1/5
2025-07-10 03:59:35 INFO     -------------------------
2025-07-10 03:59:35 INFO     >>>>> Predictor: Training
2025-07-10 04:04:36 INFO     1000 5959 4.901046 69271.3
2025-07-10 04:09:38 INFO     2000 5959 4.725356 69332.0
2025-07-10 04:14:38 INFO     3000 5959 4.708518 69375.3
2025-07-10 04:19:40 INFO     4000 5959 4.710616 69279.9
2025-07-10 04:24:42 INFO     5000 5959 4.682691 69349.3
2025-07-10 04:29:30 INFO     >>>>> Predictor: Evaluating on valid
2025-07-10 04:30:45 INFO     Data : 2077
2025-07-10 04:30:45 INFO     Hit1 : 0.104959
2025-07-10 04:30:45 INFO     Hit3 : 0.181030
2025-07-10 04:30:45 INFO     Hit10: 0.316803
2025-07-10 04:30:45 INFO     MR   : 981.642273
2025-07-10 04:30:45 INFO     MRR  : 0.170373
2025-07-10 04:30:45 INFO     >>>>> Predictor: Evaluating on test
2025-07-10 04:32:09 INFO     Data : 2342
2025-07-10 04:32:09 INFO     Hit1 : 0.130658
2025-07-10 04:32:09 INFO     Hit3 : 0.206234
2025-07-10 04:32:09 INFO     Hit10: 0.315115
2025-07-10 04:32:09 INFO     MR   : 917.105252
2025-07-10 04:32:09 INFO     MRR  : 0.190743
2025-07-10 04:32:09 INFO     Save checkpoint to results/semmeddb/10_times_each/cluster_k/5_20250709_222736/predictor.pt
2025-07-10 04:32:09 INFO     -------------------------
2025-07-10 04:32:09 INFO     | Iteration: 2/5
2025-07-10 04:32:09 INFO     -------------------------
2025-07-10 04:32:09 INFO     >>>>> Predictor: Training
2025-07-10 04:37:09 INFO     1000 5959 4.601519 69366.7
2025-07-10 04:42:11 INFO     2000 5959 4.652333 69375.3
2025-07-10 04:47:14 INFO     3000 5959 4.636942 69219.2
2025-07-10 04:52:17 INFO     4000 5959 4.651877 69305.9
2025-07-10 04:57:19 INFO     5000 5959 4.614752 69288.6
2025-07-10 05:02:08 INFO     >>>>> Predictor: Evaluating on valid
2025-07-10 05:03:23 INFO     Data : 2077
2025-07-10 05:03:23 INFO     Hit1 : 0.095330
2025-07-10 05:03:23 INFO     Hit3 : 0.181993
2025-07-10 05:03:23 INFO     Hit10: 0.309581
2025-07-10 05:03:23 INFO     MR   : 947.155272
2025-07-10 05:03:23 INFO     MRR  : 0.164732
2025-07-10 05:03:23 INFO     >>>>> Predictor: Evaluating on test
2025-07-10 05:04:47 INFO     Data : 2342
2025-07-10 05:04:47 INFO     Hit1 : 0.130231
2025-07-10 05:04:47 INFO     Hit3 : 0.214774
2025-07-10 05:04:47 INFO     Hit10: 0.320666
2025-07-10 05:04:47 INFO     MR   : 880.903288
2025-07-10 05:04:47 INFO     MRR  : 0.193689
2025-07-10 05:04:47 INFO     -------------------------
2025-07-10 05:04:47 INFO     | Iteration: 3/5
2025-07-10 05:04:47 INFO     -------------------------
2025-07-10 05:04:47 INFO     >>>>> Predictor: Training
2025-07-10 05:09:50 INFO     1000 5959 4.615460 69288.6
2025-07-10 05:14:52 INFO     2000 5959 4.616321 69288.6
2025-07-10 05:19:54 INFO     3000 5959 4.606590 69340.6
2025-07-10 05:24:55 INFO     4000 5959 4.611945 69271.3
2025-07-10 05:29:58 INFO     5000 5959 4.635998 69219.2
2025-07-10 05:34:51 INFO     >>>>> Predictor: Evaluating on valid
2025-07-10 05:36:07 INFO     Data : 2077
2025-07-10 05:36:07 INFO     Hit1 : 0.086663
2025-07-10 05:36:07 INFO     Hit3 : 0.175253
2025-07-10 05:36:07 INFO     Hit10: 0.298507
2025-07-10 05:36:07 INFO     MR   : 936.910207
2025-07-10 05:36:07 INFO     MRR  : 0.157545
2025-07-10 05:36:07 INFO     >>>>> Predictor: Evaluating on test
2025-07-10 05:37:33 INFO     Data : 2342
2025-07-10 05:37:33 INFO     Hit1 : 0.113578
2025-07-10 05:37:33 INFO     Hit3 : 0.195132
2025-07-10 05:37:33 INFO     Hit10: 0.320666
2025-07-10 05:37:33 INFO     MR   : 866.920367
2025-07-10 05:37:33 INFO     MRR  : 0.178764
2025-07-10 05:37:33 INFO     -------------------------
2025-07-10 05:37:33 INFO     | Iteration: 4/5
2025-07-10 05:37:33 INFO     -------------------------
2025-07-10 05:37:33 INFO     >>>>> Predictor: Training
2025-07-10 05:42:38 INFO     1000 5959 4.591899 69340.6
2025-07-10 05:47:44 INFO     2000 5959 4.561680 69184.5
2025-07-10 05:52:47 INFO     3000 5959 4.624501 69253.9
2025-07-10 05:57:52 INFO     4000 5959 4.600203 69340.6
2025-07-10 06:02:57 INFO     5000 5959 4.596125 69384.0
2025-07-10 06:07:50 INFO     >>>>> Predictor: Evaluating on valid
2025-07-10 06:09:04 INFO     Data : 2077
2025-07-10 06:09:04 INFO     Hit1 : 0.096293
2025-07-10 06:09:04 INFO     Hit3 : 0.184401
2025-07-10 06:09:04 INFO     Hit10: 0.310063
2025-07-10 06:09:04 INFO     MR   : 930.708233
2025-07-10 06:09:04 INFO     MRR  : 0.166023
2025-07-10 06:09:04 INFO     >>>>> Predictor: Evaluating on test
2025-07-10 06:10:30 INFO     Data : 2342
2025-07-10 06:10:30 INFO     Hit1 : 0.126815
2025-07-10 06:10:30 INFO     Hit3 : 0.209223
2025-07-10 06:10:30 INFO     Hit10: 0.321520
2025-07-10 06:10:30 INFO     MR   : 860.769214
2025-07-10 06:10:30 INFO     MRR  : 0.190969
2025-07-10 06:10:30 INFO     -------------------------
2025-07-10 06:10:30 INFO     | Iteration: 5/5
2025-07-10 06:10:30 INFO     -------------------------
2025-07-10 06:10:30 INFO     >>>>> Predictor: Training
2025-07-10 06:15:34 INFO     1000 5959 4.603444 69323.3
2025-07-10 06:20:38 INFO     2000 5959 4.581957 69332.0
2025-07-10 06:25:39 INFO     3000 5959 4.612780 69219.2
2025-07-10 06:30:41 INFO     4000 5959 4.609837 69297.3
2025-07-10 06:35:44 INFO     5000 5959 4.573322 69332.0
2025-07-10 06:40:35 INFO     >>>>> Predictor: Evaluating on valid
2025-07-10 06:41:50 INFO     Data : 2077
2025-07-10 06:41:50 INFO     Hit1 : 0.095811
2025-07-10 06:41:50 INFO     Hit3 : 0.178623
2025-07-10 06:41:50 INFO     Hit10: 0.317766
2025-07-10 06:41:50 INFO     MR   : 920.799711
2025-07-10 06:41:50 INFO     MRR  : 0.164781
2025-07-10 06:41:50 INFO     >>>>> Predictor: Evaluating on test
2025-07-10 06:43:14 INFO     Data : 2342
2025-07-10 06:43:14 INFO     Hit1 : 0.127242
2025-07-10 06:43:14 INFO     Hit3 : 0.211358
2025-07-10 06:43:14 INFO     Hit10: 0.322801
2025-07-10 06:43:14 INFO     MR   : 852.176132
2025-07-10 06:43:14 INFO     MRR  : 0.192433
2025-07-10 06:43:14 INFO     -------------------------
2025-07-10 06:43:14 INFO     | Final Test MRR: 0.190743
2025-07-10 06:43:14 INFO     -------------------------
