2025-05-18 17:19:31 INFO     -------------------------
2025-05-18 17:19:31 INFO     | Pre-train Generator
2025-05-18 17:19:31 INFO     -------------------------
2025-05-18 17:19:31 INFO     >>>>> Generator: Training
2025-05-18 17:19:36 INFO     [E1000] Total: 1.617747 | Main: 1.653723 | Aux: 0.922826
2025-05-18 17:19:40 INFO     [E2000] Total: 1.535770 | Main: 1.569442 | Aux: 0.896008
2025-05-18 17:19:44 INFO     [E3000] Total: 1.525521 | Main: 1.558799 | Aux: 0.893231
2025-05-18 17:19:48 INFO     [E4000] Total: 1.519623 | Main: 1.552687 | Aux: 0.891425
2025-05-18 17:19:52 INFO     [E5000] Total: 1.515357 | Main: 1.548252 | Aux: 0.890338
2025-05-18 17:19:56 INFO     [E6000] Total: 1.512968 | Main: 1.545774 | Aux: 0.889666
2025-05-18 17:20:00 INFO     [E7000] Total: 1.511931 | Main: 1.544689 | Aux: 0.889525
2025-05-18 17:20:04 INFO     [E8000] Total: 1.511962 | Main: 1.544746 | Aux: 0.889073
2025-05-18 17:20:08 INFO     [E9000] Total: 1.508534 | Main: 1.541174 | Aux: 0.888380
2025-05-18 17:20:12 INFO     [E10000] Total: 1.508358 | Main: 1.540995 | Aux: 0.888268
2025-05-18 17:20:12 INFO     -------------------------
2025-05-18 17:20:12 INFO     | EM Iteration: 1/1
2025-05-18 17:20:12 INFO     -------------------------
2025-05-18 17:20:12 INFO     >>>>> Generator: Rule generation with sampling
2025-05-18 17:20:12 INFO     Predictor: read 174 rules from list.
2025-05-18 17:20:12 INFO     Preprocess training set
2025-05-18 17:20:12 INFO     >>>>> Predictor: Training
2025-05-18 17:20:13 INFO     100 12313 8.993567 69123.8
2025-05-18 17:20:13 INFO     200 12313 8.840669 69384.0
2025-05-18 17:20:14 INFO     300 12313 8.728695 69384.0
2025-05-18 17:20:15 INFO     400 12313 8.616854 69384.0
2025-05-18 17:20:15 INFO     500 12313 8.550286 69384.0
2025-05-18 17:20:16 INFO     600 12313 8.400696 69384.0
2025-05-18 17:20:17 INFO     700 12313 8.391941 69384.0
2025-05-18 17:20:17 INFO     800 12313 8.315813 69384.0
2025-05-18 17:20:18 INFO     900 12313 8.296312 69384.0
2025-05-18 17:20:19 INFO     1000 12313 8.153037 69384.0
2025-05-18 17:20:19 INFO     >>>>> Predictor: Evaluating on valid
2025-05-18 17:20:21 INFO     Data : 3823
2025-05-18 17:20:21 INFO     Hit1 : 0.030343
2025-05-18 17:20:21 INFO     Hit3 : 0.064347
2025-05-18 17:20:21 INFO     Hit10: 0.119801
2025-05-18 17:20:21 INFO     MR   : 1183.568009
2025-05-18 17:20:21 INFO     MRR  : 0.062651
2025-05-18 17:20:21 INFO     >>>>> Predictor: Evaluating on test
2025-05-18 17:20:25 INFO     Data : 4402
2025-05-18 17:20:25 INFO     Hit1 : 0.038164
2025-05-18 17:20:25 INFO     Hit3 : 0.074966
2025-05-18 17:20:25 INFO     Hit10: 0.131304
2025-05-18 17:20:25 INFO     MR   : 1187.827010
2025-05-18 17:20:25 INFO     MRR  : 0.071198
2025-05-18 17:20:25 INFO     >>>>> Predictor: Computing H scores of rules
2025-05-18 17:20:31 INFO     1000 12313
2025-05-18 17:20:37 INFO     2000 12313
2025-05-18 17:20:43 INFO     3000 12313
2025-05-18 17:20:49 INFO     4000 12313
2025-05-18 17:20:55 INFO     5000 12313
2025-05-18 17:21:01 INFO     6000 12313
2025-05-18 17:21:07 INFO     7000 12313
2025-05-18 17:21:13 INFO     8000 12313
2025-05-18 17:21:19 INFO     9000 12313
2025-05-18 17:21:25 INFO     10000 12313
2025-05-18 17:21:31 INFO     11000 12313
2025-05-18 17:21:37 INFO     12000 12313
2025-05-18 17:21:39 INFO     >>>>> Generator: Training
2025-05-18 17:21:39 INFO     -------------------------
2025-05-18 17:21:39 INFO     | Post-train Generator
2025-05-18 17:21:39 INFO     -------------------------
2025-05-18 17:21:39 INFO     >>>>> Generator: Training
2025-05-18 17:21:42 INFO     [E1000] Total: -226.759443 | Main: -238.734808 | Aux: 0.974340
2025-05-18 17:21:42 INFO     -------------------------
2025-05-18 17:21:42 INFO     | Beam Search Best Rules
2025-05-18 17:21:42 INFO     -------------------------
2025-05-18 17:21:42 INFO     >>>>> Generator: Rule generation with beam search
2025-05-18 17:21:43 INFO     >>>>> Generator: Rule generation with beam search
2025-05-18 17:21:44 INFO     >>>>> Generator: Rule generation with beam search
2025-05-18 17:21:52 INFO     >>>>> Generator: Rule generation with beam search
2025-05-18 17:21:57 INFO     >>>>> Generator: Rule generation with beam search
2025-05-18 17:22:01 INFO     -------------------------
2025-05-18 17:22:01 INFO     | Train Final Predictor+
2025-05-18 17:22:01 INFO     -------------------------
2025-05-18 17:22:01 INFO     Predictor+: read 18420 rules from list.
2025-05-18 17:22:01 INFO     Preprocess training set
2025-05-18 17:22:01 INFO     -------------------------
2025-05-18 17:22:01 INFO     | Iteration: 1/1
2025-05-18 17:22:01 INFO     -------------------------
2025-05-18 17:22:01 INFO     >>>>> Predictor: Training
2025-05-18 17:22:30 INFO     100 12313 5.746203 69384.0
2025-05-18 17:23:00 INFO     200 12313 4.832694 69384.0
2025-05-18 17:23:29 INFO     300 12313 4.759423 69384.0
2025-05-18 17:23:58 INFO     400 12313 4.769303 69384.0
2025-05-18 17:24:27 INFO     500 12313 4.623094 69384.0
2025-05-18 17:24:57 INFO     600 12313 4.672025 69384.0
2025-05-18 17:25:26 INFO     700 12313 4.690316 69384.0
2025-05-18 17:25:55 INFO     800 12313 4.659468 69210.5
2025-05-18 17:26:24 INFO     900 12313 4.594701 69384.0
2025-05-18 17:26:53 INFO     1000 12313 4.640001 69384.0
2025-05-18 17:26:53 INFO     >>>>> Predictor: Evaluating on valid
2025-05-18 17:29:05 INFO     Data : 3823
2025-05-18 17:29:05 INFO     Hit1 : 0.053623
2025-05-18 17:29:05 INFO     Hit3 : 0.122940
2025-05-18 17:29:05 INFO     Hit10: 0.257651
2025-05-18 17:29:05 INFO     MR   : 733.760136
2025-05-18 17:29:05 INFO     MRR  : 0.119246
2025-05-18 17:29:05 INFO     >>>>> Predictor: Evaluating on test
2025-05-18 17:31:36 INFO     Data : 4402
2025-05-18 17:31:36 INFO     Hit1 : 0.076102
2025-05-18 17:31:36 INFO     Hit3 : 0.157656
2025-05-18 17:31:36 INFO     Hit10: 0.276011
2025-05-18 17:31:36 INFO     MR   : 751.191617
2025-05-18 17:31:36 INFO     MRR  : 0.144389
2025-05-18 17:31:36 INFO     Save checkpoint to results/semmeddb/multitask/warmup_sm/predictor.pt
2025-05-18 17:31:36 INFO     -------------------------
2025-05-18 17:31:36 INFO     | Final Test MRR: 0.144389
2025-05-18 17:31:36 INFO     -------------------------
