2025-07-23 00:37:24 INFO     is_soft_label: False
2025-07-23 00:37:24 INFO     is_scheduled_sampling: False
2025-07-23 00:37:24 INFO     is_test_mode: False
2025-07-23 00:37:24 INFO     Data loading | DONE!
2025-07-23 00:37:24 INFO     Using full datasets for training, validation, and testing.
2025-07-23 00:37:25 INFO     -------------------------
2025-07-23 00:37:25 INFO     | EM Iteration: 1/5
2025-07-23 00:37:25 INFO     -------------------------
2025-07-23 00:37:25 INFO     >>>>> Using miner's rule
2025-07-23 00:37:25 INFO     Predictor: read 13661 rules from list.
2025-07-23 00:37:26 INFO     Preprocess training set
2025-07-23 00:37:26 INFO     >>>>> Predictor: Evaluating on valid
2025-07-23 00:42:14 INFO     Data : 2077
2025-07-23 00:42:14 INFO     Hit1 : 0.065479
2025-07-23 00:42:14 INFO     Hit3 : 0.127106
2025-07-23 00:42:14 INFO     Hit10: 0.199326
2025-07-23 00:42:14 INFO     MR   : 1120.902022
2025-07-23 00:42:14 INFO     MRR  : 0.114382
2025-07-23 00:42:14 INFO     >>>>> Predictor: Evaluating on test
2025-07-23 00:47:30 INFO     Data : 2342
2025-07-23 00:47:30 INFO     Hit1 : 0.078992
2025-07-23 00:47:30 INFO     Hit3 : 0.124253
2025-07-23 00:47:30 INFO     Hit10: 0.208796
2025-07-23 00:47:30 INFO     MR   : 1044.269001
2025-07-23 00:47:30 INFO     MRR  : 0.122250
2025-07-23 00:47:30 INFO     >>>>> Predictor: Computing H scores of rules
2025-07-23 01:53:16 INFO     1000 5959
2025-07-23 03:14:02 INFO     2000 5959
2025-07-23 04:23:26 INFO     3000 5959
2025-07-23 05:39:42 INFO     4000 5959
2025-07-23 07:02:09 INFO     5000 5959
2025-07-23 08:24:12 INFO     >>>>> Generator: Training
2025-07-23 08:24:18 INFO     -------------------------
2025-07-23 08:24:18 INFO     | EM Iteration: 2/5
2025-07-23 08:24:18 INFO     -------------------------
2025-07-23 08:24:18 INFO     >>>>> Using Generator's sample rule
2025-07-23 08:24:18 INFO     >>>>> Generator: Rule generation with sampling
2025-07-23 08:24:18 INFO     Predictor: read 1900 rules from list.
2025-07-23 08:24:18 INFO     Preprocess training set
2025-07-23 08:24:18 INFO     >>>>> Predictor: Training
2025-07-23 08:26:33 INFO     1000 5959 8.795817 69314.6
2025-07-23 08:28:52 INFO     2000 5959 8.424737 69271.3
2025-07-23 08:31:05 INFO     3000 5959 8.224691 69245.2
2025-07-23 08:33:29 INFO     4000 5959 8.063707 69340.6
2025-07-23 08:35:54 INFO     5000 5959 7.904356 69340.6
2025-07-23 08:38:06 INFO     >>>>> Predictor: Evaluating on valid
2025-07-23 08:38:34 INFO     Data : 2077
2025-07-23 08:38:34 INFO     Hit1 : 0.015407
2025-07-23 08:38:34 INFO     Hit3 : 0.023592
2025-07-23 08:38:34 INFO     Hit10: 0.035147
2025-07-23 08:38:34 INFO     MR   : 1478.241454
2025-07-23 08:38:34 INFO     MRR  : 0.025902
2025-07-23 08:38:34 INFO     >>>>> Predictor: Evaluating on test
2025-07-23 08:39:09 INFO     Data : 2342
2025-07-23 08:39:09 INFO     Hit1 : 0.011529
2025-07-23 08:39:09 INFO     Hit3 : 0.017933
2025-07-23 08:39:09 INFO     Hit10: 0.029462
2025-07-23 08:39:09 INFO     MR   : 1374.103544
2025-07-23 08:39:09 INFO     MRR  : 0.021287
2025-07-23 08:39:09 INFO     >>>>> Predictor: Computing H scores of rules
2025-07-23 08:44:38 INFO     1000 5959
2025-07-23 08:50:40 INFO     2000 5959
2025-07-23 08:56:46 INFO     3000 5959
2025-07-23 09:02:35 INFO     4000 5959
2025-07-23 09:08:22 INFO     5000 5959
2025-07-23 09:14:08 INFO     >>>>> Generator: Training
2025-07-23 09:14:13 INFO     -------------------------
2025-07-23 09:14:13 INFO     | EM Iteration: 3/5
2025-07-23 09:14:13 INFO     -------------------------
2025-07-23 09:14:13 INFO     >>>>> Using Generator's sample rule
2025-07-23 09:14:13 INFO     >>>>> Generator: Rule generation with sampling
2025-07-23 09:14:13 INFO     Predictor: read 1916 rules from list.
2025-07-23 09:14:13 INFO     Preprocess training set
2025-07-23 09:14:13 INFO     >>>>> Predictor: Training
2025-07-23 09:16:29 INFO     1000 5959 8.820295 69332.0
2025-07-23 09:18:42 INFO     2000 5959 8.500766 69349.3
2025-07-23 09:20:56 INFO     3000 5959 8.308992 69184.5
2025-07-23 09:23:09 INFO     4000 5959 8.174524 69253.9
2025-07-23 09:25:29 INFO     5000 5959 8.100267 69332.0
2025-07-23 09:27:50 INFO     >>>>> Predictor: Evaluating on valid
2025-07-23 09:28:17 INFO     Data : 2077
2025-07-23 09:28:17 INFO     Hit1 : 0.009148
2025-07-23 09:28:17 INFO     Hit3 : 0.018777
2025-07-23 09:28:17 INFO     Hit10: 0.034184
2025-07-23 09:28:17 INFO     MR   : 1482.585941
2025-07-23 09:28:17 INFO     MRR  : 0.021228
2025-07-23 09:28:17 INFO     >>>>> Predictor: Evaluating on test
2025-07-23 09:28:45 INFO     Data : 2342
2025-07-23 09:28:45 INFO     Hit1 : 0.008113
2025-07-23 09:28:45 INFO     Hit3 : 0.013664
2025-07-23 09:28:45 INFO     Hit10: 0.027754
2025-07-23 09:28:45 INFO     MR   : 1378.045901
2025-07-23 09:28:45 INFO     MRR  : 0.018118
2025-07-23 09:28:45 INFO     >>>>> Predictor: Computing H scores of rules
2025-07-23 09:35:08 INFO     1000 5959
2025-07-23 09:41:05 INFO     2000 5959
2025-07-23 09:47:07 INFO     3000 5959
2025-07-23 09:53:25 INFO     4000 5959
2025-07-23 09:59:18 INFO     5000 5959
2025-07-23 10:05:39 INFO     >>>>> Generator: Training
2025-07-23 10:05:45 INFO     -------------------------
2025-07-23 10:05:45 INFO     | EM Iteration: 4/5
2025-07-23 10:05:45 INFO     -------------------------
2025-07-23 10:05:45 INFO     >>>>> Using Generator's sample rule
2025-07-23 10:05:45 INFO     >>>>> Generator: Rule generation with sampling
2025-07-23 10:05:45 INFO     Predictor: read 1951 rules from list.
2025-07-23 10:05:45 INFO     Preprocess training set
2025-07-23 10:05:45 INFO     >>>>> Predictor: Training
2025-07-23 10:08:03 INFO     1000 5959 8.809383 69271.3
2025-07-23 10:10:15 INFO     2000 5959 8.460698 69340.6
2025-07-23 10:12:41 INFO     3000 5959 8.235963 69384.0
2025-07-23 10:15:02 INFO     4000 5959 8.096743 69262.6
2025-07-23 10:17:22 INFO     5000 5959 7.972658 69332.0
2025-07-23 10:19:38 INFO     >>>>> Predictor: Evaluating on valid
2025-07-23 10:20:05 INFO     Data : 2077
2025-07-23 10:20:05 INFO     Hit1 : 0.019259
2025-07-23 10:20:05 INFO     Hit3 : 0.035628
2025-07-23 10:20:05 INFO     Hit10: 0.055368
2025-07-23 10:20:05 INFO     MR   : 1457.752528
2025-07-23 10:20:05 INFO     MRR  : 0.035361
2025-07-23 10:20:05 INFO     >>>>> Predictor: Evaluating on test
2025-07-23 10:20:32 INFO     Data : 2342
2025-07-23 10:20:32 INFO     Hit1 : 0.022630
2025-07-23 10:20:32 INFO     Hit3 : 0.039710
2025-07-23 10:20:32 INFO     Hit10: 0.054654
2025-07-23 10:20:32 INFO     MR   : 1353.478437
2025-07-23 10:20:32 INFO     MRR  : 0.037821
2025-07-23 10:20:32 INFO     >>>>> Predictor: Computing H scores of rules
2025-07-23 10:26:29 INFO     1000 5959
2025-07-23 10:32:21 INFO     2000 5959
2025-07-23 10:38:24 INFO     3000 5959
2025-07-23 10:44:49 INFO     4000 5959
2025-07-23 10:51:05 INFO     5000 5959
2025-07-23 10:57:20 INFO     >>>>> Generator: Training
2025-07-23 10:57:26 INFO     -------------------------
2025-07-23 10:57:26 INFO     | EM Iteration: 5/5
2025-07-23 10:57:26 INFO     -------------------------
2025-07-23 10:57:26 INFO     >>>>> Using Generator's sample rule
2025-07-23 10:57:26 INFO     >>>>> Generator: Rule generation with sampling
2025-07-23 10:57:27 INFO     Predictor: read 1967 rules from list.
2025-07-23 10:57:27 INFO     Preprocess training set
2025-07-23 10:57:27 INFO     >>>>> Predictor: Training
2025-07-23 11:00:02 INFO     1000 5959 8.817447 69332.0
2025-07-23 11:02:25 INFO     2000 5959 8.470280 69349.3
2025-07-23 11:04:49 INFO     3000 5959 8.261555 69340.6
2025-07-23 11:07:18 INFO     4000 5959 8.134668 69297.3
2025-07-23 11:09:45 INFO     5000 5959 8.048097 69219.2
2025-07-23 11:12:06 INFO     >>>>> Predictor: Evaluating on valid
2025-07-23 11:12:33 INFO     Data : 2077
2025-07-23 11:12:33 INFO     Hit1 : 0.006740
2025-07-23 11:12:33 INFO     Hit3 : 0.017333
2025-07-23 11:12:33 INFO     Hit10: 0.041406
2025-07-23 11:12:33 INFO     MR   : 1513.288878
2025-07-23 11:12:33 INFO     MRR  : 0.020570
2025-07-23 11:12:33 INFO     >>>>> Predictor: Evaluating on test
2025-07-23 11:13:07 INFO     Data : 2342
2025-07-23 11:13:07 INFO     Hit1 : 0.004270
2025-07-23 11:13:07 INFO     Hit3 : 0.012810
2025-07-23 11:13:07 INFO     Hit10: 0.030316
2025-07-23 11:13:07 INFO     MR   : 1389.672289
2025-07-23 11:13:07 INFO     MRR  : 0.016151
2025-07-23 11:13:07 INFO     >>>>> Predictor: Computing H scores of rules
2025-07-23 11:19:36 INFO     1000 5959
2025-07-23 11:26:15 INFO     2000 5959
2025-07-23 11:32:26 INFO     3000 5959
2025-07-23 11:38:26 INFO     4000 5959
2025-07-23 11:44:38 INFO     5000 5959
2025-07-23 11:50:42 INFO     >>>>> Generator: Training
2025-07-23 11:50:47 INFO     -------------------------
2025-07-23 11:50:47 INFO     | Post-train Generator
2025-07-23 11:50:47 INFO     -------------------------
2025-07-23 11:50:49 INFO     >>>>> Generator: Training
2025-07-23 11:51:48 INFO     [E01000] Total 3.589713 | Main 3.215151 | EntType 3.151969
2025-07-23 11:51:48 INFO     -------------------------
2025-07-23 11:51:48 INFO     | Beam Search Best Rules
2025-07-23 11:51:48 INFO     -------------------------
2025-07-23 11:51:48 INFO     >>>>> Generator: Rule generation with beam search
2025-07-23 11:51:50 INFO     >>>>> Generator: Rule generation with beam search
2025-07-23 11:52:03 INFO     >>>>> Generator: Rule generation with beam search
2025-07-23 11:54:57 INFO     >>>>> Generator: Rule generation with beam search
2025-07-23 11:57:18 INFO     >>>>> Generator: Rule generation with beam search
2025-07-23 11:58:47 INFO     -------------------------
2025-07-23 11:58:47 INFO     | Train Final Predictor+
2025-07-23 11:58:47 INFO     -------------------------
2025-07-23 11:58:47 INFO     Predictor+: read 18420 rules from list.
2025-07-23 11:58:47 INFO     Preprocess training set
2025-07-23 11:58:47 INFO     -------------------------
2025-07-23 11:58:47 INFO     | Iteration: 1/5
2025-07-23 11:58:47 INFO     -------------------------
2025-07-23 11:58:47 INFO     >>>>> Predictor: Training
2025-07-23 12:11:15 INFO     1000 5959 4.896537 69271.3
2025-07-23 12:23:51 INFO     2000 5959 4.725452 69332.0
2025-07-23 12:35:03 INFO     3000 5959 4.706626 69375.3
2025-07-23 12:45:47 INFO     4000 5959 4.708569 69279.9
2025-07-23 12:56:42 INFO     5000 5959 4.679576 69349.3
2025-07-23 13:07:10 INFO     >>>>> Predictor: Evaluating on valid
2025-07-23 13:09:49 INFO     Data : 2077
2025-07-23 13:09:49 INFO     Hit1 : 0.102552
2025-07-23 13:09:49 INFO     Hit3 : 0.189215
2025-07-23 13:09:49 INFO     Hit10: 0.315359
2025-07-23 13:09:49 INFO     MR   : 982.054405
2025-07-23 13:09:49 INFO     MRR  : 0.171048
2025-07-23 13:09:49 INFO     >>>>> Predictor: Evaluating on test
2025-07-23 13:12:52 INFO     Data : 2342
2025-07-23 13:12:52 INFO     Hit1 : 0.128523
2025-07-23 13:12:52 INFO     Hit3 : 0.205380
2025-07-23 13:12:52 INFO     Hit10: 0.316823
2025-07-23 13:12:52 INFO     MR   : 917.493168
2025-07-23 13:12:52 INFO     MRR  : 0.190193
2025-07-23 13:12:52 INFO     Save checkpoint to results/semmeddb/10_times_each/aux2/9_20250723_003721/predictor.pt
2025-07-23 13:12:52 INFO     -------------------------
2025-07-23 13:12:52 INFO     | Iteration: 2/5
2025-07-23 13:12:52 INFO     -------------------------
2025-07-23 13:12:52 INFO     >>>>> Predictor: Training
2025-07-23 13:23:34 INFO     1000 5959 4.603181 69366.7
2025-07-23 13:34:23 INFO     2000 5959 4.652071 69375.3
2025-07-23 13:45:05 INFO     3000 5959 4.639599 69219.2
2025-07-23 13:55:24 INFO     4000 5959 4.651031 69305.9
2025-07-23 14:06:03 INFO     5000 5959 4.619297 69288.6
2025-07-23 14:15:58 INFO     >>>>> Predictor: Evaluating on valid
2025-07-23 14:18:40 INFO     Data : 2077
2025-07-23 14:18:40 INFO     Hit1 : 0.094367
2025-07-23 14:18:40 INFO     Hit3 : 0.183919
2025-07-23 14:18:40 INFO     Hit10: 0.312951
2025-07-23 14:18:40 INFO     MR   : 943.990852
2025-07-23 14:18:40 INFO     MRR  : 0.164251
2025-07-23 14:18:40 INFO     >>>>> Predictor: Evaluating on test
2025-07-23 14:21:36 INFO     Data : 2342
2025-07-23 14:21:36 INFO     Hit1 : 0.126815
2025-07-23 14:21:36 INFO     Hit3 : 0.204953
2025-07-23 14:21:36 INFO     Hit10: 0.315115
2025-07-23 14:21:36 INFO     MR   : 880.076217
2025-07-23 14:21:36 INFO     MRR  : 0.189511
2025-07-23 14:21:36 INFO     -------------------------
2025-07-23 14:21:36 INFO     | Iteration: 3/5
2025-07-23 14:21:36 INFO     -------------------------
2025-07-23 14:21:36 INFO     >>>>> Predictor: Training
2025-07-23 14:32:06 INFO     1000 5959 4.615386 69288.6
2025-07-23 14:42:54 INFO     2000 5959 4.617899 69288.6
2025-07-23 14:53:44 INFO     3000 5959 4.608566 69340.6
2025-07-23 15:04:22 INFO     4000 5959 4.615956 69271.3
2025-07-23 15:14:59 INFO     5000 5959 4.638142 69219.2
2025-07-23 15:25:49 INFO     >>>>> Predictor: Evaluating on valid
2025-07-23 15:28:25 INFO     Data : 2077
2025-07-23 15:28:25 INFO     Hit1 : 0.090997
2025-07-23 15:28:25 INFO     Hit3 : 0.182475
2025-07-23 15:28:25 INFO     Hit10: 0.305248
2025-07-23 15:28:25 INFO     MR   : 938.599422
2025-07-23 15:28:25 INFO     MRR  : 0.161061
2025-07-23 15:28:25 INFO     >>>>> Predictor: Evaluating on test
2025-07-23 15:31:18 INFO     Data : 2342
2025-07-23 15:31:18 INFO     Hit1 : 0.116567
2025-07-23 15:31:18 INFO     Hit3 : 0.198975
2025-07-23 15:31:18 INFO     Hit10: 0.315115
2025-07-23 15:31:18 INFO     MR   : 858.660760
2025-07-23 15:31:18 INFO     MRR  : 0.181387
2025-07-23 15:31:18 INFO     -------------------------
2025-07-23 15:31:18 INFO     | Iteration: 4/5
2025-07-23 15:31:18 INFO     -------------------------
2025-07-23 15:31:18 INFO     >>>>> Predictor: Training
2025-07-23 15:42:06 INFO     1000 5959 4.593389 69340.6
2025-07-23 15:52:45 INFO     2000 5959 4.562299 69184.5
2025-07-23 16:03:04 INFO     3000 5959 4.624984 69253.9
2025-07-23 16:13:31 INFO     4000 5959 4.601303 69340.6
2025-07-23 16:24:34 INFO     5000 5959 4.597218 69384.0
2025-07-23 16:34:33 INFO     >>>>> Predictor: Evaluating on valid
2025-07-23 16:37:13 INFO     Data : 2077
2025-07-23 16:37:13 INFO     Hit1 : 0.095811
2025-07-23 16:37:13 INFO     Hit3 : 0.182475
2025-07-23 16:37:13 INFO     Hit10: 0.312470
2025-07-23 16:37:13 INFO     MR   : 926.137939
2025-07-23 16:37:13 INFO     MRR  : 0.164886
2025-07-23 16:37:13 INFO     >>>>> Predictor: Evaluating on test
2025-07-23 16:40:20 INFO     Data : 2342
2025-07-23 16:40:20 INFO     Hit1 : 0.125107
2025-07-23 16:40:20 INFO     Hit3 : 0.207088
2025-07-23 16:40:20 INFO     Hit10: 0.320666
2025-07-23 16:40:20 INFO     MR   : 856.100555
2025-07-23 16:40:20 INFO     MRR  : 0.188992
2025-07-23 16:40:20 INFO     -------------------------
2025-07-23 16:40:20 INFO     | Iteration: 5/5
2025-07-23 16:40:20 INFO     -------------------------
2025-07-23 16:40:20 INFO     >>>>> Predictor: Training
2025-07-23 16:50:51 INFO     1000 5959 4.604067 69323.3
2025-07-23 17:01:01 INFO     2000 5959 4.584325 69332.0
2025-07-23 17:12:01 INFO     3000 5959 4.613879 69219.2
2025-07-23 17:22:09 INFO     4000 5959 4.609571 69297.3
2025-07-23 17:33:11 INFO     5000 5959 4.574058 69332.0
2025-07-23 17:43:22 INFO     >>>>> Predictor: Evaluating on valid
2025-07-23 17:45:55 INFO     Data : 2077
2025-07-23 17:45:55 INFO     Hit1 : 0.090997
2025-07-23 17:45:55 INFO     Hit3 : 0.179586
2025-07-23 17:45:55 INFO     Hit10: 0.314877
2025-07-23 17:45:55 INFO     MR   : 916.294415
2025-07-23 17:45:55 INFO     MRR  : 0.162149
2025-07-23 17:45:55 INFO     >>>>> Predictor: Evaluating on test
2025-07-23 17:48:52 INFO     Data : 2342
2025-07-23 17:48:52 INFO     Hit1 : 0.128096
2025-07-23 17:48:52 INFO     Hit3 : 0.204953
2025-07-23 17:48:52 INFO     Hit10: 0.319812
2025-07-23 17:48:52 INFO     MR   : 847.692784
2025-07-23 17:48:52 INFO     MRR  : 0.190303
2025-07-23 17:48:52 INFO     -------------------------
2025-07-23 17:48:52 INFO     | Final Test MRR: 0.190193
2025-07-23 17:48:52 INFO     -------------------------
