2025-07-24 07:20:22 INFO     is_soft_label: True
2025-07-24 07:20:22 INFO     is_scheduled_sampling: False
2025-07-24 07:20:22 INFO     is_test_mode: False
2025-07-24 07:20:23 INFO     Data loading | DONE!
2025-07-24 07:20:23 INFO     Using full datasets for training, validation, and testing.
2025-07-24 07:20:23 INFO     -------------------------
2025-07-24 07:20:23 INFO     | EM Iteration: 1/5
2025-07-24 07:20:23 INFO     -------------------------
2025-07-24 07:20:23 INFO     >>>>> Using miner's rule
2025-07-24 07:20:23 INFO     Predictor: read 13661 rules from list.
2025-07-24 07:20:24 INFO     Preprocess training set
2025-07-24 07:20:24 INFO     >>>>> Predictor: Evaluating on valid
2025-07-24 07:22:47 INFO     Data : 2077
2025-07-24 07:22:47 INFO     Hit1 : 0.065479
2025-07-24 07:22:47 INFO     Hit3 : 0.127106
2025-07-24 07:22:47 INFO     Hit10: 0.199326
2025-07-24 07:22:47 INFO     MR   : 1120.902022
2025-07-24 07:22:47 INFO     MRR  : 0.114382
2025-07-24 07:22:47 INFO     >>>>> Predictor: Evaluating on test
2025-07-24 07:25:16 INFO     Data : 2342
2025-07-24 07:25:16 INFO     Hit1 : 0.078992
2025-07-24 07:25:16 INFO     Hit3 : 0.124253
2025-07-24 07:25:16 INFO     Hit10: 0.208796
2025-07-24 07:25:16 INFO     MR   : 1044.269001
2025-07-24 07:25:16 INFO     MRR  : 0.122250
2025-07-24 07:25:16 INFO     >>>>> Predictor: Computing H scores of rules
2025-07-24 08:01:53 INFO     1000 5959
2025-07-24 08:39:02 INFO     2000 5959
2025-07-24 09:16:17 INFO     3000 5959
2025-07-24 09:53:11 INFO     4000 5959
2025-07-24 10:30:05 INFO     5000 5959
2025-07-24 11:08:02 INFO     >>>>> Generator: Training
2025-07-24 11:08:17 INFO     -------------------------
2025-07-24 11:08:17 INFO     | EM Iteration: 2/5
2025-07-24 11:08:17 INFO     -------------------------
2025-07-24 11:08:17 INFO     >>>>> Using Generator's sample rule
2025-07-24 11:08:17 INFO     >>>>> Generator: Rule generation with sampling
2025-07-24 11:08:17 INFO     Predictor: read 1903 rules from list.
2025-07-24 11:08:17 INFO     Preprocess training set
2025-07-24 11:08:17 INFO     >>>>> Predictor: Training
2025-07-24 11:09:31 INFO     1000 5959 8.782167 69314.6
2025-07-24 11:10:49 INFO     2000 5959 8.409605 69271.3
2025-07-24 11:12:02 INFO     3000 5959 8.218136 69245.2
2025-07-24 11:13:17 INFO     4000 5959 8.064595 69340.6
2025-07-24 11:14:30 INFO     5000 5959 7.938592 69340.6
2025-07-24 11:15:42 INFO     >>>>> Predictor: Evaluating on valid
2025-07-24 11:16:00 INFO     Data : 2077
2025-07-24 11:16:00 INFO     Hit1 : 0.025036
2025-07-24 11:16:00 INFO     Hit3 : 0.040924
2025-07-24 11:16:00 INFO     Hit10: 0.064035
2025-07-24 11:16:00 INFO     MR   : 1410.005537
2025-07-24 11:16:00 INFO     MRR  : 0.041152
2025-07-24 11:16:00 INFO     >>>>> Predictor: Evaluating on test
2025-07-24 11:16:21 INFO     Data : 2342
2025-07-24 11:16:21 INFO     Hit1 : 0.019641
2025-07-24 11:16:21 INFO     Hit3 : 0.030743
2025-07-24 11:16:21 INFO     Hit10: 0.056362
2025-07-24 11:16:21 INFO     MR   : 1318.582408
2025-07-24 11:16:21 INFO     MRR  : 0.034758
2025-07-24 11:16:21 INFO     >>>>> Predictor: Computing H scores of rules
2025-07-24 11:19:41 INFO     1000 5959
2025-07-24 11:23:12 INFO     2000 5959
2025-07-24 11:26:43 INFO     3000 5959
2025-07-24 11:30:14 INFO     4000 5959
2025-07-24 11:33:45 INFO     5000 5959
2025-07-24 11:37:00 INFO     >>>>> Generator: Training
2025-07-24 11:37:11 INFO     -------------------------
2025-07-24 11:37:11 INFO     | EM Iteration: 3/5
2025-07-24 11:37:11 INFO     -------------------------
2025-07-24 11:37:11 INFO     >>>>> Using Generator's sample rule
2025-07-24 11:37:11 INFO     >>>>> Generator: Rule generation with sampling
2025-07-24 11:37:11 INFO     Predictor: read 1877 rules from list.
2025-07-24 11:37:11 INFO     Preprocess training set
2025-07-24 11:37:11 INFO     >>>>> Predictor: Training
2025-07-24 11:38:28 INFO     1000 5959 8.809779 69332.0
2025-07-24 11:39:42 INFO     2000 5959 8.468996 69349.3
2025-07-24 11:40:56 INFO     3000 5959 8.253727 69184.5
2025-07-24 11:42:09 INFO     4000 5959 8.079691 69253.9
2025-07-24 11:43:23 INFO     5000 5959 7.982923 69332.0
2025-07-24 11:44:34 INFO     >>>>> Predictor: Evaluating on valid
2025-07-24 11:45:02 INFO     Data : 2077
2025-07-24 11:45:02 INFO     Hit1 : 0.010592
2025-07-24 11:45:02 INFO     Hit3 : 0.025999
2025-07-24 11:45:02 INFO     Hit10: 0.051035
2025-07-24 11:45:02 INFO     MR   : 1451.151180
2025-07-24 11:45:02 INFO     MRR  : 0.026790
2025-07-24 11:45:02 INFO     >>>>> Predictor: Evaluating on test
2025-07-24 11:45:26 INFO     Data : 2342
2025-07-24 11:45:26 INFO     Hit1 : 0.014091
2025-07-24 11:45:26 INFO     Hit3 : 0.024765
2025-07-24 11:45:26 INFO     Hit10: 0.047395
2025-07-24 11:45:26 INFO     MR   : 1340.400299
2025-07-24 11:45:26 INFO     MRR  : 0.028019
2025-07-24 11:45:26 INFO     >>>>> Predictor: Computing H scores of rules
2025-07-24 11:48:46 INFO     1000 5959
2025-07-24 11:52:07 INFO     2000 5959
2025-07-24 11:55:28 INFO     3000 5959
2025-07-24 11:58:48 INFO     4000 5959
2025-07-24 12:02:13 INFO     5000 5959
2025-07-24 12:05:37 INFO     >>>>> Generator: Training
2025-07-24 12:05:47 INFO     -------------------------
2025-07-24 12:05:47 INFO     | EM Iteration: 4/5
2025-07-24 12:05:47 INFO     -------------------------
2025-07-24 12:05:47 INFO     >>>>> Using Generator's sample rule
2025-07-24 12:05:47 INFO     >>>>> Generator: Rule generation with sampling
2025-07-24 12:05:47 INFO     Predictor: read 1826 rules from list.
2025-07-24 12:05:47 INFO     Preprocess training set
2025-07-24 12:05:47 INFO     >>>>> Predictor: Training
2025-07-24 12:06:59 INFO     1000 5959 8.789460 69271.3
2025-07-24 12:08:13 INFO     2000 5959 8.401772 69340.6
2025-07-24 12:09:25 INFO     3000 5959 8.133644 69384.0
2025-07-24 12:10:37 INFO     4000 5959 7.955380 69262.6
2025-07-24 12:12:01 INFO     5000 5959 7.814063 69332.0
2025-07-24 12:13:22 INFO     >>>>> Predictor: Evaluating on valid
2025-07-24 12:13:40 INFO     Data : 2077
2025-07-24 12:13:40 INFO     Hit1 : 0.006259
2025-07-24 12:13:40 INFO     Hit3 : 0.018296
2025-07-24 12:13:40 INFO     Hit10: 0.036110
2025-07-24 12:13:40 INFO     MR   : 1485.682956
2025-07-24 12:13:40 INFO     MRR  : 0.019679
2025-07-24 12:13:40 INFO     >>>>> Predictor: Evaluating on test
2025-07-24 12:14:01 INFO     Data : 2342
2025-07-24 12:14:01 INFO     Hit1 : 0.008540
2025-07-24 12:14:01 INFO     Hit3 : 0.018787
2025-07-24 12:14:01 INFO     Hit10: 0.035440
2025-07-24 12:14:01 INFO     MR   : 1371.750213
2025-07-24 12:14:01 INFO     MRR  : 0.020766
2025-07-24 12:14:01 INFO     >>>>> Predictor: Computing H scores of rules
2025-07-24 12:17:31 INFO     1000 5959
2025-07-24 12:21:01 INFO     2000 5959
2025-07-24 12:24:21 INFO     3000 5959
2025-07-24 12:27:52 INFO     4000 5959
2025-07-24 12:31:12 INFO     5000 5959
2025-07-24 12:34:27 INFO     >>>>> Generator: Training
2025-07-24 12:34:37 INFO     -------------------------
2025-07-24 12:34:37 INFO     | EM Iteration: 5/5
2025-07-24 12:34:37 INFO     -------------------------
2025-07-24 12:34:37 INFO     >>>>> Using Generator's sample rule
2025-07-24 12:34:37 INFO     >>>>> Generator: Rule generation with sampling
2025-07-24 12:34:37 INFO     Predictor: read 1678 rules from list.
2025-07-24 12:34:37 INFO     Preprocess training set
2025-07-24 12:34:37 INFO     >>>>> Predictor: Training
2025-07-24 12:35:59 INFO     1000 5959 8.805693 69332.0
2025-07-24 12:37:10 INFO     2000 5959 8.433201 69349.3
2025-07-24 12:38:21 INFO     3000 5959 8.181872 69340.6
2025-07-24 12:39:42 INFO     4000 5959 8.011346 69297.3
2025-07-24 12:40:53 INFO     5000 5959 7.829671 69219.2
2025-07-24 12:42:00 INFO     >>>>> Predictor: Evaluating on valid
2025-07-24 12:42:18 INFO     Data : 2077
2025-07-24 12:42:18 INFO     Hit1 : 0.029851
2025-07-24 12:42:18 INFO     Hit3 : 0.053924
2025-07-24 12:42:18 INFO     Hit10: 0.076071
2025-07-24 12:42:18 INFO     MR   : 1451.300433
2025-07-24 12:42:18 INFO     MRR  : 0.049625
2025-07-24 12:42:18 INFO     >>>>> Predictor: Evaluating on test
2025-07-24 12:42:38 INFO     Data : 2342
2025-07-24 12:42:38 INFO     Hit1 : 0.028181
2025-07-24 12:42:38 INFO     Hit3 : 0.046541
2025-07-24 12:42:38 INFO     Hit10: 0.084543
2025-07-24 12:42:38 INFO     MR   : 1335.067891
2025-07-24 12:42:38 INFO     MRR  : 0.048161
2025-07-24 12:42:38 INFO     >>>>> Predictor: Computing H scores of rules
2025-07-24 12:45:59 INFO     1000 5959
2025-07-24 12:49:18 INFO     2000 5959
2025-07-24 12:52:48 INFO     3000 5959
2025-07-24 12:56:08 INFO     4000 5959
2025-07-24 12:59:37 INFO     5000 5959
2025-07-24 13:02:52 INFO     >>>>> Generator: Training
2025-07-24 13:03:02 INFO     -------------------------
2025-07-24 13:03:02 INFO     | Post-train Generator
2025-07-24 13:03:02 INFO     -------------------------
2025-07-24 13:03:04 INFO     >>>>> Generator: Training
2025-07-24 13:04:44 INFO     [E01000] Total 2.052069 | Main 2.410393 | RelClus 1.458893 | EntType 0.000000
2025-07-24 13:04:44 INFO     -------------------------
2025-07-24 13:04:44 INFO     | Beam Search Best Rules
2025-07-24 13:04:44 INFO     -------------------------
2025-07-24 13:04:44 INFO     >>>>> Generator: Rule generation with beam search
2025-07-24 13:04:45 INFO     >>>>> Generator: Rule generation with beam search
2025-07-24 13:04:51 INFO     >>>>> Generator: Rule generation with beam search
2025-07-24 13:06:09 INFO     >>>>> Generator: Rule generation with beam search
2025-07-24 13:07:11 INFO     >>>>> Generator: Rule generation with beam search
2025-07-24 13:07:54 INFO     -------------------------
2025-07-24 13:07:54 INFO     | Train Final Predictor+
2025-07-24 13:07:54 INFO     -------------------------
2025-07-24 13:07:54 INFO     Predictor+: read 18420 rules from list.
2025-07-24 13:07:55 INFO     Preprocess training set
2025-07-24 13:07:55 INFO     -------------------------
2025-07-24 13:07:55 INFO     | Iteration: 1/5
2025-07-24 13:07:55 INFO     -------------------------
2025-07-24 13:07:55 INFO     >>>>> Predictor: Training
2025-07-24 13:13:32 INFO     1000 5959 5.259507 69271.3
2025-07-24 13:19:02 INFO     2000 5959 5.109329 69332.0
2025-07-24 13:24:28 INFO     3000 5959 5.089453 69375.3
2025-07-24 13:29:46 INFO     4000 5959 5.061170 69279.9
2025-07-24 13:35:17 INFO     5000 5959 5.021677 69349.3
2025-07-24 13:40:35 INFO     >>>>> Predictor: Evaluating on valid
2025-07-24 13:41:53 INFO     Data : 2077
2025-07-24 13:41:53 INFO     Hit1 : 0.078479
2025-07-24 13:41:53 INFO     Hit3 : 0.146365
2025-07-24 13:41:53 INFO     Hit10: 0.247472
2025-07-24 13:41:53 INFO     MR   : 1150.910929
2025-07-24 13:41:53 INFO     MRR  : 0.132893
2025-07-24 13:41:53 INFO     >>>>> Predictor: Evaluating on test
2025-07-24 13:43:21 INFO     Data : 2342
2025-07-24 13:43:21 INFO     Hit1 : 0.099061
2025-07-24 13:43:21 INFO     Hit3 : 0.166951
2025-07-24 13:43:21 INFO     Hit10: 0.249360
2025-07-24 13:43:21 INFO     MR   : 1079.959863
2025-07-24 13:43:21 INFO     MRR  : 0.148943
2025-07-24 13:43:21 INFO     Save checkpoint to results/semmeddb/10_times_each/soft_label/2_20250724_072021/predictor.pt
2025-07-24 13:43:21 INFO     -------------------------
2025-07-24 13:43:21 INFO     | Iteration: 2/5
2025-07-24 13:43:21 INFO     -------------------------
2025-07-24 13:43:21 INFO     >>>>> Predictor: Training
2025-07-24 13:48:40 INFO     1000 5959 4.992636 69366.7
2025-07-24 13:53:58 INFO     2000 5959 5.015722 69375.3
2025-07-24 13:59:27 INFO     3000 5959 4.991528 69219.2
2025-07-24 14:05:03 INFO     4000 5959 5.016149 69305.9
2025-07-24 14:10:21 INFO     5000 5959 4.980562 69288.6
2025-07-24 14:15:34 INFO     >>>>> Predictor: Evaluating on valid
2025-07-24 14:16:53 INFO     Data : 2077
2025-07-24 14:16:53 INFO     Hit1 : 0.068368
2025-07-24 14:16:53 INFO     Hit3 : 0.147809
2025-07-24 14:16:53 INFO     Hit10: 0.245546
2025-07-24 14:16:53 INFO     MR   : 1119.522629
2025-07-24 14:16:53 INFO     MRR  : 0.127706
2025-07-24 14:16:53 INFO     >>>>> Predictor: Evaluating on test
2025-07-24 14:18:21 INFO     Data : 2342
2025-07-24 14:18:21 INFO     Hit1 : 0.093937
2025-07-24 14:18:21 INFO     Hit3 : 0.165670
2025-07-24 14:18:21 INFO     Hit10: 0.251921
2025-07-24 14:18:21 INFO     MR   : 1051.088599
2025-07-24 14:18:21 INFO     MRR  : 0.146324
2025-07-24 14:18:21 INFO     -------------------------
2025-07-24 14:18:21 INFO     | Iteration: 3/5
2025-07-24 14:18:21 INFO     -------------------------
2025-07-24 14:18:21 INFO     >>>>> Predictor: Training
2025-07-24 14:23:49 INFO     1000 5959 4.986971 69288.6
2025-07-24 14:29:12 INFO     2000 5959 4.988810 69288.6
2025-07-24 14:34:36 INFO     3000 5959 4.981128 69340.6
2025-07-24 14:40:02 INFO     4000 5959 4.977491 69271.3
2025-07-24 14:45:25 INFO     5000 5959 5.013037 69219.2
2025-07-24 14:50:33 INFO     >>>>> Predictor: Evaluating on valid
2025-07-24 14:52:00 INFO     Data : 2077
2025-07-24 14:52:00 INFO     Hit1 : 0.072701
2025-07-24 14:52:00 INFO     Hit3 : 0.147809
2025-07-24 14:52:00 INFO     Hit10: 0.242176
2025-07-24 14:52:00 INFO     MR   : 1107.432114
2025-07-24 14:52:00 INFO     MRR  : 0.130425
2025-07-24 14:52:00 INFO     >>>>> Predictor: Evaluating on test
2025-07-24 14:53:29 INFO     Data : 2342
2025-07-24 14:53:29 INFO     Hit1 : 0.099061
2025-07-24 14:53:29 INFO     Hit3 : 0.161827
2025-07-24 14:53:29 INFO     Hit10: 0.245517
2025-07-24 14:53:29 INFO     MR   : 1032.147737
2025-07-24 14:53:29 INFO     MRR  : 0.147710
2025-07-24 14:53:29 INFO     -------------------------
2025-07-24 14:53:29 INFO     | Iteration: 4/5
2025-07-24 14:53:29 INFO     -------------------------
2025-07-24 14:53:29 INFO     >>>>> Predictor: Training
2025-07-24 14:58:46 INFO     1000 5959 4.953393 69340.6
2025-07-24 15:04:16 INFO     2000 5959 4.936788 69184.5
2025-07-24 15:09:38 INFO     3000 5959 5.033763 69253.9
2025-07-24 15:14:59 INFO     4000 5959 4.980305 69340.6
2025-07-24 15:20:21 INFO     5000 5959 4.974807 69384.0
2025-07-24 15:25:52 INFO     >>>>> Predictor: Evaluating on valid
2025-07-24 15:27:12 INFO     Data : 2077
2025-07-24 15:27:12 INFO     Hit1 : 0.067886
2025-07-24 15:27:12 INFO     Hit3 : 0.147328
2025-07-24 15:27:12 INFO     Hit10: 0.239769
2025-07-24 15:27:12 INFO     MR   : 1108.090034
2025-07-24 15:27:12 INFO     MRR  : 0.126776
2025-07-24 15:27:12 INFO     >>>>> Predictor: Evaluating on test
2025-07-24 15:28:47 INFO     Data : 2342
2025-07-24 15:28:47 INFO     Hit1 : 0.100769
2025-07-24 15:28:47 INFO     Hit3 : 0.163108
2025-07-24 15:28:47 INFO     Hit10: 0.248506
2025-07-24 15:28:47 INFO     MR   : 1036.260888
2025-07-24 15:28:47 INFO     MRR  : 0.149861
2025-07-24 15:28:47 INFO     -------------------------
2025-07-24 15:28:47 INFO     | Iteration: 5/5
2025-07-24 15:28:47 INFO     -------------------------
2025-07-24 15:28:47 INFO     >>>>> Predictor: Training
2025-07-24 15:34:16 INFO     1000 5959 4.981247 69323.3
2025-07-24 15:39:34 INFO     2000 5959 4.974006 69332.0
2025-07-24 15:44:53 INFO     3000 5959 4.994800 69219.2
2025-07-24 15:50:19 INFO     4000 5959 4.957592 69297.3
2025-07-24 15:55:46 INFO     5000 5959 4.949389 69332.0
2025-07-24 16:01:02 INFO     >>>>> Predictor: Evaluating on valid
2025-07-24 16:02:20 INFO     Data : 2077
2025-07-24 16:02:20 INFO     Hit1 : 0.072220
2025-07-24 16:02:20 INFO     Hit3 : 0.147809
2025-07-24 16:02:20 INFO     Hit10: 0.245546
2025-07-24 16:02:20 INFO     MR   : 1098.104478
2025-07-24 16:02:20 INFO     MRR  : 0.129853
2025-07-24 16:02:20 INFO     >>>>> Predictor: Evaluating on test
2025-07-24 16:03:51 INFO     Data : 2342
2025-07-24 16:03:51 INFO     Hit1 : 0.096499
2025-07-24 16:03:51 INFO     Hit3 : 0.167805
2025-07-24 16:03:51 INFO     Hit10: 0.249360
2025-07-24 16:03:51 INFO     MR   : 1036.449616
2025-07-24 16:03:51 INFO     MRR  : 0.149341
2025-07-24 16:03:51 INFO     -------------------------
2025-07-24 16:03:51 INFO     | Final Test MRR: 0.148943
2025-07-24 16:03:51 INFO     -------------------------
