2025-07-10 01:52:08 INFO     is_soft_label: False
2025-07-10 01:52:08 INFO     is_scheduled_sampling: False
2025-07-10 01:52:08 INFO     is_test_mode: False
2025-07-10 01:52:08 INFO     Data loading | DONE!
2025-07-10 01:52:08 INFO     Using full datasets for training, validation, and testing.
2025-07-10 01:52:08 INFO     -------------------------
2025-07-10 01:52:08 INFO     | EM Iteration: 1/5
2025-07-10 01:52:08 INFO     -------------------------
2025-07-10 01:52:08 INFO     >>>>> Using miner's rule
2025-07-10 01:52:08 INFO     Predictor: read 13661 rules from list.
2025-07-10 01:52:09 INFO     Preprocess training set
2025-07-10 01:52:09 INFO     >>>>> Predictor: Evaluating on valid
2025-07-10 01:54:00 INFO     Data : 2077
2025-07-10 01:54:00 INFO     Hit1 : 0.065479
2025-07-10 01:54:00 INFO     Hit3 : 0.127106
2025-07-10 01:54:00 INFO     Hit10: 0.199326
2025-07-10 01:54:00 INFO     MR   : 1120.902022
2025-07-10 01:54:00 INFO     MRR  : 0.114382
2025-07-10 01:54:00 INFO     >>>>> Predictor: Evaluating on test
2025-07-10 01:56:06 INFO     Data : 2342
2025-07-10 01:56:06 INFO     Hit1 : 0.078992
2025-07-10 01:56:06 INFO     Hit3 : 0.124253
2025-07-10 01:56:06 INFO     Hit10: 0.208796
2025-07-10 01:56:06 INFO     MR   : 1044.269001
2025-07-10 01:56:06 INFO     MRR  : 0.122250
2025-07-10 01:56:06 INFO     >>>>> Predictor: Computing H scores of rules
2025-07-10 02:24:41 INFO     1000 5959
2025-07-10 02:53:48 INFO     2000 5959
2025-07-10 03:22:33 INFO     3000 5959
2025-07-10 03:51:31 INFO     4000 5959
2025-07-10 04:20:16 INFO     5000 5959
2025-07-10 04:49:32 INFO     >>>>> Generator: Training
2025-07-10 04:49:36 INFO     -------------------------
2025-07-10 04:49:36 INFO     | EM Iteration: 2/5
2025-07-10 04:49:36 INFO     -------------------------
2025-07-10 04:49:36 INFO     >>>>> Using Generator's sample rule
2025-07-10 04:49:36 INFO     >>>>> Generator: Rule generation with sampling
2025-07-10 04:49:36 INFO     Predictor: read 1911 rules from list.
2025-07-10 04:49:36 INFO     Preprocess training set
2025-07-10 04:49:36 INFO     >>>>> Predictor: Training
2025-07-10 04:50:27 INFO     1000 5959 8.777697 69314.6
2025-07-10 04:51:17 INFO     2000 5959 8.372000 69271.3
2025-07-10 04:52:07 INFO     3000 5959 8.153905 69245.2
2025-07-10 04:52:57 INFO     4000 5959 7.970392 69340.6
2025-07-10 04:53:48 INFO     5000 5959 7.794693 69340.6
2025-07-10 04:54:37 INFO     >>>>> Predictor: Evaluating on valid
2025-07-10 04:54:46 INFO     Data : 2077
2025-07-10 04:54:46 INFO     Hit1 : 0.018777
2025-07-10 04:54:46 INFO     Hit3 : 0.033221
2025-07-10 04:54:46 INFO     Hit10: 0.057294
2025-07-10 04:54:46 INFO     MR   : 1434.890467
2025-07-10 04:54:46 INFO     MRR  : 0.034256
2025-07-10 04:54:46 INFO     >>>>> Predictor: Evaluating on test
2025-07-10 04:54:57 INFO     Data : 2342
2025-07-10 04:54:57 INFO     Hit1 : 0.017506
2025-07-10 04:54:57 INFO     Hit3 : 0.033305
2025-07-10 04:54:57 INFO     Hit10: 0.061059
2025-07-10 04:54:57 INFO     MR   : 1332.290991
2025-07-10 04:54:57 INFO     MRR  : 0.034269
2025-07-10 04:54:57 INFO     >>>>> Predictor: Computing H scores of rules
2025-07-10 04:57:18 INFO     1000 5959
2025-07-10 04:59:38 INFO     2000 5959
2025-07-10 05:01:59 INFO     3000 5959
2025-07-10 05:04:19 INFO     4000 5959
2025-07-10 05:06:40 INFO     5000 5959
2025-07-10 05:08:56 INFO     >>>>> Generator: Training
2025-07-10 05:09:00 INFO     -------------------------
2025-07-10 05:09:00 INFO     | EM Iteration: 3/5
2025-07-10 05:09:00 INFO     -------------------------
2025-07-10 05:09:00 INFO     >>>>> Using Generator's sample rule
2025-07-10 05:09:00 INFO     >>>>> Generator: Rule generation with sampling
2025-07-10 05:09:00 INFO     Predictor: read 1913 rules from list.
2025-07-10 05:09:00 INFO     Preprocess training set
2025-07-10 05:09:00 INFO     >>>>> Predictor: Training
2025-07-10 05:09:51 INFO     1000 5959 8.801417 69332.0
2025-07-10 05:10:41 INFO     2000 5959 8.440396 69349.3
2025-07-10 05:11:32 INFO     3000 5959 8.213695 69184.5
2025-07-10 05:12:23 INFO     4000 5959 8.009485 69253.9
2025-07-10 05:13:13 INFO     5000 5959 7.911373 69332.0
2025-07-10 05:14:01 INFO     >>>>> Predictor: Evaluating on valid
2025-07-10 05:14:10 INFO     Data : 2077
2025-07-10 05:14:10 INFO     Hit1 : 0.013962
2025-07-10 05:14:10 INFO     Hit3 : 0.021666
2025-07-10 05:14:10 INFO     Hit10: 0.033221
2025-07-10 05:14:10 INFO     MR   : 1496.971594
2025-07-10 05:14:10 INFO     MRR  : 0.023922
2025-07-10 05:14:10 INFO     >>>>> Predictor: Evaluating on test
2025-07-10 05:14:20 INFO     Data : 2342
2025-07-10 05:14:20 INFO     Hit1 : 0.013664
2025-07-10 05:14:20 INFO     Hit3 : 0.019641
2025-07-10 05:14:20 INFO     Hit10: 0.028181
2025-07-10 05:14:20 INFO     MR   : 1380.479078
2025-07-10 05:14:20 INFO     MRR  : 0.022659
2025-07-10 05:14:20 INFO     >>>>> Predictor: Computing H scores of rules
2025-07-10 05:16:39 INFO     1000 5959
2025-07-10 05:18:58 INFO     2000 5959
2025-07-10 05:21:17 INFO     3000 5959
2025-07-10 05:23:36 INFO     4000 5959
2025-07-10 05:25:56 INFO     5000 5959
2025-07-10 05:28:11 INFO     >>>>> Generator: Training
2025-07-10 05:28:14 INFO     -------------------------
2025-07-10 05:28:14 INFO     | EM Iteration: 4/5
2025-07-10 05:28:14 INFO     -------------------------
2025-07-10 05:28:14 INFO     >>>>> Using Generator's sample rule
2025-07-10 05:28:14 INFO     >>>>> Generator: Rule generation with sampling
2025-07-10 05:28:15 INFO     Predictor: read 1934 rules from list.
2025-07-10 05:28:15 INFO     Preprocess training set
2025-07-10 05:28:15 INFO     >>>>> Predictor: Training
2025-07-10 05:29:05 INFO     1000 5959 8.787222 69271.3
2025-07-10 05:29:55 INFO     2000 5959 8.405714 69340.6
2025-07-10 05:30:46 INFO     3000 5959 8.139487 69384.0
2025-07-10 05:31:37 INFO     4000 5959 7.956794 69262.6
2025-07-10 05:32:28 INFO     5000 5959 7.797917 69332.0
2025-07-10 05:33:16 INFO     >>>>> Predictor: Evaluating on valid
2025-07-10 05:33:26 INFO     Data : 2077
2025-07-10 05:33:26 INFO     Hit1 : 0.012518
2025-07-10 05:33:26 INFO     Hit3 : 0.026481
2025-07-10 05:33:26 INFO     Hit10: 0.047183
2025-07-10 05:33:26 INFO     MR   : 1475.796100
2025-07-10 05:33:26 INFO     MRR  : 0.027906
2025-07-10 05:33:26 INFO     >>>>> Predictor: Evaluating on test
2025-07-10 05:33:37 INFO     Data : 2342
2025-07-10 05:33:37 INFO     Hit1 : 0.009394
2025-07-10 05:33:37 INFO     Hit3 : 0.021776
2025-07-10 05:33:37 INFO     Hit10: 0.042272
2025-07-10 05:33:37 INFO     MR   : 1363.837746
2025-07-10 05:33:37 INFO     MRR  : 0.024119
2025-07-10 05:33:37 INFO     >>>>> Predictor: Computing H scores of rules
2025-07-10 05:35:56 INFO     1000 5959
2025-07-10 05:38:16 INFO     2000 5959
2025-07-10 05:40:35 INFO     3000 5959
2025-07-10 05:42:54 INFO     4000 5959
2025-07-10 05:45:14 INFO     5000 5959
2025-07-10 05:47:30 INFO     >>>>> Generator: Training
2025-07-10 05:47:34 INFO     -------------------------
2025-07-10 05:47:34 INFO     | EM Iteration: 5/5
2025-07-10 05:47:34 INFO     -------------------------
2025-07-10 05:47:34 INFO     >>>>> Using Generator's sample rule
2025-07-10 05:47:34 INFO     >>>>> Generator: Rule generation with sampling
2025-07-10 05:47:34 INFO     Predictor: read 1957 rules from list.
2025-07-10 05:47:34 INFO     Preprocess training set
2025-07-10 05:47:34 INFO     >>>>> Predictor: Training
2025-07-10 05:48:26 INFO     1000 5959 8.830482 69332.0
2025-07-10 05:49:18 INFO     2000 5959 8.516944 69349.3
2025-07-10 05:50:10 INFO     3000 5959 8.327075 69340.6
2025-07-10 05:51:02 INFO     4000 5959 8.191456 69297.3
2025-07-10 05:51:55 INFO     5000 5959 8.089649 69219.2
2025-07-10 05:52:44 INFO     >>>>> Predictor: Evaluating on valid
2025-07-10 05:52:54 INFO     Data : 2077
2025-07-10 05:52:54 INFO     Hit1 : 0.027443
2025-07-10 05:52:54 INFO     Hit3 : 0.053442
2025-07-10 05:52:54 INFO     Hit10: 0.080886
2025-07-10 05:52:54 INFO     MR   : 1446.551517
2025-07-10 05:52:54 INFO     MRR  : 0.049468
2025-07-10 05:52:54 INFO     >>>>> Predictor: Evaluating on test
2025-07-10 05:53:05 INFO     Data : 2342
2025-07-10 05:53:05 INFO     Hit1 : 0.029462
2025-07-10 05:53:05 INFO     Hit3 : 0.054227
2025-07-10 05:53:05 INFO     Hit10: 0.078992
2025-07-10 05:53:05 INFO     MR   : 1341.779249
2025-07-10 05:53:05 INFO     MRR  : 0.051115
2025-07-10 05:53:05 INFO     >>>>> Predictor: Computing H scores of rules
2025-07-10 05:55:27 INFO     1000 5959
2025-07-10 05:57:49 INFO     2000 5959
2025-07-10 06:00:10 INFO     3000 5959
2025-07-10 06:02:32 INFO     4000 5959
2025-07-10 06:04:54 INFO     5000 5959
2025-07-10 06:07:11 INFO     >>>>> Generator: Training
2025-07-10 06:07:15 INFO     -------------------------
2025-07-10 06:07:15 INFO     | Post-train Generator
2025-07-10 06:07:15 INFO     -------------------------
2025-07-10 06:07:16 INFO     >>>>> Generator: Training
2025-07-10 06:07:53 INFO     [E01000] Total 3.206713 | Main 3.089704 | RelClus 2.268245 | EntType 3.041056
2025-07-10 06:07:53 INFO     -------------------------
2025-07-10 06:07:53 INFO     | Beam Search Best Rules
2025-07-10 06:07:53 INFO     -------------------------
2025-07-10 06:07:53 INFO     >>>>> Generator: Rule generation with beam search
2025-07-10 06:07:54 INFO     >>>>> Generator: Rule generation with beam search
2025-07-10 06:07:59 INFO     >>>>> Generator: Rule generation with beam search
2025-07-10 06:09:04 INFO     >>>>> Generator: Rule generation with beam search
2025-07-10 06:09:59 INFO     >>>>> Generator: Rule generation with beam search
2025-07-10 06:10:36 INFO     -------------------------
2025-07-10 06:10:36 INFO     | Train Final Predictor+
2025-07-10 06:10:36 INFO     -------------------------
2025-07-10 06:10:36 INFO     Predictor+: read 18420 rules from list.
2025-07-10 06:10:36 INFO     Preprocess training set
2025-07-10 06:10:36 INFO     -------------------------
2025-07-10 06:10:36 INFO     | Iteration: 1/5
2025-07-10 06:10:36 INFO     -------------------------
2025-07-10 06:10:36 INFO     >>>>> Predictor: Training
2025-07-10 06:14:42 INFO     1000 5959 4.895646 69271.3
2025-07-10 06:18:47 INFO     2000 5959 4.723196 69332.0
2025-07-10 06:22:52 INFO     3000 5959 4.707403 69375.3
2025-07-10 06:26:57 INFO     4000 5959 4.709056 69279.9
2025-07-10 06:31:03 INFO     5000 5959 4.680472 69349.3
2025-07-10 06:34:58 INFO     >>>>> Predictor: Evaluating on valid
2025-07-10 06:35:58 INFO     Data : 2077
2025-07-10 06:35:58 INFO     Hit1 : 0.102552
2025-07-10 06:35:58 INFO     Hit3 : 0.188734
2025-07-10 06:35:58 INFO     Hit10: 0.318729
2025-07-10 06:35:58 INFO     MR   : 985.723881
2025-07-10 06:35:58 INFO     MRR  : 0.170276
2025-07-10 06:35:58 INFO     >>>>> Predictor: Evaluating on test
2025-07-10 06:37:06 INFO     Data : 2342
2025-07-10 06:37:06 INFO     Hit1 : 0.128950
2025-07-10 06:37:06 INFO     Hit3 : 0.209650
2025-07-10 06:37:06 INFO     Hit10: 0.316396
2025-07-10 06:37:06 INFO     MR   : 920.365927
2025-07-10 06:37:06 INFO     MRR  : 0.190832
2025-07-10 06:37:06 INFO     Save checkpoint to results/semmeddb/10_times_each/cluster_k/6_20250710_015206/predictor.pt
2025-07-10 06:37:06 INFO     -------------------------
2025-07-10 06:37:06 INFO     | Iteration: 2/5
2025-07-10 06:37:06 INFO     -------------------------
2025-07-10 06:37:06 INFO     >>>>> Predictor: Training
2025-07-10 06:41:12 INFO     1000 5959 4.603872 69366.7
2025-07-10 06:45:18 INFO     2000 5959 4.652057 69375.3
2025-07-10 06:49:23 INFO     3000 5959 4.640656 69219.2
2025-07-10 06:53:29 INFO     4000 5959 4.651427 69305.9
2025-07-10 06:57:35 INFO     5000 5959 4.617097 69288.6
2025-07-10 07:01:32 INFO     >>>>> Predictor: Evaluating on valid
2025-07-10 07:02:32 INFO     Data : 2077
2025-07-10 07:02:32 INFO     Hit1 : 0.092922
2025-07-10 07:02:32 INFO     Hit3 : 0.182475
2025-07-10 07:02:32 INFO     Hit10: 0.313433
2025-07-10 07:02:32 INFO     MR   : 946.669234
2025-07-10 07:02:32 INFO     MRR  : 0.163995
2025-07-10 07:02:32 INFO     >>>>> Predictor: Evaluating on test
2025-07-10 07:03:39 INFO     Data : 2342
2025-07-10 07:03:39 INFO     Hit1 : 0.125961
2025-07-10 07:03:39 INFO     Hit3 : 0.205807
2025-07-10 07:03:39 INFO     Hit10: 0.321947
2025-07-10 07:03:39 INFO     MR   : 881.440436
2025-07-10 07:03:39 INFO     MRR  : 0.189246
2025-07-10 07:03:39 INFO     -------------------------
2025-07-10 07:03:39 INFO     | Iteration: 3/5
2025-07-10 07:03:39 INFO     -------------------------
2025-07-10 07:03:39 INFO     >>>>> Predictor: Training
2025-07-10 07:07:45 INFO     1000 5959 4.615717 69288.6
2025-07-10 07:11:51 INFO     2000 5959 4.618318 69288.6
2025-07-10 07:15:56 INFO     3000 5959 4.606461 69340.6
2025-07-10 07:20:02 INFO     4000 5959 4.617473 69271.3
2025-07-10 07:24:07 INFO     5000 5959 4.637809 69219.2
2025-07-10 07:28:03 INFO     >>>>> Predictor: Evaluating on valid
2025-07-10 07:29:03 INFO     Data : 2077
2025-07-10 07:29:03 INFO     Hit1 : 0.091478
2025-07-10 07:29:03 INFO     Hit3 : 0.176697
2025-07-10 07:29:03 INFO     Hit10: 0.310544
2025-07-10 07:29:03 INFO     MR   : 935.497111
2025-07-10 07:29:03 INFO     MRR  : 0.161386
2025-07-10 07:29:03 INFO     >>>>> Predictor: Evaluating on test
2025-07-10 07:30:11 INFO     Data : 2342
2025-07-10 07:30:11 INFO     Hit1 : 0.114859
2025-07-10 07:30:11 INFO     Hit3 : 0.198975
2025-07-10 07:30:11 INFO     Hit10: 0.322801
2025-07-10 07:30:11 INFO     MR   : 862.821307
2025-07-10 07:30:11 INFO     MRR  : 0.181044
2025-07-10 07:30:11 INFO     -------------------------
2025-07-10 07:30:11 INFO     | Iteration: 4/5
2025-07-10 07:30:11 INFO     -------------------------
2025-07-10 07:30:11 INFO     >>>>> Predictor: Training
2025-07-10 07:34:16 INFO     1000 5959 4.592279 69340.6
2025-07-10 07:38:22 INFO     2000 5959 4.562551 69184.5
2025-07-10 07:42:28 INFO     3000 5959 4.625027 69253.9
2025-07-10 07:46:33 INFO     4000 5959 4.599771 69340.6
2025-07-10 07:50:39 INFO     5000 5959 4.598365 69384.0
2025-07-10 07:54:35 INFO     >>>>> Predictor: Evaluating on valid
2025-07-10 07:55:35 INFO     Data : 2077
2025-07-10 07:55:35 INFO     Hit1 : 0.094848
2025-07-10 07:55:35 INFO     Hit3 : 0.179586
2025-07-10 07:55:35 INFO     Hit10: 0.315840
2025-07-10 07:55:35 INFO     MR   : 927.929225
2025-07-10 07:55:35 INFO     MRR  : 0.164803
2025-07-10 07:55:35 INFO     >>>>> Predictor: Evaluating on test
2025-07-10 07:56:42 INFO     Data : 2342
2025-07-10 07:56:42 INFO     Hit1 : 0.127669
2025-07-10 07:56:42 INFO     Hit3 : 0.212212
2025-07-10 07:56:42 INFO     Hit10: 0.321520
2025-07-10 07:56:42 INFO     MR   : 860.423997
2025-07-10 07:56:42 INFO     MRR  : 0.191483
2025-07-10 07:56:42 INFO     -------------------------
2025-07-10 07:56:42 INFO     | Iteration: 5/5
2025-07-10 07:56:42 INFO     -------------------------
2025-07-10 07:56:42 INFO     >>>>> Predictor: Training
2025-07-10 08:00:48 INFO     1000 5959 4.604079 69323.3
2025-07-10 08:04:54 INFO     2000 5959 4.581853 69332.0
2025-07-10 08:09:00 INFO     3000 5959 4.614653 69219.2
2025-07-10 08:13:06 INFO     4000 5959 4.612925 69297.3
2025-07-10 08:17:12 INFO     5000 5959 4.572663 69332.0
2025-07-10 08:21:07 INFO     >>>>> Predictor: Evaluating on valid
2025-07-10 08:22:07 INFO     Data : 2077
2025-07-10 08:22:07 INFO     Hit1 : 0.093404
2025-07-10 08:22:07 INFO     Hit3 : 0.178142
2025-07-10 08:22:07 INFO     Hit10: 0.316322
2025-07-10 08:22:07 INFO     MR   : 918.570534
2025-07-10 08:22:07 INFO     MRR  : 0.162864
2025-07-10 08:22:07 INFO     >>>>> Predictor: Evaluating on test
2025-07-10 08:23:15 INFO     Data : 2342
2025-07-10 08:23:15 INFO     Hit1 : 0.125534
2025-07-10 08:23:15 INFO     Hit3 : 0.209650
2025-07-10 08:23:15 INFO     Hit10: 0.321947
2025-07-10 08:23:15 INFO     MR   : 851.030743
2025-07-10 08:23:15 INFO     MRR  : 0.190029
2025-07-10 08:23:15 INFO     -------------------------
2025-07-10 08:23:15 INFO     | Final Test MRR: 0.190832
2025-07-10 08:23:15 INFO     -------------------------
