2025-07-09 16:47:43 INFO     is_soft_label: False
2025-07-09 16:47:43 INFO     is_scheduled_sampling: False
2025-07-09 16:47:43 INFO     is_test_mode: False
2025-07-09 16:47:44 INFO     Data loading | DONE!
2025-07-09 16:47:44 INFO     Using full datasets for training, validation, and testing.
2025-07-09 16:47:44 INFO     -------------------------
2025-07-09 16:47:44 INFO     | EM Iteration: 1/5
2025-07-09 16:47:44 INFO     -------------------------
2025-07-09 16:47:44 INFO     >>>>> Using miner's rule
2025-07-09 16:47:44 INFO     Predictor: read 13661 rules from list.
2025-07-09 16:47:45 INFO     Preprocess training set
2025-07-09 16:47:45 INFO     >>>>> Predictor: Evaluating on valid
2025-07-09 16:49:40 INFO     Data : 2077
2025-07-09 16:49:40 INFO     Hit1 : 0.065479
2025-07-09 16:49:40 INFO     Hit3 : 0.127106
2025-07-09 16:49:40 INFO     Hit10: 0.199326
2025-07-09 16:49:40 INFO     MR   : 1120.902022
2025-07-09 16:49:40 INFO     MRR  : 0.114382
2025-07-09 16:49:40 INFO     >>>>> Predictor: Evaluating on test
2025-07-09 16:51:50 INFO     Data : 2342
2025-07-09 16:51:50 INFO     Hit1 : 0.078992
2025-07-09 16:51:50 INFO     Hit3 : 0.124253
2025-07-09 16:51:50 INFO     Hit10: 0.208796
2025-07-09 16:51:50 INFO     MR   : 1044.269001
2025-07-09 16:51:50 INFO     MRR  : 0.122250
2025-07-09 16:51:50 INFO     >>>>> Predictor: Computing H scores of rules
2025-07-09 17:20:17 INFO     1000 5959
2025-07-09 17:48:58 INFO     2000 5959
2025-07-09 18:17:02 INFO     3000 5959
2025-07-09 18:45:24 INFO     4000 5959
2025-07-09 19:13:26 INFO     5000 5959
2025-07-09 19:42:02 INFO     >>>>> Generator: Training
2025-07-09 19:42:06 INFO     -------------------------
2025-07-09 19:42:06 INFO     | EM Iteration: 2/5
2025-07-09 19:42:06 INFO     -------------------------
2025-07-09 19:42:06 INFO     >>>>> Using Generator's sample rule
2025-07-09 19:42:06 INFO     >>>>> Generator: Rule generation with sampling
2025-07-09 19:42:06 INFO     Predictor: read 1910 rules from list.
2025-07-09 19:42:06 INFO     Preprocess training set
2025-07-09 19:42:06 INFO     >>>>> Predictor: Training
2025-07-09 19:42:52 INFO     1000 5959 8.782357 69314.6
2025-07-09 19:43:39 INFO     2000 5959 8.410201 69271.3
2025-07-09 19:44:25 INFO     3000 5959 8.219377 69245.2
2025-07-09 19:45:11 INFO     4000 5959 8.065942 69340.6
2025-07-09 19:45:58 INFO     5000 5959 7.942114 69340.6
2025-07-09 19:46:42 INFO     >>>>> Predictor: Evaluating on valid
2025-07-09 19:46:52 INFO     Data : 2077
2025-07-09 19:46:52 INFO     Hit1 : 0.025036
2025-07-09 19:46:52 INFO     Hit3 : 0.040924
2025-07-09 19:46:52 INFO     Hit10: 0.064516
2025-07-09 19:46:52 INFO     MR   : 1410.586423
2025-07-09 19:46:52 INFO     MRR  : 0.041209
2025-07-09 19:46:52 INFO     >>>>> Predictor: Evaluating on test
2025-07-09 19:47:02 INFO     Data : 2342
2025-07-09 19:47:02 INFO     Hit1 : 0.019641
2025-07-09 19:47:02 INFO     Hit3 : 0.031170
2025-07-09 19:47:02 INFO     Hit10: 0.058497
2025-07-09 19:47:02 INFO     MR   : 1316.312340
2025-07-09 19:47:02 INFO     MRR  : 0.035233
2025-07-09 19:47:02 INFO     >>>>> Predictor: Computing H scores of rules
2025-07-09 19:49:16 INFO     1000 5959
2025-07-09 19:51:29 INFO     2000 5959
2025-07-09 19:53:42 INFO     3000 5959
2025-07-09 19:55:55 INFO     4000 5959
2025-07-09 19:58:09 INFO     5000 5959
2025-07-09 20:00:19 INFO     >>>>> Generator: Training
2025-07-09 20:00:22 INFO     -------------------------
2025-07-09 20:00:22 INFO     | EM Iteration: 3/5
2025-07-09 20:00:22 INFO     -------------------------
2025-07-09 20:00:22 INFO     >>>>> Using Generator's sample rule
2025-07-09 20:00:22 INFO     >>>>> Generator: Rule generation with sampling
2025-07-09 20:00:22 INFO     Predictor: read 1897 rules from list.
2025-07-09 20:00:22 INFO     Preprocess training set
2025-07-09 20:00:22 INFO     >>>>> Predictor: Training
2025-07-09 20:01:09 INFO     1000 5959 8.811757 69332.0
2025-07-09 20:01:55 INFO     2000 5959 8.475093 69349.3
2025-07-09 20:02:41 INFO     3000 5959 8.264036 69184.5
2025-07-09 20:03:27 INFO     4000 5959 8.096472 69253.9
2025-07-09 20:04:14 INFO     5000 5959 8.004301 69332.0
2025-07-09 20:04:58 INFO     >>>>> Predictor: Evaluating on valid
2025-07-09 20:05:07 INFO     Data : 2077
2025-07-09 20:05:07 INFO     Hit1 : 0.001926
2025-07-09 20:05:07 INFO     Hit3 : 0.006740
2025-07-09 20:05:07 INFO     Hit10: 0.018777
2025-07-09 20:05:07 INFO     MR   : 1507.043332
2025-07-09 20:05:07 INFO     MRR  : 0.010949
2025-07-09 20:05:07 INFO     >>>>> Predictor: Evaluating on test
2025-07-09 20:05:18 INFO     Data : 2342
2025-07-09 20:05:18 INFO     Hit1 : 0.001708
2025-07-09 20:05:18 INFO     Hit3 : 0.003416
2025-07-09 20:05:18 INFO     Hit10: 0.013664
2025-07-09 20:05:18 INFO     MR   : 1390.829633
2025-07-09 20:05:18 INFO     MRR  : 0.008999
2025-07-09 20:05:18 INFO     >>>>> Predictor: Computing H scores of rules
2025-07-09 20:07:31 INFO     1000 5959
2025-07-09 20:09:47 INFO     2000 5959
2025-07-09 20:12:02 INFO     3000 5959
2025-07-09 20:14:19 INFO     4000 5959
2025-07-09 20:16:36 INFO     5000 5959
2025-07-09 20:18:50 INFO     >>>>> Generator: Training
2025-07-09 20:18:54 INFO     -------------------------
2025-07-09 20:18:54 INFO     | EM Iteration: 4/5
2025-07-09 20:18:54 INFO     -------------------------
2025-07-09 20:18:54 INFO     >>>>> Using Generator's sample rule
2025-07-09 20:18:54 INFO     >>>>> Generator: Rule generation with sampling
2025-07-09 20:18:54 INFO     Predictor: read 1937 rules from list.
2025-07-09 20:18:54 INFO     Preprocess training set
2025-07-09 20:18:54 INFO     >>>>> Predictor: Training
2025-07-09 20:19:42 INFO     1000 5959 8.796538 69271.3
2025-07-09 20:20:30 INFO     2000 5959 8.418007 69340.6
2025-07-09 20:21:18 INFO     3000 5959 8.161701 69384.0
2025-07-09 20:22:05 INFO     4000 5959 7.996454 69262.6
2025-07-09 20:22:54 INFO     5000 5959 7.856040 69332.0
2025-07-09 20:23:41 INFO     >>>>> Predictor: Evaluating on valid
2025-07-09 20:23:51 INFO     Data : 2077
2025-07-09 20:23:51 INFO     Hit1 : 0.001444
2025-07-09 20:23:51 INFO     Hit3 : 0.003852
2025-07-09 20:23:51 INFO     Hit10: 0.013962
2025-07-09 20:23:51 INFO     MR   : 1508.582330
2025-07-09 20:23:51 INFO     MRR  : 0.009094
2025-07-09 20:23:51 INFO     >>>>> Predictor: Evaluating on test
2025-07-09 20:24:02 INFO     Data : 2342
2025-07-09 20:24:02 INFO     Hit1 : 0.001281
2025-07-09 20:24:02 INFO     Hit3 : 0.008540
2025-07-09 20:24:02 INFO     Hit10: 0.017506
2025-07-09 20:24:02 INFO     MR   : 1398.753202
2025-07-09 20:24:02 INFO     MRR  : 0.010604
2025-07-09 20:24:02 INFO     >>>>> Predictor: Computing H scores of rules
2025-07-09 20:26:20 INFO     1000 5959
2025-07-09 20:28:37 INFO     2000 5959
2025-07-09 20:30:53 INFO     3000 5959
2025-07-09 20:33:09 INFO     4000 5959
2025-07-09 20:35:25 INFO     5000 5959
2025-07-09 20:37:38 INFO     >>>>> Generator: Training
2025-07-09 20:37:41 INFO     -------------------------
2025-07-09 20:37:41 INFO     | EM Iteration: 5/5
2025-07-09 20:37:41 INFO     -------------------------
2025-07-09 20:37:41 INFO     >>>>> Using Generator's sample rule
2025-07-09 20:37:41 INFO     >>>>> Generator: Rule generation with sampling
2025-07-09 20:37:41 INFO     Predictor: read 1971 rules from list.
2025-07-09 20:37:41 INFO     Preprocess training set
2025-07-09 20:37:41 INFO     >>>>> Predictor: Training
2025-07-09 20:38:30 INFO     1000 5959 8.830131 69332.0
2025-07-09 20:39:18 INFO     2000 5959 8.509905 69349.3
2025-07-09 20:40:06 INFO     3000 5959 8.318419 69340.6
2025-07-09 20:40:55 INFO     4000 5959 8.184798 69297.3
2025-07-09 20:41:43 INFO     5000 5959 8.066697 69219.2
2025-07-09 20:42:30 INFO     >>>>> Predictor: Evaluating on valid
2025-07-09 20:42:40 INFO     Data : 2077
2025-07-09 20:42:40 INFO     Hit1 : 0.013481
2025-07-09 20:42:40 INFO     Hit3 : 0.021184
2025-07-09 20:42:40 INFO     Hit10: 0.036110
2025-07-09 20:42:40 INFO     MR   : 1533.359172
2025-07-09 20:42:40 INFO     MRR  : 0.023976
2025-07-09 20:42:40 INFO     >>>>> Predictor: Evaluating on test
2025-07-09 20:42:52 INFO     Data : 2342
2025-07-09 20:42:52 INFO     Hit1 : 0.010248
2025-07-09 20:42:52 INFO     Hit3 : 0.018787
2025-07-09 20:42:52 INFO     Hit10: 0.031597
2025-07-09 20:42:52 INFO     MR   : 1410.235909
2025-07-09 20:42:52 INFO     MRR  : 0.021129
2025-07-09 20:42:52 INFO     >>>>> Predictor: Computing H scores of rules
2025-07-09 20:45:13 INFO     1000 5959
2025-07-09 20:47:33 INFO     2000 5959
2025-07-09 20:49:53 INFO     3000 5959
2025-07-09 20:52:11 INFO     4000 5959
2025-07-09 20:54:30 INFO     5000 5959
2025-07-09 20:56:44 INFO     >>>>> Generator: Training
2025-07-09 20:56:48 INFO     -------------------------
2025-07-09 20:56:48 INFO     | Post-train Generator
2025-07-09 20:56:48 INFO     -------------------------
2025-07-09 20:56:49 INFO     >>>>> Generator: Training
2025-07-09 20:57:27 INFO     [E01000] Total 3.150867 | Main 3.121549 | RelClus 1.867052 | EntType 3.038797
2025-07-09 20:57:27 INFO     -------------------------
2025-07-09 20:57:27 INFO     | Beam Search Best Rules
2025-07-09 20:57:27 INFO     -------------------------
2025-07-09 20:57:27 INFO     >>>>> Generator: Rule generation with beam search
2025-07-09 20:57:28 INFO     >>>>> Generator: Rule generation with beam search
2025-07-09 20:57:33 INFO     >>>>> Generator: Rule generation with beam search
2025-07-09 20:58:36 INFO     >>>>> Generator: Rule generation with beam search
2025-07-09 20:59:29 INFO     >>>>> Generator: Rule generation with beam search
2025-07-09 21:00:05 INFO     -------------------------
2025-07-09 21:00:05 INFO     | Train Final Predictor+
2025-07-09 21:00:05 INFO     -------------------------
2025-07-09 21:00:05 INFO     Predictor+: read 18420 rules from list.
2025-07-09 21:00:05 INFO     Preprocess training set
2025-07-09 21:00:05 INFO     -------------------------
2025-07-09 21:00:05 INFO     | Iteration: 1/5
2025-07-09 21:00:05 INFO     -------------------------
2025-07-09 21:00:05 INFO     >>>>> Predictor: Training
2025-07-09 21:04:19 INFO     1000 5959 4.897132 69271.3
2025-07-09 21:08:33 INFO     2000 5959 4.725806 69332.0
2025-07-09 21:12:48 INFO     3000 5959 4.709243 69375.3
2025-07-09 21:17:02 INFO     4000 5959 4.711282 69279.9
2025-07-09 21:21:17 INFO     5000 5959 4.680176 69349.3
2025-07-09 21:25:23 INFO     >>>>> Predictor: Evaluating on valid
2025-07-09 21:26:28 INFO     Data : 2077
2025-07-09 21:26:28 INFO     Hit1 : 0.102070
2025-07-09 21:26:28 INFO     Hit3 : 0.184882
2025-07-09 21:26:28 INFO     Hit10: 0.316322
2025-07-09 21:26:28 INFO     MR   : 982.781416
2025-07-09 21:26:28 INFO     MRR  : 0.169530
2025-07-09 21:26:28 INFO     >>>>> Predictor: Evaluating on test
2025-07-09 21:27:41 INFO     Data : 2342
2025-07-09 21:27:41 INFO     Hit1 : 0.128096
2025-07-09 21:27:41 INFO     Hit3 : 0.207515
2025-07-09 21:27:41 INFO     Hit10: 0.318104
2025-07-09 21:27:41 INFO     MR   : 920.228010
2025-07-09 21:27:41 INFO     MRR  : 0.191001
2025-07-09 21:27:41 INFO     Save checkpoint to results/semmeddb/10_times_each/cluster_k/4_20250709_164742/predictor.pt
2025-07-09 21:27:41 INFO     -------------------------
2025-07-09 21:27:41 INFO     | Iteration: 2/5
2025-07-09 21:27:41 INFO     -------------------------
2025-07-09 21:27:41 INFO     >>>>> Predictor: Training
2025-07-09 21:32:01 INFO     1000 5959 4.603882 69366.7
2025-07-09 21:36:17 INFO     2000 5959 4.654502 69375.3
2025-07-09 21:40:33 INFO     3000 5959 4.641066 69219.2
2025-07-09 21:44:48 INFO     4000 5959 4.653393 69305.9
2025-07-09 21:49:03 INFO     5000 5959 4.617147 69288.6
2025-07-09 21:53:07 INFO     >>>>> Predictor: Evaluating on valid
2025-07-09 21:54:10 INFO     Data : 2077
2025-07-09 21:54:10 INFO     Hit1 : 0.097737
2025-07-09 21:54:10 INFO     Hit3 : 0.181030
2025-07-09 21:54:10 INFO     Hit10: 0.315840
2025-07-09 21:54:10 INFO     MR   : 945.399374
2025-07-09 21:54:10 INFO     MRR  : 0.166421
2025-07-09 21:54:10 INFO     >>>>> Predictor: Evaluating on test
2025-07-09 21:55:21 INFO     Data : 2342
2025-07-09 21:55:21 INFO     Hit1 : 0.127242
2025-07-09 21:55:21 INFO     Hit3 : 0.209223
2025-07-09 21:55:21 INFO     Hit10: 0.318104
2025-07-09 21:55:21 INFO     MR   : 881.186593
2025-07-09 21:55:21 INFO     MRR  : 0.190258
2025-07-09 21:55:21 INFO     -------------------------
2025-07-09 21:55:21 INFO     | Iteration: 3/5
2025-07-09 21:55:21 INFO     -------------------------
2025-07-09 21:55:21 INFO     >>>>> Predictor: Training
2025-07-09 21:59:37 INFO     1000 5959 4.615412 69288.6
2025-07-09 22:03:49 INFO     2000 5959 4.616914 69288.6
2025-07-09 22:08:02 INFO     3000 5959 4.608450 69340.6
2025-07-09 22:12:17 INFO     4000 5959 4.617821 69271.3
2025-07-09 22:16:33 INFO     5000 5959 4.637433 69219.2
2025-07-09 22:20:38 INFO     >>>>> Predictor: Evaluating on valid
2025-07-09 22:21:42 INFO     Data : 2077
2025-07-09 22:21:42 INFO     Hit1 : 0.089552
2025-07-09 22:21:42 INFO     Hit3 : 0.173327
2025-07-09 22:21:42 INFO     Hit10: 0.299470
2025-07-09 22:21:42 INFO     MR   : 935.790082
2025-07-09 22:21:42 INFO     MRR  : 0.157924
2025-07-09 22:21:42 INFO     >>>>> Predictor: Evaluating on test
2025-07-09 22:22:53 INFO     Data : 2342
2025-07-09 22:22:53 INFO     Hit1 : 0.115286
2025-07-09 22:22:53 INFO     Hit3 : 0.196840
2025-07-09 22:22:53 INFO     Hit10: 0.311272
2025-07-09 22:22:53 INFO     MR   : 864.340307
2025-07-09 22:22:53 INFO     MRR  : 0.179962
2025-07-09 22:22:53 INFO     -------------------------
2025-07-09 22:22:53 INFO     | Iteration: 4/5
2025-07-09 22:22:53 INFO     -------------------------
2025-07-09 22:22:53 INFO     >>>>> Predictor: Training
2025-07-09 22:27:10 INFO     1000 5959 4.594635 69340.6
2025-07-09 22:31:25 INFO     2000 5959 4.563074 69184.5
2025-07-09 22:35:40 INFO     3000 5959 4.625594 69253.9
2025-07-09 22:39:53 INFO     4000 5959 4.599785 69340.6
2025-07-09 22:44:04 INFO     5000 5959 4.599954 69384.0
2025-07-09 22:48:06 INFO     >>>>> Predictor: Evaluating on valid
2025-07-09 22:49:08 INFO     Data : 2077
2025-07-09 22:49:08 INFO     Hit1 : 0.097256
2025-07-09 22:49:08 INFO     Hit3 : 0.181993
2025-07-09 22:49:08 INFO     Hit10: 0.313433
2025-07-09 22:49:08 INFO     MR   : 928.032980
2025-07-09 22:49:08 INFO     MRR  : 0.165214
2025-07-09 22:49:08 INFO     >>>>> Predictor: Evaluating on test
2025-07-09 22:50:18 INFO     Data : 2342
2025-07-09 22:50:18 INFO     Hit1 : 0.126815
2025-07-09 22:50:18 INFO     Hit3 : 0.210504
2025-07-09 22:50:18 INFO     Hit10: 0.318104
2025-07-09 22:50:18 INFO     MR   : 859.315542
2025-07-09 22:50:18 INFO     MRR  : 0.190913
2025-07-09 22:50:18 INFO     -------------------------
2025-07-09 22:50:18 INFO     | Iteration: 5/5
2025-07-09 22:50:18 INFO     -------------------------
2025-07-09 22:50:18 INFO     >>>>> Predictor: Training
2025-07-09 22:54:29 INFO     1000 5959 4.604241 69323.3
2025-07-09 22:58:41 INFO     2000 5959 4.580956 69332.0
2025-07-09 23:02:53 INFO     3000 5959 4.615072 69219.2
2025-07-09 23:07:05 INFO     4000 5959 4.607958 69297.3
2025-07-09 23:11:17 INFO     5000 5959 4.574071 69332.0
2025-07-09 23:15:21 INFO     >>>>> Predictor: Evaluating on valid
2025-07-09 23:16:25 INFO     Data : 2077
2025-07-09 23:16:25 INFO     Hit1 : 0.095330
2025-07-09 23:16:25 INFO     Hit3 : 0.186326
2025-07-09 23:16:25 INFO     Hit10: 0.316322
2025-07-09 23:16:25 INFO     MR   : 918.490611
2025-07-09 23:16:25 INFO     MRR  : 0.166483
2025-07-09 23:16:25 INFO     >>>>> Predictor: Evaluating on test
2025-07-09 23:17:37 INFO     Data : 2342
2025-07-09 23:17:37 INFO     Hit1 : 0.131085
2025-07-09 23:17:37 INFO     Hit3 : 0.213066
2025-07-09 23:17:37 INFO     Hit10: 0.318531
2025-07-09 23:17:37 INFO     MR   : 852.920154
2025-07-09 23:17:37 INFO     MRR  : 0.193705
2025-07-09 23:17:37 INFO     -------------------------
2025-07-09 23:17:37 INFO     | Final Test MRR: 0.191001
2025-07-09 23:17:37 INFO     -------------------------
