2025-04-19 15:57:49 INFO     Predictor: read 1106 rules from list.
2025-04-19 16:13:16 INFO     Predictor: read 1159 rules from list.
2025-04-19 16:29:25 INFO     Predictor: read 1157 rules from list.
2025-04-19 16:45:30 INFO     Predictor: read 1193 rules from list.
2025-04-19 17:01:49 INFO     Predictor: read 1265 rules from list.
2025-04-19 17:18:48 INFO     Predictor+: read 20306 rules from list.
.332606
2025-04-19 15:57:28 INFO     5000 10000 1.331419
2025-04-19 15:57:32 INFO     6000 10000 1.322923
2025-04-19 15:57:36 INFO     7000 10000 1.315852
2025-04-19 15:57:40 INFO     8000 10000 1.315792
2025-04-19 15:57:44 INFO     9000 10000 1.310170
2025-04-19 15:57:48 INFO     10000 10000 1.305870
2025-04-19 15:57:48 INFO     -------------------------
2025-04-19 15:57:48 INFO     | EM Iteration: 1/5
2025-04-19 15:57:48 INFO     -------------------------
2025-04-19 15:57:48 INFO     >>>>> Generator: Rule generation with sampling
2025-04-19 15:57:49 INFO     Predictor: read 1106 rules from list.
2025-04-19 15:57:49 INFO     Initializing distributed process group
2025-04-19 15:57:49 INFO     Preprocess training set
2025-04-19 15:57:49 INFO     >>>>> Predictor: Training
2025-04-19 15:58:35 INFO     1000 10860 8.506444 327544.0
2025-04-19 15:59:21 INFO     2000 10860 7.633532 327093.6
2025-04-19 16:00:07 INFO     3000 10860 7.063346 327544.0
2025-04-19 16:00:52 INFO     4000 10860 6.868610 327175.5
2025-04-19 16:01:38 INFO     5000 10860 6.667303 327093.6
2025-04-19 16:02:23 INFO     6000 10860 6.512506 327298.3
2025-04-19 16:03:09 INFO     7000 10860 6.288307 327544.0
2025-04-19 16:03:55 INFO     8000 10860 6.195637 327380.2
2025-04-19 16:04:40 INFO     9000 10860 6.078607 327544.0
2025-04-19 16:05:25 INFO     10000 10860 6.002985 327544.0
2025-04-19 16:06:05 INFO     >>>>> Predictor: Evaluating on valid
2025-04-19 16:06:16 INFO     Data : 6068
2025-04-19 16:06:16 INFO     Hit1 : 0.387113
2025-04-19 16:06:16 INFO     Hit3 : 0.411338
2025-04-19 16:06:16 INFO     Hit10: 0.424357
2025-04-19 16:06:16 INFO     MR   : 9361.191908
2025-04-19 16:06:16 INFO     MRR  : 0.402948
2025-04-19 16:06:16 INFO     >>>>> Predictor: Evaluating on test
2025-04-19 16:06:27 INFO     Data : 6268
2025-04-19 16:06:27 INFO     Hit1 : 0.397575
2025-04-19 16:06:27 INFO     Hit3 : 0.415124
2025-04-19 16:06:27 INFO     Hit10: 0.425973
2025-04-19 16:06:27 INFO     MR   : 9539.811024
2025-04-19 16:06:27 INFO     MRR  : 0.409576
2025-04-19 16:06:27 INFO     >>>>> Predictor: Computing H scores of rules
2025-04-19 16:07:03 INFO     1000 10860
2025-04-19 16:07:40 INFO     2000 10860
2025-04-19 16:08:16 INFO     3000 10860
2025-04-19 16:08:52 INFO     4000 10860
2025-04-19 16:09:28 INFO     5000 10860
2025-04-19 16:10:04 INFO     6000 10860
2025-04-19 16:10:39 INFO     7000 10860
2025-04-19 16:11:15 INFO     8000 10860
2025-04-19 16:11:50 INFO     9000 10860
2025-04-19 16:12:26 INFO     10000 10860
2025-04-19 16:13:16 INFO     >>>>> Generator: Training
2025-04-19 16:13:16 INFO     -------------------------
2025-04-19 16:13:16 INFO     | EM Iteration: 2/5
2025-04-19 16:13:16 INFO     -------------------------
2025-04-19 16:13:16 INFO     >>>>> Generator: Rule generation with sampling
2025-04-19 16:13:16 INFO     Predictor: read 1159 rules from list.
2025-04-19 16:13:16 INFO     Preprocess training set
2025-04-19 16:13:16 INFO     >>>>> Predictor: Training
2025-04-19 16:14:04 INFO     1000 10860 8.988631 327380.2
2025-04-19 16:14:51 INFO     2000 10860 8.077870 327052.7
2025-04-19 16:15:39 INFO     3000 10860 7.686715 327380.2
2025-04-19 16:16:25 INFO     4000 10860 7.364943 327544.0
2025-04-19 16:17:13 INFO     5000 10860 7.084905 327380.2
2025-04-19 16:18:01 INFO     6000 10860 6.867934 327216.5
2025-04-19 16:18:48 INFO     7000 10860 6.691228 327544.0
2025-04-19 16:19:35 INFO     8000 10860 6.657329 327544.0
2025-04-19 16:20:23 INFO     9000 10860 6.602336 327544.0
2025-04-19 16:21:10 INFO     10000 10860 6.541367 327544.0
2025-04-19 16:21:51 INFO     >>>>> Predictor: Evaluating on valid
2025-04-19 16:22:03 INFO     Data : 6068
2025-04-19 16:22:03 INFO     Hit1 : 0.385135
2025-04-19 16:22:03 INFO     Hit3 : 0.414305
2025-04-19 16:22:03 INFO     Hit10: 0.431608
2025-04-19 16:22:03 INFO     MR   : 9653.539964
2025-04-19 16:22:03 INFO     MRR  : 0.404268
2025-04-19 16:22:03 INFO     >>>>> Predictor: Evaluating on test
2025-04-19 16:22:15 INFO     Data : 6268
2025-04-19 16:22:15 INFO     Hit1 : 0.395022
2025-04-19 16:22:15 INFO     Hit3 : 0.416720
2025-04-19 16:22:15 INFO     Hit10: 0.434748
2025-04-19 16:22:15 INFO     MR   : 9682.036774
2025-04-19 16:22:15 INFO     MRR  : 0.410133
2025-04-19 16:22:15 INFO     >>>>> Predictor: Computing H scores of rules
2025-04-19 16:22:53 INFO     1000 10860
2025-04-19 16:23:32 INFO     2000 10860
2025-04-19 16:24:09 INFO     3000 10860
2025-04-19 16:24:47 INFO     4000 10860
2025-04-19 16:25:25 INFO     5000 10860
2025-04-19 16:26:01 INFO     6000 10860
2025-04-19 16:26:38 INFO     7000 10860
2025-04-19 16:27:15 INFO     8000 10860
2025-04-19 16:27:53 INFO     9000 10860
2025-04-19 16:28:31 INFO     10000 10860
2025-04-19 16:29:24 INFO     >>>>> Generator: Training
2025-04-19 16:29:25 INFO     -------------------------
2025-04-19 16:29:25 INFO     | EM Iteration: 3/5
2025-04-19 16:29:25 INFO     -------------------------
2025-04-19 16:29:25 INFO     >>>>> Generator: Rule generation with sampling
2025-04-19 16:29:25 INFO     Predictor: read 1157 rules from list.
2025-04-19 16:29:25 INFO     Preprocess training set
2025-04-19 16:29:25 INFO     >>>>> Predictor: Training
2025-04-19 16:30:12 INFO     1000 10860 9.112766 327257.4
2025-04-19 16:30:59 INFO     2000 10860 8.237151 327339.3
2025-04-19 16:31:47 INFO     3000 10860 7.525702 327380.2
2025-04-19 16:32:34 INFO     4000 10860 7.343627 327544.0
2025-04-19 16:33:21 INFO     5000 10860 7.263395 327298.3
2025-04-19 16:34:09 INFO     6000 10860 7.097503 327544.0
2025-04-19 16:34:56 INFO     7000 10860 6.921662 327093.6
2025-04-19 16:35:44 INFO     8000 10860 6.867285 327216.5
2025-04-19 16:36:32 INFO     9000 10860 6.893876 327544.0
2025-04-19 16:37:20 INFO     10000 10860 6.586987 327544.0
2025-04-19 16:38:01 INFO     >>>>> Predictor: Evaluating on valid
2025-04-19 16:38:12 INFO     Data : 6068
2025-04-19 16:38:12 INFO     Hit1 : 0.385794
2025-04-19 16:38:12 INFO     Hit3 : 0.415788
2025-04-19 16:38:12 INFO     Hit10: 0.436717
2025-04-19 16:38:12 INFO     MR   : 9747.010218
2025-04-19 16:38:12 INFO     MRR  : 0.405265
2025-04-19 16:38:12 INFO     >>>>> Predictor: Evaluating on test
2025-04-19 16:38:24 INFO     Data : 6268
2025-04-19 16:38:24 INFO     Hit1 : 0.399011
2025-04-19 16:38:24 INFO     Hit3 : 0.420868
2025-04-19 16:38:24 INFO     Hit10: 0.438258
2025-04-19 16:38:24 INFO     MR   : 9735.851787
2025-04-19 16:38:24 INFO     MRR  : 0.413609
2025-04-19 16:38:24 INFO     >>>>> Predictor: Computing H scores of rules
2025-04-19 16:39:03 INFO     1000 10860
2025-04-19 16:39:43 INFO     2000 10860
2025-04-19 16:40:20 INFO     3000 10860
2025-04-19 16:40:57 INFO     4000 10860
2025-04-19 16:41:35 INFO     5000 10860
2025-04-19 16:42:13 INFO     6000 10860
2025-04-19 16:42:51 INFO     7000 10860
2025-04-19 16:43:29 INFO     8000 10860
2025-04-19 16:44:08 INFO     9000 10860
2025-04-19 16:44:45 INFO     10000 10860
2025-04-19 16:45:30 INFO     >>>>> Generator: Training
2025-04-19 16:45:30 INFO     -------------------------
2025-04-19 16:45:30 INFO     | EM Iteration: 4/5
2025-04-19 16:45:30 INFO     -------------------------
2025-04-19 16:45:30 INFO     >>>>> Generator: Rule generation with sampling
2025-04-19 16:45:30 INFO     Predictor: read 1193 rules from list.
2025-04-19 16:45:30 INFO     Preprocess training set
2025-04-19 16:45:30 INFO     >>>>> Predictor: Training
2025-04-19 16:46:19 INFO     1000 10860 9.117201 327544.0
2025-04-19 16:47:08 INFO     2000 10860 8.014944 327380.2
2025-04-19 16:47:56 INFO     3000 10860 7.604838 327298.3
2025-04-19 16:48:45 INFO     4000 10860 7.253681 327134.6
2025-04-19 16:49:34 INFO     5000 10860 7.069976 327544.0
2025-04-19 16:50:22 INFO     6000 10860 6.958468 327544.0
2025-04-19 16:51:11 INFO     7000 10860 6.890958 327093.6
2025-04-19 16:51:58 INFO     8000 10860 6.675812 327544.0
2025-04-19 16:52:47 INFO     9000 10860 6.775023 327380.2
2025-04-19 16:53:35 INFO     10000 10860 6.597024 327544.0
2025-04-19 16:54:17 INFO     >>>>> Predictor: Evaluating on valid
2025-04-19 16:54:28 INFO     Data : 6068
2025-04-19 16:54:28 INFO     Hit1 : 0.386454
2025-04-19 16:54:28 INFO     Hit3 : 0.418095
2025-04-19 16:54:28 INFO     Hit10: 0.438695
2025-04-19 16:54:28 INFO     MR   : 9675.948500
2025-04-19 16:54:28 INFO     MRR  : 0.407095
2025-04-19 16:54:28 INFO     >>>>> Predictor: Evaluating on test
2025-04-19 16:54:41 INFO     Data : 6268
2025-04-19 16:54:41 INFO     Hit1 : 0.400128
2025-04-19 16:54:41 INFO     Hit3 : 0.421187
2025-04-19 16:54:41 INFO     Hit10: 0.440970
2025-04-19 16:54:41 INFO     MR   : 9637.638960
2025-04-19 16:54:41 INFO     MRR  : 0.415273
2025-04-19 16:54:41 INFO     >>>>> Predictor: Computing H scores of rules
2025-04-19 16:55:19 INFO     1000 10860
2025-04-19 16:55:58 INFO     2000 10860
2025-04-19 16:56:36 INFO     3000 10860
2025-04-19 16:57:14 INFO     4000 10860
2025-04-19 16:57:52 INFO     5000 10860
2025-04-19 16:58:30 INFO     6000 10860
2025-04-19 16:59:09 INFO     7000 10860
2025-04-19 16:59:47 INFO     8000 10860
2025-04-19 17:00:26 INFO     9000 10860
2025-04-19 17:01:04 INFO     10000 10860
2025-04-19 17:01:49 INFO     >>>>> Generator: Training
2025-04-19 17:01:49 INFO     -------------------------
2025-04-19 17:01:49 INFO     | EM Iteration: 5/5
2025-04-19 17:01:49 INFO     -------------------------
2025-04-19 17:01:49 INFO     >>>>> Generator: Rule generation with sampling
2025-04-19 17:01:49 INFO     Predictor: read 1265 rules from list.
2025-04-19 17:01:49 INFO     Preprocess training set
2025-04-19 17:01:49 INFO     >>>>> Predictor: Training
2025-04-19 17:02:38 INFO     1000 10860 9.080857 327544.0
2025-04-19 17:03:25 INFO     2000 10860 8.189997 327544.0
2025-04-19 17:04:15 INFO     3000 10860 7.864340 327216.5
2025-04-19 17:05:04 INFO     4000 10860 7.497775 327544.0
2025-04-19 17:05:53 INFO     5000 10860 7.322479 327544.0
2025-04-19 17:06:41 INFO     6000 10860 7.052677 327093.6
2025-04-19 17:07:29 INFO     7000 10860 7.151084 327544.0
2025-04-19 17:08:18 INFO     8000 10860 6.883357 327298.3
2025-04-19 17:09:07 INFO     9000 10860 6.729116 327544.0
2025-04-19 17:09:55 INFO     10000 10860 6.669698 327052.7
2025-04-19 17:10:36 INFO     >>>>> Predictor: Evaluating on valid
2025-04-19 17:10:48 INFO     Data : 6068
2025-04-19 17:10:48 INFO     Hit1 : 0.389750
2025-04-19 17:10:48 INFO     Hit3 : 0.418095
2025-04-19 17:10:48 INFO     Hit10: 0.435728
2025-04-19 17:10:48 INFO     MR   : 9572.808256
2025-04-19 17:10:48 INFO     MRR  : 0.408474
2025-04-19 17:10:48 INFO     >>>>> Predictor: Evaluating on test
2025-04-19 17:11:00 INFO     Data : 6268
2025-04-19 17:11:00 INFO     Hit1 : 0.401563
2025-04-19 17:11:00 INFO     Hit3 : 0.422304
2025-04-19 17:11:00 INFO     Hit10: 0.441130
2025-04-19 17:11:00 INFO     MR   : 9779.161136
2025-04-19 17:11:00 INFO     MRR  : 0.416684
2025-04-19 17:11:00 INFO     >>>>> Predictor: Computing H scores of rules
2025-04-19 17:11:38 INFO     1000 10860
2025-04-19 17:12:16 INFO     2000 10860
2025-04-19 17:12:54 INFO     3000 10860
2025-04-19 17:13:33 INFO     4000 10860
2025-04-19 17:14:11 INFO     5000 10860
2025-04-19 17:14:49 INFO     6000 10860
2025-04-19 17:15:28 INFO     7000 10860
2025-04-19 17:16:06 INFO     8000 10860
2025-04-19 17:16:44 INFO     9000 10860
2025-04-19 17:17:22 INFO     10000 10860
2025-04-19 17:18:14 INFO     >>>>> Generator: Training
2025-04-19 17:18:15 INFO     -------------------------
2025-04-19 17:18:15 INFO     | Post-train Generator
2025-04-19 17:18:15 INFO     -------------------------
2025-04-19 17:18:15 INFO     >>>>> Generator: Training
2025-04-19 17:18:19 INFO     1000 1000 1.685501
2025-04-19 17:18:19 INFO     -------------------------
2025-04-19 17:18:19 INFO     | Beam Search Best Rules
2025-04-19 17:18:19 INFO     -------------------------
2025-04-19 17:18:19 INFO     >>>>> Generator: Rule generation with beam search
2025-04-19 17:18:19 INFO     >>>>> Generator: Rule generation with beam search
2025-04-19 17:18:21 INFO     >>>>> Generator: Rule generation with beam search
2025-04-19 17:18:34 INFO     >>>>> Generator: Rule generation with beam search
2025-04-19 17:18:42 INFO     >>>>> Generator: Rule generation with beam search
2025-04-19 17:18:48 INFO     -------------------------
2025-04-19 17:18:48 INFO     | Train Final Predictor+
2025-04-19 17:18:48 INFO     -------------------------
2025-04-19 17:18:48 INFO     Predictor+: read 20306 rules from list.
2025-04-19 17:18:48 INFO     Preprocess training set
2025-04-19 17:18:48 INFO     -------------------------
2025-04-19 17:18:48 INFO     | Iteration: 1/5
2025-04-19 17:18:48 INFO     -------------------------
2025-04-19 17:18:48 INFO     >>>>> Predictor: Training
2025-04-19 17:27:08 INFO     1000 10860 4.567674 327544.0
2025-04-19 17:35:28 INFO     2000 10860 4.463559 327544.0
2025-04-19 17:43:54 INFO     3000 10860 4.457055 327339.3
2025-04-19 17:52:16 INFO     4000 10860 4.525123 327216.5
2025-04-19 18:00:40 INFO     5000 10860 4.432060 327175.5
2025-04-19 18:09:02 INFO     6000 10860 4.462608 327257.4
2025-04-19 18:17:28 INFO     7000 10860 4.329855 327544.0
2025-04-19 18:25:53 INFO     8000 10860 4.427824 327544.0
2025-04-19 18:34:18 INFO     9000 10860 4.383964 327257.4
2025-04-19 18:42:43 INFO     10000 10860 4.381081 327544.0
2025-04-19 18:49:58 INFO     >>>>> Predictor: Evaluating on valid
2025-04-19 18:52:52 INFO     Data : 6068
2025-04-19 18:52:52 INFO     Hit1 : 0.432268
2025-04-19 18:52:52 INFO     Hit3 : 0.492090
2025-04-19 18:52:52 INFO     Hit10: 0.543177
2025-04-19 18:52:52 INFO     MR   : 6613.409690
2025-04-19 18:52:52 INFO     MRR  : 0.471993
2025-04-19 18:52:52 INFO     >>>>> Predictor: Evaluating on test
2025-04-19 18:55:49 INFO     Data : 6268
2025-04-19 18:55:49 INFO     Hit1 : 0.442246
2025-04-19 18:55:49 INFO     Hit3 : 0.501117
2025-04-19 18:55:49 INFO     Hit10: 0.554722
2025-04-19 18:55:49 INFO     MR   : 6531.582084
2025-04-19 18:55:49 INFO     MRR  : 0.480536
2025-04-19 18:55:49 INFO     Save checkpoint to wn18rr/ori_full/predictor.pt
2025-04-19 18:55:49 INFO     -------------------------
2025-04-19 18:55:49 INFO     | Iteration: 2/5
2025-04-19 18:55:49 INFO     -------------------------
2025-04-19 18:55:49 INFO     >>>>> Predictor: Training
2025-04-19 19:04:16 INFO     1000 10860 4.358948 327134.6
2025-04-19 19:12:44 INFO     2000 10860 4.247917 327298.3
2025-04-19 19:21:10 INFO     3000 10860 4.117715 326807.0
2025-04-19 19:29:34 INFO     4000 10860 4.352606 327093.6
2025-04-19 19:37:57 INFO     5000 10860 4.384607 327544.0
2025-04-19 19:46:22 INFO     6000 10860 4.137698 327298.3
2025-04-19 19:54:44 INFO     7000 10860 4.364896 327380.2
2025-04-19 20:03:05 INFO     8000 10860 4.265472 327544.0
2025-04-19 20:11:27 INFO     9000 10860 4.218481 327339.3
2025-04-19 20:19:49 INFO     10000 10860 4.406556 327175.5
2025-04-19 20:27:04 INFO     >>>>> Predictor: Evaluating on valid
2025-04-19 20:29:59 INFO     Data : 6068
2025-04-19 20:29:59 INFO     Hit1 : 0.433751
2025-04-19 20:29:59 INFO     Hit3 : 0.488958
2025-04-19 20:29:59 INFO     Hit10: 0.540211
2025-04-19 20:29:59 INFO     MR   : 6529.555537
2025-04-19 20:29:59 INFO     MRR  : 0.470808
2025-04-19 20:29:59 INFO     >>>>> Predictor: Evaluating on test
2025-04-19 20:32:57 INFO     Data : 6268
2025-04-19 20:32:57 INFO     Hit1 : 0.444320
2025-04-19 20:32:57 INFO     Hit3 : 0.495214
2025-04-19 20:32:57 INFO     Hit10: 0.547543
2025-04-19 20:32:57 INFO     MR   : 6443.995214
2025-04-19 20:32:57 INFO     MRR  : 0.479658
2025-04-19 20:32:57 INFO     -------------------------
2025-04-19 20:32:57 INFO     | Iteration: 3/5
2025-04-19 20:32:57 INFO     -------------------------
2025-04-19 20:32:57 INFO     >>>>> Predictor: Training
2025-04-19 20:41:26 INFO     1000 10860 4.180252 327257.4
2025-04-19 20:49:53 INFO     2000 10860 4.326308 327544.0
2025-04-19 20:58:21 INFO     3000 10860 4.092905 327339.3
2025-04-19 21:06:48 INFO     4000 10860 4.240674 327544.0
2025-04-19 21:15:17 INFO     5000 10860 4.333214 327544.0
2025-04-19 21:23:44 INFO     6000 10860 4.316540 327544.0
2025-04-19 21:32:08 INFO     7000 10860 4.348636 327544.0
2025-04-19 21:40:36 INFO     8000 10860 4.244365 327544.0
2025-04-19 21:49:07 INFO     9000 10860 4.348807 327175.5
2025-04-19 21:57:37 INFO     10000 10860 4.432317 327544.0
2025-04-19 22:04:56 INFO     >>>>> Predictor: Evaluating on valid
2025-04-19 22:07:51 INFO     Data : 6068
2025-04-19 22:07:51 INFO     Hit1 : 0.434575
2025-04-19 22:07:51 INFO     Hit3 : 0.489453
2025-04-19 22:07:51 INFO     Hit10: 0.540705
2025-04-19 22:07:51 INFO     MR   : 6469.233355
2025-04-19 22:07:51 INFO     MRR  : 0.471616
2025-04-19 22:07:51 INFO     >>>>> Predictor: Evaluating on test
2025-04-19 22:10:50 INFO     Data : 6268
2025-04-19 22:10:50 INFO     Hit1 : 0.441449
2025-04-19 22:10:50 INFO     Hit3 : 0.495373
2025-04-19 22:10:50 INFO     Hit10: 0.550096
2025-04-19 22:10:50 INFO     MR   : 6360.671187
2025-04-19 22:10:50 INFO     MRR  : 0.478667
2025-04-19 22:10:50 INFO     -------------------------
2025-04-19 22:10:50 INFO     | Iteration: 4/5
2025-04-19 22:10:50 INFO     -------------------------
2025-04-19 22:10:50 INFO     >>>>> Predictor: Training
2025-04-19 22:19:15 INFO     1000 10860 4.258438 327011.7
2025-04-19 22:27:37 INFO     2000 10860 4.235762 327257.4
2025-04-19 22:36:01 INFO     3000 10860 4.395060 327298.3
2025-04-19 22:44:25 INFO     4000 10860 4.171210 327339.3
2025-04-19 22:52:53 INFO     5000 10860 4.322650 327339.3
2025-04-19 23:01:21 INFO     6000 10860 4.217662 327544.0
2025-04-19 23:09:48 INFO     7000 10860 4.285679 327380.2
2025-04-19 23:18:16 INFO     8000 10860 4.129378 327380.2
2025-04-19 23:26:43 INFO     9000 10860 4.192191 326970.8
2025-04-19 23:35:05 INFO     10000 10860 4.346073 327544.0
2025-04-19 23:42:19 INFO     >>>>> Predictor: Evaluating on valid
2025-04-19 23:45:12 INFO     Data : 6068
2025-04-19 23:45:12 INFO     Hit1 : 0.434245
2025-04-19 23:45:12 INFO     Hit3 : 0.489947
2025-04-19 23:45:12 INFO     Hit10: 0.541777
2025-04-19 23:45:12 INFO     MR   : 6422.315096
2025-04-19 23:45:12 INFO     MRR  : 0.471912
2025-04-19 23:45:12 INFO     >>>>> Predictor: Evaluating on test
2025-04-19 23:48:08 INFO     Data : 6268
2025-04-19 23:48:08 INFO     Hit1 : 0.441449
2025-04-19 23:48:08 INFO     Hit3 : 0.495692
2025-04-19 23:48:08 INFO     Hit10: 0.553765
2025-04-19 23:48:08 INFO     MR   : 6337.714024
2025-04-19 23:48:08 INFO     MRR  : 0.478611
2025-04-19 23:48:08 INFO     -------------------------
2025-04-19 23:48:08 INFO     | Iteration: 5/5
2025-04-19 23:48:08 INFO     -------------------------
2025-04-19 23:48:08 INFO     >>>>> Predictor: Training
2025-04-19 23:56:32 INFO     1000 10860 4.229861 327052.7
2025-04-20 00:04:58 INFO     2000 10860 4.163322 327544.0
2025-04-20 00:13:24 INFO     3000 10860 4.119347 327544.0
2025-04-20 00:21:52 INFO     4000 10860 4.144606 327339.3
2025-04-20 00:30:16 INFO     5000 10860 4.346227 327544.0
2025-04-20 00:38:37 INFO     6000 10860 4.299905 327544.0
2025-04-20 00:46:59 INFO     7000 10860 4.269212 327257.4
2025-04-20 00:55:24 INFO     8000 10860 4.343966 327011.7
2025-04-20 01:03:52 INFO     9000 10860 4.412442 327298.3
2025-04-20 01:12:18 INFO     10000 10860 4.342464 326888.9
2025-04-20 01:19:32 INFO     >>>>> Predictor: Evaluating on valid
2025-04-20 01:22:25 INFO     Data : 6068
2025-04-20 01:22:25 INFO     Hit1 : 0.432762
2025-04-20 01:22:25 INFO     Hit3 : 0.489618
2025-04-20 01:22:25 INFO     Hit10: 0.544001
2025-04-20 01:22:25 INFO     MR   : 6456.024061
2025-04-20 01:22:25 INFO     MRR  : 0.471040
2025-04-20 01:22:25 INFO     >>>>> Predictor: Evaluating on test
2025-04-20 01:25:21 INFO     Data : 6268
2025-04-20 01:25:21 INFO     Hit1 : 0.442087
2025-04-20 01:25:21 INFO     Hit3 : 0.494416
2025-04-20 01:25:21 INFO     Hit10: 0.547703
2025-04-20 01:25:21 INFO     MR   : 6329.559349
2025-04-20 01:25:21 INFO     MRR  : 0.478417
2025-04-20 01:25:21 INFO     -------------------------
2025-04-20 01:25:21 INFO     | Final Test MRR: 0.480536
2025-04-20 01:25:21 INFO     -------------------------
