2025-07-25 09:36:49 INFO     is_soft_label: True
2025-07-25 09:36:49 INFO     is_scheduled_sampling: False
2025-07-25 09:36:49 INFO     is_test_mode: False
2025-07-25 09:36:50 INFO     Data loading | DONE!
2025-07-25 09:36:50 INFO     Using full datasets for training, validation, and testing.
2025-07-25 09:36:50 INFO     -------------------------
2025-07-25 09:36:50 INFO     | EM Iteration: 1/5
2025-07-25 09:36:50 INFO     -------------------------
2025-07-25 09:36:50 INFO     >>>>> Using miner's rule
2025-07-25 09:36:50 INFO     Predictor: read 13661 rules from list.
2025-07-25 09:36:51 INFO     Preprocess training set
2025-07-25 09:36:51 INFO     >>>>> Predictor: Evaluating on valid
2025-07-25 09:39:07 INFO     Data : 2077
2025-07-25 09:39:07 INFO     Hit1 : 0.065479
2025-07-25 09:39:07 INFO     Hit3 : 0.127106
2025-07-25 09:39:07 INFO     Hit10: 0.199326
2025-07-25 09:39:07 INFO     MR   : 1120.902022
2025-07-25 09:39:07 INFO     MRR  : 0.114382
2025-07-25 09:39:07 INFO     >>>>> Predictor: Evaluating on test
2025-07-25 09:41:41 INFO     Data : 2342
2025-07-25 09:41:41 INFO     Hit1 : 0.078992
2025-07-25 09:41:41 INFO     Hit3 : 0.124253
2025-07-25 09:41:41 INFO     Hit10: 0.208796
2025-07-25 09:41:41 INFO     MR   : 1044.269001
2025-07-25 09:41:41 INFO     MRR  : 0.122250
2025-07-25 09:41:41 INFO     >>>>> Predictor: Computing H scores of rules
2025-07-25 10:18:52 INFO     1000 5959
2025-07-25 10:56:45 INFO     2000 5959
2025-07-25 11:34:09 INFO     3000 5959
2025-07-25 12:11:27 INFO     4000 5959
2025-07-25 12:48:34 INFO     5000 5959
2025-07-25 13:26:40 INFO     >>>>> Generator: Training
2025-07-25 13:26:54 INFO     -------------------------
2025-07-25 13:26:54 INFO     | EM Iteration: 2/5
2025-07-25 13:26:54 INFO     -------------------------
2025-07-25 13:26:54 INFO     >>>>> Using Generator's sample rule
2025-07-25 13:26:54 INFO     >>>>> Generator: Rule generation with sampling
2025-07-25 13:26:55 INFO     Predictor: read 1903 rules from list.
2025-07-25 13:26:55 INFO     Preprocess training set
2025-07-25 13:26:55 INFO     >>>>> Predictor: Training
2025-07-25 13:28:15 INFO     1000 5959 8.782167 69314.6
2025-07-25 13:29:29 INFO     2000 5959 8.409605 69271.3
2025-07-25 13:30:44 INFO     3000 5959 8.218136 69245.2
2025-07-25 13:31:58 INFO     4000 5959 8.064595 69340.6
2025-07-25 13:33:13 INFO     5000 5959 7.938592 69340.6
2025-07-25 13:34:24 INFO     >>>>> Predictor: Evaluating on valid
2025-07-25 13:34:43 INFO     Data : 2077
2025-07-25 13:34:43 INFO     Hit1 : 0.025036
2025-07-25 13:34:43 INFO     Hit3 : 0.040924
2025-07-25 13:34:43 INFO     Hit10: 0.064035
2025-07-25 13:34:43 INFO     MR   : 1410.005537
2025-07-25 13:34:43 INFO     MRR  : 0.041152
2025-07-25 13:34:43 INFO     >>>>> Predictor: Evaluating on test
2025-07-25 13:35:06 INFO     Data : 2342
2025-07-25 13:35:06 INFO     Hit1 : 0.019641
2025-07-25 13:35:06 INFO     Hit3 : 0.030743
2025-07-25 13:35:06 INFO     Hit10: 0.056362
2025-07-25 13:35:06 INFO     MR   : 1318.582408
2025-07-25 13:35:06 INFO     MRR  : 0.034758
2025-07-25 13:35:06 INFO     >>>>> Predictor: Computing H scores of rules
2025-07-25 13:38:27 INFO     1000 5959
2025-07-25 13:41:47 INFO     2000 5959
2025-07-25 13:45:12 INFO     3000 5959
2025-07-25 13:48:32 INFO     4000 5959
2025-07-25 13:51:53 INFO     5000 5959
2025-07-25 13:55:07 INFO     >>>>> Generator: Training
2025-07-25 13:55:17 INFO     -------------------------
2025-07-25 13:55:17 INFO     | EM Iteration: 3/5
2025-07-25 13:55:17 INFO     -------------------------
2025-07-25 13:55:17 INFO     >>>>> Using Generator's sample rule
2025-07-25 13:55:17 INFO     >>>>> Generator: Rule generation with sampling
2025-07-25 13:55:17 INFO     Predictor: read 1877 rules from list.
2025-07-25 13:55:17 INFO     Preprocess training set
2025-07-25 13:55:17 INFO     >>>>> Predictor: Training
2025-07-25 13:56:43 INFO     1000 5959 8.809779 69332.0
2025-07-25 13:57:56 INFO     2000 5959 8.468996 69349.3
2025-07-25 13:59:10 INFO     3000 5959 8.253727 69184.5
2025-07-25 14:00:28 INFO     4000 5959 8.079691 69253.9
2025-07-25 14:01:43 INFO     5000 5959 7.982923 69332.0
2025-07-25 14:02:54 INFO     >>>>> Predictor: Evaluating on valid
2025-07-25 14:03:13 INFO     Data : 2077
2025-07-25 14:03:13 INFO     Hit1 : 0.010592
2025-07-25 14:03:13 INFO     Hit3 : 0.025999
2025-07-25 14:03:13 INFO     Hit10: 0.051035
2025-07-25 14:03:13 INFO     MR   : 1451.151180
2025-07-25 14:03:13 INFO     MRR  : 0.026790
2025-07-25 14:03:13 INFO     >>>>> Predictor: Evaluating on test
2025-07-25 14:03:34 INFO     Data : 2342
2025-07-25 14:03:34 INFO     Hit1 : 0.014091
2025-07-25 14:03:34 INFO     Hit3 : 0.024765
2025-07-25 14:03:34 INFO     Hit10: 0.047395
2025-07-25 14:03:34 INFO     MR   : 1340.400299
2025-07-25 14:03:34 INFO     MRR  : 0.028019
2025-07-25 14:03:34 INFO     >>>>> Predictor: Computing H scores of rules
2025-07-25 14:07:04 INFO     1000 5959
2025-07-25 14:10:45 INFO     2000 5959
2025-07-25 14:14:16 INFO     3000 5959
2025-07-25 14:17:36 INFO     4000 5959
2025-07-25 14:20:57 INFO     5000 5959
2025-07-25 14:24:22 INFO     >>>>> Generator: Training
2025-07-25 14:24:32 INFO     -------------------------
2025-07-25 14:24:32 INFO     | EM Iteration: 4/5
2025-07-25 14:24:32 INFO     -------------------------
2025-07-25 14:24:32 INFO     >>>>> Using Generator's sample rule
2025-07-25 14:24:32 INFO     >>>>> Generator: Rule generation with sampling
2025-07-25 14:24:32 INFO     Predictor: read 1826 rules from list.
2025-07-25 14:24:32 INFO     Preprocess training set
2025-07-25 14:24:32 INFO     >>>>> Predictor: Training
2025-07-25 14:25:45 INFO     1000 5959 8.789460 69271.3
2025-07-25 14:27:09 INFO     2000 5959 8.401772 69340.6
2025-07-25 14:28:23 INFO     3000 5959 8.133644 69384.0
2025-07-25 14:29:42 INFO     4000 5959 7.955380 69262.6
2025-07-25 14:30:55 INFO     5000 5959 7.814063 69332.0
2025-07-25 14:32:06 INFO     >>>>> Predictor: Evaluating on valid
2025-07-25 14:32:24 INFO     Data : 2077
2025-07-25 14:32:24 INFO     Hit1 : 0.006259
2025-07-25 14:32:24 INFO     Hit3 : 0.018296
2025-07-25 14:32:24 INFO     Hit10: 0.036110
2025-07-25 14:32:24 INFO     MR   : 1485.682956
2025-07-25 14:32:24 INFO     MRR  : 0.019679
2025-07-25 14:32:24 INFO     >>>>> Predictor: Evaluating on test
2025-07-25 14:32:45 INFO     Data : 2342
2025-07-25 14:32:45 INFO     Hit1 : 0.008540
2025-07-25 14:32:45 INFO     Hit3 : 0.018787
2025-07-25 14:32:45 INFO     Hit10: 0.035440
2025-07-25 14:32:45 INFO     MR   : 1371.750213
2025-07-25 14:32:45 INFO     MRR  : 0.020766
2025-07-25 14:32:45 INFO     >>>>> Predictor: Computing H scores of rules
2025-07-25 14:36:16 INFO     1000 5959
2025-07-25 14:39:36 INFO     2000 5959
2025-07-25 14:42:58 INFO     3000 5959
2025-07-25 14:46:29 INFO     4000 5959
2025-07-25 14:50:00 INFO     5000 5959
2025-07-25 14:53:15 INFO     >>>>> Generator: Training
2025-07-25 14:53:25 INFO     -------------------------
2025-07-25 14:53:25 INFO     | EM Iteration: 5/5
2025-07-25 14:53:25 INFO     -------------------------
2025-07-25 14:53:25 INFO     >>>>> Using Generator's sample rule
2025-07-25 14:53:25 INFO     >>>>> Generator: Rule generation with sampling
2025-07-25 14:53:25 INFO     Predictor: read 1678 rules from list.
2025-07-25 14:53:25 INFO     Preprocess training set
2025-07-25 14:53:25 INFO     >>>>> Predictor: Training
2025-07-25 14:54:37 INFO     1000 5959 8.805693 69332.0
2025-07-25 14:55:47 INFO     2000 5959 8.433201 69349.3
2025-07-25 14:57:02 INFO     3000 5959 8.181872 69340.6
2025-07-25 14:58:17 INFO     4000 5959 8.011346 69297.3
2025-07-25 14:59:27 INFO     5000 5959 7.829671 69219.2
2025-07-25 15:00:35 INFO     >>>>> Predictor: Evaluating on valid
2025-07-25 15:00:53 INFO     Data : 2077
2025-07-25 15:00:53 INFO     Hit1 : 0.029851
2025-07-25 15:00:53 INFO     Hit3 : 0.053924
2025-07-25 15:00:53 INFO     Hit10: 0.076071
2025-07-25 15:00:53 INFO     MR   : 1451.300433
2025-07-25 15:00:53 INFO     MRR  : 0.049625
2025-07-25 15:00:53 INFO     >>>>> Predictor: Evaluating on test
2025-07-25 15:01:14 INFO     Data : 2342
2025-07-25 15:01:14 INFO     Hit1 : 0.028181
2025-07-25 15:01:14 INFO     Hit3 : 0.046541
2025-07-25 15:01:14 INFO     Hit10: 0.084543
2025-07-25 15:01:14 INFO     MR   : 1335.067891
2025-07-25 15:01:14 INFO     MRR  : 0.048161
2025-07-25 15:01:14 INFO     >>>>> Predictor: Computing H scores of rules
2025-07-25 15:04:34 INFO     1000 5959
2025-07-25 15:08:00 INFO     2000 5959
2025-07-25 15:11:20 INFO     3000 5959
2025-07-25 15:14:44 INFO     4000 5959
2025-07-25 15:18:14 INFO     5000 5959
2025-07-25 15:21:39 INFO     >>>>> Generator: Training
2025-07-25 15:21:49 INFO     -------------------------
2025-07-25 15:21:49 INFO     | Post-train Generator
2025-07-25 15:21:49 INFO     -------------------------
2025-07-25 15:21:50 INFO     >>>>> Generator: Training
2025-07-25 15:23:31 INFO     [E01000] Total 2.052069 | Main 2.410393 | RelClus 1.458893 | EntType 0.000000
2025-07-25 15:23:31 INFO     -------------------------
2025-07-25 15:23:31 INFO     | Beam Search Best Rules
2025-07-25 15:23:31 INFO     -------------------------
2025-07-25 15:23:31 INFO     >>>>> Generator: Rule generation with beam search
2025-07-25 15:23:32 INFO     >>>>> Generator: Rule generation with beam search
2025-07-25 15:23:38 INFO     >>>>> Generator: Rule generation with beam search
2025-07-25 15:24:56 INFO     >>>>> Generator: Rule generation with beam search
2025-07-25 15:26:00 INFO     >>>>> Generator: Rule generation with beam search
2025-07-25 15:26:43 INFO     -------------------------
2025-07-25 15:26:43 INFO     | Train Final Predictor+
2025-07-25 15:26:43 INFO     -------------------------
2025-07-25 15:26:43 INFO     Predictor+: read 18420 rules from list.
2025-07-25 15:26:43 INFO     Preprocess training set
2025-07-25 15:26:43 INFO     -------------------------
2025-07-25 15:26:43 INFO     | Iteration: 1/5
2025-07-25 15:26:43 INFO     -------------------------
2025-07-25 15:26:43 INFO     >>>>> Predictor: Training
2025-07-25 15:32:24 INFO     1000 5959 5.259410 69271.3
2025-07-25 15:37:59 INFO     2000 5959 5.110241 69332.0
2025-07-25 15:43:29 INFO     3000 5959 5.089283 69375.3
2025-07-25 15:49:10 INFO     4000 5959 5.062514 69279.9
2025-07-25 15:54:35 INFO     5000 5959 5.022650 69349.3
2025-07-25 15:59:48 INFO     >>>>> Predictor: Evaluating on valid
2025-07-25 16:01:08 INFO     Data : 2077
2025-07-25 16:01:08 INFO     Hit1 : 0.075590
2025-07-25 16:01:08 INFO     Hit3 : 0.142995
2025-07-25 16:01:08 INFO     Hit10: 0.242658
2025-07-25 16:01:08 INFO     MR   : 1148.754454
2025-07-25 16:01:08 INFO     MRR  : 0.130055
2025-07-25 16:01:08 INFO     >>>>> Predictor: Evaluating on test
2025-07-25 16:02:38 INFO     Data : 2342
2025-07-25 16:02:38 INFO     Hit1 : 0.099488
2025-07-25 16:02:38 INFO     Hit3 : 0.160974
2025-07-25 16:02:38 INFO     Hit10: 0.246798
2025-07-25 16:02:38 INFO     MR   : 1079.029462
2025-07-25 16:02:38 INFO     MRR  : 0.148707
2025-07-25 16:02:38 INFO     Save checkpoint to results/semmeddb/10_times_each/soft_label/5_20250725_093648/predictor.pt
2025-07-25 16:02:38 INFO     -------------------------
2025-07-25 16:02:38 INFO     | Iteration: 2/5
2025-07-25 16:02:38 INFO     -------------------------
2025-07-25 16:02:38 INFO     >>>>> Predictor: Training
2025-07-25 16:08:14 INFO     1000 5959 4.993196 69366.7
2025-07-25 16:13:46 INFO     2000 5959 5.016116 69375.3
2025-07-25 16:19:24 INFO     3000 5959 4.992199 69219.2
2025-07-25 16:24:57 INFO     4000 5959 5.016652 69305.9
2025-07-25 16:30:28 INFO     5000 5959 4.979618 69288.6
2025-07-25 16:35:46 INFO     >>>>> Predictor: Evaluating on valid
2025-07-25 16:37:06 INFO     Data : 2077
2025-07-25 16:37:06 INFO     Hit1 : 0.071738
2025-07-25 16:37:06 INFO     Hit3 : 0.149254
2025-07-25 16:37:06 INFO     Hit10: 0.248917
2025-07-25 16:37:06 INFO     MR   : 1119.681993
2025-07-25 16:37:06 INFO     MRR  : 0.129904
2025-07-25 16:37:06 INFO     >>>>> Predictor: Evaluating on test
2025-07-25 16:38:40 INFO     Data : 2342
2025-07-25 16:38:40 INFO     Hit1 : 0.100342
2025-07-25 16:38:40 INFO     Hit3 : 0.162681
2025-07-25 16:38:40 INFO     Hit10: 0.248506
2025-07-25 16:38:40 INFO     MR   : 1049.573015
2025-07-25 16:38:40 INFO     MRR  : 0.150045
2025-07-25 16:38:40 INFO     -------------------------
2025-07-25 16:38:40 INFO     | Iteration: 3/5
2025-07-25 16:38:40 INFO     -------------------------
2025-07-25 16:38:40 INFO     >>>>> Predictor: Training
2025-07-25 16:44:24 INFO     1000 5959 4.987893 69288.6
2025-07-25 16:50:12 INFO     2000 5959 4.988252 69288.6
2025-07-25 16:55:38 INFO     3000 5959 4.980700 69340.6
2025-07-25 17:01:19 INFO     4000 5959 4.976011 69271.3
2025-07-25 17:06:42 INFO     5000 5959 5.013274 69219.2
2025-07-25 17:11:55 INFO     >>>>> Predictor: Evaluating on valid
2025-07-25 17:13:16 INFO     Data : 2077
2025-07-25 17:13:16 INFO     Hit1 : 0.072220
2025-07-25 17:13:16 INFO     Hit3 : 0.145883
2025-07-25 17:13:16 INFO     Hit10: 0.241213
2025-07-25 17:13:16 INFO     MR   : 1108.270583
2025-07-25 17:13:16 INFO     MRR  : 0.128772
2025-07-25 17:13:16 INFO     >>>>> Predictor: Evaluating on test
2025-07-25 17:14:48 INFO     Data : 2342
2025-07-25 17:14:48 INFO     Hit1 : 0.103757
2025-07-25 17:14:48 INFO     Hit3 : 0.161827
2025-07-25 17:14:48 INFO     Hit10: 0.246371
2025-07-25 17:14:48 INFO     MR   : 1031.904996
2025-07-25 17:14:48 INFO     MRR  : 0.150677
2025-07-25 17:14:48 INFO     -------------------------
2025-07-25 17:14:48 INFO     | Iteration: 4/5
2025-07-25 17:14:48 INFO     -------------------------
2025-07-25 17:14:48 INFO     >>>>> Predictor: Training
2025-07-25 17:20:17 INFO     1000 5959 4.953967 69340.6
2025-07-25 17:25:41 INFO     2000 5959 4.935604 69184.5
2025-07-25 17:31:04 INFO     3000 5959 5.032648 69253.9
2025-07-25 17:36:33 INFO     4000 5959 4.980380 69340.6
2025-07-25 17:42:08 INFO     5000 5959 4.973811 69384.0
2025-07-25 17:47:27 INFO     >>>>> Predictor: Evaluating on valid
2025-07-25 17:48:50 INFO     Data : 2077
2025-07-25 17:48:50 INFO     Hit1 : 0.071257
2025-07-25 17:48:50 INFO     Hit3 : 0.150217
2025-07-25 17:48:50 INFO     Hit10: 0.242658
2025-07-25 17:48:50 INFO     MR   : 1105.001926
2025-07-25 17:48:50 INFO     MRR  : 0.129548
2025-07-25 17:48:50 INFO     >>>>> Predictor: Evaluating on test
2025-07-25 17:50:26 INFO     Data : 2342
2025-07-25 17:50:26 INFO     Hit1 : 0.100342
2025-07-25 17:50:26 INFO     Hit3 : 0.168659
2025-07-25 17:50:26 INFO     Hit10: 0.251921
2025-07-25 17:50:26 INFO     MR   : 1038.293766
2025-07-25 17:50:26 INFO     MRR  : 0.151018
2025-07-25 17:50:26 INFO     -------------------------
2025-07-25 17:50:26 INFO     | Iteration: 5/5
2025-07-25 17:50:26 INFO     -------------------------
2025-07-25 17:50:26 INFO     >>>>> Predictor: Training
2025-07-25 17:55:49 INFO     1000 5959 4.980886 69323.3
2025-07-25 18:01:11 INFO     2000 5959 4.974368 69332.0
2025-07-25 18:06:41 INFO     3000 5959 4.992923 69219.2
2025-07-25 18:12:05 INFO     4000 5959 4.956848 69297.3
2025-07-25 18:17:29 INFO     5000 5959 4.947942 69332.0
2025-07-25 18:22:41 INFO     >>>>> Predictor: Evaluating on valid
2025-07-25 18:24:05 INFO     Data : 2077
2025-07-25 18:24:05 INFO     Hit1 : 0.076071
2025-07-25 18:24:05 INFO     Hit3 : 0.148772
2025-07-25 18:24:05 INFO     Hit10: 0.245546
2025-07-25 18:24:05 INFO     MR   : 1094.127347
2025-07-25 18:24:05 INFO     MRR  : 0.131849
2025-07-25 18:24:05 INFO     >>>>> Predictor: Evaluating on test
2025-07-25 18:25:40 INFO     Data : 2342
2025-07-25 18:25:40 INFO     Hit1 : 0.101623
2025-07-25 18:25:40 INFO     Hit3 : 0.164816
2025-07-25 18:25:40 INFO     Hit10: 0.250213
2025-07-25 18:25:40 INFO     MR   : 1029.027541
2025-07-25 18:25:40 INFO     MRR  : 0.151589
2025-07-25 18:25:40 INFO     Save checkpoint to results/semmeddb/10_times_each/soft_label/5_20250725_093648/predictor.pt
2025-07-25 18:25:40 INFO     -------------------------
2025-07-25 18:25:40 INFO     | Final Test MRR: 0.151589
2025-07-25 18:25:40 INFO     -------------------------
