2025-07-21 13:22:30 INFO     is_soft_label: False
2025-07-21 13:22:30 INFO     is_scheduled_sampling: False
2025-07-21 13:22:30 INFO     is_test_mode: False
2025-07-21 13:22:31 INFO     Data loading | DONE!
2025-07-21 13:22:31 INFO     Using full datasets for training, validation, and testing.
2025-07-21 13:22:31 INFO     -------------------------
2025-07-21 13:22:31 INFO     | EM Iteration: 1/5
2025-07-21 13:22:31 INFO     -------------------------
2025-07-21 13:22:31 INFO     >>>>> Using miner's rule
2025-07-21 13:22:31 INFO     Predictor: read 13661 rules from list.
2025-07-21 13:22:32 INFO     Preprocess training set
2025-07-21 13:22:32 INFO     >>>>> Predictor: Evaluating on valid
2025-07-21 13:24:57 INFO     Data : 2077
2025-07-21 13:24:57 INFO     Hit1 : 0.065479
2025-07-21 13:24:57 INFO     Hit3 : 0.127106
2025-07-21 13:24:57 INFO     Hit10: 0.199326
2025-07-21 13:24:57 INFO     MR   : 1120.902022
2025-07-21 13:24:57 INFO     MRR  : 0.114382
2025-07-21 13:24:57 INFO     >>>>> Predictor: Evaluating on test
2025-07-21 13:27:31 INFO     Data : 2342
2025-07-21 13:27:31 INFO     Hit1 : 0.078992
2025-07-21 13:27:31 INFO     Hit3 : 0.124253
2025-07-21 13:27:31 INFO     Hit10: 0.208796
2025-07-21 13:27:31 INFO     MR   : 1044.269001
2025-07-21 13:27:31 INFO     MRR  : 0.122250
2025-07-21 13:27:31 INFO     >>>>> Predictor: Computing H scores of rules
2025-07-21 14:05:08 INFO     1000 5959
2025-07-21 14:42:51 INFO     2000 5959
2025-07-21 15:20:19 INFO     3000 5959
2025-07-21 15:58:05 INFO     4000 5959
2025-07-21 16:35:21 INFO     5000 5959
2025-07-21 17:13:10 INFO     >>>>> Generator: Training
2025-07-21 17:13:21 INFO     -------------------------
2025-07-21 17:13:21 INFO     | EM Iteration: 2/5
2025-07-21 17:13:21 INFO     -------------------------
2025-07-21 17:13:21 INFO     >>>>> Using Generator's sample rule
2025-07-21 17:13:21 INFO     >>>>> Generator: Rule generation with sampling
2025-07-21 17:13:21 INFO     Predictor: read 1904 rules from list.
2025-07-21 17:13:21 INFO     Preprocess training set
2025-07-21 17:13:21 INFO     >>>>> Predictor: Training
2025-07-21 17:14:33 INFO     1000 5959 8.782312 69314.6
2025-07-21 17:15:45 INFO     2000 5959 8.410004 69271.3
2025-07-21 17:16:57 INFO     3000 5959 8.219053 69245.2
2025-07-21 17:18:18 INFO     4000 5959 8.065449 69340.6
2025-07-21 17:19:31 INFO     5000 5959 7.940880 69340.6
2025-07-21 17:20:54 INFO     >>>>> Predictor: Evaluating on valid
2025-07-21 17:21:12 INFO     Data : 2077
2025-07-21 17:21:12 INFO     Hit1 : 0.025036
2025-07-21 17:21:12 INFO     Hit3 : 0.040924
2025-07-21 17:21:12 INFO     Hit10: 0.064035
2025-07-21 17:21:12 INFO     MR   : 1407.828117
2025-07-21 17:21:12 INFO     MRR  : 0.041154
2025-07-21 17:21:12 INFO     >>>>> Predictor: Evaluating on test
2025-07-21 17:21:32 INFO     Data : 2342
2025-07-21 17:21:32 INFO     Hit1 : 0.019641
2025-07-21 17:21:32 INFO     Hit3 : 0.030743
2025-07-21 17:21:32 INFO     Hit10: 0.056362
2025-07-21 17:21:32 INFO     MR   : 1317.205807
2025-07-21 17:21:32 INFO     MRR  : 0.034766
2025-07-21 17:21:32 INFO     >>>>> Predictor: Computing H scores of rules
2025-07-21 17:24:59 INFO     1000 5959
2025-07-21 17:28:37 INFO     2000 5959
2025-07-21 17:31:57 INFO     3000 5959
2025-07-21 17:35:19 INFO     4000 5959
2025-07-21 17:38:51 INFO     5000 5959
2025-07-21 17:42:05 INFO     >>>>> Generator: Training
2025-07-21 17:42:15 INFO     -------------------------
2025-07-21 17:42:15 INFO     | EM Iteration: 3/5
2025-07-21 17:42:15 INFO     -------------------------
2025-07-21 17:42:15 INFO     >>>>> Using Generator's sample rule
2025-07-21 17:42:15 INFO     >>>>> Generator: Rule generation with sampling
2025-07-21 17:42:15 INFO     Predictor: read 1877 rules from list.
2025-07-21 17:42:15 INFO     Preprocess training set
2025-07-21 17:42:15 INFO     >>>>> Predictor: Training
2025-07-21 17:43:26 INFO     1000 5959 8.809976 69332.0
2025-07-21 17:44:39 INFO     2000 5959 8.469537 69349.3
2025-07-21 17:45:50 INFO     3000 5959 8.254404 69184.5
2025-07-21 17:47:07 INFO     4000 5959 8.080450 69253.9
2025-07-21 17:48:19 INFO     5000 5959 7.983767 69332.0
2025-07-21 17:49:27 INFO     >>>>> Predictor: Evaluating on valid
2025-07-21 17:49:45 INFO     Data : 2077
2025-07-21 17:49:45 INFO     Hit1 : 0.010592
2025-07-21 17:49:45 INFO     Hit3 : 0.025999
2025-07-21 17:49:45 INFO     Hit10: 0.051035
2025-07-21 17:49:45 INFO     MR   : 1450.381801
2025-07-21 17:49:45 INFO     MRR  : 0.026797
2025-07-21 17:49:45 INFO     >>>>> Predictor: Evaluating on test
2025-07-21 17:50:05 INFO     Data : 2342
2025-07-21 17:50:05 INFO     Hit1 : 0.014091
2025-07-21 17:50:05 INFO     Hit3 : 0.024765
2025-07-21 17:50:05 INFO     Hit10: 0.047395
2025-07-21 17:50:05 INFO     MR   : 1340.377455
2025-07-21 17:50:05 INFO     MRR  : 0.028016
2025-07-21 17:50:05 INFO     >>>>> Predictor: Computing H scores of rules
2025-07-21 17:53:25 INFO     1000 5959
2025-07-21 17:56:54 INFO     2000 5959
2025-07-21 18:00:25 INFO     3000 5959
2025-07-21 18:03:46 INFO     4000 5959
2025-07-21 18:07:07 INFO     5000 5959
2025-07-21 18:10:32 INFO     >>>>> Generator: Training
2025-07-21 18:10:42 INFO     -------------------------
2025-07-21 18:10:42 INFO     | EM Iteration: 4/5
2025-07-21 18:10:42 INFO     -------------------------
2025-07-21 18:10:42 INFO     >>>>> Using Generator's sample rule
2025-07-21 18:10:42 INFO     >>>>> Generator: Rule generation with sampling
2025-07-21 18:10:42 INFO     Predictor: read 1847 rules from list.
2025-07-21 18:10:42 INFO     Preprocess training set
2025-07-21 18:10:42 INFO     >>>>> Predictor: Training
2025-07-21 18:11:58 INFO     1000 5959 8.791110 69271.3
2025-07-21 18:13:10 INFO     2000 5959 8.404539 69340.6
2025-07-21 18:14:21 INFO     3000 5959 8.137731 69384.0
2025-07-21 18:15:32 INFO     4000 5959 7.963986 69262.6
2025-07-21 18:16:44 INFO     5000 5959 7.819836 69332.0
2025-07-21 18:17:58 INFO     >>>>> Predictor: Evaluating on valid
2025-07-21 18:18:23 INFO     Data : 2077
2025-07-21 18:18:23 INFO     Hit1 : 0.006259
2025-07-21 18:18:23 INFO     Hit3 : 0.018296
2025-07-21 18:18:23 INFO     Hit10: 0.036110
2025-07-21 18:18:23 INFO     MR   : 1486.285749
2025-07-21 18:18:23 INFO     MRR  : 0.019680
2025-07-21 18:18:23 INFO     >>>>> Predictor: Evaluating on test
2025-07-21 18:18:43 INFO     Data : 2342
2025-07-21 18:18:43 INFO     Hit1 : 0.008540
2025-07-21 18:18:43 INFO     Hit3 : 0.018787
2025-07-21 18:18:43 INFO     Hit10: 0.035440
2025-07-21 18:18:43 INFO     MR   : 1371.789710
2025-07-21 18:18:43 INFO     MRR  : 0.020680
2025-07-21 18:18:43 INFO     >>>>> Predictor: Computing H scores of rules
2025-07-21 18:22:04 INFO     1000 5959
2025-07-21 18:25:25 INFO     2000 5959
2025-07-21 18:28:47 INFO     3000 5959
2025-07-21 18:32:08 INFO     4000 5959
2025-07-21 18:35:40 INFO     5000 5959
2025-07-21 18:38:55 INFO     >>>>> Generator: Training
2025-07-21 18:39:06 INFO     -------------------------
2025-07-21 18:39:06 INFO     | EM Iteration: 5/5
2025-07-21 18:39:06 INFO     -------------------------
2025-07-21 18:39:06 INFO     >>>>> Using Generator's sample rule
2025-07-21 18:39:06 INFO     >>>>> Generator: Rule generation with sampling
2025-07-21 18:39:06 INFO     Predictor: read 1676 rules from list.
2025-07-21 18:39:06 INFO     Preprocess training set
2025-07-21 18:39:06 INFO     >>>>> Predictor: Training
2025-07-21 18:40:27 INFO     1000 5959 8.805924 69332.0
2025-07-21 18:41:38 INFO     2000 5959 8.434382 69349.3
2025-07-21 18:42:49 INFO     3000 5959 8.182272 69340.6
2025-07-21 18:44:15 INFO     4000 5959 8.012417 69297.3
2025-07-21 18:45:32 INFO     5000 5959 7.830053 69219.2
2025-07-21 18:46:38 INFO     >>>>> Predictor: Evaluating on valid
2025-07-21 18:46:55 INFO     Data : 2077
2025-07-21 18:46:55 INFO     Hit1 : 0.029851
2025-07-21 18:46:55 INFO     Hit3 : 0.053924
2025-07-21 18:46:55 INFO     Hit10: 0.076071
2025-07-21 18:46:55 INFO     MR   : 1451.129995
2025-07-21 18:46:55 INFO     MRR  : 0.049605
2025-07-21 18:46:55 INFO     >>>>> Predictor: Evaluating on test
2025-07-21 18:47:15 INFO     Data : 2342
2025-07-21 18:47:15 INFO     Hit1 : 0.028608
2025-07-21 18:47:15 INFO     Hit3 : 0.046541
2025-07-21 18:47:15 INFO     Hit10: 0.084116
2025-07-21 18:47:15 INFO     MR   : 1334.989112
2025-07-21 18:47:15 INFO     MRR  : 0.048452
2025-07-21 18:47:15 INFO     >>>>> Predictor: Computing H scores of rules
2025-07-21 18:50:33 INFO     1000 5959
2025-07-21 18:53:52 INFO     2000 5959
2025-07-21 18:57:31 INFO     3000 5959
2025-07-21 19:00:49 INFO     4000 5959
2025-07-21 19:04:07 INFO     5000 5959
2025-07-21 19:07:21 INFO     >>>>> Generator: Training
2025-07-21 19:07:30 INFO     -------------------------
2025-07-21 19:07:30 INFO     | Post-train Generator
2025-07-21 19:07:30 INFO     -------------------------
2025-07-21 19:07:32 INFO     >>>>> Generator: Training
2025-07-21 19:09:12 INFO     [E01000] Total 2.432650 | Main 2.559255 | RelClus 1.497829 | EntType 2.354638
2025-07-21 19:09:12 INFO     -------------------------
2025-07-21 19:09:12 INFO     | Beam Search Best Rules
2025-07-21 19:09:12 INFO     -------------------------
2025-07-21 19:09:12 INFO     >>>>> Generator: Rule generation with beam search
2025-07-21 19:09:13 INFO     >>>>> Generator: Rule generation with beam search
2025-07-21 19:09:19 INFO     >>>>> Generator: Rule generation with beam search
2025-07-21 19:10:37 INFO     >>>>> Generator: Rule generation with beam search
2025-07-21 19:11:40 INFO     >>>>> Generator: Rule generation with beam search
2025-07-21 19:12:23 INFO     -------------------------
2025-07-21 19:12:23 INFO     | Train Final Predictor+
2025-07-21 19:12:23 INFO     -------------------------
2025-07-21 19:12:23 INFO     Predictor+: read 18420 rules from list.
2025-07-21 19:12:23 INFO     Preprocess training set
2025-07-21 19:12:23 INFO     -------------------------
2025-07-21 19:12:23 INFO     | Iteration: 1/5
2025-07-21 19:12:23 INFO     -------------------------
2025-07-21 19:12:23 INFO     >>>>> Predictor: Training
2025-07-21 19:17:53 INFO     1000 5959 4.989082 69271.3
2025-07-21 19:23:19 INFO     2000 5959 4.754942 69332.0
2025-07-21 19:28:41 INFO     3000 5959 4.740993 69375.3
2025-07-21 19:34:08 INFO     4000 5959 4.737324 69279.9
2025-07-21 19:39:35 INFO     5000 5959 4.707909 69349.3
2025-07-21 19:44:39 INFO     >>>>> Predictor: Evaluating on valid
2025-07-21 19:46:04 INFO     Data : 2077
2025-07-21 19:46:04 INFO     Hit1 : 0.100626
2025-07-21 19:46:04 INFO     Hit3 : 0.179104
2025-07-21 19:46:04 INFO     Hit10: 0.311988
2025-07-21 19:46:04 INFO     MR   : 988.930188
2025-07-21 19:46:04 INFO     MRR  : 0.167434
2025-07-21 19:46:04 INFO     >>>>> Predictor: Evaluating on test
2025-07-21 19:47:34 INFO     Data : 2342
2025-07-21 19:47:34 INFO     Hit1 : 0.117848
2025-07-21 19:47:34 INFO     Hit3 : 0.210504
2025-07-21 19:47:34 INFO     Hit10: 0.316396
2025-07-21 19:47:34 INFO     MR   : 921.822801
2025-07-21 19:47:34 INFO     MRR  : 0.185806
2025-07-21 19:47:34 INFO     Save checkpoint to results/semmeddb/10_times_each/fixed/333/7_20250721_132228/predictor.pt
2025-07-21 19:47:34 INFO     -------------------------
2025-07-21 19:47:34 INFO     | Iteration: 2/5
2025-07-21 19:47:34 INFO     -------------------------
2025-07-21 19:47:34 INFO     >>>>> Predictor: Training
2025-07-21 19:53:02 INFO     1000 5959 4.636843 69366.7
2025-07-21 19:58:29 INFO     2000 5959 4.678329 69375.3
2025-07-21 20:03:58 INFO     3000 5959 4.663657 69219.2
2025-07-21 20:09:24 INFO     4000 5959 4.672370 69305.9
2025-07-21 20:14:44 INFO     5000 5959 4.660741 69288.6
2025-07-21 20:19:49 INFO     >>>>> Predictor: Evaluating on valid
2025-07-21 20:21:12 INFO     Data : 2077
2025-07-21 20:21:12 INFO     Hit1 : 0.091478
2025-07-21 20:21:12 INFO     Hit3 : 0.189697
2025-07-21 20:21:12 INFO     Hit10: 0.320655
2025-07-21 20:21:12 INFO     MR   : 955.476649
2025-07-21 20:21:12 INFO     MRR  : 0.165682
2025-07-21 20:21:12 INFO     >>>>> Predictor: Evaluating on test
2025-07-21 20:22:41 INFO     Data : 2342
2025-07-21 20:22:41 INFO     Hit1 : 0.125534
2025-07-21 20:22:41 INFO     Hit3 : 0.216482
2025-07-21 20:22:41 INFO     Hit10: 0.319385
2025-07-21 20:22:41 INFO     MR   : 890.185525
2025-07-21 20:22:41 INFO     MRR  : 0.190565
2025-07-21 20:22:41 INFO     -------------------------
2025-07-21 20:22:41 INFO     | Iteration: 3/5
2025-07-21 20:22:41 INFO     -------------------------
2025-07-21 20:22:41 INFO     >>>>> Predictor: Training
2025-07-21 20:28:08 INFO     1000 5959 4.642332 69288.6
2025-07-21 20:33:27 INFO     2000 5959 4.646917 69288.6
2025-07-21 20:38:55 INFO     3000 5959 4.640368 69340.6
2025-07-21 20:44:17 INFO     4000 5959 4.638728 69271.3
2025-07-21 20:49:42 INFO     5000 5959 4.669321 69219.2
2025-07-21 20:54:49 INFO     >>>>> Predictor: Evaluating on valid
2025-07-21 20:56:15 INFO     Data : 2077
2025-07-21 20:56:15 INFO     Hit1 : 0.088108
2025-07-21 20:56:15 INFO     Hit3 : 0.175734
2025-07-21 20:56:15 INFO     Hit10: 0.303322
2025-07-21 20:56:15 INFO     MR   : 948.878912
2025-07-21 20:56:15 INFO     MRR  : 0.158125
2025-07-21 20:56:15 INFO     >>>>> Predictor: Evaluating on test
2025-07-21 20:57:42 INFO     Data : 2342
2025-07-21 20:57:42 INFO     Hit1 : 0.114005
2025-07-21 20:57:42 INFO     Hit3 : 0.196840
2025-07-21 20:57:42 INFO     Hit10: 0.314261
2025-07-21 20:57:42 INFO     MR   : 877.201110
2025-07-21 20:57:42 INFO     MRR  : 0.178968
2025-07-21 20:57:42 INFO     -------------------------
2025-07-21 20:57:42 INFO     | Iteration: 4/5
2025-07-21 20:57:42 INFO     -------------------------
2025-07-21 20:57:42 INFO     >>>>> Predictor: Training
2025-07-21 21:03:00 INFO     1000 5959 4.613993 69340.6
2025-07-21 21:08:30 INFO     2000 5959 4.589741 69184.5
2025-07-21 21:13:52 INFO     3000 5959 4.660149 69253.9
2025-07-21 21:19:13 INFO     4000 5959 4.626216 69340.6
2025-07-21 21:24:46 INFO     5000 5959 4.628317 69384.0
2025-07-21 21:29:55 INFO     >>>>> Predictor: Evaluating on valid
2025-07-21 21:31:13 INFO     Data : 2077
2025-07-21 21:31:13 INFO     Hit1 : 0.090034
2025-07-21 21:31:13 INFO     Hit3 : 0.179104
2025-07-21 21:31:13 INFO     Hit10: 0.307174
2025-07-21 21:31:13 INFO     MR   : 941.954742
2025-07-21 21:31:13 INFO     MRR  : 0.160228
2025-07-21 21:31:13 INFO     >>>>> Predictor: Evaluating on test
2025-07-21 21:32:51 INFO     Data : 2342
2025-07-21 21:32:51 INFO     Hit1 : 0.116994
2025-07-21 21:32:51 INFO     Hit3 : 0.204953
2025-07-21 21:32:51 INFO     Hit10: 0.315542
2025-07-21 21:32:51 INFO     MR   : 871.210290
2025-07-21 21:32:51 INFO     MRR  : 0.183603
2025-07-21 21:32:51 INFO     -------------------------
2025-07-21 21:32:51 INFO     | Iteration: 5/5
2025-07-21 21:32:51 INFO     -------------------------
2025-07-21 21:32:51 INFO     >>>>> Predictor: Training
2025-07-21 21:38:15 INFO     1000 5959 4.621641 69323.3
2025-07-21 21:43:49 INFO     2000 5959 4.605783 69332.0
2025-07-21 21:49:23 INFO     3000 5959 4.647115 69219.2
2025-07-21 21:55:05 INFO     4000 5959 4.637632 69297.3
2025-07-21 22:00:31 INFO     5000 5959 4.607252 69332.0
2025-07-21 22:05:40 INFO     >>>>> Predictor: Evaluating on valid
2025-07-21 22:06:58 INFO     Data : 2077
2025-07-21 22:06:58 INFO     Hit1 : 0.086663
2025-07-21 22:06:58 INFO     Hit3 : 0.181993
2025-07-21 22:06:58 INFO     Hit10: 0.317766
2025-07-21 22:06:58 INFO     MR   : 929.947761
2025-07-21 22:06:58 INFO     MRR  : 0.160409
2025-07-21 22:06:58 INFO     >>>>> Predictor: Evaluating on test
2025-07-21 22:08:25 INFO     Data : 2342
2025-07-21 22:08:25 INFO     Hit1 : 0.122545
2025-07-21 22:08:25 INFO     Hit3 : 0.210931
2025-07-21 22:08:25 INFO     Hit10: 0.321093
2025-07-21 22:08:25 INFO     MR   : 864.457301
2025-07-21 22:08:25 INFO     MRR  : 0.188702
2025-07-21 22:08:25 INFO     -------------------------
2025-07-21 22:08:25 INFO     | Final Test MRR: 0.185806
2025-07-21 22:08:25 INFO     -------------------------
