2025-07-17 20:24:53 INFO     Using full datasets for training, validation, and testing.
2025-07-17 20:24:53 INFO     -------------------------
2025-07-17 20:24:53 INFO     | Pre-train Generator
2025-07-17 20:24:53 INFO     -------------------------
2025-07-17 20:24:53 INFO     >>>>> Generator: Training
2025-07-17 20:25:08 INFO     1000 10000 1.640829
2025-07-17 20:25:21 INFO     2000 10000 1.555844
2025-07-17 20:25:35 INFO     3000 10000 1.544617
2025-07-17 20:25:49 INFO     4000 10000 1.539628
2025-07-17 20:26:02 INFO     5000 10000 1.541232
2025-07-17 20:26:16 INFO     6000 10000 1.537140
2025-07-17 20:26:30 INFO     7000 10000 1.535005
2025-07-17 20:26:43 INFO     8000 10000 1.534639
2025-07-17 20:26:57 INFO     9000 10000 1.533593
2025-07-17 20:27:11 INFO     10000 10000 1.531518
2025-07-17 20:27:11 INFO     -------------------------
2025-07-17 20:27:11 INFO     | EM Iteration: 1/5
2025-07-17 20:27:11 INFO     -------------------------
2025-07-17 20:27:11 INFO     >>>>> Generator: Rule generation with sampling
2025-07-17 20:27:11 INFO     Sampled rules len: 1273
2025-07-17 20:27:11 INFO     Predictor: read 1273 rules from list.
2025-07-17 20:27:11 INFO     Preprocess training set
2025-07-17 20:27:11 INFO     >>>>> Predictor: Training
2025-07-17 20:28:00 INFO     1000 12313 8.229463 69358.0
2025-07-17 20:28:49 INFO     2000 12313 7.790632 69332.0
2025-07-17 20:29:38 INFO     3000 12313 7.568753 69384.0
2025-07-17 20:30:26 INFO     4000 12313 7.456649 69279.9
2025-07-17 20:31:15 INFO     5000 12313 7.343764 69332.0
2025-07-17 20:32:04 INFO     6000 12313 7.263716 69384.0
2025-07-17 20:32:53 INFO     7000 12313 7.183213 69297.3
2025-07-17 20:33:43 INFO     8000 12313 7.172456 69323.3
2025-07-17 20:34:31 INFO     9000 12313 7.101312 69358.0
2025-07-17 20:35:19 INFO     10000 12313 7.091323 69332.0
2025-07-17 20:36:07 INFO     11000 12313 7.051391 69366.7
2025-07-17 20:36:56 INFO     12000 12313 7.024152 69279.9
2025-07-17 20:37:12 INFO     >>>>> Predictor: Evaluating on valid
2025-07-17 20:37:31 INFO     Data : 3823
2025-07-17 20:37:31 INFO     Hit1 : 0.027465
2025-07-17 20:37:31 INFO     Hit3 : 0.052577
2025-07-17 20:37:31 INFO     Hit10: 0.101229
2025-07-17 20:37:31 INFO     MR   : 1195.106330
2025-07-17 20:37:31 INFO     MRR  : 0.053602
2025-07-17 20:37:31 INFO     >>>>> Predictor: Evaluating on test
2025-07-17 20:37:54 INFO     Data : 4402
2025-07-17 20:37:54 INFO     Hit1 : 0.035211
2025-07-17 20:37:54 INFO     Hit3 : 0.062699
2025-07-17 20:37:54 INFO     Hit10: 0.101772
2025-07-17 20:37:54 INFO     MR   : 1186.579396
2025-07-17 20:37:54 INFO     MRR  : 0.060466
2025-07-17 20:37:54 INFO     >>>>> Predictor: Computing H scores of rules
2025-07-17 20:38:48 INFO     1000 12313
2025-07-17 20:39:43 INFO     2000 12313
2025-07-17 20:40:36 INFO     3000 12313
2025-07-17 20:41:30 INFO     4000 12313
2025-07-17 20:42:24 INFO     5000 12313
2025-07-17 20:43:18 INFO     6000 12313
2025-07-17 20:44:13 INFO     7000 12313
2025-07-17 20:45:07 INFO     8000 12313
2025-07-17 20:46:02 INFO     9000 12313
2025-07-17 20:46:57 INFO     10000 12313
2025-07-17 20:47:52 INFO     11000 12313
2025-07-17 20:48:47 INFO     12000 12313
2025-07-17 20:49:04 INFO     >>>>> Generator: Training
2025-07-17 20:49:06 INFO     -------------------------
2025-07-17 20:49:06 INFO     | EM Iteration: 2/5
2025-07-17 20:49:06 INFO     -------------------------
2025-07-17 20:49:06 INFO     >>>>> Generator: Rule generation with sampling
2025-07-17 20:49:06 INFO     Sampled rules len: 1343
2025-07-17 20:49:06 INFO     Predictor: read 1343 rules from list.
2025-07-17 20:49:06 INFO     Preprocess training set
2025-07-17 20:49:06 INFO     >>>>> Predictor: Training
2025-07-17 20:49:58 INFO     1000 12313 8.241986 69366.7
2025-07-17 20:50:49 INFO     2000 12313 7.759912 69279.9
2025-07-17 20:51:41 INFO     3000 12313 7.582108 69253.9
2025-07-17 20:52:32 INFO     4000 12313 7.429486 69340.6
2025-07-17 20:53:24 INFO     5000 12313 7.350488 69366.7
2025-07-17 20:54:14 INFO     6000 12313 7.261388 69358.0
2025-07-17 20:55:05 INFO     7000 12313 7.222039 69366.7
2025-07-17 20:55:56 INFO     8000 12313 7.201439 69384.0
2025-07-17 20:56:47 INFO     9000 12313 7.163070 69262.6
2025-07-17 20:57:38 INFO     10000 12313 7.137437 69323.3
2025-07-17 20:58:29 INFO     11000 12313 7.108201 69366.7
2025-07-17 20:59:20 INFO     12000 12313 7.093864 69332.0
2025-07-17 20:59:36 INFO     >>>>> Predictor: Evaluating on valid
2025-07-17 20:59:54 INFO     Data : 3823
2025-07-17 20:59:54 INFO     Hit1 : 0.028250
2025-07-17 20:59:54 INFO     Hit3 : 0.060947
2025-07-17 20:59:54 INFO     Hit10: 0.122155
2025-07-17 20:59:54 INFO     MR   : 1155.158645
2025-07-17 20:59:54 INFO     MRR  : 0.059915
2025-07-17 20:59:54 INFO     >>>>> Predictor: Evaluating on test
2025-07-17 21:00:16 INFO     Data : 4402
2025-07-17 21:00:16 INFO     Hit1 : 0.037029
2025-07-17 21:00:16 INFO     Hit3 : 0.067697
2025-07-17 21:00:16 INFO     Hit10: 0.121308
2025-07-17 21:00:16 INFO     MR   : 1151.854952
2025-07-17 21:00:16 INFO     MRR  : 0.066256
2025-07-17 21:00:16 INFO     >>>>> Predictor: Computing H scores of rules
2025-07-17 21:01:12 INFO     1000 12313
2025-07-17 21:02:09 INFO     2000 12313
2025-07-17 21:03:06 INFO     3000 12313
2025-07-17 21:04:04 INFO     4000 12313
2025-07-17 21:05:01 INFO     5000 12313
2025-07-17 21:05:58 INFO     6000 12313
2025-07-17 21:06:55 INFO     7000 12313
2025-07-17 21:07:52 INFO     8000 12313
2025-07-17 21:08:49 INFO     9000 12313
2025-07-17 21:09:46 INFO     10000 12313
2025-07-17 21:10:43 INFO     11000 12313
2025-07-17 21:11:40 INFO     12000 12313
2025-07-17 21:11:58 INFO     >>>>> Generator: Training
2025-07-17 21:11:59 INFO     -------------------------
2025-07-17 21:11:59 INFO     | EM Iteration: 3/5
2025-07-17 21:11:59 INFO     -------------------------
2025-07-17 21:11:59 INFO     >>>>> Generator: Rule generation with sampling
2025-07-17 21:11:59 INFO     Sampled rules len: 1412
2025-07-17 21:12:00 INFO     Predictor: read 1412 rules from list.
2025-07-17 21:12:00 INFO     Preprocess training set
2025-07-17 21:12:00 INFO     >>>>> Predictor: Training
2025-07-17 21:12:53 INFO     1000 12313 8.186434 69384.0
2025-07-17 21:13:45 INFO     2000 12313 7.698380 69384.0
2025-07-17 21:14:38 INFO     3000 12313 7.438209 69253.9
2025-07-17 21:15:29 INFO     4000 12313 7.297554 69323.3
2025-07-17 21:16:22 INFO     5000 12313 7.178202 69384.0
2025-07-17 21:17:14 INFO     6000 12313 7.059516 69323.3
2025-07-17 21:18:06 INFO     7000 12313 6.974232 69366.7
2025-07-17 21:18:59 INFO     8000 12313 6.907799 69332.0
2025-07-17 21:19:51 INFO     9000 12313 6.803359 69384.0
2025-07-17 21:20:44 INFO     10000 12313 6.806268 69227.9
2025-07-17 21:21:36 INFO     11000 12313 6.750974 69340.6
2025-07-17 21:22:28 INFO     12000 12313 6.717755 69297.3
2025-07-17 21:22:45 INFO     >>>>> Predictor: Evaluating on valid
2025-07-17 21:23:05 INFO     Data : 3823
2025-07-17 21:23:05 INFO     Hit1 : 0.030604
2025-07-17 21:23:05 INFO     Hit3 : 0.063301
2025-07-17 21:23:05 INFO     Hit10: 0.123202
2025-07-17 21:23:05 INFO     MR   : 1145.815328
2025-07-17 21:23:05 INFO     MRR  : 0.062217
2025-07-17 21:23:05 INFO     >>>>> Predictor: Evaluating on test
2025-07-17 21:23:28 INFO     Data : 4402
2025-07-17 21:23:28 INFO     Hit1 : 0.035666
2025-07-17 21:23:28 INFO     Hit3 : 0.069514
2025-07-17 21:23:28 INFO     Hit10: 0.126533
2025-07-17 21:23:28 INFO     MR   : 1125.611427
2025-07-17 21:23:28 INFO     MRR  : 0.067341
2025-07-17 21:23:28 INFO     >>>>> Predictor: Computing H scores of rules
2025-07-17 21:24:26 INFO     1000 12313
2025-07-17 21:25:24 INFO     2000 12313
2025-07-17 21:26:22 INFO     3000 12313
2025-07-17 21:27:20 INFO     4000 12313
2025-07-17 21:28:19 INFO     5000 12313
2025-07-17 21:29:18 INFO     6000 12313
2025-07-17 21:30:17 INFO     7000 12313
2025-07-17 21:31:15 INFO     8000 12313
2025-07-17 21:32:13 INFO     9000 12313
2025-07-17 21:33:11 INFO     10000 12313
2025-07-17 21:34:08 INFO     11000 12313
2025-07-17 21:35:06 INFO     12000 12313
2025-07-17 21:35:24 INFO     >>>>> Generator: Training
2025-07-17 21:35:25 INFO     -------------------------
2025-07-17 21:35:25 INFO     | EM Iteration: 4/5
2025-07-17 21:35:25 INFO     -------------------------
2025-07-17 21:35:25 INFO     >>>>> Generator: Rule generation with sampling
2025-07-17 21:35:26 INFO     Sampled rules len: 1426
2025-07-17 21:35:26 INFO     Predictor: read 1426 rules from list.
2025-07-17 21:35:26 INFO     Preprocess training set
2025-07-17 21:35:26 INFO     >>>>> Predictor: Training
2025-07-17 21:36:18 INFO     1000 12313 8.235441 69314.6
2025-07-17 21:37:11 INFO     2000 12313 7.752048 69279.9
2025-07-17 21:38:04 INFO     3000 12313 7.502660 69366.7
2025-07-17 21:38:57 INFO     4000 12313 7.384731 69366.7
2025-07-17 21:39:49 INFO     5000 12313 7.285630 69288.6
2025-07-17 21:40:42 INFO     6000 12313 7.194170 69340.6
2025-07-17 21:41:34 INFO     7000 12313 7.106842 69384.0
2025-07-17 21:42:26 INFO     8000 12313 7.037347 69340.6
2025-07-17 21:43:18 INFO     9000 12313 7.031454 69384.0
2025-07-17 21:44:09 INFO     10000 12313 6.975618 69288.6
2025-07-17 21:45:01 INFO     11000 12313 6.936382 69262.6
2025-07-17 21:45:54 INFO     12000 12313 6.945867 69384.0
2025-07-17 21:46:10 INFO     >>>>> Predictor: Evaluating on valid
2025-07-17 21:46:32 INFO     Data : 3823
2025-07-17 21:46:32 INFO     Hit1 : 0.034789
2025-07-17 21:46:32 INFO     Hit3 : 0.073764
2025-07-17 21:46:32 INFO     Hit10: 0.144128
2025-07-17 21:46:32 INFO     MR   : 1091.815328
2025-07-17 21:46:32 INFO     MRR  : 0.071208
2025-07-17 21:46:32 INFO     >>>>> Predictor: Evaluating on test
2025-07-17 21:46:57 INFO     Data : 4402
2025-07-17 21:46:57 INFO     Hit1 : 0.044980
2025-07-17 21:46:57 INFO     Hit3 : 0.086552
2025-07-17 21:46:57 INFO     Hit10: 0.149023
2025-07-17 21:46:57 INFO     MR   : 1099.592344
2025-07-17 21:46:57 INFO     MRR  : 0.080133
2025-07-17 21:46:57 INFO     >>>>> Predictor: Computing H scores of rules
2025-07-17 21:47:55 INFO     1000 12313
2025-07-17 21:48:52 INFO     2000 12313
2025-07-17 21:49:48 INFO     3000 12313
2025-07-17 21:50:46 INFO     4000 12313
2025-07-17 21:51:43 INFO     5000 12313
2025-07-17 21:52:41 INFO     6000 12313
2025-07-17 21:53:39 INFO     7000 12313
2025-07-17 21:54:35 INFO     8000 12313
2025-07-17 21:55:33 INFO     9000 12313
2025-07-17 21:56:30 INFO     10000 12313
2025-07-17 21:57:27 INFO     11000 12313
2025-07-17 21:58:26 INFO     12000 12313
2025-07-17 21:58:44 INFO     >>>>> Generator: Training
2025-07-17 21:58:46 INFO     -------------------------
2025-07-17 21:58:46 INFO     | EM Iteration: 5/5
2025-07-17 21:58:46 INFO     -------------------------
2025-07-17 21:58:46 INFO     >>>>> Generator: Rule generation with sampling
2025-07-17 21:58:46 INFO     Sampled rules len: 1482
2025-07-17 21:58:46 INFO     Predictor: read 1482 rules from list.
2025-07-17 21:58:46 INFO     Preprocess training set
2025-07-17 21:58:46 INFO     >>>>> Predictor: Training
2025-07-17 21:59:38 INFO     1000 12313 8.242797 69340.6
2025-07-17 22:00:31 INFO     2000 12313 7.792697 69288.6
2025-07-17 22:01:24 INFO     3000 12313 7.584489 69366.7
2025-07-17 22:02:17 INFO     4000 12313 7.471291 69305.9
2025-07-17 22:03:10 INFO     5000 12313 7.356705 69323.3
2025-07-17 22:04:02 INFO     6000 12313 7.310716 69384.0
2025-07-17 22:04:54 INFO     7000 12313 7.266276 69279.9
2025-07-17 22:05:47 INFO     8000 12313 7.194208 69384.0
2025-07-17 22:06:41 INFO     9000 12313 7.197570 69366.7
2025-07-17 22:07:33 INFO     10000 12313 7.156825 69297.3
2025-07-17 22:08:26 INFO     11000 12313 7.124651 69279.9
2025-07-17 22:09:19 INFO     12000 12313 7.133007 69384.0
2025-07-17 22:09:35 INFO     >>>>> Predictor: Evaluating on valid
2025-07-17 22:09:57 INFO     Data : 3823
2025-07-17 22:09:57 INFO     Hit1 : 0.031651
2025-07-17 22:09:57 INFO     Hit3 : 0.056762
2025-07-17 22:09:57 INFO     Hit10: 0.104891
2025-07-17 22:09:57 INFO     MR   : 1203.755820
2025-07-17 22:09:57 INFO     MRR  : 0.057972
2025-07-17 22:09:57 INFO     >>>>> Predictor: Evaluating on test
2025-07-17 22:10:23 INFO     Data : 4402
2025-07-17 22:10:23 INFO     Hit1 : 0.030668
2025-07-17 22:10:23 INFO     Hit3 : 0.060881
2025-07-17 22:10:23 INFO     Hit10: 0.105407
2025-07-17 22:10:23 INFO     MR   : 1188.294980
2025-07-17 22:10:23 INFO     MRR  : 0.057983
2025-07-17 22:10:23 INFO     >>>>> Predictor: Computing H scores of rules
2025-07-17 22:11:21 INFO     1000 12313
2025-07-17 22:12:20 INFO     2000 12313
2025-07-17 22:13:20 INFO     3000 12313
2025-07-17 22:14:20 INFO     4000 12313
2025-07-17 22:15:20 INFO     5000 12313
2025-07-17 22:16:19 INFO     6000 12313
2025-07-17 22:17:18 INFO     7000 12313
2025-07-17 22:18:16 INFO     8000 12313
2025-07-17 22:19:14 INFO     9000 12313
2025-07-17 22:20:12 INFO     10000 12313
2025-07-17 22:21:11 INFO     11000 12313
2025-07-17 22:22:11 INFO     12000 12313
2025-07-17 22:22:29 INFO     >>>>> Generator: Training
2025-07-17 22:22:30 INFO     -------------------------
2025-07-17 22:22:30 INFO     | Post-train Generator
2025-07-17 22:22:30 INFO     -------------------------
2025-07-17 22:22:30 INFO     >>>>> Generator: Training
2025-07-17 22:22:44 INFO     1000 1000 1.740982
2025-07-17 22:22:44 INFO     -------------------------
2025-07-17 22:22:44 INFO     | Beam Search Best Rules
2025-07-17 22:22:44 INFO     -------------------------
2025-07-17 22:22:44 INFO     >>>>> Generator: Rule generation with beam search
2025-07-17 22:22:45 INFO     >>>>> Generator: Rule generation with beam search
2025-07-17 22:22:50 INFO     >>>>> Generator: Rule generation with beam search
2025-07-17 22:23:27 INFO     >>>>> Generator: Rule generation with beam search
2025-07-17 22:23:52 INFO     >>>>> Generator: Rule generation with beam search
2025-07-17 22:24:10 INFO     -------------------------
2025-07-17 22:24:10 INFO     | Train Final Predictor+
2025-07-17 22:24:10 INFO     -------------------------
2025-07-17 22:24:11 INFO     Predictor+: read 18420 rules from list.
2025-07-17 22:24:11 INFO     Preprocess training set
2025-07-17 22:24:11 INFO     -------------------------
2025-07-17 22:24:11 INFO     | Iteration: 1/5
2025-07-17 22:24:11 INFO     -------------------------
2025-07-17 22:24:11 INFO     >>>>> Predictor: Training
2025-07-17 22:32:03 INFO     1000 12313 4.700174 69314.6
2025-07-17 22:39:52 INFO     2000 12313 4.493411 69366.7
2025-07-17 22:47:45 INFO     3000 12313 4.451724 69279.9
2025-07-17 22:55:39 INFO     4000 12313 4.444932 69340.6
2025-07-17 23:03:34 INFO     5000 12313 4.482216 69236.6
2025-07-17 23:11:28 INFO     6000 12313 4.445435 69366.7
2025-07-17 23:19:28 INFO     7000 12313 4.426454 69323.3
2025-07-17 23:27:24 INFO     8000 12313 4.463674 69349.3
2025-07-17 23:35:17 INFO     9000 12313 4.425276 69384.0
2025-07-17 23:43:11 INFO     10000 12313 4.420210 69384.0
2025-07-17 23:51:04 INFO     11000 12313 4.444293 69288.6
2025-07-17 23:58:57 INFO     12000 12313 4.448795 69366.7
2025-07-18 00:01:25 INFO     >>>>> Predictor: Evaluating on valid
2025-07-18 00:04:54 INFO     Data : 3823
2025-07-18 00:04:54 INFO     Hit1 : 0.077688
2025-07-18 00:04:54 INFO     Hit3 : 0.155375
2025-07-18 00:04:54 INFO     Hit10: 0.292179
2025-07-18 00:04:54 INFO     MR   : 630.508763
2025-07-18 00:04:54 INFO     MRR  : 0.147321
2025-07-18 00:04:54 INFO     >>>>> Predictor: Evaluating on test
2025-07-18 00:08:53 INFO     Data : 4402
2025-07-18 00:08:53 INFO     Hit1 : 0.104044
2025-07-18 00:08:53 INFO     Hit3 : 0.188096
2025-07-18 00:08:53 INFO     Hit10: 0.316674
2025-07-18 00:08:53 INFO     MR   : 615.409700
2025-07-18 00:08:53 INFO     MRR  : 0.174162
2025-07-18 00:08:53 INFO     Save checkpoint to results/semmeddb/10_times_each/original_rnnlogic/3_20250717_202451/predictor.pt
2025-07-18 00:08:53 INFO     -------------------------
2025-07-18 00:08:53 INFO     | Iteration: 2/5
2025-07-18 00:08:53 INFO     -------------------------
2025-07-18 00:08:53 INFO     >>>>> Predictor: Training
2025-07-18 00:16:48 INFO     1000 12313 4.384218 69384.0
2025-07-18 00:24:45 INFO     2000 12313 4.378451 69384.0
2025-07-18 00:32:42 INFO     3000 12313 4.392822 69340.6
2025-07-18 00:40:36 INFO     4000 12313 4.397182 69305.9
2025-07-18 00:48:32 INFO     5000 12313 4.407030 69340.6
2025-07-18 00:56:29 INFO     6000 12313 4.411432 69297.3
2025-07-18 01:04:25 INFO     7000 12313 4.391862 69323.3
2025-07-18 01:12:23 INFO     8000 12313 4.419055 69366.7
2025-07-18 01:20:22 INFO     9000 12313 4.391051 69297.3
2025-07-18 01:28:21 INFO     10000 12313 4.404075 69366.7
2025-07-18 01:36:20 INFO     11000 12313 4.407950 69314.6
2025-07-18 01:46:57 INFO     12000 12313 4.419943 69279.9
2025-07-18 01:50:52 INFO     >>>>> Predictor: Evaluating on valid
2025-07-18 01:56:18 INFO     Data : 3823
2025-07-18 01:56:18 INFO     Hit1 : 0.079257
2025-07-18 01:56:18 INFO     Hit3 : 0.157206
2025-07-18 01:56:18 INFO     Hit10: 0.294533
2025-07-18 01:56:18 INFO     MR   : 612.649359
2025-07-18 01:56:18 INFO     MRR  : 0.148980
2025-07-18 01:56:18 INFO     >>>>> Predictor: Evaluating on test
2025-07-18 02:02:35 INFO     Data : 4402
2025-07-18 02:02:35 INFO     Hit1 : 0.109950
2025-07-18 02:02:35 INFO     Hit3 : 0.194684
2025-07-18 02:02:35 INFO     Hit10: 0.320082
2025-07-18 02:02:35 INFO     MR   : 593.371308
2025-07-18 02:02:35 INFO     MRR  : 0.179040
2025-07-18 02:02:35 INFO     Save checkpoint to results/semmeddb/10_times_each/original_rnnlogic/3_20250717_202451/predictor.pt
2025-07-18 02:02:35 INFO     -------------------------
2025-07-18 02:02:35 INFO     | Iteration: 3/5
2025-07-18 02:02:35 INFO     -------------------------
2025-07-18 02:02:35 INFO     >>>>> Predictor: Training
2025-07-18 02:15:31 INFO     1000 12313 4.386410 69262.6
2025-07-18 02:28:52 INFO     2000 12313 4.367550 69384.0
2025-07-18 02:41:23 INFO     3000 12313 4.350330 69262.6
2025-07-18 02:54:10 INFO     4000 12313 4.392519 69323.3
2025-07-18 03:07:16 INFO     5000 12313 4.360834 69366.7
2025-07-18 03:20:17 INFO     6000 12313 4.381859 69323.3
2025-07-18 03:32:49 INFO     7000 12313 4.389382 69366.7
2025-07-18 03:45:51 INFO     8000 12313 4.400183 69384.0
2025-07-18 03:59:13 INFO     9000 12313 4.379508 69349.3
2025-07-18 04:11:47 INFO     10000 12313 4.401418 69314.6
2025-07-18 04:24:31 INFO     11000 12313 4.363448 69349.3
2025-07-18 04:37:28 INFO     12000 12313 4.399643 69314.6
2025-07-18 04:41:57 INFO     >>>>> Predictor: Evaluating on valid
2025-07-18 04:47:28 INFO     Data : 3823
2025-07-18 04:47:28 INFO     Hit1 : 0.079519
2025-07-18 04:47:28 INFO     Hit3 : 0.164792
2025-07-18 04:47:28 INFO     Hit10: 0.301334
2025-07-18 04:47:28 INFO     MR   : 614.601491
2025-07-18 04:47:28 INFO     MRR  : 0.151334
2025-07-18 04:47:28 INFO     >>>>> Predictor: Evaluating on test
2025-07-18 04:53:49 INFO     Data : 4402
2025-07-18 04:53:49 INFO     Hit1 : 0.111767
2025-07-18 04:53:49 INFO     Hit3 : 0.199909
2025-07-18 04:53:49 INFO     Hit10: 0.322581
2025-07-18 04:53:49 INFO     MR   : 582.047592
2025-07-18 04:53:49 INFO     MRR  : 0.181717
2025-07-18 04:53:49 INFO     Save checkpoint to results/semmeddb/10_times_each/original_rnnlogic/3_20250717_202451/predictor.pt
2025-07-18 04:53:49 INFO     -------------------------
2025-07-18 04:53:49 INFO     | Iteration: 4/5
2025-07-18 04:53:49 INFO     -------------------------
2025-07-18 04:53:49 INFO     >>>>> Predictor: Training
2025-07-18 05:06:28 INFO     1000 12313 4.337728 69384.0
2025-07-18 05:19:28 INFO     2000 12313 4.359974 69340.6
2025-07-18 05:32:38 INFO     3000 12313 4.365645 69384.0
2025-07-18 05:45:10 INFO     4000 12313 4.395157 69253.9
2025-07-18 05:58:04 INFO     5000 12313 4.380422 69262.6
2025-07-18 06:11:33 INFO     6000 12313 4.393324 69340.6
2025-07-18 06:24:38 INFO     7000 12313 4.373387 69314.6
2025-07-18 06:37:28 INFO     8000 12313 4.352294 69323.3
2025-07-18 06:50:26 INFO     9000 12313 4.385763 69366.7
2025-07-18 07:03:38 INFO     10000 12313 4.354357 69349.3
2025-07-18 07:16:10 INFO     11000 12313 4.368054 69366.7
2025-07-18 07:29:10 INFO     12000 12313 4.382640 69366.7
2025-07-18 07:33:25 INFO     >>>>> Predictor: Evaluating on valid
2025-07-18 07:39:20 INFO     Data : 3823
2025-07-18 07:39:20 INFO     Hit1 : 0.076641
2025-07-18 07:39:20 INFO     Hit3 : 0.164530
2025-07-18 07:39:20 INFO     Hit10: 0.302380
2025-07-18 07:39:20 INFO     MR   : 602.715276
2025-07-18 07:39:20 INFO     MRR  : 0.149675
2025-07-18 07:39:20 INFO     >>>>> Predictor: Evaluating on test
2025-07-18 07:46:34 INFO     Data : 4402
2025-07-18 07:46:34 INFO     Hit1 : 0.110859
2025-07-18 07:46:34 INFO     Hit3 : 0.192640
2025-07-18 07:46:34 INFO     Hit10: 0.321899
2025-07-18 07:46:34 INFO     MR   : 577.545775
2025-07-18 07:46:34 INFO     MRR  : 0.179599
2025-07-18 07:46:34 INFO     -------------------------
2025-07-18 07:46:34 INFO     | Iteration: 5/5
2025-07-18 07:46:34 INFO     -------------------------
2025-07-18 07:46:34 INFO     >>>>> Predictor: Training
2025-07-18 07:59:51 INFO     1000 12313 4.335148 69323.3
2025-07-18 08:13:14 INFO     2000 12313 4.361819 69384.0
2025-07-18 08:27:20 INFO     3000 12313 4.357229 69245.2
2025-07-18 08:40:26 INFO     4000 12313 4.336927 69384.0
2025-07-18 08:53:42 INFO     5000 12313 4.386627 69366.7
2025-07-18 09:07:19 INFO     6000 12313 4.359964 69323.3
2025-07-18 09:21:03 INFO     7000 12313 4.377242 69384.0
2025-07-18 09:34:21 INFO     8000 12313 4.387951 69297.3
2025-07-18 09:47:52 INFO     9000 12313 4.364117 69384.0
2025-07-18 10:01:49 INFO     10000 12313 4.361802 69271.3
2025-07-18 10:14:46 INFO     11000 12313 4.363419 69340.6
2025-07-18 10:27:39 INFO     12000 12313 4.346304 69297.3
2025-07-18 10:31:44 INFO     >>>>> Predictor: Evaluating on valid
2025-07-18 10:37:28 INFO     Data : 3823
2025-07-18 10:37:28 INFO     Hit1 : 0.076380
2025-07-18 10:37:28 INFO     Hit3 : 0.166100
2025-07-18 10:37:28 INFO     Hit10: 0.304735
2025-07-18 10:37:28 INFO     MR   : 599.242480
2025-07-18 10:37:28 INFO     MRR  : 0.150069
2025-07-18 10:37:28 INFO     >>>>> Predictor: Evaluating on test
2025-07-18 10:44:25 INFO     Data : 4402
2025-07-18 10:44:25 INFO     Hit1 : 0.108587
2025-07-18 10:44:25 INFO     Hit3 : 0.193321
2025-07-18 10:44:25 INFO     Hit10: 0.316901
2025-07-18 10:44:25 INFO     MR   : 577.336779
2025-07-18 10:44:25 INFO     MRR  : 0.177225
2025-07-18 10:44:25 INFO     -------------------------
2025-07-18 10:44:25 INFO     | Final Test MRR: 0.181717
2025-07-18 10:44:25 INFO     -------------------------
