2025-06-29 23:49:21 INFO     Data loading | DONE!
2025-06-29 23:49:22 INFO     Using full datasets for training, validation, and testing.
2025-06-29 23:49:22 INFO     -------------------------
2025-06-29 23:49:22 INFO     | EM Iteration: 1/5
2025-06-29 23:49:22 INFO     -------------------------
2025-06-29 23:49:22 INFO     >>>>> Using miner's rule
2025-06-29 23:49:22 INFO     Predictor: read 13661 rules from list.
2025-06-29 23:49:22 INFO     Preprocess training set
2025-06-29 23:49:22 INFO     >>>>> Predictor: Training
2025-06-29 23:58:52 INFO     1000 5959 8.299284 69314.6
2025-06-30 00:08:19 INFO     2000 5959 7.689227 69271.3
2025-06-30 00:17:25 INFO     3000 5959 7.425850 69245.2
2025-06-30 00:26:38 INFO     4000 5959 7.285955 69340.6
2025-06-30 00:35:53 INFO     5000 5959 7.136692 69340.6
2025-06-30 00:44:50 INFO     >>>>> Predictor: Evaluating on valid
2025-06-30 00:47:10 INFO     Data : 2077
2025-06-30 00:47:10 INFO     Hit1 : 0.065479
2025-06-30 00:47:10 INFO     Hit3 : 0.127106
2025-06-30 00:47:10 INFO     Hit10: 0.199326
2025-06-30 00:47:10 INFO     MR   : 1120.920077
2025-06-30 00:47:10 INFO     MRR  : 0.114382
2025-06-30 00:47:10 INFO     >>>>> Predictor: Evaluating on test
2025-06-30 00:49:42 INFO     Data : 2342
2025-06-30 00:49:42 INFO     Hit1 : 0.078992
2025-06-30 00:49:42 INFO     Hit3 : 0.124253
2025-06-30 00:49:42 INFO     Hit10: 0.208796
2025-06-30 00:49:42 INFO     MR   : 1044.279889
2025-06-30 00:49:42 INFO     MRR  : 0.122250
2025-06-30 00:49:42 INFO     >>>>> Predictor: Computing H scores of rules
2025-06-30 01:24:45 INFO     1000 5959
2025-06-30 01:59:21 INFO     2000 5959
2025-06-30 02:33:20 INFO     3000 5959
2025-06-30 03:07:24 INFO     4000 5959
