2025-07-10 05:45:01 INFO     is_soft_label: False
2025-07-10 05:45:01 INFO     is_scheduled_sampling: False
2025-07-10 05:45:01 INFO     is_test_mode: False
2025-07-10 05:45:01 INFO     Data loading | DONE!
2025-07-10 05:45:02 INFO     Using full datasets for training, validation, and testing.
2025-07-10 05:45:02 INFO     -------------------------
2025-07-10 05:45:02 INFO     | EM Iteration: 1/5
2025-07-10 05:45:02 INFO     -------------------------
2025-07-10 05:45:02 INFO     >>>>> Using miner's rule
2025-07-10 05:45:02 INFO     Predictor: read 13661 rules from list.
2025-07-10 05:45:02 INFO     Preprocess training set
2025-07-10 05:45:02 INFO     >>>>> Predictor: Evaluating on valid
2025-07-10 05:46:57 INFO     Data : 2077
2025-07-10 05:46:57 INFO     Hit1 : 0.065479
2025-07-10 05:46:57 INFO     Hit3 : 0.127106
2025-07-10 05:46:57 INFO     Hit10: 0.199326
2025-07-10 05:46:57 INFO     MR   : 1120.902022
2025-07-10 05:46:57 INFO     MRR  : 0.114382
2025-07-10 05:46:57 INFO     >>>>> Predictor: Evaluating on test
2025-07-10 05:49:07 INFO     Data : 2342
2025-07-10 05:49:07 INFO     Hit1 : 0.078992
2025-07-10 05:49:07 INFO     Hit3 : 0.124253
2025-07-10 05:49:07 INFO     Hit10: 0.208796
2025-07-10 05:49:07 INFO     MR   : 1044.269001
2025-07-10 05:49:07 INFO     MRR  : 0.122250
2025-07-10 05:49:07 INFO     >>>>> Predictor: Computing H scores of rules
2025-07-10 06:17:15 INFO     1000 5959
2025-07-10 06:45:47 INFO     2000 5959
2025-07-10 07:13:58 INFO     3000 5959
2025-07-10 07:42:19 INFO     4000 5959
2025-07-10 08:10:27 INFO     5000 5959
2025-07-10 08:39:06 INFO     >>>>> Generator: Training
2025-07-10 08:39:10 INFO     -------------------------
2025-07-10 08:39:10 INFO     | EM Iteration: 2/5
2025-07-10 08:39:10 INFO     -------------------------
2025-07-10 08:39:10 INFO     >>>>> Using Generator's sample rule
2025-07-10 08:39:10 INFO     >>>>> Generator: Rule generation with sampling
2025-07-10 08:39:11 INFO     Predictor: read 1910 rules from list.
2025-07-10 08:39:11 INFO     Preprocess training set
2025-07-10 08:39:11 INFO     >>>>> Predictor: Training
2025-07-10 08:39:58 INFO     1000 5959 8.782461 69314.6
2025-07-10 08:40:45 INFO     2000 5959 8.410559 69271.3
2025-07-10 08:41:32 INFO     3000 5959 8.220156 69245.2
2025-07-10 08:42:19 INFO     4000 5959 8.066888 69340.6
2025-07-10 08:43:06 INFO     5000 5959 7.944344 69340.6
2025-07-10 08:43:51 INFO     >>>>> Predictor: Evaluating on valid
2025-07-10 08:44:00 INFO     Data : 2077
2025-07-10 08:44:00 INFO     Hit1 : 0.025036
2025-07-10 08:44:00 INFO     Hit3 : 0.040924
2025-07-10 08:44:00 INFO     Hit10: 0.064516
2025-07-10 08:44:00 INFO     MR   : 1407.097015
2025-07-10 08:44:00 INFO     MRR  : 0.041241
2025-07-10 08:44:00 INFO     >>>>> Predictor: Evaluating on test
2025-07-10 08:44:11 INFO     Data : 2342
2025-07-10 08:44:11 INFO     Hit1 : 0.019641
2025-07-10 08:44:11 INFO     Hit3 : 0.031170
2025-07-10 08:44:11 INFO     Hit10: 0.058497
2025-07-10 08:44:11 INFO     MR   : 1313.751921
2025-07-10 08:44:11 INFO     MRR  : 0.035162
2025-07-10 08:44:11 INFO     >>>>> Predictor: Computing H scores of rules
2025-07-10 08:46:26 INFO     1000 5959
2025-07-10 08:48:41 INFO     2000 5959
2025-07-10 08:50:56 INFO     3000 5959
2025-07-10 08:53:09 INFO     4000 5959
2025-07-10 08:55:23 INFO     5000 5959
2025-07-10 08:57:34 INFO     >>>>> Generator: Training
2025-07-10 08:57:38 INFO     -------------------------
2025-07-10 08:57:38 INFO     | EM Iteration: 3/5
2025-07-10 08:57:38 INFO     -------------------------
2025-07-10 08:57:38 INFO     >>>>> Using Generator's sample rule
2025-07-10 08:57:38 INFO     >>>>> Generator: Rule generation with sampling
2025-07-10 08:57:38 INFO     Predictor: read 1894 rules from list.
2025-07-10 08:57:38 INFO     Preprocess training set
2025-07-10 08:57:38 INFO     >>>>> Predictor: Training
2025-07-10 08:58:25 INFO     1000 5959 8.811209 69332.0
2025-07-10 08:59:11 INFO     2000 5959 8.473440 69349.3
2025-07-10 08:59:57 INFO     3000 5959 8.261875 69184.5
2025-07-10 09:00:44 INFO     4000 5959 8.093606 69253.9
2025-07-10 09:01:31 INFO     5000 5959 8.000334 69332.0
2025-07-10 09:02:16 INFO     >>>>> Predictor: Evaluating on valid
2025-07-10 09:02:26 INFO     Data : 2077
2025-07-10 09:02:26 INFO     Hit1 : 0.010592
2025-07-10 09:02:26 INFO     Hit3 : 0.025518
2025-07-10 09:02:26 INFO     Hit10: 0.051517
2025-07-10 09:02:26 INFO     MR   : 1451.022870
2025-07-10 09:02:26 INFO     MRR  : 0.026743
2025-07-10 09:02:26 INFO     >>>>> Predictor: Evaluating on test
2025-07-10 09:02:37 INFO     Data : 2342
2025-07-10 09:02:37 INFO     Hit1 : 0.014091
2025-07-10 09:02:37 INFO     Hit3 : 0.024765
2025-07-10 09:02:37 INFO     Hit10: 0.047395
2025-07-10 09:02:37 INFO     MR   : 1340.602263
2025-07-10 09:02:37 INFO     MRR  : 0.027999
2025-07-10 09:02:37 INFO     >>>>> Predictor: Computing H scores of rules
2025-07-10 09:04:54 INFO     1000 5959
2025-07-10 09:07:09 INFO     2000 5959
2025-07-10 09:09:21 INFO     3000 5959
2025-07-10 09:11:34 INFO     4000 5959
2025-07-10 09:13:47 INFO     5000 5959
2025-07-10 09:15:56 INFO     >>>>> Generator: Training
2025-07-10 09:16:00 INFO     -------------------------
2025-07-10 09:16:00 INFO     | EM Iteration: 4/5
2025-07-10 09:16:00 INFO     -------------------------
2025-07-10 09:16:00 INFO     >>>>> Using Generator's sample rule
2025-07-10 09:16:00 INFO     >>>>> Generator: Rule generation with sampling
2025-07-10 09:16:00 INFO     Predictor: read 1933 rules from list.
2025-07-10 09:16:00 INFO     Preprocess training set
2025-07-10 09:16:00 INFO     >>>>> Predictor: Training
2025-07-10 09:16:47 INFO     1000 5959 8.796442 69271.3
2025-07-10 09:17:35 INFO     2000 5959 8.417035 69340.6
2025-07-10 09:18:23 INFO     3000 5959 8.160797 69384.0
2025-07-10 09:19:12 INFO     4000 5959 7.993579 69262.6
2025-07-10 09:20:00 INFO     5000 5959 7.853057 69332.0
2025-07-10 09:20:47 INFO     >>>>> Predictor: Evaluating on valid
2025-07-10 09:20:56 INFO     Data : 2077
2025-07-10 09:20:56 INFO     Hit1 : 0.001444
2025-07-10 09:20:56 INFO     Hit3 : 0.004333
2025-07-10 09:20:56 INFO     Hit10: 0.014444
2025-07-10 09:20:56 INFO     MR   : 1508.780934
2025-07-10 09:20:56 INFO     MRR  : 0.009344
2025-07-10 09:20:56 INFO     >>>>> Predictor: Evaluating on test
2025-07-10 09:21:07 INFO     Data : 2342
2025-07-10 09:21:07 INFO     Hit1 : 0.001281
2025-07-10 09:21:07 INFO     Hit3 : 0.008540
2025-07-10 09:21:07 INFO     Hit10: 0.017933
2025-07-10 09:21:07 INFO     MR   : 1398.422929
2025-07-10 09:21:07 INFO     MRR  : 0.010721
2025-07-10 09:21:07 INFO     >>>>> Predictor: Computing H scores of rules
2025-07-10 09:23:24 INFO     1000 5959
2025-07-10 09:25:42 INFO     2000 5959
2025-07-10 09:27:59 INFO     3000 5959
2025-07-10 09:30:16 INFO     4000 5959
2025-07-10 09:32:33 INFO     5000 5959
2025-07-10 09:34:48 INFO     >>>>> Generator: Training
2025-07-10 09:34:51 INFO     -------------------------
2025-07-10 09:34:51 INFO     | EM Iteration: 5/5
2025-07-10 09:34:51 INFO     -------------------------
2025-07-10 09:34:51 INFO     >>>>> Using Generator's sample rule
2025-07-10 09:34:51 INFO     >>>>> Generator: Rule generation with sampling
2025-07-10 09:34:52 INFO     Predictor: read 1966 rules from list.
2025-07-10 09:34:52 INFO     Preprocess training set
2025-07-10 09:34:52 INFO     >>>>> Predictor: Training
2025-07-10 09:35:40 INFO     1000 5959 8.833061 69332.0
2025-07-10 09:36:28 INFO     2000 5959 8.518960 69349.3
2025-07-10 09:37:16 INFO     3000 5959 8.330672 69340.6
2025-07-10 09:38:05 INFO     4000 5959 8.201629 69297.3
2025-07-10 09:38:54 INFO     5000 5959 8.083130 69219.2
2025-07-10 09:39:40 INFO     >>>>> Predictor: Evaluating on valid
2025-07-10 09:39:49 INFO     Data : 2077
2025-07-10 09:39:49 INFO     Hit1 : 0.014444
2025-07-10 09:39:49 INFO     Hit3 : 0.020703
2025-07-10 09:39:49 INFO     Hit10: 0.034184
2025-07-10 09:39:49 INFO     MR   : 1534.200048
2025-07-10 09:39:49 INFO     MRR  : 0.024229
2025-07-10 09:39:49 INFO     >>>>> Predictor: Evaluating on test
2025-07-10 09:40:00 INFO     Data : 2342
2025-07-10 09:40:00 INFO     Hit1 : 0.011102
2025-07-10 09:40:00 INFO     Hit3 : 0.017506
2025-07-10 09:40:00 INFO     Hit10: 0.030316
2025-07-10 09:40:00 INFO     MR   : 1413.308497
2025-07-10 09:40:00 INFO     MRR  : 0.020618
2025-07-10 09:40:00 INFO     >>>>> Predictor: Computing H scores of rules
2025-07-10 09:42:16 INFO     1000 5959
2025-07-10 09:44:31 INFO     2000 5959
2025-07-10 09:46:46 INFO     3000 5959
2025-07-10 09:49:02 INFO     4000 5959
2025-07-10 09:51:17 INFO     5000 5959
2025-07-10 09:53:27 INFO     >>>>> Generator: Training
2025-07-10 09:53:31 INFO     -------------------------
2025-07-10 09:53:31 INFO     | Post-train Generator
2025-07-10 09:53:31 INFO     -------------------------
2025-07-10 09:53:32 INFO     >>>>> Generator: Training
2025-07-10 09:54:10 INFO     [E01000] Total 3.177369 | Main 3.067110 | RelClus 2.233257 | EntType 3.018921
2025-07-10 09:54:10 INFO     -------------------------
2025-07-10 09:54:10 INFO     | Beam Search Best Rules
2025-07-10 09:54:10 INFO     -------------------------
2025-07-10 09:54:10 INFO     >>>>> Generator: Rule generation with beam search
2025-07-10 09:54:11 INFO     >>>>> Generator: Rule generation with beam search
2025-07-10 09:54:16 INFO     >>>>> Generator: Rule generation with beam search
2025-07-10 09:55:19 INFO     >>>>> Generator: Rule generation with beam search
2025-07-10 09:56:11 INFO     >>>>> Generator: Rule generation with beam search
2025-07-10 09:56:46 INFO     -------------------------
2025-07-10 09:56:46 INFO     | Train Final Predictor+
2025-07-10 09:56:46 INFO     -------------------------
2025-07-10 09:56:46 INFO     Predictor+: read 18420 rules from list.
2025-07-10 09:56:46 INFO     Preprocess training set
2025-07-10 09:56:46 INFO     -------------------------
2025-07-10 09:56:46 INFO     | Iteration: 1/5
2025-07-10 09:56:46 INFO     -------------------------
2025-07-10 09:56:46 INFO     >>>>> Predictor: Training
2025-07-10 10:00:56 INFO     1000 5959 4.896438 69271.3
2025-07-10 10:05:06 INFO     2000 5959 4.726492 69332.0
2025-07-10 10:09:16 INFO     3000 5959 4.709085 69375.3
2025-07-10 10:13:27 INFO     4000 5959 4.709800 69279.9
2025-07-10 10:17:38 INFO     5000 5959 4.681113 69349.3
2025-07-10 10:21:37 INFO     >>>>> Predictor: Evaluating on valid
2025-07-10 10:22:39 INFO     Data : 2077
2025-07-10 10:22:39 INFO     Hit1 : 0.103996
2025-07-10 10:22:39 INFO     Hit3 : 0.185364
2025-07-10 10:22:39 INFO     Hit10: 0.314396
2025-07-10 10:22:39 INFO     MR   : 984.254213
2025-07-10 10:22:39 INFO     MRR  : 0.170226
2025-07-10 10:22:39 INFO     >>>>> Predictor: Evaluating on test
2025-07-10 10:23:49 INFO     Data : 2342
2025-07-10 10:23:49 INFO     Hit1 : 0.128523
2025-07-10 10:23:49 INFO     Hit3 : 0.208369
2025-07-10 10:23:49 INFO     Hit10: 0.319385
2025-07-10 10:23:49 INFO     MR   : 917.968617
2025-07-10 10:23:49 INFO     MRR  : 0.190955
2025-07-10 10:23:49 INFO     Save checkpoint to results/semmeddb/10_times_each/cluster_k/6_20250710_054500/predictor.pt
2025-07-10 10:23:49 INFO     -------------------------
2025-07-10 10:23:49 INFO     | Iteration: 2/5
2025-07-10 10:23:49 INFO     -------------------------
2025-07-10 10:23:49 INFO     >>>>> Predictor: Training
2025-07-10 10:28:00 INFO     1000 5959 4.601495 69366.7
2025-07-10 10:32:11 INFO     2000 5959 4.650083 69375.3
2025-07-10 10:36:21 INFO     3000 5959 4.642119 69219.2
2025-07-10 10:40:32 INFO     4000 5959 4.649689 69305.9
2025-07-10 10:44:42 INFO     5000 5959 4.617804 69288.6
2025-07-10 10:48:42 INFO     >>>>> Predictor: Evaluating on valid
2025-07-10 10:49:44 INFO     Data : 2077
2025-07-10 10:49:44 INFO     Hit1 : 0.091960
2025-07-10 10:49:44 INFO     Hit3 : 0.181993
2025-07-10 10:49:44 INFO     Hit10: 0.306692
2025-07-10 10:49:44 INFO     MR   : 947.699567
2025-07-10 10:49:44 INFO     MRR  : 0.162187
2025-07-10 10:49:44 INFO     >>>>> Predictor: Evaluating on test
2025-07-10 10:50:54 INFO     Data : 2342
2025-07-10 10:50:54 INFO     Hit1 : 0.119129
2025-07-10 10:50:54 INFO     Hit3 : 0.204953
2025-07-10 10:50:54 INFO     Hit10: 0.315115
2025-07-10 10:50:54 INFO     MR   : 881.100982
2025-07-10 10:50:54 INFO     MRR  : 0.185350
2025-07-10 10:50:54 INFO     -------------------------
2025-07-10 10:50:54 INFO     | Iteration: 3/5
2025-07-10 10:50:54 INFO     -------------------------
2025-07-10 10:50:54 INFO     >>>>> Predictor: Training
2025-07-10 10:55:04 INFO     1000 5959 4.613624 69288.6
2025-07-10 10:59:15 INFO     2000 5959 4.617837 69288.6
2025-07-10 11:03:30 INFO     3000 5959 4.607385 69340.6
2025-07-10 11:07:45 INFO     4000 5959 4.615123 69271.3
2025-07-10 11:11:59 INFO     5000 5959 4.637461 69219.2
2025-07-10 11:16:02 INFO     >>>>> Predictor: Evaluating on valid
2025-07-10 11:17:05 INFO     Data : 2077
2025-07-10 11:17:05 INFO     Hit1 : 0.093885
2025-07-10 11:17:05 INFO     Hit3 : 0.180549
2025-07-10 11:17:05 INFO     Hit10: 0.298989
2025-07-10 11:17:05 INFO     MR   : 937.972557
2025-07-10 11:17:05 INFO     MRR  : 0.161810
2025-07-10 11:17:05 INFO     >>>>> Predictor: Evaluating on test
2025-07-10 11:18:16 INFO     Data : 2342
2025-07-10 11:18:16 INFO     Hit1 : 0.115286
2025-07-10 11:18:16 INFO     Hit3 : 0.201110
2025-07-10 11:18:16 INFO     Hit10: 0.318104
2025-07-10 11:18:16 INFO     MR   : 867.954953
2025-07-10 11:18:16 INFO     MRR  : 0.181831
2025-07-10 11:18:16 INFO     -------------------------
2025-07-10 11:18:16 INFO     | Iteration: 4/5
2025-07-10 11:18:16 INFO     -------------------------
2025-07-10 11:18:16 INFO     >>>>> Predictor: Training
2025-07-10 11:22:31 INFO     1000 5959 4.590553 69340.6
2025-07-10 11:26:46 INFO     2000 5959 4.561683 69184.5
2025-07-10 11:31:01 INFO     3000 5959 4.625438 69253.9
2025-07-10 11:35:16 INFO     4000 5959 4.600275 69340.6
2025-07-10 11:39:31 INFO     5000 5959 4.597505 69384.0
2025-07-10 11:43:37 INFO     >>>>> Predictor: Evaluating on valid
2025-07-10 11:44:41 INFO     Data : 2077
2025-07-10 11:44:41 INFO     Hit1 : 0.096293
2025-07-10 11:44:41 INFO     Hit3 : 0.184882
2025-07-10 11:44:41 INFO     Hit10: 0.309100
2025-07-10 11:44:41 INFO     MR   : 928.425614
2025-07-10 11:44:41 INFO     MRR  : 0.166057
2025-07-10 11:44:41 INFO     >>>>> Predictor: Evaluating on test
2025-07-10 11:45:53 INFO     Data : 2342
2025-07-10 11:45:53 INFO     Hit1 : 0.125961
2025-07-10 11:45:53 INFO     Hit3 : 0.210931
2025-07-10 11:45:53 INFO     Hit10: 0.316396
2025-07-10 11:45:53 INFO     MR   : 858.582408
2025-07-10 11:45:53 INFO     MRR  : 0.191738
2025-07-10 11:45:53 INFO     -------------------------
2025-07-10 11:45:53 INFO     | Iteration: 5/5
2025-07-10 11:45:53 INFO     -------------------------
2025-07-10 11:45:53 INFO     >>>>> Predictor: Training
2025-07-10 11:50:10 INFO     1000 5959 4.601392 69323.3
2025-07-10 11:54:26 INFO     2000 5959 4.582812 69332.0
2025-07-10 11:58:42 INFO     3000 5959 4.613670 69219.2
2025-07-10 12:02:56 INFO     4000 5959 4.609889 69297.3
2025-07-10 12:07:09 INFO     5000 5959 4.574597 69332.0
2025-07-10 12:11:11 INFO     >>>>> Predictor: Evaluating on valid
2025-07-10 12:12:13 INFO     Data : 2077
2025-07-10 12:12:13 INFO     Hit1 : 0.095330
2025-07-10 12:12:13 INFO     Hit3 : 0.189697
2025-07-10 12:12:13 INFO     Hit10: 0.311026
2025-07-10 12:12:13 INFO     MR   : 919.415744
2025-07-10 12:12:13 INFO     MRR  : 0.166053
2025-07-10 12:12:13 INFO     >>>>> Predictor: Evaluating on test
2025-07-10 12:13:22 INFO     Data : 2342
2025-07-10 12:13:22 INFO     Hit1 : 0.122118
2025-07-10 12:13:22 INFO     Hit3 : 0.204953
2025-07-10 12:13:22 INFO     Hit10: 0.318104
2025-07-10 12:13:22 INFO     MR   : 850.432750
2025-07-10 12:13:22 INFO     MRR  : 0.187264
2025-07-10 12:13:22 INFO     -------------------------
2025-07-10 12:13:22 INFO     | Final Test MRR: 0.190955
2025-07-10 12:13:22 INFO     -------------------------
