2025-06-19 17:26:26 INFO     Predictor: read 1242 rules from list.
2025-06-19 17:31:23 INFO     Predictor: read 1338 rules from list.
2025-06-19 17:37:08 INFO     Predictor: read 1420 rules from list.
2025-06-19 17:42:56 INFO     Predictor: read 1458 rules from list.
2025-06-19 17:49:02 INFO     Predictor: read 1542 rules from list.
2025-06-19 17:55:39 INFO     Predictor+: read 18420 rules from list.
04 | Main: 1.652045 | Aux: 0.675700
2025-06-19 17:25:40 INFO     [E2000] Total: 1.302015 | Main: 1.567116 | Aux: 0.641151
2025-06-19 17:25:46 INFO     [E3000] Total: 1.297417 | Main: 1.561369 | Aux: 0.638421
2025-06-19 17:25:52 INFO     [E4000] Total: 1.291646 | Main: 1.554426 | Aux: 0.635557
2025-06-19 17:25:57 INFO     [E5000] Total: 1.286992 | Main: 1.548917 | Aux: 0.633842
2025-06-19 17:26:03 INFO     [E6000] Total: 1.287281 | Main: 1.548942 | Aux: 0.633145
2025-06-19 17:26:09 INFO     [E7000] Total: 1.284601 | Main: 1.546103 | Aux: 0.632213
2025-06-19 17:26:15 INFO     [E8000] Total: 1.284039 | Main: 1.545338 | Aux: 0.632716
2025-06-19 17:26:20 INFO     [E9000] Total: 1.283000 | Main: 1.543921 | Aux: 0.631320
2025-06-19 17:26:26 INFO     [E10000] Total: 1.279053 | Main: 1.539336 | Aux: 0.630484
2025-06-19 17:26:26 INFO     -------------------------
2025-06-19 17:26:26 INFO     | EM Iteration: 1/5
2025-06-19 17:26:26 INFO     -------------------------
2025-06-19 17:26:26 INFO     >>>>> Generator: Rule generation with sampling
2025-06-19 17:26:26 INFO     Predictor: read 1242 rules from list.
2025-06-19 17:26:26 INFO     Initializing distributed process group
2025-06-19 17:26:26 INFO     Preprocess training set
2025-06-19 17:26:26 INFO     >>>>> Predictor: Training
2025-06-19 17:27:03 INFO     1000 2980 8.366058 69305.9
2025-06-19 17:27:39 INFO     2000 2980 7.805295 69297.3
2025-06-19 17:28:14 INFO     >>>>> Predictor: Evaluating on valid
2025-06-19 17:28:18 INFO     Data : 2077
2025-06-19 17:28:18 INFO     Hit1 : 0.034665
2025-06-19 17:28:18 INFO     Hit3 : 0.071257
2025-06-19 17:28:18 INFO     Hit10: 0.123736
2025-06-19 17:28:18 INFO     MR   : 1257.450169
2025-06-19 17:28:18 INFO     MRR  : 0.066968
2025-06-19 17:28:18 INFO     >>>>> Predictor: Evaluating on test
2025-06-19 17:28:22 INFO     Data : 2342
2025-06-19 17:28:22 INFO     Hit1 : 0.045957
2025-06-19 17:28:22 INFO     Hit3 : 0.075745
2025-06-19 17:28:22 INFO     Hit10: 0.127660
2025-06-19 17:28:22 INFO     MR   : 1170.490000
2025-06-19 17:28:22 INFO     MRR  : 0.074619
2025-06-19 17:28:22 INFO     >>>>> Predictor: Computing H scores of rules
2025-06-19 17:29:23 INFO     1000 2980
2025-06-19 17:30:23 INFO     2000 2980
2025-06-19 17:31:22 INFO     >>>>> Generator: Training
2025-06-19 17:31:23 INFO     -------------------------
2025-06-19 17:31:23 INFO     | EM Iteration: 2/5
2025-06-19 17:31:23 INFO     -------------------------
2025-06-19 17:31:23 INFO     >>>>> Generator: Rule generation with sampling
2025-06-19 17:31:23 INFO     Predictor: read 1338 rules from list.
2025-06-19 17:31:23 INFO     Preprocess training set
2025-06-19 17:31:23 INFO     >>>>> Predictor: Training
2025-06-19 17:32:02 INFO     1000 2980 8.403071 69349.3
2025-06-19 17:32:45 INFO     2000 2980 7.812394 69227.9
2025-06-19 17:33:26 INFO     >>>>> Predictor: Evaluating on valid
2025-06-19 17:33:30 INFO     Data : 2077
2025-06-19 17:33:30 INFO     Hit1 : 0.045258
2025-06-19 17:33:30 INFO     Hit3 : 0.077034
2025-06-19 17:33:30 INFO     Hit10: 0.138662
2025-06-19 17:33:30 INFO     MR   : 1248.114829
2025-06-19 17:33:30 INFO     MRR  : 0.077054
2025-06-19 17:33:30 INFO     >>>>> Predictor: Evaluating on test
2025-06-19 17:33:35 INFO     Data : 2342
2025-06-19 17:33:35 INFO     Hit1 : 0.052766
2025-06-19 17:33:35 INFO     Hit3 : 0.083830
2025-06-19 17:33:35 INFO     Hit10: 0.140426
2025-06-19 17:33:35 INFO     MR   : 1136.471064
2025-06-19 17:33:35 INFO     MRR  : 0.083612
2025-06-19 17:33:35 INFO     >>>>> Predictor: Computing H scores of rules
2025-06-19 17:34:47 INFO     1000 2980
2025-06-19 17:35:58 INFO     2000 2980
2025-06-19 17:37:07 INFO     >>>>> Generator: Training
2025-06-19 17:37:08 INFO     -------------------------
2025-06-19 17:37:08 INFO     | EM Iteration: 3/5
2025-06-19 17:37:08 INFO     -------------------------
2025-06-19 17:37:08 INFO     >>>>> Generator: Rule generation with sampling
2025-06-19 17:37:08 INFO     Predictor: read 1420 rules from list.
2025-06-19 17:37:08 INFO     Preprocess training set
2025-06-19 17:37:08 INFO     >>>>> Predictor: Training
2025-06-19 17:37:51 INFO     1000 2980 8.354169 69323.3
2025-06-19 17:38:34 INFO     2000 2980 7.697192 69358.0
2025-06-19 17:39:16 INFO     >>>>> Predictor: Evaluating on valid
2025-06-19 17:39:21 INFO     Data : 2077
2025-06-19 17:39:21 INFO     Hit1 : 0.038036
2025-06-19 17:39:21 INFO     Hit3 : 0.073182
2025-06-19 17:39:21 INFO     Hit10: 0.135291
2025-06-19 17:39:21 INFO     MR   : 1223.086663
2025-06-19 17:39:21 INFO     MRR  : 0.072333
2025-06-19 17:39:21 INFO     >>>>> Predictor: Evaluating on test
2025-06-19 17:39:26 INFO     Data : 2342
2025-06-19 17:39:26 INFO     Hit1 : 0.040851
2025-06-19 17:39:26 INFO     Hit3 : 0.073617
2025-06-19 17:39:26 INFO     Hit10: 0.132766
2025-06-19 17:39:26 INFO     MR   : 1140.096596
2025-06-19 17:39:26 INFO     MRR  : 0.073966
2025-06-19 17:39:26 INFO     >>>>> Predictor: Computing H scores of rules
2025-06-19 17:40:39 INFO     1000 2980
2025-06-19 17:41:49 INFO     2000 2980
2025-06-19 17:42:55 INFO     >>>>> Generator: Training
2025-06-19 17:42:55 INFO     -------------------------
2025-06-19 17:42:55 INFO     | EM Iteration: 4/5
2025-06-19 17:42:55 INFO     -------------------------
2025-06-19 17:42:55 INFO     >>>>> Generator: Rule generation with sampling
2025-06-19 17:42:56 INFO     Predictor: read 1458 rules from list.
2025-06-19 17:42:56 INFO     Preprocess training set
2025-06-19 17:42:56 INFO     >>>>> Predictor: Training
2025-06-19 17:43:38 INFO     1000 2980 8.384268 69366.7
2025-06-19 17:44:22 INFO     2000 2980 7.799782 69305.9
2025-06-19 17:45:05 INFO     >>>>> Predictor: Evaluating on valid
2025-06-19 17:45:09 INFO     Data : 2077
2025-06-19 17:45:09 INFO     Hit1 : 0.047665
2025-06-19 17:45:09 INFO     Hit3 : 0.092441
2025-06-19 17:45:09 INFO     Hit10: 0.155994
2025-06-19 17:45:09 INFO     MR   : 1214.758305
2025-06-19 17:45:09 INFO     MRR  : 0.086277
2025-06-19 17:45:09 INFO     >>>>> Predictor: Evaluating on test
2025-06-19 17:45:15 INFO     Data : 2342
2025-06-19 17:45:15 INFO     Hit1 : 0.058298
2025-06-19 17:45:15 INFO     Hit3 : 0.099574
2025-06-19 17:45:15 INFO     Hit10: 0.173191
2025-06-19 17:45:15 INFO     MR   : 1105.955532
2025-06-19 17:45:15 INFO     MRR  : 0.095633
2025-06-19 17:45:15 INFO     >>>>> Predictor: Computing H scores of rules
2025-06-19 17:46:31 INFO     1000 2980
2025-06-19 17:47:47 INFO     2000 2980
2025-06-19 17:49:02 INFO     >>>>> Generator: Training
2025-06-19 17:49:02 INFO     -------------------------
2025-06-19 17:49:02 INFO     | EM Iteration: 5/5
2025-06-19 17:49:02 INFO     -------------------------
2025-06-19 17:49:02 INFO     >>>>> Generator: Rule generation with sampling
2025-06-19 17:49:02 INFO     Predictor: read 1542 rules from list.
2025-06-19 17:49:02 INFO     Preprocess training set
2025-06-19 17:49:02 INFO     >>>>> Predictor: Training
2025-06-19 17:49:48 INFO     1000 2980 8.398776 69271.3
2025-06-19 17:50:34 INFO     2000 2980 7.832468 69332.0
2025-06-19 17:51:18 INFO     >>>>> Predictor: Evaluating on valid
2025-06-19 17:51:23 INFO     Data : 2077
2025-06-19 17:51:23 INFO     Hit1 : 0.042369
2025-06-19 17:51:23 INFO     Hit3 : 0.079923
2025-06-19 17:51:23 INFO     Hit10: 0.142032
2025-06-19 17:51:23 INFO     MR   : 1240.174771
2025-06-19 17:51:23 INFO     MRR  : 0.077642
2025-06-19 17:51:23 INFO     >>>>> Predictor: Evaluating on test
2025-06-19 17:51:29 INFO     Data : 2342
2025-06-19 17:51:29 INFO     Hit1 : 0.056596
2025-06-19 17:51:29 INFO     Hit3 : 0.094468
2025-06-19 17:51:29 INFO     Hit10: 0.153191
2025-06-19 17:51:29 INFO     MR   : 1143.700638
2025-06-19 17:51:29 INFO     MRR  : 0.090072
2025-06-19 17:51:29 INFO     >>>>> Predictor: Computing H scores of rules
2025-06-19 17:52:43 INFO     1000 2980
2025-06-19 17:53:54 INFO     2000 2980
2025-06-19 17:55:03 INFO     >>>>> Generator: Training
2025-06-19 17:55:03 INFO     -------------------------
2025-06-19 17:55:03 INFO     | Post-train Generator
2025-06-19 17:55:03 INFO     -------------------------
2025-06-19 17:55:03 INFO     >>>>> Generator: Training
2025-06-19 17:55:09 INFO     [E1000] Total: 1.463224 | Main: 1.766012 | Aux: 0.730726
2025-06-19 17:55:09 INFO     -------------------------
2025-06-19 17:55:09 INFO     | Beam Search Best Rules
2025-06-19 17:55:09 INFO     -------------------------
2025-06-19 17:55:09 INFO     >>>>> Generator: Rule generation with beam search
2025-06-19 17:55:09 INFO     >>>>> Generator: Rule generation with beam search
2025-06-19 17:55:11 INFO     >>>>> Generator: Rule generation with beam search
2025-06-19 17:55:24 INFO     >>>>> Generator: Rule generation with beam search
2025-06-19 17:55:33 INFO     >>>>> Generator: Rule generation with beam search
2025-06-19 17:55:39 INFO     -------------------------
2025-06-19 17:55:39 INFO     | Train Final Predictor+
2025-06-19 17:55:39 INFO     -------------------------
2025-06-19 17:55:39 INFO     Predictor+: read 18420 rules from list.
2025-06-19 17:55:39 INFO     Preprocess training set
2025-06-19 17:55:39 INFO     -------------------------
2025-06-19 17:55:39 INFO     | Iteration: 1/5
2025-06-19 17:55:39 INFO     -------------------------
2025-06-19 17:55:39 INFO     >>>>> Predictor: Training
2025-06-19 18:07:44 INFO     1000 2980 4.793966 69384.0
2025-06-19 18:19:57 INFO     2000 2980 4.658362 69236.6
2025-06-19 18:31:39 INFO     >>>>> Predictor: Evaluating on valid
2025-06-19 18:33:14 INFO     Data : 2077
2025-06-19 18:33:14 INFO     Hit1 : 0.098219
2025-06-19 18:33:14 INFO     Hit3 : 0.188734
2025-06-19 18:33:14 INFO     Hit10: 0.317285
2025-06-19 18:33:14 INFO     MR   : 927.403467
2025-06-19 18:33:14 INFO     MRR  : 0.168243
2025-06-19 18:33:14 INFO     >>>>> Predictor: Evaluating on test
2025-06-19 18:34:59 INFO     Data : 2342
2025-06-19 18:34:59 INFO     Hit1 : 0.125106
2025-06-19 18:34:59 INFO     Hit3 : 0.208936
2025-06-19 18:34:59 INFO     Hit10: 0.328085
2025-06-19 18:34:59 INFO     MR   : 850.585745
2025-06-19 18:34:59 INFO     MRR  : 0.191756
2025-06-19 18:34:59 INFO     Save checkpoint to results/semmeddb/multitask/matrix_encode_relation/task1_next_clus/random_init/cluster_3/0618_all_filtered/adaptive/ori_20250619_172525/predictor.pt
2025-06-19 18:34:59 INFO     -------------------------
2025-06-19 18:34:59 INFO     | Iteration: 2/5
2025-06-19 18:34:59 INFO     -------------------------
2025-06-19 18:34:59 INFO     >>>>> Predictor: Training
2025-06-19 18:47:11 INFO     1000 2980 4.548185 69245.2
2025-06-19 18:58:44 INFO     2000 2980 4.517057 69349.3
2025-06-19 19:10:50 INFO     >>>>> Predictor: Evaluating on valid
2025-06-19 19:12:14 INFO     Data : 2077
2025-06-19 19:12:14 INFO     Hit1 : 0.085701
2025-06-19 19:12:14 INFO     Hit3 : 0.170920
2025-06-19 19:12:14 INFO     Hit10: 0.313433
2025-06-19 19:12:14 INFO     MR   : 900.361579
2025-06-19 19:12:14 INFO     MRR  : 0.156686
2025-06-19 19:12:14 INFO     >>>>> Predictor: Evaluating on test
2025-06-19 19:13:48 INFO     Data : 2342
2025-06-19 19:13:48 INFO     Hit1 : 0.119574
2025-06-19 19:13:48 INFO     Hit3 : 0.192340
2025-06-19 19:13:48 INFO     Hit10: 0.314468
2025-06-19 19:13:48 INFO     MR   : 827.684043
2025-06-19 19:13:48 INFO     MRR  : 0.181687
2025-06-19 19:13:48 INFO     -------------------------
2025-06-19 19:13:48 INFO     | Iteration: 3/5
2025-06-19 19:13:48 INFO     -------------------------
2025-06-19 19:13:48 INFO     >>>>> Predictor: Training
2025-06-19 19:26:04 INFO     1000 2980 4.513317 69193.2
2025-06-19 19:37:29 INFO     2000 2980 4.515803 69271.3
2025-06-19 19:48:38 INFO     >>>>> Predictor: Evaluating on valid
2025-06-19 19:50:01 INFO     Data : 2077
2025-06-19 19:50:01 INFO     Hit1 : 0.091960
2025-06-19 19:50:01 INFO     Hit3 : 0.189697
2025-06-19 19:50:01 INFO     Hit10: 0.311507
2025-06-19 19:50:01 INFO     MR   : 909.436206
2025-06-19 19:50:01 INFO     MRR  : 0.165538
2025-06-19 19:50:01 INFO     >>>>> Predictor: Evaluating on test
2025-06-19 19:51:35 INFO     Data : 2342
2025-06-19 19:51:35 INFO     Hit1 : 0.123830
2025-06-19 19:51:35 INFO     Hit3 : 0.201702
2025-06-19 19:51:35 INFO     Hit10: 0.320851
2025-06-19 19:51:35 INFO     MR   : 831.985957
2025-06-19 19:51:35 INFO     MRR  : 0.186678
2025-06-19 19:51:35 INFO     -------------------------
2025-06-19 19:51:35 INFO     | Iteration: 4/5
2025-06-19 19:51:35 INFO     -------------------------
2025-06-19 19:51:35 INFO     >>>>> Predictor: Training
2025-06-19 20:03:23 INFO     1000 2980 4.482973 69340.6
2025-06-19 20:15:22 INFO     2000 2980 4.520445 69175.8
2025-06-19 20:26:37 INFO     >>>>> Predictor: Evaluating on valid
2025-06-19 20:28:08 INFO     Data : 2077
2025-06-19 20:28:08 INFO     Hit1 : 0.087145
2025-06-19 20:28:08 INFO     Hit3 : 0.183919
2025-06-19 20:28:08 INFO     Hit10: 0.316803
2025-06-19 20:28:08 INFO     MR   : 896.946798
2025-06-19 20:28:08 INFO     MRR  : 0.161583
2025-06-19 20:28:08 INFO     >>>>> Predictor: Evaluating on test
2025-06-19 20:29:51 INFO     Data : 2342
2025-06-19 20:29:51 INFO     Hit1 : 0.115745
2025-06-19 20:29:51 INFO     Hit3 : 0.195319
2025-06-19 20:29:51 INFO     Hit10: 0.323830
2025-06-19 20:29:51 INFO     MR   : 825.363191
2025-06-19 20:29:51 INFO     MRR  : 0.181644
2025-06-19 20:29:51 INFO     -------------------------
2025-06-19 20:29:51 INFO     | Iteration: 5/5
2025-06-19 20:29:51 INFO     -------------------------
2025-06-19 20:29:51 INFO     >>>>> Predictor: Training
2025-06-19 20:42:05 INFO     1000 2980 4.425756 69184.5
2025-06-19 20:53:42 INFO     2000 2980 4.475530 69366.7
2025-06-19 21:05:20 INFO     >>>>> Predictor: Evaluating on valid
2025-06-19 21:06:53 INFO     Data : 2077
2025-06-19 21:06:53 INFO     Hit1 : 0.083293
2025-06-19 21:06:53 INFO     Hit3 : 0.172845
2025-06-19 21:06:53 INFO     Hit10: 0.309100
2025-06-19 21:06:53 INFO     MR   : 892.271545
2025-06-19 21:06:53 INFO     MRR  : 0.156086
2025-06-19 21:06:53 INFO     >>>>> Predictor: Evaluating on test
2025-06-19 21:08:38 INFO     Data : 2342
2025-06-19 21:08:38 INFO     Hit1 : 0.116170
2025-06-19 21:08:38 INFO     Hit3 : 0.194468
2025-06-19 21:08:38 INFO     Hit10: 0.316170
2025-06-19 21:08:38 INFO     MR   : 821.329149
2025-06-19 21:08:38 INFO     MRR  : 0.180978
2025-06-19 21:08:38 INFO     -------------------------
2025-06-19 21:08:38 INFO     | Final Test MRR: 0.191756
2025-06-19 21:08:38 INFO     -------------------------
