2025-07-17 09:19:09 INFO     Using full datasets for training, validation, and testing.
2025-07-17 09:19:09 INFO     -------------------------
2025-07-17 09:19:09 INFO     | Pre-train Generator
2025-07-17 09:19:09 INFO     -------------------------
2025-07-17 09:19:09 INFO     >>>>> Generator: Training
2025-07-17 09:19:24 INFO     1000 10000 1.640829
2025-07-17 09:19:37 INFO     2000 10000 1.555844
2025-07-17 09:19:50 INFO     3000 10000 1.544617
2025-07-17 09:20:04 INFO     4000 10000 1.539628
2025-07-17 09:20:17 INFO     5000 10000 1.541232
2025-07-17 09:20:31 INFO     6000 10000 1.537140
2025-07-17 09:20:44 INFO     7000 10000 1.535005
2025-07-17 09:20:58 INFO     8000 10000 1.534639
2025-07-17 09:21:11 INFO     9000 10000 1.533593
2025-07-17 09:21:25 INFO     10000 10000 1.531518
2025-07-17 09:21:25 INFO     -------------------------
2025-07-17 09:21:25 INFO     | EM Iteration: 1/5
2025-07-17 09:21:25 INFO     -------------------------
2025-07-17 09:21:25 INFO     >>>>> Generator: Rule generation with sampling
2025-07-17 09:21:25 INFO     Sampled rules len: 1273
2025-07-17 09:21:25 INFO     Predictor: read 1273 rules from list.
2025-07-17 09:21:25 INFO     Preprocess training set
2025-07-17 09:21:25 INFO     >>>>> Predictor: Training
2025-07-17 09:22:14 INFO     1000 12313 8.229463 69358.0
2025-07-17 09:23:02 INFO     2000 12313 7.790632 69332.0
2025-07-17 09:23:50 INFO     3000 12313 7.568753 69384.0
2025-07-17 09:24:39 INFO     4000 12313 7.456649 69279.9
2025-07-17 09:25:27 INFO     5000 12313 7.343764 69332.0
2025-07-17 09:26:16 INFO     6000 12313 7.263716 69384.0
2025-07-17 09:27:04 INFO     7000 12313 7.183213 69297.3
2025-07-17 09:27:53 INFO     8000 12313 7.172456 69323.3
2025-07-17 09:28:41 INFO     9000 12313 7.101312 69358.0
2025-07-17 09:29:30 INFO     10000 12313 7.091323 69332.0
2025-07-17 09:30:19 INFO     11000 12313 7.051391 69366.7
2025-07-17 09:31:07 INFO     12000 12313 7.024152 69279.9
2025-07-17 09:31:23 INFO     >>>>> Predictor: Evaluating on valid
2025-07-17 09:31:43 INFO     Data : 3823
2025-07-17 09:31:43 INFO     Hit1 : 0.027465
2025-07-17 09:31:43 INFO     Hit3 : 0.052577
2025-07-17 09:31:43 INFO     Hit10: 0.101229
2025-07-17 09:31:43 INFO     MR   : 1195.106330
2025-07-17 09:31:43 INFO     MRR  : 0.053602
2025-07-17 09:31:43 INFO     >>>>> Predictor: Evaluating on test
2025-07-17 09:32:06 INFO     Data : 4402
2025-07-17 09:32:06 INFO     Hit1 : 0.035211
2025-07-17 09:32:06 INFO     Hit3 : 0.062699
2025-07-17 09:32:06 INFO     Hit10: 0.101772
2025-07-17 09:32:06 INFO     MR   : 1186.579396
2025-07-17 09:32:06 INFO     MRR  : 0.060466
2025-07-17 09:32:06 INFO     >>>>> Predictor: Computing H scores of rules
2025-07-17 09:33:00 INFO     1000 12313
2025-07-17 09:33:53 INFO     2000 12313
2025-07-17 09:34:48 INFO     3000 12313
2025-07-17 09:35:42 INFO     4000 12313
2025-07-17 09:36:35 INFO     5000 12313
2025-07-17 09:37:30 INFO     6000 12313
2025-07-17 09:38:24 INFO     7000 12313
2025-07-17 09:39:18 INFO     8000 12313
2025-07-17 09:40:12 INFO     9000 12313
2025-07-17 09:41:05 INFO     10000 12313
2025-07-17 09:41:59 INFO     11000 12313
2025-07-17 09:42:53 INFO     12000 12313
2025-07-17 09:43:09 INFO     >>>>> Generator: Training
2025-07-17 09:43:11 INFO     -------------------------
2025-07-17 09:43:11 INFO     | EM Iteration: 2/5
2025-07-17 09:43:11 INFO     -------------------------
2025-07-17 09:43:11 INFO     >>>>> Generator: Rule generation with sampling
2025-07-17 09:43:11 INFO     Sampled rules len: 1343
2025-07-17 09:43:11 INFO     Predictor: read 1343 rules from list.
2025-07-17 09:43:11 INFO     Preprocess training set
2025-07-17 09:43:11 INFO     >>>>> Predictor: Training
2025-07-17 09:44:01 INFO     1000 12313 8.241986 69366.7
2025-07-17 09:44:51 INFO     2000 12313 7.759912 69279.9
2025-07-17 09:45:42 INFO     3000 12313 7.582108 69253.9
2025-07-17 09:46:33 INFO     4000 12313 7.429486 69340.6
2025-07-17 09:47:25 INFO     5000 12313 7.350488 69366.7
2025-07-17 09:48:18 INFO     6000 12313 7.261388 69358.0
2025-07-17 09:49:10 INFO     7000 12313 7.222039 69366.7
2025-07-17 09:50:01 INFO     8000 12313 7.201439 69384.0
2025-07-17 09:50:52 INFO     9000 12313 7.163070 69262.6
2025-07-17 09:51:43 INFO     10000 12313 7.137437 69323.3
2025-07-17 09:52:35 INFO     11000 12313 7.108201 69366.7
2025-07-17 09:53:25 INFO     12000 12313 7.093864 69332.0
2025-07-17 09:53:41 INFO     >>>>> Predictor: Evaluating on valid
2025-07-17 09:54:00 INFO     Data : 3823
2025-07-17 09:54:00 INFO     Hit1 : 0.028250
2025-07-17 09:54:00 INFO     Hit3 : 0.060947
2025-07-17 09:54:00 INFO     Hit10: 0.122155
2025-07-17 09:54:00 INFO     MR   : 1155.158645
2025-07-17 09:54:00 INFO     MRR  : 0.059915
2025-07-17 09:54:00 INFO     >>>>> Predictor: Evaluating on test
2025-07-17 09:54:22 INFO     Data : 4402
2025-07-17 09:54:22 INFO     Hit1 : 0.037029
2025-07-17 09:54:22 INFO     Hit3 : 0.067697
2025-07-17 09:54:22 INFO     Hit10: 0.121308
2025-07-17 09:54:22 INFO     MR   : 1151.854952
2025-07-17 09:54:22 INFO     MRR  : 0.066256
2025-07-17 09:54:22 INFO     >>>>> Predictor: Computing H scores of rules
2025-07-17 09:55:18 INFO     1000 12313
2025-07-17 09:56:14 INFO     2000 12313
2025-07-17 09:57:11 INFO     3000 12313
2025-07-17 09:58:08 INFO     4000 12313
2025-07-17 09:59:04 INFO     5000 12313
2025-07-17 10:00:01 INFO     6000 12313
2025-07-17 10:00:58 INFO     7000 12313
2025-07-17 10:01:55 INFO     8000 12313
2025-07-17 10:02:50 INFO     9000 12313
2025-07-17 10:03:46 INFO     10000 12313
2025-07-17 10:04:42 INFO     11000 12313
2025-07-17 10:05:38 INFO     12000 12313
2025-07-17 10:05:56 INFO     >>>>> Generator: Training
2025-07-17 10:05:57 INFO     -------------------------
2025-07-17 10:05:57 INFO     | EM Iteration: 3/5
2025-07-17 10:05:57 INFO     -------------------------
2025-07-17 10:05:57 INFO     >>>>> Generator: Rule generation with sampling
2025-07-17 10:05:58 INFO     Sampled rules len: 1412
2025-07-17 10:05:58 INFO     Predictor: read 1412 rules from list.
2025-07-17 10:05:58 INFO     Preprocess training set
2025-07-17 10:05:58 INFO     >>>>> Predictor: Training
2025-07-17 10:06:50 INFO     1000 12313 8.186434 69384.0
2025-07-17 10:07:41 INFO     2000 12313 7.698380 69384.0
2025-07-17 10:08:33 INFO     3000 12313 7.438209 69253.9
2025-07-17 10:09:24 INFO     4000 12313 7.297554 69323.3
2025-07-17 10:10:16 INFO     5000 12313 7.178202 69384.0
2025-07-17 10:11:08 INFO     6000 12313 7.059516 69323.3
2025-07-17 10:12:00 INFO     7000 12313 6.974232 69366.7
2025-07-17 10:12:53 INFO     8000 12313 6.907799 69332.0
2025-07-17 10:13:45 INFO     9000 12313 6.803359 69384.0
2025-07-17 10:14:37 INFO     10000 12313 6.806268 69227.9
2025-07-17 10:15:30 INFO     11000 12313 6.750974 69340.6
2025-07-17 10:16:22 INFO     12000 12313 6.717755 69297.3
2025-07-17 10:16:39 INFO     >>>>> Predictor: Evaluating on valid
2025-07-17 10:16:59 INFO     Data : 3823
2025-07-17 10:16:59 INFO     Hit1 : 0.030604
2025-07-17 10:16:59 INFO     Hit3 : 0.063301
2025-07-17 10:16:59 INFO     Hit10: 0.123202
2025-07-17 10:16:59 INFO     MR   : 1145.815328
2025-07-17 10:16:59 INFO     MRR  : 0.062217
2025-07-17 10:16:59 INFO     >>>>> Predictor: Evaluating on test
2025-07-17 10:17:22 INFO     Data : 4402
2025-07-17 10:17:22 INFO     Hit1 : 0.035666
2025-07-17 10:17:22 INFO     Hit3 : 0.069514
2025-07-17 10:17:22 INFO     Hit10: 0.126533
2025-07-17 10:17:22 INFO     MR   : 1125.611427
2025-07-17 10:17:22 INFO     MRR  : 0.067341
2025-07-17 10:17:22 INFO     >>>>> Predictor: Computing H scores of rules
2025-07-17 10:18:21 INFO     1000 12313
2025-07-17 10:19:19 INFO     2000 12313
2025-07-17 10:20:16 INFO     3000 12313
2025-07-17 10:21:14 INFO     4000 12313
2025-07-17 10:22:12 INFO     5000 12313
2025-07-17 10:23:09 INFO     6000 12313
2025-07-17 10:24:06 INFO     7000 12313
2025-07-17 10:25:03 INFO     8000 12313
2025-07-17 10:26:01 INFO     9000 12313
2025-07-17 10:26:58 INFO     10000 12313
2025-07-17 10:27:55 INFO     11000 12313
2025-07-17 10:28:53 INFO     12000 12313
2025-07-17 10:29:11 INFO     >>>>> Generator: Training
2025-07-17 10:29:12 INFO     -------------------------
2025-07-17 10:29:12 INFO     | EM Iteration: 4/5
2025-07-17 10:29:12 INFO     -------------------------
2025-07-17 10:29:12 INFO     >>>>> Generator: Rule generation with sampling
2025-07-17 10:29:12 INFO     Sampled rules len: 1426
2025-07-17 10:29:12 INFO     Predictor: read 1426 rules from list.
2025-07-17 10:29:12 INFO     Preprocess training set
2025-07-17 10:29:12 INFO     >>>>> Predictor: Training
2025-07-17 10:30:05 INFO     1000 12313 8.235441 69314.6
2025-07-17 10:30:57 INFO     2000 12313 7.752048 69279.9
2025-07-17 10:31:48 INFO     3000 12313 7.502660 69366.7
2025-07-17 10:32:41 INFO     4000 12313 7.384731 69366.7
2025-07-17 10:33:33 INFO     5000 12313 7.285630 69288.6
2025-07-17 10:34:26 INFO     6000 12313 7.194170 69340.6
2025-07-17 10:35:18 INFO     7000 12313 7.106842 69384.0
2025-07-17 10:36:11 INFO     8000 12313 7.037347 69340.6
2025-07-17 10:37:03 INFO     9000 12313 7.031454 69384.0
2025-07-17 10:37:55 INFO     10000 12313 6.975618 69288.6
2025-07-17 10:38:47 INFO     11000 12313 6.936382 69262.6
2025-07-17 10:39:40 INFO     12000 12313 6.945867 69384.0
2025-07-17 10:39:57 INFO     >>>>> Predictor: Evaluating on valid
2025-07-17 10:40:19 INFO     Data : 3823
2025-07-17 10:40:19 INFO     Hit1 : 0.034789
2025-07-17 10:40:19 INFO     Hit3 : 0.073764
2025-07-17 10:40:19 INFO     Hit10: 0.144128
2025-07-17 10:40:19 INFO     MR   : 1091.815328
2025-07-17 10:40:19 INFO     MRR  : 0.071208
2025-07-17 10:40:19 INFO     >>>>> Predictor: Evaluating on test
2025-07-17 10:40:44 INFO     Data : 4402
2025-07-17 10:40:44 INFO     Hit1 : 0.044980
2025-07-17 10:40:44 INFO     Hit3 : 0.086552
2025-07-17 10:40:44 INFO     Hit10: 0.149023
2025-07-17 10:40:44 INFO     MR   : 1099.592344
2025-07-17 10:40:44 INFO     MRR  : 0.080133
2025-07-17 10:40:44 INFO     >>>>> Predictor: Computing H scores of rules
2025-07-17 10:41:42 INFO     1000 12313
2025-07-17 10:42:41 INFO     2000 12313
2025-07-17 10:43:38 INFO     3000 12313
2025-07-17 10:44:36 INFO     4000 12313
2025-07-17 10:45:34 INFO     5000 12313
2025-07-17 10:46:33 INFO     6000 12313
2025-07-17 10:47:31 INFO     7000 12313
2025-07-17 10:48:28 INFO     8000 12313
2025-07-17 10:49:25 INFO     9000 12313
2025-07-17 10:50:23 INFO     10000 12313
2025-07-17 10:51:20 INFO     11000 12313
2025-07-17 10:52:19 INFO     12000 12313
2025-07-17 10:52:37 INFO     >>>>> Generator: Training
2025-07-17 10:52:38 INFO     -------------------------
2025-07-17 10:52:38 INFO     | EM Iteration: 5/5
2025-07-17 10:52:38 INFO     -------------------------
2025-07-17 10:52:38 INFO     >>>>> Generator: Rule generation with sampling
2025-07-17 10:52:38 INFO     Sampled rules len: 1482
2025-07-17 10:52:38 INFO     Predictor: read 1482 rules from list.
2025-07-17 10:52:38 INFO     Preprocess training set
2025-07-17 10:52:38 INFO     >>>>> Predictor: Training
2025-07-17 10:53:31 INFO     1000 12313 8.242797 69340.6
2025-07-17 10:54:24 INFO     2000 12313 7.792697 69288.6
2025-07-17 10:55:17 INFO     3000 12313 7.584489 69366.7
2025-07-17 10:56:10 INFO     4000 12313 7.471291 69305.9
2025-07-17 10:57:03 INFO     5000 12313 7.356705 69323.3
2025-07-17 10:57:56 INFO     6000 12313 7.310716 69384.0
2025-07-17 10:58:50 INFO     7000 12313 7.266276 69279.9
2025-07-17 10:59:43 INFO     8000 12313 7.194208 69384.0
2025-07-17 11:00:37 INFO     9000 12313 7.197570 69366.7
2025-07-17 11:01:30 INFO     10000 12313 7.156825 69297.3
2025-07-17 11:02:23 INFO     11000 12313 7.124651 69279.9
2025-07-17 11:03:16 INFO     12000 12313 7.133007 69384.0
2025-07-17 11:03:33 INFO     >>>>> Predictor: Evaluating on valid
2025-07-17 11:03:56 INFO     Data : 3823
2025-07-17 11:03:56 INFO     Hit1 : 0.031651
2025-07-17 11:03:56 INFO     Hit3 : 0.056762
2025-07-17 11:03:56 INFO     Hit10: 0.104891
2025-07-17 11:03:56 INFO     MR   : 1203.755820
2025-07-17 11:03:56 INFO     MRR  : 0.057972
2025-07-17 11:03:56 INFO     >>>>> Predictor: Evaluating on test
2025-07-17 11:04:22 INFO     Data : 4402
2025-07-17 11:04:22 INFO     Hit1 : 0.030668
2025-07-17 11:04:22 INFO     Hit3 : 0.060881
2025-07-17 11:04:22 INFO     Hit10: 0.105407
2025-07-17 11:04:22 INFO     MR   : 1188.294980
2025-07-17 11:04:22 INFO     MRR  : 0.057983
2025-07-17 11:04:22 INFO     >>>>> Predictor: Computing H scores of rules
2025-07-17 11:05:21 INFO     1000 12313
2025-07-17 11:06:19 INFO     2000 12313
2025-07-17 11:07:18 INFO     3000 12313
2025-07-17 11:08:17 INFO     4000 12313
2025-07-17 11:09:16 INFO     5000 12313
2025-07-17 11:10:14 INFO     6000 12313
2025-07-17 11:11:12 INFO     7000 12313
2025-07-17 11:12:10 INFO     8000 12313
2025-07-17 11:13:08 INFO     9000 12313
2025-07-17 11:14:07 INFO     10000 12313
2025-07-17 11:15:05 INFO     11000 12313
2025-07-17 11:16:04 INFO     12000 12313
2025-07-17 11:16:23 INFO     >>>>> Generator: Training
2025-07-17 11:16:24 INFO     -------------------------
2025-07-17 11:16:24 INFO     | Post-train Generator
2025-07-17 11:16:24 INFO     -------------------------
2025-07-17 11:16:24 INFO     >>>>> Generator: Training
2025-07-17 11:16:38 INFO     1000 1000 1.740982
2025-07-17 11:16:38 INFO     -------------------------
2025-07-17 11:16:38 INFO     | Beam Search Best Rules
2025-07-17 11:16:38 INFO     -------------------------
2025-07-17 11:16:38 INFO     >>>>> Generator: Rule generation with beam search
2025-07-17 11:16:39 INFO     >>>>> Generator: Rule generation with beam search
2025-07-17 11:16:43 INFO     >>>>> Generator: Rule generation with beam search
2025-07-17 11:17:20 INFO     >>>>> Generator: Rule generation with beam search
2025-07-17 11:17:45 INFO     >>>>> Generator: Rule generation with beam search
2025-07-17 11:18:03 INFO     -------------------------
2025-07-17 11:18:03 INFO     | Train Final Predictor+
2025-07-17 11:18:03 INFO     -------------------------
2025-07-17 11:18:03 INFO     Predictor+: read 18420 rules from list.
2025-07-17 11:18:03 INFO     Preprocess training set
2025-07-17 11:18:03 INFO     -------------------------
2025-07-17 11:18:03 INFO     | Iteration: 1/5
2025-07-17 11:18:03 INFO     -------------------------
2025-07-17 11:18:03 INFO     >>>>> Predictor: Training
2025-07-17 11:25:57 INFO     1000 12313 4.699161 69314.6
2025-07-17 11:33:48 INFO     2000 12313 4.492937 69366.7
2025-07-17 11:41:40 INFO     3000 12313 4.452727 69279.9
2025-07-17 11:49:31 INFO     4000 12313 4.445897 69340.6
2025-07-17 11:57:29 INFO     5000 12313 4.482722 69236.6
2025-07-17 12:05:21 INFO     6000 12313 4.445954 69366.7
2025-07-17 12:13:16 INFO     7000 12313 4.425579 69323.3
2025-07-17 12:21:07 INFO     8000 12313 4.463682 69349.3
2025-07-17 12:28:59 INFO     9000 12313 4.424780 69384.0
2025-07-17 12:39:01 INFO     10000 12313 4.420457 69384.0
2025-07-17 12:50:28 INFO     11000 12313 4.443875 69288.6
2025-07-17 13:01:54 INFO     12000 12313 4.446401 69366.7
2025-07-17 13:05:30 INFO     >>>>> Predictor: Evaluating on valid
2025-07-17 13:10:34 INFO     Data : 3823
2025-07-17 13:10:34 INFO     Hit1 : 0.080303
2025-07-17 13:10:34 INFO     Hit3 : 0.161915
2025-07-17 13:10:34 INFO     Hit10: 0.295318
2025-07-17 13:10:34 INFO     MR   : 629.468349
2025-07-17 13:10:34 INFO     MRR  : 0.150392
2025-07-17 13:10:34 INFO     >>>>> Predictor: Evaluating on test
2025-07-17 13:16:23 INFO     Data : 4402
2025-07-17 13:16:23 INFO     Hit1 : 0.102908
2025-07-17 13:16:23 INFO     Hit3 : 0.194684
2025-07-17 13:16:23 INFO     Hit10: 0.325534
2025-07-17 13:16:23 INFO     MR   : 615.450704
2025-07-17 13:16:23 INFO     MRR  : 0.175781
2025-07-17 13:16:23 INFO     Save checkpoint to results/semmeddb/10_times_each/original_rnnlogic/2_20250717_091907/predictor.pt
2025-07-17 13:16:23 INFO     -------------------------
2025-07-17 13:16:23 INFO     | Iteration: 2/5
2025-07-17 13:16:23 INFO     -------------------------
2025-07-17 13:16:23 INFO     >>>>> Predictor: Training
2025-07-17 13:27:55 INFO     1000 12313 4.384108 69384.0
2025-07-17 13:38:37 INFO     2000 12313 4.379334 69384.0
2025-07-17 13:47:23 INFO     3000 12313 4.392733 69340.6
2025-07-17 13:56:14 INFO     4000 12313 4.398145 69305.9
2025-07-17 14:04:53 INFO     5000 12313 4.407051 69340.6
2025-07-17 14:12:41 INFO     6000 12313 4.409336 69297.3
2025-07-17 14:20:30 INFO     7000 12313 4.391904 69323.3
2025-07-17 14:28:23 INFO     8000 12313 4.418186 69366.7
2025-07-17 14:36:20 INFO     9000 12313 4.391178 69297.3
2025-07-17 14:44:14 INFO     10000 12313 4.404449 69366.7
2025-07-17 14:52:08 INFO     11000 12313 4.409114 69314.6
2025-07-17 15:00:01 INFO     12000 12313 4.423494 69279.9
2025-07-17 15:02:28 INFO     >>>>> Predictor: Evaluating on valid
2025-07-17 15:05:57 INFO     Data : 3823
2025-07-17 15:05:57 INFO     Hit1 : 0.077949
2025-07-17 15:05:57 INFO     Hit3 : 0.157730
2025-07-17 15:05:57 INFO     Hit10: 0.295579
2025-07-17 15:05:57 INFO     MR   : 614.239995
2025-07-17 15:05:57 INFO     MRR  : 0.147833
2025-07-17 15:05:57 INFO     >>>>> Predictor: Evaluating on test
2025-07-17 15:09:58 INFO     Data : 4402
2025-07-17 15:09:58 INFO     Hit1 : 0.111313
2025-07-17 15:09:58 INFO     Hit3 : 0.189232
2025-07-17 15:09:58 INFO     Hit10: 0.320763
2025-07-17 15:09:58 INFO     MR   : 593.026692
2025-07-17 15:09:58 INFO     MRR  : 0.178710
2025-07-17 15:09:58 INFO     -------------------------
2025-07-17 15:09:58 INFO     | Iteration: 3/5
2025-07-17 15:09:58 INFO     -------------------------
2025-07-17 15:09:58 INFO     >>>>> Predictor: Training
2025-07-17 15:17:52 INFO     1000 12313 4.384582 69262.6
2025-07-17 15:25:42 INFO     2000 12313 4.369203 69384.0
2025-07-17 15:33:42 INFO     3000 12313 4.350705 69262.6
2025-07-17 15:41:38 INFO     4000 12313 4.395175 69323.3
2025-07-17 15:49:32 INFO     5000 12313 4.360629 69366.7
2025-07-17 15:57:28 INFO     6000 12313 4.382077 69323.3
2025-07-17 16:05:26 INFO     7000 12313 4.389148 69366.7
2025-07-17 16:13:19 INFO     8000 12313 4.399504 69384.0
2025-07-17 16:21:14 INFO     9000 12313 4.380850 69349.3
2025-07-17 16:29:09 INFO     10000 12313 4.402112 69314.6
2025-07-17 16:36:59 INFO     11000 12313 4.363882 69349.3
2025-07-17 16:44:50 INFO     12000 12313 4.398352 69314.6
2025-07-17 16:47:17 INFO     >>>>> Predictor: Evaluating on valid
2025-07-17 16:50:43 INFO     Data : 3823
2025-07-17 16:50:43 INFO     Hit1 : 0.083965
2025-07-17 16:50:43 INFO     Hit3 : 0.167146
2025-07-17 16:50:43 INFO     Hit10: 0.298718
2025-07-17 16:50:43 INFO     MR   : 611.556239
2025-07-17 16:50:43 INFO     MRR  : 0.154141
2025-07-17 16:50:43 INFO     >>>>> Predictor: Evaluating on test
2025-07-17 16:54:40 INFO     Data : 4402
2025-07-17 16:54:40 INFO     Hit1 : 0.108360
2025-07-17 16:54:40 INFO     Hit3 : 0.200363
2025-07-17 16:54:40 INFO     Hit10: 0.324852
2025-07-17 16:54:40 INFO     MR   : 580.764539
2025-07-17 16:54:40 INFO     MRR  : 0.180260
2025-07-17 16:54:40 INFO     Save checkpoint to results/semmeddb/10_times_each/original_rnnlogic/2_20250717_091907/predictor.pt
2025-07-17 16:54:40 INFO     -------------------------
2025-07-17 16:54:40 INFO     | Iteration: 4/5
2025-07-17 16:54:40 INFO     -------------------------
2025-07-17 16:54:40 INFO     >>>>> Predictor: Training
2025-07-17 17:02:35 INFO     1000 12313 4.338788 69384.0
2025-07-17 17:10:32 INFO     2000 12313 4.358613 69340.6
2025-07-17 17:18:33 INFO     3000 12313 4.365895 69384.0
2025-07-17 17:26:29 INFO     4000 12313 4.397197 69253.9
2025-07-17 17:34:24 INFO     5000 12313 4.377855 69262.6
2025-07-17 17:42:20 INFO     6000 12313 4.393839 69340.6
2025-07-17 17:50:10 INFO     7000 12313 4.372480 69314.6
2025-07-17 17:58:02 INFO     8000 12313 4.352726 69323.3
2025-07-17 18:05:52 INFO     9000 12313 4.385212 69366.7
2025-07-17 18:13:43 INFO     10000 12313 4.355645 69349.3
2025-07-17 18:21:40 INFO     11000 12313 4.369402 69366.7
2025-07-17 18:29:29 INFO     12000 12313 4.382870 69366.7
2025-07-17 18:31:56 INFO     >>>>> Predictor: Evaluating on valid
2025-07-17 18:35:25 INFO     Data : 3823
2025-07-17 18:35:25 INFO     Hit1 : 0.078211
2025-07-17 18:35:25 INFO     Hit3 : 0.167669
2025-07-17 18:35:25 INFO     Hit10: 0.301072
2025-07-17 18:35:25 INFO     MR   : 604.113393
2025-07-17 18:35:25 INFO     MRR  : 0.151393
2025-07-17 18:35:25 INFO     >>>>> Predictor: Evaluating on test
2025-07-17 18:39:27 INFO     Data : 4402
2025-07-17 18:39:27 INFO     Hit1 : 0.108814
2025-07-17 18:39:27 INFO     Hit3 : 0.194457
2025-07-17 18:39:27 INFO     Hit10: 0.319627
2025-07-17 18:39:27 INFO     MR   : 576.725920
2025-07-17 18:39:27 INFO     MRR  : 0.179620
2025-07-17 18:39:27 INFO     -------------------------
2025-07-17 18:39:27 INFO     | Iteration: 5/5
2025-07-17 18:39:27 INFO     -------------------------
2025-07-17 18:39:27 INFO     >>>>> Predictor: Training
2025-07-17 18:47:22 INFO     1000 12313 4.336735 69323.3
2025-07-17 18:55:12 INFO     2000 12313 4.363160 69384.0
2025-07-17 19:03:07 INFO     3000 12313 4.358913 69245.2
2025-07-17 19:11:03 INFO     4000 12313 4.339534 69384.0
2025-07-17 19:18:55 INFO     5000 12313 4.387017 69366.7
2025-07-17 19:26:49 INFO     6000 12313 4.360839 69323.3
2025-07-17 19:34:40 INFO     7000 12313 4.378009 69384.0
2025-07-17 19:42:31 INFO     8000 12313 4.387738 69297.3
2025-07-17 19:50:30 INFO     9000 12313 4.364387 69384.0
2025-07-17 19:58:34 INFO     10000 12313 4.361812 69271.3
2025-07-17 20:06:36 INFO     11000 12313 4.362561 69340.6
2025-07-17 20:14:41 INFO     12000 12313 4.346192 69297.3
2025-07-17 20:17:12 INFO     >>>>> Predictor: Evaluating on valid
2025-07-17 20:20:44 INFO     Data : 3823
2025-07-17 20:20:44 INFO     Hit1 : 0.080565
2025-07-17 20:20:44 INFO     Hit3 : 0.161130
2025-07-17 20:20:44 INFO     Hit10: 0.298457
2025-07-17 20:20:44 INFO     MR   : 599.458148
2025-07-17 20:20:44 INFO     MRR  : 0.150264
2025-07-17 20:20:44 INFO     >>>>> Predictor: Evaluating on test
2025-07-17 20:24:51 INFO     Data : 4402
2025-07-17 20:24:51 INFO     Hit1 : 0.105634
2025-07-17 20:24:51 INFO     Hit3 : 0.186279
2025-07-17 20:24:51 INFO     Hit10: 0.313040
2025-07-17 20:24:51 INFO     MR   : 574.243980
2025-07-17 20:24:51 INFO     MRR  : 0.174434
2025-07-17 20:24:51 INFO     -------------------------
2025-07-17 20:24:51 INFO     | Final Test MRR: 0.180260
2025-07-17 20:24:51 INFO     -------------------------
