2025-07-09 23:04:51 INFO     is_soft_label: False
2025-07-09 23:04:51 INFO     is_scheduled_sampling: False
2025-07-09 23:04:51 INFO     is_test_mode: False
2025-07-09 23:04:52 INFO     Data loading | DONE!
2025-07-09 23:04:52 INFO     Using full datasets for training, validation, and testing.
2025-07-09 23:04:53 INFO     -------------------------
2025-07-09 23:04:53 INFO     | EM Iteration: 1/5
2025-07-09 23:04:53 INFO     -------------------------
2025-07-09 23:04:53 INFO     >>>>> Using miner's rule
2025-07-09 23:04:53 INFO     Predictor: read 13661 rules from list.
2025-07-09 23:04:54 INFO     Preprocess training set
2025-07-09 23:04:54 INFO     >>>>> Predictor: Evaluating on valid
2025-07-09 23:07:13 INFO     Data : 2077
2025-07-09 23:07:13 INFO     Hit1 : 0.065479
2025-07-09 23:07:13 INFO     Hit3 : 0.127106
2025-07-09 23:07:13 INFO     Hit10: 0.199326
2025-07-09 23:07:13 INFO     MR   : 1120.902022
2025-07-09 23:07:13 INFO     MRR  : 0.114382
2025-07-09 23:07:13 INFO     >>>>> Predictor: Evaluating on test
2025-07-09 23:09:48 INFO     Data : 2342
2025-07-09 23:09:48 INFO     Hit1 : 0.078992
2025-07-09 23:09:48 INFO     Hit3 : 0.124253
2025-07-09 23:09:48 INFO     Hit10: 0.208796
2025-07-09 23:09:48 INFO     MR   : 1044.269001
2025-07-09 23:09:48 INFO     MRR  : 0.122250
2025-07-09 23:09:48 INFO     >>>>> Predictor: Computing H scores of rules
2025-07-09 23:45:20 INFO     1000 5959
2025-07-10 00:21:21 INFO     2000 5959
2025-07-10 00:56:55 INFO     3000 5959
2025-07-10 01:32:42 INFO     4000 5959
2025-07-10 02:08:13 INFO     5000 5959
2025-07-10 02:44:42 INFO     >>>>> Generator: Training
2025-07-10 02:44:51 INFO     -------------------------
2025-07-10 02:44:51 INFO     | EM Iteration: 2/5
2025-07-10 02:44:51 INFO     -------------------------
2025-07-10 02:44:51 INFO     >>>>> Using Generator's sample rule
2025-07-10 02:44:51 INFO     >>>>> Generator: Rule generation with sampling
2025-07-10 02:44:51 INFO     Predictor: read 1912 rules from list.
2025-07-10 02:44:51 INFO     Preprocess training set
2025-07-10 02:44:51 INFO     >>>>> Predictor: Training
2025-07-10 02:46:00 INFO     1000 5959 8.777563 69314.6
2025-07-10 02:47:09 INFO     2000 5959 8.371464 69271.3
2025-07-10 02:48:18 INFO     3000 5959 8.153242 69245.2
2025-07-10 02:49:27 INFO     4000 5959 7.969263 69340.6
2025-07-10 02:50:36 INFO     5000 5959 7.793321 69340.6
2025-07-10 02:51:41 INFO     >>>>> Predictor: Evaluating on valid
2025-07-10 02:51:58 INFO     Data : 2077
2025-07-10 02:51:58 INFO     Hit1 : 0.018777
2025-07-10 02:51:58 INFO     Hit3 : 0.033702
2025-07-10 02:51:58 INFO     Hit10: 0.057294
2025-07-10 02:51:58 INFO     MR   : 1435.782378
2025-07-10 02:51:58 INFO     MRR  : 0.034306
2025-07-10 02:51:58 INFO     >>>>> Predictor: Evaluating on test
2025-07-10 02:52:16 INFO     Data : 2342
2025-07-10 02:52:16 INFO     Hit1 : 0.017506
2025-07-10 02:52:16 INFO     Hit3 : 0.033305
2025-07-10 02:52:16 INFO     Hit10: 0.061059
2025-07-10 02:52:16 INFO     MR   : 1332.336038
2025-07-10 02:52:16 INFO     MRR  : 0.034204
2025-07-10 02:52:16 INFO     >>>>> Predictor: Computing H scores of rules
2025-07-10 02:55:36 INFO     1000 5959
2025-07-10 02:58:56 INFO     2000 5959
2025-07-10 03:02:16 INFO     3000 5959
2025-07-10 03:05:36 INFO     4000 5959
2025-07-10 03:08:55 INFO     5000 5959
2025-07-10 03:12:09 INFO     >>>>> Generator: Training
2025-07-10 03:12:17 INFO     -------------------------
2025-07-10 03:12:17 INFO     | EM Iteration: 3/5
2025-07-10 03:12:17 INFO     -------------------------
2025-07-10 03:12:17 INFO     >>>>> Using Generator's sample rule
2025-07-10 03:12:17 INFO     >>>>> Generator: Rule generation with sampling
2025-07-10 03:12:17 INFO     Predictor: read 1916 rules from list.
2025-07-10 03:12:17 INFO     Preprocess training set
2025-07-10 03:12:17 INFO     >>>>> Predictor: Training
2025-07-10 03:13:26 INFO     1000 5959 8.801476 69332.0
2025-07-10 03:14:34 INFO     2000 5959 8.440751 69349.3
2025-07-10 03:15:42 INFO     3000 5959 8.214335 69184.5
2025-07-10 03:16:51 INFO     4000 5959 8.010395 69253.9
2025-07-10 03:18:00 INFO     5000 5959 7.912868 69332.0
2025-07-10 03:19:06 INFO     >>>>> Predictor: Evaluating on valid
2025-07-10 03:19:23 INFO     Data : 2077
2025-07-10 03:19:23 INFO     Hit1 : 0.013962
2025-07-10 03:19:23 INFO     Hit3 : 0.020703
2025-07-10 03:19:23 INFO     Hit10: 0.033221
2025-07-10 03:19:23 INFO     MR   : 1497.424410
2025-07-10 03:19:23 INFO     MRR  : 0.023734
2025-07-10 03:19:23 INFO     >>>>> Predictor: Evaluating on test
2025-07-10 03:19:41 INFO     Data : 2342
2025-07-10 03:19:41 INFO     Hit1 : 0.013237
2025-07-10 03:19:41 INFO     Hit3 : 0.018360
2025-07-10 03:19:41 INFO     Hit10: 0.028181
2025-07-10 03:19:41 INFO     MR   : 1380.473100
2025-07-10 03:19:41 INFO     MRR  : 0.022296
2025-07-10 03:19:41 INFO     >>>>> Predictor: Computing H scores of rules
2025-07-10 03:23:01 INFO     1000 5959
2025-07-10 03:26:21 INFO     2000 5959
2025-07-10 03:29:40 INFO     3000 5959
2025-07-10 03:32:59 INFO     4000 5959
2025-07-10 03:36:18 INFO     5000 5959
2025-07-10 03:39:31 INFO     >>>>> Generator: Training
2025-07-10 03:39:40 INFO     -------------------------
2025-07-10 03:39:40 INFO     | EM Iteration: 4/5
2025-07-10 03:39:40 INFO     -------------------------
2025-07-10 03:39:40 INFO     >>>>> Using Generator's sample rule
2025-07-10 03:39:40 INFO     >>>>> Generator: Rule generation with sampling
2025-07-10 03:39:40 INFO     Predictor: read 1941 rules from list.
2025-07-10 03:39:40 INFO     Preprocess training set
2025-07-10 03:39:40 INFO     >>>>> Predictor: Training
2025-07-10 03:40:48 INFO     1000 5959 8.788229 69271.3
2025-07-10 03:41:57 INFO     2000 5959 8.409160 69340.6
2025-07-10 03:43:05 INFO     3000 5959 8.146003 69384.0
2025-07-10 03:44:12 INFO     4000 5959 7.965456 69262.6
2025-07-10 03:45:22 INFO     5000 5959 7.809823 69332.0
2025-07-10 03:46:27 INFO     >>>>> Predictor: Evaluating on valid
2025-07-10 03:46:44 INFO     Data : 2077
2025-07-10 03:46:44 INFO     Hit1 : 0.009629
2025-07-10 03:46:44 INFO     Hit3 : 0.022147
2025-07-10 03:46:44 INFO     Hit10: 0.038517
2025-07-10 03:46:44 INFO     MR   : 1480.896485
2025-07-10 03:46:44 INFO     MRR  : 0.023832
2025-07-10 03:46:44 INFO     >>>>> Predictor: Evaluating on test
2025-07-10 03:47:03 INFO     Data : 2342
2025-07-10 03:47:03 INFO     Hit1 : 0.009821
2025-07-10 03:47:03 INFO     Hit3 : 0.018787
2025-07-10 03:47:03 INFO     Hit10: 0.039283
2025-07-10 03:47:03 INFO     MR   : 1372.745517
2025-07-10 03:47:03 INFO     MRR  : 0.022972
2025-07-10 03:47:03 INFO     >>>>> Predictor: Computing H scores of rules
2025-07-10 03:50:22 INFO     1000 5959
2025-07-10 03:53:42 INFO     2000 5959
2025-07-10 03:57:02 INFO     3000 5959
2025-07-10 04:00:21 INFO     4000 5959
2025-07-10 04:03:41 INFO     5000 5959
2025-07-10 04:06:55 INFO     >>>>> Generator: Training
2025-07-10 04:07:03 INFO     -------------------------
2025-07-10 04:07:03 INFO     | EM Iteration: 5/5
2025-07-10 04:07:03 INFO     -------------------------
2025-07-10 04:07:03 INFO     >>>>> Using Generator's sample rule
2025-07-10 04:07:03 INFO     >>>>> Generator: Rule generation with sampling
2025-07-10 04:07:03 INFO     Predictor: read 1964 rules from list.
2025-07-10 04:07:03 INFO     Preprocess training set
2025-07-10 04:07:03 INFO     >>>>> Predictor: Training
2025-07-10 04:08:13 INFO     1000 5959 8.829234 69332.0
2025-07-10 04:09:24 INFO     2000 5959 8.511628 69349.3
2025-07-10 04:10:34 INFO     3000 5959 8.318627 69340.6
2025-07-10 04:11:45 INFO     4000 5959 8.180989 69297.3
2025-07-10 04:12:55 INFO     5000 5959 8.077482 69219.2
2025-07-10 04:14:03 INFO     >>>>> Predictor: Evaluating on valid
2025-07-10 04:14:19 INFO     Data : 2077
2025-07-10 04:14:19 INFO     Hit1 : 0.028406
2025-07-10 04:14:19 INFO     Hit3 : 0.054405
2025-07-10 04:14:19 INFO     Hit10: 0.079923
2025-07-10 04:14:19 INFO     MR   : 1447.493019
2025-07-10 04:14:19 INFO     MRR  : 0.049663
2025-07-10 04:14:19 INFO     >>>>> Predictor: Evaluating on test
2025-07-10 04:14:37 INFO     Data : 2342
2025-07-10 04:14:37 INFO     Hit1 : 0.028181
2025-07-10 04:14:37 INFO     Hit3 : 0.053800
2025-07-10 04:14:37 INFO     Hit10: 0.078992
2025-07-10 04:14:37 INFO     MR   : 1342.234202
2025-07-10 04:14:37 INFO     MRR  : 0.050400
2025-07-10 04:14:37 INFO     >>>>> Predictor: Computing H scores of rules
2025-07-10 04:17:57 INFO     1000 5959
2025-07-10 04:21:17 INFO     2000 5959
2025-07-10 04:24:37 INFO     3000 5959
2025-07-10 04:27:57 INFO     4000 5959
2025-07-10 04:31:17 INFO     5000 5959
2025-07-10 04:34:31 INFO     >>>>> Generator: Training
2025-07-10 04:34:40 INFO     -------------------------
2025-07-10 04:34:40 INFO     | Post-train Generator
2025-07-10 04:34:40 INFO     -------------------------
2025-07-10 04:34:42 INFO     >>>>> Generator: Training
2025-07-10 04:36:15 INFO     [E01000] Total 3.142019 | Main 3.153684 | RelClus 2.122851 | EntType 2.980349
2025-07-10 04:36:15 INFO     -------------------------
2025-07-10 04:36:15 INFO     | Beam Search Best Rules
2025-07-10 04:36:15 INFO     -------------------------
2025-07-10 04:36:15 INFO     >>>>> Generator: Rule generation with beam search
2025-07-10 04:36:16 INFO     >>>>> Generator: Rule generation with beam search
2025-07-10 04:36:22 INFO     >>>>> Generator: Rule generation with beam search
2025-07-10 04:37:41 INFO     >>>>> Generator: Rule generation with beam search
2025-07-10 04:38:46 INFO     >>>>> Generator: Rule generation with beam search
2025-07-10 04:39:30 INFO     -------------------------
2025-07-10 04:39:30 INFO     | Train Final Predictor+
2025-07-10 04:39:30 INFO     -------------------------
2025-07-10 04:39:31 INFO     Predictor+: read 18420 rules from list.
2025-07-10 04:39:31 INFO     Preprocess training set
2025-07-10 04:39:31 INFO     -------------------------
2025-07-10 04:39:31 INFO     | Iteration: 1/5
2025-07-10 04:39:31 INFO     -------------------------
2025-07-10 04:39:31 INFO     >>>>> Predictor: Training
2025-07-10 04:44:37 INFO     1000 5959 4.901261 69271.3
2025-07-10 04:49:42 INFO     2000 5959 4.725618 69332.0
2025-07-10 04:54:47 INFO     3000 5959 4.707818 69375.3
2025-07-10 04:59:51 INFO     4000 5959 4.711285 69279.9
2025-07-10 05:04:56 INFO     5000 5959 4.682535 69349.3
2025-07-10 05:09:48 INFO     >>>>> Predictor: Evaluating on valid
2025-07-10 05:11:04 INFO     Data : 2077
2025-07-10 05:11:04 INFO     Hit1 : 0.101589
2025-07-10 05:11:04 INFO     Hit3 : 0.179586
2025-07-10 05:11:04 INFO     Hit10: 0.315840
2025-07-10 05:11:04 INFO     MR   : 981.816081
2025-07-10 05:11:04 INFO     MRR  : 0.167779
2025-07-10 05:11:04 INFO     >>>>> Predictor: Evaluating on test
2025-07-10 05:12:30 INFO     Data : 2342
2025-07-10 05:12:30 INFO     Hit1 : 0.127669
2025-07-10 05:12:30 INFO     Hit3 : 0.199829
2025-07-10 05:12:30 INFO     Hit10: 0.314688
2025-07-10 05:12:30 INFO     MR   : 916.629377
2025-07-10 05:12:30 INFO     MRR  : 0.188620
2025-07-10 05:12:30 INFO     Save checkpoint to results/semmeddb/10_times_each/cluster_k/5_20250709_230449/predictor.pt
2025-07-10 05:12:30 INFO     -------------------------
2025-07-10 05:12:30 INFO     | Iteration: 2/5
2025-07-10 05:12:30 INFO     -------------------------
2025-07-10 05:12:30 INFO     >>>>> Predictor: Training
2025-07-10 05:17:35 INFO     1000 5959 4.602122 69366.7
2025-07-10 05:22:39 INFO     2000 5959 4.652476 69375.3
2025-07-10 05:27:45 INFO     3000 5959 4.637132 69219.2
2025-07-10 05:32:52 INFO     4000 5959 4.652270 69305.9
2025-07-10 05:37:58 INFO     5000 5959 4.614302 69288.6
2025-07-10 05:42:52 INFO     >>>>> Predictor: Evaluating on valid
2025-07-10 05:44:09 INFO     Data : 2077
2025-07-10 05:44:09 INFO     Hit1 : 0.091960
2025-07-10 05:44:09 INFO     Hit3 : 0.187289
2025-07-10 05:44:09 INFO     Hit10: 0.314877
2025-07-10 05:44:09 INFO     MR   : 946.369283
2025-07-10 05:44:09 INFO     MRR  : 0.164575
2025-07-10 05:44:09 INFO     >>>>> Predictor: Evaluating on test
2025-07-10 05:45:34 INFO     Data : 2342
2025-07-10 05:45:34 INFO     Hit1 : 0.131512
2025-07-10 05:45:34 INFO     Hit3 : 0.212212
2025-07-10 05:45:34 INFO     Hit10: 0.321093
2025-07-10 05:45:34 INFO     MR   : 880.630658
2025-07-10 05:45:34 INFO     MRR  : 0.194008
2025-07-10 05:45:34 INFO     -------------------------
2025-07-10 05:45:34 INFO     | Iteration: 3/5
2025-07-10 05:45:34 INFO     -------------------------
2025-07-10 05:45:34 INFO     >>>>> Predictor: Training
2025-07-10 05:50:42 INFO     1000 5959 4.615750 69288.6
2025-07-10 05:55:48 INFO     2000 5959 4.617388 69288.6
2025-07-10 06:00:55 INFO     3000 5959 4.606191 69340.6
2025-07-10 06:06:03 INFO     4000 5959 4.612418 69271.3
2025-07-10 06:11:11 INFO     5000 5959 4.637259 69219.2
2025-07-10 06:16:05 INFO     >>>>> Predictor: Evaluating on valid
2025-07-10 06:17:20 INFO     Data : 2077
2025-07-10 06:17:20 INFO     Hit1 : 0.085701
2025-07-10 06:17:20 INFO     Hit3 : 0.178142
2025-07-10 06:17:20 INFO     Hit10: 0.301878
2025-07-10 06:17:20 INFO     MR   : 937.580645
2025-07-10 06:17:20 INFO     MRR  : 0.158338
2025-07-10 06:17:20 INFO     >>>>> Predictor: Evaluating on test
2025-07-10 06:18:47 INFO     Data : 2342
2025-07-10 06:18:47 INFO     Hit1 : 0.115713
2025-07-10 06:18:47 INFO     Hit3 : 0.197267
2025-07-10 06:18:47 INFO     Hit10: 0.315969
2025-07-10 06:18:47 INFO     MR   : 865.309351
2025-07-10 06:18:47 INFO     MRR  : 0.180277
2025-07-10 06:18:47 INFO     -------------------------
2025-07-10 06:18:47 INFO     | Iteration: 4/5
2025-07-10 06:18:47 INFO     -------------------------
2025-07-10 06:18:47 INFO     >>>>> Predictor: Training
2025-07-10 06:23:55 INFO     1000 5959 4.592197 69340.6
2025-07-10 06:29:01 INFO     2000 5959 4.563432 69184.5
2025-07-10 06:34:07 INFO     3000 5959 4.624215 69253.9
2025-07-10 06:39:13 INFO     4000 5959 4.601444 69340.6
2025-07-10 06:44:20 INFO     5000 5959 4.597316 69384.0
2025-07-10 06:49:14 INFO     >>>>> Predictor: Evaluating on valid
2025-07-10 06:50:29 INFO     Data : 2077
2025-07-10 06:50:29 INFO     Hit1 : 0.097256
2025-07-10 06:50:29 INFO     Hit3 : 0.184882
2025-07-10 06:50:29 INFO     Hit10: 0.310063
2025-07-10 06:50:29 INFO     MR   : 930.745306
2025-07-10 06:50:29 INFO     MRR  : 0.166992
2025-07-10 06:50:29 INFO     >>>>> Predictor: Evaluating on test
2025-07-10 06:51:54 INFO     Data : 2342
2025-07-10 06:51:54 INFO     Hit1 : 0.125961
2025-07-10 06:51:54 INFO     Hit3 : 0.212639
2025-07-10 06:51:54 INFO     Hit10: 0.325363
2025-07-10 06:51:54 INFO     MR   : 861.149872
2025-07-10 06:51:54 INFO     MRR  : 0.191978
2025-07-10 06:51:54 INFO     -------------------------
2025-07-10 06:51:54 INFO     | Iteration: 5/5
2025-07-10 06:51:54 INFO     -------------------------
2025-07-10 06:51:54 INFO     >>>>> Predictor: Training
2025-07-10 06:57:02 INFO     1000 5959 4.604158 69323.3
2025-07-10 07:02:09 INFO     2000 5959 4.582002 69332.0
2025-07-10 07:07:18 INFO     3000 5959 4.615568 69219.2
2025-07-10 07:12:25 INFO     4000 5959 4.610643 69297.3
2025-07-10 07:17:32 INFO     5000 5959 4.573043 69332.0
2025-07-10 07:22:28 INFO     >>>>> Predictor: Evaluating on valid
2025-07-10 07:23:45 INFO     Data : 2077
2025-07-10 07:23:45 INFO     Hit1 : 0.093885
2025-07-10 07:23:45 INFO     Hit3 : 0.178623
2025-07-10 07:23:45 INFO     Hit10: 0.315840
2025-07-10 07:23:45 INFO     MR   : 921.534906
2025-07-10 07:23:45 INFO     MRR  : 0.164872
2025-07-10 07:23:45 INFO     >>>>> Predictor: Evaluating on test
2025-07-10 07:25:11 INFO     Data : 2342
2025-07-10 07:25:11 INFO     Hit1 : 0.128950
2025-07-10 07:25:11 INFO     Hit3 : 0.212212
2025-07-10 07:25:11 INFO     Hit10: 0.321947
2025-07-10 07:25:11 INFO     MR   : 853.183817
2025-07-10 07:25:11 INFO     MRR  : 0.193704
2025-07-10 07:25:11 INFO     -------------------------
2025-07-10 07:25:11 INFO     | Final Test MRR: 0.188620
2025-07-10 07:25:11 INFO     -------------------------
