2025-05-19 21:23:27 INFO     -------------------------
2025-05-19 21:23:27 INFO     | Pre-train Generator
2025-05-19 21:23:27 INFO     -------------------------
2025-05-19 21:23:27 INFO     >>>>> Generator: Training
2025-05-19 21:23:32 INFO     [E1000] Total: 1.393090 | Main: 1.652145 | Aux: 0.910313
2025-05-19 21:23:36 INFO     [E2000] Total: 1.329190 | Main: 1.570083 | Aux: 0.892783
2025-05-19 21:23:40 INFO     [E3000] Total: 1.321428 | Main: 1.559882 | Aux: 0.890920
2025-05-19 21:23:44 INFO     [E4000] Total: 1.316421 | Main: 1.553526 | Aux: 0.889260
2025-05-19 21:23:48 INFO     [E5000] Total: 1.313208 | Main: 1.549392 | Aux: 0.888418
2025-05-19 21:23:52 INFO     [E6000] Total: 1.311104 | Main: 1.546611 | Aux: 0.887626
2025-05-19 21:23:56 INFO     [E7000] Total: 1.309926 | Main: 1.545470 | Aux: 0.887212
2025-05-19 21:24:00 INFO     [E8000] Total: 1.309698 | Main: 1.544957 | Aux: 0.886827
2025-05-19 21:24:04 INFO     [E9000] Total: 1.306983 | Main: 1.541556 | Aux: 0.886115
2025-05-19 21:24:08 INFO     [E10000] Total: 1.306921 | Main: 1.541333 | Aux: 0.886264
2025-05-19 21:24:08 INFO     -------------------------
2025-05-19 21:24:08 INFO     | EM Iteration: 1/2
2025-05-19 21:24:08 INFO     -------------------------
2025-05-19 21:24:08 INFO     >>>>> Generator: Rule generation with sampling
2025-05-19 21:24:08 INFO     Predictor: read 490 rules from list.
2025-05-19 21:24:08 INFO     Preprocess training set
2025-05-19 21:24:08 INFO     >>>>> Predictor: Training
2025-05-19 21:24:10 INFO     100 12313 8.953539 69123.8
2025-05-19 21:24:11 INFO     200 12313 8.702181 69384.0
2025-05-19 21:24:13 INFO     300 12313 8.533775 69384.0
2025-05-19 21:24:14 INFO     400 12313 8.397598 69384.0
2025-05-19 21:24:16 INFO     500 12313 8.341137 69384.0
2025-05-19 21:24:17 INFO     600 12313 8.150152 69384.0
2025-05-19 21:24:19 INFO     700 12313 8.141117 69384.0
2025-05-19 21:24:20 INFO     800 12313 8.144942 69384.0
2025-05-19 21:24:22 INFO     900 12313 8.084930 69384.0
2025-05-19 21:24:23 INFO     1000 12313 7.929126 69384.0
2025-05-19 21:24:24 INFO     1100 12313 7.982109 69210.5
2025-05-19 21:24:26 INFO     1200 12313 7.952295 69384.0
2025-05-19 21:24:27 INFO     1300 12313 7.994371 69384.0
2025-05-19 21:24:29 INFO     1400 12313 7.926663 69384.0
2025-05-19 21:24:30 INFO     1500 12313 7.949839 69384.0
2025-05-19 21:24:32 INFO     1600 12313 7.905168 69384.0
2025-05-19 21:24:33 INFO     1700 12313 7.858896 69384.0
2025-05-19 21:24:35 INFO     1800 12313 7.758692 69037.1
2025-05-19 21:24:36 INFO     1900 12313 7.908357 69384.0
2025-05-19 21:24:38 INFO     2000 12313 7.749622 69384.0
2025-05-19 21:24:39 INFO     2100 12313 7.744898 69384.0
2025-05-19 21:24:41 INFO     2200 12313 7.713183 69384.0
2025-05-19 21:24:42 INFO     2300 12313 7.801041 69384.0
2025-05-19 21:24:44 INFO     2400 12313 7.734332 69384.0
2025-05-19 21:24:45 INFO     2500 12313 7.703773 69384.0
2025-05-19 21:24:46 INFO     2600 12313 7.713519 69384.0
2025-05-19 21:24:48 INFO     2700 12313 7.758945 69384.0
2025-05-19 21:24:49 INFO     2800 12313 7.589746 69384.0
2025-05-19 21:24:51 INFO     2900 12313 7.604979 69384.0
2025-05-19 21:24:52 INFO     3000 12313 7.679407 69384.0
2025-05-19 21:24:54 INFO     3100 12313 7.712111 68776.9
2025-05-19 21:24:55 INFO     3200 12313 7.606326 69384.0
2025-05-19 21:24:57 INFO     3300 12313 7.656549 69384.0
2025-05-19 21:24:58 INFO     3400 12313 7.620414 69384.0
2025-05-19 21:25:00 INFO     3500 12313 7.625545 69384.0
2025-05-19 21:25:01 INFO     3600 12313 7.563880 69384.0
2025-05-19 21:25:03 INFO     3700 12313 7.469433 69384.0
2025-05-19 21:25:04 INFO     3800 12313 7.563615 69384.0
2025-05-19 21:25:06 INFO     3900 12313 7.602826 69384.0
2025-05-19 21:25:07 INFO     4000 12313 7.564613 68950.4
2025-05-19 21:25:09 INFO     4100 12313 7.484564 69384.0
2025-05-19 21:25:10 INFO     4200 12313 7.507420 69384.0
2025-05-19 21:25:12 INFO     4300 12313 7.580283 69384.0
2025-05-19 21:25:13 INFO     4400 12313 7.485367 68863.6
2025-05-19 21:25:15 INFO     4500 12313 7.509930 69384.0
2025-05-19 21:25:16 INFO     4600 12313 7.469815 69384.0
2025-05-19 21:25:18 INFO     4700 12313 7.464269 69384.0
2025-05-19 21:25:19 INFO     4800 12313 7.459279 69384.0
2025-05-19 21:25:21 INFO     4900 12313 7.613317 69384.0
2025-05-19 21:25:22 INFO     5000 12313 7.566254 69384.0
2025-05-19 21:25:24 INFO     5100 12313 7.452333 69384.0
2025-05-19 21:25:25 INFO     5200 12313 7.428365 69384.0
2025-05-19 21:25:27 INFO     5300 12313 7.477771 69384.0
2025-05-19 21:25:28 INFO     5400 12313 7.598179 69384.0
2025-05-19 21:25:30 INFO     5500 12313 7.426068 69384.0
2025-05-19 21:25:31 INFO     5600 12313 7.471270 69384.0
2025-05-19 21:25:33 INFO     5700 12313 7.533668 69384.0
2025-05-19 21:25:34 INFO     5800 12313 7.366577 69384.0
2025-05-19 21:25:35 INFO     5900 12313 7.457697 69384.0
2025-05-19 21:25:37 INFO     6000 12313 7.402741 69384.0
2025-05-19 21:25:39 INFO     6100 12313 7.373686 69384.0
2025-05-19 21:25:40 INFO     6200 12313 7.397665 69384.0
2025-05-19 21:25:42 INFO     6300 12313 7.433673 69384.0
2025-05-19 21:25:43 INFO     6400 12313 7.367761 68950.4
2025-05-19 21:25:45 INFO     6500 12313 7.417608 69384.0
2025-05-19 21:25:46 INFO     6600 12313 7.459650 68950.4
2025-05-19 21:25:48 INFO     6700 12313 7.308199 69384.0
2025-05-19 21:25:49 INFO     6800 12313 7.303344 69384.0
2025-05-19 21:25:51 INFO     6900 12313 7.448912 69384.0
2025-05-19 21:25:52 INFO     7000 12313 7.399968 69384.0
2025-05-19 21:25:54 INFO     7100 12313 7.396718 69384.0
2025-05-19 21:25:55 INFO     7200 12313 7.432735 69384.0
2025-05-19 21:25:57 INFO     7300 12313 7.347213 69384.0
2025-05-19 21:25:58 INFO     7400 12313 7.377856 69384.0
2025-05-19 21:26:00 INFO     7500 12313 7.415634 68776.9
2025-05-19 21:26:01 INFO     7600 12313 7.287868 69384.0
2025-05-19 21:26:03 INFO     7700 12313 7.369717 69384.0
2025-05-19 21:26:04 INFO     7800 12313 7.384032 69384.0
2025-05-19 21:26:06 INFO     7900 12313 7.366780 69384.0
2025-05-19 21:26:07 INFO     8000 12313 7.326977 69384.0
2025-05-19 21:26:09 INFO     8100 12313 7.353417 69384.0
2025-05-19 21:26:10 INFO     8200 12313 7.379163 69384.0
2025-05-19 21:26:12 INFO     8300 12313 7.358939 69123.8
2025-05-19 21:26:13 INFO     8400 12313 7.300224 69384.0
2025-05-19 21:26:15 INFO     8500 12313 7.294448 69384.0
2025-05-19 21:26:16 INFO     8600 12313 7.355162 69384.0
2025-05-19 21:26:18 INFO     8700 12313 7.276920 69384.0
2025-05-19 21:26:19 INFO     8800 12313 7.315484 69384.0
2025-05-19 21:26:21 INFO     8900 12313 7.250164 69384.0
2025-05-19 21:26:22 INFO     9000 12313 7.350785 69384.0
2025-05-19 21:26:24 INFO     9100 12313 7.276960 69384.0
2025-05-19 21:26:25 INFO     9200 12313 7.302144 69384.0
2025-05-19 21:26:27 INFO     9300 12313 7.397454 69384.0
2025-05-19 21:26:28 INFO     9400 12313 7.292705 69384.0
2025-05-19 21:26:30 INFO     9500 12313 7.325017 69384.0
2025-05-19 21:26:31 INFO     9600 12313 7.311227 69384.0
2025-05-19 21:26:33 INFO     9700 12313 7.432478 69037.1
2025-05-19 21:26:34 INFO     9800 12313 7.343209 69210.5
2025-05-19 21:26:36 INFO     9900 12313 7.289196 69384.0
2025-05-19 21:26:37 INFO     10000 12313 7.334649 69384.0
2025-05-19 21:26:37 INFO     >>>>> Predictor: Evaluating on valid
2025-05-19 21:26:43 INFO     Data : 3823
2025-05-19 21:26:43 INFO     Hit1 : 0.023019
2025-05-19 21:26:43 INFO     Hit3 : 0.051269
2025-05-19 21:26:43 INFO     Hit10: 0.092859
2025-05-19 21:26:43 INFO     MR   : 1192.529689
2025-05-19 21:26:43 INFO     MRR  : 0.049041
2025-05-19 21:26:43 INFO     >>>>> Predictor: Evaluating on test
2025-05-19 21:26:49 INFO     Data : 4402
2025-05-19 21:26:49 INFO     Hit1 : 0.029305
2025-05-19 21:26:49 INFO     Hit3 : 0.055202
2025-05-19 21:26:49 INFO     Hit10: 0.098592
2025-05-19 21:26:49 INFO     MR   : 1186.674807
2025-05-19 21:26:49 INFO     MRR  : 0.054211
2025-05-19 21:26:49 INFO     >>>>> Predictor: Computing H scores of rules
2025-05-19 21:27:04 INFO     1000 12313
2025-05-19 21:27:19 INFO     2000 12313
2025-05-19 21:27:34 INFO     3000 12313
2025-05-19 21:27:49 INFO     4000 12313
2025-05-19 21:28:04 INFO     5000 12313
2025-05-19 21:28:20 INFO     6000 12313
2025-05-19 21:28:35 INFO     7000 12313
2025-05-19 21:28:50 INFO     8000 12313
2025-05-19 21:29:05 INFO     9000 12313
2025-05-19 21:29:20 INFO     10000 12313
2025-05-19 21:29:35 INFO     11000 12313
2025-05-19 21:29:50 INFO     12000 12313
2025-05-19 21:29:55 INFO     >>>>> Generator: Training
2025-05-19 21:29:55 INFO     -------------------------
2025-05-19 21:29:55 INFO     | EM Iteration: 2/2
2025-05-19 21:29:55 INFO     -------------------------
2025-05-19 21:29:55 INFO     >>>>> Generator: Rule generation with sampling
2025-05-19 21:29:55 INFO     Predictor: read 503 rules from list.
2025-05-19 21:29:55 INFO     Preprocess training set
2025-05-19 21:29:55 INFO     >>>>> Predictor: Training
2025-05-19 21:29:57 INFO     100 12313 8.967274 69384.0
2025-05-19 21:29:58 INFO     200 12313 8.707485 69384.0
2025-05-19 21:30:00 INFO     300 12313 8.532377 69384.0
2025-05-19 21:30:01 INFO     400 12313 8.396497 69384.0
2025-05-19 21:30:03 INFO     500 12313 8.322541 69384.0
2025-05-19 21:30:05 INFO     600 12313 8.199073 69384.0
2025-05-19 21:30:06 INFO     700 12313 8.149961 69384.0
2025-05-19 21:30:08 INFO     800 12313 8.116177 69210.5
2025-05-19 21:30:09 INFO     900 12313 8.065613 69384.0
2025-05-19 21:30:11 INFO     1000 12313 8.087245 69384.0
2025-05-19 21:30:12 INFO     1100 12313 7.986630 68776.9
2025-05-19 21:30:14 INFO     1200 12313 7.937463 69384.0
2025-05-19 21:30:16 INFO     1300 12313 7.949980 69384.0
2025-05-19 21:30:17 INFO     1400 12313 7.899357 69210.5
2025-05-19 21:30:19 INFO     1500 12313 7.963794 69384.0
2025-05-19 21:30:20 INFO     1600 12313 7.834719 69384.0
2025-05-19 21:30:22 INFO     1700 12313 7.790634 69384.0
2025-05-19 21:30:23 INFO     1800 12313 7.875919 69384.0
2025-05-19 21:30:25 INFO     1900 12313 7.783345 69123.8
2025-05-19 21:30:27 INFO     2000 12313 7.740165 69384.0
2025-05-19 21:30:28 INFO     2100 12313 7.737843 69384.0
2025-05-19 21:30:30 INFO     2200 12313 7.734213 69384.0
2025-05-19 21:30:31 INFO     2300 12313 7.799130 68516.7
2025-05-19 21:30:33 INFO     2400 12313 7.669634 68950.4
2025-05-19 21:30:34 INFO     2500 12313 7.731828 69384.0
2025-05-19 21:30:36 INFO     2600 12313 7.739076 69384.0
2025-05-19 21:30:38 INFO     2700 12313 7.739240 69384.0
2025-05-19 21:30:39 INFO     2800 12313 7.644164 69384.0
2025-05-19 21:30:41 INFO     2900 12313 7.654004 69384.0
2025-05-19 21:30:42 INFO     3000 12313 7.667799 69384.0
2025-05-19 21:30:44 INFO     3100 12313 7.606106 69384.0
2025-05-19 21:30:45 INFO     3200 12313 7.595772 69384.0
2025-05-19 21:30:47 INFO     3300 12313 7.672007 69384.0
2025-05-19 21:30:49 INFO     3400 12313 7.585564 69384.0
2025-05-19 21:30:50 INFO     3500 12313 7.554115 69384.0
2025-05-19 21:30:52 INFO     3600 12313 7.598553 68950.4
2025-05-19 21:30:53 INFO     3700 12313 7.615777 69384.0
2025-05-19 21:30:55 INFO     3800 12313 7.532777 69384.0
2025-05-19 21:30:57 INFO     3900 12313 7.506415 69384.0
2025-05-19 21:30:58 INFO     4000 12313 7.568697 69384.0
2025-05-19 21:31:00 INFO     4100 12313 7.557190 69384.0
2025-05-19 21:31:01 INFO     4200 12313 7.507011 69384.0
2025-05-19 21:31:03 INFO     4300 12313 7.477606 69384.0
2025-05-19 21:31:04 INFO     4400 12313 7.554958 69384.0
2025-05-19 21:31:06 INFO     4500 12313 7.567100 69384.0
2025-05-19 21:31:08 INFO     4600 12313 7.562271 69384.0
2025-05-19 21:31:09 INFO     4700 12313 7.540068 69210.5
2025-05-19 21:31:11 INFO     4800 12313 7.502849 69384.0
2025-05-19 21:31:12 INFO     4900 12313 7.416658 69384.0
2025-05-19 21:31:14 INFO     5000 12313 7.452262 69384.0
2025-05-19 21:31:15 INFO     5100 12313 7.410261 69384.0
2025-05-19 21:31:17 INFO     5200 12313 7.479254 69384.0
2025-05-19 21:31:19 INFO     5300 12313 7.452745 69123.8
2025-05-19 21:31:20 INFO     5400 12313 7.448999 69384.0
2025-05-19 21:31:22 INFO     5500 12313 7.448214 69384.0
2025-05-19 21:31:23 INFO     5600 12313 7.525832 69384.0
2025-05-19 21:31:25 INFO     5700 12313 7.368402 69384.0
2025-05-19 21:31:26 INFO     5800 12313 7.394537 69384.0
2025-05-19 21:31:28 INFO     5900 12313 7.532278 69384.0
2025-05-19 21:31:30 INFO     6000 12313 7.407014 69384.0
2025-05-19 21:31:31 INFO     6100 12313 7.373666 69384.0
2025-05-19 21:31:33 INFO     6200 12313 7.428241 69384.0
2025-05-19 21:31:34 INFO     6300 12313 7.455676 69384.0
2025-05-19 21:31:36 INFO     6400 12313 7.385974 69384.0
2025-05-19 21:31:37 INFO     6500 12313 7.393861 69384.0
2025-05-19 21:31:39 INFO     6600 12313 7.516321 69384.0
2025-05-19 21:31:41 INFO     6700 12313 7.416923 69384.0
2025-05-19 21:31:42 INFO     6800 12313 7.375016 69384.0
2025-05-19 21:31:44 INFO     6900 12313 7.472507 69210.5
2025-05-19 21:31:45 INFO     7000 12313 7.405350 69384.0
2025-05-19 21:31:47 INFO     7100 12313 7.392237 69384.0
2025-05-19 21:31:48 INFO     7200 12313 7.431433 69384.0
2025-05-19 21:31:50 INFO     7300 12313 7.382849 69384.0
2025-05-19 21:31:52 INFO     7400 12313 7.411424 69384.0
2025-05-19 21:31:53 INFO     7500 12313 7.348934 69384.0
2025-05-19 21:31:55 INFO     7600 12313 7.370813 69384.0
2025-05-19 21:31:56 INFO     7700 12313 7.403551 69384.0
2025-05-19 21:31:58 INFO     7800 12313 7.450432 69384.0
2025-05-19 21:31:59 INFO     7900 12313 7.351890 69384.0
2025-05-19 21:32:01 INFO     8000 12313 7.401369 69384.0
2025-05-19 21:32:03 INFO     8100 12313 7.300238 69384.0
2025-05-19 21:32:04 INFO     8200 12313 7.342940 68776.9
2025-05-19 21:32:06 INFO     8300 12313 7.424379 69384.0
2025-05-19 21:32:07 INFO     8400 12313 7.390731 69384.0
2025-05-19 21:32:09 INFO     8500 12313 7.366085 68776.9
2025-05-19 21:32:10 INFO     8600 12313 7.381916 69384.0
2025-05-19 21:32:12 INFO     8700 12313 7.397699 69384.0
2025-05-19 21:32:14 INFO     8800 12313 7.424663 69384.0
2025-05-19 21:32:15 INFO     8900 12313 7.275925 69384.0
2025-05-19 21:32:17 INFO     9000 12313 7.303953 69384.0
2025-05-19 21:32:18 INFO     9100 12313 7.356145 69037.1
2025-05-19 21:32:20 INFO     9200 12313 7.345052 69384.0
2025-05-19 21:32:21 INFO     9300 12313 7.376881 69384.0
2025-05-19 21:32:23 INFO     9400 12313 7.345334 69123.8
2025-05-19 21:32:24 INFO     9500 12313 7.425628 69384.0
2025-05-19 21:32:26 INFO     9600 12313 7.368141 69384.0
2025-05-19 21:32:27 INFO     9700 12313 7.370961 69384.0
2025-05-19 21:32:29 INFO     9800 12313 7.236915 69384.0
2025-05-19 21:32:30 INFO     9900 12313 7.353499 69384.0
2025-05-19 21:32:32 INFO     10000 12313 7.302223 69384.0
2025-05-19 21:32:32 INFO     >>>>> Predictor: Evaluating on valid
2025-05-19 21:32:38 INFO     Data : 3823
2025-05-19 21:32:38 INFO     Hit1 : 0.027204
2025-05-19 21:32:38 INFO     Hit3 : 0.060424
2025-05-19 21:32:38 INFO     Hit10: 0.108030
2025-05-19 21:32:38 INFO     MR   : 1194.181533
2025-05-19 21:32:38 INFO     MRR  : 0.056319
2025-05-19 21:32:38 INFO     >>>>> Predictor: Evaluating on test
2025-05-19 21:32:46 INFO     Data : 4402
2025-05-19 21:32:46 INFO     Hit1 : 0.036347
2025-05-19 21:32:46 INFO     Hit3 : 0.064970
2025-05-19 21:32:46 INFO     Hit10: 0.107678
2025-05-19 21:32:46 INFO     MR   : 1199.730918
2025-05-19 21:32:46 INFO     MRR  : 0.062427
2025-05-19 21:32:46 INFO     >>>>> Predictor: Computing H scores of rules
2025-05-19 21:33:01 INFO     1000 12313
2025-05-19 21:33:16 INFO     2000 12313
2025-05-19 21:33:31 INFO     3000 12313
2025-05-19 21:33:47 INFO     4000 12313
2025-05-19 21:34:03 INFO     5000 12313
2025-05-19 21:34:19 INFO     6000 12313
2025-05-19 21:34:35 INFO     7000 12313
2025-05-19 21:34:50 INFO     8000 12313
2025-05-19 21:35:06 INFO     9000 12313
2025-05-19 21:35:22 INFO     10000 12313
2025-05-19 21:35:38 INFO     11000 12313
2025-05-19 21:35:53 INFO     12000 12313
2025-05-19 21:35:58 INFO     >>>>> Generator: Training
2025-05-19 21:35:59 INFO     -------------------------
2025-05-19 21:35:59 INFO     | Post-train Generator
2025-05-19 21:35:59 INFO     -------------------------
2025-05-19 21:35:59 INFO     >>>>> Generator: Training
2025-05-19 21:36:03 INFO     [E1000] Total: 1.313528 | Main: 1.565362 | Aux: 0.848441
2025-05-19 21:36:03 INFO     -------------------------
2025-05-19 21:36:03 INFO     | Beam Search Best Rules
2025-05-19 21:36:03 INFO     -------------------------
2025-05-19 21:36:03 INFO     >>>>> Generator: Rule generation with beam search
2025-05-19 21:36:03 INFO     >>>>> Generator: Rule generation with beam search
2025-05-19 21:36:03 INFO     >>>>> Generator: Rule generation with beam search
2025-05-19 21:36:04 INFO     >>>>> Generator: Rule generation with beam search
2025-05-19 21:36:05 INFO     >>>>> Generator: Rule generation with beam search
2025-05-19 21:36:06 INFO     -------------------------
2025-05-19 21:36:06 INFO     | Train Final Predictor+
2025-05-19 21:36:06 INFO     -------------------------
2025-05-19 21:36:07 INFO     Predictor+: read 3220 rules from list.
2025-05-19 21:36:07 INFO     Preprocess training set
2025-05-19 21:36:07 INFO     -------------------------
2025-05-19 21:36:07 INFO     | Iteration: 1/1
2025-05-19 21:36:07 INFO     -------------------------
2025-05-19 21:36:07 INFO     >>>>> Predictor: Training
2025-05-19 21:36:13 INFO     100 12313 5.524531 69384.0
2025-05-19 21:36:19 INFO     200 12313 4.820813 69384.0
2025-05-19 21:36:26 INFO     300 12313 4.615809 69384.0
2025-05-19 21:36:32 INFO     400 12313 4.716132 69384.0
2025-05-19 21:36:38 INFO     500 12313 4.639477 69384.0
2025-05-19 21:36:45 INFO     600 12313 4.496601 69384.0
2025-05-19 21:36:51 INFO     700 12313 4.568737 69384.0
2025-05-19 21:36:57 INFO     800 12313 4.565938 69384.0
2025-05-19 21:37:04 INFO     900 12313 4.595546 69384.0
2025-05-19 21:37:10 INFO     1000 12313 4.574793 69384.0
2025-05-19 21:37:16 INFO     1100 12313 4.521278 69384.0
2025-05-19 21:37:23 INFO     1200 12313 4.554796 69384.0
2025-05-19 21:37:29 INFO     1300 12313 4.567000 69384.0
2025-05-19 21:37:35 INFO     1400 12313 4.565452 69384.0
2025-05-19 21:37:42 INFO     1500 12313 4.499195 69384.0
2025-05-19 21:37:48 INFO     1600 12313 4.577966 69384.0
2025-05-19 21:37:55 INFO     1700 12313 4.515914 69384.0
2025-05-19 21:38:01 INFO     1800 12313 4.624995 69384.0
2025-05-19 21:38:07 INFO     1900 12313 4.564232 69384.0
2025-05-19 21:38:14 INFO     2000 12313 4.550071 69384.0
2025-05-19 21:38:20 INFO     2100 12313 4.506992 69384.0
2025-05-19 21:38:26 INFO     2200 12313 4.572521 68863.6
2025-05-19 21:38:32 INFO     2300 12313 4.550420 69384.0
2025-05-19 21:38:39 INFO     2400 12313 4.473143 69210.5
2025-05-19 21:38:45 INFO     2500 12313 4.617812 69384.0
2025-05-19 21:38:51 INFO     2600 12313 4.629734 69384.0
2025-05-19 21:38:58 INFO     2700 12313 4.481205 68776.9
2025-05-19 21:39:04 INFO     2800 12313 4.479673 69384.0
2025-05-19 21:39:10 INFO     2900 12313 4.561008 69384.0
2025-05-19 21:39:17 INFO     3000 12313 4.412603 69384.0
2025-05-19 21:39:23 INFO     3100 12313 4.491594 69384.0
2025-05-19 21:39:29 INFO     3200 12313 4.495469 69384.0
2025-05-19 21:39:35 INFO     3300 12313 4.485031 68776.9
2025-05-19 21:39:42 INFO     3400 12313 4.484795 69384.0
2025-05-19 21:39:48 INFO     3500 12313 4.598721 69384.0
2025-05-19 21:39:55 INFO     3600 12313 4.515179 69384.0
2025-05-19 21:40:01 INFO     3700 12313 4.452420 69384.0
2025-05-19 21:40:08 INFO     3800 12313 4.467386 69384.0
2025-05-19 21:40:14 INFO     3900 12313 4.543719 69384.0
2025-05-19 21:40:20 INFO     4000 12313 4.487255 69384.0
2025-05-19 21:40:26 INFO     4100 12313 4.543219 69384.0
2025-05-19 21:40:33 INFO     4200 12313 4.540598 69384.0
2025-05-19 21:40:39 INFO     4300 12313 4.475783 69384.0
2025-05-19 21:40:45 INFO     4400 12313 4.497822 69384.0
2025-05-19 21:40:52 INFO     4500 12313 4.593254 69384.0
2025-05-19 21:40:58 INFO     4600 12313 4.458225 69384.0
2025-05-19 21:41:05 INFO     4700 12313 4.450753 69384.0
2025-05-19 21:41:11 INFO     4800 12313 4.502655 69384.0
2025-05-19 21:41:18 INFO     4900 12313 4.533713 69384.0
2025-05-19 21:41:24 INFO     5000 12313 4.466037 69384.0
2025-05-19 21:41:30 INFO     5100 12313 4.548451 69384.0
2025-05-19 21:41:37 INFO     5200 12313 4.554095 69384.0
2025-05-19 21:41:43 INFO     5300 12313 4.505123 69384.0
2025-05-19 21:41:50 INFO     5400 12313 4.522633 69384.0
2025-05-19 21:41:56 INFO     5500 12313 4.476686 68950.4
2025-05-19 21:42:03 INFO     5600 12313 4.549446 69384.0
2025-05-19 21:42:09 INFO     5700 12313 4.517860 69384.0
2025-05-19 21:42:16 INFO     5800 12313 4.503084 69384.0
2025-05-19 21:42:22 INFO     5900 12313 4.491139 69210.5
2025-05-19 21:42:28 INFO     6000 12313 4.532373 69384.0
2025-05-19 21:42:35 INFO     6100 12313 4.518567 69384.0
2025-05-19 21:42:41 INFO     6200 12313 4.592969 69210.5
2025-05-19 21:42:48 INFO     6300 12313 4.420336 69384.0
2025-05-19 21:42:54 INFO     6400 12313 4.437182 69384.0
2025-05-19 21:43:01 INFO     6500 12313 4.505607 69384.0
2025-05-19 21:43:07 INFO     6600 12313 4.556968 69384.0
2025-05-19 21:43:13 INFO     6700 12313 4.494668 69384.0
2025-05-19 21:43:20 INFO     6800 12313 4.429420 69384.0
2025-05-19 21:43:26 INFO     6900 12313 4.522965 69384.0
2025-05-19 21:43:33 INFO     7000 12313 4.450504 69384.0
2025-05-19 21:43:39 INFO     7100 12313 4.460567 69384.0
2025-05-19 21:43:46 INFO     7200 12313 4.495242 69384.0
2025-05-19 21:43:52 INFO     7300 12313 4.523099 69123.8
2025-05-19 21:43:58 INFO     7400 12313 4.543358 69384.0
2025-05-19 21:44:05 INFO     7500 12313 4.490041 69384.0
2025-05-19 21:44:11 INFO     7600 12313 4.528165 69123.8
2025-05-19 21:44:17 INFO     7700 12313 4.497138 69384.0
2025-05-19 21:44:23 INFO     7800 12313 4.497148 69384.0
2025-05-19 21:44:29 INFO     7900 12313 4.450933 69384.0
2025-05-19 21:44:36 INFO     8000 12313 4.547702 69384.0
2025-05-19 21:44:42 INFO     8100 12313 4.439251 69384.0
2025-05-19 21:44:48 INFO     8200 12313 4.452184 69384.0
2025-05-19 21:44:54 INFO     8300 12313 4.522368 69384.0
2025-05-19 21:45:01 INFO     8400 12313 4.492225 69384.0
2025-05-19 21:45:07 INFO     8500 12313 4.526116 69384.0
2025-05-19 21:45:13 INFO     8600 12313 4.395594 69384.0
2025-05-19 21:45:20 INFO     8700 12313 4.358565 69384.0
2025-05-19 21:45:26 INFO     8800 12313 4.577695 69384.0
2025-05-19 21:45:32 INFO     8900 12313 4.508512 69384.0
2025-05-19 21:45:38 INFO     9000 12313 4.505103 69384.0
2025-05-19 21:45:45 INFO     9100 12313 4.477824 69210.5
2025-05-19 21:45:51 INFO     9200 12313 4.548610 69384.0
2025-05-19 21:45:57 INFO     9300 12313 4.461704 69384.0
2025-05-19 21:46:03 INFO     9400 12313 4.454634 68950.4
2025-05-19 21:46:10 INFO     9500 12313 4.395198 69384.0
2025-05-19 21:46:16 INFO     9600 12313 4.448184 68776.9
2025-05-19 21:46:22 INFO     9700 12313 4.532941 69384.0
2025-05-19 21:46:28 INFO     9800 12313 4.505950 69037.1
2025-05-19 21:46:35 INFO     9900 12313 4.547837 69384.0
2025-05-19 21:46:41 INFO     10000 12313 4.467571 69384.0
2025-05-19 21:46:41 INFO     >>>>> Predictor: Evaluating on valid
2025-05-19 21:47:06 INFO     Data : 3823
2025-05-19 21:47:06 INFO     Hit1 : 0.068009
2025-05-19 21:47:06 INFO     Hit3 : 0.141773
2025-05-19 21:47:06 INFO     Hit10: 0.270207
2025-05-19 21:47:06 INFO     MR   : 779.994115
2025-05-19 21:47:06 INFO     MRR  : 0.132395
2025-05-19 21:47:06 INFO     >>>>> Predictor: Evaluating on test
2025-05-19 21:47:36 INFO     Data : 4402
2025-05-19 21:47:36 INFO     Hit1 : 0.104044
2025-05-19 21:47:36 INFO     Hit3 : 0.172194
2025-05-19 21:47:36 INFO     Hit10: 0.287824
2025-05-19 21:47:36 INFO     MR   : 779.170831
2025-05-19 21:47:36 INFO     MRR  : 0.163014
2025-05-19 21:47:36 INFO     Save checkpoint to results/semmeddb/multitask/md/adaptive/predictor.pt
2025-05-19 21:47:36 INFO     -------------------------
2025-05-19 21:47:36 INFO     | Final Test MRR: 0.163014
2025-05-19 21:47:36 INFO     -------------------------
