2025-07-18 20:19:58 INFO     is_soft_label: False
2025-07-18 20:19:58 INFO     is_scheduled_sampling: False
2025-07-18 20:19:58 INFO     is_test_mode: False
2025-07-18 20:19:59 INFO     Data loading | DONE!
2025-07-18 20:19:59 INFO     Using full datasets for training, validation, and testing.
2025-07-18 20:19:59 INFO     -------------------------
2025-07-18 20:19:59 INFO     | EM Iteration: 1/5
2025-07-18 20:19:59 INFO     -------------------------
2025-07-18 20:19:59 INFO     >>>>> Using miner's rule
2025-07-18 20:19:59 INFO     Predictor: read 13661 rules from list.
2025-07-18 20:20:00 INFO     Preprocess training set
2025-07-18 20:20:00 INFO     >>>>> Predictor: Evaluating on valid
2025-07-18 20:23:29 INFO     Data : 2077
2025-07-18 20:23:29 INFO     Hit1 : 0.065479
2025-07-18 20:23:29 INFO     Hit3 : 0.127106
2025-07-18 20:23:29 INFO     Hit10: 0.199326
2025-07-18 20:23:29 INFO     MR   : 1120.902022
2025-07-18 20:23:29 INFO     MRR  : 0.114382
2025-07-18 20:23:29 INFO     >>>>> Predictor: Evaluating on test
2025-07-18 20:27:20 INFO     Data : 2342
2025-07-18 20:27:20 INFO     Hit1 : 0.078992
2025-07-18 20:27:20 INFO     Hit3 : 0.124253
2025-07-18 20:27:20 INFO     Hit10: 0.208796
2025-07-18 20:27:20 INFO     MR   : 1044.269001
2025-07-18 20:27:20 INFO     MRR  : 0.122250
2025-07-18 20:27:20 INFO     >>>>> Predictor: Computing H scores of rules
2025-07-18 21:25:18 INFO     1000 5959
2025-07-18 22:14:26 INFO     2000 5959
2025-07-18 23:15:30 INFO     3000 5959
2025-07-19 00:04:57 INFO     4000 5959
2025-07-19 00:51:33 INFO     5000 5959
2025-07-19 01:38:59 INFO     >>>>> Generator: Training
2025-07-19 01:39:04 INFO     -------------------------
2025-07-19 01:39:04 INFO     | EM Iteration: 2/5
2025-07-19 01:39:04 INFO     -------------------------
2025-07-19 01:39:04 INFO     >>>>> Using Generator's sample rule
2025-07-19 01:39:04 INFO     >>>>> Generator: Rule generation with sampling
2025-07-19 01:39:04 INFO     Predictor: read 1900 rules from list.
2025-07-19 01:39:04 INFO     Preprocess training set
2025-07-19 01:39:04 INFO     >>>>> Predictor: Training
2025-07-19 01:40:35 INFO     1000 5959 8.795817 69314.6
2025-07-19 01:42:06 INFO     2000 5959 8.424737 69271.3
2025-07-19 01:43:36 INFO     3000 5959 8.224691 69245.2
2025-07-19 01:45:07 INFO     4000 5959 8.063707 69340.6
2025-07-19 01:46:47 INFO     5000 5959 7.904356 69340.6
2025-07-19 01:48:16 INFO     >>>>> Predictor: Evaluating on valid
2025-07-19 01:48:32 INFO     Data : 2077
2025-07-19 01:48:32 INFO     Hit1 : 0.015407
2025-07-19 01:48:32 INFO     Hit3 : 0.023592
2025-07-19 01:48:32 INFO     Hit10: 0.035147
2025-07-19 01:48:32 INFO     MR   : 1478.241454
2025-07-19 01:48:32 INFO     MRR  : 0.025902
2025-07-19 01:48:32 INFO     >>>>> Predictor: Evaluating on test
2025-07-19 01:48:50 INFO     Data : 2342
2025-07-19 01:48:50 INFO     Hit1 : 0.011529
2025-07-19 01:48:50 INFO     Hit3 : 0.017933
2025-07-19 01:48:50 INFO     Hit10: 0.029462
2025-07-19 01:48:50 INFO     MR   : 1374.103544
2025-07-19 01:48:50 INFO     MRR  : 0.021287
2025-07-19 01:48:50 INFO     >>>>> Predictor: Computing H scores of rules
2025-07-19 01:52:34 INFO     1000 5959
2025-07-19 01:56:18 INFO     2000 5959
2025-07-19 02:00:07 INFO     3000 5959
2025-07-19 02:03:58 INFO     4000 5959
2025-07-19 02:07:50 INFO     5000 5959
2025-07-19 02:11:36 INFO     >>>>> Generator: Training
2025-07-19 02:11:41 INFO     -------------------------
2025-07-19 02:11:41 INFO     | EM Iteration: 3/5
2025-07-19 02:11:41 INFO     -------------------------
2025-07-19 02:11:41 INFO     >>>>> Using Generator's sample rule
2025-07-19 02:11:41 INFO     >>>>> Generator: Rule generation with sampling
2025-07-19 02:11:41 INFO     Predictor: read 1916 rules from list.
2025-07-19 02:11:41 INFO     Preprocess training set
2025-07-19 02:11:41 INFO     >>>>> Predictor: Training
2025-07-19 02:13:28 INFO     1000 5959 8.820295 69332.0
2025-07-19 02:15:16 INFO     2000 5959 8.500766 69349.3
2025-07-19 02:17:04 INFO     3000 5959 8.308992 69184.5
2025-07-19 02:18:44 INFO     4000 5959 8.174524 69253.9
2025-07-19 02:20:25 INFO     5000 5959 8.100267 69332.0
2025-07-19 02:22:17 INFO     >>>>> Predictor: Evaluating on valid
2025-07-19 02:22:39 INFO     Data : 2077
2025-07-19 02:22:39 INFO     Hit1 : 0.009148
2025-07-19 02:22:39 INFO     Hit3 : 0.018777
2025-07-19 02:22:39 INFO     Hit10: 0.034184
2025-07-19 02:22:39 INFO     MR   : 1482.585941
2025-07-19 02:22:39 INFO     MRR  : 0.021228
2025-07-19 02:22:39 INFO     >>>>> Predictor: Evaluating on test
2025-07-19 02:23:00 INFO     Data : 2342
2025-07-19 02:23:00 INFO     Hit1 : 0.008113
2025-07-19 02:23:00 INFO     Hit3 : 0.013664
2025-07-19 02:23:00 INFO     Hit10: 0.027754
2025-07-19 02:23:00 INFO     MR   : 1378.045901
2025-07-19 02:23:00 INFO     MRR  : 0.018118
2025-07-19 02:23:00 INFO     >>>>> Predictor: Computing H scores of rules
2025-07-19 02:26:57 INFO     1000 5959
2025-07-19 02:31:44 INFO     2000 5959
2025-07-19 02:36:51 INFO     3000 5959
2025-07-19 02:41:57 INFO     4000 5959
2025-07-19 02:47:04 INFO     5000 5959
2025-07-19 02:52:00 INFO     >>>>> Generator: Training
2025-07-19 02:52:06 INFO     -------------------------
2025-07-19 02:52:06 INFO     | EM Iteration: 4/5
2025-07-19 02:52:06 INFO     -------------------------
2025-07-19 02:52:06 INFO     >>>>> Using Generator's sample rule
2025-07-19 02:52:06 INFO     >>>>> Generator: Rule generation with sampling
2025-07-19 02:52:06 INFO     Predictor: read 1951 rules from list.
2025-07-19 02:52:06 INFO     Preprocess training set
2025-07-19 02:52:06 INFO     >>>>> Predictor: Training
2025-07-19 02:53:52 INFO     1000 5959 8.809383 69271.3
2025-07-19 02:55:31 INFO     2000 5959 8.460698 69340.6
2025-07-19 02:57:06 INFO     3000 5959 8.235963 69384.0
2025-07-19 02:58:42 INFO     4000 5959 8.096743 69262.6
2025-07-19 03:00:17 INFO     5000 5959 7.972658 69332.0
2025-07-19 03:01:49 INFO     >>>>> Predictor: Evaluating on valid
2025-07-19 03:02:11 INFO     Data : 2077
2025-07-19 03:02:11 INFO     Hit1 : 0.019259
2025-07-19 03:02:11 INFO     Hit3 : 0.035628
2025-07-19 03:02:11 INFO     Hit10: 0.055368
2025-07-19 03:02:11 INFO     MR   : 1457.752528
2025-07-19 03:02:11 INFO     MRR  : 0.035361
2025-07-19 03:02:11 INFO     >>>>> Predictor: Evaluating on test
2025-07-19 03:02:34 INFO     Data : 2342
2025-07-19 03:02:34 INFO     Hit1 : 0.022630
2025-07-19 03:02:34 INFO     Hit3 : 0.039710
2025-07-19 03:02:34 INFO     Hit10: 0.054654
2025-07-19 03:02:34 INFO     MR   : 1353.478437
2025-07-19 03:02:34 INFO     MRR  : 0.037821
2025-07-19 03:02:34 INFO     >>>>> Predictor: Computing H scores of rules
2025-07-19 03:06:32 INFO     1000 5959
2025-07-19 03:10:30 INFO     2000 5959
2025-07-19 03:14:17 INFO     3000 5959
2025-07-19 03:18:06 INFO     4000 5959
2025-07-19 03:21:55 INFO     5000 5959
2025-07-19 03:25:36 INFO     >>>>> Generator: Training
2025-07-19 03:25:41 INFO     -------------------------
2025-07-19 03:25:41 INFO     | EM Iteration: 5/5
2025-07-19 03:25:41 INFO     -------------------------
2025-07-19 03:25:41 INFO     >>>>> Using Generator's sample rule
2025-07-19 03:25:41 INFO     >>>>> Generator: Rule generation with sampling
2025-07-19 03:25:41 INFO     Predictor: read 1967 rules from list.
2025-07-19 03:25:41 INFO     Preprocess training set
2025-07-19 03:25:41 INFO     >>>>> Predictor: Training
2025-07-19 03:27:41 INFO     1000 5959 8.817447 69332.0
2025-07-19 03:29:42 INFO     2000 5959 8.470280 69349.3
2025-07-19 03:31:27 INFO     3000 5959 8.261555 69340.6
2025-07-19 03:33:04 INFO     4000 5959 8.134668 69297.3
2025-07-19 03:34:42 INFO     5000 5959 8.048097 69219.2
2025-07-19 03:36:38 INFO     >>>>> Predictor: Evaluating on valid
2025-07-19 03:37:01 INFO     Data : 2077
2025-07-19 03:37:01 INFO     Hit1 : 0.006740
2025-07-19 03:37:01 INFO     Hit3 : 0.017333
2025-07-19 03:37:01 INFO     Hit10: 0.041406
2025-07-19 03:37:01 INFO     MR   : 1513.288878
2025-07-19 03:37:01 INFO     MRR  : 0.020570
2025-07-19 03:37:01 INFO     >>>>> Predictor: Evaluating on test
2025-07-19 03:37:21 INFO     Data : 2342
2025-07-19 03:37:21 INFO     Hit1 : 0.004270
2025-07-19 03:37:21 INFO     Hit3 : 0.012810
2025-07-19 03:37:21 INFO     Hit10: 0.030316
2025-07-19 03:37:21 INFO     MR   : 1389.672289
2025-07-19 03:37:21 INFO     MRR  : 0.016151
2025-07-19 03:37:21 INFO     >>>>> Predictor: Computing H scores of rules
2025-07-19 03:41:14 INFO     1000 5959
2025-07-19 03:45:06 INFO     2000 5959
2025-07-19 03:48:57 INFO     3000 5959
2025-07-19 03:52:48 INFO     4000 5959
2025-07-19 03:56:40 INFO     5000 5959
2025-07-19 04:00:24 INFO     >>>>> Generator: Training
2025-07-19 04:00:30 INFO     -------------------------
2025-07-19 04:00:30 INFO     | Post-train Generator
2025-07-19 04:00:30 INFO     -------------------------
2025-07-19 04:00:31 INFO     >>>>> Generator: Training
2025-07-19 04:01:25 INFO     [E01000] Total 3.589713 | Main 3.215151 | EntType 3.151969
2025-07-19 04:01:25 INFO     -------------------------
2025-07-19 04:01:25 INFO     | Beam Search Best Rules
2025-07-19 04:01:25 INFO     -------------------------
2025-07-19 04:01:25 INFO     >>>>> Generator: Rule generation with beam search
2025-07-19 04:01:26 INFO     >>>>> Generator: Rule generation with beam search
2025-07-19 04:01:32 INFO     >>>>> Generator: Rule generation with beam search
2025-07-19 04:03:06 INFO     >>>>> Generator: Rule generation with beam search
2025-07-19 04:04:25 INFO     >>>>> Generator: Rule generation with beam search
2025-07-19 04:05:20 INFO     -------------------------
2025-07-19 04:05:20 INFO     | Train Final Predictor+
2025-07-19 04:05:20 INFO     -------------------------
2025-07-19 04:05:20 INFO     Predictor+: read 18420 rules from list.
2025-07-19 04:05:20 INFO     Preprocess training set
2025-07-19 04:05:20 INFO     -------------------------
2025-07-19 04:05:20 INFO     | Iteration: 1/5
2025-07-19 04:05:20 INFO     -------------------------
2025-07-19 04:05:20 INFO     >>>>> Predictor: Training
2025-07-19 04:12:44 INFO     1000 5959 4.896624 69271.3
2025-07-19 04:20:10 INFO     2000 5959 4.725912 69332.0
2025-07-19 04:27:32 INFO     3000 5959 4.706801 69375.3
2025-07-19 04:34:53 INFO     4000 5959 4.709497 69279.9
2025-07-19 04:42:12 INFO     5000 5959 4.680101 69349.3
2025-07-19 04:49:14 INFO     >>>>> Predictor: Evaluating on valid
2025-07-19 04:51:02 INFO     Data : 2077
2025-07-19 04:51:02 INFO     Hit1 : 0.104959
2025-07-19 04:51:02 INFO     Hit3 : 0.185845
2025-07-19 04:51:02 INFO     Hit10: 0.317285
2025-07-19 04:51:02 INFO     MR   : 980.817525
2025-07-19 04:51:02 INFO     MRR  : 0.171635
2025-07-19 04:51:02 INFO     >>>>> Predictor: Evaluating on test
2025-07-19 04:53:05 INFO     Data : 2342
2025-07-19 04:53:05 INFO     Hit1 : 0.131512
2025-07-19 04:53:05 INFO     Hit3 : 0.207088
2025-07-19 04:53:05 INFO     Hit10: 0.317677
2025-07-19 04:53:05 INFO     MR   : 918.821520
2025-07-19 04:53:05 INFO     MRR  : 0.191438
2025-07-19 04:53:05 INFO     Save checkpoint to results/semmeddb/10_times_each/aux2/1_20250718_201956/predictor.pt
2025-07-19 04:53:05 INFO     -------------------------
2025-07-19 04:53:05 INFO     | Iteration: 2/5
2025-07-19 04:53:05 INFO     -------------------------
2025-07-19 04:53:05 INFO     >>>>> Predictor: Training
2025-07-19 05:00:25 INFO     1000 5959 4.603444 69366.7
2025-07-19 05:07:45 INFO     2000 5959 4.651981 69375.3
2025-07-19 05:15:05 INFO     3000 5959 4.639397 69219.2
2025-07-19 05:22:26 INFO     4000 5959 4.650158 69305.9
2025-07-19 05:29:53 INFO     5000 5959 4.619359 69288.6
2025-07-19 05:38:07 INFO     >>>>> Predictor: Evaluating on valid
2025-07-19 05:40:35 INFO     Data : 2077
2025-07-19 05:40:35 INFO     Hit1 : 0.093885
2025-07-19 05:40:35 INFO     Hit3 : 0.182956
2025-07-19 05:40:35 INFO     Hit10: 0.311026
2025-07-19 05:40:35 INFO     MR   : 944.487963
2025-07-19 05:40:35 INFO     MRR  : 0.164021
2025-07-19 05:40:35 INFO     >>>>> Predictor: Evaluating on test
2025-07-19 05:43:15 INFO     Data : 2342
2025-07-19 05:43:15 INFO     Hit1 : 0.128096
2025-07-19 05:43:15 INFO     Hit3 : 0.204099
2025-07-19 05:43:15 INFO     Hit10: 0.316396
2025-07-19 05:43:15 INFO     MR   : 879.248292
2025-07-19 05:43:15 INFO     MRR  : 0.189498
2025-07-19 05:43:15 INFO     -------------------------
2025-07-19 05:43:15 INFO     | Iteration: 3/5
2025-07-19 05:43:15 INFO     -------------------------
2025-07-19 05:43:15 INFO     >>>>> Predictor: Training
2025-07-19 05:50:34 INFO     1000 5959 4.615905 69288.6
2025-07-19 05:58:16 INFO     2000 5959 4.618441 69288.6
2025-07-19 06:06:00 INFO     3000 5959 4.608310 69340.6
2025-07-19 06:13:46 INFO     4000 5959 4.615755 69271.3
2025-07-19 06:21:13 INFO     5000 5959 4.638624 69219.2
2025-07-19 06:28:34 INFO     >>>>> Predictor: Evaluating on valid
2025-07-19 06:30:29 INFO     Data : 2077
2025-07-19 06:30:29 INFO     Hit1 : 0.094367
2025-07-19 06:30:29 INFO     Hit3 : 0.179586
2025-07-19 06:30:29 INFO     Hit10: 0.304285
2025-07-19 06:30:29 INFO     MR   : 932.349543
2025-07-19 06:30:29 INFO     MRR  : 0.163061
2025-07-19 06:30:29 INFO     >>>>> Predictor: Evaluating on test
2025-07-19 06:32:38 INFO     Data : 2342
2025-07-19 06:32:38 INFO     Hit1 : 0.119556
2025-07-19 06:32:38 INFO     Hit3 : 0.198548
2025-07-19 06:32:38 INFO     Hit10: 0.314261
2025-07-19 06:32:38 INFO     MR   : 861.620410
2025-07-19 06:32:38 INFO     MRR  : 0.183648
2025-07-19 06:32:38 INFO     -------------------------
2025-07-19 06:32:38 INFO     | Iteration: 4/5
2025-07-19 06:32:38 INFO     -------------------------
2025-07-19 06:32:38 INFO     >>>>> Predictor: Training
2025-07-19 06:40:05 INFO     1000 5959 4.594420 69340.6
2025-07-19 06:47:52 INFO     2000 5959 4.561857 69184.5
2025-07-19 06:55:16 INFO     3000 5959 4.623487 69253.9
2025-07-19 07:02:40 INFO     4000 5959 4.601495 69340.6
2025-07-19 07:10:05 INFO     5000 5959 4.598047 69384.0
2025-07-19 07:17:13 INFO     >>>>> Predictor: Evaluating on valid
2025-07-19 07:19:02 INFO     Data : 2077
2025-07-19 07:19:02 INFO     Hit1 : 0.101589
2025-07-19 07:19:02 INFO     Hit3 : 0.188252
2025-07-19 07:19:02 INFO     Hit10: 0.315840
2025-07-19 07:19:02 INFO     MR   : 924.483390
2025-07-19 07:19:02 INFO     MRR  : 0.168707
2025-07-19 07:19:02 INFO     >>>>> Predictor: Evaluating on test
2025-07-19 07:21:05 INFO     Data : 2342
2025-07-19 07:21:05 INFO     Hit1 : 0.126388
2025-07-19 07:21:05 INFO     Hit3 : 0.207942
2025-07-19 07:21:05 INFO     Hit10: 0.318104
2025-07-19 07:21:05 INFO     MR   : 856.295260
2025-07-19 07:21:05 INFO     MRR  : 0.190208
2025-07-19 07:21:05 INFO     -------------------------
2025-07-19 07:21:05 INFO     | Iteration: 5/5
2025-07-19 07:21:05 INFO     -------------------------
2025-07-19 07:21:05 INFO     >>>>> Predictor: Training
2025-07-19 07:28:37 INFO     1000 5959 4.604886 69323.3
2025-07-19 07:36:13 INFO     2000 5959 4.585153 69332.0
2025-07-19 07:44:08 INFO     3000 5959 4.615349 69219.2
2025-07-19 07:51:37 INFO     4000 5959 4.609455 69297.3
2025-07-19 07:59:01 INFO     5000 5959 4.575514 69332.0
2025-07-19 08:06:35 INFO     >>>>> Predictor: Evaluating on valid
2025-07-19 08:08:35 INFO     Data : 2077
2025-07-19 08:08:35 INFO     Hit1 : 0.093885
2025-07-19 08:08:35 INFO     Hit3 : 0.179104
2025-07-19 08:08:35 INFO     Hit10: 0.311507
2025-07-19 08:08:35 INFO     MR   : 916.541165
2025-07-19 08:08:35 INFO     MRR  : 0.164339
2025-07-19 08:08:35 INFO     >>>>> Predictor: Evaluating on test
2025-07-19 08:10:36 INFO     Data : 2342
2025-07-19 08:10:36 INFO     Hit1 : 0.128096
2025-07-19 08:10:36 INFO     Hit3 : 0.212212
2025-07-19 08:10:36 INFO     Hit10: 0.315542
2025-07-19 08:10:36 INFO     MR   : 849.273057
2025-07-19 08:10:36 INFO     MRR  : 0.191894
2025-07-19 08:10:36 INFO     -------------------------
2025-07-19 08:10:36 INFO     | Final Test MRR: 0.191438
2025-07-19 08:10:36 INFO     -------------------------
