2025-05-26 07:37:56 INFO     -------------------------
2025-05-26 07:37:56 INFO     | Pre-train Generator
2025-05-26 07:37:56 INFO     -------------------------
2025-05-26 07:37:56 INFO     >>>>> Generator: Training
2025-05-26 07:38:01 INFO     [E1000] Total: 1.628161 | Main: 1.664273 | Aux: 0.929266
2025-05-26 07:38:05 INFO     [E2000] Total: 1.541386 | Main: 1.574871 | Aux: 0.905169
2025-05-26 07:38:09 INFO     [E3000] Total: 1.529653 | Main: 1.562645 | Aux: 0.902805
2025-05-26 07:38:13 INFO     [E4000] Total: 1.520871 | Main: 1.553458 | Aux: 0.901711
2025-05-26 07:38:17 INFO     [E5000] Total: 1.519141 | Main: 1.551679 | Aux: 0.900905
2025-05-26 07:38:21 INFO     [E6000] Total: 1.515407 | Main: 1.547762 | Aux: 0.900672
2025-05-26 07:38:25 INFO     [E7000] Total: 1.510465 | Main: 1.542596 | Aux: 0.899980
2025-05-26 07:38:29 INFO     [E8000] Total: 1.512317 | Main: 1.544544 | Aux: 0.899999
2025-05-26 07:38:33 INFO     [E9000] Total: 1.510783 | Main: 1.542934 | Aux: 0.899911
2025-05-26 07:38:37 INFO     [E10000] Total: 1.507211 | Main: 1.539195 | Aux: 0.899517
2025-05-26 07:38:37 INFO     -------------------------
2025-05-26 07:38:37 INFO     | EM Iteration: 1/5
2025-05-26 07:38:37 INFO     -------------------------
2025-05-26 07:38:37 INFO     >>>>> Generator: Rule generation with sampling
2025-05-26 07:38:37 INFO     Predictor: read 1263 rules from list.
2025-05-26 07:38:37 INFO     Preprocess training set
2025-05-26 07:38:37 INFO     >>>>> Predictor: Training
2025-05-26 07:39:13 INFO     1000 12313 8.218021 69358.0
2025-05-26 07:39:50 INFO     2000 12313 7.783214 69332.0
2025-05-26 07:40:26 INFO     3000 12313 7.560842 69384.0
2025-05-26 07:41:03 INFO     4000 12313 7.446708 69279.9
2025-05-26 07:41:39 INFO     5000 12313 7.331482 69332.0
2025-05-26 07:42:16 INFO     6000 12313 7.243686 69384.0
2025-05-26 07:42:52 INFO     7000 12313 7.164571 69297.3
2025-05-26 07:43:29 INFO     8000 12313 7.141493 69323.3
2025-05-26 07:44:05 INFO     9000 12313 7.082779 69358.0
2025-05-26 07:44:41 INFO     10000 12313 7.064447 69332.0
2025-05-26 07:45:18 INFO     11000 12313 7.019650 69366.7
2025-05-26 07:45:54 INFO     12000 12313 6.994194 69279.9
2025-05-26 07:46:05 INFO     >>>>> Predictor: Evaluating on valid
2025-05-26 07:46:21 INFO     Data : 3823
2025-05-26 07:46:21 INFO     Hit1 : 0.030081
2025-05-26 07:46:21 INFO     Hit3 : 0.057808
2025-05-26 07:46:21 INFO     Hit10: 0.114308
2025-05-26 07:46:21 INFO     MR   : 1150.262098
2025-05-26 07:46:21 INFO     MRR  : 0.058290
2025-05-26 07:46:21 INFO     >>>>> Predictor: Evaluating on test
2025-05-26 07:46:39 INFO     Data : 4402
2025-05-26 07:46:39 INFO     Hit1 : 0.037029
2025-05-26 07:46:39 INFO     Hit3 : 0.067697
2025-05-26 07:46:39 INFO     Hit10: 0.112449
2025-05-26 07:46:39 INFO     MR   : 1145.998069
2025-05-26 07:46:39 INFO     MRR  : 0.064339
2025-05-26 07:46:39 INFO     >>>>> Predictor: Computing H scores of rules
2025-05-26 07:47:17 INFO     1000 12313
2025-05-26 07:47:56 INFO     2000 12313
2025-05-26 07:48:34 INFO     3000 12313
2025-05-26 07:49:12 INFO     4000 12313
2025-05-26 07:49:51 INFO     5000 12313
2025-05-26 07:50:29 INFO     6000 12313
2025-05-26 07:51:08 INFO     7000 12313
2025-05-26 07:51:46 INFO     8000 12313
2025-05-26 07:52:24 INFO     9000 12313
2025-05-26 07:53:03 INFO     10000 12313
2025-05-26 07:53:41 INFO     11000 12313
2025-05-26 07:54:19 INFO     12000 12313
2025-05-26 07:54:31 INFO     >>>>> Generator: Training
2025-05-26 07:54:31 INFO     -------------------------
2025-05-26 07:54:31 INFO     | EM Iteration: 2/5
2025-05-26 07:54:31 INFO     -------------------------
2025-05-26 07:54:31 INFO     >>>>> Generator: Rule generation with sampling
2025-05-26 07:54:31 INFO     Predictor: read 1366 rules from list.
2025-05-26 07:54:31 INFO     Preprocess training set
2025-05-26 07:54:31 INFO     >>>>> Predictor: Training
2025-05-26 07:55:10 INFO     1000 12313 8.244000 69366.7
2025-05-26 07:55:50 INFO     2000 12313 7.766116 69279.9
2025-05-26 07:56:30 INFO     3000 12313 7.592443 69253.9
2025-05-26 07:57:10 INFO     4000 12313 7.444085 69340.6
2025-05-26 07:57:49 INFO     5000 12313 7.362819 69366.7
2025-05-26 07:58:29 INFO     6000 12313 7.274662 69358.0
2025-05-26 07:59:08 INFO     7000 12313 7.237663 69366.7
2025-05-26 07:59:48 INFO     8000 12313 7.224074 69384.0
2025-05-26 08:00:27 INFO     9000 12313 7.179627 69262.6
2025-05-26 08:01:07 INFO     10000 12313 7.152129 69323.3
2025-05-26 08:01:46 INFO     11000 12313 7.127802 69366.7
2025-05-26 08:02:26 INFO     12000 12313 7.114870 69332.0
2025-05-26 08:02:39 INFO     >>>>> Predictor: Evaluating on valid
2025-05-26 08:02:55 INFO     Data : 3823
2025-05-26 08:02:55 INFO     Hit1 : 0.030343
2025-05-26 08:02:55 INFO     Hit3 : 0.059116
2025-05-26 08:02:55 INFO     Hit10: 0.113523
2025-05-26 08:02:55 INFO     MR   : 1160.012032
2025-05-26 08:02:55 INFO     MRR  : 0.059050
2025-05-26 08:02:55 INFO     >>>>> Predictor: Evaluating on test
2025-05-26 08:03:13 INFO     Data : 4402
2025-05-26 08:03:13 INFO     Hit1 : 0.038392
2025-05-26 08:03:13 INFO     Hit3 : 0.066788
2025-05-26 08:03:13 INFO     Hit10: 0.116311
2025-05-26 08:03:13 INFO     MR   : 1156.917651
2025-05-26 08:03:13 INFO     MRR  : 0.065885
2025-05-26 08:03:13 INFO     >>>>> Predictor: Computing H scores of rules
2025-05-26 08:03:55 INFO     1000 12313
2025-05-26 08:04:37 INFO     2000 12313
2025-05-26 08:05:20 INFO     3000 12313
2025-05-26 08:06:02 INFO     4000 12313
2025-05-26 08:06:42 INFO     5000 12313
2025-05-26 08:07:23 INFO     6000 12313
2025-05-26 08:08:04 INFO     7000 12313
2025-05-26 08:08:45 INFO     8000 12313
2025-05-26 08:09:25 INFO     9000 12313
2025-05-26 08:10:06 INFO     10000 12313
2025-05-26 08:10:47 INFO     11000 12313
2025-05-26 08:11:29 INFO     12000 12313
2025-05-26 08:11:42 INFO     >>>>> Generator: Training
2025-05-26 08:11:43 INFO     -------------------------
2025-05-26 08:11:43 INFO     | EM Iteration: 3/5
2025-05-26 08:11:43 INFO     -------------------------
2025-05-26 08:11:43 INFO     >>>>> Generator: Rule generation with sampling
2025-05-26 08:11:43 INFO     Predictor: read 1455 rules from list.
2025-05-26 08:11:43 INFO     Preprocess training set
2025-05-26 08:11:43 INFO     >>>>> Predictor: Training
2025-05-26 08:12:24 INFO     1000 12313 8.182577 69384.0
2025-05-26 08:13:04 INFO     2000 12313 7.691682 69384.0
2025-05-26 08:13:44 INFO     3000 12313 7.426372 69253.9
2025-05-26 08:14:24 INFO     4000 12313 7.285485 69323.3
2025-05-26 08:15:04 INFO     5000 12313 7.167938 69384.0
2025-05-26 08:15:44 INFO     6000 12313 7.052125 69323.3
2025-05-26 08:16:24 INFO     7000 12313 6.963620 69366.7
2025-05-26 08:17:04 INFO     8000 12313 6.898915 69332.0
2025-05-26 08:17:44 INFO     9000 12313 6.795310 69384.0
2025-05-26 08:18:24 INFO     10000 12313 6.791938 69227.9
2025-05-26 08:19:05 INFO     11000 12313 6.737549 69340.6
2025-05-26 08:19:45 INFO     12000 12313 6.709372 69297.3
2025-05-26 08:19:57 INFO     >>>>> Predictor: Evaluating on valid
2025-05-26 08:20:14 INFO     Data : 3823
2025-05-26 08:20:14 INFO     Hit1 : 0.027465
2025-05-26 08:20:14 INFO     Hit3 : 0.060162
2025-05-26 08:20:14 INFO     Hit10: 0.119801
2025-05-26 08:20:14 INFO     MR   : 1144.475020
2025-05-26 08:20:14 INFO     MRR  : 0.059135
2025-05-26 08:20:14 INFO     >>>>> Predictor: Evaluating on test
2025-05-26 08:20:33 INFO     Data : 4402
2025-05-26 08:20:33 INFO     Hit1 : 0.037256
2025-05-26 08:20:33 INFO     Hit3 : 0.066106
2025-05-26 08:20:33 INFO     Hit10: 0.126306
2025-05-26 08:20:33 INFO     MR   : 1129.209337
2025-05-26 08:20:33 INFO     MRR  : 0.067102
2025-05-26 08:20:33 INFO     >>>>> Predictor: Computing H scores of rules
2025-05-26 08:21:15 INFO     1000 12313
2025-05-26 08:21:57 INFO     2000 12313
2025-05-26 08:22:39 INFO     3000 12313
2025-05-26 08:23:20 INFO     4000 12313
2025-05-26 08:24:02 INFO     5000 12313
2025-05-26 08:24:44 INFO     6000 12313
2025-05-26 08:25:26 INFO     7000 12313
2025-05-26 08:26:07 INFO     8000 12313
2025-05-26 08:26:49 INFO     9000 12313
2025-05-26 08:27:31 INFO     10000 12313
2025-05-26 08:28:12 INFO     11000 12313
2025-05-26 08:28:54 INFO     12000 12313
2025-05-26 08:29:07 INFO     >>>>> Generator: Training
2025-05-26 08:29:08 INFO     -------------------------
2025-05-26 08:29:08 INFO     | EM Iteration: 4/5
2025-05-26 08:29:08 INFO     -------------------------
2025-05-26 08:29:08 INFO     >>>>> Generator: Rule generation with sampling
2025-05-26 08:29:08 INFO     Predictor: read 1491 rules from list.
2025-05-26 08:29:08 INFO     Preprocess training set
2025-05-26 08:29:08 INFO     >>>>> Predictor: Training
2025-05-26 08:29:48 INFO     1000 12313 8.233086 69314.6
2025-05-26 08:30:28 INFO     2000 12313 7.758885 69279.9
2025-05-26 08:31:09 INFO     3000 12313 7.513104 69366.7
2025-05-26 08:31:51 INFO     4000 12313 7.407143 69366.7
2025-05-26 08:32:32 INFO     5000 12313 7.312703 69288.6
2025-05-26 08:33:14 INFO     6000 12313 7.224803 69340.6
2025-05-26 08:33:56 INFO     7000 12313 7.127234 69384.0
2025-05-26 08:34:37 INFO     8000 12313 7.069197 69340.6
2025-05-26 08:35:18 INFO     9000 12313 7.071885 69384.0
2025-05-26 08:35:59 INFO     10000 12313 7.013318 69288.6
2025-05-26 08:36:40 INFO     11000 12313 7.007801 69262.6
2025-05-26 08:37:22 INFO     12000 12313 6.976432 69384.0
2025-05-26 08:37:35 INFO     >>>>> Predictor: Evaluating on valid
2025-05-26 08:37:52 INFO     Data : 3823
2025-05-26 08:37:52 INFO     Hit1 : 0.037405
2025-05-26 08:37:52 INFO     Hit3 : 0.075595
2025-05-26 08:37:52 INFO     Hit10: 0.142297
2025-05-26 08:37:52 INFO     MR   : 1097.943369
2025-05-26 08:37:52 INFO     MRR  : 0.073075
2025-05-26 08:37:52 INFO     >>>>> Predictor: Evaluating on test
2025-05-26 08:38:12 INFO     Data : 4402
2025-05-26 08:38:12 INFO     Hit1 : 0.047024
2025-05-26 08:38:12 INFO     Hit3 : 0.090186
2025-05-26 08:38:12 INFO     Hit10: 0.153567
2025-05-26 08:38:12 INFO     MR   : 1103.862449
2025-05-26 08:38:12 INFO     MRR  : 0.083195
2025-05-26 08:38:12 INFO     >>>>> Predictor: Computing H scores of rules
2025-05-26 08:38:54 INFO     1000 12313
2025-05-26 08:39:35 INFO     2000 12313
2025-05-26 08:40:17 INFO     3000 12313
2025-05-26 08:40:58 INFO     4000 12313
2025-05-26 08:41:40 INFO     5000 12313
2025-05-26 08:42:22 INFO     6000 12313
2025-05-26 08:43:04 INFO     7000 12313
2025-05-26 08:43:46 INFO     8000 12313
2025-05-26 08:44:28 INFO     9000 12313
2025-05-26 08:45:09 INFO     10000 12313
2025-05-26 08:45:51 INFO     11000 12313
2025-05-26 08:46:33 INFO     12000 12313
2025-05-26 08:46:46 INFO     >>>>> Generator: Training
2025-05-26 08:46:46 INFO     -------------------------
2025-05-26 08:46:46 INFO     | EM Iteration: 5/5
2025-05-26 08:46:46 INFO     -------------------------
2025-05-26 08:46:46 INFO     >>>>> Generator: Rule generation with sampling
2025-05-26 08:46:47 INFO     Predictor: read 1583 rules from list.
2025-05-26 08:46:47 INFO     Preprocess training set
2025-05-26 08:46:47 INFO     >>>>> Predictor: Training
2025-05-26 08:47:28 INFO     1000 12313 8.246428 69340.6
2025-05-26 08:48:10 INFO     2000 12313 7.803214 69288.6
2025-05-26 08:48:53 INFO     3000 12313 7.597126 69366.7
2025-05-26 08:49:35 INFO     4000 12313 7.490089 69305.9
2025-05-26 08:50:18 INFO     5000 12313 7.367365 69323.3
2025-05-26 08:51:00 INFO     6000 12313 7.323421 69384.0
2025-05-26 08:51:42 INFO     7000 12313 7.273030 69279.9
2025-05-26 08:52:25 INFO     8000 12313 7.199519 69384.0
2025-05-26 08:53:06 INFO     9000 12313 7.201110 69366.7
2025-05-26 08:53:48 INFO     10000 12313 7.159782 69297.3
2025-05-26 08:54:30 INFO     11000 12313 7.122803 69279.9
2025-05-26 08:55:12 INFO     12000 12313 7.135561 69384.0
2025-05-26 08:55:25 INFO     >>>>> Predictor: Evaluating on valid
2025-05-26 08:55:42 INFO     Data : 3823
2025-05-26 08:55:42 INFO     Hit1 : 0.024850
2025-05-26 08:55:42 INFO     Hit3 : 0.051269
2025-05-26 08:55:42 INFO     Hit10: 0.098614
2025-05-26 08:55:42 INFO     MR   : 1192.916165
2025-05-26 08:55:42 INFO     MRR  : 0.051610
2025-05-26 08:55:42 INFO     >>>>> Predictor: Evaluating on test
2025-05-26 08:56:03 INFO     Data : 4402
2025-05-26 08:56:03 INFO     Hit1 : 0.029532
2025-05-26 08:56:03 INFO     Hit3 : 0.057020
2025-05-26 08:56:03 INFO     Hit10: 0.097001
2025-05-26 08:56:03 INFO     MR   : 1180.785666
2025-05-26 08:56:03 INFO     MRR  : 0.054961
2025-05-26 08:56:03 INFO     >>>>> Predictor: Computing H scores of rules
2025-05-26 08:56:46 INFO     1000 12313
2025-05-26 08:57:30 INFO     2000 12313
2025-05-26 08:58:14 INFO     3000 12313
2025-05-26 08:58:57 INFO     4000 12313
2025-05-26 08:59:41 INFO     5000 12313
2025-05-26 09:00:25 INFO     6000 12313
2025-05-26 09:01:09 INFO     7000 12313
2025-05-26 09:01:52 INFO     8000 12313
2025-05-26 09:02:36 INFO     9000 12313
2025-05-26 09:03:20 INFO     10000 12313
2025-05-26 09:04:03 INFO     11000 12313
2025-05-26 09:04:47 INFO     12000 12313
2025-05-26 09:05:01 INFO     >>>>> Generator: Training
2025-05-26 09:05:01 INFO     -------------------------
2025-05-26 09:05:01 INFO     | Post-train Generator
2025-05-26 09:05:01 INFO     -------------------------
2025-05-26 09:05:01 INFO     >>>>> Generator: Training
2025-05-26 09:05:05 INFO     [E1000] Total: 1.710507 | Main: 1.753273 | Aux: 0.888228
2025-05-26 09:05:05 INFO     -------------------------
2025-05-26 09:05:05 INFO     | Beam Search Best Rules
2025-05-26 09:05:05 INFO     -------------------------
2025-05-26 09:05:05 INFO     >>>>> Generator: Rule generation with beam search
2025-05-26 09:05:05 INFO     >>>>> Generator: Rule generation with beam search
2025-05-26 09:05:06 INFO     >>>>> Generator: Rule generation with beam search
2025-05-26 09:05:14 INFO     >>>>> Generator: Rule generation with beam search
2025-05-26 09:05:20 INFO     >>>>> Generator: Rule generation with beam search
2025-05-26 09:05:24 INFO     -------------------------
2025-05-26 09:05:24 INFO     | Train Final Predictor+
2025-05-26 09:05:24 INFO     -------------------------
2025-05-26 09:05:24 INFO     Predictor+: read 18420 rules from list.
2025-05-26 09:05:24 INFO     Preprocess training set
2025-05-26 09:05:24 INFO     -------------------------
2025-05-26 09:05:24 INFO     | Iteration: 1/5
2025-05-26 09:05:24 INFO     -------------------------
2025-05-26 09:05:24 INFO     >>>>> Predictor: Training
2025-05-26 09:11:35 INFO     1000 12313 4.678793 69314.6
2025-05-26 09:17:47 INFO     2000 12313 4.490210 69366.7
2025-05-26 09:23:59 INFO     3000 12313 4.445709 69279.9
2025-05-26 09:30:22 INFO     4000 12313 4.443328 69340.6
2025-05-26 09:36:48 INFO     5000 12313 4.482691 69236.6
2025-05-26 09:43:13 INFO     6000 12313 4.440462 69366.7
2025-05-26 09:49:38 INFO     7000 12313 4.425864 69323.3
2025-05-26 09:55:53 INFO     8000 12313 4.463503 69349.3
2025-05-26 10:02:06 INFO     9000 12313 4.423584 69384.0
2025-05-26 10:08:18 INFO     10000 12313 4.416822 69384.0
2025-05-26 10:14:30 INFO     11000 12313 4.442033 69288.6
2025-05-26 10:20:58 INFO     12000 12313 4.444240 69366.7
2025-05-26 10:23:02 INFO     >>>>> Predictor: Evaluating on valid
2025-05-26 10:25:54 INFO     Data : 3823
2025-05-26 10:25:54 INFO     Hit1 : 0.076380
2025-05-26 10:25:54 INFO     Hit3 : 0.157730
2025-05-26 10:25:54 INFO     Hit10: 0.291917
2025-05-26 10:25:54 INFO     MR   : 620.057808
2025-05-26 10:25:54 INFO     MRR  : 0.147415
2025-05-26 10:25:54 INFO     >>>>> Predictor: Evaluating on test
2025-05-26 10:29:12 INFO     Data : 4402
2025-05-26 10:29:12 INFO     Hit1 : 0.107224
2025-05-26 10:29:12 INFO     Hit3 : 0.191050
2025-05-26 10:29:12 INFO     Hit10: 0.324625
2025-05-26 10:29:12 INFO     MR   : 602.158224
2025-05-26 10:29:12 INFO     MRR  : 0.177755
2025-05-26 10:29:12 INFO     Save checkpoint to results/semmeddb/multitask/cluster_4/full/warmup/predictor.pt
2025-05-26 10:29:12 INFO     -------------------------
2025-05-26 10:29:12 INFO     | Iteration: 2/5
2025-05-26 10:29:12 INFO     -------------------------
2025-05-26 10:29:12 INFO     >>>>> Predictor: Training
2025-05-26 10:35:40 INFO     1000 12313 4.381481 69384.0
2025-05-26 10:42:11 INFO     2000 12313 4.379091 69384.0
2025-05-26 10:48:42 INFO     3000 12313 4.389456 69340.6
2025-05-26 10:55:05 INFO     4000 12313 4.394318 69305.9
2025-05-26 11:01:31 INFO     5000 12313 4.405195 69340.6
2025-05-26 11:08:01 INFO     6000 12313 4.408341 69297.3
2025-05-26 11:14:36 INFO     7000 12313 4.390465 69323.3
2025-05-26 11:21:10 INFO     8000 12313 4.416949 69366.7
2025-05-26 11:27:39 INFO     9000 12313 4.390533 69297.3
2025-05-26 11:34:13 INFO     10000 12313 4.403043 69366.7
2025-05-26 11:40:47 INFO     11000 12313 4.407768 69314.6
2025-05-26 11:47:15 INFO     12000 12313 4.422292 69279.9
2025-05-26 11:49:18 INFO     >>>>> Predictor: Evaluating on valid
2025-05-26 11:52:10 INFO     Data : 3823
2025-05-26 11:52:10 INFO     Hit1 : 0.078472
2025-05-26 11:52:10 INFO     Hit3 : 0.157991
2025-05-26 11:52:10 INFO     Hit10: 0.300026
2025-05-26 11:52:10 INFO     MR   : 606.599529
2025-05-26 11:52:10 INFO     MRR  : 0.148459
2025-05-26 11:52:10 INFO     >>>>> Predictor: Evaluating on test
2025-05-26 11:55:28 INFO     Data : 4402
2025-05-26 11:55:28 INFO     Hit1 : 0.109950
2025-05-26 11:55:28 INFO     Hit3 : 0.191731
2025-05-26 11:55:28 INFO     Hit10: 0.324625
2025-05-26 11:55:28 INFO     MR   : 580.103476
2025-05-26 11:55:28 INFO     MRR  : 0.179362
2025-05-26 11:55:28 INFO     Save checkpoint to results/semmeddb/multitask/cluster_4/full/warmup/predictor.pt
2025-05-26 11:55:28 INFO     -------------------------
2025-05-26 11:55:28 INFO     | Iteration: 3/5
2025-05-26 11:55:28 INFO     -------------------------
2025-05-26 11:55:28 INFO     >>>>> Predictor: Training
2025-05-26 12:01:57 INFO     1000 12313 4.387880 69262.6
2025-05-26 12:08:28 INFO     2000 12313 4.368893 69384.0
2025-05-26 12:14:56 INFO     3000 12313 4.348351 69262.6
2025-05-26 12:21:31 INFO     4000 12313 4.393945 69323.3
2025-05-26 12:28:00 INFO     5000 12313 4.363282 69366.7
2025-05-26 12:34:25 INFO     6000 12313 4.382641 69323.3
2025-05-26 12:40:49 INFO     7000 12313 4.388978 69366.7
2025-05-26 12:47:24 INFO     8000 12313 4.398622 69384.0
2025-05-26 12:53:54 INFO     9000 12313 4.376355 69349.3
2025-05-26 13:00:22 INFO     10000 12313 4.400930 69314.6
2025-05-26 13:06:51 INFO     11000 12313 4.364534 69349.3
2025-05-26 13:13:27 INFO     12000 12313 4.397371 69314.6
2025-05-26 13:15:31 INFO     >>>>> Predictor: Evaluating on valid
2025-05-26 13:18:22 INFO     Data : 3823
2025-05-26 13:18:22 INFO     Hit1 : 0.080565
2025-05-26 13:18:22 INFO     Hit3 : 0.153021
2025-05-26 13:18:22 INFO     Hit10: 0.297934
2025-05-26 13:18:22 INFO     MR   : 604.208606
2025-05-26 13:18:22 INFO     MRR  : 0.149792
2025-05-26 13:18:22 INFO     >>>>> Predictor: Evaluating on test
2025-05-26 13:21:41 INFO     Data : 4402
2025-05-26 13:21:41 INFO     Hit1 : 0.109496
2025-05-26 13:21:41 INFO     Hit3 : 0.199455
2025-05-26 13:21:41 INFO     Hit10: 0.325988
2025-05-26 13:21:41 INFO     MR   : 569.379487
2025-05-26 13:21:41 INFO     MRR  : 0.181483
2025-05-26 13:21:41 INFO     Save checkpoint to results/semmeddb/multitask/cluster_4/full/warmup/predictor.pt
2025-05-26 13:21:41 INFO     -------------------------
2025-05-26 13:21:41 INFO     | Iteration: 4/5
2025-05-26 13:21:41 INFO     -------------------------
2025-05-26 13:21:41 INFO     >>>>> Predictor: Training
2025-05-26 13:28:15 INFO     1000 12313 4.337918 69384.0
2025-05-26 13:34:52 INFO     2000 12313 4.359078 69340.6
2025-05-26 13:41:27 INFO     3000 12313 4.368031 69384.0
2025-05-26 13:48:03 INFO     4000 12313 4.394921 69253.9
2025-05-26 13:54:30 INFO     5000 12313 4.379053 69262.6
2025-05-26 14:00:54 INFO     6000 12313 4.392152 69340.6
2025-05-26 14:07:31 INFO     7000 12313 4.370598 69314.6
2025-05-26 14:14:04 INFO     8000 12313 4.350638 69323.3
2025-05-26 14:20:37 INFO     9000 12313 4.385461 69366.7
2025-05-26 14:27:10 INFO     10000 12313 4.356295 69349.3
2025-05-26 14:33:35 INFO     11000 12313 4.365218 69366.7
2025-05-26 14:39:57 INFO     12000 12313 4.383821 69366.7
2025-05-26 14:41:56 INFO     >>>>> Predictor: Evaluating on valid
2025-05-26 14:44:41 INFO     Data : 3823
2025-05-26 14:44:41 INFO     Hit1 : 0.074549
2025-05-26 14:44:41 INFO     Hit3 : 0.156683
2025-05-26 14:44:41 INFO     Hit10: 0.296364
2025-05-26 14:44:41 INFO     MR   : 595.341486
2025-05-26 14:44:41 INFO     MRR  : 0.147222
2025-05-26 14:44:41 INFO     >>>>> Predictor: Evaluating on test
2025-05-26 14:47:51 INFO     Data : 4402
2025-05-26 14:47:51 INFO     Hit1 : 0.111540
2025-05-26 14:47:51 INFO     Hit3 : 0.197183
2025-05-26 14:47:51 INFO     Hit10: 0.323035
2025-05-26 14:47:51 INFO     MR   : 564.247388
2025-05-26 14:47:51 INFO     MRR  : 0.181566
2025-05-26 14:47:51 INFO     -------------------------
2025-05-26 14:47:51 INFO     | Iteration: 5/5
2025-05-26 14:47:51 INFO     -------------------------
2025-05-26 14:47:51 INFO     >>>>> Predictor: Training
2025-05-26 14:54:10 INFO     1000 12313 4.333133 69323.3
2025-05-26 15:00:35 INFO     2000 12313 4.362557 69384.0
2025-05-26 15:07:04 INFO     3000 12313 4.356904 69245.2
2025-05-26 15:16:57 INFO     4000 12313 4.335363 69384.0
2025-05-26 15:23:14 INFO     5000 12313 4.383288 69366.7
2025-05-26 15:29:29 INFO     6000 12313 4.356538 69323.3
2025-05-26 15:35:43 INFO     7000 12313 4.377578 69384.0
2025-05-26 15:42:01 INFO     8000 12313 4.387244 69297.3
2025-05-26 15:48:20 INFO     9000 12313 4.365132 69384.0
2025-05-26 15:54:37 INFO     10000 12313 4.362520 69271.3
2025-05-26 16:00:53 INFO     11000 12313 4.362253 69340.6
2025-05-26 16:07:13 INFO     12000 12313 4.344860 69297.3
2025-05-26 16:09:12 INFO     >>>>> Predictor: Evaluating on valid
2025-05-26 16:11:57 INFO     Data : 3823
2025-05-26 16:11:57 INFO     Hit1 : 0.079519
2025-05-26 16:11:57 INFO     Hit3 : 0.159561
2025-05-26 16:11:57 INFO     Hit10: 0.290609
2025-05-26 16:11:57 INFO     MR   : 591.943500
2025-05-26 16:11:57 INFO     MRR  : 0.149204
2025-05-26 16:11:57 INFO     >>>>> Predictor: Evaluating on test
2025-05-26 16:15:07 INFO     Data : 4402
2025-05-26 16:15:07 INFO     Hit1 : 0.108133
2025-05-26 16:15:07 INFO     Hit3 : 0.192640
2025-05-26 16:15:07 INFO     Hit10: 0.320082
2025-05-26 16:15:07 INFO     MR   : 567.732054
2025-05-26 16:15:07 INFO     MRR  : 0.177776
2025-05-26 16:15:07 INFO     -------------------------
2025-05-26 16:15:07 INFO     | Final Test MRR: 0.181483
2025-05-26 16:15:07 INFO     -------------------------
