2025-07-19 00:58:50 INFO     is_soft_label: False
2025-07-19 00:58:50 INFO     is_scheduled_sampling: False
2025-07-19 00:58:50 INFO     is_test_mode: False
2025-07-19 00:58:50 INFO     Data loading | DONE!
2025-07-19 00:58:50 INFO     Using full datasets for training, validation, and testing.
2025-07-19 00:58:51 INFO     -------------------------
2025-07-19 00:58:51 INFO     | EM Iteration: 1/5
2025-07-19 00:58:51 INFO     -------------------------
2025-07-19 00:58:51 INFO     >>>>> Using miner's rule
2025-07-19 00:58:51 INFO     Predictor: read 13661 rules from list.
2025-07-19 00:58:52 INFO     Preprocess training set
2025-07-19 00:58:52 INFO     >>>>> Predictor: Evaluating on valid
2025-07-19 01:01:01 INFO     Data : 2077
2025-07-19 01:01:01 INFO     Hit1 : 0.065479
2025-07-19 01:01:01 INFO     Hit3 : 0.127106
2025-07-19 01:01:01 INFO     Hit10: 0.199326
2025-07-19 01:01:01 INFO     MR   : 1120.902022
2025-07-19 01:01:01 INFO     MRR  : 0.114382
2025-07-19 01:01:01 INFO     >>>>> Predictor: Evaluating on test
2025-07-19 01:03:27 INFO     Data : 2342
2025-07-19 01:03:27 INFO     Hit1 : 0.078992
2025-07-19 01:03:27 INFO     Hit3 : 0.124253
2025-07-19 01:03:27 INFO     Hit10: 0.208796
2025-07-19 01:03:27 INFO     MR   : 1044.269001
2025-07-19 01:03:27 INFO     MRR  : 0.122250
2025-07-19 01:03:27 INFO     >>>>> Predictor: Computing H scores of rules
2025-07-19 01:36:51 INFO     1000 5959
2025-07-19 02:10:43 INFO     2000 5959
2025-07-19 02:44:07 INFO     3000 5959
2025-07-19 03:17:45 INFO     4000 5959
2025-07-19 03:51:14 INFO     5000 5959
2025-07-19 04:25:22 INFO     >>>>> Generator: Training
2025-07-19 04:25:28 INFO     -------------------------
2025-07-19 04:25:28 INFO     | EM Iteration: 2/5
2025-07-19 04:25:28 INFO     -------------------------
2025-07-19 04:25:28 INFO     >>>>> Using Generator's sample rule
2025-07-19 04:25:28 INFO     >>>>> Generator: Rule generation with sampling
2025-07-19 04:25:28 INFO     Predictor: read 1904 rules from list.
2025-07-19 04:25:28 INFO     Preprocess training set
2025-07-19 04:25:28 INFO     >>>>> Predictor: Training
2025-07-19 04:26:23 INFO     1000 5959 8.782312 69314.6
2025-07-19 04:27:20 INFO     2000 5959 8.410004 69271.3
2025-07-19 04:28:21 INFO     3000 5959 8.219053 69245.2
2025-07-19 04:29:22 INFO     4000 5959 8.065449 69340.6
2025-07-19 04:30:23 INFO     5000 5959 7.940880 69340.6
2025-07-19 04:31:23 INFO     >>>>> Predictor: Evaluating on valid
2025-07-19 04:31:34 INFO     Data : 2077
2025-07-19 04:31:34 INFO     Hit1 : 0.025036
2025-07-19 04:31:34 INFO     Hit3 : 0.040924
2025-07-19 04:31:34 INFO     Hit10: 0.064035
2025-07-19 04:31:34 INFO     MR   : 1407.828117
2025-07-19 04:31:34 INFO     MRR  : 0.041154
2025-07-19 04:31:34 INFO     >>>>> Predictor: Evaluating on test
2025-07-19 04:31:46 INFO     Data : 2342
2025-07-19 04:31:46 INFO     Hit1 : 0.019641
2025-07-19 04:31:46 INFO     Hit3 : 0.030743
2025-07-19 04:31:46 INFO     Hit10: 0.056362
2025-07-19 04:31:46 INFO     MR   : 1317.205807
2025-07-19 04:31:46 INFO     MRR  : 0.034766
2025-07-19 04:31:46 INFO     >>>>> Predictor: Computing H scores of rules
2025-07-19 04:34:27 INFO     1000 5959
2025-07-19 04:37:08 INFO     2000 5959
2025-07-19 04:39:47 INFO     3000 5959
2025-07-19 04:42:26 INFO     4000 5959
2025-07-19 04:45:06 INFO     5000 5959
2025-07-19 04:47:41 INFO     >>>>> Generator: Training
2025-07-19 04:47:47 INFO     -------------------------
2025-07-19 04:47:47 INFO     | EM Iteration: 3/5
2025-07-19 04:47:47 INFO     -------------------------
2025-07-19 04:47:47 INFO     >>>>> Using Generator's sample rule
2025-07-19 04:47:47 INFO     >>>>> Generator: Rule generation with sampling
2025-07-19 04:47:47 INFO     Predictor: read 1877 rules from list.
2025-07-19 04:47:47 INFO     Preprocess training set
2025-07-19 04:47:47 INFO     >>>>> Predictor: Training
2025-07-19 04:48:47 INFO     1000 5959 8.809976 69332.0
2025-07-19 04:49:49 INFO     2000 5959 8.469537 69349.3
2025-07-19 04:50:49 INFO     3000 5959 8.254404 69184.5
2025-07-19 04:51:50 INFO     4000 5959 8.080450 69253.9
2025-07-19 04:52:50 INFO     5000 5959 7.983767 69332.0
2025-07-19 04:53:48 INFO     >>>>> Predictor: Evaluating on valid
2025-07-19 04:53:58 INFO     Data : 2077
2025-07-19 04:53:58 INFO     Hit1 : 0.010592
2025-07-19 04:53:58 INFO     Hit3 : 0.025999
2025-07-19 04:53:58 INFO     Hit10: 0.051035
2025-07-19 04:53:58 INFO     MR   : 1450.381801
2025-07-19 04:53:58 INFO     MRR  : 0.026797
2025-07-19 04:53:58 INFO     >>>>> Predictor: Evaluating on test
2025-07-19 04:54:11 INFO     Data : 2342
2025-07-19 04:54:11 INFO     Hit1 : 0.014091
2025-07-19 04:54:11 INFO     Hit3 : 0.024765
2025-07-19 04:54:11 INFO     Hit10: 0.047395
2025-07-19 04:54:11 INFO     MR   : 1340.377455
2025-07-19 04:54:11 INFO     MRR  : 0.028016
2025-07-19 04:54:11 INFO     >>>>> Predictor: Computing H scores of rules
2025-07-19 04:56:49 INFO     1000 5959
2025-07-19 04:59:26 INFO     2000 5959
2025-07-19 05:02:03 INFO     3000 5959
2025-07-19 05:04:40 INFO     4000 5959
2025-07-19 05:07:18 INFO     5000 5959
2025-07-19 05:09:52 INFO     >>>>> Generator: Training
2025-07-19 05:09:58 INFO     -------------------------
2025-07-19 05:09:58 INFO     | EM Iteration: 4/5
2025-07-19 05:09:58 INFO     -------------------------
2025-07-19 05:09:58 INFO     >>>>> Using Generator's sample rule
2025-07-19 05:09:58 INFO     >>>>> Generator: Rule generation with sampling
2025-07-19 05:09:58 INFO     Predictor: read 1847 rules from list.
2025-07-19 05:09:58 INFO     Preprocess training set
2025-07-19 05:09:58 INFO     >>>>> Predictor: Training
2025-07-19 05:10:57 INFO     1000 5959 8.791110 69271.3
2025-07-19 05:11:57 INFO     2000 5959 8.404539 69340.6
2025-07-19 05:12:56 INFO     3000 5959 8.137731 69384.0
2025-07-19 05:13:55 INFO     4000 5959 7.963986 69262.6
2025-07-19 05:14:55 INFO     5000 5959 7.819836 69332.0
2025-07-19 05:15:52 INFO     >>>>> Predictor: Evaluating on valid
2025-07-19 05:16:03 INFO     Data : 2077
2025-07-19 05:16:03 INFO     Hit1 : 0.006259
2025-07-19 05:16:03 INFO     Hit3 : 0.018296
2025-07-19 05:16:03 INFO     Hit10: 0.036110
2025-07-19 05:16:03 INFO     MR   : 1486.285749
2025-07-19 05:16:03 INFO     MRR  : 0.019680
2025-07-19 05:16:03 INFO     >>>>> Predictor: Evaluating on test
2025-07-19 05:16:16 INFO     Data : 2342
2025-07-19 05:16:16 INFO     Hit1 : 0.008540
2025-07-19 05:16:16 INFO     Hit3 : 0.018787
2025-07-19 05:16:16 INFO     Hit10: 0.035440
2025-07-19 05:16:16 INFO     MR   : 1371.789710
2025-07-19 05:16:16 INFO     MRR  : 0.020680
2025-07-19 05:16:16 INFO     >>>>> Predictor: Computing H scores of rules
2025-07-19 05:18:52 INFO     1000 5959
2025-07-19 05:21:29 INFO     2000 5959
2025-07-19 05:24:05 INFO     3000 5959
2025-07-19 05:26:42 INFO     4000 5959
2025-07-19 05:29:21 INFO     5000 5959
2025-07-19 05:31:56 INFO     >>>>> Generator: Training
2025-07-19 05:32:01 INFO     -------------------------
2025-07-19 05:32:01 INFO     | EM Iteration: 5/5
2025-07-19 05:32:01 INFO     -------------------------
2025-07-19 05:32:01 INFO     >>>>> Using Generator's sample rule
2025-07-19 05:32:01 INFO     >>>>> Generator: Rule generation with sampling
2025-07-19 05:32:01 INFO     Predictor: read 1676 rules from list.
2025-07-19 05:32:01 INFO     Preprocess training set
2025-07-19 05:32:01 INFO     >>>>> Predictor: Training
2025-07-19 05:32:54 INFO     1000 5959 8.805924 69332.0
2025-07-19 05:33:46 INFO     2000 5959 8.434382 69349.3
2025-07-19 05:34:38 INFO     3000 5959 8.182272 69340.6
2025-07-19 05:35:31 INFO     4000 5959 8.012417 69297.3
2025-07-19 05:36:23 INFO     5000 5959 7.830053 69219.2
2025-07-19 05:37:13 INFO     >>>>> Predictor: Evaluating on valid
2025-07-19 05:37:22 INFO     Data : 2077
2025-07-19 05:37:22 INFO     Hit1 : 0.029851
2025-07-19 05:37:22 INFO     Hit3 : 0.053924
2025-07-19 05:37:22 INFO     Hit10: 0.076071
2025-07-19 05:37:22 INFO     MR   : 1451.129995
2025-07-19 05:37:22 INFO     MRR  : 0.049605
2025-07-19 05:37:22 INFO     >>>>> Predictor: Evaluating on test
2025-07-19 05:37:33 INFO     Data : 2342
2025-07-19 05:37:33 INFO     Hit1 : 0.028608
2025-07-19 05:37:33 INFO     Hit3 : 0.046541
2025-07-19 05:37:33 INFO     Hit10: 0.084116
2025-07-19 05:37:33 INFO     MR   : 1334.989112
2025-07-19 05:37:33 INFO     MRR  : 0.048452
2025-07-19 05:37:33 INFO     >>>>> Predictor: Computing H scores of rules
2025-07-19 05:39:56 INFO     1000 5959
2025-07-19 05:42:19 INFO     2000 5959
2025-07-19 05:44:41 INFO     3000 5959
2025-07-19 05:47:02 INFO     4000 5959
2025-07-19 05:49:24 INFO     5000 5959
2025-07-19 05:51:43 INFO     >>>>> Generator: Training
2025-07-19 05:51:48 INFO     -------------------------
2025-07-19 05:51:48 INFO     | Post-train Generator
2025-07-19 05:51:48 INFO     -------------------------
2025-07-19 05:51:50 INFO     >>>>> Generator: Training
2025-07-19 05:52:49 INFO     [E01000] Total 2.432650 | Main 2.559255 | RelClus 1.497829 | EntType 2.354638
2025-07-19 05:52:49 INFO     -------------------------
2025-07-19 05:52:49 INFO     | Beam Search Best Rules
2025-07-19 05:52:49 INFO     -------------------------
2025-07-19 05:52:49 INFO     >>>>> Generator: Rule generation with beam search
2025-07-19 05:52:50 INFO     >>>>> Generator: Rule generation with beam search
2025-07-19 05:52:56 INFO     >>>>> Generator: Rule generation with beam search
2025-07-19 05:54:10 INFO     >>>>> Generator: Rule generation with beam search
2025-07-19 05:55:10 INFO     >>>>> Generator: Rule generation with beam search
2025-07-19 05:55:53 INFO     -------------------------
2025-07-19 05:55:53 INFO     | Train Final Predictor+
2025-07-19 05:55:53 INFO     -------------------------
2025-07-19 05:55:53 INFO     Predictor+: read 18420 rules from list.
2025-07-19 05:55:53 INFO     Preprocess training set
2025-07-19 05:55:53 INFO     -------------------------
2025-07-19 05:55:53 INFO     | Iteration: 1/5
2025-07-19 05:55:53 INFO     -------------------------
2025-07-19 05:55:53 INFO     >>>>> Predictor: Training
2025-07-19 06:01:02 INFO     1000 5959 4.988998 69271.3
2025-07-19 06:06:09 INFO     2000 5959 4.754208 69332.0
2025-07-19 06:11:19 INFO     3000 5959 4.740036 69375.3
2025-07-19 06:16:29 INFO     4000 5959 4.738026 69279.9
2025-07-19 06:21:40 INFO     5000 5959 4.707919 69349.3
2025-07-19 06:26:37 INFO     >>>>> Predictor: Evaluating on valid
2025-07-19 06:27:52 INFO     Data : 2077
2025-07-19 06:27:52 INFO     Hit1 : 0.099182
2025-07-19 06:27:52 INFO     Hit3 : 0.180549
2025-07-19 06:27:52 INFO     Hit10: 0.314396
2025-07-19 06:27:52 INFO     MR   : 991.578479
2025-07-19 06:27:52 INFO     MRR  : 0.165609
2025-07-19 06:27:52 INFO     >>>>> Predictor: Evaluating on test
2025-07-19 06:29:15 INFO     Data : 2342
2025-07-19 06:29:15 INFO     Hit1 : 0.121691
2025-07-19 06:29:15 INFO     Hit3 : 0.206234
2025-07-19 06:29:15 INFO     Hit10: 0.314261
2025-07-19 06:29:15 INFO     MR   : 927.377882
2025-07-19 06:29:15 INFO     MRR  : 0.185951
2025-07-19 06:29:15 INFO     Save checkpoint to results/semmeddb/10_times_each/fixed/622/2_20250719_005848/predictor.pt
2025-07-19 06:29:15 INFO     -------------------------
2025-07-19 06:29:15 INFO     | Iteration: 2/5
2025-07-19 06:29:15 INFO     -------------------------
2025-07-19 06:29:15 INFO     >>>>> Predictor: Training
2025-07-19 06:34:25 INFO     1000 5959 4.637670 69366.7
2025-07-19 06:39:33 INFO     2000 5959 4.677888 69375.3
2025-07-19 06:44:45 INFO     3000 5959 4.664583 69219.2
2025-07-19 06:49:55 INFO     4000 5959 4.672067 69305.9
2025-07-19 06:55:04 INFO     5000 5959 4.659808 69288.6
2025-07-19 07:00:06 INFO     >>>>> Predictor: Evaluating on valid
2025-07-19 07:01:21 INFO     Data : 2077
2025-07-19 07:01:21 INFO     Hit1 : 0.096774
2025-07-19 07:01:21 INFO     Hit3 : 0.189215
2025-07-19 07:01:21 INFO     Hit10: 0.313433
2025-07-19 07:01:21 INFO     MR   : 957.762879
2025-07-19 07:01:21 INFO     MRR  : 0.168058
2025-07-19 07:01:21 INFO     >>>>> Predictor: Evaluating on test
2025-07-19 07:02:46 INFO     Data : 2342
2025-07-19 07:02:46 INFO     Hit1 : 0.122545
2025-07-19 07:02:46 INFO     Hit3 : 0.212212
2025-07-19 07:02:46 INFO     Hit10: 0.323228
2025-07-19 07:02:46 INFO     MR   : 892.361443
2025-07-19 07:02:46 INFO     MRR  : 0.188836
2025-07-19 07:02:46 INFO     Save checkpoint to results/semmeddb/10_times_each/fixed/622/2_20250719_005848/predictor.pt
2025-07-19 07:02:46 INFO     -------------------------
2025-07-19 07:02:46 INFO     | Iteration: 3/5
2025-07-19 07:02:46 INFO     -------------------------
2025-07-19 07:02:46 INFO     >>>>> Predictor: Training
2025-07-19 07:07:56 INFO     1000 5959 4.642487 69288.6
2025-07-19 07:13:06 INFO     2000 5959 4.645915 69288.6
2025-07-19 07:18:15 INFO     3000 5959 4.640142 69340.6
2025-07-19 07:23:29 INFO     4000 5959 4.638840 69271.3
2025-07-19 07:28:41 INFO     5000 5959 4.669376 69219.2
2025-07-19 07:33:39 INFO     >>>>> Predictor: Evaluating on valid
2025-07-19 07:34:53 INFO     Data : 2077
2025-07-19 07:34:53 INFO     Hit1 : 0.085701
2025-07-19 07:34:53 INFO     Hit3 : 0.181512
2025-07-19 07:34:53 INFO     Hit10: 0.302359
2025-07-19 07:34:53 INFO     MR   : 945.759509
2025-07-19 07:34:53 INFO     MRR  : 0.158938
2025-07-19 07:34:53 INFO     >>>>> Predictor: Evaluating on test
2025-07-19 07:36:17 INFO     Data : 2342
2025-07-19 07:36:17 INFO     Hit1 : 0.113578
2025-07-19 07:36:17 INFO     Hit3 : 0.198548
2025-07-19 07:36:17 INFO     Hit10: 0.317677
2025-07-19 07:36:17 INFO     MR   : 880.520495
2025-07-19 07:36:17 INFO     MRR  : 0.178844
2025-07-19 07:36:17 INFO     -------------------------
2025-07-19 07:36:17 INFO     | Iteration: 4/5
2025-07-19 07:36:17 INFO     -------------------------
2025-07-19 07:36:17 INFO     >>>>> Predictor: Training
2025-07-19 07:41:27 INFO     1000 5959 4.614339 69340.6
2025-07-19 07:46:39 INFO     2000 5959 4.590944 69184.5
2025-07-19 07:51:49 INFO     3000 5959 4.661064 69253.9
2025-07-19 07:57:00 INFO     4000 5959 4.626660 69340.6
2025-07-19 08:02:10 INFO     5000 5959 4.627986 69384.0
2025-07-19 08:07:11 INFO     >>>>> Predictor: Evaluating on valid
2025-07-19 08:08:25 INFO     Data : 2077
2025-07-19 08:08:25 INFO     Hit1 : 0.095811
2025-07-19 08:08:25 INFO     Hit3 : 0.181512
2025-07-19 08:08:25 INFO     Hit10: 0.313914
2025-07-19 08:08:25 INFO     MR   : 938.646606
2025-07-19 08:08:25 INFO     MRR  : 0.164191
2025-07-19 08:08:25 INFO     >>>>> Predictor: Evaluating on test
2025-07-19 08:09:50 INFO     Data : 2342
2025-07-19 08:09:50 INFO     Hit1 : 0.119556
2025-07-19 08:09:50 INFO     Hit3 : 0.211785
2025-07-19 08:09:50 INFO     Hit10: 0.320239
2025-07-19 08:09:50 INFO     MR   : 872.402007
2025-07-19 08:09:50 INFO     MRR  : 0.185850
2025-07-19 08:09:50 INFO     -------------------------
2025-07-19 08:09:50 INFO     | Iteration: 5/5
2025-07-19 08:09:50 INFO     -------------------------
2025-07-19 08:09:50 INFO     >>>>> Predictor: Training
2025-07-19 08:15:02 INFO     1000 5959 4.620243 69323.3
2025-07-19 08:20:14 INFO     2000 5959 4.606769 69332.0
2025-07-19 08:25:23 INFO     3000 5959 4.646833 69219.2
2025-07-19 08:30:36 INFO     4000 5959 4.636797 69297.3
2025-07-19 08:35:47 INFO     5000 5959 4.606819 69332.0
2025-07-19 08:40:44 INFO     >>>>> Predictor: Evaluating on valid
2025-07-19 08:41:59 INFO     Data : 2077
2025-07-19 08:41:59 INFO     Hit1 : 0.095330
2025-07-19 08:41:59 INFO     Hit3 : 0.181512
2025-07-19 08:41:59 INFO     Hit10: 0.314877
2025-07-19 08:41:59 INFO     MR   : 929.880116
2025-07-19 08:41:59 INFO     MRR  : 0.165942
2025-07-19 08:41:59 INFO     >>>>> Predictor: Evaluating on test
2025-07-19 08:43:23 INFO     Data : 2342
2025-07-19 08:43:23 INFO     Hit1 : 0.122118
2025-07-19 08:43:23 INFO     Hit3 : 0.201110
2025-07-19 08:43:23 INFO     Hit10: 0.321520
2025-07-19 08:43:23 INFO     MR   : 863.467549
2025-07-19 08:43:23 INFO     MRR  : 0.186990
2025-07-19 08:43:23 INFO     -------------------------
2025-07-19 08:43:23 INFO     | Final Test MRR: 0.188836
2025-07-19 08:43:23 INFO     -------------------------
