2025-07-21 14:46:34 INFO     is_soft_label: False
2025-07-21 14:46:34 INFO     is_scheduled_sampling: False
2025-07-21 14:46:34 INFO     is_test_mode: False
2025-07-21 14:46:34 INFO     Data loading | DONE!
2025-07-21 14:46:34 INFO     Using full datasets for training, validation, and testing.
2025-07-21 14:46:35 INFO     -------------------------
2025-07-21 14:46:35 INFO     | EM Iteration: 1/5
2025-07-21 14:46:35 INFO     -------------------------
2025-07-21 14:46:35 INFO     >>>>> Using miner's rule
2025-07-21 14:46:35 INFO     Predictor: read 13661 rules from list.
2025-07-21 14:46:36 INFO     Preprocess training set
2025-07-21 14:46:36 INFO     >>>>> Predictor: Evaluating on valid
2025-07-21 14:49:49 INFO     Data : 2077
2025-07-21 14:49:49 INFO     Hit1 : 0.065479
2025-07-21 14:49:49 INFO     Hit3 : 0.127106
2025-07-21 14:49:49 INFO     Hit10: 0.199326
2025-07-21 14:49:49 INFO     MR   : 1120.902022
2025-07-21 14:49:49 INFO     MRR  : 0.114382
2025-07-21 14:49:49 INFO     >>>>> Predictor: Evaluating on test
2025-07-21 14:53:25 INFO     Data : 2342
2025-07-21 14:53:25 INFO     Hit1 : 0.078992
2025-07-21 14:53:25 INFO     Hit3 : 0.124253
2025-07-21 14:53:25 INFO     Hit10: 0.208796
2025-07-21 14:53:25 INFO     MR   : 1044.269001
2025-07-21 14:53:25 INFO     MRR  : 0.122250
2025-07-21 14:53:25 INFO     >>>>> Predictor: Computing H scores of rules
2025-07-21 15:39:57 INFO     1000 5959
2025-07-21 16:27:32 INFO     2000 5959
2025-07-21 17:15:16 INFO     3000 5959
2025-07-21 18:02:29 INFO     4000 5959
2025-07-21 18:50:08 INFO     5000 5959
2025-07-21 19:37:05 INFO     >>>>> Generator: Training
2025-07-21 19:37:12 INFO     -------------------------
2025-07-21 19:37:12 INFO     | EM Iteration: 2/5
2025-07-21 19:37:12 INFO     -------------------------
2025-07-21 19:37:12 INFO     >>>>> Using Generator's sample rule
2025-07-21 19:37:12 INFO     >>>>> Generator: Rule generation with sampling
2025-07-21 19:37:13 INFO     Predictor: read 1904 rules from list.
2025-07-21 19:37:13 INFO     Preprocess training set
2025-07-21 19:37:13 INFO     >>>>> Predictor: Training
2025-07-21 19:38:41 INFO     1000 5959 8.782312 69314.6
2025-07-21 19:40:10 INFO     2000 5959 8.410004 69271.3
2025-07-21 19:41:33 INFO     3000 5959 8.219053 69245.2
2025-07-21 19:43:01 INFO     4000 5959 8.065449 69340.6
2025-07-21 19:44:30 INFO     5000 5959 7.940880 69340.6
2025-07-21 19:45:53 INFO     >>>>> Predictor: Evaluating on valid
2025-07-21 19:46:09 INFO     Data : 2077
2025-07-21 19:46:09 INFO     Hit1 : 0.025036
2025-07-21 19:46:09 INFO     Hit3 : 0.040924
2025-07-21 19:46:09 INFO     Hit10: 0.064035
2025-07-21 19:46:09 INFO     MR   : 1407.828117
2025-07-21 19:46:09 INFO     MRR  : 0.041154
2025-07-21 19:46:09 INFO     >>>>> Predictor: Evaluating on test
2025-07-21 19:46:26 INFO     Data : 2342
2025-07-21 19:46:26 INFO     Hit1 : 0.019641
2025-07-21 19:46:26 INFO     Hit3 : 0.030743
2025-07-21 19:46:26 INFO     Hit10: 0.056362
2025-07-21 19:46:26 INFO     MR   : 1317.205807
2025-07-21 19:46:26 INFO     MRR  : 0.034766
2025-07-21 19:46:26 INFO     >>>>> Predictor: Computing H scores of rules
2025-07-21 19:50:08 INFO     1000 5959
2025-07-21 19:53:48 INFO     2000 5959
2025-07-21 19:57:31 INFO     3000 5959
2025-07-21 20:01:15 INFO     4000 5959
2025-07-21 20:05:00 INFO     5000 5959
2025-07-21 20:08:43 INFO     >>>>> Generator: Training
2025-07-21 20:08:50 INFO     -------------------------
2025-07-21 20:08:50 INFO     | EM Iteration: 3/5
2025-07-21 20:08:50 INFO     -------------------------
2025-07-21 20:08:50 INFO     >>>>> Using Generator's sample rule
2025-07-21 20:08:50 INFO     >>>>> Generator: Rule generation with sampling
2025-07-21 20:08:51 INFO     Predictor: read 1877 rules from list.
2025-07-21 20:08:51 INFO     Preprocess training set
2025-07-21 20:08:51 INFO     >>>>> Predictor: Training
2025-07-21 20:10:17 INFO     1000 5959 8.809976 69332.0
2025-07-21 20:11:44 INFO     2000 5959 8.469537 69349.3
2025-07-21 20:13:14 INFO     3000 5959 8.254404 69184.5
2025-07-21 20:14:42 INFO     4000 5959 8.080450 69253.9
2025-07-21 20:16:11 INFO     5000 5959 7.983767 69332.0
2025-07-21 20:17:38 INFO     >>>>> Predictor: Evaluating on valid
2025-07-21 20:17:54 INFO     Data : 2077
2025-07-21 20:17:54 INFO     Hit1 : 0.010592
2025-07-21 20:17:54 INFO     Hit3 : 0.025999
2025-07-21 20:17:54 INFO     Hit10: 0.051035
2025-07-21 20:17:54 INFO     MR   : 1450.381801
2025-07-21 20:17:54 INFO     MRR  : 0.026797
2025-07-21 20:17:54 INFO     >>>>> Predictor: Evaluating on test
2025-07-21 20:18:13 INFO     Data : 2342
2025-07-21 20:18:13 INFO     Hit1 : 0.014091
2025-07-21 20:18:13 INFO     Hit3 : 0.024765
2025-07-21 20:18:13 INFO     Hit10: 0.047395
2025-07-21 20:18:13 INFO     MR   : 1340.377455
2025-07-21 20:18:13 INFO     MRR  : 0.028016
2025-07-21 20:18:13 INFO     >>>>> Predictor: Computing H scores of rules
2025-07-21 20:22:01 INFO     1000 5959
2025-07-21 20:25:43 INFO     2000 5959
2025-07-21 20:29:27 INFO     3000 5959
2025-07-21 20:33:12 INFO     4000 5959
2025-07-21 20:36:56 INFO     5000 5959
2025-07-21 20:40:30 INFO     >>>>> Generator: Training
2025-07-21 20:40:37 INFO     -------------------------
2025-07-21 20:40:37 INFO     | EM Iteration: 4/5
2025-07-21 20:40:37 INFO     -------------------------
2025-07-21 20:40:37 INFO     >>>>> Using Generator's sample rule
2025-07-21 20:40:37 INFO     >>>>> Generator: Rule generation with sampling
2025-07-21 20:40:37 INFO     Predictor: read 1847 rules from list.
2025-07-21 20:40:37 INFO     Preprocess training set
2025-07-21 20:40:37 INFO     >>>>> Predictor: Training
2025-07-21 20:42:03 INFO     1000 5959 8.791110 69271.3
2025-07-21 20:43:31 INFO     2000 5959 8.404539 69340.6
2025-07-21 20:44:57 INFO     3000 5959 8.137731 69384.0
2025-07-21 20:46:22 INFO     4000 5959 7.963986 69262.6
2025-07-21 20:47:45 INFO     5000 5959 7.819836 69332.0
2025-07-21 20:49:06 INFO     >>>>> Predictor: Evaluating on valid
2025-07-21 20:49:21 INFO     Data : 2077
2025-07-21 20:49:21 INFO     Hit1 : 0.006259
2025-07-21 20:49:21 INFO     Hit3 : 0.018296
2025-07-21 20:49:21 INFO     Hit10: 0.036110
2025-07-21 20:49:21 INFO     MR   : 1486.285749
2025-07-21 20:49:21 INFO     MRR  : 0.019680
2025-07-21 20:49:21 INFO     >>>>> Predictor: Evaluating on test
2025-07-21 20:49:39 INFO     Data : 2342
2025-07-21 20:49:39 INFO     Hit1 : 0.008540
2025-07-21 20:49:39 INFO     Hit3 : 0.018787
2025-07-21 20:49:39 INFO     Hit10: 0.035440
2025-07-21 20:49:39 INFO     MR   : 1371.789710
2025-07-21 20:49:39 INFO     MRR  : 0.020680
2025-07-21 20:49:39 INFO     >>>>> Predictor: Computing H scores of rules
2025-07-21 20:53:40 INFO     1000 5959
2025-07-21 20:57:27 INFO     2000 5959
2025-07-21 21:01:05 INFO     3000 5959
2025-07-21 21:05:01 INFO     4000 5959
2025-07-21 21:08:39 INFO     5000 5959
2025-07-21 21:12:11 INFO     >>>>> Generator: Training
2025-07-21 21:12:18 INFO     -------------------------
2025-07-21 21:12:18 INFO     | EM Iteration: 5/5
2025-07-21 21:12:18 INFO     -------------------------
2025-07-21 21:12:18 INFO     >>>>> Using Generator's sample rule
2025-07-21 21:12:18 INFO     >>>>> Generator: Rule generation with sampling
2025-07-21 21:12:19 INFO     Predictor: read 1676 rules from list.
2025-07-21 21:12:19 INFO     Preprocess training set
2025-07-21 21:12:19 INFO     >>>>> Predictor: Training
2025-07-21 21:13:33 INFO     1000 5959 8.805924 69332.0
2025-07-21 21:14:48 INFO     2000 5959 8.434382 69349.3
2025-07-21 21:16:03 INFO     3000 5959 8.182272 69340.6
2025-07-21 21:17:19 INFO     4000 5959 8.012417 69297.3
2025-07-21 21:18:39 INFO     5000 5959 7.830053 69219.2
2025-07-21 21:20:07 INFO     >>>>> Predictor: Evaluating on valid
2025-07-21 21:20:21 INFO     Data : 2077
2025-07-21 21:20:21 INFO     Hit1 : 0.029851
2025-07-21 21:20:21 INFO     Hit3 : 0.053924
2025-07-21 21:20:21 INFO     Hit10: 0.076071
2025-07-21 21:20:21 INFO     MR   : 1451.129995
2025-07-21 21:20:21 INFO     MRR  : 0.049605
2025-07-21 21:20:21 INFO     >>>>> Predictor: Evaluating on test
2025-07-21 21:20:37 INFO     Data : 2342
2025-07-21 21:20:37 INFO     Hit1 : 0.028608
2025-07-21 21:20:37 INFO     Hit3 : 0.046541
2025-07-21 21:20:37 INFO     Hit10: 0.084116
2025-07-21 21:20:37 INFO     MR   : 1334.989112
2025-07-21 21:20:37 INFO     MRR  : 0.048452
2025-07-21 21:20:37 INFO     >>>>> Predictor: Computing H scores of rules
2025-07-21 21:23:55 INFO     1000 5959
2025-07-21 21:27:19 INFO     2000 5959
2025-07-21 21:30:52 INFO     3000 5959
2025-07-21 21:34:12 INFO     4000 5959
2025-07-21 21:37:35 INFO     5000 5959
2025-07-21 21:40:48 INFO     >>>>> Generator: Training
2025-07-21 21:40:55 INFO     -------------------------
2025-07-21 21:40:55 INFO     | Post-train Generator
2025-07-21 21:40:55 INFO     -------------------------
2025-07-21 21:40:56 INFO     >>>>> Generator: Training
2025-07-21 21:42:13 INFO     [E01000] Total 2.432650 | Main 2.559255 | RelClus 1.497829 | EntType 2.354638
2025-07-21 21:42:13 INFO     -------------------------
2025-07-21 21:42:13 INFO     | Beam Search Best Rules
2025-07-21 21:42:13 INFO     -------------------------
2025-07-21 21:42:13 INFO     >>>>> Generator: Rule generation with beam search
2025-07-21 21:42:14 INFO     >>>>> Generator: Rule generation with beam search
2025-07-21 21:42:23 INFO     >>>>> Generator: Rule generation with beam search
2025-07-21 21:44:13 INFO     >>>>> Generator: Rule generation with beam search
2025-07-21 21:45:45 INFO     >>>>> Generator: Rule generation with beam search
2025-07-21 21:46:47 INFO     -------------------------
2025-07-21 21:46:47 INFO     | Train Final Predictor+
2025-07-21 21:46:47 INFO     -------------------------
2025-07-21 21:46:48 INFO     Predictor+: read 18420 rules from list.
2025-07-21 21:46:48 INFO     Preprocess training set
2025-07-21 21:46:48 INFO     -------------------------
2025-07-21 21:46:48 INFO     | Iteration: 1/5
2025-07-21 21:46:48 INFO     -------------------------
2025-07-21 21:46:48 INFO     >>>>> Predictor: Training
2025-07-21 21:54:46 INFO     1000 5959 4.989481 69271.3
2025-07-21 22:02:39 INFO     2000 5959 4.755435 69332.0
2025-07-21 22:10:29 INFO     3000 5959 4.739476 69375.3
2025-07-21 22:18:23 INFO     4000 5959 4.737260 69279.9
2025-07-21 22:26:23 INFO     5000 5959 4.708390 69349.3
2025-07-21 22:34:00 INFO     >>>>> Predictor: Evaluating on valid
2025-07-21 22:35:58 INFO     Data : 2077
2025-07-21 22:35:58 INFO     Hit1 : 0.098219
2025-07-21 22:35:58 INFO     Hit3 : 0.177179
2025-07-21 22:35:58 INFO     Hit10: 0.311507
2025-07-21 22:35:58 INFO     MR   : 988.874097
2025-07-21 22:35:58 INFO     MRR  : 0.165282
2025-07-21 22:35:58 INFO     >>>>> Predictor: Evaluating on test
2025-07-21 22:38:07 INFO     Data : 2342
2025-07-21 22:38:07 INFO     Hit1 : 0.116140
2025-07-21 22:38:07 INFO     Hit3 : 0.203672
2025-07-21 22:38:07 INFO     Hit10: 0.318104
2025-07-21 22:38:07 INFO     MR   : 924.010248
2025-07-21 22:38:07 INFO     MRR  : 0.183144
2025-07-21 22:38:07 INFO     Save checkpoint to results/semmeddb/10_times_each/fixed/811/3_20250721_144632/predictor.pt
2025-07-21 22:38:07 INFO     -------------------------
2025-07-21 22:38:07 INFO     | Iteration: 2/5
2025-07-21 22:38:07 INFO     -------------------------
2025-07-21 22:38:07 INFO     >>>>> Predictor: Training
2025-07-21 22:45:58 INFO     1000 5959 4.637818 69366.7
2025-07-21 22:53:51 INFO     2000 5959 4.677023 69375.3
2025-07-21 23:01:50 INFO     3000 5959 4.664856 69219.2
2025-07-21 23:09:50 INFO     4000 5959 4.672361 69305.9
2025-07-21 23:17:37 INFO     5000 5959 4.660976 69288.6
2025-07-21 23:25:18 INFO     >>>>> Predictor: Evaluating on valid
2025-07-21 23:27:13 INFO     Data : 2077
2025-07-21 23:27:13 INFO     Hit1 : 0.091960
2025-07-21 23:27:13 INFO     Hit3 : 0.191141
2025-07-21 23:27:13 INFO     Hit10: 0.314877
2025-07-21 23:27:13 INFO     MR   : 954.135773
2025-07-21 23:27:13 INFO     MRR  : 0.165536
2025-07-21 23:27:13 INFO     >>>>> Predictor: Evaluating on test
2025-07-21 23:29:22 INFO     Data : 2342
2025-07-21 23:29:22 INFO     Hit1 : 0.131085
2025-07-21 23:29:22 INFO     Hit3 : 0.213493
2025-07-21 23:29:22 INFO     Hit10: 0.322801
2025-07-21 23:29:22 INFO     MR   : 891.801452
2025-07-21 23:29:22 INFO     MRR  : 0.193451
2025-07-21 23:29:22 INFO     Save checkpoint to results/semmeddb/10_times_each/fixed/811/3_20250721_144632/predictor.pt
2025-07-21 23:29:22 INFO     -------------------------
2025-07-21 23:29:22 INFO     | Iteration: 3/5
2025-07-21 23:29:22 INFO     -------------------------
2025-07-21 23:29:22 INFO     >>>>> Predictor: Training
2025-07-21 23:37:32 INFO     1000 5959 4.643204 69288.6
2025-07-21 23:45:40 INFO     2000 5959 4.648143 69288.6
2025-07-21 23:53:36 INFO     3000 5959 4.639315 69340.6
2025-07-22 00:01:31 INFO     4000 5959 4.637356 69271.3
2025-07-22 00:09:29 INFO     5000 5959 4.669328 69219.2
2025-07-22 00:17:09 INFO     >>>>> Predictor: Evaluating on valid
2025-07-22 00:19:09 INFO     Data : 2077
2025-07-22 00:19:09 INFO     Hit1 : 0.088108
2025-07-22 00:19:09 INFO     Hit3 : 0.179586
2025-07-22 00:19:09 INFO     Hit10: 0.304285
2025-07-22 00:19:09 INFO     MR   : 946.467983
2025-07-22 00:19:09 INFO     MRR  : 0.159609
2025-07-22 00:19:09 INFO     >>>>> Predictor: Evaluating on test
2025-07-22 00:21:21 INFO     Data : 2342
2025-07-22 00:21:21 INFO     Hit1 : 0.115713
2025-07-22 00:21:21 INFO     Hit3 : 0.199829
2025-07-22 00:21:21 INFO     Hit10: 0.315542
2025-07-22 00:21:21 INFO     MR   : 876.913108
2025-07-22 00:21:21 INFO     MRR  : 0.180082
2025-07-22 00:21:21 INFO     -------------------------
2025-07-22 00:21:21 INFO     | Iteration: 4/5
2025-07-22 00:21:21 INFO     -------------------------
2025-07-22 00:21:21 INFO     >>>>> Predictor: Training
2025-07-22 00:29:18 INFO     1000 5959 4.614599 69340.6
2025-07-22 00:37:15 INFO     2000 5959 4.590448 69184.5
2025-07-22 00:45:21 INFO     3000 5959 4.662847 69253.9
2025-07-22 00:53:16 INFO     4000 5959 4.626500 69340.6
2025-07-22 01:01:12 INFO     5000 5959 4.628754 69384.0
2025-07-22 01:08:53 INFO     >>>>> Predictor: Evaluating on valid
2025-07-22 01:10:47 INFO     Data : 2077
2025-07-22 01:10:47 INFO     Hit1 : 0.093885
2025-07-22 01:10:47 INFO     Hit3 : 0.185845
2025-07-22 01:10:47 INFO     Hit10: 0.310544
2025-07-22 01:10:47 INFO     MR   : 937.300915
2025-07-22 01:10:47 INFO     MRR  : 0.164893
2025-07-22 01:10:47 INFO     >>>>> Predictor: Evaluating on test
2025-07-22 01:12:58 INFO     Data : 2342
2025-07-22 01:12:58 INFO     Hit1 : 0.125534
2025-07-22 01:12:58 INFO     Hit3 : 0.212639
2025-07-22 01:12:58 INFO     Hit10: 0.318104
2025-07-22 01:12:58 INFO     MR   : 873.486977
2025-07-22 01:12:58 INFO     MRR  : 0.190256
2025-07-22 01:12:58 INFO     -------------------------
2025-07-22 01:12:58 INFO     | Iteration: 5/5
2025-07-22 01:12:58 INFO     -------------------------
2025-07-22 01:12:58 INFO     >>>>> Predictor: Training
2025-07-22 01:20:56 INFO     1000 5959 4.621188 69323.3
2025-07-22 01:28:57 INFO     2000 5959 4.607731 69332.0
2025-07-22 01:37:01 INFO     3000 5959 4.646403 69219.2
2025-07-22 01:45:10 INFO     4000 5959 4.636207 69297.3
2025-07-22 01:53:10 INFO     5000 5959 4.608060 69332.0
2025-07-22 02:05:25 INFO     >>>>> Predictor: Evaluating on valid
2025-07-22 02:08:38 INFO     Data : 2077
2025-07-22 02:08:38 INFO     Hit1 : 0.087626
2025-07-22 02:08:38 INFO     Hit3 : 0.183919
2025-07-22 02:08:38 INFO     Hit10: 0.316803
2025-07-22 02:08:38 INFO     MR   : 929.773471
2025-07-22 02:08:38 INFO     MRR  : 0.161707
2025-07-22 02:08:38 INFO     >>>>> Predictor: Evaluating on test
2025-07-22 02:12:21 INFO     Data : 2342
2025-07-22 02:12:21 INFO     Hit1 : 0.120837
2025-07-22 02:12:21 INFO     Hit3 : 0.207515
2025-07-22 02:12:21 INFO     Hit10: 0.322374
2025-07-22 02:12:21 INFO     MR   : 862.799530
2025-07-22 02:12:21 INFO     MRR  : 0.186275
2025-07-22 02:12:21 INFO     -------------------------
2025-07-22 02:12:21 INFO     | Final Test MRR: 0.193451
2025-07-22 02:12:21 INFO     -------------------------
