2025-05-21 16:45:18 INFO     -------------------------
2025-05-21 16:45:18 INFO     | Pre-train Generator
2025-05-21 16:45:18 INFO     -------------------------
2025-05-21 16:45:18 INFO     >>>>> Generator: Training
2025-05-21 16:45:23 INFO     [E1000] Total: 1.617747 | Main: 1.653723 | Aux: 0.922826
2025-05-21 16:45:27 INFO     [E2000] Total: 1.535770 | Main: 1.569442 | Aux: 0.896008
2025-05-21 16:45:31 INFO     [E3000] Total: 1.525521 | Main: 1.558799 | Aux: 0.893231
2025-05-21 16:45:35 INFO     [E4000] Total: 1.519623 | Main: 1.552687 | Aux: 0.891425
2025-05-21 16:45:39 INFO     [E5000] Total: 1.515357 | Main: 1.548252 | Aux: 0.890338
2025-05-21 16:45:44 INFO     [E6000] Total: 1.512968 | Main: 1.545774 | Aux: 0.889666
2025-05-21 16:45:48 INFO     [E7000] Total: 1.511931 | Main: 1.544689 | Aux: 0.889525
2025-05-21 16:45:52 INFO     [E8000] Total: 1.511962 | Main: 1.544746 | Aux: 0.889073
2025-05-21 16:45:57 INFO     [E9000] Total: 1.508534 | Main: 1.541174 | Aux: 0.888380
2025-05-21 16:46:01 INFO     [E10000] Total: 1.508358 | Main: 1.540995 | Aux: 0.888268
2025-05-21 16:46:01 INFO     -------------------------
2025-05-21 16:46:01 INFO     | EM Iteration: 1/5
2025-05-21 16:46:01 INFO     -------------------------
2025-05-21 16:46:01 INFO     >>>>> Generator: Rule generation with sampling
2025-05-21 16:46:01 INFO     Predictor: read 1330 rules from list.
2025-05-21 16:46:01 INFO     Preprocess training set
2025-05-21 16:46:01 INFO     >>>>> Predictor: Training
2025-05-21 16:46:41 INFO     1000 12313 8.236806 69358.0
2025-05-21 16:47:20 INFO     2000 12313 7.801967 69332.0
2025-05-21 16:47:58 INFO     3000 12313 7.577446 69384.0
2025-05-21 16:48:37 INFO     4000 12313 7.455534 69279.9
2025-05-21 16:49:15 INFO     5000 12313 7.349450 69332.0
2025-05-21 16:49:52 INFO     6000 12313 7.265088 69384.0
2025-05-21 16:50:30 INFO     7000 12313 7.185538 69297.3
2025-05-21 16:51:07 INFO     8000 12313 7.169047 69323.3
2025-05-21 16:51:45 INFO     9000 12313 7.101671 69358.0
2025-05-21 16:52:22 INFO     10000 12313 7.086909 69332.0
2025-05-21 16:52:59 INFO     11000 12313 7.051274 69366.7
2025-05-21 16:53:37 INFO     12000 12313 7.027159 69279.9
2025-05-21 16:53:49 INFO     >>>>> Predictor: Evaluating on valid
2025-05-21 16:54:04 INFO     Data : 3823
2025-05-21 16:54:04 INFO     Hit1 : 0.025111
2025-05-21 16:54:04 INFO     Hit3 : 0.050222
2025-05-21 16:54:04 INFO     Hit10: 0.094952
2025-05-21 16:54:04 INFO     MR   : 1196.238687
2025-05-21 16:54:04 INFO     MRR  : 0.050089
2025-05-21 16:54:04 INFO     >>>>> Predictor: Evaluating on test
2025-05-21 16:54:22 INFO     Data : 4402
2025-05-21 16:54:22 INFO     Hit1 : 0.030895
2025-05-21 16:54:22 INFO     Hit3 : 0.058383
2025-05-21 16:54:22 INFO     Hit10: 0.094502
2025-05-21 16:54:22 INFO     MR   : 1186.683212
2025-05-21 16:54:22 INFO     MRR  : 0.055639
2025-05-21 16:54:22 INFO     >>>>> Predictor: Computing H scores of rules
2025-05-21 16:55:02 INFO     1000 12313
2025-05-21 16:55:41 INFO     2000 12313
2025-05-21 16:56:20 INFO     3000 12313
2025-05-21 16:57:00 INFO     4000 12313
2025-05-21 16:57:40 INFO     5000 12313
2025-05-21 16:58:19 INFO     6000 12313
2025-05-21 16:58:59 INFO     7000 12313
2025-05-21 16:59:39 INFO     8000 12313
2025-05-21 17:00:18 INFO     9000 12313
2025-05-21 17:00:57 INFO     10000 12313
2025-05-21 17:01:37 INFO     11000 12313
2025-05-21 17:02:16 INFO     12000 12313
2025-05-21 17:02:29 INFO     >>>>> Generator: Training
2025-05-21 17:02:29 INFO     -------------------------
2025-05-21 17:02:29 INFO     | EM Iteration: 2/5
2025-05-21 17:02:29 INFO     -------------------------
2025-05-21 17:02:29 INFO     >>>>> Generator: Rule generation with sampling
2025-05-21 17:02:29 INFO     Predictor: read 1407 rules from list.
2025-05-21 17:02:29 INFO     Preprocess training set
2025-05-21 17:02:29 INFO     >>>>> Predictor: Training
2025-05-21 17:03:10 INFO     1000 12313 8.249038 69366.7
2025-05-21 17:03:50 INFO     2000 12313 7.769431 69279.9
2025-05-21 17:04:31 INFO     3000 12313 7.603475 69253.9
2025-05-21 17:05:11 INFO     4000 12313 7.453178 69340.6
2025-05-21 17:05:51 INFO     5000 12313 7.376298 69366.7
2025-05-21 17:06:32 INFO     6000 12313 7.292745 69358.0
2025-05-21 17:07:12 INFO     7000 12313 7.249778 69366.7
2025-05-21 17:07:53 INFO     8000 12313 7.241276 69384.0
2025-05-21 17:08:33 INFO     9000 12313 7.193277 69262.6
2025-05-21 17:09:14 INFO     10000 12313 7.175045 69323.3
2025-05-21 17:09:54 INFO     11000 12313 7.148506 69366.7
2025-05-21 17:10:35 INFO     12000 12313 7.131791 69332.0
2025-05-21 17:10:47 INFO     >>>>> Predictor: Evaluating on valid
2025-05-21 17:11:03 INFO     Data : 3823
2025-05-21 17:11:03 INFO     Hit1 : 0.031127
2025-05-21 17:11:03 INFO     Hit3 : 0.059901
2025-05-21 17:11:03 INFO     Hit10: 0.112477
2025-05-21 17:11:03 INFO     MR   : 1151.355349
2025-05-21 17:11:03 INFO     MRR  : 0.059469
2025-05-21 17:11:03 INFO     >>>>> Predictor: Evaluating on test
2025-05-21 17:11:21 INFO     Data : 4402
2025-05-21 17:11:21 INFO     Hit1 : 0.038619
2025-05-21 17:11:21 INFO     Hit3 : 0.067697
2025-05-21 17:11:21 INFO     Hit10: 0.113585
2025-05-21 17:11:21 INFO     MR   : 1141.100522
2025-05-21 17:11:21 INFO     MRR  : 0.066227
2025-05-21 17:11:21 INFO     >>>>> Predictor: Computing H scores of rules
2025-05-21 17:12:04 INFO     1000 12313
2025-05-21 17:12:46 INFO     2000 12313
2025-05-21 17:13:29 INFO     3000 12313
2025-05-21 17:14:11 INFO     4000 12313
2025-05-21 17:14:54 INFO     5000 12313
2025-05-21 17:15:36 INFO     6000 12313
2025-05-21 17:16:19 INFO     7000 12313
2025-05-21 17:17:03 INFO     8000 12313
2025-05-21 17:17:46 INFO     9000 12313
2025-05-21 17:18:30 INFO     10000 12313
2025-05-21 17:19:14 INFO     11000 12313
2025-05-21 17:19:57 INFO     12000 12313
2025-05-21 17:20:11 INFO     >>>>> Generator: Training
2025-05-21 17:20:12 INFO     -------------------------
2025-05-21 17:20:12 INFO     | EM Iteration: 3/5
2025-05-21 17:20:12 INFO     -------------------------
2025-05-21 17:20:12 INFO     >>>>> Generator: Rule generation with sampling
2025-05-21 17:20:12 INFO     Predictor: read 1486 rules from list.
2025-05-21 17:20:12 INFO     Preprocess training set
2025-05-21 17:20:12 INFO     >>>>> Predictor: Training
2025-05-21 17:20:54 INFO     1000 12313 8.202313 69384.0
2025-05-21 17:21:36 INFO     2000 12313 7.718006 69384.0
2025-05-21 17:22:18 INFO     3000 12313 7.455285 69253.9
2025-05-21 17:22:59 INFO     4000 12313 7.316740 69323.3
2025-05-21 17:23:41 INFO     5000 12313 7.196250 69384.0
2025-05-21 17:24:22 INFO     6000 12313 7.078306 69323.3
2025-05-21 17:25:03 INFO     7000 12313 6.995663 69366.7
2025-05-21 17:25:45 INFO     8000 12313 6.925946 69332.0
2025-05-21 17:26:26 INFO     9000 12313 6.826842 69384.0
2025-05-21 17:27:07 INFO     10000 12313 6.826982 69227.9
2025-05-21 17:27:49 INFO     11000 12313 6.767499 69340.6
2025-05-21 17:28:30 INFO     12000 12313 6.737091 69297.3
2025-05-21 17:28:43 INFO     >>>>> Predictor: Evaluating on valid
2025-05-21 17:28:59 INFO     Data : 3823
2025-05-21 17:28:59 INFO     Hit1 : 0.027204
2025-05-21 17:28:59 INFO     Hit3 : 0.056239
2025-05-21 17:28:59 INFO     Hit10: 0.112216
2025-05-21 17:28:59 INFO     MR   : 1150.779231
2025-05-21 17:28:59 INFO     MRR  : 0.057593
2025-05-21 17:28:59 INFO     >>>>> Predictor: Evaluating on test
2025-05-21 17:29:19 INFO     Data : 4402
2025-05-21 17:29:19 INFO     Hit1 : 0.034303
2025-05-21 17:29:19 INFO     Hit3 : 0.066333
2025-05-21 17:29:19 INFO     Hit10: 0.124943
2025-05-21 17:29:19 INFO     MR   : 1129.455361
2025-05-21 17:29:19 INFO     MRR  : 0.064965
2025-05-21 17:29:19 INFO     >>>>> Predictor: Computing H scores of rules
2025-05-21 17:30:02 INFO     1000 12313
2025-05-21 17:30:46 INFO     2000 12313
2025-05-21 17:31:30 INFO     3000 12313
2025-05-21 17:32:13 INFO     4000 12313
2025-05-21 17:32:57 INFO     5000 12313
2025-05-21 17:33:41 INFO     6000 12313
2025-05-21 17:34:26 INFO     7000 12313
2025-05-21 17:35:10 INFO     8000 12313
2025-05-21 17:35:53 INFO     9000 12313
2025-05-21 17:36:37 INFO     10000 12313
2025-05-21 17:37:20 INFO     11000 12313
2025-05-21 17:38:04 INFO     12000 12313
2025-05-21 17:38:18 INFO     >>>>> Generator: Training
2025-05-21 17:38:18 INFO     -------------------------
2025-05-21 17:38:18 INFO     | EM Iteration: 4/5
2025-05-21 17:38:18 INFO     -------------------------
2025-05-21 17:38:18 INFO     >>>>> Generator: Rule generation with sampling
2025-05-21 17:38:18 INFO     Predictor: read 1530 rules from list.
2025-05-21 17:38:18 INFO     Preprocess training set
2025-05-21 17:38:18 INFO     >>>>> Predictor: Training
2025-05-21 17:39:00 INFO     1000 12313 8.230998 69314.6
2025-05-21 17:39:41 INFO     2000 12313 7.762300 69279.9
2025-05-21 17:40:23 INFO     3000 12313 7.518194 69366.7
2025-05-21 17:41:05 INFO     4000 12313 7.419076 69366.7
2025-05-21 17:41:47 INFO     5000 12313 7.331589 69288.6
2025-05-21 17:42:29 INFO     6000 12313 7.241479 69340.6
2025-05-21 17:43:11 INFO     7000 12313 7.144836 69384.0
2025-05-21 17:43:53 INFO     8000 12313 7.087596 69340.6
2025-05-21 17:44:35 INFO     9000 12313 7.101524 69384.0
2025-05-21 17:45:17 INFO     10000 12313 7.032316 69288.6
2025-05-21 17:45:58 INFO     11000 12313 7.029946 69262.6
2025-05-21 17:46:40 INFO     12000 12313 6.996957 69384.0
2025-05-21 17:46:53 INFO     >>>>> Predictor: Evaluating on valid
2025-05-21 17:47:11 INFO     Data : 3823
2025-05-21 17:47:11 INFO     Hit1 : 0.036882
2025-05-21 17:47:11 INFO     Hit3 : 0.075857
2025-05-21 17:47:11 INFO     Hit10: 0.140466
2025-05-21 17:47:11 INFO     MR   : 1094.146089
2025-05-21 17:47:11 INFO     MRR  : 0.072299
2025-05-21 17:47:11 INFO     >>>>> Predictor: Evaluating on test
2025-05-21 17:47:30 INFO     Data : 4402
2025-05-21 17:47:30 INFO     Hit1 : 0.044298
2025-05-21 17:47:30 INFO     Hit3 : 0.090413
2025-05-21 17:47:30 INFO     Hit10: 0.151522
2025-05-21 17:47:30 INFO     MR   : 1096.452181
2025-05-21 17:47:30 INFO     MRR  : 0.081596
2025-05-21 17:47:30 INFO     >>>>> Predictor: Computing H scores of rules
2025-05-21 17:48:14 INFO     1000 12313
2025-05-21 17:48:58 INFO     2000 12313
2025-05-21 17:49:42 INFO     3000 12313
2025-05-21 17:50:25 INFO     4000 12313
2025-05-21 17:51:09 INFO     5000 12313
2025-05-21 17:51:53 INFO     6000 12313
2025-05-21 17:52:37 INFO     7000 12313
2025-05-21 17:53:21 INFO     8000 12313
2025-05-21 17:54:04 INFO     9000 12313
2025-05-21 17:54:48 INFO     10000 12313
2025-05-21 17:55:32 INFO     11000 12313
2025-05-21 17:56:16 INFO     12000 12313
2025-05-21 17:56:29 INFO     >>>>> Generator: Training
2025-05-21 17:56:30 INFO     -------------------------
2025-05-21 17:56:30 INFO     | EM Iteration: 5/5
2025-05-21 17:56:30 INFO     -------------------------
2025-05-21 17:56:30 INFO     >>>>> Generator: Rule generation with sampling
2025-05-21 17:56:30 INFO     Predictor: read 1602 rules from list.
2025-05-21 17:56:30 INFO     Preprocess training set
2025-05-21 17:56:30 INFO     >>>>> Predictor: Training
2025-05-21 17:57:13 INFO     1000 12313 8.255539 69340.6
2025-05-21 17:57:55 INFO     2000 12313 7.811858 69288.6
2025-05-21 17:58:38 INFO     3000 12313 7.606987 69366.7
2025-05-21 17:59:21 INFO     4000 12313 7.499022 69305.9
2025-05-21 18:00:04 INFO     5000 12313 7.384116 69323.3
2025-05-21 18:00:48 INFO     6000 12313 7.335614 69384.0
2025-05-21 18:01:31 INFO     7000 12313 7.287110 69279.9
2025-05-21 18:02:15 INFO     8000 12313 7.211810 69384.0
2025-05-21 18:02:58 INFO     9000 12313 7.218469 69366.7
2025-05-21 18:03:42 INFO     10000 12313 7.175639 69297.3
2025-05-21 18:04:25 INFO     11000 12313 7.145184 69279.9
2025-05-21 18:05:09 INFO     12000 12313 7.149319 69384.0
2025-05-21 18:05:23 INFO     >>>>> Predictor: Evaluating on valid
2025-05-21 18:05:40 INFO     Data : 3823
2025-05-21 18:05:40 INFO     Hit1 : 0.027465
2025-05-21 18:05:40 INFO     Hit3 : 0.053361
2025-05-21 18:05:40 INFO     Hit10: 0.101229
2025-05-21 18:05:40 INFO     MR   : 1193.397463
2025-05-21 18:05:40 INFO     MRR  : 0.053835
2025-05-21 18:05:40 INFO     >>>>> Predictor: Evaluating on test
2025-05-21 18:06:01 INFO     Data : 4402
2025-05-21 18:06:01 INFO     Hit1 : 0.032258
2025-05-21 18:06:01 INFO     Hit3 : 0.059291
2025-05-21 18:06:01 INFO     Hit10: 0.104044
2025-05-21 18:06:01 INFO     MR   : 1176.421286
2025-05-21 18:06:01 INFO     MRR  : 0.057899
2025-05-21 18:06:01 INFO     >>>>> Predictor: Computing H scores of rules
2025-05-21 18:06:46 INFO     1000 12313
2025-05-21 18:07:32 INFO     2000 12313
2025-05-21 18:08:18 INFO     3000 12313
2025-05-21 18:09:04 INFO     4000 12313
2025-05-21 18:09:50 INFO     5000 12313
2025-05-21 18:10:35 INFO     6000 12313
2025-05-21 18:11:20 INFO     7000 12313
2025-05-21 18:12:06 INFO     8000 12313
2025-05-21 18:12:51 INFO     9000 12313
2025-05-21 18:13:36 INFO     10000 12313
2025-05-21 18:14:21 INFO     11000 12313
2025-05-21 18:15:06 INFO     12000 12313
2025-05-21 18:15:20 INFO     >>>>> Generator: Training
2025-05-21 18:15:21 INFO     -------------------------
2025-05-21 18:15:21 INFO     | Post-train Generator
2025-05-21 18:15:21 INFO     -------------------------
2025-05-21 18:15:21 INFO     >>>>> Generator: Training
2025-05-21 18:15:25 INFO     [E1000] Total: 1.710363 | Main: 1.753215 | Aux: 0.886387
2025-05-21 18:15:25 INFO     -------------------------
2025-05-21 18:15:25 INFO     | Beam Search Best Rules
2025-05-21 18:15:25 INFO     -------------------------
2025-05-21 18:15:25 INFO     >>>>> Generator: Rule generation with beam search
2025-05-21 18:15:25 INFO     >>>>> Generator: Rule generation with beam search
2025-05-21 18:15:26 INFO     >>>>> Generator: Rule generation with beam search
2025-05-21 18:15:34 INFO     >>>>> Generator: Rule generation with beam search
2025-05-21 18:15:40 INFO     >>>>> Generator: Rule generation with beam search
2025-05-21 18:15:43 INFO     -------------------------
2025-05-21 18:15:43 INFO     | Train Final Predictor+
2025-05-21 18:15:43 INFO     -------------------------
2025-05-21 18:15:43 INFO     Predictor+: read 18420 rules from list.
2025-05-21 18:15:44 INFO     Preprocess training set
2025-05-21 18:15:44 INFO     -------------------------
2025-05-21 18:15:44 INFO     | Iteration: 1/5
2025-05-21 18:15:44 INFO     -------------------------
2025-05-21 18:15:44 INFO     >>>>> Predictor: Training
2025-05-21 18:22:02 INFO     1000 12313 4.689683 69314.6
2025-05-21 18:28:20 INFO     2000 12313 4.496021 69366.7
2025-05-21 18:34:39 INFO     3000 12313 4.456151 69279.9
2025-05-21 18:40:53 INFO     4000 12313 4.450262 69340.6
2025-05-21 18:47:07 INFO     5000 12313 4.485644 69236.6
2025-05-21 18:53:21 INFO     6000 12313 4.446047 69366.7
2025-05-21 18:59:41 INFO     7000 12313 4.426943 69323.3
2025-05-21 19:06:01 INFO     8000 12313 4.465902 69349.3
2025-05-21 19:12:21 INFO     9000 12313 4.428652 69384.0
2025-05-21 19:18:41 INFO     10000 12313 4.421484 69384.0
2025-05-21 19:24:56 INFO     11000 12313 4.446825 69288.6
2025-05-21 19:31:10 INFO     12000 12313 4.449700 69366.7
2025-05-21 19:33:08 INFO     >>>>> Predictor: Evaluating on valid
2025-05-21 19:35:49 INFO     Data : 3823
2025-05-21 19:35:49 INFO     Hit1 : 0.076641
2025-05-21 19:35:49 INFO     Hit3 : 0.157468
2025-05-21 19:35:49 INFO     Hit10: 0.291394
2025-05-21 19:35:49 INFO     MR   : 620.923620
2025-05-21 19:35:49 INFO     MRR  : 0.147140
2025-05-21 19:35:49 INFO     >>>>> Predictor: Evaluating on test
2025-05-21 19:38:55 INFO     Data : 4402
2025-05-21 19:38:55 INFO     Hit1 : 0.108814
2025-05-21 19:38:55 INFO     Hit3 : 0.192867
2025-05-21 19:38:55 INFO     Hit10: 0.323262
2025-05-21 19:38:55 INFO     MR   : 597.166061
2025-05-21 19:38:55 INFO     MRR  : 0.178215
2025-05-21 19:38:55 INFO     Save checkpoint to results/semmeddb/multitask/full/warmup/predictor.pt
2025-05-21 19:38:55 INFO     -------------------------
2025-05-21 19:38:55 INFO     | Iteration: 2/5
2025-05-21 19:38:55 INFO     -------------------------
2025-05-21 19:38:55 INFO     >>>>> Predictor: Training
2025-05-21 19:45:12 INFO     1000 12313 4.387398 69384.0
2025-05-21 19:51:33 INFO     2000 12313 4.383665 69384.0
2025-05-21 19:57:55 INFO     3000 12313 4.392773 69340.6
2025-05-21 20:04:16 INFO     4000 12313 4.399038 69305.9
2025-05-21 20:10:38 INFO     5000 12313 4.410916 69340.6
2025-05-21 20:17:00 INFO     6000 12313 4.414809 69297.3
2025-05-21 20:23:22 INFO     7000 12313 4.398243 69323.3
2025-05-21 20:29:44 INFO     8000 12313 4.419408 69366.7
2025-05-21 20:36:05 INFO     9000 12313 4.392124 69297.3
2025-05-21 20:42:27 INFO     10000 12313 4.408255 69366.7
2025-05-21 20:48:49 INFO     11000 12313 4.414622 69314.6
2025-05-21 20:55:10 INFO     12000 12313 4.426055 69279.9
2025-05-21 20:57:09 INFO     >>>>> Predictor: Evaluating on valid
2025-05-21 20:59:54 INFO     Data : 3823
2025-05-21 20:59:54 INFO     Hit1 : 0.080303
2025-05-21 20:59:54 INFO     Hit3 : 0.154591
2025-05-21 20:59:54 INFO     Hit10: 0.301072
2025-05-21 20:59:54 INFO     MR   : 605.062516
2025-05-21 20:59:54 INFO     MRR  : 0.149429
2025-05-21 20:59:54 INFO     >>>>> Predictor: Evaluating on test
2025-05-21 21:03:03 INFO     Data : 4402
2025-05-21 21:03:03 INFO     Hit1 : 0.105634
2025-05-21 21:03:03 INFO     Hit3 : 0.192867
2025-05-21 21:03:03 INFO     Hit10: 0.322808
2025-05-21 21:03:03 INFO     MR   : 580.277942
2025-05-21 21:03:03 INFO     MRR  : 0.177460
2025-05-21 21:03:03 INFO     Save checkpoint to results/semmeddb/multitask/full/warmup/predictor.pt
2025-05-21 21:03:03 INFO     -------------------------
2025-05-21 21:03:03 INFO     | Iteration: 3/5
2025-05-21 21:03:03 INFO     -------------------------
2025-05-21 21:03:03 INFO     >>>>> Predictor: Training
2025-05-21 21:09:24 INFO     1000 12313 4.391901 69262.6
2025-05-21 21:15:45 INFO     2000 12313 4.370093 69384.0
2025-05-21 21:22:06 INFO     3000 12313 4.352421 69262.6
2025-05-21 21:28:28 INFO     4000 12313 4.396582 69323.3
2025-05-21 21:34:49 INFO     5000 12313 4.362652 69366.7
2025-05-21 21:41:09 INFO     6000 12313 4.383908 69323.3
2025-05-21 21:47:31 INFO     7000 12313 4.392987 69366.7
2025-05-21 21:53:55 INFO     8000 12313 4.402596 69384.0
2025-05-21 22:00:23 INFO     9000 12313 4.383340 69349.3
2025-05-21 22:06:50 INFO     10000 12313 4.408195 69314.6
2025-05-21 22:13:14 INFO     11000 12313 4.367236 69349.3
2025-05-21 22:19:34 INFO     12000 12313 4.400541 69314.6
2025-05-21 22:21:34 INFO     >>>>> Predictor: Evaluating on valid
2025-05-21 22:24:18 INFO     Data : 3823
2025-05-21 22:24:18 INFO     Hit1 : 0.081350
2025-05-21 22:24:18 INFO     Hit3 : 0.158253
2025-05-21 22:24:18 INFO     Hit10: 0.300288
2025-05-21 22:24:18 INFO     MR   : 603.813105
2025-05-21 22:24:18 INFO     MRR  : 0.150727
2025-05-21 22:24:18 INFO     >>>>> Predictor: Evaluating on test
2025-05-21 22:27:27 INFO     Data : 4402
2025-05-21 22:27:27 INFO     Hit1 : 0.110177
2025-05-21 22:27:27 INFO     Hit3 : 0.195820
2025-05-21 22:27:27 INFO     Hit10: 0.324852
2025-05-21 22:27:27 INFO     MR   : 567.862222
2025-05-21 22:27:27 INFO     MRR  : 0.180029
2025-05-21 22:27:27 INFO     Save checkpoint to results/semmeddb/multitask/full/warmup/predictor.pt
2025-05-21 22:27:27 INFO     -------------------------
2025-05-21 22:27:27 INFO     | Iteration: 4/5
2025-05-21 22:27:27 INFO     -------------------------
2025-05-21 22:27:27 INFO     >>>>> Predictor: Training
2025-05-21 22:33:47 INFO     1000 12313 4.339505 69384.0
2025-05-21 22:40:09 INFO     2000 12313 4.362372 69340.6
2025-05-21 22:46:31 INFO     3000 12313 4.367808 69384.0
2025-05-21 22:52:53 INFO     4000 12313 4.403079 69253.9
2025-05-21 22:59:15 INFO     5000 12313 4.383723 69262.6
2025-05-21 23:05:37 INFO     6000 12313 4.396984 69340.6
2025-05-21 23:11:58 INFO     7000 12313 4.376970 69314.6
2025-05-21 23:18:21 INFO     8000 12313 4.357299 69323.3
2025-05-21 23:24:42 INFO     9000 12313 4.387450 69366.7
2025-05-21 23:31:03 INFO     10000 12313 4.360093 69349.3
2025-05-21 23:37:24 INFO     11000 12313 4.371504 69366.7
2025-05-21 23:43:45 INFO     12000 12313 4.386436 69366.7
2025-05-21 23:45:44 INFO     >>>>> Predictor: Evaluating on valid
2025-05-21 23:48:29 INFO     Data : 3823
2025-05-21 23:48:29 INFO     Hit1 : 0.078211
2025-05-21 23:48:29 INFO     Hit3 : 0.157468
2025-05-21 23:48:29 INFO     Hit10: 0.297934
2025-05-21 23:48:29 INFO     MR   : 597.927282
2025-05-21 23:48:29 INFO     MRR  : 0.149213
2025-05-21 23:48:29 INFO     >>>>> Predictor: Evaluating on test
2025-05-21 23:51:38 INFO     Data : 4402
2025-05-21 23:51:38 INFO     Hit1 : 0.109496
2025-05-21 23:51:38 INFO     Hit3 : 0.193548
2025-05-21 23:51:38 INFO     Hit10: 0.320763
2025-05-21 23:51:38 INFO     MR   : 563.380963
2025-05-21 23:51:38 INFO     MRR  : 0.179528
2025-05-21 23:51:38 INFO     -------------------------
2025-05-21 23:51:38 INFO     | Iteration: 5/5
2025-05-21 23:51:38 INFO     -------------------------
2025-05-21 23:51:38 INFO     >>>>> Predictor: Training
2025-05-21 23:57:58 INFO     1000 12313 4.338893 69323.3
2025-05-22 00:04:20 INFO     2000 12313 4.363765 69384.0
2025-05-22 00:10:40 INFO     3000 12313 4.360401 69245.2
2025-05-22 00:17:01 INFO     4000 12313 4.341535 69384.0
2025-05-22 00:23:22 INFO     5000 12313 4.390501 69366.7
2025-05-22 00:29:42 INFO     6000 12313 4.362971 69323.3
2025-05-22 00:36:03 INFO     7000 12313 4.380877 69384.0
2025-05-22 00:42:24 INFO     8000 12313 4.391926 69297.3
2025-05-22 00:48:45 INFO     9000 12313 4.367907 69384.0
2025-05-22 00:55:05 INFO     10000 12313 4.366949 69271.3
2025-05-22 01:01:27 INFO     11000 12313 4.365183 69340.6
2025-05-22 01:07:47 INFO     12000 12313 4.349303 69297.3
2025-05-22 01:09:48 INFO     >>>>> Predictor: Evaluating on valid
2025-05-22 01:12:32 INFO     Data : 3823
2025-05-22 01:12:32 INFO     Hit1 : 0.080303
2025-05-22 01:12:32 INFO     Hit3 : 0.159822
2025-05-22 01:12:32 INFO     Hit10: 0.296887
2025-05-22 01:12:32 INFO     MR   : 591.114962
2025-05-22 01:12:32 INFO     MRR  : 0.150576
2025-05-22 01:12:32 INFO     >>>>> Predictor: Evaluating on test
2025-05-22 01:15:43 INFO     Data : 4402
2025-05-22 01:15:43 INFO     Hit1 : 0.110859
2025-05-22 01:15:43 INFO     Hit3 : 0.195139
2025-05-22 01:15:43 INFO     Hit10: 0.320082
2025-05-22 01:15:43 INFO     MR   : 562.007724
2025-05-22 01:15:43 INFO     MRR  : 0.179262
2025-05-22 01:15:43 INFO     -------------------------
2025-05-22 01:15:43 INFO     | Final Test MRR: 0.180029
2025-05-22 01:15:43 INFO     -------------------------
