2025-07-09 23:17:38 INFO     is_soft_label: False
2025-07-09 23:17:38 INFO     is_scheduled_sampling: False
2025-07-09 23:17:38 INFO     is_test_mode: False
2025-07-09 23:17:39 INFO     Data loading | DONE!
2025-07-09 23:17:39 INFO     Using full datasets for training, validation, and testing.
2025-07-09 23:17:39 INFO     -------------------------
2025-07-09 23:17:39 INFO     | EM Iteration: 1/5
2025-07-09 23:17:39 INFO     -------------------------
2025-07-09 23:17:39 INFO     >>>>> Using miner's rule
2025-07-09 23:17:39 INFO     Predictor: read 13661 rules from list.
2025-07-09 23:17:40 INFO     Preprocess training set
2025-07-09 23:17:40 INFO     >>>>> Predictor: Evaluating on valid
2025-07-09 23:19:33 INFO     Data : 2077
2025-07-09 23:19:33 INFO     Hit1 : 0.065479
2025-07-09 23:19:33 INFO     Hit3 : 0.127106
2025-07-09 23:19:33 INFO     Hit10: 0.199326
2025-07-09 23:19:33 INFO     MR   : 1120.902022
2025-07-09 23:19:33 INFO     MRR  : 0.114382
2025-07-09 23:19:33 INFO     >>>>> Predictor: Evaluating on test
2025-07-09 23:21:41 INFO     Data : 2342
2025-07-09 23:21:41 INFO     Hit1 : 0.078992
2025-07-09 23:21:41 INFO     Hit3 : 0.124253
2025-07-09 23:21:41 INFO     Hit10: 0.208796
2025-07-09 23:21:41 INFO     MR   : 1044.269001
2025-07-09 23:21:41 INFO     MRR  : 0.122250
2025-07-09 23:21:41 INFO     >>>>> Predictor: Computing H scores of rules
2025-07-09 23:49:29 INFO     1000 5959
2025-07-10 00:17:43 INFO     2000 5959
2025-07-10 00:46:09 INFO     3000 5959
2025-07-10 01:14:32 INFO     4000 5959
2025-07-10 01:42:25 INFO     5000 5959
2025-07-10 02:11:11 INFO     >>>>> Generator: Training
2025-07-10 02:11:15 INFO     -------------------------
2025-07-10 02:11:15 INFO     | EM Iteration: 2/5
2025-07-10 02:11:15 INFO     -------------------------
2025-07-10 02:11:15 INFO     >>>>> Using Generator's sample rule
2025-07-10 02:11:15 INFO     >>>>> Generator: Rule generation with sampling
2025-07-10 02:11:15 INFO     Predictor: read 1911 rules from list.
2025-07-10 02:11:15 INFO     Preprocess training set
2025-07-10 02:11:15 INFO     >>>>> Predictor: Training
2025-07-10 02:12:03 INFO     1000 5959 8.782327 69314.6
2025-07-10 02:12:50 INFO     2000 5959 8.410087 69271.3
2025-07-10 02:13:36 INFO     3000 5959 8.219261 69245.2
2025-07-10 02:14:24 INFO     4000 5959 8.065555 69340.6
2025-07-10 02:15:11 INFO     5000 5959 7.941184 69340.6
2025-07-10 02:15:57 INFO     >>>>> Predictor: Evaluating on valid
2025-07-10 02:16:06 INFO     Data : 2077
2025-07-10 02:16:06 INFO     Hit1 : 0.025036
2025-07-10 02:16:06 INFO     Hit3 : 0.040924
2025-07-10 02:16:06 INFO     Hit10: 0.064035
2025-07-10 02:16:06 INFO     MR   : 1406.502407
2025-07-10 02:16:06 INFO     MRR  : 0.041153
2025-07-10 02:16:06 INFO     >>>>> Predictor: Evaluating on test
2025-07-10 02:16:17 INFO     Data : 2342
2025-07-10 02:16:17 INFO     Hit1 : 0.019641
2025-07-10 02:16:17 INFO     Hit3 : 0.030743
2025-07-10 02:16:17 INFO     Hit10: 0.056362
2025-07-10 02:16:17 INFO     MR   : 1316.072801
2025-07-10 02:16:17 INFO     MRR  : 0.034766
2025-07-10 02:16:17 INFO     >>>>> Predictor: Computing H scores of rules
2025-07-10 02:18:35 INFO     1000 5959
2025-07-10 02:20:52 INFO     2000 5959
2025-07-10 02:23:06 INFO     3000 5959
2025-07-10 02:25:21 INFO     4000 5959
2025-07-10 02:27:36 INFO     5000 5959
2025-07-10 02:29:47 INFO     >>>>> Generator: Training
2025-07-10 02:29:51 INFO     -------------------------
2025-07-10 02:29:51 INFO     | EM Iteration: 3/5
2025-07-10 02:29:51 INFO     -------------------------
2025-07-10 02:29:51 INFO     >>>>> Using Generator's sample rule
2025-07-10 02:29:51 INFO     >>>>> Generator: Rule generation with sampling
2025-07-10 02:29:51 INFO     Predictor: read 1895 rules from list.
2025-07-10 02:29:51 INFO     Preprocess training set
2025-07-10 02:29:51 INFO     >>>>> Predictor: Training
2025-07-10 02:30:38 INFO     1000 5959 8.811603 69332.0
2025-07-10 02:31:24 INFO     2000 5959 8.474918 69349.3
2025-07-10 02:32:10 INFO     3000 5959 8.263376 69184.5
2025-07-10 02:32:57 INFO     4000 5959 8.094895 69253.9
2025-07-10 02:33:44 INFO     5000 5959 8.003043 69332.0
2025-07-10 02:34:29 INFO     >>>>> Predictor: Evaluating on valid
2025-07-10 02:34:38 INFO     Data : 2077
2025-07-10 02:34:38 INFO     Hit1 : 0.000963
2025-07-10 02:34:38 INFO     Hit3 : 0.006740
2025-07-10 02:34:38 INFO     Hit10: 0.017333
2025-07-10 02:34:38 INFO     MR   : 1507.602311
2025-07-10 02:34:38 INFO     MRR  : 0.009847
2025-07-10 02:34:38 INFO     >>>>> Predictor: Evaluating on test
2025-07-10 02:34:49 INFO     Data : 2342
2025-07-10 02:34:49 INFO     Hit1 : 0.001708
2025-07-10 02:34:49 INFO     Hit3 : 0.004697
2025-07-10 02:34:49 INFO     Hit10: 0.013664
2025-07-10 02:34:49 INFO     MR   : 1393.290137
2025-07-10 02:34:49 INFO     MRR  : 0.009002
2025-07-10 02:34:49 INFO     >>>>> Predictor: Computing H scores of rules
2025-07-10 02:37:02 INFO     1000 5959
2025-07-10 02:39:16 INFO     2000 5959
2025-07-10 02:41:30 INFO     3000 5959
2025-07-10 02:43:44 INFO     4000 5959
2025-07-10 02:45:58 INFO     5000 5959
2025-07-10 02:48:10 INFO     >>>>> Generator: Training
2025-07-10 02:48:14 INFO     -------------------------
2025-07-10 02:48:14 INFO     | EM Iteration: 4/5
2025-07-10 02:48:14 INFO     -------------------------
2025-07-10 02:48:14 INFO     >>>>> Using Generator's sample rule
2025-07-10 02:48:14 INFO     >>>>> Generator: Rule generation with sampling
2025-07-10 02:48:14 INFO     Predictor: read 1938 rules from list.
2025-07-10 02:48:14 INFO     Preprocess training set
2025-07-10 02:48:14 INFO     >>>>> Predictor: Training
2025-07-10 02:49:03 INFO     1000 5959 8.796021 69271.3
2025-07-10 02:49:51 INFO     2000 5959 8.415856 69340.6
2025-07-10 02:50:40 INFO     3000 5959 8.157768 69384.0
2025-07-10 02:51:28 INFO     4000 5959 7.991901 69262.6
2025-07-10 02:52:17 INFO     5000 5959 7.849085 69332.0
2025-07-10 02:53:04 INFO     >>>>> Predictor: Evaluating on valid
2025-07-10 02:53:13 INFO     Data : 2077
2025-07-10 02:53:13 INFO     Hit1 : 0.001444
2025-07-10 02:53:13 INFO     Hit3 : 0.004333
2025-07-10 02:53:13 INFO     Hit10: 0.014444
2025-07-10 02:53:13 INFO     MR   : 1510.151420
2025-07-10 02:53:13 INFO     MRR  : 0.009348
2025-07-10 02:53:13 INFO     >>>>> Predictor: Evaluating on test
2025-07-10 02:53:24 INFO     Data : 2342
2025-07-10 02:53:24 INFO     Hit1 : 0.001281
2025-07-10 02:53:24 INFO     Hit3 : 0.008540
2025-07-10 02:53:24 INFO     Hit10: 0.017933
2025-07-10 02:53:24 INFO     MR   : 1399.256832
2025-07-10 02:53:24 INFO     MRR  : 0.010711
2025-07-10 02:53:24 INFO     >>>>> Predictor: Computing H scores of rules
2025-07-10 02:55:39 INFO     1000 5959
2025-07-10 02:57:55 INFO     2000 5959
2025-07-10 03:00:11 INFO     3000 5959
2025-07-10 03:02:27 INFO     4000 5959
2025-07-10 03:04:46 INFO     5000 5959
2025-07-10 03:06:58 INFO     >>>>> Generator: Training
2025-07-10 03:07:02 INFO     -------------------------
2025-07-10 03:07:02 INFO     | EM Iteration: 5/5
2025-07-10 03:07:02 INFO     -------------------------
2025-07-10 03:07:02 INFO     >>>>> Using Generator's sample rule
2025-07-10 03:07:02 INFO     >>>>> Generator: Rule generation with sampling
2025-07-10 03:07:02 INFO     Predictor: read 1972 rules from list.
2025-07-10 03:07:02 INFO     Preprocess training set
2025-07-10 03:07:02 INFO     >>>>> Predictor: Training
2025-07-10 03:07:51 INFO     1000 5959 8.834594 69332.0
2025-07-10 03:08:40 INFO     2000 5959 8.524487 69349.3
2025-07-10 03:09:30 INFO     3000 5959 8.342480 69340.6
2025-07-10 03:10:18 INFO     4000 5959 8.214950 69297.3
2025-07-10 03:11:07 INFO     5000 5959 8.119422 69219.2
2025-07-10 03:11:54 INFO     >>>>> Predictor: Evaluating on valid
2025-07-10 03:12:04 INFO     Data : 2077
2025-07-10 03:12:04 INFO     Hit1 : 0.001444
2025-07-10 03:12:04 INFO     Hit3 : 0.006259
2025-07-10 03:12:04 INFO     Hit10: 0.015888
2025-07-10 03:12:04 INFO     MR   : 1543.473038
2025-07-10 03:12:04 INFO     MRR  : 0.010174
2025-07-10 03:12:04 INFO     >>>>> Predictor: Evaluating on test
2025-07-10 03:12:15 INFO     Data : 2342
2025-07-10 03:12:15 INFO     Hit1 : 0.002989
2025-07-10 03:12:15 INFO     Hit3 : 0.009394
2025-07-10 03:12:15 INFO     Hit10: 0.017933
2025-07-10 03:12:15 INFO     MR   : 1423.962852
2025-07-10 03:12:15 INFO     MRR  : 0.012100
2025-07-10 03:12:15 INFO     >>>>> Predictor: Computing H scores of rules
2025-07-10 03:14:34 INFO     1000 5959
2025-07-10 03:16:51 INFO     2000 5959
2025-07-10 03:19:08 INFO     3000 5959
2025-07-10 03:21:28 INFO     4000 5959
2025-07-10 03:23:46 INFO     5000 5959
2025-07-10 03:26:00 INFO     >>>>> Generator: Training
2025-07-10 03:26:04 INFO     -------------------------
2025-07-10 03:26:04 INFO     | Post-train Generator
2025-07-10 03:26:04 INFO     -------------------------
2025-07-10 03:26:04 INFO     >>>>> Generator: Training
2025-07-10 03:26:43 INFO     [E01000] Total 3.158241 | Main 3.168869 | RelClus 2.129153 | EntType 2.997087
2025-07-10 03:26:43 INFO     -------------------------
2025-07-10 03:26:43 INFO     | Beam Search Best Rules
2025-07-10 03:26:43 INFO     -------------------------
2025-07-10 03:26:43 INFO     >>>>> Generator: Rule generation with beam search
2025-07-10 03:26:44 INFO     >>>>> Generator: Rule generation with beam search
2025-07-10 03:26:49 INFO     >>>>> Generator: Rule generation with beam search
2025-07-10 03:27:54 INFO     >>>>> Generator: Rule generation with beam search
2025-07-10 03:28:48 INFO     >>>>> Generator: Rule generation with beam search
2025-07-10 03:29:24 INFO     -------------------------
2025-07-10 03:29:24 INFO     | Train Final Predictor+
2025-07-10 03:29:24 INFO     -------------------------
2025-07-10 03:29:25 INFO     Predictor+: read 18420 rules from list.
2025-07-10 03:29:25 INFO     Preprocess training set
2025-07-10 03:29:25 INFO     -------------------------
2025-07-10 03:29:25 INFO     | Iteration: 1/5
2025-07-10 03:29:25 INFO     -------------------------
2025-07-10 03:29:25 INFO     >>>>> Predictor: Training
2025-07-10 03:33:35 INFO     1000 5959 4.899755 69271.3
2025-07-10 03:37:44 INFO     2000 5959 4.726724 69332.0
2025-07-10 03:41:53 INFO     3000 5959 4.709986 69375.3
2025-07-10 03:46:02 INFO     4000 5959 4.709850 69279.9
2025-07-10 03:50:12 INFO     5000 5959 4.679851 69349.3
2025-07-10 03:54:13 INFO     >>>>> Predictor: Evaluating on valid
2025-07-10 03:55:15 INFO     Data : 2077
2025-07-10 03:55:15 INFO     Hit1 : 0.099663
2025-07-10 03:55:15 INFO     Hit3 : 0.185845
2025-07-10 03:55:15 INFO     Hit10: 0.314877
2025-07-10 03:55:15 INFO     MR   : 984.097015
2025-07-10 03:55:15 INFO     MRR  : 0.167583
2025-07-10 03:55:15 INFO     >>>>> Predictor: Evaluating on test
2025-07-10 03:56:24 INFO     Data : 2342
2025-07-10 03:56:24 INFO     Hit1 : 0.127669
2025-07-10 03:56:24 INFO     Hit3 : 0.208369
2025-07-10 03:56:24 INFO     Hit10: 0.316823
2025-07-10 03:56:24 INFO     MR   : 918.766866
2025-07-10 03:56:24 INFO     MRR  : 0.190755
2025-07-10 03:56:24 INFO     Save checkpoint to results/semmeddb/10_times_each/cluster_k/5_20250709_231737/predictor.pt
2025-07-10 03:56:24 INFO     -------------------------
2025-07-10 03:56:24 INFO     | Iteration: 2/5
2025-07-10 03:56:24 INFO     -------------------------
2025-07-10 03:56:24 INFO     >>>>> Predictor: Training
2025-07-10 04:00:34 INFO     1000 5959 4.601107 69366.7
2025-07-10 04:04:44 INFO     2000 5959 4.651302 69375.3
2025-07-10 04:08:53 INFO     3000 5959 4.639365 69219.2
2025-07-10 04:13:02 INFO     4000 5959 4.652658 69305.9
2025-07-10 04:17:12 INFO     5000 5959 4.617072 69288.6
2025-07-10 04:21:13 INFO     >>>>> Predictor: Evaluating on valid
2025-07-10 04:22:16 INFO     Data : 2077
2025-07-10 04:22:16 INFO     Hit1 : 0.093404
2025-07-10 04:22:16 INFO     Hit3 : 0.182475
2025-07-10 04:22:16 INFO     Hit10: 0.313914
2025-07-10 04:22:16 INFO     MR   : 945.221955
2025-07-10 04:22:16 INFO     MRR  : 0.163382
2025-07-10 04:22:16 INFO     >>>>> Predictor: Evaluating on test
2025-07-10 04:23:27 INFO     Data : 2342
2025-07-10 04:23:27 INFO     Hit1 : 0.124253
2025-07-10 04:23:27 INFO     Hit3 : 0.213066
2025-07-10 04:23:27 INFO     Hit10: 0.321947
2025-07-10 04:23:27 INFO     MR   : 883.555508
2025-07-10 04:23:27 INFO     MRR  : 0.190094
2025-07-10 04:23:27 INFO     -------------------------
2025-07-10 04:23:27 INFO     | Iteration: 3/5
2025-07-10 04:23:27 INFO     -------------------------
2025-07-10 04:23:27 INFO     >>>>> Predictor: Training
2025-07-10 04:27:42 INFO     1000 5959 4.617842 69288.6
2025-07-10 04:31:51 INFO     2000 5959 4.619170 69288.6
2025-07-10 04:36:07 INFO     3000 5959 4.606540 69340.6
2025-07-10 04:40:22 INFO     4000 5959 4.617073 69271.3
2025-07-10 04:44:40 INFO     5000 5959 4.637269 69219.2
2025-07-10 04:48:45 INFO     >>>>> Predictor: Evaluating on valid
2025-07-10 04:49:49 INFO     Data : 2077
2025-07-10 04:49:49 INFO     Hit1 : 0.086663
2025-07-10 04:49:49 INFO     Hit3 : 0.172364
2025-07-10 04:49:49 INFO     Hit10: 0.302841
2025-07-10 04:49:49 INFO     MR   : 932.932114
2025-07-10 04:49:49 INFO     MRR  : 0.157539
2025-07-10 04:49:49 INFO     >>>>> Predictor: Evaluating on test
2025-07-10 04:51:01 INFO     Data : 2342
2025-07-10 04:51:01 INFO     Hit1 : 0.112724
2025-07-10 04:51:01 INFO     Hit3 : 0.197267
2025-07-10 04:51:01 INFO     Hit10: 0.314261
2025-07-10 04:51:01 INFO     MR   : 862.658198
2025-07-10 04:51:01 INFO     MRR  : 0.178580
2025-07-10 04:51:01 INFO     -------------------------
2025-07-10 04:51:01 INFO     | Iteration: 4/5
2025-07-10 04:51:01 INFO     -------------------------
2025-07-10 04:51:01 INFO     >>>>> Predictor: Training
2025-07-10 04:55:12 INFO     1000 5959 4.593834 69340.6
2025-07-10 04:59:22 INFO     2000 5959 4.563689 69184.5
2025-07-10 05:03:31 INFO     3000 5959 4.626380 69253.9
2025-07-10 05:07:41 INFO     4000 5959 4.601493 69340.6
2025-07-10 05:11:50 INFO     5000 5959 4.596988 69384.0
2025-07-10 05:15:49 INFO     >>>>> Predictor: Evaluating on valid
2025-07-10 05:16:51 INFO     Data : 2077
2025-07-10 05:16:51 INFO     Hit1 : 0.094367
2025-07-10 05:16:51 INFO     Hit3 : 0.178623
2025-07-10 05:16:51 INFO     Hit10: 0.313433
2025-07-10 05:16:51 INFO     MR   : 927.402022
2025-07-10 05:16:51 INFO     MRR  : 0.164021
2025-07-10 05:16:51 INFO     >>>>> Predictor: Evaluating on test
2025-07-10 05:18:01 INFO     Data : 2342
2025-07-10 05:18:01 INFO     Hit1 : 0.130658
2025-07-10 05:18:01 INFO     Hit3 : 0.215628
2025-07-10 05:18:01 INFO     Hit10: 0.324082
2025-07-10 05:18:01 INFO     MR   : 860.262810
2025-07-10 05:18:01 INFO     MRR  : 0.194810
2025-07-10 05:18:01 INFO     -------------------------
2025-07-10 05:18:01 INFO     | Iteration: 5/5
2025-07-10 05:18:01 INFO     -------------------------
2025-07-10 05:18:01 INFO     >>>>> Predictor: Training
2025-07-10 05:22:10 INFO     1000 5959 4.604397 69323.3
2025-07-10 05:26:19 INFO     2000 5959 4.583425 69332.0
2025-07-10 05:30:29 INFO     3000 5959 4.616644 69219.2
2025-07-10 05:34:39 INFO     4000 5959 4.611959 69297.3
2025-07-10 05:38:48 INFO     5000 5959 4.576152 69332.0
2025-07-10 05:42:48 INFO     >>>>> Predictor: Evaluating on valid
2025-07-10 05:43:50 INFO     Data : 2077
2025-07-10 05:43:50 INFO     Hit1 : 0.086663
2025-07-10 05:43:50 INFO     Hit3 : 0.181030
2025-07-10 05:43:50 INFO     Hit10: 0.323544
2025-07-10 05:43:50 INFO     MR   : 918.987963
2025-07-10 05:43:50 INFO     MRR  : 0.161136
2025-07-10 05:43:50 INFO     >>>>> Predictor: Evaluating on test
2025-07-10 05:45:00 INFO     Data : 2342
2025-07-10 05:45:00 INFO     Hit1 : 0.128096
2025-07-10 05:45:00 INFO     Hit3 : 0.211358
2025-07-10 05:45:00 INFO     Hit10: 0.318958
2025-07-10 05:45:00 INFO     MR   : 852.869342
2025-07-10 05:45:00 INFO     MRR  : 0.192575
2025-07-10 05:45:00 INFO     -------------------------
2025-07-10 05:45:00 INFO     | Final Test MRR: 0.190755
2025-07-10 05:45:00 INFO     -------------------------
