2025-07-21 08:33:03 INFO     is_soft_label: False
2025-07-21 08:33:03 INFO     is_scheduled_sampling: False
2025-07-21 08:33:03 INFO     is_test_mode: False
2025-07-21 08:33:03 INFO     Data loading | DONE!
2025-07-21 08:33:03 INFO     Using full datasets for training, validation, and testing.
2025-07-21 08:33:03 INFO     -------------------------
2025-07-21 08:33:03 INFO     | EM Iteration: 1/5
2025-07-21 08:33:03 INFO     -------------------------
2025-07-21 08:33:03 INFO     >>>>> Using miner's rule
2025-07-21 08:33:03 INFO     Predictor: read 13661 rules from list.
2025-07-21 08:33:04 INFO     Preprocess training set
2025-07-21 08:33:04 INFO     >>>>> Predictor: Evaluating on valid
2025-07-21 08:35:21 INFO     Data : 2077
2025-07-21 08:35:21 INFO     Hit1 : 0.065479
2025-07-21 08:35:21 INFO     Hit3 : 0.127106
2025-07-21 08:35:21 INFO     Hit10: 0.199326
2025-07-21 08:35:21 INFO     MR   : 1120.902022
2025-07-21 08:35:21 INFO     MRR  : 0.114382
2025-07-21 08:35:21 INFO     >>>>> Predictor: Evaluating on test
2025-07-21 08:38:03 INFO     Data : 2342
2025-07-21 08:38:03 INFO     Hit1 : 0.078992
2025-07-21 08:38:03 INFO     Hit3 : 0.124253
2025-07-21 08:38:03 INFO     Hit10: 0.208796
2025-07-21 08:38:03 INFO     MR   : 1044.269001
2025-07-21 08:38:03 INFO     MRR  : 0.122250
2025-07-21 08:38:03 INFO     >>>>> Predictor: Computing H scores of rules
2025-07-21 09:15:01 INFO     1000 5959
2025-07-21 09:52:43 INFO     2000 5959
2025-07-21 10:30:20 INFO     3000 5959
2025-07-21 11:07:40 INFO     4000 5959
2025-07-21 11:44:34 INFO     5000 5959
2025-07-21 12:22:04 INFO     >>>>> Generator: Training
2025-07-21 12:22:15 INFO     -------------------------
2025-07-21 12:22:15 INFO     | EM Iteration: 2/5
2025-07-21 12:22:15 INFO     -------------------------
2025-07-21 12:22:15 INFO     >>>>> Using Generator's sample rule
2025-07-21 12:22:15 INFO     >>>>> Generator: Rule generation with sampling
2025-07-21 12:22:15 INFO     Predictor: read 1892 rules from list.
2025-07-21 12:22:15 INFO     Preprocess training set
2025-07-21 12:22:15 INFO     >>>>> Predictor: Training
2025-07-21 12:23:26 INFO     1000 5959 8.791967 69314.6
2025-07-21 12:24:49 INFO     2000 5959 8.414537 69271.3
2025-07-21 12:26:14 INFO     3000 5959 8.209815 69245.2
2025-07-21 12:27:26 INFO     4000 5959 8.040272 69340.6
2025-07-21 12:28:39 INFO     5000 5959 7.874913 69340.6
2025-07-21 12:29:47 INFO     >>>>> Predictor: Evaluating on valid
2025-07-21 12:30:06 INFO     Data : 2077
2025-07-21 12:30:06 INFO     Hit1 : 0.014925
2025-07-21 12:30:06 INFO     Hit3 : 0.023592
2025-07-21 12:30:06 INFO     Hit10: 0.034665
2025-07-21 12:30:06 INFO     MR   : 1480.162735
2025-07-21 12:30:06 INFO     MRR  : 0.025649
2025-07-21 12:30:06 INFO     >>>>> Predictor: Evaluating on test
2025-07-21 12:30:26 INFO     Data : 2342
2025-07-21 12:30:26 INFO     Hit1 : 0.011529
2025-07-21 12:30:26 INFO     Hit3 : 0.017933
2025-07-21 12:30:26 INFO     Hit10: 0.028608
2025-07-21 12:30:26 INFO     MR   : 1375.226943
2025-07-21 12:30:26 INFO     MRR  : 0.021256
2025-07-21 12:30:26 INFO     >>>>> Predictor: Computing H scores of rules
2025-07-21 12:33:54 INFO     1000 5959
2025-07-21 12:37:18 INFO     2000 5959
2025-07-21 12:41:00 INFO     3000 5959
2025-07-21 12:44:21 INFO     4000 5959
2025-07-21 12:47:53 INFO     5000 5959
2025-07-21 12:51:08 INFO     >>>>> Generator: Training
2025-07-21 12:51:20 INFO     -------------------------
2025-07-21 12:51:20 INFO     | EM Iteration: 3/5
2025-07-21 12:51:20 INFO     -------------------------
2025-07-21 12:51:20 INFO     >>>>> Using Generator's sample rule
2025-07-21 12:51:20 INFO     >>>>> Generator: Rule generation with sampling
2025-07-21 12:51:20 INFO     Predictor: read 1881 rules from list.
2025-07-21 12:51:20 INFO     Preprocess training set
2025-07-21 12:51:20 INFO     >>>>> Predictor: Training
2025-07-21 12:52:45 INFO     1000 5959 8.817987 69332.0
2025-07-21 12:53:57 INFO     2000 5959 8.496226 69349.3
2025-07-21 12:55:18 INFO     3000 5959 8.298008 69184.5
2025-07-21 12:56:32 INFO     4000 5959 8.154551 69253.9
2025-07-21 12:57:45 INFO     5000 5959 8.083140 69332.0
2025-07-21 12:58:55 INFO     >>>>> Predictor: Evaluating on valid
2025-07-21 12:59:13 INFO     Data : 2077
2025-07-21 12:59:13 INFO     Hit1 : 0.012037
2025-07-21 12:59:13 INFO     Hit3 : 0.022629
2025-07-21 12:59:13 INFO     Hit10: 0.044776
2025-07-21 12:59:13 INFO     MR   : 1472.765768
2025-07-21 12:59:13 INFO     MRR  : 0.025626
2025-07-21 12:59:13 INFO     >>>>> Predictor: Evaluating on test
2025-07-21 12:59:33 INFO     Data : 2342
2025-07-21 12:59:33 INFO     Hit1 : 0.013664
2025-07-21 12:59:33 INFO     Hit3 : 0.020495
2025-07-21 12:59:33 INFO     Hit10: 0.038856
2025-07-21 12:59:33 INFO     MR   : 1373.408412
2025-07-21 12:59:33 INFO     MRR  : 0.024759
2025-07-21 12:59:33 INFO     >>>>> Predictor: Computing H scores of rules
2025-07-21 13:02:54 INFO     1000 5959
2025-07-21 13:06:17 INFO     2000 5959
2025-07-21 13:09:37 INFO     3000 5959
2025-07-21 13:13:03 INFO     4000 5959
2025-07-21 13:16:38 INFO     5000 5959
2025-07-21 13:19:57 INFO     >>>>> Generator: Training
2025-07-21 13:20:08 INFO     -------------------------
2025-07-21 13:20:08 INFO     | EM Iteration: 4/5
2025-07-21 13:20:08 INFO     -------------------------
2025-07-21 13:20:08 INFO     >>>>> Using Generator's sample rule
2025-07-21 13:20:08 INFO     >>>>> Generator: Rule generation with sampling
2025-07-21 13:20:08 INFO     Predictor: read 1854 rules from list.
2025-07-21 13:20:08 INFO     Preprocess training set
2025-07-21 13:20:08 INFO     >>>>> Predictor: Training
2025-07-21 13:21:22 INFO     1000 5959 8.806675 69271.3
2025-07-21 13:22:38 INFO     2000 5959 8.455464 69340.6
2025-07-21 13:24:05 INFO     3000 5959 8.234432 69384.0
2025-07-21 13:25:21 INFO     4000 5959 8.075240 69262.6
2025-07-21 13:26:35 INFO     5000 5959 7.951819 69332.0
2025-07-21 13:27:44 INFO     >>>>> Predictor: Evaluating on valid
2025-07-21 13:28:03 INFO     Data : 2077
2025-07-21 13:28:03 INFO     Hit1 : 0.029369
2025-07-21 13:28:03 INFO     Hit3 : 0.044295
2025-07-21 13:28:03 INFO     Hit10: 0.064998
2025-07-21 13:28:03 INFO     MR   : 1444.204622
2025-07-21 13:28:03 INFO     MRR  : 0.045124
2025-07-21 13:28:03 INFO     >>>>> Predictor: Evaluating on test
2025-07-21 13:28:37 INFO     Data : 2342
2025-07-21 13:28:37 INFO     Hit1 : 0.033732
2025-07-21 13:28:37 INFO     Hit3 : 0.049530
2025-07-21 13:28:37 INFO     Hit10: 0.067037
2025-07-21 13:28:37 INFO     MR   : 1343.278181
2025-07-21 13:28:37 INFO     MRR  : 0.048749
2025-07-21 13:28:37 INFO     >>>>> Predictor: Computing H scores of rules
2025-07-21 13:32:09 INFO     1000 5959
2025-07-21 13:35:41 INFO     2000 5959
2025-07-21 13:39:02 INFO     3000 5959
2025-07-21 13:42:35 INFO     4000 5959
2025-07-21 13:46:09 INFO     5000 5959
2025-07-21 13:49:27 INFO     >>>>> Generator: Training
2025-07-21 13:49:37 INFO     -------------------------
2025-07-21 13:49:37 INFO     | EM Iteration: 5/5
2025-07-21 13:49:37 INFO     -------------------------
2025-07-21 13:49:37 INFO     >>>>> Using Generator's sample rule
2025-07-21 13:49:37 INFO     >>>>> Generator: Rule generation with sampling
2025-07-21 13:49:37 INFO     Predictor: read 1685 rules from list.
2025-07-21 13:49:37 INFO     Preprocess training set
2025-07-21 13:49:37 INFO     >>>>> Predictor: Training
2025-07-21 13:50:49 INFO     1000 5959 8.787479 69332.0
2025-07-21 13:52:00 INFO     2000 5959 8.381104 69349.3
2025-07-21 13:53:26 INFO     3000 5959 8.129148 69340.6
2025-07-21 13:54:37 INFO     4000 5959 7.902353 69297.3
2025-07-21 13:56:03 INFO     5000 5959 7.716306 69219.2
2025-07-21 13:57:11 INFO     >>>>> Predictor: Evaluating on valid
2025-07-21 13:57:29 INFO     Data : 2077
2025-07-21 13:57:29 INFO     Hit1 : 0.029369
2025-07-21 13:57:29 INFO     Hit3 : 0.051517
2025-07-21 13:57:29 INFO     Hit10: 0.072701
2025-07-21 13:57:29 INFO     MR   : 1464.012759
2025-07-21 13:57:29 INFO     MRR  : 0.047548
2025-07-21 13:57:29 INFO     >>>>> Predictor: Evaluating on test
2025-07-21 13:57:50 INFO     Data : 2342
2025-07-21 13:57:50 INFO     Hit1 : 0.035013
2025-07-21 13:57:50 INFO     Hit3 : 0.054227
2025-07-21 13:57:50 INFO     Hit10: 0.075149
2025-07-21 13:57:50 INFO     MR   : 1360.229078
2025-07-21 13:57:50 INFO     MRR  : 0.052431
2025-07-21 13:57:50 INFO     >>>>> Predictor: Computing H scores of rules
2025-07-21 14:01:12 INFO     1000 5959
2025-07-21 14:04:32 INFO     2000 5959
2025-07-21 14:07:57 INFO     3000 5959
2025-07-21 14:11:24 INFO     4000 5959
2025-07-21 14:14:45 INFO     5000 5959
2025-07-21 14:18:13 INFO     >>>>> Generator: Training
2025-07-21 14:18:23 INFO     -------------------------
2025-07-21 14:18:23 INFO     | Post-train Generator
2025-07-21 14:18:23 INFO     -------------------------
2025-07-21 14:18:25 INFO     >>>>> Generator: Training
2025-07-21 14:20:12 INFO     [E01000] Total 2.057636 | Main 2.414967 | RelClus 1.468955 | 
2025-07-21 14:20:12 INFO     -------------------------
2025-07-21 14:20:12 INFO     | Beam Search Best Rules
2025-07-21 14:20:12 INFO     -------------------------
2025-07-21 14:20:12 INFO     >>>>> Generator: Rule generation with beam search
2025-07-21 14:20:12 INFO     >>>>> Generator: Rule generation with beam search
2025-07-21 14:20:17 INFO     >>>>> Generator: Rule generation with beam search
2025-07-21 14:21:27 INFO     >>>>> Generator: Rule generation with beam search
2025-07-21 14:22:25 INFO     >>>>> Generator: Rule generation with beam search
2025-07-21 14:23:04 INFO     -------------------------
2025-07-21 14:23:04 INFO     | Train Final Predictor+
2025-07-21 14:23:04 INFO     -------------------------
2025-07-21 14:23:04 INFO     Predictor+: read 18420 rules from list.
2025-07-21 14:23:04 INFO     Preprocess training set
2025-07-21 14:23:04 INFO     -------------------------
2025-07-21 14:23:04 INFO     | Iteration: 1/5
2025-07-21 14:23:04 INFO     -------------------------
2025-07-21 14:23:04 INFO     >>>>> Predictor: Training
2025-07-21 14:28:45 INFO     1000 5959 5.166468 69271.3
2025-07-21 14:34:29 INFO     2000 5959 5.000122 69332.0
2025-07-21 14:40:08 INFO     3000 5959 4.973835 69375.3
2025-07-21 14:45:51 INFO     4000 5959 4.964235 69279.9
2025-07-21 14:51:35 INFO     5000 5959 4.915244 69349.3
2025-07-21 14:57:02 INFO     >>>>> Predictor: Evaluating on valid
2025-07-21 14:58:23 INFO     Data : 2077
2025-07-21 14:58:23 INFO     Hit1 : 0.089552
2025-07-21 14:58:23 INFO     Hit3 : 0.172845
2025-07-21 14:58:23 INFO     Hit10: 0.286952
2025-07-21 14:58:23 INFO     MR   : 1036.386856
2025-07-21 14:58:23 INFO     MRR  : 0.154255
2025-07-21 14:58:23 INFO     >>>>> Predictor: Evaluating on test
2025-07-21 15:00:03 INFO     Data : 2342
2025-07-21 15:00:03 INFO     Hit1 : 0.111443
2025-07-21 15:00:03 INFO     Hit3 : 0.187874
2025-07-21 15:00:03 INFO     Hit10: 0.296328
2025-07-21 15:00:03 INFO     MR   : 960.989539
2025-07-21 15:00:03 INFO     MRR  : 0.171218
2025-07-21 15:00:03 INFO     Save checkpoint to results/semmeddb/10_times_each/aux1/8_20250721_083301/predictor.pt
2025-07-21 15:00:03 INFO     -------------------------
2025-07-21 15:00:03 INFO     | Iteration: 2/5
2025-07-21 15:00:03 INFO     -------------------------
2025-07-21 15:00:03 INFO     >>>>> Predictor: Training
2025-07-21 15:05:50 INFO     1000 5959 4.874817 69366.7
2025-07-21 15:11:32 INFO     2000 5959 4.892906 69375.3
2025-07-21 15:17:19 INFO     3000 5959 4.879233 69219.2
2025-07-21 15:23:15 INFO     4000 5959 4.911589 69305.9
2025-07-21 15:28:50 INFO     5000 5959 4.869547 69288.6
2025-07-21 15:34:30 INFO     >>>>> Predictor: Evaluating on valid
2025-07-21 15:35:49 INFO     Data : 2077
2025-07-21 15:35:49 INFO     Hit1 : 0.084256
2025-07-21 15:35:49 INFO     Hit3 : 0.175253
2025-07-21 15:35:49 INFO     Hit10: 0.286952
2025-07-21 15:35:49 INFO     MR   : 1010.916225
2025-07-21 15:35:49 INFO     MRR  : 0.151829
2025-07-21 15:35:49 INFO     >>>>> Predictor: Evaluating on test
2025-07-21 15:37:29 INFO     Data : 2342
2025-07-21 15:37:29 INFO     Hit1 : 0.109735
2025-07-21 15:37:29 INFO     Hit3 : 0.192143
2025-07-21 15:37:29 INFO     Hit10: 0.292912
2025-07-21 15:37:29 INFO     MR   : 936.453886
2025-07-21 15:37:29 INFO     MRR  : 0.170941
2025-07-21 15:37:29 INFO     -------------------------
2025-07-21 15:37:29 INFO     | Iteration: 3/5
2025-07-21 15:37:29 INFO     -------------------------
2025-07-21 15:37:29 INFO     >>>>> Predictor: Training
2025-07-21 15:43:07 INFO     1000 5959 4.879172 69288.6
2025-07-21 15:48:59 INFO     2000 5959 4.873469 69288.6
2025-07-21 15:54:44 INFO     3000 5959 4.860870 69340.6
2025-07-21 16:00:26 INFO     4000 5959 4.861940 69271.3
2025-07-21 16:06:08 INFO     5000 5959 4.902071 69219.2
2025-07-21 16:11:37 INFO     >>>>> Predictor: Evaluating on valid
2025-07-21 16:12:59 INFO     Data : 2077
2025-07-21 16:12:59 INFO     Hit1 : 0.084256
2025-07-21 16:12:59 INFO     Hit3 : 0.169475
2025-07-21 16:12:59 INFO     Hit10: 0.285989
2025-07-21 16:12:59 INFO     MR   : 1000.896485
2025-07-21 16:12:59 INFO     MRR  : 0.149572
2025-07-21 16:12:59 INFO     >>>>> Predictor: Evaluating on test
2025-07-21 16:14:30 INFO     Data : 2342
2025-07-21 16:14:30 INFO     Hit1 : 0.105465
2025-07-21 16:14:30 INFO     Hit3 : 0.186593
2025-07-21 16:14:30 INFO     Hit10: 0.292912
2025-07-21 16:14:30 INFO     MR   : 923.434458
2025-07-21 16:14:30 INFO     MRR  : 0.166168
2025-07-21 16:14:30 INFO     -------------------------
2025-07-21 16:14:30 INFO     | Iteration: 4/5
2025-07-21 16:14:30 INFO     -------------------------
2025-07-21 16:14:30 INFO     >>>>> Predictor: Training
2025-07-21 16:20:22 INFO     1000 5959 4.847099 69340.6
2025-07-21 16:26:07 INFO     2000 5959 4.822714 69184.5
2025-07-21 16:31:54 INFO     3000 5959 4.905466 69253.9
2025-07-21 16:37:28 INFO     4000 5959 4.864935 69340.6
2025-07-21 16:43:03 INFO     5000 5959 4.856297 69384.0
2025-07-21 16:48:41 INFO     >>>>> Predictor: Evaluating on valid
2025-07-21 16:50:02 INFO     Data : 2077
2025-07-21 16:50:02 INFO     Hit1 : 0.085219
2025-07-21 16:50:02 INFO     Hit3 : 0.170920
2025-07-21 16:50:02 INFO     Hit10: 0.289841
2025-07-21 16:50:02 INFO     MR   : 996.166105
2025-07-21 16:50:02 INFO     MRR  : 0.151226
2025-07-21 16:50:02 INFO     >>>>> Predictor: Evaluating on test
2025-07-21 16:51:41 INFO     Data : 2342
2025-07-21 16:51:41 INFO     Hit1 : 0.116140
2025-07-21 16:51:41 INFO     Hit3 : 0.187020
2025-07-21 16:51:41 INFO     Hit10: 0.300598
2025-07-21 16:51:41 INFO     MR   : 920.933817
2025-07-21 16:51:41 INFO     MRR  : 0.172776
2025-07-21 16:51:41 INFO     -------------------------
2025-07-21 16:51:41 INFO     | Iteration: 5/5
2025-07-21 16:51:41 INFO     -------------------------
2025-07-21 16:51:41 INFO     >>>>> Predictor: Training
2025-07-21 16:57:27 INFO     1000 5959 4.853543 69323.3
2025-07-21 17:03:01 INFO     2000 5959 4.865251 69332.0
2025-07-21 17:08:46 INFO     3000 5959 4.881827 69219.2
2025-07-21 17:14:23 INFO     4000 5959 4.860025 69297.3
2025-07-21 17:20:09 INFO     5000 5959 4.828679 69332.0
2025-07-21 17:25:52 INFO     >>>>> Predictor: Evaluating on valid
2025-07-21 17:27:13 INFO     Data : 2077
2025-07-21 17:27:13 INFO     Hit1 : 0.079923
2025-07-21 17:27:13 INFO     Hit3 : 0.162253
2025-07-21 17:27:13 INFO     Hit10: 0.292248
2025-07-21 17:27:13 INFO     MR   : 986.391911
2025-07-21 17:27:13 INFO     MRR  : 0.146554
2025-07-21 17:27:13 INFO     >>>>> Predictor: Evaluating on test
2025-07-21 17:28:54 INFO     Data : 2342
2025-07-21 17:28:54 INFO     Hit1 : 0.114005
2025-07-21 17:28:54 INFO     Hit3 : 0.184031
2025-07-21 17:28:54 INFO     Hit10: 0.289496
2025-07-21 17:28:54 INFO     MR   : 911.727156
2025-07-21 17:28:54 INFO     MRR  : 0.171402
2025-07-21 17:28:54 INFO     -------------------------
2025-07-21 17:28:54 INFO     | Final Test MRR: 0.171218
2025-07-21 17:28:54 INFO     -------------------------
