2025-06-11 07:24:01 INFO     Data loading | DONE!
2025-06-11 07:24:01 INFO     Using full datasets for training, validation, and testing.
2025-06-11 07:24:01 INFO     -------------------------
2025-06-11 07:24:01 INFO     | Pre-train Generator
2025-06-11 07:24:01 INFO     -------------------------
2025-06-11 07:24:01 INFO     >>>>> Generator: Training
2025-06-11 07:24:08 INFO     [E1000] Total: 1.401974 | Main: 1.648244 | Aux: 0.971509
2025-06-11 07:24:14 INFO     [E2000] Total: 1.338453 | Main: 1.566227 | Aux: 0.950367
2025-06-11 07:24:20 INFO     [E3000] Total: 1.332740 | Main: 1.558957 | Aux: 0.948256
2025-06-11 07:24:25 INFO     [E4000] Total: 1.329138 | Main: 1.554288 | Aux: 0.946319
2025-06-11 07:24:31 INFO     [E5000] Total: 1.325040 | Main: 1.548912 | Aux: 0.945401
2025-06-11 07:24:37 INFO     [E6000] Total: 1.325212 | Main: 1.548930 | Aux: 0.945084
2025-06-11 07:24:43 INFO     [E7000] Total: 1.322460 | Main: 1.545518 | Aux: 0.944540
2025-06-11 07:24:49 INFO     [E8000] Total: 1.321746 | Main: 1.544576 | Aux: 0.943933
2025-06-11 07:24:55 INFO     [E9000] Total: 1.320924 | Main: 1.543568 | Aux: 0.943674
2025-06-11 07:25:00 INFO     [E10000] Total: 1.318263 | Main: 1.539991 | Aux: 0.943124
2025-06-11 07:25:00 INFO     -------------------------
2025-06-11 07:25:00 INFO     | EM Iteration: 1/5
2025-06-11 07:25:00 INFO     -------------------------
2025-06-11 07:25:00 INFO     >>>>> Generator: Rule generation with sampling
2025-06-11 07:25:01 INFO     Predictor: read 1272 rules from list.
2025-06-11 07:25:01 INFO     Preprocess training set
2025-06-11 07:25:01 INFO     >>>>> Predictor: Training
2025-06-11 07:25:46 INFO     1000 12313 8.235640 69358.0
2025-06-11 07:26:31 INFO     2000 12313 7.805371 69332.0
2025-06-11 07:27:16 INFO     3000 12313 7.583081 69384.0
2025-06-11 07:28:01 INFO     4000 12313 7.471595 69279.9
2025-06-11 07:28:46 INFO     5000 12313 7.362860 69332.0
2025-06-11 07:29:30 INFO     6000 12313 7.284845 69384.0
2025-06-11 07:30:15 INFO     7000 12313 7.202097 69297.3
2025-06-11 07:31:00 INFO     8000 12313 7.193180 69323.3
2025-06-11 07:31:46 INFO     9000 12313 7.120666 69358.0
2025-06-11 07:32:31 INFO     10000 12313 7.111816 69332.0
2025-06-11 07:33:16 INFO     11000 12313 7.077467 69366.7
2025-06-11 07:34:01 INFO     12000 12313 7.053621 69279.9
2025-06-11 07:34:15 INFO     >>>>> Predictor: Evaluating on valid
2025-06-11 07:34:32 INFO     Data : 3823
2025-06-11 07:34:32 INFO     Hit1 : 0.026157
2025-06-11 07:34:32 INFO     Hit3 : 0.051007
2025-06-11 07:34:32 INFO     Hit10: 0.095475
2025-06-11 07:34:32 INFO     MR   : 1197.165446
2025-06-11 07:34:32 INFO     MRR  : 0.050990
2025-06-11 07:34:32 INFO     >>>>> Predictor: Evaluating on test
2025-06-11 07:34:53 INFO     Data : 4402
2025-06-11 07:34:53 INFO     Hit1 : 0.032712
2025-06-11 07:34:53 INFO     Hit3 : 0.060200
2025-06-11 07:34:53 INFO     Hit10: 0.097683
2025-06-11 07:34:53 INFO     MR   : 1184.721149
2025-06-11 07:34:53 INFO     MRR  : 0.057169
2025-06-11 07:34:53 INFO     >>>>> Predictor: Computing H scores of rules
2025-06-11 07:35:42 INFO     1000 12313
2025-06-11 07:36:32 INFO     2000 12313
2025-06-11 07:37:21 INFO     3000 12313
2025-06-11 07:38:12 INFO     4000 12313
2025-06-11 07:39:02 INFO     5000 12313
2025-06-11 07:39:51 INFO     6000 12313
2025-06-11 07:40:41 INFO     7000 12313
2025-06-11 07:41:31 INFO     8000 12313
2025-06-11 07:42:20 INFO     9000 12313
2025-06-11 07:43:09 INFO     10000 12313
2025-06-11 07:43:57 INFO     11000 12313
2025-06-11 07:44:46 INFO     12000 12313
2025-06-11 07:45:01 INFO     >>>>> Generator: Training
2025-06-11 07:45:01 INFO     -------------------------
2025-06-11 07:45:01 INFO     | EM Iteration: 2/5
2025-06-11 07:45:01 INFO     -------------------------
2025-06-11 07:45:01 INFO     >>>>> Generator: Rule generation with sampling
2025-06-11 07:45:01 INFO     Predictor: read 1364 rules from list.
2025-06-11 07:45:01 INFO     Preprocess training set
2025-06-11 07:45:01 INFO     >>>>> Predictor: Training
2025-06-11 07:45:49 INFO     1000 12313 8.245393 69366.7
2025-06-11 07:46:38 INFO     2000 12313 7.773271 69279.9
2025-06-11 07:47:27 INFO     3000 12313 7.596420 69253.9
2025-06-11 07:48:15 INFO     4000 12313 7.454660 69340.6
2025-06-11 07:49:02 INFO     5000 12313 7.375440 69366.7
2025-06-11 07:49:50 INFO     6000 12313 7.287799 69358.0
2025-06-11 07:50:38 INFO     7000 12313 7.253265 69366.7
2025-06-11 07:51:26 INFO     8000 12313 7.230025 69384.0
2025-06-11 07:52:14 INFO     9000 12313 7.193638 69262.6
2025-06-11 07:53:02 INFO     10000 12313 7.163861 69323.3
2025-06-11 07:53:50 INFO     11000 12313 7.139232 69366.7
2025-06-11 07:54:37 INFO     12000 12313 7.123073 69332.0
2025-06-11 07:54:52 INFO     >>>>> Predictor: Evaluating on valid
2025-06-11 07:55:10 INFO     Data : 3823
2025-06-11 07:55:10 INFO     Hit1 : 0.029296
2025-06-11 07:55:10 INFO     Hit3 : 0.058593
2025-06-11 07:55:10 INFO     Hit10: 0.112477
2025-06-11 07:55:10 INFO     MR   : 1163.155506
2025-06-11 07:55:10 INFO     MRR  : 0.058654
2025-06-11 07:55:10 INFO     >>>>> Predictor: Evaluating on test
2025-06-11 07:55:31 INFO     Data : 4402
2025-06-11 07:55:31 INFO     Hit1 : 0.035438
2025-06-11 07:55:31 INFO     Hit3 : 0.064289
2025-06-11 07:55:31 INFO     Hit10: 0.112222
2025-06-11 07:55:31 INFO     MR   : 1154.397319
2025-06-11 07:55:31 INFO     MRR  : 0.063280
2025-06-11 07:55:31 INFO     >>>>> Predictor: Computing H scores of rules
2025-06-11 07:56:23 INFO     1000 12313
2025-06-11 07:57:17 INFO     2000 12313
2025-06-11 07:58:10 INFO     3000 12313
2025-06-11 07:59:04 INFO     4000 12313
2025-06-11 07:59:58 INFO     5000 12313
2025-06-11 08:00:51 INFO     6000 12313
2025-06-11 08:01:43 INFO     7000 12313
2025-06-11 08:02:36 INFO     8000 12313
2025-06-11 08:03:29 INFO     9000 12313
2025-06-11 08:04:21 INFO     10000 12313
2025-06-11 08:05:14 INFO     11000 12313
2025-06-11 08:06:06 INFO     12000 12313
2025-06-11 08:06:22 INFO     >>>>> Generator: Training
2025-06-11 08:06:23 INFO     -------------------------
2025-06-11 08:06:23 INFO     | EM Iteration: 3/5
2025-06-11 08:06:23 INFO     -------------------------
2025-06-11 08:06:23 INFO     >>>>> Generator: Rule generation with sampling
2025-06-11 08:06:23 INFO     Predictor: read 1437 rules from list.
2025-06-11 08:06:23 INFO     Preprocess training set
2025-06-11 08:06:23 INFO     >>>>> Predictor: Training
2025-06-11 08:07:11 INFO     1000 12313 8.191656 69384.0
2025-06-11 08:07:59 INFO     2000 12313 7.707557 69384.0
2025-06-11 08:08:48 INFO     3000 12313 7.444458 69253.9
2025-06-11 08:09:36 INFO     4000 12313 7.303562 69323.3
2025-06-11 08:10:23 INFO     5000 12313 7.185413 69384.0
2025-06-11 08:11:12 INFO     6000 12313 7.061907 69323.3
2025-06-11 08:12:00 INFO     7000 12313 6.979134 69366.7
2025-06-11 08:12:48 INFO     8000 12313 6.912553 69332.0
2025-06-11 08:13:36 INFO     9000 12313 6.805234 69384.0
2025-06-11 08:14:23 INFO     10000 12313 6.810000 69227.9
2025-06-11 08:15:11 INFO     11000 12313 6.752041 69340.6
2025-06-11 08:15:59 INFO     12000 12313 6.723138 69297.3
2025-06-11 08:16:14 INFO     >>>>> Predictor: Evaluating on valid
2025-06-11 08:16:33 INFO     Data : 3823
2025-06-11 08:16:33 INFO     Hit1 : 0.030866
2025-06-11 08:16:33 INFO     Hit3 : 0.062255
2025-06-11 08:16:33 INFO     Hit10: 0.121371
2025-06-11 08:16:33 INFO     MR   : 1143.121632
2025-06-11 08:16:33 INFO     MRR  : 0.062185
2025-06-11 08:16:33 INFO     >>>>> Predictor: Evaluating on test
2025-06-11 08:16:55 INFO     Data : 4402
2025-06-11 08:16:55 INFO     Hit1 : 0.035666
2025-06-11 08:16:55 INFO     Hit3 : 0.072013
2025-06-11 08:16:55 INFO     Hit10: 0.129941
2025-06-11 08:16:55 INFO     MR   : 1126.387438
2025-06-11 08:16:55 INFO     MRR  : 0.068409
2025-06-11 08:16:55 INFO     >>>>> Predictor: Computing H scores of rules
2025-06-11 08:17:48 INFO     1000 12313
2025-06-11 08:18:41 INFO     2000 12313
2025-06-11 08:19:35 INFO     3000 12313
2025-06-11 08:20:28 INFO     4000 12313
2025-06-11 08:21:21 INFO     5000 12313
2025-06-11 08:22:15 INFO     6000 12313
2025-06-11 08:23:10 INFO     7000 12313
2025-06-11 08:24:05 INFO     8000 12313
2025-06-11 08:24:59 INFO     9000 12313
2025-06-11 08:25:54 INFO     10000 12313
2025-06-11 08:26:49 INFO     11000 12313
2025-06-11 08:27:44 INFO     12000 12313
2025-06-11 08:28:01 INFO     >>>>> Generator: Training
2025-06-11 08:28:02 INFO     -------------------------
2025-06-11 08:28:02 INFO     | EM Iteration: 4/5
2025-06-11 08:28:02 INFO     -------------------------
2025-06-11 08:28:02 INFO     >>>>> Generator: Rule generation with sampling
2025-06-11 08:28:02 INFO     Predictor: read 1485 rules from list.
2025-06-11 08:28:02 INFO     Preprocess training set
2025-06-11 08:28:02 INFO     >>>>> Predictor: Training
2025-06-11 08:28:52 INFO     1000 12313 8.230924 69314.6
2025-06-11 08:29:42 INFO     2000 12313 7.756723 69279.9
2025-06-11 08:30:31 INFO     3000 12313 7.508116 69366.7
2025-06-11 08:31:20 INFO     4000 12313 7.402152 69366.7
2025-06-11 08:32:09 INFO     5000 12313 7.305571 69288.6
2025-06-11 08:32:59 INFO     6000 12313 7.213973 69340.6
2025-06-11 08:33:48 INFO     7000 12313 7.127151 69384.0
2025-06-11 08:34:37 INFO     8000 12313 7.057890 69340.6
2025-06-11 08:35:26 INFO     9000 12313 7.052400 69384.0
2025-06-11 08:36:15 INFO     10000 12313 6.994217 69288.6
2025-06-11 08:37:04 INFO     11000 12313 6.961239 69262.6
2025-06-11 08:37:54 INFO     12000 12313 6.961706 69384.0
2025-06-11 08:38:09 INFO     >>>>> Predictor: Evaluating on valid
2025-06-11 08:38:30 INFO     Data : 3823
2025-06-11 08:38:30 INFO     Hit1 : 0.035051
2025-06-11 08:38:30 INFO     Hit3 : 0.074549
2025-06-11 08:38:30 INFO     Hit10: 0.139942
2025-06-11 08:38:30 INFO     MR   : 1094.830369
2025-06-11 08:38:30 INFO     MRR  : 0.070870
2025-06-11 08:38:30 INFO     >>>>> Predictor: Evaluating on test
2025-06-11 08:38:54 INFO     Data : 4402
2025-06-11 08:38:54 INFO     Hit1 : 0.047478
2025-06-11 08:38:54 INFO     Hit3 : 0.090868
2025-06-11 08:38:54 INFO     Hit10: 0.150613
2025-06-11 08:38:54 INFO     MR   : 1096.715470
2025-06-11 08:38:54 INFO     MRR  : 0.083575
2025-06-11 08:38:54 INFO     >>>>> Predictor: Computing H scores of rules
2025-06-11 08:39:50 INFO     1000 12313
2025-06-11 08:40:45 INFO     2000 12313
2025-06-11 08:41:40 INFO     3000 12313
2025-06-11 08:42:35 INFO     4000 12313
2025-06-11 08:43:30 INFO     5000 12313
2025-06-11 08:44:26 INFO     6000 12313
2025-06-11 08:45:22 INFO     7000 12313
2025-06-11 08:46:17 INFO     8000 12313
2025-06-11 08:47:12 INFO     9000 12313
2025-06-11 08:48:07 INFO     10000 12313
2025-06-11 08:49:02 INFO     11000 12313
2025-06-11 08:49:57 INFO     12000 12313
2025-06-11 08:50:15 INFO     >>>>> Generator: Training
2025-06-11 08:50:15 INFO     -------------------------
2025-06-11 08:50:15 INFO     | EM Iteration: 5/5
2025-06-11 08:50:15 INFO     -------------------------
2025-06-11 08:50:15 INFO     >>>>> Generator: Rule generation with sampling
2025-06-11 08:50:15 INFO     Predictor: read 1553 rules from list.
2025-06-11 08:50:15 INFO     Preprocess training set
2025-06-11 08:50:15 INFO     >>>>> Predictor: Training
2025-06-11 08:51:06 INFO     1000 12313 8.244659 69340.6
2025-06-11 08:51:57 INFO     2000 12313 7.806861 69288.6
2025-06-11 08:52:48 INFO     3000 12313 7.594292 69366.7
2025-06-11 08:53:38 INFO     4000 12313 7.485747 69305.9
2025-06-11 08:54:30 INFO     5000 12313 7.369220 69323.3
2025-06-11 08:55:22 INFO     6000 12313 7.321374 69384.0
2025-06-11 08:56:13 INFO     7000 12313 7.273003 69279.9
2025-06-11 08:57:04 INFO     8000 12313 7.196064 69384.0
2025-06-11 08:57:55 INFO     9000 12313 7.203869 69366.7
2025-06-11 08:58:46 INFO     10000 12313 7.158410 69297.3
2025-06-11 08:59:37 INFO     11000 12313 7.129725 69279.9
2025-06-11 09:00:28 INFO     12000 12313 7.135773 69384.0
2025-06-11 09:00:44 INFO     >>>>> Predictor: Evaluating on valid
2025-06-11 09:01:06 INFO     Data : 3823
2025-06-11 09:01:06 INFO     Hit1 : 0.027465
2025-06-11 09:01:06 INFO     Hit3 : 0.053623
2025-06-11 09:01:06 INFO     Hit10: 0.107507
2025-06-11 09:01:06 INFO     MR   : 1189.789956
2025-06-11 09:01:06 INFO     MRR  : 0.054973
2025-06-11 09:01:06 INFO     >>>>> Predictor: Evaluating on test
2025-06-11 09:01:31 INFO     Data : 4402
2025-06-11 09:01:31 INFO     Hit1 : 0.032031
2025-06-11 09:01:31 INFO     Hit3 : 0.059291
2025-06-11 09:01:31 INFO     Hit10: 0.108133
2025-06-11 09:01:31 INFO     MR   : 1167.377442
2025-06-11 09:01:31 INFO     MRR  : 0.059391
2025-06-11 09:01:31 INFO     >>>>> Predictor: Computing H scores of rules
2025-06-11 09:02:26 INFO     1000 12313
2025-06-11 09:03:23 INFO     2000 12313
2025-06-11 09:04:19 INFO     3000 12313
2025-06-11 09:05:15 INFO     4000 12313
2025-06-11 09:06:11 INFO     5000 12313
2025-06-11 09:07:07 INFO     6000 12313
2025-06-11 09:08:03 INFO     7000 12313
2025-06-11 09:08:59 INFO     8000 12313
2025-06-11 09:09:57 INFO     9000 12313
2025-06-11 09:10:55 INFO     10000 12313
2025-06-11 09:11:50 INFO     11000 12313
2025-06-11 09:12:47 INFO     12000 12313
2025-06-11 09:13:04 INFO     >>>>> Generator: Training
2025-06-11 09:13:05 INFO     -------------------------
2025-06-11 09:13:05 INFO     | Post-train Generator
2025-06-11 09:13:05 INFO     -------------------------
2025-06-11 09:13:05 INFO     >>>>> Generator: Training
2025-06-11 09:13:11 INFO     [E1000] Total: 1.457237 | Main: 1.741573 | Aux: 0.916907
2025-06-11 09:13:11 INFO     -------------------------
2025-06-11 09:13:11 INFO     | Beam Search Best Rules
2025-06-11 09:13:11 INFO     -------------------------
2025-06-11 09:13:11 INFO     >>>>> Generator: Rule generation with beam search
2025-06-11 09:13:11 INFO     >>>>> Generator: Rule generation with beam search
2025-06-11 09:13:12 INFO     >>>>> Generator: Rule generation with beam search
2025-06-11 09:13:22 INFO     >>>>> Generator: Rule generation with beam search
2025-06-11 09:13:29 INFO     >>>>> Generator: Rule generation with beam search
2025-06-11 09:13:33 INFO     -------------------------
2025-06-11 09:13:33 INFO     | Train Final Predictor+
2025-06-11 09:13:33 INFO     -------------------------
2025-06-11 09:13:33 INFO     Predictor+: read 18420 rules from list.
2025-06-11 09:13:33 INFO     Preprocess training set
2025-06-11 09:13:33 INFO     -------------------------
2025-06-11 09:13:33 INFO     | Iteration: 1/5
2025-06-11 09:13:33 INFO     -------------------------
2025-06-11 09:13:33 INFO     >>>>> Predictor: Training
2025-06-11 09:21:02 INFO     1000 12313 4.686772 69314.6
2025-06-11 09:28:27 INFO     2000 12313 4.490037 69366.7
2025-06-11 09:35:51 INFO     3000 12313 4.446649 69279.9
2025-06-11 09:43:22 INFO     4000 12313 4.442608 69340.6
2025-06-11 09:50:53 INFO     5000 12313 4.480020 69236.6
2025-06-11 09:58:23 INFO     6000 12313 4.439894 69366.7
2025-06-11 10:05:53 INFO     7000 12313 4.425236 69323.3
2025-06-11 10:13:24 INFO     8000 12313 4.459914 69349.3
2025-06-11 10:20:55 INFO     9000 12313 4.424601 69384.0
2025-06-11 10:28:26 INFO     10000 12313 4.416000 69384.0
2025-06-11 10:35:56 INFO     11000 12313 4.440438 69288.6
2025-06-11 10:43:28 INFO     12000 12313 4.442630 69366.7
2025-06-11 10:45:49 INFO     >>>>> Predictor: Evaluating on valid
2025-06-11 10:49:07 INFO     Data : 3823
2025-06-11 10:49:07 INFO     Hit1 : 0.081611
2025-06-11 10:49:07 INFO     Hit3 : 0.163484
2025-06-11 10:49:07 INFO     Hit10: 0.298980
2025-06-11 10:49:07 INFO     MR   : 609.996600
2025-06-11 10:49:07 INFO     MRR  : 0.152081
2025-06-11 10:49:07 INFO     >>>>> Predictor: Evaluating on test
2025-06-11 10:52:54 INFO     Data : 4402
2025-06-11 10:52:54 INFO     Hit1 : 0.108133
2025-06-11 10:52:54 INFO     Hit3 : 0.191958
2025-06-11 10:52:54 INFO     Hit10: 0.328033
2025-06-11 10:52:54 INFO     MR   : 593.212631
2025-06-11 10:52:54 INFO     MRR  : 0.179164
2025-06-11 10:52:54 INFO     Save checkpoint to results/semmeddb/multitask/naive_encode_relation/random_init/cluster_6/adaptive/predictor.pt
2025-06-11 10:52:54 INFO     -------------------------
2025-06-11 10:52:54 INFO     | Iteration: 2/5
2025-06-11 10:52:54 INFO     -------------------------
2025-06-11 10:52:54 INFO     >>>>> Predictor: Training
2025-06-11 11:00:24 INFO     1000 12313 4.380237 69384.0
2025-06-11 11:07:55 INFO     2000 12313 4.378452 69384.0
2025-06-11 11:15:27 INFO     3000 12313 4.386472 69340.6
2025-06-11 11:22:58 INFO     4000 12313 4.394270 69305.9
2025-06-11 11:30:25 INFO     5000 12313 4.404543 69340.6
2025-06-11 11:37:52 INFO     6000 12313 4.408432 69297.3
2025-06-11 11:45:23 INFO     7000 12313 4.389849 69323.3
2025-06-11 11:52:54 INFO     8000 12313 4.414882 69366.7
2025-06-11 12:00:25 INFO     9000 12313 4.386707 69297.3
2025-06-11 12:07:57 INFO     10000 12313 4.403178 69366.7
2025-06-11 12:15:30 INFO     11000 12313 4.407744 69314.6
2025-06-11 12:23:01 INFO     12000 12313 4.420023 69279.9
2025-06-11 12:25:21 INFO     >>>>> Predictor: Evaluating on valid
2025-06-11 12:28:37 INFO     Data : 3823
2025-06-11 12:28:37 INFO     Hit1 : 0.082134
2025-06-11 12:28:37 INFO     Hit3 : 0.156945
2025-06-11 12:28:37 INFO     Hit10: 0.298457
2025-06-11 12:28:37 INFO     MR   : 598.464164
2025-06-11 12:28:37 INFO     MRR  : 0.151322
2025-06-11 12:28:37 INFO     >>>>> Predictor: Evaluating on test
2025-06-11 12:32:22 INFO     Data : 4402
2025-06-11 12:32:22 INFO     Hit1 : 0.109723
2025-06-11 12:32:22 INFO     Hit3 : 0.192413
2025-06-11 12:32:22 INFO     Hit10: 0.325988
2025-06-11 12:32:22 INFO     MR   : 573.786574
2025-06-11 12:32:22 INFO     MRR  : 0.179307
2025-06-11 12:32:22 INFO     -------------------------
2025-06-11 12:32:22 INFO     | Iteration: 3/5
2025-06-11 12:32:22 INFO     -------------------------
2025-06-11 12:32:22 INFO     >>>>> Predictor: Training
2025-06-11 12:39:50 INFO     1000 12313 4.384878 69262.6
2025-06-11 12:47:23 INFO     2000 12313 4.364963 69384.0
2025-06-11 12:54:56 INFO     3000 12313 4.345244 69262.6
2025-06-11 13:02:33 INFO     4000 12313 4.390188 69323.3
2025-06-11 13:10:13 INFO     5000 12313 4.359759 69366.7
2025-06-11 13:17:53 INFO     6000 12313 4.381859 69323.3
2025-06-11 13:25:33 INFO     7000 12313 4.387115 69366.7
2025-06-11 13:33:14 INFO     8000 12313 4.398600 69384.0
2025-06-11 13:40:54 INFO     9000 12313 4.375965 69349.3
2025-06-11 13:48:34 INFO     10000 12313 4.400331 69314.6
2025-06-11 13:56:11 INFO     11000 12313 4.358989 69349.3
2025-06-11 14:03:43 INFO     12000 12313 4.395679 69314.6
2025-06-11 14:06:03 INFO     >>>>> Predictor: Evaluating on valid
2025-06-11 14:09:19 INFO     Data : 3823
2025-06-11 14:09:19 INFO     Hit1 : 0.082658
2025-06-11 14:09:19 INFO     Hit3 : 0.161392
2025-06-11 14:09:19 INFO     Hit10: 0.297149
2025-06-11 14:09:19 INFO     MR   : 596.615616
2025-06-11 14:09:19 INFO     MRR  : 0.152885
2025-06-11 14:09:19 INFO     >>>>> Predictor: Evaluating on test
2025-06-11 14:13:04 INFO     Data : 4402
2025-06-11 14:13:04 INFO     Hit1 : 0.104498
2025-06-11 14:13:04 INFO     Hit3 : 0.194911
2025-06-11 14:13:04 INFO     Hit10: 0.332349
2025-06-11 14:13:04 INFO     MR   : 578.420377
2025-06-11 14:13:04 INFO     MRR  : 0.177468
2025-06-11 14:13:04 INFO     Save checkpoint to results/semmeddb/multitask/naive_encode_relation/random_init/cluster_6/adaptive/predictor.pt
2025-06-11 14:13:04 INFO     -------------------------
2025-06-11 14:13:04 INFO     | Iteration: 4/5
2025-06-11 14:13:04 INFO     -------------------------
2025-06-11 14:13:04 INFO     >>>>> Predictor: Training
2025-06-11 14:20:30 INFO     1000 12313 4.333437 69384.0
2025-06-11 14:29:00 INFO     2000 12313 4.356313 69340.6
2025-06-11 14:37:13 INFO     3000 12313 4.362047 69384.0
2025-06-11 14:45:44 INFO     4000 12313 4.392829 69253.9
2025-06-11 14:53:13 INFO     5000 12313 4.375868 69262.6
2025-06-11 15:01:31 INFO     6000 12313 4.393068 69340.6
2025-06-11 15:09:36 INFO     7000 12313 4.370489 69314.6
2025-06-11 15:17:04 INFO     8000 12313 4.351069 69323.3
2025-06-11 15:24:31 INFO     9000 12313 4.384256 69366.7
2025-06-11 15:31:57 INFO     10000 12313 4.352191 69349.3
2025-06-11 15:39:25 INFO     11000 12313 4.365428 69366.7
2025-06-11 15:46:52 INFO     12000 12313 4.380728 69366.7
2025-06-11 15:49:12 INFO     >>>>> Predictor: Evaluating on valid
2025-06-11 15:52:28 INFO     Data : 3823
2025-06-11 15:52:28 INFO     Hit1 : 0.076641
2025-06-11 15:52:28 INFO     Hit3 : 0.161130
2025-06-11 15:52:28 INFO     Hit10: 0.301072
2025-06-11 15:52:28 INFO     MR   : 585.301726
2025-06-11 15:52:28 INFO     MRR  : 0.149824
2025-06-11 15:52:28 INFO     >>>>> Predictor: Evaluating on test
2025-06-11 15:56:14 INFO     Data : 4402
2025-06-11 15:56:14 INFO     Hit1 : 0.109269
2025-06-11 15:56:14 INFO     Hit3 : 0.197865
2025-06-11 15:56:14 INFO     Hit10: 0.329623
2025-06-11 15:56:14 INFO     MR   : 560.878010
2025-06-11 15:56:14 INFO     MRR  : 0.180396
2025-06-11 15:56:14 INFO     -------------------------
2025-06-11 15:56:14 INFO     | Iteration: 5/5
2025-06-11 15:56:14 INFO     -------------------------
2025-06-11 15:56:14 INFO     >>>>> Predictor: Training
2025-06-11 16:03:41 INFO     1000 12313 4.332909 69323.3
2025-06-11 16:11:11 INFO     2000 12313 4.359320 69384.0
2025-06-11 16:18:38 INFO     3000 12313 4.353054 69245.2
2025-06-11 16:26:10 INFO     4000 12313 4.333784 69384.0
2025-06-11 16:34:57 INFO     5000 12313 4.380893 69366.7
2025-06-11 16:42:48 INFO     6000 12313 4.353776 69323.3
2025-06-11 16:50:20 INFO     7000 12313 4.372267 69384.0
2025-06-11 16:57:53 INFO     8000 12313 4.384794 69297.3
2025-06-11 17:05:27 INFO     9000 12313 4.361850 69384.0
2025-06-11 17:12:54 INFO     10000 12313 4.359429 69271.3
2025-06-11 17:20:22 INFO     11000 12313 4.360862 69340.6
2025-06-11 17:27:49 INFO     12000 12313 4.341987 69297.3
2025-06-11 17:30:09 INFO     >>>>> Predictor: Evaluating on valid
2025-06-11 17:33:25 INFO     Data : 3823
2025-06-11 17:33:25 INFO     Hit1 : 0.082134
2025-06-11 17:33:25 INFO     Hit3 : 0.161653
2025-06-11 17:33:25 INFO     Hit10: 0.289825
2025-06-11 17:33:25 INFO     MR   : 589.561601
2025-06-11 17:33:25 INFO     MRR  : 0.151029
2025-06-11 17:33:25 INFO     >>>>> Predictor: Evaluating on test
2025-06-11 17:37:10 INFO     Data : 4402
2025-06-11 17:37:10 INFO     Hit1 : 0.098137
2025-06-11 17:37:10 INFO     Hit3 : 0.186506
2025-06-11 17:37:10 INFO     Hit10: 0.323716
2025-06-11 17:37:10 INFO     MR   : 579.209677
2025-06-11 17:37:10 INFO     MRR  : 0.171076
2025-06-11 17:37:10 INFO     -------------------------
2025-06-11 17:37:10 INFO     | Final Test MRR: 0.177468
2025-06-11 17:37:10 INFO     -------------------------
