2025-06-10 13:15:52 INFO     Data loading | DONE!
2025-06-10 13:15:52 INFO     Using full datasets for training, validation, and testing.
2025-06-10 13:15:52 INFO     -------------------------
2025-06-10 13:15:52 INFO     | Pre-train Generator
2025-06-10 13:15:52 INFO     -------------------------
2025-06-10 13:15:52 INFO     >>>>> Generator: Training
2025-06-10 13:16:12 INFO     [E1000] Total: 1.641578 | Main: 1.662791 | Aux: 0.624204
2025-06-10 13:16:31 INFO     [E2000] Total: 1.570510 | Main: 1.570510 | Aux: 0.649996
2025-06-10 13:16:50 INFO     [E3000] Total: 1.561187 | Main: 1.561187 | Aux: 0.671856
2025-06-10 13:17:09 INFO     [E4000] Total: 1.553043 | Main: 1.553043 | Aux: 0.691442
2025-06-10 13:17:27 INFO     [E5000] Total: 1.549542 | Main: 1.549542 | Aux: 0.709627
2025-06-10 13:17:46 INFO     [E6000] Total: 1.547922 | Main: 1.547922 | Aux: 0.735252
2025-06-10 13:18:05 INFO     [E7000] Total: 1.547783 | Main: 1.547783 | Aux: 0.755578
2025-06-10 13:18:24 INFO     [E8000] Total: 1.545974 | Main: 1.545974 | Aux: 0.777320
2025-06-10 13:18:43 INFO     [E9000] Total: 1.545448 | Main: 1.545448 | Aux: 0.797808
2025-06-10 13:19:00 INFO     [E10000] Total: 1.539025 | Main: 1.539025 | Aux: 0.813584
2025-06-10 13:19:00 INFO     -------------------------
2025-06-10 13:19:00 INFO     | EM Iteration: 1/5
2025-06-10 13:19:00 INFO     -------------------------
2025-06-10 13:19:00 INFO     >>>>> Generator: Rule generation with sampling
2025-06-10 13:19:00 INFO     Predictor: read 1259 rules from list.
2025-06-10 13:19:00 INFO     Preprocess training set
2025-06-10 13:19:00 INFO     >>>>> Predictor: Training
2025-06-10 13:22:10 INFO     1000 12313 8.242913 69358.0
2025-06-10 13:25:24 INFO     2000 12313 7.806354 69332.0
2025-06-10 13:28:35 INFO     3000 12313 7.579239 69384.0
2025-06-10 13:31:48 INFO     4000 12313 7.462448 69279.9
2025-06-10 13:35:00 INFO     5000 12313 7.349976 69332.0
2025-06-10 13:38:12 INFO     6000 12313 7.274612 69384.0
2025-06-10 13:41:24 INFO     7000 12313 7.188122 69297.3
2025-06-10 13:42:50 INFO     8000 12313 7.172752 69323.3
2025-06-10 13:43:38 INFO     9000 12313 7.101922 69358.0
2025-06-10 13:44:24 INFO     10000 12313 7.090545 69332.0
2025-06-10 13:45:10 INFO     11000 12313 7.053041 69366.7
2025-06-10 13:45:56 INFO     12000 12313 7.035612 69279.9
2025-06-10 13:46:11 INFO     >>>>> Predictor: Evaluating on valid
2025-06-10 13:46:27 INFO     Data : 3823
2025-06-10 13:46:27 INFO     Hit1 : 0.025111
2025-06-10 13:46:27 INFO     Hit3 : 0.048653
2025-06-10 13:46:27 INFO     Hit10: 0.096783
2025-06-10 13:46:27 INFO     MR   : 1186.572979
2025-06-10 13:46:27 INFO     MRR  : 0.050044
2025-06-10 13:46:27 INFO     >>>>> Predictor: Evaluating on test
2025-06-10 13:46:46 INFO     Data : 4402
2025-06-10 13:46:46 INFO     Hit1 : 0.028851
2025-06-10 13:46:46 INFO     Hit3 : 0.058383
2025-06-10 13:46:46 INFO     Hit10: 0.097229
2025-06-10 13:46:46 INFO     MR   : 1176.255679
2025-06-10 13:46:46 INFO     MRR  : 0.054499
2025-06-10 13:46:46 INFO     >>>>> Predictor: Computing H scores of rules
2025-06-10 13:47:37 INFO     1000 12313
2025-06-10 13:48:28 INFO     2000 12313
2025-06-10 13:49:18 INFO     3000 12313
2025-06-10 13:50:09 INFO     4000 12313
2025-06-10 13:51:00 INFO     5000 12313
2025-06-10 13:51:51 INFO     6000 12313
2025-06-10 13:52:42 INFO     7000 12313
2025-06-10 13:53:33 INFO     8000 12313
2025-06-10 13:54:25 INFO     9000 12313
2025-06-10 13:55:15 INFO     10000 12313
2025-06-10 13:56:05 INFO     11000 12313
2025-06-10 13:56:57 INFO     12000 12313
2025-06-10 13:57:13 INFO     >>>>> Generator: Training
2025-06-10 13:57:14 INFO     -------------------------
2025-06-10 13:57:14 INFO     | EM Iteration: 2/5
2025-06-10 13:57:14 INFO     -------------------------
2025-06-10 13:57:14 INFO     >>>>> Generator: Rule generation with sampling
2025-06-10 13:57:14 INFO     Predictor: read 1336 rules from list.
2025-06-10 13:57:14 INFO     Preprocess training set
2025-06-10 13:57:14 INFO     >>>>> Predictor: Training
2025-06-10 13:58:03 INFO     1000 12313 8.248624 69366.7
2025-06-10 13:58:52 INFO     2000 12313 7.770022 69279.9
2025-06-10 13:59:41 INFO     3000 12313 7.602949 69253.9
2025-06-10 14:00:32 INFO     4000 12313 7.451564 69340.6
2025-06-10 14:01:22 INFO     5000 12313 7.374189 69366.7
2025-06-10 14:02:11 INFO     6000 12313 7.290056 69358.0
2025-06-10 14:03:00 INFO     7000 12313 7.250293 69366.7
2025-06-10 14:03:50 INFO     8000 12313 7.228551 69384.0
2025-06-10 14:04:40 INFO     9000 12313 7.188427 69262.6
2025-06-10 14:05:30 INFO     10000 12313 7.166173 69323.3
2025-06-10 14:06:20 INFO     11000 12313 7.131888 69366.7
2025-06-10 14:07:10 INFO     12000 12313 7.122418 69332.0
2025-06-10 14:07:26 INFO     >>>>> Predictor: Evaluating on valid
2025-06-10 14:07:43 INFO     Data : 3823
2025-06-10 14:07:43 INFO     Hit1 : 0.031389
2025-06-10 14:07:43 INFO     Hit3 : 0.059377
2025-06-10 14:07:43 INFO     Hit10: 0.118232
2025-06-10 14:07:43 INFO     MR   : 1146.383599
2025-06-10 14:07:43 INFO     MRR  : 0.060632
2025-06-10 14:07:43 INFO     >>>>> Predictor: Evaluating on test
2025-06-10 14:08:03 INFO     Data : 4402
2025-06-10 14:08:03 INFO     Hit1 : 0.038392
2025-06-10 14:08:03 INFO     Hit3 : 0.066106
2025-06-10 14:08:03 INFO     Hit10: 0.120400
2025-06-10 14:08:03 INFO     MR   : 1136.232849
2025-06-10 14:08:03 INFO     MRR  : 0.066599
2025-06-10 14:08:03 INFO     >>>>> Predictor: Computing H scores of rules
2025-06-10 14:08:58 INFO     1000 12313
2025-06-10 14:09:54 INFO     2000 12313
2025-06-10 14:10:49 INFO     3000 12313
2025-06-10 14:11:44 INFO     4000 12313
2025-06-10 14:12:38 INFO     5000 12313
2025-06-10 14:13:33 INFO     6000 12313
2025-06-10 14:14:27 INFO     7000 12313
2025-06-10 14:15:21 INFO     8000 12313
2025-06-10 14:16:15 INFO     9000 12313
2025-06-10 14:17:09 INFO     10000 12313
2025-06-10 14:18:03 INFO     11000 12313
2025-06-10 14:18:56 INFO     12000 12313
2025-06-10 14:19:13 INFO     >>>>> Generator: Training
2025-06-10 14:19:14 INFO     -------------------------
2025-06-10 14:19:14 INFO     | EM Iteration: 3/5
2025-06-10 14:19:14 INFO     -------------------------
2025-06-10 14:19:14 INFO     >>>>> Generator: Rule generation with sampling
2025-06-10 14:19:14 INFO     Predictor: read 1404 rules from list.
2025-06-10 14:19:14 INFO     Preprocess training set
2025-06-10 14:19:14 INFO     >>>>> Predictor: Training
2025-06-10 14:20:03 INFO     1000 12313 8.194962 69384.0
2025-06-10 14:20:54 INFO     2000 12313 7.702834 69384.0
2025-06-10 14:21:43 INFO     3000 12313 7.434752 69253.9
2025-06-10 14:22:33 INFO     4000 12313 7.290560 69323.3
2025-06-10 14:23:24 INFO     5000 12313 7.169229 69384.0
2025-06-10 14:24:14 INFO     6000 12313 7.043718 69323.3
2025-06-10 14:25:05 INFO     7000 12313 6.962086 69366.7
2025-06-10 14:25:55 INFO     8000 12313 6.897906 69332.0
2025-06-10 14:26:45 INFO     9000 12313 6.787290 69384.0
2025-06-10 14:27:35 INFO     10000 12313 6.790682 69227.9
2025-06-10 14:28:26 INFO     11000 12313 6.733407 69340.6
2025-06-10 14:29:16 INFO     12000 12313 6.699766 69297.3
2025-06-10 14:29:32 INFO     >>>>> Predictor: Evaluating on valid
2025-06-10 14:29:51 INFO     Data : 3823
2025-06-10 14:29:51 INFO     Hit1 : 0.027988
2025-06-10 14:29:51 INFO     Hit3 : 0.062255
2025-06-10 14:29:51 INFO     Hit10: 0.118232
2025-06-10 14:29:51 INFO     MR   : 1146.543814
2025-06-10 14:29:51 INFO     MRR  : 0.060201
2025-06-10 14:29:51 INFO     >>>>> Predictor: Evaluating on test
2025-06-10 14:30:13 INFO     Data : 4402
2025-06-10 14:30:13 INFO     Hit1 : 0.035666
2025-06-10 14:30:13 INFO     Hit3 : 0.066106
2025-06-10 14:30:13 INFO     Hit10: 0.123353
2025-06-10 14:30:13 INFO     MR   : 1125.940595
2025-06-10 14:30:13 INFO     MRR  : 0.066162
2025-06-10 14:30:13 INFO     >>>>> Predictor: Computing H scores of rules
2025-06-10 14:31:09 INFO     1000 12313
2025-06-10 14:32:04 INFO     2000 12313
2025-06-10 14:33:01 INFO     3000 12313
2025-06-10 14:33:57 INFO     4000 12313
2025-06-10 14:34:53 INFO     5000 12313
2025-06-10 14:35:49 INFO     6000 12313
2025-06-10 14:36:46 INFO     7000 12313
2025-06-10 14:37:43 INFO     8000 12313
2025-06-10 14:38:38 INFO     9000 12313
2025-06-10 14:39:32 INFO     10000 12313
2025-06-10 14:40:27 INFO     11000 12313
2025-06-10 14:41:23 INFO     12000 12313
2025-06-10 14:41:41 INFO     >>>>> Generator: Training
2025-06-10 14:41:41 INFO     -------------------------
2025-06-10 14:41:41 INFO     | EM Iteration: 4/5
2025-06-10 14:41:41 INFO     -------------------------
2025-06-10 14:41:41 INFO     >>>>> Generator: Rule generation with sampling
2025-06-10 14:41:41 INFO     Predictor: read 1459 rules from list.
2025-06-10 14:41:41 INFO     Preprocess training set
2025-06-10 14:41:41 INFO     >>>>> Predictor: Training
2025-06-10 14:42:33 INFO     1000 12313 8.240451 69314.6
2025-06-10 14:43:25 INFO     2000 12313 7.768004 69279.9
2025-06-10 14:44:16 INFO     3000 12313 7.531020 69366.7
2025-06-10 14:45:06 INFO     4000 12313 7.427846 69366.7
2025-06-10 14:45:58 INFO     5000 12313 7.332574 69288.6
2025-06-10 14:46:49 INFO     6000 12313 7.253018 69340.6
2025-06-10 14:47:40 INFO     7000 12313 7.154899 69384.0
2025-06-10 14:48:31 INFO     8000 12313 7.095124 69340.6
2025-06-10 14:49:22 INFO     9000 12313 7.107475 69384.0
2025-06-10 14:50:13 INFO     10000 12313 7.044039 69288.6
2025-06-10 14:51:03 INFO     11000 12313 7.035571 69262.6
2025-06-10 14:51:55 INFO     12000 12313 7.010452 69384.0
2025-06-10 14:52:11 INFO     >>>>> Predictor: Evaluating on valid
2025-06-10 14:52:32 INFO     Data : 3823
2025-06-10 14:52:32 INFO     Hit1 : 0.036097
2025-06-10 14:52:32 INFO     Hit3 : 0.075072
2025-06-10 14:52:32 INFO     Hit10: 0.140727
2025-06-10 14:52:32 INFO     MR   : 1100.503531
2025-06-10 14:52:32 INFO     MRR  : 0.072019
2025-06-10 14:52:32 INFO     >>>>> Predictor: Evaluating on test
2025-06-10 14:52:56 INFO     Data : 4402
2025-06-10 14:52:56 INFO     Hit1 : 0.047706
2025-06-10 14:52:56 INFO     Hit3 : 0.086779
2025-06-10 14:52:56 INFO     Hit10: 0.148796
2025-06-10 14:52:56 INFO     MR   : 1096.963539
2025-06-10 14:52:56 INFO     MRR  : 0.082377
2025-06-10 14:52:56 INFO     >>>>> Predictor: Computing H scores of rules
2025-06-10 14:53:51 INFO     1000 12313
2025-06-10 14:54:47 INFO     2000 12313
2025-06-10 14:55:42 INFO     3000 12313
2025-06-10 14:56:38 INFO     4000 12313
2025-06-10 14:57:33 INFO     5000 12313
2025-06-10 14:58:29 INFO     6000 12313
2025-06-10 14:59:25 INFO     7000 12313
2025-06-10 15:00:20 INFO     8000 12313
2025-06-10 15:01:16 INFO     9000 12313
2025-06-10 15:02:11 INFO     10000 12313
2025-06-10 15:03:07 INFO     11000 12313
2025-06-10 15:04:04 INFO     12000 12313
2025-06-10 15:04:21 INFO     >>>>> Generator: Training
2025-06-10 15:04:22 INFO     -------------------------
2025-06-10 15:04:22 INFO     | EM Iteration: 5/5
2025-06-10 15:04:22 INFO     -------------------------
2025-06-10 15:04:22 INFO     >>>>> Generator: Rule generation with sampling
2025-06-10 15:04:22 INFO     Predictor: read 1526 rules from list.
2025-06-10 15:04:22 INFO     Preprocess training set
2025-06-10 15:04:22 INFO     >>>>> Predictor: Training
2025-06-10 15:05:14 INFO     1000 12313 8.243018 69340.6
2025-06-10 15:06:06 INFO     2000 12313 7.800881 69288.6
2025-06-10 15:06:59 INFO     3000 12313 7.596084 69366.7
2025-06-10 15:07:51 INFO     4000 12313 7.483807 69305.9
2025-06-10 15:08:42 INFO     5000 12313 7.369388 69323.3
2025-06-10 15:09:34 INFO     6000 12313 7.323097 69384.0
2025-06-10 15:10:25 INFO     7000 12313 7.275264 69279.9
2025-06-10 15:11:17 INFO     8000 12313 7.198753 69384.0
2025-06-10 15:12:09 INFO     9000 12313 7.205613 69366.7
2025-06-10 15:13:00 INFO     10000 12313 7.162844 69297.3
2025-06-10 15:13:53 INFO     11000 12313 7.132277 69279.9
2025-06-10 15:14:46 INFO     12000 12313 7.135456 69384.0
2025-06-10 15:15:02 INFO     >>>>> Predictor: Evaluating on valid
2025-06-10 15:15:24 INFO     Data : 3823
2025-06-10 15:15:24 INFO     Hit1 : 0.027727
2025-06-10 15:15:24 INFO     Hit3 : 0.052838
2025-06-10 15:15:24 INFO     Hit10: 0.104107
2025-06-10 15:15:24 INFO     MR   : 1193.182187
2025-06-10 15:15:24 INFO     MRR  : 0.054110
2025-06-10 15:15:24 INFO     >>>>> Predictor: Evaluating on test
2025-06-10 15:15:48 INFO     Data : 4402
2025-06-10 15:15:48 INFO     Hit1 : 0.032940
2025-06-10 15:15:48 INFO     Hit3 : 0.059746
2025-06-10 15:15:48 INFO     Hit10: 0.104044
2025-06-10 15:15:48 INFO     MR   : 1170.210473
2025-06-10 15:15:48 INFO     MRR  : 0.059237
2025-06-10 15:15:48 INFO     >>>>> Predictor: Computing H scores of rules
2025-06-10 15:16:47 INFO     1000 12313
2025-06-10 15:17:46 INFO     2000 12313
2025-06-10 15:18:45 INFO     3000 12313
2025-06-10 15:19:43 INFO     4000 12313
2025-06-10 15:20:43 INFO     5000 12313
2025-06-10 15:21:42 INFO     6000 12313
2025-06-10 15:22:39 INFO     7000 12313
2025-06-10 15:23:38 INFO     8000 12313
2025-06-10 15:24:37 INFO     9000 12313
2025-06-10 15:25:35 INFO     10000 12313
2025-06-10 15:26:31 INFO     11000 12313
2025-06-10 15:27:28 INFO     12000 12313
2025-06-10 15:27:46 INFO     >>>>> Generator: Training
2025-06-10 15:27:46 INFO     -------------------------
2025-06-10 15:27:46 INFO     | Post-train Generator
2025-06-10 15:27:46 INFO     -------------------------
2025-06-10 15:27:46 INFO     >>>>> Generator: Training
2025-06-10 15:27:52 INFO     [E1000] Total: 1.741136 | Main: 1.752756 | Aux: 0.665527
2025-06-10 15:27:52 INFO     -------------------------
2025-06-10 15:27:52 INFO     | Beam Search Best Rules
2025-06-10 15:27:52 INFO     -------------------------
2025-06-10 15:27:52 INFO     >>>>> Generator: Rule generation with beam search
2025-06-10 15:27:52 INFO     >>>>> Generator: Rule generation with beam search
2025-06-10 15:27:54 INFO     >>>>> Generator: Rule generation with beam search
2025-06-10 15:28:04 INFO     >>>>> Generator: Rule generation with beam search
2025-06-10 15:28:11 INFO     >>>>> Generator: Rule generation with beam search
2025-06-10 15:28:16 INFO     -------------------------
2025-06-10 15:28:16 INFO     | Train Final Predictor+
2025-06-10 15:28:16 INFO     -------------------------
2025-06-10 15:28:16 INFO     Predictor+: read 18420 rules from list.
2025-06-10 15:28:16 INFO     Preprocess training set
2025-06-10 15:28:16 INFO     -------------------------
2025-06-10 15:28:16 INFO     | Iteration: 1/5
2025-06-10 15:28:16 INFO     -------------------------
2025-06-10 15:28:16 INFO     >>>>> Predictor: Training
2025-06-10 15:36:04 INFO     1000 12313 4.680862 69314.6
2025-06-10 15:43:50 INFO     2000 12313 4.496528 69366.7
2025-06-10 15:51:34 INFO     3000 12313 4.449325 69279.9
2025-06-10 15:59:15 INFO     4000 12313 4.445240 69340.6
2025-06-10 16:06:52 INFO     5000 12313 4.481945 69236.6
2025-06-10 16:14:27 INFO     6000 12313 4.443248 69366.7
2025-06-10 16:22:04 INFO     7000 12313 4.425740 69323.3
2025-06-10 16:29:46 INFO     8000 12313 4.463476 69349.3
2025-06-10 16:37:29 INFO     9000 12313 4.425110 69384.0
2025-06-10 16:45:13 INFO     10000 12313 4.416203 69384.0
2025-06-10 16:52:56 INFO     11000 12313 4.442241 69288.6
2025-06-10 17:00:39 INFO     12000 12313 4.446330 69366.7
2025-06-10 17:03:04 INFO     >>>>> Predictor: Evaluating on valid
2025-06-10 17:06:28 INFO     Data : 3823
2025-06-10 17:06:28 INFO     Hit1 : 0.074026
2025-06-10 17:06:28 INFO     Hit3 : 0.157730
2025-06-10 17:06:28 INFO     Hit10: 0.294533
2025-06-10 17:06:28 INFO     MR   : 616.406879
2025-06-10 17:06:28 INFO     MRR  : 0.146126
2025-06-10 17:06:28 INFO     >>>>> Predictor: Evaluating on test
2025-06-10 17:10:23 INFO     Data : 4402
2025-06-10 17:10:23 INFO     Hit1 : 0.107224
2025-06-10 17:10:23 INFO     Hit3 : 0.195139
2025-06-10 17:10:23 INFO     Hit10: 0.329396
2025-06-10 17:10:23 INFO     MR   : 600.363812
2025-06-10 17:10:23 INFO     MRR  : 0.178284
2025-06-10 17:10:23 INFO     Save checkpoint to results/semmeddb/multitask/matrix_encode_relation/cluster_3/random_init/schedule/predictor.pt
2025-06-10 17:10:23 INFO     -------------------------
2025-06-10 17:10:23 INFO     | Iteration: 2/5
2025-06-10 17:10:23 INFO     -------------------------
2025-06-10 17:10:23 INFO     >>>>> Predictor: Training
2025-06-10 17:18:05 INFO     1000 12313 4.385900 69384.0
2025-06-10 17:25:43 INFO     2000 12313 4.379112 69384.0
2025-06-10 17:34:21 INFO     3000 12313 4.390414 69340.6
2025-06-10 17:43:01 INFO     4000 12313 4.396988 69305.9
2025-06-10 17:50:54 INFO     5000 12313 4.404742 69340.6
2025-06-10 17:59:01 INFO     6000 12313 4.410020 69297.3
2025-06-10 18:06:40 INFO     7000 12313 4.392589 69323.3
2025-06-10 18:15:07 INFO     8000 12313 4.415445 69366.7
2025-06-10 18:23:38 INFO     9000 12313 4.390631 69297.3
2025-06-10 18:33:05 INFO     10000 12313 4.406842 69366.7
2025-06-10 18:42:00 INFO     11000 12313 4.409582 69314.6
2025-06-10 18:49:45 INFO     12000 12313 4.421249 69279.9
2025-06-10 18:52:29 INFO     >>>>> Predictor: Evaluating on valid
2025-06-10 18:56:05 INFO     Data : 3823
2025-06-10 18:56:05 INFO     Hit1 : 0.078734
2025-06-10 18:56:05 INFO     Hit3 : 0.155637
2025-06-10 18:56:05 INFO     Hit10: 0.298195
2025-06-10 18:56:05 INFO     MR   : 599.868820
2025-06-10 18:56:05 INFO     MRR  : 0.148911
2025-06-10 18:56:05 INFO     >>>>> Predictor: Evaluating on test
2025-06-10 19:00:01 INFO     Data : 4402
2025-06-10 19:00:01 INFO     Hit1 : 0.110859
2025-06-10 19:00:01 INFO     Hit3 : 0.194457
2025-06-10 19:00:01 INFO     Hit10: 0.328941
2025-06-10 19:00:01 INFO     MR   : 576.670604
2025-06-10 19:00:01 INFO     MRR  : 0.181432
2025-06-10 19:00:01 INFO     Save checkpoint to results/semmeddb/multitask/matrix_encode_relation/cluster_3/random_init/schedule/predictor.pt
2025-06-10 19:00:01 INFO     -------------------------
2025-06-10 19:00:01 INFO     | Iteration: 3/5
2025-06-10 19:00:01 INFO     -------------------------
2025-06-10 19:00:01 INFO     >>>>> Predictor: Training
2025-06-10 19:08:29 INFO     1000 12313 4.386408 69262.6
2025-06-10 19:16:36 INFO     2000 12313 4.369377 69384.0
2025-06-10 19:25:29 INFO     3000 12313 4.350273 69262.6
2025-06-10 19:33:13 INFO     4000 12313 4.394828 69323.3
2025-06-10 19:41:06 INFO     5000 12313 4.363355 69366.7
2025-06-10 19:48:50 INFO     6000 12313 4.384475 69323.3
2025-06-10 19:56:35 INFO     7000 12313 4.390620 69366.7
