2025-07-09 10:00:15,886 INFO     is_soft_label: False
2025-07-09 10:00:15,886 INFO     is_scheduled_sampling: False
2025-07-09 10:00:15,886 INFO     is_test_mode: True
2025-07-09 10:00:16,092 INFO     Data loading | DONE!
2025-07-09 10:00:16,189 INFO     Using full datasets for training, validation, and testing.
2025-07-09 10:00:16,313 INFO     -------------------------
2025-07-09 10:00:16,313 INFO     | EM Iteration: 1/2
2025-07-09 10:00:16,313 INFO     -------------------------
2025-07-09 10:00:16,313 INFO     >>>>> Using miner's rule
2025-07-09 10:00:16,313 INFO     Predictor: read 10 rules from list.
2025-07-09 10:00:16,950 INFO     Preprocess training set
2025-07-09 10:00:17,009 INFO     >>>>> Predictor: Evaluating on valid
2025-07-09 10:00:20,970 INFO     Data : 2077
2025-07-09 10:00:20,970 INFO     Hit1 : 0.000115
2025-07-09 10:00:20,970 INFO     Hit3 : 0.000346
2025-07-09 10:00:20,970 INFO     Hit10: 0.001154
2025-07-09 10:00:20,970 INFO     MR   : 4331.678382
2025-07-09 10:00:20,970 INFO     MRR  : 0.001113
2025-07-09 10:00:20,970 INFO     >>>>> Predictor: Evaluating on test
2025-07-09 10:00:25,174 INFO     Data : 2342
2025-07-09 10:00:25,174 INFO     Hit1 : 0.000115
2025-07-09 10:00:25,174 INFO     Hit3 : 0.000346
2025-07-09 10:00:25,174 INFO     Hit10: 0.001155
2025-07-09 10:00:25,174 INFO     MR   : 4329.545474
2025-07-09 10:00:25,174 INFO     MRR  : 0.001114
2025-07-09 10:00:25,175 INFO     >>>>> Predictor: Computing H scores of rules
2025-07-09 10:00:25,768 INFO     1000 5959
2025-07-09 10:00:26,277 INFO     2000 5959
2025-07-09 10:00:26,782 INFO     3000 5959
2025-07-09 10:00:27,288 INFO     4000 5959
2025-07-09 10:00:27,836 INFO     5000 5959
2025-07-09 10:00:28,324 INFO     >>>>> Generator: Training
2025-07-09 10:00:28,507 INFO     [E00001] Total 90.472534 | Main 3.041878 | RelClus 1.135615 | EntType 94.365952
2025-07-09 10:00:28,533 INFO     [E00002] Total 90.459946 | Main 3.042161 | RelClus 1.135126 | EntType 94.353127
2025-07-09 10:00:28,558 INFO     [E00003] Total 90.445015 | Main 3.043264 | RelClus 1.136069 | EntType 94.339951
2025-07-09 10:00:28,583 INFO     [E00004] Total 90.442558 | Main 3.041699 | RelClus 1.136370 | EntType 94.336411
2025-07-09 10:00:28,608 INFO     [E00005] Total 90.420677 | Main 3.042483 | RelClus 1.135956 | EntType 94.314766
2025-07-09 10:00:28,633 INFO     [E00006] Total 90.416588 | Main 3.042537 | RelClus 1.137007 | EntType 94.311661
2025-07-09 10:00:28,658 INFO     [E00007] Total 90.400467 | Main 3.042595 | RelClus 1.135594 | EntType 94.294273
2025-07-09 10:00:28,683 INFO     [E00008] Total 90.388893 | Main 3.043132 | RelClus 1.136963 | EntType 94.284355
2025-07-09 10:00:28,707 INFO     [E00009] Total 90.371613 | Main 3.043059 | RelClus 1.136456 | EntType 94.266510
2025-07-09 10:00:28,732 INFO     [E00010] Total 90.365112 | Main 3.042413 | RelClus 1.136646 | EntType 94.259598
2025-07-09 10:00:28,732 INFO     -------------------------
2025-07-09 10:00:28,732 INFO     | EM Iteration: 2/2
2025-07-09 10:00:28,732 INFO     -------------------------
2025-07-09 10:00:28,732 INFO     >>>>> Using Generator's sample rule
2025-07-09 10:00:28,732 INFO     >>>>> Generator: Rule generation with sampling
2025-07-09 10:00:28,897 INFO     Predictor: read 200 rules from list.
2025-07-09 10:00:28,898 INFO     Preprocess training set
2025-07-09 10:00:28,898 INFO     >>>>> Predictor: Training
2025-07-09 10:00:29,684 INFO     100 5959 9.046578 69210.5
2025-07-09 10:00:30,359 INFO     200 5959 8.987846 69384.0
2025-07-09 10:00:31,043 INFO     300 5959 8.936760 69384.0
2025-07-09 10:00:31,719 INFO     400 5959 8.890705 68863.6
2025-07-09 10:00:32,393 INFO     500 5959 8.854964 69384.0
2025-07-09 10:00:33,061 INFO     600 5959 8.800026 69384.0
2025-07-09 10:00:33,732 INFO     700 5959 8.768143 69384.0
2025-07-09 10:00:34,409 INFO     800 5959 8.762313 69384.0
2025-07-09 10:00:35,096 INFO     900 5959 8.683546 69384.0
2025-07-09 10:00:35,772 INFO     1000 5959 8.655065 69384.0
2025-07-09 10:00:35,772 INFO     >>>>> Predictor: Evaluating on valid
2025-07-09 10:00:37,457 INFO     Data : 2077
2025-07-09 10:00:37,458 INFO     Hit1 : 0.001444
2025-07-09 10:00:37,458 INFO     Hit3 : 0.002407
2025-07-09 10:00:37,458 INFO     Hit10: 0.010111
2025-07-09 10:00:37,458 INFO     MR   : 1630.250120
2025-07-09 10:00:37,458 INFO     MRR  : 0.007905
2025-07-09 10:00:37,458 INFO     >>>>> Predictor: Evaluating on test
2025-07-09 10:00:39,331 INFO     Data : 2342
2025-07-09 10:00:39,331 INFO     Hit1 : 0.001708
2025-07-09 10:00:39,331 INFO     Hit3 : 0.002135
2025-07-09 10:00:39,331 INFO     Hit10: 0.008967
2025-07-09 10:00:39,331 INFO     MR   : 1540.195986
2025-07-09 10:00:39,331 INFO     MRR  : 0.007465
2025-07-09 10:00:39,331 INFO     >>>>> Predictor: Computing H scores of rules
2025-07-09 10:00:53,900 INFO     1000 5959
2025-07-09 10:01:08,261 INFO     2000 5959
2025-07-09 10:01:22,396 INFO     3000 5959
2025-07-09 10:01:36,520 INFO     4000 5959
2025-07-09 10:01:50,587 INFO     5000 5959
2025-07-09 10:02:04,264 INFO     >>>>> Generator: Training
2025-07-09 10:02:04,307 INFO     [E00001] Total 90.449051 | Main 3.047734 | RelClus 1.116342 | EntType 94.330124
2025-07-09 10:02:04,338 INFO     [E00002] Total 90.439804 | Main 3.047886 | RelClus 1.116310 | EntType 94.320953
2025-07-09 10:02:04,368 INFO     [E00003] Total 90.431137 | Main 3.047976 | RelClus 1.116659 | EntType 94.312645
2025-07-09 10:02:04,398 INFO     [E00004] Total 90.423203 | Main 3.047601 | RelClus 1.116684 | EntType 94.304390
2025-07-09 10:02:04,429 INFO     [E00005] Total 90.414749 | Main 3.047873 | RelClus 1.116784 | EntType 94.296242
2025-07-09 10:02:04,459 INFO     [E00006] Total 90.405159 | Main 3.047941 | RelClus 1.116792 | EntType 94.286690
2025-07-09 10:02:04,489 INFO     [E00007] Total 90.397835 | Main 3.047863 | RelClus 1.116768 | EntType 94.279251
2025-07-09 10:02:04,519 INFO     [E00008] Total 90.387917 | Main 3.047912 | RelClus 1.117003 | EntType 94.269562
2025-07-09 10:02:04,550 INFO     [E00009] Total 90.380463 | Main 3.047824 | RelClus 1.117183 | EntType 94.262161
2025-07-09 10:02:04,580 INFO     [E00010] Total 90.371468 | Main 3.048135 | RelClus 1.117244 | EntType 94.253464
2025-07-09 10:02:04,580 INFO     -------------------------
2025-07-09 10:02:04,581 INFO     | Post-train Generator
2025-07-09 10:02:04,581 INFO     -------------------------
2025-07-09 10:02:04,608 INFO     >>>>> Generator: Training
2025-07-09 10:02:04,641 INFO     [E00001] Total 90.357025 | Main 3.047901 | RelClus 1.118291 | EntType 94.239723
2025-07-09 10:02:04,671 INFO     [E00002] Total 90.348816 | Main 3.048153 | RelClus 1.118469 | EntType 94.231873
2025-07-09 10:02:04,702 INFO     [E00003] Total 90.341034 | Main 3.048154 | RelClus 1.118434 | EntType 94.224037
2025-07-09 10:02:04,732 INFO     [E00004] Total 90.331177 | Main 3.047923 | RelClus 1.118660 | EntType 94.214149
2025-07-09 10:02:04,763 INFO     [E00005] Total 90.322693 | Main 3.047735 | RelClus 1.118924 | EntType 94.205727
2025-07-09 10:02:04,793 INFO     [E00006] Total 90.313721 | Main 3.048421 | RelClus 1.118760 | EntType 94.197159
2025-07-09 10:02:04,824 INFO     [E00007] Total 90.303452 | Main 3.048169 | RelClus 1.118973 | EntType 94.186836
2025-07-09 10:02:04,854 INFO     [E00008] Total 90.294785 | Main 3.048226 | RelClus 1.119007 | EntType 94.178215
2025-07-09 10:02:04,885 INFO     [E00009] Total 90.286003 | Main 3.047807 | RelClus 1.119250 | EntType 94.169273
2025-07-09 10:02:04,915 INFO     [E00010] Total 90.277168 | Main 3.048141 | RelClus 1.119353 | EntType 94.160797
2025-07-09 10:02:04,916 INFO     -------------------------
2025-07-09 10:02:04,916 INFO     | Beam Search Best Rules
2025-07-09 10:02:04,916 INFO     -------------------------
2025-07-09 10:02:04,916 INFO     >>>>> Generator: Rule generation with beam search
2025-07-09 10:02:05,591 INFO     -------------------------
2025-07-09 10:02:05,591 INFO     | Train Final Predictor+
2025-07-09 10:02:05,591 INFO     -------------------------
2025-07-09 10:02:05,592 INFO     Predictor+: read 420 rules from list.
2025-07-09 10:02:05,593 INFO     Preprocess training set
2025-07-09 10:02:05,594 INFO     -------------------------
2025-07-09 10:02:05,594 INFO     | Iteration: 1/1
2025-07-09 10:02:05,594 INFO     -------------------------
2025-07-09 10:02:05,594 INFO     >>>>> Predictor: Training
2025-07-09 10:02:06,363 INFO     100 5959 6.056464 69384.0
2025-07-09 10:02:07,093 INFO     200 5959 5.330572 69384.0
2025-07-09 10:02:07,828 INFO     300 5959 5.196547 69384.0
2025-07-09 10:02:08,560 INFO     400 5959 5.351749 69384.0
2025-07-09 10:02:09,305 INFO     500 5959 5.294587 69210.5
2025-07-09 10:02:10,037 INFO     600 5959 5.185916 69037.1
2025-07-09 10:02:10,771 INFO     700 5959 5.165502 69384.0
2025-07-09 10:02:11,508 INFO     800 5959 5.147029 69384.0
2025-07-09 10:02:12,240 INFO     900 5959 5.080132 69384.0
2025-07-09 10:02:12,980 INFO     1000 5959 5.228172 69384.0
2025-07-09 10:02:12,981 INFO     >>>>> Predictor: Evaluating on valid
2025-07-09 10:02:14,839 INFO     Data : 2077
2025-07-09 10:02:14,839 INFO     Hit1 : 0.062109
2025-07-09 10:02:14,840 INFO     Hit3 : 0.110737
2025-07-09 10:02:14,840 INFO     Hit10: 0.168031
2025-07-09 10:02:14,840 INFO     MR   : 1465.531295
2025-07-09 10:02:14,840 INFO     MRR  : 0.097285
2025-07-09 10:02:14,840 INFO     >>>>> Predictor: Evaluating on test
2025-07-09 10:02:16,933 INFO     Data : 2342
2025-07-09 10:02:16,933 INFO     Hit1 : 0.073442
2025-07-09 10:02:16,933 INFO     Hit3 : 0.117421
2025-07-09 10:02:16,933 INFO     Hit10: 0.168659
2025-07-09 10:02:16,933 INFO     MR   : 1412.193851
2025-07-09 10:02:16,933 INFO     MRR  : 0.107227
2025-07-09 10:02:16,933 INFO     Save checkpoint to results/sm_test/semmeddb/10_times_each/cluster_k/3_20250709_100014/predictor.pt
2025-07-09 10:02:16,936 INFO     -------------------------
2025-07-09 10:02:16,936 INFO     | Final Test MRR: 0.107227
2025-07-09 10:02:16,936 INFO     -------------------------
entity size:  8673
relation size:  20
