2025-07-02 10:29:06,127 INFO     is_soft_label: False
2025-07-02 10:29:06,127 INFO     is_scheduled_sampling: False
2025-07-02 10:29:06,127 INFO     is_test_mode: True
2025-07-02 10:29:06,345 INFO     Data loading | DONE!
2025-07-02 10:29:06,442 INFO     Using full datasets for training, validation, and testing.
2025-07-02 10:29:06,569 INFO     -------------------------
2025-07-02 10:29:06,569 INFO     | EM Iteration: 1/2
2025-07-02 10:29:06,569 INFO     -------------------------
2025-07-02 10:29:06,569 INFO     >>>>> Using miner's rule
2025-07-02 10:29:06,570 INFO     Predictor: read 10 rules from list.
2025-07-02 10:29:07,213 INFO     Preprocess training set
2025-07-02 10:29:07,213 INFO     >>>>> Predictor: Training
2025-07-02 10:29:07,647 INFO     100 5959 9.046799 69210.5
2025-07-02 10:29:07,940 INFO     200 5959 8.988387 69384.0
2025-07-02 10:29:08,198 INFO     300 5959 8.937416 69384.0
2025-07-02 10:29:08,476 INFO     400 5959 8.891859 68863.6
2025-07-02 10:29:08,743 INFO     500 5959 8.856005 69384.0
2025-07-02 10:29:09,020 INFO     600 5959 8.801693 69384.0
2025-07-02 10:29:09,314 INFO     700 5959 8.770134 69384.0
2025-07-02 10:29:09,604 INFO     800 5959 8.765575 69384.0
2025-07-02 10:29:09,888 INFO     900 5959 8.686620 69384.0
2025-07-02 10:29:10,193 INFO     1000 5959 8.658883 69384.0
2025-07-02 10:29:10,193 INFO     >>>>> Predictor: Evaluating on valid
2025-07-02 10:29:11,213 INFO     Data : 2077
2025-07-02 10:29:11,213 INFO     Hit1 : 0.001444
2025-07-02 10:29:11,213 INFO     Hit3 : 0.002407
2025-07-02 10:29:11,213 INFO     Hit10: 0.010111
2025-07-02 10:29:11,213 INFO     MR   : 1624.301396
2025-07-02 10:29:11,213 INFO     MRR  : 0.007906
2025-07-02 10:29:11,214 INFO     >>>>> Predictor: Evaluating on test
2025-07-02 10:29:12,174 INFO     Data : 2342
2025-07-02 10:29:12,174 INFO     Hit1 : 0.001708
2025-07-02 10:29:12,174 INFO     Hit3 : 0.002135
2025-07-02 10:29:12,174 INFO     Hit10: 0.008967
2025-07-02 10:29:12,174 INFO     MR   : 1538.964133
2025-07-02 10:29:12,174 INFO     MRR  : 0.007466
2025-07-02 10:29:12,175 INFO     >>>>> Predictor: Computing H scores of rules
2025-07-02 10:29:12,741 INFO     1000 5959
2025-07-02 10:29:13,305 INFO     2000 5959
2025-07-02 10:29:13,927 INFO     3000 5959
2025-07-02 10:29:14,495 INFO     4000 5959
2025-07-02 10:29:15,066 INFO     5000 5959
2025-07-02 10:29:15,635 INFO     >>>>> Generator: Training
2025-07-02 10:29:15,730 INFO     [E00001] Total 90.795776 | Main 2.953155 | RelClus 1.113082 | EntType 94.593475
2025-07-02 10:29:15,738 INFO     [E00002] Total 90.701828 | Main 2.954405 | RelClus 1.114017 | EntType 94.501183
2025-07-02 10:29:15,746 INFO     [E00003] Total 90.608025 | Main 2.955650 | RelClus 1.114959 | EntType 94.409042
2025-07-02 10:29:15,754 INFO     [E00004] Total 90.514183 | Main 2.956913 | RelClus 1.115947 | EntType 94.316910
2025-07-02 10:29:15,762 INFO     [E00005] Total 90.420403 | Main 2.958181 | RelClus 1.116916 | EntType 94.224854
2025-07-02 10:29:15,770 INFO     [E00006] Total 90.326813 | Main 2.959454 | RelClus 1.117867 | EntType 94.132950
2025-07-02 10:29:15,778 INFO     [E00007] Total 90.233116 | Main 2.960731 | RelClus 1.118888 | EntType 94.041016
2025-07-02 10:29:15,786 INFO     [E00008] Total 90.139595 | Main 2.962027 | RelClus 1.119887 | EntType 93.949249
2025-07-02 10:29:15,794 INFO     [E00009] Total 90.046165 | Main 2.963316 | RelClus 1.120856 | EntType 93.857544
2025-07-02 10:29:15,802 INFO     [E00010] Total 89.952477 | Main 2.964611 | RelClus 1.121923 | EntType 93.765663
2025-07-02 10:29:15,802 INFO     -------------------------
2025-07-02 10:29:15,802 INFO     | EM Iteration: 2/2
2025-07-02 10:29:15,802 INFO     -------------------------
2025-07-02 10:29:15,802 INFO     >>>>> Using Generator's sample rule
2025-07-02 10:29:15,802 INFO     >>>>> Generator: Rule generation with sampling
2025-07-02 10:29:15,918 INFO     Predictor: read 199 rules from list.
2025-07-02 10:29:15,919 INFO     Preprocess training set
2025-07-02 10:29:15,919 INFO     >>>>> Predictor: Training
2025-07-02 10:29:16,653 INFO     100 5959 9.046429 69384.0
2025-07-02 10:29:17,369 INFO     200 5959 8.987721 69384.0
2025-07-02 10:29:18,166 INFO     300 5959 8.940996 69384.0
2025-07-02 10:29:18,984 INFO     400 5959 8.893124 69384.0
2025-07-02 10:29:19,803 INFO     500 5959 8.850426 69210.5
2025-07-02 10:29:20,716 INFO     600 5959 8.803829 69037.1
2025-07-02 10:29:21,608 INFO     700 5959 8.765158 69384.0
2025-07-02 10:29:22,521 INFO     800 5959 8.723520 69384.0
2025-07-02 10:29:23,298 INFO     900 5959 8.693512 69384.0
2025-07-02 10:29:24,063 INFO     1000 5959 8.681106 69384.0
2025-07-02 10:29:24,063 INFO     >>>>> Predictor: Evaluating on valid
2025-07-02 10:29:26,342 INFO     Data : 2077
2025-07-02 10:29:26,342 INFO     Hit1 : 0.002889
2025-07-02 10:29:26,343 INFO     Hit3 : 0.006259
2025-07-02 10:29:26,343 INFO     Hit10: 0.008666
2025-07-02 10:29:26,343 INFO     MR   : 1669.367116
2025-07-02 10:29:26,343 INFO     MRR  : 0.009438
2025-07-02 10:29:26,343 INFO     >>>>> Predictor: Evaluating on test
2025-07-02 10:29:28,311 INFO     Data : 2342
2025-07-02 10:29:28,311 INFO     Hit1 : 0.001708
2025-07-02 10:29:28,311 INFO     Hit3 : 0.005551
2025-07-02 10:29:28,311 INFO     Hit10: 0.008113
2025-07-02 10:29:28,311 INFO     MR   : 1579.670794
2025-07-02 10:29:28,311 INFO     MRR  : 0.008422
2025-07-02 10:29:28,311 INFO     >>>>> Predictor: Computing H scores of rules
2025-07-02 10:29:44,360 INFO     1000 5959
2025-07-02 10:30:00,540 INFO     2000 5959
2025-07-02 10:30:17,887 INFO     3000 5959
2025-07-02 10:30:33,844 INFO     4000 5959
2025-07-02 10:30:49,799 INFO     5000 5959
2025-07-02 10:31:05,389 INFO     >>>>> Generator: Training
2025-07-02 10:31:05,404 INFO     [E00001] Total 90.748390 | Main 3.036083 | RelClus 1.124937 | EntType 94.628029
2025-07-02 10:31:05,417 INFO     [E00002] Total 90.719696 | Main 3.036536 | RelClus 1.125208 | EntType 94.599892
2025-07-02 10:31:05,429 INFO     [E00003] Total 90.690987 | Main 3.036984 | RelClus 1.125485 | EntType 94.571732
2025-07-02 10:31:05,441 INFO     [E00004] Total 90.662300 | Main 3.037434 | RelClus 1.125759 | EntType 94.543594
2025-07-02 10:31:05,453 INFO     [E00005] Total 90.633667 | Main 3.037888 | RelClus 1.126031 | EntType 94.515511
2025-07-02 10:31:05,464 INFO     [E00006] Total 90.605034 | Main 3.038342 | RelClus 1.126306 | EntType 94.487442
2025-07-02 10:31:05,476 INFO     [E00007] Total 90.576393 | Main 3.038794 | RelClus 1.126578 | EntType 94.459351
2025-07-02 10:31:05,487 INFO     [E00008] Total 90.547829 | Main 3.039255 | RelClus 1.126851 | EntType 94.431343
2025-07-02 10:31:05,499 INFO     [E00009] Total 90.519203 | Main 3.039714 | RelClus 1.127125 | EntType 94.403275
2025-07-02 10:31:05,510 INFO     [E00010] Total 90.490646 | Main 3.040172 | RelClus 1.127398 | EntType 94.375259
2025-07-02 10:31:05,510 INFO     -------------------------
2025-07-02 10:31:05,510 INFO     | Post-train Generator
2025-07-02 10:31:05,510 INFO     -------------------------
2025-07-02 10:31:05,555 INFO     >>>>> Generator: Training
2025-07-02 10:31:05,568 INFO     [E00001] Total 90.419380 | Main 3.040694 | RelClus 1.127552 | EntType 94.304390
2025-07-02 10:31:05,580 INFO     [E00002] Total 90.390480 | Main 3.041165 | RelClus 1.127842 | EntType 94.276062
2025-07-02 10:31:05,592 INFO     [E00003] Total 90.361557 | Main 3.041637 | RelClus 1.128133 | EntType 94.247726
2025-07-02 10:31:05,603 INFO     [E00004] Total 90.332626 | Main 3.042118 | RelClus 1.128427 | EntType 94.219383
2025-07-02 10:31:05,615 INFO     [E00005] Total 90.303619 | Main 3.042596 | RelClus 1.128722 | EntType 94.190971
2025-07-02 10:31:05,627 INFO     [E00006] Total 90.274628 | Main 3.043070 | RelClus 1.129020 | EntType 94.162567
2025-07-02 10:31:05,638 INFO     [E00007] Total 90.245544 | Main 3.043555 | RelClus 1.129324 | EntType 94.134094
2025-07-02 10:31:05,650 INFO     [E00008] Total 90.216454 | Main 3.044036 | RelClus 1.129627 | EntType 94.105598
2025-07-02 10:31:05,662 INFO     [E00009] Total 90.187347 | Main 3.044516 | RelClus 1.129936 | EntType 94.077110
2025-07-02 10:31:05,674 INFO     [E00010] Total 90.158112 | Main 3.045003 | RelClus 1.130247 | EntType 94.048477
2025-07-02 10:31:05,674 INFO     -------------------------
2025-07-02 10:31:05,674 INFO     | Beam Search Best Rules
2025-07-02 10:31:05,674 INFO     -------------------------
2025-07-02 10:31:05,674 INFO     >>>>> Generator: Rule generation with beam search
2025-07-02 10:31:05,968 INFO     -------------------------
2025-07-02 10:31:05,968 INFO     | Train Final Predictor+
2025-07-02 10:31:05,968 INFO     -------------------------
2025-07-02 10:31:05,969 INFO     Predictor+: read 420 rules from list.
2025-07-02 10:31:05,970 INFO     Preprocess training set
2025-07-02 10:31:05,970 INFO     -------------------------
2025-07-02 10:31:05,971 INFO     | Iteration: 1/1
2025-07-02 10:31:05,971 INFO     -------------------------
2025-07-02 10:31:05,971 INFO     >>>>> Predictor: Training
2025-07-02 10:31:06,823 INFO     100 5959 6.002571 69384.0
2025-07-02 10:31:07,634 INFO     200 5959 5.388978 69384.0
2025-07-02 10:31:08,451 INFO     300 5959 5.301171 68950.4
2025-07-02 10:31:09,210 INFO     400 5959 5.286124 69210.5
2025-07-02 10:31:10,011 INFO     500 5959 5.200302 69384.0
2025-07-02 10:31:11,041 INFO     600 5959 5.189046 69384.0
2025-07-02 10:31:11,884 INFO     700 5959 5.242675 69384.0
2025-07-02 10:31:13,433 INFO     800 5959 5.219588 69384.0
2025-07-02 10:31:14,552 INFO     900 5959 5.210690 68863.6
2025-07-02 10:31:15,708 INFO     1000 5959 5.264577 69384.0
2025-07-02 10:31:15,708 INFO     >>>>> Predictor: Evaluating on valid
2025-07-02 10:31:18,654 INFO     Data : 2077
2025-07-02 10:31:18,655 INFO     Hit1 : 0.056813
2025-07-02 10:31:18,655 INFO     Hit3 : 0.110255
2025-07-02 10:31:18,655 INFO     Hit10: 0.175253
2025-07-02 10:31:18,655 INFO     MR   : 1432.645402
2025-07-02 10:31:18,655 INFO     MRR  : 0.095749
2025-07-02 10:31:18,655 INFO     >>>>> Predictor: Evaluating on test
2025-07-02 10:31:20,900 INFO     Data : 2342
2025-07-02 10:31:20,900 INFO     Hit1 : 0.081127
2025-07-02 10:31:20,900 INFO     Hit3 : 0.125107
2025-07-02 10:31:20,900 INFO     Hit10: 0.171221
2025-07-02 10:31:20,900 INFO     MR   : 1383.139838
2025-07-02 10:31:20,900 INFO     MRR  : 0.113258
2025-07-02 10:31:20,900 INFO     Save checkpoint to results/semmeddb/sm_test/predictor.pt
2025-07-02 10:31:20,904 INFO     -------------------------
2025-07-02 10:31:20,904 INFO     | Final Test MRR: 0.113258
2025-07-02 10:31:20,904 INFO     -------------------------
entity size:  8673
relation size:  20
