2025-07-01 22:01:41,850 INFO     Data loading | DONE!
2025-07-01 22:01:41,942 INFO     Using full datasets for training, validation, and testing.
2025-07-01 22:01:42,047 INFO     -------------------------
2025-07-01 22:01:42,048 INFO     | EM Iteration: 1/5
2025-07-01 22:01:42,048 INFO     -------------------------
2025-07-01 22:01:42,048 INFO     >>>>> Using miner's rule
2025-07-01 22:01:42,048 INFO     Predictor: read 10 rules from list.
2025-07-01 22:01:42,693 INFO     Preprocess training set
2025-07-01 22:01:42,694 INFO     >>>>> Predictor: Training
entity size:  8673
relation size:  20
Traceback (most recent call last):
  File "/home/emma/emma/bilab_archive/polly/RNNLogic/src/run_rnnlogic.py", line 254, in <module>
    main(parse_args())
  File "/home/emma/emma/bilab_archive/polly/RNNLogic/src/run_rnnlogic.py", line 143, in main
    solver_p.train(**cfg.predictor.train)
  File "/home/emma/emma/bilab_archive/polly/RNNLogic/src/trainer.py", line 95, in train
    logits, mask = model(all_h, all_r, edges_to_remove) # 這邊的 logits 是 score
  File "/home/emma/polly_env_py39/lib/python3.9/site-packages/torch/nn/modules/module.py", line 1736, in _wrapped_call_impl
    return self._call_impl(*args, **kwargs)
  File "/home/emma/polly_env_py39/lib/python3.9/site-packages/torch/nn/modules/module.py", line 1747, in _call_impl
    return forward_call(*args, **kwargs)
  File "/home/emma/emma/bilab_archive/polly/RNNLogic/src/predictors.py", line 64, in forward
    mask = torch.zeros(all_r.size(0), self.num_entities, device=device)
KeyboardInterrupt
