2025-07-01 22:01:13,806 INFO     Data loading | DONE!
2025-07-01 22:01:13,903 INFO     Using full datasets for training, validation, and testing.
2025-07-01 22:01:14,016 INFO     -------------------------
2025-07-01 22:01:14,016 INFO     | EM Iteration: 1/5
2025-07-01 22:01:14,016 INFO     -------------------------
2025-07-01 22:01:14,017 INFO     >>>>> Using miner's rule
2025-07-01 22:01:14,017 INFO     Predictor: read 10 rules from list.
2025-07-01 22:01:14,660 INFO     Preprocess training set
2025-07-01 22:01:14,660 INFO     >>>>> Predictor: Training
2025-07-01 22:01:17,818 INFO     1000 5959 8.840337 69314.6
entity size:  8673
relation size:  20
Traceback (most recent call last):
  File "/home/emma/emma/bilab_archive/polly/RNNLogic/src/run_rnnlogic.py", line 254, in <module>
    main(parse_args())
  File "/home/emma/emma/bilab_archive/polly/RNNLogic/src/run_rnnlogic.py", line 143, in main
    solver_p.train(**cfg.predictor.train)
  File "/home/emma/emma/bilab_archive/polly/RNNLogic/src/trainer.py", line 112, in train
    loss.backward()
  File "/home/emma/polly_env_py39/lib/python3.9/site-packages/torch/_tensor.py", line 581, in backward
    torch.autograd.backward(
  File "/home/emma/polly_env_py39/lib/python3.9/site-packages/torch/autograd/__init__.py", line 347, in backward
    _engine_run_backward(
  File "/home/emma/polly_env_py39/lib/python3.9/site-packages/torch/autograd/graph.py", line 825, in _engine_run_backward
    return Variable._execution_engine.run_backward(  # Calls into the C++ engine to run the backward pass
KeyboardInterrupt
