2025-07-01 22:10:48,024 INFO     is_soft_label: True
2025-07-01 22:10:48,024 INFO     is_scheduled_sampling: True
2025-07-01 22:10:48,024 INFO     is_test_mode: True
2025-07-01 22:10:48,239 INFO     Data loading | DONE!
2025-07-01 22:10:48,333 INFO     Using subset datasets for training, validation, and testing.
2025-07-01 22:10:48,333 INFO     Subset ratio: 0.01
2025-07-01 22:10:48,334 INFO     [Subset] TrainDataset: 59/5959 samples (1%)
2025-07-01 22:10:48,334 INFO     [Subset] ValidDataset: 2/260 samples (1%)
2025-07-01 22:10:48,334 INFO     [Subset] TestDataset: 2/293 samples (1%)
2025-07-01 22:10:48,335 INFO     [Subset] RuleDataset: 136/13661 samples (1%)
2025-07-01 22:10:48,447 INFO     -------------------------
2025-07-01 22:10:48,447 INFO     | EM Iteration: 1/2
2025-07-01 22:10:48,447 INFO     -------------------------
2025-07-01 22:10:48,447 INFO     >>>>> Using miner's rule
2025-07-01 22:10:48,523 INFO     Predictor: read 13661 rules from list.
2025-07-01 22:10:49,199 INFO     Preprocess training set
2025-07-01 22:10:49,254 INFO     >>>>> Predictor: Training
entity size:  8673
relation size:  20
Traceback (most recent call last):
  File "/home/emma/emma/bilab_archive/polly/RNNLogic/src/run_rnnlogic.py", line 259, in <module>
    main(parse_args())
  File "/home/emma/emma/bilab_archive/polly/RNNLogic/src/run_rnnlogic.py", line 148, in main
    solver_p.train(**cfg.predictor.train)
  File "/home/emma/emma/bilab_archive/polly/RNNLogic/src/trainer.py", line 95, in train
    logits, mask = model(all_h, all_r, edges_to_remove) # 這邊的 logits 是 score
  File "/home/emma/polly_env_py39/lib/python3.9/site-packages/torch/nn/modules/module.py", line 1736, in _wrapped_call_impl
    return self._call_impl(*args, **kwargs)
  File "/home/emma/polly_env_py39/lib/python3.9/site-packages/torch/nn/modules/module.py", line 1747, in _call_impl
    return forward_call(*args, **kwargs)
  File "/home/emma/emma/bilab_archive/polly/RNNLogic/src/predictors.py", line 72, in forward
    x, _ = self.graph.grounding(all_h, r_head, r_body, edges_to_remove)
  File "/home/emma/emma/bilab_archive/polly/RNNLogic/src/data/graph.py", line 261, in grounding
    x = self.propagate(x, r_body, mask)    # (E,B,1)
  File "/home/emma/emma/bilab_archive/polly/RNNLogic/src/data/graph.py", line 278, in propagate
    message = x[node_in]          # (E,B,1)
KeyboardInterrupt
