2025-06-30 12:02:09,702 INFO     Data loading | DONE!
2025-06-30 12:02:09,797 INFO     Using full datasets for training, validation, and testing.
2025-06-30 12:02:09,936 INFO     -------------------------
2025-06-30 12:02:09,936 INFO     | EM Iteration: 1/5
2025-06-30 12:02:09,936 INFO     -------------------------
2025-06-30 12:02:09,936 INFO     >>>>> Using miner's rule
2025-06-30 12:02:10,004 INFO     Predictor: read 13661 rules from list.
2025-06-30 12:02:10,684 INFO     Preprocess training set
2025-06-30 12:02:10,738 INFO     >>>>> Predictor: Training
entity size:  8673
relation size:  20
Traceback (most recent call last):
  File "/home/emma/emma/bilab_archive/polly/RNNLogic/src/run_rnnlogic.py", line 259, in <module>
    main(parse_args())
  File "/home/emma/emma/bilab_archive/polly/RNNLogic/src/run_rnnlogic.py", line 146, in main
    solver_p.train(**cfg.predictor.train)
  File "/home/emma/emma/bilab_archive/polly/RNNLogic/src/trainer.py", line 101, in train
    logits, mask = model(all_h, all_r, edges_to_remove) # 這邊的 logits 是 score
  File "/home/emma/polly_env_py39/lib/python3.9/site-packages/torch/nn/modules/module.py", line 1736, in _wrapped_call_impl
    return self._call_impl(*args, **kwargs)
  File "/home/emma/polly_env_py39/lib/python3.9/site-packages/torch/nn/modules/module.py", line 1747, in _call_impl
    return forward_call(*args, **kwargs)
  File "/home/emma/emma/bilab_archive/polly/RNNLogic/src/predictors.py", line 72, in forward
    x, _ = self.graph.grounding(all_h, r_head, r_body, edges_to_remove)
  File "/home/emma/emma/bilab_archive/polly/RNNLogic/src/data/graph.py", line 267, in grounding
    x = self.propagate(x, r_body, mask)    # (E,B,1)
  File "/home/emma/emma/bilab_archive/polly/RNNLogic/src/data/graph.py", line 282, in propagate
    node_out = node_out.to(device, non_blocking=True)
KeyboardInterrupt
