2025-06-19 03:09:21,216 INFO     Data loading | DONE!
2025-06-19 03:09:21,321 INFO     Using subset datasets for training, validation, and testing.
2025-06-19 03:09:21,322 INFO     Subset ratio: 0.1
2025-06-19 03:09:21,322 INFO     [Subset] TrainDataset: 595/5959 samples (10%)
2025-06-19 03:09:21,322 INFO     [Subset] ValidDataset: 26/260 samples (10%)
2025-06-19 03:09:21,322 INFO     [Subset] TestDataset: 29/293 samples (10%)
2025-06-19 03:09:21,323 INFO     [Subset] RuleDataset: 1366/13661 samples (10%)
2025-06-19 03:09:21,323 INFO     -------------------------
2025-06-19 03:09:21,323 INFO     | Pre-train Generator
2025-06-19 03:09:21,323 INFO     -------------------------
2025-06-19 03:09:21,429 INFO     >>>>> Generator: Training
2025-06-19 03:09:22,298 INFO     1 10 3.035268
2025-06-19 03:09:22,315 INFO     2 10 2.901269
2025-06-19 03:09:22,331 INFO     3 10 2.854052
2025-06-19 03:09:22,347 INFO     4 10 2.508984
2025-06-19 03:09:22,363 INFO     5 10 2.461400
2025-06-19 03:09:22,378 INFO     6 10 2.393885
2025-06-19 03:09:22,394 INFO     7 10 2.247263
2025-06-19 03:09:22,410 INFO     8 10 2.249944
2025-06-19 03:09:22,426 INFO     9 10 2.097890
2025-06-19 03:09:22,441 INFO     10 10 1.988451
2025-06-19 03:09:22,441 INFO     -------------------------
2025-06-19 03:09:22,441 INFO     | EM Iteration: 1/1
2025-06-19 03:09:22,441 INFO     -------------------------
2025-06-19 03:09:22,441 INFO     >>>>> Generator: Rule generation with sampling
2025-06-19 03:09:22,820 INFO     Predictor: read 182 rules from list.
2025-06-19 03:09:22,820 INFO     Preprocess training set
2025-06-19 03:09:22,877 INFO     >>>>> Predictor: Training
2025-06-19 03:09:26,463 INFO     100 595 9.044236 69384.0
2025-06-19 03:09:29,667 INFO     200 595 8.982674 68863.6
2025-06-19 03:09:32,833 INFO     300 595 8.932099 69384.0
2025-06-19 03:09:35,965 INFO     400 595 8.882923 69037.1
2025-06-19 03:09:39,113 INFO     500 595 8.831002 69384.0
2025-06-19 03:09:42,117 INFO     >>>>> Predictor: Evaluating on valid
2025-06-19 03:09:42,924 INFO     Data : 208
2025-06-19 03:09:42,925 INFO     Hit1 : 0.038462
2025-06-19 03:09:42,925 INFO     Hit3 : 0.057692
2025-06-19 03:09:42,925 INFO     Hit10: 0.115385
2025-06-19 03:09:42,925 INFO     MR   : 1639.692308
2025-06-19 03:09:42,925 INFO     MRR  : 0.062746
2025-06-19 03:09:42,925 INFO     >>>>> Predictor: Evaluating on test
2025-06-19 03:09:43,827 INFO     Data : 232
2025-06-19 03:09:43,828 INFO     Hit1 : 0.043103
2025-06-19 03:09:43,828 INFO     Hit3 : 0.081897
2025-06-19 03:09:43,828 INFO     Hit10: 0.133621
2025-06-19 03:09:43,828 INFO     MR   : 1466.237069
2025-06-19 03:09:43,828 INFO     MRR  : 0.075189
2025-06-19 03:09:43,828 INFO     >>>>> Predictor: Computing H scores of rules
2025-06-19 03:10:14,399 INFO     >>>>> Generator: Training
2025-06-19 03:10:14,613 INFO     1 10 2.615498
2025-06-19 03:10:14,627 INFO     2 10 2.613709
2025-06-19 03:10:14,641 INFO     3 10 2.611925
2025-06-19 03:10:14,654 INFO     4 10 2.610145
2025-06-19 03:10:14,668 INFO     5 10 2.608370
2025-06-19 03:10:14,681 INFO     6 10 2.606594
2025-06-19 03:10:14,695 INFO     7 10 2.604822
2025-06-19 03:10:14,708 INFO     8 10 2.603059
2025-06-19 03:10:14,722 INFO     9 10 2.601300
2025-06-19 03:10:14,735 INFO     10 10 2.599548
2025-06-19 03:10:14,736 INFO     -------------------------
2025-06-19 03:10:14,736 INFO     | Post-train Generator
2025-06-19 03:10:14,736 INFO     -------------------------
2025-06-19 03:10:14,736 INFO     >>>>> Generator: Training
2025-06-19 03:10:14,751 INFO     1 10 2.597800
2025-06-19 03:10:14,764 INFO     2 10 2.596044
2025-06-19 03:10:14,778 INFO     3 10 2.594300
2025-06-19 03:10:14,791 INFO     4 10 2.592557
2025-06-19 03:10:14,805 INFO     5 10 2.590819
2025-06-19 03:10:14,818 INFO     6 10 2.589091
2025-06-19 03:10:14,832 INFO     7 10 2.587363
2025-06-19 03:10:14,845 INFO     8 10 2.585635
2025-06-19 03:10:14,859 INFO     9 10 2.583917
2025-06-19 03:10:14,872 INFO     10 10 2.582201
2025-06-19 03:10:14,873 INFO     -------------------------
2025-06-19 03:10:14,873 INFO     | Beam Search Best Rules
2025-06-19 03:10:14,873 INFO     -------------------------
2025-06-19 03:10:14,873 INFO     >>>>> Generator: Rule generation with beam search
2025-06-19 03:10:15,608 INFO     >>>>> Generator: Rule generation with beam search
2025-06-19 03:10:54,855 INFO     Using subset datasets for final predictor+ training, validation, and testing.
2025-06-19 03:10:54,855 INFO     Subset ratio: 0.1
2025-06-19 03:10:54,856 INFO     Subset sizes: train=595, valid=26, test=29, rule dataset=1042
2025-06-19 03:10:54,856 INFO     -------------------------
2025-06-19 03:10:54,856 INFO     | Train Final Predictor+
2025-06-19 03:10:54,856 INFO     -------------------------
2025-06-19 03:10:54,857 INFO     Predictor+: read 1042 rules from list.
2025-06-19 03:10:54,860 INFO     Preprocess training set
2025-06-19 03:10:54,886 INFO     -------------------------
2025-06-19 03:10:54,886 INFO     | Iteration: 1/1
2025-06-19 03:10:54,886 INFO     -------------------------
2025-06-19 03:10:54,886 INFO     >>>>> Predictor: Training
2025-06-19 03:11:21,020 INFO     100 595 8.272977 68776.9
2025-06-19 03:11:46,185 INFO     200 595 7.891151 69384.0
2025-06-19 03:12:11,640 INFO     300 595 7.502378 69384.0
2025-06-19 03:12:36,950 INFO     400 595 7.728127 69384.0
2025-06-19 03:13:02,209 INFO     500 595 7.651444 69384.0
2025-06-19 03:13:26,194 INFO     >>>>> Predictor: Evaluating on valid
2025-06-19 03:13:34,177 INFO     Data : 208
2025-06-19 03:13:34,177 INFO     Hit1 : 0.043269
2025-06-19 03:13:34,177 INFO     Hit3 : 0.072115
2025-06-19 03:13:34,177 INFO     Hit10: 0.120192
2025-06-19 03:13:34,177 INFO     MR   : 1617.713942
2025-06-19 03:13:34,177 INFO     MRR  : 0.072286
2025-06-19 03:13:34,177 INFO     >>>>> Predictor: Evaluating on test
2025-06-19 03:13:43,081 INFO     Data : 232
2025-06-19 03:13:43,081 INFO     Hit1 : 0.021552
2025-06-19 03:13:43,081 INFO     Hit3 : 0.060345
2025-06-19 03:13:43,081 INFO     Hit10: 0.142241
2025-06-19 03:13:43,081 INFO     MR   : 1294.321121
2025-06-19 03:13:43,081 INFO     MRR  : 0.062078
2025-06-19 03:13:43,081 INFO     Save checkpoint to results/semmeddb/sm_test/wRNNLogic/predictor.pt
2025-06-19 03:13:43,084 INFO     -------------------------
2025-06-19 03:13:43,084 INFO     | Final Test MRR: 0.062078
2025-06-19 03:13:43,084 INFO     -------------------------
entity size:  8673
relation size:  20
