2025-06-25 00:53:49,008 INFO     Data loading | DONE!
2025-06-25 00:53:49,102 INFO     Using subset datasets for training, validation, and testing.
2025-06-25 00:53:49,102 INFO     Subset ratio: 0.01
2025-06-25 00:53:49,102 INFO     [Subset] TrainDataset: 59/5959 samples (1%)
2025-06-25 00:53:49,102 INFO     [Subset] ValidDataset: 2/260 samples (1%)
2025-06-25 00:53:49,103 INFO     [Subset] TestDataset: 2/293 samples (1%)
2025-06-25 00:53:49,103 INFO     [Subset] RuleDataset: 136/13661 samples (1%)
2025-06-25 00:53:49,266 INFO     -------------------------
2025-06-25 00:53:49,266 INFO     | EM Iteration: 1/2
2025-06-25 00:53:49,266 INFO     -------------------------
2025-06-25 00:53:49,266 INFO     >>>>> Using miner's rule
2025-06-25 00:53:49,266 INFO     Predictor: read 10 rules from list.
2025-06-25 00:53:49,937 INFO     Preprocess training set
2025-06-25 00:53:50,031 INFO     >>>>> Predictor: Training
2025-06-25 00:53:58,734 INFO     >>>>> Predictor: Evaluating on valid
2025-06-25 00:53:59,030 INFO     Data : 16
2025-06-25 00:53:59,030 INFO     Hit1 : 0.000000
2025-06-25 00:53:59,030 INFO     Hit3 : 0.000000
2025-06-25 00:53:59,030 INFO     Hit10: 0.062500
2025-06-25 00:53:59,030 INFO     MR   : 2373.875000
2025-06-25 00:53:59,031 INFO     MRR  : 0.008906
2025-06-25 00:53:59,031 INFO     >>>>> Predictor: Evaluating on test
2025-06-25 00:53:59,327 INFO     Data : 16
2025-06-25 00:53:59,328 INFO     Hit1 : 0.000000
2025-06-25 00:53:59,328 INFO     Hit3 : 0.000000
2025-06-25 00:53:59,328 INFO     Hit10: 0.000000
2025-06-25 00:53:59,328 INFO     MR   : 2367.812500
2025-06-25 00:53:59,328 INFO     MRR  : 0.004095
2025-06-25 00:53:59,328 INFO     >>>>> Predictor: Computing H scores of rules
2025-06-25 00:54:00,777 INFO     >>>>> Generator: Training
2025-06-25 00:54:01,105 INFO     [E00001] Total 2.986599 | main 2.986599
2025-06-25 00:54:01,283 INFO     [E00002] Total 2.977408 | main 2.977408
2025-06-25 00:54:01,369 INFO     [E00003] Total 2.968212 | main 2.968212
2025-06-25 00:54:01,567 INFO     [E00004] Total 2.959030 | main 2.959030
2025-06-25 00:54:01,591 INFO     [E00005] Total 2.949876 | main 2.949876
2025-06-25 00:54:01,664 INFO     [E00006] Total 2.940690 | main 2.940690
2025-06-25 00:54:01,858 INFO     [E00007] Total 2.931561 | main 2.931561
2025-06-25 00:54:01,945 INFO     [E00008] Total 2.922433 | main 2.922433
2025-06-25 00:54:02,141 INFO     [E00009] Total 2.913304 | main 2.913304
2025-06-25 00:54:02,163 INFO     [E00010] Total 2.904217 | main 2.904217
2025-06-25 00:54:02,163 INFO     -------------------------
2025-06-25 00:54:02,163 INFO     | EM Iteration: 2/2
2025-06-25 00:54:02,163 INFO     -------------------------
2025-06-25 00:54:02,163 INFO     >>>>> Using Generator's sample rule
2025-06-25 00:54:02,163 INFO     >>>>> Generator: Rule generation with sampling
2025-06-25 00:54:05,019 INFO     Predictor: read 199 rules from list.
2025-06-25 00:54:05,019 INFO     Preprocess training set
2025-06-25 00:54:05,021 INFO     >>>>> Predictor: Training
2025-06-25 00:54:24,691 INFO     >>>>> Predictor: Evaluating on valid
2025-06-25 00:54:25,362 INFO     Data : 16
2025-06-25 00:54:25,362 INFO     Hit1 : 0.000000
2025-06-25 00:54:25,362 INFO     Hit3 : 0.000000
2025-06-25 00:54:25,362 INFO     Hit10: 0.000000
2025-06-25 00:54:25,362 INFO     MR   : 1910.781250
2025-06-25 00:54:25,362 INFO     MRR  : 0.003355
2025-06-25 00:54:25,362 INFO     >>>>> Predictor: Evaluating on test
2025-06-25 00:54:26,017 INFO     Data : 16
2025-06-25 00:54:26,018 INFO     Hit1 : 0.000000
2025-06-25 00:54:26,018 INFO     Hit3 : 0.000000
2025-06-25 00:54:26,018 INFO     Hit10: 0.062500
2025-06-25 00:54:26,018 INFO     MR   : 2373.437500
2025-06-25 00:54:26,018 INFO     MRR  : 0.014929
2025-06-25 00:54:26,018 INFO     >>>>> Predictor: Computing H scores of rules
2025-06-25 00:55:10,925 INFO     >>>>> Generator: Training
2025-06-25 00:55:11,027 INFO     [E00001] Total 3.040165 | main 3.040165
2025-06-25 00:55:11,102 INFO     [E00002] Total 3.038358 | main 3.038358
2025-06-25 00:55:11,232 INFO     [E00003] Total 3.036554 | main 3.036554
2025-06-25 00:55:11,318 INFO     [E00004] Total 3.034755 | main 3.034755
2025-06-25 00:55:11,518 INFO     [E00005] Total 3.032959 | main 3.032959
2025-06-25 00:55:11,605 INFO     [E00006] Total 3.031156 | main 3.031156
2025-06-25 00:55:11,806 INFO     [E00007] Total 3.029357 | main 3.029357
2025-06-25 00:55:11,894 INFO     [E00008] Total 3.027567 | main 3.027567
2025-06-25 00:55:12,095 INFO     [E00009] Total 3.025770 | main 3.025770
2025-06-25 00:55:12,183 INFO     [E00010] Total 3.023976 | main 3.023976
2025-06-25 00:55:12,183 INFO     -------------------------
2025-06-25 00:55:12,183 INFO     | Post-train Generator
2025-06-25 00:55:12,183 INFO     -------------------------
2025-06-25 00:55:12,183 INFO     >>>>> Generator: Training
2025-06-25 00:55:12,383 INFO     [E00001] Total 3.022221 | main 3.022221
2025-06-25 00:55:12,470 INFO     [E00002] Total 3.020425 | main 3.020425
2025-06-25 00:55:12,673 INFO     [E00003] Total 3.018636 | main 3.018636
2025-06-25 00:55:12,761 INFO     [E00004] Total 3.016851 | main 3.016851
2025-06-25 00:55:12,961 INFO     [E00005] Total 3.015056 | main 3.015056
2025-06-25 00:55:13,050 INFO     [E00006] Total 3.013271 | main 3.013271
2025-06-25 00:55:13,251 INFO     [E00007] Total 3.011490 | main 3.011490
2025-06-25 00:55:13,339 INFO     [E00008] Total 3.009699 | main 3.009699
2025-06-25 00:55:13,539 INFO     [E00009] Total 3.007917 | main 3.007917
2025-06-25 00:55:13,627 INFO     [E00010] Total 3.006140 | main 3.006140
2025-06-25 00:55:13,627 INFO     -------------------------
2025-06-25 00:55:13,627 INFO     | Beam Search Best Rules
2025-06-25 00:55:13,627 INFO     -------------------------
2025-06-25 00:55:13,627 INFO     >>>>> Generator: Rule generation with beam search
2025-06-25 00:55:24,450 INFO     Using subset datasets for final predictor+ training, validation, and testing.
2025-06-25 00:55:24,450 INFO     Subset ratio: 0.01
2025-06-25 00:55:24,451 INFO     Subset sizes: train=59, valid=2, test=2, rule dataset=4
2025-06-25 00:55:24,451 INFO     -------------------------
2025-06-25 00:55:24,451 INFO     | Train Final Predictor+
2025-06-25 00:55:24,451 INFO     -------------------------
2025-06-25 00:55:24,451 INFO     Predictor+: read 4 rules from list.
2025-06-25 00:55:24,452 INFO     Preprocess training set
2025-06-25 00:55:24,476 INFO     -------------------------
2025-06-25 00:55:24,476 INFO     | Iteration: 1/1
2025-06-25 00:55:24,476 INFO     -------------------------
2025-06-25 00:55:24,477 INFO     >>>>> Predictor: Training
2025-06-25 00:55:34,023 INFO     >>>>> Predictor: Evaluating on valid
2025-06-25 00:55:34,543 INFO     Data : 16
2025-06-25 00:55:34,543 INFO     Hit1 : 0.000000
2025-06-25 00:55:34,543 INFO     Hit3 : 0.000000
2025-06-25 00:55:34,543 INFO     Hit10: 0.000000
2025-06-25 00:55:34,543 INFO     MR   : 2817.937500
2025-06-25 00:55:34,543 INFO     MRR  : 0.004631
2025-06-25 00:55:34,543 INFO     >>>>> Predictor: Evaluating on test
2025-06-25 00:55:35,053 INFO     Data : 16
2025-06-25 00:55:35,053 INFO     Hit1 : 0.000000
2025-06-25 00:55:35,053 INFO     Hit3 : 0.000000
2025-06-25 00:55:35,053 INFO     Hit10: 0.000000
2025-06-25 00:55:35,053 INFO     MR   : 1056.062500
2025-06-25 00:55:35,053 INFO     MRR  : 0.003892
2025-06-25 00:55:35,053 INFO     Save checkpoint to results/semmeddb/sm_test/semmeddb_ori_3/predictor.pt
2025-06-25 00:55:35,057 INFO     -------------------------
2025-06-25 00:55:35,057 INFO     | Final Test MRR: 0.003892
2025-06-25 00:55:35,057 INFO     -------------------------
entity size:  8673
relation size:  20
