2025-05-27 14:46:28,745 INFO     -------------------------
2025-05-27 14:46:28,745 INFO     | Pre-train Generator
2025-05-27 14:46:28,745 INFO     -------------------------
2025-05-27 14:46:28,875 INFO     >>>>> Generator: Training
2025-05-27 14:46:33,930 INFO     [E1000] Total: 1.482727 | Main: 1.655206 | Aux: 0.792809
2025-05-27 14:46:37,971 INFO     [E2000] Total: 1.415287 | Main: 1.573870 | Aux: 0.780959
2025-05-27 14:46:42,039 INFO     [E3000] Total: 1.403843 | Main: 1.560133 | Aux: 0.778685
2025-05-27 14:46:46,091 INFO     [E4000] Total: 1.396824 | Main: 1.551648 | Aux: 0.777530
2025-05-27 14:46:50,185 INFO     [E5000] Total: 1.394228 | Main: 1.548567 | Aux: 0.776871
2025-05-27 14:46:54,243 INFO     [E6000] Total: 1.392159 | Main: 1.546120 | Aux: 0.776315
2025-05-27 14:46:58,266 INFO     [E7000] Total: 1.391174 | Main: 1.544971 | Aux: 0.775983
2025-05-27 14:47:02,186 INFO     [E8000] Total: 1.391294 | Main: 1.545168 | Aux: 0.775798
2025-05-27 14:47:06,228 INFO     [E9000] Total: 1.391095 | Main: 1.544939 | Aux: 0.775720
2025-05-27 14:47:10,241 INFO     [E10000] Total: 1.385652 | Main: 1.538292 | Aux: 0.775090
2025-05-27 14:47:10,241 INFO     -------------------------
2025-05-27 14:47:10,241 INFO     | EM Iteration: 1/5
2025-05-27 14:47:10,241 INFO     -------------------------
2025-05-27 14:47:10,241 INFO     >>>>> Generator: Rule generation with sampling
2025-05-27 14:47:10,364 INFO     Predictor: read 1295 rules from list.
2025-05-27 14:47:10,365 INFO     Preprocess training set
2025-05-27 14:47:10,365 INFO     >>>>> Predictor: Training
2025-05-27 14:47:47,472 INFO     1000 12313 8.241255 69358.0
2025-05-27 14:48:24,980 INFO     2000 12313 7.810419 69332.0
2025-05-27 14:49:03,019 INFO     3000 12313 7.582625 69384.0
2025-05-27 14:49:41,032 INFO     4000 12313 7.464396 69279.9
2025-05-27 14:50:18,969 INFO     5000 12313 7.349666 69332.0
2025-05-27 14:50:56,802 INFO     6000 12313 7.268917 69384.0
2025-05-27 14:51:34,868 INFO     7000 12313 7.186232 69297.3
2025-05-27 14:52:11,714 INFO     8000 12313 7.171308 69323.3
2025-05-27 14:52:48,499 INFO     9000 12313 7.098778 69358.0
2025-05-27 14:53:24,802 INFO     10000 12313 7.088184 69332.0
2025-05-27 14:54:01,369 INFO     11000 12313 7.051793 69366.7
2025-05-27 14:54:37,970 INFO     12000 12313 7.026655 69279.9
2025-05-27 14:54:49,489 INFO     >>>>> Predictor: Evaluating on valid
2025-05-27 14:55:02,617 INFO     Data : 3823
2025-05-27 14:55:02,617 INFO     Hit1 : 0.026157
2025-05-27 14:55:02,617 INFO     Hit3 : 0.054146
2025-05-27 14:55:02,617 INFO     Hit10: 0.097829
2025-05-27 14:55:02,617 INFO     MR   : 1194.305519
2025-05-27 14:55:02,617 INFO     MRR  : 0.051907
2025-05-27 14:55:02,617 INFO     >>>>> Predictor: Evaluating on test
2025-05-27 14:55:18,043 INFO     Data : 4402
2025-05-27 14:55:18,043 INFO     Hit1 : 0.029532
2025-05-27 14:55:18,043 INFO     Hit3 : 0.059973
2025-05-27 14:55:18,043 INFO     Hit10: 0.096774
2025-05-27 14:55:18,043 INFO     MR   : 1179.604384
2025-05-27 14:55:18,043 INFO     MRR  : 0.055198
2025-05-27 14:55:18,043 INFO     >>>>> Predictor: Computing H scores of rules
2025-05-27 14:55:57,380 INFO     1000 12313
2025-05-27 14:56:36,725 INFO     2000 12313
2025-05-27 14:57:15,975 INFO     3000 12313
2025-05-27 14:57:55,616 INFO     4000 12313
2025-05-27 14:58:35,244 INFO     5000 12313
2025-05-27 14:59:14,826 INFO     6000 12313
2025-05-27 14:59:54,369 INFO     7000 12313
2025-05-27 15:00:33,819 INFO     8000 12313
2025-05-27 15:01:13,546 INFO     9000 12313
2025-05-27 15:01:52,632 INFO     10000 12313
2025-05-27 15:02:31,772 INFO     11000 12313
2025-05-27 15:03:11,198 INFO     12000 12313
2025-05-27 15:03:23,693 INFO     >>>>> Generator: Training
2025-05-27 15:03:24,059 INFO     -------------------------
2025-05-27 15:03:24,059 INFO     | EM Iteration: 2/5
2025-05-27 15:03:24,059 INFO     -------------------------
2025-05-27 15:03:24,059 INFO     >>>>> Generator: Rule generation with sampling
2025-05-27 15:03:24,105 INFO     Predictor: read 1383 rules from list.
2025-05-27 15:03:24,105 INFO     Preprocess training set
2025-05-27 15:03:24,106 INFO     >>>>> Predictor: Training
2025-05-27 15:04:03,486 INFO     1000 12313 8.254463 69366.7
2025-05-27 15:04:43,309 INFO     2000 12313 7.773537 69279.9
2025-05-27 15:05:23,230 INFO     3000 12313 7.604747 69253.9
2025-05-27 15:06:02,995 INFO     4000 12313 7.452642 69340.6
2025-05-27 15:06:42,367 INFO     5000 12313 7.377804 69366.7
2025-05-27 15:07:21,901 INFO     6000 12313 7.291398 69358.0
2025-05-27 15:08:01,254 INFO     7000 12313 7.251165 69366.7
2025-05-27 15:08:41,275 INFO     8000 12313 7.229003 69384.0
2025-05-27 15:09:21,113 INFO     9000 12313 7.191448 69262.6
2025-05-27 15:10:00,938 INFO     10000 12313 7.169270 69323.3
2025-05-27 15:10:41,041 INFO     11000 12313 7.136084 69366.7
2025-05-27 15:11:20,672 INFO     12000 12313 7.123085 69332.0
2025-05-27 15:11:32,915 INFO     >>>>> Predictor: Evaluating on valid
2025-05-27 15:11:46,918 INFO     Data : 3823
2025-05-27 15:11:46,918 INFO     Hit1 : 0.030081
2025-05-27 15:11:46,918 INFO     Hit3 : 0.057546
2025-05-27 15:11:46,918 INFO     Hit10: 0.116662
2025-05-27 15:11:46,918 INFO     MR   : 1151.077295
2025-05-27 15:11:46,918 INFO     MRR  : 0.059498
2025-05-27 15:11:46,919 INFO     >>>>> Predictor: Evaluating on test
2025-05-27 15:12:03,092 INFO     Data : 4402
2025-05-27 15:12:03,092 INFO     Hit1 : 0.039073
2025-05-27 15:12:03,092 INFO     Hit3 : 0.067242
2025-05-27 15:12:03,092 INFO     Hit10: 0.118810
2025-05-27 15:12:03,092 INFO     MR   : 1139.210813
2025-05-27 15:12:03,092 INFO     MRR  : 0.067288
2025-05-27 15:12:03,093 INFO     >>>>> Predictor: Computing H scores of rules
2025-05-27 15:12:44,680 INFO     1000 12313
2025-05-27 15:13:24,876 INFO     2000 12313
2025-05-27 15:14:05,282 INFO     3000 12313
2025-05-27 15:14:45,702 INFO     4000 12313
2025-05-27 15:15:25,853 INFO     5000 12313
2025-05-27 15:16:06,148 INFO     6000 12313
2025-05-27 15:16:46,225 INFO     7000 12313
2025-05-27 15:17:26,427 INFO     8000 12313
2025-05-27 15:18:06,601 INFO     9000 12313
2025-05-27 15:18:46,791 INFO     10000 12313
2025-05-27 15:19:27,298 INFO     11000 12313
2025-05-27 15:20:07,783 INFO     12000 12313
2025-05-27 15:20:20,645 INFO     >>>>> Generator: Training
2025-05-27 15:20:21,015 INFO     -------------------------
2025-05-27 15:20:21,015 INFO     | EM Iteration: 3/5
2025-05-27 15:20:21,015 INFO     -------------------------
2025-05-27 15:20:21,015 INFO     >>>>> Generator: Rule generation with sampling
2025-05-27 15:20:21,060 INFO     Predictor: read 1453 rules from list.
2025-05-27 15:20:21,060 INFO     Preprocess training set
2025-05-27 15:20:21,061 INFO     >>>>> Predictor: Training
2025-05-27 15:21:00,806 INFO     1000 12313 8.199622 69384.0
2025-05-27 15:21:40,550 INFO     2000 12313 7.715779 69384.0
2025-05-27 15:22:20,573 INFO     3000 12313 7.447700 69253.9
2025-05-27 15:23:00,452 INFO     4000 12313 7.307329 69323.3
2025-05-27 15:23:40,532 INFO     5000 12313 7.182012 69384.0
2025-05-27 15:24:20,391 INFO     6000 12313 7.056937 69323.3
2025-05-27 15:25:00,215 INFO     7000 12313 6.974047 69366.7
2025-05-27 15:25:40,108 INFO     8000 12313 6.909879 69332.0
2025-05-27 15:26:20,529 INFO     9000 12313 6.801117 69384.0
2025-05-27 15:27:00,141 INFO     10000 12313 6.803213 69227.9
2025-05-27 15:27:39,963 INFO     11000 12313 6.742315 69340.6
2025-05-27 15:28:19,831 INFO     12000 12313 6.708350 69297.3
2025-05-27 15:28:32,336 INFO     >>>>> Predictor: Evaluating on valid
2025-05-27 15:28:48,653 INFO     Data : 3823
2025-05-27 15:28:48,653 INFO     Hit1 : 0.029296
2025-05-27 15:28:48,653 INFO     Hit3 : 0.066178
2025-05-27 15:28:48,653 INFO     Hit10: 0.119540
2025-05-27 15:28:48,653 INFO     MR   : 1143.486398
2025-05-27 15:28:48,653 INFO     MRR  : 0.061907
2025-05-27 15:28:48,653 INFO     >>>>> Predictor: Evaluating on test
2025-05-27 15:29:07,389 INFO     Data : 4402
2025-05-27 15:29:07,389 INFO     Hit1 : 0.036801
2025-05-27 15:29:07,389 INFO     Hit3 : 0.070195
2025-05-27 15:29:07,389 INFO     Hit10: 0.123126
2025-05-27 15:29:07,389 INFO     MR   : 1124.566447
2025-05-27 15:29:07,389 INFO     MRR  : 0.067383
2025-05-27 15:29:07,390 INFO     >>>>> Predictor: Computing H scores of rules
2025-05-27 15:29:49,060 INFO     1000 12313
2025-05-27 15:30:30,779 INFO     2000 12313
2025-05-27 15:31:12,718 INFO     3000 12313
2025-05-27 15:31:54,273 INFO     4000 12313
2025-05-27 15:32:35,865 INFO     5000 12313
2025-05-27 15:33:19,296 INFO     6000 12313
2025-05-27 15:34:04,627 INFO     7000 12313
2025-05-27 15:34:47,537 INFO     8000 12313
2025-05-27 15:35:30,327 INFO     9000 12313
2025-05-27 15:36:12,780 INFO     10000 12313
2025-05-27 15:36:55,525 INFO     11000 12313
2025-05-27 15:37:38,315 INFO     12000 12313
2025-05-27 15:37:51,672 INFO     >>>>> Generator: Training
2025-05-27 15:37:52,056 INFO     -------------------------
2025-05-27 15:37:52,056 INFO     | EM Iteration: 4/5
2025-05-27 15:37:52,056 INFO     -------------------------
2025-05-27 15:37:52,056 INFO     >>>>> Generator: Rule generation with sampling
2025-05-27 15:37:52,103 INFO     Predictor: read 1499 rules from list.
2025-05-27 15:37:52,103 INFO     Preprocess training set
2025-05-27 15:37:52,103 INFO     >>>>> Predictor: Training
2025-05-27 15:38:33,183 INFO     1000 12313 8.251870 69314.6
2025-05-27 15:39:14,324 INFO     2000 12313 7.782725 69279.9
2025-05-27 15:39:55,062 INFO     3000 12313 7.541365 69366.7
2025-05-27 15:40:37,074 INFO     4000 12313 7.442009 69366.7
2025-05-27 15:41:17,638 INFO     5000 12313 7.346456 69288.6
2025-05-27 15:41:59,540 INFO     6000 12313 7.262198 69340.6
2025-05-27 15:42:40,745 INFO     7000 12313 7.165274 69384.0
2025-05-27 15:43:21,753 INFO     8000 12313 7.104268 69340.6
2025-05-27 15:44:03,279 INFO     9000 12313 7.119609 69384.0
2025-05-27 15:44:44,201 INFO     10000 12313 7.057502 69288.6
2025-05-27 15:45:25,008 INFO     11000 12313 7.054735 69262.6
2025-05-27 15:46:07,212 INFO     12000 12313 7.018713 69384.0
2025-05-27 15:46:19,938 INFO     >>>>> Predictor: Evaluating on valid
2025-05-27 15:46:37,083 INFO     Data : 3823
2025-05-27 15:46:37,083 INFO     Hit1 : 0.034266
2025-05-27 15:46:37,083 INFO     Hit3 : 0.071671
2025-05-27 15:46:37,083 INFO     Hit10: 0.139158
2025-05-27 15:46:37,083 INFO     MR   : 1091.380591
2025-05-27 15:46:37,083 INFO     MRR  : 0.069972
2025-05-27 15:46:37,084 INFO     >>>>> Predictor: Evaluating on test
2025-05-27 15:46:56,791 INFO     Data : 4402
2025-05-27 15:46:56,791 INFO     Hit1 : 0.045207
2025-05-27 15:46:56,791 INFO     Hit3 : 0.083826
2025-05-27 15:46:56,791 INFO     Hit10: 0.149932
2025-05-27 15:46:56,791 INFO     MR   : 1086.475125
2025-05-27 15:46:56,791 INFO     MRR  : 0.080130
2025-05-27 15:46:56,791 INFO     >>>>> Predictor: Computing H scores of rules
2025-05-27 15:47:39,624 INFO     1000 12313
2025-05-27 15:48:23,723 INFO     2000 12313
2025-05-27 15:49:10,548 INFO     3000 12313
2025-05-27 15:49:54,036 INFO     4000 12313
2025-05-27 15:50:39,197 INFO     5000 12313
2025-05-27 15:51:22,288 INFO     6000 12313
2025-05-27 15:52:06,567 INFO     7000 12313
2025-05-27 15:52:50,263 INFO     8000 12313
2025-05-27 15:53:34,360 INFO     9000 12313
2025-05-27 15:54:18,056 INFO     10000 12313
2025-05-27 15:55:01,669 INFO     11000 12313
2025-05-27 15:55:45,931 INFO     12000 12313
2025-05-27 15:56:00,067 INFO     >>>>> Generator: Training
2025-05-27 15:56:00,454 INFO     -------------------------
2025-05-27 15:56:00,454 INFO     | EM Iteration: 5/5
2025-05-27 15:56:00,455 INFO     -------------------------
2025-05-27 15:56:00,455 INFO     >>>>> Generator: Rule generation with sampling
2025-05-27 15:56:00,503 INFO     Predictor: read 1540 rules from list.
2025-05-27 15:56:00,503 INFO     Preprocess training set
2025-05-27 15:56:00,503 INFO     >>>>> Predictor: Training
2025-05-27 15:56:43,383 INFO     1000 12313 8.255446 69340.6
2025-05-27 15:57:27,079 INFO     2000 12313 7.801920 69288.6
2025-05-27 15:58:10,415 INFO     3000 12313 7.596122 69366.7
2025-05-27 15:58:52,366 INFO     4000 12313 7.483878 69305.9
2025-05-27 15:59:34,490 INFO     5000 12313 7.366793 69323.3
2025-05-27 16:00:16,595 INFO     6000 12313 7.319030 69384.0
2025-05-27 16:00:58,531 INFO     7000 12313 7.275464 69279.9
2025-05-27 16:01:41,180 INFO     8000 12313 7.197193 69384.0
2025-05-27 16:02:23,987 INFO     9000 12313 7.204391 69366.7
2025-05-27 16:03:06,585 INFO     10000 12313 7.161726 69297.3
2025-05-27 16:03:48,978 INFO     11000 12313 7.129655 69279.9
2025-05-27 16:04:31,850 INFO     12000 12313 7.134430 69384.0
2025-05-27 16:04:45,032 INFO     >>>>> Predictor: Evaluating on valid
2025-05-27 16:05:02,136 INFO     Data : 3823
2025-05-27 16:05:02,136 INFO     Hit1 : 0.029558
2025-05-27 16:05:02,136 INFO     Hit3 : 0.054146
2025-05-27 16:05:02,136 INFO     Hit10: 0.104891
2025-05-27 16:05:02,136 INFO     MR   : 1195.845148
2025-05-27 16:05:02,136 INFO     MRR  : 0.055401
2025-05-27 16:05:02,136 INFO     >>>>> Predictor: Evaluating on test
2025-05-27 16:05:21,981 INFO     Data : 4402
2025-05-27 16:05:21,981 INFO     Hit1 : 0.030895
2025-05-27 16:05:21,981 INFO     Hit3 : 0.060427
2025-05-27 16:05:21,981 INFO     Hit10: 0.107678
2025-05-27 16:05:21,981 INFO     MR   : 1172.458542
2025-05-27 16:05:21,981 INFO     MRR  : 0.058165
2025-05-27 16:05:21,982 INFO     >>>>> Predictor: Computing H scores of rules
2025-05-27 16:06:06,794 INFO     1000 12313
2025-05-27 16:06:53,343 INFO     2000 12313
2025-05-27 16:07:39,108 INFO     3000 12313
2025-05-27 16:08:25,205 INFO     4000 12313
2025-05-27 16:09:09,791 INFO     5000 12313
2025-05-27 16:09:54,181 INFO     6000 12313
2025-05-27 16:10:38,938 INFO     7000 12313
2025-05-27 16:11:24,416 INFO     8000 12313
2025-05-27 16:12:09,645 INFO     9000 12313
2025-05-27 16:12:53,960 INFO     10000 12313
2025-05-27 16:13:39,115 INFO     11000 12313
2025-05-27 16:14:26,266 INFO     12000 12313
2025-05-27 16:14:40,777 INFO     >>>>> Generator: Training
2025-05-27 16:14:41,241 INFO     -------------------------
2025-05-27 16:14:41,242 INFO     | Post-train Generator
2025-05-27 16:14:41,242 INFO     -------------------------
2025-05-27 16:14:41,251 INFO     >>>>> Generator: Training
2025-05-27 16:14:46,054 INFO     [E1000] Total: 1.565962 | Main: 1.768108 | Aux: 0.757378
2025-05-27 16:14:46,055 INFO     -------------------------
2025-05-27 16:14:46,055 INFO     | Beam Search Best Rules
2025-05-27 16:14:46,055 INFO     -------------------------
2025-05-27 16:14:46,055 INFO     >>>>> Generator: Rule generation with beam search
2025-05-27 16:14:46,250 INFO     >>>>> Generator: Rule generation with beam search
2025-05-27 16:14:47,339 INFO     >>>>> Generator: Rule generation with beam search
2025-05-27 16:14:55,986 INFO     >>>>> Generator: Rule generation with beam search
2025-05-27 16:15:01,823 INFO     >>>>> Generator: Rule generation with beam search
2025-05-27 16:15:06,198 INFO     -------------------------
2025-05-27 16:15:06,199 INFO     | Train Final Predictor+
2025-05-27 16:15:06,199 INFO     -------------------------
2025-05-27 16:15:06,208 INFO     Predictor+: read 18420 rules from list.
2025-05-27 16:15:06,379 INFO     Preprocess training set
2025-05-27 16:15:06,380 INFO     -------------------------
2025-05-27 16:15:06,381 INFO     | Iteration: 1/5
2025-05-27 16:15:06,381 INFO     -------------------------
2025-05-27 16:15:06,381 INFO     >>>>> Predictor: Training
2025-05-27 16:21:39,133 INFO     1000 12313 4.693449 69314.6
2025-05-27 16:28:12,186 INFO     2000 12313 4.492454 69366.7
2025-05-27 16:34:38,883 INFO     3000 12313 4.445460 69279.9
2025-05-27 16:41:00,609 INFO     4000 12313 4.445640 69340.6
2025-05-27 16:47:21,795 INFO     5000 12313 4.483198 69236.6
2025-05-27 16:53:50,717 INFO     6000 12313 4.440530 69366.7
2025-05-27 17:00:23,125 INFO     7000 12313 4.424672 69323.3
2025-05-27 17:06:45,262 INFO     8000 12313 4.462690 69349.3
2025-05-27 17:13:06,711 INFO     9000 12313 4.422526 69384.0
2025-05-27 17:19:29,190 INFO     10000 12313 4.418479 69384.0
2025-05-27 17:25:55,697 INFO     11000 12313 4.441786 69288.6
2025-05-27 17:32:16,278 INFO     12000 12313 4.445490 69366.7
2025-05-27 17:34:15,774 INFO     >>>>> Predictor: Evaluating on valid
2025-05-27 17:37:02,034 INFO     Data : 3823
2025-05-27 17:37:02,034 INFO     Hit1 : 0.077426
2025-05-27 17:37:02,035 INFO     Hit3 : 0.156683
2025-05-27 17:37:02,035 INFO     Hit10: 0.289563
2025-05-27 17:37:02,035 INFO     MR   : 625.411849
2025-05-27 17:37:02,035 INFO     MRR  : 0.147273
2025-05-27 17:37:02,035 INFO     >>>>> Predictor: Evaluating on test
2025-05-27 17:40:13,509 INFO     Data : 4402
2025-05-27 17:40:13,509 INFO     Hit1 : 0.106542
2025-05-27 17:40:13,509 INFO     Hit3 : 0.191731
2025-05-27 17:40:13,509 INFO     Hit10: 0.326670
2025-05-27 17:40:13,509 INFO     MR   : 610.113017
2025-05-27 17:40:13,509 INFO     MRR  : 0.176813
2025-05-27 17:40:13,509 INFO     Save checkpoint to results/semmeddb/multitask/cluster_3/full/fixed/predictor.pt
2025-05-27 17:40:13,519 INFO     -------------------------
2025-05-27 17:40:13,519 INFO     | Iteration: 2/5
2025-05-27 17:40:13,519 INFO     -------------------------
2025-05-27 17:40:13,519 INFO     >>>>> Predictor: Training
2025-05-27 17:46:35,489 INFO     1000 12313 4.384922 69384.0
2025-05-27 17:52:58,931 INFO     2000 12313 4.380473 69384.0
2025-05-27 17:59:25,520 INFO     3000 12313 4.392495 69340.6
2025-05-27 18:05:59,257 INFO     4000 12313 4.398532 69305.9
2025-05-27 18:12:28,172 INFO     5000 12313 4.406455 69340.6
2025-05-27 18:18:55,945 INFO     6000 12313 4.410380 69297.3
2025-05-27 18:25:28,444 INFO     7000 12313 4.392455 69323.3
2025-05-27 18:32:04,057 INFO     8000 12313 4.415691 69366.7
2025-05-27 18:39:16,059 INFO     9000 12313 4.392262 69297.3
2025-05-27 18:46:24,061 INFO     10000 12313 4.406786 69366.7
2025-05-27 18:52:49,538 INFO     11000 12313 4.410883 69314.6
2025-05-27 18:59:24,636 INFO     12000 12313 4.419124 69279.9
2025-05-27 19:01:26,490 INFO     >>>>> Predictor: Evaluating on valid
2025-05-27 19:04:13,719 INFO     Data : 3823
2025-05-27 19:04:13,719 INFO     Hit1 : 0.071148
2025-05-27 19:04:13,719 INFO     Hit3 : 0.154852
2025-05-27 19:04:13,719 INFO     Hit10: 0.299765
2025-05-27 19:04:13,719 INFO     MR   : 605.891970
2025-05-27 19:04:13,719 INFO     MRR  : 0.143979
2025-05-27 19:04:13,719 INFO     >>>>> Predictor: Evaluating on test
2025-05-27 19:07:26,428 INFO     Data : 4402
2025-05-27 19:07:26,428 INFO     Hit1 : 0.108814
2025-05-27 19:07:26,428 INFO     Hit3 : 0.196274
2025-05-27 19:07:26,429 INFO     Hit10: 0.322581
2025-05-27 19:07:26,429 INFO     MR   : 584.588369
2025-05-27 19:07:26,429 INFO     MRR  : 0.179223
2025-05-27 19:07:26,429 INFO     -------------------------
2025-05-27 19:07:26,429 INFO     | Iteration: 3/5
2025-05-27 19:07:26,429 INFO     -------------------------
2025-05-27 19:07:26,429 INFO     >>>>> Predictor: Training
2025-05-27 19:13:51,349 INFO     1000 12313 4.387610 69262.6
2025-05-27 19:20:15,069 INFO     2000 12313 4.369481 69384.0
2025-05-27 19:26:37,767 INFO     3000 12313 4.349095 69262.6
2025-05-27 19:33:07,333 INFO     4000 12313 4.393729 69323.3
2025-05-27 19:39:37,266 INFO     5000 12313 4.363461 69366.7
2025-05-27 19:46:00,754 INFO     6000 12313 4.382447 69323.3
2025-05-27 19:52:23,608 INFO     7000 12313 4.389604 69366.7
2025-05-27 19:58:46,354 INFO     8000 12313 4.399360 69384.0
2025-05-27 20:05:09,379 INFO     9000 12313 4.379167 69349.3
2025-05-27 20:11:35,757 INFO     10000 12313 4.403077 69314.6
2025-05-27 20:18:05,239 INFO     11000 12313 4.364862 69349.3
2025-05-27 20:24:34,094 INFO     12000 12313 4.399595 69314.6
2025-05-27 20:26:36,006 INFO     >>>>> Predictor: Evaluating on valid
2025-05-27 20:29:25,595 INFO     Data : 3823
2025-05-27 20:29:25,595 INFO     Hit1 : 0.077688
2025-05-27 20:29:25,595 INFO     Hit3 : 0.157991
2025-05-27 20:29:25,595 INFO     Hit10: 0.301334
2025-05-27 20:29:25,595 INFO     MR   : 607.913026
2025-05-27 20:29:25,595 INFO     MRR  : 0.148780
2025-05-27 20:29:25,596 INFO     >>>>> Predictor: Evaluating on test
2025-05-27 20:32:40,880 INFO     Data : 4402
2025-05-27 20:32:40,880 INFO     Hit1 : 0.107224
2025-05-27 20:32:40,880 INFO     Hit3 : 0.193548
2025-05-27 20:32:40,880 INFO     Hit10: 0.322808
2025-05-27 20:32:40,880 INFO     MR   : 580.532372
2025-05-27 20:32:40,880 INFO     MRR  : 0.178763
2025-05-27 20:32:40,881 INFO     Save checkpoint to results/semmeddb/multitask/cluster_3/full/fixed/predictor.pt
2025-05-27 20:32:40,889 INFO     -------------------------
2025-05-27 20:32:40,889 INFO     | Iteration: 4/5
2025-05-27 20:32:40,889 INFO     -------------------------
2025-05-27 20:32:40,889 INFO     >>>>> Predictor: Training
2025-05-27 20:39:04,425 INFO     1000 12313 4.343584 69384.0
2025-05-27 20:45:29,249 INFO     2000 12313 4.361476 69340.6
2025-05-27 20:51:53,392 INFO     3000 12313 4.367546 69384.0
2025-05-27 20:58:40,040 INFO     4000 12313 4.395179 69253.9
2025-05-27 21:05:10,512 INFO     5000 12313 4.382119 69262.6
2025-05-27 21:11:43,139 INFO     6000 12313 4.394401 69340.6
2025-05-27 21:18:15,070 INFO     7000 12313 4.372218 69314.6
2025-05-27 21:24:49,681 INFO     8000 12313 4.351154 69323.3
2025-05-27 21:31:21,449 INFO     9000 12313 4.386332 69366.7
2025-05-27 21:38:29,263 INFO     10000 12313 4.355320 69349.3
2025-05-27 21:44:59,126 INFO     11000 12313 4.370841 69366.7
2025-05-27 21:51:23,646 INFO     12000 12313 4.385778 69366.7
2025-05-27 21:53:39,328 INFO     >>>>> Predictor: Evaluating on valid
2025-05-27 21:56:31,967 INFO     Data : 3823
2025-05-27 21:56:31,967 INFO     Hit1 : 0.074026
2025-05-27 21:56:31,967 INFO     Hit3 : 0.159037
2025-05-27 21:56:31,967 INFO     Hit10: 0.303165
2025-05-27 21:56:31,967 INFO     MR   : 596.886346
2025-05-27 21:56:31,967 INFO     MRR  : 0.146865
2025-05-27 21:56:31,968 INFO     >>>>> Predictor: Evaluating on test
2025-05-27 21:59:47,873 INFO     Data : 4402
2025-05-27 21:59:47,873 INFO     Hit1 : 0.111767
2025-05-27 21:59:47,873 INFO     Hit3 : 0.202635
2025-05-27 21:59:47,873 INFO     Hit10: 0.321899
2025-05-27 21:59:47,873 INFO     MR   : 569.855520
2025-05-27 21:59:47,873 INFO     MRR  : 0.182822
2025-05-27 21:59:47,874 INFO     -------------------------
2025-05-27 21:59:47,874 INFO     | Iteration: 5/5
2025-05-27 21:59:47,874 INFO     -------------------------
2025-05-27 21:59:47,874 INFO     >>>>> Predictor: Training
2025-05-27 22:06:25,701 INFO     1000 12313 4.339526 69323.3
2025-05-27 22:12:53,532 INFO     2000 12313 4.365980 69384.0
2025-05-27 22:19:29,371 INFO     3000 12313 4.357202 69245.2
2025-05-27 22:26:12,157 INFO     4000 12313 4.342992 69384.0
2025-05-27 22:32:55,120 INFO     5000 12313 4.386363 69366.7
2025-05-27 22:39:33,525 INFO     6000 12313 4.358406 69323.3
2025-05-27 22:46:06,815 INFO     7000 12313 4.378735 69384.0
2025-05-27 22:52:32,220 INFO     8000 12313 4.389949 69297.3
2025-05-27 22:59:10,830 INFO     9000 12313 4.367975 69384.0
2025-05-27 23:05:43,982 INFO     10000 12313 4.363620 69271.3
2025-05-27 23:12:12,457 INFO     11000 12313 4.363953 69340.6
2025-05-27 23:18:46,952 INFO     12000 12313 4.344729 69297.3
2025-05-27 23:20:52,345 INFO     >>>>> Predictor: Evaluating on valid
2025-05-27 23:23:47,823 INFO     Data : 3823
2025-05-27 23:23:47,823 INFO     Hit1 : 0.071671
2025-05-27 23:23:47,823 INFO     Hit3 : 0.159037
2025-05-27 23:23:47,823 INFO     Hit10: 0.292179
2025-05-27 23:23:47,823 INFO     MR   : 603.509678
2025-05-27 23:23:47,823 INFO     MRR  : 0.145138
2025-05-27 23:23:47,823 INFO     >>>>> Predictor: Evaluating on test
2025-05-27 23:27:07,500 INFO     Data : 4402
2025-05-27 23:27:07,500 INFO     Hit1 : 0.104952
2025-05-27 23:27:07,500 INFO     Hit3 : 0.187642
2025-05-27 23:27:07,500 INFO     Hit10: 0.315311
2025-05-27 23:27:07,500 INFO     MR   : 579.920150
2025-05-27 23:27:07,500 INFO     MRR  : 0.174310
2025-05-27 23:27:07,500 INFO     -------------------------
2025-05-27 23:27:07,500 INFO     | Final Test MRR: 0.178763
2025-05-27 23:27:07,500 INFO     -------------------------
entity size:  8673
relation size:  20
Data loading | DONE!
mode:  fixed
cluster size: 3
