2025-05-19 20:10:17,840 INFO     -------------------------
2025-05-19 20:10:17,841 INFO     | Pre-train Generator
2025-05-19 20:10:17,841 INFO     -------------------------
2025-05-19 20:10:17,950 INFO     >>>>> Generator: Training
2025-05-19 20:10:22,754 INFO     [E1000] Total: 1.503523 | Main: 1.652275 | Aux: 0.908515
2025-05-19 20:10:26,726 INFO     [E2000] Total: 1.433595 | Main: 1.568880 | Aux: 0.892456
2025-05-19 20:10:30,680 INFO     [E3000] Total: 1.425658 | Main: 1.559502 | Aux: 0.890281
2025-05-19 20:10:34,626 INFO     [E4000] Total: 1.419816 | Main: 1.552565 | Aux: 0.888820
2025-05-19 20:10:38,589 INFO     [E5000] Total: 1.416039 | Main: 1.548035 | Aux: 0.888054
2025-05-19 20:10:42,558 INFO     [E6000] Total: 1.414140 | Main: 1.545843 | Aux: 0.887332
2025-05-19 20:10:46,529 INFO     [E7000] Total: 1.413128 | Main: 1.544657 | Aux: 0.887012
2025-05-19 20:10:50,486 INFO     [E8000] Total: 1.412605 | Main: 1.544132 | Aux: 0.886498
2025-05-19 20:10:54,442 INFO     [E9000] Total: 1.409840 | Main: 1.540809 | Aux: 0.885966
2025-05-19 20:10:58,401 INFO     [E10000] Total: 1.409713 | Main: 1.540678 | Aux: 0.885855
2025-05-19 20:10:58,401 INFO     -------------------------
2025-05-19 20:10:58,401 INFO     | EM Iteration: 1/2
2025-05-19 20:10:58,402 INFO     -------------------------
2025-05-19 20:10:58,402 INFO     >>>>> Generator: Rule generation with sampling
2025-05-19 20:10:58,494 INFO     Predictor: read 485 rules from list.
2025-05-19 20:10:58,494 INFO     Preprocess training set
2025-05-19 20:10:58,495 INFO     >>>>> Predictor: Training
2025-05-19 20:11:00,112 INFO     100 12313 8.941868 69123.8
2025-05-19 20:11:01,659 INFO     200 12313 8.690848 69384.0
2025-05-19 20:11:03,215 INFO     300 12313 8.508171 69384.0
2025-05-19 20:11:04,765 INFO     400 12313 8.363963 69384.0
2025-05-19 20:11:06,305 INFO     500 12313 8.324921 69384.0
2025-05-19 20:11:07,862 INFO     600 12313 8.132388 69384.0
2025-05-19 20:11:09,378 INFO     700 12313 8.135478 69384.0
2025-05-19 20:11:10,874 INFO     800 12313 8.137269 69384.0
2025-05-19 20:11:12,360 INFO     900 12313 8.068748 69384.0
2025-05-19 20:11:13,863 INFO     1000 12313 7.917186 69384.0
2025-05-19 20:11:15,388 INFO     1100 12313 7.974934 69210.5
2025-05-19 20:11:16,953 INFO     1200 12313 7.939919 69384.0
2025-05-19 20:11:18,553 INFO     1300 12313 7.997139 69384.0
2025-05-19 20:11:20,128 INFO     1400 12313 7.906881 69384.0
2025-05-19 20:11:21,697 INFO     1500 12313 7.933646 69384.0
2025-05-19 20:11:23,240 INFO     1600 12313 7.890870 69384.0
2025-05-19 20:11:24,807 INFO     1700 12313 7.846743 69384.0
2025-05-19 20:11:26,387 INFO     1800 12313 7.764755 69037.1
2025-05-19 20:11:27,983 INFO     1900 12313 7.895089 69384.0
2025-05-19 20:11:29,585 INFO     2000 12313 7.737847 69384.0
2025-05-19 20:11:31,063 INFO     2100 12313 7.731646 69384.0
2025-05-19 20:11:32,556 INFO     2200 12313 7.718077 69384.0
2025-05-19 20:11:34,054 INFO     2300 12313 7.797184 69384.0
2025-05-19 20:11:35,582 INFO     2400 12313 7.740508 69384.0
2025-05-19 20:11:37,100 INFO     2500 12313 7.683859 69384.0
2025-05-19 20:11:38,658 INFO     2600 12313 7.703147 69384.0
2025-05-19 20:11:40,221 INFO     2700 12313 7.741828 69384.0
2025-05-19 20:11:41,779 INFO     2800 12313 7.580320 69384.0
2025-05-19 20:11:43,320 INFO     2900 12313 7.611487 69384.0
2025-05-19 20:11:44,882 INFO     3000 12313 7.675423 69384.0
2025-05-19 20:11:46,412 INFO     3100 12313 7.710028 68776.9
2025-05-19 20:11:47,970 INFO     3200 12313 7.604869 69384.0
2025-05-19 20:11:49,517 INFO     3300 12313 7.645977 69384.0
2025-05-19 20:11:51,053 INFO     3400 12313 7.609533 69384.0
2025-05-19 20:11:52,602 INFO     3500 12313 7.617887 69384.0
2025-05-19 20:11:54,146 INFO     3600 12313 7.564268 69384.0
2025-05-19 20:11:55,709 INFO     3700 12313 7.458355 69384.0
2025-05-19 20:11:57,286 INFO     3800 12313 7.567081 69384.0
2025-05-19 20:11:58,840 INFO     3900 12313 7.596709 69384.0
2025-05-19 20:12:00,396 INFO     4000 12313 7.565599 68950.4
2025-05-19 20:12:01,956 INFO     4100 12313 7.475517 69384.0
2025-05-19 20:12:03,531 INFO     4200 12313 7.496445 69384.0
2025-05-19 20:12:05,071 INFO     4300 12313 7.577903 69384.0
2025-05-19 20:12:06,607 INFO     4400 12313 7.484747 68863.6
2025-05-19 20:12:08,161 INFO     4500 12313 7.504063 69384.0
2025-05-19 20:12:09,700 INFO     4600 12313 7.470264 69384.0
2025-05-19 20:12:11,233 INFO     4700 12313 7.451800 69384.0
2025-05-19 20:12:12,823 INFO     4800 12313 7.469531 69384.0
2025-05-19 20:12:14,366 INFO     4900 12313 7.626218 69384.0
2025-05-19 20:12:15,914 INFO     5000 12313 7.552752 69384.0
2025-05-19 20:12:17,457 INFO     5100 12313 7.463147 69384.0
2025-05-19 20:12:19,006 INFO     5200 12313 7.411676 69384.0
2025-05-19 20:12:20,548 INFO     5300 12313 7.472650 69384.0
2025-05-19 20:12:22,112 INFO     5400 12313 7.583551 69384.0
2025-05-19 20:12:23,676 INFO     5500 12313 7.424641 69384.0
2025-05-19 20:12:25,224 INFO     5600 12313 7.458597 69384.0
2025-05-19 20:12:26,787 INFO     5700 12313 7.521038 69384.0
2025-05-19 20:12:28,323 INFO     5800 12313 7.360519 69384.0
2025-05-19 20:12:29,829 INFO     5900 12313 7.454489 69384.0
2025-05-19 20:12:31,426 INFO     6000 12313 7.391091 69384.0
2025-05-19 20:12:32,957 INFO     6100 12313 7.367426 69384.0
2025-05-19 20:12:34,482 INFO     6200 12313 7.389223 69384.0
2025-05-19 20:12:36,022 INFO     6300 12313 7.423561 69384.0
2025-05-19 20:12:37,555 INFO     6400 12313 7.352064 68950.4
2025-05-19 20:12:39,056 INFO     6500 12313 7.407249 69384.0
2025-05-19 20:12:40,576 INFO     6600 12313 7.454693 68950.4
2025-05-19 20:12:42,123 INFO     6700 12313 7.311631 69384.0
2025-05-19 20:12:43,669 INFO     6800 12313 7.299321 69384.0
2025-05-19 20:12:45,205 INFO     6900 12313 7.441450 69384.0
2025-05-19 20:12:46,770 INFO     7000 12313 7.398726 69384.0
2025-05-19 20:12:48,306 INFO     7100 12313 7.388841 69384.0
2025-05-19 20:12:49,831 INFO     7200 12313 7.422326 69384.0
2025-05-19 20:12:51,353 INFO     7300 12313 7.330948 69384.0
2025-05-19 20:12:52,878 INFO     7400 12313 7.359783 69384.0
2025-05-19 20:12:54,401 INFO     7500 12313 7.400418 68776.9
2025-05-19 20:12:55,916 INFO     7600 12313 7.294500 69384.0
2025-05-19 20:12:57,431 INFO     7700 12313 7.374390 69384.0
2025-05-19 20:12:58,954 INFO     7800 12313 7.373250 69384.0
2025-05-19 20:13:00,488 INFO     7900 12313 7.360742 69384.0
2025-05-19 20:13:01,991 INFO     8000 12313 7.323549 69384.0
2025-05-19 20:13:03,534 INFO     8100 12313 7.334307 69384.0
2025-05-19 20:13:05,069 INFO     8200 12313 7.377915 69384.0
2025-05-19 20:13:06,618 INFO     8300 12313 7.352179 69123.8
2025-05-19 20:13:08,180 INFO     8400 12313 7.300242 69384.0
2025-05-19 20:13:09,731 INFO     8500 12313 7.274583 69384.0
2025-05-19 20:13:11,355 INFO     8600 12313 7.354151 69384.0
2025-05-19 20:13:12,930 INFO     8700 12313 7.280449 69384.0
2025-05-19 20:13:14,492 INFO     8800 12313 7.315145 69384.0
2025-05-19 20:13:16,039 INFO     8900 12313 7.256785 69384.0
2025-05-19 20:13:17,575 INFO     9000 12313 7.338765 69384.0
2025-05-19 20:13:19,108 INFO     9100 12313 7.277144 69384.0
2025-05-19 20:13:20,630 INFO     9200 12313 7.290345 69384.0
2025-05-19 20:13:22,165 INFO     9300 12313 7.382474 69384.0
2025-05-19 20:13:23,724 INFO     9400 12313 7.284418 69384.0
2025-05-19 20:13:25,248 INFO     9500 12313 7.324174 69384.0
2025-05-19 20:13:26,772 INFO     9600 12313 7.305880 69384.0
2025-05-19 20:13:28,300 INFO     9700 12313 7.419553 69037.1
2025-05-19 20:13:29,822 INFO     9800 12313 7.328464 69210.5
2025-05-19 20:13:31,334 INFO     9900 12313 7.285802 69384.0
2025-05-19 20:13:32,869 INFO     10000 12313 7.334046 69384.0
2025-05-19 20:13:32,869 INFO     >>>>> Predictor: Evaluating on valid
2025-05-19 20:13:38,194 INFO     Data : 3823
2025-05-19 20:13:38,194 INFO     Hit1 : 0.022757
2025-05-19 20:13:38,194 INFO     Hit3 : 0.048130
2025-05-19 20:13:38,194 INFO     Hit10: 0.093644
2025-05-19 20:13:38,194 INFO     MR   : 1183.411195
2025-05-19 20:13:38,194 INFO     MRR  : 0.048733
2025-05-19 20:13:38,194 INFO     >>>>> Predictor: Evaluating on test
2025-05-19 20:13:44,317 INFO     Data : 4402
2025-05-19 20:13:44,317 INFO     Hit1 : 0.029986
2025-05-19 20:13:44,317 INFO     Hit3 : 0.056565
2025-05-19 20:13:44,317 INFO     Hit10: 0.097910
2025-05-19 20:13:44,317 INFO     MR   : 1176.689119
2025-05-19 20:13:44,317 INFO     MRR  : 0.055026
2025-05-19 20:13:44,318 INFO     >>>>> Predictor: Computing H scores of rules
2025-05-19 20:13:59,536 INFO     1000 12313
2025-05-19 20:14:14,721 INFO     2000 12313
2025-05-19 20:14:29,870 INFO     3000 12313
2025-05-19 20:14:45,148 INFO     4000 12313
2025-05-19 20:15:00,431 INFO     5000 12313
2025-05-19 20:15:15,685 INFO     6000 12313
2025-05-19 20:15:30,964 INFO     7000 12313
2025-05-19 20:15:46,126 INFO     8000 12313
2025-05-19 20:16:01,370 INFO     9000 12313
2025-05-19 20:16:16,518 INFO     10000 12313
2025-05-19 20:16:31,699 INFO     11000 12313
2025-05-19 20:16:46,955 INFO     12000 12313
2025-05-19 20:16:51,740 INFO     >>>>> Generator: Training
2025-05-19 20:16:52,118 INFO     -------------------------
2025-05-19 20:16:52,118 INFO     | EM Iteration: 2/2
2025-05-19 20:16:52,118 INFO     -------------------------
2025-05-19 20:16:52,118 INFO     >>>>> Generator: Rule generation with sampling
2025-05-19 20:16:52,161 INFO     Predictor: read 500 rules from list.
2025-05-19 20:16:52,161 INFO     Preprocess training set
2025-05-19 20:16:52,161 INFO     >>>>> Predictor: Training
2025-05-19 20:16:53,752 INFO     100 12313 8.966950 69384.0
2025-05-19 20:16:55,301 INFO     200 12313 8.708097 69384.0
2025-05-19 20:16:56,821 INFO     300 12313 8.538282 69384.0
2025-05-19 20:16:58,372 INFO     400 12313 8.404681 69384.0
2025-05-19 20:16:59,905 INFO     500 12313 8.319188 69384.0
2025-05-19 20:17:01,465 INFO     600 12313 8.205411 69384.0
2025-05-19 20:17:03,033 INFO     700 12313 8.136287 69384.0
2025-05-19 20:17:04,579 INFO     800 12313 8.119254 69210.5
2025-05-19 20:17:06,107 INFO     900 12313 8.060878 69384.0
2025-05-19 20:17:07,659 INFO     1000 12313 8.090235 69384.0
2025-05-19 20:17:09,194 INFO     1100 12313 7.987226 68776.9
2025-05-19 20:17:10,744 INFO     1200 12313 7.931977 69384.0
2025-05-19 20:17:12,296 INFO     1300 12313 7.950487 69384.0
2025-05-19 20:17:13,813 INFO     1400 12313 7.899875 69210.5
2025-05-19 20:17:15,364 INFO     1500 12313 7.957745 69384.0
2025-05-19 20:17:16,886 INFO     1600 12313 7.829205 69384.0
2025-05-19 20:17:18,413 INFO     1700 12313 7.795951 69384.0
2025-05-19 20:17:19,949 INFO     1800 12313 7.873721 69384.0
2025-05-19 20:17:21,518 INFO     1900 12313 7.781264 69123.8
2025-05-19 20:17:23,041 INFO     2000 12313 7.732078 69384.0
2025-05-19 20:17:24,570 INFO     2100 12313 7.735215 69384.0
2025-05-19 20:17:26,125 INFO     2200 12313 7.742511 69384.0
2025-05-19 20:17:27,660 INFO     2300 12313 7.796942 68516.7
2025-05-19 20:17:29,183 INFO     2400 12313 7.665406 68950.4
2025-05-19 20:17:30,781 INFO     2500 12313 7.722685 69384.0
2025-05-19 20:17:32,307 INFO     2600 12313 7.739099 69384.0
2025-05-19 20:17:33,836 INFO     2700 12313 7.746138 69384.0
2025-05-19 20:17:35,375 INFO     2800 12313 7.637287 69384.0
2025-05-19 20:17:36,889 INFO     2900 12313 7.663197 69384.0
2025-05-19 20:17:38,462 INFO     3000 12313 7.660289 69384.0
2025-05-19 20:17:39,994 INFO     3100 12313 7.601894 69384.0
2025-05-19 20:17:41,552 INFO     3200 12313 7.602432 69384.0
2025-05-19 20:17:43,099 INFO     3300 12313 7.670598 69384.0
2025-05-19 20:17:44,635 INFO     3400 12313 7.593108 69384.0
2025-05-19 20:17:46,185 INFO     3500 12313 7.553731 69384.0
2025-05-19 20:17:47,715 INFO     3600 12313 7.588510 68950.4
2025-05-19 20:17:49,279 INFO     3700 12313 7.617450 69384.0
2025-05-19 20:17:50,832 INFO     3800 12313 7.537330 69384.0
2025-05-19 20:17:52,370 INFO     3900 12313 7.520531 69384.0
2025-05-19 20:17:53,922 INFO     4000 12313 7.568790 69384.0
2025-05-19 20:17:55,477 INFO     4100 12313 7.560805 69384.0
2025-05-19 20:17:57,052 INFO     4200 12313 7.504186 69384.0
2025-05-19 20:17:58,597 INFO     4300 12313 7.479745 69384.0
2025-05-19 20:18:00,152 INFO     4400 12313 7.558604 69384.0
2025-05-19 20:18:01,694 INFO     4500 12313 7.567996 69384.0
2025-05-19 20:18:03,220 INFO     4600 12313 7.568651 69384.0
2025-05-19 20:18:04,756 INFO     4700 12313 7.532624 69210.5
2025-05-19 20:18:06,305 INFO     4800 12313 7.496560 69384.0
2025-05-19 20:18:07,863 INFO     4900 12313 7.427230 69384.0
2025-05-19 20:18:09,386 INFO     5000 12313 7.458869 69384.0
2025-05-19 20:18:10,927 INFO     5100 12313 7.412963 69384.0
2025-05-19 20:18:12,463 INFO     5200 12313 7.473909 69384.0
2025-05-19 20:18:14,024 INFO     5300 12313 7.440401 69123.8
2025-05-19 20:18:15,561 INFO     5400 12313 7.448625 69384.0
2025-05-19 20:18:17,095 INFO     5500 12313 7.459732 69384.0
2025-05-19 20:18:18,643 INFO     5600 12313 7.517736 69384.0
2025-05-19 20:18:20,192 INFO     5700 12313 7.362439 69384.0
2025-05-19 20:18:21,732 INFO     5800 12313 7.383559 69384.0
2025-05-19 20:18:23,251 INFO     5900 12313 7.534879 69384.0
2025-05-19 20:18:24,784 INFO     6000 12313 7.402202 69384.0
2025-05-19 20:18:26,312 INFO     6100 12313 7.368355 69384.0
2025-05-19 20:18:27,837 INFO     6200 12313 7.417395 69384.0
2025-05-19 20:18:29,355 INFO     6300 12313 7.444301 69384.0
2025-05-19 20:18:30,879 INFO     6400 12313 7.383235 69384.0
2025-05-19 20:18:32,385 INFO     6500 12313 7.376688 69384.0
2025-05-19 20:18:33,873 INFO     6600 12313 7.523714 69384.0
2025-05-19 20:18:35,392 INFO     6700 12313 7.410962 69384.0
2025-05-19 20:18:36,892 INFO     6800 12313 7.370193 69384.0
2025-05-19 20:18:38,395 INFO     6900 12313 7.459318 69210.5
2025-05-19 20:18:39,930 INFO     7000 12313 7.396108 69384.0
2025-05-19 20:18:41,458 INFO     7100 12313 7.386789 69384.0
2025-05-19 20:18:42,964 INFO     7200 12313 7.432060 69384.0
2025-05-19 20:18:44,473 INFO     7300 12313 7.396310 69384.0
2025-05-19 20:18:46,006 INFO     7400 12313 7.416022 69384.0
2025-05-19 20:18:47,525 INFO     7500 12313 7.347125 69384.0
2025-05-19 20:18:49,040 INFO     7600 12313 7.356765 69384.0
2025-05-19 20:18:50,562 INFO     7700 12313 7.419140 69384.0
2025-05-19 20:18:52,064 INFO     7800 12313 7.460861 69384.0
2025-05-19 20:18:53,600 INFO     7900 12313 7.349305 69384.0
2025-05-19 20:18:55,106 INFO     8000 12313 7.414071 69384.0
2025-05-19 20:18:56,644 INFO     8100 12313 7.315748 69384.0
2025-05-19 20:18:58,174 INFO     8200 12313 7.348811 68776.9
2025-05-19 20:18:59,697 INFO     8300 12313 7.419544 69384.0
2025-05-19 20:19:01,211 INFO     8400 12313 7.396865 69384.0
2025-05-19 20:19:02,722 INFO     8500 12313 7.364624 68776.9
2025-05-19 20:19:04,223 INFO     8600 12313 7.388962 69384.0
2025-05-19 20:19:05,738 INFO     8700 12313 7.385307 69384.0
2025-05-19 20:19:07,250 INFO     8800 12313 7.427979 69384.0
2025-05-19 20:19:08,776 INFO     8900 12313 7.272214 69384.0
2025-05-19 20:19:10,287 INFO     9000 12313 7.319621 69384.0
2025-05-19 20:19:11,803 INFO     9100 12313 7.336818 69037.1
2025-05-19 20:19:13,280 INFO     9200 12313 7.358096 69384.0
2025-05-19 20:19:14,802 INFO     9300 12313 7.376912 69384.0
2025-05-19 20:19:16,294 INFO     9400 12313 7.349741 69123.8
2025-05-19 20:19:17,803 INFO     9500 12313 7.429190 69384.0
2025-05-19 20:19:19,306 INFO     9600 12313 7.352312 69384.0
2025-05-19 20:19:20,803 INFO     9700 12313 7.373069 69384.0
2025-05-19 20:19:22,349 INFO     9800 12313 7.242750 69384.0
2025-05-19 20:19:23,850 INFO     9900 12313 7.387448 69384.0
2025-05-19 20:19:25,373 INFO     10000 12313 7.294298 69384.0
2025-05-19 20:19:25,374 INFO     >>>>> Predictor: Evaluating on valid
2025-05-19 20:19:31,658 INFO     Data : 3823
2025-05-19 20:19:31,658 INFO     Hit1 : 0.029035
2025-05-19 20:19:31,658 INFO     Hit3 : 0.059116
2025-05-19 20:19:31,659 INFO     Hit10: 0.109338
2025-05-19 20:19:31,659 INFO     MR   : 1190.237379
2025-05-19 20:19:31,659 INFO     MRR  : 0.057054
2025-05-19 20:19:31,659 INFO     >>>>> Predictor: Evaluating on test
2025-05-19 20:19:38,828 INFO     Data : 4402
2025-05-19 20:19:38,828 INFO     Hit1 : 0.035666
2025-05-19 20:19:38,828 INFO     Hit3 : 0.062244
2025-05-19 20:19:38,828 INFO     Hit10: 0.109041
2025-05-19 20:19:38,828 INFO     MR   : 1200.838028
2025-05-19 20:19:38,828 INFO     MRR  : 0.061234
2025-05-19 20:19:38,829 INFO     >>>>> Predictor: Computing H scores of rules
2025-05-19 20:19:53,926 INFO     1000 12313
2025-05-19 20:20:09,052 INFO     2000 12313
2025-05-19 20:20:24,248 INFO     3000 12313
2025-05-19 20:20:39,447 INFO     4000 12313
2025-05-19 20:20:54,607 INFO     5000 12313
2025-05-19 20:21:09,814 INFO     6000 12313
2025-05-19 20:21:25,063 INFO     7000 12313
2025-05-19 20:21:40,252 INFO     8000 12313
2025-05-19 20:21:55,435 INFO     9000 12313
2025-05-19 20:22:10,544 INFO     10000 12313
2025-05-19 20:22:25,737 INFO     11000 12313
2025-05-19 20:22:40,875 INFO     12000 12313
2025-05-19 20:22:45,623 INFO     >>>>> Generator: Training
2025-05-19 20:22:46,012 INFO     -------------------------
2025-05-19 20:22:46,012 INFO     | Post-train Generator
2025-05-19 20:22:46,012 INFO     -------------------------
2025-05-19 20:22:46,013 INFO     >>>>> Generator: Training
2025-05-19 20:22:49,915 INFO     [E1000] Total: 1.427590 | Main: 1.576158 | Aux: 0.833317
2025-05-19 20:22:49,915 INFO     -------------------------
2025-05-19 20:22:49,915 INFO     | Beam Search Best Rules
2025-05-19 20:22:49,915 INFO     -------------------------
2025-05-19 20:22:49,915 INFO     >>>>> Generator: Rule generation with beam search
2025-05-19 20:22:50,093 INFO     >>>>> Generator: Rule generation with beam search
2025-05-19 20:22:50,519 INFO     >>>>> Generator: Rule generation with beam search
2025-05-19 20:22:51,536 INFO     >>>>> Generator: Rule generation with beam search
2025-05-19 20:22:52,479 INFO     >>>>> Generator: Rule generation with beam search
2025-05-19 20:22:53,677 INFO     -------------------------
2025-05-19 20:22:53,677 INFO     | Train Final Predictor+
2025-05-19 20:22:53,677 INFO     -------------------------
2025-05-19 20:22:53,679 INFO     Predictor+: read 3220 rules from list.
2025-05-19 20:22:53,686 INFO     Preprocess training set
2025-05-19 20:22:53,687 INFO     -------------------------
2025-05-19 20:22:53,687 INFO     | Iteration: 1/1
2025-05-19 20:22:53,687 INFO     -------------------------
2025-05-19 20:22:53,687 INFO     >>>>> Predictor: Training
2025-05-19 20:23:00,091 INFO     100 12313 5.525658 69384.0
2025-05-19 20:23:06,431 INFO     200 12313 4.835661 69384.0
2025-05-19 20:23:12,745 INFO     300 12313 4.635241 69384.0
2025-05-19 20:23:19,065 INFO     400 12313 4.753225 69384.0
2025-05-19 20:23:25,428 INFO     500 12313 4.614158 69384.0
2025-05-19 20:23:31,775 INFO     600 12313 4.489051 69384.0
2025-05-19 20:23:38,092 INFO     700 12313 4.551485 69384.0
2025-05-19 20:23:44,434 INFO     800 12313 4.554012 69384.0
2025-05-19 20:23:50,788 INFO     900 12313 4.600928 69384.0
2025-05-19 20:23:57,093 INFO     1000 12313 4.572096 69384.0
2025-05-19 20:24:03,396 INFO     1100 12313 4.518754 69384.0
2025-05-19 20:24:09,736 INFO     1200 12313 4.552123 69384.0
2025-05-19 20:24:16,103 INFO     1300 12313 4.557911 69384.0
2025-05-19 20:24:22,460 INFO     1400 12313 4.544586 69384.0
2025-05-19 20:24:28,877 INFO     1500 12313 4.483607 69384.0
2025-05-19 20:24:35,285 INFO     1600 12313 4.561518 69384.0
2025-05-19 20:24:41,671 INFO     1700 12313 4.511502 69384.0
2025-05-19 20:24:48,052 INFO     1800 12313 4.618879 69384.0
2025-05-19 20:24:54,427 INFO     1900 12313 4.549673 69384.0
2025-05-19 20:25:00,802 INFO     2000 12313 4.540460 69384.0
2025-05-19 20:25:07,205 INFO     2100 12313 4.505153 69384.0
2025-05-19 20:25:13,590 INFO     2200 12313 4.559131 68863.6
2025-05-19 20:25:20,134 INFO     2300 12313 4.541926 69384.0
2025-05-19 20:25:26,833 INFO     2400 12313 4.465189 69210.5
2025-05-19 20:25:33,495 INFO     2500 12313 4.604432 69384.0
2025-05-19 20:25:40,151 INFO     2600 12313 4.621740 69384.0
2025-05-19 20:25:46,715 INFO     2700 12313 4.480826 68776.9
2025-05-19 20:25:53,351 INFO     2800 12313 4.472104 69384.0
2025-05-19 20:25:59,888 INFO     2900 12313 4.555933 69384.0
2025-05-19 20:26:06,523 INFO     3000 12313 4.411423 69384.0
2025-05-19 20:26:13,109 INFO     3100 12313 4.491172 69384.0
2025-05-19 20:26:19,725 INFO     3200 12313 4.495073 69384.0
2025-05-19 20:26:26,314 INFO     3300 12313 4.470934 68776.9
2025-05-19 20:26:32,873 INFO     3400 12313 4.476300 69384.0
2025-05-19 20:26:39,496 INFO     3500 12313 4.588318 69384.0
2025-05-19 20:26:46,165 INFO     3600 12313 4.513895 69384.0
2025-05-19 20:26:52,778 INFO     3700 12313 4.458590 69384.0
2025-05-19 20:26:59,479 INFO     3800 12313 4.470536 69384.0
2025-05-19 20:27:06,111 INFO     3900 12313 4.529684 69384.0
2025-05-19 20:27:12,671 INFO     4000 12313 4.479637 69384.0
2025-05-19 20:27:19,311 INFO     4100 12313 4.530978 69384.0
2025-05-19 20:27:25,871 INFO     4200 12313 4.541192 69384.0
2025-05-19 20:27:32,474 INFO     4300 12313 4.477035 69384.0
2025-05-19 20:27:39,107 INFO     4400 12313 4.491104 69384.0
2025-05-19 20:27:45,705 INFO     4500 12313 4.597037 69384.0
2025-05-19 20:27:52,332 INFO     4600 12313 4.448091 69384.0
2025-05-19 20:27:58,919 INFO     4700 12313 4.448105 69384.0
2025-05-19 20:28:05,523 INFO     4800 12313 4.492063 69384.0
2025-05-19 20:28:12,163 INFO     4900 12313 4.534960 69384.0
2025-05-19 20:28:18,753 INFO     5000 12313 4.455963 69384.0
2025-05-19 20:28:25,335 INFO     5100 12313 4.543703 69384.0
2025-05-19 20:28:31,911 INFO     5200 12313 4.548569 69384.0
2025-05-19 20:28:38,528 INFO     5300 12313 4.499275 69384.0
2025-05-19 20:28:45,165 INFO     5400 12313 4.522254 69384.0
2025-05-19 20:28:51,808 INFO     5500 12313 4.464344 68950.4
2025-05-19 20:28:58,425 INFO     5600 12313 4.539583 69384.0
2025-05-19 20:29:05,022 INFO     5700 12313 4.523500 69384.0
2025-05-19 20:29:11,716 INFO     5800 12313 4.494757 69384.0
2025-05-19 20:29:18,354 INFO     5900 12313 4.497128 69210.5
2025-05-19 20:29:24,934 INFO     6000 12313 4.520575 69384.0
2025-05-19 20:29:31,537 INFO     6100 12313 4.517598 69384.0
2025-05-19 20:29:38,150 INFO     6200 12313 4.577944 69210.5
2025-05-19 20:29:44,751 INFO     6300 12313 4.424171 69384.0
2025-05-19 20:29:51,397 INFO     6400 12313 4.425442 69384.0
2025-05-19 20:29:58,007 INFO     6500 12313 4.504092 69384.0
2025-05-19 20:30:04,588 INFO     6600 12313 4.548182 69384.0
2025-05-19 20:30:11,243 INFO     6700 12313 4.488658 69384.0
2025-05-19 20:30:17,912 INFO     6800 12313 4.426308 69384.0
2025-05-19 20:30:24,530 INFO     6900 12313 4.526646 69384.0
2025-05-19 20:30:31,150 INFO     7000 12313 4.453626 69384.0
2025-05-19 20:30:37,757 INFO     7100 12313 4.466231 69384.0
2025-05-19 20:30:44,363 INFO     7200 12313 4.489203 69384.0
2025-05-19 20:30:51,003 INFO     7300 12313 4.522620 69123.8
2025-05-19 20:30:57,619 INFO     7400 12313 4.537914 69384.0
2025-05-19 20:31:04,301 INFO     7500 12313 4.476888 69384.0
2025-05-19 20:31:10,897 INFO     7600 12313 4.512720 69123.8
2025-05-19 20:31:17,554 INFO     7700 12313 4.490018 69384.0
2025-05-19 20:31:24,160 INFO     7800 12313 4.490502 69384.0
2025-05-19 20:31:30,835 INFO     7900 12313 4.445354 69384.0
2025-05-19 20:31:37,550 INFO     8000 12313 4.541531 69384.0
2025-05-19 20:31:44,222 INFO     8100 12313 4.432916 69384.0
2025-05-19 20:31:50,841 INFO     8200 12313 4.445055 69384.0
2025-05-19 20:31:57,457 INFO     8300 12313 4.512328 69384.0
2025-05-19 20:32:04,093 INFO     8400 12313 4.492784 69384.0
2025-05-19 20:32:10,719 INFO     8500 12313 4.519878 69384.0
2025-05-19 20:32:17,294 INFO     8600 12313 4.392876 69384.0
2025-05-19 20:32:23,872 INFO     8700 12313 4.363435 69384.0
2025-05-19 20:32:30,557 INFO     8800 12313 4.582228 69384.0
2025-05-19 20:32:37,170 INFO     8900 12313 4.496790 69384.0
2025-05-19 20:32:43,784 INFO     9000 12313 4.498940 69384.0
2025-05-19 20:32:50,396 INFO     9100 12313 4.475983 69210.5
2025-05-19 20:32:56,990 INFO     9200 12313 4.543725 69384.0
2025-05-19 20:33:03,627 INFO     9300 12313 4.460671 69384.0
2025-05-19 20:33:10,281 INFO     9400 12313 4.446082 68950.4
2025-05-19 20:33:16,917 INFO     9500 12313 4.389444 69384.0
2025-05-19 20:33:23,517 INFO     9600 12313 4.431714 68776.9
2025-05-19 20:33:30,125 INFO     9700 12313 4.519754 69384.0
2025-05-19 20:33:36,780 INFO     9800 12313 4.492321 69037.1
2025-05-19 20:33:43,327 INFO     9900 12313 4.552038 69384.0
2025-05-19 20:33:49,985 INFO     10000 12313 4.460467 69384.0
2025-05-19 20:33:49,985 INFO     >>>>> Predictor: Evaluating on valid
2025-05-19 20:34:16,761 INFO     Data : 3823
2025-05-19 20:34:16,761 INFO     Hit1 : 0.069579
2025-05-19 20:34:16,761 INFO     Hit3 : 0.139942
2025-05-19 20:34:16,761 INFO     Hit10: 0.270207
2025-05-19 20:34:16,761 INFO     MR   : 767.783809
2025-05-19 20:34:16,761 INFO     MRR  : 0.132780
2025-05-19 20:34:16,761 INFO     >>>>> Predictor: Evaluating on test
2025-05-19 20:34:47,695 INFO     Data : 4402
2025-05-19 20:34:47,695 INFO     Hit1 : 0.097683
2025-05-19 20:34:47,695 INFO     Hit3 : 0.169014
2025-05-19 20:34:47,695 INFO     Hit10: 0.289868
2025-05-19 20:34:47,695 INFO     MR   : 762.693548
2025-05-19 20:34:47,696 INFO     MRR  : 0.160124
2025-05-19 20:34:47,696 INFO     Save checkpoint to results/semmeddb/multitask/md/fixed/predictor.pt
2025-05-19 20:34:47,700 INFO     -------------------------
2025-05-19 20:34:47,700 INFO     | Final Test MRR: 0.160124
2025-05-19 20:34:47,700 INFO     -------------------------
entity size:  8673
relation size:  20
Data loading | DONE!
mode:  fixed
