2025-05-19 20:34:49,865 INFO     -------------------------
2025-05-19 20:34:49,865 INFO     | Pre-train Generator
2025-05-19 20:34:49,865 INFO     -------------------------
2025-05-19 20:34:49,987 INFO     >>>>> Generator: Training
2025-05-19 20:34:54,791 INFO     [E1000] Total: 1.617747 | Main: 1.653723 | Aux: 0.922826
2025-05-19 20:34:58,761 INFO     [E2000] Total: 1.535770 | Main: 1.569442 | Aux: 0.896008
2025-05-19 20:35:02,730 INFO     [E3000] Total: 1.525521 | Main: 1.558799 | Aux: 0.893231
2025-05-19 20:35:06,680 INFO     [E4000] Total: 1.519623 | Main: 1.552687 | Aux: 0.891425
2025-05-19 20:35:10,643 INFO     [E5000] Total: 1.515357 | Main: 1.548252 | Aux: 0.890338
2025-05-19 20:35:14,602 INFO     [E6000] Total: 1.512968 | Main: 1.545774 | Aux: 0.889666
2025-05-19 20:35:18,554 INFO     [E7000] Total: 1.511931 | Main: 1.544689 | Aux: 0.889525
2025-05-19 20:35:22,500 INFO     [E8000] Total: 1.511962 | Main: 1.544746 | Aux: 0.889073
2025-05-19 20:35:26,453 INFO     [E9000] Total: 1.508534 | Main: 1.541174 | Aux: 0.888380
2025-05-19 20:35:30,393 INFO     [E10000] Total: 1.508358 | Main: 1.540995 | Aux: 0.888268
2025-05-19 20:35:30,393 INFO     -------------------------
2025-05-19 20:35:30,393 INFO     | EM Iteration: 1/2
2025-05-19 20:35:30,393 INFO     -------------------------
2025-05-19 20:35:30,393 INFO     >>>>> Generator: Rule generation with sampling
2025-05-19 20:35:30,487 INFO     Predictor: read 485 rules from list.
2025-05-19 20:35:30,487 INFO     Preprocess training set
2025-05-19 20:35:30,487 INFO     >>>>> Predictor: Training
2025-05-19 20:35:32,092 INFO     100 12313 8.943473 69123.8
2025-05-19 20:35:33,620 INFO     200 12313 8.692389 69384.0
2025-05-19 20:35:35,156 INFO     300 12313 8.511858 69384.0
2025-05-19 20:35:36,689 INFO     400 12313 8.366301 69384.0
2025-05-19 20:35:38,205 INFO     500 12313 8.323152 69384.0
2025-05-19 20:35:39,733 INFO     600 12313 8.130853 69384.0
2025-05-19 20:35:41,273 INFO     700 12313 8.125187 69384.0
2025-05-19 20:35:42,803 INFO     800 12313 8.128883 69384.0
2025-05-19 20:35:44,320 INFO     900 12313 8.061614 69384.0
2025-05-19 20:35:45,852 INFO     1000 12313 7.904927 69384.0
2025-05-19 20:35:47,374 INFO     1100 12313 7.956524 69210.5
2025-05-19 20:35:48,904 INFO     1200 12313 7.927979 69384.0
2025-05-19 20:35:50,438 INFO     1300 12313 7.967710 69384.0
2025-05-19 20:35:51,974 INFO     1400 12313 7.888110 69384.0
2025-05-19 20:35:53,520 INFO     1500 12313 7.925477 69384.0
2025-05-19 20:35:55,030 INFO     1600 12313 7.878724 69384.0
2025-05-19 20:35:56,574 INFO     1700 12313 7.846114 69384.0
2025-05-19 20:35:58,133 INFO     1800 12313 7.757817 69037.1
2025-05-19 20:35:59,667 INFO     1900 12313 7.870310 69384.0
2025-05-19 20:36:01,197 INFO     2000 12313 7.725555 69384.0
2025-05-19 20:36:02,712 INFO     2100 12313 7.722651 69384.0
2025-05-19 20:36:04,241 INFO     2200 12313 7.700897 69384.0
2025-05-19 20:36:05,774 INFO     2300 12313 7.789510 69384.0
2025-05-19 20:36:07,289 INFO     2400 12313 7.727921 69384.0
2025-05-19 20:36:08,808 INFO     2500 12313 7.665282 69384.0
2025-05-19 20:36:10,345 INFO     2600 12313 7.686656 69384.0
2025-05-19 20:36:11,871 INFO     2700 12313 7.731100 69384.0
2025-05-19 20:36:13,425 INFO     2800 12313 7.575560 69384.0
2025-05-19 20:36:14,948 INFO     2900 12313 7.598431 69384.0
2025-05-19 20:36:16,477 INFO     3000 12313 7.659466 69384.0
2025-05-19 20:36:17,968 INFO     3100 12313 7.698918 68776.9
2025-05-19 20:36:19,482 INFO     3200 12313 7.589099 69384.0
2025-05-19 20:36:20,968 INFO     3300 12313 7.637147 69384.0
2025-05-19 20:36:22,445 INFO     3400 12313 7.596345 69384.0
2025-05-19 20:36:23,946 INFO     3500 12313 7.614516 69384.0
2025-05-19 20:36:25,439 INFO     3600 12313 7.548886 69384.0
2025-05-19 20:36:26,986 INFO     3700 12313 7.446513 69384.0
2025-05-19 20:36:28,499 INFO     3800 12313 7.549386 69384.0
2025-05-19 20:36:29,998 INFO     3900 12313 7.584110 69384.0
2025-05-19 20:36:31,496 INFO     4000 12313 7.558832 68950.4
2025-05-19 20:36:33,014 INFO     4100 12313 7.457178 69384.0
2025-05-19 20:36:34,535 INFO     4200 12313 7.491042 69384.0
2025-05-19 20:36:36,031 INFO     4300 12313 7.569273 69384.0
2025-05-19 20:36:37,518 INFO     4400 12313 7.474781 68863.6
2025-05-19 20:36:39,023 INFO     4500 12313 7.487236 69384.0
2025-05-19 20:36:40,515 INFO     4600 12313 7.463781 69384.0
2025-05-19 20:36:42,004 INFO     4700 12313 7.446737 69384.0
2025-05-19 20:36:43,513 INFO     4800 12313 7.462937 69384.0
2025-05-19 20:36:44,986 INFO     4900 12313 7.610829 69384.0
2025-05-19 20:36:46,482 INFO     5000 12313 7.536166 69384.0
2025-05-19 20:36:47,980 INFO     5100 12313 7.445813 69384.0
2025-05-19 20:36:49,469 INFO     5200 12313 7.409018 69384.0
2025-05-19 20:36:50,957 INFO     5300 12313 7.455835 69384.0
2025-05-19 20:36:52,464 INFO     5400 12313 7.579916 69384.0
2025-05-19 20:36:53,975 INFO     5500 12313 7.410622 69384.0
2025-05-19 20:36:55,479 INFO     5600 12313 7.456427 69384.0
2025-05-19 20:36:56,989 INFO     5700 12313 7.493335 69384.0
2025-05-19 20:36:58,468 INFO     5800 12313 7.360001 69384.0
2025-05-19 20:36:59,921 INFO     5900 12313 7.439300 69384.0
2025-05-19 20:37:01,439 INFO     6000 12313 7.383582 69384.0
2025-05-19 20:37:02,918 INFO     6100 12313 7.356510 69384.0
2025-05-19 20:37:04,403 INFO     6200 12313 7.380822 69384.0
2025-05-19 20:37:05,908 INFO     6300 12313 7.415924 69384.0
2025-05-19 20:37:07,410 INFO     6400 12313 7.352714 68950.4
2025-05-19 20:37:08,868 INFO     6500 12313 7.403402 69384.0
2025-05-19 20:37:10,354 INFO     6600 12313 7.441953 68950.4
2025-05-19 20:37:11,867 INFO     6700 12313 7.301561 69384.0
2025-05-19 20:37:13,377 INFO     6800 12313 7.288924 69384.0
2025-05-19 20:37:14,886 INFO     6900 12313 7.441331 69384.0
2025-05-19 20:37:16,386 INFO     7000 12313 7.376974 69384.0
2025-05-19 20:37:17,897 INFO     7100 12313 7.380493 69384.0
2025-05-19 20:37:19,397 INFO     7200 12313 7.417917 69384.0
2025-05-19 20:37:20,897 INFO     7300 12313 7.326404 69384.0
2025-05-19 20:37:22,384 INFO     7400 12313 7.346108 69384.0
2025-05-19 20:37:23,882 INFO     7500 12313 7.394522 68776.9
2025-05-19 20:37:25,373 INFO     7600 12313 7.292048 69384.0
2025-05-19 20:37:26,869 INFO     7700 12313 7.358989 69384.0
2025-05-19 20:37:28,365 INFO     7800 12313 7.358839 69384.0
2025-05-19 20:37:29,881 INFO     7900 12313 7.355159 69384.0
2025-05-19 20:37:31,356 INFO     8000 12313 7.318675 69384.0
2025-05-19 20:37:32,860 INFO     8100 12313 7.326581 69384.0
2025-05-19 20:37:34,351 INFO     8200 12313 7.373320 69384.0
2025-05-19 20:37:35,847 INFO     8300 12313 7.349421 69123.8
2025-05-19 20:37:37,335 INFO     8400 12313 7.299473 69384.0
2025-05-19 20:37:38,835 INFO     8500 12313 7.261987 69384.0
2025-05-19 20:37:40,382 INFO     8600 12313 7.352888 69384.0
2025-05-19 20:37:41,861 INFO     8700 12313 7.261056 69384.0
2025-05-19 20:37:43,369 INFO     8800 12313 7.304543 69384.0
2025-05-19 20:37:44,871 INFO     8900 12313 7.251400 69384.0
2025-05-19 20:37:46,363 INFO     9000 12313 7.329252 69384.0
2025-05-19 20:37:47,839 INFO     9100 12313 7.271191 69384.0
2025-05-19 20:37:49,316 INFO     9200 12313 7.291159 69384.0
2025-05-19 20:37:50,809 INFO     9300 12313 7.383924 69384.0
2025-05-19 20:37:52,318 INFO     9400 12313 7.275983 69384.0
2025-05-19 20:37:53,789 INFO     9500 12313 7.316904 69384.0
2025-05-19 20:37:55,280 INFO     9600 12313 7.288806 69384.0
2025-05-19 20:37:56,779 INFO     9700 12313 7.420402 69037.1
2025-05-19 20:37:58,266 INFO     9800 12313 7.330662 69210.5
2025-05-19 20:37:59,747 INFO     9900 12313 7.276198 69384.0
2025-05-19 20:38:01,251 INFO     10000 12313 7.324304 69384.0
2025-05-19 20:38:01,252 INFO     >>>>> Predictor: Evaluating on valid
2025-05-19 20:38:06,651 INFO     Data : 3823
2025-05-19 20:38:06,651 INFO     Hit1 : 0.023019
2025-05-19 20:38:06,651 INFO     Hit3 : 0.049176
2025-05-19 20:38:06,651 INFO     Hit10: 0.093382
2025-05-19 20:38:06,651 INFO     MR   : 1181.803427
2025-05-19 20:38:06,651 INFO     MRR  : 0.048892
2025-05-19 20:38:06,652 INFO     >>>>> Predictor: Evaluating on test
2025-05-19 20:38:12,873 INFO     Data : 4402
2025-05-19 20:38:12,873 INFO     Hit1 : 0.030895
2025-05-19 20:38:12,873 INFO     Hit3 : 0.057474
2025-05-19 20:38:12,873 INFO     Hit10: 0.095866
2025-05-19 20:38:12,873 INFO     MR   : 1174.014652
2025-05-19 20:38:12,873 INFO     MRR  : 0.055613
2025-05-19 20:38:12,874 INFO     >>>>> Predictor: Computing H scores of rules
2025-05-19 20:38:27,749 INFO     1000 12313
2025-05-19 20:38:42,658 INFO     2000 12313
2025-05-19 20:38:57,554 INFO     3000 12313
2025-05-19 20:39:12,609 INFO     4000 12313
2025-05-19 20:39:27,594 INFO     5000 12313
2025-05-19 20:39:42,540 INFO     6000 12313
2025-05-19 20:39:57,531 INFO     7000 12313
2025-05-19 20:40:12,467 INFO     8000 12313
2025-05-19 20:40:27,442 INFO     9000 12313
2025-05-19 20:40:42,358 INFO     10000 12313
2025-05-19 20:40:57,289 INFO     11000 12313
2025-05-19 20:41:12,310 INFO     12000 12313
2025-05-19 20:41:17,008 INFO     >>>>> Generator: Training
2025-05-19 20:41:17,381 INFO     -------------------------
2025-05-19 20:41:17,382 INFO     | EM Iteration: 2/2
2025-05-19 20:41:17,382 INFO     -------------------------
2025-05-19 20:41:17,382 INFO     >>>>> Generator: Rule generation with sampling
2025-05-19 20:41:17,424 INFO     Predictor: read 500 rules from list.
2025-05-19 20:41:17,424 INFO     Preprocess training set
2025-05-19 20:41:17,424 INFO     >>>>> Predictor: Training
2025-05-19 20:41:18,985 INFO     100 12313 8.968318 69384.0
2025-05-19 20:41:20,506 INFO     200 12313 8.712930 69384.0
2025-05-19 20:41:21,992 INFO     300 12313 8.538691 69384.0
2025-05-19 20:41:23,506 INFO     400 12313 8.397287 69384.0
2025-05-19 20:41:24,996 INFO     500 12313 8.319272 69384.0
2025-05-19 20:41:26,516 INFO     600 12313 8.210044 69384.0
2025-05-19 20:41:28,049 INFO     700 12313 8.135375 69384.0
2025-05-19 20:41:29,554 INFO     800 12313 8.118220 69210.5
2025-05-19 20:41:31,051 INFO     900 12313 8.061060 69384.0
2025-05-19 20:41:32,573 INFO     1000 12313 8.092213 69384.0
2025-05-19 20:41:34,083 INFO     1100 12313 7.990058 68776.9
2025-05-19 20:41:35,598 INFO     1200 12313 7.936069 69384.0
2025-05-19 20:41:37,120 INFO     1300 12313 7.953456 69384.0
2025-05-19 20:41:38,606 INFO     1400 12313 7.904961 69210.5
2025-05-19 20:41:40,124 INFO     1500 12313 7.958357 69384.0
2025-05-19 20:41:41,614 INFO     1600 12313 7.829515 69384.0
2025-05-19 20:41:43,123 INFO     1700 12313 7.796710 69384.0
2025-05-19 20:41:44,647 INFO     1800 12313 7.872012 69384.0
2025-05-19 20:41:46,187 INFO     1900 12313 7.776763 69123.8
2025-05-19 20:41:47,690 INFO     2000 12313 7.732612 69384.0
2025-05-19 20:41:49,204 INFO     2100 12313 7.730019 69384.0
2025-05-19 20:41:50,732 INFO     2200 12313 7.735919 69384.0
2025-05-19 20:41:52,252 INFO     2300 12313 7.794871 68516.7
2025-05-19 20:41:53,762 INFO     2400 12313 7.658778 68950.4
2025-05-19 20:41:55,283 INFO     2500 12313 7.725467 69384.0
2025-05-19 20:41:56,785 INFO     2600 12313 7.736406 69384.0
2025-05-19 20:41:58,307 INFO     2700 12313 7.744540 69384.0
2025-05-19 20:41:59,836 INFO     2800 12313 7.635806 69384.0
2025-05-19 20:42:01,338 INFO     2900 12313 7.660748 69384.0
2025-05-19 20:42:02,887 INFO     3000 12313 7.651739 69384.0
2025-05-19 20:42:04,379 INFO     3100 12313 7.600504 69384.0
2025-05-19 20:42:05,889 INFO     3200 12313 7.601033 69384.0
2025-05-19 20:42:07,407 INFO     3300 12313 7.665393 69384.0
2025-05-19 20:42:08,916 INFO     3400 12313 7.587277 69384.0
2025-05-19 20:42:10,441 INFO     3500 12313 7.553632 69384.0
2025-05-19 20:42:11,937 INFO     3600 12313 7.593185 68950.4
2025-05-19 20:42:13,477 INFO     3700 12313 7.614432 69384.0
2025-05-19 20:42:14,999 INFO     3800 12313 7.529773 69384.0
2025-05-19 20:42:16,510 INFO     3900 12313 7.514406 69384.0
2025-05-19 20:42:18,028 INFO     4000 12313 7.568128 69384.0
2025-05-19 20:42:19,553 INFO     4100 12313 7.553600 69384.0
2025-05-19 20:42:21,089 INFO     4200 12313 7.502928 69384.0
2025-05-19 20:42:22,618 INFO     4300 12313 7.480130 69384.0
2025-05-19 20:42:24,141 INFO     4400 12313 7.548821 69384.0
2025-05-19 20:42:25,638 INFO     4500 12313 7.559429 69384.0
2025-05-19 20:42:27,123 INFO     4600 12313 7.559680 69384.0
2025-05-19 20:42:28,614 INFO     4700 12313 7.526487 69210.5
2025-05-19 20:42:30,125 INFO     4800 12313 7.502001 69384.0
2025-05-19 20:42:31,645 INFO     4900 12313 7.420893 69384.0
2025-05-19 20:42:33,131 INFO     5000 12313 7.458592 69384.0
2025-05-19 20:42:34,652 INFO     5100 12313 7.405425 69384.0
2025-05-19 20:42:36,154 INFO     5200 12313 7.476159 69384.0
2025-05-19 20:42:37,693 INFO     5300 12313 7.441727 69123.8
2025-05-19 20:42:39,192 INFO     5400 12313 7.440864 69384.0
2025-05-19 20:42:40,696 INFO     5500 12313 7.464573 69384.0
2025-05-19 20:42:42,219 INFO     5600 12313 7.517696 69384.0
2025-05-19 20:42:43,742 INFO     5700 12313 7.362460 69384.0
2025-05-19 20:42:45,258 INFO     5800 12313 7.379384 69384.0
2025-05-19 20:42:46,745 INFO     5900 12313 7.528870 69384.0
2025-05-19 20:42:48,260 INFO     6000 12313 7.399060 69384.0
2025-05-19 20:42:49,768 INFO     6100 12313 7.368234 69384.0
2025-05-19 20:42:51,287 INFO     6200 12313 7.416622 69384.0
2025-05-19 20:42:52,808 INFO     6300 12313 7.445009 69384.0
2025-05-19 20:42:54,321 INFO     6400 12313 7.377458 69384.0
2025-05-19 20:42:55,819 INFO     6500 12313 7.380045 69384.0
2025-05-19 20:42:57,303 INFO     6600 12313 7.514457 69384.0
2025-05-19 20:42:58,820 INFO     6700 12313 7.408885 69384.0
2025-05-19 20:43:00,320 INFO     6800 12313 7.367249 69384.0
2025-05-19 20:43:01,820 INFO     6900 12313 7.459501 69210.5
2025-05-19 20:43:03,338 INFO     7000 12313 7.384151 69384.0
2025-05-19 20:43:04,855 INFO     7100 12313 7.376476 69384.0
2025-05-19 20:43:06,362 INFO     7200 12313 7.428427 69384.0
2025-05-19 20:43:07,868 INFO     7300 12313 7.393266 69384.0
2025-05-19 20:43:09,403 INFO     7400 12313 7.408872 69384.0
2025-05-19 20:43:10,925 INFO     7500 12313 7.342929 69384.0
2025-05-19 20:43:12,446 INFO     7600 12313 7.366523 69384.0
2025-05-19 20:43:13,970 INFO     7700 12313 7.411482 69384.0
2025-05-19 20:43:15,466 INFO     7800 12313 7.456173 69384.0
2025-05-19 20:43:17,000 INFO     7900 12313 7.342869 69384.0
2025-05-19 20:43:18,499 INFO     8000 12313 7.409813 69384.0
2025-05-19 20:43:20,023 INFO     8100 12313 7.310402 69384.0
2025-05-19 20:43:21,538 INFO     8200 12313 7.346962 68776.9
2025-05-19 20:43:23,053 INFO     8300 12313 7.417575 69384.0
2025-05-19 20:43:24,565 INFO     8400 12313 7.385512 69384.0
2025-05-19 20:43:26,076 INFO     8500 12313 7.350436 68776.9
2025-05-19 20:43:27,569 INFO     8600 12313 7.384626 69384.0
2025-05-19 20:43:29,081 INFO     8700 12313 7.388006 69384.0
2025-05-19 20:43:30,577 INFO     8800 12313 7.417976 69384.0
2025-05-19 20:43:32,088 INFO     8900 12313 7.264999 69384.0
2025-05-19 20:43:33,589 INFO     9000 12313 7.314765 69384.0
2025-05-19 20:43:35,099 INFO     9100 12313 7.330142 69037.1
2025-05-19 20:43:36,566 INFO     9200 12313 7.358825 69384.0
2025-05-19 20:43:38,079 INFO     9300 12313 7.371693 69384.0
2025-05-19 20:43:39,567 INFO     9400 12313 7.355182 69123.8
2025-05-19 20:43:41,076 INFO     9500 12313 7.419154 69384.0
2025-05-19 20:43:42,580 INFO     9600 12313 7.352356 69384.0
2025-05-19 20:43:44,074 INFO     9700 12313 7.368140 69384.0
2025-05-19 20:43:45,614 INFO     9800 12313 7.237710 69384.0
2025-05-19 20:43:47,109 INFO     9900 12313 7.378391 69384.0
2025-05-19 20:43:48,623 INFO     10000 12313 7.279369 69384.0
2025-05-19 20:43:48,623 INFO     >>>>> Predictor: Evaluating on valid
2025-05-19 20:43:54,715 INFO     Data : 3823
2025-05-19 20:43:54,716 INFO     Hit1 : 0.029035
2025-05-19 20:43:54,716 INFO     Hit3 : 0.060685
2025-05-19 20:43:54,716 INFO     Hit10: 0.110908
2025-05-19 20:43:54,716 INFO     MR   : 1190.519226
2025-05-19 20:43:54,716 INFO     MRR  : 0.057747
2025-05-19 20:43:54,716 INFO     >>>>> Predictor: Evaluating on test
2025-05-19 20:44:01,645 INFO     Data : 4402
2025-05-19 20:44:01,645 INFO     Hit1 : 0.038846
2025-05-19 20:44:01,645 INFO     Hit3 : 0.065652
2025-05-19 20:44:01,645 INFO     Hit10: 0.109950
2025-05-19 20:44:01,645 INFO     MR   : 1197.553044
2025-05-19 20:44:01,645 INFO     MRR  : 0.064073
2025-05-19 20:44:01,646 INFO     >>>>> Predictor: Computing H scores of rules
2025-05-19 20:44:16,673 INFO     1000 12313
2025-05-19 20:44:31,686 INFO     2000 12313
2025-05-19 20:44:46,834 INFO     3000 12313
2025-05-19 20:45:01,975 INFO     4000 12313
2025-05-19 20:45:17,045 INFO     5000 12313
2025-05-19 20:45:32,097 INFO     6000 12313
2025-05-19 20:45:47,087 INFO     7000 12313
2025-05-19 20:46:02,173 INFO     8000 12313
2025-05-19 20:46:17,233 INFO     9000 12313
2025-05-19 20:46:32,231 INFO     10000 12313
2025-05-19 20:46:47,306 INFO     11000 12313
2025-05-19 20:47:02,333 INFO     12000 12313
2025-05-19 20:47:07,035 INFO     >>>>> Generator: Training
2025-05-19 20:47:07,416 INFO     -------------------------
2025-05-19 20:47:07,416 INFO     | Post-train Generator
2025-05-19 20:47:07,416 INFO     -------------------------
2025-05-19 20:47:07,416 INFO     >>>>> Generator: Training
2025-05-19 20:47:11,223 INFO     [E1000] Total: 1.532446 | Main: 1.567264 | Aux: 0.862057
2025-05-19 20:47:11,224 INFO     -------------------------
2025-05-19 20:47:11,224 INFO     | Beam Search Best Rules
2025-05-19 20:47:11,224 INFO     -------------------------
2025-05-19 20:47:11,224 INFO     >>>>> Generator: Rule generation with beam search
2025-05-19 20:47:11,398 INFO     >>>>> Generator: Rule generation with beam search
2025-05-19 20:47:11,817 INFO     >>>>> Generator: Rule generation with beam search
2025-05-19 20:47:12,828 INFO     >>>>> Generator: Rule generation with beam search
2025-05-19 20:47:13,762 INFO     >>>>> Generator: Rule generation with beam search
2025-05-19 20:47:14,960 INFO     -------------------------
2025-05-19 20:47:14,960 INFO     | Train Final Predictor+
2025-05-19 20:47:14,960 INFO     -------------------------
2025-05-19 20:47:15,037 INFO     Predictor+: read 3220 rules from list.
2025-05-19 20:47:15,044 INFO     Preprocess training set
2025-05-19 20:47:15,045 INFO     -------------------------
2025-05-19 20:47:15,045 INFO     | Iteration: 1/1
2025-05-19 20:47:15,045 INFO     -------------------------
2025-05-19 20:47:15,045 INFO     >>>>> Predictor: Training
2025-05-19 20:47:21,404 INFO     100 12313 5.537694 69384.0
2025-05-19 20:47:27,669 INFO     200 12313 4.856469 69384.0
2025-05-19 20:47:33,967 INFO     300 12313 4.644739 69384.0
2025-05-19 20:47:40,235 INFO     400 12313 4.718146 69384.0
2025-05-19 20:47:46,512 INFO     500 12313 4.626872 69384.0
2025-05-19 20:47:52,805 INFO     600 12313 4.491152 69384.0
2025-05-19 20:47:59,072 INFO     700 12313 4.555997 69384.0
2025-05-19 20:48:05,357 INFO     800 12313 4.570652 69384.0
2025-05-19 20:48:11,657 INFO     900 12313 4.609506 69384.0
2025-05-19 20:48:17,953 INFO     1000 12313 4.573163 69384.0
2025-05-19 20:48:24,243 INFO     1100 12313 4.518177 69384.0
2025-05-19 20:48:30,574 INFO     1200 12313 4.553312 69384.0
2025-05-19 20:48:36,913 INFO     1300 12313 4.560087 69384.0
2025-05-19 20:48:43,206 INFO     1400 12313 4.572545 69384.0
2025-05-19 20:48:49,582 INFO     1500 12313 4.482419 69384.0
2025-05-19 20:48:55,973 INFO     1600 12313 4.562034 69384.0
2025-05-19 20:49:02,363 INFO     1700 12313 4.523093 69384.0
2025-05-19 20:49:08,697 INFO     1800 12313 4.621964 69384.0
2025-05-19 20:49:15,050 INFO     1900 12313 4.555595 69384.0
2025-05-19 20:49:21,414 INFO     2000 12313 4.545982 69384.0
2025-05-19 20:49:27,812 INFO     2100 12313 4.513633 69384.0
2025-05-19 20:49:34,171 INFO     2200 12313 4.570098 68863.6
2025-05-19 20:49:40,568 INFO     2300 12313 4.534735 69384.0
2025-05-19 20:49:46,981 INFO     2400 12313 4.471588 69210.5
2025-05-19 20:49:53,347 INFO     2500 12313 4.620087 69384.0
2025-05-19 20:49:59,750 INFO     2600 12313 4.624456 69384.0
2025-05-19 20:50:06,111 INFO     2700 12313 4.496134 68776.9
2025-05-19 20:50:12,474 INFO     2800 12313 4.465278 69384.0
2025-05-19 20:50:18,792 INFO     2900 12313 4.553010 69384.0
2025-05-19 20:50:25,172 INFO     3000 12313 4.411837 69384.0
2025-05-19 20:50:31,523 INFO     3100 12313 4.487299 69384.0
2025-05-19 20:50:37,902 INFO     3200 12313 4.498110 69384.0
2025-05-19 20:50:44,269 INFO     3300 12313 4.484297 68776.9
2025-05-19 20:50:50,609 INFO     3400 12313 4.481962 69384.0
2025-05-19 20:50:56,987 INFO     3500 12313 4.576838 69384.0
2025-05-19 20:51:03,411 INFO     3600 12313 4.524669 69384.0
2025-05-19 20:51:09,835 INFO     3700 12313 4.456022 69384.0
2025-05-19 20:51:16,309 INFO     3800 12313 4.470779 69384.0
2025-05-19 20:51:22,725 INFO     3900 12313 4.534462 69384.0
2025-05-19 20:51:29,096 INFO     4000 12313 4.480421 69384.0
2025-05-19 20:51:35,496 INFO     4100 12313 4.543358 69384.0
2025-05-19 20:51:41,889 INFO     4200 12313 4.542178 69384.0
2025-05-19 20:51:48,281 INFO     4300 12313 4.483273 69384.0
2025-05-19 20:51:54,670 INFO     4400 12313 4.497906 69384.0
2025-05-19 20:52:01,062 INFO     4500 12313 4.582041 69384.0
2025-05-19 20:52:07,433 INFO     4600 12313 4.459842 69384.0
2025-05-19 20:52:13,818 INFO     4700 12313 4.458334 69384.0
2025-05-19 20:52:20,197 INFO     4800 12313 4.502176 69384.0
2025-05-19 20:52:26,602 INFO     4900 12313 4.533001 69384.0
2025-05-19 20:52:32,984 INFO     5000 12313 4.453335 69384.0
2025-05-19 20:52:39,344 INFO     5100 12313 4.553624 69384.0
2025-05-19 20:52:45,744 INFO     5200 12313 4.552898 69384.0
2025-05-19 20:52:52,148 INFO     5300 12313 4.510488 69384.0
2025-05-19 20:52:58,578 INFO     5400 12313 4.532983 69384.0
2025-05-19 20:53:04,992 INFO     5500 12313 4.491954 68950.4
2025-05-19 20:53:11,410 INFO     5600 12313 4.532805 69384.0
2025-05-19 20:53:17,823 INFO     5700 12313 4.526406 69384.0
2025-05-19 20:53:24,275 INFO     5800 12313 4.497048 69384.0
2025-05-19 20:53:30,652 INFO     5900 12313 4.501734 69210.5
2025-05-19 20:53:36,987 INFO     6000 12313 4.529438 69384.0
2025-05-19 20:53:43,383 INFO     6100 12313 4.521420 69384.0
2025-05-19 20:53:49,776 INFO     6200 12313 4.573300 69210.5
2025-05-19 20:53:56,155 INFO     6300 12313 4.431492 69384.0
2025-05-19 20:54:02,553 INFO     6400 12313 4.440517 69384.0
2025-05-19 20:54:08,970 INFO     6500 12313 4.500806 69384.0
2025-05-19 20:54:15,355 INFO     6600 12313 4.554622 69384.0
2025-05-19 20:54:21,771 INFO     6700 12313 4.492781 69384.0
2025-05-19 20:54:28,161 INFO     6800 12313 4.426277 69384.0
2025-05-19 20:54:34,599 INFO     6900 12313 4.517251 69384.0
2025-05-19 20:54:41,009 INFO     7000 12313 4.450136 69384.0
2025-05-19 20:54:47,412 INFO     7100 12313 4.465083 69384.0
2025-05-19 20:54:53,770 INFO     7200 12313 4.494584 69384.0
2025-05-19 20:55:00,191 INFO     7300 12313 4.528534 69123.8
2025-05-19 20:55:06,583 INFO     7400 12313 4.545309 69384.0
2025-05-19 20:55:13,013 INFO     7500 12313 4.487382 69384.0
2025-05-19 20:55:19,366 INFO     7600 12313 4.523509 69123.8
2025-05-19 20:55:25,765 INFO     7700 12313 4.494459 69384.0
2025-05-19 20:55:32,141 INFO     7800 12313 4.496489 69384.0
2025-05-19 20:55:38,556 INFO     7900 12313 4.448051 69384.0
2025-05-19 20:55:44,950 INFO     8000 12313 4.532143 69384.0
2025-05-19 20:55:51,366 INFO     8100 12313 4.443091 69384.0
2025-05-19 20:55:57,778 INFO     8200 12313 4.451283 69384.0
2025-05-19 20:56:04,163 INFO     8300 12313 4.520513 69384.0
2025-05-19 20:56:10,542 INFO     8400 12313 4.498947 69384.0
2025-05-19 20:56:16,934 INFO     8500 12313 4.510829 69384.0
2025-05-19 20:56:23,282 INFO     8600 12313 4.398077 69384.0
2025-05-19 20:56:29,616 INFO     8700 12313 4.353701 69384.0
2025-05-19 20:56:36,020 INFO     8800 12313 4.580688 69384.0
2025-05-19 20:56:42,409 INFO     8900 12313 4.509957 69384.0
2025-05-19 20:56:48,803 INFO     9000 12313 4.503950 69384.0
2025-05-19 20:56:55,184 INFO     9100 12313 4.476279 69210.5
2025-05-19 20:57:01,567 INFO     9200 12313 4.544722 69384.0
2025-05-19 20:57:07,945 INFO     9300 12313 4.471324 69384.0
2025-05-19 20:57:14,343 INFO     9400 12313 4.444420 68950.4
2025-05-19 20:57:20,714 INFO     9500 12313 4.391188 69384.0
2025-05-19 20:57:27,084 INFO     9600 12313 4.438953 68776.9
2025-05-19 20:57:33,495 INFO     9700 12313 4.527762 69384.0
2025-05-19 20:57:39,876 INFO     9800 12313 4.497828 69037.1
2025-05-19 20:57:46,206 INFO     9900 12313 4.535269 69384.0
2025-05-19 20:57:52,622 INFO     10000 12313 4.462808 69384.0
2025-05-19 20:57:52,623 INFO     >>>>> Predictor: Evaluating on valid
2025-05-19 20:58:18,771 INFO     Data : 3823
2025-05-19 20:58:18,771 INFO     Hit1 : 0.069840
2025-05-19 20:58:18,771 INFO     Hit3 : 0.143343
2025-05-19 20:58:18,771 INFO     Hit10: 0.266021
2025-05-19 20:58:18,771 INFO     MR   : 763.001569
2025-05-19 20:58:18,771 INFO     MRR  : 0.133590
2025-05-19 20:58:18,772 INFO     >>>>> Predictor: Evaluating on test
2025-05-19 20:58:48,937 INFO     Data : 4402
2025-05-19 20:58:48,937 INFO     Hit1 : 0.100636
2025-05-19 20:58:48,937 INFO     Hit3 : 0.174012
2025-05-19 20:58:48,937 INFO     Hit10: 0.285779
2025-05-19 20:58:48,937 INFO     MR   : 775.809064
2025-05-19 20:58:48,937 INFO     MRR  : 0.160978
2025-05-19 20:58:48,937 INFO     Save checkpoint to results/semmeddb/multitask/md/warmup/predictor.pt
2025-05-19 20:58:48,941 INFO     -------------------------
2025-05-19 20:58:48,941 INFO     | Final Test MRR: 0.160978
2025-05-19 20:58:48,941 INFO     -------------------------
entity size:  8673
relation size:  20
Data loading | DONE!
mode:  warmup
