2025-05-27 23:27:11,804 INFO     -------------------------
2025-05-27 23:27:11,804 INFO     | Pre-train Generator
2025-05-27 23:27:11,804 INFO     -------------------------
2025-05-27 23:27:11,938 INFO     >>>>> Generator: Training
2025-05-27 23:27:17,627 INFO     [E1000] Total: 1.617420 | Main: 1.659378 | Aux: 0.804619
2025-05-27 23:27:22,274 INFO     [E2000] Total: 1.532864 | Main: 1.572216 | Aux: 0.785175
2025-05-27 23:27:26,911 INFO     [E3000] Total: 1.521687 | Main: 1.560621 | Aux: 0.781944
2025-05-27 23:27:31,541 INFO     [E4000] Total: 1.513883 | Main: 1.552492 | Aux: 0.780318
2025-05-27 23:27:36,203 INFO     [E5000] Total: 1.510859 | Main: 1.549371 | Aux: 0.779125
2025-05-27 23:27:40,852 INFO     [E6000] Total: 1.508784 | Main: 1.547207 | Aux: 0.778742
2025-05-27 23:27:45,503 INFO     [E7000] Total: 1.508063 | Main: 1.546457 | Aux: 0.778594
2025-05-27 23:27:50,060 INFO     [E8000] Total: 1.506976 | Main: 1.545356 | Aux: 0.777765
2025-05-27 23:27:54,639 INFO     [E9000] Total: 1.506246 | Main: 1.544602 | Aux: 0.777486
2025-05-27 23:27:59,157 INFO     [E10000] Total: 1.500847 | Main: 1.538929 | Aux: 0.777281
2025-05-27 23:27:59,157 INFO     -------------------------
2025-05-27 23:27:59,158 INFO     | EM Iteration: 1/5
2025-05-27 23:27:59,158 INFO     -------------------------
2025-05-27 23:27:59,158 INFO     >>>>> Generator: Rule generation with sampling
2025-05-27 23:27:59,281 INFO     Predictor: read 1285 rules from list.
2025-05-27 23:27:59,282 INFO     Preprocess training set
2025-05-27 23:27:59,282 INFO     >>>>> Predictor: Training
2025-05-27 23:28:39,760 INFO     1000 12313 8.238938 69358.0
2025-05-27 23:29:19,947 INFO     2000 12313 7.803261 69332.0
2025-05-27 23:30:00,145 INFO     3000 12313 7.574694 69384.0
2025-05-27 23:30:40,427 INFO     4000 12313 7.455345 69279.9
2025-05-27 23:31:20,454 INFO     5000 12313 7.344178 69332.0
2025-05-27 23:32:00,542 INFO     6000 12313 7.264094 69384.0
2025-05-27 23:32:41,114 INFO     7000 12313 7.180106 69297.3
2025-05-27 23:33:21,588 INFO     8000 12313 7.164955 69323.3
2025-05-27 23:34:02,594 INFO     9000 12313 7.095301 69358.0
2025-05-27 23:34:42,697 INFO     10000 12313 7.084911 69332.0
2025-05-27 23:35:22,933 INFO     11000 12313 7.049002 69366.7
2025-05-27 23:36:02,950 INFO     12000 12313 7.025964 69279.9
2025-05-27 23:36:15,459 INFO     >>>>> Predictor: Evaluating on valid
2025-05-27 23:36:30,083 INFO     Data : 3823
2025-05-27 23:36:30,083 INFO     Hit1 : 0.024588
2025-05-27 23:36:30,083 INFO     Hit3 : 0.053100
2025-05-27 23:36:30,083 INFO     Hit10: 0.097567
2025-05-27 23:36:30,083 INFO     MR   : 1192.006409
2025-05-27 23:36:30,083 INFO     MRR  : 0.050707
2025-05-27 23:36:30,083 INFO     >>>>> Predictor: Evaluating on test
2025-05-27 23:36:47,242 INFO     Data : 4402
2025-05-27 23:36:47,242 INFO     Hit1 : 0.030441
2025-05-27 23:36:47,242 INFO     Hit3 : 0.060427
2025-05-27 23:36:47,242 INFO     Hit10: 0.095411
2025-05-27 23:36:47,242 INFO     MR   : 1180.873353
2025-05-27 23:36:47,242 INFO     MRR  : 0.055807
2025-05-27 23:36:47,242 INFO     >>>>> Predictor: Computing H scores of rules
2025-05-27 23:37:29,059 INFO     1000 12313
2025-05-27 23:38:10,477 INFO     2000 12313
2025-05-27 23:38:51,736 INFO     3000 12313
2025-05-27 23:39:33,503 INFO     4000 12313
2025-05-27 23:40:16,621 INFO     5000 12313
2025-05-27 23:41:00,079 INFO     6000 12313
2025-05-27 23:41:43,311 INFO     7000 12313
2025-05-27 23:42:25,690 INFO     8000 12313
2025-05-27 23:43:08,829 INFO     9000 12313
2025-05-27 23:43:49,886 INFO     10000 12313
2025-05-27 23:44:30,976 INFO     11000 12313
2025-05-27 23:45:12,498 INFO     12000 12313
2025-05-27 23:45:25,573 INFO     >>>>> Generator: Training
2025-05-27 23:45:26,044 INFO     -------------------------
2025-05-27 23:45:26,045 INFO     | EM Iteration: 2/5
2025-05-27 23:45:26,045 INFO     -------------------------
2025-05-27 23:45:26,045 INFO     >>>>> Generator: Rule generation with sampling
2025-05-27 23:45:26,095 INFO     Predictor: read 1353 rules from list.
2025-05-27 23:45:26,096 INFO     Preprocess training set
2025-05-27 23:45:26,096 INFO     >>>>> Predictor: Training
2025-05-27 23:46:08,435 INFO     1000 12313 8.252302 69366.7
2025-05-27 23:46:49,465 INFO     2000 12313 7.769004 69279.9
2025-05-27 23:47:32,072 INFO     3000 12313 7.601499 69253.9
2025-05-27 23:48:15,054 INFO     4000 12313 7.449665 69340.6
2025-05-27 23:48:57,173 INFO     5000 12313 7.372762 69366.7
2025-05-27 23:49:40,496 INFO     6000 12313 7.285788 69358.0
2025-05-27 23:50:23,446 INFO     7000 12313 7.245780 69366.7
2025-05-27 23:51:05,794 INFO     8000 12313 7.226210 69384.0
2025-05-27 23:51:48,110 INFO     9000 12313 7.183650 69262.6
2025-05-27 23:52:30,955 INFO     10000 12313 7.162621 69323.3
2025-05-27 23:53:14,296 INFO     11000 12313 7.130328 69366.7
2025-05-27 23:53:57,219 INFO     12000 12313 7.115176 69332.0
2025-05-27 23:54:10,728 INFO     >>>>> Predictor: Evaluating on valid
2025-05-27 23:54:25,931 INFO     Data : 3823
2025-05-27 23:54:25,931 INFO     Hit1 : 0.029558
2025-05-27 23:54:25,931 INFO     Hit3 : 0.060685
2025-05-27 23:54:25,931 INFO     Hit10: 0.120586
2025-05-27 23:54:25,931 INFO     MR   : 1152.674732
2025-05-27 23:54:25,931 INFO     MRR  : 0.060154
2025-05-27 23:54:25,931 INFO     >>>>> Predictor: Evaluating on test
2025-05-27 23:54:43,161 INFO     Data : 4402
2025-05-27 23:54:43,161 INFO     Hit1 : 0.037483
2025-05-27 23:54:43,161 INFO     Hit3 : 0.069287
2025-05-27 23:54:43,161 INFO     Hit10: 0.118355
2025-05-27 23:54:43,161 INFO     MR   : 1143.975693
2025-05-27 23:54:43,161 INFO     MRR  : 0.066893
2025-05-27 23:54:43,161 INFO     >>>>> Predictor: Computing H scores of rules
2025-05-27 23:55:28,008 INFO     1000 12313
2025-05-27 23:56:12,340 INFO     2000 12313
2025-05-27 23:56:58,125 INFO     3000 12313
2025-05-27 23:57:43,106 INFO     4000 12313
2025-05-27 23:58:27,475 INFO     5000 12313
2025-05-27 23:59:12,826 INFO     6000 12313
2025-05-27 23:59:57,177 INFO     7000 12313
2025-05-28 00:00:42,345 INFO     8000 12313
2025-05-28 00:01:26,665 INFO     9000 12313
2025-05-28 00:02:12,142 INFO     10000 12313
2025-05-28 00:02:57,674 INFO     11000 12313
2025-05-28 00:03:42,069 INFO     12000 12313
2025-05-28 00:03:56,644 INFO     >>>>> Generator: Training
2025-05-28 00:03:57,160 INFO     -------------------------
2025-05-28 00:03:57,161 INFO     | EM Iteration: 3/5
2025-05-28 00:03:57,161 INFO     -------------------------
2025-05-28 00:03:57,161 INFO     >>>>> Generator: Rule generation with sampling
2025-05-28 00:03:57,211 INFO     Predictor: read 1427 rules from list.
2025-05-28 00:03:57,212 INFO     Preprocess training set
2025-05-28 00:03:57,212 INFO     >>>>> Predictor: Training
2025-05-28 00:04:41,068 INFO     1000 12313 8.201174 69384.0
2025-05-28 00:05:24,469 INFO     2000 12313 7.712306 69384.0
2025-05-28 00:06:08,399 INFO     3000 12313 7.445164 69253.9
2025-05-28 00:06:51,644 INFO     4000 12313 7.303026 69323.3
2025-05-28 00:07:35,601 INFO     5000 12313 7.182322 69384.0
2025-05-28 00:08:19,108 INFO     6000 12313 7.052640 69323.3
2025-05-28 00:09:01,960 INFO     7000 12313 6.971296 69366.7
2025-05-28 00:09:45,260 INFO     8000 12313 6.908615 69332.0
2025-05-28 00:10:28,946 INFO     9000 12313 6.798375 69384.0
2025-05-28 00:11:11,664 INFO     10000 12313 6.799878 69227.9
2025-05-28 00:11:54,878 INFO     11000 12313 6.740798 69340.6
2025-05-28 00:12:37,905 INFO     12000 12313 6.708119 69297.3
2025-05-28 00:12:51,345 INFO     >>>>> Predictor: Evaluating on valid
2025-05-28 00:13:07,878 INFO     Data : 3823
2025-05-28 00:13:07,878 INFO     Hit1 : 0.027727
2025-05-28 00:13:07,878 INFO     Hit3 : 0.057546
2025-05-28 00:13:07,878 INFO     Hit10: 0.112739
2025-05-28 00:13:07,878 INFO     MR   : 1153.806173
2025-05-28 00:13:07,878 INFO     MRR  : 0.057443
2025-05-28 00:13:07,878 INFO     >>>>> Predictor: Evaluating on test
2025-05-28 00:13:27,007 INFO     Data : 4402
2025-05-28 00:13:27,008 INFO     Hit1 : 0.034075
2025-05-28 00:13:27,008 INFO     Hit3 : 0.064516
2025-05-28 00:13:27,008 INFO     Hit10: 0.117219
2025-05-28 00:13:27,008 INFO     MR   : 1135.531804
2025-05-28 00:13:27,008 INFO     MRR  : 0.063086
2025-05-28 00:13:27,008 INFO     >>>>> Predictor: Computing H scores of rules
2025-05-28 00:14:11,854 INFO     1000 12313
2025-05-28 00:14:56,362 INFO     2000 12313
2025-05-28 00:15:43,051 INFO     3000 12313
2025-05-28 00:16:29,518 INFO     4000 12313
2025-05-28 00:17:15,219 INFO     5000 12313
2025-05-28 00:18:02,233 INFO     6000 12313
2025-05-28 00:18:48,365 INFO     7000 12313
2025-05-28 00:19:35,307 INFO     8000 12313
2025-05-28 00:20:21,197 INFO     9000 12313
2025-05-28 00:21:07,131 INFO     10000 12313
2025-05-28 00:21:52,413 INFO     11000 12313
2025-05-28 00:22:36,878 INFO     12000 12313
2025-05-28 00:22:51,150 INFO     >>>>> Generator: Training
2025-05-28 00:22:51,609 INFO     -------------------------
2025-05-28 00:22:51,609 INFO     | EM Iteration: 4/5
2025-05-28 00:22:51,609 INFO     -------------------------
2025-05-28 00:22:51,609 INFO     >>>>> Generator: Rule generation with sampling
2025-05-28 00:22:51,659 INFO     Predictor: read 1470 rules from list.
2025-05-28 00:22:51,659 INFO     Preprocess training set
2025-05-28 00:22:51,660 INFO     >>>>> Predictor: Training
2025-05-28 00:23:36,480 INFO     1000 12313 8.242554 69314.6
2025-05-28 00:24:22,537 INFO     2000 12313 7.769763 69279.9
2025-05-28 00:25:07,453 INFO     3000 12313 7.529354 69366.7
2025-05-28 00:25:51,275 INFO     4000 12313 7.425877 69366.7
2025-05-28 00:26:35,164 INFO     5000 12313 7.330275 69288.6
2025-05-28 00:27:19,097 INFO     6000 12313 7.247803 69340.6
2025-05-28 00:28:02,782 INFO     7000 12313 7.151682 69384.0
2025-05-28 00:28:46,255 INFO     8000 12313 7.087818 69340.6
2025-05-28 00:29:30,295 INFO     9000 12313 7.105296 69384.0
2025-05-28 00:30:13,452 INFO     10000 12313 7.041019 69288.6
2025-05-28 00:30:56,351 INFO     11000 12313 7.036576 69262.6
2025-05-28 00:31:39,661 INFO     12000 12313 7.006419 69384.0
2025-05-28 00:31:53,695 INFO     >>>>> Predictor: Evaluating on valid
2025-05-28 00:32:11,766 INFO     Data : 3823
2025-05-28 00:32:11,766 INFO     Hit1 : 0.033482
2025-05-28 00:32:11,766 INFO     Hit3 : 0.073502
2025-05-28 00:32:11,766 INFO     Hit10: 0.140989
2025-05-28 00:32:11,766 INFO     MR   : 1091.429244
2025-05-28 00:32:11,766 INFO     MRR  : 0.070025
2025-05-28 00:32:11,766 INFO     >>>>> Predictor: Evaluating on test
2025-05-28 00:32:32,412 INFO     Data : 4402
2025-05-28 00:32:32,413 INFO     Hit1 : 0.045434
2025-05-28 00:32:32,413 INFO     Hit3 : 0.085870
2025-05-28 00:32:32,413 INFO     Hit10: 0.146751
2025-05-28 00:32:32,413 INFO     MR   : 1087.598024
2025-05-28 00:32:32,413 INFO     MRR  : 0.080513
2025-05-28 00:32:32,413 INFO     >>>>> Predictor: Computing H scores of rules
2025-05-28 00:33:17,444 INFO     1000 12313
2025-05-28 00:34:02,299 INFO     2000 12313
2025-05-28 00:34:46,700 INFO     3000 12313
2025-05-28 00:35:31,715 INFO     4000 12313
2025-05-28 00:36:17,765 INFO     5000 12313
2025-05-28 00:37:03,066 INFO     6000 12313
2025-05-28 00:37:49,345 INFO     7000 12313
2025-05-28 00:38:34,972 INFO     8000 12313
2025-05-28 00:39:20,053 INFO     9000 12313
2025-05-28 00:40:05,554 INFO     10000 12313
2025-05-28 00:40:50,990 INFO     11000 12313
2025-05-28 00:41:37,264 INFO     12000 12313
2025-05-28 00:41:51,278 INFO     >>>>> Generator: Training
2025-05-28 00:41:51,720 INFO     -------------------------
2025-05-28 00:41:51,720 INFO     | EM Iteration: 5/5
2025-05-28 00:41:51,720 INFO     -------------------------
2025-05-28 00:41:51,720 INFO     >>>>> Generator: Rule generation with sampling
2025-05-28 00:41:51,768 INFO     Predictor: read 1542 rules from list.
2025-05-28 00:41:51,768 INFO     Preprocess training set
2025-05-28 00:41:51,769 INFO     >>>>> Predictor: Training
2025-05-28 00:42:35,550 INFO     1000 12313 8.247231 69340.6
2025-05-28 00:43:19,481 INFO     2000 12313 7.799147 69288.6
2025-05-28 00:44:03,745 INFO     3000 12313 7.586817 69366.7
2025-05-28 00:44:47,841 INFO     4000 12313 7.474832 69305.9
2025-05-28 00:45:32,102 INFO     5000 12313 7.355342 69323.3
2025-05-28 00:46:18,010 INFO     6000 12313 7.303644 69384.0
2025-05-28 00:47:02,016 INFO     7000 12313 7.252070 69279.9
2025-05-28 00:47:46,924 INFO     8000 12313 7.177051 69384.0
2025-05-28 00:48:32,677 INFO     9000 12313 7.182637 69366.7
2025-05-28 00:49:18,188 INFO     10000 12313 7.134472 69297.3
2025-05-28 00:50:02,895 INFO     11000 12313 7.099112 69279.9
2025-05-28 00:50:48,424 INFO     12000 12313 7.102585 69384.0
2025-05-28 00:51:02,826 INFO     >>>>> Predictor: Evaluating on valid
2025-05-28 00:51:22,144 INFO     Data : 3823
2025-05-28 00:51:22,144 INFO     Hit1 : 0.028773
2025-05-28 00:51:22,144 INFO     Hit3 : 0.053623
2025-05-28 00:51:22,144 INFO     Hit10: 0.104630
2025-05-28 00:51:22,144 INFO     MR   : 1184.780931
2025-05-28 00:51:22,144 INFO     MRR  : 0.055487
2025-05-28 00:51:22,145 INFO     >>>>> Predictor: Evaluating on test
2025-05-28 00:51:44,429 INFO     Data : 4402
2025-05-28 00:51:44,429 INFO     Hit1 : 0.034303
2025-05-28 00:51:44,429 INFO     Hit3 : 0.060427
2025-05-28 00:51:44,429 INFO     Hit10: 0.109950
2025-05-28 00:51:44,429 INFO     MR   : 1164.042367
2025-05-28 00:51:44,429 INFO     MRR  : 0.061418
2025-05-28 00:51:44,429 INFO     >>>>> Predictor: Computing H scores of rules
2025-05-28 00:52:32,793 INFO     1000 12313
2025-05-28 00:53:19,643 INFO     2000 12313
2025-05-28 00:54:07,455 INFO     3000 12313
2025-05-28 00:54:54,246 INFO     4000 12313
2025-05-28 00:55:41,561 INFO     5000 12313
2025-05-28 00:56:29,530 INFO     6000 12313
2025-05-28 00:57:17,748 INFO     7000 12313
2025-05-28 00:58:05,136 INFO     8000 12313
2025-05-28 00:58:53,043 INFO     9000 12313
2025-05-28 00:59:41,255 INFO     10000 12313
2025-05-28 01:00:28,852 INFO     11000 12313
2025-05-28 01:01:17,023 INFO     12000 12313
2025-05-28 01:01:31,967 INFO     >>>>> Generator: Training
2025-05-28 01:01:32,486 INFO     -------------------------
2025-05-28 01:01:32,486 INFO     | Post-train Generator
2025-05-28 01:01:32,486 INFO     -------------------------
2025-05-28 01:01:32,490 INFO     >>>>> Generator: Training
2025-05-28 01:01:37,181 INFO     [E1000] Total: 1.712339 | Main: 1.762266 | Aux: 0.752388
2025-05-28 01:01:37,182 INFO     -------------------------
2025-05-28 01:01:37,182 INFO     | Beam Search Best Rules
2025-05-28 01:01:37,182 INFO     -------------------------
2025-05-28 01:01:37,182 INFO     >>>>> Generator: Rule generation with beam search
2025-05-28 01:01:37,374 INFO     >>>>> Generator: Rule generation with beam search
2025-05-28 01:01:38,529 INFO     >>>>> Generator: Rule generation with beam search
2025-05-28 01:01:46,869 INFO     >>>>> Generator: Rule generation with beam search
2025-05-28 01:01:52,661 INFO     >>>>> Generator: Rule generation with beam search
2025-05-28 01:01:56,478 INFO     -------------------------
2025-05-28 01:01:56,478 INFO     | Train Final Predictor+
2025-05-28 01:01:56,478 INFO     -------------------------
2025-05-28 01:01:56,580 INFO     Predictor+: read 18420 rules from list.
2025-05-28 01:01:56,627 INFO     Preprocess training set
2025-05-28 01:01:56,628 INFO     -------------------------
2025-05-28 01:01:56,628 INFO     | Iteration: 1/5
2025-05-28 01:01:56,628 INFO     -------------------------
2025-05-28 01:01:56,628 INFO     >>>>> Predictor: Training
2025-05-28 01:08:27,745 INFO     1000 12313 4.702303 69314.6
2025-05-28 01:15:07,423 INFO     2000 12313 4.495596 69366.7
2025-05-28 01:21:45,970 INFO     3000 12313 4.451159 69279.9
2025-05-28 01:28:16,121 INFO     4000 12313 4.448610 69340.6
2025-05-28 01:34:58,134 INFO     5000 12313 4.486888 69236.6
2025-05-28 01:41:42,899 INFO     6000 12313 4.444020 69366.7
2025-05-28 01:48:24,610 INFO     7000 12313 4.426876 69323.3
2025-05-28 01:55:00,855 INFO     8000 12313 4.464785 69349.3
2025-05-28 02:01:31,551 INFO     9000 12313 4.429750 69384.0
2025-05-28 02:08:02,585 INFO     10000 12313 4.420198 69384.0
2025-05-28 02:14:42,180 INFO     11000 12313 4.444044 69288.6
2025-05-28 02:21:22,174 INFO     12000 12313 4.449693 69366.7
2025-05-28 02:23:26,285 INFO     >>>>> Predictor: Evaluating on valid
2025-05-28 02:26:18,629 INFO     Data : 3823
2025-05-28 02:26:18,629 INFO     Hit1 : 0.078211
2025-05-28 02:26:18,629 INFO     Hit3 : 0.157991
2025-05-28 02:26:18,629 INFO     Hit10: 0.287994
2025-05-28 02:26:18,629 INFO     MR   : 617.180225
2025-05-28 02:26:18,629 INFO     MRR  : 0.148069
2025-05-28 02:26:18,629 INFO     >>>>> Predictor: Evaluating on test
2025-05-28 02:29:41,123 INFO     Data : 4402
2025-05-28 02:29:41,123 INFO     Hit1 : 0.107678
2025-05-28 02:29:41,123 INFO     Hit3 : 0.192185
2025-05-28 02:29:41,123 INFO     Hit10: 0.321445
2025-05-28 02:29:41,123 INFO     MR   : 610.194911
2025-05-28 02:29:41,123 INFO     MRR  : 0.176792
2025-05-28 02:29:41,123 INFO     Save checkpoint to results/semmeddb/multitask/cluster_3/full/warmup/predictor.pt
2025-05-28 02:29:41,131 INFO     -------------------------
2025-05-28 02:29:41,131 INFO     | Iteration: 2/5
2025-05-28 02:29:41,131 INFO     -------------------------
2025-05-28 02:29:41,131 INFO     >>>>> Predictor: Training
2025-05-28 02:36:21,279 INFO     1000 12313 4.386581 69384.0
2025-05-28 02:42:54,609 INFO     2000 12313 4.383924 69384.0
2025-05-28 02:49:35,136 INFO     3000 12313 4.393001 69340.6
2025-05-28 02:56:12,021 INFO     4000 12313 4.398622 69305.9
2025-05-28 03:02:55,960 INFO     5000 12313 4.409245 69340.6
2025-05-28 03:09:33,814 INFO     6000 12313 4.411165 69297.3
2025-05-28 03:16:10,983 INFO     7000 12313 4.393614 69323.3
2025-05-28 03:22:48,258 INFO     8000 12313 4.419899 69366.7
2025-05-28 03:29:26,181 INFO     9000 12313 4.391824 69297.3
2025-05-28 03:36:06,585 INFO     10000 12313 4.406658 69366.7
2025-05-28 03:42:46,750 INFO     11000 12313 4.413687 69314.6
2025-05-28 03:49:26,463 INFO     12000 12313 4.427168 69279.9
2025-05-28 03:51:30,928 INFO     >>>>> Predictor: Evaluating on valid
2025-05-28 03:54:24,996 INFO     Data : 3823
2025-05-28 03:54:24,996 INFO     Hit1 : 0.076380
2025-05-28 03:54:24,996 INFO     Hit3 : 0.154067
2025-05-28 03:54:24,996 INFO     Hit10: 0.292964
2025-05-28 03:54:24,996 INFO     MR   : 599.485352
2025-05-28 03:54:24,997 INFO     MRR  : 0.145675
2025-05-28 03:54:24,997 INFO     >>>>> Predictor: Evaluating on test
2025-05-28 03:57:50,010 INFO     Data : 4402
2025-05-28 03:57:50,011 INFO     Hit1 : 0.109950
2025-05-28 03:57:50,011 INFO     Hit3 : 0.193548
2025-05-28 03:57:50,011 INFO     Hit10: 0.324398
2025-05-28 03:57:50,011 INFO     MR   : 586.951954
2025-05-28 03:57:50,011 INFO     MRR  : 0.179071
2025-05-28 03:57:50,011 INFO     -------------------------
2025-05-28 03:57:50,011 INFO     | Iteration: 3/5
2025-05-28 03:57:50,011 INFO     -------------------------
2025-05-28 03:57:50,011 INFO     >>>>> Predictor: Training
2025-05-28 04:04:32,834 INFO     1000 12313 4.389825 69262.6
2025-05-28 04:11:18,835 INFO     2000 12313 4.369990 69384.0
2025-05-28 04:17:57,024 INFO     3000 12313 4.353208 69262.6
2025-05-28 04:24:44,480 INFO     4000 12313 4.395699 69323.3
2025-05-28 04:31:29,672 INFO     5000 12313 4.363854 69366.7
2025-05-28 04:38:14,169 INFO     6000 12313 4.386613 69323.3
2025-05-28 04:44:59,094 INFO     7000 12313 4.394314 69366.7
2025-05-28 04:51:43,511 INFO     8000 12313 4.401280 69384.0
2025-05-28 04:58:31,919 INFO     9000 12313 4.382751 69349.3
2025-05-28 05:05:09,651 INFO     10000 12313 4.406978 69314.6
2025-05-28 05:11:50,161 INFO     11000 12313 4.366991 69349.3
2025-05-28 05:18:28,034 INFO     12000 12313 4.401124 69314.6
2025-05-28 05:20:32,124 INFO     >>>>> Predictor: Evaluating on valid
2025-05-28 05:23:26,145 INFO     Data : 3823
2025-05-28 05:23:26,145 INFO     Hit1 : 0.076380
2025-05-28 05:23:26,145 INFO     Hit3 : 0.155114
2025-05-28 05:23:26,146 INFO     Hit10: 0.295579
2025-05-28 05:23:26,146 INFO     MR   : 605.835339
2025-05-28 05:23:26,146 INFO     MRR  : 0.147581
2025-05-28 05:23:26,146 INFO     >>>>> Predictor: Evaluating on test
2025-05-28 05:26:47,352 INFO     Data : 4402
2025-05-28 05:26:47,352 INFO     Hit1 : 0.104044
2025-05-28 05:26:47,352 INFO     Hit3 : 0.194003
2025-05-28 05:26:47,352 INFO     Hit10: 0.328260
2025-05-28 05:26:47,352 INFO     MR   : 588.433553
2025-05-28 05:26:47,352 INFO     MRR  : 0.176152
2025-05-28 05:26:47,352 INFO     -------------------------
2025-05-28 05:26:47,352 INFO     | Iteration: 4/5
2025-05-28 05:26:47,352 INFO     -------------------------
2025-05-28 05:26:47,352 INFO     >>>>> Predictor: Training
2025-05-28 05:33:24,643 INFO     1000 12313 4.338530 69384.0
2025-05-28 05:40:05,630 INFO     2000 12313 4.360767 69340.6
2025-05-28 05:46:47,973 INFO     3000 12313 4.367040 69384.0
2025-05-28 05:53:21,839 INFO     4000 12313 4.399184 69253.9
2025-05-28 05:59:53,575 INFO     5000 12313 4.386176 69262.6
2025-05-28 06:06:26,748 INFO     6000 12313 4.396724 69340.6
2025-05-28 06:12:58,739 INFO     7000 12313 4.375091 69314.6
2025-05-28 06:19:31,329 INFO     8000 12313 4.356342 69323.3
2025-05-28 06:26:03,153 INFO     9000 12313 4.386505 69366.7
2025-05-28 06:32:39,792 INFO     10000 12313 4.356831 69349.3
2025-05-28 06:39:23,582 INFO     11000 12313 4.372234 69366.7
2025-05-28 06:46:02,058 INFO     12000 12313 4.387302 69366.7
2025-05-28 06:48:04,741 INFO     >>>>> Predictor: Evaluating on valid
2025-05-28 06:50:56,577 INFO     Data : 3823
2025-05-28 06:50:56,577 INFO     Hit1 : 0.075072
2025-05-28 06:50:56,577 INFO     Hit3 : 0.157730
2025-05-28 06:50:56,577 INFO     Hit10: 0.296364
2025-05-28 06:50:56,577 INFO     MR   : 596.760136
2025-05-28 06:50:56,578 INFO     MRR  : 0.145888
2025-05-28 06:50:56,578 INFO     >>>>> Predictor: Evaluating on test
2025-05-28 06:54:14,784 INFO     Data : 4402
2025-05-28 06:54:14,784 INFO     Hit1 : 0.106997
2025-05-28 06:54:14,784 INFO     Hit3 : 0.198773
2025-05-28 06:54:14,784 INFO     Hit10: 0.324852
2025-05-28 06:54:14,784 INFO     MR   : 576.824171
2025-05-28 06:54:14,784 INFO     MRR  : 0.179528
2025-05-28 06:54:14,785 INFO     -------------------------
2025-05-28 06:54:14,785 INFO     | Iteration: 5/5
2025-05-28 06:54:14,785 INFO     -------------------------
2025-05-28 06:54:14,785 INFO     >>>>> Predictor: Training
2025-05-28 07:00:47,057 INFO     1000 12313 4.337545 69323.3
2025-05-28 07:07:24,066 INFO     2000 12313 4.364240 69384.0
2025-05-28 07:13:54,872 INFO     3000 12313 4.361283 69245.2
2025-05-28 07:20:26,474 INFO     4000 12313 4.340588 69384.0
2025-05-28 07:27:05,573 INFO     5000 12313 4.387767 69366.7
2025-05-28 07:33:49,981 INFO     6000 12313 4.364173 69323.3
2025-05-28 07:40:30,397 INFO     7000 12313 4.380703 69384.0
2025-05-28 07:47:03,750 INFO     8000 12313 4.392288 69297.3
2025-05-28 07:53:36,001 INFO     9000 12313 4.367113 69384.0
2025-05-28 08:00:13,032 INFO     10000 12313 4.367788 69271.3
2025-05-28 08:06:49,196 INFO     11000 12313 4.367242 69340.6
2025-05-28 08:13:24,682 INFO     12000 12313 4.348429 69297.3
2025-05-28 08:15:28,809 INFO     >>>>> Predictor: Evaluating on valid
2025-05-28 08:18:22,091 INFO     Data : 3823
2025-05-28 08:18:22,091 INFO     Hit1 : 0.078211
2025-05-28 08:18:22,091 INFO     Hit3 : 0.162176
2025-05-28 08:18:22,091 INFO     Hit10: 0.292179
2025-05-28 08:18:22,091 INFO     MR   : 583.714230
2025-05-28 08:18:22,091 INFO     MRR  : 0.148397
2025-05-28 08:18:22,091 INFO     >>>>> Predictor: Evaluating on test
2025-05-28 08:21:41,658 INFO     Data : 4402
2025-05-28 08:21:41,658 INFO     Hit1 : 0.104725
2025-05-28 08:21:41,658 INFO     Hit3 : 0.193776
2025-05-28 08:21:41,658 INFO     Hit10: 0.314630
2025-05-28 08:21:41,658 INFO     MR   : 568.682303
2025-05-28 08:21:41,658 INFO     MRR  : 0.175410
2025-05-28 08:21:41,659 INFO     Save checkpoint to results/semmeddb/multitask/cluster_3/full/warmup/predictor.pt
2025-05-28 08:21:41,666 INFO     -------------------------
2025-05-28 08:21:41,666 INFO     | Final Test MRR: 0.175410
2025-05-28 08:21:41,666 INFO     -------------------------
entity size:  8673
relation size:  20
Data loading | DONE!
mode:  warmup
cluster size: 3
