2025-06-10 13:15:52,374 INFO     Data loading | DONE!
2025-06-10 13:15:52,534 INFO     Using full datasets for training, validation, and testing.
2025-06-10 13:15:52,534 INFO     -------------------------
2025-06-10 13:15:52,534 INFO     | Pre-train Generator
2025-06-10 13:15:52,534 INFO     -------------------------
2025-06-10 13:15:52,651 INFO     >>>>> Generator: Training
2025-06-10 13:16:12,317 INFO     [E1000] Total: 1.641578 | Main: 1.662791 | Aux: 0.624204
2025-06-10 13:16:31,326 INFO     [E2000] Total: 1.570510 | Main: 1.570510 | Aux: 0.649996
2025-06-10 13:16:50,121 INFO     [E3000] Total: 1.561187 | Main: 1.561187 | Aux: 0.671856
2025-06-10 13:17:09,015 INFO     [E4000] Total: 1.553043 | Main: 1.553043 | Aux: 0.691442
2025-06-10 13:17:27,909 INFO     [E5000] Total: 1.549542 | Main: 1.549542 | Aux: 0.709627
2025-06-10 13:17:46,835 INFO     [E6000] Total: 1.547922 | Main: 1.547922 | Aux: 0.735252
2025-06-10 13:18:05,722 INFO     [E7000] Total: 1.547783 | Main: 1.547783 | Aux: 0.755578
2025-06-10 13:18:24,510 INFO     [E8000] Total: 1.545974 | Main: 1.545974 | Aux: 0.777320
2025-06-10 13:18:43,399 INFO     [E9000] Total: 1.545448 | Main: 1.545448 | Aux: 0.797808
2025-06-10 13:19:00,446 INFO     [E10000] Total: 1.539025 | Main: 1.539025 | Aux: 0.813584
2025-06-10 13:19:00,446 INFO     -------------------------
2025-06-10 13:19:00,446 INFO     | EM Iteration: 1/5
2025-06-10 13:19:00,446 INFO     -------------------------
2025-06-10 13:19:00,446 INFO     >>>>> Generator: Rule generation with sampling
2025-06-10 13:19:00,755 INFO     Predictor: read 1259 rules from list.
2025-06-10 13:19:00,756 INFO     Preprocess training set
2025-06-10 13:19:00,756 INFO     >>>>> Predictor: Training
2025-06-10 13:22:10,838 INFO     1000 12313 8.242913 69358.0
2025-06-10 13:25:24,550 INFO     2000 12313 7.806354 69332.0
2025-06-10 13:28:35,922 INFO     3000 12313 7.579239 69384.0
2025-06-10 13:31:48,639 INFO     4000 12313 7.462448 69279.9
2025-06-10 13:35:00,705 INFO     5000 12313 7.349976 69332.0
2025-06-10 13:38:12,329 INFO     6000 12313 7.274612 69384.0
2025-06-10 13:41:24,711 INFO     7000 12313 7.188122 69297.3
2025-06-10 13:42:50,935 INFO     8000 12313 7.172752 69323.3
2025-06-10 13:43:38,133 INFO     9000 12313 7.101922 69358.0
2025-06-10 13:44:24,301 INFO     10000 12313 7.090545 69332.0
2025-06-10 13:45:10,500 INFO     11000 12313 7.053041 69366.7
2025-06-10 13:45:56,727 INFO     12000 12313 7.035612 69279.9
2025-06-10 13:46:11,234 INFO     >>>>> Predictor: Evaluating on valid
2025-06-10 13:46:27,628 INFO     Data : 3823
2025-06-10 13:46:27,628 INFO     Hit1 : 0.025111
2025-06-10 13:46:27,628 INFO     Hit3 : 0.048653
2025-06-10 13:46:27,628 INFO     Hit10: 0.096783
2025-06-10 13:46:27,628 INFO     MR   : 1186.572979
2025-06-10 13:46:27,628 INFO     MRR  : 0.050044
2025-06-10 13:46:27,628 INFO     >>>>> Predictor: Evaluating on test
2025-06-10 13:46:46,219 INFO     Data : 4402
2025-06-10 13:46:46,219 INFO     Hit1 : 0.028851
2025-06-10 13:46:46,219 INFO     Hit3 : 0.058383
2025-06-10 13:46:46,219 INFO     Hit10: 0.097229
2025-06-10 13:46:46,219 INFO     MR   : 1176.255679
2025-06-10 13:46:46,219 INFO     MRR  : 0.054499
2025-06-10 13:46:46,219 INFO     >>>>> Predictor: Computing H scores of rules
2025-06-10 13:47:37,254 INFO     1000 12313
2025-06-10 13:48:28,305 INFO     2000 12313
2025-06-10 13:49:18,762 INFO     3000 12313
2025-06-10 13:50:09,837 INFO     4000 12313
2025-06-10 13:51:00,570 INFO     5000 12313
2025-06-10 13:51:51,371 INFO     6000 12313
2025-06-10 13:52:42,428 INFO     7000 12313
2025-06-10 13:53:33,465 INFO     8000 12313
2025-06-10 13:54:25,001 INFO     9000 12313
2025-06-10 13:55:15,238 INFO     10000 12313
2025-06-10 13:56:05,762 INFO     11000 12313
2025-06-10 13:56:57,177 INFO     12000 12313
2025-06-10 13:57:13,656 INFO     >>>>> Generator: Training
2025-06-10 13:57:14,186 INFO     -------------------------
2025-06-10 13:57:14,187 INFO     | EM Iteration: 2/5
2025-06-10 13:57:14,187 INFO     -------------------------
2025-06-10 13:57:14,187 INFO     >>>>> Generator: Rule generation with sampling
2025-06-10 13:57:14,249 INFO     Predictor: read 1336 rules from list.
2025-06-10 13:57:14,249 INFO     Preprocess training set
2025-06-10 13:57:14,249 INFO     >>>>> Predictor: Training
2025-06-10 13:58:03,249 INFO     1000 12313 8.248624 69366.7
2025-06-10 13:58:52,307 INFO     2000 12313 7.770022 69279.9
2025-06-10 13:59:41,803 INFO     3000 12313 7.602949 69253.9
2025-06-10 14:00:32,407 INFO     4000 12313 7.451564 69340.6
2025-06-10 14:01:22,121 INFO     5000 12313 7.374189 69366.7
2025-06-10 14:02:11,401 INFO     6000 12313 7.290056 69358.0
2025-06-10 14:03:00,646 INFO     7000 12313 7.250293 69366.7
2025-06-10 14:03:50,819 INFO     8000 12313 7.228551 69384.0
2025-06-10 14:04:40,826 INFO     9000 12313 7.188427 69262.6
2025-06-10 14:05:30,735 INFO     10000 12313 7.166173 69323.3
2025-06-10 14:06:20,874 INFO     11000 12313 7.131888 69366.7
2025-06-10 14:07:10,451 INFO     12000 12313 7.122418 69332.0
2025-06-10 14:07:26,222 INFO     >>>>> Predictor: Evaluating on valid
2025-06-10 14:07:43,391 INFO     Data : 3823
2025-06-10 14:07:43,391 INFO     Hit1 : 0.031389
2025-06-10 14:07:43,391 INFO     Hit3 : 0.059377
2025-06-10 14:07:43,391 INFO     Hit10: 0.118232
2025-06-10 14:07:43,391 INFO     MR   : 1146.383599
2025-06-10 14:07:43,391 INFO     MRR  : 0.060632
2025-06-10 14:07:43,391 INFO     >>>>> Predictor: Evaluating on test
2025-06-10 14:08:03,211 INFO     Data : 4402
2025-06-10 14:08:03,211 INFO     Hit1 : 0.038392
2025-06-10 14:08:03,211 INFO     Hit3 : 0.066106
2025-06-10 14:08:03,211 INFO     Hit10: 0.120400
2025-06-10 14:08:03,211 INFO     MR   : 1136.232849
2025-06-10 14:08:03,211 INFO     MRR  : 0.066599
2025-06-10 14:08:03,212 INFO     >>>>> Predictor: Computing H scores of rules
2025-06-10 14:08:58,623 INFO     1000 12313
2025-06-10 14:09:54,179 INFO     2000 12313
2025-06-10 14:10:49,479 INFO     3000 12313
2025-06-10 14:11:44,095 INFO     4000 12313
2025-06-10 14:12:38,656 INFO     5000 12313
2025-06-10 14:13:33,910 INFO     6000 12313
2025-06-10 14:14:27,827 INFO     7000 12313
2025-06-10 14:15:21,988 INFO     8000 12313
2025-06-10 14:16:15,922 INFO     9000 12313
2025-06-10 14:17:09,690 INFO     10000 12313
2025-06-10 14:18:03,594 INFO     11000 12313
2025-06-10 14:18:56,818 INFO     12000 12313
2025-06-10 14:19:13,814 INFO     >>>>> Generator: Training
2025-06-10 14:19:14,359 INFO     -------------------------
2025-06-10 14:19:14,359 INFO     | EM Iteration: 3/5
2025-06-10 14:19:14,359 INFO     -------------------------
2025-06-10 14:19:14,359 INFO     >>>>> Generator: Rule generation with sampling
2025-06-10 14:19:14,421 INFO     Predictor: read 1404 rules from list.
2025-06-10 14:19:14,421 INFO     Preprocess training set
2025-06-10 14:19:14,422 INFO     >>>>> Predictor: Training
2025-06-10 14:20:03,870 INFO     1000 12313 8.194962 69384.0
2025-06-10 14:20:54,037 INFO     2000 12313 7.702834 69384.0
2025-06-10 14:21:43,937 INFO     3000 12313 7.434752 69253.9
2025-06-10 14:22:33,893 INFO     4000 12313 7.290560 69323.3
2025-06-10 14:23:24,053 INFO     5000 12313 7.169229 69384.0
2025-06-10 14:24:14,793 INFO     6000 12313 7.043718 69323.3
2025-06-10 14:25:05,420 INFO     7000 12313 6.962086 69366.7
2025-06-10 14:25:55,477 INFO     8000 12313 6.897906 69332.0
2025-06-10 14:26:45,623 INFO     9000 12313 6.787290 69384.0
2025-06-10 14:27:35,344 INFO     10000 12313 6.790682 69227.9
2025-06-10 14:28:26,037 INFO     11000 12313 6.733407 69340.6
2025-06-10 14:29:16,851 INFO     12000 12313 6.699766 69297.3
2025-06-10 14:29:32,598 INFO     >>>>> Predictor: Evaluating on valid
2025-06-10 14:29:51,633 INFO     Data : 3823
2025-06-10 14:29:51,633 INFO     Hit1 : 0.027988
2025-06-10 14:29:51,633 INFO     Hit3 : 0.062255
2025-06-10 14:29:51,633 INFO     Hit10: 0.118232
2025-06-10 14:29:51,633 INFO     MR   : 1146.543814
2025-06-10 14:29:51,633 INFO     MRR  : 0.060201
2025-06-10 14:29:51,633 INFO     >>>>> Predictor: Evaluating on test
2025-06-10 14:30:13,500 INFO     Data : 4402
2025-06-10 14:30:13,500 INFO     Hit1 : 0.035666
2025-06-10 14:30:13,500 INFO     Hit3 : 0.066106
2025-06-10 14:30:13,500 INFO     Hit10: 0.123353
2025-06-10 14:30:13,500 INFO     MR   : 1125.940595
2025-06-10 14:30:13,500 INFO     MRR  : 0.066162
2025-06-10 14:30:13,500 INFO     >>>>> Predictor: Computing H scores of rules
2025-06-10 14:31:09,538 INFO     1000 12313
2025-06-10 14:32:04,905 INFO     2000 12313
2025-06-10 14:33:01,509 INFO     3000 12313
2025-06-10 14:33:57,504 INFO     4000 12313
2025-06-10 14:34:53,361 INFO     5000 12313
2025-06-10 14:35:49,744 INFO     6000 12313
2025-06-10 14:36:46,220 INFO     7000 12313
2025-06-10 14:37:43,327 INFO     8000 12313
2025-06-10 14:38:38,013 INFO     9000 12313
2025-06-10 14:39:32,251 INFO     10000 12313
2025-06-10 14:40:27,557 INFO     11000 12313
2025-06-10 14:41:23,570 INFO     12000 12313
2025-06-10 14:41:41,187 INFO     >>>>> Generator: Training
2025-06-10 14:41:41,744 INFO     -------------------------
2025-06-10 14:41:41,744 INFO     | EM Iteration: 4/5
2025-06-10 14:41:41,744 INFO     -------------------------
2025-06-10 14:41:41,744 INFO     >>>>> Generator: Rule generation with sampling
2025-06-10 14:41:41,808 INFO     Predictor: read 1459 rules from list.
2025-06-10 14:41:41,808 INFO     Preprocess training set
2025-06-10 14:41:41,808 INFO     >>>>> Predictor: Training
2025-06-10 14:42:33,470 INFO     1000 12313 8.240451 69314.6
2025-06-10 14:43:25,007 INFO     2000 12313 7.768004 69279.9
2025-06-10 14:44:16,156 INFO     3000 12313 7.531020 69366.7
2025-06-10 14:45:06,759 INFO     4000 12313 7.427846 69366.7
2025-06-10 14:45:58,069 INFO     5000 12313 7.332574 69288.6
2025-06-10 14:46:49,217 INFO     6000 12313 7.253018 69340.6
2025-06-10 14:47:40,341 INFO     7000 12313 7.154899 69384.0
2025-06-10 14:48:31,907 INFO     8000 12313 7.095124 69340.6
2025-06-10 14:49:22,631 INFO     9000 12313 7.107475 69384.0
2025-06-10 14:50:13,451 INFO     10000 12313 7.044039 69288.6
2025-06-10 14:51:03,952 INFO     11000 12313 7.035571 69262.6
2025-06-10 14:51:55,423 INFO     12000 12313 7.010452 69384.0
2025-06-10 14:52:11,410 INFO     >>>>> Predictor: Evaluating on valid
2025-06-10 14:52:32,175 INFO     Data : 3823
2025-06-10 14:52:32,175 INFO     Hit1 : 0.036097
2025-06-10 14:52:32,176 INFO     Hit3 : 0.075072
2025-06-10 14:52:32,176 INFO     Hit10: 0.140727
2025-06-10 14:52:32,176 INFO     MR   : 1100.503531
2025-06-10 14:52:32,176 INFO     MRR  : 0.072019
2025-06-10 14:52:32,176 INFO     >>>>> Predictor: Evaluating on test
2025-06-10 14:52:56,098 INFO     Data : 4402
2025-06-10 14:52:56,098 INFO     Hit1 : 0.047706
2025-06-10 14:52:56,098 INFO     Hit3 : 0.086779
2025-06-10 14:52:56,098 INFO     Hit10: 0.148796
2025-06-10 14:52:56,098 INFO     MR   : 1096.963539
2025-06-10 14:52:56,098 INFO     MRR  : 0.082377
2025-06-10 14:52:56,098 INFO     >>>>> Predictor: Computing H scores of rules
2025-06-10 14:53:51,654 INFO     1000 12313
2025-06-10 14:54:47,265 INFO     2000 12313
2025-06-10 14:55:42,756 INFO     3000 12313
2025-06-10 14:56:38,191 INFO     4000 12313
2025-06-10 14:57:33,806 INFO     5000 12313
2025-06-10 14:58:29,568 INFO     6000 12313
2025-06-10 14:59:25,351 INFO     7000 12313
2025-06-10 15:00:20,759 INFO     8000 12313
2025-06-10 15:01:16,005 INFO     9000 12313
2025-06-10 15:02:11,171 INFO     10000 12313
2025-06-10 15:03:07,472 INFO     11000 12313
2025-06-10 15:04:04,145 INFO     12000 12313
2025-06-10 15:04:21,752 INFO     >>>>> Generator: Training
2025-06-10 15:04:22,323 INFO     -------------------------
2025-06-10 15:04:22,323 INFO     | EM Iteration: 5/5
2025-06-10 15:04:22,323 INFO     -------------------------
2025-06-10 15:04:22,323 INFO     >>>>> Generator: Rule generation with sampling
2025-06-10 15:04:22,386 INFO     Predictor: read 1526 rules from list.
2025-06-10 15:04:22,386 INFO     Preprocess training set
2025-06-10 15:04:22,387 INFO     >>>>> Predictor: Training
2025-06-10 15:05:14,596 INFO     1000 12313 8.243018 69340.6
2025-06-10 15:06:06,938 INFO     2000 12313 7.800881 69288.6
2025-06-10 15:06:59,215 INFO     3000 12313 7.596084 69366.7
2025-06-10 15:07:51,122 INFO     4000 12313 7.483807 69305.9
2025-06-10 15:08:42,969 INFO     5000 12313 7.369388 69323.3
2025-06-10 15:09:34,633 INFO     6000 12313 7.323097 69384.0
2025-06-10 15:10:25,918 INFO     7000 12313 7.275264 69279.9
2025-06-10 15:11:17,403 INFO     8000 12313 7.198753 69384.0
2025-06-10 15:12:09,280 INFO     9000 12313 7.205613 69366.7
2025-06-10 15:13:00,843 INFO     10000 12313 7.162844 69297.3
2025-06-10 15:13:53,151 INFO     11000 12313 7.132277 69279.9
2025-06-10 15:14:46,138 INFO     12000 12313 7.135456 69384.0
2025-06-10 15:15:02,838 INFO     >>>>> Predictor: Evaluating on valid
2025-06-10 15:15:24,186 INFO     Data : 3823
2025-06-10 15:15:24,186 INFO     Hit1 : 0.027727
2025-06-10 15:15:24,186 INFO     Hit3 : 0.052838
2025-06-10 15:15:24,186 INFO     Hit10: 0.104107
2025-06-10 15:15:24,186 INFO     MR   : 1193.182187
2025-06-10 15:15:24,186 INFO     MRR  : 0.054110
2025-06-10 15:15:24,186 INFO     >>>>> Predictor: Evaluating on test
2025-06-10 15:15:48,716 INFO     Data : 4402
2025-06-10 15:15:48,716 INFO     Hit1 : 0.032940
2025-06-10 15:15:48,716 INFO     Hit3 : 0.059746
2025-06-10 15:15:48,716 INFO     Hit10: 0.104044
2025-06-10 15:15:48,716 INFO     MR   : 1170.210473
2025-06-10 15:15:48,716 INFO     MRR  : 0.059237
2025-06-10 15:15:48,717 INFO     >>>>> Predictor: Computing H scores of rules
2025-06-10 15:16:47,822 INFO     1000 12313
2025-06-10 15:17:46,453 INFO     2000 12313
2025-06-10 15:18:45,264 INFO     3000 12313
2025-06-10 15:19:43,773 INFO     4000 12313
2025-06-10 15:20:43,125 INFO     5000 12313
2025-06-10 15:21:42,057 INFO     6000 12313
2025-06-10 15:22:39,730 INFO     7000 12313
2025-06-10 15:23:38,419 INFO     8000 12313
2025-06-10 15:24:37,120 INFO     9000 12313
2025-06-10 15:25:35,164 INFO     10000 12313
2025-06-10 15:26:31,518 INFO     11000 12313
2025-06-10 15:27:28,469 INFO     12000 12313
2025-06-10 15:27:46,151 INFO     >>>>> Generator: Training
2025-06-10 15:27:46,728 INFO     -------------------------
2025-06-10 15:27:46,728 INFO     | Post-train Generator
2025-06-10 15:27:46,728 INFO     -------------------------
2025-06-10 15:27:46,731 INFO     >>>>> Generator: Training
2025-06-10 15:27:52,662 INFO     [E1000] Total: 1.741136 | Main: 1.752756 | Aux: 0.665527
2025-06-10 15:27:52,663 INFO     -------------------------
2025-06-10 15:27:52,663 INFO     | Beam Search Best Rules
2025-06-10 15:27:52,663 INFO     -------------------------
2025-06-10 15:27:52,663 INFO     >>>>> Generator: Rule generation with beam search
2025-06-10 15:27:52,887 INFO     >>>>> Generator: Rule generation with beam search
2025-06-10 15:27:54,202 INFO     >>>>> Generator: Rule generation with beam search
2025-06-10 15:28:04,732 INFO     >>>>> Generator: Rule generation with beam search
2025-06-10 15:28:11,918 INFO     >>>>> Generator: Rule generation with beam search
2025-06-10 15:28:16,740 INFO     -------------------------
2025-06-10 15:28:16,740 INFO     | Train Final Predictor+
2025-06-10 15:28:16,740 INFO     -------------------------
2025-06-10 15:28:16,841 INFO     Predictor+: read 18420 rules from list.
2025-06-10 15:28:16,888 INFO     Preprocess training set
2025-06-10 15:28:16,889 INFO     -------------------------
2025-06-10 15:28:16,889 INFO     | Iteration: 1/5
2025-06-10 15:28:16,890 INFO     -------------------------
2025-06-10 15:28:16,890 INFO     >>>>> Predictor: Training
2025-06-10 15:36:04,463 INFO     1000 12313 4.680862 69314.6
2025-06-10 15:43:50,744 INFO     2000 12313 4.496528 69366.7
2025-06-10 15:51:34,290 INFO     3000 12313 4.449325 69279.9
2025-06-10 15:59:15,806 INFO     4000 12313 4.445240 69340.6
2025-06-10 16:06:52,082 INFO     5000 12313 4.481945 69236.6
2025-06-10 16:14:27,893 INFO     6000 12313 4.443248 69366.7
2025-06-10 16:22:04,817 INFO     7000 12313 4.425740 69323.3
2025-06-10 16:29:46,914 INFO     8000 12313 4.463476 69349.3
2025-06-10 16:37:29,999 INFO     9000 12313 4.425110 69384.0
2025-06-10 16:45:13,360 INFO     10000 12313 4.416203 69384.0
2025-06-10 16:52:56,326 INFO     11000 12313 4.442241 69288.6
2025-06-10 17:00:39,589 INFO     12000 12313 4.446330 69366.7
2025-06-10 17:03:04,518 INFO     >>>>> Predictor: Evaluating on valid
2025-06-10 17:06:28,104 INFO     Data : 3823
2025-06-10 17:06:28,104 INFO     Hit1 : 0.074026
2025-06-10 17:06:28,104 INFO     Hit3 : 0.157730
2025-06-10 17:06:28,104 INFO     Hit10: 0.294533
2025-06-10 17:06:28,104 INFO     MR   : 616.406879
2025-06-10 17:06:28,104 INFO     MRR  : 0.146126
2025-06-10 17:06:28,104 INFO     >>>>> Predictor: Evaluating on test
2025-06-10 17:10:23,577 INFO     Data : 4402
2025-06-10 17:10:23,577 INFO     Hit1 : 0.107224
2025-06-10 17:10:23,577 INFO     Hit3 : 0.195139
2025-06-10 17:10:23,577 INFO     Hit10: 0.329396
2025-06-10 17:10:23,577 INFO     MR   : 600.363812
2025-06-10 17:10:23,577 INFO     MRR  : 0.178284
2025-06-10 17:10:23,578 INFO     Save checkpoint to results/semmeddb/multitask/matrix_encode_relation/cluster_3/random_init/schedule/predictor.pt
2025-06-10 17:10:23,584 INFO     -------------------------
2025-06-10 17:10:23,584 INFO     | Iteration: 2/5
2025-06-10 17:10:23,584 INFO     -------------------------
2025-06-10 17:10:23,584 INFO     >>>>> Predictor: Training
2025-06-10 17:18:05,746 INFO     1000 12313 4.385900 69384.0
2025-06-10 17:25:43,446 INFO     2000 12313 4.379112 69384.0
2025-06-10 17:34:21,629 INFO     3000 12313 4.390414 69340.6
2025-06-10 17:43:01,078 INFO     4000 12313 4.396988 69305.9
2025-06-10 17:50:54,090 INFO     5000 12313 4.404742 69340.6
2025-06-10 17:59:01,877 INFO     6000 12313 4.410020 69297.3
2025-06-10 18:06:40,418 INFO     7000 12313 4.392589 69323.3
2025-06-10 18:15:07,911 INFO     8000 12313 4.415445 69366.7
2025-06-10 18:23:38,353 INFO     9000 12313 4.390631 69297.3
2025-06-10 18:33:05,109 INFO     10000 12313 4.406842 69366.7
2025-06-10 18:42:00,802 INFO     11000 12313 4.409582 69314.6
2025-06-10 18:49:45,585 INFO     12000 12313 4.421249 69279.9
2025-06-10 18:52:29,410 INFO     >>>>> Predictor: Evaluating on valid
2025-06-10 18:56:05,863 INFO     Data : 3823
2025-06-10 18:56:05,863 INFO     Hit1 : 0.078734
2025-06-10 18:56:05,863 INFO     Hit3 : 0.155637
2025-06-10 18:56:05,863 INFO     Hit10: 0.298195
2025-06-10 18:56:05,863 INFO     MR   : 599.868820
2025-06-10 18:56:05,863 INFO     MRR  : 0.148911
2025-06-10 18:56:05,863 INFO     >>>>> Predictor: Evaluating on test
2025-06-10 19:00:01,625 INFO     Data : 4402
2025-06-10 19:00:01,625 INFO     Hit1 : 0.110859
2025-06-10 19:00:01,625 INFO     Hit3 : 0.194457
2025-06-10 19:00:01,626 INFO     Hit10: 0.328941
2025-06-10 19:00:01,626 INFO     MR   : 576.670604
2025-06-10 19:00:01,626 INFO     MRR  : 0.181432
2025-06-10 19:00:01,626 INFO     Save checkpoint to results/semmeddb/multitask/matrix_encode_relation/cluster_3/random_init/schedule/predictor.pt
2025-06-10 19:00:01,634 INFO     -------------------------
2025-06-10 19:00:01,634 INFO     | Iteration: 3/5
2025-06-10 19:00:01,634 INFO     -------------------------
2025-06-10 19:00:01,634 INFO     >>>>> Predictor: Training
2025-06-10 19:08:29,786 INFO     1000 12313 4.386408 69262.6
2025-06-10 19:16:36,133 INFO     2000 12313 4.369377 69384.0
2025-06-10 19:25:29,776 INFO     3000 12313 4.350273 69262.6
2025-06-10 19:33:13,423 INFO     4000 12313 4.394828 69323.3
2025-06-10 19:41:06,025 INFO     5000 12313 4.363355 69366.7
2025-06-10 19:48:50,915 INFO     6000 12313 4.384475 69323.3
2025-06-10 19:56:35,839 INFO     7000 12313 4.390620 69366.7
entity size:  8673
relation size:  20
Traceback (most recent call last):
  File "/home/emma/emma/bilab_archive/polly/RNNLogic/src/run_rnnlogic.py", line 211, in <module>
    main(parse_args())
  File "/home/emma/emma/bilab_archive/polly/RNNLogic/src/run_rnnlogic.py", line 193, in main
    solver_p.train(**cfg.predictorplus.train)
  File "/home/emma/emma/bilab_archive/polly/RNNLogic/src/trainer.py", line 87, in train
    logits, mask = model(all_h, all_r, edges_to_remove)
  File "/home/emma/polly_env_py39/lib/python3.9/site-packages/torch/nn/modules/module.py", line 1736, in _wrapped_call_impl
    return self._call_impl(*args, **kwargs)
  File "/home/emma/polly_env_py39/lib/python3.9/site-packages/torch/nn/modules/module.py", line 1747, in _call_impl
    return forward_call(*args, **kwargs)
  File "/home/emma/emma/bilab_archive/polly/RNNLogic/src/predictors.py", line 226, in forward
    count = self.graph.grounding(all_h, r_head, r_body, edges_to_remove).float()
  File "/home/emma/emma/bilab_archive/polly/RNNLogic/src/data.py", line 162, in grounding
    x = self.propagate(x, r_body, None)
KeyboardInterrupt
