2025-06-29 23:49:21,922 INFO     Data loading | DONE!
2025-06-29 23:49:22,023 INFO     Using full datasets for training, validation, and testing.
2025-06-29 23:49:22,133 INFO     -------------------------
2025-06-29 23:49:22,134 INFO     | EM Iteration: 1/5
2025-06-29 23:49:22,134 INFO     -------------------------
2025-06-29 23:49:22,134 INFO     >>>>> Using miner's rule
2025-06-29 23:49:22,206 INFO     Predictor: read 13661 rules from list.
2025-06-29 23:49:22,872 INFO     Preprocess training set
2025-06-29 23:49:22,872 INFO     >>>>> Predictor: Training
2025-06-29 23:58:52,116 INFO     1000 5959 8.299284 69314.6
2025-06-30 00:08:19,007 INFO     2000 5959 7.689227 69271.3
2025-06-30 00:17:25,694 INFO     3000 5959 7.425850 69245.2
2025-06-30 00:26:38,564 INFO     4000 5959 7.285955 69340.6
2025-06-30 00:35:53,738 INFO     5000 5959 7.136692 69340.6
2025-06-30 00:44:50,711 INFO     >>>>> Predictor: Evaluating on valid
2025-06-30 00:47:10,649 INFO     Data : 2077
2025-06-30 00:47:10,649 INFO     Hit1 : 0.065479
2025-06-30 00:47:10,649 INFO     Hit3 : 0.127106
2025-06-30 00:47:10,649 INFO     Hit10: 0.199326
2025-06-30 00:47:10,649 INFO     MR   : 1120.920077
2025-06-30 00:47:10,649 INFO     MRR  : 0.114382
2025-06-30 00:47:10,650 INFO     >>>>> Predictor: Evaluating on test
2025-06-30 00:49:42,756 INFO     Data : 2342
2025-06-30 00:49:42,756 INFO     Hit1 : 0.078992
2025-06-30 00:49:42,756 INFO     Hit3 : 0.124253
2025-06-30 00:49:42,756 INFO     Hit10: 0.208796
2025-06-30 00:49:42,756 INFO     MR   : 1044.279889
2025-06-30 00:49:42,756 INFO     MRR  : 0.122250
2025-06-30 00:49:42,757 INFO     >>>>> Predictor: Computing H scores of rules
2025-06-30 01:24:45,753 INFO     1000 5959
2025-06-30 01:59:21,070 INFO     2000 5959
2025-06-30 02:33:20,139 INFO     3000 5959
2025-06-30 03:07:24,943 INFO     4000 5959
