2025-05-18 17:31:38,846 INFO     -------------------------
2025-05-18 17:31:38,847 INFO     | Pre-train Generator
2025-05-18 17:31:38,847 INFO     -------------------------
2025-05-18 17:31:38,961 INFO     >>>>> Generator: Training
2025-05-18 17:31:43,764 INFO     [E1000] Total: 1.643058 | Main: 1.659845 | Aux: 1.022676
2025-05-18 17:31:47,753 INFO     [E2000] Total: 1.570275 | Main: 1.570275 | Aux: 1.059192
2025-05-18 17:31:51,747 INFO     [E3000] Total: 1.562104 | Main: 1.562104 | Aux: 1.085715
2025-05-18 17:31:55,738 INFO     [E4000] Total: 1.555851 | Main: 1.555851 | Aux: 1.105886
2025-05-18 17:31:59,741 INFO     [E5000] Total: 1.549458 | Main: 1.549458 | Aux: 1.122566
2025-05-18 17:32:03,790 INFO     [E6000] Total: 1.546494 | Main: 1.546494 | Aux: 1.141758
2025-05-18 17:32:07,782 INFO     [E7000] Total: 1.546280 | Main: 1.546280 | Aux: 1.162009
2025-05-18 17:32:11,789 INFO     [E8000] Total: 1.545598 | Main: 1.545598 | Aux: 1.184543
2025-05-18 17:32:15,797 INFO     [E9000] Total: 1.543191 | Main: 1.543191 | Aux: 1.201229
2025-05-18 17:32:19,795 INFO     [E10000] Total: 1.542369 | Main: 1.542369 | Aux: 1.210144
2025-05-18 17:32:19,796 INFO     -------------------------
2025-05-18 17:32:19,796 INFO     | EM Iteration: 1/1
2025-05-18 17:32:19,796 INFO     -------------------------
2025-05-18 17:32:19,796 INFO     >>>>> Generator: Rule generation with sampling
2025-05-18 17:32:19,891 INFO     Predictor: read 175 rules from list.
2025-05-18 17:32:19,892 INFO     Preprocess training set
2025-05-18 17:32:19,892 INFO     >>>>> Predictor: Training
2025-05-18 17:32:20,650 INFO     100 12313 8.994936 69123.8
2025-05-18 17:32:21,315 INFO     200 12313 8.848258 69384.0
2025-05-18 17:32:21,992 INFO     300 12313 8.734063 69384.0
2025-05-18 17:32:22,666 INFO     400 12313 8.622041 69384.0
2025-05-18 17:32:23,353 INFO     500 12313 8.557770 69384.0
2025-05-18 17:32:24,045 INFO     600 12313 8.409912 69384.0
2025-05-18 17:32:24,745 INFO     700 12313 8.406159 69384.0
2025-05-18 17:32:25,417 INFO     800 12313 8.319793 69384.0
2025-05-18 17:32:26,076 INFO     900 12313 8.306027 69384.0
2025-05-18 17:32:26,746 INFO     1000 12313 8.167428 69384.0
2025-05-18 17:32:26,746 INFO     >>>>> Predictor: Evaluating on valid
2025-05-18 17:32:29,703 INFO     Data : 3823
2025-05-18 17:32:29,703 INFO     Hit1 : 0.029296
2025-05-18 17:32:29,703 INFO     Hit3 : 0.061732
2025-05-18 17:32:29,703 INFO     Hit10: 0.124510
2025-05-18 17:32:29,703 INFO     MR   : 1173.573241
2025-05-18 17:32:29,703 INFO     MRR  : 0.062389
2025-05-18 17:32:29,703 INFO     >>>>> Predictor: Evaluating on test
2025-05-18 17:32:33,102 INFO     Data : 4402
2025-05-18 17:32:33,102 INFO     Hit1 : 0.039527
2025-05-18 17:32:33,102 INFO     Hit3 : 0.074057
2025-05-18 17:32:33,102 INFO     Hit10: 0.132667
2025-05-18 17:32:33,102 INFO     MR   : 1176.689687
2025-05-18 17:32:33,102 INFO     MRR  : 0.072268
2025-05-18 17:32:33,102 INFO     >>>>> Predictor: Computing H scores of rules
2025-05-18 17:32:39,204 INFO     1000 12313
2025-05-18 17:32:45,307 INFO     2000 12313
2025-05-18 17:32:51,423 INFO     3000 12313
2025-05-18 17:32:57,562 INFO     4000 12313
2025-05-18 17:33:03,738 INFO     5000 12313
2025-05-18 17:33:09,893 INFO     6000 12313
2025-05-18 17:33:16,061 INFO     7000 12313
2025-05-18 17:33:22,219 INFO     8000 12313
2025-05-18 17:33:28,324 INFO     9000 12313
2025-05-18 17:33:34,412 INFO     10000 12313
2025-05-18 17:33:40,521 INFO     11000 12313
2025-05-18 17:33:46,676 INFO     12000 12313
2025-05-18 17:33:48,614 INFO     >>>>> Generator: Training
2025-05-18 17:33:48,917 INFO     -------------------------
2025-05-18 17:33:48,917 INFO     | Post-train Generator
2025-05-18 17:33:48,917 INFO     -------------------------
2025-05-18 17:33:48,917 INFO     >>>>> Generator: Training
2025-05-18 17:33:51,872 INFO     [E1000] Total: -182.279966 | Main: -182.283973 | Aux: 1.341645
2025-05-18 17:33:51,872 INFO     -------------------------
2025-05-18 17:33:51,872 INFO     | Beam Search Best Rules
2025-05-18 17:33:51,872 INFO     -------------------------
2025-05-18 17:33:51,873 INFO     >>>>> Generator: Rule generation with beam search
2025-05-18 17:33:52,056 INFO     >>>>> Generator: Rule generation with beam search
2025-05-18 17:33:53,122 INFO     >>>>> Generator: Rule generation with beam search
2025-05-18 17:34:01,476 INFO     >>>>> Generator: Rule generation with beam search
2025-05-18 17:34:07,175 INFO     >>>>> Generator: Rule generation with beam search
2025-05-18 17:34:11,038 INFO     -------------------------
2025-05-18 17:34:11,039 INFO     | Train Final Predictor+
2025-05-18 17:34:11,039 INFO     -------------------------
2025-05-18 17:34:11,045 INFO     Predictor+: read 18420 rules from list.
2025-05-18 17:34:11,176 INFO     Preprocess training set
2025-05-18 17:34:11,177 INFO     -------------------------
2025-05-18 17:34:11,177 INFO     | Iteration: 1/1
2025-05-18 17:34:11,177 INFO     -------------------------
2025-05-18 17:34:11,177 INFO     >>>>> Predictor: Training
2025-05-18 17:34:42,725 INFO     100 12313 5.882747 69384.0
2025-05-18 17:35:14,232 INFO     200 12313 5.016866 69384.0
2025-05-18 17:35:45,815 INFO     300 12313 4.964927 69384.0
2025-05-18 17:36:17,365 INFO     400 12313 5.070532 69384.0
2025-05-18 17:36:49,052 INFO     500 12313 4.883498 69384.0
2025-05-18 17:37:20,446 INFO     600 12313 4.970816 69384.0
2025-05-18 17:37:51,045 INFO     700 12313 4.903281 69384.0
2025-05-18 17:38:21,637 INFO     800 12313 4.878871 69210.5
2025-05-18 17:38:52,325 INFO     900 12313 4.913730 69384.0
2025-05-18 17:39:22,718 INFO     1000 12313 5.023361 69384.0
2025-05-18 17:39:22,719 INFO     >>>>> Predictor: Evaluating on valid
2025-05-18 17:41:48,696 INFO     Data : 3823
2025-05-18 17:41:48,696 INFO     Hit1 : 0.047345
2025-05-18 17:41:48,697 INFO     Hit3 : 0.104891
2025-05-18 17:41:48,697 INFO     Hit10: 0.183364
2025-05-18 17:41:48,697 INFO     MR   : 1269.984567
2025-05-18 17:41:48,697 INFO     MRR  : 0.092068
2025-05-18 17:41:48,697 INFO     >>>>> Predictor: Evaluating on test
2025-05-18 17:44:37,021 INFO     Data : 4402
2025-05-18 17:44:37,022 INFO     Hit1 : 0.062472
2025-05-18 17:44:37,022 INFO     Hit3 : 0.114948
2025-05-18 17:44:37,022 INFO     Hit10: 0.182871
2025-05-18 17:44:37,022 INFO     MR   : 1272.327465
2025-05-18 17:44:37,022 INFO     MRR  : 0.102831
2025-05-18 17:44:37,022 INFO     Save checkpoint to results/semmeddb/multitask/schedule_sm/predictor.pt
2025-05-18 17:44:37,028 INFO     -------------------------
2025-05-18 17:44:37,028 INFO     | Final Test MRR: 0.102831
2025-05-18 17:44:37,028 INFO     -------------------------
entity size:  8673
relation size:  20
Data loading | DONE!
mode:  schedule
