2025-05-19 19:45:40,553 INFO     -------------------------
2025-05-19 19:45:40,553 INFO     | Pre-train Generator
2025-05-19 19:45:40,553 INFO     -------------------------
2025-05-19 19:45:40,683 INFO     >>>>> Generator: Training
2025-05-19 19:45:45,232 INFO     1000 10000 1.640829
2025-05-19 19:45:48,577 INFO     2000 10000 1.555844
2025-05-19 19:45:51,893 INFO     3000 10000 1.544617
2025-05-19 19:45:55,245 INFO     4000 10000 1.539628
2025-05-19 19:45:58,598 INFO     5000 10000 1.541232
2025-05-19 19:46:01,934 INFO     6000 10000 1.537140
2025-05-19 19:46:05,301 INFO     7000 10000 1.535005
2025-05-19 19:46:08,684 INFO     8000 10000 1.534639
2025-05-19 19:46:12,005 INFO     9000 10000 1.533593
2025-05-19 19:46:15,335 INFO     10000 10000 1.531518
2025-05-19 19:46:15,335 INFO     -------------------------
2025-05-19 19:46:15,336 INFO     | EM Iteration: 1/2
2025-05-19 19:46:15,336 INFO     -------------------------
2025-05-19 19:46:15,336 INFO     >>>>> Generator: Rule generation with sampling
2025-05-19 19:46:15,451 INFO     Predictor: read 461 rules from list.
2025-05-19 19:46:15,452 INFO     Preprocess training set
2025-05-19 19:46:15,452 INFO     >>>>> Predictor: Training
2025-05-19 19:46:17,069 INFO     100 12313 8.940550 69123.8
2025-05-19 19:46:18,608 INFO     200 12313 8.684998 69384.0
2025-05-19 19:46:20,174 INFO     300 12313 8.497735 69384.0
2025-05-19 19:46:21,718 INFO     400 12313 8.356320 69384.0
2025-05-19 19:46:23,237 INFO     500 12313 8.325544 69384.0
2025-05-19 19:46:24,740 INFO     600 12313 8.135322 69384.0
2025-05-19 19:46:26,238 INFO     700 12313 8.125301 69384.0
2025-05-19 19:46:27,733 INFO     800 12313 8.132864 69384.0
2025-05-19 19:46:29,225 INFO     900 12313 8.067424 69384.0
2025-05-19 19:46:30,718 INFO     1000 12313 7.907948 69384.0
2025-05-19 19:46:32,196 INFO     1100 12313 7.968660 69210.5
2025-05-19 19:46:33,684 INFO     1200 12313 7.927754 69384.0
2025-05-19 19:46:35,184 INFO     1300 12313 7.976323 69384.0
2025-05-19 19:46:36,670 INFO     1400 12313 7.896937 69384.0
2025-05-19 19:46:38,178 INFO     1500 12313 7.936588 69384.0
2025-05-19 19:46:39,690 INFO     1600 12313 7.880893 69384.0
2025-05-19 19:46:41,218 INFO     1700 12313 7.842785 69384.0
2025-05-19 19:46:42,739 INFO     1800 12313 7.759162 69037.1
2025-05-19 19:46:44,280 INFO     1900 12313 7.879016 69384.0
2025-05-19 19:46:45,784 INFO     2000 12313 7.731428 69384.0
2025-05-19 19:46:47,273 INFO     2100 12313 7.722613 69384.0
2025-05-19 19:46:48,800 INFO     2200 12313 7.702177 69384.0
2025-05-19 19:46:50,294 INFO     2300 12313 7.780153 69384.0
2025-05-19 19:46:51,771 INFO     2400 12313 7.726273 69384.0
2025-05-19 19:46:53,259 INFO     2500 12313 7.678720 69384.0
2025-05-19 19:46:54,775 INFO     2600 12313 7.695341 69384.0
2025-05-19 19:46:56,270 INFO     2700 12313 7.735840 69384.0
2025-05-19 19:46:57,777 INFO     2800 12313 7.577409 69384.0
2025-05-19 19:46:59,258 INFO     2900 12313 7.593820 69384.0
2025-05-19 19:47:00,753 INFO     3000 12313 7.665155 69384.0
2025-05-19 19:47:02,235 INFO     3100 12313 7.693479 68776.9
2025-05-19 19:47:03,733 INFO     3200 12313 7.594580 69384.0
2025-05-19 19:47:05,223 INFO     3300 12313 7.640278 69384.0
2025-05-19 19:47:06,700 INFO     3400 12313 7.608646 69384.0
2025-05-19 19:47:08,195 INFO     3500 12313 7.608937 69384.0
2025-05-19 19:47:09,696 INFO     3600 12313 7.546886 69384.0
2025-05-19 19:47:11,195 INFO     3700 12313 7.452176 69384.0
2025-05-19 19:47:12,703 INFO     3800 12313 7.544924 69384.0
2025-05-19 19:47:14,209 INFO     3900 12313 7.575197 69384.0
2025-05-19 19:47:15,693 INFO     4000 12313 7.557732 68950.4
2025-05-19 19:47:17,209 INFO     4100 12313 7.454340 69384.0
2025-05-19 19:47:18,702 INFO     4200 12313 7.491963 69384.0
2025-05-19 19:47:20,201 INFO     4300 12313 7.566015 69384.0
2025-05-19 19:47:21,679 INFO     4400 12313 7.473404 68863.6
2025-05-19 19:47:23,175 INFO     4500 12313 7.492313 69384.0
2025-05-19 19:47:24,652 INFO     4600 12313 7.457398 69384.0
2025-05-19 19:47:26,111 INFO     4700 12313 7.448181 69384.0
2025-05-19 19:47:27,592 INFO     4800 12313 7.457118 69384.0
2025-05-19 19:47:29,058 INFO     4900 12313 7.605657 69384.0
2025-05-19 19:47:30,544 INFO     5000 12313 7.550973 69384.0
2025-05-19 19:47:32,035 INFO     5100 12313 7.439046 69384.0
2025-05-19 19:47:33,526 INFO     5200 12313 7.415476 69384.0
2025-05-19 19:47:35,034 INFO     5300 12313 7.465422 69384.0
2025-05-19 19:47:36,520 INFO     5400 12313 7.581794 69384.0
2025-05-19 19:47:38,016 INFO     5500 12313 7.413961 69384.0
2025-05-19 19:47:39,501 INFO     5600 12313 7.473955 69384.0
2025-05-19 19:47:41,039 INFO     5700 12313 7.496513 69384.0
2025-05-19 19:47:42,537 INFO     5800 12313 7.362900 69384.0
2025-05-19 19:47:43,992 INFO     5900 12313 7.443910 69384.0
2025-05-19 19:47:45,507 INFO     6000 12313 7.385815 69384.0
2025-05-19 19:47:47,002 INFO     6100 12313 7.356372 69384.0
2025-05-19 19:47:48,492 INFO     6200 12313 7.382223 69384.0
2025-05-19 19:47:50,008 INFO     6300 12313 7.407742 69384.0
2025-05-19 19:47:51,517 INFO     6400 12313 7.358747 68950.4
2025-05-19 19:47:52,988 INFO     6500 12313 7.408919 69384.0
2025-05-19 19:47:54,481 INFO     6600 12313 7.442649 68950.4
2025-05-19 19:47:55,992 INFO     6700 12313 7.301671 69384.0
2025-05-19 19:47:57,534 INFO     6800 12313 7.291647 69384.0
2025-05-19 19:47:59,032 INFO     6900 12313 7.438097 69384.0
2025-05-19 19:48:00,539 INFO     7000 12313 7.374416 69384.0
2025-05-19 19:48:02,056 INFO     7100 12313 7.373629 69384.0
2025-05-19 19:48:03,539 INFO     7200 12313 7.416568 69384.0
2025-05-19 19:48:05,022 INFO     7300 12313 7.330971 69384.0
2025-05-19 19:48:06,518 INFO     7400 12313 7.351804 69384.0
2025-05-19 19:48:08,029 INFO     7500 12313 7.395303 68776.9
2025-05-19 19:48:09,526 INFO     7600 12313 7.302498 69384.0
2025-05-19 19:48:11,007 INFO     7700 12313 7.364997 69384.0
2025-05-19 19:48:12,516 INFO     7800 12313 7.361730 69384.0
2025-05-19 19:48:14,035 INFO     7900 12313 7.360733 69384.0
2025-05-19 19:48:15,511 INFO     8000 12313 7.322517 69384.0
2025-05-19 19:48:17,056 INFO     8100 12313 7.328087 69384.0
2025-05-19 19:48:18,547 INFO     8200 12313 7.371550 69384.0
2025-05-19 19:48:20,041 INFO     8300 12313 7.344981 69123.8
2025-05-19 19:48:21,526 INFO     8400 12313 7.295436 69384.0
2025-05-19 19:48:23,024 INFO     8500 12313 7.277431 69384.0
2025-05-19 19:48:24,541 INFO     8600 12313 7.350493 69384.0
2025-05-19 19:48:26,017 INFO     8700 12313 7.269061 69384.0
2025-05-19 19:48:27,532 INFO     8800 12313 7.302465 69384.0
2025-05-19 19:48:29,021 INFO     8900 12313 7.246279 69384.0
2025-05-19 19:48:30,511 INFO     9000 12313 7.329023 69384.0
2025-05-19 19:48:31,994 INFO     9100 12313 7.271928 69384.0
2025-05-19 19:48:33,471 INFO     9200 12313 7.282952 69384.0
2025-05-19 19:48:34,979 INFO     9300 12313 7.387756 69384.0
2025-05-19 19:48:36,492 INFO     9400 12313 7.279467 69384.0
2025-05-19 19:48:37,985 INFO     9500 12313 7.323534 69384.0
2025-05-19 19:48:39,467 INFO     9600 12313 7.292988 69384.0
2025-05-19 19:48:40,965 INFO     9700 12313 7.419412 69037.1
2025-05-19 19:48:42,472 INFO     9800 12313 7.323102 69210.5
2025-05-19 19:48:43,954 INFO     9900 12313 7.276854 69384.0
2025-05-19 19:48:45,466 INFO     10000 12313 7.321310 69384.0
2025-05-19 19:48:45,466 INFO     >>>>> Predictor: Evaluating on valid
2025-05-19 19:48:51,075 INFO     Data : 3823
2025-05-19 19:48:51,075 INFO     Hit1 : 0.023542
2025-05-19 19:48:51,075 INFO     Hit3 : 0.051007
2025-05-19 19:48:51,075 INFO     Hit10: 0.093382
2025-05-19 19:48:51,075 INFO     MR   : 1193.134973
2025-05-19 19:48:51,075 INFO     MRR  : 0.049280
2025-05-19 19:48:51,075 INFO     >>>>> Predictor: Evaluating on test
2025-05-19 19:48:57,571 INFO     Data : 4402
2025-05-19 19:48:57,571 INFO     Hit1 : 0.032031
2025-05-19 19:48:57,571 INFO     Hit3 : 0.056792
2025-05-19 19:48:57,571 INFO     Hit10: 0.095411
2025-05-19 19:48:57,571 INFO     MR   : 1184.404475
2025-05-19 19:48:57,572 INFO     MRR  : 0.055887
2025-05-19 19:48:57,572 INFO     >>>>> Predictor: Computing H scores of rules
2025-05-19 19:49:12,475 INFO     1000 12313
2025-05-19 19:49:27,372 INFO     2000 12313
2025-05-19 19:49:42,195 INFO     3000 12313
2025-05-19 19:49:57,151 INFO     4000 12313
2025-05-19 19:50:12,095 INFO     5000 12313
2025-05-19 19:50:27,056 INFO     6000 12313
2025-05-19 19:50:41,994 INFO     7000 12313
2025-05-19 19:50:56,887 INFO     8000 12313
2025-05-19 19:51:11,878 INFO     9000 12313
2025-05-19 19:51:26,757 INFO     10000 12313
2025-05-19 19:51:41,638 INFO     11000 12313
2025-05-19 19:51:56,644 INFO     12000 12313
2025-05-19 19:52:01,351 INFO     >>>>> Generator: Training
2025-05-19 19:52:01,673 INFO     -------------------------
2025-05-19 19:52:01,673 INFO     | EM Iteration: 2/2
2025-05-19 19:52:01,673 INFO     -------------------------
2025-05-19 19:52:01,673 INFO     >>>>> Generator: Rule generation with sampling
2025-05-19 19:52:01,713 INFO     Predictor: read 480 rules from list.
2025-05-19 19:52:01,713 INFO     Preprocess training set
2025-05-19 19:52:01,714 INFO     >>>>> Predictor: Training
2025-05-19 19:52:03,277 INFO     100 12313 8.969401 69384.0
2025-05-19 19:52:04,805 INFO     200 12313 8.707884 69384.0
2025-05-19 19:52:06,268 INFO     300 12313 8.540344 69384.0
2025-05-19 19:52:07,746 INFO     400 12313 8.404647 69384.0
2025-05-19 19:52:09,218 INFO     500 12313 8.307072 69384.0
2025-05-19 19:52:10,737 INFO     600 12313 8.205282 69384.0
2025-05-19 19:52:12,205 INFO     700 12313 8.134983 69384.0
2025-05-19 19:52:13,702 INFO     800 12313 8.100949 69210.5
2025-05-19 19:52:15,168 INFO     900 12313 8.062994 69384.0
2025-05-19 19:52:16,664 INFO     1000 12313 8.090447 69384.0
2025-05-19 19:52:18,131 INFO     1100 12313 7.976912 68776.9
2025-05-19 19:52:19,611 INFO     1200 12313 7.935338 69384.0
2025-05-19 19:52:21,115 INFO     1300 12313 7.940516 69384.0
2025-05-19 19:52:22,575 INFO     1400 12313 7.887143 69210.5
2025-05-19 19:52:24,048 INFO     1500 12313 7.945206 69384.0
2025-05-19 19:52:25,524 INFO     1600 12313 7.820240 69384.0
2025-05-19 19:52:27,018 INFO     1700 12313 7.785034 69384.0
2025-05-19 19:52:28,526 INFO     1800 12313 7.859760 69384.0
2025-05-19 19:52:30,032 INFO     1900 12313 7.769769 69123.8
2025-05-19 19:52:31,508 INFO     2000 12313 7.719541 69384.0
2025-05-19 19:52:33,001 INFO     2100 12313 7.710402 69384.0
2025-05-19 19:52:34,535 INFO     2200 12313 7.711845 69384.0
2025-05-19 19:52:36,037 INFO     2300 12313 7.778030 68516.7
2025-05-19 19:52:37,539 INFO     2400 12313 7.654781 68950.4
2025-05-19 19:52:39,054 INFO     2500 12313 7.700368 69384.0
2025-05-19 19:52:40,529 INFO     2600 12313 7.718556 69384.0
2025-05-19 19:52:42,026 INFO     2700 12313 7.724790 69384.0
2025-05-19 19:52:43,541 INFO     2800 12313 7.628969 69384.0
2025-05-19 19:52:45,040 INFO     2900 12313 7.631268 69384.0
2025-05-19 19:52:46,580 INFO     3000 12313 7.642501 69384.0
2025-05-19 19:52:48,079 INFO     3100 12313 7.586905 69384.0
2025-05-19 19:52:49,604 INFO     3200 12313 7.584491 69384.0
2025-05-19 19:52:51,100 INFO     3300 12313 7.647895 69384.0
2025-05-19 19:52:52,595 INFO     3400 12313 7.563822 69384.0
2025-05-19 19:52:54,112 INFO     3500 12313 7.531065 69384.0
2025-05-19 19:52:55,578 INFO     3600 12313 7.575255 68950.4
2025-05-19 19:52:57,074 INFO     3700 12313 7.605618 69384.0
2025-05-19 19:52:58,562 INFO     3800 12313 7.515637 69384.0
2025-05-19 19:53:00,054 INFO     3900 12313 7.500445 69384.0
2025-05-19 19:53:01,549 INFO     4000 12313 7.544448 69384.0
2025-05-19 19:53:03,048 INFO     4100 12313 7.540474 69384.0
2025-05-19 19:53:04,578 INFO     4200 12313 7.489378 69384.0
2025-05-19 19:53:06,103 INFO     4300 12313 7.449085 69384.0
2025-05-19 19:53:07,610 INFO     4400 12313 7.523809 69384.0
2025-05-19 19:53:09,121 INFO     4500 12313 7.531319 69384.0
2025-05-19 19:53:10,604 INFO     4600 12313 7.538006 69384.0
2025-05-19 19:53:12,070 INFO     4700 12313 7.498956 69210.5
2025-05-19 19:53:13,599 INFO     4800 12313 7.473791 69384.0
2025-05-19 19:53:15,142 INFO     4900 12313 7.404352 69384.0
2025-05-19 19:53:16,624 INFO     5000 12313 7.430700 69384.0
2025-05-19 19:53:18,128 INFO     5100 12313 7.389998 69384.0
2025-05-19 19:53:19,660 INFO     5200 12313 7.442703 69384.0
2025-05-19 19:53:21,202 INFO     5300 12313 7.421205 69123.8
2025-05-19 19:53:22,719 INFO     5400 12313 7.434274 69384.0
2025-05-19 19:53:24,242 INFO     5500 12313 7.438796 69384.0
2025-05-19 19:53:25,760 INFO     5600 12313 7.485195 69384.0
2025-05-19 19:53:27,287 INFO     5700 12313 7.338241 69384.0
2025-05-19 19:53:28,811 INFO     5800 12313 7.362146 69384.0
2025-05-19 19:53:30,304 INFO     5900 12313 7.513581 69384.0
2025-05-19 19:53:31,838 INFO     6000 12313 7.377321 69384.0
2025-05-19 19:53:33,351 INFO     6100 12313 7.363655 69384.0
2025-05-19 19:53:34,881 INFO     6200 12313 7.387669 69384.0
2025-05-19 19:53:36,440 INFO     6300 12313 7.425036 69384.0
2025-05-19 19:53:37,985 INFO     6400 12313 7.356588 69384.0
2025-05-19 19:53:39,511 INFO     6500 12313 7.353005 69384.0
2025-05-19 19:53:41,026 INFO     6600 12313 7.485693 69384.0
2025-05-19 19:53:42,565 INFO     6700 12313 7.390030 69384.0
2025-05-19 19:53:44,069 INFO     6800 12313 7.351890 69384.0
2025-05-19 19:53:45,597 INFO     6900 12313 7.432581 69210.5
2025-05-19 19:53:47,109 INFO     7000 12313 7.367982 69384.0
2025-05-19 19:53:48,650 INFO     7100 12313 7.359625 69384.0
2025-05-19 19:53:50,160 INFO     7200 12313 7.401968 69384.0
2025-05-19 19:53:51,678 INFO     7300 12313 7.357915 69384.0
2025-05-19 19:53:53,221 INFO     7400 12313 7.380091 69384.0
2025-05-19 19:53:54,763 INFO     7500 12313 7.322312 69384.0
2025-05-19 19:53:56,290 INFO     7600 12313 7.352214 69384.0
2025-05-19 19:53:57,816 INFO     7700 12313 7.389486 69384.0
2025-05-19 19:53:59,327 INFO     7800 12313 7.449012 69384.0
2025-05-19 19:54:00,889 INFO     7900 12313 7.317757 69384.0
2025-05-19 19:54:02,415 INFO     8000 12313 7.391235 69384.0
2025-05-19 19:54:03,965 INFO     8100 12313 7.276100 69384.0
2025-05-19 19:54:05,521 INFO     8200 12313 7.327487 68776.9
2025-05-19 19:54:07,049 INFO     8300 12313 7.403945 69384.0
2025-05-19 19:54:08,559 INFO     8400 12313 7.371868 69384.0
2025-05-19 19:54:10,082 INFO     8500 12313 7.349604 68776.9
2025-05-19 19:54:11,576 INFO     8600 12313 7.336171 69384.0
2025-05-19 19:54:13,104 INFO     8700 12313 7.370807 69384.0
2025-05-19 19:54:14,621 INFO     8800 12313 7.415017 69384.0
2025-05-19 19:54:16,152 INFO     8900 12313 7.239609 69384.0
2025-05-19 19:54:17,668 INFO     9000 12313 7.292492 69384.0
2025-05-19 19:54:19,199 INFO     9100 12313 7.315350 69037.1
2025-05-19 19:54:20,688 INFO     9200 12313 7.331405 69384.0
2025-05-19 19:54:22,196 INFO     9300 12313 7.344156 69384.0
2025-05-19 19:54:23,699 INFO     9400 12313 7.311570 69123.8
2025-05-19 19:54:25,234 INFO     9500 12313 7.391277 69384.0
2025-05-19 19:54:26,745 INFO     9600 12313 7.315905 69384.0
2025-05-19 19:54:28,244 INFO     9700 12313 7.344703 69384.0
2025-05-19 19:54:29,816 INFO     9800 12313 7.201094 69384.0
2025-05-19 19:54:31,328 INFO     9900 12313 7.355949 69384.0
2025-05-19 19:54:32,864 INFO     10000 12313 7.263300 69384.0
2025-05-19 19:54:32,864 INFO     >>>>> Predictor: Evaluating on valid
2025-05-19 19:54:39,416 INFO     Data : 3823
2025-05-19 19:54:39,417 INFO     Hit1 : 0.027465
2025-05-19 19:54:39,417 INFO     Hit3 : 0.059901
2025-05-19 19:54:39,417 INFO     Hit10: 0.111954
2025-05-19 19:54:39,417 INFO     MR   : 1191.604891
2025-05-19 19:54:39,417 INFO     MRR  : 0.057081
2025-05-19 19:54:39,417 INFO     >>>>> Predictor: Evaluating on test
2025-05-19 19:54:46,891 INFO     Data : 4402
2025-05-19 19:54:46,891 INFO     Hit1 : 0.036574
2025-05-19 19:54:46,891 INFO     Hit3 : 0.063153
2025-05-19 19:54:46,891 INFO     Hit10: 0.111540
2025-05-19 19:54:46,891 INFO     MR   : 1201.965925
2025-05-19 19:54:46,891 INFO     MRR  : 0.063089
2025-05-19 19:54:46,892 INFO     >>>>> Predictor: Computing H scores of rules
2025-05-19 19:55:02,193 INFO     1000 12313
2025-05-19 19:55:17,428 INFO     2000 12313
2025-05-19 19:55:32,782 INFO     3000 12313
2025-05-19 19:55:48,133 INFO     4000 12313
2025-05-19 19:56:03,482 INFO     5000 12313
2025-05-19 19:56:18,770 INFO     6000 12313
2025-05-19 19:56:34,131 INFO     7000 12313
2025-05-19 19:56:49,495 INFO     8000 12313
2025-05-19 19:57:04,778 INFO     9000 12313
2025-05-19 19:57:20,018 INFO     10000 12313
2025-05-19 19:57:35,231 INFO     11000 12313
2025-05-19 19:57:50,575 INFO     12000 12313
2025-05-19 19:57:55,369 INFO     >>>>> Generator: Training
2025-05-19 19:57:55,696 INFO     -------------------------
2025-05-19 19:57:55,696 INFO     | Post-train Generator
2025-05-19 19:57:55,696 INFO     -------------------------
2025-05-19 19:57:55,696 INFO     >>>>> Generator: Training
2025-05-19 19:57:58,907 INFO     1000 1000 1.590222
2025-05-19 19:57:58,907 INFO     -------------------------
2025-05-19 19:57:58,907 INFO     | Beam Search Best Rules
2025-05-19 19:57:58,907 INFO     -------------------------
2025-05-19 19:57:58,907 INFO     >>>>> Generator: Rule generation with beam search
2025-05-19 19:57:59,070 INFO     >>>>> Generator: Rule generation with beam search
2025-05-19 19:57:59,446 INFO     >>>>> Generator: Rule generation with beam search
2025-05-19 19:58:00,358 INFO     >>>>> Generator: Rule generation with beam search
2025-05-19 19:58:01,196 INFO     >>>>> Generator: Rule generation with beam search
2025-05-19 19:58:02,271 INFO     -------------------------
2025-05-19 19:58:02,271 INFO     | Train Final Predictor+
2025-05-19 19:58:02,271 INFO     -------------------------
2025-05-19 19:58:02,272 INFO     Predictor+: read 3220 rules from list.
2025-05-19 19:58:02,281 INFO     Preprocess training set
2025-05-19 19:58:02,281 INFO     -------------------------
2025-05-19 19:58:02,281 INFO     | Iteration: 1/1
2025-05-19 19:58:02,281 INFO     -------------------------
2025-05-19 19:58:02,281 INFO     >>>>> Predictor: Training
2025-05-19 19:58:09,151 INFO     100 12313 5.648074 69384.0
2025-05-19 19:58:15,817 INFO     200 12313 4.824058 69384.0
2025-05-19 19:58:22,499 INFO     300 12313 4.647132 69384.0
2025-05-19 19:58:29,208 INFO     400 12313 4.733695 69384.0
2025-05-19 19:58:35,919 INFO     500 12313 4.637306 69384.0
2025-05-19 19:58:42,628 INFO     600 12313 4.488487 69384.0
2025-05-19 19:58:49,304 INFO     700 12313 4.551596 69384.0
2025-05-19 19:58:56,058 INFO     800 12313 4.564171 69384.0
2025-05-19 19:59:02,798 INFO     900 12313 4.588410 69384.0
2025-05-19 19:59:09,491 INFO     1000 12313 4.563201 69384.0
2025-05-19 19:59:16,241 INFO     1100 12313 4.511287 69384.0
2025-05-19 19:59:22,935 INFO     1200 12313 4.538598 69384.0
2025-05-19 19:59:29,636 INFO     1300 12313 4.557957 69384.0
2025-05-19 19:59:36,379 INFO     1400 12313 4.554106 69384.0
2025-05-19 19:59:43,203 INFO     1500 12313 4.475790 69384.0
2025-05-19 19:59:49,998 INFO     1600 12313 4.567088 69384.0
2025-05-19 19:59:56,756 INFO     1700 12313 4.518712 69384.0
2025-05-19 20:00:03,531 INFO     1800 12313 4.616209 69384.0
2025-05-19 20:00:10,321 INFO     1900 12313 4.549057 69384.0
2025-05-19 20:00:17,068 INFO     2000 12313 4.543867 69384.0
2025-05-19 20:00:23,843 INFO     2100 12313 4.507826 69384.0
2025-05-19 20:00:30,652 INFO     2200 12313 4.574196 68863.6
2025-05-19 20:00:37,407 INFO     2300 12313 4.544986 69384.0
2025-05-19 20:00:44,214 INFO     2400 12313 4.456343 69210.5
2025-05-19 20:00:50,972 INFO     2500 12313 4.614408 69384.0
2025-05-19 20:00:57,800 INFO     2600 12313 4.627244 69384.0
2025-05-19 20:01:04,581 INFO     2700 12313 4.499665 68776.9
2025-05-19 20:01:11,407 INFO     2800 12313 4.466720 69384.0
2025-05-19 20:01:18,156 INFO     2900 12313 4.548199 69384.0
2025-05-19 20:01:24,938 INFO     3000 12313 4.397007 69384.0
2025-05-19 20:01:31,725 INFO     3100 12313 4.492558 69384.0
2025-05-19 20:01:38,489 INFO     3200 12313 4.510252 69384.0
2025-05-19 20:01:45,230 INFO     3300 12313 4.478613 68776.9
2025-05-19 20:01:52,008 INFO     3400 12313 4.486839 69384.0
2025-05-19 20:01:58,772 INFO     3500 12313 4.577910 69384.0
2025-05-19 20:02:05,690 INFO     3600 12313 4.513086 69384.0
2025-05-19 20:02:12,593 INFO     3700 12313 4.445971 69384.0
2025-05-19 20:02:19,446 INFO     3800 12313 4.471848 69384.0
2025-05-19 20:02:26,241 INFO     3900 12313 4.533414 69384.0
2025-05-19 20:02:32,939 INFO     4000 12313 4.492581 69384.0
2025-05-19 20:02:39,735 INFO     4100 12313 4.538641 69384.0
2025-05-19 20:02:46,516 INFO     4200 12313 4.535714 69384.0
2025-05-19 20:02:53,306 INFO     4300 12313 4.471086 69384.0
2025-05-19 20:03:00,084 INFO     4400 12313 4.492041 69384.0
2025-05-19 20:03:06,835 INFO     4500 12313 4.583396 69384.0
2025-05-19 20:03:13,663 INFO     4600 12313 4.458043 69384.0
2025-05-19 20:03:20,425 INFO     4700 12313 4.459154 69384.0
2025-05-19 20:03:27,172 INFO     4800 12313 4.503788 69384.0
2025-05-19 20:03:33,996 INFO     4900 12313 4.536360 69384.0
2025-05-19 20:03:40,783 INFO     5000 12313 4.459189 69384.0
2025-05-19 20:03:47,560 INFO     5100 12313 4.546250 69384.0
2025-05-19 20:03:54,309 INFO     5200 12313 4.553298 69384.0
2025-05-19 20:04:01,166 INFO     5300 12313 4.510055 69384.0
2025-05-19 20:04:08,071 INFO     5400 12313 4.534306 69384.0
2025-05-19 20:04:14,877 INFO     5500 12313 4.469761 68950.4
2025-05-19 20:04:21,637 INFO     5600 12313 4.527929 69384.0
2025-05-19 20:04:28,399 INFO     5700 12313 4.516197 69384.0
2025-05-19 20:04:35,249 INFO     5800 12313 4.494895 69384.0
2025-05-19 20:04:41,989 INFO     5900 12313 4.503600 69210.5
2025-05-19 20:04:48,736 INFO     6000 12313 4.531930 69384.0
2025-05-19 20:04:55,482 INFO     6100 12313 4.512748 69384.0
2025-05-19 20:05:02,295 INFO     6200 12313 4.581441 69210.5
2025-05-19 20:05:09,088 INFO     6300 12313 4.417847 69384.0
2025-05-19 20:05:15,711 INFO     6400 12313 4.420097 69384.0
2025-05-19 20:05:22,385 INFO     6500 12313 4.490455 69384.0
2025-05-19 20:05:29,023 INFO     6600 12313 4.537025 69384.0
2025-05-19 20:05:35,745 INFO     6700 12313 4.498296 69384.0
2025-05-19 20:05:42,427 INFO     6800 12313 4.432818 69384.0
2025-05-19 20:05:49,095 INFO     6900 12313 4.530843 69384.0
2025-05-19 20:05:55,775 INFO     7000 12313 4.445934 69384.0
2025-05-19 20:06:02,448 INFO     7100 12313 4.459526 69384.0
2025-05-19 20:06:09,134 INFO     7200 12313 4.501406 69384.0
2025-05-19 20:06:15,837 INFO     7300 12313 4.534220 69123.8
2025-05-19 20:06:22,568 INFO     7400 12313 4.541425 69384.0
2025-05-19 20:06:29,267 INFO     7500 12313 4.489575 69384.0
2025-05-19 20:06:35,921 INFO     7600 12313 4.519553 69123.8
2025-05-19 20:06:42,615 INFO     7700 12313 4.487161 69384.0
2025-05-19 20:06:49,254 INFO     7800 12313 4.512660 69384.0
2025-05-19 20:06:55,953 INFO     7900 12313 4.454856 69384.0
2025-05-19 20:07:02,717 INFO     8000 12313 4.525690 69384.0
2025-05-19 20:07:09,500 INFO     8100 12313 4.432763 69384.0
2025-05-19 20:07:16,184 INFO     8200 12313 4.452788 69384.0
2025-05-19 20:07:22,855 INFO     8300 12313 4.519094 69384.0
2025-05-19 20:07:29,524 INFO     8400 12313 4.492759 69384.0
2025-05-19 20:07:36,227 INFO     8500 12313 4.520545 69384.0
2025-05-19 20:07:42,881 INFO     8600 12313 4.397240 69384.0
2025-05-19 20:07:49,559 INFO     8700 12313 4.347222 69384.0
2025-05-19 20:07:56,290 INFO     8800 12313 4.582160 69384.0
2025-05-19 20:08:02,982 INFO     8900 12313 4.500606 69384.0
2025-05-19 20:08:09,712 INFO     9000 12313 4.490166 69384.0
2025-05-19 20:08:16,405 INFO     9100 12313 4.478010 69210.5
2025-05-19 20:08:23,067 INFO     9200 12313 4.545226 69384.0
2025-05-19 20:08:29,776 INFO     9300 12313 4.458412 69384.0
2025-05-19 20:08:36,508 INFO     9400 12313 4.454073 68950.4
2025-05-19 20:08:43,200 INFO     9500 12313 4.389219 69384.0
2025-05-19 20:08:49,845 INFO     9600 12313 4.432296 68776.9
2025-05-19 20:08:56,519 INFO     9700 12313 4.530771 69384.0
2025-05-19 20:09:03,230 INFO     9800 12313 4.499250 69037.1
2025-05-19 20:09:09,924 INFO     9900 12313 4.534932 69384.0
2025-05-19 20:09:16,672 INFO     10000 12313 4.449153 69384.0
2025-05-19 20:09:16,672 INFO     >>>>> Predictor: Evaluating on valid
2025-05-19 20:09:43,977 INFO     Data : 3823
2025-05-19 20:09:43,978 INFO     Hit1 : 0.071148
2025-05-19 20:09:43,978 INFO     Hit3 : 0.140989
2025-05-19 20:09:43,978 INFO     Hit10: 0.270730
2025-05-19 20:09:43,978 INFO     MR   : 762.188857
2025-05-19 20:09:43,978 INFO     MRR  : 0.134812
2025-05-19 20:09:43,978 INFO     >>>>> Predictor: Evaluating on test
2025-05-19 20:10:15,588 INFO     Data : 4402
2025-05-19 20:10:15,588 INFO     Hit1 : 0.101999
2025-05-19 20:10:15,588 INFO     Hit3 : 0.177647
2025-05-19 20:10:15,588 INFO     Hit10: 0.289868
2025-05-19 20:10:15,588 INFO     MR   : 758.100182
2025-05-19 20:10:15,588 INFO     MRR  : 0.163410
2025-05-19 20:10:15,589 INFO     Save checkpoint to results/semmeddb/multitask/md/ori/predictor.pt
2025-05-19 20:10:15,592 INFO     -------------------------
2025-05-19 20:10:15,592 INFO     | Final Test MRR: 0.163410
2025-05-19 20:10:15,592 INFO     -------------------------
entity size:  8673
relation size:  20
Data loading | DONE!
mode:  ori
