2025-05-19 21:23:27,021 INFO     -------------------------
2025-05-19 21:23:27,022 INFO     | Pre-train Generator
2025-05-19 21:23:27,022 INFO     -------------------------
2025-05-19 21:23:27,140 INFO     >>>>> Generator: Training
2025-05-19 21:23:32,025 INFO     [E1000] Total: 1.393090 | Main: 1.652145 | Aux: 0.910313
2025-05-19 21:23:36,104 INFO     [E2000] Total: 1.329190 | Main: 1.570083 | Aux: 0.892783
2025-05-19 21:23:40,162 INFO     [E3000] Total: 1.321428 | Main: 1.559882 | Aux: 0.890920
2025-05-19 21:23:44,250 INFO     [E4000] Total: 1.316421 | Main: 1.553526 | Aux: 0.889260
2025-05-19 21:23:48,308 INFO     [E5000] Total: 1.313208 | Main: 1.549392 | Aux: 0.888418
2025-05-19 21:23:52,372 INFO     [E6000] Total: 1.311104 | Main: 1.546611 | Aux: 0.887626
2025-05-19 21:23:56,439 INFO     [E7000] Total: 1.309926 | Main: 1.545470 | Aux: 0.887212
2025-05-19 21:24:00,512 INFO     [E8000] Total: 1.309698 | Main: 1.544957 | Aux: 0.886827
2025-05-19 21:24:04,599 INFO     [E9000] Total: 1.306983 | Main: 1.541556 | Aux: 0.886115
2025-05-19 21:24:08,677 INFO     [E10000] Total: 1.306921 | Main: 1.541333 | Aux: 0.886264
2025-05-19 21:24:08,678 INFO     -------------------------
2025-05-19 21:24:08,678 INFO     | EM Iteration: 1/2
2025-05-19 21:24:08,678 INFO     -------------------------
2025-05-19 21:24:08,678 INFO     >>>>> Generator: Rule generation with sampling
2025-05-19 21:24:08,769 INFO     Predictor: read 490 rules from list.
2025-05-19 21:24:08,769 INFO     Preprocess training set
2025-05-19 21:24:08,769 INFO     >>>>> Predictor: Training
2025-05-19 21:24:10,308 INFO     100 12313 8.953539 69123.8
2025-05-19 21:24:11,801 INFO     200 12313 8.702181 69384.0
2025-05-19 21:24:13,270 INFO     300 12313 8.533775 69384.0
2025-05-19 21:24:14,743 INFO     400 12313 8.397598 69384.0
2025-05-19 21:24:16,204 INFO     500 12313 8.341137 69384.0
2025-05-19 21:24:17,673 INFO     600 12313 8.150152 69384.0
2025-05-19 21:24:19,143 INFO     700 12313 8.141117 69384.0
2025-05-19 21:24:20,601 INFO     800 12313 8.144942 69384.0
2025-05-19 21:24:22,055 INFO     900 12313 8.084930 69384.0
2025-05-19 21:24:23,524 INFO     1000 12313 7.929126 69384.0
2025-05-19 21:24:24,986 INFO     1100 12313 7.982109 69210.5
2025-05-19 21:24:26,469 INFO     1200 12313 7.952295 69384.0
2025-05-19 21:24:27,941 INFO     1300 12313 7.994371 69384.0
2025-05-19 21:24:29,424 INFO     1400 12313 7.926663 69384.0
2025-05-19 21:24:30,892 INFO     1500 12313 7.949839 69384.0
2025-05-19 21:24:32,344 INFO     1600 12313 7.905168 69384.0
2025-05-19 21:24:33,824 INFO     1700 12313 7.858896 69384.0
2025-05-19 21:24:35,298 INFO     1800 12313 7.758692 69037.1
2025-05-19 21:24:36,760 INFO     1900 12313 7.908357 69384.0
2025-05-19 21:24:38,215 INFO     2000 12313 7.749622 69384.0
2025-05-19 21:24:39,669 INFO     2100 12313 7.744898 69384.0
2025-05-19 21:24:41,131 INFO     2200 12313 7.713183 69384.0
2025-05-19 21:24:42,608 INFO     2300 12313 7.801041 69384.0
2025-05-19 21:24:44,069 INFO     2400 12313 7.734332 69384.0
2025-05-19 21:24:45,528 INFO     2500 12313 7.703773 69384.0
2025-05-19 21:24:46,993 INFO     2600 12313 7.713519 69384.0
2025-05-19 21:24:48,455 INFO     2700 12313 7.758945 69384.0
2025-05-19 21:24:49,934 INFO     2800 12313 7.589746 69384.0
2025-05-19 21:24:51,401 INFO     2900 12313 7.604979 69384.0
2025-05-19 21:24:52,880 INFO     3000 12313 7.679407 69384.0
2025-05-19 21:24:54,354 INFO     3100 12313 7.712111 68776.9
2025-05-19 21:24:55,840 INFO     3200 12313 7.606326 69384.0
2025-05-19 21:24:57,310 INFO     3300 12313 7.656549 69384.0
2025-05-19 21:24:58,769 INFO     3400 12313 7.620414 69384.0
2025-05-19 21:25:00,250 INFO     3500 12313 7.625545 69384.0
2025-05-19 21:25:01,727 INFO     3600 12313 7.563880 69384.0
2025-05-19 21:25:03,212 INFO     3700 12313 7.469433 69384.0
2025-05-19 21:25:04,697 INFO     3800 12313 7.563615 69384.0
2025-05-19 21:25:06,171 INFO     3900 12313 7.602826 69384.0
2025-05-19 21:25:07,645 INFO     4000 12313 7.564613 68950.4
2025-05-19 21:25:09,137 INFO     4100 12313 7.484564 69384.0
2025-05-19 21:25:10,629 INFO     4200 12313 7.507420 69384.0
2025-05-19 21:25:12,134 INFO     4300 12313 7.580283 69384.0
2025-05-19 21:25:13,607 INFO     4400 12313 7.485367 68863.6
2025-05-19 21:25:15,090 INFO     4500 12313 7.509930 69384.0
2025-05-19 21:25:16,563 INFO     4600 12313 7.469815 69384.0
2025-05-19 21:25:18,029 INFO     4700 12313 7.464269 69384.0
2025-05-19 21:25:19,538 INFO     4800 12313 7.459279 69384.0
2025-05-19 21:25:21,014 INFO     4900 12313 7.613317 69384.0
2025-05-19 21:25:22,512 INFO     5000 12313 7.566254 69384.0
2025-05-19 21:25:24,011 INFO     5100 12313 7.452333 69384.0
2025-05-19 21:25:25,507 INFO     5200 12313 7.428365 69384.0
2025-05-19 21:25:27,005 INFO     5300 12313 7.477771 69384.0
2025-05-19 21:25:28,516 INFO     5400 12313 7.598179 69384.0
2025-05-19 21:25:30,030 INFO     5500 12313 7.426068 69384.0
2025-05-19 21:25:31,536 INFO     5600 12313 7.471270 69384.0
2025-05-19 21:25:33,043 INFO     5700 12313 7.533668 69384.0
2025-05-19 21:25:34,531 INFO     5800 12313 7.366577 69384.0
2025-05-19 21:25:35,998 INFO     5900 12313 7.457697 69384.0
2025-05-19 21:25:37,521 INFO     6000 12313 7.402741 69384.0
2025-05-19 21:25:39,017 INFO     6100 12313 7.373686 69384.0
2025-05-19 21:25:40,509 INFO     6200 12313 7.397665 69384.0
2025-05-19 21:25:42,036 INFO     6300 12313 7.433673 69384.0
2025-05-19 21:25:43,554 INFO     6400 12313 7.367761 68950.4
2025-05-19 21:25:45,036 INFO     6500 12313 7.417608 69384.0
2025-05-19 21:25:46,539 INFO     6600 12313 7.459650 68950.4
2025-05-19 21:25:48,064 INFO     6700 12313 7.308199 69384.0
2025-05-19 21:25:49,581 INFO     6800 12313 7.303344 69384.0
2025-05-19 21:25:51,089 INFO     6900 12313 7.448912 69384.0
2025-05-19 21:25:52,596 INFO     7000 12313 7.399968 69384.0
2025-05-19 21:25:54,110 INFO     7100 12313 7.396718 69384.0
2025-05-19 21:25:55,611 INFO     7200 12313 7.432735 69384.0
2025-05-19 21:25:57,121 INFO     7300 12313 7.347213 69384.0
2025-05-19 21:25:58,627 INFO     7400 12313 7.377856 69384.0
2025-05-19 21:26:00,127 INFO     7500 12313 7.415634 68776.9
2025-05-19 21:26:01,620 INFO     7600 12313 7.287868 69384.0
2025-05-19 21:26:03,111 INFO     7700 12313 7.369717 69384.0
2025-05-19 21:26:04,611 INFO     7800 12313 7.384032 69384.0
2025-05-19 21:26:06,123 INFO     7900 12313 7.366780 69384.0
2025-05-19 21:26:07,599 INFO     8000 12313 7.326977 69384.0
2025-05-19 21:26:09,097 INFO     8100 12313 7.353417 69384.0
2025-05-19 21:26:10,605 INFO     8200 12313 7.379163 69384.0
2025-05-19 21:26:12,112 INFO     8300 12313 7.358939 69123.8
2025-05-19 21:26:13,608 INFO     8400 12313 7.300224 69384.0
2025-05-19 21:26:15,122 INFO     8500 12313 7.294448 69384.0
2025-05-19 21:26:16,664 INFO     8600 12313 7.355162 69384.0
2025-05-19 21:26:18,163 INFO     8700 12313 7.276920 69384.0
2025-05-19 21:26:19,676 INFO     8800 12313 7.315484 69384.0
2025-05-19 21:26:21,186 INFO     8900 12313 7.250164 69384.0
2025-05-19 21:26:22,701 INFO     9000 12313 7.350785 69384.0
2025-05-19 21:26:24,201 INFO     9100 12313 7.276960 69384.0
2025-05-19 21:26:25,692 INFO     9200 12313 7.302144 69384.0
2025-05-19 21:26:27,196 INFO     9300 12313 7.397454 69384.0
2025-05-19 21:26:28,713 INFO     9400 12313 7.292705 69384.0
2025-05-19 21:26:30,205 INFO     9500 12313 7.325017 69384.0
2025-05-19 21:26:31,702 INFO     9600 12313 7.311227 69384.0
2025-05-19 21:26:33,209 INFO     9700 12313 7.432478 69037.1
2025-05-19 21:26:34,710 INFO     9800 12313 7.343209 69210.5
2025-05-19 21:26:36,204 INFO     9900 12313 7.289196 69384.0
2025-05-19 21:26:37,716 INFO     10000 12313 7.334649 69384.0
2025-05-19 21:26:37,716 INFO     >>>>> Predictor: Evaluating on valid
2025-05-19 21:26:43,293 INFO     Data : 3823
2025-05-19 21:26:43,293 INFO     Hit1 : 0.023019
2025-05-19 21:26:43,293 INFO     Hit3 : 0.051269
2025-05-19 21:26:43,293 INFO     Hit10: 0.092859
2025-05-19 21:26:43,293 INFO     MR   : 1192.529689
2025-05-19 21:26:43,293 INFO     MRR  : 0.049041
2025-05-19 21:26:43,293 INFO     >>>>> Predictor: Evaluating on test
2025-05-19 21:26:49,724 INFO     Data : 4402
2025-05-19 21:26:49,724 INFO     Hit1 : 0.029305
2025-05-19 21:26:49,724 INFO     Hit3 : 0.055202
2025-05-19 21:26:49,724 INFO     Hit10: 0.098592
2025-05-19 21:26:49,724 INFO     MR   : 1186.674807
2025-05-19 21:26:49,724 INFO     MRR  : 0.054211
2025-05-19 21:26:49,724 INFO     >>>>> Predictor: Computing H scores of rules
2025-05-19 21:27:04,758 INFO     1000 12313
2025-05-19 21:27:19,792 INFO     2000 12313
2025-05-19 21:27:34,786 INFO     3000 12313
2025-05-19 21:27:49,901 INFO     4000 12313
2025-05-19 21:28:04,983 INFO     5000 12313
2025-05-19 21:28:20,025 INFO     6000 12313
2025-05-19 21:28:35,091 INFO     7000 12313
2025-05-19 21:28:50,105 INFO     8000 12313
2025-05-19 21:29:05,176 INFO     9000 12313
2025-05-19 21:29:20,197 INFO     10000 12313
2025-05-19 21:29:35,255 INFO     11000 12313
2025-05-19 21:29:50,378 INFO     12000 12313
2025-05-19 21:29:55,100 INFO     >>>>> Generator: Training
2025-05-19 21:29:55,496 INFO     -------------------------
2025-05-19 21:29:55,496 INFO     | EM Iteration: 2/2
2025-05-19 21:29:55,496 INFO     -------------------------
2025-05-19 21:29:55,496 INFO     >>>>> Generator: Rule generation with sampling
2025-05-19 21:29:55,539 INFO     Predictor: read 503 rules from list.
2025-05-19 21:29:55,539 INFO     Preprocess training set
2025-05-19 21:29:55,539 INFO     >>>>> Predictor: Training
2025-05-19 21:29:57,159 INFO     100 12313 8.967274 69384.0
2025-05-19 21:29:58,727 INFO     200 12313 8.707485 69384.0
2025-05-19 21:30:00,280 INFO     300 12313 8.532377 69384.0
2025-05-19 21:30:01,871 INFO     400 12313 8.396497 69384.0
2025-05-19 21:30:03,437 INFO     500 12313 8.322541 69384.0
2025-05-19 21:30:05,015 INFO     600 12313 8.199073 69384.0
2025-05-19 21:30:06,609 INFO     700 12313 8.149961 69384.0
2025-05-19 21:30:08,224 INFO     800 12313 8.116177 69210.5
2025-05-19 21:30:09,779 INFO     900 12313 8.065613 69384.0
2025-05-19 21:30:11,367 INFO     1000 12313 8.087245 69384.0
2025-05-19 21:30:12,927 INFO     1100 12313 7.986630 68776.9
2025-05-19 21:30:14,497 INFO     1200 12313 7.937463 69384.0
2025-05-19 21:30:16,073 INFO     1300 12313 7.949980 69384.0
2025-05-19 21:30:17,611 INFO     1400 12313 7.899357 69210.5
2025-05-19 21:30:19,192 INFO     1500 12313 7.963794 69384.0
2025-05-19 21:30:20,745 INFO     1600 12313 7.834719 69384.0
2025-05-19 21:30:22,320 INFO     1700 12313 7.790634 69384.0
2025-05-19 21:30:23,889 INFO     1800 12313 7.875919 69384.0
2025-05-19 21:30:25,475 INFO     1900 12313 7.783345 69123.8
2025-05-19 21:30:27,030 INFO     2000 12313 7.740165 69384.0
2025-05-19 21:30:28,607 INFO     2100 12313 7.737843 69384.0
2025-05-19 21:30:30,187 INFO     2200 12313 7.734213 69384.0
2025-05-19 21:30:31,762 INFO     2300 12313 7.799130 68516.7
2025-05-19 21:30:33,329 INFO     2400 12313 7.669634 68950.4
2025-05-19 21:30:34,905 INFO     2500 12313 7.731828 69384.0
2025-05-19 21:30:36,464 INFO     2600 12313 7.739076 69384.0
2025-05-19 21:30:38,047 INFO     2700 12313 7.739240 69384.0
2025-05-19 21:30:39,619 INFO     2800 12313 7.644164 69384.0
2025-05-19 21:30:41,206 INFO     2900 12313 7.654004 69384.0
2025-05-19 21:30:42,817 INFO     3000 12313 7.667799 69384.0
2025-05-19 21:30:44,369 INFO     3100 12313 7.606106 69384.0
2025-05-19 21:30:45,941 INFO     3200 12313 7.595772 69384.0
2025-05-19 21:30:47,519 INFO     3300 12313 7.672007 69384.0
2025-05-19 21:30:49,088 INFO     3400 12313 7.585564 69384.0
2025-05-19 21:30:50,704 INFO     3500 12313 7.554115 69384.0
2025-05-19 21:30:52,272 INFO     3600 12313 7.598553 68950.4
2025-05-19 21:30:53,873 INFO     3700 12313 7.615777 69384.0
2025-05-19 21:30:55,452 INFO     3800 12313 7.532777 69384.0
2025-05-19 21:30:57,037 INFO     3900 12313 7.506415 69384.0
2025-05-19 21:30:58,635 INFO     4000 12313 7.568697 69384.0
2025-05-19 21:31:00,221 INFO     4100 12313 7.557190 69384.0
2025-05-19 21:31:01,811 INFO     4200 12313 7.507011 69384.0
2025-05-19 21:31:03,398 INFO     4300 12313 7.477606 69384.0
2025-05-19 21:31:04,977 INFO     4400 12313 7.554958 69384.0
2025-05-19 21:31:06,536 INFO     4500 12313 7.567100 69384.0
2025-05-19 21:31:08,082 INFO     4600 12313 7.562271 69384.0
2025-05-19 21:31:09,644 INFO     4700 12313 7.540068 69210.5
2025-05-19 21:31:11,206 INFO     4800 12313 7.502849 69384.0
2025-05-19 21:31:12,785 INFO     4900 12313 7.416658 69384.0
2025-05-19 21:31:14,332 INFO     5000 12313 7.452262 69384.0
2025-05-19 21:31:15,903 INFO     5100 12313 7.410261 69384.0
2025-05-19 21:31:17,456 INFO     5200 12313 7.479254 69384.0
2025-05-19 21:31:19,045 INFO     5300 12313 7.452745 69123.8
2025-05-19 21:31:20,600 INFO     5400 12313 7.448999 69384.0
2025-05-19 21:31:22,166 INFO     5500 12313 7.448214 69384.0
2025-05-19 21:31:23,752 INFO     5600 12313 7.525832 69384.0
2025-05-19 21:31:25,343 INFO     5700 12313 7.368402 69384.0
2025-05-19 21:31:26,912 INFO     5800 12313 7.394537 69384.0
2025-05-19 21:31:28,462 INFO     5900 12313 7.532278 69384.0
2025-05-19 21:31:30,034 INFO     6000 12313 7.407014 69384.0
2025-05-19 21:31:31,597 INFO     6100 12313 7.373666 69384.0
2025-05-19 21:31:33,173 INFO     6200 12313 7.428241 69384.0
2025-05-19 21:31:34,747 INFO     6300 12313 7.455676 69384.0
2025-05-19 21:31:36,332 INFO     6400 12313 7.385974 69384.0
2025-05-19 21:31:37,891 INFO     6500 12313 7.393861 69384.0
2025-05-19 21:31:39,447 INFO     6600 12313 7.516321 69384.0
2025-05-19 21:31:41,024 INFO     6700 12313 7.416923 69384.0
2025-05-19 21:31:42,582 INFO     6800 12313 7.375016 69384.0
2025-05-19 21:31:44,138 INFO     6900 12313 7.472507 69210.5
2025-05-19 21:31:45,725 INFO     7000 12313 7.405350 69384.0
2025-05-19 21:31:47,303 INFO     7100 12313 7.392237 69384.0
2025-05-19 21:31:48,860 INFO     7200 12313 7.431433 69384.0
2025-05-19 21:31:50,416 INFO     7300 12313 7.382849 69384.0
2025-05-19 21:31:52,004 INFO     7400 12313 7.411424 69384.0
2025-05-19 21:31:53,571 INFO     7500 12313 7.348934 69384.0
2025-05-19 21:31:55,127 INFO     7600 12313 7.370813 69384.0
2025-05-19 21:31:56,700 INFO     7700 12313 7.403551 69384.0
2025-05-19 21:31:58,268 INFO     7800 12313 7.450432 69384.0
2025-05-19 21:31:59,860 INFO     7900 12313 7.351890 69384.0
2025-05-19 21:32:01,423 INFO     8000 12313 7.401369 69384.0
2025-05-19 21:32:03,017 INFO     8100 12313 7.300238 69384.0
2025-05-19 21:32:04,588 INFO     8200 12313 7.342940 68776.9
2025-05-19 21:32:06,167 INFO     8300 12313 7.424379 69384.0
2025-05-19 21:32:07,738 INFO     8400 12313 7.390731 69384.0
2025-05-19 21:32:09,305 INFO     8500 12313 7.366085 68776.9
2025-05-19 21:32:10,864 INFO     8600 12313 7.381916 69384.0
2025-05-19 21:32:12,444 INFO     8700 12313 7.397699 69384.0
2025-05-19 21:32:14,003 INFO     8800 12313 7.424663 69384.0
2025-05-19 21:32:15,598 INFO     8900 12313 7.275925 69384.0
2025-05-19 21:32:17,213 INFO     9000 12313 7.303953 69384.0
2025-05-19 21:32:18,753 INFO     9100 12313 7.356145 69037.1
2025-05-19 21:32:20,239 INFO     9200 12313 7.345052 69384.0
2025-05-19 21:32:21,758 INFO     9300 12313 7.376881 69384.0
2025-05-19 21:32:23,276 INFO     9400 12313 7.345334 69123.8
2025-05-19 21:32:24,802 INFO     9500 12313 7.425628 69384.0
2025-05-19 21:32:26,311 INFO     9600 12313 7.368141 69384.0
2025-05-19 21:32:27,820 INFO     9700 12313 7.370961 69384.0
2025-05-19 21:32:29,368 INFO     9800 12313 7.236915 69384.0
2025-05-19 21:32:30,878 INFO     9900 12313 7.353499 69384.0
2025-05-19 21:32:32,410 INFO     10000 12313 7.302223 69384.0
2025-05-19 21:32:32,411 INFO     >>>>> Predictor: Evaluating on valid
2025-05-19 21:32:38,863 INFO     Data : 3823
2025-05-19 21:32:38,863 INFO     Hit1 : 0.027204
2025-05-19 21:32:38,863 INFO     Hit3 : 0.060424
2025-05-19 21:32:38,863 INFO     Hit10: 0.108030
2025-05-19 21:32:38,863 INFO     MR   : 1194.181533
2025-05-19 21:32:38,863 INFO     MRR  : 0.056319
2025-05-19 21:32:38,864 INFO     >>>>> Predictor: Evaluating on test
2025-05-19 21:32:46,214 INFO     Data : 4402
2025-05-19 21:32:46,215 INFO     Hit1 : 0.036347
2025-05-19 21:32:46,215 INFO     Hit3 : 0.064970
2025-05-19 21:32:46,215 INFO     Hit10: 0.107678
2025-05-19 21:32:46,215 INFO     MR   : 1199.730918
2025-05-19 21:32:46,215 INFO     MRR  : 0.062427
2025-05-19 21:32:46,215 INFO     >>>>> Predictor: Computing H scores of rules
2025-05-19 21:33:01,440 INFO     1000 12313
2025-05-19 21:33:16,642 INFO     2000 12313
2025-05-19 21:33:31,965 INFO     3000 12313
2025-05-19 21:33:47,808 INFO     4000 12313
2025-05-19 21:34:03,553 INFO     5000 12313
2025-05-19 21:34:19,329 INFO     6000 12313
2025-05-19 21:34:35,083 INFO     7000 12313
2025-05-19 21:34:50,850 INFO     8000 12313
2025-05-19 21:35:06,603 INFO     9000 12313
2025-05-19 21:35:22,293 INFO     10000 12313
2025-05-19 21:35:38,080 INFO     11000 12313
2025-05-19 21:35:53,822 INFO     12000 12313
2025-05-19 21:35:58,775 INFO     >>>>> Generator: Training
2025-05-19 21:35:59,171 INFO     -------------------------
2025-05-19 21:35:59,171 INFO     | Post-train Generator
2025-05-19 21:35:59,171 INFO     -------------------------
2025-05-19 21:35:59,172 INFO     >>>>> Generator: Training
2025-05-19 21:36:03,151 INFO     [E1000] Total: 1.313528 | Main: 1.565362 | Aux: 0.848441
2025-05-19 21:36:03,151 INFO     -------------------------
2025-05-19 21:36:03,151 INFO     | Beam Search Best Rules
2025-05-19 21:36:03,151 INFO     -------------------------
2025-05-19 21:36:03,151 INFO     >>>>> Generator: Rule generation with beam search
2025-05-19 21:36:03,331 INFO     >>>>> Generator: Rule generation with beam search
2025-05-19 21:36:03,763 INFO     >>>>> Generator: Rule generation with beam search
2025-05-19 21:36:04,801 INFO     >>>>> Generator: Rule generation with beam search
2025-05-19 21:36:05,754 INFO     >>>>> Generator: Rule generation with beam search
2025-05-19 21:36:06,981 INFO     -------------------------
2025-05-19 21:36:06,981 INFO     | Train Final Predictor+
2025-05-19 21:36:06,981 INFO     -------------------------
2025-05-19 21:36:07,058 INFO     Predictor+: read 3220 rules from list.
2025-05-19 21:36:07,065 INFO     Preprocess training set
2025-05-19 21:36:07,066 INFO     -------------------------
2025-05-19 21:36:07,066 INFO     | Iteration: 1/1
2025-05-19 21:36:07,066 INFO     -------------------------
2025-05-19 21:36:07,066 INFO     >>>>> Predictor: Training
2025-05-19 21:36:13,467 INFO     100 12313 5.524531 69384.0
2025-05-19 21:36:19,795 INFO     200 12313 4.820813 69384.0
2025-05-19 21:36:26,110 INFO     300 12313 4.615809 69384.0
2025-05-19 21:36:32,400 INFO     400 12313 4.716132 69384.0
2025-05-19 21:36:38,738 INFO     500 12313 4.639477 69384.0
2025-05-19 21:36:45,103 INFO     600 12313 4.496601 69384.0
2025-05-19 21:36:51,406 INFO     700 12313 4.568737 69384.0
2025-05-19 21:36:57,748 INFO     800 12313 4.565938 69384.0
2025-05-19 21:37:04,109 INFO     900 12313 4.595546 69384.0
2025-05-19 21:37:10,462 INFO     1000 12313 4.574793 69384.0
2025-05-19 21:37:16,805 INFO     1100 12313 4.521278 69384.0
2025-05-19 21:37:23,157 INFO     1200 12313 4.554796 69384.0
2025-05-19 21:37:29,508 INFO     1300 12313 4.567000 69384.0
2025-05-19 21:37:35,870 INFO     1400 12313 4.565452 69384.0
2025-05-19 21:37:42,284 INFO     1500 12313 4.499195 69384.0
2025-05-19 21:37:48,706 INFO     1600 12313 4.577966 69384.0
2025-05-19 21:37:55,096 INFO     1700 12313 4.515914 69384.0
2025-05-19 21:38:01,441 INFO     1800 12313 4.624995 69384.0
2025-05-19 21:38:07,754 INFO     1900 12313 4.564232 69384.0
2025-05-19 21:38:14,062 INFO     2000 12313 4.550071 69384.0
2025-05-19 21:38:20,386 INFO     2100 12313 4.506992 69384.0
2025-05-19 21:38:26,677 INFO     2200 12313 4.572521 68863.6
2025-05-19 21:38:32,986 INFO     2300 12313 4.550420 69384.0
2025-05-19 21:38:39,301 INFO     2400 12313 4.473143 69210.5
2025-05-19 21:38:45,601 INFO     2500 12313 4.617812 69384.0
2025-05-19 21:38:51,922 INFO     2600 12313 4.629734 69384.0
2025-05-19 21:38:58,216 INFO     2700 12313 4.481205 68776.9
2025-05-19 21:39:04,513 INFO     2800 12313 4.479673 69384.0
2025-05-19 21:39:10,789 INFO     2900 12313 4.561008 69384.0
2025-05-19 21:39:17,034 INFO     3000 12313 4.412603 69384.0
2025-05-19 21:39:23,240 INFO     3100 12313 4.491594 69384.0
2025-05-19 21:39:29,599 INFO     3200 12313 4.495469 69384.0
2025-05-19 21:39:35,979 INFO     3300 12313 4.485031 68776.9
2025-05-19 21:39:42,360 INFO     3400 12313 4.484795 69384.0
2025-05-19 21:39:48,773 INFO     3500 12313 4.598721 69384.0
2025-05-19 21:39:55,182 INFO     3600 12313 4.515179 69384.0
2025-05-19 21:40:01,605 INFO     3700 12313 4.452420 69384.0
2025-05-19 21:40:08,092 INFO     3800 12313 4.467386 69384.0
2025-05-19 21:40:14,502 INFO     3900 12313 4.543719 69384.0
2025-05-19 21:40:20,725 INFO     4000 12313 4.487255 69384.0
2025-05-19 21:40:26,957 INFO     4100 12313 4.543219 69384.0
2025-05-19 21:40:33,259 INFO     4200 12313 4.540598 69384.0
2025-05-19 21:40:39,577 INFO     4300 12313 4.475783 69384.0
2025-05-19 21:40:45,964 INFO     4400 12313 4.497822 69384.0
2025-05-19 21:40:52,366 INFO     4500 12313 4.593254 69384.0
2025-05-19 21:40:58,754 INFO     4600 12313 4.458225 69384.0
2025-05-19 21:41:05,157 INFO     4700 12313 4.450753 69384.0
2025-05-19 21:41:11,561 INFO     4800 12313 4.502655 69384.0
2025-05-19 21:41:18,017 INFO     4900 12313 4.533713 69384.0
2025-05-19 21:41:24,425 INFO     5000 12313 4.466037 69384.0
2025-05-19 21:41:30,908 INFO     5100 12313 4.548451 69384.0
2025-05-19 21:41:37,336 INFO     5200 12313 4.554095 69384.0
2025-05-19 21:41:43,796 INFO     5300 12313 4.505123 69384.0
2025-05-19 21:41:50,228 INFO     5400 12313 4.522633 69384.0
2025-05-19 21:41:56,672 INFO     5500 12313 4.476686 68950.4
2025-05-19 21:42:03,115 INFO     5600 12313 4.549446 69384.0
2025-05-19 21:42:09,620 INFO     5700 12313 4.517860 69384.0
2025-05-19 21:42:16,174 INFO     5800 12313 4.503084 69384.0
2025-05-19 21:42:22,630 INFO     5900 12313 4.491139 69210.5
2025-05-19 21:42:28,984 INFO     6000 12313 4.532373 69384.0
2025-05-19 21:42:35,396 INFO     6100 12313 4.518567 69384.0
2025-05-19 21:42:41,814 INFO     6200 12313 4.592969 69210.5
2025-05-19 21:42:48,205 INFO     6300 12313 4.420336 69384.0
2025-05-19 21:42:54,602 INFO     6400 12313 4.437182 69384.0
2025-05-19 21:43:01,009 INFO     6500 12313 4.505607 69384.0
2025-05-19 21:43:07,509 INFO     6600 12313 4.556968 69384.0
2025-05-19 21:43:13,979 INFO     6700 12313 4.494668 69384.0
2025-05-19 21:43:20,411 INFO     6800 12313 4.429420 69384.0
2025-05-19 21:43:26,858 INFO     6900 12313 4.522965 69384.0
2025-05-19 21:43:33,284 INFO     7000 12313 4.450504 69384.0
2025-05-19 21:43:39,695 INFO     7100 12313 4.460567 69384.0
2025-05-19 21:43:46,088 INFO     7200 12313 4.495242 69384.0
2025-05-19 21:43:52,501 INFO     7300 12313 4.523099 69123.8
2025-05-19 21:43:58,863 INFO     7400 12313 4.543358 69384.0
2025-05-19 21:44:05,112 INFO     7500 12313 4.490041 69384.0
2025-05-19 21:44:11,335 INFO     7600 12313 4.528165 69123.8
2025-05-19 21:44:17,563 INFO     7700 12313 4.497138 69384.0
2025-05-19 21:44:23,757 INFO     7800 12313 4.497148 69384.0
2025-05-19 21:44:29,983 INFO     7900 12313 4.450933 69384.0
2025-05-19 21:44:36,200 INFO     8000 12313 4.547702 69384.0
2025-05-19 21:44:42,451 INFO     8100 12313 4.439251 69384.0
2025-05-19 21:44:48,736 INFO     8200 12313 4.452184 69384.0
2025-05-19 21:44:54,981 INFO     8300 12313 4.522368 69384.0
2025-05-19 21:45:01,226 INFO     8400 12313 4.492225 69384.0
2025-05-19 21:45:07,488 INFO     8500 12313 4.526116 69384.0
2025-05-19 21:45:13,772 INFO     8600 12313 4.395594 69384.0
2025-05-19 21:45:20,103 INFO     8700 12313 4.358565 69384.0
2025-05-19 21:45:26,368 INFO     8800 12313 4.577695 69384.0
2025-05-19 21:45:32,629 INFO     8900 12313 4.508512 69384.0
2025-05-19 21:45:38,905 INFO     9000 12313 4.505103 69384.0
2025-05-19 21:45:45,121 INFO     9100 12313 4.477824 69210.5
2025-05-19 21:45:51,382 INFO     9200 12313 4.548610 69384.0
2025-05-19 21:45:57,648 INFO     9300 12313 4.461704 69384.0
2025-05-19 21:46:03,874 INFO     9400 12313 4.454634 68950.4
2025-05-19 21:46:10,145 INFO     9500 12313 4.395198 69384.0
2025-05-19 21:46:16,392 INFO     9600 12313 4.448184 68776.9
2025-05-19 21:46:22,611 INFO     9700 12313 4.532941 69384.0
2025-05-19 21:46:28,828 INFO     9800 12313 4.505950 69037.1
2025-05-19 21:46:35,007 INFO     9900 12313 4.547837 69384.0
2025-05-19 21:46:41,253 INFO     10000 12313 4.467571 69384.0
2025-05-19 21:46:41,253 INFO     >>>>> Predictor: Evaluating on valid
2025-05-19 21:47:06,759 INFO     Data : 3823
2025-05-19 21:47:06,760 INFO     Hit1 : 0.068009
2025-05-19 21:47:06,760 INFO     Hit3 : 0.141773
2025-05-19 21:47:06,760 INFO     Hit10: 0.270207
2025-05-19 21:47:06,760 INFO     MR   : 779.994115
2025-05-19 21:47:06,760 INFO     MRR  : 0.132395
2025-05-19 21:47:06,760 INFO     >>>>> Predictor: Evaluating on test
2025-05-19 21:47:36,222 INFO     Data : 4402
2025-05-19 21:47:36,222 INFO     Hit1 : 0.104044
2025-05-19 21:47:36,222 INFO     Hit3 : 0.172194
2025-05-19 21:47:36,222 INFO     Hit10: 0.287824
2025-05-19 21:47:36,222 INFO     MR   : 779.170831
2025-05-19 21:47:36,222 INFO     MRR  : 0.163014
2025-05-19 21:47:36,222 INFO     Save checkpoint to results/semmeddb/multitask/md/adaptive/predictor.pt
2025-05-19 21:47:36,226 INFO     -------------------------
2025-05-19 21:47:36,226 INFO     | Final Test MRR: 0.163014
2025-05-19 21:47:36,226 INFO     -------------------------
entity size:  8673
relation size:  20
Data loading | DONE!
mode:  adaptive
