2025-05-19 20:58:51,104 INFO     -------------------------
2025-05-19 20:58:51,105 INFO     | Pre-train Generator
2025-05-19 20:58:51,105 INFO     -------------------------
2025-05-19 20:58:51,217 INFO     >>>>> Generator: Training
2025-05-19 20:58:55,987 INFO     [E1000] Total: 1.643058 | Main: 1.659845 | Aux: 1.022676
2025-05-19 20:58:59,986 INFO     [E2000] Total: 1.570275 | Main: 1.570275 | Aux: 1.059192
2025-05-19 20:59:03,979 INFO     [E3000] Total: 1.562104 | Main: 1.562104 | Aux: 1.085715
2025-05-19 20:59:07,954 INFO     [E4000] Total: 1.555851 | Main: 1.555851 | Aux: 1.105886
2025-05-19 20:59:11,916 INFO     [E5000] Total: 1.549458 | Main: 1.549458 | Aux: 1.122566
2025-05-19 20:59:15,890 INFO     [E6000] Total: 1.546494 | Main: 1.546494 | Aux: 1.141758
2025-05-19 20:59:19,844 INFO     [E7000] Total: 1.546280 | Main: 1.546280 | Aux: 1.162009
2025-05-19 20:59:23,803 INFO     [E8000] Total: 1.545598 | Main: 1.545598 | Aux: 1.184543
2025-05-19 20:59:27,756 INFO     [E9000] Total: 1.543191 | Main: 1.543191 | Aux: 1.201229
2025-05-19 20:59:31,737 INFO     [E10000] Total: 1.542369 | Main: 1.542369 | Aux: 1.210144
2025-05-19 20:59:31,737 INFO     -------------------------
2025-05-19 20:59:31,737 INFO     | EM Iteration: 1/2
2025-05-19 20:59:31,738 INFO     -------------------------
2025-05-19 20:59:31,738 INFO     >>>>> Generator: Rule generation with sampling
2025-05-19 20:59:31,832 INFO     Predictor: read 474 rules from list.
2025-05-19 20:59:31,832 INFO     Preprocess training set
2025-05-19 20:59:31,832 INFO     >>>>> Predictor: Training
2025-05-19 20:59:33,437 INFO     100 12313 8.943219 69123.8
2025-05-19 20:59:34,970 INFO     200 12313 8.693129 69384.0
2025-05-19 20:59:36,497 INFO     300 12313 8.514333 69384.0
2025-05-19 20:59:38,024 INFO     400 12313 8.370762 69384.0
2025-05-19 20:59:39,546 INFO     500 12313 8.325098 69384.0
2025-05-19 20:59:41,080 INFO     600 12313 8.134297 69384.0
2025-05-19 20:59:42,617 INFO     700 12313 8.131978 69384.0
2025-05-19 20:59:44,153 INFO     800 12313 8.135054 69384.0
2025-05-19 20:59:45,668 INFO     900 12313 8.077690 69384.0
2025-05-19 20:59:47,197 INFO     1000 12313 7.915646 69384.0
2025-05-19 20:59:48,687 INFO     1100 12313 7.969739 69210.5
2025-05-19 20:59:50,189 INFO     1200 12313 7.944345 69384.0
2025-05-19 20:59:51,694 INFO     1300 12313 7.991566 69384.0
2025-05-19 20:59:53,201 INFO     1400 12313 7.918250 69384.0
2025-05-19 20:59:54,704 INFO     1500 12313 7.942685 69384.0
2025-05-19 20:59:56,179 INFO     1600 12313 7.895978 69384.0
2025-05-19 20:59:57,687 INFO     1700 12313 7.847575 69384.0
2025-05-19 20:59:59,202 INFO     1800 12313 7.760431 69037.1
2025-05-19 21:00:00,702 INFO     1900 12313 7.898729 69384.0
2025-05-19 21:00:02,185 INFO     2000 12313 7.733591 69384.0
2025-05-19 21:00:03,662 INFO     2100 12313 7.731946 69384.0
2025-05-19 21:00:05,152 INFO     2200 12313 7.712894 69384.0
2025-05-19 21:00:06,652 INFO     2300 12313 7.789661 69384.0
2025-05-19 21:00:08,139 INFO     2400 12313 7.736628 69384.0
2025-05-19 21:00:09,620 INFO     2500 12313 7.683762 69384.0
2025-05-19 21:00:11,126 INFO     2600 12313 7.706156 69384.0
2025-05-19 21:00:12,616 INFO     2700 12313 7.744720 69384.0
2025-05-19 21:00:14,133 INFO     2800 12313 7.576278 69384.0
2025-05-19 21:00:15,621 INFO     2900 12313 7.605603 69384.0
2025-05-19 21:00:17,135 INFO     3000 12313 7.677984 69384.0
2025-05-19 21:00:18,641 INFO     3100 12313 7.705465 68776.9
2025-05-19 21:00:20,174 INFO     3200 12313 7.598349 69384.0
2025-05-19 21:00:21,681 INFO     3300 12313 7.643213 69384.0
2025-05-19 21:00:23,185 INFO     3400 12313 7.608729 69384.0
2025-05-19 21:00:24,705 INFO     3500 12313 7.616832 69384.0
2025-05-19 21:00:26,220 INFO     3600 12313 7.559974 69384.0
2025-05-19 21:00:27,743 INFO     3700 12313 7.459787 69384.0
2025-05-19 21:00:29,273 INFO     3800 12313 7.557434 69384.0
2025-05-19 21:00:30,788 INFO     3900 12313 7.592382 69384.0
2025-05-19 21:00:32,298 INFO     4000 12313 7.562562 68950.4
2025-05-19 21:00:33,823 INFO     4100 12313 7.463440 69384.0
2025-05-19 21:00:35,355 INFO     4200 12313 7.497300 69384.0
2025-05-19 21:00:36,881 INFO     4300 12313 7.571174 69384.0
2025-05-19 21:00:38,396 INFO     4400 12313 7.483468 68863.6
2025-05-19 21:00:39,918 INFO     4500 12313 7.503937 69384.0
2025-05-19 21:00:41,426 INFO     4600 12313 7.459926 69384.0
2025-05-19 21:00:42,928 INFO     4700 12313 7.449386 69384.0
2025-05-19 21:00:44,443 INFO     4800 12313 7.468719 69384.0
2025-05-19 21:00:45,921 INFO     4900 12313 7.624122 69384.0
2025-05-19 21:00:47,431 INFO     5000 12313 7.547324 69384.0
2025-05-19 21:00:48,934 INFO     5100 12313 7.453246 69384.0
2025-05-19 21:00:50,436 INFO     5200 12313 7.413791 69384.0
2025-05-19 21:00:51,932 INFO     5300 12313 7.469598 69384.0
2025-05-19 21:00:53,450 INFO     5400 12313 7.583388 69384.0
2025-05-19 21:00:54,975 INFO     5500 12313 7.426378 69384.0
2025-05-19 21:00:56,486 INFO     5600 12313 7.465077 69384.0
2025-05-19 21:00:58,014 INFO     5700 12313 7.500994 69384.0
2025-05-19 21:00:59,543 INFO     5800 12313 7.367732 69384.0
2025-05-19 21:01:01,035 INFO     5900 12313 7.438797 69384.0
2025-05-19 21:01:02,595 INFO     6000 12313 7.389896 69384.0
2025-05-19 21:01:04,122 INFO     6100 12313 7.369004 69384.0
2025-05-19 21:01:05,660 INFO     6200 12313 7.391964 69384.0
2025-05-19 21:01:07,216 INFO     6300 12313 7.432068 69384.0
2025-05-19 21:01:08,756 INFO     6400 12313 7.356892 68950.4
2025-05-19 21:01:10,283 INFO     6500 12313 7.408020 69384.0
2025-05-19 21:01:11,807 INFO     6600 12313 7.453769 68950.4
2025-05-19 21:01:13,357 INFO     6700 12313 7.308763 69384.0
2025-05-19 21:01:14,909 INFO     6800 12313 7.296246 69384.0
2025-05-19 21:01:16,448 INFO     6900 12313 7.443675 69384.0
2025-05-19 21:01:17,987 INFO     7000 12313 7.393744 69384.0
2025-05-19 21:01:19,527 INFO     7100 12313 7.381012 69384.0
2025-05-19 21:01:21,066 INFO     7200 12313 7.423374 69384.0
2025-05-19 21:01:22,614 INFO     7300 12313 7.340503 69384.0
2025-05-19 21:01:24,144 INFO     7400 12313 7.361653 69384.0
2025-05-19 21:01:25,685 INFO     7500 12313 7.397573 68776.9
2025-05-19 21:01:27,220 INFO     7600 12313 7.295544 69384.0
2025-05-19 21:01:28,747 INFO     7700 12313 7.364297 69384.0
2025-05-19 21:01:30,283 INFO     7800 12313 7.372161 69384.0
2025-05-19 21:01:31,836 INFO     7900 12313 7.369971 69384.0
2025-05-19 21:01:33,335 INFO     8000 12313 7.324523 69384.0
2025-05-19 21:01:34,864 INFO     8100 12313 7.317986 69384.0
2025-05-19 21:01:36,398 INFO     8200 12313 7.376336 69384.0
2025-05-19 21:01:37,935 INFO     8300 12313 7.361533 69123.8
2025-05-19 21:01:39,460 INFO     8400 12313 7.300101 69384.0
2025-05-19 21:01:40,993 INFO     8500 12313 7.273876 69384.0
2025-05-19 21:01:42,536 INFO     8600 12313 7.356245 69384.0
2025-05-19 21:01:44,059 INFO     8700 12313 7.275810 69384.0
2025-05-19 21:01:45,620 INFO     8800 12313 7.311526 69384.0
2025-05-19 21:01:47,160 INFO     8900 12313 7.252022 69384.0
2025-05-19 21:01:48,689 INFO     9000 12313 7.333472 69384.0
2025-05-19 21:01:50,207 INFO     9100 12313 7.274763 69384.0
2025-05-19 21:01:51,728 INFO     9200 12313 7.296934 69384.0
2025-05-19 21:01:53,256 INFO     9300 12313 7.388854 69384.0
2025-05-19 21:01:54,805 INFO     9400 12313 7.280098 69384.0
2025-05-19 21:01:56,313 INFO     9500 12313 7.328296 69384.0
2025-05-19 21:01:57,836 INFO     9600 12313 7.302262 69384.0
2025-05-19 21:01:59,346 INFO     9700 12313 7.420426 69037.1
2025-05-19 21:02:00,847 INFO     9800 12313 7.343462 69210.5
2025-05-19 21:02:02,344 INFO     9900 12313 7.284826 69384.0
2025-05-19 21:02:03,865 INFO     10000 12313 7.325669 69384.0
2025-05-19 21:02:03,865 INFO     >>>>> Predictor: Evaluating on valid
2025-05-19 21:02:09,218 INFO     Data : 3823
2025-05-19 21:02:09,218 INFO     Hit1 : 0.022234
2025-05-19 21:02:09,218 INFO     Hit3 : 0.047868
2025-05-19 21:02:09,218 INFO     Hit10: 0.094428
2025-05-19 21:02:09,218 INFO     MR   : 1182.148313
2025-05-19 21:02:09,218 INFO     MRR  : 0.048184
2025-05-19 21:02:09,219 INFO     >>>>> Predictor: Evaluating on test
2025-05-19 21:02:15,384 INFO     Data : 4402
2025-05-19 21:02:15,384 INFO     Hit1 : 0.031577
2025-05-19 21:02:15,384 INFO     Hit3 : 0.057474
2025-05-19 21:02:15,384 INFO     Hit10: 0.094730
2025-05-19 21:02:15,384 INFO     MR   : 1174.581440
2025-05-19 21:02:15,384 INFO     MRR  : 0.055721
2025-05-19 21:02:15,384 INFO     >>>>> Predictor: Computing H scores of rules
2025-05-19 21:02:30,446 INFO     1000 12313
2025-05-19 21:02:45,538 INFO     2000 12313
2025-05-19 21:03:00,588 INFO     3000 12313
2025-05-19 21:03:15,799 INFO     4000 12313
2025-05-19 21:03:31,002 INFO     5000 12313
2025-05-19 21:03:46,136 INFO     6000 12313
2025-05-19 21:04:01,259 INFO     7000 12313
2025-05-19 21:04:16,363 INFO     8000 12313
2025-05-19 21:04:31,518 INFO     9000 12313
2025-05-19 21:04:46,611 INFO     10000 12313
2025-05-19 21:05:01,696 INFO     11000 12313
2025-05-19 21:05:16,882 INFO     12000 12313
2025-05-19 21:05:21,621 INFO     >>>>> Generator: Training
2025-05-19 21:05:21,995 INFO     -------------------------
2025-05-19 21:05:21,995 INFO     | EM Iteration: 2/2
2025-05-19 21:05:21,995 INFO     -------------------------
2025-05-19 21:05:21,995 INFO     >>>>> Generator: Rule generation with sampling
2025-05-19 21:05:22,038 INFO     Predictor: read 493 rules from list.
2025-05-19 21:05:22,038 INFO     Preprocess training set
2025-05-19 21:05:22,038 INFO     >>>>> Predictor: Training
2025-05-19 21:05:23,621 INFO     100 12313 8.970711 69384.0
2025-05-19 21:05:25,159 INFO     200 12313 8.718550 69384.0
2025-05-19 21:05:26,668 INFO     300 12313 8.551741 69384.0
2025-05-19 21:05:28,206 INFO     400 12313 8.416161 69384.0
2025-05-19 21:05:29,726 INFO     500 12313 8.325052 69384.0
2025-05-19 21:05:31,272 INFO     600 12313 8.225206 69384.0
2025-05-19 21:05:32,855 INFO     700 12313 8.152558 69384.0
2025-05-19 21:05:34,418 INFO     800 12313 8.125529 69210.5
2025-05-19 21:05:35,961 INFO     900 12313 8.063495 69384.0
2025-05-19 21:05:37,538 INFO     1000 12313 8.106541 69384.0
2025-05-19 21:05:39,103 INFO     1100 12313 7.986645 68776.9
2025-05-19 21:05:40,678 INFO     1200 12313 7.946687 69384.0
2025-05-19 21:05:42,263 INFO     1300 12313 7.954281 69384.0
2025-05-19 21:05:43,814 INFO     1400 12313 7.905817 69210.5
2025-05-19 21:05:45,398 INFO     1500 12313 7.969344 69384.0
2025-05-19 21:05:46,996 INFO     1600 12313 7.829228 69384.0
2025-05-19 21:05:48,634 INFO     1700 12313 7.800895 69384.0
2025-05-19 21:05:50,263 INFO     1800 12313 7.882183 69384.0
2025-05-19 21:05:51,832 INFO     1900 12313 7.781248 69123.8
2025-05-19 21:05:53,357 INFO     2000 12313 7.741677 69384.0
2025-05-19 21:05:54,904 INFO     2100 12313 7.744691 69384.0
2025-05-19 21:05:56,457 INFO     2200 12313 7.754600 69384.0
2025-05-19 21:05:58,006 INFO     2300 12313 7.793803 68516.7
2025-05-19 21:05:59,542 INFO     2400 12313 7.667316 68950.4
2025-05-19 21:06:01,087 INFO     2500 12313 7.716171 69384.0
2025-05-19 21:06:02,622 INFO     2600 12313 7.733629 69384.0
2025-05-19 21:06:04,174 INFO     2700 12313 7.742730 69384.0
2025-05-19 21:06:05,727 INFO     2800 12313 7.637345 69384.0
2025-05-19 21:06:07,253 INFO     2900 12313 7.657007 69384.0
2025-05-19 21:06:08,824 INFO     3000 12313 7.670410 69384.0
2025-05-19 21:06:10,341 INFO     3100 12313 7.593325 69384.0
2025-05-19 21:06:11,886 INFO     3200 12313 7.596382 69384.0
2025-05-19 21:06:13,430 INFO     3300 12313 7.686342 69384.0
2025-05-19 21:06:14,978 INFO     3400 12313 7.592172 69384.0
2025-05-19 21:06:16,537 INFO     3500 12313 7.551041 69384.0
2025-05-19 21:06:18,062 INFO     3600 12313 7.591723 68950.4
2025-05-19 21:06:19,629 INFO     3700 12313 7.621357 69384.0
2025-05-19 21:06:21,185 INFO     3800 12313 7.533022 69384.0
2025-05-19 21:06:22,747 INFO     3900 12313 7.521916 69384.0
2025-05-19 21:06:24,336 INFO     4000 12313 7.559821 69384.0
2025-05-19 21:06:25,927 INFO     4100 12313 7.555161 69384.0
2025-05-19 21:06:27,509 INFO     4200 12313 7.516752 69384.0
2025-05-19 21:06:29,098 INFO     4300 12313 7.482811 69384.0
2025-05-19 21:06:30,682 INFO     4400 12313 7.550878 69384.0
2025-05-19 21:06:32,241 INFO     4500 12313 7.563481 69384.0
2025-05-19 21:06:33,783 INFO     4600 12313 7.568692 69384.0
2025-05-19 21:06:35,342 INFO     4700 12313 7.537196 69210.5
2025-05-19 21:06:36,909 INFO     4800 12313 7.508173 69384.0
2025-05-19 21:06:38,491 INFO     4900 12313 7.415850 69384.0
2025-05-19 21:06:40,037 INFO     5000 12313 7.450339 69384.0
2025-05-19 21:06:41,595 INFO     5100 12313 7.420396 69384.0
2025-05-19 21:06:43,136 INFO     5200 12313 7.474242 69384.0
2025-05-19 21:06:44,703 INFO     5300 12313 7.454684 69123.8
2025-05-19 21:06:46,235 INFO     5400 12313 7.437001 69384.0
2025-05-19 21:06:47,769 INFO     5500 12313 7.454747 69384.0
2025-05-19 21:06:49,318 INFO     5600 12313 7.523316 69384.0
2025-05-19 21:06:50,875 INFO     5700 12313 7.354961 69384.0
2025-05-19 21:06:52,420 INFO     5800 12313 7.393255 69384.0
2025-05-19 21:06:53,933 INFO     5900 12313 7.537490 69384.0
2025-05-19 21:06:55,484 INFO     6000 12313 7.384220 69384.0
2025-05-19 21:06:57,021 INFO     6100 12313 7.375468 69384.0
2025-05-19 21:06:58,573 INFO     6200 12313 7.421796 69384.0
2025-05-19 21:07:00,124 INFO     6300 12313 7.446371 69384.0
2025-05-19 21:07:01,689 INFO     6400 12313 7.374458 69384.0
2025-05-19 21:07:03,261 INFO     6500 12313 7.372530 69384.0
2025-05-19 21:07:04,829 INFO     6600 12313 7.515072 69384.0
2025-05-19 21:07:06,418 INFO     6700 12313 7.409932 69384.0
2025-05-19 21:07:07,974 INFO     6800 12313 7.357121 69384.0
2025-05-19 21:07:09,530 INFO     6900 12313 7.463524 69210.5
2025-05-19 21:07:11,122 INFO     7000 12313 7.396869 69384.0
2025-05-19 21:07:12,706 INFO     7100 12313 7.383466 69384.0
2025-05-19 21:07:14,273 INFO     7200 12313 7.428644 69384.0
2025-05-19 21:07:15,837 INFO     7300 12313 7.379987 69384.0
2025-05-19 21:07:17,425 INFO     7400 12313 7.410066 69384.0
2025-05-19 21:07:18,994 INFO     7500 12313 7.353539 69384.0
2025-05-19 21:07:20,577 INFO     7600 12313 7.356185 69384.0
2025-05-19 21:07:22,158 INFO     7700 12313 7.412225 69384.0
2025-05-19 21:07:23,680 INFO     7800 12313 7.459271 69384.0
2025-05-19 21:07:25,249 INFO     7900 12313 7.340811 69384.0
2025-05-19 21:07:26,782 INFO     8000 12313 7.398796 69384.0
2025-05-19 21:07:28,343 INFO     8100 12313 7.296116 69384.0
2025-05-19 21:07:29,880 INFO     8200 12313 7.335127 68776.9
2025-05-19 21:07:31,424 INFO     8300 12313 7.430652 69384.0
2025-05-19 21:07:32,954 INFO     8400 12313 7.393793 69384.0
2025-05-19 21:07:34,487 INFO     8500 12313 7.372155 68776.9
2025-05-19 21:07:36,020 INFO     8600 12313 7.372409 69384.0
2025-05-19 21:07:37,561 INFO     8700 12313 7.388795 69384.0
2025-05-19 21:07:39,090 INFO     8800 12313 7.428015 69384.0
2025-05-19 21:07:40,636 INFO     8900 12313 7.267917 69384.0
2025-05-19 21:07:42,159 INFO     9000 12313 7.309693 69384.0
2025-05-19 21:07:43,698 INFO     9100 12313 7.329770 69037.1
2025-05-19 21:07:45,201 INFO     9200 12313 7.357453 69384.0
2025-05-19 21:07:46,741 INFO     9300 12313 7.370670 69384.0
2025-05-19 21:07:48,276 INFO     9400 12313 7.346910 69123.8
2025-05-19 21:07:49,835 INFO     9500 12313 7.416439 69384.0
2025-05-19 21:07:51,373 INFO     9600 12313 7.352838 69384.0
2025-05-19 21:07:52,905 INFO     9700 12313 7.374617 69384.0
2025-05-19 21:07:54,483 INFO     9800 12313 7.223111 69384.0
2025-05-19 21:07:56,020 INFO     9900 12313 7.364971 69384.0
2025-05-19 21:07:57,605 INFO     10000 12313 7.281835 69384.0
2025-05-19 21:07:57,605 INFO     >>>>> Predictor: Evaluating on valid
2025-05-19 21:08:04,061 INFO     Data : 3823
2025-05-19 21:08:04,061 INFO     Hit1 : 0.028250
2025-05-19 21:08:04,061 INFO     Hit3 : 0.060162
2025-05-19 21:08:04,061 INFO     Hit10: 0.108292
2025-05-19 21:08:04,061 INFO     MR   : 1188.510594
2025-05-19 21:08:04,061 INFO     MRR  : 0.057274
2025-05-19 21:08:04,061 INFO     >>>>> Predictor: Evaluating on test
2025-05-19 21:08:11,336 INFO     Data : 4402
2025-05-19 21:08:11,337 INFO     Hit1 : 0.038392
2025-05-19 21:08:11,337 INFO     Hit3 : 0.064743
2025-05-19 21:08:11,337 INFO     Hit10: 0.111086
2025-05-19 21:08:11,337 INFO     MR   : 1195.733530
2025-05-19 21:08:11,337 INFO     MRR  : 0.063682
2025-05-19 21:08:11,337 INFO     >>>>> Predictor: Computing H scores of rules
2025-05-19 21:08:26,791 INFO     1000 12313
2025-05-19 21:08:42,224 INFO     2000 12313
2025-05-19 21:08:57,744 INFO     3000 12313
2025-05-19 21:09:13,278 INFO     4000 12313
2025-05-19 21:09:28,785 INFO     5000 12313
2025-05-19 21:09:44,408 INFO     6000 12313
2025-05-19 21:10:00,137 INFO     7000 12313
2025-05-19 21:10:15,885 INFO     8000 12313
2025-05-19 21:10:31,606 INFO     9000 12313
2025-05-19 21:10:47,279 INFO     10000 12313
2025-05-19 21:11:03,056 INFO     11000 12313
2025-05-19 21:11:18,819 INFO     12000 12313
2025-05-19 21:11:23,742 INFO     >>>>> Generator: Training
2025-05-19 21:11:24,131 INFO     -------------------------
2025-05-19 21:11:24,131 INFO     | Post-train Generator
2025-05-19 21:11:24,131 INFO     -------------------------
2025-05-19 21:11:24,132 INFO     >>>>> Generator: Training
2025-05-19 21:11:27,952 INFO     [E1000] Total: 1.567891 | Main: 1.573861 | Aux: 1.119651
2025-05-19 21:11:27,952 INFO     -------------------------
2025-05-19 21:11:27,953 INFO     | Beam Search Best Rules
2025-05-19 21:11:27,953 INFO     -------------------------
2025-05-19 21:11:27,953 INFO     >>>>> Generator: Rule generation with beam search
2025-05-19 21:11:28,130 INFO     >>>>> Generator: Rule generation with beam search
2025-05-19 21:11:28,559 INFO     >>>>> Generator: Rule generation with beam search
2025-05-19 21:11:29,591 INFO     >>>>> Generator: Rule generation with beam search
2025-05-19 21:11:30,542 INFO     >>>>> Generator: Rule generation with beam search
2025-05-19 21:11:31,758 INFO     -------------------------
2025-05-19 21:11:31,758 INFO     | Train Final Predictor+
2025-05-19 21:11:31,758 INFO     -------------------------
2025-05-19 21:11:31,760 INFO     Predictor+: read 3220 rules from list.
2025-05-19 21:11:31,843 INFO     Preprocess training set
2025-05-19 21:11:31,844 INFO     -------------------------
2025-05-19 21:11:31,844 INFO     | Iteration: 1/1
2025-05-19 21:11:31,844 INFO     -------------------------
2025-05-19 21:11:31,844 INFO     >>>>> Predictor: Training
2025-05-19 21:11:38,440 INFO     100 12313 5.500677 69384.0
2025-05-19 21:11:44,959 INFO     200 12313 4.836516 69384.0
2025-05-19 21:11:51,482 INFO     300 12313 4.623482 69384.0
2025-05-19 21:11:57,996 INFO     400 12313 4.721343 69384.0
2025-05-19 21:12:04,551 INFO     500 12313 4.614899 69384.0
2025-05-19 21:12:11,068 INFO     600 12313 4.490916 69384.0
2025-05-19 21:12:17,495 INFO     700 12313 4.553367 69384.0
2025-05-19 21:12:23,955 INFO     800 12313 4.564852 69384.0
2025-05-19 21:12:30,436 INFO     900 12313 4.586852 69384.0
2025-05-19 21:12:36,884 INFO     1000 12313 4.568631 69384.0
2025-05-19 21:12:43,332 INFO     1100 12313 4.504885 69384.0
2025-05-19 21:12:49,793 INFO     1200 12313 4.523501 69384.0
2025-05-19 21:12:56,288 INFO     1300 12313 4.558565 69384.0
2025-05-19 21:13:02,767 INFO     1400 12313 4.553344 69384.0
2025-05-19 21:13:09,263 INFO     1500 12313 4.484431 69384.0
2025-05-19 21:13:15,800 INFO     1600 12313 4.551731 69384.0
2025-05-19 21:13:22,356 INFO     1700 12313 4.493309 69384.0
2025-05-19 21:13:28,957 INFO     1800 12313 4.608786 69384.0
2025-05-19 21:13:35,531 INFO     1900 12313 4.541650 69384.0
2025-05-19 21:13:42,123 INFO     2000 12313 4.535066 69384.0
2025-05-19 21:13:48,712 INFO     2100 12313 4.505387 69384.0
2025-05-19 21:13:55,301 INFO     2200 12313 4.568970 68863.6
2025-05-19 21:14:01,938 INFO     2300 12313 4.523554 69384.0
2025-05-19 21:14:08,563 INFO     2400 12313 4.474496 69210.5
2025-05-19 21:14:15,174 INFO     2500 12313 4.600325 69384.0
2025-05-19 21:14:21,842 INFO     2600 12313 4.632206 69384.0
2025-05-19 21:14:28,429 INFO     2700 12313 4.485083 68776.9
2025-05-19 21:14:35,027 INFO     2800 12313 4.468016 69384.0
2025-05-19 21:14:41,559 INFO     2900 12313 4.545459 69384.0
2025-05-19 21:14:48,200 INFO     3000 12313 4.402300 69384.0
2025-05-19 21:14:54,783 INFO     3100 12313 4.487928 69384.0
2025-05-19 21:15:01,416 INFO     3200 12313 4.490144 69384.0
2025-05-19 21:15:08,004 INFO     3300 12313 4.477010 68776.9
2025-05-19 21:15:14,631 INFO     3400 12313 4.479336 69384.0
2025-05-19 21:15:21,250 INFO     3500 12313 4.582321 69384.0
2025-05-19 21:15:27,904 INFO     3600 12313 4.506177 69384.0
2025-05-19 21:15:34,536 INFO     3700 12313 4.448203 69384.0
2025-05-19 21:15:41,266 INFO     3800 12313 4.469128 69384.0
2025-05-19 21:15:47,908 INFO     3900 12313 4.530106 69384.0
2025-05-19 21:15:54,469 INFO     4000 12313 4.470349 69384.0
2025-05-19 21:16:01,116 INFO     4100 12313 4.537565 69384.0
2025-05-19 21:16:07,711 INFO     4200 12313 4.528741 69384.0
2025-05-19 21:16:14,349 INFO     4300 12313 4.480886 69384.0
2025-05-19 21:16:20,978 INFO     4400 12313 4.483080 69384.0
2025-05-19 21:16:27,568 INFO     4500 12313 4.582829 69384.0
2025-05-19 21:16:34,198 INFO     4600 12313 4.449364 69384.0
2025-05-19 21:16:40,809 INFO     4700 12313 4.440536 69384.0
2025-05-19 21:16:47,425 INFO     4800 12313 4.499826 69384.0
2025-05-19 21:16:54,048 INFO     4900 12313 4.537704 69384.0
2025-05-19 21:17:00,664 INFO     5000 12313 4.452687 69384.0
2025-05-19 21:17:07,260 INFO     5100 12313 4.542597 69384.0
2025-05-19 21:17:13,849 INFO     5200 12313 4.554844 69384.0
2025-05-19 21:17:20,476 INFO     5300 12313 4.503459 69384.0
2025-05-19 21:17:27,116 INFO     5400 12313 4.511354 69384.0
2025-05-19 21:17:33,754 INFO     5500 12313 4.461107 68950.4
2025-05-19 21:17:40,366 INFO     5600 12313 4.523871 69384.0
2025-05-19 21:17:46,994 INFO     5700 12313 4.511791 69384.0
2025-05-19 21:17:53,699 INFO     5800 12313 4.495996 69384.0
2025-05-19 21:18:00,296 INFO     5900 12313 4.492484 69210.5
2025-05-19 21:18:06,787 INFO     6000 12313 4.516808 69384.0
2025-05-19 21:18:13,285 INFO     6100 12313 4.525747 69384.0
2025-05-19 21:18:19,801 INFO     6200 12313 4.583491 69210.5
2025-05-19 21:18:26,431 INFO     6300 12313 4.417900 69384.0
2025-05-19 21:18:32,968 INFO     6400 12313 4.435838 69384.0
2025-05-19 21:18:39,476 INFO     6500 12313 4.497941 69384.0
2025-05-19 21:18:45,959 INFO     6600 12313 4.538142 69384.0
2025-05-19 21:18:52,497 INFO     6700 12313 4.480487 69384.0
2025-05-19 21:18:59,062 INFO     6800 12313 4.423971 69384.0
2025-05-19 21:19:05,587 INFO     6900 12313 4.515001 69384.0
2025-05-19 21:19:12,121 INFO     7000 12313 4.444650 69384.0
2025-05-19 21:19:18,635 INFO     7100 12313 4.446448 69384.0
2025-05-19 21:19:25,128 INFO     7200 12313 4.484011 69384.0
2025-05-19 21:19:31,647 INFO     7300 12313 4.519959 69123.8
2025-05-19 21:19:38,141 INFO     7400 12313 4.543506 69384.0
2025-05-19 21:19:44,742 INFO     7500 12313 4.482439 69384.0
2025-05-19 21:19:51,228 INFO     7600 12313 4.507878 69123.8
2025-05-19 21:19:57,779 INFO     7700 12313 4.488547 69384.0
2025-05-19 21:20:04,303 INFO     7800 12313 4.478693 69384.0
2025-05-19 21:20:10,836 INFO     7900 12313 4.450534 69384.0
2025-05-19 21:20:17,380 INFO     8000 12313 4.530174 69384.0
2025-05-19 21:20:23,976 INFO     8100 12313 4.435378 69384.0
2025-05-19 21:20:30,506 INFO     8200 12313 4.444560 69384.0
2025-05-19 21:20:37,021 INFO     8300 12313 4.505383 69384.0
2025-05-19 21:20:43,529 INFO     8400 12313 4.492624 69384.0
2025-05-19 21:20:50,152 INFO     8500 12313 4.520760 69384.0
2025-05-19 21:20:56,751 INFO     8600 12313 4.395986 69384.0
2025-05-19 21:21:03,294 INFO     8700 12313 4.344078 69384.0
2025-05-19 21:21:09,890 INFO     8800 12313 4.570675 69384.0
2025-05-19 21:21:16,432 INFO     8900 12313 4.497366 69384.0
2025-05-19 21:21:22,953 INFO     9000 12313 4.493542 69384.0
2025-05-19 21:21:29,466 INFO     9100 12313 4.475215 69210.5
2025-05-19 21:21:35,976 INFO     9200 12313 4.545845 69384.0
2025-05-19 21:21:42,529 INFO     9300 12313 4.466806 69384.0
2025-05-19 21:21:49,081 INFO     9400 12313 4.435821 68950.4
2025-05-19 21:21:55,598 INFO     9500 12313 4.391675 69384.0
2025-05-19 21:22:02,094 INFO     9600 12313 4.441175 68776.9
2025-05-19 21:22:08,614 INFO     9700 12313 4.520657 69384.0
2025-05-19 21:22:15,177 INFO     9800 12313 4.492975 69037.1
2025-05-19 21:22:21,659 INFO     9900 12313 4.542677 69384.0
2025-05-19 21:22:28,220 INFO     10000 12313 4.453979 69384.0
2025-05-19 21:22:28,220 INFO     >>>>> Predictor: Evaluating on valid
2025-05-19 21:22:54,505 INFO     Data : 3823
2025-05-19 21:22:54,505 INFO     Hit1 : 0.066702
2025-05-19 21:22:54,505 INFO     Hit3 : 0.142820
2025-05-19 21:22:54,505 INFO     Hit10: 0.272299
2025-05-19 21:22:54,505 INFO     MR   : 770.874183
2025-05-19 21:22:54,505 INFO     MRR  : 0.132082
2025-05-19 21:22:54,506 INFO     >>>>> Predictor: Evaluating on test
2025-05-19 21:23:24,853 INFO     Data : 4402
2025-05-19 21:23:24,853 INFO     Hit1 : 0.103362
2025-05-19 21:23:24,853 INFO     Hit3 : 0.173103
2025-05-19 21:23:24,853 INFO     Hit10: 0.291913
2025-05-19 21:23:24,853 INFO     MR   : 763.066447
2025-05-19 21:23:24,853 INFO     MRR  : 0.163001
2025-05-19 21:23:24,854 INFO     Save checkpoint to results/semmeddb/multitask/md/schedule/predictor.pt
2025-05-19 21:23:24,857 INFO     -------------------------
2025-05-19 21:23:24,857 INFO     | Final Test MRR: 0.163001
2025-05-19 21:23:24,857 INFO     -------------------------
entity size:  8673
relation size:  20
Data loading | DONE!
mode:  schedule
