2025-06-29 23:51:33,517 INFO     Data loading | DONE!
2025-06-29 23:51:33,611 INFO     Using full datasets for training, validation, and testing.
2025-06-29 23:51:33,726 INFO     -------------------------
2025-06-29 23:51:33,726 INFO     | EM Iteration: 1/5
2025-06-29 23:51:33,726 INFO     -------------------------
2025-06-29 23:51:33,726 INFO     >>>>> Using miner's rule
2025-06-29 23:51:33,798 INFO     Predictor: read 13661 rules from list.
2025-06-29 23:51:34,464 INFO     Preprocess training set
2025-06-29 23:51:34,527 INFO     >>>>> Predictor: Training
2025-06-29 23:59:58,332 INFO     1000 5959 8.299284 69314.6
2025-06-30 00:08:15,818 INFO     2000 5959 7.689227 69271.3
2025-06-30 00:16:14,983 INFO     3000 5959 7.425850 69245.2
2025-06-30 00:24:26,084 INFO     4000 5959 7.285955 69340.6
2025-06-30 00:32:38,156 INFO     5000 5959 7.136692 69340.6
2025-06-30 00:40:29,612 INFO     >>>>> Predictor: Evaluating on valid
2025-06-30 00:42:31,444 INFO     Data : 2077
2025-06-30 00:42:31,444 INFO     Hit1 : 0.065479
2025-06-30 00:42:31,444 INFO     Hit3 : 0.127106
2025-06-30 00:42:31,444 INFO     Hit10: 0.199326
2025-06-30 00:42:31,444 INFO     MR   : 1120.920077
2025-06-30 00:42:31,444 INFO     MRR  : 0.114382
2025-06-30 00:42:31,444 INFO     >>>>> Predictor: Evaluating on test
2025-06-30 00:44:46,669 INFO     Data : 2342
2025-06-30 00:44:46,669 INFO     Hit1 : 0.078992
2025-06-30 00:44:46,669 INFO     Hit3 : 0.124253
2025-06-30 00:44:46,669 INFO     Hit10: 0.208796
2025-06-30 00:44:46,669 INFO     MR   : 1044.279889
2025-06-30 00:44:46,669 INFO     MRR  : 0.122250
2025-06-30 00:44:46,670 INFO     >>>>> Predictor: Computing H scores of rules
2025-06-30 01:16:02,210 INFO     1000 5959
2025-06-30 01:46:52,591 INFO     2000 5959
2025-06-30 02:17:00,132 INFO     3000 5959
2025-06-30 02:47:18,244 INFO     4000 5959
2025-06-30 03:17:47,038 INFO     5000 5959
