2025-06-19 21:18:28 INFO     Predictor: read 1242 rules from list.
2025-06-19 21:23:29 INFO     Predictor: read 1338 rules from list.
2025-06-19 21:28:54 INFO     Predictor: read 1421 rules from list.
2025-06-19 21:34:50 INFO     Predictor: read 1458 rules from list.
2025-06-19 21:40:51 INFO     Predictor: read 1543 rules from list.
2025-06-19 21:47:18 INFO     Predictor+: read 18420 rules from list.
04 | Main: 1.652045 | Aux: 0.675700
2025-06-19 21:17:42 INFO     [E2000] Total: 1.302015 | Main: 1.567116 | Aux: 0.641151
2025-06-19 21:17:48 INFO     [E3000] Total: 1.297417 | Main: 1.561369 | Aux: 0.638421
2025-06-19 21:17:54 INFO     [E4000] Total: 1.291646 | Main: 1.554426 | Aux: 0.635557
2025-06-19 21:17:59 INFO     [E5000] Total: 1.286992 | Main: 1.548917 | Aux: 0.633842
2025-06-19 21:18:05 INFO     [E6000] Total: 1.287281 | Main: 1.548942 | Aux: 0.633145
2025-06-19 21:18:11 INFO     [E7000] Total: 1.284601 | Main: 1.546103 | Aux: 0.632213
2025-06-19 21:18:17 INFO     [E8000] Total: 1.284039 | Main: 1.545338 | Aux: 0.632716
2025-06-19 21:18:22 INFO     [E9000] Total: 1.283000 | Main: 1.543921 | Aux: 0.631320
2025-06-19 21:18:28 INFO     [E10000] Total: 1.279053 | Main: 1.539336 | Aux: 0.630484
2025-06-19 21:18:28 INFO     -------------------------
2025-06-19 21:18:28 INFO     | EM Iteration: 1/5
2025-06-19 21:18:28 INFO     -------------------------
2025-06-19 21:18:28 INFO     >>>>> Generator: Rule generation with sampling
2025-06-19 21:18:28 INFO     Predictor: read 1242 rules from list.
2025-06-19 21:18:28 INFO     Initializing distributed process group
2025-06-19 21:18:28 INFO     Preprocess training set
2025-06-19 21:18:28 INFO     >>>>> Predictor: Training
2025-06-19 21:19:06 INFO     1000 2980 265.371699 69305.9
2025-06-19 21:19:42 INFO     2000 2980 264.123471 69297.3
2025-06-19 21:20:18 INFO     >>>>> Predictor: Evaluating on valid
2025-06-19 21:20:21 INFO     Data : 2077
2025-06-19 21:20:21 INFO     Hit1 : 0.037073
2025-06-19 21:20:21 INFO     Hit3 : 0.070294
2025-06-19 21:20:21 INFO     Hit10: 0.129032
2025-06-19 21:20:21 INFO     MR   : 1299.652383
2025-06-19 21:20:21 INFO     MRR  : 0.068294
2025-06-19 21:20:21 INFO     >>>>> Predictor: Evaluating on test
2025-06-19 21:20:25 INFO     Data : 2342
2025-06-19 21:20:25 INFO     Hit1 : 0.047234
2025-06-19 21:20:25 INFO     Hit3 : 0.085532
2025-06-19 21:20:25 INFO     Hit10: 0.137872
2025-06-19 21:20:25 INFO     MR   : 1201.986170
2025-06-19 21:20:25 INFO     MRR  : 0.078805
2025-06-19 21:20:25 INFO     >>>>> Predictor: Computing H scores of rules
2025-06-19 21:21:27 INFO     1000 2980
2025-06-19 21:22:28 INFO     2000 2980
2025-06-19 21:23:28 INFO     >>>>> Generator: Training
2025-06-19 21:23:29 INFO     -------------------------
2025-06-19 21:23:29 INFO     | EM Iteration: 2/5
2025-06-19 21:23:29 INFO     -------------------------
2025-06-19 21:23:29 INFO     >>>>> Generator: Rule generation with sampling
2025-06-19 21:23:29 INFO     Predictor: read 1338 rules from list.
2025-06-19 21:23:29 INFO     Preprocess training set
2025-06-19 21:23:29 INFO     >>>>> Predictor: Training
2025-06-19 21:24:08 INFO     1000 2980 267.941479 69349.3
2025-06-19 21:24:48 INFO     2000 2980 254.654173 69227.9
2025-06-19 21:25:26 INFO     >>>>> Predictor: Evaluating on valid
2025-06-19 21:25:30 INFO     Data : 2077
2025-06-19 21:25:30 INFO     Hit1 : 0.040443
2025-06-19 21:25:30 INFO     Hit3 : 0.078960
2025-06-19 21:25:30 INFO     Hit10: 0.142995
2025-06-19 21:25:30 INFO     MR   : 1264.508185
2025-06-19 21:25:30 INFO     MRR  : 0.075904
2025-06-19 21:25:30 INFO     >>>>> Predictor: Evaluating on test
2025-06-19 21:25:35 INFO     Data : 2342
2025-06-19 21:25:35 INFO     Hit1 : 0.052766
2025-06-19 21:25:35 INFO     Hit3 : 0.088085
2025-06-19 21:25:35 INFO     Hit10: 0.146809
2025-06-19 21:25:35 INFO     MR   : 1155.588298
2025-06-19 21:25:35 INFO     MRR  : 0.086692
2025-06-19 21:25:35 INFO     >>>>> Predictor: Computing H scores of rules
2025-06-19 21:26:41 INFO     1000 2980
2025-06-19 21:27:48 INFO     2000 2980
2025-06-19 21:28:53 INFO     >>>>> Generator: Training
2025-06-19 21:28:54 INFO     -------------------------
2025-06-19 21:28:54 INFO     | EM Iteration: 3/5
2025-06-19 21:28:54 INFO     -------------------------
2025-06-19 21:28:54 INFO     >>>>> Generator: Rule generation with sampling
2025-06-19 21:28:54 INFO     Predictor: read 1421 rules from list.
2025-06-19 21:28:54 INFO     Preprocess training set
2025-06-19 21:28:54 INFO     >>>>> Predictor: Training
2025-06-19 21:29:33 INFO     1000 2980 286.096094 69323.3
2025-06-19 21:30:13 INFO     2000 2980 244.041902 69358.0
2025-06-19 21:30:53 INFO     >>>>> Predictor: Evaluating on valid
2025-06-19 21:30:57 INFO     Data : 2077
2025-06-19 21:30:57 INFO     Hit1 : 0.043332
2025-06-19 21:30:57 INFO     Hit3 : 0.077997
2025-06-19 21:30:57 INFO     Hit10: 0.142513
2025-06-19 21:30:57 INFO     MR   : 1236.623495
2025-06-19 21:30:57 INFO     MRR  : 0.078791
2025-06-19 21:30:57 INFO     >>>>> Predictor: Evaluating on test
2025-06-19 21:31:03 INFO     Data : 2342
2025-06-19 21:31:03 INFO     Hit1 : 0.049787
2025-06-19 21:31:03 INFO     Hit3 : 0.082128
2025-06-19 21:31:03 INFO     Hit10: 0.151489
2025-06-19 21:31:03 INFO     MR   : 1153.715106
2025-06-19 21:31:03 INFO     MRR  : 0.083546
2025-06-19 21:31:03 INFO     >>>>> Predictor: Computing H scores of rules
2025-06-19 21:32:19 INFO     1000 2980
2025-06-19 21:33:35 INFO     2000 2980
2025-06-19 21:34:49 INFO     >>>>> Generator: Training
2025-06-19 21:34:50 INFO     -------------------------
2025-06-19 21:34:50 INFO     | EM Iteration: 4/5
2025-06-19 21:34:50 INFO     -------------------------
2025-06-19 21:34:50 INFO     >>>>> Generator: Rule generation with sampling
2025-06-19 21:34:50 INFO     Predictor: read 1458 rules from list.
2025-06-19 21:34:50 INFO     Preprocess training set
2025-06-19 21:34:50 INFO     >>>>> Predictor: Training
2025-06-19 21:35:35 INFO     1000 2980 276.977395 69366.7
2025-06-19 21:36:19 INFO     2000 2980 252.614465 69305.9
2025-06-19 21:37:03 INFO     >>>>> Predictor: Evaluating on valid
2025-06-19 21:37:07 INFO     Data : 2077
2025-06-19 21:37:07 INFO     Hit1 : 0.039961
2025-06-19 21:37:07 INFO     Hit3 : 0.079923
2025-06-19 21:37:07 INFO     Hit10: 0.147328
2025-06-19 21:37:07 INFO     MR   : 1247.580886
2025-06-19 21:37:07 INFO     MRR  : 0.078446
2025-06-19 21:37:07 INFO     >>>>> Predictor: Evaluating on test
2025-06-19 21:37:13 INFO     Data : 2342
2025-06-19 21:37:13 INFO     Hit1 : 0.054468
2025-06-19 21:37:13 INFO     Hit3 : 0.091915
2025-06-19 21:37:13 INFO     Hit10: 0.158298
2025-06-19 21:37:13 INFO     MR   : 1144.946383
2025-06-19 21:37:13 INFO     MRR  : 0.090346
2025-06-19 21:37:13 INFO     >>>>> Predictor: Computing H scores of rules
2025-06-19 21:38:27 INFO     1000 2980
2025-06-19 21:39:43 INFO     2000 2980
2025-06-19 21:40:50 INFO     >>>>> Generator: Training
2025-06-19 21:40:51 INFO     -------------------------
2025-06-19 21:40:51 INFO     | EM Iteration: 5/5
2025-06-19 21:40:51 INFO     -------------------------
2025-06-19 21:40:51 INFO     >>>>> Generator: Rule generation with sampling
2025-06-19 21:40:51 INFO     Predictor: read 1543 rules from list.
2025-06-19 21:40:51 INFO     Preprocess training set
2025-06-19 21:40:51 INFO     >>>>> Predictor: Training
2025-06-19 21:41:33 INFO     1000 2980 265.326561 69271.3
2025-06-19 21:42:14 INFO     2000 2980 254.844824 69332.0
2025-06-19 21:42:55 INFO     >>>>> Predictor: Evaluating on valid
2025-06-19 21:43:00 INFO     Data : 2077
2025-06-19 21:43:00 INFO     Hit1 : 0.040443
2025-06-19 21:43:00 INFO     Hit3 : 0.072701
2025-06-19 21:43:00 INFO     Hit10: 0.147809
2025-06-19 21:43:00 INFO     MR   : 1257.845691
2025-06-19 21:43:00 INFO     MRR  : 0.074941
2025-06-19 21:43:00 INFO     >>>>> Predictor: Evaluating on test
2025-06-19 21:43:05 INFO     Data : 2342
2025-06-19 21:43:05 INFO     Hit1 : 0.051915
2025-06-19 21:43:05 INFO     Hit3 : 0.092340
2025-06-19 21:43:05 INFO     Hit10: 0.154043
2025-06-19 21:43:05 INFO     MR   : 1161.804255
2025-06-19 21:43:05 INFO     MRR  : 0.088464
2025-06-19 21:43:05 INFO     >>>>> Predictor: Computing H scores of rules
2025-06-19 21:44:16 INFO     1000 2980
2025-06-19 21:45:29 INFO     2000 2980
2025-06-19 21:46:42 INFO     >>>>> Generator: Training
2025-06-19 21:46:43 INFO     -------------------------
2025-06-19 21:46:43 INFO     | Post-train Generator
2025-06-19 21:46:43 INFO     -------------------------
2025-06-19 21:46:43 INFO     >>>>> Generator: Training
2025-06-19 21:46:48 INFO     [E1000] Total: 1.462696 | Main: 1.765354 | Aux: 0.730364
2025-06-19 21:46:48 INFO     -------------------------
2025-06-19 21:46:48 INFO     | Beam Search Best Rules
2025-06-19 21:46:48 INFO     -------------------------
2025-06-19 21:46:48 INFO     >>>>> Generator: Rule generation with beam search
2025-06-19 21:46:49 INFO     >>>>> Generator: Rule generation with beam search
2025-06-19 21:46:50 INFO     >>>>> Generator: Rule generation with beam search
2025-06-19 21:47:03 INFO     >>>>> Generator: Rule generation with beam search
2025-06-19 21:47:12 INFO     >>>>> Generator: Rule generation with beam search
2025-06-19 21:47:18 INFO     -------------------------
2025-06-19 21:47:18 INFO     | Train Final Predictor+
2025-06-19 21:47:18 INFO     -------------------------
2025-06-19 21:47:18 INFO     Predictor+: read 18420 rules from list.
2025-06-19 21:47:18 INFO     Preprocess training set
2025-06-19 21:47:18 INFO     -------------------------
2025-06-19 21:47:18 INFO     | Iteration: 1/5
2025-06-19 21:47:18 INFO     -------------------------
2025-06-19 21:47:18 INFO     >>>>> Predictor: Training
2025-06-19 21:59:30 INFO     1000 2980 149.576959 69384.0
2025-06-19 22:10:57 INFO     2000 2980 148.306699 69236.6
2025-06-19 22:23:17 INFO     >>>>> Predictor: Evaluating on valid
2025-06-19 22:24:49 INFO     Data : 2077
2025-06-19 22:24:49 INFO     Hit1 : 0.099663
2025-06-19 22:24:49 INFO     Hit3 : 0.194993
2025-06-19 22:24:49 INFO     Hit10: 0.319210
2025-06-19 22:24:49 INFO     MR   : 957.494945
2025-06-19 22:24:49 INFO     MRR  : 0.173502
2025-06-19 22:24:49 INFO     >>>>> Predictor: Evaluating on test
2025-06-19 22:26:33 INFO     Data : 2342
2025-06-19 22:26:33 INFO     Hit1 : 0.126383
2025-06-19 22:26:33 INFO     Hit3 : 0.218723
2025-06-19 22:26:33 INFO     Hit10: 0.324681
2025-06-19 22:26:33 INFO     MR   : 888.375532
2025-06-19 22:26:33 INFO     MRR  : 0.195299
2025-06-19 22:26:33 INFO     Save checkpoint to results/semmeddb/multitask/matrix_encode_relation/task1_next_clus/random_init/cluster_3/0618_all_filtered/adaptive/triple_count_20250619_211727/predictor.pt
2025-06-19 22:26:33 INFO     -------------------------
2025-06-19 22:26:33 INFO     | Iteration: 2/5
2025-06-19 22:26:33 INFO     -------------------------
2025-06-19 22:26:33 INFO     >>>>> Predictor: Training
2025-06-19 22:39:02 INFO     1000 2980 135.227520 69245.2
2025-06-19 22:51:32 INFO     2000 2980 135.187918 69349.3
2025-06-19 23:03:21 INFO     >>>>> Predictor: Evaluating on valid
2025-06-19 23:04:54 INFO     Data : 2077
2025-06-19 23:04:54 INFO     Hit1 : 0.096774
2025-06-19 23:04:54 INFO     Hit3 : 0.192104
2025-06-19 23:04:54 INFO     Hit10: 0.313914
2025-06-19 23:04:54 INFO     MR   : 944.986038
2025-06-19 23:04:54 INFO     MRR  : 0.169109
2025-06-19 23:04:54 INFO     >>>>> Predictor: Evaluating on test
2025-06-19 23:06:40 INFO     Data : 2342
2025-06-19 23:06:40 INFO     Hit1 : 0.124255
2025-06-19 23:06:40 INFO     Hit3 : 0.210213
2025-06-19 23:06:40 INFO     Hit10: 0.321277
2025-06-19 23:06:40 INFO     MR   : 875.444043
2025-06-19 23:06:40 INFO     MRR  : 0.190624
2025-06-19 23:06:40 INFO     -------------------------
2025-06-19 23:06:40 INFO     | Iteration: 3/5
2025-06-19 23:06:40 INFO     -------------------------
2025-06-19 23:06:40 INFO     >>>>> Predictor: Training
2025-06-19 23:18:15 INFO     1000 2980 141.645463 69193.2
2025-06-19 23:29:47 INFO     2000 2980 134.275142 69271.3
2025-06-19 23:41:08 INFO     >>>>> Predictor: Evaluating on valid
2025-06-19 23:42:32 INFO     Data : 2077
2025-06-19 23:42:32 INFO     Hit1 : 0.093404
2025-06-19 23:42:32 INFO     Hit3 : 0.194511
2025-06-19 23:42:32 INFO     Hit10: 0.318247
2025-06-19 23:42:32 INFO     MR   : 949.490130
2025-06-19 23:42:32 INFO     MRR  : 0.168511
2025-06-19 23:42:32 INFO     >>>>> Predictor: Evaluating on test
2025-06-19 23:44:07 INFO     Data : 2342
2025-06-19 23:44:07 INFO     Hit1 : 0.129787
2025-06-19 23:44:07 INFO     Hit3 : 0.211489
2025-06-19 23:44:07 INFO     Hit10: 0.323404
2025-06-19 23:44:07 INFO     MR   : 876.900000
2025-06-19 23:44:07 INFO     MRR  : 0.193593
2025-06-19 23:44:07 INFO     -------------------------
2025-06-19 23:44:07 INFO     | Iteration: 4/5
2025-06-19 23:44:07 INFO     -------------------------
2025-06-19 23:44:07 INFO     >>>>> Predictor: Training
2025-06-19 23:56:22 INFO     1000 2980 134.862473 69340.6
2025-06-20 00:08:41 INFO     2000 2980 132.152450 69175.8
2025-06-20 00:20:59 INFO     >>>>> Predictor: Evaluating on valid
2025-06-20 00:22:32 INFO     Data : 2077
2025-06-20 00:22:32 INFO     Hit1 : 0.089071
2025-06-20 00:22:32 INFO     Hit3 : 0.187289
2025-06-20 00:22:32 INFO     Hit10: 0.311026
2025-06-20 00:22:32 INFO     MR   : 950.276601
2025-06-20 00:22:32 INFO     MRR  : 0.164355
2025-06-20 00:22:32 INFO     >>>>> Predictor: Evaluating on test
2025-06-20 00:24:18 INFO     Data : 2342
2025-06-20 00:24:18 INFO     Hit1 : 0.125106
2025-06-20 00:24:18 INFO     Hit3 : 0.207234
2025-06-20 00:24:18 INFO     Hit10: 0.325532
2025-06-20 00:24:18 INFO     MR   : 882.137447
2025-06-20 00:24:18 INFO     MRR  : 0.189487
2025-06-20 00:24:18 INFO     -------------------------
2025-06-20 00:24:18 INFO     | Iteration: 5/5
2025-06-20 00:24:18 INFO     -------------------------
2025-06-20 00:24:18 INFO     >>>>> Predictor: Training
2025-06-20 00:36:25 INFO     1000 2980 133.274768 69184.5
2025-06-20 00:48:36 INFO     2000 2980 133.859956 69366.7
2025-06-20 00:59:50 INFO     >>>>> Predictor: Evaluating on valid
2025-06-20 01:01:16 INFO     Data : 2077
2025-06-20 01:01:16 INFO     Hit1 : 0.095330
2025-06-20 01:01:16 INFO     Hit3 : 0.184401
2025-06-20 01:01:16 INFO     Hit10: 0.307174
2025-06-20 01:01:16 INFO     MR   : 951.098941
2025-06-20 01:01:16 INFO     MRR  : 0.165140
2025-06-20 01:01:16 INFO     >>>>> Predictor: Evaluating on test
2025-06-20 01:02:52 INFO     Data : 2342
2025-06-20 01:02:52 INFO     Hit1 : 0.124681
2025-06-20 01:02:52 INFO     Hit3 : 0.194894
2025-06-20 01:02:52 INFO     Hit10: 0.314043
2025-06-20 01:02:52 INFO     MR   : 893.211277
2025-06-20 01:02:52 INFO     MRR  : 0.184962
2025-06-20 01:02:52 INFO     -------------------------
2025-06-20 01:02:52 INFO     | Final Test MRR: 0.195299
2025-06-20 01:02:52 INFO     -------------------------
