2025-07-18 07:25:39 INFO     Using full datasets for training, validation, and testing.
2025-07-18 07:25:39 INFO     -------------------------
2025-07-18 07:25:39 INFO     | Pre-train Generator
2025-07-18 07:25:39 INFO     -------------------------
2025-07-18 07:25:39 INFO     >>>>> Generator: Training
2025-07-18 07:25:47 INFO     1000 10000 1.640829
2025-07-18 07:25:53 INFO     2000 10000 1.555844
2025-07-18 07:25:59 INFO     3000 10000 1.544617
2025-07-18 07:26:05 INFO     4000 10000 1.539628
2025-07-18 07:26:12 INFO     5000 10000 1.541232
2025-07-18 07:26:18 INFO     6000 10000 1.537140
2025-07-18 07:26:25 INFO     7000 10000 1.535005
2025-07-18 07:26:31 INFO     8000 10000 1.534639
2025-07-18 07:26:38 INFO     9000 10000 1.533593
2025-07-18 07:26:44 INFO     10000 10000 1.531518
2025-07-18 07:26:44 INFO     -------------------------
2025-07-18 07:26:44 INFO     | EM Iteration: 1/5
2025-07-18 07:26:44 INFO     -------------------------
2025-07-18 07:26:44 INFO     >>>>> Generator: Rule generation with sampling
2025-07-18 07:26:44 INFO     Sampled rules len: 1273
2025-07-18 07:26:44 INFO     Predictor: read 1273 rules from list.
2025-07-18 07:26:44 INFO     Preprocess training set
2025-07-18 07:26:44 INFO     >>>>> Predictor: Training
2025-07-18 07:27:52 INFO     1000 12313 8.229463 69358.0
2025-07-18 07:29:00 INFO     2000 12313 7.790632 69332.0
2025-07-18 07:30:08 INFO     3000 12313 7.568753 69384.0
2025-07-18 07:31:17 INFO     4000 12313 7.456649 69279.9
2025-07-18 07:32:25 INFO     5000 12313 7.343764 69332.0
2025-07-18 07:33:33 INFO     6000 12313 7.263716 69384.0
2025-07-18 07:34:41 INFO     7000 12313 7.183213 69297.3
2025-07-18 07:35:49 INFO     8000 12313 7.172456 69323.3
2025-07-18 07:36:57 INFO     9000 12313 7.101312 69358.0
2025-07-18 07:38:04 INFO     10000 12313 7.091323 69332.0
2025-07-18 07:39:13 INFO     11000 12313 7.051391 69366.7
2025-07-18 07:40:21 INFO     12000 12313 7.024152 69279.9
2025-07-18 07:40:40 INFO     >>>>> Predictor: Evaluating on valid
2025-07-18 07:41:01 INFO     Data : 3823
2025-07-18 07:41:01 INFO     Hit1 : 0.027465
2025-07-18 07:41:01 INFO     Hit3 : 0.052577
2025-07-18 07:41:01 INFO     Hit10: 0.101229
2025-07-18 07:41:01 INFO     MR   : 1195.106330
2025-07-18 07:41:01 INFO     MRR  : 0.053602
2025-07-18 07:41:01 INFO     >>>>> Predictor: Evaluating on test
2025-07-18 07:41:29 INFO     Data : 4402
2025-07-18 07:41:29 INFO     Hit1 : 0.035211
2025-07-18 07:41:29 INFO     Hit3 : 0.062699
2025-07-18 07:41:29 INFO     Hit10: 0.101772
2025-07-18 07:41:29 INFO     MR   : 1186.579396
2025-07-18 07:41:29 INFO     MRR  : 0.060466
2025-07-18 07:41:29 INFO     >>>>> Predictor: Computing H scores of rules
2025-07-18 07:42:47 INFO     1000 12313
2025-07-18 07:44:07 INFO     2000 12313
2025-07-18 07:45:26 INFO     3000 12313
2025-07-18 07:46:45 INFO     4000 12313
2025-07-18 07:48:04 INFO     5000 12313
2025-07-18 07:49:24 INFO     6000 12313
2025-07-18 07:50:43 INFO     7000 12313
2025-07-18 07:52:03 INFO     8000 12313
2025-07-18 07:53:21 INFO     9000 12313
2025-07-18 07:54:40 INFO     10000 12313
2025-07-18 07:55:58 INFO     11000 12313
2025-07-18 07:57:16 INFO     12000 12313
2025-07-18 07:57:41 INFO     >>>>> Generator: Training
2025-07-18 07:57:42 INFO     -------------------------
2025-07-18 07:57:42 INFO     | EM Iteration: 2/5
2025-07-18 07:57:42 INFO     -------------------------
2025-07-18 07:57:42 INFO     >>>>> Generator: Rule generation with sampling
2025-07-18 07:57:42 INFO     Sampled rules len: 1343
2025-07-18 07:57:42 INFO     Predictor: read 1343 rules from list.
2025-07-18 07:57:42 INFO     Preprocess training set
2025-07-18 07:57:42 INFO     >>>>> Predictor: Training
2025-07-18 07:58:53 INFO     1000 12313 8.241986 69366.7
2025-07-18 08:00:05 INFO     2000 12313 7.759912 69279.9
2025-07-18 08:01:18 INFO     3000 12313 7.582108 69253.9
2025-07-18 08:02:30 INFO     4000 12313 7.429486 69340.6
2025-07-18 08:03:43 INFO     5000 12313 7.350488 69366.7
2025-07-18 08:04:54 INFO     6000 12313 7.261388 69358.0
2025-07-18 08:06:05 INFO     7000 12313 7.222039 69366.7
2025-07-18 08:07:17 INFO     8000 12313 7.201439 69384.0
2025-07-18 08:08:27 INFO     9000 12313 7.163070 69262.6
2025-07-18 08:09:39 INFO     10000 12313 7.137437 69323.3
2025-07-18 08:10:50 INFO     11000 12313 7.108201 69366.7
2025-07-18 08:12:00 INFO     12000 12313 7.093864 69332.0
2025-07-18 08:12:22 INFO     >>>>> Predictor: Evaluating on valid
2025-07-18 08:12:49 INFO     Data : 3823
2025-07-18 08:12:49 INFO     Hit1 : 0.028250
2025-07-18 08:12:49 INFO     Hit3 : 0.060947
2025-07-18 08:12:49 INFO     Hit10: 0.122155
2025-07-18 08:12:49 INFO     MR   : 1155.158645
2025-07-18 08:12:49 INFO     MRR  : 0.059915
2025-07-18 08:12:49 INFO     >>>>> Predictor: Evaluating on test
2025-07-18 08:13:19 INFO     Data : 4402
2025-07-18 08:13:19 INFO     Hit1 : 0.037029
2025-07-18 08:13:19 INFO     Hit3 : 0.067697
2025-07-18 08:13:19 INFO     Hit10: 0.121308
2025-07-18 08:13:19 INFO     MR   : 1151.854952
2025-07-18 08:13:19 INFO     MRR  : 0.066256
2025-07-18 08:13:19 INFO     >>>>> Predictor: Computing H scores of rules
2025-07-18 08:14:40 INFO     1000 12313
2025-07-18 08:16:00 INFO     2000 12313
2025-07-18 08:17:20 INFO     3000 12313
2025-07-18 08:18:40 INFO     4000 12313
2025-07-18 08:20:00 INFO     5000 12313
2025-07-18 08:21:20 INFO     6000 12313
2025-07-18 08:22:40 INFO     7000 12313
2025-07-18 08:24:00 INFO     8000 12313
2025-07-18 08:25:20 INFO     9000 12313
2025-07-18 08:26:24 INFO     10000 12313
2025-07-18 08:27:46 INFO     11000 12313
2025-07-18 08:29:07 INFO     12000 12313
2025-07-18 08:29:34 INFO     >>>>> Generator: Training
2025-07-18 08:29:34 INFO     -------------------------
2025-07-18 08:29:34 INFO     | EM Iteration: 3/5
2025-07-18 08:29:34 INFO     -------------------------
2025-07-18 08:29:34 INFO     >>>>> Generator: Rule generation with sampling
2025-07-18 08:29:34 INFO     Sampled rules len: 1412
2025-07-18 08:29:34 INFO     Predictor: read 1412 rules from list.
2025-07-18 08:29:34 INFO     Preprocess training set
2025-07-18 08:29:34 INFO     >>>>> Predictor: Training
2025-07-18 08:30:47 INFO     1000 12313 8.186434 69384.0
2025-07-18 08:32:01 INFO     2000 12313 7.698380 69384.0
2025-07-18 08:33:15 INFO     3000 12313 7.438209 69253.9
2025-07-18 08:34:28 INFO     4000 12313 7.297554 69323.3
2025-07-18 08:35:40 INFO     5000 12313 7.178202 69384.0
2025-07-18 08:36:53 INFO     6000 12313 7.059516 69323.3
2025-07-18 08:38:06 INFO     7000 12313 6.974232 69366.7
2025-07-18 08:39:20 INFO     8000 12313 6.907799 69332.0
2025-07-18 08:40:33 INFO     9000 12313 6.803359 69384.0
2025-07-18 08:41:47 INFO     10000 12313 6.806268 69227.9
2025-07-18 08:43:01 INFO     11000 12313 6.750974 69340.6
2025-07-18 08:44:15 INFO     12000 12313 6.717755 69297.3
2025-07-18 08:44:38 INFO     >>>>> Predictor: Evaluating on valid
2025-07-18 08:45:07 INFO     Data : 3823
2025-07-18 08:45:07 INFO     Hit1 : 0.030604
2025-07-18 08:45:07 INFO     Hit3 : 0.063301
2025-07-18 08:45:07 INFO     Hit10: 0.123202
2025-07-18 08:45:07 INFO     MR   : 1145.815328
2025-07-18 08:45:07 INFO     MRR  : 0.062217
2025-07-18 08:45:07 INFO     >>>>> Predictor: Evaluating on test
2025-07-18 08:45:39 INFO     Data : 4402
2025-07-18 08:45:39 INFO     Hit1 : 0.035666
2025-07-18 08:45:39 INFO     Hit3 : 0.069514
2025-07-18 08:45:39 INFO     Hit10: 0.126533
2025-07-18 08:45:39 INFO     MR   : 1125.611427
2025-07-18 08:45:39 INFO     MRR  : 0.067341
2025-07-18 08:45:39 INFO     >>>>> Predictor: Computing H scores of rules
2025-07-18 08:47:03 INFO     1000 12313
2025-07-18 08:48:25 INFO     2000 12313
2025-07-18 08:49:49 INFO     3000 12313
2025-07-18 08:51:10 INFO     4000 12313
2025-07-18 08:52:31 INFO     5000 12313
2025-07-18 08:53:52 INFO     6000 12313
2025-07-18 08:55:13 INFO     7000 12313
2025-07-18 08:56:35 INFO     8000 12313
2025-07-18 08:57:55 INFO     9000 12313
2025-07-18 08:59:17 INFO     10000 12313
2025-07-18 09:00:39 INFO     11000 12313
2025-07-18 09:02:00 INFO     12000 12313
2025-07-18 09:02:26 INFO     >>>>> Generator: Training
2025-07-18 09:02:26 INFO     -------------------------
2025-07-18 09:02:26 INFO     | EM Iteration: 4/5
2025-07-18 09:02:26 INFO     -------------------------
2025-07-18 09:02:26 INFO     >>>>> Generator: Rule generation with sampling
2025-07-18 09:02:26 INFO     Sampled rules len: 1426
2025-07-18 09:02:26 INFO     Predictor: read 1426 rules from list.
2025-07-18 09:02:26 INFO     Preprocess training set
2025-07-18 09:02:26 INFO     >>>>> Predictor: Training
2025-07-18 09:03:39 INFO     1000 12313 8.235441 69314.6
2025-07-18 09:04:52 INFO     2000 12313 7.752048 69279.9
2025-07-18 09:06:04 INFO     3000 12313 7.502660 69366.7
2025-07-18 09:07:18 INFO     4000 12313 7.384731 69366.7
2025-07-18 09:08:32 INFO     5000 12313 7.285630 69288.6
2025-07-18 09:09:44 INFO     6000 12313 7.194170 69340.6
2025-07-18 09:10:50 INFO     7000 12313 7.106842 69384.0
2025-07-18 09:11:58 INFO     8000 12313 7.037347 69340.6
2025-07-18 09:13:12 INFO     9000 12313 7.031454 69384.0
2025-07-18 09:14:26 INFO     10000 12313 6.975618 69288.6
2025-07-18 09:15:40 INFO     11000 12313 6.936382 69262.6
2025-07-18 09:16:56 INFO     12000 12313 6.945867 69384.0
2025-07-18 09:17:19 INFO     >>>>> Predictor: Evaluating on valid
2025-07-18 09:17:51 INFO     Data : 3823
2025-07-18 09:17:51 INFO     Hit1 : 0.034789
2025-07-18 09:17:51 INFO     Hit3 : 0.073764
2025-07-18 09:17:51 INFO     Hit10: 0.144128
2025-07-18 09:17:51 INFO     MR   : 1091.815328
2025-07-18 09:17:51 INFO     MRR  : 0.071208
2025-07-18 09:17:51 INFO     >>>>> Predictor: Evaluating on test
2025-07-18 09:18:28 INFO     Data : 4402
2025-07-18 09:18:28 INFO     Hit1 : 0.044980
2025-07-18 09:18:28 INFO     Hit3 : 0.086552
2025-07-18 09:18:28 INFO     Hit10: 0.149023
2025-07-18 09:18:28 INFO     MR   : 1099.592344
2025-07-18 09:18:28 INFO     MRR  : 0.080133
2025-07-18 09:18:28 INFO     >>>>> Predictor: Computing H scores of rules
2025-07-18 09:19:51 INFO     1000 12313
2025-07-18 09:21:16 INFO     2000 12313
2025-07-18 09:22:40 INFO     3000 12313
2025-07-18 09:24:04 INFO     4000 12313
2025-07-18 09:25:29 INFO     5000 12313
2025-07-18 09:26:54 INFO     6000 12313
2025-07-18 09:28:17 INFO     7000 12313
2025-07-18 09:29:42 INFO     8000 12313
2025-07-18 09:31:07 INFO     9000 12313
2025-07-18 09:32:31 INFO     10000 12313
2025-07-18 09:33:57 INFO     11000 12313
2025-07-18 09:35:21 INFO     12000 12313
2025-07-18 09:35:47 INFO     >>>>> Generator: Training
2025-07-18 09:35:47 INFO     -------------------------
2025-07-18 09:35:47 INFO     | EM Iteration: 5/5
2025-07-18 09:35:47 INFO     -------------------------
2025-07-18 09:35:47 INFO     >>>>> Generator: Rule generation with sampling
2025-07-18 09:35:47 INFO     Sampled rules len: 1482
2025-07-18 09:35:47 INFO     Predictor: read 1482 rules from list.
2025-07-18 09:35:47 INFO     Preprocess training set
2025-07-18 09:35:47 INFO     >>>>> Predictor: Training
2025-07-18 09:37:02 INFO     1000 12313 8.242797 69340.6
2025-07-18 09:38:15 INFO     2000 12313 7.792697 69288.6
2025-07-18 09:39:29 INFO     3000 12313 7.584489 69366.7
2025-07-18 09:40:42 INFO     4000 12313 7.471291 69305.9
2025-07-18 09:41:56 INFO     5000 12313 7.356705 69323.3
2025-07-18 09:43:11 INFO     6000 12313 7.310716 69384.0
2025-07-18 09:44:24 INFO     7000 12313 7.266276 69279.9
2025-07-18 09:45:38 INFO     8000 12313 7.194208 69384.0
2025-07-18 09:46:52 INFO     9000 12313 7.197570 69366.7
2025-07-18 09:48:06 INFO     10000 12313 7.156825 69297.3
2025-07-18 09:49:20 INFO     11000 12313 7.124651 69279.9
2025-07-18 09:50:33 INFO     12000 12313 7.133007 69384.0
2025-07-18 09:50:56 INFO     >>>>> Predictor: Evaluating on valid
2025-07-18 09:51:27 INFO     Data : 3823
2025-07-18 09:51:27 INFO     Hit1 : 0.031651
2025-07-18 09:51:27 INFO     Hit3 : 0.056762
2025-07-18 09:51:27 INFO     Hit10: 0.104891
2025-07-18 09:51:27 INFO     MR   : 1203.755820
2025-07-18 09:51:27 INFO     MRR  : 0.057972
2025-07-18 09:51:27 INFO     >>>>> Predictor: Evaluating on test
2025-07-18 09:52:02 INFO     Data : 4402
2025-07-18 09:52:02 INFO     Hit1 : 0.030668
2025-07-18 09:52:02 INFO     Hit3 : 0.060881
2025-07-18 09:52:02 INFO     Hit10: 0.105407
2025-07-18 09:52:02 INFO     MR   : 1188.294980
2025-07-18 09:52:02 INFO     MRR  : 0.057983
2025-07-18 09:52:02 INFO     >>>>> Predictor: Computing H scores of rules
2025-07-18 09:53:26 INFO     1000 12313
2025-07-18 09:54:50 INFO     2000 12313
2025-07-18 09:55:59 INFO     3000 12313
2025-07-18 09:57:24 INFO     4000 12313
2025-07-18 09:58:50 INFO     5000 12313
2025-07-18 10:00:16 INFO     6000 12313
2025-07-18 10:01:40 INFO     7000 12313
2025-07-18 10:03:05 INFO     8000 12313
2025-07-18 10:04:30 INFO     9000 12313
2025-07-18 10:05:57 INFO     10000 12313
2025-07-18 10:07:22 INFO     11000 12313
2025-07-18 10:08:48 INFO     12000 12313
2025-07-18 10:09:14 INFO     >>>>> Generator: Training
2025-07-18 10:09:15 INFO     -------------------------
2025-07-18 10:09:15 INFO     | Post-train Generator
2025-07-18 10:09:15 INFO     -------------------------
2025-07-18 10:09:15 INFO     >>>>> Generator: Training
2025-07-18 10:09:21 INFO     1000 1000 1.740982
2025-07-18 10:09:21 INFO     -------------------------
2025-07-18 10:09:21 INFO     | Beam Search Best Rules
2025-07-18 10:09:21 INFO     -------------------------
2025-07-18 10:09:21 INFO     >>>>> Generator: Rule generation with beam search
2025-07-18 10:09:22 INFO     >>>>> Generator: Rule generation with beam search
2025-07-18 10:09:23 INFO     >>>>> Generator: Rule generation with beam search
2025-07-18 10:09:34 INFO     >>>>> Generator: Rule generation with beam search
2025-07-18 10:09:41 INFO     >>>>> Generator: Rule generation with beam search
2025-07-18 10:09:47 INFO     -------------------------
2025-07-18 10:09:47 INFO     | Train Final Predictor+
2025-07-18 10:09:47 INFO     -------------------------
2025-07-18 10:09:47 INFO     Predictor+: read 18420 rules from list.
2025-07-18 10:09:47 INFO     Preprocess training set
2025-07-18 10:09:47 INFO     -------------------------
2025-07-18 10:09:47 INFO     | Iteration: 1/5
2025-07-18 10:09:47 INFO     -------------------------
2025-07-18 10:09:47 INFO     >>>>> Predictor: Training
2025-07-18 10:19:29 INFO     1000 12313 4.699465 69314.6
2025-07-18 10:29:13 INFO     2000 12313 4.492720 69366.7
2025-07-18 10:38:56 INFO     3000 12313 4.451086 69279.9
2025-07-18 10:50:10 INFO     4000 12313 4.445405 69340.6
2025-07-18 11:00:19 INFO     5000 12313 4.481898 69236.6
2025-07-18 11:10:27 INFO     6000 12313 4.446298 69366.7
2025-07-18 11:20:42 INFO     7000 12313 4.426562 69323.3
2025-07-18 11:30:44 INFO     8000 12313 4.462594 69349.3
2025-07-18 11:40:49 INFO     9000 12313 4.425588 69384.0
2025-07-18 11:50:59 INFO     10000 12313 4.419844 69384.0
2025-07-18 12:01:13 INFO     11000 12313 4.444760 69288.6
2025-07-18 12:11:13 INFO     12000 12313 4.447558 69366.7
2025-07-18 12:14:22 INFO     >>>>> Predictor: Evaluating on valid
2025-07-18 12:18:49 INFO     Data : 3823
2025-07-18 12:18:49 INFO     Hit1 : 0.075595
2025-07-18 12:18:49 INFO     Hit3 : 0.160607
2025-07-18 12:18:49 INFO     Hit10: 0.296364
2025-07-18 12:18:49 INFO     MR   : 628.590897
2025-07-18 12:18:49 INFO     MRR  : 0.147514
2025-07-18 12:18:49 INFO     >>>>> Predictor: Evaluating on test
2025-07-18 12:23:55 INFO     Data : 4402
2025-07-18 12:23:55 INFO     Hit1 : 0.107678
2025-07-18 12:23:55 INFO     Hit3 : 0.195139
2025-07-18 12:23:55 INFO     Hit10: 0.321899
2025-07-18 12:23:55 INFO     MR   : 615.927760
2025-07-18 12:23:55 INFO     MRR  : 0.177948
2025-07-18 12:23:55 INFO     Save checkpoint to results/semmeddb/10_times_each/original_rnnlogic/4_20250718_072537/predictor.pt
2025-07-18 12:23:55 INFO     -------------------------
2025-07-18 12:23:55 INFO     | Iteration: 2/5
2025-07-18 12:23:55 INFO     -------------------------
2025-07-18 12:23:55 INFO     >>>>> Predictor: Training
2025-07-18 12:34:08 INFO     1000 12313 4.384764 69384.0
2025-07-18 12:44:22 INFO     2000 12313 4.379852 69384.0
2025-07-18 12:54:34 INFO     3000 12313 4.392808 69340.6
2025-07-18 13:04:30 INFO     4000 12313 4.398096 69305.9
2025-07-18 13:14:39 INFO     5000 12313 4.407305 69340.6
2025-07-18 13:24:52 INFO     6000 12313 4.409682 69297.3
2025-07-18 13:35:01 INFO     7000 12313 4.391702 69323.3
2025-07-18 13:44:55 INFO     8000 12313 4.419160 69366.7
2025-07-18 13:55:01 INFO     9000 12313 4.392309 69297.3
2025-07-18 14:05:16 INFO     10000 12313 4.403959 69366.7
2025-07-18 14:16:36 INFO     11000 12313 4.408411 69314.6
2025-07-18 14:26:10 INFO     12000 12313 4.421122 69279.9
2025-07-18 14:29:11 INFO     >>>>> Predictor: Evaluating on valid
2025-07-18 14:33:26 INFO     Data : 3823
2025-07-18 14:33:26 INFO     Hit1 : 0.077165
2025-07-18 14:33:26 INFO     Hit3 : 0.156945
2025-07-18 14:33:26 INFO     Hit10: 0.297934
2025-07-18 14:33:26 INFO     MR   : 611.686241
2025-07-18 14:33:26 INFO     MRR  : 0.147682
2025-07-18 14:33:26 INFO     >>>>> Predictor: Evaluating on test
2025-07-18 14:38:22 INFO     Data : 4402
2025-07-18 14:38:22 INFO     Hit1 : 0.108587
2025-07-18 14:38:22 INFO     Hit3 : 0.193094
2025-07-18 14:38:22 INFO     Hit10: 0.318492
2025-07-18 14:38:22 INFO     MR   : 591.801454
2025-07-18 14:38:22 INFO     MRR  : 0.177983
2025-07-18 14:38:22 INFO     Save checkpoint to results/semmeddb/10_times_each/original_rnnlogic/4_20250718_072537/predictor.pt
2025-07-18 14:38:22 INFO     -------------------------
2025-07-18 14:38:22 INFO     | Iteration: 3/5
2025-07-18 14:38:22 INFO     -------------------------
2025-07-18 14:38:22 INFO     >>>>> Predictor: Training
2025-07-18 14:48:09 INFO     1000 12313 4.385836 69262.6
2025-07-18 14:57:56 INFO     2000 12313 4.368197 69384.0
2025-07-18 15:07:39 INFO     3000 12313 4.352389 69262.6
2025-07-18 15:17:16 INFO     4000 12313 4.393213 69323.3
2025-07-18 15:27:02 INFO     5000 12313 4.361861 69366.7
2025-07-18 15:36:46 INFO     6000 12313 4.382596 69323.3
2025-07-18 15:46:30 INFO     7000 12313 4.389803 69366.7
2025-07-18 15:56:05 INFO     8000 12313 4.399440 69384.0
2025-07-18 16:05:50 INFO     9000 12313 4.380641 69349.3
2025-07-18 16:15:37 INFO     10000 12313 4.400872 69314.6
2025-07-18 16:25:21 INFO     11000 12313 4.364360 69349.3
2025-07-18 16:35:05 INFO     12000 12313 4.399030 69314.6
2025-07-18 16:38:06 INFO     >>>>> Predictor: Evaluating on valid
2025-07-18 16:42:17 INFO     Data : 3823
2025-07-18 16:42:17 INFO     Hit1 : 0.083704
2025-07-18 16:42:17 INFO     Hit3 : 0.161915
2025-07-18 16:42:17 INFO     Hit10: 0.295579
2025-07-18 16:42:17 INFO     MR   : 611.458410
2025-07-18 16:42:17 INFO     MRR  : 0.152684
2025-07-18 16:42:17 INFO     >>>>> Predictor: Evaluating on test
2025-07-18 16:47:13 INFO     Data : 4402
2025-07-18 16:47:13 INFO     Hit1 : 0.110632
2025-07-18 16:47:13 INFO     Hit3 : 0.201726
2025-07-18 16:47:13 INFO     Hit10: 0.325080
2025-07-18 16:47:13 INFO     MR   : 580.286915
2025-07-18 16:47:13 INFO     MRR  : 0.181518
2025-07-18 16:47:13 INFO     Save checkpoint to results/semmeddb/10_times_each/original_rnnlogic/4_20250718_072537/predictor.pt
2025-07-18 16:47:13 INFO     -------------------------
2025-07-18 16:47:13 INFO     | Iteration: 4/5
2025-07-18 16:47:13 INFO     -------------------------
2025-07-18 16:47:13 INFO     >>>>> Predictor: Training
2025-07-18 16:57:03 INFO     1000 12313 4.342224 69384.0
2025-07-18 17:06:49 INFO     2000 12313 4.358705 69340.6
2025-07-18 17:16:33 INFO     3000 12313 4.365718 69384.0
2025-07-18 17:26:07 INFO     4000 12313 4.395710 69253.9
2025-07-18 17:35:52 INFO     5000 12313 4.379626 69262.6
2025-07-18 17:45:37 INFO     6000 12313 4.394934 69340.6
2025-07-18 17:55:21 INFO     7000 12313 4.373726 69314.6
2025-07-18 18:05:06 INFO     8000 12313 4.352007 69323.3
2025-07-18 18:14:40 INFO     9000 12313 4.386919 69366.7
2025-07-18 18:24:24 INFO     10000 12313 4.355333 69349.3
2025-07-18 18:34:06 INFO     11000 12313 4.369343 69366.7
2025-07-18 18:43:50 INFO     12000 12313 4.382516 69366.7
2025-07-18 18:46:52 INFO     >>>>> Predictor: Evaluating on valid
2025-07-18 18:51:09 INFO     Data : 3823
2025-07-18 18:51:09 INFO     Hit1 : 0.077688
2025-07-18 18:51:09 INFO     Hit3 : 0.162438
2025-07-18 18:51:09 INFO     Hit10: 0.296887
2025-07-18 18:51:09 INFO     MR   : 599.646482
2025-07-18 18:51:09 INFO     MRR  : 0.149442
2025-07-18 18:51:09 INFO     >>>>> Predictor: Evaluating on test
2025-07-18 18:55:59 INFO     Data : 4402
2025-07-18 18:55:59 INFO     Hit1 : 0.114493
2025-07-18 18:55:59 INFO     Hit3 : 0.193776
2025-07-18 18:55:59 INFO     Hit10: 0.323489
2025-07-18 18:55:59 INFO     MR   : 574.760336
2025-07-18 18:55:59 INFO     MRR  : 0.182254
2025-07-18 18:55:59 INFO     -------------------------
2025-07-18 18:55:59 INFO     | Iteration: 5/5
2025-07-18 18:55:59 INFO     -------------------------
2025-07-18 18:55:59 INFO     >>>>> Predictor: Training
2025-07-18 19:05:45 INFO     1000 12313 4.336330 69323.3
2025-07-18 19:15:31 INFO     2000 12313 4.362869 69384.0
2025-07-18 19:25:18 INFO     3000 12313 4.356859 69245.2
2025-07-18 19:35:05 INFO     4000 12313 4.337236 69384.0
2025-07-18 19:44:49 INFO     5000 12313 4.389859 69366.7
2025-07-18 19:54:36 INFO     6000 12313 4.358765 69323.3
2025-07-18 20:04:24 INFO     7000 12313 4.377586 69384.0
2025-07-18 20:14:10 INFO     8000 12313 4.387247 69297.3
2025-07-18 20:23:54 INFO     9000 12313 4.364515 69384.0
2025-07-18 20:33:33 INFO     10000 12313 4.364305 69271.3
2025-07-18 20:43:22 INFO     11000 12313 4.361764 69340.6
2025-07-18 20:53:12 INFO     12000 12313 4.346451 69297.3
2025-07-18 20:56:15 INFO     >>>>> Predictor: Evaluating on valid
2025-07-18 21:00:32 INFO     Data : 3823
2025-07-18 21:00:32 INFO     Hit1 : 0.079780
2025-07-18 21:00:32 INFO     Hit3 : 0.159037
2025-07-18 21:00:32 INFO     Hit10: 0.296103
2025-07-18 21:00:32 INFO     MR   : 596.111692
2025-07-18 21:00:32 INFO     MRR  : 0.149707
2025-07-18 21:00:32 INFO     >>>>> Predictor: Evaluating on test
2025-07-18 21:05:29 INFO     Data : 4402
2025-07-18 21:05:29 INFO     Hit1 : 0.106315
2025-07-18 21:05:29 INFO     Hit3 : 0.186733
2025-07-18 21:05:29 INFO     Hit10: 0.320536
2025-07-18 21:05:29 INFO     MR   : 572.913676
2025-07-18 21:05:29 INFO     MRR  : 0.174726
2025-07-18 21:05:29 INFO     -------------------------
2025-07-18 21:05:29 INFO     | Final Test MRR: 0.181518
2025-07-18 21:05:29 INFO     -------------------------
