2025-05-06 23:52:15 INFO     Predictor: read 196 rules from list.
2025-05-06 23:55:43 INFO     Predictor+: read 18420 rules from list.
-------------------------
2025-05-06 23:51:20 INFO     >>>>> Generator: Training
2025-05-06 23:51:26 INFO     [E1000] Total: 1.753567 | Main: 2.115968 | Aux: 0.876897
2025-05-06 23:51:32 INFO     [E2000] Total: 1.716747 | Main: 2.071189 | Aux: 0.856345
2025-05-06 23:51:37 INFO     [E3000] Total: 1.708472 | Main: 2.061002 | Aux: 0.851481
2025-05-06 23:51:42 INFO     [E4000] Total: 1.703155 | Main: 2.054642 | Aux: 0.848874
2025-05-06 23:51:48 INFO     [E5000] Total: 1.698934 | Main: 2.049432 | Aux: 0.846542
2025-05-06 23:51:53 INFO     [E6000] Total: 1.694954 | Main: 2.044610 | Aux: 0.844820
2025-05-06 23:51:58 INFO     [E7000] Total: 1.692147 | Main: 2.041161 | Aux: 0.843023
2025-05-06 23:52:04 INFO     [E8000] Total: 1.690966 | Main: 2.039895 | Aux: 0.843729
2025-05-06 23:52:09 INFO     [E9000] Total: 1.689153 | Main: 2.037632 | Aux: 0.841621
2025-05-06 23:52:14 INFO     [E10000] Total: 1.687837 | Main: 2.036146 | Aux: 0.840380
2025-05-06 23:52:14 INFO     -------------------------
2025-05-06 23:52:14 INFO     | EM Iteration: 1/1
2025-05-06 23:52:14 INFO     -------------------------
2025-05-06 23:52:14 INFO     >>>>> Generator: Rule generation with sampling
2025-05-06 23:52:15 INFO     Predictor: read 196 rules from list.
2025-05-06 23:52:15 INFO     Initializing distributed process group
2025-05-06 23:52:15 INFO     Preprocess training set
2025-05-06 23:52:15 INFO     >>>>> Predictor: Training
2025-05-06 23:52:16 INFO     100 11892 11.183295 606488.0
2025-05-06 23:52:17 INFO     200 11892 11.100737 606488.0
2025-05-06 23:52:18 INFO     300 11892 11.015523 606488.0
2025-05-06 23:52:19 INFO     400 11892 10.956201 606488.0
2025-05-06 23:52:21 INFO     500 11892 10.829840 606488.0
2025-05-06 23:52:22 INFO     600 11892 10.797630 606488.0
2025-05-06 23:52:23 INFO     700 11892 10.737091 606488.0
2025-05-06 23:52:24 INFO     800 11892 10.681332 606488.0
2025-05-06 23:52:25 INFO     900 11892 10.623001 606488.0
2025-05-06 23:52:26 INFO     1000 11892 10.590147 606488.0
2025-05-06 23:52:26 INFO     >>>>> Predictor: Evaluating on valid
2025-05-06 23:53:05 INFO     Data : 21135
2025-05-06 23:53:05 INFO     Hit1 : 0.012486
2025-05-06 23:53:05 INFO     Hit3 : 0.021709
2025-05-06 23:53:05 INFO     Hit10: 0.039115
2025-05-06 23:53:05 INFO     MR   : 13993.224873
2025-05-06 23:53:05 INFO     MRR  : 0.023246
2025-05-06 23:53:05 INFO     >>>>> Predictor: Evaluating on test
2025-05-06 23:53:21 INFO     Data : 10871
2025-05-06 23:53:21 INFO     Hit1 : 0.008089
2025-05-06 23:53:21 INFO     Hit3 : 0.015718
2025-05-06 23:53:21 INFO     Hit10: 0.034194
2025-05-06 23:53:21 INFO     MR   : 12934.914744
2025-05-06 23:53:21 INFO     MRR  : 0.018793
2025-05-06 23:53:21 INFO     >>>>> Predictor: Computing H scores of rules
2025-05-06 23:53:31 INFO     1000 11892
2025-05-06 23:53:40 INFO     2000 11892
2025-05-06 23:53:49 INFO     3000 11892
2025-05-06 23:53:58 INFO     4000 11892
2025-05-06 23:54:07 INFO     5000 11892
2025-05-06 23:54:16 INFO     6000 11892
2025-05-06 23:54:25 INFO     7000 11892
2025-05-06 23:54:34 INFO     8000 11892
2025-05-06 23:54:43 INFO     9000 11892
2025-05-06 23:54:52 INFO     10000 11892
2025-05-06 23:55:01 INFO     11000 11892
2025-05-06 23:55:11 INFO     >>>>> Generator: Training
2025-05-06 23:55:12 INFO     -------------------------
2025-05-06 23:55:12 INFO     | Post-train Generator
2025-05-06 23:55:12 INFO     -------------------------
2025-05-06 23:55:12 INFO     >>>>> Generator: Training
2025-05-06 23:55:16 INFO     [E1000] Total: 0.981008 | Main: 1.143603 | Aux: 0.680737
2025-05-06 23:55:16 INFO     -------------------------
2025-05-06 23:55:16 INFO     | Beam Search Best Rules
2025-05-06 23:55:16 INFO     -------------------------
2025-05-06 23:55:16 INFO     >>>>> Generator: Rule generation with beam search
2025-05-06 23:55:16 INFO     >>>>> Generator: Rule generation with beam search
2025-05-06 23:55:18 INFO     >>>>> Generator: Rule generation with beam search
2025-05-06 23:55:30 INFO     >>>>> Generator: Rule generation with beam search
2025-05-06 23:55:38 INFO     >>>>> Generator: Rule generation with beam search
2025-05-06 23:55:43 INFO     -------------------------
2025-05-06 23:55:43 INFO     | Train Final Predictor+
2025-05-06 23:55:43 INFO     -------------------------
2025-05-06 23:55:43 INFO     Predictor+: read 18420 rules from list.
2025-05-06 23:55:43 INFO     Preprocess training set
2025-05-06 23:55:43 INFO     -------------------------
2025-05-06 23:55:43 INFO     | Iteration: 1/1
2025-05-06 23:55:43 INFO     -------------------------
2025-05-06 23:55:43 INFO     >>>>> Predictor: Training
2025-05-06 23:56:33 INFO     100 11892 8.668314 606488.0
2025-05-06 23:57:21 INFO     200 11892 7.428583 606488.0
