2025-07-22 15:46:19 INFO     is_soft_label: False
2025-07-22 15:46:19 INFO     is_scheduled_sampling: False
2025-07-22 15:46:19 INFO     is_test_mode: False
2025-07-22 15:46:19 INFO     Data loading | DONE!
2025-07-22 15:46:20 INFO     Using full datasets for training, validation, and testing.
2025-07-22 15:46:20 INFO     -------------------------
2025-07-22 15:46:20 INFO     | EM Iteration: 1/5
2025-07-22 15:46:20 INFO     -------------------------
2025-07-22 15:46:20 INFO     >>>>> Using miner's rule
2025-07-22 15:46:20 INFO     Predictor: read 13661 rules from list.
2025-07-22 15:46:21 INFO     Preprocess training set
2025-07-22 15:46:21 INFO     >>>>> Predictor: Evaluating on valid
2025-07-22 15:48:36 INFO     Data : 2077
2025-07-22 15:48:36 INFO     Hit1 : 0.065479
2025-07-22 15:48:36 INFO     Hit3 : 0.127106
2025-07-22 15:48:36 INFO     Hit10: 0.199326
2025-07-22 15:48:36 INFO     MR   : 1120.902022
2025-07-22 15:48:36 INFO     MRR  : 0.114382
2025-07-22 15:48:36 INFO     >>>>> Predictor: Evaluating on test
2025-07-22 15:51:05 INFO     Data : 2342
2025-07-22 15:51:05 INFO     Hit1 : 0.078992
2025-07-22 15:51:05 INFO     Hit3 : 0.124253
2025-07-22 15:51:05 INFO     Hit10: 0.208796
2025-07-22 15:51:05 INFO     MR   : 1044.269001
2025-07-22 15:51:05 INFO     MRR  : 0.122250
2025-07-22 15:51:05 INFO     >>>>> Predictor: Computing H scores of rules
2025-07-22 16:27:37 INFO     1000 5959
2025-07-22 17:05:11 INFO     2000 5959
2025-07-22 17:42:53 INFO     3000 5959
2025-07-22 18:20:38 INFO     4000 5959
2025-07-22 18:57:52 INFO     5000 5959
2025-07-22 19:35:39 INFO     >>>>> Generator: Training
2025-07-22 19:35:50 INFO     -------------------------
2025-07-22 19:35:50 INFO     | EM Iteration: 2/5
2025-07-22 19:35:50 INFO     -------------------------
2025-07-22 19:35:50 INFO     >>>>> Using Generator's sample rule
2025-07-22 19:35:50 INFO     >>>>> Generator: Rule generation with sampling
2025-07-22 19:35:50 INFO     Predictor: read 1904 rules from list.
2025-07-22 19:35:50 INFO     Preprocess training set
2025-07-22 19:35:50 INFO     >>>>> Predictor: Training
2025-07-22 19:37:06 INFO     1000 5959 8.782312 69314.6
2025-07-22 19:38:33 INFO     2000 5959 8.410004 69271.3
2025-07-22 19:39:46 INFO     3000 5959 8.219053 69245.2
2025-07-22 19:41:00 INFO     4000 5959 8.065449 69340.6
2025-07-22 19:42:15 INFO     5000 5959 7.940880 69340.6
2025-07-22 19:43:31 INFO     >>>>> Predictor: Evaluating on valid
2025-07-22 19:43:49 INFO     Data : 2077
2025-07-22 19:43:49 INFO     Hit1 : 0.025036
2025-07-22 19:43:49 INFO     Hit3 : 0.040924
2025-07-22 19:43:49 INFO     Hit10: 0.064035
2025-07-22 19:43:49 INFO     MR   : 1407.828117
2025-07-22 19:43:49 INFO     MRR  : 0.041154
2025-07-22 19:43:49 INFO     >>>>> Predictor: Evaluating on test
2025-07-22 19:44:10 INFO     Data : 2342
2025-07-22 19:44:10 INFO     Hit1 : 0.019641
2025-07-22 19:44:10 INFO     Hit3 : 0.030743
2025-07-22 19:44:10 INFO     Hit10: 0.056362
2025-07-22 19:44:10 INFO     MR   : 1317.205807
2025-07-22 19:44:10 INFO     MRR  : 0.034766
2025-07-22 19:44:10 INFO     >>>>> Predictor: Computing H scores of rules
2025-07-22 19:47:55 INFO     1000 5959
2025-07-22 19:51:38 INFO     2000 5959
2025-07-22 19:55:10 INFO     3000 5959
2025-07-22 19:58:42 INFO     4000 5959
2025-07-22 20:02:03 INFO     5000 5959
2025-07-22 20:05:18 INFO     >>>>> Generator: Training
2025-07-22 20:05:27 INFO     -------------------------
2025-07-22 20:05:27 INFO     | EM Iteration: 3/5
2025-07-22 20:05:27 INFO     -------------------------
2025-07-22 20:05:27 INFO     >>>>> Using Generator's sample rule
2025-07-22 20:05:27 INFO     >>>>> Generator: Rule generation with sampling
2025-07-22 20:05:28 INFO     Predictor: read 1877 rules from list.
2025-07-22 20:05:28 INFO     Preprocess training set
2025-07-22 20:05:28 INFO     >>>>> Predictor: Training
2025-07-22 20:06:42 INFO     1000 5959 8.809976 69332.0
2025-07-22 20:07:55 INFO     2000 5959 8.469537 69349.3
2025-07-22 20:09:09 INFO     3000 5959 8.254404 69184.5
2025-07-22 20:10:25 INFO     4000 5959 8.080450 69253.9
2025-07-22 20:11:37 INFO     5000 5959 7.983767 69332.0
2025-07-22 20:12:53 INFO     >>>>> Predictor: Evaluating on valid
2025-07-22 20:13:20 INFO     Data : 2077
2025-07-22 20:13:20 INFO     Hit1 : 0.010592
2025-07-22 20:13:20 INFO     Hit3 : 0.025999
2025-07-22 20:13:20 INFO     Hit10: 0.051035
2025-07-22 20:13:20 INFO     MR   : 1450.381801
2025-07-22 20:13:20 INFO     MRR  : 0.026797
2025-07-22 20:13:20 INFO     >>>>> Predictor: Evaluating on test
2025-07-22 20:13:40 INFO     Data : 2342
2025-07-22 20:13:40 INFO     Hit1 : 0.014091
2025-07-22 20:13:40 INFO     Hit3 : 0.024765
2025-07-22 20:13:40 INFO     Hit10: 0.047395
2025-07-22 20:13:40 INFO     MR   : 1340.377455
2025-07-22 20:13:40 INFO     MRR  : 0.028016
2025-07-22 20:13:40 INFO     >>>>> Predictor: Computing H scores of rules
2025-07-22 20:17:01 INFO     1000 5959
2025-07-22 20:20:33 INFO     2000 5959
2025-07-22 20:24:04 INFO     3000 5959
2025-07-22 20:27:37 INFO     4000 5959
2025-07-22 20:30:58 INFO     5000 5959
2025-07-22 20:34:24 INFO     >>>>> Generator: Training
2025-07-22 20:34:34 INFO     -------------------------
2025-07-22 20:34:34 INFO     | EM Iteration: 4/5
2025-07-22 20:34:34 INFO     -------------------------
2025-07-22 20:34:34 INFO     >>>>> Using Generator's sample rule
2025-07-22 20:34:34 INFO     >>>>> Generator: Rule generation with sampling
2025-07-22 20:34:35 INFO     Predictor: read 1847 rules from list.
2025-07-22 20:34:35 INFO     Preprocess training set
2025-07-22 20:34:35 INFO     >>>>> Predictor: Training
2025-07-22 20:35:46 INFO     1000 5959 8.791110 69271.3
2025-07-22 20:37:01 INFO     2000 5959 8.404539 69340.6
2025-07-22 20:38:14 INFO     3000 5959 8.137731 69384.0
2025-07-22 20:39:24 INFO     4000 5959 7.963986 69262.6
2025-07-22 20:40:39 INFO     5000 5959 7.819836 69332.0
2025-07-22 20:41:47 INFO     >>>>> Predictor: Evaluating on valid
2025-07-22 20:42:09 INFO     Data : 2077
2025-07-22 20:42:09 INFO     Hit1 : 0.006259
2025-07-22 20:42:09 INFO     Hit3 : 0.018296
2025-07-22 20:42:09 INFO     Hit10: 0.036110
2025-07-22 20:42:09 INFO     MR   : 1486.285749
2025-07-22 20:42:09 INFO     MRR  : 0.019680
2025-07-22 20:42:09 INFO     >>>>> Predictor: Evaluating on test
2025-07-22 20:42:30 INFO     Data : 2342
2025-07-22 20:42:30 INFO     Hit1 : 0.008540
2025-07-22 20:42:30 INFO     Hit3 : 0.018787
2025-07-22 20:42:30 INFO     Hit10: 0.035440
2025-07-22 20:42:30 INFO     MR   : 1371.789710
2025-07-22 20:42:30 INFO     MRR  : 0.020680
2025-07-22 20:42:30 INFO     >>>>> Predictor: Computing H scores of rules
2025-07-22 20:45:50 INFO     1000 5959
2025-07-22 20:49:22 INFO     2000 5959
2025-07-22 20:52:53 INFO     3000 5959
2025-07-22 20:56:15 INFO     4000 5959
2025-07-22 20:59:38 INFO     5000 5959
2025-07-22 21:03:07 INFO     >>>>> Generator: Training
2025-07-22 21:03:17 INFO     -------------------------
2025-07-22 21:03:17 INFO     | EM Iteration: 5/5
2025-07-22 21:03:17 INFO     -------------------------
2025-07-22 21:03:17 INFO     >>>>> Using Generator's sample rule
2025-07-22 21:03:17 INFO     >>>>> Generator: Rule generation with sampling
2025-07-22 21:03:17 INFO     Predictor: read 1676 rules from list.
2025-07-22 21:03:17 INFO     Preprocess training set
2025-07-22 21:03:17 INFO     >>>>> Predictor: Training
2025-07-22 21:04:29 INFO     1000 5959 8.805924 69332.0
2025-07-22 21:05:40 INFO     2000 5959 8.434382 69349.3
2025-07-22 21:06:56 INFO     3000 5959 8.182272 69340.6
2025-07-22 21:08:08 INFO     4000 5959 8.012417 69297.3
2025-07-22 21:09:19 INFO     5000 5959 7.830053 69219.2
2025-07-22 21:10:28 INFO     >>>>> Predictor: Evaluating on valid
2025-07-22 21:10:46 INFO     Data : 2077
2025-07-22 21:10:46 INFO     Hit1 : 0.029851
2025-07-22 21:10:46 INFO     Hit3 : 0.053924
2025-07-22 21:10:46 INFO     Hit10: 0.076071
2025-07-22 21:10:46 INFO     MR   : 1451.129995
2025-07-22 21:10:46 INFO     MRR  : 0.049605
2025-07-22 21:10:46 INFO     >>>>> Predictor: Evaluating on test
2025-07-22 21:11:07 INFO     Data : 2342
2025-07-22 21:11:07 INFO     Hit1 : 0.028608
2025-07-22 21:11:07 INFO     Hit3 : 0.046541
2025-07-22 21:11:07 INFO     Hit10: 0.084116
2025-07-22 21:11:07 INFO     MR   : 1334.989112
2025-07-22 21:11:07 INFO     MRR  : 0.048452
2025-07-22 21:11:07 INFO     >>>>> Predictor: Computing H scores of rules
2025-07-22 21:14:30 INFO     1000 5959
2025-07-22 21:17:51 INFO     2000 5959
2025-07-22 21:21:19 INFO     3000 5959
2025-07-22 21:24:40 INFO     4000 5959
2025-07-22 21:27:59 INFO     5000 5959
2025-07-22 21:31:15 INFO     >>>>> Generator: Training
2025-07-22 21:31:25 INFO     -------------------------
2025-07-22 21:31:25 INFO     | Post-train Generator
2025-07-22 21:31:25 INFO     -------------------------
2025-07-22 21:31:26 INFO     >>>>> Generator: Training
2025-07-22 21:33:11 INFO     [E01000] Total 2.432650 | Main 2.559255 | RelClus 1.497829 | EntType 2.354638
2025-07-22 21:33:11 INFO     -------------------------
2025-07-22 21:33:11 INFO     | Beam Search Best Rules
2025-07-22 21:33:11 INFO     -------------------------
2025-07-22 21:33:11 INFO     >>>>> Generator: Rule generation with beam search
2025-07-22 21:33:12 INFO     >>>>> Generator: Rule generation with beam search
2025-07-22 21:33:18 INFO     >>>>> Generator: Rule generation with beam search
2025-07-22 21:34:45 INFO     >>>>> Generator: Rule generation with beam search
2025-07-22 21:35:50 INFO     >>>>> Generator: Rule generation with beam search
2025-07-22 21:36:35 INFO     -------------------------
2025-07-22 21:36:35 INFO     | Train Final Predictor+
2025-07-22 21:36:35 INFO     -------------------------
2025-07-22 21:36:35 INFO     Predictor+: read 18420 rules from list.
2025-07-22 21:36:35 INFO     Preprocess training set
2025-07-22 21:36:35 INFO     -------------------------
2025-07-22 21:36:35 INFO     | Iteration: 1/5
2025-07-22 21:36:35 INFO     -------------------------
2025-07-22 21:36:35 INFO     >>>>> Predictor: Training
2025-07-22 21:42:01 INFO     1000 5959 4.989209 69271.3
2025-07-22 21:47:20 INFO     2000 5959 4.754580 69332.0
2025-07-22 21:52:48 INFO     3000 5959 4.740845 69375.3
2025-07-22 21:58:22 INFO     4000 5959 4.738231 69279.9
2025-07-22 22:04:01 INFO     5000 5959 4.708192 69349.3
2025-07-22 22:09:09 INFO     >>>>> Predictor: Evaluating on valid
2025-07-22 22:10:25 INFO     Data : 2077
2025-07-22 22:10:25 INFO     Hit1 : 0.098700
2025-07-22 22:10:25 INFO     Hit3 : 0.180067
2025-07-22 22:10:25 INFO     Hit10: 0.311507
2025-07-22 22:10:25 INFO     MR   : 989.786712
2025-07-22 22:10:25 INFO     MRR  : 0.166721
2025-07-22 22:10:25 INFO     >>>>> Predictor: Evaluating on test
2025-07-22 22:12:00 INFO     Data : 2342
2025-07-22 22:12:00 INFO     Hit1 : 0.121264
2025-07-22 22:12:00 INFO     Hit3 : 0.204526
2025-07-22 22:12:00 INFO     Hit10: 0.318531
2025-07-22 22:12:00 INFO     MR   : 927.308711
2025-07-22 22:12:00 INFO     MRR  : 0.185988
2025-07-22 22:12:00 INFO     Save checkpoint to results/semmeddb/10_times_each/fixed/333/10_20250722_154617/predictor.pt
2025-07-22 22:12:00 INFO     -------------------------
2025-07-22 22:12:00 INFO     | Iteration: 2/5
2025-07-22 22:12:00 INFO     -------------------------
2025-07-22 22:12:00 INFO     >>>>> Predictor: Training
2025-07-22 22:17:26 INFO     1000 5959 4.637867 69366.7
2025-07-22 22:22:45 INFO     2000 5959 4.676568 69375.3
2025-07-22 22:28:02 INFO     3000 5959 4.665065 69219.2
2025-07-22 22:33:32 INFO     4000 5959 4.672449 69305.9
2025-07-22 22:38:52 INFO     5000 5959 4.660963 69288.6
2025-07-22 22:43:58 INFO     >>>>> Predictor: Evaluating on valid
2025-07-22 22:45:14 INFO     Data : 2077
2025-07-22 22:45:14 INFO     Hit1 : 0.094367
2025-07-22 22:45:14 INFO     Hit3 : 0.194511
2025-07-22 22:45:14 INFO     Hit10: 0.319692
2025-07-22 22:45:14 INFO     MR   : 956.707511
2025-07-22 22:45:14 INFO     MRR  : 0.167525
2025-07-22 22:45:14 INFO     >>>>> Predictor: Evaluating on test
2025-07-22 22:46:45 INFO     Data : 2342
2025-07-22 22:46:45 INFO     Hit1 : 0.128096
2025-07-22 22:46:45 INFO     Hit3 : 0.209223
2025-07-22 22:46:45 INFO     Hit10: 0.320239
2025-07-22 22:46:45 INFO     MR   : 889.670794
2025-07-22 22:46:45 INFO     MRR  : 0.190745
2025-07-22 22:46:45 INFO     Save checkpoint to results/semmeddb/10_times_each/fixed/333/10_20250722_154617/predictor.pt
2025-07-22 22:46:45 INFO     -------------------------
2025-07-22 22:46:45 INFO     | Iteration: 3/5
2025-07-22 22:46:45 INFO     -------------------------
2025-07-22 22:46:45 INFO     >>>>> Predictor: Training
2025-07-22 22:52:06 INFO     1000 5959 4.644503 69288.6
2025-07-22 22:57:44 INFO     2000 5959 4.646784 69288.6
2025-07-22 23:03:30 INFO     3000 5959 4.640095 69340.6
2025-07-22 23:09:32 INFO     4000 5959 4.637680 69271.3
2025-07-22 23:15:19 INFO     5000 5959 4.669421 69219.2
2025-07-22 23:20:45 INFO     >>>>> Predictor: Evaluating on valid
2025-07-22 23:22:06 INFO     Data : 2077
2025-07-22 23:22:06 INFO     Hit1 : 0.088589
2025-07-22 23:22:06 INFO     Hit3 : 0.177660
2025-07-22 23:22:06 INFO     Hit10: 0.298507
2025-07-22 23:22:06 INFO     MR   : 946.135051
2025-07-22 23:22:06 INFO     MRR  : 0.159857
2025-07-22 23:22:06 INFO     >>>>> Predictor: Evaluating on test
2025-07-22 23:23:42 INFO     Data : 2342
2025-07-22 23:23:42 INFO     Hit1 : 0.116140
2025-07-22 23:23:42 INFO     Hit3 : 0.193851
2025-07-22 23:23:42 INFO     Hit10: 0.312980
2025-07-22 23:23:42 INFO     MR   : 876.582408
2025-07-22 23:23:42 INFO     MRR  : 0.179660
2025-07-22 23:23:42 INFO     -------------------------
2025-07-22 23:23:42 INFO     | Iteration: 4/5
2025-07-22 23:23:42 INFO     -------------------------
2025-07-22 23:23:42 INFO     >>>>> Predictor: Training
2025-07-22 23:29:31 INFO     1000 5959 4.614064 69340.6
2025-07-22 23:35:36 INFO     2000 5959 4.591897 69184.5
2025-07-22 23:41:37 INFO     3000 5959 4.659485 69253.9
2025-07-22 23:47:29 INFO     4000 5959 4.626319 69340.6
2025-07-22 23:53:27 INFO     5000 5959 4.628670 69384.0
2025-07-22 23:59:13 INFO     >>>>> Predictor: Evaluating on valid
2025-07-23 00:00:45 INFO     Data : 2077
2025-07-23 00:00:45 INFO     Hit1 : 0.093404
2025-07-23 00:00:45 INFO     Hit3 : 0.186808
2025-07-23 00:00:45 INFO     Hit10: 0.311026
2025-07-23 00:00:45 INFO     MR   : 936.760953
2025-07-23 00:00:45 INFO     MRR  : 0.164199
2025-07-23 00:00:45 INFO     >>>>> Predictor: Evaluating on test
2025-07-23 00:02:16 INFO     Data : 2342
2025-07-23 00:02:16 INFO     Hit1 : 0.120837
2025-07-23 00:02:16 INFO     Hit3 : 0.210931
2025-07-23 00:02:16 INFO     Hit10: 0.321093
2025-07-23 00:02:16 INFO     MR   : 869.399658
2025-07-23 00:02:16 INFO     MRR  : 0.188125
2025-07-23 00:02:16 INFO     -------------------------
2025-07-23 00:02:16 INFO     | Iteration: 5/5
2025-07-23 00:02:16 INFO     -------------------------
2025-07-23 00:02:16 INFO     >>>>> Predictor: Training
2025-07-23 00:07:54 INFO     1000 5959 4.620813 69323.3
2025-07-23 00:13:11 INFO     2000 5959 4.607883 69332.0
2025-07-23 00:18:34 INFO     3000 5959 4.647942 69219.2
2025-07-23 00:23:54 INFO     4000 5959 4.636954 69297.3
2025-07-23 00:29:30 INFO     5000 5959 4.607525 69332.0
2025-07-23 00:34:44 INFO     >>>>> Predictor: Evaluating on valid
2025-07-23 00:36:00 INFO     Data : 2077
2025-07-23 00:36:00 INFO     Hit1 : 0.092441
2025-07-23 00:36:00 INFO     Hit3 : 0.181993
2025-07-23 00:36:00 INFO     Hit10: 0.316803
2025-07-23 00:36:00 INFO     MR   : 927.918392
2025-07-23 00:36:00 INFO     MRR  : 0.162930
2025-07-23 00:36:00 INFO     >>>>> Predictor: Evaluating on test
2025-07-23 00:37:26 INFO     Data : 2342
2025-07-23 00:37:26 INFO     Hit1 : 0.122118
2025-07-23 00:37:26 INFO     Hit3 : 0.202818
2025-07-23 00:37:26 INFO     Hit10: 0.320239
2025-07-23 00:37:26 INFO     MR   : 867.856106
2025-07-23 00:37:26 INFO     MRR  : 0.187898
2025-07-23 00:37:26 INFO     -------------------------
2025-07-23 00:37:26 INFO     | Final Test MRR: 0.190745
2025-07-23 00:37:26 INFO     -------------------------
