2025-07-20 07:24:38 INFO     is_soft_label: False
2025-07-20 07:24:38 INFO     is_scheduled_sampling: False
2025-07-20 07:24:38 INFO     is_test_mode: False
2025-07-20 07:24:38 INFO     Data loading | DONE!
2025-07-20 07:24:38 INFO     Using full datasets for training, validation, and testing.
2025-07-20 07:24:38 INFO     -------------------------
2025-07-20 07:24:38 INFO     | EM Iteration: 1/5
2025-07-20 07:24:38 INFO     -------------------------
2025-07-20 07:24:38 INFO     >>>>> Using miner's rule
2025-07-20 07:24:39 INFO     Predictor: read 13661 rules from list.
2025-07-20 07:24:40 INFO     Preprocess training set
2025-07-20 07:24:40 INFO     >>>>> Predictor: Evaluating on valid
2025-07-20 07:28:03 INFO     Data : 2077
2025-07-20 07:28:03 INFO     Hit1 : 0.065479
2025-07-20 07:28:03 INFO     Hit3 : 0.127106
2025-07-20 07:28:03 INFO     Hit10: 0.199326
2025-07-20 07:28:03 INFO     MR   : 1120.902022
2025-07-20 07:28:03 INFO     MRR  : 0.114382
2025-07-20 07:28:03 INFO     >>>>> Predictor: Evaluating on test
2025-07-20 07:31:49 INFO     Data : 2342
2025-07-20 07:31:49 INFO     Hit1 : 0.078992
2025-07-20 07:31:49 INFO     Hit3 : 0.124253
2025-07-20 07:31:49 INFO     Hit10: 0.208796
2025-07-20 07:31:49 INFO     MR   : 1044.269001
2025-07-20 07:31:49 INFO     MRR  : 0.122250
2025-07-20 07:31:49 INFO     >>>>> Predictor: Computing H scores of rules
2025-07-20 08:18:21 INFO     1000 5959
2025-07-20 09:06:05 INFO     2000 5959
2025-07-20 09:55:57 INFO     3000 5959
2025-07-20 10:45:02 INFO     4000 5959
2025-07-20 11:31:47 INFO     5000 5959
2025-07-20 12:19:52 INFO     >>>>> Generator: Training
2025-07-20 12:19:57 INFO     -------------------------
2025-07-20 12:19:57 INFO     | EM Iteration: 2/5
2025-07-20 12:19:57 INFO     -------------------------
2025-07-20 12:19:57 INFO     >>>>> Using Generator's sample rule
2025-07-20 12:19:57 INFO     >>>>> Generator: Rule generation with sampling
2025-07-20 12:19:57 INFO     Predictor: read 1900 rules from list.
2025-07-20 12:19:57 INFO     Preprocess training set
2025-07-20 12:19:57 INFO     >>>>> Predictor: Training
2025-07-20 12:21:31 INFO     1000 5959 8.795817 69314.6
2025-07-20 12:23:02 INFO     2000 5959 8.424737 69271.3
2025-07-20 12:24:34 INFO     3000 5959 8.224691 69245.2
2025-07-20 12:26:06 INFO     4000 5959 8.063707 69340.6
2025-07-20 12:27:38 INFO     5000 5959 7.904356 69340.6
2025-07-20 12:29:07 INFO     >>>>> Predictor: Evaluating on valid
2025-07-20 12:29:23 INFO     Data : 2077
2025-07-20 12:29:23 INFO     Hit1 : 0.015407
2025-07-20 12:29:23 INFO     Hit3 : 0.023592
2025-07-20 12:29:23 INFO     Hit10: 0.035147
2025-07-20 12:29:23 INFO     MR   : 1478.241454
2025-07-20 12:29:23 INFO     MRR  : 0.025902
2025-07-20 12:29:23 INFO     >>>>> Predictor: Evaluating on test
2025-07-20 12:29:41 INFO     Data : 2342
2025-07-20 12:29:41 INFO     Hit1 : 0.011529
2025-07-20 12:29:41 INFO     Hit3 : 0.017933
2025-07-20 12:29:41 INFO     Hit10: 0.029462
2025-07-20 12:29:41 INFO     MR   : 1374.103544
2025-07-20 12:29:41 INFO     MRR  : 0.021287
2025-07-20 12:29:41 INFO     >>>>> Predictor: Computing H scores of rules
2025-07-20 12:33:32 INFO     1000 5959
2025-07-20 12:37:24 INFO     2000 5959
2025-07-20 12:41:18 INFO     3000 5959
2025-07-20 12:45:00 INFO     4000 5959
2025-07-20 12:48:42 INFO     5000 5959
2025-07-20 12:52:19 INFO     >>>>> Generator: Training
2025-07-20 12:52:24 INFO     -------------------------
2025-07-20 12:52:24 INFO     | EM Iteration: 3/5
2025-07-20 12:52:24 INFO     -------------------------
2025-07-20 12:52:24 INFO     >>>>> Using Generator's sample rule
2025-07-20 12:52:24 INFO     >>>>> Generator: Rule generation with sampling
2025-07-20 12:52:24 INFO     Predictor: read 1916 rules from list.
2025-07-20 12:52:24 INFO     Preprocess training set
2025-07-20 12:52:24 INFO     >>>>> Predictor: Training
2025-07-20 12:53:51 INFO     1000 5959 8.820295 69332.0
2025-07-20 12:55:24 INFO     2000 5959 8.500766 69349.3
2025-07-20 12:56:56 INFO     3000 5959 8.308992 69184.5
2025-07-20 12:58:29 INFO     4000 5959 8.174524 69253.9
2025-07-20 13:00:03 INFO     5000 5959 8.100267 69332.0
2025-07-20 13:01:32 INFO     >>>>> Predictor: Evaluating on valid
2025-07-20 13:01:49 INFO     Data : 2077
2025-07-20 13:01:49 INFO     Hit1 : 0.009148
2025-07-20 13:01:49 INFO     Hit3 : 0.018777
2025-07-20 13:01:49 INFO     Hit10: 0.034184
2025-07-20 13:01:49 INFO     MR   : 1482.585941
2025-07-20 13:01:49 INFO     MRR  : 0.021228
2025-07-20 13:01:49 INFO     >>>>> Predictor: Evaluating on test
2025-07-20 13:02:08 INFO     Data : 2342
2025-07-20 13:02:08 INFO     Hit1 : 0.008113
2025-07-20 13:02:08 INFO     Hit3 : 0.013664
2025-07-20 13:02:08 INFO     Hit10: 0.027754
2025-07-20 13:02:08 INFO     MR   : 1378.045901
2025-07-20 13:02:08 INFO     MRR  : 0.018118
2025-07-20 13:02:08 INFO     >>>>> Predictor: Computing H scores of rules
2025-07-20 13:06:08 INFO     1000 5959
2025-07-20 13:09:59 INFO     2000 5959
2025-07-20 13:13:46 INFO     3000 5959
2025-07-20 13:17:35 INFO     4000 5959
2025-07-20 13:21:24 INFO     5000 5959
2025-07-20 13:25:06 INFO     >>>>> Generator: Training
2025-07-20 13:25:11 INFO     -------------------------
2025-07-20 13:25:11 INFO     | EM Iteration: 4/5
2025-07-20 13:25:11 INFO     -------------------------
2025-07-20 13:25:11 INFO     >>>>> Using Generator's sample rule
2025-07-20 13:25:11 INFO     >>>>> Generator: Rule generation with sampling
2025-07-20 13:25:12 INFO     Predictor: read 1951 rules from list.
2025-07-20 13:25:12 INFO     Preprocess training set
2025-07-20 13:25:12 INFO     >>>>> Predictor: Training
2025-07-20 13:26:46 INFO     1000 5959 8.809383 69271.3
2025-07-20 13:28:21 INFO     2000 5959 8.460698 69340.6
2025-07-20 13:29:57 INFO     3000 5959 8.235963 69384.0
2025-07-20 13:31:32 INFO     4000 5959 8.096743 69262.6
2025-07-20 13:33:06 INFO     5000 5959 7.972658 69332.0
2025-07-20 13:34:37 INFO     >>>>> Predictor: Evaluating on valid
2025-07-20 13:34:54 INFO     Data : 2077
2025-07-20 13:34:54 INFO     Hit1 : 0.019259
2025-07-20 13:34:54 INFO     Hit3 : 0.035628
2025-07-20 13:34:54 INFO     Hit10: 0.055368
2025-07-20 13:34:54 INFO     MR   : 1457.752528
2025-07-20 13:34:54 INFO     MRR  : 0.035361
2025-07-20 13:34:54 INFO     >>>>> Predictor: Evaluating on test
2025-07-20 13:35:14 INFO     Data : 2342
2025-07-20 13:35:14 INFO     Hit1 : 0.022630
2025-07-20 13:35:14 INFO     Hit3 : 0.039710
2025-07-20 13:35:14 INFO     Hit10: 0.054654
2025-07-20 13:35:14 INFO     MR   : 1353.478437
2025-07-20 13:35:14 INFO     MRR  : 0.037821
2025-07-20 13:35:14 INFO     >>>>> Predictor: Computing H scores of rules
2025-07-20 13:39:02 INFO     1000 5959
2025-07-20 13:42:51 INFO     2000 5959
2025-07-20 13:46:39 INFO     3000 5959
2025-07-20 13:50:28 INFO     4000 5959
2025-07-20 13:54:18 INFO     5000 5959
2025-07-20 13:58:00 INFO     >>>>> Generator: Training
2025-07-20 13:58:05 INFO     -------------------------
2025-07-20 13:58:05 INFO     | EM Iteration: 5/5
2025-07-20 13:58:05 INFO     -------------------------
2025-07-20 13:58:05 INFO     >>>>> Using Generator's sample rule
2025-07-20 13:58:05 INFO     >>>>> Generator: Rule generation with sampling
2025-07-20 13:58:05 INFO     Predictor: read 1967 rules from list.
2025-07-20 13:58:05 INFO     Preprocess training set
2025-07-20 13:58:05 INFO     >>>>> Predictor: Training
2025-07-20 13:59:41 INFO     1000 5959 8.817447 69332.0
2025-07-20 14:01:20 INFO     2000 5959 8.470280 69349.3
2025-07-20 14:02:58 INFO     3000 5959 8.261555 69340.6
2025-07-20 14:04:33 INFO     4000 5959 8.134668 69297.3
2025-07-20 14:06:08 INFO     5000 5959 8.048097 69219.2
2025-07-20 14:07:40 INFO     >>>>> Predictor: Evaluating on valid
2025-07-20 14:07:57 INFO     Data : 2077
2025-07-20 14:07:57 INFO     Hit1 : 0.006740
2025-07-20 14:07:57 INFO     Hit3 : 0.017333
2025-07-20 14:07:57 INFO     Hit10: 0.041406
2025-07-20 14:07:57 INFO     MR   : 1513.288878
2025-07-20 14:07:57 INFO     MRR  : 0.020570
2025-07-20 14:07:57 INFO     >>>>> Predictor: Evaluating on test
2025-07-20 14:08:16 INFO     Data : 2342
2025-07-20 14:08:16 INFO     Hit1 : 0.004270
2025-07-20 14:08:16 INFO     Hit3 : 0.012810
2025-07-20 14:08:16 INFO     Hit10: 0.030316
2025-07-20 14:08:16 INFO     MR   : 1389.672289
2025-07-20 14:08:16 INFO     MRR  : 0.016151
2025-07-20 14:08:16 INFO     >>>>> Predictor: Computing H scores of rules
2025-07-20 14:12:09 INFO     1000 5959
2025-07-20 14:16:04 INFO     2000 5959
2025-07-20 14:19:58 INFO     3000 5959
2025-07-20 14:23:51 INFO     4000 5959
2025-07-20 14:27:49 INFO     5000 5959
2025-07-20 14:31:45 INFO     >>>>> Generator: Training
2025-07-20 14:31:50 INFO     -------------------------
2025-07-20 14:31:50 INFO     | Post-train Generator
2025-07-20 14:31:50 INFO     -------------------------
2025-07-20 14:31:51 INFO     >>>>> Generator: Training
2025-07-20 14:32:41 INFO     [E01000] Total 3.589713 | Main 3.215151 | EntType 3.151969
2025-07-20 14:32:41 INFO     -------------------------
2025-07-20 14:32:41 INFO     | Beam Search Best Rules
2025-07-20 14:32:41 INFO     -------------------------
2025-07-20 14:32:41 INFO     >>>>> Generator: Rule generation with beam search
2025-07-20 14:32:42 INFO     >>>>> Generator: Rule generation with beam search
2025-07-20 14:32:49 INFO     >>>>> Generator: Rule generation with beam search
2025-07-20 14:34:24 INFO     >>>>> Generator: Rule generation with beam search
2025-07-20 14:35:43 INFO     >>>>> Generator: Rule generation with beam search
2025-07-20 14:36:37 INFO     -------------------------
2025-07-20 14:36:37 INFO     | Train Final Predictor+
2025-07-20 14:36:37 INFO     -------------------------
2025-07-20 14:36:37 INFO     Predictor+: read 18420 rules from list.
2025-07-20 14:36:37 INFO     Preprocess training set
2025-07-20 14:36:37 INFO     -------------------------
2025-07-20 14:36:37 INFO     | Iteration: 1/5
2025-07-20 14:36:37 INFO     -------------------------
2025-07-20 14:36:37 INFO     >>>>> Predictor: Training
2025-07-20 14:44:10 INFO     1000 5959 4.896639 69271.3
2025-07-20 14:51:59 INFO     2000 5959 4.725994 69332.0
2025-07-20 14:59:41 INFO     3000 5959 4.705875 69375.3
2025-07-20 15:07:06 INFO     4000 5959 4.709427 69279.9
2025-07-20 15:14:33 INFO     5000 5959 4.680630 69349.3
2025-07-20 15:21:54 INFO     >>>>> Predictor: Evaluating on valid
2025-07-20 15:23:48 INFO     Data : 2077
2025-07-20 15:23:48 INFO     Hit1 : 0.104478
2025-07-20 15:23:48 INFO     Hit3 : 0.188252
2025-07-20 15:23:48 INFO     Hit10: 0.315840
2025-07-20 15:23:48 INFO     MR   : 982.823303
2025-07-20 15:23:48 INFO     MRR  : 0.172382
2025-07-20 15:23:48 INFO     >>>>> Predictor: Evaluating on test
2025-07-20 15:25:57 INFO     Data : 2342
2025-07-20 15:25:57 INFO     Hit1 : 0.128523
2025-07-20 15:25:57 INFO     Hit3 : 0.207088
2025-07-20 15:25:57 INFO     Hit10: 0.315969
2025-07-20 15:25:57 INFO     MR   : 918.160547
2025-07-20 15:25:57 INFO     MRR  : 0.190925
2025-07-20 15:25:57 INFO     Save checkpoint to results/semmeddb/10_times_each/aux2/4_20250720_072435/predictor.pt
2025-07-20 15:25:57 INFO     -------------------------
2025-07-20 15:25:57 INFO     | Iteration: 2/5
2025-07-20 15:25:57 INFO     -------------------------
2025-07-20 15:25:57 INFO     >>>>> Predictor: Training
2025-07-20 15:33:45 INFO     1000 5959 4.604053 69366.7
2025-07-20 15:41:14 INFO     2000 5959 4.651573 69375.3
2025-07-20 15:48:43 INFO     3000 5959 4.638433 69219.2
2025-07-20 15:56:16 INFO     4000 5959 4.650700 69305.9
2025-07-20 16:03:43 INFO     5000 5959 4.619289 69288.6
2025-07-20 16:10:58 INFO     >>>>> Predictor: Evaluating on valid
2025-07-20 16:12:48 INFO     Data : 2077
2025-07-20 16:12:48 INFO     Hit1 : 0.097256
2025-07-20 16:12:48 INFO     Hit3 : 0.184882
2025-07-20 16:12:48 INFO     Hit10: 0.320655
2025-07-20 16:12:48 INFO     MR   : 942.820414
2025-07-20 16:12:48 INFO     MRR  : 0.167249
2025-07-20 16:12:48 INFO     >>>>> Predictor: Evaluating on test
2025-07-20 16:14:51 INFO     Data : 2342
2025-07-20 16:14:51 INFO     Hit1 : 0.126388
2025-07-20 16:14:51 INFO     Hit3 : 0.207515
2025-07-20 16:14:51 INFO     Hit10: 0.316396
2025-07-20 16:14:51 INFO     MR   : 878.953886
2025-07-20 16:14:51 INFO     MRR  : 0.189296
2025-07-20 16:14:51 INFO     -------------------------
2025-07-20 16:14:51 INFO     | Iteration: 3/5
2025-07-20 16:14:51 INFO     -------------------------
2025-07-20 16:14:51 INFO     >>>>> Predictor: Training
2025-07-20 16:22:16 INFO     1000 5959 4.615115 69288.6
2025-07-20 16:29:44 INFO     2000 5959 4.617575 69288.6
2025-07-20 16:37:13 INFO     3000 5959 4.608551 69340.6
2025-07-20 16:44:47 INFO     4000 5959 4.615924 69271.3
2025-07-20 16:52:18 INFO     5000 5959 4.638588 69219.2
2025-07-20 16:59:45 INFO     >>>>> Predictor: Evaluating on valid
2025-07-20 17:01:35 INFO     Data : 2077
2025-07-20 17:01:35 INFO     Hit1 : 0.092441
2025-07-20 17:01:35 INFO     Hit3 : 0.178142
2025-07-20 17:01:35 INFO     Hit10: 0.304766
2025-07-20 17:01:35 INFO     MR   : 933.603274
2025-07-20 17:01:35 INFO     MRR  : 0.161136
2025-07-20 17:01:35 INFO     >>>>> Predictor: Evaluating on test
2025-07-20 17:03:47 INFO     Data : 2342
2025-07-20 17:03:47 INFO     Hit1 : 0.116567
2025-07-20 17:03:47 INFO     Hit3 : 0.198121
2025-07-20 17:03:47 INFO     Hit10: 0.310845
2025-07-20 17:03:47 INFO     MR   : 859.773484
2025-07-20 17:03:47 INFO     MRR  : 0.181320
2025-07-20 17:03:47 INFO     -------------------------
2025-07-20 17:03:47 INFO     | Iteration: 4/5
2025-07-20 17:03:47 INFO     -------------------------
2025-07-20 17:03:47 INFO     >>>>> Predictor: Training
2025-07-20 17:11:09 INFO     1000 5959 4.593813 69340.6
2025-07-20 17:18:42 INFO     2000 5959 4.561977 69184.5
2025-07-20 17:26:08 INFO     3000 5959 4.624816 69253.9
2025-07-20 17:33:38 INFO     4000 5959 4.602586 69340.6
2025-07-20 17:41:07 INFO     5000 5959 4.597281 69384.0
2025-07-20 17:48:22 INFO     >>>>> Predictor: Evaluating on valid
2025-07-20 17:50:11 INFO     Data : 2077
2025-07-20 17:50:11 INFO     Hit1 : 0.099182
2025-07-20 17:50:11 INFO     Hit3 : 0.185845
2025-07-20 17:50:11 INFO     Hit10: 0.315359
2025-07-20 17:50:11 INFO     MR   : 925.594367
2025-07-20 17:50:11 INFO     MRR  : 0.167313
2025-07-20 17:50:11 INFO     >>>>> Predictor: Evaluating on test
2025-07-20 17:52:14 INFO     Data : 2342
2025-07-20 17:52:14 INFO     Hit1 : 0.126815
2025-07-20 17:52:14 INFO     Hit3 : 0.210077
2025-07-20 17:52:14 INFO     Hit10: 0.323228
2025-07-20 17:52:14 INFO     MR   : 854.844150
2025-07-20 17:52:14 INFO     MRR  : 0.191236
2025-07-20 17:52:14 INFO     -------------------------
2025-07-20 17:52:14 INFO     | Iteration: 5/5
2025-07-20 17:52:14 INFO     -------------------------
2025-07-20 17:52:14 INFO     >>>>> Predictor: Training
2025-07-20 17:59:36 INFO     1000 5959 4.603229 69323.3
2025-07-20 18:07:04 INFO     2000 5959 4.584644 69332.0
2025-07-20 18:14:49 INFO     3000 5959 4.615143 69219.2
2025-07-20 18:22:33 INFO     4000 5959 4.608102 69297.3
2025-07-20 18:30:09 INFO     5000 5959 4.574209 69332.0
2025-07-20 18:37:17 INFO     >>>>> Predictor: Evaluating on valid
2025-07-20 18:39:14 INFO     Data : 2077
2025-07-20 18:39:14 INFO     Hit1 : 0.090034
2025-07-20 18:39:14 INFO     Hit3 : 0.182475
2025-07-20 18:39:14 INFO     Hit10: 0.319210
2025-07-20 18:39:14 INFO     MR   : 916.129754
2025-07-20 18:39:14 INFO     MRR  : 0.162321
2025-07-20 18:39:14 INFO     >>>>> Predictor: Evaluating on test
2025-07-20 18:41:25 INFO     Data : 2342
2025-07-20 18:41:25 INFO     Hit1 : 0.131939
2025-07-20 18:41:25 INFO     Hit3 : 0.213066
2025-07-20 18:41:25 INFO     Hit10: 0.320666
2025-07-20 18:41:25 INFO     MR   : 848.778395
2025-07-20 18:41:25 INFO     MRR  : 0.194901
2025-07-20 18:41:25 INFO     -------------------------
2025-07-20 18:41:25 INFO     | Final Test MRR: 0.190925
2025-07-20 18:41:25 INFO     -------------------------
