2025-07-24 16:03:54 INFO     is_soft_label: True
2025-07-24 16:03:54 INFO     is_scheduled_sampling: False
2025-07-24 16:03:54 INFO     is_test_mode: False
2025-07-24 16:03:55 INFO     Data loading | DONE!
2025-07-24 16:03:55 INFO     Using full datasets for training, validation, and testing.
2025-07-24 16:03:55 INFO     -------------------------
2025-07-24 16:03:55 INFO     | EM Iteration: 1/5
2025-07-24 16:03:55 INFO     -------------------------
2025-07-24 16:03:55 INFO     >>>>> Using miner's rule
2025-07-24 16:03:55 INFO     Predictor: read 13661 rules from list.
2025-07-24 16:03:56 INFO     Preprocess training set
2025-07-24 16:03:56 INFO     >>>>> Predictor: Evaluating on valid
2025-07-24 16:06:10 INFO     Data : 2077
2025-07-24 16:06:10 INFO     Hit1 : 0.065479
2025-07-24 16:06:10 INFO     Hit3 : 0.127106
2025-07-24 16:06:10 INFO     Hit10: 0.199326
2025-07-24 16:06:10 INFO     MR   : 1120.902022
2025-07-24 16:06:10 INFO     MRR  : 0.114382
2025-07-24 16:06:10 INFO     >>>>> Predictor: Evaluating on test
2025-07-24 16:08:43 INFO     Data : 2342
2025-07-24 16:08:43 INFO     Hit1 : 0.078992
2025-07-24 16:08:43 INFO     Hit3 : 0.124253
2025-07-24 16:08:43 INFO     Hit10: 0.208796
2025-07-24 16:08:43 INFO     MR   : 1044.269001
2025-07-24 16:08:43 INFO     MRR  : 0.122250
2025-07-24 16:08:43 INFO     >>>>> Predictor: Computing H scores of rules
2025-07-24 16:45:41 INFO     1000 5959
2025-07-24 17:23:44 INFO     2000 5959
2025-07-24 18:01:14 INFO     3000 5959
2025-07-24 18:38:24 INFO     4000 5959
2025-07-24 19:15:49 INFO     5000 5959
2025-07-24 19:53:43 INFO     >>>>> Generator: Training
2025-07-24 19:53:54 INFO     -------------------------
2025-07-24 19:53:54 INFO     | EM Iteration: 2/5
2025-07-24 19:53:54 INFO     -------------------------
2025-07-24 19:53:54 INFO     >>>>> Using Generator's sample rule
2025-07-24 19:53:54 INFO     >>>>> Generator: Rule generation with sampling
2025-07-24 19:53:54 INFO     Predictor: read 1903 rules from list.
2025-07-24 19:53:54 INFO     Preprocess training set
2025-07-24 19:53:54 INFO     >>>>> Predictor: Training
2025-07-24 19:55:09 INFO     1000 5959 8.782167 69314.6
2025-07-24 19:56:34 INFO     2000 5959 8.409605 69271.3
2025-07-24 19:57:49 INFO     3000 5959 8.218136 69245.2
2025-07-24 19:59:03 INFO     4000 5959 8.064595 69340.6
2025-07-24 20:00:21 INFO     5000 5959 7.938592 69340.6
2025-07-24 20:01:33 INFO     >>>>> Predictor: Evaluating on valid
2025-07-24 20:01:51 INFO     Data : 2077
2025-07-24 20:01:51 INFO     Hit1 : 0.025036
2025-07-24 20:01:51 INFO     Hit3 : 0.040924
2025-07-24 20:01:51 INFO     Hit10: 0.064035
2025-07-24 20:01:51 INFO     MR   : 1410.005537
2025-07-24 20:01:51 INFO     MRR  : 0.041152
2025-07-24 20:01:51 INFO     >>>>> Predictor: Evaluating on test
2025-07-24 20:02:12 INFO     Data : 2342
2025-07-24 20:02:12 INFO     Hit1 : 0.019641
2025-07-24 20:02:12 INFO     Hit3 : 0.030743
2025-07-24 20:02:12 INFO     Hit10: 0.056362
2025-07-24 20:02:12 INFO     MR   : 1318.582408
2025-07-24 20:02:12 INFO     MRR  : 0.034758
2025-07-24 20:02:12 INFO     >>>>> Predictor: Computing H scores of rules
2025-07-24 20:05:35 INFO     1000 5959
2025-07-24 20:08:55 INFO     2000 5959
2025-07-24 20:12:27 INFO     3000 5959
2025-07-24 20:15:58 INFO     4000 5959
2025-07-24 20:19:18 INFO     5000 5959
2025-07-24 20:22:33 INFO     >>>>> Generator: Training
2025-07-24 20:22:43 INFO     -------------------------
2025-07-24 20:22:43 INFO     | EM Iteration: 3/5
2025-07-24 20:22:43 INFO     -------------------------
2025-07-24 20:22:43 INFO     >>>>> Using Generator's sample rule
2025-07-24 20:22:43 INFO     >>>>> Generator: Rule generation with sampling
2025-07-24 20:22:43 INFO     Predictor: read 1877 rules from list.
2025-07-24 20:22:43 INFO     Preprocess training set
2025-07-24 20:22:43 INFO     >>>>> Predictor: Training
2025-07-24 20:23:58 INFO     1000 5959 8.809779 69332.0
2025-07-24 20:25:12 INFO     2000 5959 8.468996 69349.3
2025-07-24 20:26:38 INFO     3000 5959 8.253727 69184.5
2025-07-24 20:27:54 INFO     4000 5959 8.079691 69253.9
2025-07-24 20:29:09 INFO     5000 5959 7.982923 69332.0
2025-07-24 20:30:21 INFO     >>>>> Predictor: Evaluating on valid
2025-07-24 20:30:40 INFO     Data : 2077
2025-07-24 20:30:40 INFO     Hit1 : 0.010592
2025-07-24 20:30:40 INFO     Hit3 : 0.025999
2025-07-24 20:30:40 INFO     Hit10: 0.051035
2025-07-24 20:30:40 INFO     MR   : 1451.151180
2025-07-24 20:30:40 INFO     MRR  : 0.026790
2025-07-24 20:30:40 INFO     >>>>> Predictor: Evaluating on test
2025-07-24 20:31:01 INFO     Data : 2342
2025-07-24 20:31:01 INFO     Hit1 : 0.014091
2025-07-24 20:31:01 INFO     Hit3 : 0.024765
2025-07-24 20:31:01 INFO     Hit10: 0.047395
2025-07-24 20:31:01 INFO     MR   : 1340.400299
2025-07-24 20:31:01 INFO     MRR  : 0.028019
2025-07-24 20:31:01 INFO     >>>>> Predictor: Computing H scores of rules
2025-07-24 20:34:32 INFO     1000 5959
2025-07-24 20:37:53 INFO     2000 5959
2025-07-24 20:41:24 INFO     3000 5959
2025-07-24 20:44:56 INFO     4000 5959
2025-07-24 20:48:16 INFO     5000 5959
2025-07-24 20:51:32 INFO     >>>>> Generator: Training
2025-07-24 20:51:42 INFO     -------------------------
2025-07-24 20:51:42 INFO     | EM Iteration: 4/5
2025-07-24 20:51:42 INFO     -------------------------
2025-07-24 20:51:42 INFO     >>>>> Using Generator's sample rule
2025-07-24 20:51:42 INFO     >>>>> Generator: Rule generation with sampling
2025-07-24 20:51:42 INFO     Predictor: read 1826 rules from list.
2025-07-24 20:51:42 INFO     Preprocess training set
2025-07-24 20:51:42 INFO     >>>>> Predictor: Training
2025-07-24 20:52:56 INFO     1000 5959 8.789460 69271.3
2025-07-24 20:54:20 INFO     2000 5959 8.401772 69340.6
2025-07-24 20:55:42 INFO     3000 5959 8.133644 69384.0
2025-07-24 20:56:54 INFO     4000 5959 7.955380 69262.6
2025-07-24 20:58:08 INFO     5000 5959 7.814063 69332.0
2025-07-24 20:59:18 INFO     >>>>> Predictor: Evaluating on valid
2025-07-24 20:59:37 INFO     Data : 2077
2025-07-24 20:59:37 INFO     Hit1 : 0.006259
2025-07-24 20:59:37 INFO     Hit3 : 0.018296
2025-07-24 20:59:37 INFO     Hit10: 0.036110
2025-07-24 20:59:37 INFO     MR   : 1485.682956
2025-07-24 20:59:37 INFO     MRR  : 0.019679
2025-07-24 20:59:37 INFO     >>>>> Predictor: Evaluating on test
2025-07-24 20:59:58 INFO     Data : 2342
2025-07-24 20:59:58 INFO     Hit1 : 0.008540
2025-07-24 20:59:58 INFO     Hit3 : 0.018787
2025-07-24 20:59:58 INFO     Hit10: 0.035440
2025-07-24 20:59:58 INFO     MR   : 1371.750213
2025-07-24 20:59:58 INFO     MRR  : 0.020766
2025-07-24 20:59:58 INFO     >>>>> Predictor: Computing H scores of rules
2025-07-24 21:03:30 INFO     1000 5959
2025-07-24 21:06:56 INFO     2000 5959
2025-07-24 21:10:21 INFO     3000 5959
2025-07-24 21:13:40 INFO     4000 5959
2025-07-24 21:17:12 INFO     5000 5959
2025-07-24 21:20:27 INFO     >>>>> Generator: Training
2025-07-24 21:20:40 INFO     -------------------------
2025-07-24 21:20:40 INFO     | EM Iteration: 5/5
2025-07-24 21:20:40 INFO     -------------------------
2025-07-24 21:20:40 INFO     >>>>> Using Generator's sample rule
2025-07-24 21:20:40 INFO     >>>>> Generator: Rule generation with sampling
2025-07-24 21:20:41 INFO     Predictor: read 1678 rules from list.
2025-07-24 21:20:41 INFO     Preprocess training set
2025-07-24 21:20:41 INFO     >>>>> Predictor: Training
2025-07-24 21:21:59 INFO     1000 5959 8.805693 69332.0
2025-07-24 21:23:09 INFO     2000 5959 8.433201 69349.3
2025-07-24 21:24:20 INFO     3000 5959 8.181872 69340.6
2025-07-24 21:25:30 INFO     4000 5959 8.011346 69297.3
2025-07-24 21:26:41 INFO     5000 5959 7.829671 69219.2
2025-07-24 21:27:53 INFO     >>>>> Predictor: Evaluating on valid
2025-07-24 21:28:11 INFO     Data : 2077
2025-07-24 21:28:11 INFO     Hit1 : 0.029851
2025-07-24 21:28:11 INFO     Hit3 : 0.053924
2025-07-24 21:28:11 INFO     Hit10: 0.076071
2025-07-24 21:28:11 INFO     MR   : 1451.300433
2025-07-24 21:28:11 INFO     MRR  : 0.049625
2025-07-24 21:28:11 INFO     >>>>> Predictor: Evaluating on test
2025-07-24 21:28:32 INFO     Data : 2342
2025-07-24 21:28:32 INFO     Hit1 : 0.028181
2025-07-24 21:28:32 INFO     Hit3 : 0.046541
2025-07-24 21:28:32 INFO     Hit10: 0.084543
2025-07-24 21:28:32 INFO     MR   : 1335.067891
2025-07-24 21:28:32 INFO     MRR  : 0.048161
2025-07-24 21:28:32 INFO     >>>>> Predictor: Computing H scores of rules
2025-07-24 21:32:09 INFO     1000 5959
2025-07-24 21:35:31 INFO     2000 5959
2025-07-24 21:38:51 INFO     3000 5959
2025-07-24 21:42:19 INFO     4000 5959
2025-07-24 21:45:39 INFO     5000 5959
2025-07-24 21:48:55 INFO     >>>>> Generator: Training
2025-07-24 21:49:06 INFO     -------------------------
2025-07-24 21:49:06 INFO     | Post-train Generator
2025-07-24 21:49:06 INFO     -------------------------
2025-07-24 21:49:08 INFO     >>>>> Generator: Training
2025-07-24 21:51:00 INFO     [E01000] Total 2.052069 | Main 2.410393 | RelClus 1.458893 | EntType 0.000000
2025-07-24 21:51:00 INFO     -------------------------
2025-07-24 21:51:00 INFO     | Beam Search Best Rules
2025-07-24 21:51:00 INFO     -------------------------
2025-07-24 21:51:00 INFO     >>>>> Generator: Rule generation with beam search
2025-07-24 21:51:00 INFO     >>>>> Generator: Rule generation with beam search
2025-07-24 21:51:07 INFO     >>>>> Generator: Rule generation with beam search
2025-07-24 21:52:26 INFO     >>>>> Generator: Rule generation with beam search
2025-07-24 21:53:30 INFO     >>>>> Generator: Rule generation with beam search
2025-07-24 21:54:14 INFO     -------------------------
2025-07-24 21:54:14 INFO     | Train Final Predictor+
2025-07-24 21:54:14 INFO     -------------------------
2025-07-24 21:54:14 INFO     Predictor+: read 18420 rules from list.
2025-07-24 21:54:14 INFO     Preprocess training set
2025-07-24 21:54:14 INFO     -------------------------
2025-07-24 21:54:14 INFO     | Iteration: 1/5
2025-07-24 21:54:14 INFO     -------------------------
2025-07-24 21:54:14 INFO     >>>>> Predictor: Training
2025-07-24 21:59:45 INFO     1000 5959 5.259169 69271.3
2025-07-24 22:05:17 INFO     2000 5959 5.110249 69332.0
2025-07-24 22:10:49 INFO     3000 5959 5.089178 69375.3
2025-07-24 22:16:14 INFO     4000 5959 5.061657 69279.9
2025-07-24 22:21:53 INFO     5000 5959 5.021992 69349.3
2025-07-24 22:27:02 INFO     >>>>> Predictor: Evaluating on valid
2025-07-24 22:28:32 INFO     Data : 2077
2025-07-24 22:28:32 INFO     Hit1 : 0.077997
2025-07-24 22:28:32 INFO     Hit3 : 0.147809
2025-07-24 22:28:32 INFO     Hit10: 0.245065
2025-07-24 22:28:32 INFO     MR   : 1146.272268
2025-07-24 22:28:32 INFO     MRR  : 0.132836
2025-07-24 22:28:32 INFO     >>>>> Predictor: Evaluating on test
2025-07-24 22:30:02 INFO     Data : 2342
2025-07-24 22:30:02 INFO     Hit1 : 0.099915
2025-07-24 22:30:02 INFO     Hit3 : 0.164389
2025-07-24 22:30:02 INFO     Hit10: 0.251921
2025-07-24 22:30:02 INFO     MR   : 1078.455380
2025-07-24 22:30:02 INFO     MRR  : 0.150230
2025-07-24 22:30:02 INFO     Save checkpoint to results/semmeddb/10_times_each/soft_label/3_20250724_160352/predictor.pt
2025-07-24 22:30:02 INFO     -------------------------
2025-07-24 22:30:02 INFO     | Iteration: 2/5
2025-07-24 22:30:02 INFO     -------------------------
2025-07-24 22:30:02 INFO     >>>>> Predictor: Training
2025-07-24 22:35:26 INFO     1000 5959 4.993042 69366.7
2025-07-24 22:40:58 INFO     2000 5959 5.017270 69375.3
2025-07-24 22:46:34 INFO     3000 5959 4.992257 69219.2
2025-07-24 22:52:12 INFO     4000 5959 5.016917 69305.9
2025-07-24 22:57:43 INFO     5000 5959 4.979642 69288.6
2025-07-24 23:03:01 INFO     >>>>> Predictor: Evaluating on valid
2025-07-24 23:04:21 INFO     Data : 2077
2025-07-24 23:04:21 INFO     Hit1 : 0.072701
2025-07-24 23:04:21 INFO     Hit3 : 0.150217
2025-07-24 23:04:21 INFO     Hit10: 0.244584
2025-07-24 23:04:21 INFO     MR   : 1118.405392
2025-07-24 23:04:21 INFO     MRR  : 0.130310
2025-07-24 23:04:21 INFO     >>>>> Predictor: Evaluating on test
2025-07-24 23:05:50 INFO     Data : 2342
2025-07-24 23:05:50 INFO     Hit1 : 0.102050
2025-07-24 23:05:50 INFO     Hit3 : 0.167378
2025-07-24 23:05:50 INFO     Hit10: 0.248506
2025-07-24 23:05:50 INFO     MR   : 1049.247011
2025-07-24 23:05:50 INFO     MRR  : 0.151508
2025-07-24 23:05:50 INFO     -------------------------
2025-07-24 23:05:50 INFO     | Iteration: 3/5
2025-07-24 23:05:50 INFO     -------------------------
2025-07-24 23:05:50 INFO     >>>>> Predictor: Training
2025-07-24 23:11:13 INFO     1000 5959 4.987755 69288.6
2025-07-24 23:16:46 INFO     2000 5959 4.988797 69288.6
2025-07-24 23:22:10 INFO     3000 5959 4.980737 69340.6
2025-07-24 23:27:42 INFO     4000 5959 4.975866 69271.3
2025-07-24 23:33:05 INFO     5000 5959 5.012972 69219.2
2025-07-24 23:38:41 INFO     >>>>> Predictor: Evaluating on valid
2025-07-24 23:40:02 INFO     Data : 2077
2025-07-24 23:40:02 INFO     Hit1 : 0.072701
2025-07-24 23:40:02 INFO     Hit3 : 0.149735
2025-07-24 23:40:02 INFO     Hit10: 0.240732
2025-07-24 23:40:02 INFO     MR   : 1108.349302
2025-07-24 23:40:02 INFO     MRR  : 0.130088
2025-07-24 23:40:02 INFO     >>>>> Predictor: Evaluating on test
2025-07-24 23:41:32 INFO     Data : 2342
2025-07-24 23:41:32 INFO     Hit1 : 0.101196
2025-07-24 23:41:32 INFO     Hit3 : 0.165670
2025-07-24 23:41:32 INFO     Hit10: 0.248079
2025-07-24 23:41:32 INFO     MR   : 1031.540991
2025-07-24 23:41:32 INFO     MRR  : 0.150400
2025-07-24 23:41:32 INFO     -------------------------
2025-07-24 23:41:32 INFO     | Iteration: 4/5
2025-07-24 23:41:32 INFO     -------------------------
2025-07-24 23:41:32 INFO     >>>>> Predictor: Training
2025-07-24 23:47:02 INFO     1000 5959 4.953874 69340.6
2025-07-24 23:52:35 INFO     2000 5959 4.936264 69184.5
2025-07-24 23:57:58 INFO     3000 5959 5.033090 69253.9
2025-07-25 00:03:31 INFO     4000 5959 4.980474 69340.6
2025-07-25 00:09:05 INFO     5000 5959 4.974443 69384.0
2025-07-25 00:14:18 INFO     >>>>> Predictor: Evaluating on valid
2025-07-25 00:15:45 INFO     Data : 2077
2025-07-25 00:15:45 INFO     Hit1 : 0.071738
2025-07-25 00:15:45 INFO     Hit3 : 0.146846
2025-07-25 00:15:45 INFO     Hit10: 0.238325
2025-07-25 00:15:45 INFO     MR   : 1105.338228
2025-07-25 00:15:45 INFO     MRR  : 0.128004
2025-07-25 00:15:45 INFO     >>>>> Predictor: Evaluating on test
2025-07-25 00:17:14 INFO     Data : 2342
2025-07-25 00:17:14 INFO     Hit1 : 0.106319
2025-07-25 00:17:14 INFO     Hit3 : 0.165670
2025-07-25 00:17:14 INFO     Hit10: 0.251921
2025-07-25 00:17:14 INFO     MR   : 1034.566610
2025-07-25 00:17:14 INFO     MRR  : 0.153795
2025-07-25 00:17:14 INFO     -------------------------
2025-07-25 00:17:14 INFO     | Iteration: 5/5
2025-07-25 00:17:14 INFO     -------------------------
2025-07-25 00:17:14 INFO     >>>>> Predictor: Training
2025-07-25 00:22:36 INFO     1000 5959 4.982476 69323.3
2025-07-25 00:28:01 INFO     2000 5959 4.975829 69332.0
2025-07-25 00:33:31 INFO     3000 5959 4.994685 69219.2
2025-07-25 00:39:02 INFO     4000 5959 4.955245 69297.3
2025-07-25 00:44:23 INFO     5000 5959 4.949882 69332.0
2025-07-25 00:49:33 INFO     >>>>> Predictor: Evaluating on valid
2025-07-25 00:51:01 INFO     Data : 2077
2025-07-25 00:51:01 INFO     Hit1 : 0.070775
2025-07-25 00:51:01 INFO     Hit3 : 0.143958
2025-07-25 00:51:01 INFO     Hit10: 0.242176
2025-07-25 00:51:01 INFO     MR   : 1095.334617
2025-07-25 00:51:01 INFO     MRR  : 0.127624
2025-07-25 00:51:01 INFO     >>>>> Predictor: Evaluating on test
2025-07-25 00:52:30 INFO     Data : 2342
2025-07-25 00:52:30 INFO     Hit1 : 0.100342
2025-07-25 00:52:30 INFO     Hit3 : 0.165243
2025-07-25 00:52:30 INFO     Hit10: 0.251067
2025-07-25 00:52:30 INFO     MR   : 1026.035013
2025-07-25 00:52:30 INFO     MRR  : 0.150849
2025-07-25 00:52:30 INFO     -------------------------
2025-07-25 00:52:30 INFO     | Final Test MRR: 0.150230
2025-07-25 00:52:30 INFO     -------------------------
