2025-06-12 02:00:41 INFO     Data loading | DONE!
2025-06-12 02:00:41 INFO     Using full datasets for training, validation, and testing.
2025-06-12 02:00:41 INFO     -------------------------
2025-06-12 02:00:41 INFO     | Pre-train Generator
2025-06-12 02:00:41 INFO     -------------------------
2025-06-12 02:00:41 INFO     >>>>> Generator: Training
2025-06-12 02:00:50 INFO     [E1000] Total: 1.471739 | Main: 1.651168 | Aux: 1.215092
2025-06-12 02:00:58 INFO     [E2000] Total: 1.413257 | Main: 1.572128 | Aux: 1.189753
2025-06-12 02:01:06 INFO     [E3000] Total: 1.402130 | Main: 1.557078 | Aux: 1.186282
2025-06-12 02:01:14 INFO     [E4000] Total: 1.401209 | Main: 1.556045 | Aux: 1.184347
2025-06-12 02:01:22 INFO     [E5000] Total: 1.399027 | Main: 1.553303 | Aux: 1.183361
2025-06-12 02:01:30 INFO     [E6000] Total: 1.395492 | Main: 1.548383 | Aux: 1.182032
2025-06-12 02:01:37 INFO     [E7000] Total: 1.394082 | Main: 1.546611 | Aux: 1.181260
2025-06-12 02:01:45 INFO     [E8000] Total: 1.393760 | Main: 1.546368 | Aux: 1.180769
2025-06-12 02:01:53 INFO     [E9000] Total: 1.392955 | Main: 1.545347 | Aux: 1.180118
2025-06-12 02:02:01 INFO     [E10000] Total: 1.388879 | Main: 1.539304 | Aux: 1.179714
2025-06-12 02:02:01 INFO     -------------------------
2025-06-12 02:02:01 INFO     | EM Iteration: 1/5
2025-06-12 02:02:01 INFO     -------------------------
2025-06-12 02:02:01 INFO     >>>>> Generator: Rule generation with sampling
2025-06-12 02:02:01 INFO     Predictor: read 1345 rules from list.
2025-06-12 02:02:01 INFO     Preprocess training set
2025-06-12 02:02:01 INFO     >>>>> Predictor: Training
2025-06-12 02:02:56 INFO     1000 12313 8.231993 69358.0
2025-06-12 02:03:51 INFO     2000 12313 7.794074 69332.0
2025-06-12 02:04:46 INFO     3000 12313 7.566372 69384.0
2025-06-12 02:05:41 INFO     4000 12313 7.452383 69279.9
2025-06-12 02:06:36 INFO     5000 12313 7.337570 69332.0
2025-06-12 02:07:31 INFO     6000 12313 7.253072 69384.0
2025-06-12 02:08:27 INFO     7000 12313 7.173464 69297.3
2025-06-12 02:09:22 INFO     8000 12313 7.154744 69323.3
2025-06-12 02:10:17 INFO     9000 12313 7.091358 69358.0
2025-06-12 02:11:12 INFO     10000 12313 7.076634 69332.0
2025-06-12 02:12:06 INFO     11000 12313 7.034408 69366.7
2025-06-12 02:13:00 INFO     12000 12313 7.010928 69279.9
2025-06-12 02:13:18 INFO     >>>>> Predictor: Evaluating on valid
2025-06-12 02:13:40 INFO     Data : 3823
2025-06-12 02:13:40 INFO     Hit1 : 0.028773
2025-06-12 02:13:40 INFO     Hit3 : 0.059116
2025-06-12 02:13:40 INFO     Hit10: 0.109861
2025-06-12 02:13:40 INFO     MR   : 1164.435914
2025-06-12 02:13:40 INFO     MRR  : 0.057040
2025-06-12 02:13:40 INFO     >>>>> Predictor: Evaluating on test
2025-06-12 02:14:06 INFO     Data : 4402
2025-06-12 02:14:06 INFO     Hit1 : 0.038392
2025-06-12 02:14:06 INFO     Hit3 : 0.066333
2025-06-12 02:14:06 INFO     Hit10: 0.111313
2025-06-12 02:14:06 INFO     MR   : 1166.908791
2025-06-12 02:14:06 INFO     MRR  : 0.064307
2025-06-12 02:14:06 INFO     >>>>> Predictor: Computing H scores of rules
2025-06-12 02:15:06 INFO     1000 12313
2025-06-12 02:16:07 INFO     2000 12313
2025-06-12 02:17:07 INFO     3000 12313
2025-06-12 02:18:07 INFO     4000 12313
2025-06-12 02:19:07 INFO     5000 12313
2025-06-12 02:20:08 INFO     6000 12313
