2025-07-19 08:10:39 INFO     is_soft_label: False
2025-07-19 08:10:39 INFO     is_scheduled_sampling: False
2025-07-19 08:10:39 INFO     is_test_mode: False
2025-07-19 08:10:39 INFO     Data loading | DONE!
2025-07-19 08:10:39 INFO     Using full datasets for training, validation, and testing.
2025-07-19 08:10:40 INFO     -------------------------
2025-07-19 08:10:40 INFO     | EM Iteration: 1/5
2025-07-19 08:10:40 INFO     -------------------------
2025-07-19 08:10:40 INFO     >>>>> Using miner's rule
2025-07-19 08:10:40 INFO     Predictor: read 13661 rules from list.
2025-07-19 08:10:41 INFO     Preprocess training set
2025-07-19 08:10:41 INFO     >>>>> Predictor: Evaluating on valid
2025-07-19 08:14:05 INFO     Data : 2077
2025-07-19 08:14:05 INFO     Hit1 : 0.065479
2025-07-19 08:14:05 INFO     Hit3 : 0.127106
2025-07-19 08:14:05 INFO     Hit10: 0.199326
2025-07-19 08:14:05 INFO     MR   : 1120.902022
2025-07-19 08:14:05 INFO     MRR  : 0.114382
2025-07-19 08:14:05 INFO     >>>>> Predictor: Evaluating on test
2025-07-19 08:18:19 INFO     Data : 2342
2025-07-19 08:18:19 INFO     Hit1 : 0.078992
2025-07-19 08:18:19 INFO     Hit3 : 0.124253
2025-07-19 08:18:19 INFO     Hit10: 0.208796
2025-07-19 08:18:19 INFO     MR   : 1044.269001
2025-07-19 08:18:19 INFO     MRR  : 0.122250
2025-07-19 08:18:19 INFO     >>>>> Predictor: Computing H scores of rules
2025-07-19 09:18:19 INFO     1000 5959
2025-07-19 10:08:04 INFO     2000 5959
2025-07-19 10:55:26 INFO     3000 5959
2025-07-19 11:44:28 INFO     4000 5959
2025-07-19 12:33:34 INFO     5000 5959
2025-07-19 13:23:12 INFO     >>>>> Generator: Training
2025-07-19 13:23:18 INFO     -------------------------
2025-07-19 13:23:18 INFO     | EM Iteration: 2/5
2025-07-19 13:23:18 INFO     -------------------------
2025-07-19 13:23:18 INFO     >>>>> Using Generator's sample rule
2025-07-19 13:23:18 INFO     >>>>> Generator: Rule generation with sampling
2025-07-19 13:23:18 INFO     Predictor: read 1900 rules from list.
2025-07-19 13:23:18 INFO     Preprocess training set
2025-07-19 13:23:18 INFO     >>>>> Predictor: Training
2025-07-19 13:24:58 INFO     1000 5959 8.795817 69314.6
2025-07-19 13:26:36 INFO     2000 5959 8.424737 69271.3
2025-07-19 13:28:08 INFO     3000 5959 8.224691 69245.2
2025-07-19 13:29:41 INFO     4000 5959 8.063707 69340.6
2025-07-19 13:31:13 INFO     5000 5959 7.904356 69340.6
2025-07-19 13:32:44 INFO     >>>>> Predictor: Evaluating on valid
2025-07-19 13:33:01 INFO     Data : 2077
2025-07-19 13:33:01 INFO     Hit1 : 0.015407
2025-07-19 13:33:01 INFO     Hit3 : 0.023592
2025-07-19 13:33:01 INFO     Hit10: 0.035147
2025-07-19 13:33:01 INFO     MR   : 1478.241454
2025-07-19 13:33:01 INFO     MRR  : 0.025902
2025-07-19 13:33:01 INFO     >>>>> Predictor: Evaluating on test
2025-07-19 13:33:20 INFO     Data : 2342
2025-07-19 13:33:20 INFO     Hit1 : 0.011529
2025-07-19 13:33:20 INFO     Hit3 : 0.017933
2025-07-19 13:33:20 INFO     Hit10: 0.029462
2025-07-19 13:33:20 INFO     MR   : 1374.103544
2025-07-19 13:33:20 INFO     MRR  : 0.021287
2025-07-19 13:33:20 INFO     >>>>> Predictor: Computing H scores of rules
2025-07-19 13:37:06 INFO     1000 5959
2025-07-19 13:40:51 INFO     2000 5959
2025-07-19 13:44:35 INFO     3000 5959
2025-07-19 13:48:19 INFO     4000 5959
2025-07-19 13:52:02 INFO     5000 5959
2025-07-19 13:55:39 INFO     >>>>> Generator: Training
2025-07-19 13:55:44 INFO     -------------------------
2025-07-19 13:55:44 INFO     | EM Iteration: 3/5
2025-07-19 13:55:44 INFO     -------------------------
2025-07-19 13:55:44 INFO     >>>>> Using Generator's sample rule
2025-07-19 13:55:44 INFO     >>>>> Generator: Rule generation with sampling
2025-07-19 13:55:44 INFO     Predictor: read 1916 rules from list.
2025-07-19 13:55:44 INFO     Preprocess training set
2025-07-19 13:55:44 INFO     >>>>> Predictor: Training
2025-07-19 13:57:19 INFO     1000 5959 8.820295 69332.0
2025-07-19 13:58:52 INFO     2000 5959 8.500766 69349.3
2025-07-19 14:00:25 INFO     3000 5959 8.308992 69184.5
2025-07-19 14:01:57 INFO     4000 5959 8.174524 69253.9
2025-07-19 14:03:30 INFO     5000 5959 8.100267 69332.0
2025-07-19 14:04:59 INFO     >>>>> Predictor: Evaluating on valid
2025-07-19 14:05:15 INFO     Data : 2077
2025-07-19 14:05:15 INFO     Hit1 : 0.009148
2025-07-19 14:05:15 INFO     Hit3 : 0.018777
2025-07-19 14:05:15 INFO     Hit10: 0.034184
2025-07-19 14:05:15 INFO     MR   : 1482.585941
2025-07-19 14:05:15 INFO     MRR  : 0.021228
2025-07-19 14:05:15 INFO     >>>>> Predictor: Evaluating on test
2025-07-19 14:05:33 INFO     Data : 2342
2025-07-19 14:05:33 INFO     Hit1 : 0.008113
2025-07-19 14:05:33 INFO     Hit3 : 0.013664
2025-07-19 14:05:33 INFO     Hit10: 0.027754
2025-07-19 14:05:33 INFO     MR   : 1378.045901
2025-07-19 14:05:33 INFO     MRR  : 0.018118
2025-07-19 14:05:33 INFO     >>>>> Predictor: Computing H scores of rules
2025-07-19 14:09:31 INFO     1000 5959
2025-07-19 14:13:32 INFO     2000 5959
2025-07-19 14:17:32 INFO     3000 5959
2025-07-19 14:21:26 INFO     4000 5959
2025-07-19 14:25:23 INFO     5000 5959
2025-07-19 14:29:06 INFO     >>>>> Generator: Training
2025-07-19 14:29:10 INFO     -------------------------
2025-07-19 14:29:10 INFO     | EM Iteration: 4/5
2025-07-19 14:29:10 INFO     -------------------------
2025-07-19 14:29:10 INFO     >>>>> Using Generator's sample rule
2025-07-19 14:29:10 INFO     >>>>> Generator: Rule generation with sampling
2025-07-19 14:29:11 INFO     Predictor: read 1951 rules from list.
2025-07-19 14:29:11 INFO     Preprocess training set
2025-07-19 14:29:11 INFO     >>>>> Predictor: Training
2025-07-19 14:30:45 INFO     1000 5959 8.809383 69271.3
2025-07-19 14:32:19 INFO     2000 5959 8.460698 69340.6
2025-07-19 14:33:53 INFO     3000 5959 8.235963 69384.0
2025-07-19 14:35:28 INFO     4000 5959 8.096743 69262.6
2025-07-19 14:37:06 INFO     5000 5959 7.972658 69332.0
2025-07-19 14:38:41 INFO     >>>>> Predictor: Evaluating on valid
2025-07-19 14:38:59 INFO     Data : 2077
2025-07-19 14:38:59 INFO     Hit1 : 0.019259
2025-07-19 14:38:59 INFO     Hit3 : 0.035628
2025-07-19 14:38:59 INFO     Hit10: 0.055368
2025-07-19 14:38:59 INFO     MR   : 1457.752528
2025-07-19 14:38:59 INFO     MRR  : 0.035361
2025-07-19 14:38:59 INFO     >>>>> Predictor: Evaluating on test
2025-07-19 14:39:20 INFO     Data : 2342
2025-07-19 14:39:20 INFO     Hit1 : 0.022630
2025-07-19 14:39:20 INFO     Hit3 : 0.039710
2025-07-19 14:39:20 INFO     Hit10: 0.054654
2025-07-19 14:39:20 INFO     MR   : 1353.478437
2025-07-19 14:39:20 INFO     MRR  : 0.037821
2025-07-19 14:39:20 INFO     >>>>> Predictor: Computing H scores of rules
2025-07-19 14:43:22 INFO     1000 5959
2025-07-19 14:47:22 INFO     2000 5959
2025-07-19 14:51:19 INFO     3000 5959
2025-07-19 14:55:08 INFO     4000 5959
2025-07-19 14:58:59 INFO     5000 5959
2025-07-19 15:02:50 INFO     >>>>> Generator: Training
2025-07-19 15:02:54 INFO     -------------------------
2025-07-19 15:02:54 INFO     | EM Iteration: 5/5
2025-07-19 15:02:54 INFO     -------------------------
2025-07-19 15:02:54 INFO     >>>>> Using Generator's sample rule
2025-07-19 15:02:54 INFO     >>>>> Generator: Rule generation with sampling
2025-07-19 15:02:55 INFO     Predictor: read 1967 rules from list.
2025-07-19 15:02:55 INFO     Preprocess training set
2025-07-19 15:02:55 INFO     >>>>> Predictor: Training
2025-07-19 15:04:35 INFO     1000 5959 8.817447 69332.0
2025-07-19 15:06:16 INFO     2000 5959 8.470280 69349.3
2025-07-19 15:08:04 INFO     3000 5959 8.261555 69340.6
2025-07-19 15:09:50 INFO     4000 5959 8.134668 69297.3
2025-07-19 15:11:29 INFO     5000 5959 8.048097 69219.2
2025-07-19 15:13:00 INFO     >>>>> Predictor: Evaluating on valid
2025-07-19 15:13:17 INFO     Data : 2077
2025-07-19 15:13:17 INFO     Hit1 : 0.006740
2025-07-19 15:13:17 INFO     Hit3 : 0.017333
2025-07-19 15:13:17 INFO     Hit10: 0.041406
2025-07-19 15:13:17 INFO     MR   : 1513.288878
2025-07-19 15:13:17 INFO     MRR  : 0.020570
2025-07-19 15:13:17 INFO     >>>>> Predictor: Evaluating on test
2025-07-19 15:13:36 INFO     Data : 2342
2025-07-19 15:13:36 INFO     Hit1 : 0.004270
2025-07-19 15:13:36 INFO     Hit3 : 0.012810
2025-07-19 15:13:36 INFO     Hit10: 0.030316
2025-07-19 15:13:36 INFO     MR   : 1389.672289
2025-07-19 15:13:36 INFO     MRR  : 0.016151
2025-07-19 15:13:36 INFO     >>>>> Predictor: Computing H scores of rules
2025-07-19 15:17:34 INFO     1000 5959
2025-07-19 15:21:36 INFO     2000 5959
2025-07-19 15:25:38 INFO     3000 5959
2025-07-19 15:29:40 INFO     4000 5959
2025-07-19 15:33:42 INFO     5000 5959
2025-07-19 15:37:35 INFO     >>>>> Generator: Training
2025-07-19 15:37:39 INFO     -------------------------
2025-07-19 15:37:39 INFO     | Post-train Generator
2025-07-19 15:37:39 INFO     -------------------------
2025-07-19 15:37:40 INFO     >>>>> Generator: Training
2025-07-19 15:38:30 INFO     [E01000] Total 3.589713 | Main 3.215151 | EntType 3.151969
2025-07-19 15:38:30 INFO     -------------------------
2025-07-19 15:38:30 INFO     | Beam Search Best Rules
2025-07-19 15:38:30 INFO     -------------------------
2025-07-19 15:38:30 INFO     >>>>> Generator: Rule generation with beam search
2025-07-19 15:38:31 INFO     >>>>> Generator: Rule generation with beam search
2025-07-19 15:38:38 INFO     >>>>> Generator: Rule generation with beam search
2025-07-19 15:40:19 INFO     >>>>> Generator: Rule generation with beam search
2025-07-19 15:41:41 INFO     >>>>> Generator: Rule generation with beam search
2025-07-19 15:42:36 INFO     -------------------------
2025-07-19 15:42:36 INFO     | Train Final Predictor+
2025-07-19 15:42:36 INFO     -------------------------
2025-07-19 15:42:36 INFO     Predictor+: read 18420 rules from list.
2025-07-19 15:42:36 INFO     Preprocess training set
2025-07-19 15:42:36 INFO     -------------------------
2025-07-19 15:42:36 INFO     | Iteration: 1/5
2025-07-19 15:42:36 INFO     -------------------------
2025-07-19 15:42:36 INFO     >>>>> Predictor: Training
2025-07-19 15:51:14 INFO     1000 5959 4.896637 69271.3
2025-07-19 15:58:39 INFO     2000 5959 4.725724 69332.0
2025-07-19 16:06:13 INFO     3000 5959 4.706593 69375.3
2025-07-19 16:13:53 INFO     4000 5959 4.709334 69279.9
2025-07-19 16:21:24 INFO     5000 5959 4.680309 69349.3
2025-07-19 16:29:21 INFO     >>>>> Predictor: Evaluating on valid
2025-07-19 16:31:16 INFO     Data : 2077
2025-07-19 16:31:16 INFO     Hit1 : 0.103515
2025-07-19 16:31:16 INFO     Hit3 : 0.188252
2025-07-19 16:31:16 INFO     Hit10: 0.316322
2025-07-19 16:31:16 INFO     MR   : 979.118199
2025-07-19 16:31:16 INFO     MRR  : 0.171725
2025-07-19 16:31:16 INFO     >>>>> Predictor: Evaluating on test
2025-07-19 16:33:25 INFO     Data : 2342
2025-07-19 16:33:25 INFO     Hit1 : 0.129804
2025-07-19 16:33:25 INFO     Hit3 : 0.208369
2025-07-19 16:33:25 INFO     Hit10: 0.318104
2025-07-19 16:33:25 INFO     MR   : 917.149231
2025-07-19 16:33:25 INFO     MRR  : 0.190758
2025-07-19 16:33:25 INFO     Save checkpoint to results/semmeddb/10_times_each/aux2/2_20250719_081037/predictor.pt
2025-07-19 16:33:25 INFO     -------------------------
2025-07-19 16:33:25 INFO     | Iteration: 2/5
2025-07-19 16:33:25 INFO     -------------------------
2025-07-19 16:33:25 INFO     >>>>> Predictor: Training
2025-07-19 16:41:10 INFO     1000 5959 4.603484 69366.7
2025-07-19 16:48:46 INFO     2000 5959 4.652205 69375.3
2025-07-19 16:56:34 INFO     3000 5959 4.638824 69219.2
2025-07-19 17:04:15 INFO     4000 5959 4.650887 69305.9
2025-07-19 17:11:55 INFO     5000 5959 4.619522 69288.6
2025-07-19 17:19:20 INFO     >>>>> Predictor: Evaluating on valid
2025-07-19 17:21:10 INFO     Data : 2077
2025-07-19 17:21:10 INFO     Hit1 : 0.092441
2025-07-19 17:21:10 INFO     Hit3 : 0.185845
2025-07-19 17:21:10 INFO     Hit10: 0.315840
2025-07-19 17:21:10 INFO     MR   : 943.101830
2025-07-19 17:21:10 INFO     MRR  : 0.163632
2025-07-19 17:21:10 INFO     >>>>> Predictor: Evaluating on test
2025-07-19 17:23:14 INFO     Data : 2342
2025-07-19 17:23:14 INFO     Hit1 : 0.123826
2025-07-19 17:23:14 INFO     Hit3 : 0.207088
2025-07-19 17:23:14 INFO     Hit10: 0.316823
2025-07-19 17:23:14 INFO     MR   : 879.801025
2025-07-19 17:23:14 INFO     MRR  : 0.187986
2025-07-19 17:23:14 INFO     -------------------------
2025-07-19 17:23:14 INFO     | Iteration: 3/5
2025-07-19 17:23:14 INFO     -------------------------
2025-07-19 17:23:14 INFO     >>>>> Predictor: Training
2025-07-19 17:30:44 INFO     1000 5959 4.614646 69288.6
2025-07-19 17:38:36 INFO     2000 5959 4.618727 69288.6
2025-07-19 17:46:22 INFO     3000 5959 4.608168 69340.6
2025-07-19 17:54:52 INFO     4000 5959 4.615919 69271.3
2025-07-19 18:02:17 INFO     5000 5959 4.638024 69219.2
2025-07-19 18:09:24 INFO     >>>>> Predictor: Evaluating on valid
2025-07-19 18:11:13 INFO     Data : 2077
2025-07-19 18:11:13 INFO     Hit1 : 0.091960
2025-07-19 18:11:13 INFO     Hit3 : 0.173808
2025-07-19 18:11:13 INFO     Hit10: 0.304766
2025-07-19 18:11:13 INFO     MR   : 931.756139
2025-07-19 18:11:13 INFO     MRR  : 0.159650
2025-07-19 18:11:13 INFO     >>>>> Predictor: Evaluating on test
2025-07-19 18:13:37 INFO     Data : 2342
2025-07-19 18:13:37 INFO     Hit1 : 0.113151
2025-07-19 18:13:37 INFO     Hit3 : 0.193851
2025-07-19 18:13:37 INFO     Hit10: 0.310845
2025-07-19 18:13:37 INFO     MR   : 862.331981
2025-07-19 18:13:37 INFO     MRR  : 0.177882
2025-07-19 18:13:37 INFO     -------------------------
2025-07-19 18:13:37 INFO     | Iteration: 4/5
2025-07-19 18:13:37 INFO     -------------------------
2025-07-19 18:13:37 INFO     >>>>> Predictor: Training
2025-07-19 18:23:49 INFO     1000 5959 4.593151 69340.6
2025-07-19 18:34:00 INFO     2000 5959 4.562713 69184.5
2025-07-19 18:41:29 INFO     3000 5959 4.623180 69253.9
2025-07-19 18:49:49 INFO     4000 5959 4.601931 69340.6
2025-07-19 18:58:01 INFO     5000 5959 4.598361 69384.0
2025-07-19 19:05:11 INFO     >>>>> Predictor: Evaluating on valid
2025-07-19 19:07:01 INFO     Data : 2077
2025-07-19 19:07:01 INFO     Hit1 : 0.096774
2025-07-19 19:07:01 INFO     Hit3 : 0.181993
2025-07-19 19:07:01 INFO     Hit10: 0.314877
2025-07-19 19:07:01 INFO     MR   : 932.876264
2025-07-19 19:07:01 INFO     MRR  : 0.165941
2025-07-19 19:07:01 INFO     >>>>> Predictor: Evaluating on test
2025-07-19 19:09:05 INFO     Data : 2342
2025-07-19 19:09:05 INFO     Hit1 : 0.125961
2025-07-19 19:09:05 INFO     Hit3 : 0.205380
2025-07-19 19:09:05 INFO     Hit10: 0.318104
2025-07-19 19:09:05 INFO     MR   : 861.653715
2025-07-19 19:09:05 INFO     MRR  : 0.188870
2025-07-19 19:09:05 INFO     -------------------------
2025-07-19 19:09:05 INFO     | Iteration: 5/5
2025-07-19 19:09:05 INFO     -------------------------
2025-07-19 19:09:05 INFO     >>>>> Predictor: Training
2025-07-19 19:16:57 INFO     1000 5959 4.604541 69323.3
2025-07-19 19:25:34 INFO     2000 5959 4.584307 69332.0
2025-07-19 19:33:03 INFO     3000 5959 4.615243 69219.2
2025-07-19 19:40:29 INFO     4000 5959 4.607867 69297.3
2025-07-19 19:47:55 INFO     5000 5959 4.575591 69332.0
2025-07-19 19:55:03 INFO     >>>>> Predictor: Evaluating on valid
2025-07-19 19:56:53 INFO     Data : 2077
2025-07-19 19:56:53 INFO     Hit1 : 0.091478
2025-07-19 19:56:53 INFO     Hit3 : 0.178623
2025-07-19 19:56:53 INFO     Hit10: 0.315840
2025-07-19 19:56:53 INFO     MR   : 915.194993
2025-07-19 19:56:53 INFO     MRR  : 0.162568
2025-07-19 19:56:53 INFO     >>>>> Predictor: Evaluating on test
2025-07-19 19:58:57 INFO     Data : 2342
2025-07-19 19:58:57 INFO     Hit1 : 0.128096
2025-07-19 19:58:57 INFO     Hit3 : 0.204099
2025-07-19 19:58:57 INFO     Hit10: 0.314261
2025-07-19 19:58:57 INFO     MR   : 849.325149
2025-07-19 19:58:57 INFO     MRR  : 0.190469
2025-07-19 19:58:57 INFO     -------------------------
2025-07-19 19:58:57 INFO     | Final Test MRR: 0.190758
2025-07-19 19:58:57 INFO     -------------------------
