2025-07-21 00:14:14 INFO     is_soft_label: False
2025-07-21 00:14:14 INFO     is_scheduled_sampling: True
2025-07-21 00:14:14 INFO     is_test_mode: False
2025-07-21 00:14:14 INFO     Data loading | DONE!
2025-07-21 00:14:15 INFO     Using full datasets for training, validation, and testing.
2025-07-21 00:14:15 INFO     -------------------------
2025-07-21 00:14:15 INFO     | EM Iteration: 1/5
2025-07-21 00:14:15 INFO     -------------------------
2025-07-21 00:14:15 INFO     >>>>> Using miner's rule
2025-07-21 00:14:15 INFO     Predictor: read 13661 rules from list.
2025-07-21 00:14:16 INFO     Preprocess training set
2025-07-21 00:14:16 INFO     >>>>> Predictor: Evaluating on valid
2025-07-21 00:16:34 INFO     Data : 2077
2025-07-21 00:16:34 INFO     Hit1 : 0.065479
2025-07-21 00:16:34 INFO     Hit3 : 0.127106
2025-07-21 00:16:34 INFO     Hit10: 0.199326
2025-07-21 00:16:34 INFO     MR   : 1120.902022
2025-07-21 00:16:34 INFO     MRR  : 0.114382
2025-07-21 00:16:34 INFO     >>>>> Predictor: Evaluating on test
2025-07-21 00:19:10 INFO     Data : 2342
2025-07-21 00:19:10 INFO     Hit1 : 0.078992
2025-07-21 00:19:10 INFO     Hit3 : 0.124253
2025-07-21 00:19:10 INFO     Hit10: 0.208796
2025-07-21 00:19:10 INFO     MR   : 1044.269001
2025-07-21 00:19:10 INFO     MRR  : 0.122250
2025-07-21 00:19:10 INFO     >>>>> Predictor: Computing H scores of rules
2025-07-21 00:56:13 INFO     1000 5959
2025-07-21 01:34:19 INFO     2000 5959
2025-07-21 02:11:16 INFO     3000 5959
2025-07-21 02:48:22 INFO     4000 5959
2025-07-21 03:25:16 INFO     5000 5959
2025-07-21 04:03:18 INFO     >>>>> Generator: Training
2025-07-21 04:03:30 INFO     -------------------------
2025-07-21 04:03:30 INFO     | EM Iteration: 2/5
2025-07-21 04:03:30 INFO     -------------------------
2025-07-21 04:03:30 INFO     >>>>> Using Generator's sample rule
2025-07-21 04:03:30 INFO     >>>>> Generator: Rule generation with sampling
2025-07-21 04:03:30 INFO     Predictor: read 1910 rules from list.
2025-07-21 04:03:30 INFO     Preprocess training set
2025-07-21 04:03:30 INFO     >>>>> Predictor: Training
2025-07-21 04:04:44 INFO     1000 5959 8.782457 69314.6
2025-07-21 04:06:02 INFO     2000 5959 8.410559 69271.3
2025-07-21 04:07:18 INFO     3000 5959 8.220157 69245.2
2025-07-21 04:08:33 INFO     4000 5959 8.066903 69340.6
2025-07-21 04:09:48 INFO     5000 5959 7.944350 69340.6
2025-07-21 04:11:04 INFO     >>>>> Predictor: Evaluating on valid
2025-07-21 04:11:23 INFO     Data : 2077
2025-07-21 04:11:23 INFO     Hit1 : 0.025036
2025-07-21 04:11:23 INFO     Hit3 : 0.040924
2025-07-21 04:11:23 INFO     Hit10: 0.064516
2025-07-21 04:11:23 INFO     MR   : 1408.601348
2025-07-21 04:11:23 INFO     MRR  : 0.041208
2025-07-21 04:11:23 INFO     >>>>> Predictor: Evaluating on test
2025-07-21 04:11:44 INFO     Data : 2342
2025-07-21 04:11:44 INFO     Hit1 : 0.019641
2025-07-21 04:11:44 INFO     Hit3 : 0.031170
2025-07-21 04:11:44 INFO     Hit10: 0.058497
2025-07-21 04:11:44 INFO     MR   : 1315.137062
2025-07-21 04:11:44 INFO     MRR  : 0.035162
2025-07-21 04:11:44 INFO     >>>>> Predictor: Computing H scores of rules
2025-07-21 04:15:17 INFO     1000 5959
2025-07-21 04:18:42 INFO     2000 5959
2025-07-21 04:22:21 INFO     3000 5959
2025-07-21 04:25:44 INFO     4000 5959
2025-07-21 04:29:33 INFO     5000 5959
2025-07-21 04:33:04 INFO     >>>>> Generator: Training
2025-07-21 04:33:14 INFO     -------------------------
2025-07-21 04:33:14 INFO     | EM Iteration: 3/5
2025-07-21 04:33:14 INFO     -------------------------
2025-07-21 04:33:14 INFO     >>>>> Using Generator's sample rule
2025-07-21 04:33:14 INFO     >>>>> Generator: Rule generation with sampling
2025-07-21 04:33:14 INFO     Predictor: read 1894 rules from list.
2025-07-21 04:33:14 INFO     Preprocess training set
2025-07-21 04:33:14 INFO     >>>>> Predictor: Training
2025-07-21 04:34:29 INFO     1000 5959 8.811361 69332.0
2025-07-21 04:35:43 INFO     2000 5959 8.473597 69349.3
2025-07-21 04:37:01 INFO     3000 5959 8.262540 69184.5
2025-07-21 04:38:26 INFO     4000 5959 8.094346 69253.9
2025-07-21 04:39:41 INFO     5000 5959 8.001096 69332.0
2025-07-21 04:40:53 INFO     >>>>> Predictor: Evaluating on valid
2025-07-21 04:41:11 INFO     Data : 2077
2025-07-21 04:41:11 INFO     Hit1 : 0.010592
2025-07-21 04:41:11 INFO     Hit3 : 0.025518
2025-07-21 04:41:11 INFO     Hit10: 0.051517
2025-07-21 04:41:11 INFO     MR   : 1450.406837
2025-07-21 04:41:11 INFO     MRR  : 0.026721
2025-07-21 04:41:11 INFO     >>>>> Predictor: Evaluating on test
2025-07-21 04:41:32 INFO     Data : 2342
2025-07-21 04:41:32 INFO     Hit1 : 0.014091
2025-07-21 04:41:32 INFO     Hit3 : 0.024765
2025-07-21 04:41:32 INFO     Hit10: 0.047395
2025-07-21 04:41:32 INFO     MR   : 1339.567891
2025-07-21 04:41:32 INFO     MRR  : 0.027995
2025-07-21 04:41:32 INFO     >>>>> Predictor: Computing H scores of rules
2025-07-21 04:45:15 INFO     1000 5959
2025-07-21 04:48:36 INFO     2000 5959
2025-07-21 04:52:10 INFO     3000 5959
2025-07-21 04:55:32 INFO     4000 5959
2025-07-21 04:58:57 INFO     5000 5959
2025-07-21 05:02:26 INFO     >>>>> Generator: Training
2025-07-21 05:02:36 INFO     -------------------------
2025-07-21 05:02:36 INFO     | EM Iteration: 4/5
2025-07-21 05:02:36 INFO     -------------------------
2025-07-21 05:02:36 INFO     >>>>> Using Generator's sample rule
2025-07-21 05:02:36 INFO     >>>>> Generator: Rule generation with sampling
2025-07-21 05:02:36 INFO     Predictor: read 1923 rules from list.
2025-07-21 05:02:36 INFO     Preprocess training set
2025-07-21 05:02:36 INFO     >>>>> Predictor: Training
2025-07-21 05:03:50 INFO     1000 5959 8.795448 69271.3
2025-07-21 05:05:05 INFO     2000 5959 8.415264 69340.6
2025-07-21 05:06:18 INFO     3000 5959 8.157345 69384.0
2025-07-21 05:07:36 INFO     4000 5959 7.988755 69262.6
2025-07-21 05:08:49 INFO     5000 5959 7.849661 69332.0
2025-07-21 05:10:01 INFO     >>>>> Predictor: Evaluating on valid
2025-07-21 05:10:20 INFO     Data : 2077
2025-07-21 05:10:20 INFO     Hit1 : 0.001444
2025-07-21 05:10:20 INFO     Hit3 : 0.004333
2025-07-21 05:10:20 INFO     Hit10: 0.014444
2025-07-21 05:10:20 INFO     MR   : 1509.454502
2025-07-21 05:10:20 INFO     MRR  : 0.009340
2025-07-21 05:10:20 INFO     >>>>> Predictor: Evaluating on test
2025-07-21 05:10:41 INFO     Data : 2342
2025-07-21 05:10:41 INFO     Hit1 : 0.001281
2025-07-21 05:10:41 INFO     Hit3 : 0.008540
2025-07-21 05:10:41 INFO     Hit10: 0.017933
2025-07-21 05:10:41 INFO     MR   : 1398.881085
2025-07-21 05:10:41 INFO     MRR  : 0.010718
2025-07-21 05:10:41 INFO     >>>>> Predictor: Computing H scores of rules
2025-07-21 05:14:26 INFO     1000 5959
2025-07-21 05:17:58 INFO     2000 5959
2025-07-21 05:21:18 INFO     3000 5959
2025-07-21 05:24:40 INFO     4000 5959
2025-07-21 05:28:12 INFO     5000 5959
2025-07-21 05:31:27 INFO     >>>>> Generator: Training
2025-07-21 05:31:37 INFO     -------------------------
2025-07-21 05:31:37 INFO     | EM Iteration: 5/5
2025-07-21 05:31:37 INFO     -------------------------
2025-07-21 05:31:37 INFO     >>>>> Using Generator's sample rule
2025-07-21 05:31:37 INFO     >>>>> Generator: Rule generation with sampling
2025-07-21 05:31:37 INFO     Predictor: read 1940 rules from list.
2025-07-21 05:31:37 INFO     Preprocess training set
2025-07-21 05:31:37 INFO     >>>>> Predictor: Training
2025-07-21 05:32:50 INFO     1000 5959 8.820225 69332.0
2025-07-21 05:34:02 INFO     2000 5959 8.474214 69349.3
2025-07-21 05:35:14 INFO     3000 5959 8.251743 69340.6
2025-07-21 05:36:27 INFO     4000 5959 8.111076 69297.3
2025-07-21 05:37:39 INFO     5000 5959 7.963352 69219.2
2025-07-21 05:38:48 INFO     >>>>> Predictor: Evaluating on valid
2025-07-21 05:39:06 INFO     Data : 2077
2025-07-21 05:39:06 INFO     Hit1 : 0.013000
2025-07-21 05:39:06 INFO     Hit3 : 0.022147
2025-07-21 05:39:06 INFO     Hit10: 0.033702
2025-07-21 05:39:06 INFO     MR   : 1536.172364
2025-07-21 05:39:06 INFO     MRR  : 0.023873
2025-07-21 05:39:06 INFO     >>>>> Predictor: Evaluating on test
2025-07-21 05:39:26 INFO     Data : 2342
2025-07-21 05:39:26 INFO     Hit1 : 0.009821
2025-07-21 05:39:26 INFO     Hit3 : 0.017506
2025-07-21 05:39:26 INFO     Hit10: 0.032024
2025-07-21 05:39:26 INFO     MR   : 1412.519214
2025-07-21 05:39:26 INFO     MRR  : 0.020036
2025-07-21 05:39:26 INFO     >>>>> Predictor: Computing H scores of rules
2025-07-21 05:43:08 INFO     1000 5959
2025-07-21 05:46:32 INFO     2000 5959
2025-07-21 05:49:52 INFO     3000 5959
2025-07-21 05:53:24 INFO     4000 5959
2025-07-21 05:56:45 INFO     5000 5959
2025-07-21 06:00:00 INFO     >>>>> Generator: Training
2025-07-21 06:00:12 INFO     -------------------------
2025-07-21 06:00:12 INFO     | Post-train Generator
2025-07-21 06:00:12 INFO     -------------------------
2025-07-21 06:00:14 INFO     >>>>> Generator: Training
2025-07-21 06:02:03 INFO     [E01000] Total 28.581177 | Main 5.661041 | RelClus 6.196578 | EntType 33.162837
2025-07-21 06:02:03 INFO     -------------------------
2025-07-21 06:02:03 INFO     | Beam Search Best Rules
2025-07-21 06:02:03 INFO     -------------------------
2025-07-21 06:02:03 INFO     >>>>> Generator: Rule generation with beam search
2025-07-21 06:02:03 INFO     >>>>> Generator: Rule generation with beam search
2025-07-21 06:02:09 INFO     >>>>> Generator: Rule generation with beam search
2025-07-21 06:03:28 INFO     >>>>> Generator: Rule generation with beam search
2025-07-21 06:04:32 INFO     >>>>> Generator: Rule generation with beam search
2025-07-21 06:05:16 INFO     -------------------------
2025-07-21 06:05:16 INFO     | Train Final Predictor+
2025-07-21 06:05:16 INFO     -------------------------
2025-07-21 06:05:16 INFO     Predictor+: read 18420 rules from list.
2025-07-21 06:05:17 INFO     Preprocess training set
2025-07-21 06:05:17 INFO     -------------------------
2025-07-21 06:05:17 INFO     | Iteration: 1/5
2025-07-21 06:05:17 INFO     -------------------------
2025-07-21 06:05:17 INFO     >>>>> Predictor: Training
2025-07-21 06:11:37 INFO     1000 5959 5.259235 69271.3
2025-07-21 06:17:42 INFO     2000 5959 5.142034 69332.0
2025-07-21 06:23:41 INFO     3000 5959 5.107166 69375.3
2025-07-21 06:29:38 INFO     4000 5959 5.093195 69279.9
2025-07-21 06:35:46 INFO     5000 5959 5.062923 69349.3
2025-07-21 06:41:43 INFO     >>>>> Predictor: Evaluating on valid
2025-07-21 06:43:18 INFO     Data : 2077
2025-07-21 06:43:18 INFO     Hit1 : 0.065479
2025-07-21 06:43:18 INFO     Hit3 : 0.126143
2025-07-21 06:43:18 INFO     Hit10: 0.201252
2025-07-21 06:43:18 INFO     MR   : 1229.259027
2025-07-21 06:43:18 INFO     MRR  : 0.110553
2025-07-21 06:43:18 INFO     >>>>> Predictor: Evaluating on test
2025-07-21 06:44:59 INFO     Data : 2342
2025-07-21 06:44:59 INFO     Hit1 : 0.095645
2025-07-21 06:44:59 INFO     Hit3 : 0.146456
2025-07-21 06:44:59 INFO     Hit10: 0.205807
2025-07-21 06:44:59 INFO     MR   : 1138.476729
2025-07-21 06:44:59 INFO     MRR  : 0.132909
2025-07-21 06:44:59 INFO     Save checkpoint to results/semmeddb/10_times_each/scheduled_sampling/2_20250721_001412/predictor.pt
2025-07-21 06:44:59 INFO     -------------------------
2025-07-21 06:44:59 INFO     | Iteration: 2/5
2025-07-21 06:44:59 INFO     -------------------------
2025-07-21 06:44:59 INFO     >>>>> Predictor: Training
2025-07-21 06:50:58 INFO     1000 5959 5.027837 69366.7
2025-07-21 06:57:04 INFO     2000 5959 5.050257 69375.3
2025-07-21 07:03:03 INFO     3000 5959 5.044698 69219.2
2025-07-21 07:09:11 INFO     4000 5959 5.043374 69305.9
2025-07-21 07:15:16 INFO     5000 5959 5.024017 69288.6
2025-07-21 07:21:08 INFO     >>>>> Predictor: Evaluating on valid
2025-07-21 07:22:38 INFO     Data : 2077
2025-07-21 07:22:38 INFO     Hit1 : 0.063072
2025-07-21 07:22:38 INFO     Hit3 : 0.125662
2025-07-21 07:22:38 INFO     Hit10: 0.202215
2025-07-21 07:22:38 INFO     MR   : 1199.314636
2025-07-21 07:22:38 INFO     MRR  : 0.109366
2025-07-21 07:22:38 INFO     >>>>> Predictor: Evaluating on test
2025-07-21 07:24:18 INFO     Data : 2342
2025-07-21 07:24:18 INFO     Hit1 : 0.092656
2025-07-21 07:24:18 INFO     Hit3 : 0.142186
2025-07-21 07:24:18 INFO     Hit10: 0.201110
2025-07-21 07:24:18 INFO     MR   : 1108.124039
2025-07-21 07:24:18 INFO     MRR  : 0.130729
2025-07-21 07:24:18 INFO     -------------------------
2025-07-21 07:24:18 INFO     | Iteration: 3/5
2025-07-21 07:24:18 INFO     -------------------------
2025-07-21 07:24:18 INFO     >>>>> Predictor: Training
2025-07-21 07:30:27 INFO     1000 5959 5.026492 69288.6
2025-07-21 07:36:38 INFO     2000 5959 5.032787 69288.6
2025-07-21 07:42:37 INFO     3000 5959 5.014991 69340.6
2025-07-21 07:48:36 INFO     4000 5959 5.024930 69271.3
2025-07-21 07:54:43 INFO     5000 5959 5.048987 69219.2
2025-07-21 08:00:45 INFO     >>>>> Predictor: Evaluating on valid
2025-07-21 08:02:23 INFO     Data : 2077
2025-07-21 08:02:23 INFO     Hit1 : 0.070294
2025-07-21 08:02:23 INFO     Hit3 : 0.128069
2025-07-21 08:02:23 INFO     Hit10: 0.199807
2025-07-21 08:02:23 INFO     MR   : 1187.748435
2025-07-21 08:02:23 INFO     MRR  : 0.112840
2025-07-21 08:02:23 INFO     >>>>> Predictor: Evaluating on test
2025-07-21 08:04:04 INFO     Data : 2342
2025-07-21 08:04:04 INFO     Hit1 : 0.098207
2025-07-21 08:04:04 INFO     Hit3 : 0.145602
2025-07-21 08:04:04 INFO     Hit10: 0.204953
2025-07-21 08:04:04 INFO     MR   : 1092.287361
2025-07-21 08:04:04 INFO     MRR  : 0.134623
2025-07-21 08:04:04 INFO     Save checkpoint to results/semmeddb/10_times_each/scheduled_sampling/2_20250721_001412/predictor.pt
2025-07-21 08:04:04 INFO     -------------------------
2025-07-21 08:04:04 INFO     | Iteration: 4/5
2025-07-21 08:04:04 INFO     -------------------------
2025-07-21 08:04:04 INFO     >>>>> Predictor: Training
2025-07-21 08:10:02 INFO     1000 5959 4.996969 69340.6
2025-07-21 08:16:08 INFO     2000 5959 4.985703 69184.5
2025-07-21 08:22:06 INFO     3000 5959 5.072600 69253.9
2025-07-21 08:28:02 INFO     4000 5959 5.021046 69340.6
2025-07-21 08:34:17 INFO     5000 5959 5.014971 69384.0
2025-07-21 08:40:14 INFO     >>>>> Predictor: Evaluating on valid
2025-07-21 08:41:43 INFO     Data : 2077
2025-07-21 08:41:43 INFO     Hit1 : 0.065961
2025-07-21 08:41:43 INFO     Hit3 : 0.128069
2025-07-21 08:41:43 INFO     Hit10: 0.200289
2025-07-21 08:41:43 INFO     MR   : 1189.777564
2025-07-21 08:41:43 INFO     MRR  : 0.111064
2025-07-21 08:41:43 INFO     >>>>> Predictor: Evaluating on test
2025-07-21 08:43:30 INFO     Data : 2342
2025-07-21 08:43:30 INFO     Hit1 : 0.094364
2025-07-21 08:43:30 INFO     Hit3 : 0.144748
2025-07-21 08:43:30 INFO     Hit10: 0.206661
2025-07-21 08:43:30 INFO     MR   : 1101.623826
2025-07-21 08:43:30 INFO     MRR  : 0.131704
2025-07-21 08:43:30 INFO     -------------------------
2025-07-21 08:43:30 INFO     | Iteration: 5/5
2025-07-21 08:43:30 INFO     -------------------------
2025-07-21 08:43:30 INFO     >>>>> Predictor: Training
2025-07-21 08:49:36 INFO     1000 5959 5.023955 69323.3
2025-07-21 08:55:36 INFO     2000 5959 5.022844 69332.0
2025-07-21 09:01:49 INFO     3000 5959 5.042115 69219.2
2025-07-21 09:07:50 INFO     4000 5959 5.006905 69297.3
2025-07-21 09:14:00 INFO     5000 5959 4.989315 69332.0
2025-07-21 09:19:49 INFO     >>>>> Predictor: Evaluating on valid
2025-07-21 09:21:19 INFO     Data : 2077
2025-07-21 09:21:19 INFO     Hit1 : 0.067405
2025-07-21 09:21:19 INFO     Hit3 : 0.124699
2025-07-21 09:21:19 INFO     Hit10: 0.202215
2025-07-21 09:21:19 INFO     MR   : 1176.924169
2025-07-21 09:21:19 INFO     MRR  : 0.111467
2025-07-21 09:21:19 INFO     >>>>> Predictor: Evaluating on test
2025-07-21 09:23:01 INFO     Data : 2342
2025-07-21 09:23:01 INFO     Hit1 : 0.096926
2025-07-21 09:23:01 INFO     Hit3 : 0.145175
2025-07-21 09:23:01 INFO     Hit10: 0.208369
2025-07-21 09:23:01 INFO     MR   : 1085.606746
2025-07-21 09:23:01 INFO     MRR  : 0.134252
2025-07-21 09:23:01 INFO     -------------------------
2025-07-21 09:23:01 INFO     | Final Test MRR: 0.134623
2025-07-21 09:23:01 INFO     -------------------------
