2025-07-10 12:47:13 INFO     is_soft_label: False
2025-07-10 12:47:13 INFO     is_scheduled_sampling: False
2025-07-10 12:47:13 INFO     is_test_mode: False
2025-07-10 12:47:13 INFO     Data loading | DONE!
2025-07-10 12:47:13 INFO     Using full datasets for training, validation, and testing.
2025-07-10 12:47:13 INFO     -------------------------
2025-07-10 12:47:13 INFO     | EM Iteration: 1/5
2025-07-10 12:47:13 INFO     -------------------------
2025-07-10 12:47:13 INFO     >>>>> Using miner's rule
2025-07-10 12:47:14 INFO     Predictor: read 13661 rules from list.
2025-07-10 12:47:15 INFO     Preprocess training set
2025-07-10 12:47:15 INFO     >>>>> Predictor: Evaluating on valid
2025-07-10 12:49:33 INFO     Data : 2077
2025-07-10 12:49:33 INFO     Hit1 : 0.065479
2025-07-10 12:49:33 INFO     Hit3 : 0.127106
2025-07-10 12:49:33 INFO     Hit10: 0.199326
2025-07-10 12:49:33 INFO     MR   : 1120.902022
2025-07-10 12:49:33 INFO     MRR  : 0.114382
2025-07-10 12:49:33 INFO     >>>>> Predictor: Evaluating on test
2025-07-10 12:52:09 INFO     Data : 2342
2025-07-10 12:52:09 INFO     Hit1 : 0.078992
2025-07-10 12:52:09 INFO     Hit3 : 0.124253
2025-07-10 12:52:09 INFO     Hit10: 0.208796
2025-07-10 12:52:09 INFO     MR   : 1044.269001
2025-07-10 12:52:09 INFO     MRR  : 0.122250
2025-07-10 12:52:09 INFO     >>>>> Predictor: Computing H scores of rules
2025-07-10 13:27:29 INFO     1000 5959
2025-07-10 14:03:33 INFO     2000 5959
2025-07-10 14:39:15 INFO     3000 5959
2025-07-10 15:15:10 INFO     4000 5959
2025-07-10 15:51:32 INFO     5000 5959
2025-07-10 16:27:44 INFO     >>>>> Generator: Training
2025-07-10 16:27:54 INFO     -------------------------
2025-07-10 16:27:54 INFO     | EM Iteration: 2/5
2025-07-10 16:27:54 INFO     -------------------------
2025-07-10 16:27:54 INFO     >>>>> Using Generator's sample rule
2025-07-10 16:27:54 INFO     >>>>> Generator: Rule generation with sampling
2025-07-10 16:27:55 INFO     Predictor: read 1912 rules from list.
2025-07-10 16:27:55 INFO     Preprocess training set
2025-07-10 16:27:55 INFO     >>>>> Predictor: Training
2025-07-10 16:29:02 INFO     1000 5959 8.777567 69314.6
2025-07-10 16:30:10 INFO     2000 5959 8.371544 69271.3
2025-07-10 16:31:18 INFO     3000 5959 8.153194 69245.2
2025-07-10 16:32:25 INFO     4000 5959 7.969584 69340.6
2025-07-10 16:33:33 INFO     5000 5959 7.793580 69340.6
2025-07-10 16:34:37 INFO     >>>>> Predictor: Evaluating on valid
2025-07-10 16:34:54 INFO     Data : 2077
2025-07-10 16:34:54 INFO     Hit1 : 0.018777
2025-07-10 16:34:54 INFO     Hit3 : 0.033221
2025-07-10 16:34:54 INFO     Hit10: 0.057294
2025-07-10 16:34:54 INFO     MR   : 1432.754213
2025-07-10 16:34:54 INFO     MRR  : 0.034256
2025-07-10 16:34:54 INFO     >>>>> Predictor: Evaluating on test
2025-07-10 16:35:13 INFO     Data : 2342
2025-07-10 16:35:13 INFO     Hit1 : 0.017506
2025-07-10 16:35:13 INFO     Hit3 : 0.033305
2025-07-10 16:35:13 INFO     Hit10: 0.061059
2025-07-10 16:35:13 INFO     MR   : 1330.328779
2025-07-10 16:35:13 INFO     MRR  : 0.034269
2025-07-10 16:35:13 INFO     >>>>> Predictor: Computing H scores of rules
2025-07-10 16:38:34 INFO     1000 5959
2025-07-10 16:41:54 INFO     2000 5959
2025-07-10 16:45:14 INFO     3000 5959
2025-07-10 16:48:35 INFO     4000 5959
2025-07-10 16:51:55 INFO     5000 5959
2025-07-10 16:55:10 INFO     >>>>> Generator: Training
2025-07-10 16:55:19 INFO     -------------------------
2025-07-10 16:55:19 INFO     | EM Iteration: 3/5
2025-07-10 16:55:19 INFO     -------------------------
2025-07-10 16:55:19 INFO     >>>>> Using Generator's sample rule
2025-07-10 16:55:19 INFO     >>>>> Generator: Rule generation with sampling
2025-07-10 16:55:19 INFO     Predictor: read 1915 rules from list.
2025-07-10 16:55:19 INFO     Preprocess training set
2025-07-10 16:55:19 INFO     >>>>> Predictor: Training
2025-07-10 16:56:31 INFO     1000 5959 8.801494 69332.0
2025-07-10 16:57:43 INFO     2000 5959 8.440697 69349.3
2025-07-10 16:58:54 INFO     3000 5959 8.214208 69184.5
2025-07-10 17:00:07 INFO     4000 5959 8.010113 69253.9
2025-07-10 17:01:18 INFO     5000 5959 7.912209 69332.0
2025-07-10 17:02:27 INFO     >>>>> Predictor: Evaluating on valid
2025-07-10 17:02:44 INFO     Data : 2077
2025-07-10 17:02:44 INFO     Hit1 : 0.012037
2025-07-10 17:02:44 INFO     Hit3 : 0.019740
2025-07-10 17:02:44 INFO     Hit10: 0.033702
2025-07-10 17:02:44 INFO     MR   : 1494.844487
2025-07-10 17:02:44 INFO     MRR  : 0.022278
2025-07-10 17:02:44 INFO     >>>>> Predictor: Evaluating on test
2025-07-10 17:03:04 INFO     Data : 2342
2025-07-10 17:03:04 INFO     Hit1 : 0.013237
2025-07-10 17:03:04 INFO     Hit3 : 0.018360
2025-07-10 17:03:04 INFO     Hit10: 0.028181
2025-07-10 17:03:04 INFO     MR   : 1379.192570
2025-07-10 17:03:04 INFO     MRR  : 0.022198
2025-07-10 17:03:04 INFO     >>>>> Predictor: Computing H scores of rules
2025-07-10 17:06:27 INFO     1000 5959
2025-07-10 17:09:48 INFO     2000 5959
2025-07-10 17:13:09 INFO     3000 5959
2025-07-10 17:16:28 INFO     4000 5959
2025-07-10 17:19:48 INFO     5000 5959
2025-07-10 17:23:03 INFO     >>>>> Generator: Training
2025-07-10 17:23:12 INFO     -------------------------
2025-07-10 17:23:12 INFO     | EM Iteration: 4/5
2025-07-10 17:23:12 INFO     -------------------------
2025-07-10 17:23:12 INFO     >>>>> Using Generator's sample rule
2025-07-10 17:23:12 INFO     >>>>> Generator: Rule generation with sampling
2025-07-10 17:23:12 INFO     Predictor: read 1937 rules from list.
2025-07-10 17:23:12 INFO     Preprocess training set
2025-07-10 17:23:12 INFO     >>>>> Predictor: Training
2025-07-10 17:24:24 INFO     1000 5959 8.787847 69271.3
2025-07-10 17:25:34 INFO     2000 5959 8.407963 69340.6
2025-07-10 17:26:46 INFO     3000 5959 8.143946 69384.0
2025-07-10 17:27:58 INFO     4000 5959 7.961763 69262.6
2025-07-10 17:29:10 INFO     5000 5959 7.804971 69332.0
2025-07-10 17:30:19 INFO     >>>>> Predictor: Evaluating on valid
2025-07-10 17:30:36 INFO     Data : 2077
2025-07-10 17:30:36 INFO     Hit1 : 0.008185
2025-07-10 17:30:36 INFO     Hit3 : 0.020221
2025-07-10 17:30:36 INFO     Hit10: 0.037073
2025-07-10 17:30:36 INFO     MR   : 1480.301637
2025-07-10 17:30:36 INFO     MRR  : 0.022427
2025-07-10 17:30:36 INFO     >>>>> Predictor: Evaluating on test
2025-07-10 17:30:56 INFO     Data : 2342
2025-07-10 17:30:56 INFO     Hit1 : 0.010248
2025-07-10 17:30:56 INFO     Hit3 : 0.020068
2025-07-10 17:30:56 INFO     Hit10: 0.040991
2025-07-10 17:30:56 INFO     MR   : 1370.057857
2025-07-10 17:30:56 INFO     MRR  : 0.023507
2025-07-10 17:30:56 INFO     >>>>> Predictor: Computing H scores of rules
2025-07-10 17:34:17 INFO     1000 5959
2025-07-10 17:37:38 INFO     2000 5959
2025-07-10 17:40:59 INFO     3000 5959
2025-07-10 17:44:21 INFO     4000 5959
2025-07-10 17:47:43 INFO     5000 5959
2025-07-10 17:50:58 INFO     >>>>> Generator: Training
2025-07-10 17:51:08 INFO     -------------------------
2025-07-10 17:51:08 INFO     | EM Iteration: 5/5
2025-07-10 17:51:08 INFO     -------------------------
2025-07-10 17:51:08 INFO     >>>>> Using Generator's sample rule
2025-07-10 17:51:08 INFO     >>>>> Generator: Rule generation with sampling
2025-07-10 17:51:08 INFO     Predictor: read 1961 rules from list.
2025-07-10 17:51:08 INFO     Preprocess training set
2025-07-10 17:51:08 INFO     >>>>> Predictor: Training
2025-07-10 17:52:22 INFO     1000 5959 8.830699 69332.0
2025-07-10 17:53:33 INFO     2000 5959 8.517418 69349.3
2025-07-10 17:54:47 INFO     3000 5959 8.328224 69340.6
2025-07-10 17:55:58 INFO     4000 5959 8.193644 69297.3
2025-07-10 17:57:11 INFO     5000 5959 8.092101 69219.2
2025-07-10 17:58:19 INFO     >>>>> Predictor: Evaluating on valid
2025-07-10 17:58:37 INFO     Data : 2077
2025-07-10 17:58:37 INFO     Hit1 : 0.028406
2025-07-10 17:58:37 INFO     Hit3 : 0.054405
2025-07-10 17:58:37 INFO     Hit10: 0.079442
2025-07-10 17:58:37 INFO     MR   : 1449.951854
2025-07-10 17:58:37 INFO     MRR  : 0.049980
2025-07-10 17:58:37 INFO     >>>>> Predictor: Evaluating on test
2025-07-10 17:58:57 INFO     Data : 2342
2025-07-10 17:58:57 INFO     Hit1 : 0.028181
2025-07-10 17:58:57 INFO     Hit3 : 0.054654
2025-07-10 17:58:57 INFO     Hit10: 0.078565
2025-07-10 17:58:57 INFO     MR   : 1343.596712
2025-07-10 17:58:57 INFO     MRR  : 0.050524
2025-07-10 17:58:57 INFO     >>>>> Predictor: Computing H scores of rules
2025-07-10 18:02:20 INFO     1000 5959
2025-07-10 18:05:44 INFO     2000 5959
2025-07-10 18:09:05 INFO     3000 5959
2025-07-10 18:12:26 INFO     4000 5959
2025-07-10 18:15:48 INFO     5000 5959
2025-07-10 18:19:03 INFO     >>>>> Generator: Training
2025-07-10 18:19:12 INFO     -------------------------
2025-07-10 18:19:12 INFO     | Post-train Generator
2025-07-10 18:19:12 INFO     -------------------------
2025-07-10 18:19:13 INFO     >>>>> Generator: Training
2025-07-10 18:20:49 INFO     [E01000] Total 3.100191 | Main 3.049775 | RelClus 2.316555 | EntType 2.895873
2025-07-10 18:20:49 INFO     -------------------------
2025-07-10 18:20:49 INFO     | Beam Search Best Rules
2025-07-10 18:20:49 INFO     -------------------------
2025-07-10 18:20:49 INFO     >>>>> Generator: Rule generation with beam search
2025-07-10 18:20:50 INFO     >>>>> Generator: Rule generation with beam search
2025-07-10 18:20:56 INFO     >>>>> Generator: Rule generation with beam search
2025-07-10 18:22:14 INFO     >>>>> Generator: Rule generation with beam search
2025-07-10 18:23:19 INFO     >>>>> Generator: Rule generation with beam search
2025-07-10 18:24:03 INFO     -------------------------
2025-07-10 18:24:03 INFO     | Train Final Predictor+
2025-07-10 18:24:03 INFO     -------------------------
2025-07-10 18:24:03 INFO     Predictor+: read 18420 rules from list.
2025-07-10 18:24:03 INFO     Preprocess training set
2025-07-10 18:24:03 INFO     -------------------------
2025-07-10 18:24:03 INFO     | Iteration: 1/5
2025-07-10 18:24:03 INFO     -------------------------
2025-07-10 18:24:03 INFO     >>>>> Predictor: Training
2025-07-10 18:29:09 INFO     1000 5959 4.904975 69271.3
