2025-07-23 12:18:05 INFO     is_soft_label: False
2025-07-23 12:18:05 INFO     is_scheduled_sampling: False
2025-07-23 12:18:05 INFO     is_test_mode: False
2025-07-23 12:18:06 INFO     Data loading | DONE!
2025-07-23 12:18:06 INFO     Using full datasets for training, validation, and testing.
2025-07-23 12:18:07 INFO     -------------------------
2025-07-23 12:18:07 INFO     | EM Iteration: 1/5
2025-07-23 12:18:07 INFO     -------------------------
2025-07-23 12:18:07 INFO     >>>>> Using miner's rule
2025-07-23 12:18:07 INFO     Predictor: read 13661 rules from list.
2025-07-23 12:18:10 INFO     Preprocess training set
2025-07-23 12:18:10 INFO     >>>>> Predictor: Evaluating on valid
2025-07-23 12:24:25 INFO     Data : 2077
2025-07-23 12:24:25 INFO     Hit1 : 0.065479
2025-07-23 12:24:25 INFO     Hit3 : 0.127106
2025-07-23 12:24:25 INFO     Hit10: 0.199326
2025-07-23 12:24:25 INFO     MR   : 1120.902022
2025-07-23 12:24:25 INFO     MRR  : 0.114382
2025-07-23 12:24:25 INFO     >>>>> Predictor: Evaluating on test
2025-07-23 12:31:11 INFO     Data : 2342
2025-07-23 12:31:11 INFO     Hit1 : 0.078992
2025-07-23 12:31:11 INFO     Hit3 : 0.124253
2025-07-23 12:31:11 INFO     Hit10: 0.208796
2025-07-23 12:31:11 INFO     MR   : 1044.269001
2025-07-23 12:31:11 INFO     MRR  : 0.122250
2025-07-23 12:31:11 INFO     >>>>> Predictor: Computing H scores of rules
2025-07-23 14:07:32 INFO     1000 5959
2025-07-23 15:43:16 INFO     2000 5959
2025-07-23 17:19:29 INFO     3000 5959
2025-07-23 18:38:46 INFO     4000 5959
2025-07-23 19:49:52 INFO     5000 5959
2025-07-23 21:01:49 INFO     >>>>> Generator: Training
2025-07-23 21:01:58 INFO     -------------------------
2025-07-23 21:01:58 INFO     | EM Iteration: 2/5
2025-07-23 21:01:58 INFO     -------------------------
2025-07-23 21:01:58 INFO     >>>>> Using Generator's sample rule
2025-07-23 21:01:58 INFO     >>>>> Generator: Rule generation with sampling
2025-07-23 21:01:58 INFO     Predictor: read 1904 rules from list.
2025-07-23 21:01:58 INFO     Preprocess training set
2025-07-23 21:01:58 INFO     >>>>> Predictor: Training
2025-07-23 21:04:01 INFO     1000 5959 8.782312 69314.6
2025-07-23 21:05:56 INFO     2000 5959 8.410004 69271.3
2025-07-23 21:07:55 INFO     3000 5959 8.219053 69245.2
2025-07-23 21:09:50 INFO     4000 5959 8.065449 69340.6
2025-07-23 21:12:00 INFO     5000 5959 7.940880 69340.6
2025-07-23 21:14:17 INFO     >>>>> Predictor: Evaluating on valid
2025-07-23 21:14:43 INFO     Data : 2077
2025-07-23 21:14:43 INFO     Hit1 : 0.025036
2025-07-23 21:14:43 INFO     Hit3 : 0.040924
2025-07-23 21:14:43 INFO     Hit10: 0.064035
2025-07-23 21:14:43 INFO     MR   : 1407.828117
2025-07-23 21:14:43 INFO     MRR  : 0.041154
2025-07-23 21:14:43 INFO     >>>>> Predictor: Evaluating on test
2025-07-23 21:15:10 INFO     Data : 2342
2025-07-23 21:15:10 INFO     Hit1 : 0.019641
2025-07-23 21:15:10 INFO     Hit3 : 0.030743
2025-07-23 21:15:10 INFO     Hit10: 0.056362
2025-07-23 21:15:10 INFO     MR   : 1317.205807
2025-07-23 21:15:10 INFO     MRR  : 0.034766
2025-07-23 21:15:10 INFO     >>>>> Predictor: Computing H scores of rules
2025-07-23 21:20:50 INFO     1000 5959
2025-07-23 21:26:15 INFO     2000 5959
2025-07-23 21:31:31 INFO     3000 5959
2025-07-23 21:36:34 INFO     4000 5959
2025-07-23 21:41:26 INFO     5000 5959
2025-07-23 21:46:28 INFO     >>>>> Generator: Training
2025-07-23 21:46:37 INFO     -------------------------
2025-07-23 21:46:37 INFO     | EM Iteration: 3/5
2025-07-23 21:46:37 INFO     -------------------------
2025-07-23 21:46:37 INFO     >>>>> Using Generator's sample rule
2025-07-23 21:46:37 INFO     >>>>> Generator: Rule generation with sampling
2025-07-23 21:46:38 INFO     Predictor: read 1877 rules from list.
2025-07-23 21:46:38 INFO     Preprocess training set
2025-07-23 21:46:38 INFO     >>>>> Predictor: Training
2025-07-23 21:48:44 INFO     1000 5959 8.809976 69332.0
2025-07-23 21:50:47 INFO     2000 5959 8.469537 69349.3
2025-07-23 21:52:55 INFO     3000 5959 8.254404 69184.5
2025-07-23 21:54:51 INFO     4000 5959 8.080450 69253.9
2025-07-23 21:56:51 INFO     5000 5959 7.983767 69332.0
2025-07-23 21:58:56 INFO     >>>>> Predictor: Evaluating on valid
2025-07-23 21:59:23 INFO     Data : 2077
2025-07-23 21:59:23 INFO     Hit1 : 0.010592
2025-07-23 21:59:23 INFO     Hit3 : 0.025999
2025-07-23 21:59:23 INFO     Hit10: 0.051035
2025-07-23 21:59:23 INFO     MR   : 1450.381801
2025-07-23 21:59:23 INFO     MRR  : 0.026797
2025-07-23 21:59:23 INFO     >>>>> Predictor: Evaluating on test
2025-07-23 21:59:49 INFO     Data : 2342
2025-07-23 21:59:49 INFO     Hit1 : 0.014091
2025-07-23 21:59:49 INFO     Hit3 : 0.024765
2025-07-23 21:59:49 INFO     Hit10: 0.047395
2025-07-23 21:59:49 INFO     MR   : 1340.377455
2025-07-23 21:59:49 INFO     MRR  : 0.028016
2025-07-23 21:59:49 INFO     >>>>> Predictor: Computing H scores of rules
2025-07-23 22:05:19 INFO     1000 5959
2025-07-23 22:10:49 INFO     2000 5959
2025-07-23 22:16:46 INFO     3000 5959
2025-07-23 22:22:00 INFO     4000 5959
2025-07-23 22:26:57 INFO     5000 5959
2025-07-23 22:31:51 INFO     >>>>> Generator: Training
2025-07-23 22:31:59 INFO     -------------------------
2025-07-23 22:31:59 INFO     | EM Iteration: 4/5
2025-07-23 22:31:59 INFO     -------------------------
2025-07-23 22:31:59 INFO     >>>>> Using Generator's sample rule
2025-07-23 22:31:59 INFO     >>>>> Generator: Rule generation with sampling
2025-07-23 22:31:59 INFO     Predictor: read 1847 rules from list.
2025-07-23 22:31:59 INFO     Preprocess training set
2025-07-23 22:31:59 INFO     >>>>> Predictor: Training
2025-07-23 22:33:54 INFO     1000 5959 8.791110 69271.3
2025-07-23 22:35:46 INFO     2000 5959 8.404539 69340.6
2025-07-23 22:37:38 INFO     3000 5959 8.137731 69384.0
2025-07-23 22:39:38 INFO     4000 5959 7.963986 69262.6
2025-07-23 22:41:44 INFO     5000 5959 7.819836 69332.0
2025-07-23 22:43:38 INFO     >>>>> Predictor: Evaluating on valid
2025-07-23 22:44:02 INFO     Data : 2077
2025-07-23 22:44:02 INFO     Hit1 : 0.006259
2025-07-23 22:44:02 INFO     Hit3 : 0.018296
2025-07-23 22:44:02 INFO     Hit10: 0.036110
2025-07-23 22:44:02 INFO     MR   : 1486.285749
2025-07-23 22:44:02 INFO     MRR  : 0.019680
2025-07-23 22:44:02 INFO     >>>>> Predictor: Evaluating on test
2025-07-23 22:44:30 INFO     Data : 2342
2025-07-23 22:44:30 INFO     Hit1 : 0.008540
2025-07-23 22:44:30 INFO     Hit3 : 0.018787
2025-07-23 22:44:30 INFO     Hit10: 0.035440
2025-07-23 22:44:30 INFO     MR   : 1371.789710
2025-07-23 22:44:30 INFO     MRR  : 0.020680
2025-07-23 22:44:30 INFO     >>>>> Predictor: Computing H scores of rules
2025-07-23 22:50:00 INFO     1000 5959
2025-07-23 22:55:30 INFO     2000 5959
2025-07-23 23:01:12 INFO     3000 5959
2025-07-23 23:06:34 INFO     4000 5959
2025-07-23 23:11:56 INFO     5000 5959
2025-07-23 23:17:02 INFO     >>>>> Generator: Training
2025-07-23 23:17:12 INFO     -------------------------
2025-07-23 23:17:12 INFO     | EM Iteration: 5/5
2025-07-23 23:17:12 INFO     -------------------------
2025-07-23 23:17:12 INFO     >>>>> Using Generator's sample rule
2025-07-23 23:17:12 INFO     >>>>> Generator: Rule generation with sampling
2025-07-23 23:17:12 INFO     Predictor: read 1676 rules from list.
2025-07-23 23:17:12 INFO     Preprocess training set
2025-07-23 23:17:12 INFO     >>>>> Predictor: Training
2025-07-23 23:18:59 INFO     1000 5959 8.805924 69332.0
2025-07-23 23:20:50 INFO     2000 5959 8.434382 69349.3
2025-07-23 23:22:47 INFO     3000 5959 8.182272 69340.6
2025-07-23 23:24:41 INFO     4000 5959 8.012417 69297.3
2025-07-23 23:26:29 INFO     5000 5959 7.830053 69219.2
2025-07-23 23:28:10 INFO     >>>>> Predictor: Evaluating on valid
2025-07-23 23:28:33 INFO     Data : 2077
2025-07-23 23:28:33 INFO     Hit1 : 0.029851
2025-07-23 23:28:33 INFO     Hit3 : 0.053924
2025-07-23 23:28:33 INFO     Hit10: 0.076071
2025-07-23 23:28:33 INFO     MR   : 1451.129995
2025-07-23 23:28:33 INFO     MRR  : 0.049605
2025-07-23 23:28:33 INFO     >>>>> Predictor: Evaluating on test
2025-07-23 23:28:59 INFO     Data : 2342
2025-07-23 23:28:59 INFO     Hit1 : 0.028608
2025-07-23 23:28:59 INFO     Hit3 : 0.046541
2025-07-23 23:28:59 INFO     Hit10: 0.084116
2025-07-23 23:28:59 INFO     MR   : 1334.989112
2025-07-23 23:28:59 INFO     MRR  : 0.048452
2025-07-23 23:28:59 INFO     >>>>> Predictor: Computing H scores of rules
2025-07-23 23:34:08 INFO     1000 5959
2025-07-23 23:39:11 INFO     2000 5959
2025-07-23 23:44:13 INFO     3000 5959
2025-07-23 23:49:18 INFO     4000 5959
2025-07-23 23:54:05 INFO     5000 5959
2025-07-23 23:59:06 INFO     >>>>> Generator: Training
2025-07-23 23:59:16 INFO     -------------------------
2025-07-23 23:59:16 INFO     | Post-train Generator
2025-07-23 23:59:16 INFO     -------------------------
2025-07-23 23:59:19 INFO     >>>>> Generator: Training
2025-07-24 00:00:58 INFO     [E01000] Total 2.432650 | Main 2.559255 | RelClus 1.497829 | EntType 2.354638
2025-07-24 00:00:58 INFO     -------------------------
2025-07-24 00:00:58 INFO     | Beam Search Best Rules
2025-07-24 00:00:58 INFO     -------------------------
2025-07-24 00:00:58 INFO     >>>>> Generator: Rule generation with beam search
2025-07-24 00:01:00 INFO     >>>>> Generator: Rule generation with beam search
2025-07-24 00:01:14 INFO     >>>>> Generator: Rule generation with beam search
2025-07-24 00:03:37 INFO     >>>>> Generator: Rule generation with beam search
2025-07-24 00:05:34 INFO     >>>>> Generator: Rule generation with beam search
2025-07-24 00:06:59 INFO     -------------------------
2025-07-24 00:06:59 INFO     | Train Final Predictor+
2025-07-24 00:06:59 INFO     -------------------------
2025-07-24 00:06:59 INFO     Predictor+: read 18420 rules from list.
2025-07-24 00:06:59 INFO     Preprocess training set
2025-07-24 00:06:59 INFO     -------------------------
2025-07-24 00:06:59 INFO     | Iteration: 1/5
2025-07-24 00:06:59 INFO     -------------------------
2025-07-24 00:06:59 INFO     >>>>> Predictor: Training
2025-07-24 00:18:17 INFO     1000 5959 4.989214 69271.3
2025-07-24 00:31:32 INFO     2000 5959 4.754752 69332.0
2025-07-24 00:43:19 INFO     3000 5959 4.740179 69375.3
2025-07-24 00:55:08 INFO     4000 5959 4.735833 69279.9
2025-07-24 01:06:54 INFO     5000 5959 4.708383 69349.3
2025-07-24 01:17:39 INFO     >>>>> Predictor: Evaluating on valid
2025-07-24 01:20:36 INFO     Data : 2077
2025-07-24 01:20:36 INFO     Hit1 : 0.100144
2025-07-24 01:20:36 INFO     Hit3 : 0.185845
2025-07-24 01:20:36 INFO     Hit10: 0.314877
2025-07-24 01:20:36 INFO     MR   : 992.028166
2025-07-24 01:20:36 INFO     MRR  : 0.168716
2025-07-24 01:20:36 INFO     >>>>> Predictor: Evaluating on test
2025-07-24 01:24:35 INFO     Data : 2342
2025-07-24 01:24:35 INFO     Hit1 : 0.119556
2025-07-24 01:24:35 INFO     Hit3 : 0.203672
2025-07-24 01:24:35 INFO     Hit10: 0.317250
2025-07-24 01:24:35 INFO     MR   : 926.020709
2025-07-24 01:24:35 INFO     MRR  : 0.185001
2025-07-24 01:24:35 INFO     Save checkpoint to results/semmeddb/10_times_each/fixed/811/6_20250723_121801/predictor.pt
2025-07-24 01:24:35 INFO     -------------------------
2025-07-24 01:24:35 INFO     | Iteration: 2/5
2025-07-24 01:24:35 INFO     -------------------------
2025-07-24 01:24:35 INFO     >>>>> Predictor: Training
2025-07-24 01:40:25 INFO     1000 5959 4.636898 69366.7
2025-07-24 01:54:04 INFO     2000 5959 4.676106 69375.3
2025-07-24 02:08:13 INFO     3000 5959 4.664232 69219.2
2025-07-24 02:23:05 INFO     4000 5959 4.671573 69305.9
2025-07-24 02:38:06 INFO     5000 5959 4.661191 69288.6
2025-07-24 02:51:52 INFO     >>>>> Predictor: Evaluating on valid
2025-07-24 02:55:48 INFO     Data : 2077
2025-07-24 02:55:48 INFO     Hit1 : 0.091478
2025-07-24 02:55:48 INFO     Hit3 : 0.185845
2025-07-24 02:55:48 INFO     Hit10: 0.317285
2025-07-24 02:55:48 INFO     MR   : 956.820173
2025-07-24 02:55:48 INFO     MRR  : 0.164382
2025-07-24 02:55:48 INFO     >>>>> Predictor: Evaluating on test
2025-07-24 03:00:19 INFO     Data : 2342
2025-07-24 03:00:19 INFO     Hit1 : 0.128096
2025-07-24 03:00:19 INFO     Hit3 : 0.207088
2025-07-24 03:00:19 INFO     Hit10: 0.320239
2025-07-24 03:00:19 INFO     MR   : 892.137489
2025-07-24 03:00:19 INFO     MRR  : 0.189182
2025-07-24 03:00:19 INFO     -------------------------
2025-07-24 03:00:19 INFO     | Iteration: 3/5
2025-07-24 03:00:19 INFO     -------------------------
2025-07-24 03:00:19 INFO     >>>>> Predictor: Training
2025-07-24 03:16:33 INFO     1000 5959 4.644243 69288.6
2025-07-24 03:32:55 INFO     2000 5959 4.646366 69288.6
2025-07-24 03:48:38 INFO     3000 5959 4.639294 69340.6
2025-07-24 04:04:36 INFO     4000 5959 4.635239 69271.3
2025-07-24 04:20:16 INFO     5000 5959 4.670910 69219.2
2025-07-24 04:35:18 INFO     >>>>> Predictor: Evaluating on valid
2025-07-24 04:38:57 INFO     Data : 2077
2025-07-24 04:38:57 INFO     Hit1 : 0.088589
2025-07-24 04:38:57 INFO     Hit3 : 0.178142
2025-07-24 04:38:57 INFO     Hit10: 0.301396
2025-07-24 04:38:57 INFO     MR   : 942.183438
2025-07-24 04:38:57 INFO     MRR  : 0.159836
2025-07-24 04:38:57 INFO     >>>>> Predictor: Evaluating on test
2025-07-24 04:43:11 INFO     Data : 2342
2025-07-24 04:43:11 INFO     Hit1 : 0.116567
2025-07-24 04:43:11 INFO     Hit3 : 0.198121
2025-07-24 04:43:11 INFO     Hit10: 0.311699
2025-07-24 04:43:11 INFO     MR   : 874.376601
2025-07-24 04:43:11 INFO     MRR  : 0.180693
2025-07-24 04:43:11 INFO     -------------------------
2025-07-24 04:43:11 INFO     | Iteration: 4/5
2025-07-24 04:43:11 INFO     -------------------------
2025-07-24 04:43:11 INFO     >>>>> Predictor: Training
2025-07-24 04:56:37 INFO     1000 5959 4.613744 69340.6
2025-07-24 05:10:08 INFO     2000 5959 4.591060 69184.5
2025-07-24 05:23:39 INFO     3000 5959 4.659938 69253.9
2025-07-24 05:36:48 INFO     4000 5959 4.627663 69340.6
2025-07-24 05:50:16 INFO     5000 5959 4.627941 69384.0
2025-07-24 06:02:31 INFO     >>>>> Predictor: Evaluating on valid
2025-07-24 06:05:41 INFO     Data : 2077
2025-07-24 06:05:41 INFO     Hit1 : 0.085701
2025-07-24 06:05:41 INFO     Hit3 : 0.181993
2025-07-24 06:05:41 INFO     Hit10: 0.312470
2025-07-24 06:05:41 INFO     MR   : 937.285508
2025-07-24 06:05:41 INFO     MRR  : 0.159088
2025-07-24 06:05:41 INFO     >>>>> Predictor: Evaluating on test
2025-07-24 06:09:38 INFO     Data : 2342
2025-07-24 06:09:38 INFO     Hit1 : 0.116567
2025-07-24 06:09:38 INFO     Hit3 : 0.208369
2025-07-24 06:09:38 INFO     Hit10: 0.316823
2025-07-24 06:09:38 INFO     MR   : 871.664176
2025-07-24 06:09:38 INFO     MRR  : 0.183667
2025-07-24 06:09:38 INFO     -------------------------
2025-07-24 06:09:38 INFO     | Iteration: 5/5
2025-07-24 06:09:38 INFO     -------------------------
2025-07-24 06:09:38 INFO     >>>>> Predictor: Training
2025-07-24 06:23:22 INFO     1000 5959 4.622458 69323.3
2025-07-24 06:36:54 INFO     2000 5959 4.606900 69332.0
2025-07-24 06:50:30 INFO     3000 5959 4.647475 69219.2
2025-07-24 07:03:42 INFO     4000 5959 4.635591 69297.3
2025-07-24 07:16:11 INFO     5000 5959 4.608011 69332.0
2025-07-24 07:27:11 INFO     >>>>> Predictor: Evaluating on valid
2025-07-24 07:30:14 INFO     Data : 2077
2025-07-24 07:30:14 INFO     Hit1 : 0.090034
2025-07-24 07:30:14 INFO     Hit3 : 0.182956
2025-07-24 07:30:14 INFO     Hit10: 0.316803
2025-07-24 07:30:14 INFO     MR   : 928.886134
2025-07-24 07:30:14 INFO     MRR  : 0.163714
2025-07-24 07:30:14 INFO     >>>>> Predictor: Evaluating on test
2025-07-24 07:33:30 INFO     Data : 2342
2025-07-24 07:33:30 INFO     Hit1 : 0.130231
2025-07-24 07:33:30 INFO     Hit3 : 0.207942
2025-07-24 07:33:30 INFO     Hit10: 0.324509
2025-07-24 07:33:30 INFO     MR   : 862.330487
2025-07-24 07:33:30 INFO     MRR  : 0.192131
2025-07-24 07:33:30 INFO     -------------------------
2025-07-24 07:33:30 INFO     | Final Test MRR: 0.185001
2025-07-24 07:33:30 INFO     -------------------------
