2025-07-09 06:30:27 INFO     is_soft_label: False
2025-07-09 06:30:27 INFO     is_scheduled_sampling: False
2025-07-09 06:30:27 INFO     is_test_mode: False
2025-07-09 06:30:27 INFO     Data loading | DONE!
2025-07-09 06:30:27 INFO     Using full datasets for training, validation, and testing.
2025-07-09 06:30:43 INFO     -------------------------
2025-07-09 06:30:43 INFO     | EM Iteration: 1/5
2025-07-09 06:30:43 INFO     -------------------------
2025-07-09 06:30:43 INFO     >>>>> Using miner's rule
2025-07-09 06:30:43 INFO     Predictor: read 13661 rules from list.
2025-07-09 06:30:44 INFO     Preprocess training set
2025-07-09 06:30:44 INFO     >>>>> Predictor: Evaluating on valid
2025-07-09 06:33:04 INFO     Data : 2077
2025-07-09 06:33:04 INFO     Hit1 : 0.065479
2025-07-09 06:33:04 INFO     Hit3 : 0.127106
2025-07-09 06:33:04 INFO     Hit10: 0.199326
2025-07-09 06:33:04 INFO     MR   : 1120.902022
2025-07-09 06:33:04 INFO     MRR  : 0.114382
2025-07-09 06:33:04 INFO     >>>>> Predictor: Evaluating on test
2025-07-09 06:35:42 INFO     Data : 2342
2025-07-09 06:35:42 INFO     Hit1 : 0.078992
2025-07-09 06:35:42 INFO     Hit3 : 0.124253
2025-07-09 06:35:42 INFO     Hit10: 0.208796
2025-07-09 06:35:42 INFO     MR   : 1044.269001
2025-07-09 06:35:42 INFO     MRR  : 0.122250
2025-07-09 06:35:42 INFO     >>>>> Predictor: Computing H scores of rules
2025-07-09 07:10:33 INFO     1000 5959
2025-07-09 07:46:04 INFO     2000 5959
2025-07-09 08:21:12 INFO     3000 5959
2025-07-09 08:56:28 INFO     4000 5959
2025-07-09 09:31:27 INFO     5000 5959
2025-07-09 10:07:24 INFO     >>>>> Generator: Training
2025-07-09 10:07:34 INFO     -------------------------
2025-07-09 10:07:34 INFO     | EM Iteration: 2/5
2025-07-09 10:07:34 INFO     -------------------------
2025-07-09 10:07:34 INFO     >>>>> Using Generator's sample rule
2025-07-09 10:07:34 INFO     >>>>> Generator: Rule generation with sampling
2025-07-09 10:07:35 INFO     Predictor: read 1910 rules from list.
2025-07-09 10:07:35 INFO     Preprocess training set
2025-07-09 10:07:35 INFO     >>>>> Predictor: Training
2025-07-09 10:08:43 INFO     1000 5959 8.778157 69314.6
2025-07-09 10:09:51 INFO     2000 5959 8.373362 69271.3
2025-07-09 10:10:59 INFO     3000 5959 8.155292 69245.2
2025-07-09 10:12:07 INFO     4000 5959 7.971729 69340.6
2025-07-09 10:13:15 INFO     5000 5959 7.795274 69340.6
2025-07-09 10:14:20 INFO     >>>>> Predictor: Evaluating on valid
2025-07-09 10:14:36 INFO     Data : 2077
2025-07-09 10:14:36 INFO     Hit1 : 0.018296
2025-07-09 10:14:36 INFO     Hit3 : 0.033221
2025-07-09 10:14:36 INFO     Hit10: 0.058257
2025-07-09 10:14:36 INFO     MR   : 1436.136013
2025-07-09 10:14:36 INFO     MRR  : 0.034028
2025-07-09 10:14:36 INFO     >>>>> Predictor: Evaluating on test
2025-07-09 10:14:54 INFO     Data : 2342
2025-07-09 10:14:54 INFO     Hit1 : 0.017079
2025-07-09 10:14:54 INFO     Hit3 : 0.033305
2025-07-09 10:14:54 INFO     Hit10: 0.060205
2025-07-09 10:14:54 INFO     MR   : 1332.858668
2025-07-09 10:14:54 INFO     MRR  : 0.034068
2025-07-09 10:14:54 INFO     >>>>> Predictor: Computing H scores of rules
2025-07-09 10:18:12 INFO     1000 5959
2025-07-09 10:21:31 INFO     2000 5959
2025-07-09 10:24:50 INFO     3000 5959
2025-07-09 10:28:09 INFO     4000 5959
2025-07-09 10:31:28 INFO     5000 5959
2025-07-09 10:34:41 INFO     >>>>> Generator: Training
2025-07-09 10:34:50 INFO     -------------------------
2025-07-09 10:34:50 INFO     | EM Iteration: 3/5
2025-07-09 10:34:50 INFO     -------------------------
2025-07-09 10:34:50 INFO     >>>>> Using Generator's sample rule
2025-07-09 10:34:50 INFO     >>>>> Generator: Rule generation with sampling
2025-07-09 10:34:50 INFO     Predictor: read 1911 rules from list.
2025-07-09 10:34:50 INFO     Preprocess training set
2025-07-09 10:34:50 INFO     >>>>> Predictor: Training
2025-07-09 10:35:58 INFO     1000 5959 8.801265 69332.0
2025-07-09 10:37:05 INFO     2000 5959 8.440395 69349.3
2025-07-09 10:38:13 INFO     3000 5959 8.212881 69184.5
2025-07-09 10:39:21 INFO     4000 5959 8.007957 69253.9
2025-07-09 10:40:29 INFO     5000 5959 7.911519 69332.0
2025-07-09 10:41:33 INFO     >>>>> Predictor: Evaluating on valid
2025-07-09 10:41:50 INFO     Data : 2077
2025-07-09 10:41:50 INFO     Hit1 : 0.013962
2025-07-09 10:41:50 INFO     Hit3 : 0.021666
2025-07-09 10:41:50 INFO     Hit10: 0.033221
2025-07-09 10:41:50 INFO     MR   : 1494.689215
2025-07-09 10:41:50 INFO     MRR  : 0.023842
2025-07-09 10:41:50 INFO     >>>>> Predictor: Evaluating on test
2025-07-09 10:42:08 INFO     Data : 2342
2025-07-09 10:42:08 INFO     Hit1 : 0.013664
2025-07-09 10:42:08 INFO     Hit3 : 0.019641
2025-07-09 10:42:08 INFO     Hit10: 0.028181
2025-07-09 10:42:08 INFO     MR   : 1378.732494
2025-07-09 10:42:08 INFO     MRR  : 0.022659
2025-07-09 10:42:08 INFO     >>>>> Predictor: Computing H scores of rules
2025-07-09 10:45:27 INFO     1000 5959
2025-07-09 10:48:46 INFO     2000 5959
2025-07-09 10:52:05 INFO     3000 5959
2025-07-09 10:55:24 INFO     4000 5959
2025-07-09 10:58:43 INFO     5000 5959
2025-07-09 11:01:56 INFO     >>>>> Generator: Training
2025-07-09 11:02:04 INFO     -------------------------
2025-07-09 11:02:04 INFO     | EM Iteration: 4/5
2025-07-09 11:02:04 INFO     -------------------------
2025-07-09 11:02:04 INFO     >>>>> Using Generator's sample rule
2025-07-09 11:02:04 INFO     >>>>> Generator: Rule generation with sampling
2025-07-09 11:02:05 INFO     Predictor: read 1928 rules from list.
2025-07-09 11:02:05 INFO     Preprocess training set
2025-07-09 11:02:05 INFO     >>>>> Predictor: Training
2025-07-09 11:03:13 INFO     1000 5959 8.787526 69271.3
2025-07-09 11:04:20 INFO     2000 5959 8.406225 69340.6
2025-07-09 11:05:29 INFO     3000 5959 8.140257 69384.0
2025-07-09 11:06:37 INFO     4000 5959 7.958239 69262.6
2025-07-09 11:07:45 INFO     5000 5959 7.799243 69332.0
2025-07-09 11:08:50 INFO     >>>>> Predictor: Evaluating on valid
2025-07-09 11:09:07 INFO     Data : 2077
2025-07-09 11:09:07 INFO     Hit1 : 0.010592
2025-07-09 11:09:07 INFO     Hit3 : 0.025036
2025-07-09 11:09:07 INFO     Hit10: 0.046702
2025-07-09 11:09:07 INFO     MR   : 1480.435243
2025-07-09 11:09:07 INFO     MRR  : 0.025936
2025-07-09 11:09:07 INFO     >>>>> Predictor: Evaluating on test
2025-07-09 11:09:25 INFO     Data : 2342
2025-07-09 11:09:25 INFO     Hit1 : 0.008967
2025-07-09 11:09:25 INFO     Hit3 : 0.020495
2025-07-09 11:09:25 INFO     Hit10: 0.041418
2025-07-09 11:09:25 INFO     MR   : 1366.691716
2025-07-09 11:09:25 INFO     MRR  : 0.023178
2025-07-09 11:09:25 INFO     >>>>> Predictor: Computing H scores of rules
2025-07-09 11:12:43 INFO     1000 5959
2025-07-09 11:16:02 INFO     2000 5959
2025-07-09 11:19:20 INFO     3000 5959
2025-07-09 11:22:39 INFO     4000 5959
2025-07-09 11:25:58 INFO     5000 5959
2025-07-09 11:29:11 INFO     >>>>> Generator: Training
2025-07-09 11:29:20 INFO     -------------------------
2025-07-09 11:29:20 INFO     | EM Iteration: 5/5
2025-07-09 11:29:20 INFO     -------------------------
2025-07-09 11:29:20 INFO     >>>>> Using Generator's sample rule
2025-07-09 11:29:20 INFO     >>>>> Generator: Rule generation with sampling
2025-07-09 11:29:20 INFO     Predictor: read 1954 rules from list.
2025-07-09 11:29:20 INFO     Preprocess training set
2025-07-09 11:29:20 INFO     >>>>> Predictor: Training
2025-07-09 11:30:30 INFO     1000 5959 8.823308 69332.0
2025-07-09 11:31:40 INFO     2000 5959 8.494090 69349.3
2025-07-09 11:32:50 INFO     3000 5959 8.288943 69340.6
2025-07-09 11:34:00 INFO     4000 5959 8.136858 69297.3
2025-07-09 11:35:09 INFO     5000 5959 8.034986 69219.2
2025-07-09 11:36:17 INFO     >>>>> Predictor: Evaluating on valid
2025-07-09 11:36:34 INFO     Data : 2077
2025-07-09 11:36:34 INFO     Hit1 : 0.024073
2025-07-09 11:36:34 INFO     Hit3 : 0.051035
2025-07-09 11:36:34 INFO     Hit10: 0.077997
2025-07-09 11:36:34 INFO     MR   : 1449.804526
2025-07-09 11:36:34 INFO     MRR  : 0.046191
2025-07-09 11:36:34 INFO     >>>>> Predictor: Evaluating on test
2025-07-09 11:36:53 INFO     Data : 2342
2025-07-09 11:36:53 INFO     Hit1 : 0.029035
2025-07-09 11:36:53 INFO     Hit3 : 0.052092
2025-07-09 11:36:53 INFO     Hit10: 0.077711
2025-07-09 11:36:53 INFO     MR   : 1350.263023
2025-07-09 11:36:53 INFO     MRR  : 0.049494
2025-07-09 11:36:53 INFO     >>>>> Predictor: Computing H scores of rules
2025-07-09 11:40:12 INFO     1000 5959
2025-07-09 11:43:32 INFO     2000 5959
2025-07-09 11:46:52 INFO     3000 5959
2025-07-09 11:50:11 INFO     4000 5959
2025-07-09 11:53:30 INFO     5000 5959
2025-07-09 11:56:43 INFO     >>>>> Generator: Training
2025-07-09 11:56:52 INFO     -------------------------
2025-07-09 11:56:52 INFO     | Post-train Generator
2025-07-09 11:56:52 INFO     -------------------------
2025-07-09 11:56:53 INFO     >>>>> Generator: Training
2025-07-09 11:58:25 INFO     [E01000] Total 2.969022 | Main 2.887865 | RelClus 1.704564 | EntType 2.848607
2025-07-09 11:58:25 INFO     -------------------------
2025-07-09 11:58:25 INFO     | Beam Search Best Rules
2025-07-09 11:58:25 INFO     -------------------------
2025-07-09 11:58:25 INFO     >>>>> Generator: Rule generation with beam search
2025-07-09 11:58:26 INFO     >>>>> Generator: Rule generation with beam search
2025-07-09 11:58:32 INFO     >>>>> Generator: Rule generation with beam search
2025-07-09 11:59:52 INFO     >>>>> Generator: Rule generation with beam search
2025-07-09 12:00:57 INFO     >>>>> Generator: Rule generation with beam search
2025-07-09 12:01:41 INFO     -------------------------
2025-07-09 12:01:41 INFO     | Train Final Predictor+
2025-07-09 12:01:41 INFO     -------------------------
2025-07-09 12:01:41 INFO     Predictor+: read 18420 rules from list.
2025-07-09 12:01:41 INFO     Preprocess training set
2025-07-09 12:01:41 INFO     -------------------------
2025-07-09 12:01:41 INFO     | Iteration: 1/5
2025-07-09 12:01:41 INFO     -------------------------
2025-07-09 12:01:41 INFO     >>>>> Predictor: Training
2025-07-09 12:06:49 INFO     1000 5959 4.896611 69271.3
2025-07-09 12:11:57 INFO     2000 5959 4.725199 69332.0
2025-07-09 12:17:04 INFO     3000 5959 4.706932 69375.3
2025-07-09 12:22:11 INFO     4000 5959 4.710523 69279.9
2025-07-09 12:27:17 INFO     5000 5959 4.679063 69349.3
2025-07-09 12:32:09 INFO     >>>>> Predictor: Evaluating on valid
2025-07-09 12:33:24 INFO     Data : 2077
2025-07-09 12:33:24 INFO     Hit1 : 0.098219
2025-07-09 12:33:24 INFO     Hit3 : 0.181993
2025-07-09 12:33:24 INFO     Hit10: 0.309100
2025-07-09 12:33:24 INFO     MR   : 983.092922
2025-07-09 12:33:24 INFO     MRR  : 0.166279
2025-07-09 12:33:24 INFO     >>>>> Predictor: Evaluating on test
2025-07-09 12:34:49 INFO     Data : 2342
2025-07-09 12:34:49 INFO     Hit1 : 0.126815
2025-07-09 12:34:49 INFO     Hit3 : 0.200256
2025-07-09 12:34:49 INFO     Hit10: 0.314688
2025-07-09 12:34:49 INFO     MR   : 921.542485
2025-07-09 12:34:49 INFO     MRR  : 0.188304
2025-07-09 12:34:49 INFO     Save checkpoint to results/semmeddb/10_times_each/cluster_k/3_20250709_063025/predictor.pt
2025-07-09 12:34:49 INFO     -------------------------
2025-07-09 12:34:49 INFO     | Iteration: 2/5
2025-07-09 12:34:49 INFO     -------------------------
2025-07-09 12:34:49 INFO     >>>>> Predictor: Training
2025-07-09 12:39:56 INFO     1000 5959 4.601490 69366.7
2025-07-09 12:45:03 INFO     2000 5959 4.649306 69375.3
2025-07-09 12:50:09 INFO     3000 5959 4.639378 69219.2
2025-07-09 12:55:17 INFO     4000 5959 4.651938 69305.9
2025-07-09 13:00:25 INFO     5000 5959 4.615319 69288.6
2025-07-09 13:05:18 INFO     >>>>> Predictor: Evaluating on valid
2025-07-09 13:06:34 INFO     Data : 2077
2025-07-09 13:06:34 INFO     Hit1 : 0.094848
2025-07-09 13:06:34 INFO     Hit3 : 0.187771
2025-07-09 13:06:34 INFO     Hit10: 0.315840
2025-07-09 13:06:34 INFO     MR   : 947.108089
2025-07-09 13:06:34 INFO     MRR  : 0.166966
2025-07-09 13:06:34 INFO     >>>>> Predictor: Evaluating on test
2025-07-09 13:07:59 INFO     Data : 2342
2025-07-09 13:07:59 INFO     Hit1 : 0.126815
2025-07-09 13:07:59 INFO     Hit3 : 0.214774
2025-07-09 13:07:59 INFO     Hit10: 0.320666
2025-07-09 13:07:59 INFO     MR   : 882.333049
2025-07-09 13:07:59 INFO     MRR  : 0.193258
2025-07-09 13:07:59 INFO     Save checkpoint to results/semmeddb/10_times_each/cluster_k/3_20250709_063025/predictor.pt
2025-07-09 13:07:59 INFO     -------------------------
2025-07-09 13:07:59 INFO     | Iteration: 3/5
2025-07-09 13:07:59 INFO     -------------------------
2025-07-09 13:07:59 INFO     >>>>> Predictor: Training
2025-07-09 13:13:06 INFO     1000 5959 4.615225 69288.6
2025-07-09 13:18:12 INFO     2000 5959 4.617069 69288.6
2025-07-09 13:23:20 INFO     3000 5959 4.605721 69340.6
2025-07-09 13:28:28 INFO     4000 5959 4.613065 69271.3
2025-07-09 13:33:36 INFO     5000 5959 4.635971 69219.2
2025-07-09 13:38:31 INFO     >>>>> Predictor: Evaluating on valid
2025-07-09 13:39:46 INFO     Data : 2077
2025-07-09 13:39:46 INFO     Hit1 : 0.090997
2025-07-09 13:39:46 INFO     Hit3 : 0.179586
2025-07-09 13:39:46 INFO     Hit10: 0.300433
2025-07-09 13:39:46 INFO     MR   : 936.147569
2025-07-09 13:39:46 INFO     MRR  : 0.159813
2025-07-09 13:39:46 INFO     >>>>> Predictor: Evaluating on test
2025-07-09 13:41:11 INFO     Data : 2342
2025-07-09 13:41:11 INFO     Hit1 : 0.116567
2025-07-09 13:41:11 INFO     Hit3 : 0.199829
2025-07-09 13:41:11 INFO     Hit10: 0.315542
2025-07-09 13:41:11 INFO     MR   : 863.817891
2025-07-09 13:41:11 INFO     MRR  : 0.181169
2025-07-09 13:41:11 INFO     -------------------------
2025-07-09 13:41:11 INFO     | Iteration: 4/5
2025-07-09 13:41:11 INFO     -------------------------
2025-07-09 13:41:11 INFO     >>>>> Predictor: Training
2025-07-09 13:46:18 INFO     1000 5959 4.592287 69340.6
2025-07-09 13:51:26 INFO     2000 5959 4.562536 69184.5
2025-07-09 13:56:33 INFO     3000 5959 4.623836 69253.9
2025-07-09 14:01:41 INFO     4000 5959 4.598983 69340.6
2025-07-09 14:06:49 INFO     5000 5959 4.597167 69384.0
2025-07-09 14:11:43 INFO     >>>>> Predictor: Evaluating on valid
2025-07-09 14:13:00 INFO     Data : 2077
2025-07-09 14:13:00 INFO     Hit1 : 0.099182
2025-07-09 14:13:00 INFO     Hit3 : 0.183919
2025-07-09 14:13:00 INFO     Hit10: 0.311026
2025-07-09 14:13:00 INFO     MR   : 932.523592
2025-07-09 14:13:00 INFO     MRR  : 0.167937
2025-07-09 14:13:00 INFO     >>>>> Predictor: Evaluating on test
2025-07-09 14:14:25 INFO     Data : 2342
2025-07-09 14:14:25 INFO     Hit1 : 0.125961
2025-07-09 14:14:25 INFO     Hit3 : 0.207515
2025-07-09 14:14:25 INFO     Hit10: 0.321520
2025-07-09 14:14:25 INFO     MR   : 860.564688
2025-07-09 14:14:25 INFO     MRR  : 0.189989
2025-07-09 14:14:25 INFO     Save checkpoint to results/semmeddb/10_times_each/cluster_k/3_20250709_063025/predictor.pt
2025-07-09 14:14:25 INFO     -------------------------
2025-07-09 14:14:25 INFO     | Iteration: 5/5
2025-07-09 14:14:25 INFO     -------------------------
2025-07-09 14:14:25 INFO     >>>>> Predictor: Training
2025-07-09 14:19:32 INFO     1000 5959 4.603545 69323.3
2025-07-09 14:24:38 INFO     2000 5959 4.582918 69332.0
2025-07-09 14:29:46 INFO     3000 5959 4.611630 69219.2
2025-07-09 14:34:55 INFO     4000 5959 4.608616 69297.3
2025-07-09 14:40:01 INFO     5000 5959 4.573464 69332.0
2025-07-09 14:44:55 INFO     >>>>> Predictor: Evaluating on valid
2025-07-09 14:46:10 INFO     Data : 2077
2025-07-09 14:46:10 INFO     Hit1 : 0.096293
2025-07-09 14:46:10 INFO     Hit3 : 0.179104
2025-07-09 14:46:10 INFO     Hit10: 0.315840
2025-07-09 14:46:10 INFO     MR   : 920.647328
2025-07-09 14:46:10 INFO     MRR  : 0.164560
2025-07-09 14:46:10 INFO     >>>>> Predictor: Evaluating on test
2025-07-09 14:47:35 INFO     Data : 2342
2025-07-09 14:47:35 INFO     Hit1 : 0.125107
2025-07-09 14:47:35 INFO     Hit3 : 0.207942
2025-07-09 14:47:35 INFO     Hit10: 0.321947
2025-07-09 14:47:35 INFO     MR   : 851.771776
2025-07-09 14:47:35 INFO     MRR  : 0.190812
2025-07-09 14:47:35 INFO     -------------------------
2025-07-09 14:47:35 INFO     | Final Test MRR: 0.189989
2025-07-09 14:47:35 INFO     -------------------------
