2025-07-19 19:59:00 INFO     is_soft_label: False
2025-07-19 19:59:00 INFO     is_scheduled_sampling: False
2025-07-19 19:59:00 INFO     is_test_mode: False
2025-07-19 19:59:00 INFO     Data loading | DONE!
2025-07-19 19:59:00 INFO     Using full datasets for training, validation, and testing.
2025-07-19 19:59:01 INFO     -------------------------
2025-07-19 19:59:01 INFO     | EM Iteration: 1/5
2025-07-19 19:59:01 INFO     -------------------------
2025-07-19 19:59:01 INFO     >>>>> Using miner's rule
2025-07-19 19:59:01 INFO     Predictor: read 13661 rules from list.
2025-07-19 19:59:02 INFO     Preprocess training set
2025-07-19 19:59:02 INFO     >>>>> Predictor: Evaluating on valid
2025-07-19 20:02:21 INFO     Data : 2077
2025-07-19 20:02:21 INFO     Hit1 : 0.065479
2025-07-19 20:02:21 INFO     Hit3 : 0.127106
2025-07-19 20:02:21 INFO     Hit10: 0.199326
2025-07-19 20:02:21 INFO     MR   : 1120.902022
2025-07-19 20:02:21 INFO     MRR  : 0.114382
2025-07-19 20:02:21 INFO     >>>>> Predictor: Evaluating on test
2025-07-19 20:06:04 INFO     Data : 2342
2025-07-19 20:06:04 INFO     Hit1 : 0.078992
2025-07-19 20:06:04 INFO     Hit3 : 0.124253
2025-07-19 20:06:04 INFO     Hit10: 0.208796
2025-07-19 20:06:04 INFO     MR   : 1044.269001
2025-07-19 20:06:04 INFO     MRR  : 0.122250
2025-07-19 20:06:04 INFO     >>>>> Predictor: Computing H scores of rules
2025-07-19 20:52:10 INFO     1000 5959
2025-07-19 21:39:10 INFO     2000 5959
2025-07-19 22:27:17 INFO     3000 5959
2025-07-19 23:15:48 INFO     4000 5959
2025-07-20 00:05:03 INFO     5000 5959
2025-07-20 00:53:46 INFO     >>>>> Generator: Training
2025-07-20 00:53:51 INFO     -------------------------
2025-07-20 00:53:51 INFO     | EM Iteration: 2/5
2025-07-20 00:53:51 INFO     -------------------------
2025-07-20 00:53:51 INFO     >>>>> Using Generator's sample rule
2025-07-20 00:53:51 INFO     >>>>> Generator: Rule generation with sampling
2025-07-20 00:53:51 INFO     Predictor: read 1900 rules from list.
2025-07-20 00:53:51 INFO     Preprocess training set
2025-07-20 00:53:51 INFO     >>>>> Predictor: Training
2025-07-20 00:55:23 INFO     1000 5959 8.795817 69314.6
2025-07-20 00:56:55 INFO     2000 5959 8.424737 69271.3
2025-07-20 00:58:27 INFO     3000 5959 8.224691 69245.2
2025-07-20 01:00:00 INFO     4000 5959 8.063707 69340.6
2025-07-20 01:01:34 INFO     5000 5959 7.904356 69340.6
2025-07-20 01:03:03 INFO     >>>>> Predictor: Evaluating on valid
2025-07-20 01:03:21 INFO     Data : 2077
2025-07-20 01:03:21 INFO     Hit1 : 0.015407
2025-07-20 01:03:21 INFO     Hit3 : 0.023592
2025-07-20 01:03:21 INFO     Hit10: 0.035147
2025-07-20 01:03:21 INFO     MR   : 1478.241454
2025-07-20 01:03:21 INFO     MRR  : 0.025902
2025-07-20 01:03:21 INFO     >>>>> Predictor: Evaluating on test
2025-07-20 01:03:40 INFO     Data : 2342
2025-07-20 01:03:40 INFO     Hit1 : 0.011529
2025-07-20 01:03:40 INFO     Hit3 : 0.017933
2025-07-20 01:03:40 INFO     Hit10: 0.029462
2025-07-20 01:03:40 INFO     MR   : 1374.103544
2025-07-20 01:03:40 INFO     MRR  : 0.021287
2025-07-20 01:03:40 INFO     >>>>> Predictor: Computing H scores of rules
2025-07-20 01:07:39 INFO     1000 5959
2025-07-20 01:11:39 INFO     2000 5959
2025-07-20 01:15:33 INFO     3000 5959
2025-07-20 01:19:21 INFO     4000 5959
2025-07-20 01:23:08 INFO     5000 5959
2025-07-20 01:26:49 INFO     >>>>> Generator: Training
2025-07-20 01:26:54 INFO     -------------------------
2025-07-20 01:26:54 INFO     | EM Iteration: 3/5
2025-07-20 01:26:54 INFO     -------------------------
2025-07-20 01:26:54 INFO     >>>>> Using Generator's sample rule
2025-07-20 01:26:54 INFO     >>>>> Generator: Rule generation with sampling
2025-07-20 01:26:54 INFO     Predictor: read 1916 rules from list.
2025-07-20 01:26:54 INFO     Preprocess training set
2025-07-20 01:26:54 INFO     >>>>> Predictor: Training
2025-07-20 01:28:28 INFO     1000 5959 8.820295 69332.0
2025-07-20 01:30:05 INFO     2000 5959 8.500766 69349.3
2025-07-20 01:31:40 INFO     3000 5959 8.308992 69184.5
2025-07-20 01:33:14 INFO     4000 5959 8.174524 69253.9
2025-07-20 01:34:45 INFO     5000 5959 8.100267 69332.0
2025-07-20 01:36:15 INFO     >>>>> Predictor: Evaluating on valid
2025-07-20 01:36:32 INFO     Data : 2077
2025-07-20 01:36:32 INFO     Hit1 : 0.009148
2025-07-20 01:36:32 INFO     Hit3 : 0.018777
2025-07-20 01:36:32 INFO     Hit10: 0.034184
2025-07-20 01:36:32 INFO     MR   : 1482.585941
2025-07-20 01:36:32 INFO     MRR  : 0.021228
2025-07-20 01:36:32 INFO     >>>>> Predictor: Evaluating on test
2025-07-20 01:36:51 INFO     Data : 2342
2025-07-20 01:36:51 INFO     Hit1 : 0.008113
2025-07-20 01:36:51 INFO     Hit3 : 0.013664
2025-07-20 01:36:51 INFO     Hit10: 0.027754
2025-07-20 01:36:51 INFO     MR   : 1378.045901
2025-07-20 01:36:51 INFO     MRR  : 0.018118
2025-07-20 01:36:51 INFO     >>>>> Predictor: Computing H scores of rules
2025-07-20 01:40:46 INFO     1000 5959
2025-07-20 01:44:42 INFO     2000 5959
2025-07-20 01:48:38 INFO     3000 5959
2025-07-20 01:52:34 INFO     4000 5959
2025-07-20 01:56:30 INFO     5000 5959
2025-07-20 02:00:20 INFO     >>>>> Generator: Training
2025-07-20 02:00:25 INFO     -------------------------
2025-07-20 02:00:25 INFO     | EM Iteration: 4/5
2025-07-20 02:00:25 INFO     -------------------------
2025-07-20 02:00:25 INFO     >>>>> Using Generator's sample rule
2025-07-20 02:00:25 INFO     >>>>> Generator: Rule generation with sampling
2025-07-20 02:00:25 INFO     Predictor: read 1951 rules from list.
2025-07-20 02:00:25 INFO     Preprocess training set
2025-07-20 02:00:25 INFO     >>>>> Predictor: Training
2025-07-20 02:02:02 INFO     1000 5959 8.809383 69271.3
2025-07-20 02:03:37 INFO     2000 5959 8.460698 69340.6
2025-07-20 02:05:13 INFO     3000 5959 8.235963 69384.0
2025-07-20 02:06:45 INFO     4000 5959 8.096743 69262.6
2025-07-20 02:08:12 INFO     5000 5959 7.972658 69332.0
2025-07-20 02:09:45 INFO     >>>>> Predictor: Evaluating on valid
2025-07-20 02:10:04 INFO     Data : 2077
2025-07-20 02:10:04 INFO     Hit1 : 0.019259
2025-07-20 02:10:04 INFO     Hit3 : 0.035628
2025-07-20 02:10:04 INFO     Hit10: 0.055368
2025-07-20 02:10:04 INFO     MR   : 1457.752528
2025-07-20 02:10:04 INFO     MRR  : 0.035361
2025-07-20 02:10:04 INFO     >>>>> Predictor: Evaluating on test
2025-07-20 02:10:26 INFO     Data : 2342
2025-07-20 02:10:26 INFO     Hit1 : 0.022630
2025-07-20 02:10:26 INFO     Hit3 : 0.039710
2025-07-20 02:10:26 INFO     Hit10: 0.054654
2025-07-20 02:10:26 INFO     MR   : 1353.478437
2025-07-20 02:10:26 INFO     MRR  : 0.037821
2025-07-20 02:10:26 INFO     >>>>> Predictor: Computing H scores of rules
2025-07-20 02:14:30 INFO     1000 5959
2025-07-20 02:18:32 INFO     2000 5959
2025-07-20 02:22:26 INFO     3000 5959
2025-07-20 02:26:21 INFO     4000 5959
2025-07-20 02:30:22 INFO     5000 5959
2025-07-20 02:34:09 INFO     >>>>> Generator: Training
2025-07-20 02:34:14 INFO     -------------------------
2025-07-20 02:34:14 INFO     | EM Iteration: 5/5
2025-07-20 02:34:14 INFO     -------------------------
2025-07-20 02:34:14 INFO     >>>>> Using Generator's sample rule
2025-07-20 02:34:14 INFO     >>>>> Generator: Rule generation with sampling
2025-07-20 02:34:14 INFO     Predictor: read 1967 rules from list.
2025-07-20 02:34:14 INFO     Preprocess training set
2025-07-20 02:34:14 INFO     >>>>> Predictor: Training
2025-07-20 02:35:47 INFO     1000 5959 8.817447 69332.0
2025-07-20 02:37:15 INFO     2000 5959 8.470280 69349.3
2025-07-20 02:38:53 INFO     3000 5959 8.261555 69340.6
2025-07-20 02:40:32 INFO     4000 5959 8.134668 69297.3
2025-07-20 02:42:12 INFO     5000 5959 8.048097 69219.2
2025-07-20 02:43:46 INFO     >>>>> Predictor: Evaluating on valid
2025-07-20 02:44:04 INFO     Data : 2077
2025-07-20 02:44:04 INFO     Hit1 : 0.006740
2025-07-20 02:44:04 INFO     Hit3 : 0.017333
2025-07-20 02:44:04 INFO     Hit10: 0.041406
2025-07-20 02:44:04 INFO     MR   : 1513.288878
2025-07-20 02:44:04 INFO     MRR  : 0.020570
2025-07-20 02:44:04 INFO     >>>>> Predictor: Evaluating on test
2025-07-20 02:44:23 INFO     Data : 2342
2025-07-20 02:44:23 INFO     Hit1 : 0.004270
2025-07-20 02:44:23 INFO     Hit3 : 0.012810
2025-07-20 02:44:23 INFO     Hit10: 0.030316
2025-07-20 02:44:23 INFO     MR   : 1389.672289
2025-07-20 02:44:23 INFO     MRR  : 0.016151
2025-07-20 02:44:23 INFO     >>>>> Predictor: Computing H scores of rules
2025-07-20 02:48:22 INFO     1000 5959
2025-07-20 02:52:24 INFO     2000 5959
2025-07-20 02:56:21 INFO     3000 5959
2025-07-20 03:00:19 INFO     4000 5959
2025-07-20 03:04:16 INFO     5000 5959
2025-07-20 03:08:06 INFO     >>>>> Generator: Training
2025-07-20 03:08:11 INFO     -------------------------
2025-07-20 03:08:11 INFO     | Post-train Generator
2025-07-20 03:08:11 INFO     -------------------------
2025-07-20 03:08:12 INFO     >>>>> Generator: Training
2025-07-20 03:09:02 INFO     [E01000] Total 3.589713 | Main 3.215151 | EntType 3.151969
2025-07-20 03:09:02 INFO     -------------------------
2025-07-20 03:09:02 INFO     | Beam Search Best Rules
2025-07-20 03:09:02 INFO     -------------------------
2025-07-20 03:09:02 INFO     >>>>> Generator: Rule generation with beam search
2025-07-20 03:09:03 INFO     >>>>> Generator: Rule generation with beam search
2025-07-20 03:09:11 INFO     >>>>> Generator: Rule generation with beam search
2025-07-20 03:10:50 INFO     >>>>> Generator: Rule generation with beam search
2025-07-20 03:12:13 INFO     >>>>> Generator: Rule generation with beam search
2025-07-20 03:13:10 INFO     -------------------------
2025-07-20 03:13:10 INFO     | Train Final Predictor+
2025-07-20 03:13:10 INFO     -------------------------
2025-07-20 03:13:10 INFO     Predictor+: read 18420 rules from list.
2025-07-20 03:13:10 INFO     Preprocess training set
2025-07-20 03:13:10 INFO     -------------------------
2025-07-20 03:13:10 INFO     | Iteration: 1/5
2025-07-20 03:13:10 INFO     -------------------------
2025-07-20 03:13:10 INFO     >>>>> Predictor: Training
2025-07-20 03:20:54 INFO     1000 5959 4.896391 69271.3
2025-07-20 03:28:33 INFO     2000 5959 4.725212 69332.0
2025-07-20 03:36:14 INFO     3000 5959 4.707239 69375.3
2025-07-20 03:43:52 INFO     4000 5959 4.708664 69279.9
2025-07-20 03:51:30 INFO     5000 5959 4.679628 69349.3
2025-07-20 03:58:50 INFO     >>>>> Predictor: Evaluating on valid
2025-07-20 04:00:42 INFO     Data : 2077
2025-07-20 04:00:42 INFO     Hit1 : 0.104959
2025-07-20 04:00:42 INFO     Hit3 : 0.190660
2025-07-20 04:00:42 INFO     Hit10: 0.317285
2025-07-20 04:00:42 INFO     MR   : 982.114588
2025-07-20 04:00:42 INFO     MRR  : 0.172975
2025-07-20 04:00:42 INFO     >>>>> Predictor: Evaluating on test
2025-07-20 04:02:48 INFO     Data : 2342
2025-07-20 04:02:48 INFO     Hit1 : 0.129804
2025-07-20 04:02:48 INFO     Hit3 : 0.209223
2025-07-20 04:02:48 INFO     Hit10: 0.319812
2025-07-20 04:02:48 INFO     MR   : 917.561486
2025-07-20 04:02:48 INFO     MRR  : 0.191646
2025-07-20 04:02:48 INFO     Save checkpoint to results/semmeddb/10_times_each/aux2/3_20250719_195857/predictor.pt
2025-07-20 04:02:48 INFO     -------------------------
2025-07-20 04:02:48 INFO     | Iteration: 2/5
2025-07-20 04:02:48 INFO     -------------------------
2025-07-20 04:02:48 INFO     >>>>> Predictor: Training
2025-07-20 04:10:24 INFO     1000 5959 4.603591 69366.7
2025-07-20 04:18:17 INFO     2000 5959 4.651674 69375.3
2025-07-20 04:26:17 INFO     3000 5959 4.639605 69219.2
2025-07-20 04:34:16 INFO     4000 5959 4.651201 69305.9
2025-07-20 04:41:58 INFO     5000 5959 4.620293 69288.6
2025-07-20 04:49:33 INFO     >>>>> Predictor: Evaluating on valid
2025-07-20 04:51:29 INFO     Data : 2077
2025-07-20 04:51:29 INFO     Hit1 : 0.096293
2025-07-20 04:51:29 INFO     Hit3 : 0.187771
2025-07-20 04:51:29 INFO     Hit10: 0.318729
2025-07-20 04:51:29 INFO     MR   : 942.174290
2025-07-20 04:51:29 INFO     MRR  : 0.166814
2025-07-20 04:51:29 INFO     >>>>> Predictor: Evaluating on test
2025-07-20 04:53:38 INFO     Data : 2342
2025-07-20 04:53:38 INFO     Hit1 : 0.128096
2025-07-20 04:53:38 INFO     Hit3 : 0.203245
2025-07-20 04:53:38 INFO     Hit10: 0.316396
2025-07-20 04:53:38 INFO     MR   : 877.375961
2025-07-20 04:53:38 INFO     MRR  : 0.190006
2025-07-20 04:53:38 INFO     -------------------------
2025-07-20 04:53:38 INFO     | Iteration: 3/5
2025-07-20 04:53:38 INFO     -------------------------
2025-07-20 04:53:38 INFO     >>>>> Predictor: Training
2025-07-20 05:01:35 INFO     1000 5959 4.614267 69288.6
2025-07-20 05:09:39 INFO     2000 5959 4.617807 69288.6
2025-07-20 05:17:22 INFO     3000 5959 4.608687 69340.6
2025-07-20 05:25:09 INFO     4000 5959 4.616208 69271.3
2025-07-20 05:32:51 INFO     5000 5959 4.637880 69219.2
2025-07-20 05:40:10 INFO     >>>>> Predictor: Evaluating on valid
2025-07-20 05:42:04 INFO     Data : 2077
2025-07-20 05:42:04 INFO     Hit1 : 0.089071
2025-07-20 05:42:04 INFO     Hit3 : 0.180067
2025-07-20 05:42:04 INFO     Hit10: 0.300915
2025-07-20 05:42:04 INFO     MR   : 945.333414
2025-07-20 05:42:04 INFO     MRR  : 0.160006
2025-07-20 05:42:04 INFO     >>>>> Predictor: Evaluating on test
2025-07-20 05:44:11 INFO     Data : 2342
2025-07-20 05:44:11 INFO     Hit1 : 0.116140
2025-07-20 05:44:11 INFO     Hit3 : 0.197267
2025-07-20 05:44:11 INFO     Hit10: 0.313834
2025-07-20 05:44:11 INFO     MR   : 869.876601
2025-07-20 05:44:11 INFO     MRR  : 0.180796
2025-07-20 05:44:11 INFO     -------------------------
2025-07-20 05:44:11 INFO     | Iteration: 4/5
2025-07-20 05:44:11 INFO     -------------------------
2025-07-20 05:44:11 INFO     >>>>> Predictor: Training
2025-07-20 05:51:57 INFO     1000 5959 4.593505 69340.6
2025-07-20 05:59:35 INFO     2000 5959 4.561816 69184.5
2025-07-20 06:07:14 INFO     3000 5959 4.622637 69253.9
2025-07-20 06:15:02 INFO     4000 5959 4.601997 69340.6
2025-07-20 06:23:01 INFO     5000 5959 4.596630 69384.0
2025-07-20 06:30:35 INFO     >>>>> Predictor: Evaluating on valid
2025-07-20 06:32:27 INFO     Data : 2077
2025-07-20 06:32:27 INFO     Hit1 : 0.100626
2025-07-20 06:32:27 INFO     Hit3 : 0.188252
2025-07-20 06:32:27 INFO     Hit10: 0.312470
2025-07-20 06:32:27 INFO     MR   : 923.337265
2025-07-20 06:32:27 INFO     MRR  : 0.168298
2025-07-20 06:32:27 INFO     >>>>> Predictor: Evaluating on test
2025-07-20 06:34:34 INFO     Data : 2342
2025-07-20 06:34:34 INFO     Hit1 : 0.128096
2025-07-20 06:34:34 INFO     Hit3 : 0.210931
2025-07-20 06:34:34 INFO     Hit10: 0.320239
2025-07-20 06:34:34 INFO     MR   : 854.700043
2025-07-20 06:34:34 INFO     MRR  : 0.191462
2025-07-20 06:34:34 INFO     -------------------------
2025-07-20 06:34:34 INFO     | Iteration: 5/5
2025-07-20 06:34:34 INFO     -------------------------
2025-07-20 06:34:34 INFO     >>>>> Predictor: Training
2025-07-20 06:42:18 INFO     1000 5959 4.603218 69323.3
2025-07-20 06:49:58 INFO     2000 5959 4.584079 69332.0
2025-07-20 06:57:55 INFO     3000 5959 4.615084 69219.2
2025-07-20 07:05:46 INFO     4000 5959 4.609111 69297.3
2025-07-20 07:13:20 INFO     5000 5959 4.573886 69332.0
2025-07-20 07:20:37 INFO     >>>>> Predictor: Evaluating on valid
2025-07-20 07:22:29 INFO     Data : 2077
2025-07-20 07:22:29 INFO     Hit1 : 0.092922
2025-07-20 07:22:29 INFO     Hit3 : 0.181512
2025-07-20 07:22:29 INFO     Hit10: 0.312951
2025-07-20 07:22:29 INFO     MR   : 915.266490
2025-07-20 07:22:29 INFO     MRR  : 0.163033
2025-07-20 07:22:29 INFO     >>>>> Predictor: Evaluating on test
2025-07-20 07:24:34 INFO     Data : 2342
2025-07-20 07:24:34 INFO     Hit1 : 0.129377
2025-07-20 07:24:34 INFO     Hit3 : 0.204953
2025-07-20 07:24:34 INFO     Hit10: 0.312553
2025-07-20 07:24:34 INFO     MR   : 848.318958
2025-07-20 07:24:34 INFO     MRR  : 0.191077
2025-07-20 07:24:34 INFO     -------------------------
2025-07-20 07:24:34 INFO     | Final Test MRR: 0.191646
2025-07-20 07:24:34 INFO     -------------------------
