2025-07-10 12:13:24 INFO     is_soft_label: False
2025-07-10 12:13:24 INFO     is_scheduled_sampling: False
2025-07-10 12:13:24 INFO     is_test_mode: False
2025-07-10 12:13:24 INFO     Data loading | DONE!
2025-07-10 12:13:24 INFO     Using full datasets for training, validation, and testing.
2025-07-10 12:13:24 INFO     -------------------------
2025-07-10 12:13:24 INFO     | EM Iteration: 1/5
2025-07-10 12:13:24 INFO     -------------------------
2025-07-10 12:13:24 INFO     >>>>> Using miner's rule
2025-07-10 12:13:25 INFO     Predictor: read 13661 rules from list.
2025-07-10 12:13:25 INFO     Preprocess training set
2025-07-10 12:13:25 INFO     >>>>> Predictor: Evaluating on valid
2025-07-10 12:15:19 INFO     Data : 2077
2025-07-10 12:15:19 INFO     Hit1 : 0.065479
2025-07-10 12:15:19 INFO     Hit3 : 0.127106
2025-07-10 12:15:19 INFO     Hit10: 0.199326
2025-07-10 12:15:19 INFO     MR   : 1120.902022
2025-07-10 12:15:19 INFO     MRR  : 0.114382
2025-07-10 12:15:19 INFO     >>>>> Predictor: Evaluating on test
2025-07-10 12:17:28 INFO     Data : 2342
2025-07-10 12:17:28 INFO     Hit1 : 0.078992
2025-07-10 12:17:28 INFO     Hit3 : 0.124253
2025-07-10 12:17:28 INFO     Hit10: 0.208796
2025-07-10 12:17:28 INFO     MR   : 1044.269001
2025-07-10 12:17:28 INFO     MRR  : 0.122250
2025-07-10 12:17:28 INFO     >>>>> Predictor: Computing H scores of rules
2025-07-10 12:45:15 INFO     1000 5959
2025-07-10 13:13:33 INFO     2000 5959
2025-07-10 13:41:36 INFO     3000 5959
2025-07-10 14:10:10 INFO     4000 5959
2025-07-10 14:38:31 INFO     5000 5959
2025-07-10 15:07:09 INFO     >>>>> Generator: Training
2025-07-10 15:07:13 INFO     -------------------------
2025-07-10 15:07:13 INFO     | EM Iteration: 2/5
2025-07-10 15:07:13 INFO     -------------------------
2025-07-10 15:07:13 INFO     >>>>> Using Generator's sample rule
2025-07-10 15:07:13 INFO     >>>>> Generator: Rule generation with sampling
2025-07-10 15:07:13 INFO     Predictor: read 1910 rules from list.
2025-07-10 15:07:13 INFO     Preprocess training set
2025-07-10 15:07:13 INFO     >>>>> Predictor: Training
2025-07-10 15:08:00 INFO     1000 5959 8.782325 69314.6
2025-07-10 15:08:48 INFO     2000 5959 8.410056 69271.3
2025-07-10 15:09:36 INFO     3000 5959 8.219226 69245.2
2025-07-10 15:10:25 INFO     4000 5959 8.065491 69340.6
2025-07-10 15:11:13 INFO     5000 5959 7.941079 69340.6
2025-07-10 15:11:59 INFO     >>>>> Predictor: Evaluating on valid
2025-07-10 15:12:09 INFO     Data : 2077
2025-07-10 15:12:09 INFO     Hit1 : 0.025036
2025-07-10 15:12:09 INFO     Hit3 : 0.040924
2025-07-10 15:12:09 INFO     Hit10: 0.064035
2025-07-10 15:12:09 INFO     MR   : 1408.811748
2025-07-10 15:12:09 INFO     MRR  : 0.041152
2025-07-10 15:12:09 INFO     >>>>> Predictor: Evaluating on test
2025-07-10 15:12:20 INFO     Data : 2342
2025-07-10 15:12:20 INFO     Hit1 : 0.019641
2025-07-10 15:12:20 INFO     Hit3 : 0.030743
2025-07-10 15:12:20 INFO     Hit10: 0.056362
2025-07-10 15:12:20 INFO     MR   : 1317.984629
2025-07-10 15:12:20 INFO     MRR  : 0.034765
2025-07-10 15:12:20 INFO     >>>>> Predictor: Computing H scores of rules
2025-07-10 15:14:34 INFO     1000 5959
2025-07-10 15:16:47 INFO     2000 5959
2025-07-10 15:19:00 INFO     3000 5959
2025-07-10 15:21:13 INFO     4000 5959
2025-07-10 15:23:26 INFO     5000 5959
2025-07-10 15:25:36 INFO     >>>>> Generator: Training
2025-07-10 15:25:40 INFO     -------------------------
2025-07-10 15:25:40 INFO     | EM Iteration: 3/5
2025-07-10 15:25:40 INFO     -------------------------
2025-07-10 15:25:40 INFO     >>>>> Using Generator's sample rule
2025-07-10 15:25:40 INFO     >>>>> Generator: Rule generation with sampling
2025-07-10 15:25:40 INFO     Predictor: read 1896 rules from list.
2025-07-10 15:25:40 INFO     Preprocess training set
2025-07-10 15:25:40 INFO     >>>>> Predictor: Training
2025-07-10 15:26:26 INFO     1000 5959 8.811197 69332.0
2025-07-10 15:27:12 INFO     2000 5959 8.473411 69349.3
2025-07-10 15:27:59 INFO     3000 5959 8.261821 69184.5
2025-07-10 15:28:47 INFO     4000 5959 8.093503 69253.9
2025-07-10 15:29:34 INFO     5000 5959 8.000298 69332.0
2025-07-10 15:30:19 INFO     >>>>> Predictor: Evaluating on valid
2025-07-10 15:30:29 INFO     Data : 2077
2025-07-10 15:30:29 INFO     Hit1 : 0.010111
2025-07-10 15:30:29 INFO     Hit3 : 0.025036
2025-07-10 15:30:29 INFO     Hit10: 0.050072
2025-07-10 15:30:29 INFO     MR   : 1451.096533
2025-07-10 15:30:29 INFO     MRR  : 0.026038
2025-07-10 15:30:29 INFO     >>>>> Predictor: Evaluating on test
2025-07-10 15:30:39 INFO     Data : 2342
2025-07-10 15:30:39 INFO     Hit1 : 0.014518
2025-07-10 15:30:39 INFO     Hit3 : 0.026046
2025-07-10 15:30:39 INFO     Hit10: 0.048249
2025-07-10 15:30:39 INFO     MR   : 1341.749360
2025-07-10 15:30:39 INFO     MRR  : 0.028313
2025-07-10 15:30:39 INFO     >>>>> Predictor: Computing H scores of rules
2025-07-10 15:32:54 INFO     1000 5959
2025-07-10 15:35:08 INFO     2000 5959
2025-07-10 15:37:23 INFO     3000 5959
2025-07-10 15:39:38 INFO     4000 5959
2025-07-10 15:41:54 INFO     5000 5959
2025-07-10 15:44:05 INFO     >>>>> Generator: Training
2025-07-10 15:44:09 INFO     -------------------------
2025-07-10 15:44:09 INFO     | EM Iteration: 4/5
2025-07-10 15:44:09 INFO     -------------------------
2025-07-10 15:44:09 INFO     >>>>> Using Generator's sample rule
2025-07-10 15:44:09 INFO     >>>>> Generator: Rule generation with sampling
2025-07-10 15:44:09 INFO     Predictor: read 1934 rules from list.
2025-07-10 15:44:09 INFO     Preprocess training set
2025-07-10 15:44:09 INFO     >>>>> Predictor: Training
2025-07-10 15:44:57 INFO     1000 5959 8.802737 69271.3
2025-07-10 15:45:45 INFO     2000 5959 8.436243 69340.6
2025-07-10 15:46:33 INFO     3000 5959 8.194957 69384.0
2025-07-10 15:47:21 INFO     4000 5959 8.041632 69262.6
2025-07-10 15:48:08 INFO     5000 5959 7.903123 69332.0
2025-07-10 15:48:54 INFO     >>>>> Predictor: Evaluating on valid
2025-07-10 15:49:04 INFO     Data : 2077
2025-07-10 15:49:04 INFO     Hit1 : 0.001444
2025-07-10 15:49:04 INFO     Hit3 : 0.004333
2025-07-10 15:49:04 INFO     Hit10: 0.014444
2025-07-10 15:49:04 INFO     MR   : 1510.703900
2025-07-10 15:49:04 INFO     MRR  : 0.009332
2025-07-10 15:49:04 INFO     >>>>> Predictor: Evaluating on test
2025-07-10 15:49:15 INFO     Data : 2342
2025-07-10 15:49:15 INFO     Hit1 : 0.001281
2025-07-10 15:49:15 INFO     Hit3 : 0.008540
2025-07-10 15:49:15 INFO     Hit10: 0.017933
2025-07-10 15:49:15 INFO     MR   : 1399.617635
2025-07-10 15:49:15 INFO     MRR  : 0.010699
2025-07-10 15:49:15 INFO     >>>>> Predictor: Computing H scores of rules
2025-07-10 15:51:31 INFO     1000 5959
2025-07-10 15:53:47 INFO     2000 5959
2025-07-10 15:56:04 INFO     3000 5959
2025-07-10 15:58:24 INFO     4000 5959
2025-07-10 16:00:43 INFO     5000 5959
2025-07-10 16:02:55 INFO     >>>>> Generator: Training
2025-07-10 16:02:59 INFO     -------------------------
2025-07-10 16:02:59 INFO     | EM Iteration: 5/5
2025-07-10 16:02:59 INFO     -------------------------
2025-07-10 16:02:59 INFO     >>>>> Using Generator's sample rule
2025-07-10 16:02:59 INFO     >>>>> Generator: Rule generation with sampling
2025-07-10 16:02:59 INFO     Predictor: read 1974 rules from list.
2025-07-10 16:02:59 INFO     Preprocess training set
2025-07-10 16:02:59 INFO     >>>>> Predictor: Training
2025-07-10 16:03:47 INFO     1000 5959 8.829779 69332.0
2025-07-10 16:04:36 INFO     2000 5959 8.508991 69349.3
2025-07-10 16:05:25 INFO     3000 5959 8.317712 69340.6
2025-07-10 16:06:13 INFO     4000 5959 8.183019 69297.3
2025-07-10 16:07:02 INFO     5000 5959 8.065172 69219.2
2025-07-10 16:07:50 INFO     >>>>> Predictor: Evaluating on valid
2025-07-10 16:08:00 INFO     Data : 2077
2025-07-10 16:08:00 INFO     Hit1 : 0.010111
2025-07-10 16:08:00 INFO     Hit3 : 0.019740
2025-07-10 16:08:00 INFO     Hit10: 0.038036
2025-07-10 16:08:00 INFO     MR   : 1523.251324
2025-07-10 16:08:00 INFO     MRR  : 0.022905
2025-07-10 16:08:00 INFO     >>>>> Predictor: Evaluating on test
2025-07-10 16:08:11 INFO     Data : 2342
2025-07-10 16:08:11 INFO     Hit1 : 0.009821
2025-07-10 16:08:11 INFO     Hit3 : 0.020068
2025-07-10 16:08:11 INFO     Hit10: 0.037575
2025-07-10 16:08:11 INFO     MR   : 1398.325790
2025-07-10 16:08:11 INFO     MRR  : 0.022728
2025-07-10 16:08:11 INFO     >>>>> Predictor: Computing H scores of rules
2025-07-10 16:10:31 INFO     1000 5959
2025-07-10 16:12:50 INFO     2000 5959
2025-07-10 16:15:09 INFO     3000 5959
2025-07-10 16:17:29 INFO     4000 5959
2025-07-10 16:19:49 INFO     5000 5959
2025-07-10 16:22:05 INFO     >>>>> Generator: Training
2025-07-10 16:22:09 INFO     -------------------------
2025-07-10 16:22:09 INFO     | Post-train Generator
2025-07-10 16:22:09 INFO     -------------------------
2025-07-10 16:22:10 INFO     >>>>> Generator: Training
2025-07-10 16:22:49 INFO     [E01000] Total 3.103626 | Main 3.058703 | RelClus 2.321141 | EntType 2.898398
2025-07-10 16:22:49 INFO     -------------------------
2025-07-10 16:22:49 INFO     | Beam Search Best Rules
2025-07-10 16:22:49 INFO     -------------------------
2025-07-10 16:22:49 INFO     >>>>> Generator: Rule generation with beam search
2025-07-10 16:22:49 INFO     >>>>> Generator: Rule generation with beam search
2025-07-10 16:22:54 INFO     >>>>> Generator: Rule generation with beam search
2025-07-10 16:23:58 INFO     >>>>> Generator: Rule generation with beam search
2025-07-10 16:24:51 INFO     >>>>> Generator: Rule generation with beam search
2025-07-10 16:25:27 INFO     -------------------------
2025-07-10 16:25:27 INFO     | Train Final Predictor+
2025-07-10 16:25:27 INFO     -------------------------
2025-07-10 16:25:27 INFO     Predictor+: read 18420 rules from list.
2025-07-10 16:25:27 INFO     Preprocess training set
2025-07-10 16:25:27 INFO     -------------------------
2025-07-10 16:25:27 INFO     | Iteration: 1/5
2025-07-10 16:25:27 INFO     -------------------------
2025-07-10 16:25:27 INFO     >>>>> Predictor: Training
2025-07-10 16:29:45 INFO     1000 5959 4.899696 69271.3
2025-07-10 16:34:03 INFO     2000 5959 4.722531 69332.0
2025-07-10 16:38:21 INFO     3000 5959 4.709397 69375.3
2025-07-10 16:42:40 INFO     4000 5959 4.712098 69279.9
2025-07-10 16:46:56 INFO     5000 5959 4.682209 69349.3
2025-07-10 16:50:55 INFO     >>>>> Predictor: Evaluating on valid
2025-07-10 16:51:58 INFO     Data : 2077
2025-07-10 16:51:58 INFO     Hit1 : 0.099663
2025-07-10 16:51:58 INFO     Hit3 : 0.182956
2025-07-10 16:51:58 INFO     Hit10: 0.314877
2025-07-10 16:51:58 INFO     MR   : 985.876023
2025-07-10 16:51:58 INFO     MRR  : 0.168475
2025-07-10 16:51:58 INFO     >>>>> Predictor: Evaluating on test
2025-07-10 16:53:10 INFO     Data : 2342
2025-07-10 16:53:10 INFO     Hit1 : 0.129804
2025-07-10 16:53:10 INFO     Hit3 : 0.205380
2025-07-10 16:53:10 INFO     Hit10: 0.314688
2025-07-10 16:53:10 INFO     MR   : 920.283518
2025-07-10 16:53:10 INFO     MRR  : 0.191115
2025-07-10 16:53:10 INFO     Save checkpoint to results/semmeddb/10_times_each/cluster_k/7_20250710_121323/predictor.pt
2025-07-10 16:53:10 INFO     -------------------------
2025-07-10 16:53:10 INFO     | Iteration: 2/5
2025-07-10 16:53:10 INFO     -------------------------
2025-07-10 16:53:10 INFO     >>>>> Predictor: Training
2025-07-10 16:57:26 INFO     1000 5959 4.602087 69366.7
2025-07-10 17:01:40 INFO     2000 5959 4.652367 69375.3
2025-07-10 17:05:51 INFO     3000 5959 4.643194 69219.2
2025-07-10 17:10:01 INFO     4000 5959 4.652533 69305.9
2025-07-10 17:14:12 INFO     5000 5959 4.619806 69288.6
2025-07-10 17:18:13 INFO     >>>>> Predictor: Evaluating on valid
2025-07-10 17:19:15 INFO     Data : 2077
2025-07-10 17:19:15 INFO     Hit1 : 0.094848
2025-07-10 17:19:15 INFO     Hit3 : 0.187289
2025-07-10 17:19:15 INFO     Hit10: 0.315359
2025-07-10 17:19:15 INFO     MR   : 951.714251
2025-07-10 17:19:15 INFO     MRR  : 0.166250
2025-07-10 17:19:15 INFO     >>>>> Predictor: Evaluating on test
2025-07-10 17:20:25 INFO     Data : 2342
2025-07-10 17:20:25 INFO     Hit1 : 0.125107
2025-07-10 17:20:25 INFO     Hit3 : 0.210504
2025-07-10 17:20:25 INFO     Hit10: 0.320666
2025-07-10 17:20:25 INFO     MR   : 882.649658
2025-07-10 17:20:25 INFO     MRR  : 0.189845
2025-07-10 17:20:25 INFO     -------------------------
2025-07-10 17:20:25 INFO     | Iteration: 3/5
2025-07-10 17:20:25 INFO     -------------------------
2025-07-10 17:20:25 INFO     >>>>> Predictor: Training
2025-07-10 17:24:35 INFO     1000 5959 4.617591 69288.6
2025-07-10 17:28:47 INFO     2000 5959 4.619127 69288.6
2025-07-10 17:33:01 INFO     3000 5959 4.609882 69340.6
2025-07-10 17:37:18 INFO     4000 5959 4.617531 69271.3
2025-07-10 17:41:33 INFO     5000 5959 4.639622 69219.2
2025-07-10 17:45:37 INFO     >>>>> Predictor: Evaluating on valid
2025-07-10 17:46:40 INFO     Data : 2077
2025-07-10 17:46:40 INFO     Hit1 : 0.087626
2025-07-10 17:46:40 INFO     Hit3 : 0.176216
2025-07-10 17:46:40 INFO     Hit10: 0.298989
2025-07-10 17:46:40 INFO     MR   : 938.780693
2025-07-10 17:46:40 INFO     MRR  : 0.157700
2025-07-10 17:46:40 INFO     >>>>> Predictor: Evaluating on test
2025-07-10 17:47:51 INFO     Data : 2342
2025-07-10 17:47:51 INFO     Hit1 : 0.114859
2025-07-10 17:47:51 INFO     Hit3 : 0.196413
2025-07-10 17:47:51 INFO     Hit10: 0.309991
2025-07-10 17:47:51 INFO     MR   : 863.814475
2025-07-10 17:47:51 INFO     MRR  : 0.178638
2025-07-10 17:47:51 INFO     -------------------------
2025-07-10 17:47:51 INFO     | Iteration: 4/5
2025-07-10 17:47:51 INFO     -------------------------
2025-07-10 17:47:51 INFO     >>>>> Predictor: Training
2025-07-10 17:52:03 INFO     1000 5959 4.595846 69340.6
2025-07-10 17:56:14 INFO     2000 5959 4.564860 69184.5
2025-07-10 18:00:25 INFO     3000 5959 4.625963 69253.9
2025-07-10 18:04:36 INFO     4000 5959 4.602567 69340.6
2025-07-10 18:08:49 INFO     5000 5959 4.601001 69384.0
2025-07-10 18:12:53 INFO     >>>>> Predictor: Evaluating on valid
2025-07-10 18:13:56 INFO     Data : 2077
2025-07-10 18:13:56 INFO     Hit1 : 0.097256
2025-07-10 18:13:56 INFO     Hit3 : 0.180549
2025-07-10 18:13:56 INFO     Hit10: 0.309581
2025-07-10 18:13:56 INFO     MR   : 931.649013
2025-07-10 18:13:56 INFO     MRR  : 0.165053
2025-07-10 18:13:56 INFO     >>>>> Predictor: Evaluating on test
2025-07-10 18:15:07 INFO     Data : 2342
2025-07-10 18:15:07 INFO     Hit1 : 0.126815
2025-07-10 18:15:07 INFO     Hit3 : 0.206661
2025-07-10 18:15:07 INFO     Hit10: 0.315542
2025-07-10 18:15:07 INFO     MR   : 859.773057
2025-07-10 18:15:07 INFO     MRR  : 0.189732
2025-07-10 18:15:07 INFO     -------------------------
2025-07-10 18:15:07 INFO     | Iteration: 5/5
2025-07-10 18:15:07 INFO     -------------------------
2025-07-10 18:15:07 INFO     >>>>> Predictor: Training
2025-07-10 18:19:22 INFO     1000 5959 4.605278 69323.3
2025-07-10 18:23:36 INFO     2000 5959 4.584692 69332.0
2025-07-10 18:27:51 INFO     3000 5959 4.614491 69219.2
2025-07-10 18:32:04 INFO     4000 5959 4.612877 69297.3
2025-07-10 18:36:19 INFO     5000 5959 4.577109 69332.0
2025-07-10 18:40:25 INFO     >>>>> Predictor: Evaluating on valid
2025-07-10 18:41:28 INFO     Data : 2077
2025-07-10 18:41:28 INFO     Hit1 : 0.092441
2025-07-10 18:41:28 INFO     Hit3 : 0.177179
2025-07-10 18:41:28 INFO     Hit10: 0.314396
2025-07-10 18:41:28 INFO     MR   : 922.021425
2025-07-10 18:41:28 INFO     MRR  : 0.163095
2025-07-10 18:41:28 INFO     >>>>> Predictor: Evaluating on test
2025-07-10 18:42:39 INFO     Data : 2342
2025-07-10 18:42:39 INFO     Hit1 : 0.128096
2025-07-10 18:42:39 INFO     Hit3 : 0.203672
2025-07-10 18:42:39 INFO     Hit10: 0.318104
2025-07-10 18:42:39 INFO     MR   : 850.122118
2025-07-10 18:42:39 INFO     MRR  : 0.189960
2025-07-10 18:42:39 INFO     -------------------------
2025-07-10 18:42:39 INFO     | Final Test MRR: 0.191115
2025-07-10 18:42:39 INFO     -------------------------
