2025-05-18 17:44:39 INFO     -------------------------
2025-05-18 17:44:39 INFO     | Pre-train Generator
2025-05-18 17:44:39 INFO     -------------------------
2025-05-18 17:44:39 INFO     >>>>> Generator: Training
2025-05-18 17:44:44 INFO     [E1000] Total: 1.393090 | Main: 1.652145 | Aux: 0.910313
2025-05-18 17:44:48 INFO     [E2000] Total: 1.329190 | Main: 1.570083 | Aux: 0.892783
2025-05-18 17:44:52 INFO     [E3000] Total: 1.321428 | Main: 1.559882 | Aux: 0.890920
2025-05-18 17:44:56 INFO     [E4000] Total: 1.316421 | Main: 1.553526 | Aux: 0.889260
2025-05-18 17:45:00 INFO     [E5000] Total: 1.313208 | Main: 1.549392 | Aux: 0.888418
2025-05-18 17:45:05 INFO     [E6000] Total: 1.311104 | Main: 1.546611 | Aux: 0.887626
2025-05-18 17:45:09 INFO     [E7000] Total: 1.309926 | Main: 1.545470 | Aux: 0.887212
2025-05-18 17:45:13 INFO     [E8000] Total: 1.309698 | Main: 1.544957 | Aux: 0.886827
2025-05-18 17:45:17 INFO     [E9000] Total: 1.306983 | Main: 1.541556 | Aux: 0.886115
2025-05-18 17:45:21 INFO     [E10000] Total: 1.306921 | Main: 1.541333 | Aux: 0.886264
2025-05-18 17:45:21 INFO     -------------------------
2025-05-18 17:45:21 INFO     | EM Iteration: 1/1
2025-05-18 17:45:21 INFO     -------------------------
2025-05-18 17:45:21 INFO     >>>>> Generator: Rule generation with sampling
2025-05-18 17:45:21 INFO     Predictor: read 176 rules from list.
2025-05-18 17:45:21 INFO     Preprocess training set
2025-05-18 17:45:21 INFO     >>>>> Predictor: Training
2025-05-18 17:45:22 INFO     100 12313 8.995443 69123.8
2025-05-18 17:45:22 INFO     200 12313 8.848622 69384.0
2025-05-18 17:45:23 INFO     300 12313 8.734310 69384.0
2025-05-18 17:45:23 INFO     400 12313 8.623321 69384.0
2025-05-18 17:45:24 INFO     500 12313 8.561714 69384.0
2025-05-18 17:45:25 INFO     600 12313 8.409938 69384.0
2025-05-18 17:45:25 INFO     700 12313 8.404752 69384.0
2025-05-18 17:45:26 INFO     800 12313 8.321285 69384.0
2025-05-18 17:45:27 INFO     900 12313 8.309558 69384.0
2025-05-18 17:45:27 INFO     1000 12313 8.174362 69384.0
2025-05-18 17:45:27 INFO     >>>>> Predictor: Evaluating on valid
2025-05-18 17:45:30 INFO     Data : 3823
2025-05-18 17:45:30 INFO     Hit1 : 0.033743
2025-05-18 17:45:30 INFO     Hit3 : 0.072195
2025-05-18 17:45:30 INFO     Hit10: 0.137850
2025-05-18 17:45:30 INFO     MR   : 1197.763144
2025-05-18 17:45:30 INFO     MRR  : 0.068697
2025-05-18 17:45:30 INFO     >>>>> Predictor: Evaluating on test
2025-05-18 17:45:33 INFO     Data : 4402
2025-05-18 17:45:33 INFO     Hit1 : 0.047251
2025-05-18 17:45:33 INFO     Hit3 : 0.086779
2025-05-18 17:45:33 INFO     Hit10: 0.141527
2025-05-18 17:45:33 INFO     MR   : 1212.889709
2025-05-18 17:45:33 INFO     MRR  : 0.081027
2025-05-18 17:45:33 INFO     >>>>> Predictor: Computing H scores of rules
2025-05-18 17:45:39 INFO     1000 12313
2025-05-18 17:45:45 INFO     2000 12313
2025-05-18 17:45:51 INFO     3000 12313
2025-05-18 17:45:57 INFO     4000 12313
2025-05-18 17:46:03 INFO     5000 12313
2025-05-18 17:46:08 INFO     6000 12313
2025-05-18 17:46:14 INFO     7000 12313
2025-05-18 17:46:20 INFO     8000 12313
2025-05-18 17:46:26 INFO     9000 12313
2025-05-18 17:46:32 INFO     10000 12313
2025-05-18 17:46:38 INFO     11000 12313
2025-05-18 17:46:44 INFO     12000 12313
2025-05-18 17:46:46 INFO     >>>>> Generator: Training
2025-05-18 17:46:46 INFO     -------------------------
2025-05-18 17:46:46 INFO     | Post-train Generator
2025-05-18 17:46:46 INFO     -------------------------
2025-05-18 17:46:46 INFO     >>>>> Generator: Training
2025-05-18 17:46:49 INFO     [E1000] Total: 0.708517 | Main: 0.393414 | Aux: 0.830824
2025-05-18 17:46:49 INFO     -------------------------
2025-05-18 17:46:49 INFO     | Beam Search Best Rules
2025-05-18 17:46:49 INFO     -------------------------
2025-05-18 17:46:49 INFO     >>>>> Generator: Rule generation with beam search
2025-05-18 17:46:49 INFO     >>>>> Generator: Rule generation with beam search
2025-05-18 17:46:50 INFO     >>>>> Generator: Rule generation with beam search
2025-05-18 17:46:58 INFO     >>>>> Generator: Rule generation with beam search
2025-05-18 17:47:04 INFO     >>>>> Generator: Rule generation with beam search
2025-05-18 17:47:08 INFO     -------------------------
2025-05-18 17:47:08 INFO     | Train Final Predictor+
2025-05-18 17:47:08 INFO     -------------------------
2025-05-18 17:47:08 INFO     Predictor+: read 18420 rules from list.
2025-05-18 17:47:08 INFO     Preprocess training set
2025-05-18 17:47:08 INFO     -------------------------
2025-05-18 17:47:08 INFO     | Iteration: 1/1
2025-05-18 17:47:08 INFO     -------------------------
2025-05-18 17:47:08 INFO     >>>>> Predictor: Training
2025-05-18 17:47:45 INFO     100 12313 6.094537 69384.0
2025-05-18 17:48:22 INFO     200 12313 5.016213 69384.0
2025-05-18 17:48:59 INFO     300 12313 4.955127 69384.0
2025-05-18 17:49:37 INFO     400 12313 4.897522 69384.0
2025-05-18 17:50:15 INFO     500 12313 4.753408 69384.0
2025-05-18 17:50:53 INFO     600 12313 4.792417 69384.0
2025-05-18 17:51:30 INFO     700 12313 4.763671 69384.0
2025-05-18 17:52:08 INFO     800 12313 4.684883 69210.5
2025-05-18 17:52:46 INFO     900 12313 4.663931 69384.0
2025-05-18 17:53:23 INFO     1000 12313 4.709295 69384.0
2025-05-18 17:53:23 INFO     >>>>> Predictor: Evaluating on valid
2025-05-18 17:56:08 INFO     Data : 3823
2025-05-18 17:56:08 INFO     Hit1 : 0.053361
2025-05-18 17:56:08 INFO     Hit3 : 0.123202
2025-05-18 17:56:08 INFO     Hit10: 0.244049
2025-05-18 17:56:08 INFO     MR   : 719.448862
2025-05-18 17:56:08 INFO     MRR  : 0.116219
2025-05-18 17:56:08 INFO     >>>>> Predictor: Evaluating on test
2025-05-18 17:59:17 INFO     Data : 4402
2025-05-18 17:59:17 INFO     Hit1 : 0.080418
2025-05-18 17:59:17 INFO     Hit3 : 0.152658
2025-05-18 17:59:17 INFO     Hit10: 0.275784
2025-05-18 17:59:17 INFO     MR   : 711.264993
2025-05-18 17:59:17 INFO     MRR  : 0.143747
2025-05-18 17:59:17 INFO     Save checkpoint to results/semmeddb/multitask/adaptive_sm/predictor.pt
2025-05-18 17:59:17 INFO     -------------------------
2025-05-18 17:59:17 INFO     | Final Test MRR: 0.143747
2025-05-18 17:59:17 INFO     -------------------------
