2025-07-18 18:05:21 INFO     is_soft_label: False
2025-07-18 18:05:21 INFO     is_scheduled_sampling: False
2025-07-18 18:05:21 INFO     is_test_mode: False
2025-07-18 18:05:21 INFO     Data loading | DONE!
2025-07-18 18:05:21 INFO     Using full datasets for training, validation, and testing.
2025-07-18 18:05:21 INFO     -------------------------
2025-07-18 18:05:21 INFO     | EM Iteration: 1/5
2025-07-18 18:05:21 INFO     -------------------------
2025-07-18 18:05:21 INFO     >>>>> Using miner's rule
2025-07-18 18:05:21 INFO     Predictor: read 13661 rules from list.
2025-07-18 18:05:22 INFO     Preprocess training set
2025-07-18 18:05:22 INFO     >>>>> Predictor: Evaluating on valid
2025-07-18 18:07:38 INFO     Data : 2077
2025-07-18 18:07:38 INFO     Hit1 : 0.065479
2025-07-18 18:07:38 INFO     Hit3 : 0.127106
2025-07-18 18:07:38 INFO     Hit10: 0.199326
2025-07-18 18:07:38 INFO     MR   : 1120.902022
2025-07-18 18:07:38 INFO     MRR  : 0.114382
2025-07-18 18:07:38 INFO     >>>>> Predictor: Evaluating on test
2025-07-18 18:10:09 INFO     Data : 2342
2025-07-18 18:10:09 INFO     Hit1 : 0.078992
2025-07-18 18:10:09 INFO     Hit3 : 0.124253
2025-07-18 18:10:09 INFO     Hit10: 0.208796
2025-07-18 18:10:09 INFO     MR   : 1044.269001
2025-07-18 18:10:09 INFO     MRR  : 0.122250
2025-07-18 18:10:09 INFO     >>>>> Predictor: Computing H scores of rules
2025-07-18 18:46:54 INFO     1000 5959
2025-07-18 19:24:03 INFO     2000 5959
2025-07-18 20:01:06 INFO     3000 5959
2025-07-18 20:38:03 INFO     4000 5959
2025-07-18 21:14:38 INFO     5000 5959
2025-07-18 21:52:07 INFO     >>>>> Generator: Training
2025-07-18 21:52:17 INFO     -------------------------
2025-07-18 21:52:17 INFO     | EM Iteration: 2/5
2025-07-18 21:52:17 INFO     -------------------------
2025-07-18 21:52:17 INFO     >>>>> Using Generator's sample rule
2025-07-18 21:52:17 INFO     >>>>> Generator: Rule generation with sampling
2025-07-18 21:52:17 INFO     Predictor: read 1892 rules from list.
2025-07-18 21:52:17 INFO     Preprocess training set
2025-07-18 21:52:17 INFO     >>>>> Predictor: Training
2025-07-18 21:53:33 INFO     1000 5959 8.791967 69314.6
2025-07-18 21:54:49 INFO     2000 5959 8.414537 69271.3
2025-07-18 21:56:07 INFO     3000 5959 8.209815 69245.2
2025-07-18 21:57:21 INFO     4000 5959 8.040272 69340.6
2025-07-18 21:58:37 INFO     5000 5959 7.874913 69340.6
2025-07-18 21:59:48 INFO     >>>>> Predictor: Evaluating on valid
2025-07-18 22:00:07 INFO     Data : 2077
2025-07-18 22:00:07 INFO     Hit1 : 0.014925
2025-07-18 22:00:07 INFO     Hit3 : 0.023592
2025-07-18 22:00:07 INFO     Hit10: 0.034665
2025-07-18 22:00:07 INFO     MR   : 1480.162735
2025-07-18 22:00:07 INFO     MRR  : 0.025649
2025-07-18 22:00:07 INFO     >>>>> Predictor: Evaluating on test
2025-07-18 22:00:27 INFO     Data : 2342
2025-07-18 22:00:27 INFO     Hit1 : 0.011529
2025-07-18 22:00:27 INFO     Hit3 : 0.017933
2025-07-18 22:00:27 INFO     Hit10: 0.028608
2025-07-18 22:00:27 INFO     MR   : 1375.226943
2025-07-18 22:00:27 INFO     MRR  : 0.021256
2025-07-18 22:00:27 INFO     >>>>> Predictor: Computing H scores of rules
2025-07-18 22:03:51 INFO     1000 5959
2025-07-18 22:07:13 INFO     2000 5959
2025-07-18 22:10:33 INFO     3000 5959
2025-07-18 22:14:14 INFO     4000 5959
2025-07-18 22:17:34 INFO     5000 5959
2025-07-18 22:20:49 INFO     >>>>> Generator: Training
2025-07-18 22:20:59 INFO     -------------------------
2025-07-18 22:20:59 INFO     | EM Iteration: 3/5
2025-07-18 22:20:59 INFO     -------------------------
2025-07-18 22:20:59 INFO     >>>>> Using Generator's sample rule
2025-07-18 22:20:59 INFO     >>>>> Generator: Rule generation with sampling
2025-07-18 22:20:59 INFO     Predictor: read 1881 rules from list.
2025-07-18 22:20:59 INFO     Preprocess training set
2025-07-18 22:20:59 INFO     >>>>> Predictor: Training
2025-07-18 22:22:16 INFO     1000 5959 8.817987 69332.0
2025-07-18 22:23:29 INFO     2000 5959 8.496226 69349.3
2025-07-18 22:24:42 INFO     3000 5959 8.298008 69184.5
2025-07-18 22:26:02 INFO     4000 5959 8.154551 69253.9
2025-07-18 22:27:16 INFO     5000 5959 8.083140 69332.0
2025-07-18 22:28:29 INFO     >>>>> Predictor: Evaluating on valid
2025-07-18 22:28:48 INFO     Data : 2077
2025-07-18 22:28:48 INFO     Hit1 : 0.012037
2025-07-18 22:28:48 INFO     Hit3 : 0.022629
2025-07-18 22:28:48 INFO     Hit10: 0.044776
2025-07-18 22:28:48 INFO     MR   : 1472.765768
2025-07-18 22:28:48 INFO     MRR  : 0.025626
2025-07-18 22:28:48 INFO     >>>>> Predictor: Evaluating on test
2025-07-18 22:29:08 INFO     Data : 2342
2025-07-18 22:29:08 INFO     Hit1 : 0.013664
2025-07-18 22:29:08 INFO     Hit3 : 0.020495
2025-07-18 22:29:08 INFO     Hit10: 0.038856
2025-07-18 22:29:08 INFO     MR   : 1373.408412
2025-07-18 22:29:08 INFO     MRR  : 0.024759
2025-07-18 22:29:08 INFO     >>>>> Predictor: Computing H scores of rules
2025-07-18 22:32:40 INFO     1000 5959
2025-07-18 22:36:01 INFO     2000 5959
2025-07-18 22:39:21 INFO     3000 5959
2025-07-18 22:42:51 INFO     4000 5959
2025-07-18 22:46:22 INFO     5000 5959
2025-07-18 22:49:36 INFO     >>>>> Generator: Training
2025-07-18 22:49:46 INFO     -------------------------
2025-07-18 22:49:46 INFO     | EM Iteration: 4/5
2025-07-18 22:49:46 INFO     -------------------------
2025-07-18 22:49:46 INFO     >>>>> Using Generator's sample rule
2025-07-18 22:49:46 INFO     >>>>> Generator: Rule generation with sampling
2025-07-18 22:49:46 INFO     Predictor: read 1854 rules from list.
2025-07-18 22:49:46 INFO     Preprocess training set
2025-07-18 22:49:46 INFO     >>>>> Predictor: Training
2025-07-18 22:50:59 INFO     1000 5959 8.806675 69271.3
2025-07-18 22:52:15 INFO     2000 5959 8.455464 69340.6
2025-07-18 22:53:39 INFO     3000 5959 8.234432 69384.0
2025-07-18 22:54:51 INFO     4000 5959 8.075240 69262.6
2025-07-18 22:56:03 INFO     5000 5959 7.951819 69332.0
2025-07-18 22:57:14 INFO     >>>>> Predictor: Evaluating on valid
2025-07-18 22:57:32 INFO     Data : 2077
2025-07-18 22:57:32 INFO     Hit1 : 0.029369
2025-07-18 22:57:32 INFO     Hit3 : 0.044295
2025-07-18 22:57:32 INFO     Hit10: 0.064998
2025-07-18 22:57:32 INFO     MR   : 1444.204622
2025-07-18 22:57:32 INFO     MRR  : 0.045124
2025-07-18 22:57:32 INFO     >>>>> Predictor: Evaluating on test
2025-07-18 22:57:53 INFO     Data : 2342
2025-07-18 22:57:53 INFO     Hit1 : 0.033732
2025-07-18 22:57:53 INFO     Hit3 : 0.049530
2025-07-18 22:57:53 INFO     Hit10: 0.067037
2025-07-18 22:57:53 INFO     MR   : 1343.278181
2025-07-18 22:57:53 INFO     MRR  : 0.048749
2025-07-18 22:57:53 INFO     >>>>> Predictor: Computing H scores of rules
2025-07-18 23:01:24 INFO     1000 5959
2025-07-18 23:04:44 INFO     2000 5959
2025-07-18 23:08:04 INFO     3000 5959
2025-07-18 23:11:36 INFO     4000 5959
2025-07-18 23:15:06 INFO     5000 5959
2025-07-18 23:18:22 INFO     >>>>> Generator: Training
2025-07-18 23:18:32 INFO     -------------------------
2025-07-18 23:18:32 INFO     | EM Iteration: 5/5
2025-07-18 23:18:32 INFO     -------------------------
2025-07-18 23:18:32 INFO     >>>>> Using Generator's sample rule
2025-07-18 23:18:32 INFO     >>>>> Generator: Rule generation with sampling
2025-07-18 23:18:32 INFO     Predictor: read 1685 rules from list.
2025-07-18 23:18:32 INFO     Preprocess training set
2025-07-18 23:18:32 INFO     >>>>> Predictor: Training
2025-07-18 23:19:43 INFO     1000 5959 8.787479 69332.0
2025-07-18 23:21:05 INFO     2000 5959 8.381104 69349.3
2025-07-18 23:22:15 INFO     3000 5959 8.129148 69340.6
2025-07-18 23:23:25 INFO     4000 5959 7.902353 69297.3
2025-07-18 23:24:35 INFO     5000 5959 7.716306 69219.2
2025-07-18 23:25:43 INFO     >>>>> Predictor: Evaluating on valid
2025-07-18 23:26:01 INFO     Data : 2077
2025-07-18 23:26:01 INFO     Hit1 : 0.029369
2025-07-18 23:26:01 INFO     Hit3 : 0.051517
2025-07-18 23:26:01 INFO     Hit10: 0.072701
2025-07-18 23:26:01 INFO     MR   : 1464.012759
2025-07-18 23:26:01 INFO     MRR  : 0.047548
2025-07-18 23:26:01 INFO     >>>>> Predictor: Evaluating on test
2025-07-18 23:26:21 INFO     Data : 2342
2025-07-18 23:26:21 INFO     Hit1 : 0.035013
2025-07-18 23:26:21 INFO     Hit3 : 0.054227
2025-07-18 23:26:21 INFO     Hit10: 0.075149
2025-07-18 23:26:21 INFO     MR   : 1360.229078
2025-07-18 23:26:21 INFO     MRR  : 0.052431
2025-07-18 23:26:21 INFO     >>>>> Predictor: Computing H scores of rules
2025-07-18 23:29:51 INFO     1000 5959
2025-07-18 23:33:11 INFO     2000 5959
2025-07-18 23:36:32 INFO     3000 5959
2025-07-18 23:39:52 INFO     4000 5959
2025-07-18 23:43:21 INFO     5000 5959
2025-07-18 23:46:36 INFO     >>>>> Generator: Training
2025-07-18 23:46:46 INFO     -------------------------
2025-07-18 23:46:46 INFO     | Post-train Generator
2025-07-18 23:46:46 INFO     -------------------------
2025-07-18 23:46:47 INFO     >>>>> Generator: Training
2025-07-18 23:48:28 INFO     [E01000] Total 2.057636 | Main 2.414967 | RelClus 1.468955 | 
2025-07-18 23:48:28 INFO     -------------------------
2025-07-18 23:48:28 INFO     | Beam Search Best Rules
2025-07-18 23:48:28 INFO     -------------------------
2025-07-18 23:48:28 INFO     >>>>> Generator: Rule generation with beam search
2025-07-18 23:48:28 INFO     >>>>> Generator: Rule generation with beam search
2025-07-18 23:48:33 INFO     >>>>> Generator: Rule generation with beam search
2025-07-18 23:49:43 INFO     >>>>> Generator: Rule generation with beam search
2025-07-18 23:50:40 INFO     >>>>> Generator: Rule generation with beam search
2025-07-18 23:51:23 INFO     -------------------------
2025-07-18 23:51:23 INFO     | Train Final Predictor+
2025-07-18 23:51:23 INFO     -------------------------
2025-07-18 23:51:23 INFO     Predictor+: read 18420 rules from list.
2025-07-18 23:51:23 INFO     Preprocess training set
2025-07-18 23:51:23 INFO     -------------------------
2025-07-18 23:51:23 INFO     | Iteration: 1/5
2025-07-18 23:51:23 INFO     -------------------------
2025-07-18 23:51:23 INFO     >>>>> Predictor: Training
2025-07-18 23:57:07 INFO     1000 5959 5.166430 69271.3
2025-07-19 00:02:39 INFO     2000 5959 4.999693 69332.0
2025-07-19 00:08:21 INFO     3000 5959 4.973403 69375.3
2025-07-19 00:13:53 INFO     4000 5959 4.965255 69279.9
2025-07-19 00:19:34 INFO     5000 5959 4.914476 69349.3
2025-07-19 00:24:52 INFO     >>>>> Predictor: Evaluating on valid
2025-07-19 00:26:11 INFO     Data : 2077
2025-07-19 00:26:11 INFO     Hit1 : 0.092441
2025-07-19 00:26:11 INFO     Hit3 : 0.174290
2025-07-19 00:26:11 INFO     Hit10: 0.289360
2025-07-19 00:26:11 INFO     MR   : 1035.811266
2025-07-19 00:26:11 INFO     MRR  : 0.156224
2025-07-19 00:26:11 INFO     >>>>> Predictor: Evaluating on test
2025-07-19 00:27:40 INFO     Data : 2342
2025-07-19 00:27:40 INFO     Hit1 : 0.108881
2025-07-19 00:27:40 INFO     Hit3 : 0.190436
2025-07-19 00:27:40 INFO     Hit10: 0.297182
2025-07-19 00:27:40 INFO     MR   : 960.885354
2025-07-19 00:27:40 INFO     MRR  : 0.170775
2025-07-19 00:27:40 INFO     Save checkpoint to results/semmeddb/10_times_each/aux1/1_20250718_180519/predictor.pt
2025-07-19 00:27:40 INFO     -------------------------
2025-07-19 00:27:40 INFO     | Iteration: 2/5
2025-07-19 00:27:40 INFO     -------------------------
2025-07-19 00:27:40 INFO     >>>>> Predictor: Training
2025-07-19 00:33:19 INFO     1000 5959 4.874271 69366.7
2025-07-19 00:39:00 INFO     2000 5959 4.892937 69375.3
2025-07-19 00:44:33 INFO     3000 5959 4.879124 69219.2
2025-07-19 00:50:05 INFO     4000 5959 4.910546 69305.9
2025-07-19 00:55:42 INFO     5000 5959 4.869513 69288.6
2025-07-19 01:01:08 INFO     >>>>> Predictor: Evaluating on valid
2025-07-19 01:02:26 INFO     Data : 2077
2025-07-19 01:02:26 INFO     Hit1 : 0.085701
2025-07-19 01:02:26 INFO     Hit3 : 0.172845
2025-07-19 01:02:26 INFO     Hit10: 0.287434
2025-07-19 01:02:26 INFO     MR   : 1010.766731
2025-07-19 01:02:26 INFO     MRR  : 0.151191
2025-07-19 01:02:26 INFO     >>>>> Predictor: Evaluating on test
2025-07-19 01:03:55 INFO     Data : 2342
2025-07-19 01:03:55 INFO     Hit1 : 0.111443
2025-07-19 01:03:55 INFO     Hit3 : 0.194705
2025-07-19 01:03:55 INFO     Hit10: 0.293766
2025-07-19 01:03:55 INFO     MR   : 936.074082
2025-07-19 01:03:55 INFO     MRR  : 0.171970
2025-07-19 01:03:55 INFO     -------------------------
2025-07-19 01:03:55 INFO     | Iteration: 3/5
2025-07-19 01:03:55 INFO     -------------------------
2025-07-19 01:03:55 INFO     >>>>> Predictor: Training
2025-07-19 01:09:35 INFO     1000 5959 4.879003 69288.6
2025-07-19 01:15:21 INFO     2000 5959 4.873192 69288.6
2025-07-19 01:21:14 INFO     3000 5959 4.861222 69340.6
2025-07-19 01:26:47 INFO     4000 5959 4.861505 69271.3
2025-07-19 01:32:36 INFO     5000 5959 4.901228 69219.2
2025-07-19 01:38:10 INFO     >>>>> Predictor: Evaluating on valid
2025-07-19 01:39:38 INFO     Data : 2077
2025-07-19 01:39:38 INFO     Hit1 : 0.086663
2025-07-19 01:39:38 INFO     Hit3 : 0.170920
2025-07-19 01:39:38 INFO     Hit10: 0.280212
2025-07-19 01:39:38 INFO     MR   : 1001.116273
2025-07-19 01:39:38 INFO     MRR  : 0.151002
2025-07-19 01:39:38 INFO     >>>>> Predictor: Evaluating on test
2025-07-19 01:41:08 INFO     Data : 2342
2025-07-19 01:41:08 INFO     Hit1 : 0.108454
2025-07-19 01:41:08 INFO     Hit3 : 0.187447
2025-07-19 01:41:08 INFO     Hit10: 0.291204
2025-07-19 01:41:08 INFO     MR   : 921.643254
2025-07-19 01:41:08 INFO     MRR  : 0.168359
2025-07-19 01:41:08 INFO     -------------------------
2025-07-19 01:41:08 INFO     | Iteration: 4/5
2025-07-19 01:41:08 INFO     -------------------------
2025-07-19 01:41:08 INFO     >>>>> Predictor: Training
2025-07-19 01:46:44 INFO     1000 5959 4.848158 69340.6
2025-07-19 01:52:26 INFO     2000 5959 4.822839 69184.5
2025-07-19 01:57:58 INFO     3000 5959 4.904508 69253.9
2025-07-19 02:03:29 INFO     4000 5959 4.864611 69340.6
2025-07-19 02:09:05 INFO     5000 5959 4.855631 69384.0
2025-07-19 02:14:43 INFO     >>>>> Predictor: Evaluating on valid
2025-07-19 02:16:07 INFO     Data : 2077
2025-07-19 02:16:07 INFO     Hit1 : 0.088589
2025-07-19 02:16:07 INFO     Hit3 : 0.172364
2025-07-19 02:16:07 INFO     Hit10: 0.288878
2025-07-19 02:16:07 INFO     MR   : 996.347857
2025-07-19 02:16:07 INFO     MRR  : 0.153206
2025-07-19 02:16:07 INFO     >>>>> Predictor: Evaluating on test
2025-07-19 02:17:45 INFO     Data : 2342
2025-07-19 02:17:45 INFO     Hit1 : 0.114432
2025-07-19 02:17:45 INFO     Hit3 : 0.187874
2025-07-19 02:17:45 INFO     Hit10: 0.295474
2025-07-19 02:17:45 INFO     MR   : 920.645175
2025-07-19 02:17:45 INFO     MRR  : 0.172126
2025-07-19 02:17:45 INFO     -------------------------
2025-07-19 02:17:45 INFO     | Iteration: 5/5
2025-07-19 02:17:45 INFO     -------------------------
2025-07-19 02:17:45 INFO     >>>>> Predictor: Training
2025-07-19 02:23:23 INFO     1000 5959 4.854642 69323.3
2025-07-19 02:29:07 INFO     2000 5959 4.866370 69332.0
2025-07-19 02:34:49 INFO     3000 5959 4.882145 69219.2
2025-07-19 02:40:42 INFO     4000 5959 4.859436 69297.3
2025-07-19 02:46:28 INFO     5000 5959 4.827312 69332.0
2025-07-19 02:52:01 INFO     >>>>> Predictor: Evaluating on valid
2025-07-19 02:53:22 INFO     Data : 2077
2025-07-19 02:53:22 INFO     Hit1 : 0.081849
2025-07-19 02:53:22 INFO     Hit3 : 0.165623
2025-07-19 02:53:22 INFO     Hit10: 0.284545
2025-07-19 02:53:22 INFO     MR   : 986.432595
2025-07-19 02:53:22 INFO     MRR  : 0.147521
2025-07-19 02:53:22 INFO     >>>>> Predictor: Evaluating on test
2025-07-19 02:54:54 INFO     Data : 2342
2025-07-19 02:54:54 INFO     Hit1 : 0.114005
2025-07-19 02:54:54 INFO     Hit3 : 0.185312
2025-07-19 02:54:54 INFO     Hit10: 0.291631
2025-07-19 02:54:54 INFO     MR   : 915.448121
2025-07-19 02:54:54 INFO     MRR  : 0.171958
2025-07-19 02:54:54 INFO     -------------------------
2025-07-19 02:54:54 INFO     | Final Test MRR: 0.170775
2025-07-19 02:54:54 INFO     -------------------------
