2025-04-18 03:38:07 INFO     Predictor: read 176 rules from list.
2025-04-18 03:40:16 INFO     Predictor+: read 20306 rules from list.
-------------------------
2025-04-18 03:37:12 INFO     >>>>> Generator: Training
2025-04-18 03:37:18 INFO     1000 10000 1.263137
2025-04-18 03:37:23 INFO     2000 10000 1.166332
2025-04-18 03:37:29 INFO     3000 10000 1.153054
2025-04-18 03:37:34 INFO     4000 10000 1.134751
2025-04-18 03:37:40 INFO     5000 10000 1.138419
2025-04-18 03:37:45 INFO     6000 10000 1.133344
2025-04-18 03:37:50 INFO     7000 10000 1.131654
2025-04-18 03:37:56 INFO     8000 10000 1.131182
2025-04-18 03:38:01 INFO     9000 10000 1.121290
2025-04-18 03:38:07 INFO     10000 10000 1.117330
2025-04-18 03:38:07 INFO     -------------------------
2025-04-18 03:38:07 INFO     | EM Iteration: 1/1
2025-04-18 03:38:07 INFO     -------------------------
2025-04-18 03:38:07 INFO     >>>>> Generator: Rule generation with sampling
2025-04-18 03:38:07 INFO     Predictor: read 176 rules from list.
2025-04-18 03:38:07 INFO     Initializing distributed process group
2025-04-18 03:38:07 INFO     Preprocess training set
2025-04-18 03:38:07 INFO     >>>>> Predictor: Training
2025-04-18 03:38:08 INFO     100 10860 10.414576 327544.0
2025-04-18 03:38:09 INFO     200 10860 10.078536 327544.0
2025-04-18 03:38:10 INFO     300 10860 9.697400 327544.0
2025-04-18 03:38:11 INFO     400 10860 9.579883 327544.0
2025-04-18 03:38:12 INFO     500 10860 9.541212 327544.0
2025-04-18 03:38:13 INFO     600 10860 9.132227 327544.0
2025-04-18 03:38:14 INFO     700 10860 8.792977 327544.0
2025-04-18 03:38:14 INFO     800 10860 8.997234 327544.0
2025-04-18 03:38:15 INFO     900 10860 8.707175 327544.0
2025-04-18 03:38:16 INFO     1000 10860 8.547741 327544.0
2025-04-18 03:38:16 INFO     >>>>> Predictor: Evaluating on valid
2025-04-18 03:38:20 INFO     Data : 6068
2025-04-18 03:38:20 INFO     Hit1 : 0.355307
2025-04-18 03:38:20 INFO     Hit3 : 0.381564
2025-04-18 03:38:20 INFO     Hit10: 0.401165
2025-04-18 03:38:20 INFO     MR   : 10981.693556
2025-04-18 03:38:20 INFO     MRR  : 0.372671
2025-04-18 03:38:20 INFO     >>>>> Predictor: Evaluating on test
2025-04-18 03:38:23 INFO     Data : 6268
2025-04-18 03:38:23 INFO     Hit1 : 0.362715
2025-04-18 03:38:23 INFO     Hit3 : 0.381621
2025-04-18 03:38:23 INFO     Hit10: 0.402095
2025-04-18 03:38:23 INFO     MR   : 11294.380185
2025-04-18 03:38:23 INFO     MRR  : 0.376199
2025-04-18 03:38:23 INFO     >>>>> Predictor: Computing H scores of rules
2025-04-18 03:38:30 INFO     1000 10860
2025-04-18 03:38:36 INFO     2000 10860
2025-04-18 03:38:43 INFO     3000 10860
2025-04-18 03:38:50 INFO     4000 10860
2025-04-18 03:38:56 INFO     5000 10860
2025-04-18 03:39:03 INFO     6000 10860
2025-04-18 03:39:10 INFO     7000 10860
2025-04-18 03:39:16 INFO     8000 10860
2025-04-18 03:39:23 INFO     9000 10860
2025-04-18 03:39:30 INFO     10000 10860
2025-04-18 03:39:37 INFO     >>>>> Generator: Training
2025-04-18 03:39:37 INFO     -------------------------
2025-04-18 03:39:37 INFO     | Post-train Generator
2025-04-18 03:39:37 INFO     -------------------------
2025-04-18 03:39:37 INFO     >>>>> Generator: Training
2025-04-18 03:39:42 INFO     1000 1000 0.380989
2025-04-18 03:39:42 INFO     -------------------------
2025-04-18 03:39:42 INFO     | Beam Search Best Rules
2025-04-18 03:39:42 INFO     -------------------------
2025-04-18 03:39:42 INFO     >>>>> Generator: Rule generation with beam search
2025-04-18 03:39:42 INFO     >>>>> Generator: Rule generation with beam search
2025-04-18 03:39:44 INFO     >>>>> Generator: Rule generation with beam search
2025-04-18 03:39:59 INFO     >>>>> Generator: Rule generation with beam search
2025-04-18 03:40:09 INFO     >>>>> Generator: Rule generation with beam search
2025-04-18 03:40:16 INFO     -------------------------
2025-04-18 03:40:16 INFO     | Train Final Predictor+
2025-04-18 03:40:16 INFO     -------------------------
2025-04-18 03:40:16 INFO     Predictor+: read 20306 rules from list.
2025-04-18 03:40:16 INFO     Preprocess training set
2025-04-18 03:40:16 INFO     -------------------------
2025-04-18 03:40:16 INFO     | Iteration: 1/1
2025-04-18 03:40:16 INFO     -------------------------
2025-04-18 03:40:16 INFO     >>>>> Predictor: Training
2025-04-18 03:41:07 INFO     100 10860 5.885400 327544.0
2025-04-18 03:41:58 INFO     200 10860 4.339175 327544.0
2025-04-18 03:42:49 INFO     300 10860 4.114282 325906.3
2025-04-18 03:43:40 INFO     400 10860 4.673848 327544.0
2025-04-18 03:44:31 INFO     500 10860 4.255165 327544.0
2025-04-18 03:45:22 INFO     600 10860 4.454020 327544.0
2025-04-18 03:46:14 INFO     700 10860 4.809226 327544.0
2025-04-18 03:47:06 INFO     800 10860 4.557018 327544.0
2025-04-18 03:47:58 INFO     900 10860 4.192010 327544.0
2025-04-18 03:48:50 INFO     1000 10860 4.747424 327544.0
2025-04-18 03:48:50 INFO     >>>>> Predictor: Evaluating on valid
2025-04-18 03:51:52 INFO     Data : 6068
2025-04-18 03:51:52 INFO     Hit1 : 0.427769
2025-04-18 03:51:52 INFO     Hit3 : 0.482356
2025-04-18 03:51:52 INFO     Hit10: 0.535932
2025-04-18 03:51:52 INFO     MR   : 7009.772825
2025-04-18 03:51:52 INFO     MRR  : 0.465515
2025-04-18 03:51:52 INFO     >>>>> Predictor: Evaluating on test
2025-04-18 03:54:59 INFO     Data : 6268
2025-04-18 03:54:59 INFO     Hit1 : 0.437952
2025-04-18 03:54:59 INFO     Hit3 : 0.485708
2025-04-18 03:54:59 INFO     Hit10: 0.545421
2025-04-18 03:54:59 INFO     MR   : 7175.704212
2025-04-18 03:54:59 INFO     MRR  : 0.472907
2025-04-18 03:54:59 INFO     Save checkpoint to wn18rr/multitask_lexname_adaptive/predictor.pt
2025-04-18 03:54:59 INFO     -------------------------
2025-04-18 03:54:59 INFO     | Final Test MRR: 0.472907
2025-04-18 03:54:59 INFO     -------------------------
