2025-07-09 06:12:02 INFO     is_soft_label: False
2025-07-09 06:12:02 INFO     is_scheduled_sampling: False
2025-07-09 06:12:02 INFO     is_test_mode: False
2025-07-09 06:12:02 INFO     Data loading | DONE!
2025-07-09 06:12:02 INFO     Using full datasets for training, validation, and testing.
2025-07-09 06:12:03 INFO     -------------------------
2025-07-09 06:12:03 INFO     | EM Iteration: 1/5
2025-07-09 06:12:03 INFO     -------------------------
2025-07-09 06:12:03 INFO     >>>>> Using miner's rule
2025-07-09 06:12:03 INFO     Predictor: read 13661 rules from list.
2025-07-09 06:12:04 INFO     Preprocess training set
2025-07-09 06:12:04 INFO     >>>>> Predictor: Evaluating on valid
2025-07-09 06:15:28 INFO     Data : 2077
2025-07-09 06:15:28 INFO     Hit1 : 0.065479
2025-07-09 06:15:28 INFO     Hit3 : 0.127106
2025-07-09 06:15:28 INFO     Hit10: 0.199326
2025-07-09 06:15:28 INFO     MR   : 1120.902022
2025-07-09 06:15:28 INFO     MRR  : 0.114382
2025-07-09 06:15:28 INFO     >>>>> Predictor: Evaluating on test
2025-07-09 06:19:33 INFO     Data : 2342
2025-07-09 06:19:33 INFO     Hit1 : 0.078992
2025-07-09 06:19:33 INFO     Hit3 : 0.124253
2025-07-09 06:19:33 INFO     Hit10: 0.208796
2025-07-09 06:19:33 INFO     MR   : 1044.269001
2025-07-09 06:19:33 INFO     MRR  : 0.122250
2025-07-09 06:19:33 INFO     >>>>> Predictor: Computing H scores of rules
2025-07-09 07:06:47 INFO     1000 5959
2025-07-09 07:55:07 INFO     2000 5959
2025-07-09 08:43:07 INFO     3000 5959
2025-07-09 09:30:07 INFO     4000 5959
2025-07-09 10:17:58 INFO     5000 5959
2025-07-09 11:06:43 INFO     >>>>> Generator: Training
2025-07-09 11:06:49 INFO     -------------------------
2025-07-09 11:06:49 INFO     | EM Iteration: 2/5
2025-07-09 11:06:49 INFO     -------------------------
2025-07-09 11:06:49 INFO     >>>>> Using Generator's sample rule
2025-07-09 11:06:49 INFO     >>>>> Generator: Rule generation with sampling
2025-07-09 11:06:49 INFO     Predictor: read 1910 rules from list.
2025-07-09 11:06:49 INFO     Preprocess training set
2025-07-09 11:06:49 INFO     >>>>> Predictor: Training
2025-07-09 11:08:21 INFO     1000 5959 8.778157 69314.6
2025-07-09 11:09:51 INFO     2000 5959 8.373362 69271.3
2025-07-09 11:11:21 INFO     3000 5959 8.155292 69245.2
2025-07-09 11:12:50 INFO     4000 5959 7.971729 69340.6
2025-07-09 11:14:19 INFO     5000 5959 7.795274 69340.6
2025-07-09 11:15:43 INFO     >>>>> Predictor: Evaluating on valid
2025-07-09 11:16:01 INFO     Data : 2077
2025-07-09 11:16:01 INFO     Hit1 : 0.018296
2025-07-09 11:16:01 INFO     Hit3 : 0.033221
2025-07-09 11:16:01 INFO     Hit10: 0.058257
2025-07-09 11:16:01 INFO     MR   : 1436.136013
2025-07-09 11:16:01 INFO     MRR  : 0.034028
2025-07-09 11:16:01 INFO     >>>>> Predictor: Evaluating on test
2025-07-09 11:16:20 INFO     Data : 2342
2025-07-09 11:16:20 INFO     Hit1 : 0.017079
2025-07-09 11:16:20 INFO     Hit3 : 0.033305
2025-07-09 11:16:20 INFO     Hit10: 0.060205
2025-07-09 11:16:20 INFO     MR   : 1332.858668
2025-07-09 11:16:20 INFO     MRR  : 0.034068
2025-07-09 11:16:20 INFO     >>>>> Predictor: Computing H scores of rules
2025-07-09 11:20:11 INFO     1000 5959
2025-07-09 11:24:01 INFO     2000 5959
2025-07-09 11:27:50 INFO     3000 5959
2025-07-09 11:31:39 INFO     4000 5959
2025-07-09 11:35:34 INFO     5000 5959
2025-07-09 11:39:29 INFO     >>>>> Generator: Training
2025-07-09 11:39:34 INFO     -------------------------
2025-07-09 11:39:34 INFO     | EM Iteration: 3/5
2025-07-09 11:39:34 INFO     -------------------------
2025-07-09 11:39:34 INFO     >>>>> Using Generator's sample rule
2025-07-09 11:39:34 INFO     >>>>> Generator: Rule generation with sampling
2025-07-09 11:39:34 INFO     Predictor: read 1911 rules from list.
2025-07-09 11:39:34 INFO     Preprocess training set
2025-07-09 11:39:34 INFO     >>>>> Predictor: Training
2025-07-09 11:41:02 INFO     1000 5959 8.801265 69332.0
2025-07-09 11:42:30 INFO     2000 5959 8.440395 69349.3
2025-07-09 11:43:59 INFO     3000 5959 8.212881 69184.5
2025-07-09 11:45:29 INFO     4000 5959 8.007957 69253.9
2025-07-09 11:46:58 INFO     5000 5959 7.911519 69332.0
2025-07-09 11:48:25 INFO     >>>>> Predictor: Evaluating on valid
2025-07-09 11:48:42 INFO     Data : 2077
2025-07-09 11:48:42 INFO     Hit1 : 0.013962
2025-07-09 11:48:42 INFO     Hit3 : 0.021666
2025-07-09 11:48:42 INFO     Hit10: 0.033221
2025-07-09 11:48:42 INFO     MR   : 1494.689215
2025-07-09 11:48:42 INFO     MRR  : 0.023842
2025-07-09 11:48:42 INFO     >>>>> Predictor: Evaluating on test
2025-07-09 11:49:01 INFO     Data : 2342
2025-07-09 11:49:01 INFO     Hit1 : 0.013664
2025-07-09 11:49:01 INFO     Hit3 : 0.019641
2025-07-09 11:49:01 INFO     Hit10: 0.028181
2025-07-09 11:49:01 INFO     MR   : 1378.732494
2025-07-09 11:49:01 INFO     MRR  : 0.022659
2025-07-09 11:49:01 INFO     >>>>> Predictor: Computing H scores of rules
2025-07-09 11:52:49 INFO     1000 5959
2025-07-09 11:56:45 INFO     2000 5959
2025-07-09 12:00:49 INFO     3000 5959
2025-07-09 12:04:49 INFO     4000 5959
2025-07-09 12:08:53 INFO     5000 5959
2025-07-09 12:12:50 INFO     >>>>> Generator: Training
2025-07-09 12:12:56 INFO     -------------------------
2025-07-09 12:12:56 INFO     | EM Iteration: 4/5
2025-07-09 12:12:56 INFO     -------------------------
2025-07-09 12:12:56 INFO     >>>>> Using Generator's sample rule
2025-07-09 12:12:56 INFO     >>>>> Generator: Rule generation with sampling
2025-07-09 12:12:56 INFO     Predictor: read 1928 rules from list.
2025-07-09 12:12:56 INFO     Preprocess training set
2025-07-09 12:12:56 INFO     >>>>> Predictor: Training
2025-07-09 12:14:26 INFO     1000 5959 8.787526 69271.3
2025-07-09 12:15:53 INFO     2000 5959 8.406225 69340.6
2025-07-09 12:17:19 INFO     3000 5959 8.140257 69384.0
2025-07-09 12:18:46 INFO     4000 5959 7.958239 69262.6
2025-07-09 12:20:13 INFO     5000 5959 7.799243 69332.0
2025-07-09 12:21:37 INFO     >>>>> Predictor: Evaluating on valid
2025-07-09 12:21:54 INFO     Data : 2077
2025-07-09 12:21:54 INFO     Hit1 : 0.010592
2025-07-09 12:21:54 INFO     Hit3 : 0.025036
2025-07-09 12:21:54 INFO     Hit10: 0.046702
2025-07-09 12:21:54 INFO     MR   : 1480.435243
2025-07-09 12:21:54 INFO     MRR  : 0.025936
2025-07-09 12:21:54 INFO     >>>>> Predictor: Evaluating on test
2025-07-09 12:22:14 INFO     Data : 2342
2025-07-09 12:22:14 INFO     Hit1 : 0.008967
2025-07-09 12:22:14 INFO     Hit3 : 0.020495
2025-07-09 12:22:14 INFO     Hit10: 0.041418
2025-07-09 12:22:14 INFO     MR   : 1366.691716
2025-07-09 12:22:14 INFO     MRR  : 0.023178
2025-07-09 12:22:14 INFO     >>>>> Predictor: Computing H scores of rules
2025-07-09 12:26:05 INFO     1000 5959
2025-07-09 12:29:58 INFO     2000 5959
2025-07-09 12:33:46 INFO     3000 5959
2025-07-09 12:37:33 INFO     4000 5959
2025-07-09 12:41:32 INFO     5000 5959
2025-07-09 12:45:29 INFO     >>>>> Generator: Training
2025-07-09 12:45:34 INFO     -------------------------
2025-07-09 12:45:34 INFO     | EM Iteration: 5/5
2025-07-09 12:45:34 INFO     -------------------------
2025-07-09 12:45:34 INFO     >>>>> Using Generator's sample rule
2025-07-09 12:45:34 INFO     >>>>> Generator: Rule generation with sampling
2025-07-09 12:45:35 INFO     Predictor: read 1954 rules from list.
2025-07-09 12:45:35 INFO     Preprocess training set
2025-07-09 12:45:35 INFO     >>>>> Predictor: Training
2025-07-09 12:47:05 INFO     1000 5959 8.823308 69332.0
2025-07-09 12:48:39 INFO     2000 5959 8.494090 69349.3
2025-07-09 12:50:13 INFO     3000 5959 8.288943 69340.6
2025-07-09 12:51:41 INFO     4000 5959 8.136858 69297.3
2025-07-09 12:53:11 INFO     5000 5959 8.034986 69219.2
2025-07-09 12:54:38 INFO     >>>>> Predictor: Evaluating on valid
2025-07-09 12:54:56 INFO     Data : 2077
2025-07-09 12:54:56 INFO     Hit1 : 0.024073
2025-07-09 12:54:56 INFO     Hit3 : 0.051035
2025-07-09 12:54:56 INFO     Hit10: 0.077997
2025-07-09 12:54:56 INFO     MR   : 1449.804526
2025-07-09 12:54:56 INFO     MRR  : 0.046191
2025-07-09 12:54:56 INFO     >>>>> Predictor: Evaluating on test
2025-07-09 12:55:18 INFO     Data : 2342
2025-07-09 12:55:18 INFO     Hit1 : 0.029035
2025-07-09 12:55:18 INFO     Hit3 : 0.052092
2025-07-09 12:55:18 INFO     Hit10: 0.077711
2025-07-09 12:55:18 INFO     MR   : 1350.263023
2025-07-09 12:55:18 INFO     MRR  : 0.049494
2025-07-09 12:55:18 INFO     >>>>> Predictor: Computing H scores of rules
2025-07-09 12:59:28 INFO     1000 5959
2025-07-09 13:03:30 INFO     2000 5959
2025-07-09 13:07:32 INFO     3000 5959
2025-07-09 13:11:41 INFO     4000 5959
2025-07-09 13:15:42 INFO     5000 5959
2025-07-09 13:19:43 INFO     >>>>> Generator: Training
2025-07-09 13:19:49 INFO     -------------------------
2025-07-09 13:19:49 INFO     | Post-train Generator
2025-07-09 13:19:49 INFO     -------------------------
2025-07-09 13:19:51 INFO     >>>>> Generator: Training
2025-07-09 13:20:47 INFO     [E01000] Total 2.969022 | Main 2.887865 | RelClus 1.704564 | EntType 2.848607
2025-07-09 13:20:47 INFO     -------------------------
2025-07-09 13:20:47 INFO     | Beam Search Best Rules
2025-07-09 13:20:47 INFO     -------------------------
2025-07-09 13:20:47 INFO     >>>>> Generator: Rule generation with beam search
2025-07-09 13:20:49 INFO     >>>>> Generator: Rule generation with beam search
2025-07-09 13:20:58 INFO     >>>>> Generator: Rule generation with beam search
2025-07-09 13:22:50 INFO     >>>>> Generator: Rule generation with beam search
2025-07-09 13:24:21 INFO     >>>>> Generator: Rule generation with beam search
2025-07-09 13:25:24 INFO     -------------------------
2025-07-09 13:25:24 INFO     | Train Final Predictor+
2025-07-09 13:25:24 INFO     -------------------------
2025-07-09 13:25:24 INFO     Predictor+: read 18420 rules from list.
2025-07-09 13:25:24 INFO     Preprocess training set
2025-07-09 13:25:24 INFO     -------------------------
2025-07-09 13:25:24 INFO     | Iteration: 1/5
2025-07-09 13:25:24 INFO     -------------------------
2025-07-09 13:25:24 INFO     >>>>> Predictor: Training
2025-07-09 13:33:14 INFO     1000 5959 4.896906 69271.3
2025-07-09 13:41:19 INFO     2000 5959 4.725475 69332.0
2025-07-09 13:49:23 INFO     3000 5959 4.707078 69375.3
2025-07-09 13:57:11 INFO     4000 5959 4.710910 69279.9
2025-07-09 14:04:51 INFO     5000 5959 4.679971 69349.3
2025-07-09 14:12:13 INFO     >>>>> Predictor: Evaluating on valid
2025-07-09 14:14:06 INFO     Data : 2077
2025-07-09 14:14:06 INFO     Hit1 : 0.102070
2025-07-09 14:14:06 INFO     Hit3 : 0.184882
2025-07-09 14:14:06 INFO     Hit10: 0.312470
2025-07-09 14:14:06 INFO     MR   : 983.967501
2025-07-09 14:14:06 INFO     MRR  : 0.168925
2025-07-09 14:14:06 INFO     >>>>> Predictor: Evaluating on test
2025-07-09 14:16:22 INFO     Data : 2342
2025-07-09 14:16:22 INFO     Hit1 : 0.123399
2025-07-09 14:16:22 INFO     Hit3 : 0.202818
2025-07-09 14:16:22 INFO     Hit10: 0.313407
2025-07-09 14:16:22 INFO     MR   : 919.610803
2025-07-09 14:16:22 INFO     MRR  : 0.186551
2025-07-09 14:16:22 INFO     Save checkpoint to results/semmeddb/10_times_each/cluster_k/3_20250709_061200/predictor.pt
2025-07-09 14:16:22 INFO     -------------------------
2025-07-09 14:16:22 INFO     | Iteration: 2/5
2025-07-09 14:16:22 INFO     -------------------------
2025-07-09 14:16:22 INFO     >>>>> Predictor: Training
2025-07-09 14:24:30 INFO     1000 5959 4.601448 69366.7
2025-07-09 14:32:36 INFO     2000 5959 4.649687 69375.3
2025-07-09 14:40:38 INFO     3000 5959 4.638898 69219.2
2025-07-09 14:48:45 INFO     4000 5959 4.651295 69305.9
2025-07-09 14:56:23 INFO     5000 5959 4.615961 69288.6
2025-07-09 15:04:01 INFO     >>>>> Predictor: Evaluating on valid
2025-07-09 15:06:01 INFO     Data : 2077
2025-07-09 15:06:01 INFO     Hit1 : 0.097256
2025-07-09 15:06:01 INFO     Hit3 : 0.187289
2025-07-09 15:06:01 INFO     Hit10: 0.318729
2025-07-09 15:06:01 INFO     MR   : 948.868560
2025-07-09 15:06:01 INFO     MRR  : 0.168596
2025-07-09 15:06:01 INFO     >>>>> Predictor: Evaluating on test
2025-07-09 15:08:15 INFO     Data : 2342
2025-07-09 15:08:15 INFO     Hit1 : 0.130231
2025-07-09 15:08:15 INFO     Hit3 : 0.217336
2025-07-09 15:08:15 INFO     Hit10: 0.318958
2025-07-09 15:08:15 INFO     MR   : 881.776260
2025-07-09 15:08:15 INFO     MRR  : 0.194849
2025-07-09 15:08:15 INFO     -------------------------
2025-07-09 15:08:15 INFO     | Iteration: 3/5
2025-07-09 15:08:15 INFO     -------------------------
2025-07-09 15:08:15 INFO     >>>>> Predictor: Training
2025-07-09 15:15:59 INFO     1000 5959 4.615991 69288.6
2025-07-09 15:23:59 INFO     2000 5959 4.616789 69288.6
2025-07-09 15:31:42 INFO     3000 5959 4.605940 69340.6
2025-07-09 15:39:23 INFO     4000 5959 4.615047 69271.3
2025-07-09 15:47:06 INFO     5000 5959 4.636212 69219.2
2025-07-09 15:54:30 INFO     >>>>> Predictor: Evaluating on valid
2025-07-09 15:56:25 INFO     Data : 2077
2025-07-09 15:56:25 INFO     Hit1 : 0.090034
2025-07-09 15:56:25 INFO     Hit3 : 0.178623
2025-07-09 15:56:25 INFO     Hit10: 0.302841
2025-07-09 15:56:25 INFO     MR   : 936.792730
2025-07-09 15:56:25 INFO     MRR  : 0.159894
2025-07-09 15:56:25 INFO     >>>>> Predictor: Evaluating on test
2025-07-09 15:58:34 INFO     Data : 2342
2025-07-09 15:58:34 INFO     Hit1 : 0.115713
2025-07-09 15:58:34 INFO     Hit3 : 0.201110
2025-07-09 15:58:34 INFO     Hit10: 0.312553
2025-07-09 15:58:34 INFO     MR   : 864.571520
2025-07-09 15:58:34 INFO     MRR  : 0.180632
2025-07-09 15:58:34 INFO     -------------------------
2025-07-09 15:58:34 INFO     | Iteration: 4/5
2025-07-09 15:58:34 INFO     -------------------------
2025-07-09 15:58:34 INFO     >>>>> Predictor: Training
2025-07-09 16:06:32 INFO     1000 5959 4.593585 69340.6
2025-07-09 16:14:17 INFO     2000 5959 4.562075 69184.5
2025-07-09 16:22:01 INFO     3000 5959 4.623253 69253.9
2025-07-09 16:29:49 INFO     4000 5959 4.598753 69340.6
2025-07-09 16:37:36 INFO     5000 5959 4.596211 69384.0
2025-07-09 16:45:23 INFO     >>>>> Predictor: Evaluating on valid
2025-07-09 16:47:27 INFO     Data : 2077
2025-07-09 16:47:27 INFO     Hit1 : 0.095811
2025-07-09 16:47:27 INFO     Hit3 : 0.183919
2025-07-09 16:47:27 INFO     Hit10: 0.314396
2025-07-09 16:47:27 INFO     MR   : 931.788397
2025-07-09 16:47:27 INFO     MRR  : 0.166261
2025-07-09 16:47:27 INFO     >>>>> Predictor: Evaluating on test
2025-07-09 16:49:46 INFO     Data : 2342
2025-07-09 16:49:46 INFO     Hit1 : 0.131085
2025-07-09 16:49:46 INFO     Hit3 : 0.204953
2025-07-09 16:49:46 INFO     Hit10: 0.314688
2025-07-09 16:49:46 INFO     MR   : 860.467976
2025-07-09 16:49:46 INFO     MRR  : 0.192544
2025-07-09 16:49:46 INFO     -------------------------
2025-07-09 16:49:46 INFO     | Iteration: 5/5
2025-07-09 16:49:46 INFO     -------------------------
2025-07-09 16:49:46 INFO     >>>>> Predictor: Training
2025-07-09 16:57:51 INFO     1000 5959 4.602462 69323.3
2025-07-09 17:05:49 INFO     2000 5959 4.582338 69332.0
2025-07-09 17:13:33 INFO     3000 5959 4.613391 69219.2
2025-07-09 17:21:23 INFO     4000 5959 4.608890 69297.3
2025-07-09 17:29:25 INFO     5000 5959 4.572240 69332.0
2025-07-09 17:37:02 INFO     >>>>> Predictor: Evaluating on valid
2025-07-09 17:38:58 INFO     Data : 2077
2025-07-09 17:38:58 INFO     Hit1 : 0.093885
2025-07-09 17:38:58 INFO     Hit3 : 0.183438
2025-07-09 17:38:58 INFO     Hit10: 0.316322
2025-07-09 17:38:58 INFO     MR   : 921.658161
2025-07-09 17:38:58 INFO     MRR  : 0.165093
2025-07-09 17:38:58 INFO     >>>>> Predictor: Evaluating on test
2025-07-09 17:41:09 INFO     Data : 2342
2025-07-09 17:41:09 INFO     Hit1 : 0.127669
2025-07-09 17:41:09 INFO     Hit3 : 0.208369
2025-07-09 17:41:09 INFO     Hit10: 0.316396
2025-07-09 17:41:09 INFO     MR   : 852.490606
2025-07-09 17:41:09 INFO     MRR  : 0.191290
2025-07-09 17:41:09 INFO     -------------------------
2025-07-09 17:41:09 INFO     | Final Test MRR: 0.186551
2025-07-09 17:41:09 INFO     -------------------------
