2025-05-25 23:09:18 INFO     -------------------------
2025-05-25 23:09:18 INFO     | Pre-train Generator
2025-05-25 23:09:18 INFO     -------------------------
2025-05-25 23:09:18 INFO     >>>>> Generator: Training
2025-05-25 23:09:23 INFO     [E1000] Total: 1.514979 | Main: 1.664777 | Aux: 0.915783
2025-05-25 23:09:27 INFO     [E2000] Total: 1.440192 | Main: 1.574683 | Aux: 0.902226
2025-05-25 23:09:31 INFO     [E3000] Total: 1.429971 | Main: 1.562342 | Aux: 0.900484
2025-05-25 23:09:35 INFO     [E4000] Total: 1.422680 | Main: 1.553450 | Aux: 0.899599
2025-05-25 23:09:39 INFO     [E5000] Total: 1.421345 | Main: 1.551956 | Aux: 0.898899
2025-05-25 23:09:43 INFO     [E6000] Total: 1.417527 | Main: 1.547302 | Aux: 0.898425
2025-05-25 23:09:47 INFO     [E7000] Total: 1.413918 | Main: 1.542916 | Aux: 0.897926
2025-05-25 23:09:51 INFO     [E8000] Total: 1.414991 | Main: 1.544308 | Aux: 0.897721
2025-05-25 23:09:55 INFO     [E9000] Total: 1.413746 | Main: 1.542793 | Aux: 0.897557
2025-05-25 23:09:59 INFO     [E10000] Total: 1.410867 | Main: 1.539281 | Aux: 0.897210
2025-05-25 23:09:59 INFO     -------------------------
2025-05-25 23:09:59 INFO     | EM Iteration: 1/5
2025-05-25 23:09:59 INFO     -------------------------
2025-05-25 23:09:59 INFO     >>>>> Generator: Rule generation with sampling
2025-05-25 23:09:59 INFO     Predictor: read 1295 rules from list.
2025-05-25 23:09:59 INFO     Preprocess training set
2025-05-25 23:09:59 INFO     >>>>> Predictor: Training
2025-05-25 23:10:36 INFO     1000 12313 8.219896 69358.0
2025-05-25 23:11:14 INFO     2000 12313 7.786499 69332.0
2025-05-25 23:11:51 INFO     3000 12313 7.566356 69384.0
2025-05-25 23:12:28 INFO     4000 12313 7.454086 69279.9
2025-05-25 23:13:07 INFO     5000 12313 7.342898 69332.0
2025-05-25 23:13:45 INFO     6000 12313 7.256716 69384.0
2025-05-25 23:14:22 INFO     7000 12313 7.177892 69297.3
2025-05-25 23:14:59 INFO     8000 12313 7.164053 69323.3
2025-05-25 23:15:36 INFO     9000 12313 7.096045 69358.0
2025-05-25 23:16:13 INFO     10000 12313 7.088049 69332.0
2025-05-25 23:16:49 INFO     11000 12313 7.044731 69366.7
2025-05-25 23:17:26 INFO     12000 12313 7.015729 69279.9
2025-05-25 23:17:38 INFO     >>>>> Predictor: Evaluating on valid
2025-05-25 23:17:55 INFO     Data : 3823
2025-05-25 23:17:55 INFO     Hit1 : 0.026681
2025-05-25 23:17:55 INFO     Hit3 : 0.048914
2025-05-25 23:17:55 INFO     Hit10: 0.095998
2025-05-25 23:17:55 INFO     MR   : 1179.560685
2025-05-25 23:17:55 INFO     MRR  : 0.050910
2025-05-25 23:17:55 INFO     >>>>> Predictor: Evaluating on test
2025-05-25 23:18:13 INFO     Data : 4402
2025-05-25 23:18:13 INFO     Hit1 : 0.030668
2025-05-25 23:18:13 INFO     Hit3 : 0.058383
2025-05-25 23:18:13 INFO     Hit10: 0.095184
2025-05-25 23:18:13 INFO     MR   : 1171.085075
2025-05-25 23:18:13 INFO     MRR  : 0.056151
2025-05-25 23:18:13 INFO     >>>>> Predictor: Computing H scores of rules
2025-05-25 23:18:53 INFO     1000 12313
2025-05-25 23:19:32 INFO     2000 12313
2025-05-25 23:20:11 INFO     3000 12313
2025-05-25 23:20:51 INFO     4000 12313
2025-05-25 23:21:30 INFO     5000 12313
2025-05-25 23:22:09 INFO     6000 12313
2025-05-25 23:22:48 INFO     7000 12313
2025-05-25 23:23:28 INFO     8000 12313
2025-05-25 23:24:07 INFO     9000 12313
2025-05-25 23:24:46 INFO     10000 12313
2025-05-25 23:25:24 INFO     11000 12313
2025-05-25 23:26:03 INFO     12000 12313
2025-05-25 23:26:16 INFO     >>>>> Generator: Training
2025-05-25 23:26:16 INFO     -------------------------
2025-05-25 23:26:16 INFO     | EM Iteration: 2/5
2025-05-25 23:26:16 INFO     -------------------------
2025-05-25 23:26:16 INFO     >>>>> Generator: Rule generation with sampling
2025-05-25 23:26:16 INFO     Predictor: read 1375 rules from list.
2025-05-25 23:26:16 INFO     Preprocess training set
2025-05-25 23:26:16 INFO     >>>>> Predictor: Training
2025-05-25 23:26:56 INFO     1000 12313 8.242665 69366.7
2025-05-25 23:27:35 INFO     2000 12313 7.770307 69279.9
2025-05-25 23:28:14 INFO     3000 12313 7.601024 69253.9
2025-05-25 23:28:53 INFO     4000 12313 7.448927 69340.6
2025-05-25 23:29:32 INFO     5000 12313 7.369196 69366.7
2025-05-25 23:30:11 INFO     6000 12313 7.282098 69358.0
2025-05-25 23:30:51 INFO     7000 12313 7.244426 69366.7
2025-05-25 23:31:30 INFO     8000 12313 7.227480 69384.0
2025-05-25 23:32:08 INFO     9000 12313 7.183973 69262.6
2025-05-25 23:32:48 INFO     10000 12313 7.155819 69323.3
2025-05-25 23:33:27 INFO     11000 12313 7.130635 69366.7
2025-05-25 23:34:06 INFO     12000 12313 7.120220 69332.0
2025-05-25 23:34:18 INFO     >>>>> Predictor: Evaluating on valid
2025-05-25 23:34:34 INFO     Data : 3823
2025-05-25 23:34:34 INFO     Hit1 : 0.027988
2025-05-25 23:34:34 INFO     Hit3 : 0.061732
2025-05-25 23:34:34 INFO     Hit10: 0.117709
2025-05-25 23:34:34 INFO     MR   : 1166.938661
2025-05-25 23:34:34 INFO     MRR  : 0.058963
2025-05-25 23:34:34 INFO     >>>>> Predictor: Evaluating on test
2025-05-25 23:34:52 INFO     Data : 4402
2025-05-25 23:34:52 INFO     Hit1 : 0.036120
2025-05-25 23:34:52 INFO     Hit3 : 0.066788
2025-05-25 23:34:52 INFO     Hit10: 0.116765
2025-05-25 23:34:52 INFO     MR   : 1158.473989
2025-05-25 23:34:52 INFO     MRR  : 0.065330
2025-05-25 23:34:52 INFO     >>>>> Predictor: Computing H scores of rules
2025-05-25 23:35:33 INFO     1000 12313
2025-05-25 23:36:13 INFO     2000 12313
2025-05-25 23:36:53 INFO     3000 12313
2025-05-25 23:37:34 INFO     4000 12313
2025-05-25 23:38:14 INFO     5000 12313
2025-05-25 23:38:55 INFO     6000 12313
2025-05-25 23:39:35 INFO     7000 12313
2025-05-25 23:40:16 INFO     8000 12313
2025-05-25 23:40:57 INFO     9000 12313
2025-05-25 23:41:38 INFO     10000 12313
2025-05-25 23:42:19 INFO     11000 12313
2025-05-25 23:43:00 INFO     12000 12313
2025-05-25 23:43:13 INFO     >>>>> Generator: Training
2025-05-25 23:43:14 INFO     -------------------------
2025-05-25 23:43:14 INFO     | EM Iteration: 3/5
2025-05-25 23:43:14 INFO     -------------------------
2025-05-25 23:43:14 INFO     >>>>> Generator: Rule generation with sampling
2025-05-25 23:43:14 INFO     Predictor: read 1467 rules from list.
2025-05-25 23:43:14 INFO     Preprocess training set
2025-05-25 23:43:14 INFO     >>>>> Predictor: Training
2025-05-25 23:43:54 INFO     1000 12313 8.184389 69384.0
2025-05-25 23:44:34 INFO     2000 12313 7.697467 69384.0
2025-05-25 23:45:14 INFO     3000 12313 7.433625 69253.9
2025-05-25 23:45:55 INFO     4000 12313 7.291678 69323.3
2025-05-25 23:46:35 INFO     5000 12313 7.174359 69384.0
2025-05-25 23:47:17 INFO     6000 12313 7.052800 69323.3
2025-05-25 23:47:59 INFO     7000 12313 6.973777 69366.7
2025-05-25 23:48:41 INFO     8000 12313 6.907307 69332.0
2025-05-25 23:49:23 INFO     9000 12313 6.804001 69384.0
2025-05-25 23:50:04 INFO     10000 12313 6.802016 69227.9
2025-05-25 23:50:45 INFO     11000 12313 6.743660 69340.6
2025-05-25 23:51:25 INFO     12000 12313 6.710308 69297.3
2025-05-25 23:51:37 INFO     >>>>> Predictor: Evaluating on valid
2025-05-25 23:51:54 INFO     Data : 3823
2025-05-25 23:51:54 INFO     Hit1 : 0.027204
2025-05-25 23:51:54 INFO     Hit3 : 0.059639
2025-05-25 23:51:54 INFO     Hit10: 0.121371
2025-05-25 23:51:54 INFO     MR   : 1151.986398
2025-05-25 23:51:54 INFO     MRR  : 0.059092
2025-05-25 23:51:54 INFO     >>>>> Predictor: Evaluating on test
2025-05-25 23:52:12 INFO     Data : 4402
2025-05-25 23:52:12 INFO     Hit1 : 0.036120
2025-05-25 23:52:12 INFO     Hit3 : 0.065879
2025-05-25 23:52:12 INFO     Hit10: 0.128578
2025-05-25 23:52:12 INFO     MR   : 1132.450136
2025-05-25 23:52:12 INFO     MRR  : 0.066430
2025-05-25 23:52:12 INFO     >>>>> Predictor: Computing H scores of rules
2025-05-25 23:52:54 INFO     1000 12313
2025-05-25 23:53:37 INFO     2000 12313
2025-05-25 23:54:20 INFO     3000 12313
2025-05-25 23:55:02 INFO     4000 12313
2025-05-25 23:55:44 INFO     5000 12313
2025-05-25 23:56:27 INFO     6000 12313
2025-05-25 23:57:09 INFO     7000 12313
2025-05-25 23:57:51 INFO     8000 12313
2025-05-25 23:58:33 INFO     9000 12313
2025-05-25 23:59:16 INFO     10000 12313
2025-05-25 23:59:58 INFO     11000 12313
2025-05-26 00:00:41 INFO     12000 12313
2025-05-26 00:00:54 INFO     >>>>> Generator: Training
2025-05-26 00:00:54 INFO     -------------------------
2025-05-26 00:00:54 INFO     | EM Iteration: 4/5
2025-05-26 00:00:54 INFO     -------------------------
2025-05-26 00:00:54 INFO     >>>>> Generator: Rule generation with sampling
2025-05-26 00:00:54 INFO     Predictor: read 1474 rules from list.
2025-05-26 00:00:54 INFO     Preprocess training set
2025-05-26 00:00:54 INFO     >>>>> Predictor: Training
2025-05-26 00:01:35 INFO     1000 12313 8.229425 69314.6
2025-05-26 00:02:15 INFO     2000 12313 7.746041 69279.9
2025-05-26 00:02:55 INFO     3000 12313 7.499289 69366.7
2025-05-26 00:03:35 INFO     4000 12313 7.369514 69366.7
2025-05-26 00:04:15 INFO     5000 12313 7.274916 69288.6
2025-05-26 00:04:55 INFO     6000 12313 7.174246 69340.6
2025-05-26 00:05:37 INFO     7000 12313 7.086258 69384.0
2025-05-26 00:06:18 INFO     8000 12313 7.011553 69340.6
2025-05-26 00:06:58 INFO     9000 12313 7.001375 69384.0
2025-05-26 00:07:38 INFO     10000 12313 6.938602 69288.6
2025-05-26 00:08:19 INFO     11000 12313 6.908124 69262.6
2025-05-26 00:08:59 INFO     12000 12313 6.906296 69384.0
2025-05-26 00:09:12 INFO     >>>>> Predictor: Evaluating on valid
2025-05-26 00:09:29 INFO     Data : 3823
2025-05-26 00:09:29 INFO     Hit1 : 0.037405
2025-05-26 00:09:29 INFO     Hit3 : 0.075334
2025-05-26 00:09:29 INFO     Hit10: 0.142035
2025-05-26 00:09:29 INFO     MR   : 1100.505624
2025-05-26 00:09:29 INFO     MRR  : 0.073236
2025-05-26 00:09:29 INFO     >>>>> Predictor: Evaluating on test
2025-05-26 00:09:49 INFO     Data : 4402
2025-05-26 00:09:49 INFO     Hit1 : 0.045888
2025-05-26 00:09:49 INFO     Hit3 : 0.086779
2025-05-26 00:09:49 INFO     Hit10: 0.151068
2025-05-26 00:09:49 INFO     MR   : 1107.638914
2025-05-26 00:09:49 INFO     MRR  : 0.081993
2025-05-26 00:09:49 INFO     >>>>> Predictor: Computing H scores of rules
2025-05-26 00:10:32 INFO     1000 12313
2025-05-26 00:11:15 INFO     2000 12313
2025-05-26 00:11:58 INFO     3000 12313
2025-05-26 00:12:40 INFO     4000 12313
2025-05-26 00:13:23 INFO     5000 12313
2025-05-26 00:14:05 INFO     6000 12313
2025-05-26 00:14:48 INFO     7000 12313
2025-05-26 00:15:30 INFO     8000 12313
2025-05-26 00:16:13 INFO     9000 12313
2025-05-26 00:16:56 INFO     10000 12313
2025-05-26 00:17:39 INFO     11000 12313
2025-05-26 00:18:22 INFO     12000 12313
2025-05-26 00:18:35 INFO     >>>>> Generator: Training
2025-05-26 00:18:36 INFO     -------------------------
2025-05-26 00:18:36 INFO     | EM Iteration: 5/5
2025-05-26 00:18:36 INFO     -------------------------
2025-05-26 00:18:36 INFO     >>>>> Generator: Rule generation with sampling
2025-05-26 00:18:36 INFO     Predictor: read 1563 rules from list.
2025-05-26 00:18:36 INFO     Preprocess training set
2025-05-26 00:18:36 INFO     >>>>> Predictor: Training
2025-05-26 00:19:18 INFO     1000 12313 8.248501 69340.6
2025-05-26 00:20:00 INFO     2000 12313 7.805814 69288.6
2025-05-26 00:20:42 INFO     3000 12313 7.603750 69366.7
2025-05-26 00:21:23 INFO     4000 12313 7.496868 69305.9
2025-05-26 00:22:05 INFO     5000 12313 7.378214 69323.3
2025-05-26 00:22:47 INFO     6000 12313 7.331650 69384.0
2025-05-26 00:23:29 INFO     7000 12313 7.280793 69279.9
2025-05-26 00:24:11 INFO     8000 12313 7.207998 69384.0
2025-05-26 00:24:53 INFO     9000 12313 7.209316 69366.7
2025-05-26 00:25:35 INFO     10000 12313 7.167906 69297.3
2025-05-26 00:26:16 INFO     11000 12313 7.131020 69279.9
2025-05-26 00:26:58 INFO     12000 12313 7.142280 69384.0
2025-05-26 00:27:10 INFO     >>>>> Predictor: Evaluating on valid
2025-05-26 00:27:28 INFO     Data : 3823
2025-05-26 00:27:28 INFO     Hit1 : 0.026419
2025-05-26 00:27:28 INFO     Hit3 : 0.050745
2025-05-26 00:27:28 INFO     Hit10: 0.098091
2025-05-26 00:27:28 INFO     MR   : 1190.643343
2025-05-26 00:27:28 INFO     MRR  : 0.052222
2025-05-26 00:27:28 INFO     >>>>> Predictor: Evaluating on test
2025-05-26 00:27:48 INFO     Data : 4402
2025-05-26 00:27:48 INFO     Hit1 : 0.031122
2025-05-26 00:27:48 INFO     Hit3 : 0.054975
2025-05-26 00:27:48 INFO     Hit10: 0.097456
2025-05-26 00:27:48 INFO     MR   : 1181.726374
2025-05-26 00:27:48 INFO     MRR  : 0.055774
2025-05-26 00:27:48 INFO     >>>>> Predictor: Computing H scores of rules
2025-05-26 00:28:31 INFO     1000 12313
2025-05-26 00:29:15 INFO     2000 12313
2025-05-26 00:29:58 INFO     3000 12313
2025-05-26 00:30:43 INFO     4000 12313
2025-05-26 00:31:27 INFO     5000 12313
2025-05-26 00:32:12 INFO     6000 12313
2025-05-26 00:32:56 INFO     7000 12313
2025-05-26 00:33:40 INFO     8000 12313
2025-05-26 00:34:24 INFO     9000 12313
2025-05-26 00:35:09 INFO     10000 12313
2025-05-26 00:35:53 INFO     11000 12313
2025-05-26 00:36:39 INFO     12000 12313
2025-05-26 00:36:53 INFO     >>>>> Generator: Training
2025-05-26 00:36:53 INFO     -------------------------
2025-05-26 00:36:53 INFO     | Post-train Generator
2025-05-26 00:36:53 INFO     -------------------------
2025-05-26 00:36:53 INFO     >>>>> Generator: Training
2025-05-26 00:36:57 INFO     [E1000] Total: 1.580297 | Main: 1.755347 | Aux: 0.880097
2025-05-26 00:36:57 INFO     -------------------------
2025-05-26 00:36:57 INFO     | Beam Search Best Rules
2025-05-26 00:36:57 INFO     -------------------------
2025-05-26 00:36:57 INFO     >>>>> Generator: Rule generation with beam search
2025-05-26 00:36:58 INFO     >>>>> Generator: Rule generation with beam search
2025-05-26 00:36:59 INFO     >>>>> Generator: Rule generation with beam search
2025-05-26 00:37:07 INFO     >>>>> Generator: Rule generation with beam search
2025-05-26 00:37:12 INFO     >>>>> Generator: Rule generation with beam search
2025-05-26 00:37:16 INFO     -------------------------
2025-05-26 00:37:16 INFO     | Train Final Predictor+
2025-05-26 00:37:16 INFO     -------------------------
2025-05-26 00:37:16 INFO     Predictor+: read 18420 rules from list.
2025-05-26 00:37:16 INFO     Preprocess training set
2025-05-26 00:37:16 INFO     -------------------------
2025-05-26 00:37:16 INFO     | Iteration: 1/5
2025-05-26 00:37:16 INFO     -------------------------
2025-05-26 00:37:16 INFO     >>>>> Predictor: Training
2025-05-26 00:43:37 INFO     1000 12313 4.688751 69314.6
2025-05-26 00:49:56 INFO     2000 12313 4.490990 69366.7
2025-05-26 00:56:21 INFO     3000 12313 4.450581 69279.9
2025-05-26 01:03:06 INFO     4000 12313 4.446031 69340.6
2025-05-26 01:09:26 INFO     5000 12313 4.481804 69236.6
2025-05-26 01:15:47 INFO     6000 12313 4.442736 69366.7
2025-05-26 01:22:06 INFO     7000 12313 4.424929 69323.3
2025-05-26 01:28:27 INFO     8000 12313 4.462352 69349.3
2025-05-26 01:34:48 INFO     9000 12313 4.424628 69384.0
2025-05-26 01:41:08 INFO     10000 12313 4.418766 69384.0
2025-05-26 01:47:29 INFO     11000 12313 4.440872 69288.6
2025-05-26 01:53:52 INFO     12000 12313 4.446938 69366.7
2025-05-26 01:55:51 INFO     >>>>> Predictor: Evaluating on valid
2025-05-26 01:58:38 INFO     Data : 3823
2025-05-26 01:58:38 INFO     Hit1 : 0.074026
2025-05-26 01:58:38 INFO     Hit3 : 0.156422
2025-05-26 01:58:38 INFO     Hit10: 0.290871
2025-05-26 01:58:38 INFO     MR   : 627.490191
2025-05-26 01:58:38 INFO     MRR  : 0.144829
2025-05-26 01:58:38 INFO     >>>>> Predictor: Evaluating on test
2025-05-26 02:01:52 INFO     Data : 4402
2025-05-26 02:01:52 INFO     Hit1 : 0.103135
2025-05-26 02:01:52 INFO     Hit3 : 0.191277
2025-05-26 02:01:52 INFO     Hit10: 0.316901
2025-05-26 02:01:52 INFO     MR   : 607.201726
2025-05-26 02:01:52 INFO     MRR  : 0.174962
2025-05-26 02:01:52 INFO     Save checkpoint to results/semmeddb/multitask/cluster_4/full/fixed/predictor.pt
2025-05-26 02:01:52 INFO     -------------------------
2025-05-26 02:01:52 INFO     | Iteration: 2/5
2025-05-26 02:01:52 INFO     -------------------------
2025-05-26 02:01:52 INFO     >>>>> Predictor: Training
2025-05-26 02:08:15 INFO     1000 12313 4.384957 69384.0
2025-05-26 02:14:36 INFO     2000 12313 4.379819 69384.0
2025-05-26 02:20:59 INFO     3000 12313 4.392364 69340.6
2025-05-26 02:27:18 INFO     4000 12313 4.395475 69305.9
2025-05-26 02:33:40 INFO     5000 12313 4.405193 69340.6
2025-05-26 02:40:01 INFO     6000 12313 4.408138 69297.3
2025-05-26 02:46:28 INFO     7000 12313 4.393148 69323.3
2025-05-26 02:52:49 INFO     8000 12313 4.416467 69366.7
2025-05-26 02:59:16 INFO     9000 12313 4.392327 69297.3
2025-05-26 03:05:39 INFO     10000 12313 4.404197 69366.7
2025-05-26 03:12:02 INFO     11000 12313 4.408743 69314.6
2025-05-26 03:18:30 INFO     12000 12313 4.420936 69279.9
2025-05-26 03:20:30 INFO     >>>>> Predictor: Evaluating on valid
2025-05-26 03:23:19 INFO     Data : 3823
2025-05-26 03:23:19 INFO     Hit1 : 0.081088
2025-05-26 03:23:19 INFO     Hit3 : 0.154852
2025-05-26 03:23:19 INFO     Hit10: 0.298980
2025-05-26 03:23:19 INFO     MR   : 610.458279
2025-05-26 03:23:19 INFO     MRR  : 0.149322
2025-05-26 03:23:19 INFO     >>>>> Predictor: Evaluating on test
2025-05-26 03:26:32 INFO     Data : 4402
2025-05-26 03:26:32 INFO     Hit1 : 0.108360
2025-05-26 03:26:32 INFO     Hit3 : 0.193094
2025-05-26 03:26:32 INFO     Hit10: 0.324171
2025-05-26 03:26:32 INFO     MR   : 583.527488
2025-05-26 03:26:32 INFO     MRR  : 0.178811
2025-05-26 03:26:32 INFO     Save checkpoint to results/semmeddb/multitask/cluster_4/full/fixed/predictor.pt
2025-05-26 03:26:32 INFO     -------------------------
2025-05-26 03:26:32 INFO     | Iteration: 3/5
2025-05-26 03:26:32 INFO     -------------------------
2025-05-26 03:26:32 INFO     >>>>> Predictor: Training
2025-05-26 03:32:57 INFO     1000 12313 4.387383 69262.6
2025-05-26 03:39:18 INFO     2000 12313 4.368101 69384.0
2025-05-26 03:45:39 INFO     3000 12313 4.347377 69262.6
2025-05-26 03:52:01 INFO     4000 12313 4.388753 69323.3
2025-05-26 03:58:22 INFO     5000 12313 4.359981 69366.7
2025-05-26 04:04:43 INFO     6000 12313 4.384948 69323.3
2025-05-26 04:11:04 INFO     7000 12313 4.386971 69366.7
2025-05-26 04:17:27 INFO     8000 12313 4.399085 69384.0
2025-05-26 04:23:49 INFO     9000 12313 4.379864 69349.3
2025-05-26 04:30:10 INFO     10000 12313 4.403268 69314.6
2025-05-26 04:36:32 INFO     11000 12313 4.364293 69349.3
2025-05-26 04:42:53 INFO     12000 12313 4.397937 69314.6
2025-05-26 04:44:52 INFO     >>>>> Predictor: Evaluating on valid
2025-05-26 04:47:38 INFO     Data : 3823
2025-05-26 04:47:38 INFO     Hit1 : 0.078472
2025-05-26 04:47:38 INFO     Hit3 : 0.150405
2025-05-26 04:47:38 INFO     Hit10: 0.295056
2025-05-26 04:47:38 INFO     MR   : 607.816113
2025-05-26 04:47:38 INFO     MRR  : 0.148300
2025-05-26 04:47:38 INFO     >>>>> Predictor: Evaluating on test
2025-05-26 04:50:48 INFO     Data : 4402
2025-05-26 04:50:48 INFO     Hit1 : 0.111313
2025-05-26 04:50:48 INFO     Hit3 : 0.198319
2025-05-26 04:50:48 INFO     Hit10: 0.326443
2025-05-26 04:50:48 INFO     MR   : 576.252612
2025-05-26 04:50:48 INFO     MRR  : 0.181323
2025-05-26 04:50:48 INFO     -------------------------
2025-05-26 04:50:48 INFO     | Iteration: 4/5
2025-05-26 04:50:48 INFO     -------------------------
2025-05-26 04:50:48 INFO     >>>>> Predictor: Training
2025-05-26 04:57:10 INFO     1000 12313 4.336264 69384.0
2025-05-26 05:03:32 INFO     2000 12313 4.358386 69340.6
2025-05-26 05:09:50 INFO     3000 12313 4.365737 69384.0
2025-05-26 05:16:05 INFO     4000 12313 4.394307 69253.9
2025-05-26 05:22:21 INFO     5000 12313 4.378652 69262.6
2025-05-26 05:28:37 INFO     6000 12313 4.395477 69340.6
2025-05-26 05:34:52 INFO     7000 12313 4.373299 69314.6
2025-05-26 05:41:09 INFO     8000 12313 4.352055 69323.3
2025-05-26 05:47:35 INFO     9000 12313 4.386841 69366.7
2025-05-26 05:53:58 INFO     10000 12313 4.355980 69349.3
2025-05-26 06:00:14 INFO     11000 12313 4.366268 69366.7
2025-05-26 06:06:40 INFO     12000 12313 4.384214 69366.7
2025-05-26 06:08:39 INFO     >>>>> Predictor: Evaluating on valid
2025-05-26 06:11:24 INFO     Data : 3823
2025-05-26 06:11:24 INFO     Hit1 : 0.076641
2025-05-26 06:11:24 INFO     Hit3 : 0.155114
2025-05-26 06:11:24 INFO     Hit10: 0.300811
2025-05-26 06:11:24 INFO     MR   : 602.321475
2025-05-26 06:11:24 INFO     MRR  : 0.148291
2025-05-26 06:11:24 INFO     >>>>> Predictor: Evaluating on test
2025-05-26 06:14:34 INFO     Data : 4402
2025-05-26 06:14:34 INFO     Hit1 : 0.106315
2025-05-26 06:14:34 INFO     Hit3 : 0.194457
2025-05-26 06:14:34 INFO     Hit10: 0.323262
2025-05-26 06:14:34 INFO     MR   : 570.433099
2025-05-26 06:14:34 INFO     MRR  : 0.178015
2025-05-26 06:14:34 INFO     -------------------------
2025-05-26 06:14:34 INFO     | Iteration: 5/5
2025-05-26 06:14:34 INFO     -------------------------
2025-05-26 06:14:34 INFO     >>>>> Predictor: Training
2025-05-26 06:20:53 INFO     1000 12313 4.335736 69323.3
2025-05-26 06:27:13 INFO     2000 12313 4.363614 69384.0
2025-05-26 06:33:32 INFO     3000 12313 4.356625 69245.2
2025-05-26 06:39:52 INFO     4000 12313 4.337427 69384.0
2025-05-26 06:46:11 INFO     5000 12313 4.383077 69366.7
2025-05-26 06:52:31 INFO     6000 12313 4.357887 69323.3
2025-05-26 06:58:47 INFO     7000 12313 4.376516 69384.0
2025-05-26 07:05:02 INFO     8000 12313 4.387413 69297.3
2025-05-26 07:11:16 INFO     9000 12313 4.365113 69384.0
2025-05-26 07:17:30 INFO     10000 12313 4.363111 69271.3
2025-05-26 07:23:45 INFO     11000 12313 4.361690 69340.6
2025-05-26 07:29:59 INFO     12000 12313 4.343923 69297.3
2025-05-26 07:31:57 INFO     >>>>> Predictor: Evaluating on valid
2025-05-26 07:34:43 INFO     Data : 3823
2025-05-26 07:34:43 INFO     Hit1 : 0.079780
2025-05-26 07:34:43 INFO     Hit3 : 0.158514
2025-05-26 07:34:43 INFO     Hit10: 0.296364
2025-05-26 07:34:43 INFO     MR   : 596.461287
2025-05-26 07:34:43 INFO     MRR  : 0.149261
2025-05-26 07:34:43 INFO     >>>>> Predictor: Evaluating on test
2025-05-26 07:37:54 INFO     Data : 4402
2025-05-26 07:37:54 INFO     Hit1 : 0.104952
2025-05-26 07:37:54 INFO     Hit3 : 0.187642
2025-05-26 07:37:54 INFO     Hit10: 0.318037
2025-05-26 07:37:54 INFO     MR   : 570.252385
2025-05-26 07:37:54 INFO     MRR  : 0.174905
2025-05-26 07:37:54 INFO     -------------------------
2025-05-26 07:37:54 INFO     | Final Test MRR: 0.178811
2025-05-26 07:37:54 INFO     -------------------------
