2025-07-21 07:12:56 INFO     is_soft_label: False
2025-07-21 07:12:56 INFO     is_scheduled_sampling: False
2025-07-21 07:12:56 INFO     is_test_mode: False
2025-07-21 07:12:56 INFO     Data loading | DONE!
2025-07-21 07:12:56 INFO     Using full datasets for training, validation, and testing.
2025-07-21 07:12:57 INFO     -------------------------
2025-07-21 07:12:57 INFO     | EM Iteration: 1/5
2025-07-21 07:12:57 INFO     -------------------------
2025-07-21 07:12:57 INFO     >>>>> Using miner's rule
2025-07-21 07:12:57 INFO     Predictor: read 13661 rules from list.
2025-07-21 07:12:58 INFO     Preprocess training set
2025-07-21 07:12:58 INFO     >>>>> Predictor: Evaluating on valid
2025-07-21 07:15:12 INFO     Data : 2077
2025-07-21 07:15:12 INFO     Hit1 : 0.065479
2025-07-21 07:15:12 INFO     Hit3 : 0.127106
2025-07-21 07:15:12 INFO     Hit10: 0.199326
2025-07-21 07:15:12 INFO     MR   : 1120.902022
2025-07-21 07:15:12 INFO     MRR  : 0.114382
2025-07-21 07:15:12 INFO     >>>>> Predictor: Evaluating on test
2025-07-21 07:17:42 INFO     Data : 2342
2025-07-21 07:17:42 INFO     Hit1 : 0.078992
2025-07-21 07:17:42 INFO     Hit3 : 0.124253
2025-07-21 07:17:42 INFO     Hit10: 0.208796
2025-07-21 07:17:42 INFO     MR   : 1044.269001
2025-07-21 07:17:42 INFO     MRR  : 0.122250
2025-07-21 07:17:42 INFO     >>>>> Predictor: Computing H scores of rules
2025-07-21 07:50:54 INFO     1000 5959
2025-07-21 08:24:46 INFO     2000 5959
2025-07-21 08:58:10 INFO     3000 5959
2025-07-21 09:31:41 INFO     4000 5959
2025-07-21 10:05:09 INFO     5000 5959
2025-07-21 10:39:13 INFO     >>>>> Generator: Training
2025-07-21 10:39:19 INFO     -------------------------
2025-07-21 10:39:19 INFO     | EM Iteration: 2/5
2025-07-21 10:39:19 INFO     -------------------------
2025-07-21 10:39:19 INFO     >>>>> Using Generator's sample rule
2025-07-21 10:39:19 INFO     >>>>> Generator: Rule generation with sampling
2025-07-21 10:39:19 INFO     Predictor: read 1904 rules from list.
2025-07-21 10:39:19 INFO     Preprocess training set
2025-07-21 10:39:19 INFO     >>>>> Predictor: Training
2025-07-21 10:40:19 INFO     1000 5959 8.782312 69314.6
2025-07-21 10:41:19 INFO     2000 5959 8.410004 69271.3
2025-07-21 10:42:19 INFO     3000 5959 8.219053 69245.2
2025-07-21 10:43:20 INFO     4000 5959 8.065449 69340.6
2025-07-21 10:44:21 INFO     5000 5959 7.940880 69340.6
2025-07-21 10:45:20 INFO     >>>>> Predictor: Evaluating on valid
2025-07-21 10:45:30 INFO     Data : 2077
2025-07-21 10:45:30 INFO     Hit1 : 0.025036
2025-07-21 10:45:30 INFO     Hit3 : 0.040924
2025-07-21 10:45:30 INFO     Hit10: 0.064035
2025-07-21 10:45:30 INFO     MR   : 1407.828117
2025-07-21 10:45:30 INFO     MRR  : 0.041154
2025-07-21 10:45:30 INFO     >>>>> Predictor: Evaluating on test
2025-07-21 10:45:43 INFO     Data : 2342
2025-07-21 10:45:43 INFO     Hit1 : 0.019641
2025-07-21 10:45:43 INFO     Hit3 : 0.030743
2025-07-21 10:45:43 INFO     Hit10: 0.056362
2025-07-21 10:45:43 INFO     MR   : 1317.205807
2025-07-21 10:45:43 INFO     MRR  : 0.034766
2025-07-21 10:45:43 INFO     >>>>> Predictor: Computing H scores of rules
2025-07-21 10:48:22 INFO     1000 5959
2025-07-21 10:51:03 INFO     2000 5959
2025-07-21 10:53:43 INFO     3000 5959
2025-07-21 10:56:23 INFO     4000 5959
2025-07-21 10:59:02 INFO     5000 5959
2025-07-21 11:01:39 INFO     >>>>> Generator: Training
2025-07-21 11:01:44 INFO     -------------------------
2025-07-21 11:01:44 INFO     | EM Iteration: 3/5
2025-07-21 11:01:44 INFO     -------------------------
2025-07-21 11:01:44 INFO     >>>>> Using Generator's sample rule
2025-07-21 11:01:44 INFO     >>>>> Generator: Rule generation with sampling
2025-07-21 11:01:44 INFO     Predictor: read 1877 rules from list.
2025-07-21 11:01:44 INFO     Preprocess training set
2025-07-21 11:01:44 INFO     >>>>> Predictor: Training
2025-07-21 11:02:44 INFO     1000 5959 8.809976 69332.0
2025-07-21 11:03:43 INFO     2000 5959 8.469537 69349.3
2025-07-21 11:04:42 INFO     3000 5959 8.254404 69184.5
2025-07-21 11:05:43 INFO     4000 5959 8.080450 69253.9
2025-07-21 11:06:42 INFO     5000 5959 7.983767 69332.0
2025-07-21 11:07:39 INFO     >>>>> Predictor: Evaluating on valid
2025-07-21 11:07:50 INFO     Data : 2077
2025-07-21 11:07:50 INFO     Hit1 : 0.010592
2025-07-21 11:07:50 INFO     Hit3 : 0.025999
2025-07-21 11:07:50 INFO     Hit10: 0.051035
2025-07-21 11:07:50 INFO     MR   : 1450.381801
2025-07-21 11:07:50 INFO     MRR  : 0.026797
2025-07-21 11:07:50 INFO     >>>>> Predictor: Evaluating on test
2025-07-21 11:08:02 INFO     Data : 2342
2025-07-21 11:08:02 INFO     Hit1 : 0.014091
2025-07-21 11:08:02 INFO     Hit3 : 0.024765
2025-07-21 11:08:02 INFO     Hit10: 0.047395
2025-07-21 11:08:02 INFO     MR   : 1340.377455
2025-07-21 11:08:02 INFO     MRR  : 0.028016
2025-07-21 11:08:02 INFO     >>>>> Predictor: Computing H scores of rules
2025-07-21 11:10:39 INFO     1000 5959
2025-07-21 11:13:15 INFO     2000 5959
2025-07-21 11:15:52 INFO     3000 5959
2025-07-21 11:18:30 INFO     4000 5959
2025-07-21 11:21:10 INFO     5000 5959
2025-07-21 11:23:42 INFO     >>>>> Generator: Training
2025-07-21 11:23:48 INFO     -------------------------
2025-07-21 11:23:48 INFO     | EM Iteration: 4/5
2025-07-21 11:23:48 INFO     -------------------------
2025-07-21 11:23:48 INFO     >>>>> Using Generator's sample rule
2025-07-21 11:23:48 INFO     >>>>> Generator: Rule generation with sampling
2025-07-21 11:23:48 INFO     Predictor: read 1847 rules from list.
2025-07-21 11:23:48 INFO     Preprocess training set
2025-07-21 11:23:48 INFO     >>>>> Predictor: Training
2025-07-21 11:24:46 INFO     1000 5959 8.791110 69271.3
2025-07-21 11:25:46 INFO     2000 5959 8.404539 69340.6
2025-07-21 11:26:45 INFO     3000 5959 8.137731 69384.0
2025-07-21 11:27:44 INFO     4000 5959 7.963986 69262.6
2025-07-21 11:28:44 INFO     5000 5959 7.819836 69332.0
2025-07-21 11:29:41 INFO     >>>>> Predictor: Evaluating on valid
2025-07-21 11:29:52 INFO     Data : 2077
2025-07-21 11:29:52 INFO     Hit1 : 0.006259
2025-07-21 11:29:52 INFO     Hit3 : 0.018296
2025-07-21 11:29:52 INFO     Hit10: 0.036110
2025-07-21 11:29:52 INFO     MR   : 1486.285749
2025-07-21 11:29:52 INFO     MRR  : 0.019680
2025-07-21 11:29:52 INFO     >>>>> Predictor: Evaluating on test
2025-07-21 11:30:04 INFO     Data : 2342
2025-07-21 11:30:04 INFO     Hit1 : 0.008540
2025-07-21 11:30:04 INFO     Hit3 : 0.018787
2025-07-21 11:30:04 INFO     Hit10: 0.035440
2025-07-21 11:30:04 INFO     MR   : 1371.789710
2025-07-21 11:30:04 INFO     MRR  : 0.020680
2025-07-21 11:30:04 INFO     >>>>> Predictor: Computing H scores of rules
2025-07-21 11:32:39 INFO     1000 5959
2025-07-21 11:35:15 INFO     2000 5959
2025-07-21 11:37:51 INFO     3000 5959
2025-07-21 11:40:28 INFO     4000 5959
2025-07-21 11:43:04 INFO     5000 5959
2025-07-21 11:45:38 INFO     >>>>> Generator: Training
2025-07-21 11:45:44 INFO     -------------------------
2025-07-21 11:45:44 INFO     | EM Iteration: 5/5
2025-07-21 11:45:44 INFO     -------------------------
2025-07-21 11:45:44 INFO     >>>>> Using Generator's sample rule
2025-07-21 11:45:44 INFO     >>>>> Generator: Rule generation with sampling
2025-07-21 11:45:44 INFO     Predictor: read 1676 rules from list.
2025-07-21 11:45:44 INFO     Preprocess training set
2025-07-21 11:45:44 INFO     >>>>> Predictor: Training
2025-07-21 11:46:36 INFO     1000 5959 8.805924 69332.0
2025-07-21 11:47:28 INFO     2000 5959 8.434382 69349.3
2025-07-21 11:48:20 INFO     3000 5959 8.182272 69340.6
2025-07-21 11:49:06 INFO     4000 5959 8.012417 69297.3
2025-07-21 11:49:57 INFO     5000 5959 7.830053 69219.2
2025-07-21 11:50:47 INFO     >>>>> Predictor: Evaluating on valid
2025-07-21 11:50:56 INFO     Data : 2077
2025-07-21 11:50:56 INFO     Hit1 : 0.029851
2025-07-21 11:50:56 INFO     Hit3 : 0.053924
2025-07-21 11:50:56 INFO     Hit10: 0.076071
2025-07-21 11:50:56 INFO     MR   : 1451.129995
2025-07-21 11:50:56 INFO     MRR  : 0.049605
2025-07-21 11:50:56 INFO     >>>>> Predictor: Evaluating on test
2025-07-21 11:51:07 INFO     Data : 2342
2025-07-21 11:51:07 INFO     Hit1 : 0.028608
2025-07-21 11:51:07 INFO     Hit3 : 0.046541
2025-07-21 11:51:07 INFO     Hit10: 0.084116
2025-07-21 11:51:07 INFO     MR   : 1334.989112
2025-07-21 11:51:07 INFO     MRR  : 0.048452
2025-07-21 11:51:07 INFO     >>>>> Predictor: Computing H scores of rules
2025-07-21 11:53:29 INFO     1000 5959
2025-07-21 11:55:49 INFO     2000 5959
2025-07-21 11:58:09 INFO     3000 5959
2025-07-21 12:00:29 INFO     4000 5959
2025-07-21 12:02:49 INFO     5000 5959
2025-07-21 12:05:08 INFO     >>>>> Generator: Training
2025-07-21 12:05:14 INFO     -------------------------
2025-07-21 12:05:14 INFO     | Post-train Generator
2025-07-21 12:05:14 INFO     -------------------------
2025-07-21 12:05:15 INFO     >>>>> Generator: Training
2025-07-21 12:06:14 INFO     [E01000] Total 2.432650 | Main 2.559255 | RelClus 1.497829 | EntType 2.354638
2025-07-21 12:06:14 INFO     -------------------------
2025-07-21 12:06:14 INFO     | Beam Search Best Rules
2025-07-21 12:06:14 INFO     -------------------------
2025-07-21 12:06:14 INFO     >>>>> Generator: Rule generation with beam search
2025-07-21 12:06:15 INFO     >>>>> Generator: Rule generation with beam search
2025-07-21 12:06:21 INFO     >>>>> Generator: Rule generation with beam search
2025-07-21 12:07:38 INFO     >>>>> Generator: Rule generation with beam search
2025-07-21 12:08:38 INFO     >>>>> Generator: Rule generation with beam search
2025-07-21 12:09:20 INFO     -------------------------
2025-07-21 12:09:20 INFO     | Train Final Predictor+
2025-07-21 12:09:20 INFO     -------------------------
2025-07-21 12:09:20 INFO     Predictor+: read 18420 rules from list.
2025-07-21 12:09:20 INFO     Preprocess training set
2025-07-21 12:09:20 INFO     -------------------------
2025-07-21 12:09:20 INFO     | Iteration: 1/5
2025-07-21 12:09:20 INFO     -------------------------
2025-07-21 12:09:20 INFO     >>>>> Predictor: Training
2025-07-21 12:14:29 INFO     1000 5959 4.988893 69271.3
2025-07-21 12:19:39 INFO     2000 5959 4.753702 69332.0
2025-07-21 12:24:49 INFO     3000 5959 4.741320 69375.3
2025-07-21 12:30:00 INFO     4000 5959 4.737116 69279.9
2025-07-21 12:35:13 INFO     5000 5959 4.707785 69349.3
2025-07-21 12:40:12 INFO     >>>>> Predictor: Evaluating on valid
2025-07-21 12:41:28 INFO     Data : 2077
2025-07-21 12:41:28 INFO     Hit1 : 0.098700
2025-07-21 12:41:28 INFO     Hit3 : 0.177179
2025-07-21 12:41:28 INFO     Hit10: 0.310063
2025-07-21 12:41:28 INFO     MR   : 989.790804
2025-07-21 12:41:28 INFO     MRR  : 0.165489
2025-07-21 12:41:28 INFO     >>>>> Predictor: Evaluating on test
2025-07-21 12:42:52 INFO     Data : 2342
2025-07-21 12:42:52 INFO     Hit1 : 0.117421
2025-07-21 12:42:52 INFO     Hit3 : 0.202818
2025-07-21 12:42:52 INFO     Hit10: 0.317677
2025-07-21 12:42:52 INFO     MR   : 927.097566
2025-07-21 12:42:52 INFO     MRR  : 0.183903
2025-07-21 12:42:52 INFO     Save checkpoint to results/semmeddb/10_times_each/fixed/622/9_20250721_071254/predictor.pt
2025-07-21 12:42:52 INFO     -------------------------
2025-07-21 12:42:52 INFO     | Iteration: 2/5
2025-07-21 12:42:52 INFO     -------------------------
2025-07-21 12:42:52 INFO     >>>>> Predictor: Training
2025-07-21 12:48:06 INFO     1000 5959 4.637523 69366.7
2025-07-21 12:53:18 INFO     2000 5959 4.676873 69375.3
2025-07-21 12:58:29 INFO     3000 5959 4.665753 69219.2
2025-07-21 13:03:37 INFO     4000 5959 4.671859 69305.9
2025-07-21 13:08:47 INFO     5000 5959 4.660626 69288.6
2025-07-21 13:13:45 INFO     >>>>> Predictor: Evaluating on valid
2025-07-21 13:15:00 INFO     Data : 2077
2025-07-21 13:15:00 INFO     Hit1 : 0.089071
2025-07-21 13:15:00 INFO     Hit3 : 0.185845
2025-07-21 13:15:00 INFO     Hit10: 0.314396
2025-07-21 13:15:00 INFO     MR   : 955.894078
2025-07-21 13:15:00 INFO     MRR  : 0.162338
2025-07-21 13:15:00 INFO     >>>>> Predictor: Evaluating on test
2025-07-21 13:16:26 INFO     Data : 2342
2025-07-21 13:16:26 INFO     Hit1 : 0.122972
2025-07-21 13:16:26 INFO     Hit3 : 0.214347
2025-07-21 13:16:26 INFO     Hit10: 0.324936
2025-07-21 13:16:26 INFO     MR   : 890.788642
2025-07-21 13:16:26 INFO     MRR  : 0.188719
2025-07-21 13:16:26 INFO     -------------------------
2025-07-21 13:16:26 INFO     | Iteration: 3/5
2025-07-21 13:16:26 INFO     -------------------------
2025-07-21 13:16:26 INFO     >>>>> Predictor: Training
2025-07-21 13:21:37 INFO     1000 5959 4.643405 69288.6
2025-07-21 13:26:46 INFO     2000 5959 4.647420 69288.6
2025-07-21 13:32:00 INFO     3000 5959 4.640858 69340.6
2025-07-21 13:37:11 INFO     4000 5959 4.637286 69271.3
2025-07-21 13:42:23 INFO     5000 5959 4.670099 69219.2
2025-07-21 13:47:24 INFO     >>>>> Predictor: Evaluating on valid
2025-07-21 13:48:41 INFO     Data : 2077
2025-07-21 13:48:41 INFO     Hit1 : 0.091478
2025-07-21 13:48:41 INFO     Hit3 : 0.180067
2025-07-21 13:48:41 INFO     Hit10: 0.306692
2025-07-21 13:48:41 INFO     MR   : 944.040443
2025-07-21 13:48:41 INFO     MRR  : 0.161819
2025-07-21 13:48:41 INFO     >>>>> Predictor: Evaluating on test
2025-07-21 13:50:05 INFO     Data : 2342
2025-07-21 13:50:05 INFO     Hit1 : 0.117848
2025-07-21 13:50:05 INFO     Hit3 : 0.198548
2025-07-21 13:50:05 INFO     Hit10: 0.314261
2025-07-21 13:50:05 INFO     MR   : 873.750213
2025-07-21 13:50:05 INFO     MRR  : 0.181328
2025-07-21 13:50:05 INFO     -------------------------
2025-07-21 13:50:05 INFO     | Iteration: 4/5
2025-07-21 13:50:05 INFO     -------------------------
2025-07-21 13:50:05 INFO     >>>>> Predictor: Training
2025-07-21 13:55:16 INFO     1000 5959 4.615068 69340.6
2025-07-21 14:00:27 INFO     2000 5959 4.590440 69184.5
2025-07-21 14:05:35 INFO     3000 5959 4.660135 69253.9
2025-07-21 14:10:46 INFO     4000 5959 4.626437 69340.6
2025-07-21 14:15:55 INFO     5000 5959 4.628988 69384.0
2025-07-21 14:20:51 INFO     >>>>> Predictor: Evaluating on valid
2025-07-21 14:22:07 INFO     Data : 2077
2025-07-21 14:22:07 INFO     Hit1 : 0.095811
2025-07-21 14:22:07 INFO     Hit3 : 0.185364
2025-07-21 14:22:07 INFO     Hit10: 0.309581
2025-07-21 14:22:07 INFO     MR   : 937.922003
2025-07-21 14:22:07 INFO     MRR  : 0.165823
2025-07-21 14:22:07 INFO     >>>>> Predictor: Evaluating on test
2025-07-21 14:23:31 INFO     Data : 2342
2025-07-21 14:23:31 INFO     Hit1 : 0.120837
2025-07-21 14:23:31 INFO     Hit3 : 0.210504
2025-07-21 14:23:31 INFO     Hit10: 0.320239
2025-07-21 14:23:31 INFO     MR   : 869.998933
2025-07-21 14:23:31 INFO     MRR  : 0.187496
2025-07-21 14:23:31 INFO     Save checkpoint to results/semmeddb/10_times_each/fixed/622/9_20250721_071254/predictor.pt
2025-07-21 14:23:31 INFO     -------------------------
2025-07-21 14:23:31 INFO     | Iteration: 5/5
2025-07-21 14:23:31 INFO     -------------------------
2025-07-21 14:23:31 INFO     >>>>> Predictor: Training
2025-07-21 14:28:40 INFO     1000 5959 4.620483 69323.3
2025-07-21 14:33:49 INFO     2000 5959 4.607819 69332.0
2025-07-21 14:38:58 INFO     3000 5959 4.646851 69219.2
2025-07-21 14:44:08 INFO     4000 5959 4.637608 69297.3
2025-07-21 14:49:18 INFO     5000 5959 4.606476 69332.0
2025-07-21 14:54:13 INFO     >>>>> Predictor: Evaluating on valid
2025-07-21 14:55:28 INFO     Data : 2077
2025-07-21 14:55:28 INFO     Hit1 : 0.094848
2025-07-21 14:55:28 INFO     Hit3 : 0.179586
2025-07-21 14:55:28 INFO     Hit10: 0.313433
2025-07-21 14:55:28 INFO     MR   : 929.808377
2025-07-21 14:55:28 INFO     MRR  : 0.164042
2025-07-21 14:55:28 INFO     >>>>> Predictor: Evaluating on test
2025-07-21 14:56:52 INFO     Data : 2342
2025-07-21 14:56:52 INFO     Hit1 : 0.126815
2025-07-21 14:56:52 INFO     Hit3 : 0.208369
2025-07-21 14:56:52 INFO     Hit10: 0.323655
2025-07-21 14:56:52 INFO     MR   : 861.932750
2025-07-21 14:56:52 INFO     MRR  : 0.190840
2025-07-21 14:56:52 INFO     -------------------------
2025-07-21 14:56:52 INFO     | Final Test MRR: 0.187496
2025-07-21 14:56:52 INFO     -------------------------
