2025-05-26 16:15:09 INFO     -------------------------
2025-05-26 16:15:09 INFO     | Pre-train Generator
2025-05-26 16:15:09 INFO     -------------------------
2025-05-26 16:15:09 INFO     >>>>> Generator: Training
2025-05-26 16:15:14 INFO     [E1000] Total: 1.648262 | Main: 1.666085 | Aux: 1.007167
2025-05-26 16:15:18 INFO     [E2000] Total: 1.575774 | Main: 1.575774 | Aux: 1.021347
2025-05-26 16:15:22 INFO     [E3000] Total: 1.563539 | Main: 1.563539 | Aux: 1.034779
2025-05-26 16:15:26 INFO     [E4000] Total: 1.554380 | Main: 1.554380 | Aux: 1.045171
2025-05-26 16:15:30 INFO     [E5000] Total: 1.552704 | Main: 1.552704 | Aux: 1.054756
2025-05-26 16:15:35 INFO     [E6000] Total: 1.548821 | Main: 1.548821 | Aux: 1.064072
2025-05-26 16:15:39 INFO     [E7000] Total: 1.544899 | Main: 1.544899 | Aux: 1.073535
2025-05-26 16:15:43 INFO     [E8000] Total: 1.545854 | Main: 1.545854 | Aux: 1.081615
2025-05-26 16:15:47 INFO     [E9000] Total: 1.543664 | Main: 1.543664 | Aux: 1.088911
2025-05-26 16:15:51 INFO     [E10000] Total: 1.539896 | Main: 1.539896 | Aux: 1.093913
2025-05-26 16:15:51 INFO     -------------------------
2025-05-26 16:15:51 INFO     | EM Iteration: 1/5
2025-05-26 16:15:51 INFO     -------------------------
2025-05-26 16:15:51 INFO     >>>>> Generator: Rule generation with sampling
2025-05-26 16:15:51 INFO     Predictor: read 1269 rules from list.
2025-05-26 16:15:51 INFO     Preprocess training set
2025-05-26 16:15:51 INFO     >>>>> Predictor: Training
2025-05-26 16:16:29 INFO     1000 12313 8.224892 69358.0
2025-05-26 16:17:07 INFO     2000 12313 7.787490 69332.0
2025-05-26 16:17:45 INFO     3000 12313 7.559673 69384.0
2025-05-26 16:18:22 INFO     4000 12313 7.440598 69279.9
2025-05-26 16:19:00 INFO     5000 12313 7.328412 69332.0
2025-05-26 16:19:38 INFO     6000 12313 7.241263 69384.0
2025-05-26 16:20:15 INFO     7000 12313 7.162185 69297.3
2025-05-26 16:20:52 INFO     8000 12313 7.138363 69323.3
2025-05-26 16:21:31 INFO     9000 12313 7.077864 69358.0
2025-05-26 16:22:07 INFO     10000 12313 7.058869 69332.0
2025-05-26 16:22:44 INFO     11000 12313 7.019226 69366.7
2025-05-26 16:23:21 INFO     12000 12313 6.987942 69279.9
2025-05-26 16:23:32 INFO     >>>>> Predictor: Evaluating on valid
2025-05-26 16:23:48 INFO     Data : 3823
2025-05-26 16:23:48 INFO     Hit1 : 0.028512
2025-05-26 16:23:48 INFO     Hit3 : 0.056239
2025-05-26 16:23:48 INFO     Hit10: 0.115354
2025-05-26 16:23:48 INFO     MR   : 1157.221815
2025-05-26 16:23:48 INFO     MRR  : 0.056874
2025-05-26 16:23:48 INFO     >>>>> Predictor: Evaluating on test
2025-05-26 16:24:06 INFO     Data : 4402
2025-05-26 16:24:06 INFO     Hit1 : 0.037710
2025-05-26 16:24:06 INFO     Hit3 : 0.063835
2025-05-26 16:24:06 INFO     Hit10: 0.109950
2025-05-26 16:24:06 INFO     MR   : 1150.437188
2025-05-26 16:24:06 INFO     MRR  : 0.063427
2025-05-26 16:24:06 INFO     >>>>> Predictor: Computing H scores of rules
2025-05-26 16:24:45 INFO     1000 12313
2025-05-26 16:25:24 INFO     2000 12313
2025-05-26 16:26:02 INFO     3000 12313
2025-05-26 16:26:42 INFO     4000 12313
2025-05-26 16:27:21 INFO     5000 12313
2025-05-26 16:28:00 INFO     6000 12313
2025-05-26 16:28:40 INFO     7000 12313
2025-05-26 16:29:19 INFO     8000 12313
2025-05-26 16:30:00 INFO     9000 12313
2025-05-26 16:30:39 INFO     10000 12313
2025-05-26 16:31:19 INFO     11000 12313
2025-05-26 16:31:58 INFO     12000 12313
2025-05-26 16:32:11 INFO     >>>>> Generator: Training
2025-05-26 16:32:11 INFO     -------------------------
2025-05-26 16:32:11 INFO     | EM Iteration: 2/5
2025-05-26 16:32:11 INFO     -------------------------
2025-05-26 16:32:11 INFO     >>>>> Generator: Rule generation with sampling
2025-05-26 16:32:11 INFO     Predictor: read 1356 rules from list.
2025-05-26 16:32:11 INFO     Preprocess training set
2025-05-26 16:32:11 INFO     >>>>> Predictor: Training
2025-05-26 16:32:52 INFO     1000 12313 8.243412 69366.7
2025-05-26 16:33:31 INFO     2000 12313 7.768048 69279.9
2025-05-26 16:34:12 INFO     3000 12313 7.598333 69253.9
2025-05-26 16:34:52 INFO     4000 12313 7.449526 69340.6
2025-05-26 16:35:31 INFO     5000 12313 7.371515 69366.7
2025-05-26 16:36:11 INFO     6000 12313 7.283886 69358.0
2025-05-26 16:36:51 INFO     7000 12313 7.246158 69366.7
2025-05-26 16:37:30 INFO     8000 12313 7.229095 69384.0
2025-05-26 16:38:09 INFO     9000 12313 7.184172 69262.6
2025-05-26 16:38:48 INFO     10000 12313 7.158864 69323.3
2025-05-26 16:39:29 INFO     11000 12313 7.135928 69366.7
2025-05-26 16:40:08 INFO     12000 12313 7.120241 69332.0
2025-05-26 16:40:20 INFO     >>>>> Predictor: Evaluating on valid
2025-05-26 16:40:37 INFO     Data : 3823
2025-05-26 16:40:37 INFO     Hit1 : 0.031389
2025-05-26 16:40:37 INFO     Hit3 : 0.059377
2025-05-26 16:40:37 INFO     Hit10: 0.115878
2025-05-26 16:40:37 INFO     MR   : 1158.149228
2025-05-26 16:40:37 INFO     MRR  : 0.060367
2025-05-26 16:40:37 INFO     >>>>> Predictor: Evaluating on test
2025-05-26 16:40:56 INFO     Data : 4402
2025-05-26 16:40:56 INFO     Hit1 : 0.039073
2025-05-26 16:40:56 INFO     Hit3 : 0.063380
2025-05-26 16:40:56 INFO     Hit10: 0.117674
2025-05-26 16:40:56 INFO     MR   : 1149.476715
2025-05-26 16:40:56 INFO     MRR  : 0.066177
2025-05-26 16:40:56 INFO     >>>>> Predictor: Computing H scores of rules
2025-05-26 16:41:37 INFO     1000 12313
2025-05-26 16:42:19 INFO     2000 12313
2025-05-26 16:43:02 INFO     3000 12313
2025-05-26 16:43:45 INFO     4000 12313
2025-05-26 16:44:28 INFO     5000 12313
2025-05-26 16:45:11 INFO     6000 12313
2025-05-26 16:45:53 INFO     7000 12313
2025-05-26 16:46:36 INFO     8000 12313
2025-05-26 16:47:19 INFO     9000 12313
2025-05-26 16:48:03 INFO     10000 12313
2025-05-26 16:48:46 INFO     11000 12313
2025-05-26 16:49:29 INFO     12000 12313
2025-05-26 16:49:42 INFO     >>>>> Generator: Training
2025-05-26 16:49:43 INFO     -------------------------
2025-05-26 16:49:43 INFO     | EM Iteration: 3/5
2025-05-26 16:49:43 INFO     -------------------------
2025-05-26 16:49:43 INFO     >>>>> Generator: Rule generation with sampling
2025-05-26 16:49:43 INFO     Predictor: read 1466 rules from list.
2025-05-26 16:49:43 INFO     Preprocess training set
2025-05-26 16:49:43 INFO     >>>>> Predictor: Training
2025-05-26 16:50:24 INFO     1000 12313 8.180010 69384.0
2025-05-26 16:51:07 INFO     2000 12313 7.689910 69384.0
2025-05-26 16:51:50 INFO     3000 12313 7.423721 69253.9
2025-05-26 16:52:32 INFO     4000 12313 7.281202 69323.3
2025-05-26 16:53:15 INFO     5000 12313 7.160893 69384.0
2025-05-26 16:53:58 INFO     6000 12313 7.040350 69323.3
2025-05-26 16:54:40 INFO     7000 12313 6.954839 69366.7
2025-05-26 16:55:23 INFO     8000 12313 6.892961 69332.0
2025-05-26 16:56:05 INFO     9000 12313 6.782134 69384.0
2025-05-26 16:56:49 INFO     10000 12313 6.783938 69227.9
2025-05-26 16:57:33 INFO     11000 12313 6.729480 69340.6
2025-05-26 16:58:18 INFO     12000 12313 6.695885 69297.3
2025-05-26 16:58:31 INFO     >>>>> Predictor: Evaluating on valid
2025-05-26 16:58:50 INFO     Data : 3823
2025-05-26 16:58:50 INFO     Hit1 : 0.029296
2025-05-26 16:58:50 INFO     Hit3 : 0.060424
2025-05-26 16:58:50 INFO     Hit10: 0.117709
2025-05-26 16:58:50 INFO     MR   : 1163.170154
2025-05-26 16:58:50 INFO     MRR  : 0.059792
2025-05-26 16:58:50 INFO     >>>>> Predictor: Evaluating on test
2025-05-26 16:59:11 INFO     Data : 4402
2025-05-26 16:59:11 INFO     Hit1 : 0.035893
2025-05-26 16:59:11 INFO     Hit3 : 0.065652
2025-05-26 16:59:11 INFO     Hit10: 0.119264
2025-05-26 16:59:11 INFO     MR   : 1149.520786
2025-05-26 16:59:11 INFO     MRR  : 0.064923
2025-05-26 16:59:11 INFO     >>>>> Predictor: Computing H scores of rules
2025-05-26 16:59:58 INFO     1000 12313
2025-05-26 17:00:47 INFO     2000 12313
2025-05-26 17:01:33 INFO     3000 12313
2025-05-26 17:02:18 INFO     4000 12313
2025-05-26 17:03:05 INFO     5000 12313
2025-05-26 17:03:52 INFO     6000 12313
2025-05-26 17:04:39 INFO     7000 12313
2025-05-26 17:05:26 INFO     8000 12313
2025-05-26 17:06:13 INFO     9000 12313
2025-05-26 17:07:01 INFO     10000 12313
2025-05-26 17:07:47 INFO     11000 12313
2025-05-26 17:08:34 INFO     12000 12313
2025-05-26 17:08:49 INFO     >>>>> Generator: Training
2025-05-26 17:08:49 INFO     -------------------------
2025-05-26 17:08:49 INFO     | EM Iteration: 4/5
2025-05-26 17:08:49 INFO     -------------------------
2025-05-26 17:08:49 INFO     >>>>> Generator: Rule generation with sampling
2025-05-26 17:08:49 INFO     Predictor: read 1477 rules from list.
2025-05-26 17:08:49 INFO     Preprocess training set
2025-05-26 17:08:49 INFO     >>>>> Predictor: Training
2025-05-26 17:09:34 INFO     1000 12313 8.220276 69314.6
2025-05-26 17:10:19 INFO     2000 12313 7.731352 69279.9
2025-05-26 17:11:05 INFO     3000 12313 7.481520 69366.7
2025-05-26 17:11:49 INFO     4000 12313 7.361392 69366.7
2025-05-26 17:12:34 INFO     5000 12313 7.262350 69288.6
2025-05-26 17:13:19 INFO     6000 12313 7.166355 69340.6
2025-05-26 17:14:04 INFO     7000 12313 7.069859 69384.0
2025-05-26 17:14:49 INFO     8000 12313 7.001807 69340.6
2025-05-26 17:15:34 INFO     9000 12313 6.988762 69384.0
2025-05-26 17:16:18 INFO     10000 12313 6.929273 69288.6
2025-05-26 17:17:03 INFO     11000 12313 6.897683 69262.6
2025-05-26 17:17:48 INFO     12000 12313 6.888580 69384.0
2025-05-26 17:18:02 INFO     >>>>> Predictor: Evaluating on valid
2025-05-26 17:18:21 INFO     Data : 3823
2025-05-26 17:18:21 INFO     Hit1 : 0.036882
2025-05-26 17:18:21 INFO     Hit3 : 0.076641
2025-05-26 17:18:21 INFO     Hit10: 0.146220
2025-05-26 17:18:21 INFO     MR   : 1089.816113
2025-05-26 17:18:21 INFO     MRR  : 0.073346
2025-05-26 17:18:21 INFO     >>>>> Predictor: Evaluating on test
2025-05-26 17:18:42 INFO     Data : 4402
2025-05-26 17:18:42 INFO     Hit1 : 0.049069
2025-05-26 17:18:42 INFO     Hit3 : 0.086779
2025-05-26 17:18:42 INFO     Hit10: 0.151068
2025-05-26 17:18:42 INFO     MR   : 1091.228419
2025-05-26 17:18:42 INFO     MRR  : 0.083289
2025-05-26 17:18:42 INFO     >>>>> Predictor: Computing H scores of rules
2025-05-26 17:19:30 INFO     1000 12313
2025-05-26 17:20:18 INFO     2000 12313
2025-05-26 17:21:05 INFO     3000 12313
2025-05-26 17:21:52 INFO     4000 12313
2025-05-26 17:22:40 INFO     5000 12313
2025-05-26 17:23:27 INFO     6000 12313
2025-05-26 17:24:14 INFO     7000 12313
2025-05-26 17:25:03 INFO     8000 12313
2025-05-26 17:25:49 INFO     9000 12313
2025-05-26 17:26:36 INFO     10000 12313
2025-05-26 17:27:22 INFO     11000 12313
2025-05-26 17:28:10 INFO     12000 12313
2025-05-26 17:28:24 INFO     >>>>> Generator: Training
2025-05-26 17:28:25 INFO     -------------------------
2025-05-26 17:28:25 INFO     | EM Iteration: 5/5
2025-05-26 17:28:25 INFO     -------------------------
2025-05-26 17:28:25 INFO     >>>>> Generator: Rule generation with sampling
2025-05-26 17:28:25 INFO     Predictor: read 1561 rules from list.
2025-05-26 17:28:25 INFO     Preprocess training set
2025-05-26 17:28:25 INFO     >>>>> Predictor: Training
2025-05-26 17:29:10 INFO     1000 12313 8.243154 69340.6
2025-05-26 17:29:56 INFO     2000 12313 7.799820 69288.6
2025-05-26 17:30:41 INFO     3000 12313 7.592751 69366.7
2025-05-26 17:31:27 INFO     4000 12313 7.483512 69305.9
2025-05-26 17:32:12 INFO     5000 12313 7.365327 69323.3
2025-05-26 17:32:58 INFO     6000 12313 7.321988 69384.0
2025-05-26 17:33:44 INFO     7000 12313 7.269179 69279.9
2025-05-26 17:34:30 INFO     8000 12313 7.201136 69384.0
2025-05-26 17:35:17 INFO     9000 12313 7.200307 69366.7
2025-05-26 17:36:04 INFO     10000 12313 7.154847 69297.3
2025-05-26 17:36:50 INFO     11000 12313 7.123004 69279.9
2025-05-26 17:37:36 INFO     12000 12313 7.135325 69384.0
2025-05-26 17:37:51 INFO     >>>>> Predictor: Evaluating on valid
2025-05-26 17:38:10 INFO     Data : 3823
2025-05-26 17:38:10 INFO     Hit1 : 0.025896
2025-05-26 17:38:10 INFO     Hit3 : 0.054408
2025-05-26 17:38:10 INFO     Hit10: 0.098091
2025-05-26 17:38:10 INFO     MR   : 1191.166754
2025-05-26 17:38:10 INFO     MRR  : 0.052145
2025-05-26 17:38:10 INFO     >>>>> Predictor: Evaluating on test
2025-05-26 17:38:33 INFO     Data : 4402
2025-05-26 17:38:33 INFO     Hit1 : 0.028169
2025-05-26 17:38:33 INFO     Hit3 : 0.054294
2025-05-26 17:38:33 INFO     Hit10: 0.098137
2025-05-26 17:38:33 INFO     MR   : 1182.799523
2025-05-26 17:38:33 INFO     MRR  : 0.054033
2025-05-26 17:38:33 INFO     >>>>> Predictor: Computing H scores of rules
2025-05-26 17:39:22 INFO     1000 12313
2025-05-26 17:40:11 INFO     2000 12313
2025-05-26 17:40:59 INFO     3000 12313
2025-05-26 17:41:49 INFO     4000 12313
2025-05-26 17:42:38 INFO     5000 12313
2025-05-26 17:43:26 INFO     6000 12313
2025-05-26 17:44:14 INFO     7000 12313
2025-05-26 17:45:02 INFO     8000 12313
2025-05-26 17:45:49 INFO     9000 12313
2025-05-26 17:46:36 INFO     10000 12313
2025-05-26 17:47:23 INFO     11000 12313
2025-05-26 17:48:11 INFO     12000 12313
2025-05-26 17:48:25 INFO     >>>>> Generator: Training
2025-05-26 17:48:26 INFO     -------------------------
2025-05-26 17:48:26 INFO     | Post-train Generator
2025-05-26 17:48:26 INFO     -------------------------
2025-05-26 17:48:26 INFO     >>>>> Generator: Training
2025-05-26 17:48:30 INFO     [E1000] Total: 1.740135 | Main: 1.748264 | Aux: 0.992149
2025-05-26 17:48:30 INFO     -------------------------
2025-05-26 17:48:30 INFO     | Beam Search Best Rules
2025-05-26 17:48:30 INFO     -------------------------
2025-05-26 17:48:30 INFO     >>>>> Generator: Rule generation with beam search
2025-05-26 17:48:30 INFO     >>>>> Generator: Rule generation with beam search
2025-05-26 17:48:32 INFO     >>>>> Generator: Rule generation with beam search
2025-05-26 17:48:40 INFO     >>>>> Generator: Rule generation with beam search
2025-05-26 17:48:46 INFO     >>>>> Generator: Rule generation with beam search
2025-05-26 17:48:50 INFO     -------------------------
2025-05-26 17:48:50 INFO     | Train Final Predictor+
2025-05-26 17:48:50 INFO     -------------------------
2025-05-26 17:48:50 INFO     Predictor+: read 18420 rules from list.
2025-05-26 17:48:50 INFO     Preprocess training set
2025-05-26 17:48:50 INFO     -------------------------
2025-05-26 17:48:50 INFO     | Iteration: 1/5
2025-05-26 17:48:50 INFO     -------------------------
2025-05-26 17:48:50 INFO     >>>>> Predictor: Training
2025-05-26 17:55:20 INFO     1000 12313 4.686359 69314.6
2025-05-26 18:02:00 INFO     2000 12313 4.490751 69366.7
2025-05-26 18:08:38 INFO     3000 12313 4.452778 69279.9
2025-05-26 18:15:08 INFO     4000 12313 4.450428 69340.6
2025-05-26 18:21:39 INFO     5000 12313 4.485929 69236.6
2025-05-26 18:28:08 INFO     6000 12313 4.440452 69366.7
2025-05-26 18:34:48 INFO     7000 12313 4.426651 69323.3
2025-05-26 18:41:28 INFO     8000 12313 4.462956 69349.3
2025-05-26 18:48:09 INFO     9000 12313 4.426696 69384.0
2025-05-26 18:54:47 INFO     10000 12313 4.418743 69384.0
2025-05-26 19:01:27 INFO     11000 12313 4.442877 69288.6
2025-05-26 19:08:08 INFO     12000 12313 4.446980 69366.7
2025-05-26 19:10:12 INFO     >>>>> Predictor: Evaluating on valid
2025-05-26 19:13:06 INFO     Data : 3823
2025-05-26 19:13:06 INFO     Hit1 : 0.075072
2025-05-26 19:13:06 INFO     Hit3 : 0.155637
2025-05-26 19:13:06 INFO     Hit10: 0.293487
2025-05-26 19:13:06 INFO     MR   : 619.998038
2025-05-26 19:13:06 INFO     MRR  : 0.146505
2025-05-26 19:13:06 INFO     >>>>> Predictor: Evaluating on test
2025-05-26 19:16:27 INFO     Data : 4402
2025-05-26 19:16:27 INFO     Hit1 : 0.107905
2025-05-26 19:16:27 INFO     Hit3 : 0.190822
2025-05-26 19:16:27 INFO     Hit10: 0.317356
2025-05-26 19:16:27 INFO     MR   : 600.536347
2025-05-26 19:16:27 INFO     MRR  : 0.177003
2025-05-26 19:16:27 INFO     Save checkpoint to results/semmeddb/multitask/cluster_4/full/schedule/predictor.pt
2025-05-26 19:16:27 INFO     -------------------------
2025-05-26 19:16:27 INFO     | Iteration: 2/5
2025-05-26 19:16:27 INFO     -------------------------
2025-05-26 19:16:27 INFO     >>>>> Predictor: Training
2025-05-26 19:22:55 INFO     1000 12313 4.382281 69384.0
2025-05-26 19:29:26 INFO     2000 12313 4.380942 69384.0
2025-05-26 19:35:46 INFO     3000 12313 4.389578 69340.6
2025-05-26 19:42:04 INFO     4000 12313 4.396093 69305.9
2025-05-26 19:48:24 INFO     5000 12313 4.408230 69340.6
2025-05-26 19:54:42 INFO     6000 12313 4.409752 69297.3
2025-05-26 20:01:00 INFO     7000 12313 4.396560 69323.3
2025-05-26 20:07:18 INFO     8000 12313 4.416527 69366.7
2025-05-26 20:13:37 INFO     9000 12313 4.391440 69297.3
2025-05-26 20:19:56 INFO     10000 12313 4.408824 69366.7
2025-05-26 20:26:21 INFO     11000 12313 4.410158 69314.6
2025-05-26 20:32:40 INFO     12000 12313 4.421274 69279.9
2025-05-26 20:34:40 INFO     >>>>> Predictor: Evaluating on valid
2025-05-26 20:37:28 INFO     Data : 3823
2025-05-26 20:37:28 INFO     Hit1 : 0.076118
2025-05-26 20:37:28 INFO     Hit3 : 0.155375
2025-05-26 20:37:28 INFO     Hit10: 0.301334
2025-05-26 20:37:28 INFO     MR   : 605.731363
2025-05-26 20:37:28 INFO     MRR  : 0.147404
2025-05-26 20:37:28 INFO     >>>>> Predictor: Evaluating on test
2025-05-26 20:40:41 INFO     Data : 4402
2025-05-26 20:40:41 INFO     Hit1 : 0.111540
2025-05-26 20:40:41 INFO     Hit3 : 0.191504
2025-05-26 20:40:41 INFO     Hit10: 0.324625
2025-05-26 20:40:41 INFO     MR   : 578.930486
2025-05-26 20:40:41 INFO     MRR  : 0.180459
2025-05-26 20:40:41 INFO     Save checkpoint to results/semmeddb/multitask/cluster_4/full/schedule/predictor.pt
2025-05-26 20:40:41 INFO     -------------------------
2025-05-26 20:40:41 INFO     | Iteration: 3/5
2025-05-26 20:40:41 INFO     -------------------------
2025-05-26 20:40:41 INFO     >>>>> Predictor: Training
2025-05-26 20:47:06 INFO     1000 12313 4.385429 69262.6
2025-05-26 20:53:29 INFO     2000 12313 4.368677 69384.0
2025-05-26 20:59:47 INFO     3000 12313 4.351299 69262.6
2025-05-26 21:06:24 INFO     4000 12313 4.392892 69323.3
2025-05-26 21:13:04 INFO     5000 12313 4.361759 69366.7
2025-05-26 21:19:40 INFO     6000 12313 4.384817 69323.3
2025-05-26 21:26:21 INFO     7000 12313 4.391126 69366.7
2025-05-26 21:33:02 INFO     8000 12313 4.398848 69384.0
2025-05-26 21:39:43 INFO     9000 12313 4.377836 69349.3
2025-05-26 21:46:27 INFO     10000 12313 4.402450 69314.6
2025-05-26 21:53:10 INFO     11000 12313 4.364690 69349.3
2025-05-26 21:59:41 INFO     12000 12313 4.399842 69314.6
2025-05-26 22:01:44 INFO     >>>>> Predictor: Evaluating on valid
2025-05-26 22:04:44 INFO     Data : 3823
2025-05-26 22:04:44 INFO     Hit1 : 0.079519
2025-05-26 22:04:44 INFO     Hit3 : 0.156945
2025-05-26 22:04:44 INFO     Hit10: 0.304996
2025-05-26 22:04:44 INFO     MR   : 600.131180
2025-05-26 22:04:44 INFO     MRR  : 0.150821
2025-05-26 22:04:44 INFO     >>>>> Predictor: Evaluating on test
2025-05-26 22:08:07 INFO     Data : 4402
2025-05-26 22:08:07 INFO     Hit1 : 0.109723
2025-05-26 22:08:07 INFO     Hit3 : 0.198546
2025-05-26 22:08:07 INFO     Hit10: 0.325534
2025-05-26 22:08:07 INFO     MR   : 566.361995
2025-05-26 22:08:07 INFO     MRR  : 0.180664
2025-05-26 22:08:07 INFO     Save checkpoint to results/semmeddb/multitask/cluster_4/full/schedule/predictor.pt
2025-05-26 22:08:07 INFO     -------------------------
2025-05-26 22:08:07 INFO     | Iteration: 4/5
2025-05-26 22:08:07 INFO     -------------------------
2025-05-26 22:08:07 INFO     >>>>> Predictor: Training
2025-05-26 22:14:50 INFO     1000 12313 4.337366 69384.0
2025-05-26 22:21:37 INFO     2000 12313 4.357929 69340.6
2025-05-26 22:28:27 INFO     3000 12313 4.367454 69384.0
2025-05-26 22:35:10 INFO     4000 12313 4.396519 69253.9
2025-05-26 22:41:52 INFO     5000 12313 4.380599 69262.6
2025-05-26 22:48:35 INFO     6000 12313 4.392854 69340.6
2025-05-26 22:55:13 INFO     7000 12313 4.370140 69314.6
2025-05-26 23:02:02 INFO     8000 12313 4.354728 69323.3
2025-05-26 23:08:53 INFO     9000 12313 4.384915 69366.7
2025-05-26 23:15:36 INFO     10000 12313 4.354980 69349.3
2025-05-26 23:22:15 INFO     11000 12313 4.366687 69366.7
2025-05-26 23:28:47 INFO     12000 12313 4.382818 69366.7
2025-05-26 23:30:49 INFO     >>>>> Predictor: Evaluating on valid
2025-05-26 23:33:40 INFO     Data : 3823
2025-05-26 23:33:40 INFO     Hit1 : 0.077949
2025-05-26 23:33:40 INFO     Hit3 : 0.160345
2025-05-26 23:33:40 INFO     Hit10: 0.303688
2025-05-26 23:33:40 INFO     MR   : 599.474235
2025-05-26 23:33:40 INFO     MRR  : 0.149932
2025-05-26 23:33:40 INFO     >>>>> Predictor: Evaluating on test
2025-05-26 23:36:56 INFO     Data : 4402
2025-05-26 23:36:56 INFO     Hit1 : 0.111086
2025-05-26 23:36:56 INFO     Hit3 : 0.197865
2025-05-26 23:36:56 INFO     Hit10: 0.327124
2025-05-26 23:36:56 INFO     MR   : 570.114039
2025-05-26 23:36:56 INFO     MRR  : 0.181073
2025-05-26 23:36:56 INFO     -------------------------
2025-05-26 23:36:56 INFO     | Iteration: 5/5
2025-05-26 23:36:56 INFO     -------------------------
2025-05-26 23:36:56 INFO     >>>>> Predictor: Training
2025-05-26 23:43:15 INFO     1000 12313 4.335845 69323.3
2025-05-26 23:49:42 INFO     2000 12313 4.362475 69384.0
2025-05-26 23:56:12 INFO     3000 12313 4.356773 69245.2
2025-05-27 00:02:43 INFO     4000 12313 4.339824 69384.0
2025-05-27 00:09:21 INFO     5000 12313 4.383396 69366.7
2025-05-27 00:15:59 INFO     6000 12313 4.359040 69323.3
2025-05-27 00:22:32 INFO     7000 12313 4.375293 69384.0
2025-05-27 00:28:54 INFO     8000 12313 4.386667 69297.3
2025-05-27 00:35:18 INFO     9000 12313 4.367141 69384.0
2025-05-27 00:41:49 INFO     10000 12313 4.362524 69271.3
2025-05-27 00:48:22 INFO     11000 12313 4.364175 69340.6
2025-05-27 00:55:03 INFO     12000 12313 4.345448 69297.3
2025-05-27 00:57:08 INFO     >>>>> Predictor: Evaluating on valid
2025-05-27 01:00:04 INFO     Data : 3823
2025-05-27 01:00:04 INFO     Hit1 : 0.076641
2025-05-27 01:00:04 INFO     Hit3 : 0.157730
2025-05-27 01:00:04 INFO     Hit10: 0.299503
2025-05-27 01:00:04 INFO     MR   : 586.390269
2025-05-27 01:00:04 INFO     MRR  : 0.148230
2025-05-27 01:00:04 INFO     >>>>> Predictor: Evaluating on test
2025-05-27 01:03:26 INFO     Data : 4402
2025-05-27 01:03:26 INFO     Hit1 : 0.107224
2025-05-27 01:03:26 INFO     Hit3 : 0.188323
2025-05-27 01:03:26 INFO     Hit10: 0.319400
2025-05-27 01:03:26 INFO     MR   : 560.361313
2025-05-27 01:03:26 INFO     MRR  : 0.176092
2025-05-27 01:03:26 INFO     -------------------------
2025-05-27 01:03:26 INFO     | Final Test MRR: 0.180664
2025-05-27 01:03:26 INFO     -------------------------
