2025-06-10 20:01:51 INFO     Data loading | DONE!
2025-06-10 20:01:51 INFO     Using full datasets for training, validation, and testing.
2025-06-10 20:01:51 INFO     -------------------------
2025-06-10 20:01:51 INFO     | Pre-train Generator
2025-06-10 20:01:51 INFO     -------------------------
2025-06-10 20:01:51 INFO     >>>>> Generator: Training
2025-06-10 20:01:58 INFO     [E1000] Total: 1.393090 | Main: 1.652145 | Aux: 0.910313
2025-06-10 20:02:04 INFO     [E2000] Total: 1.329190 | Main: 1.570083 | Aux: 0.892783
2025-06-10 20:02:11 INFO     [E3000] Total: 1.321428 | Main: 1.559882 | Aux: 0.890920
2025-06-10 20:02:17 INFO     [E4000] Total: 1.316421 | Main: 1.553526 | Aux: 0.889260
2025-06-10 20:02:23 INFO     [E5000] Total: 1.313208 | Main: 1.549392 | Aux: 0.888418
2025-06-10 20:02:29 INFO     [E6000] Total: 1.311104 | Main: 1.546611 | Aux: 0.887626
2025-06-10 20:02:35 INFO     [E7000] Total: 1.309926 | Main: 1.545470 | Aux: 0.887212
2025-06-10 20:02:41 INFO     [E8000] Total: 1.309698 | Main: 1.544957 | Aux: 0.886827
2025-06-10 20:02:47 INFO     [E9000] Total: 1.306983 | Main: 1.541556 | Aux: 0.886115
2025-06-10 20:02:53 INFO     [E10000] Total: 1.306921 | Main: 1.541333 | Aux: 0.886264
2025-06-10 20:02:53 INFO     -------------------------
2025-06-10 20:02:53 INFO     | EM Iteration: 1/5
2025-06-10 20:02:53 INFO     -------------------------
2025-06-10 20:02:53 INFO     >>>>> Generator: Rule generation with sampling
2025-06-10 20:02:54 INFO     Predictor: read 1352 rules from list.
2025-06-10 20:02:54 INFO     Preprocess training set
2025-06-10 20:02:54 INFO     >>>>> Predictor: Training
2025-06-10 20:03:42 INFO     1000 12313 8.236304 69358.0
2025-06-10 20:04:30 INFO     2000 12313 7.802481 69332.0
2025-06-10 20:05:18 INFO     3000 12313 7.576615 69384.0
2025-06-10 20:06:06 INFO     4000 12313 7.456160 69279.9
2025-06-10 20:06:54 INFO     5000 12313 7.347367 69332.0
2025-06-10 20:07:42 INFO     6000 12313 7.264455 69384.0
2025-06-10 20:08:31 INFO     7000 12313 7.185948 69297.3
2025-06-10 20:09:18 INFO     8000 12313 7.166671 69323.3
2025-06-10 20:10:06 INFO     9000 12313 7.099457 69358.0
2025-06-10 20:10:53 INFO     10000 12313 7.082170 69332.0
2025-06-10 20:11:41 INFO     11000 12313 7.042838 69366.7
2025-06-10 20:12:29 INFO     12000 12313 7.016413 69279.9
2025-06-10 20:12:45 INFO     >>>>> Predictor: Evaluating on valid
2025-06-10 20:13:05 INFO     Data : 3823
2025-06-10 20:13:05 INFO     Hit1 : 0.027988
2025-06-10 20:13:05 INFO     Hit3 : 0.056239
2025-06-10 20:13:05 INFO     Hit10: 0.108292
2025-06-10 20:13:05 INFO     MR   : 1178.321868
2025-06-10 20:13:05 INFO     MRR  : 0.055557
2025-06-10 20:13:05 INFO     >>>>> Predictor: Evaluating on test
2025-06-10 20:13:28 INFO     Data : 4402
2025-06-10 20:13:28 INFO     Hit1 : 0.035893
2025-06-10 20:13:28 INFO     Hit3 : 0.065425
2025-06-10 20:13:28 INFO     Hit10: 0.109950
2025-06-10 20:13:28 INFO     MR   : 1174.670036
2025-06-10 20:13:28 INFO     MRR  : 0.062326
2025-06-10 20:13:28 INFO     >>>>> Predictor: Computing H scores of rules
2025-06-10 20:14:20 INFO     1000 12313
2025-06-10 20:15:13 INFO     2000 12313
2025-06-10 20:16:05 INFO     3000 12313
2025-06-10 20:16:58 INFO     4000 12313
2025-06-10 20:17:50 INFO     5000 12313
2025-06-10 20:18:44 INFO     6000 12313
2025-06-10 20:19:37 INFO     7000 12313
2025-06-10 20:20:30 INFO     8000 12313
2025-06-10 20:21:23 INFO     9000 12313
2025-06-10 20:22:15 INFO     10000 12313
2025-06-10 20:23:07 INFO     11000 12313
2025-06-10 20:24:01 INFO     12000 12313
2025-06-10 20:24:18 INFO     >>>>> Generator: Training
2025-06-10 20:24:18 INFO     -------------------------
2025-06-10 20:24:18 INFO     | EM Iteration: 2/5
2025-06-10 20:24:18 INFO     -------------------------
2025-06-10 20:24:18 INFO     >>>>> Generator: Rule generation with sampling
2025-06-10 20:24:18 INFO     Predictor: read 1412 rules from list.
2025-06-10 20:24:18 INFO     Preprocess training set
2025-06-10 20:24:18 INFO     >>>>> Predictor: Training
2025-06-10 20:25:10 INFO     1000 12313 8.255845 69366.7
2025-06-10 20:26:02 INFO     2000 12313 7.776506 69279.9
2025-06-10 20:26:53 INFO     3000 12313 7.617290 69253.9
2025-06-10 20:27:45 INFO     4000 12313 7.466239 69340.6
2025-06-10 20:28:36 INFO     5000 12313 7.388357 69366.7
2025-06-10 20:29:27 INFO     6000 12313 7.303945 69358.0
2025-06-10 20:30:18 INFO     7000 12313 7.266322 69366.7
2025-06-10 20:31:09 INFO     8000 12313 7.248405 69384.0
2025-06-10 20:32:00 INFO     9000 12313 7.206810 69262.6
2025-06-10 20:32:51 INFO     10000 12313 7.179352 69323.3
2025-06-10 20:33:42 INFO     11000 12313 7.156930 69366.7
2025-06-10 20:34:33 INFO     12000 12313 7.139900 69332.0
2025-06-10 20:34:49 INFO     >>>>> Predictor: Evaluating on valid
2025-06-10 20:35:09 INFO     Data : 3823
2025-06-10 20:35:09 INFO     Hit1 : 0.030604
2025-06-10 20:35:09 INFO     Hit3 : 0.058331
2025-06-10 20:35:09 INFO     Hit10: 0.110123
2025-06-10 20:35:09 INFO     MR   : 1154.160738
2025-06-10 20:35:09 INFO     MRR  : 0.058862
2025-06-10 20:35:09 INFO     >>>>> Predictor: Evaluating on test
2025-06-10 20:35:31 INFO     Data : 4402
2025-06-10 20:35:31 INFO     Hit1 : 0.039073
2025-06-10 20:35:31 INFO     Hit3 : 0.066333
2025-06-10 20:35:31 INFO     Hit10: 0.113130
2025-06-10 20:35:31 INFO     MR   : 1139.965129
2025-06-10 20:35:31 INFO     MRR  : 0.065898
2025-06-10 20:35:31 INFO     >>>>> Predictor: Computing H scores of rules
2025-06-10 20:36:27 INFO     1000 12313
2025-06-10 20:37:24 INFO     2000 12313
2025-06-10 20:38:21 INFO     3000 12313
2025-06-10 20:39:18 INFO     4000 12313
2025-06-10 20:40:15 INFO     5000 12313
2025-06-10 20:41:12 INFO     6000 12313
2025-06-10 20:42:09 INFO     7000 12313
2025-06-10 20:43:05 INFO     8000 12313
2025-06-10 20:44:02 INFO     9000 12313
2025-06-10 20:44:59 INFO     10000 12313
2025-06-10 20:45:55 INFO     11000 12313
2025-06-10 20:46:52 INFO     12000 12313
2025-06-10 20:47:10 INFO     >>>>> Generator: Training
2025-06-10 20:47:10 INFO     -------------------------
2025-06-10 20:47:10 INFO     | EM Iteration: 3/5
2025-06-10 20:47:10 INFO     -------------------------
2025-06-10 20:47:10 INFO     >>>>> Generator: Rule generation with sampling
2025-06-10 20:47:11 INFO     Predictor: read 1512 rules from list.
2025-06-10 20:47:11 INFO     Preprocess training set
2025-06-10 20:47:11 INFO     >>>>> Predictor: Training
2025-06-10 20:48:03 INFO     1000 12313 8.205894 69384.0
2025-06-10 20:48:57 INFO     2000 12313 7.719050 69384.0
2025-06-10 20:49:50 INFO     3000 12313 7.452528 69253.9
2025-06-10 20:50:43 INFO     4000 12313 7.318366 69323.3
2025-06-10 20:51:36 INFO     5000 12313 7.196991 69384.0
2025-06-10 20:52:29 INFO     6000 12313 7.078375 69323.3
2025-06-10 20:53:22 INFO     7000 12313 6.995940 69366.7
2025-06-10 20:54:15 INFO     8000 12313 6.929426 69332.0
2025-06-10 20:55:09 INFO     9000 12313 6.830790 69384.0
2025-06-10 20:56:01 INFO     10000 12313 6.826873 69227.9
2025-06-10 20:56:53 INFO     11000 12313 6.772168 69340.6
2025-06-10 20:57:46 INFO     12000 12313 6.740747 69297.3
2025-06-10 20:58:02 INFO     >>>>> Predictor: Evaluating on valid
2025-06-10 20:58:22 INFO     Data : 3823
2025-06-10 20:58:22 INFO     Hit1 : 0.028250
2025-06-10 20:58:22 INFO     Hit3 : 0.059377
2025-06-10 20:58:22 INFO     Hit10: 0.112739
2025-06-10 20:58:22 INFO     MR   : 1157.844625
2025-06-10 20:58:22 INFO     MRR  : 0.058052
2025-06-10 20:58:22 INFO     >>>>> Predictor: Evaluating on test
2025-06-10 20:58:45 INFO     Data : 4402
2025-06-10 20:58:45 INFO     Hit1 : 0.035211
2025-06-10 20:58:45 INFO     Hit3 : 0.064970
2025-06-10 20:58:45 INFO     Hit10: 0.118810
2025-06-10 20:58:45 INFO     MR   : 1137.245457
2025-06-10 20:58:45 INFO     MRR  : 0.063922
2025-06-10 20:58:45 INFO     >>>>> Predictor: Computing H scores of rules
2025-06-10 20:59:43 INFO     1000 12313
2025-06-10 21:00:41 INFO     2000 12313
2025-06-10 21:01:40 INFO     3000 12313
2025-06-10 21:02:38 INFO     4000 12313
2025-06-10 21:03:36 INFO     5000 12313
2025-06-10 21:04:34 INFO     6000 12313
2025-06-10 21:05:32 INFO     7000 12313
2025-06-10 21:06:30 INFO     8000 12313
2025-06-10 21:07:30 INFO     9000 12313
2025-06-10 21:08:28 INFO     10000 12313
2025-06-10 21:09:27 INFO     11000 12313
2025-06-10 21:10:26 INFO     12000 12313
2025-06-10 21:10:45 INFO     >>>>> Generator: Training
2025-06-10 21:10:45 INFO     -------------------------
2025-06-10 21:10:45 INFO     | EM Iteration: 4/5
2025-06-10 21:10:45 INFO     -------------------------
2025-06-10 21:10:45 INFO     >>>>> Generator: Rule generation with sampling
2025-06-10 21:10:45 INFO     Predictor: read 1519 rules from list.
2025-06-10 21:10:45 INFO     Preprocess training set
2025-06-10 21:10:45 INFO     >>>>> Predictor: Training
2025-06-10 21:11:38 INFO     1000 12313 8.237849 69314.6
2025-06-10 21:12:31 INFO     2000 12313 7.764262 69279.9
2025-06-10 21:13:24 INFO     3000 12313 7.521847 69366.7
2025-06-10 21:14:16 INFO     4000 12313 7.415993 69366.7
2025-06-10 21:15:08 INFO     5000 12313 7.328754 69288.6
2025-06-10 21:16:00 INFO     6000 12313 7.242598 69340.6
2025-06-10 21:16:53 INFO     7000 12313 7.148698 69384.0
2025-06-10 21:17:45 INFO     8000 12313 7.087729 69340.6
2025-06-10 21:18:37 INFO     9000 12313 7.099235 69384.0
2025-06-10 21:19:29 INFO     10000 12313 7.034778 69288.6
2025-06-10 21:20:21 INFO     11000 12313 7.030834 69262.6
2025-06-10 21:21:14 INFO     12000 12313 6.998650 69384.0
2025-06-10 21:21:30 INFO     >>>>> Predictor: Evaluating on valid
2025-06-10 21:21:51 INFO     Data : 3823
2025-06-10 21:21:51 INFO     Hit1 : 0.034789
2025-06-10 21:21:51 INFO     Hit3 : 0.074287
2025-06-10 21:21:51 INFO     Hit10: 0.138896
2025-06-10 21:21:51 INFO     MR   : 1099.969003
2025-06-10 21:21:51 INFO     MRR  : 0.070144
2025-06-10 21:21:51 INFO     >>>>> Predictor: Evaluating on test
2025-06-10 21:22:16 INFO     Data : 4402
2025-06-10 21:22:16 INFO     Hit1 : 0.044525
2025-06-10 21:22:16 INFO     Hit3 : 0.085643
2025-06-10 21:22:16 INFO     Hit10: 0.145843
2025-06-10 21:22:16 INFO     MR   : 1098.670036
2025-06-10 21:22:16 INFO     MRR  : 0.079837
2025-06-10 21:22:16 INFO     >>>>> Predictor: Computing H scores of rules
2025-06-10 21:23:14 INFO     1000 12313
2025-06-10 21:24:11 INFO     2000 12313
2025-06-10 21:25:10 INFO     3000 12313
2025-06-10 21:26:09 INFO     4000 12313
2025-06-10 21:27:08 INFO     5000 12313
2025-06-10 21:28:08 INFO     6000 12313
2025-06-10 21:29:06 INFO     7000 12313
2025-06-10 21:30:05 INFO     8000 12313
2025-06-10 21:31:03 INFO     9000 12313
2025-06-10 21:32:00 INFO     10000 12313
2025-06-10 21:32:58 INFO     11000 12313
2025-06-10 21:33:56 INFO     12000 12313
2025-06-10 21:34:15 INFO     >>>>> Generator: Training
2025-06-10 21:34:15 INFO     -------------------------
2025-06-10 21:34:15 INFO     | EM Iteration: 5/5
2025-06-10 21:34:15 INFO     -------------------------
2025-06-10 21:34:15 INFO     >>>>> Generator: Rule generation with sampling
2025-06-10 21:34:15 INFO     Predictor: read 1611 rules from list.
2025-06-10 21:34:15 INFO     Preprocess training set
2025-06-10 21:34:15 INFO     >>>>> Predictor: Training
2025-06-10 21:35:10 INFO     1000 12313 8.249976 69340.6
2025-06-10 21:36:05 INFO     2000 12313 7.810418 69288.6
2025-06-10 21:37:01 INFO     3000 12313 7.607560 69366.7
2025-06-10 21:38:02 INFO     4000 12313 7.497979 69305.9
2025-06-10 21:39:05 INFO     5000 12313 7.384724 69323.3
2025-06-10 21:40:08 INFO     6000 12313 7.337987 69384.0
2025-06-10 21:41:11 INFO     7000 12313 7.295832 69279.9
2025-06-10 21:42:15 INFO     8000 12313 7.219264 69384.0
2025-06-10 21:43:18 INFO     9000 12313 7.224726 69366.7
2025-06-10 21:44:23 INFO     10000 12313 7.179729 69297.3
2025-06-10 21:45:25 INFO     11000 12313 7.143022 69279.9
2025-06-10 21:46:29 INFO     12000 12313 7.154868 69384.0
2025-06-10 21:46:49 INFO     >>>>> Predictor: Evaluating on valid
2025-06-10 21:47:13 INFO     Data : 3823
2025-06-10 21:47:13 INFO     Hit1 : 0.027465
2025-06-10 21:47:13 INFO     Hit3 : 0.055454
2025-06-10 21:47:13 INFO     Hit10: 0.106199
2025-06-10 21:47:13 INFO     MR   : 1187.468611
2025-06-10 21:47:13 INFO     MRR  : 0.055174
2025-06-10 21:47:13 INFO     >>>>> Predictor: Evaluating on test
2025-06-10 21:47:42 INFO     Data : 4402
2025-06-10 21:47:42 INFO     Hit1 : 0.034757
2025-06-10 21:47:42 INFO     Hit3 : 0.062017
2025-06-10 21:47:42 INFO     Hit10: 0.108360
2025-06-10 21:47:42 INFO     MR   : 1170.317015
2025-06-10 21:47:42 INFO     MRR  : 0.061305
2025-06-10 21:47:42 INFO     >>>>> Predictor: Computing H scores of rules
2025-06-10 21:48:41 INFO     1000 12313
2025-06-10 21:49:42 INFO     2000 12313
2025-06-10 21:50:42 INFO     3000 12313
2025-06-10 21:51:42 INFO     4000 12313
2025-06-10 21:52:42 INFO     5000 12313
2025-06-10 21:53:42 INFO     6000 12313
2025-06-10 21:54:41 INFO     7000 12313
2025-06-10 21:55:40 INFO     8000 12313
2025-06-10 21:56:40 INFO     9000 12313
2025-06-10 21:57:40 INFO     10000 12313
2025-06-10 21:58:46 INFO     11000 12313
2025-06-10 21:59:56 INFO     12000 12313
2025-06-10 22:00:17 INFO     >>>>> Generator: Training
2025-06-10 22:00:18 INFO     -------------------------
2025-06-10 22:00:18 INFO     | Post-train Generator
2025-06-10 22:00:18 INFO     -------------------------
2025-06-10 22:00:18 INFO     >>>>> Generator: Training
2025-06-10 22:00:25 INFO     [E1000] Total: 1.452998 | Main: 1.743486 | Aux: 0.871764
2025-06-10 22:00:25 INFO     -------------------------
2025-06-10 22:00:25 INFO     | Beam Search Best Rules
2025-06-10 22:00:25 INFO     -------------------------
2025-06-10 22:00:25 INFO     >>>>> Generator: Rule generation with beam search
2025-06-10 22:00:25 INFO     >>>>> Generator: Rule generation with beam search
2025-06-10 22:00:27 INFO     >>>>> Generator: Rule generation with beam search
2025-06-10 22:00:38 INFO     >>>>> Generator: Rule generation with beam search
2025-06-10 22:00:46 INFO     >>>>> Generator: Rule generation with beam search
2025-06-10 22:00:52 INFO     -------------------------
2025-06-10 22:00:52 INFO     | Train Final Predictor+
2025-06-10 22:00:52 INFO     -------------------------
2025-06-10 22:00:52 INFO     Predictor+: read 18420 rules from list.
2025-06-10 22:00:52 INFO     Preprocess training set
2025-06-10 22:00:52 INFO     -------------------------
2025-06-10 22:00:52 INFO     | Iteration: 1/5
2025-06-10 22:00:52 INFO     -------------------------
2025-06-10 22:00:52 INFO     >>>>> Predictor: Training
2025-06-10 22:09:17 INFO     1000 12313 4.699627 69314.6
2025-06-10 22:17:41 INFO     2000 12313 4.495385 69366.7
2025-06-10 22:25:25 INFO     3000 12313 4.452359 69279.9
2025-06-10 22:32:47 INFO     4000 12313 4.449433 69340.6
2025-06-10 22:40:14 INFO     5000 12313 4.488113 69236.6
2025-06-10 22:47:46 INFO     6000 12313 4.443287 69366.7
2025-06-10 22:55:09 INFO     7000 12313 4.428627 69323.3
2025-06-10 23:04:16 INFO     8000 12313 4.465532 69349.3
2025-06-10 23:11:46 INFO     9000 12313 4.429945 69384.0
2025-06-10 23:19:09 INFO     10000 12313 4.418656 69384.0
2025-06-10 23:26:41 INFO     11000 12313 4.443683 69288.6
2025-06-10 23:35:21 INFO     12000 12313 4.448356 69366.7
2025-06-10 23:40:19 INFO     >>>>> Predictor: Evaluating on valid
2025-06-10 23:47:17 INFO     Data : 3823
2025-06-10 23:47:17 INFO     Hit1 : 0.080042
2025-06-10 23:47:17 INFO     Hit3 : 0.157468
2025-06-10 23:47:17 INFO     Hit10: 0.295056
2025-06-10 23:47:17 INFO     MR   : 616.681140
2025-06-10 23:47:17 INFO     MRR  : 0.149043
2025-06-10 23:47:17 INFO     >>>>> Predictor: Evaluating on test
2025-06-10 23:55:15 INFO     Data : 4402
2025-06-10 23:55:15 INFO     Hit1 : 0.108133
2025-06-10 23:55:15 INFO     Hit3 : 0.195366
2025-06-10 23:55:15 INFO     Hit10: 0.328260
2025-06-10 23:55:15 INFO     MR   : 596.506474
2025-06-10 23:55:15 INFO     MRR  : 0.179968
2025-06-10 23:55:15 INFO     Save checkpoint to results/semmeddb/multitask/naive_encode_relation/random_init/cluster_5/adaptive/predictor.pt
2025-06-10 23:55:15 INFO     -------------------------
2025-06-10 23:55:15 INFO     | Iteration: 2/5
2025-06-10 23:55:15 INFO     -------------------------
2025-06-10 23:55:15 INFO     >>>>> Predictor: Training
2025-06-11 00:11:16 INFO     1000 12313 4.387298 69384.0
2025-06-11 00:27:19 INFO     2000 12313 4.381060 69384.0
2025-06-11 00:43:18 INFO     3000 12313 4.391986 69340.6
2025-06-11 00:58:36 INFO     4000 12313 4.396624 69305.9
2025-06-11 01:14:39 INFO     5000 12313 4.407391 69340.6
2025-06-11 01:30:42 INFO     6000 12313 4.411138 69297.3
2025-06-11 01:39:04 INFO     7000 12313 4.396990 69323.3
2025-06-11 01:46:32 INFO     8000 12313 4.417224 69366.7
2025-06-11 01:54:01 INFO     9000 12313 4.393280 69297.3
2025-06-11 02:01:30 INFO     10000 12313 4.406192 69366.7
2025-06-11 02:09:02 INFO     11000 12313 4.413639 69314.6
2025-06-11 02:16:31 INFO     12000 12313 4.422611 69279.9
2025-06-11 02:18:53 INFO     >>>>> Predictor: Evaluating on valid
2025-06-11 02:22:12 INFO     Data : 3823
2025-06-11 02:22:12 INFO     Hit1 : 0.081873
2025-06-11 02:22:12 INFO     Hit3 : 0.157206
2025-06-11 02:22:12 INFO     Hit10: 0.304735
2025-06-11 02:22:12 INFO     MR   : 600.306827
2025-06-11 02:22:12 INFO     MRR  : 0.151567
2025-06-11 02:22:12 INFO     >>>>> Predictor: Evaluating on test
2025-06-11 02:25:59 INFO     Data : 4402
2025-06-11 02:25:59 INFO     Hit1 : 0.110404
2025-06-11 02:25:59 INFO     Hit3 : 0.198092
2025-06-11 02:25:59 INFO     Hit10: 0.326670
2025-06-11 02:25:59 INFO     MR   : 576.708314
2025-06-11 02:25:59 INFO     MRR  : 0.181692
2025-06-11 02:25:59 INFO     Save checkpoint to results/semmeddb/multitask/naive_encode_relation/random_init/cluster_5/adaptive/predictor.pt
2025-06-11 02:25:59 INFO     -------------------------
2025-06-11 02:25:59 INFO     | Iteration: 3/5
2025-06-11 02:25:59 INFO     -------------------------
2025-06-11 02:25:59 INFO     >>>>> Predictor: Training
2025-06-11 02:33:30 INFO     1000 12313 4.387314 69262.6
2025-06-11 02:41:07 INFO     2000 12313 4.370151 69384.0
2025-06-11 02:48:43 INFO     3000 12313 4.349350 69262.6
2025-06-11 02:56:15 INFO     4000 12313 4.393972 69323.3
2025-06-11 03:03:46 INFO     5000 12313 4.363816 69366.7
2025-06-11 03:11:15 INFO     6000 12313 4.382688 69323.3
2025-06-11 03:18:44 INFO     7000 12313 4.389963 69366.7
2025-06-11 03:26:23 INFO     8000 12313 4.401239 69384.0
2025-06-11 03:33:56 INFO     9000 12313 4.383188 69349.3
2025-06-11 03:41:32 INFO     10000 12313 4.406457 69314.6
2025-06-11 03:49:09 INFO     11000 12313 4.365793 69349.3
2025-06-11 03:56:46 INFO     12000 12313 4.396145 69314.6
2025-06-11 03:59:09 INFO     >>>>> Predictor: Evaluating on valid
2025-06-11 04:02:30 INFO     Data : 3823
2025-06-11 04:02:30 INFO     Hit1 : 0.075595
2025-06-11 04:02:30 INFO     Hit3 : 0.154067
2025-06-11 04:02:30 INFO     Hit10: 0.300811
2025-06-11 04:02:30 INFO     MR   : 595.328538
2025-06-11 04:02:30 INFO     MRR  : 0.147237
2025-06-11 04:02:30 INFO     >>>>> Predictor: Evaluating on test
2025-06-11 04:06:21 INFO     Data : 4402
2025-06-11 04:06:21 INFO     Hit1 : 0.105179
2025-06-11 04:06:21 INFO     Hit3 : 0.197410
2025-06-11 04:06:21 INFO     Hit10: 0.334621
2025-06-11 04:06:21 INFO     MR   : 561.295434
2025-06-11 04:06:21 INFO     MRR  : 0.178743
2025-06-11 04:06:21 INFO     -------------------------
2025-06-11 04:06:21 INFO     | Iteration: 4/5
2025-06-11 04:06:21 INFO     -------------------------
2025-06-11 04:06:21 INFO     >>>>> Predictor: Training
2025-06-11 04:13:55 INFO     1000 12313 4.338450 69384.0
2025-06-11 04:21:24 INFO     2000 12313 4.358831 69340.6
2025-06-11 04:28:52 INFO     3000 12313 4.366020 69384.0
2025-06-11 04:36:17 INFO     4000 12313 4.398533 69253.9
2025-06-11 04:43:40 INFO     5000 12313 4.382701 69262.6
2025-06-11 04:51:05 INFO     6000 12313 4.393869 69340.6
2025-06-11 04:58:28 INFO     7000 12313 4.375083 69314.6
2025-06-11 05:05:51 INFO     8000 12313 4.356306 69323.3
2025-06-11 05:13:14 INFO     9000 12313 4.385297 69366.7
2025-06-11 05:20:37 INFO     10000 12313 4.357421 69349.3
2025-06-11 05:28:00 INFO     11000 12313 4.369777 69366.7
2025-06-11 05:35:23 INFO     12000 12313 4.385214 69366.7
2025-06-11 05:37:42 INFO     >>>>> Predictor: Evaluating on valid
2025-06-11 05:40:57 INFO     Data : 3823
2025-06-11 05:40:57 INFO     Hit1 : 0.077949
2025-06-11 05:40:57 INFO     Hit3 : 0.161392
2025-06-11 05:40:57 INFO     Hit10: 0.303427
2025-06-11 05:40:57 INFO     MR   : 590.479859
2025-06-11 05:40:57 INFO     MRR  : 0.150897
2025-06-11 05:40:57 INFO     >>>>> Predictor: Evaluating on test
2025-06-11 05:44:41 INFO     Data : 4402
2025-06-11 05:44:41 INFO     Hit1 : 0.103589
2025-06-11 05:44:41 INFO     Hit3 : 0.194230
2025-06-11 05:44:41 INFO     Hit10: 0.325534
2025-06-11 05:44:41 INFO     MR   : 557.828373
2025-06-11 05:44:41 INFO     MRR  : 0.176850
2025-06-11 05:44:41 INFO     -------------------------
2025-06-11 05:44:41 INFO     | Iteration: 5/5
2025-06-11 05:44:41 INFO     -------------------------
2025-06-11 05:44:41 INFO     >>>>> Predictor: Training
2025-06-11 05:52:05 INFO     1000 12313 4.337495 69323.3
2025-06-11 05:59:38 INFO     2000 12313 4.363155 69384.0
2025-06-11 06:07:15 INFO     3000 12313 4.359732 69245.2
2025-06-11 06:14:44 INFO     4000 12313 4.339695 69384.0
2025-06-11 06:22:14 INFO     5000 12313 4.387384 69366.7
2025-06-11 06:29:38 INFO     6000 12313 4.360663 69323.3
2025-06-11 06:37:03 INFO     7000 12313 4.379667 69384.0
2025-06-11 06:44:30 INFO     8000 12313 4.390153 69297.3
2025-06-11 06:51:54 INFO     9000 12313 4.368134 69384.0
2025-06-11 06:59:18 INFO     10000 12313 4.365664 69271.3
2025-06-11 07:06:50 INFO     11000 12313 4.362535 69340.6
2025-06-11 07:14:26 INFO     12000 12313 4.347201 69297.3
2025-06-11 07:16:49 INFO     >>>>> Predictor: Evaluating on valid
2025-06-11 07:20:09 INFO     Data : 3823
2025-06-11 07:20:09 INFO     Hit1 : 0.081873
2025-06-11 07:20:09 INFO     Hit3 : 0.159822
2025-06-11 07:20:09 INFO     Hit10: 0.299503
2025-06-11 07:20:09 INFO     MR   : 579.458540
2025-06-11 07:20:09 INFO     MRR  : 0.151816
2025-06-11 07:20:09 INFO     >>>>> Predictor: Evaluating on test
2025-06-11 07:23:59 INFO     Data : 4402
2025-06-11 07:23:59 INFO     Hit1 : 0.101090
2025-06-11 07:23:59 INFO     Hit3 : 0.198092
2025-06-11 07:23:59 INFO     Hit10: 0.322581
2025-06-11 07:23:59 INFO     MR   : 554.042254
2025-06-11 07:23:59 INFO     MRR  : 0.175069
2025-06-11 07:23:59 INFO     Save checkpoint to results/semmeddb/multitask/naive_encode_relation/random_init/cluster_5/adaptive/predictor.pt
2025-06-11 07:23:59 INFO     -------------------------
2025-06-11 07:23:59 INFO     | Final Test MRR: 0.175069
2025-06-11 07:23:59 INFO     -------------------------
