2025-07-20 02:25:41 INFO     is_soft_label: False
2025-07-20 02:25:41 INFO     is_scheduled_sampling: False
2025-07-20 02:25:41 INFO     is_test_mode: False
2025-07-20 02:25:41 INFO     Data loading | DONE!
2025-07-20 02:25:41 INFO     Using full datasets for training, validation, and testing.
2025-07-20 02:25:41 INFO     -------------------------
2025-07-20 02:25:41 INFO     | EM Iteration: 1/5
2025-07-20 02:25:41 INFO     -------------------------
2025-07-20 02:25:41 INFO     >>>>> Using miner's rule
2025-07-20 02:25:41 INFO     Predictor: read 13661 rules from list.
2025-07-20 02:25:42 INFO     Preprocess training set
2025-07-20 02:25:42 INFO     >>>>> Predictor: Evaluating on valid
2025-07-20 02:28:00 INFO     Data : 2077
2025-07-20 02:28:00 INFO     Hit1 : 0.065479
2025-07-20 02:28:00 INFO     Hit3 : 0.127106
2025-07-20 02:28:00 INFO     Hit10: 0.199326
2025-07-20 02:28:00 INFO     MR   : 1120.902022
2025-07-20 02:28:00 INFO     MRR  : 0.114382
2025-07-20 02:28:00 INFO     >>>>> Predictor: Evaluating on test
2025-07-20 02:30:34 INFO     Data : 2342
2025-07-20 02:30:34 INFO     Hit1 : 0.078992
2025-07-20 02:30:34 INFO     Hit3 : 0.124253
2025-07-20 02:30:34 INFO     Hit10: 0.208796
2025-07-20 02:30:34 INFO     MR   : 1044.269001
2025-07-20 02:30:34 INFO     MRR  : 0.122250
2025-07-20 02:30:34 INFO     >>>>> Predictor: Computing H scores of rules
2025-07-20 03:07:28 INFO     1000 5959
2025-07-20 03:45:15 INFO     2000 5959
2025-07-20 04:22:13 INFO     3000 5959
2025-07-20 04:59:31 INFO     4000 5959
2025-07-20 05:36:33 INFO     5000 5959
2025-07-20 06:14:15 INFO     >>>>> Generator: Training
2025-07-20 06:14:26 INFO     -------------------------
2025-07-20 06:14:26 INFO     | EM Iteration: 2/5
2025-07-20 06:14:26 INFO     -------------------------
2025-07-20 06:14:26 INFO     >>>>> Using Generator's sample rule
2025-07-20 06:14:26 INFO     >>>>> Generator: Rule generation with sampling
2025-07-20 06:14:26 INFO     Predictor: read 1904 rules from list.
2025-07-20 06:14:26 INFO     Preprocess training set
2025-07-20 06:14:26 INFO     >>>>> Predictor: Training
2025-07-20 06:15:41 INFO     1000 5959 8.782312 69314.6
2025-07-20 06:16:56 INFO     2000 5959 8.410004 69271.3
2025-07-20 06:18:10 INFO     3000 5959 8.219053 69245.2
2025-07-20 06:19:24 INFO     4000 5959 8.065449 69340.6
2025-07-20 06:20:38 INFO     5000 5959 7.940880 69340.6
2025-07-20 06:21:50 INFO     >>>>> Predictor: Evaluating on valid
2025-07-20 06:22:09 INFO     Data : 2077
2025-07-20 06:22:09 INFO     Hit1 : 0.025036
2025-07-20 06:22:09 INFO     Hit3 : 0.040924
2025-07-20 06:22:09 INFO     Hit10: 0.064035
2025-07-20 06:22:09 INFO     MR   : 1407.828117
2025-07-20 06:22:09 INFO     MRR  : 0.041154
2025-07-20 06:22:09 INFO     >>>>> Predictor: Evaluating on test
2025-07-20 06:22:42 INFO     Data : 2342
2025-07-20 06:22:42 INFO     Hit1 : 0.019641
2025-07-20 06:22:42 INFO     Hit3 : 0.030743
2025-07-20 06:22:42 INFO     Hit10: 0.056362
2025-07-20 06:22:42 INFO     MR   : 1317.205807
2025-07-20 06:22:42 INFO     MRR  : 0.034766
2025-07-20 06:22:42 INFO     >>>>> Predictor: Computing H scores of rules
2025-07-20 06:26:12 INFO     1000 5959
2025-07-20 06:29:35 INFO     2000 5959
2025-07-20 06:33:11 INFO     3000 5959
2025-07-20 06:36:33 INFO     4000 5959
2025-07-20 06:40:05 INFO     5000 5959
2025-07-20 06:43:31 INFO     >>>>> Generator: Training
2025-07-20 06:43:41 INFO     -------------------------
2025-07-20 06:43:41 INFO     | EM Iteration: 3/5
2025-07-20 06:43:41 INFO     -------------------------
2025-07-20 06:43:41 INFO     >>>>> Using Generator's sample rule
2025-07-20 06:43:41 INFO     >>>>> Generator: Rule generation with sampling
2025-07-20 06:43:41 INFO     Predictor: read 1877 rules from list.
2025-07-20 06:43:41 INFO     Preprocess training set
2025-07-20 06:43:41 INFO     >>>>> Predictor: Training
2025-07-20 06:44:54 INFO     1000 5959 8.809976 69332.0
2025-07-20 06:46:08 INFO     2000 5959 8.469537 69349.3
2025-07-20 06:47:33 INFO     3000 5959 8.254404 69184.5
2025-07-20 06:48:46 INFO     4000 5959 8.080450 69253.9
2025-07-20 06:50:04 INFO     5000 5959 7.983767 69332.0
2025-07-20 06:51:23 INFO     >>>>> Predictor: Evaluating on valid
2025-07-20 06:51:45 INFO     Data : 2077
2025-07-20 06:51:45 INFO     Hit1 : 0.010592
2025-07-20 06:51:45 INFO     Hit3 : 0.025999
2025-07-20 06:51:45 INFO     Hit10: 0.051035
2025-07-20 06:51:45 INFO     MR   : 1450.381801
2025-07-20 06:51:45 INFO     MRR  : 0.026797
2025-07-20 06:51:45 INFO     >>>>> Predictor: Evaluating on test
2025-07-20 06:52:06 INFO     Data : 2342
2025-07-20 06:52:06 INFO     Hit1 : 0.014091
2025-07-20 06:52:06 INFO     Hit3 : 0.024765
2025-07-20 06:52:06 INFO     Hit10: 0.047395
2025-07-20 06:52:06 INFO     MR   : 1340.377455
2025-07-20 06:52:06 INFO     MRR  : 0.028016
2025-07-20 06:52:06 INFO     >>>>> Predictor: Computing H scores of rules
2025-07-20 06:55:27 INFO     1000 5959
2025-07-20 06:58:47 INFO     2000 5959
2025-07-20 07:02:10 INFO     3000 5959
2025-07-20 07:05:41 INFO     4000 5959
2025-07-20 07:09:14 INFO     5000 5959
2025-07-20 07:12:28 INFO     >>>>> Generator: Training
2025-07-20 07:12:38 INFO     -------------------------
2025-07-20 07:12:38 INFO     | EM Iteration: 4/5
2025-07-20 07:12:38 INFO     -------------------------
2025-07-20 07:12:38 INFO     >>>>> Using Generator's sample rule
2025-07-20 07:12:38 INFO     >>>>> Generator: Rule generation with sampling
2025-07-20 07:12:38 INFO     Predictor: read 1847 rules from list.
2025-07-20 07:12:38 INFO     Preprocess training set
2025-07-20 07:12:38 INFO     >>>>> Predictor: Training
2025-07-20 07:13:57 INFO     1000 5959 8.791110 69271.3
2025-07-20 07:15:23 INFO     2000 5959 8.404539 69340.6
2025-07-20 07:16:38 INFO     3000 5959 8.137731 69384.0
2025-07-20 07:17:55 INFO     4000 5959 7.963986 69262.6
2025-07-20 07:19:08 INFO     5000 5959 7.819836 69332.0
2025-07-20 07:20:18 INFO     >>>>> Predictor: Evaluating on valid
2025-07-20 07:20:35 INFO     Data : 2077
2025-07-20 07:20:35 INFO     Hit1 : 0.006259
2025-07-20 07:20:35 INFO     Hit3 : 0.018296
2025-07-20 07:20:35 INFO     Hit10: 0.036110
2025-07-20 07:20:35 INFO     MR   : 1486.285749
2025-07-20 07:20:35 INFO     MRR  : 0.019680
2025-07-20 07:20:35 INFO     >>>>> Predictor: Evaluating on test
2025-07-20 07:20:55 INFO     Data : 2342
2025-07-20 07:20:55 INFO     Hit1 : 0.008540
2025-07-20 07:20:55 INFO     Hit3 : 0.018787
2025-07-20 07:20:55 INFO     Hit10: 0.035440
2025-07-20 07:20:55 INFO     MR   : 1371.789710
2025-07-20 07:20:55 INFO     MRR  : 0.020680
2025-07-20 07:20:55 INFO     >>>>> Predictor: Computing H scores of rules
2025-07-20 07:24:18 INFO     1000 5959
2025-07-20 07:27:50 INFO     2000 5959
2025-07-20 07:31:10 INFO     3000 5959
2025-07-20 07:34:30 INFO     4000 5959
2025-07-20 07:38:02 INFO     5000 5959
2025-07-20 07:41:29 INFO     >>>>> Generator: Training
2025-07-20 07:41:39 INFO     -------------------------
2025-07-20 07:41:39 INFO     | EM Iteration: 5/5
2025-07-20 07:41:39 INFO     -------------------------
2025-07-20 07:41:39 INFO     >>>>> Using Generator's sample rule
2025-07-20 07:41:39 INFO     >>>>> Generator: Rule generation with sampling
2025-07-20 07:41:39 INFO     Predictor: read 1676 rules from list.
2025-07-20 07:41:39 INFO     Preprocess training set
2025-07-20 07:41:39 INFO     >>>>> Predictor: Training
2025-07-20 07:42:49 INFO     1000 5959 8.805924 69332.0
2025-07-20 07:43:59 INFO     2000 5959 8.434382 69349.3
2025-07-20 07:45:09 INFO     3000 5959 8.182272 69340.6
2025-07-20 07:46:17 INFO     4000 5959 8.012417 69297.3
2025-07-20 07:47:27 INFO     5000 5959 7.830053 69219.2
2025-07-20 07:48:34 INFO     >>>>> Predictor: Evaluating on valid
2025-07-20 07:48:51 INFO     Data : 2077
2025-07-20 07:48:51 INFO     Hit1 : 0.029851
2025-07-20 07:48:51 INFO     Hit3 : 0.053924
2025-07-20 07:48:51 INFO     Hit10: 0.076071
2025-07-20 07:48:51 INFO     MR   : 1451.129995
2025-07-20 07:48:51 INFO     MRR  : 0.049605
2025-07-20 07:48:51 INFO     >>>>> Predictor: Evaluating on test
2025-07-20 07:49:12 INFO     Data : 2342
2025-07-20 07:49:12 INFO     Hit1 : 0.028608
2025-07-20 07:49:12 INFO     Hit3 : 0.046541
2025-07-20 07:49:12 INFO     Hit10: 0.084116
2025-07-20 07:49:12 INFO     MR   : 1334.989112
2025-07-20 07:49:12 INFO     MRR  : 0.048452
2025-07-20 07:49:12 INFO     >>>>> Predictor: Computing H scores of rules
2025-07-20 07:52:31 INFO     1000 5959
2025-07-20 07:55:51 INFO     2000 5959
2025-07-20 07:59:18 INFO     3000 5959
2025-07-20 08:02:38 INFO     4000 5959
2025-07-20 08:06:05 INFO     5000 5959
2025-07-20 08:09:19 INFO     >>>>> Generator: Training
2025-07-20 08:09:29 INFO     -------------------------
2025-07-20 08:09:29 INFO     | Post-train Generator
2025-07-20 08:09:29 INFO     -------------------------
2025-07-20 08:09:31 INFO     >>>>> Generator: Training
2025-07-20 08:11:12 INFO     [E01000] Total 2.432650 | Main 2.559255 | RelClus 1.497829 | EntType 2.354638
2025-07-20 08:11:12 INFO     -------------------------
2025-07-20 08:11:12 INFO     | Beam Search Best Rules
2025-07-20 08:11:12 INFO     -------------------------
2025-07-20 08:11:12 INFO     >>>>> Generator: Rule generation with beam search
2025-07-20 08:11:13 INFO     >>>>> Generator: Rule generation with beam search
2025-07-20 08:11:19 INFO     >>>>> Generator: Rule generation with beam search
2025-07-20 08:12:36 INFO     >>>>> Generator: Rule generation with beam search
2025-07-20 08:13:46 INFO     >>>>> Generator: Rule generation with beam search
2025-07-20 08:14:29 INFO     -------------------------
2025-07-20 08:14:29 INFO     | Train Final Predictor+
2025-07-20 08:14:29 INFO     -------------------------
2025-07-20 08:14:29 INFO     Predictor+: read 18420 rules from list.
2025-07-20 08:14:29 INFO     Preprocess training set
2025-07-20 08:14:29 INFO     -------------------------
2025-07-20 08:14:29 INFO     | Iteration: 1/5
2025-07-20 08:14:29 INFO     -------------------------
2025-07-20 08:14:29 INFO     >>>>> Predictor: Training
2025-07-20 08:19:50 INFO     1000 5959 4.988815 69271.3
2025-07-20 08:25:09 INFO     2000 5959 4.753987 69332.0
2025-07-20 08:30:44 INFO     3000 5959 4.740719 69375.3
2025-07-20 08:36:14 INFO     4000 5959 4.737305 69279.9
2025-07-20 08:41:35 INFO     5000 5959 4.707574 69349.3
2025-07-20 08:46:49 INFO     >>>>> Predictor: Evaluating on valid
2025-07-20 08:48:05 INFO     Data : 2077
2025-07-20 08:48:05 INFO     Hit1 : 0.098700
2025-07-20 08:48:05 INFO     Hit3 : 0.180067
2025-07-20 08:48:05 INFO     Hit10: 0.312470
2025-07-20 08:48:05 INFO     MR   : 989.111459
2025-07-20 08:48:05 INFO     MRR  : 0.166400
2025-07-20 08:48:05 INFO     >>>>> Predictor: Evaluating on test
2025-07-20 08:49:32 INFO     Data : 2342
2025-07-20 08:49:32 INFO     Hit1 : 0.122118
2025-07-20 08:49:32 INFO     Hit3 : 0.208369
2025-07-20 08:49:32 INFO     Hit10: 0.317250
2025-07-20 08:49:32 INFO     MR   : 926.899872
2025-07-20 08:49:32 INFO     MRR  : 0.187303
2025-07-20 08:49:32 INFO     Save checkpoint to results/semmeddb/10_times_each/fixed/333/3_20250720_022539/predictor.pt
2025-07-20 08:49:32 INFO     -------------------------
2025-07-20 08:49:32 INFO     | Iteration: 2/5
2025-07-20 08:49:32 INFO     -------------------------
2025-07-20 08:49:32 INFO     >>>>> Predictor: Training
2025-07-20 08:54:50 INFO     1000 5959 4.636247 69366.7
2025-07-20 09:00:19 INFO     2000 5959 4.676649 69375.3
2025-07-20 09:05:39 INFO     3000 5959 4.664923 69219.2
2025-07-20 09:10:58 INFO     4000 5959 4.672593 69305.9
2025-07-20 09:16:24 INFO     5000 5959 4.661177 69288.6
2025-07-20 09:21:39 INFO     >>>>> Predictor: Evaluating on valid
2025-07-20 09:22:55 INFO     Data : 2077
2025-07-20 09:22:55 INFO     Hit1 : 0.090997
2025-07-20 09:22:55 INFO     Hit3 : 0.189215
2025-07-20 09:22:55 INFO     Hit10: 0.318247
2025-07-20 09:22:55 INFO     MR   : 954.809581
2025-07-20 09:22:55 INFO     MRR  : 0.164306
2025-07-20 09:22:55 INFO     >>>>> Predictor: Evaluating on test
2025-07-20 09:24:20 INFO     Data : 2342
2025-07-20 09:24:20 INFO     Hit1 : 0.126815
2025-07-20 09:24:20 INFO     Hit3 : 0.211358
2025-07-20 09:24:20 INFO     Hit10: 0.320666
2025-07-20 09:24:20 INFO     MR   : 887.871264
2025-07-20 09:24:20 INFO     MRR  : 0.190047
2025-07-20 09:24:20 INFO     -------------------------
2025-07-20 09:24:20 INFO     | Iteration: 3/5
2025-07-20 09:24:20 INFO     -------------------------
2025-07-20 09:24:20 INFO     >>>>> Predictor: Training
2025-07-20 09:29:38 INFO     1000 5959 4.642726 69288.6
2025-07-20 09:34:55 INFO     2000 5959 4.648196 69288.6
2025-07-20 09:40:25 INFO     3000 5959 4.638163 69340.6
2025-07-20 09:45:54 INFO     4000 5959 4.636455 69271.3
2025-07-20 09:51:30 INFO     5000 5959 4.669572 69219.2
2025-07-20 09:56:41 INFO     >>>>> Predictor: Evaluating on valid
2025-07-20 09:58:00 INFO     Data : 2077
2025-07-20 09:58:00 INFO     Hit1 : 0.091960
2025-07-20 09:58:00 INFO     Hit3 : 0.176216
2025-07-20 09:58:00 INFO     Hit10: 0.302359
2025-07-20 09:58:00 INFO     MR   : 945.011074
2025-07-20 09:58:00 INFO     MRR  : 0.161653
2025-07-20 09:58:00 INFO     >>>>> Predictor: Evaluating on test
2025-07-20 09:59:28 INFO     Data : 2342
2025-07-20 09:59:28 INFO     Hit1 : 0.118702
2025-07-20 09:59:28 INFO     Hit3 : 0.196413
2025-07-20 09:59:28 INFO     Hit10: 0.313407
2025-07-20 09:59:28 INFO     MR   : 873.122545
2025-07-20 09:59:28 INFO     MRR  : 0.181351
2025-07-20 09:59:28 INFO     -------------------------
2025-07-20 09:59:28 INFO     | Iteration: 4/5
2025-07-20 09:59:28 INFO     -------------------------
2025-07-20 09:59:28 INFO     >>>>> Predictor: Training
2025-07-20 10:05:04 INFO     1000 5959 4.614967 69340.6
2025-07-20 10:10:42 INFO     2000 5959 4.590794 69184.5
2025-07-20 10:16:05 INFO     3000 5959 4.659693 69253.9
2025-07-20 10:21:28 INFO     4000 5959 4.626863 69340.6
2025-07-20 10:27:00 INFO     5000 5959 4.628048 69384.0
2025-07-20 10:32:22 INFO     >>>>> Predictor: Evaluating on valid
2025-07-20 10:33:49 INFO     Data : 2077
2025-07-20 10:33:49 INFO     Hit1 : 0.088108
2025-07-20 10:33:49 INFO     Hit3 : 0.187771
2025-07-20 10:33:49 INFO     Hit10: 0.311988
2025-07-20 10:33:49 INFO     MR   : 938.841839
2025-07-20 10:33:49 INFO     MRR  : 0.162865
2025-07-20 10:33:49 INFO     >>>>> Predictor: Evaluating on test
2025-07-20 10:35:15 INFO     Data : 2342
2025-07-20 10:35:15 INFO     Hit1 : 0.123826
2025-07-20 10:35:15 INFO     Hit3 : 0.209223
2025-07-20 10:35:15 INFO     Hit10: 0.317250
2025-07-20 10:35:15 INFO     MR   : 869.981213
2025-07-20 10:35:15 INFO     MRR  : 0.188287
2025-07-20 10:35:15 INFO     -------------------------
2025-07-20 10:35:15 INFO     | Iteration: 5/5
2025-07-20 10:35:15 INFO     -------------------------
2025-07-20 10:35:15 INFO     >>>>> Predictor: Training
2025-07-20 10:40:54 INFO     1000 5959 4.619614 69323.3
2025-07-20 10:46:28 INFO     2000 5959 4.608032 69332.0
2025-07-20 10:52:03 INFO     3000 5959 4.647700 69219.2
2025-07-20 10:57:29 INFO     4000 5959 4.636379 69297.3
2025-07-20 11:02:51 INFO     5000 5959 4.606511 69332.0
2025-07-20 11:08:09 INFO     >>>>> Predictor: Evaluating on valid
2025-07-20 11:09:27 INFO     Data : 2077
2025-07-20 11:09:27 INFO     Hit1 : 0.089552
2025-07-20 11:09:27 INFO     Hit3 : 0.185845
2025-07-20 11:09:27 INFO     Hit10: 0.316322
2025-07-20 11:09:27 INFO     MR   : 931.713288
2025-07-20 11:09:27 INFO     MRR  : 0.163969
2025-07-20 11:09:27 INFO     >>>>> Predictor: Evaluating on test
2025-07-20 11:10:57 INFO     Data : 2342
2025-07-20 11:10:57 INFO     Hit1 : 0.126388
2025-07-20 11:10:57 INFO     Hit3 : 0.208369
2025-07-20 11:10:57 INFO     Hit10: 0.320666
2025-07-20 11:10:57 INFO     MR   : 863.555295
2025-07-20 11:10:57 INFO     MRR  : 0.190715
2025-07-20 11:10:57 INFO     -------------------------
2025-07-20 11:10:57 INFO     | Final Test MRR: 0.187303
2025-07-20 11:10:57 INFO     -------------------------
