2025-07-09 21:33:24 INFO     is_soft_label: False
2025-07-09 21:33:24 INFO     is_scheduled_sampling: False
2025-07-09 21:33:24 INFO     is_test_mode: False
2025-07-09 21:33:24 INFO     Data loading | DONE!
2025-07-09 21:33:24 INFO     Using full datasets for training, validation, and testing.
2025-07-09 21:33:25 INFO     -------------------------
2025-07-09 21:33:25 INFO     | EM Iteration: 1/5
2025-07-09 21:33:25 INFO     -------------------------
2025-07-09 21:33:25 INFO     >>>>> Using miner's rule
2025-07-09 21:33:25 INFO     Predictor: read 13661 rules from list.
2025-07-09 21:33:27 INFO     Preprocess training set
2025-07-09 21:33:27 INFO     >>>>> Predictor: Evaluating on valid
2025-07-09 21:37:43 INFO     Data : 2077
2025-07-09 21:37:43 INFO     Hit1 : 0.065479
2025-07-09 21:37:43 INFO     Hit3 : 0.127106
2025-07-09 21:37:43 INFO     Hit10: 0.199326
2025-07-09 21:37:43 INFO     MR   : 1120.902022
2025-07-09 21:37:43 INFO     MRR  : 0.114382
2025-07-09 21:37:43 INFO     >>>>> Predictor: Evaluating on test
2025-07-09 21:42:14 INFO     Data : 2342
2025-07-09 21:42:14 INFO     Hit1 : 0.078992
2025-07-09 21:42:14 INFO     Hit3 : 0.124253
2025-07-09 21:42:14 INFO     Hit10: 0.208796
2025-07-09 21:42:14 INFO     MR   : 1044.269001
2025-07-09 21:42:14 INFO     MRR  : 0.122250
2025-07-09 21:42:14 INFO     >>>>> Predictor: Computing H scores of rules
2025-07-09 22:34:45 INFO     1000 5959
2025-07-09 23:28:31 INFO     2000 5959
2025-07-10 00:21:58 INFO     3000 5959
2025-07-10 01:15:10 INFO     4000 5959
2025-07-10 02:07:47 INFO     5000 5959
2025-07-10 03:01:44 INFO     >>>>> Generator: Training
2025-07-10 03:01:57 INFO     -------------------------
2025-07-10 03:01:57 INFO     | EM Iteration: 2/5
2025-07-10 03:01:57 INFO     -------------------------
2025-07-10 03:01:57 INFO     >>>>> Using Generator's sample rule
2025-07-10 03:01:57 INFO     >>>>> Generator: Rule generation with sampling
2025-07-10 03:01:58 INFO     Predictor: read 1911 rules from list.
2025-07-10 03:01:58 INFO     Preprocess training set
2025-07-10 03:01:58 INFO     >>>>> Predictor: Training
2025-07-10 03:04:34 INFO     1000 5959 8.777570 69314.6
2025-07-10 03:07:09 INFO     2000 5959 8.371539 69271.3
2025-07-10 03:09:51 INFO     3000 5959 8.153186 69245.2
2025-07-10 03:12:31 INFO     4000 5959 7.969597 69340.6
2025-07-10 03:15:08 INFO     5000 5959 7.793540 69340.6
2025-07-10 03:17:39 INFO     >>>>> Predictor: Evaluating on valid
2025-07-10 03:18:08 INFO     Data : 2077
2025-07-10 03:18:08 INFO     Hit1 : 0.018777
2025-07-10 03:18:08 INFO     Hit3 : 0.033221
2025-07-10 03:18:08 INFO     Hit10: 0.057294
2025-07-10 03:18:08 INFO     MR   : 1437.389263
2025-07-10 03:18:08 INFO     MRR  : 0.034256
2025-07-10 03:18:08 INFO     >>>>> Predictor: Evaluating on test
2025-07-10 03:18:43 INFO     Data : 2342
2025-07-10 03:18:43 INFO     Hit1 : 0.017506
2025-07-10 03:18:43 INFO     Hit3 : 0.033305
2025-07-10 03:18:43 INFO     Hit10: 0.061059
2025-07-10 03:18:43 INFO     MR   : 1333.688728
2025-07-10 03:18:43 INFO     MRR  : 0.034270
2025-07-10 03:18:43 INFO     >>>>> Predictor: Computing H scores of rules
2025-07-10 03:24:42 INFO     1000 5959
2025-07-10 03:30:39 INFO     2000 5959
2025-07-10 03:36:39 INFO     3000 5959
2025-07-10 03:42:37 INFO     4000 5959
2025-07-10 03:48:23 INFO     5000 5959
2025-07-10 03:54:15 INFO     >>>>> Generator: Training
2025-07-10 03:54:28 INFO     -------------------------
2025-07-10 03:54:28 INFO     | EM Iteration: 3/5
2025-07-10 03:54:28 INFO     -------------------------
2025-07-10 03:54:28 INFO     >>>>> Using Generator's sample rule
2025-07-10 03:54:28 INFO     >>>>> Generator: Rule generation with sampling
2025-07-10 03:54:29 INFO     Predictor: read 1914 rules from list.
2025-07-10 03:54:29 INFO     Preprocess training set
2025-07-10 03:54:29 INFO     >>>>> Predictor: Training
2025-07-10 03:57:13 INFO     1000 5959 8.801315 69332.0
2025-07-10 04:00:00 INFO     2000 5959 8.440312 69349.3
2025-07-10 04:02:46 INFO     3000 5959 8.213319 69184.5
2025-07-10 04:05:30 INFO     4000 5959 8.008810 69253.9
2025-07-10 04:08:23 INFO     5000 5959 7.911870 69332.0
2025-07-10 04:11:06 INFO     >>>>> Predictor: Evaluating on valid
2025-07-10 04:11:36 INFO     Data : 2077
2025-07-10 04:11:36 INFO     Hit1 : 0.013962
2025-07-10 04:11:36 INFO     Hit3 : 0.021666
2025-07-10 04:11:36 INFO     Hit10: 0.033221
2025-07-10 04:11:36 INFO     MR   : 1497.018055
2025-07-10 04:11:36 INFO     MRR  : 0.023921
2025-07-10 04:11:36 INFO     >>>>> Predictor: Evaluating on test
2025-07-10 04:12:09 INFO     Data : 2342
2025-07-10 04:12:09 INFO     Hit1 : 0.013664
2025-07-10 04:12:09 INFO     Hit3 : 0.019641
2025-07-10 04:12:09 INFO     Hit10: 0.028181
2025-07-10 04:12:09 INFO     MR   : 1379.780956
2025-07-10 04:12:09 INFO     MRR  : 0.022660
2025-07-10 04:12:09 INFO     >>>>> Predictor: Computing H scores of rules
2025-07-10 04:18:10 INFO     1000 5959
2025-07-10 04:24:01 INFO     2000 5959
2025-07-10 04:29:55 INFO     3000 5959
2025-07-10 04:36:12 INFO     4000 5959
2025-07-10 04:42:17 INFO     5000 5959
2025-07-10 04:48:10 INFO     >>>>> Generator: Training
2025-07-10 04:48:23 INFO     -------------------------
2025-07-10 04:48:23 INFO     | EM Iteration: 4/5
2025-07-10 04:48:23 INFO     -------------------------
2025-07-10 04:48:23 INFO     >>>>> Using Generator's sample rule
2025-07-10 04:48:23 INFO     >>>>> Generator: Rule generation with sampling
2025-07-10 04:48:24 INFO     Predictor: read 1938 rules from list.
2025-07-10 04:48:24 INFO     Preprocess training set
2025-07-10 04:48:24 INFO     >>>>> Predictor: Training
2025-07-10 04:51:18 INFO     1000 5959 8.787876 69271.3
2025-07-10 04:54:02 INFO     2000 5959 8.407591 69340.6
2025-07-10 04:56:52 INFO     3000 5959 8.141658 69384.0
2025-07-10 04:59:36 INFO     4000 5959 7.960909 69262.6
2025-07-10 05:02:21 INFO     5000 5959 7.802165 69332.0
2025-07-10 05:05:05 INFO     >>>>> Predictor: Evaluating on valid
2025-07-10 05:05:36 INFO     Data : 2077
2025-07-10 05:05:36 INFO     Hit1 : 0.012037
2025-07-10 05:05:36 INFO     Hit3 : 0.025036
2025-07-10 05:05:36 INFO     Hit10: 0.044776
2025-07-10 05:05:36 INFO     MR   : 1484.727732
2025-07-10 05:05:36 INFO     MRR  : 0.026449
2025-07-10 05:05:36 INFO     >>>>> Predictor: Evaluating on test
2025-07-10 05:06:10 INFO     Data : 2342
2025-07-10 05:06:10 INFO     Hit1 : 0.011102
2025-07-10 05:06:10 INFO     Hit3 : 0.019641
2025-07-10 05:06:10 INFO     Hit10: 0.040137
2025-07-10 05:06:10 INFO     MR   : 1371.366140
2025-07-10 05:06:10 INFO     MRR  : 0.023806
2025-07-10 05:06:10 INFO     >>>>> Predictor: Computing H scores of rules
2025-07-10 05:12:21 INFO     1000 5959
2025-07-10 05:18:34 INFO     2000 5959
2025-07-10 05:24:45 INFO     3000 5959
2025-07-10 05:30:48 INFO     4000 5959
2025-07-10 05:37:01 INFO     5000 5959
2025-07-10 05:43:01 INFO     >>>>> Generator: Training
2025-07-10 05:43:14 INFO     -------------------------
2025-07-10 05:43:14 INFO     | EM Iteration: 5/5
2025-07-10 05:43:14 INFO     -------------------------
2025-07-10 05:43:14 INFO     >>>>> Using Generator's sample rule
2025-07-10 05:43:14 INFO     >>>>> Generator: Rule generation with sampling
2025-07-10 05:43:15 INFO     Predictor: read 1959 rules from list.
2025-07-10 05:43:15 INFO     Preprocess training set
2025-07-10 05:43:15 INFO     >>>>> Predictor: Training
2025-07-10 05:46:07 INFO     1000 5959 8.829624 69332.0
2025-07-10 05:48:57 INFO     2000 5959 8.514428 69349.3
2025-07-10 05:51:54 INFO     3000 5959 8.323465 69340.6
2025-07-10 05:54:44 INFO     4000 5959 8.184834 69297.3
2025-07-10 05:57:38 INFO     5000 5959 8.085654 69219.2
2025-07-10 06:00:23 INFO     >>>>> Predictor: Evaluating on valid
2025-07-10 06:00:53 INFO     Data : 2077
2025-07-10 06:00:53 INFO     Hit1 : 0.028406
2025-07-10 06:00:53 INFO     Hit3 : 0.054405
2025-07-10 06:00:53 INFO     Hit10: 0.079442
2025-07-10 06:00:53 INFO     MR   : 1448.219547
2025-07-10 06:00:53 INFO     MRR  : 0.050093
2025-07-10 06:00:53 INFO     >>>>> Predictor: Evaluating on test
2025-07-10 06:01:27 INFO     Data : 2342
2025-07-10 06:01:27 INFO     Hit1 : 0.028181
2025-07-10 06:01:27 INFO     Hit3 : 0.054654
2025-07-10 06:01:27 INFO     Hit10: 0.078565
2025-07-10 06:01:27 INFO     MR   : 1342.205380
2025-07-10 06:01:27 INFO     MRR  : 0.050557
2025-07-10 06:01:27 INFO     >>>>> Predictor: Computing H scores of rules
2025-07-10 06:07:39 INFO     1000 5959
2025-07-10 06:13:45 INFO     2000 5959
2025-07-10 06:19:59 INFO     3000 5959
2025-07-10 06:26:10 INFO     4000 5959
2025-07-10 06:32:20 INFO     5000 5959
2025-07-10 06:38:11 INFO     >>>>> Generator: Training
2025-07-10 06:38:24 INFO     -------------------------
2025-07-10 06:38:24 INFO     | Post-train Generator
2025-07-10 06:38:24 INFO     -------------------------
2025-07-10 06:38:27 INFO     >>>>> Generator: Training
2025-07-10 06:40:42 INFO     [E01000] Total 3.139361 | Main 3.110149 | RelClus 1.857888 | EntType 3.026898
2025-07-10 06:40:42 INFO     -------------------------
2025-07-10 06:40:42 INFO     | Beam Search Best Rules
2025-07-10 06:40:42 INFO     -------------------------
2025-07-10 06:40:42 INFO     >>>>> Generator: Rule generation with beam search
2025-07-10 06:40:44 INFO     >>>>> Generator: Rule generation with beam search
2025-07-10 06:40:53 INFO     >>>>> Generator: Rule generation with beam search
2025-07-10 06:42:52 INFO     >>>>> Generator: Rule generation with beam search
2025-07-10 06:44:28 INFO     >>>>> Generator: Rule generation with beam search
2025-07-10 06:45:33 INFO     -------------------------
2025-07-10 06:45:33 INFO     | Train Final Predictor+
2025-07-10 06:45:33 INFO     -------------------------
2025-07-10 06:45:33 INFO     Predictor+: read 18420 rules from list.
2025-07-10 06:45:33 INFO     Preprocess training set
2025-07-10 06:45:33 INFO     -------------------------
2025-07-10 06:45:33 INFO     | Iteration: 1/5
2025-07-10 06:45:33 INFO     -------------------------
2025-07-10 06:45:33 INFO     >>>>> Predictor: Training
2025-07-10 06:56:34 INFO     1000 5959 4.894549 69271.3
2025-07-10 07:07:23 INFO     2000 5959 4.725850 69332.0
2025-07-10 07:18:07 INFO     3000 5959 4.707784 69375.3
2025-07-10 07:28:37 INFO     4000 5959 4.711657 69279.9
2025-07-10 07:39:22 INFO     5000 5959 4.680666 69349.3
2025-07-10 07:49:31 INFO     >>>>> Predictor: Evaluating on valid
2025-07-10 07:52:05 INFO     Data : 2077
2025-07-10 07:52:05 INFO     Hit1 : 0.102070
2025-07-10 07:52:05 INFO     Hit3 : 0.189215
2025-07-10 07:52:05 INFO     Hit10: 0.314396
2025-07-10 07:52:05 INFO     MR   : 984.887338
2025-07-10 07:52:05 INFO     MRR  : 0.171076
2025-07-10 07:52:05 INFO     >>>>> Predictor: Evaluating on test
2025-07-10 07:54:59 INFO     Data : 2342
2025-07-10 07:54:59 INFO     Hit1 : 0.126815
2025-07-10 07:54:59 INFO     Hit3 : 0.208796
2025-07-10 07:54:59 INFO     Hit10: 0.314688
2025-07-10 07:54:59 INFO     MR   : 921.659479
2025-07-10 07:54:59 INFO     MRR  : 0.190212
2025-07-10 07:54:59 INFO     Save checkpoint to results/semmeddb/10_times_each/cluster_k/4_20250709_213320/predictor.pt
2025-07-10 07:54:59 INFO     -------------------------
2025-07-10 07:54:59 INFO     | Iteration: 2/5
2025-07-10 07:54:59 INFO     -------------------------
2025-07-10 07:54:59 INFO     >>>>> Predictor: Training
2025-07-10 08:05:35 INFO     1000 5959 4.605549 69366.7
2025-07-10 08:16:04 INFO     2000 5959 4.654038 69375.3
2025-07-10 08:26:39 INFO     3000 5959 4.641673 69219.2
2025-07-10 08:37:15 INFO     4000 5959 4.654581 69305.9
2025-07-10 08:47:43 INFO     5000 5959 4.618574 69288.6
2025-07-10 08:58:05 INFO     >>>>> Predictor: Evaluating on valid
2025-07-10 09:00:38 INFO     Data : 2077
2025-07-10 09:00:38 INFO     Hit1 : 0.095330
2025-07-10 09:00:38 INFO     Hit3 : 0.186808
2025-07-10 09:00:38 INFO     Hit10: 0.316322
2025-07-10 09:00:38 INFO     MR   : 949.932595
2025-07-10 09:00:38 INFO     MRR  : 0.166240
2025-07-10 09:00:38 INFO     >>>>> Predictor: Evaluating on test
2025-07-10 09:03:27 INFO     Data : 2342
2025-07-10 09:03:27 INFO     Hit1 : 0.125107
2025-07-10 09:03:27 INFO     Hit3 : 0.210077
2025-07-10 09:03:27 INFO     Hit10: 0.321947
2025-07-10 09:03:27 INFO     MR   : 885.368702
2025-07-10 09:03:27 INFO     MRR  : 0.189687
2025-07-10 09:03:27 INFO     -------------------------
2025-07-10 09:03:27 INFO     | Iteration: 3/5
2025-07-10 09:03:27 INFO     -------------------------
2025-07-10 09:03:27 INFO     >>>>> Predictor: Training
2025-07-10 09:13:59 INFO     1000 5959 4.617656 69288.6
2025-07-10 09:24:38 INFO     2000 5959 4.617604 69288.6
2025-07-10 09:35:25 INFO     3000 5959 4.609488 69340.6
2025-07-10 09:46:07 INFO     4000 5959 4.615615 69271.3
2025-07-10 09:56:50 INFO     5000 5959 4.639307 69219.2
2025-07-10 10:07:15 INFO     >>>>> Predictor: Evaluating on valid
2025-07-10 10:09:52 INFO     Data : 2077
2025-07-10 10:09:52 INFO     Hit1 : 0.089552
2025-07-10 10:09:52 INFO     Hit3 : 0.172845
2025-07-10 10:09:52 INFO     Hit10: 0.303322
2025-07-10 10:09:52 INFO     MR   : 940.804285
2025-07-10 10:09:52 INFO     MRR  : 0.158820
2025-07-10 10:09:52 INFO     >>>>> Predictor: Evaluating on test
2025-07-10 10:12:37 INFO     Data : 2342
2025-07-10 10:12:37 INFO     Hit1 : 0.115713
2025-07-10 10:12:37 INFO     Hit3 : 0.194278
2025-07-10 10:12:37 INFO     Hit10: 0.314688
2025-07-10 10:12:37 INFO     MR   : 868.204099
2025-07-10 10:12:37 INFO     MRR  : 0.179586
2025-07-10 10:12:37 INFO     -------------------------
2025-07-10 10:12:37 INFO     | Iteration: 4/5
2025-07-10 10:12:37 INFO     -------------------------
2025-07-10 10:12:37 INFO     >>>>> Predictor: Training
2025-07-10 10:23:17 INFO     1000 5959 4.594445 69340.6
2025-07-10 10:33:51 INFO     2000 5959 4.562550 69184.5
2025-07-10 10:44:46 INFO     3000 5959 4.625589 69253.9
2025-07-10 10:55:16 INFO     4000 5959 4.602160 69340.6
2025-07-10 11:05:58 INFO     5000 5959 4.599786 69384.0
2025-07-10 11:16:01 INFO     >>>>> Predictor: Evaluating on valid
2025-07-10 11:18:39 INFO     Data : 2077
2025-07-10 11:18:39 INFO     Hit1 : 0.095811
2025-07-10 11:18:39 INFO     Hit3 : 0.192585
2025-07-10 11:18:39 INFO     Hit10: 0.313433
2025-07-10 11:18:39 INFO     MR   : 933.916707
2025-07-10 11:18:39 INFO     MRR  : 0.166247
2025-07-10 11:18:39 INFO     >>>>> Predictor: Evaluating on test
2025-07-10 11:21:20 INFO     Data : 2342
2025-07-10 11:21:20 INFO     Hit1 : 0.133646
2025-07-10 11:21:20 INFO     Hit3 : 0.216909
2025-07-10 11:21:20 INFO     Hit10: 0.319385
2025-07-10 11:21:20 INFO     MR   : 864.958155
2025-07-10 11:21:20 INFO     MRR  : 0.197190
2025-07-10 11:21:20 INFO     -------------------------
2025-07-10 11:21:20 INFO     | Iteration: 5/5
2025-07-10 11:21:20 INFO     -------------------------
2025-07-10 11:21:20 INFO     >>>>> Predictor: Training
2025-07-10 11:31:57 INFO     1000 5959 4.605522 69323.3
2025-07-10 11:42:33 INFO     2000 5959 4.583476 69332.0
2025-07-10 11:53:15 INFO     3000 5959 4.614001 69219.2
2025-07-10 12:04:16 INFO     4000 5959 4.611463 69297.3
2025-07-10 12:15:01 INFO     5000 5959 4.575953 69332.0
2025-07-10 12:25:45 INFO     >>>>> Predictor: Evaluating on valid
2025-07-10 12:28:28 INFO     Data : 2077
2025-07-10 12:28:28 INFO     Hit1 : 0.089552
2025-07-10 12:28:28 INFO     Hit3 : 0.181512
2025-07-10 12:28:28 INFO     Hit10: 0.313914
2025-07-10 12:28:28 INFO     MR   : 920.539961
2025-07-10 12:28:28 INFO     MRR  : 0.161803
2025-07-10 12:28:28 INFO     >>>>> Predictor: Evaluating on test
2025-07-10 12:31:25 INFO     Data : 2342
2025-07-10 12:31:25 INFO     Hit1 : 0.126815
2025-07-10 12:31:25 INFO     Hit3 : 0.208796
2025-07-10 12:31:25 INFO     Hit10: 0.318104
2025-07-10 12:31:25 INFO     MR   : 853.336465
2025-07-10 12:31:25 INFO     MRR  : 0.191328
2025-07-10 12:31:25 INFO     -------------------------
2025-07-10 12:31:25 INFO     | Final Test MRR: 0.190212
2025-07-10 12:31:25 INFO     -------------------------
