2025-07-23 17:48:56 INFO     is_soft_label: False
2025-07-23 17:48:56 INFO     is_scheduled_sampling: False
2025-07-23 17:48:56 INFO     is_test_mode: False
2025-07-23 17:48:57 INFO     Data loading | DONE!
2025-07-23 17:48:57 INFO     Using full datasets for training, validation, and testing.
2025-07-23 17:48:58 INFO     -------------------------
2025-07-23 17:48:58 INFO     | EM Iteration: 1/5
2025-07-23 17:48:58 INFO     -------------------------
2025-07-23 17:48:58 INFO     >>>>> Using miner's rule
2025-07-23 17:48:58 INFO     Predictor: read 13661 rules from list.
2025-07-23 17:49:00 INFO     Preprocess training set
2025-07-23 17:49:00 INFO     >>>>> Predictor: Evaluating on valid
2025-07-23 17:53:22 INFO     Data : 2077
2025-07-23 17:53:22 INFO     Hit1 : 0.065479
2025-07-23 17:53:22 INFO     Hit3 : 0.127106
2025-07-23 17:53:22 INFO     Hit10: 0.199326
2025-07-23 17:53:22 INFO     MR   : 1120.902022
2025-07-23 17:53:22 INFO     MRR  : 0.114382
2025-07-23 17:53:22 INFO     >>>>> Predictor: Evaluating on test
2025-07-23 17:58:17 INFO     Data : 2342
2025-07-23 17:58:17 INFO     Hit1 : 0.078992
2025-07-23 17:58:17 INFO     Hit3 : 0.124253
2025-07-23 17:58:17 INFO     Hit10: 0.208796
2025-07-23 17:58:17 INFO     MR   : 1044.269001
2025-07-23 17:58:17 INFO     MRR  : 0.122250
2025-07-23 17:58:17 INFO     >>>>> Predictor: Computing H scores of rules
2025-07-23 19:00:41 INFO     1000 5959
2025-07-23 20:04:23 INFO     2000 5959
2025-07-23 21:07:19 INFO     3000 5959
2025-07-23 22:24:55 INFO     4000 5959
2025-07-23 23:50:38 INFO     5000 5959
2025-07-24 01:16:04 INFO     >>>>> Generator: Training
2025-07-24 01:16:11 INFO     -------------------------
2025-07-24 01:16:11 INFO     | EM Iteration: 2/5
2025-07-24 01:16:11 INFO     -------------------------
2025-07-24 01:16:11 INFO     >>>>> Using Generator's sample rule
2025-07-24 01:16:11 INFO     >>>>> Generator: Rule generation with sampling
2025-07-24 01:16:11 INFO     Predictor: read 1900 rules from list.
2025-07-24 01:16:11 INFO     Preprocess training set
2025-07-24 01:16:11 INFO     >>>>> Predictor: Training
2025-07-24 01:18:28 INFO     1000 5959 8.795817 69314.6
2025-07-24 01:20:40 INFO     2000 5959 8.424737 69271.3
2025-07-24 01:23:01 INFO     3000 5959 8.224691 69245.2
2025-07-24 01:25:15 INFO     4000 5959 8.063707 69340.6
2025-07-24 01:27:29 INFO     5000 5959 7.904356 69340.6
2025-07-24 01:29:43 INFO     >>>>> Predictor: Evaluating on valid
2025-07-24 01:30:09 INFO     Data : 2077
2025-07-24 01:30:09 INFO     Hit1 : 0.015407
2025-07-24 01:30:09 INFO     Hit3 : 0.023592
2025-07-24 01:30:09 INFO     Hit10: 0.035147
2025-07-24 01:30:09 INFO     MR   : 1478.241454
2025-07-24 01:30:09 INFO     MRR  : 0.025902
2025-07-24 01:30:09 INFO     >>>>> Predictor: Evaluating on test
2025-07-24 01:30:38 INFO     Data : 2342
2025-07-24 01:30:38 INFO     Hit1 : 0.011529
2025-07-24 01:30:38 INFO     Hit3 : 0.017933
2025-07-24 01:30:38 INFO     Hit10: 0.029462
2025-07-24 01:30:38 INFO     MR   : 1374.103544
2025-07-24 01:30:38 INFO     MRR  : 0.021287
2025-07-24 01:30:38 INFO     >>>>> Predictor: Computing H scores of rules
2025-07-24 01:37:01 INFO     1000 5959
2025-07-24 01:43:07 INFO     2000 5959
2025-07-24 01:49:11 INFO     3000 5959
2025-07-24 01:55:18 INFO     4000 5959
2025-07-24 02:01:41 INFO     5000 5959
2025-07-24 02:07:54 INFO     >>>>> Generator: Training
2025-07-24 02:08:00 INFO     -------------------------
2025-07-24 02:08:00 INFO     | EM Iteration: 3/5
2025-07-24 02:08:00 INFO     -------------------------
2025-07-24 02:08:00 INFO     >>>>> Using Generator's sample rule
2025-07-24 02:08:00 INFO     >>>>> Generator: Rule generation with sampling
2025-07-24 02:08:00 INFO     Predictor: read 1916 rules from list.
2025-07-24 02:08:00 INFO     Preprocess training set
2025-07-24 02:08:00 INFO     >>>>> Predictor: Training
2025-07-24 02:10:20 INFO     1000 5959 8.820295 69332.0
2025-07-24 02:12:36 INFO     2000 5959 8.500766 69349.3
2025-07-24 02:15:10 INFO     3000 5959 8.308992 69184.5
2025-07-24 02:17:33 INFO     4000 5959 8.174524 69253.9
2025-07-24 02:19:53 INFO     5000 5959 8.100267 69332.0
2025-07-24 02:22:13 INFO     >>>>> Predictor: Evaluating on valid
2025-07-24 02:22:41 INFO     Data : 2077
2025-07-24 02:22:41 INFO     Hit1 : 0.009148
2025-07-24 02:22:41 INFO     Hit3 : 0.018777
2025-07-24 02:22:41 INFO     Hit10: 0.034184
2025-07-24 02:22:41 INFO     MR   : 1482.585941
2025-07-24 02:22:41 INFO     MRR  : 0.021228
2025-07-24 02:22:41 INFO     >>>>> Predictor: Evaluating on test
2025-07-24 02:23:12 INFO     Data : 2342
2025-07-24 02:23:12 INFO     Hit1 : 0.008113
2025-07-24 02:23:12 INFO     Hit3 : 0.013664
2025-07-24 02:23:12 INFO     Hit10: 0.027754
2025-07-24 02:23:12 INFO     MR   : 1378.045901
2025-07-24 02:23:12 INFO     MRR  : 0.018118
2025-07-24 02:23:12 INFO     >>>>> Predictor: Computing H scores of rules
2025-07-24 02:29:42 INFO     1000 5959
2025-07-24 02:36:28 INFO     2000 5959
2025-07-24 02:42:55 INFO     3000 5959
2025-07-24 02:49:42 INFO     4000 5959
2025-07-24 02:55:47 INFO     5000 5959
2025-07-24 03:01:49 INFO     >>>>> Generator: Training
2025-07-24 03:01:55 INFO     -------------------------
2025-07-24 03:01:55 INFO     | EM Iteration: 4/5
2025-07-24 03:01:55 INFO     -------------------------
2025-07-24 03:01:55 INFO     >>>>> Using Generator's sample rule
2025-07-24 03:01:55 INFO     >>>>> Generator: Rule generation with sampling
2025-07-24 03:01:55 INFO     Predictor: read 1951 rules from list.
2025-07-24 03:01:55 INFO     Preprocess training set
2025-07-24 03:01:55 INFO     >>>>> Predictor: Training
2025-07-24 03:04:22 INFO     1000 5959 8.809383 69271.3
2025-07-24 03:06:51 INFO     2000 5959 8.460698 69340.6
2025-07-24 03:09:17 INFO     3000 5959 8.235963 69384.0
2025-07-24 03:11:45 INFO     4000 5959 8.096743 69262.6
2025-07-24 03:14:07 INFO     5000 5959 7.972658 69332.0
2025-07-24 03:16:28 INFO     >>>>> Predictor: Evaluating on valid
2025-07-24 03:16:57 INFO     Data : 2077
2025-07-24 03:16:57 INFO     Hit1 : 0.019259
2025-07-24 03:16:57 INFO     Hit3 : 0.035628
2025-07-24 03:16:57 INFO     Hit10: 0.055368
2025-07-24 03:16:57 INFO     MR   : 1457.752528
2025-07-24 03:16:57 INFO     MRR  : 0.035361
2025-07-24 03:16:57 INFO     >>>>> Predictor: Evaluating on test
2025-07-24 03:17:28 INFO     Data : 2342
2025-07-24 03:17:28 INFO     Hit1 : 0.022630
2025-07-24 03:17:28 INFO     Hit3 : 0.039710
2025-07-24 03:17:28 INFO     Hit10: 0.054654
2025-07-24 03:17:28 INFO     MR   : 1353.478437
2025-07-24 03:17:28 INFO     MRR  : 0.037821
2025-07-24 03:17:28 INFO     >>>>> Predictor: Computing H scores of rules
2025-07-24 03:23:52 INFO     1000 5959
2025-07-24 03:30:22 INFO     2000 5959
2025-07-24 03:36:39 INFO     3000 5959
2025-07-24 03:42:57 INFO     4000 5959
2025-07-24 03:49:31 INFO     5000 5959
2025-07-24 03:55:27 INFO     >>>>> Generator: Training
2025-07-24 03:55:33 INFO     -------------------------
2025-07-24 03:55:33 INFO     | EM Iteration: 5/5
2025-07-24 03:55:33 INFO     -------------------------
2025-07-24 03:55:33 INFO     >>>>> Using Generator's sample rule
2025-07-24 03:55:33 INFO     >>>>> Generator: Rule generation with sampling
2025-07-24 03:55:33 INFO     Predictor: read 1967 rules from list.
2025-07-24 03:55:33 INFO     Preprocess training set
2025-07-24 03:55:33 INFO     >>>>> Predictor: Training
2025-07-24 03:57:57 INFO     1000 5959 8.817447 69332.0
2025-07-24 04:00:26 INFO     2000 5959 8.470280 69349.3
2025-07-24 04:02:54 INFO     3000 5959 8.261555 69340.6
2025-07-24 04:05:19 INFO     4000 5959 8.134668 69297.3
2025-07-24 04:07:45 INFO     5000 5959 8.048097 69219.2
2025-07-24 04:10:11 INFO     >>>>> Predictor: Evaluating on valid
2025-07-24 04:10:37 INFO     Data : 2077
2025-07-24 04:10:37 INFO     Hit1 : 0.006740
2025-07-24 04:10:37 INFO     Hit3 : 0.017333
2025-07-24 04:10:37 INFO     Hit10: 0.041406
2025-07-24 04:10:37 INFO     MR   : 1513.288878
2025-07-24 04:10:37 INFO     MRR  : 0.020570
2025-07-24 04:10:37 INFO     >>>>> Predictor: Evaluating on test
2025-07-24 04:11:08 INFO     Data : 2342
2025-07-24 04:11:08 INFO     Hit1 : 0.004270
2025-07-24 04:11:08 INFO     Hit3 : 0.012810
2025-07-24 04:11:08 INFO     Hit10: 0.030316
2025-07-24 04:11:08 INFO     MR   : 1389.672289
2025-07-24 04:11:08 INFO     MRR  : 0.016151
2025-07-24 04:11:08 INFO     >>>>> Predictor: Computing H scores of rules
2025-07-24 04:17:43 INFO     1000 5959
2025-07-24 04:23:59 INFO     2000 5959
2025-07-24 04:30:23 INFO     3000 5959
2025-07-24 04:36:37 INFO     4000 5959
2025-07-24 04:42:50 INFO     5000 5959
2025-07-24 04:49:26 INFO     >>>>> Generator: Training
2025-07-24 04:49:32 INFO     -------------------------
2025-07-24 04:49:32 INFO     | Post-train Generator
2025-07-24 04:49:32 INFO     -------------------------
2025-07-24 04:49:34 INFO     >>>>> Generator: Training
2025-07-24 04:50:35 INFO     [E01000] Total 3.589713 | Main 3.215151 | EntType 3.151969
2025-07-24 04:50:35 INFO     -------------------------
2025-07-24 04:50:35 INFO     | Beam Search Best Rules
2025-07-24 04:50:35 INFO     -------------------------
2025-07-24 04:50:35 INFO     >>>>> Generator: Rule generation with beam search
2025-07-24 04:50:38 INFO     >>>>> Generator: Rule generation with beam search
2025-07-24 04:50:57 INFO     >>>>> Generator: Rule generation with beam search
2025-07-24 04:54:29 INFO     >>>>> Generator: Rule generation with beam search
2025-07-24 04:57:34 INFO     >>>>> Generator: Rule generation with beam search
2025-07-24 04:59:40 INFO     -------------------------
2025-07-24 04:59:40 INFO     | Train Final Predictor+
2025-07-24 04:59:40 INFO     -------------------------
2025-07-24 04:59:40 INFO     Predictor+: read 18420 rules from list.
2025-07-24 04:59:40 INFO     Preprocess training set
2025-07-24 04:59:40 INFO     -------------------------
2025-07-24 04:59:40 INFO     | Iteration: 1/5
2025-07-24 04:59:40 INFO     -------------------------
2025-07-24 04:59:40 INFO     >>>>> Predictor: Training
2025-07-24 05:12:43 INFO     1000 5959 4.896654 69271.3
2025-07-24 05:25:47 INFO     2000 5959 4.725980 69332.0
2025-07-24 05:37:55 INFO     3000 5959 4.707175 69375.3
2025-07-24 05:50:52 INFO     4000 5959 4.709030 69279.9
2025-07-24 06:03:31 INFO     5000 5959 4.679440 69349.3
2025-07-24 06:16:45 INFO     >>>>> Predictor: Evaluating on valid
2025-07-24 06:19:48 INFO     Data : 2077
2025-07-24 06:19:48 INFO     Hit1 : 0.105922
2025-07-24 06:19:48 INFO     Hit3 : 0.189697
2025-07-24 06:19:48 INFO     Hit10: 0.316803
2025-07-24 06:19:48 INFO     MR   : 980.871690
2025-07-24 06:19:48 INFO     MRR  : 0.173859
2025-07-24 06:19:48 INFO     >>>>> Predictor: Evaluating on test
2025-07-24 06:23:06 INFO     Data : 2342
2025-07-24 06:23:06 INFO     Hit1 : 0.130231
2025-07-24 06:23:06 INFO     Hit3 : 0.208796
2025-07-24 06:23:06 INFO     Hit10: 0.315969
2025-07-24 06:23:06 INFO     MR   : 917.694492
2025-07-24 06:23:06 INFO     MRR  : 0.191577
2025-07-24 06:23:06 INFO     Save checkpoint to results/semmeddb/10_times_each/aux2/10_20250723_174854/predictor.pt
2025-07-24 06:23:06 INFO     -------------------------
2025-07-24 06:23:06 INFO     | Iteration: 2/5
2025-07-24 06:23:06 INFO     -------------------------
2025-07-24 06:23:06 INFO     >>>>> Predictor: Training
2025-07-24 06:36:34 INFO     1000 5959 4.603119 69366.7
2025-07-24 06:50:06 INFO     2000 5959 4.652478 69375.3
2025-07-24 07:02:43 INFO     3000 5959 4.638887 69219.2
2025-07-24 07:15:40 INFO     4000 5959 4.651553 69305.9
2025-07-24 07:30:42 INFO     5000 5959 4.618964 69288.6
2025-07-24 07:43:56 INFO     >>>>> Predictor: Evaluating on valid
2025-07-24 07:47:04 INFO     Data : 2077
2025-07-24 07:47:04 INFO     Hit1 : 0.098219
2025-07-24 07:47:04 INFO     Hit3 : 0.186326
2025-07-24 07:47:04 INFO     Hit10: 0.318729
2025-07-24 07:47:04 INFO     MR   : 943.671642
2025-07-24 07:47:04 INFO     MRR  : 0.168006
2025-07-24 07:47:04 INFO     >>>>> Predictor: Evaluating on test
2025-07-24 07:49:23 INFO     Data : 2342
2025-07-24 07:49:23 INFO     Hit1 : 0.130658
2025-07-24 07:49:23 INFO     Hit3 : 0.211358
2025-07-24 07:49:23 INFO     Hit10: 0.318958
2025-07-24 07:49:23 INFO     MR   : 880.089453
2025-07-24 07:49:23 INFO     MRR  : 0.192601
2025-07-24 07:49:23 INFO     -------------------------
2025-07-24 07:49:23 INFO     | Iteration: 3/5
2025-07-24 07:49:23 INFO     -------------------------
2025-07-24 07:49:23 INFO     >>>>> Predictor: Training
2025-07-24 07:57:05 INFO     1000 5959 4.615449 69288.6
2025-07-24 08:06:04 INFO     2000 5959 4.618045 69288.6
2025-07-24 08:15:26 INFO     3000 5959 4.608182 69340.6
2025-07-24 08:24:07 INFO     4000 5959 4.615739 69271.3
2025-07-24 08:34:50 INFO     5000 5959 4.638368 69219.2
2025-07-24 08:44:33 INFO     >>>>> Predictor: Evaluating on valid
2025-07-24 08:47:00 INFO     Data : 2077
2025-07-24 08:47:00 INFO     Hit1 : 0.090034
2025-07-24 08:47:00 INFO     Hit3 : 0.178623
2025-07-24 08:47:00 INFO     Hit10: 0.304766
2025-07-24 08:47:00 INFO     MR   : 936.821136
2025-07-24 08:47:00 INFO     MRR  : 0.160114
2025-07-24 08:47:00 INFO     >>>>> Predictor: Evaluating on test
2025-07-24 08:49:48 INFO     Data : 2342
2025-07-24 08:49:48 INFO     Hit1 : 0.119983
2025-07-24 08:49:48 INFO     Hit3 : 0.201964
2025-07-24 08:49:48 INFO     Hit10: 0.315969
2025-07-24 08:49:48 INFO     MR   : 862.779249
2025-07-24 08:49:48 INFO     MRR  : 0.184156
2025-07-24 08:49:48 INFO     -------------------------
2025-07-24 08:49:48 INFO     | Iteration: 4/5
2025-07-24 08:49:48 INFO     -------------------------
2025-07-24 08:49:48 INFO     >>>>> Predictor: Training
2025-07-24 08:59:51 INFO     1000 5959 4.593300 69340.6
2025-07-24 09:09:23 INFO     2000 5959 4.561576 69184.5
2025-07-24 09:16:46 INFO     3000 5959 4.623140 69253.9
2025-07-24 09:24:08 INFO     4000 5959 4.601641 69340.6
2025-07-24 09:31:32 INFO     5000 5959 4.597386 69384.0
2025-07-24 09:38:35 INFO     >>>>> Predictor: Evaluating on valid
2025-07-24 09:40:23 INFO     Data : 2077
2025-07-24 09:40:23 INFO     Hit1 : 0.098219
2025-07-24 09:40:23 INFO     Hit3 : 0.180549
2025-07-24 09:40:23 INFO     Hit10: 0.313433
2025-07-24 09:40:23 INFO     MR   : 925.628069
2025-07-24 09:40:23 INFO     MRR  : 0.165875
2025-07-24 09:40:23 INFO     >>>>> Predictor: Evaluating on test
2025-07-24 09:42:25 INFO     Data : 2342
2025-07-24 09:42:25 INFO     Hit1 : 0.123826
2025-07-24 09:42:25 INFO     Hit3 : 0.207942
2025-07-24 09:42:25 INFO     Hit10: 0.317250
2025-07-24 09:42:25 INFO     MR   : 856.099701
2025-07-24 09:42:25 INFO     MRR  : 0.187597
2025-07-24 09:42:25 INFO     -------------------------
2025-07-24 09:42:25 INFO     | Iteration: 5/5
2025-07-24 09:42:25 INFO     -------------------------
2025-07-24 09:42:25 INFO     >>>>> Predictor: Training
2025-07-24 09:49:53 INFO     1000 5959 4.603848 69323.3
2025-07-24 09:57:23 INFO     2000 5959 4.583019 69332.0
2025-07-24 10:05:01 INFO     3000 5959 4.614105 69219.2
2025-07-24 10:12:42 INFO     4000 5959 4.608306 69297.3
2025-07-24 10:20:05 INFO     5000 5959 4.573994 69332.0
2025-07-24 10:27:06 INFO     >>>>> Predictor: Evaluating on valid
2025-07-24 10:28:54 INFO     Data : 2077
2025-07-24 10:28:54 INFO     Hit1 : 0.092441
2025-07-24 10:28:54 INFO     Hit3 : 0.184401
2025-07-24 10:28:54 INFO     Hit10: 0.316322
2025-07-24 10:28:54 INFO     MR   : 915.682475
2025-07-24 10:28:54 INFO     MRR  : 0.163749
2025-07-24 10:28:54 INFO     >>>>> Predictor: Evaluating on test
2025-07-24 10:30:59 INFO     Data : 2342
2025-07-24 10:30:59 INFO     Hit1 : 0.131939
2025-07-24 10:30:59 INFO     Hit3 : 0.212212
2025-07-24 10:30:59 INFO     Hit10: 0.320239
2025-07-24 10:30:59 INFO     MR   : 848.971392
2025-07-24 10:30:59 INFO     MRR  : 0.193819
2025-07-24 10:30:59 INFO     -------------------------
2025-07-24 10:30:59 INFO     | Final Test MRR: 0.191577
2025-07-24 10:30:59 INFO     -------------------------
