2025-05-28 17:11:01 INFO     -------------------------
2025-05-28 17:11:01 INFO     | Pre-train Generator
2025-05-28 17:11:01 INFO     -------------------------
2025-05-28 17:11:01 INFO     >>>>> Generator: Training
2025-05-28 17:11:07 INFO     [E1000] Total: 1.381983 | Main: 1.656927 | Aux: 0.802105
2025-05-28 17:11:11 INFO     [E2000] Total: 1.312963 | Main: 1.570877 | Aux: 0.783434
2025-05-28 17:11:15 INFO     [E3000] Total: 1.304716 | Main: 1.560437 | Aux: 0.780673
2025-05-28 17:11:20 INFO     [E4000] Total: 1.298432 | Main: 1.552703 | Aux: 0.779429
2025-05-28 17:11:24 INFO     [E5000] Total: 1.296091 | Main: 1.549531 | Aux: 0.778532
2025-05-28 17:11:29 INFO     [E6000] Total: 1.293987 | Main: 1.547126 | Aux: 0.777756
2025-05-28 17:11:33 INFO     [E7000] Total: 1.292749 | Main: 1.545543 | Aux: 0.777463
2025-05-28 17:11:37 INFO     [E8000] Total: 1.293284 | Main: 1.546259 | Aux: 0.777131
2025-05-28 17:11:42 INFO     [E9000] Total: 1.292694 | Main: 1.545524 | Aux: 0.777068
2025-05-28 17:11:46 INFO     [E10000] Total: 1.286745 | Main: 1.538170 | Aux: 0.776196
2025-05-28 17:11:46 INFO     -------------------------
2025-05-28 17:11:46 INFO     | EM Iteration: 1/5
2025-05-28 17:11:46 INFO     -------------------------
2025-05-28 17:11:46 INFO     >>>>> Generator: Rule generation with sampling
2025-05-28 17:11:46 INFO     Predictor: read 1289 rules from list.
2025-05-28 17:11:46 INFO     Preprocess training set
2025-05-28 17:11:46 INFO     >>>>> Predictor: Training
2025-05-28 17:12:26 INFO     1000 12313 8.239749 69358.0
2025-05-28 17:13:06 INFO     2000 12313 7.807955 69332.0
2025-05-28 17:13:46 INFO     3000 12313 7.577552 69384.0
2025-05-28 17:14:26 INFO     4000 12313 7.459440 69279.9
2025-05-28 17:15:06 INFO     5000 12313 7.346798 69332.0
2025-05-28 17:15:45 INFO     6000 12313 7.270500 69384.0
2025-05-28 17:16:25 INFO     7000 12313 7.186748 69297.3
2025-05-28 17:17:04 INFO     8000 12313 7.169595 69323.3
2025-05-28 17:17:43 INFO     9000 12313 7.100292 69358.0
2025-05-28 17:18:21 INFO     10000 12313 7.090988 69332.0
2025-05-28 17:19:00 INFO     11000 12313 7.051224 69366.7
2025-05-28 17:19:39 INFO     12000 12313 7.026399 69279.9
2025-05-28 17:19:52 INFO     >>>>> Predictor: Evaluating on valid
2025-05-28 17:20:06 INFO     Data : 3823
2025-05-28 17:20:06 INFO     Hit1 : 0.023542
2025-05-28 17:20:06 INFO     Hit3 : 0.051792
2025-05-28 17:20:06 INFO     Hit10: 0.097567
2025-05-28 17:20:06 INFO     MR   : 1197.100314
2025-05-28 17:20:06 INFO     MRR  : 0.049861
2025-05-28 17:20:06 INFO     >>>>> Predictor: Evaluating on test
2025-05-28 17:20:24 INFO     Data : 4402
2025-05-28 17:20:24 INFO     Hit1 : 0.032031
2025-05-28 17:20:24 INFO     Hit3 : 0.059291
2025-05-28 17:20:24 INFO     Hit10: 0.095184
2025-05-28 17:20:24 INFO     MR   : 1182.303158
2025-05-28 17:20:24 INFO     MRR  : 0.056583
2025-05-28 17:20:24 INFO     >>>>> Predictor: Computing H scores of rules
2025-05-28 17:21:05 INFO     1000 12313
2025-05-28 17:21:46 INFO     2000 12313
2025-05-28 17:22:27 INFO     3000 12313
2025-05-28 17:23:08 INFO     4000 12313
2025-05-28 17:23:49 INFO     5000 12313
2025-05-28 17:24:30 INFO     6000 12313
2025-05-28 17:25:11 INFO     7000 12313
2025-05-28 17:25:54 INFO     8000 12313
2025-05-28 17:26:37 INFO     9000 12313
2025-05-28 17:27:19 INFO     10000 12313
2025-05-28 17:28:00 INFO     11000 12313
2025-05-28 17:28:41 INFO     12000 12313
2025-05-28 17:28:54 INFO     >>>>> Generator: Training
2025-05-28 17:28:55 INFO     -------------------------
2025-05-28 17:28:55 INFO     | EM Iteration: 2/5
2025-05-28 17:28:55 INFO     -------------------------
2025-05-28 17:28:55 INFO     >>>>> Generator: Rule generation with sampling
2025-05-28 17:28:55 INFO     Predictor: read 1362 rules from list.
2025-05-28 17:28:55 INFO     Preprocess training set
2025-05-28 17:28:55 INFO     >>>>> Predictor: Training
2025-05-28 17:29:36 INFO     1000 12313 8.249187 69366.7
2025-05-28 17:30:17 INFO     2000 12313 7.774006 69279.9
2025-05-28 17:30:58 INFO     3000 12313 7.606872 69253.9
2025-05-28 17:31:39 INFO     4000 12313 7.453143 69340.6
2025-05-28 17:32:20 INFO     5000 12313 7.377316 69366.7
2025-05-28 17:33:01 INFO     6000 12313 7.290980 69358.0
2025-05-28 17:33:42 INFO     7000 12313 7.254592 69366.7
2025-05-28 17:34:23 INFO     8000 12313 7.230440 69384.0
2025-05-28 17:35:04 INFO     9000 12313 7.191034 69262.6
2025-05-28 17:35:45 INFO     10000 12313 7.166093 69323.3
2025-05-28 17:36:26 INFO     11000 12313 7.134270 69366.7
2025-05-28 17:37:07 INFO     12000 12313 7.127652 69332.0
2025-05-28 17:37:19 INFO     >>>>> Predictor: Evaluating on valid
2025-05-28 17:37:34 INFO     Data : 3823
2025-05-28 17:37:34 INFO     Hit1 : 0.028512
2025-05-28 17:37:34 INFO     Hit3 : 0.057808
2025-05-28 17:37:34 INFO     Hit10: 0.115878
2025-05-28 17:37:34 INFO     MR   : 1150.537144
2025-05-28 17:37:34 INFO     MRR  : 0.058988
2025-05-28 17:37:34 INFO     >>>>> Predictor: Evaluating on test
2025-05-28 17:37:52 INFO     Data : 4402
2025-05-28 17:37:52 INFO     Hit1 : 0.035438
2025-05-28 17:37:52 INFO     Hit3 : 0.066333
2025-05-28 17:37:52 INFO     Hit10: 0.114721
2025-05-28 17:37:52 INFO     MR   : 1138.172308
2025-05-28 17:37:52 INFO     MRR  : 0.064468
2025-05-28 17:37:52 INFO     >>>>> Predictor: Computing H scores of rules
2025-05-28 17:38:36 INFO     1000 12313
2025-05-28 17:39:21 INFO     2000 12313
2025-05-28 17:40:05 INFO     3000 12313
2025-05-28 17:40:50 INFO     4000 12313
2025-05-28 17:41:34 INFO     5000 12313
2025-05-28 17:42:18 INFO     6000 12313
2025-05-28 17:43:02 INFO     7000 12313
2025-05-28 17:43:44 INFO     8000 12313
2025-05-28 17:44:27 INFO     9000 12313
2025-05-28 17:45:09 INFO     10000 12313
2025-05-28 17:45:52 INFO     11000 12313
2025-05-28 17:46:34 INFO     12000 12313
2025-05-28 17:46:48 INFO     >>>>> Generator: Training
2025-05-28 17:46:48 INFO     -------------------------
2025-05-28 17:46:48 INFO     | EM Iteration: 3/5
2025-05-28 17:46:48 INFO     -------------------------
2025-05-28 17:46:48 INFO     >>>>> Generator: Rule generation with sampling
2025-05-28 17:46:48 INFO     Predictor: read 1437 rules from list.
2025-05-28 17:46:48 INFO     Preprocess training set
2025-05-28 17:46:48 INFO     >>>>> Predictor: Training
2025-05-28 17:47:29 INFO     1000 12313 8.202282 69384.0
2025-05-28 17:48:11 INFO     2000 12313 7.709298 69384.0
2025-05-28 17:48:53 INFO     3000 12313 7.444362 69253.9
2025-05-28 17:49:35 INFO     4000 12313 7.301732 69323.3
2025-05-28 17:50:17 INFO     5000 12313 7.175631 69384.0
2025-05-28 17:50:59 INFO     6000 12313 7.054283 69323.3
2025-05-28 17:51:41 INFO     7000 12313 6.968429 69366.7
2025-05-28 17:52:23 INFO     8000 12313 6.904139 69332.0
2025-05-28 17:53:05 INFO     9000 12313 6.791931 69384.0
2025-05-28 17:53:48 INFO     10000 12313 6.795390 69227.9
2025-05-28 17:54:30 INFO     11000 12313 6.732450 69340.6
2025-05-28 17:55:13 INFO     12000 12313 6.698303 69297.3
2025-05-28 17:55:26 INFO     >>>>> Predictor: Evaluating on valid
2025-05-28 17:55:43 INFO     Data : 3823
2025-05-28 17:55:43 INFO     Hit1 : 0.026942
2025-05-28 17:55:43 INFO     Hit3 : 0.061470
2025-05-28 17:55:43 INFO     Hit10: 0.115354
2025-05-28 17:55:43 INFO     MR   : 1149.263406
2025-05-28 17:55:43 INFO     MRR  : 0.058898
2025-05-28 17:55:43 INFO     >>>>> Predictor: Evaluating on test
2025-05-28 17:56:03 INFO     Data : 4402
2025-05-28 17:56:03 INFO     Hit1 : 0.036120
2025-05-28 17:56:03 INFO     Hit3 : 0.065879
2025-05-28 17:56:03 INFO     Hit10: 0.121763
2025-05-28 17:56:03 INFO     MR   : 1132.564857
2025-05-28 17:56:03 INFO     MRR  : 0.065762
2025-05-28 17:56:03 INFO     >>>>> Predictor: Computing H scores of rules
2025-05-28 17:56:48 INFO     1000 12313
2025-05-28 17:57:32 INFO     2000 12313
2025-05-28 17:58:18 INFO     3000 12313
2025-05-28 17:59:04 INFO     4000 12313
2025-05-28 17:59:49 INFO     5000 12313
2025-05-28 18:00:33 INFO     6000 12313
2025-05-28 18:01:19 INFO     7000 12313
2025-05-28 18:02:06 INFO     8000 12313
2025-05-28 18:02:51 INFO     9000 12313
2025-05-28 18:03:37 INFO     10000 12313
2025-05-28 18:04:24 INFO     11000 12313
2025-05-28 18:05:10 INFO     12000 12313
2025-05-28 18:05:25 INFO     >>>>> Generator: Training
2025-05-28 18:05:25 INFO     -------------------------
2025-05-28 18:05:25 INFO     | EM Iteration: 4/5
2025-05-28 18:05:25 INFO     -------------------------
2025-05-28 18:05:25 INFO     >>>>> Generator: Rule generation with sampling
2025-05-28 18:05:25 INFO     Predictor: read 1485 rules from list.
2025-05-28 18:05:25 INFO     Preprocess training set
2025-05-28 18:05:25 INFO     >>>>> Predictor: Training
2025-05-28 18:06:10 INFO     1000 12313 8.241919 69314.6
2025-05-28 18:06:53 INFO     2000 12313 7.768616 69279.9
2025-05-28 18:07:37 INFO     3000 12313 7.530897 69366.7
2025-05-28 18:08:21 INFO     4000 12313 7.430202 69366.7
2025-05-28 18:09:04 INFO     5000 12313 7.332976 69288.6
2025-05-28 18:09:48 INFO     6000 12313 7.251033 69340.6
2025-05-28 18:10:32 INFO     7000 12313 7.157495 69384.0
2025-05-28 18:11:15 INFO     8000 12313 7.094164 69340.6
2025-05-28 18:11:59 INFO     9000 12313 7.111068 69384.0
2025-05-28 18:12:42 INFO     10000 12313 7.048362 69288.6
2025-05-28 18:13:25 INFO     11000 12313 7.043243 69262.6
2025-05-28 18:14:09 INFO     12000 12313 7.014079 69384.0
2025-05-28 18:14:22 INFO     >>>>> Predictor: Evaluating on valid
2025-05-28 18:14:40 INFO     Data : 3823
2025-05-28 18:14:40 INFO     Hit1 : 0.032958
2025-05-28 18:14:40 INFO     Hit3 : 0.073764
2025-05-28 18:14:40 INFO     Hit10: 0.141512
2025-05-28 18:14:40 INFO     MR   : 1099.903610
2025-05-28 18:14:40 INFO     MRR  : 0.070017
2025-05-28 18:14:40 INFO     >>>>> Predictor: Evaluating on test
2025-05-28 18:15:00 INFO     Data : 4402
2025-05-28 18:15:00 INFO     Hit1 : 0.046797
2025-05-28 18:15:00 INFO     Hit3 : 0.087460
2025-05-28 18:15:00 INFO     Hit10: 0.152885
2025-05-28 18:15:00 INFO     MR   : 1094.355861
2025-05-28 18:15:00 INFO     MRR  : 0.082102
2025-05-28 18:15:00 INFO     >>>>> Predictor: Computing H scores of rules
2025-05-28 18:15:45 INFO     1000 12313
2025-05-28 18:16:29 INFO     2000 12313
2025-05-28 18:17:14 INFO     3000 12313
2025-05-28 18:17:59 INFO     4000 12313
2025-05-28 18:18:44 INFO     5000 12313
2025-05-28 18:19:30 INFO     6000 12313
2025-05-28 18:20:16 INFO     7000 12313
2025-05-28 18:21:03 INFO     8000 12313
2025-05-28 18:21:49 INFO     9000 12313
2025-05-28 18:22:35 INFO     10000 12313
2025-05-28 18:23:20 INFO     11000 12313
2025-05-28 18:24:07 INFO     12000 12313
2025-05-28 18:24:21 INFO     >>>>> Generator: Training
2025-05-28 18:24:21 INFO     -------------------------
2025-05-28 18:24:21 INFO     | EM Iteration: 5/5
2025-05-28 18:24:21 INFO     -------------------------
2025-05-28 18:24:21 INFO     >>>>> Generator: Rule generation with sampling
2025-05-28 18:24:21 INFO     Predictor: read 1548 rules from list.
2025-05-28 18:24:21 INFO     Preprocess training set
2025-05-28 18:24:21 INFO     >>>>> Predictor: Training
2025-05-28 18:25:06 INFO     1000 12313 8.244896 69340.6
2025-05-28 18:25:50 INFO     2000 12313 7.799271 69288.6
2025-05-28 18:26:35 INFO     3000 12313 7.584010 69366.7
2025-05-28 18:27:20 INFO     4000 12313 7.474157 69305.9
2025-05-28 18:28:04 INFO     5000 12313 7.353603 69323.3
2025-05-28 18:28:49 INFO     6000 12313 7.302041 69384.0
2025-05-28 18:29:33 INFO     7000 12313 7.252024 69279.9
2025-05-28 18:30:17 INFO     8000 12313 7.176645 69384.0
2025-05-28 18:31:01 INFO     9000 12313 7.182474 69366.7
2025-05-28 18:31:45 INFO     10000 12313 7.132453 69297.3
2025-05-28 18:32:29 INFO     11000 12313 7.100173 69279.9
2025-05-28 18:33:15 INFO     12000 12313 7.100465 69384.0
2025-05-28 18:33:29 INFO     >>>>> Predictor: Evaluating on valid
2025-05-28 18:33:47 INFO     Data : 3823
2025-05-28 18:33:47 INFO     Hit1 : 0.029296
2025-05-28 18:33:47 INFO     Hit3 : 0.054931
2025-05-28 18:33:47 INFO     Hit10: 0.105676
2025-05-28 18:33:47 INFO     MR   : 1181.420220
2025-05-28 18:33:47 INFO     MRR  : 0.056096
2025-05-28 18:33:47 INFO     >>>>> Predictor: Evaluating on test
2025-05-28 18:34:09 INFO     Data : 4402
2025-05-28 18:34:09 INFO     Hit1 : 0.032940
2025-05-28 18:34:09 INFO     Hit3 : 0.060654
2025-05-28 18:34:09 INFO     Hit10: 0.109950
2025-05-28 18:34:09 INFO     MR   : 1160.807928
2025-05-28 18:34:09 INFO     MRR  : 0.061134
2025-05-28 18:34:09 INFO     >>>>> Predictor: Computing H scores of rules
2025-05-28 18:34:56 INFO     1000 12313
2025-05-28 18:35:43 INFO     2000 12313
2025-05-28 18:36:30 INFO     3000 12313
2025-05-28 18:37:16 INFO     4000 12313
2025-05-28 18:38:03 INFO     5000 12313
2025-05-28 18:38:50 INFO     6000 12313
2025-05-28 18:39:36 INFO     7000 12313
2025-05-28 18:40:23 INFO     8000 12313
2025-05-28 18:41:10 INFO     9000 12313
2025-05-28 18:41:57 INFO     10000 12313
2025-05-28 18:42:43 INFO     11000 12313
2025-05-28 18:43:31 INFO     12000 12313
2025-05-28 18:43:46 INFO     >>>>> Generator: Training
2025-05-28 18:43:46 INFO     -------------------------
2025-05-28 18:43:46 INFO     | Post-train Generator
2025-05-28 18:43:46 INFO     -------------------------
2025-05-28 18:43:46 INFO     >>>>> Generator: Training
2025-05-28 18:43:51 INFO     [E1000] Total: 1.458900 | Main: 1.760473 | Aux: 0.759475
2025-05-28 18:43:51 INFO     -------------------------
2025-05-28 18:43:51 INFO     | Beam Search Best Rules
2025-05-28 18:43:51 INFO     -------------------------
2025-05-28 18:43:51 INFO     >>>>> Generator: Rule generation with beam search
2025-05-28 18:43:51 INFO     >>>>> Generator: Rule generation with beam search
2025-05-28 18:43:52 INFO     >>>>> Generator: Rule generation with beam search
2025-05-28 18:44:01 INFO     >>>>> Generator: Rule generation with beam search
2025-05-28 18:44:07 INFO     >>>>> Generator: Rule generation with beam search
2025-05-28 18:44:11 INFO     -------------------------
2025-05-28 18:44:11 INFO     | Train Final Predictor+
2025-05-28 18:44:11 INFO     -------------------------
2025-05-28 18:44:11 INFO     Predictor+: read 18420 rules from list.
2025-05-28 18:44:11 INFO     Preprocess training set
2025-05-28 18:44:11 INFO     -------------------------
2025-05-28 18:44:11 INFO     | Iteration: 1/5
2025-05-28 18:44:11 INFO     -------------------------
2025-05-28 18:44:11 INFO     >>>>> Predictor: Training
2025-05-28 18:50:48 INFO     1000 12313 4.698356 69314.6
2025-05-28 18:57:29 INFO     2000 12313 4.497702 69366.7
2025-05-28 19:04:06 INFO     3000 12313 4.452717 69279.9
2025-05-28 19:10:45 INFO     4000 12313 4.450665 69340.6
2025-05-28 19:17:26 INFO     5000 12313 4.489766 69236.6
2025-05-28 19:24:10 INFO     6000 12313 4.444590 69366.7
2025-05-28 19:30:49 INFO     7000 12313 4.429650 69323.3
2025-05-28 19:37:23 INFO     8000 12313 4.467695 69349.3
2025-05-28 19:44:03 INFO     9000 12313 4.430272 69384.0
2025-05-28 19:50:41 INFO     10000 12313 4.418924 69384.0
2025-05-28 19:57:19 INFO     11000 12313 4.446777 69288.6
2025-05-28 20:04:06 INFO     12000 12313 4.450955 69366.7
2025-05-28 20:06:11 INFO     >>>>> Predictor: Evaluating on valid
2025-05-28 20:09:06 INFO     Data : 3823
2025-05-28 20:09:06 INFO     Hit1 : 0.077426
2025-05-28 20:09:06 INFO     Hit3 : 0.160345
2025-05-28 20:09:06 INFO     Hit10: 0.295056
2025-05-28 20:09:06 INFO     MR   : 623.820298
2025-05-28 20:09:06 INFO     MRR  : 0.148581
2025-05-28 20:09:06 INFO     >>>>> Predictor: Evaluating on test
2025-05-28 20:12:27 INFO     Data : 4402
2025-05-28 20:12:27 INFO     Hit1 : 0.111767
2025-05-28 20:12:27 INFO     Hit3 : 0.195593
2025-05-28 20:12:27 INFO     Hit10: 0.324625
2025-05-28 20:12:27 INFO     MR   : 602.844275
2025-05-28 20:12:27 INFO     MRR  : 0.180792
2025-05-28 20:12:27 INFO     Save checkpoint to results/semmeddb/multitask/cluster_3/full/adaptive/predictor.pt
2025-05-28 20:12:27 INFO     -------------------------
2025-05-28 20:12:27 INFO     | Iteration: 2/5
2025-05-28 20:12:27 INFO     -------------------------
2025-05-28 20:12:27 INFO     >>>>> Predictor: Training
2025-05-28 20:19:04 INFO     1000 12313 4.388514 69384.0
2025-05-28 20:25:42 INFO     2000 12313 4.385611 69384.0
2025-05-28 20:32:25 INFO     3000 12313 4.393490 69340.6
2025-05-28 20:39:13 INFO     4000 12313 4.400220 69305.9
2025-05-28 20:45:54 INFO     5000 12313 4.406735 69340.6
2025-05-28 20:52:24 INFO     6000 12313 4.413715 69297.3
2025-05-28 20:58:53 INFO     7000 12313 4.395649 69323.3
2025-05-28 21:05:26 INFO     8000 12313 4.418316 69366.7
2025-05-28 21:12:01 INFO     9000 12313 4.394950 69297.3
2025-05-28 21:18:37 INFO     10000 12313 4.410461 69366.7
2025-05-28 21:25:12 INFO     11000 12313 4.415612 69314.6
2025-05-28 21:31:49 INFO     12000 12313 4.424637 69279.9
2025-05-28 21:33:53 INFO     >>>>> Predictor: Evaluating on valid
2025-05-28 21:36:47 INFO     Data : 3823
2025-05-28 21:36:47 INFO     Hit1 : 0.075595
2025-05-28 21:36:47 INFO     Hit3 : 0.155637
2025-05-28 21:36:47 INFO     Hit10: 0.295841
2025-05-28 21:36:47 INFO     MR   : 603.257651
2025-05-28 21:36:47 INFO     MRR  : 0.146777
2025-05-28 21:36:47 INFO     >>>>> Predictor: Evaluating on test
2025-05-28 21:40:05 INFO     Data : 4402
2025-05-28 21:40:05 INFO     Hit1 : 0.108814
2025-05-28 21:40:05 INFO     Hit3 : 0.198092
2025-05-28 21:40:05 INFO     Hit10: 0.325988
2025-05-28 21:40:05 INFO     MR   : 579.681849
2025-05-28 21:40:05 INFO     MRR  : 0.179523
2025-05-28 21:40:05 INFO     -------------------------
2025-05-28 21:40:05 INFO     | Iteration: 3/5
2025-05-28 21:40:05 INFO     -------------------------
2025-05-28 21:40:05 INFO     >>>>> Predictor: Training
2025-05-28 21:46:47 INFO     1000 12313 4.388040 69262.6
2025-05-28 21:53:36 INFO     2000 12313 4.372188 69384.0
2025-05-28 22:00:18 INFO     3000 12313 4.353789 69262.6
2025-05-28 22:07:00 INFO     4000 12313 4.397404 69323.3
2025-05-28 22:13:46 INFO     5000 12313 4.364302 69366.7
2025-05-28 22:20:29 INFO     6000 12313 4.387226 69323.3
2025-05-28 22:27:11 INFO     7000 12313 4.394825 69366.7
2025-05-28 22:33:46 INFO     8000 12313 4.403752 69384.0
2025-05-28 22:40:34 INFO     9000 12313 4.381746 69349.3
2025-05-28 22:47:24 INFO     10000 12313 4.408966 69314.6
2025-05-28 22:54:03 INFO     11000 12313 4.366409 69349.3
2025-05-28 23:00:39 INFO     12000 12313 4.401422 69314.6
2025-05-28 23:02:42 INFO     >>>>> Predictor: Evaluating on valid
2025-05-28 23:05:38 INFO     Data : 3823
2025-05-28 23:05:38 INFO     Hit1 : 0.083442
2025-05-28 23:05:38 INFO     Hit3 : 0.161915
2025-05-28 23:05:38 INFO     Hit10: 0.299765
2025-05-28 23:05:38 INFO     MR   : 599.003400
2025-05-28 23:05:38 INFO     MRR  : 0.152956
2025-05-28 23:05:38 INFO     >>>>> Predictor: Evaluating on test
2025-05-28 23:09:02 INFO     Data : 4402
2025-05-28 23:09:02 INFO     Hit1 : 0.106997
2025-05-28 23:09:02 INFO     Hit3 : 0.198773
2025-05-28 23:09:02 INFO     Hit10: 0.325307
2025-05-28 23:09:02 INFO     MR   : 576.364266
2025-05-28 23:09:02 INFO     MRR  : 0.179587
2025-05-28 23:09:02 INFO     Save checkpoint to results/semmeddb/multitask/cluster_3/full/adaptive/predictor.pt
2025-05-28 23:09:02 INFO     -------------------------
2025-05-28 23:09:02 INFO     | Iteration: 4/5
2025-05-28 23:09:02 INFO     -------------------------
2025-05-28 23:09:02 INFO     >>>>> Predictor: Training
2025-05-28 23:15:43 INFO     1000 12313 4.340142 69384.0
2025-05-28 23:22:16 INFO     2000 12313 4.363622 69340.6
2025-05-28 23:28:49 INFO     3000 12313 4.369153 69384.0
2025-05-28 23:35:31 INFO     4000 12313 4.396855 69253.9
2025-05-28 23:42:10 INFO     5000 12313 4.384660 69262.6
2025-05-28 23:48:51 INFO     6000 12313 4.399497 69340.6
2025-05-28 23:55:26 INFO     7000 12313 4.374738 69314.6
2025-05-29 00:02:00 INFO     8000 12313 4.358159 69323.3
2025-05-29 00:08:31 INFO     9000 12313 4.388124 69366.7
2025-05-29 00:15:00 INFO     10000 12313 4.360737 69349.3
2025-05-29 00:21:30 INFO     11000 12313 4.372093 69366.7
2025-05-29 00:28:00 INFO     12000 12313 4.389794 69366.7
2025-05-29 00:30:02 INFO     >>>>> Predictor: Evaluating on valid
2025-05-29 00:32:53 INFO     Data : 3823
2025-05-29 00:32:53 INFO     Hit1 : 0.076380
2025-05-29 00:32:53 INFO     Hit3 : 0.162438
2025-05-29 00:32:53 INFO     Hit10: 0.302380
2025-05-29 00:32:53 INFO     MR   : 589.522757
2025-05-29 00:32:53 INFO     MRR  : 0.149300
2025-05-29 00:32:53 INFO     >>>>> Predictor: Evaluating on test
2025-05-29 00:36:09 INFO     Data : 4402
2025-05-29 00:36:09 INFO     Hit1 : 0.111995
2025-05-29 00:36:09 INFO     Hit3 : 0.199455
2025-05-29 00:36:09 INFO     Hit10: 0.324852
2025-05-29 00:36:09 INFO     MR   : 564.008405
2025-05-29 00:36:09 INFO     MRR  : 0.182468
2025-05-29 00:36:09 INFO     -------------------------
2025-05-29 00:36:09 INFO     | Iteration: 5/5
2025-05-29 00:36:09 INFO     -------------------------
2025-05-29 00:36:09 INFO     >>>>> Predictor: Training
2025-05-29 00:42:37 INFO     1000 12313 4.340109 69323.3
2025-05-29 00:49:08 INFO     2000 12313 4.367290 69384.0
2025-05-29 00:55:42 INFO     3000 12313 4.359811 69245.2
2025-05-29 01:02:19 INFO     4000 12313 4.342681 69384.0
2025-05-29 01:09:01 INFO     5000 12313 4.390660 69366.7
2025-05-29 01:15:33 INFO     6000 12313 4.360649 69323.3
2025-05-29 01:22:07 INFO     7000 12313 4.379944 69384.0
2025-05-29 01:28:48 INFO     8000 12313 4.393204 69297.3
2025-05-29 01:35:36 INFO     9000 12313 4.370606 69384.0
2025-05-29 01:42:25 INFO     10000 12313 4.368212 69271.3
2025-05-29 01:49:11 INFO     11000 12313 4.365940 69340.6
2025-05-29 01:55:59 INFO     12000 12313 4.347236 69297.3
2025-05-29 01:58:06 INFO     >>>>> Predictor: Evaluating on valid
2025-05-29 02:01:07 INFO     Data : 3823
2025-05-29 02:01:07 INFO     Hit1 : 0.076903
2025-05-29 02:01:07 INFO     Hit3 : 0.164792
2025-05-29 02:01:07 INFO     Hit10: 0.297672
2025-05-29 02:01:07 INFO     MR   : 584.830892
2025-05-29 02:01:07 INFO     MRR  : 0.149329
2025-05-29 02:01:07 INFO     >>>>> Predictor: Evaluating on test
2025-05-29 02:04:35 INFO     Data : 4402
2025-05-29 02:04:35 INFO     Hit1 : 0.107678
2025-05-29 02:04:35 INFO     Hit3 : 0.191731
2025-05-29 02:04:35 INFO     Hit10: 0.318492
2025-05-29 02:04:35 INFO     MR   : 563.939914
2025-05-29 02:04:35 INFO     MRR  : 0.177723
2025-05-29 02:04:35 INFO     -------------------------
2025-05-29 02:04:35 INFO     | Final Test MRR: 0.179587
2025-05-29 02:04:35 INFO     -------------------------
