2025-06-08 19:50:42 INFO     -------------------------
2025-06-08 19:50:42 INFO     | Pre-train Generator
2025-06-08 19:50:42 INFO     -------------------------
2025-06-08 19:50:43 INFO     >>>>> Generator: Training
2025-06-08 19:53:37 INFO     [E1000] Total: 1.641578 | Main: 1.662791 | Aux: 0.624204
2025-06-08 19:56:30 INFO     [E2000] Total: 1.570510 | Main: 1.570510 | Aux: 0.649996
2025-06-08 19:59:22 INFO     [E3000] Total: 1.561187 | Main: 1.561187 | Aux: 0.671856
2025-06-08 20:02:15 INFO     [E4000] Total: 1.553043 | Main: 1.553043 | Aux: 0.691442
2025-06-08 20:05:08 INFO     [E5000] Total: 1.549542 | Main: 1.549542 | Aux: 0.709627
2025-06-08 20:08:01 INFO     [E6000] Total: 1.547922 | Main: 1.547922 | Aux: 0.735252
2025-06-08 20:10:54 INFO     [E7000] Total: 1.547783 | Main: 1.547783 | Aux: 0.755578
2025-06-08 20:13:47 INFO     [E8000] Total: 1.545974 | Main: 1.545974 | Aux: 0.777320
2025-06-08 20:16:40 INFO     [E9000] Total: 1.545448 | Main: 1.545448 | Aux: 0.797808
2025-06-08 20:17:53 INFO     [E10000] Total: 1.539025 | Main: 1.539025 | Aux: 0.813584
2025-06-08 20:17:53 INFO     -------------------------
2025-06-08 20:17:53 INFO     | EM Iteration: 1/5
2025-06-08 20:17:53 INFO     -------------------------
2025-06-08 20:17:53 INFO     >>>>> Generator: Rule generation with sampling
2025-06-08 20:17:56 INFO     Predictor: read 1259 rules from list.
2025-06-08 20:17:56 INFO     Preprocess training set
2025-06-08 20:17:56 INFO     >>>>> Predictor: Training
2025-06-08 20:51:48 INFO     1000 12313 8.242913 69358.0
2025-06-08 21:24:02 INFO     2000 12313 7.806354 69332.0
2025-06-08 21:55:44 INFO     3000 12313 7.579239 69384.0
