2025-07-25 05:31:47 INFO     is_soft_label: True
2025-07-25 05:31:47 INFO     is_scheduled_sampling: False
2025-07-25 05:31:47 INFO     is_test_mode: False
2025-07-25 05:31:47 INFO     Data loading | DONE!
2025-07-25 05:31:48 INFO     Using full datasets for training, validation, and testing.
2025-07-25 05:31:48 INFO     -------------------------
2025-07-25 05:31:48 INFO     | EM Iteration: 1/5
2025-07-25 05:31:48 INFO     -------------------------
2025-07-25 05:31:48 INFO     >>>>> Using miner's rule
2025-07-25 05:31:48 INFO     Predictor: read 13661 rules from list.
2025-07-25 05:31:49 INFO     Preprocess training set
2025-07-25 05:31:49 INFO     >>>>> Predictor: Evaluating on valid
2025-07-25 05:35:22 INFO     Data : 2077
2025-07-25 05:35:22 INFO     Hit1 : 0.065479
2025-07-25 05:35:22 INFO     Hit3 : 0.127106
2025-07-25 05:35:22 INFO     Hit10: 0.199326
2025-07-25 05:35:22 INFO     MR   : 1120.902022
2025-07-25 05:35:22 INFO     MRR  : 0.114382
2025-07-25 05:35:22 INFO     >>>>> Predictor: Evaluating on test
2025-07-25 05:38:58 INFO     Data : 2342
2025-07-25 05:38:58 INFO     Hit1 : 0.078992
2025-07-25 05:38:58 INFO     Hit3 : 0.124253
2025-07-25 05:38:58 INFO     Hit10: 0.208796
2025-07-25 05:38:58 INFO     MR   : 1044.269001
2025-07-25 05:38:58 INFO     MRR  : 0.122250
2025-07-25 05:38:58 INFO     >>>>> Predictor: Computing H scores of rules
2025-07-25 06:24:44 INFO     1000 5959
2025-07-25 07:10:46 INFO     2000 5959
2025-07-25 07:56:46 INFO     3000 5959
2025-07-25 08:49:04 INFO     4000 5959
2025-07-25 09:38:17 INFO     5000 5959
2025-07-25 10:24:25 INFO     >>>>> Generator: Training
2025-07-25 10:24:32 INFO     -------------------------
2025-07-25 10:24:32 INFO     | EM Iteration: 2/5
2025-07-25 10:24:32 INFO     -------------------------
2025-07-25 10:24:32 INFO     >>>>> Using Generator's sample rule
2025-07-25 10:24:32 INFO     >>>>> Generator: Rule generation with sampling
2025-07-25 10:24:32 INFO     Predictor: read 1891 rules from list.
2025-07-25 10:24:32 INFO     Preprocess training set
2025-07-25 10:24:32 INFO     >>>>> Predictor: Training
2025-07-25 10:26:00 INFO     1000 5959 8.787350 69314.6
2025-07-25 10:27:27 INFO     2000 5959 8.382764 69271.3
2025-07-25 10:28:54 INFO     3000 5959 8.131391 69245.2
2025-07-25 10:30:23 INFO     4000 5959 7.931444 69340.6
2025-07-25 10:31:53 INFO     5000 5959 7.734254 69340.6
2025-07-25 10:33:19 INFO     >>>>> Predictor: Evaluating on valid
2025-07-25 10:33:36 INFO     Data : 2077
2025-07-25 10:33:36 INFO     Hit1 : 0.013000
2025-07-25 10:33:36 INFO     Hit3 : 0.025518
2025-07-25 10:33:36 INFO     Hit10: 0.049109
2025-07-25 10:33:36 INFO     MR   : 1453.326673
2025-07-25 10:33:36 INFO     MRR  : 0.026916
2025-07-25 10:33:36 INFO     >>>>> Predictor: Evaluating on test
2025-07-25 10:33:55 INFO     Data : 2342
2025-07-25 10:33:55 INFO     Hit1 : 0.011529
2025-07-25 10:33:55 INFO     Hit3 : 0.020495
2025-07-25 10:33:55 INFO     Hit10: 0.046968
2025-07-25 10:33:55 INFO     MR   : 1356.227156
2025-07-25 10:33:55 INFO     MRR  : 0.025305
2025-07-25 10:33:55 INFO     >>>>> Predictor: Computing H scores of rules
2025-07-25 10:37:43 INFO     1000 5959
2025-07-25 10:41:31 INFO     2000 5959
2025-07-25 10:45:11 INFO     3000 5959
2025-07-25 10:48:56 INFO     4000 5959
2025-07-25 10:52:47 INFO     5000 5959
2025-07-25 10:56:18 INFO     >>>>> Generator: Training
2025-07-25 10:56:24 INFO     -------------------------
2025-07-25 10:56:24 INFO     | EM Iteration: 3/5
2025-07-25 10:56:24 INFO     -------------------------
2025-07-25 10:56:24 INFO     >>>>> Using Generator's sample rule
2025-07-25 10:56:24 INFO     >>>>> Generator: Rule generation with sampling
2025-07-25 10:56:24 INFO     Predictor: read 1877 rules from list.
2025-07-25 10:56:24 INFO     Preprocess training set
2025-07-25 10:56:24 INFO     >>>>> Predictor: Training
2025-07-25 10:57:52 INFO     1000 5959 8.824971 69332.0
2025-07-25 10:59:24 INFO     2000 5959 8.507216 69349.3
2025-07-25 11:01:01 INFO     3000 5959 8.308978 69184.5
2025-07-25 11:02:32 INFO     4000 5959 8.171594 69253.9
2025-07-25 11:03:59 INFO     5000 5959 8.086073 69332.0
2025-07-25 11:05:22 INFO     >>>>> Predictor: Evaluating on valid
2025-07-25 11:05:38 INFO     Data : 2077
2025-07-25 11:05:38 INFO     Hit1 : 0.009629
2025-07-25 11:05:38 INFO     Hit3 : 0.017814
2025-07-25 11:05:38 INFO     Hit10: 0.030332
2025-07-25 11:05:38 INFO     MR   : 1486.650939
2025-07-25 11:05:38 INFO     MRR  : 0.020407
2025-07-25 11:05:38 INFO     >>>>> Predictor: Evaluating on test
2025-07-25 11:05:56 INFO     Data : 2342
2025-07-25 11:05:56 INFO     Hit1 : 0.013237
2025-07-25 11:05:56 INFO     Hit3 : 0.017506
2025-07-25 11:05:56 INFO     Hit10: 0.030743
2025-07-25 11:05:56 INFO     MR   : 1367.673783
2025-07-25 11:05:56 INFO     MRR  : 0.022282
2025-07-25 11:05:56 INFO     >>>>> Predictor: Computing H scores of rules
2025-07-25 11:10:23 INFO     1000 5959
2025-07-25 11:15:09 INFO     2000 5959
2025-07-25 11:18:48 INFO     3000 5959
2025-07-25 11:22:27 INFO     4000 5959
2025-07-25 11:27:13 INFO     5000 5959
2025-07-25 11:31:41 INFO     >>>>> Generator: Training
2025-07-25 11:31:47 INFO     -------------------------
2025-07-25 11:31:47 INFO     | EM Iteration: 4/5
2025-07-25 11:31:47 INFO     -------------------------
2025-07-25 11:31:47 INFO     >>>>> Using Generator's sample rule
2025-07-25 11:31:47 INFO     >>>>> Generator: Rule generation with sampling
2025-07-25 11:31:48 INFO     Predictor: read 1825 rules from list.
2025-07-25 11:31:48 INFO     Preprocess training set
2025-07-25 11:31:48 INFO     >>>>> Predictor: Training
2025-07-25 11:33:22 INFO     1000 5959 8.821351 69271.3
2025-07-25 11:35:01 INFO     2000 5959 8.496939 69340.6
2025-07-25 11:36:28 INFO     3000 5959 8.303720 69384.0
2025-07-25 11:38:02 INFO     4000 5959 8.162609 69262.6
2025-07-25 11:39:38 INFO     5000 5959 8.070421 69332.0
2025-07-25 11:41:07 INFO     >>>>> Predictor: Evaluating on valid
2025-07-25 11:41:22 INFO     Data : 2077
2025-07-25 11:41:22 INFO     Hit1 : 0.010111
2025-07-25 11:41:22 INFO     Hit3 : 0.023110
2025-07-25 11:41:22 INFO     Hit10: 0.045258
2025-07-25 11:41:22 INFO     MR   : 1467.164420
2025-07-25 11:41:22 INFO     MRR  : 0.025462
2025-07-25 11:41:22 INFO     >>>>> Predictor: Evaluating on test
2025-07-25 11:41:39 INFO     Data : 2342
2025-07-25 11:41:39 INFO     Hit1 : 0.007686
2025-07-25 11:41:39 INFO     Hit3 : 0.020495
2025-07-25 11:41:39 INFO     Hit10: 0.047395
2025-07-25 11:41:39 INFO     MR   : 1371.664389
2025-07-25 11:41:39 INFO     MRR  : 0.023807
2025-07-25 11:41:39 INFO     >>>>> Predictor: Computing H scores of rules
2025-07-25 11:45:34 INFO     1000 5959
2025-07-25 11:49:47 INFO     2000 5959
2025-07-25 11:53:26 INFO     3000 5959
2025-07-25 11:57:01 INFO     4000 5959
2025-07-25 12:00:58 INFO     5000 5959
2025-07-25 12:04:39 INFO     >>>>> Generator: Training
2025-07-25 12:04:45 INFO     -------------------------
2025-07-25 12:04:45 INFO     | EM Iteration: 5/5
2025-07-25 12:04:45 INFO     -------------------------
2025-07-25 12:04:45 INFO     >>>>> Using Generator's sample rule
2025-07-25 12:04:45 INFO     >>>>> Generator: Rule generation with sampling
2025-07-25 12:04:45 INFO     Predictor: read 1681 rules from list.
2025-07-25 12:04:45 INFO     Preprocess training set
2025-07-25 12:04:45 INFO     >>>>> Predictor: Training
2025-07-25 12:06:02 INFO     1000 5959 8.794182 69332.0
2025-07-25 12:07:21 INFO     2000 5959 8.415524 69349.3
2025-07-25 12:08:53 INFO     3000 5959 8.172504 69340.6
2025-07-25 12:10:16 INFO     4000 5959 7.983291 69297.3
2025-07-25 12:11:40 INFO     5000 5959 7.810212 69219.2
2025-07-25 12:13:09 INFO     >>>>> Predictor: Evaluating on valid
2025-07-25 12:13:29 INFO     Data : 2077
2025-07-25 12:13:29 INFO     Hit1 : 0.040443
2025-07-25 12:13:29 INFO     Hit3 : 0.071738
2025-07-25 12:13:29 INFO     Hit10: 0.096293
2025-07-25 12:13:29 INFO     MR   : 1422.199567
2025-07-25 12:13:29 INFO     MRR  : 0.064460
2025-07-25 12:13:29 INFO     >>>>> Predictor: Evaluating on test
2025-07-25 12:13:46 INFO     Data : 2342
2025-07-25 12:13:46 INFO     Hit1 : 0.046968
2025-07-25 12:13:46 INFO     Hit3 : 0.072588
2025-07-25 12:13:46 INFO     Hit10: 0.100769
2025-07-25 12:13:46 INFO     MR   : 1326.768787
2025-07-25 12:13:46 INFO     MRR  : 0.068906
2025-07-25 12:13:46 INFO     >>>>> Predictor: Computing H scores of rules
2025-07-25 12:17:07 INFO     1000 5959
2025-07-25 12:20:19 INFO     2000 5959
2025-07-25 12:23:54 INFO     3000 5959
2025-07-25 12:27:34 INFO     4000 5959
2025-07-25 12:30:45 INFO     5000 5959
2025-07-25 12:34:00 INFO     >>>>> Generator: Training
2025-07-25 12:34:06 INFO     -------------------------
2025-07-25 12:34:06 INFO     | Post-train Generator
2025-07-25 12:34:06 INFO     -------------------------
2025-07-25 12:34:08 INFO     >>>>> Generator: Training
2025-07-25 12:35:11 INFO     [E01000] Total 2.409739 | Main 2.409739 | EntType 0.000000
2025-07-25 12:35:11 INFO     -------------------------
2025-07-25 12:35:11 INFO     | Beam Search Best Rules
2025-07-25 12:35:11 INFO     -------------------------
2025-07-25 12:35:11 INFO     >>>>> Generator: Rule generation with beam search
2025-07-25 12:35:12 INFO     >>>>> Generator: Rule generation with beam search
2025-07-25 12:35:21 INFO     >>>>> Generator: Rule generation with beam search
2025-07-25 12:37:14 INFO     >>>>> Generator: Rule generation with beam search
2025-07-25 12:38:44 INFO     >>>>> Generator: Rule generation with beam search
2025-07-25 12:39:47 INFO     -------------------------
2025-07-25 12:39:47 INFO     | Train Final Predictor+
2025-07-25 12:39:47 INFO     -------------------------
2025-07-25 12:39:47 INFO     Predictor+: read 18420 rules from list.
2025-07-25 12:39:47 INFO     Preprocess training set
2025-07-25 12:39:47 INFO     -------------------------
2025-07-25 12:39:47 INFO     | Iteration: 1/5
2025-07-25 12:39:47 INFO     -------------------------
2025-07-25 12:39:47 INFO     >>>>> Predictor: Training
2025-07-25 12:48:06 INFO     1000 5959 5.230730 69271.3
2025-07-25 12:56:48 INFO     2000 5959 5.080199 69332.0
2025-07-25 13:05:10 INFO     3000 5959 5.045858 69375.3
2025-07-25 13:13:05 INFO     4000 5959 5.034914 69279.9
2025-07-25 13:21:32 INFO     5000 5959 5.010544 69349.3
2025-07-25 13:29:32 INFO     >>>>> Predictor: Evaluating on valid
2025-07-25 13:31:22 INFO     Data : 2077
2025-07-25 13:31:22 INFO     Hit1 : 0.080886
2025-07-25 13:31:22 INFO     Hit3 : 0.141069
2025-07-25 13:31:22 INFO     Hit10: 0.237843
2025-07-25 13:31:22 INFO     MR   : 1155.921281
2025-07-25 13:31:22 INFO     MRR  : 0.129571
2025-07-25 13:31:22 INFO     >>>>> Predictor: Evaluating on test
2025-07-25 13:33:36 INFO     Data : 2342
2025-07-25 13:33:36 INFO     Hit1 : 0.094791
2025-07-25 13:33:36 INFO     Hit3 : 0.153715
2025-07-25 13:33:36 INFO     Hit10: 0.234415
2025-07-25 13:33:36 INFO     MR   : 1065.604398
2025-07-25 13:33:36 INFO     MRR  : 0.141916
2025-07-25 13:33:36 INFO     Save checkpoint to results/semmeddb/10_times_each/soft_label/2_20250725_053145/predictor.pt
2025-07-25 13:33:36 INFO     -------------------------
2025-07-25 13:33:36 INFO     | Iteration: 2/5
2025-07-25 13:33:36 INFO     -------------------------
2025-07-25 13:33:36 INFO     >>>>> Predictor: Training
2025-07-25 13:41:26 INFO     1000 5959 4.959295 69366.7
2025-07-25 13:48:59 INFO     2000 5959 4.983044 69375.3
2025-07-25 13:56:29 INFO     3000 5959 4.972270 69219.2
2025-07-25 14:03:54 INFO     4000 5959 4.983735 69305.9
2025-07-25 14:11:29 INFO     5000 5959 4.957884 69288.6
2025-07-25 14:20:09 INFO     >>>>> Predictor: Evaluating on valid
2025-07-25 14:22:42 INFO     Data : 2077
2025-07-25 14:22:42 INFO     Hit1 : 0.072220
2025-07-25 14:22:42 INFO     Hit3 : 0.138180
2025-07-25 14:22:42 INFO     Hit10: 0.235436
2025-07-25 14:22:42 INFO     MR   : 1124.275638
2025-07-25 14:22:42 INFO     MRR  : 0.123587
2025-07-25 14:22:42 INFO     >>>>> Predictor: Evaluating on test
2025-07-25 14:25:35 INFO     Data : 2342
2025-07-25 14:25:35 INFO     Hit1 : 0.094364
2025-07-25 14:25:35 INFO     Hit3 : 0.153288
2025-07-25 14:25:35 INFO     Hit10: 0.236977
2025-07-25 14:25:35 INFO     MR   : 1036.913322
2025-07-25 14:25:35 INFO     MRR  : 0.142122
2025-07-25 14:25:35 INFO     -------------------------
2025-07-25 14:25:35 INFO     | Iteration: 3/5
2025-07-25 14:25:35 INFO     -------------------------
2025-07-25 14:25:35 INFO     >>>>> Predictor: Training
2025-07-25 14:34:59 INFO     1000 5959 4.960819 69288.6
2025-07-25 14:44:27 INFO     2000 5959 4.961941 69288.6
2025-07-25 14:54:34 INFO     3000 5959 4.943321 69340.6
2025-07-25 15:07:00 INFO     4000 5959 4.941406 69271.3
2025-07-25 15:19:33 INFO     5000 5959 4.991800 69219.2
2025-07-25 15:31:30 INFO     >>>>> Predictor: Evaluating on valid
2025-07-25 15:34:36 INFO     Data : 2077
2025-07-25 15:34:36 INFO     Hit1 : 0.074627
2025-07-25 15:34:36 INFO     Hit3 : 0.132884
2025-07-25 15:34:36 INFO     Hit10: 0.236399
2025-07-25 15:34:36 INFO     MR   : 1120.796582
2025-07-25 15:34:36 INFO     MRR  : 0.125457
2025-07-25 15:34:36 INFO     >>>>> Predictor: Evaluating on test
2025-07-25 15:38:08 INFO     Data : 2342
2025-07-25 15:38:08 INFO     Hit1 : 0.096926
2025-07-25 15:38:08 INFO     Hit3 : 0.147737
2025-07-25 15:38:08 INFO     Hit10: 0.239966
2025-07-25 15:38:08 INFO     MR   : 1024.870623
2025-07-25 15:38:08 INFO     MRR  : 0.142244
2025-07-25 15:38:08 INFO     -------------------------
2025-07-25 15:38:08 INFO     | Iteration: 4/5
2025-07-25 15:38:08 INFO     -------------------------
2025-07-25 15:38:08 INFO     >>>>> Predictor: Training
2025-07-25 15:50:44 INFO     1000 5959 4.925448 69340.6
2025-07-25 16:03:26 INFO     2000 5959 4.920613 69184.5
2025-07-25 16:16:00 INFO     3000 5959 4.989328 69253.9
2025-07-25 16:28:27 INFO     4000 5959 4.950001 69340.6
2025-07-25 16:41:02 INFO     5000 5959 4.947714 69384.0
2025-07-25 16:53:08 INFO     >>>>> Predictor: Evaluating on valid
2025-07-25 16:56:12 INFO     Data : 2077
2025-07-25 16:56:12 INFO     Hit1 : 0.074627
2025-07-25 16:56:12 INFO     Hit3 : 0.141069
2025-07-25 16:56:12 INFO     Hit10: 0.243139
2025-07-25 16:56:12 INFO     MR   : 1111.726288
2025-07-25 16:56:12 INFO     MRR  : 0.127275
2025-07-25 16:56:12 INFO     >>>>> Predictor: Evaluating on test
2025-07-25 16:59:44 INFO     Data : 2342
2025-07-25 16:59:44 INFO     Hit1 : 0.099061
2025-07-25 16:59:44 INFO     Hit3 : 0.158412
2025-07-25 16:59:44 INFO     Hit10: 0.244236
2025-07-25 16:59:44 INFO     MR   : 1024.396456
2025-07-25 16:59:44 INFO     MRR  : 0.145742
2025-07-25 16:59:44 INFO     -------------------------
2025-07-25 16:59:44 INFO     | Iteration: 5/5
2025-07-25 16:59:44 INFO     -------------------------
2025-07-25 16:59:44 INFO     >>>>> Predictor: Training
2025-07-25 17:12:15 INFO     1000 5959 4.949977 69323.3
2025-07-25 17:24:56 INFO     2000 5959 4.945655 69332.0
2025-07-25 17:37:37 INFO     3000 5959 4.960403 69219.2
2025-07-25 17:50:21 INFO     4000 5959 4.932988 69297.3
2025-07-25 18:03:01 INFO     5000 5959 4.924944 69332.0
2025-07-25 18:15:02 INFO     >>>>> Predictor: Evaluating on valid
2025-07-25 18:18:10 INFO     Data : 2077
2025-07-25 18:18:10 INFO     Hit1 : 0.072220
2025-07-25 18:18:10 INFO     Hit3 : 0.136736
2025-07-25 18:18:10 INFO     Hit10: 0.240732
2025-07-25 18:18:10 INFO     MR   : 1103.385412
2025-07-25 18:18:10 INFO     MRR  : 0.125388
2025-07-25 18:18:10 INFO     >>>>> Predictor: Evaluating on test
2025-07-25 18:21:41 INFO     Data : 2342
2025-07-25 18:21:41 INFO     Hit1 : 0.097353
2025-07-25 18:21:41 INFO     Hit3 : 0.152434
2025-07-25 18:21:41 INFO     Hit10: 0.242955
2025-07-25 18:21:41 INFO     MR   : 1013.103971
2025-07-25 18:21:41 INFO     MRR  : 0.144135
2025-07-25 18:21:41 INFO     -------------------------
2025-07-25 18:21:41 INFO     | Final Test MRR: 0.141916
2025-07-25 18:21:41 INFO     -------------------------
