2025-07-09 19:55:56 INFO     is_soft_label: False
2025-07-09 19:55:56 INFO     is_scheduled_sampling: False
2025-07-09 19:55:56 INFO     is_test_mode: False
2025-07-09 19:55:56 INFO     Data loading | DONE!
2025-07-09 19:55:56 INFO     Using full datasets for training, validation, and testing.
2025-07-09 19:55:57 INFO     -------------------------
2025-07-09 19:55:57 INFO     | EM Iteration: 1/5
2025-07-09 19:55:57 INFO     -------------------------
2025-07-09 19:55:57 INFO     >>>>> Using miner's rule
2025-07-09 19:55:57 INFO     Predictor: read 13661 rules from list.
2025-07-09 19:55:58 INFO     Preprocess training set
2025-07-09 19:55:58 INFO     >>>>> Predictor: Evaluating on valid
2025-07-09 19:58:25 INFO     Data : 2077
2025-07-09 19:58:25 INFO     Hit1 : 0.065479
2025-07-09 19:58:25 INFO     Hit3 : 0.127106
2025-07-09 19:58:25 INFO     Hit10: 0.199326
2025-07-09 19:58:25 INFO     MR   : 1120.902022
2025-07-09 19:58:25 INFO     MRR  : 0.114382
2025-07-09 19:58:25 INFO     >>>>> Predictor: Evaluating on test
2025-07-09 20:01:08 INFO     Data : 2342
2025-07-09 20:01:08 INFO     Hit1 : 0.078992
2025-07-09 20:01:08 INFO     Hit3 : 0.124253
2025-07-09 20:01:08 INFO     Hit10: 0.208796
2025-07-09 20:01:08 INFO     MR   : 1044.269001
2025-07-09 20:01:08 INFO     MRR  : 0.122250
2025-07-09 20:01:08 INFO     >>>>> Predictor: Computing H scores of rules
2025-07-09 20:38:13 INFO     1000 5959
2025-07-09 21:15:10 INFO     2000 5959
2025-07-09 21:51:01 INFO     3000 5959
2025-07-09 22:27:38 INFO     4000 5959
2025-07-09 23:03:31 INFO     5000 5959
2025-07-09 23:40:15 INFO     >>>>> Generator: Training
2025-07-09 23:40:25 INFO     -------------------------
2025-07-09 23:40:25 INFO     | EM Iteration: 2/5
2025-07-09 23:40:25 INFO     -------------------------
2025-07-09 23:40:25 INFO     >>>>> Using Generator's sample rule
2025-07-09 23:40:25 INFO     >>>>> Generator: Rule generation with sampling
2025-07-09 23:40:25 INFO     Predictor: read 1912 rules from list.
2025-07-09 23:40:25 INFO     Preprocess training set
2025-07-09 23:40:25 INFO     >>>>> Predictor: Training
2025-07-09 23:41:33 INFO     1000 5959 8.777563 69314.6
2025-07-09 23:42:42 INFO     2000 5959 8.371464 69271.3
2025-07-09 23:43:51 INFO     3000 5959 8.153242 69245.2
2025-07-09 23:44:59 INFO     4000 5959 7.969263 69340.6
2025-07-09 23:46:08 INFO     5000 5959 7.793321 69340.6
2025-07-09 23:47:14 INFO     >>>>> Predictor: Evaluating on valid
2025-07-09 23:47:31 INFO     Data : 2077
2025-07-09 23:47:31 INFO     Hit1 : 0.018777
2025-07-09 23:47:31 INFO     Hit3 : 0.033702
2025-07-09 23:47:31 INFO     Hit10: 0.057294
2025-07-09 23:47:31 INFO     MR   : 1435.782378
2025-07-09 23:47:31 INFO     MRR  : 0.034306
2025-07-09 23:47:31 INFO     >>>>> Predictor: Evaluating on test
2025-07-09 23:47:49 INFO     Data : 2342
2025-07-09 23:47:49 INFO     Hit1 : 0.017506
2025-07-09 23:47:49 INFO     Hit3 : 0.033305
2025-07-09 23:47:49 INFO     Hit10: 0.061059
2025-07-09 23:47:49 INFO     MR   : 1332.336038
2025-07-09 23:47:49 INFO     MRR  : 0.034204
2025-07-09 23:47:49 INFO     >>>>> Predictor: Computing H scores of rules
2025-07-09 23:51:09 INFO     1000 5959
2025-07-09 23:54:29 INFO     2000 5959
2025-07-09 23:57:49 INFO     3000 5959
2025-07-10 00:01:08 INFO     4000 5959
2025-07-10 00:04:28 INFO     5000 5959
2025-07-10 00:07:42 INFO     >>>>> Generator: Training
2025-07-10 00:07:51 INFO     -------------------------
2025-07-10 00:07:51 INFO     | EM Iteration: 3/5
2025-07-10 00:07:51 INFO     -------------------------
2025-07-10 00:07:51 INFO     >>>>> Using Generator's sample rule
2025-07-10 00:07:51 INFO     >>>>> Generator: Rule generation with sampling
2025-07-10 00:07:51 INFO     Predictor: read 1916 rules from list.
2025-07-10 00:07:51 INFO     Preprocess training set
2025-07-10 00:07:51 INFO     >>>>> Predictor: Training
2025-07-10 00:08:59 INFO     1000 5959 8.801476 69332.0
2025-07-10 00:10:08 INFO     2000 5959 8.440751 69349.3
2025-07-10 00:11:15 INFO     3000 5959 8.214335 69184.5
2025-07-10 00:12:23 INFO     4000 5959 8.010395 69253.9
2025-07-10 00:13:31 INFO     5000 5959 7.912868 69332.0
2025-07-10 00:14:37 INFO     >>>>> Predictor: Evaluating on valid
2025-07-10 00:14:53 INFO     Data : 2077
2025-07-10 00:14:53 INFO     Hit1 : 0.013962
2025-07-10 00:14:53 INFO     Hit3 : 0.020703
2025-07-10 00:14:53 INFO     Hit10: 0.033221
2025-07-10 00:14:53 INFO     MR   : 1497.424410
2025-07-10 00:14:53 INFO     MRR  : 0.023734
2025-07-10 00:14:53 INFO     >>>>> Predictor: Evaluating on test
2025-07-10 00:15:12 INFO     Data : 2342
2025-07-10 00:15:12 INFO     Hit1 : 0.013237
2025-07-10 00:15:12 INFO     Hit3 : 0.018360
2025-07-10 00:15:12 INFO     Hit10: 0.028181
2025-07-10 00:15:12 INFO     MR   : 1380.473100
2025-07-10 00:15:12 INFO     MRR  : 0.022296
2025-07-10 00:15:12 INFO     >>>>> Predictor: Computing H scores of rules
2025-07-10 00:18:32 INFO     1000 5959
2025-07-10 00:21:52 INFO     2000 5959
2025-07-10 00:25:11 INFO     3000 5959
2025-07-10 00:28:30 INFO     4000 5959
2025-07-10 00:31:45 INFO     5000 5959
2025-07-10 00:34:54 INFO     >>>>> Generator: Training
2025-07-10 00:35:02 INFO     -------------------------
2025-07-10 00:35:02 INFO     | EM Iteration: 4/5
2025-07-10 00:35:02 INFO     -------------------------
2025-07-10 00:35:02 INFO     >>>>> Using Generator's sample rule
2025-07-10 00:35:02 INFO     >>>>> Generator: Rule generation with sampling
2025-07-10 00:35:02 INFO     Predictor: read 1941 rules from list.
2025-07-10 00:35:02 INFO     Preprocess training set
2025-07-10 00:35:02 INFO     >>>>> Predictor: Training
2025-07-10 00:36:10 INFO     1000 5959 8.788229 69271.3
2025-07-10 00:37:17 INFO     2000 5959 8.409160 69340.6
2025-07-10 00:38:27 INFO     3000 5959 8.146003 69384.0
2025-07-10 00:39:34 INFO     4000 5959 7.965456 69262.6
2025-07-10 00:40:43 INFO     5000 5959 7.809823 69332.0
2025-07-10 00:41:49 INFO     >>>>> Predictor: Evaluating on valid
2025-07-10 00:42:06 INFO     Data : 2077
2025-07-10 00:42:06 INFO     Hit1 : 0.009629
2025-07-10 00:42:06 INFO     Hit3 : 0.022147
2025-07-10 00:42:06 INFO     Hit10: 0.038517
2025-07-10 00:42:06 INFO     MR   : 1480.896485
2025-07-10 00:42:06 INFO     MRR  : 0.023832
2025-07-10 00:42:06 INFO     >>>>> Predictor: Evaluating on test
2025-07-10 00:42:25 INFO     Data : 2342
2025-07-10 00:42:25 INFO     Hit1 : 0.009821
2025-07-10 00:42:25 INFO     Hit3 : 0.018787
2025-07-10 00:42:25 INFO     Hit10: 0.039283
2025-07-10 00:42:25 INFO     MR   : 1372.745517
2025-07-10 00:42:25 INFO     MRR  : 0.022972
2025-07-10 00:42:25 INFO     >>>>> Predictor: Computing H scores of rules
2025-07-10 00:45:45 INFO     1000 5959
2025-07-10 00:49:01 INFO     2000 5959
2025-07-10 00:52:21 INFO     3000 5959
2025-07-10 00:55:41 INFO     4000 5959
2025-07-10 00:59:01 INFO     5000 5959
2025-07-10 01:02:13 INFO     >>>>> Generator: Training
2025-07-10 01:02:22 INFO     -------------------------
2025-07-10 01:02:22 INFO     | EM Iteration: 5/5
2025-07-10 01:02:22 INFO     -------------------------
2025-07-10 01:02:22 INFO     >>>>> Using Generator's sample rule
2025-07-10 01:02:22 INFO     >>>>> Generator: Rule generation with sampling
2025-07-10 01:02:22 INFO     Predictor: read 1964 rules from list.
2025-07-10 01:02:22 INFO     Preprocess training set
2025-07-10 01:02:22 INFO     >>>>> Predictor: Training
2025-07-10 01:03:32 INFO     1000 5959 8.829234 69332.0
2025-07-10 01:04:43 INFO     2000 5959 8.511628 69349.3
2025-07-10 01:05:54 INFO     3000 5959 8.318627 69340.6
2025-07-10 01:07:06 INFO     4000 5959 8.180989 69297.3
2025-07-10 01:08:18 INFO     5000 5959 8.077482 69219.2
2025-07-10 01:09:30 INFO     >>>>> Predictor: Evaluating on valid
2025-07-10 01:09:46 INFO     Data : 2077
2025-07-10 01:09:46 INFO     Hit1 : 0.028406
2025-07-10 01:09:46 INFO     Hit3 : 0.054405
2025-07-10 01:09:46 INFO     Hit10: 0.079923
2025-07-10 01:09:46 INFO     MR   : 1447.493019
2025-07-10 01:09:46 INFO     MRR  : 0.049663
2025-07-10 01:09:46 INFO     >>>>> Predictor: Evaluating on test
2025-07-10 01:10:04 INFO     Data : 2342
2025-07-10 01:10:04 INFO     Hit1 : 0.028181
2025-07-10 01:10:04 INFO     Hit3 : 0.053800
2025-07-10 01:10:04 INFO     Hit10: 0.078992
2025-07-10 01:10:04 INFO     MR   : 1342.234202
2025-07-10 01:10:04 INFO     MRR  : 0.050400
2025-07-10 01:10:04 INFO     >>>>> Predictor: Computing H scores of rules
2025-07-10 01:13:23 INFO     1000 5959
2025-07-10 01:16:47 INFO     2000 5959
2025-07-10 01:20:07 INFO     3000 5959
2025-07-10 01:23:27 INFO     4000 5959
2025-07-10 01:26:47 INFO     5000 5959
2025-07-10 01:30:01 INFO     >>>>> Generator: Training
2025-07-10 01:30:10 INFO     -------------------------
2025-07-10 01:30:10 INFO     | Post-train Generator
2025-07-10 01:30:10 INFO     -------------------------
2025-07-10 01:30:12 INFO     >>>>> Generator: Training
2025-07-10 01:31:49 INFO     [E01000] Total 3.142019 | Main 3.153684 | RelClus 2.122851 | EntType 2.980349
2025-07-10 01:31:49 INFO     -------------------------
2025-07-10 01:31:49 INFO     | Beam Search Best Rules
2025-07-10 01:31:49 INFO     -------------------------
2025-07-10 01:31:49 INFO     >>>>> Generator: Rule generation with beam search
2025-07-10 01:31:49 INFO     >>>>> Generator: Rule generation with beam search
2025-07-10 01:31:55 INFO     >>>>> Generator: Rule generation with beam search
2025-07-10 01:33:17 INFO     >>>>> Generator: Rule generation with beam search
2025-07-10 01:34:24 INFO     >>>>> Generator: Rule generation with beam search
2025-07-10 01:35:10 INFO     -------------------------
2025-07-10 01:35:10 INFO     | Train Final Predictor+
2025-07-10 01:35:10 INFO     -------------------------
2025-07-10 01:35:10 INFO     Predictor+: read 18420 rules from list.
2025-07-10 01:35:10 INFO     Preprocess training set
2025-07-10 01:35:10 INFO     -------------------------
2025-07-10 01:35:10 INFO     | Iteration: 1/5
2025-07-10 01:35:10 INFO     -------------------------
2025-07-10 01:35:10 INFO     >>>>> Predictor: Training
2025-07-10 01:40:21 INFO     1000 5959 4.901463 69271.3
2025-07-10 01:45:31 INFO     2000 5959 4.724925 69332.0
2025-07-10 01:50:43 INFO     3000 5959 4.706820 69375.3
2025-07-10 01:55:52 INFO     4000 5959 4.711781 69279.9
2025-07-10 02:01:01 INFO     5000 5959 4.682300 69349.3
2025-07-10 02:05:57 INFO     >>>>> Predictor: Evaluating on valid
2025-07-10 02:07:14 INFO     Data : 2077
2025-07-10 02:07:14 INFO     Hit1 : 0.102070
2025-07-10 02:07:14 INFO     Hit3 : 0.178623
2025-07-10 02:07:14 INFO     Hit10: 0.313914
2025-07-10 02:07:14 INFO     MR   : 983.984593
2025-07-10 02:07:14 INFO     MRR  : 0.167097
2025-07-10 02:07:14 INFO     >>>>> Predictor: Evaluating on test
2025-07-10 02:08:40 INFO     Data : 2342
2025-07-10 02:08:40 INFO     Hit1 : 0.123826
2025-07-10 02:08:40 INFO     Hit3 : 0.198121
2025-07-10 02:08:40 INFO     Hit10: 0.314261
2025-07-10 02:08:40 INFO     MR   : 918.585397
2025-07-10 02:08:40 INFO     MRR  : 0.186413
2025-07-10 02:08:40 INFO     Save checkpoint to results/semmeddb/10_times_each/cluster_k/5_20250709_195553/predictor.pt
2025-07-10 02:08:40 INFO     -------------------------
2025-07-10 02:08:40 INFO     | Iteration: 2/5
2025-07-10 02:08:40 INFO     -------------------------
2025-07-10 02:08:40 INFO     >>>>> Predictor: Training
2025-07-10 02:13:50 INFO     1000 5959 4.602331 69366.7
2025-07-10 02:19:06 INFO     2000 5959 4.652832 69375.3
2025-07-10 02:24:30 INFO     3000 5959 4.636800 69219.2
2025-07-10 02:29:37 INFO     4000 5959 4.652693 69305.9
2025-07-10 02:34:48 INFO     5000 5959 4.614478 69288.6
2025-07-10 02:39:43 INFO     >>>>> Predictor: Evaluating on valid
2025-07-10 02:41:00 INFO     Data : 2077
2025-07-10 02:41:00 INFO     Hit1 : 0.095330
2025-07-10 02:41:00 INFO     Hit3 : 0.183919
2025-07-10 02:41:00 INFO     Hit10: 0.316322
2025-07-10 02:41:00 INFO     MR   : 948.285026
2025-07-10 02:41:00 INFO     MRR  : 0.166424
2025-07-10 02:41:00 INFO     >>>>> Predictor: Evaluating on test
2025-07-10 02:42:26 INFO     Data : 2342
2025-07-10 02:42:26 INFO     Hit1 : 0.130231
2025-07-10 02:42:26 INFO     Hit3 : 0.209650
2025-07-10 02:42:26 INFO     Hit10: 0.322801
2025-07-10 02:42:26 INFO     MR   : 882.265585
2025-07-10 02:42:26 INFO     MRR  : 0.193344
2025-07-10 02:42:26 INFO     -------------------------
2025-07-10 02:42:26 INFO     | Iteration: 3/5
2025-07-10 02:42:26 INFO     -------------------------
2025-07-10 02:42:26 INFO     >>>>> Predictor: Training
2025-07-10 02:47:33 INFO     1000 5959 4.614945 69288.6
2025-07-10 02:52:46 INFO     2000 5959 4.617081 69288.6
2025-07-10 02:57:56 INFO     3000 5959 4.607336 69340.6
2025-07-10 03:03:07 INFO     4000 5959 4.611528 69271.3
2025-07-10 03:08:17 INFO     5000 5959 4.636022 69219.2
2025-07-10 03:13:15 INFO     >>>>> Predictor: Evaluating on valid
2025-07-10 03:14:32 INFO     Data : 2077
2025-07-10 03:14:32 INFO     Hit1 : 0.085219
2025-07-10 03:14:32 INFO     Hit3 : 0.179104
2025-07-10 03:14:32 INFO     Hit10: 0.298989
2025-07-10 03:14:32 INFO     MR   : 964.168512
2025-07-10 03:14:32 INFO     MRR  : 0.156660
2025-07-10 03:14:32 INFO     >>>>> Predictor: Evaluating on test
2025-07-10 03:15:58 INFO     Data : 2342
2025-07-10 03:15:58 INFO     Hit1 : 0.113578
2025-07-10 03:15:58 INFO     Hit3 : 0.201537
2025-07-10 03:15:58 INFO     Hit10: 0.319812
2025-07-10 03:15:58 INFO     MR   : 886.180828
2025-07-10 03:15:58 INFO     MRR  : 0.179517
2025-07-10 03:15:58 INFO     -------------------------
2025-07-10 03:15:58 INFO     | Iteration: 4/5
2025-07-10 03:15:58 INFO     -------------------------
2025-07-10 03:15:58 INFO     >>>>> Predictor: Training
2025-07-10 03:21:09 INFO     1000 5959 4.591846 69340.6
2025-07-10 03:26:21 INFO     2000 5959 4.562720 69184.5
2025-07-10 03:31:30 INFO     3000 5959 4.623197 69253.9
2025-07-10 03:36:41 INFO     4000 5959 4.600146 69340.6
2025-07-10 03:41:50 INFO     5000 5959 4.597805 69384.0
2025-07-10 03:46:48 INFO     >>>>> Predictor: Evaluating on valid
2025-07-10 03:48:06 INFO     Data : 2077
2025-07-10 03:48:06 INFO     Hit1 : 0.100626
2025-07-10 03:48:06 INFO     Hit3 : 0.188734
2025-07-10 03:48:06 INFO     Hit10: 0.308618
2025-07-10 03:48:06 INFO     MR   : 929.707511
2025-07-10 03:48:06 INFO     MRR  : 0.168940
2025-07-10 03:48:06 INFO     >>>>> Predictor: Evaluating on test
2025-07-10 03:49:32 INFO     Data : 2342
2025-07-10 03:49:32 INFO     Hit1 : 0.128523
2025-07-10 03:49:32 INFO     Hit3 : 0.210504
2025-07-10 03:49:32 INFO     Hit10: 0.324082
2025-07-10 03:49:32 INFO     MR   : 861.979505
2025-07-10 03:49:32 INFO     MRR  : 0.192202
2025-07-10 03:49:32 INFO     Save checkpoint to results/semmeddb/10_times_each/cluster_k/5_20250709_195553/predictor.pt
2025-07-10 03:49:32 INFO     -------------------------
2025-07-10 03:49:32 INFO     | Iteration: 5/5
2025-07-10 03:49:32 INFO     -------------------------
2025-07-10 03:49:32 INFO     >>>>> Predictor: Training
2025-07-10 03:54:44 INFO     1000 5959 4.605861 69323.3
2025-07-10 03:59:53 INFO     2000 5959 4.580274 69332.0
2025-07-10 04:05:12 INFO     3000 5959 4.613054 69219.2
2025-07-10 04:10:21 INFO     4000 5959 4.609035 69297.3
2025-07-10 04:15:40 INFO     5000 5959 4.572773 69332.0
2025-07-10 04:20:49 INFO     >>>>> Predictor: Evaluating on valid
2025-07-10 04:22:09 INFO     Data : 2077
2025-07-10 04:22:09 INFO     Hit1 : 0.094848
2025-07-10 04:22:09 INFO     Hit3 : 0.184401
2025-07-10 04:22:09 INFO     Hit10: 0.314396
2025-07-10 04:22:09 INFO     MR   : 919.861579
2025-07-10 04:22:09 INFO     MRR  : 0.165499
2025-07-10 04:22:09 INFO     >>>>> Predictor: Evaluating on test
2025-07-10 04:23:38 INFO     Data : 2342
2025-07-10 04:23:38 INFO     Hit1 : 0.124253
2025-07-10 04:23:38 INFO     Hit3 : 0.209650
2025-07-10 04:23:38 INFO     Hit10: 0.320666
2025-07-10 04:23:38 INFO     MR   : 852.260248
2025-07-10 04:23:38 INFO     MRR  : 0.190347
2025-07-10 04:23:38 INFO     -------------------------
2025-07-10 04:23:38 INFO     | Final Test MRR: 0.192202
2025-07-10 04:23:38 INFO     -------------------------
