2025-07-10 07:43:56 INFO     is_soft_label: False
2025-07-10 07:43:56 INFO     is_scheduled_sampling: False
2025-07-10 07:43:56 INFO     is_test_mode: False
2025-07-10 07:43:57 INFO     Data loading | DONE!
2025-07-10 07:43:57 INFO     Using full datasets for training, validation, and testing.
2025-07-10 07:43:57 INFO     -------------------------
2025-07-10 07:43:57 INFO     | EM Iteration: 1/5
2025-07-10 07:43:57 INFO     -------------------------
2025-07-10 07:43:57 INFO     >>>>> Using miner's rule
2025-07-10 07:43:57 INFO     Predictor: read 13661 rules from list.
2025-07-10 07:43:59 INFO     Preprocess training set
2025-07-10 07:43:59 INFO     >>>>> Predictor: Evaluating on valid
2025-07-10 07:46:16 INFO     Data : 2077
2025-07-10 07:46:16 INFO     Hit1 : 0.065479
2025-07-10 07:46:16 INFO     Hit3 : 0.127106
2025-07-10 07:46:16 INFO     Hit10: 0.199326
2025-07-10 07:46:16 INFO     MR   : 1120.902022
2025-07-10 07:46:16 INFO     MRR  : 0.114382
2025-07-10 07:46:16 INFO     >>>>> Predictor: Evaluating on test
2025-07-10 07:48:52 INFO     Data : 2342
2025-07-10 07:48:52 INFO     Hit1 : 0.078992
2025-07-10 07:48:52 INFO     Hit3 : 0.124253
2025-07-10 07:48:52 INFO     Hit10: 0.208796
2025-07-10 07:48:52 INFO     MR   : 1044.269001
2025-07-10 07:48:52 INFO     MRR  : 0.122250
2025-07-10 07:48:52 INFO     >>>>> Predictor: Computing H scores of rules
2025-07-10 08:24:01 INFO     1000 5959
2025-07-10 08:59:45 INFO     2000 5959
2025-07-10 09:35:05 INFO     3000 5959
2025-07-10 10:10:37 INFO     4000 5959
2025-07-10 10:46:02 INFO     5000 5959
2025-07-10 11:21:34 INFO     >>>>> Generator: Training
2025-07-10 11:21:43 INFO     -------------------------
2025-07-10 11:21:43 INFO     | EM Iteration: 2/5
2025-07-10 11:21:43 INFO     -------------------------
2025-07-10 11:21:43 INFO     >>>>> Using Generator's sample rule
2025-07-10 11:21:43 INFO     >>>>> Generator: Rule generation with sampling
2025-07-10 11:21:44 INFO     Predictor: read 1911 rules from list.
2025-07-10 11:21:44 INFO     Preprocess training set
2025-07-10 11:21:44 INFO     >>>>> Predictor: Training
2025-07-10 11:22:51 INFO     1000 5959 8.777697 69314.6
2025-07-10 11:23:57 INFO     2000 5959 8.372000 69271.3
2025-07-10 11:25:04 INFO     3000 5959 8.153905 69245.2
2025-07-10 11:26:12 INFO     4000 5959 7.970392 69340.6
2025-07-10 11:27:19 INFO     5000 5959 7.794693 69340.6
2025-07-10 11:28:24 INFO     >>>>> Predictor: Evaluating on valid
2025-07-10 11:28:40 INFO     Data : 2077
2025-07-10 11:28:40 INFO     Hit1 : 0.018777
2025-07-10 11:28:40 INFO     Hit3 : 0.033221
2025-07-10 11:28:40 INFO     Hit10: 0.057294
2025-07-10 11:28:40 INFO     MR   : 1434.890467
2025-07-10 11:28:40 INFO     MRR  : 0.034256
2025-07-10 11:28:40 INFO     >>>>> Predictor: Evaluating on test
2025-07-10 11:28:59 INFO     Data : 2342
2025-07-10 11:28:59 INFO     Hit1 : 0.017506
2025-07-10 11:28:59 INFO     Hit3 : 0.033305
2025-07-10 11:28:59 INFO     Hit10: 0.061059
2025-07-10 11:28:59 INFO     MR   : 1332.290991
2025-07-10 11:28:59 INFO     MRR  : 0.034269
2025-07-10 11:28:59 INFO     >>>>> Predictor: Computing H scores of rules
2025-07-10 11:32:18 INFO     1000 5959
2025-07-10 11:35:38 INFO     2000 5959
2025-07-10 11:38:57 INFO     3000 5959
2025-07-10 11:42:17 INFO     4000 5959
2025-07-10 11:45:35 INFO     5000 5959
2025-07-10 11:48:48 INFO     >>>>> Generator: Training
2025-07-10 11:48:58 INFO     -------------------------
2025-07-10 11:48:58 INFO     | EM Iteration: 3/5
2025-07-10 11:48:58 INFO     -------------------------
2025-07-10 11:48:58 INFO     >>>>> Using Generator's sample rule
2025-07-10 11:48:58 INFO     >>>>> Generator: Rule generation with sampling
2025-07-10 11:48:58 INFO     Predictor: read 1913 rules from list.
2025-07-10 11:48:58 INFO     Preprocess training set
2025-07-10 11:48:58 INFO     >>>>> Predictor: Training
2025-07-10 11:50:05 INFO     1000 5959 8.801417 69332.0
2025-07-10 11:51:12 INFO     2000 5959 8.440396 69349.3
2025-07-10 11:52:19 INFO     3000 5959 8.213695 69184.5
2025-07-10 11:53:26 INFO     4000 5959 8.009485 69253.9
2025-07-10 11:54:33 INFO     5000 5959 7.911373 69332.0
2025-07-10 11:55:37 INFO     >>>>> Predictor: Evaluating on valid
2025-07-10 11:55:53 INFO     Data : 2077
2025-07-10 11:55:53 INFO     Hit1 : 0.013962
2025-07-10 11:55:53 INFO     Hit3 : 0.021666
2025-07-10 11:55:53 INFO     Hit10: 0.033221
2025-07-10 11:55:53 INFO     MR   : 1496.971594
2025-07-10 11:55:53 INFO     MRR  : 0.023922
2025-07-10 11:55:53 INFO     >>>>> Predictor: Evaluating on test
2025-07-10 11:56:11 INFO     Data : 2342
2025-07-10 11:56:11 INFO     Hit1 : 0.013664
2025-07-10 11:56:11 INFO     Hit3 : 0.019641
2025-07-10 11:56:11 INFO     Hit10: 0.028181
2025-07-10 11:56:11 INFO     MR   : 1380.479078
2025-07-10 11:56:11 INFO     MRR  : 0.022659
2025-07-10 11:56:11 INFO     >>>>> Predictor: Computing H scores of rules
2025-07-10 11:59:31 INFO     1000 5959
2025-07-10 12:02:50 INFO     2000 5959
2025-07-10 12:06:09 INFO     3000 5959
2025-07-10 12:09:28 INFO     4000 5959
2025-07-10 12:12:48 INFO     5000 5959
2025-07-10 12:16:01 INFO     >>>>> Generator: Training
2025-07-10 12:16:11 INFO     -------------------------
2025-07-10 12:16:11 INFO     | EM Iteration: 4/5
2025-07-10 12:16:11 INFO     -------------------------
2025-07-10 12:16:11 INFO     >>>>> Using Generator's sample rule
2025-07-10 12:16:11 INFO     >>>>> Generator: Rule generation with sampling
2025-07-10 12:16:11 INFO     Predictor: read 1934 rules from list.
2025-07-10 12:16:11 INFO     Preprocess training set
2025-07-10 12:16:11 INFO     >>>>> Predictor: Training
2025-07-10 12:17:18 INFO     1000 5959 8.787222 69271.3
2025-07-10 12:18:24 INFO     2000 5959 8.405714 69340.6
2025-07-10 12:19:31 INFO     3000 5959 8.139487 69384.0
2025-07-10 12:20:38 INFO     4000 5959 7.956794 69262.6
2025-07-10 12:21:44 INFO     5000 5959 7.797917 69332.0
2025-07-10 12:22:48 INFO     >>>>> Predictor: Evaluating on valid
2025-07-10 12:23:04 INFO     Data : 2077
2025-07-10 12:23:04 INFO     Hit1 : 0.012518
2025-07-10 12:23:04 INFO     Hit3 : 0.026481
2025-07-10 12:23:04 INFO     Hit10: 0.047183
2025-07-10 12:23:04 INFO     MR   : 1475.796100
2025-07-10 12:23:04 INFO     MRR  : 0.027906
2025-07-10 12:23:04 INFO     >>>>> Predictor: Evaluating on test
2025-07-10 12:23:23 INFO     Data : 2342
2025-07-10 12:23:23 INFO     Hit1 : 0.009394
2025-07-10 12:23:23 INFO     Hit3 : 0.021776
2025-07-10 12:23:23 INFO     Hit10: 0.042272
2025-07-10 12:23:23 INFO     MR   : 1363.837746
2025-07-10 12:23:23 INFO     MRR  : 0.024119
2025-07-10 12:23:23 INFO     >>>>> Predictor: Computing H scores of rules
2025-07-10 12:26:42 INFO     1000 5959
2025-07-10 12:30:01 INFO     2000 5959
2025-07-10 12:33:20 INFO     3000 5959
2025-07-10 12:36:40 INFO     4000 5959
2025-07-10 12:39:59 INFO     5000 5959
2025-07-10 12:43:13 INFO     >>>>> Generator: Training
2025-07-10 12:43:22 INFO     -------------------------
2025-07-10 12:43:22 INFO     | EM Iteration: 5/5
2025-07-10 12:43:22 INFO     -------------------------
2025-07-10 12:43:22 INFO     >>>>> Using Generator's sample rule
2025-07-10 12:43:22 INFO     >>>>> Generator: Rule generation with sampling
2025-07-10 12:43:22 INFO     Predictor: read 1957 rules from list.
2025-07-10 12:43:22 INFO     Preprocess training set
2025-07-10 12:43:22 INFO     >>>>> Predictor: Training
2025-07-10 12:44:29 INFO     1000 5959 8.830482 69332.0
2025-07-10 12:45:36 INFO     2000 5959 8.516944 69349.3
2025-07-10 12:46:43 INFO     3000 5959 8.327075 69340.6
2025-07-10 12:47:50 INFO     4000 5959 8.191456 69297.3
2025-07-10 12:48:57 INFO     5000 5959 8.089649 69219.2
2025-07-10 12:50:03 INFO     >>>>> Predictor: Evaluating on valid
2025-07-10 12:50:20 INFO     Data : 2077
2025-07-10 12:50:20 INFO     Hit1 : 0.027443
2025-07-10 12:50:20 INFO     Hit3 : 0.053442
2025-07-10 12:50:20 INFO     Hit10: 0.080886
2025-07-10 12:50:20 INFO     MR   : 1446.551517
2025-07-10 12:50:20 INFO     MRR  : 0.049468
2025-07-10 12:50:20 INFO     >>>>> Predictor: Evaluating on test
2025-07-10 12:50:39 INFO     Data : 2342
2025-07-10 12:50:39 INFO     Hit1 : 0.029462
2025-07-10 12:50:39 INFO     Hit3 : 0.054227
2025-07-10 12:50:39 INFO     Hit10: 0.078992
2025-07-10 12:50:39 INFO     MR   : 1341.779249
2025-07-10 12:50:39 INFO     MRR  : 0.051115
2025-07-10 12:50:39 INFO     >>>>> Predictor: Computing H scores of rules
2025-07-10 12:53:56 INFO     1000 5959
2025-07-10 12:57:15 INFO     2000 5959
2025-07-10 13:00:36 INFO     3000 5959
2025-07-10 13:03:57 INFO     4000 5959
2025-07-10 13:07:16 INFO     5000 5959
2025-07-10 13:10:30 INFO     >>>>> Generator: Training
2025-07-10 13:10:39 INFO     -------------------------
2025-07-10 13:10:39 INFO     | Post-train Generator
2025-07-10 13:10:39 INFO     -------------------------
2025-07-10 13:10:41 INFO     >>>>> Generator: Training
2025-07-10 13:12:11 INFO     [E01000] Total 3.206713 | Main 3.089704 | RelClus 2.268245 | EntType 3.041056
2025-07-10 13:12:11 INFO     -------------------------
2025-07-10 13:12:11 INFO     | Beam Search Best Rules
2025-07-10 13:12:11 INFO     -------------------------
2025-07-10 13:12:11 INFO     >>>>> Generator: Rule generation with beam search
2025-07-10 13:12:12 INFO     >>>>> Generator: Rule generation with beam search
2025-07-10 13:12:18 INFO     >>>>> Generator: Rule generation with beam search
2025-07-10 13:13:36 INFO     >>>>> Generator: Rule generation with beam search
2025-07-10 13:14:41 INFO     >>>>> Generator: Rule generation with beam search
2025-07-10 13:15:24 INFO     -------------------------
2025-07-10 13:15:24 INFO     | Train Final Predictor+
2025-07-10 13:15:24 INFO     -------------------------
2025-07-10 13:15:24 INFO     Predictor+: read 18420 rules from list.
2025-07-10 13:15:24 INFO     Preprocess training set
2025-07-10 13:15:24 INFO     -------------------------
2025-07-10 13:15:24 INFO     | Iteration: 1/5
2025-07-10 13:15:24 INFO     -------------------------
2025-07-10 13:15:24 INFO     >>>>> Predictor: Training
2025-07-10 13:20:24 INFO     1000 5959 4.895582 69271.3
2025-07-10 13:25:20 INFO     2000 5959 4.723724 69332.0
2025-07-10 13:30:21 INFO     3000 5959 4.707714 69375.3
2025-07-10 13:35:16 INFO     4000 5959 4.709578 69279.9
2025-07-10 13:40:24 INFO     5000 5959 4.679517 69349.3
2025-07-10 13:45:42 INFO     >>>>> Predictor: Evaluating on valid
2025-07-10 13:47:02 INFO     Data : 2077
2025-07-10 13:47:02 INFO     Hit1 : 0.103996
2025-07-10 13:47:02 INFO     Hit3 : 0.187771
2025-07-10 13:47:02 INFO     Hit10: 0.320173
2025-07-10 13:47:02 INFO     MR   : 985.114829
2025-07-10 13:47:02 INFO     MRR  : 0.171187
2025-07-10 13:47:02 INFO     >>>>> Predictor: Evaluating on test
2025-07-10 13:48:26 INFO     Data : 2342
2025-07-10 13:48:26 INFO     Hit1 : 0.130231
2025-07-10 13:48:26 INFO     Hit3 : 0.208369
2025-07-10 13:48:26 INFO     Hit10: 0.317250
2025-07-10 13:48:26 INFO     MR   : 920.921008
2025-07-10 13:48:26 INFO     MRR  : 0.192825
2025-07-10 13:48:26 INFO     Save checkpoint to results/semmeddb/10_times_each/cluster_k/6_20250710_074354/predictor.pt
2025-07-10 13:48:26 INFO     -------------------------
2025-07-10 13:48:26 INFO     | Iteration: 2/5
2025-07-10 13:48:26 INFO     -------------------------
2025-07-10 13:48:26 INFO     >>>>> Predictor: Training
2025-07-10 13:53:30 INFO     1000 5959 4.604272 69366.7
2025-07-10 13:58:42 INFO     2000 5959 4.651654 69375.3
2025-07-10 14:04:15 INFO     3000 5959 4.640680 69219.2
2025-07-10 14:09:44 INFO     4000 5959 4.651795 69305.9
2025-07-10 14:15:10 INFO     5000 5959 4.619415 69288.6
2025-07-10 14:20:18 INFO     >>>>> Predictor: Evaluating on valid
2025-07-10 14:21:34 INFO     Data : 2077
2025-07-10 14:21:34 INFO     Hit1 : 0.100144
2025-07-10 14:21:34 INFO     Hit3 : 0.183438
2025-07-10 14:21:34 INFO     Hit10: 0.315359
2025-07-10 14:21:34 INFO     MR   : 948.230140
2025-07-10 14:21:34 INFO     MRR  : 0.168889
2025-07-10 14:21:34 INFO     >>>>> Predictor: Evaluating on test
2025-07-10 14:22:56 INFO     Data : 2342
2025-07-10 14:22:56 INFO     Hit1 : 0.131085
2025-07-10 14:22:56 INFO     Hit3 : 0.209650
2025-07-10 14:22:56 INFO     Hit10: 0.318104
2025-07-10 14:22:56 INFO     MR   : 882.054014
2025-07-10 14:22:56 INFO     MRR  : 0.193215
2025-07-10 14:22:56 INFO     -------------------------
2025-07-10 14:22:56 INFO     | Iteration: 3/5
2025-07-10 14:22:56 INFO     -------------------------
2025-07-10 14:22:56 INFO     >>>>> Predictor: Training
2025-07-10 14:27:54 INFO     1000 5959 4.616798 69288.6
2025-07-10 14:33:03 INFO     2000 5959 4.618027 69288.6
2025-07-10 14:38:20 INFO     3000 5959 4.607710 69340.6
2025-07-10 14:43:41 INFO     4000 5959 4.617695 69271.3
2025-07-10 14:48:59 INFO     5000 5959 4.638187 69219.2
2025-07-10 14:54:05 INFO     >>>>> Predictor: Evaluating on valid
2025-07-10 14:55:19 INFO     Data : 2077
2025-07-10 14:55:19 INFO     Hit1 : 0.092441
2025-07-10 14:55:19 INFO     Hit3 : 0.180067
2025-07-10 14:55:19 INFO     Hit10: 0.309581
2025-07-10 14:55:19 INFO     MR   : 941.124218
2025-07-10 14:55:19 INFO     MRR  : 0.162331
2025-07-10 14:55:19 INFO     >>>>> Predictor: Evaluating on test
2025-07-10 14:56:44 INFO     Data : 2342
2025-07-10 14:56:44 INFO     Hit1 : 0.122118
2025-07-10 14:56:44 INFO     Hit3 : 0.200683
2025-07-10 14:56:44 INFO     Hit10: 0.318104
2025-07-10 14:56:44 INFO     MR   : 865.562340
2025-07-10 14:56:44 INFO     MRR  : 0.185253
2025-07-10 14:56:44 INFO     -------------------------
2025-07-10 14:56:44 INFO     | Iteration: 4/5
2025-07-10 14:56:44 INFO     -------------------------
2025-07-10 14:56:44 INFO     >>>>> Predictor: Training
2025-07-10 15:01:48 INFO     1000 5959 4.591248 69340.6
2025-07-10 15:06:51 INFO     2000 5959 4.564056 69184.5
2025-07-10 15:11:54 INFO     3000 5959 4.625190 69253.9
2025-07-10 15:16:55 INFO     4000 5959 4.602742 69340.6
2025-07-10 15:21:51 INFO     5000 5959 4.598228 69384.0
2025-07-10 15:26:34 INFO     >>>>> Predictor: Evaluating on valid
2025-07-10 15:27:46 INFO     Data : 2077
2025-07-10 15:27:46 INFO     Hit1 : 0.103033
2025-07-10 15:27:46 INFO     Hit3 : 0.182475
2025-07-10 15:27:46 INFO     Hit10: 0.311507
2025-07-10 15:27:46 INFO     MR   : 928.238325
2025-07-10 15:27:46 INFO     MRR  : 0.168982
2025-07-10 15:27:46 INFO     >>>>> Predictor: Evaluating on test
2025-07-10 15:29:07 INFO     Data : 2342
2025-07-10 15:29:07 INFO     Hit1 : 0.127242
2025-07-10 15:29:07 INFO     Hit3 : 0.209223
2025-07-10 15:29:07 INFO     Hit10: 0.320239
2025-07-10 15:29:07 INFO     MR   : 859.235056
2025-07-10 15:29:07 INFO     MRR  : 0.191474
2025-07-10 15:29:07 INFO     -------------------------
2025-07-10 15:29:07 INFO     | Iteration: 5/5
2025-07-10 15:29:07 INFO     -------------------------
2025-07-10 15:29:07 INFO     >>>>> Predictor: Training
2025-07-10 15:34:25 INFO     1000 5959 4.603088 69323.3
2025-07-10 15:40:13 INFO     2000 5959 4.583049 69332.0
2025-07-10 15:45:58 INFO     3000 5959 4.615317 69219.2
2025-07-10 15:51:45 INFO     4000 5959 4.611409 69297.3
2025-07-10 15:57:21 INFO     5000 5959 4.574297 69332.0
2025-07-10 16:02:38 INFO     >>>>> Predictor: Evaluating on valid
2025-07-10 16:04:00 INFO     Data : 2077
2025-07-10 16:04:00 INFO     Hit1 : 0.091478
2025-07-10 16:04:00 INFO     Hit3 : 0.176216
2025-07-10 16:04:00 INFO     Hit10: 0.312470
2025-07-10 16:04:00 INFO     MR   : 919.063312
2025-07-10 16:04:00 INFO     MRR  : 0.161644
2025-07-10 16:04:00 INFO     >>>>> Predictor: Evaluating on test
2025-07-10 16:05:28 INFO     Data : 2342
2025-07-10 16:05:28 INFO     Hit1 : 0.125534
2025-07-10 16:05:28 INFO     Hit3 : 0.208796
2025-07-10 16:05:28 INFO     Hit10: 0.317677
2025-07-10 16:05:28 INFO     MR   : 851.501708
2025-07-10 16:05:28 INFO     MRR  : 0.190181
2025-07-10 16:05:28 INFO     -------------------------
2025-07-10 16:05:28 INFO     | Final Test MRR: 0.192825
2025-07-10 16:05:28 INFO     -------------------------
