2025-07-09 06:24:27 INFO     is_soft_label: False
2025-07-09 06:24:27 INFO     is_scheduled_sampling: False
2025-07-09 06:24:27 INFO     is_test_mode: False
2025-07-09 06:24:27 INFO     Data loading | DONE!
2025-07-09 06:24:27 INFO     Using full datasets for training, validation, and testing.
2025-07-09 06:24:27 INFO     -------------------------
2025-07-09 06:24:27 INFO     | EM Iteration: 1/5
2025-07-09 06:24:27 INFO     -------------------------
2025-07-09 06:24:27 INFO     >>>>> Using miner's rule
2025-07-09 06:24:28 INFO     Predictor: read 13661 rules from list.
2025-07-09 06:24:29 INFO     Preprocess training set
2025-07-09 06:24:29 INFO     >>>>> Predictor: Evaluating on valid
2025-07-09 06:26:45 INFO     Data : 2077
2025-07-09 06:26:45 INFO     Hit1 : 0.065479
2025-07-09 06:26:45 INFO     Hit3 : 0.127106
2025-07-09 06:26:45 INFO     Hit10: 0.199326
2025-07-09 06:26:45 INFO     MR   : 1120.902022
2025-07-09 06:26:45 INFO     MRR  : 0.114382
2025-07-09 06:26:45 INFO     >>>>> Predictor: Evaluating on test
2025-07-09 06:29:21 INFO     Data : 2342
2025-07-09 06:29:21 INFO     Hit1 : 0.078992
2025-07-09 06:29:21 INFO     Hit3 : 0.124253
2025-07-09 06:29:21 INFO     Hit10: 0.208796
2025-07-09 06:29:21 INFO     MR   : 1044.269001
2025-07-09 06:29:21 INFO     MRR  : 0.122250
2025-07-09 06:29:21 INFO     >>>>> Predictor: Computing H scores of rules
2025-07-09 07:03:51 INFO     1000 5959
2025-07-09 07:38:42 INFO     2000 5959
2025-07-09 08:13:11 INFO     3000 5959
2025-07-09 08:47:55 INFO     4000 5959
2025-07-09 09:22:25 INFO     5000 5959
2025-07-09 09:58:28 INFO     >>>>> Generator: Training
2025-07-09 09:58:39 INFO     -------------------------
2025-07-09 09:58:39 INFO     | EM Iteration: 2/5
2025-07-09 09:58:39 INFO     -------------------------
2025-07-09 09:58:39 INFO     >>>>> Using Generator's sample rule
2025-07-09 09:58:39 INFO     >>>>> Generator: Rule generation with sampling
2025-07-09 09:58:39 INFO     Predictor: read 1910 rules from list.
2025-07-09 09:58:39 INFO     Preprocess training set
2025-07-09 09:58:39 INFO     >>>>> Predictor: Training
2025-07-09 09:59:48 INFO     1000 5959 8.778157 69314.6
2025-07-09 10:00:56 INFO     2000 5959 8.373362 69271.3
2025-07-09 10:02:04 INFO     3000 5959 8.155292 69245.2
2025-07-09 10:03:11 INFO     4000 5959 7.971729 69340.6
2025-07-09 10:04:18 INFO     5000 5959 7.795274 69340.6
2025-07-09 10:05:23 INFO     >>>>> Predictor: Evaluating on valid
2025-07-09 10:05:39 INFO     Data : 2077
2025-07-09 10:05:39 INFO     Hit1 : 0.018296
2025-07-09 10:05:39 INFO     Hit3 : 0.033221
2025-07-09 10:05:39 INFO     Hit10: 0.058257
2025-07-09 10:05:39 INFO     MR   : 1436.136013
2025-07-09 10:05:39 INFO     MRR  : 0.034028
2025-07-09 10:05:39 INFO     >>>>> Predictor: Evaluating on test
2025-07-09 10:05:58 INFO     Data : 2342
2025-07-09 10:05:58 INFO     Hit1 : 0.017079
2025-07-09 10:05:58 INFO     Hit3 : 0.033305
2025-07-09 10:05:58 INFO     Hit10: 0.060205
2025-07-09 10:05:58 INFO     MR   : 1332.858668
2025-07-09 10:05:58 INFO     MRR  : 0.034068
2025-07-09 10:05:58 INFO     >>>>> Predictor: Computing H scores of rules
2025-07-09 10:09:17 INFO     1000 5959
2025-07-09 10:12:37 INFO     2000 5959
2025-07-09 10:15:57 INFO     3000 5959
2025-07-09 10:19:16 INFO     4000 5959
2025-07-09 10:22:36 INFO     5000 5959
2025-07-09 10:25:50 INFO     >>>>> Generator: Training
2025-07-09 10:25:59 INFO     -------------------------
2025-07-09 10:25:59 INFO     | EM Iteration: 3/5
2025-07-09 10:25:59 INFO     -------------------------
2025-07-09 10:25:59 INFO     >>>>> Using Generator's sample rule
2025-07-09 10:25:59 INFO     >>>>> Generator: Rule generation with sampling
2025-07-09 10:25:59 INFO     Predictor: read 1911 rules from list.
2025-07-09 10:25:59 INFO     Preprocess training set
2025-07-09 10:25:59 INFO     >>>>> Predictor: Training
2025-07-09 10:27:09 INFO     1000 5959 8.801265 69332.0
2025-07-09 10:28:18 INFO     2000 5959 8.440395 69349.3
2025-07-09 10:29:27 INFO     3000 5959 8.212881 69184.5
2025-07-09 10:30:36 INFO     4000 5959 8.007957 69253.9
2025-07-09 10:31:45 INFO     5000 5959 7.911519 69332.0
2025-07-09 10:32:52 INFO     >>>>> Predictor: Evaluating on valid
2025-07-09 10:33:08 INFO     Data : 2077
2025-07-09 10:33:08 INFO     Hit1 : 0.013962
2025-07-09 10:33:08 INFO     Hit3 : 0.021666
2025-07-09 10:33:08 INFO     Hit10: 0.033221
2025-07-09 10:33:08 INFO     MR   : 1494.689215
2025-07-09 10:33:08 INFO     MRR  : 0.023842
2025-07-09 10:33:08 INFO     >>>>> Predictor: Evaluating on test
2025-07-09 10:33:27 INFO     Data : 2342
2025-07-09 10:33:27 INFO     Hit1 : 0.013664
2025-07-09 10:33:27 INFO     Hit3 : 0.019641
2025-07-09 10:33:27 INFO     Hit10: 0.028181
2025-07-09 10:33:27 INFO     MR   : 1378.732494
2025-07-09 10:33:27 INFO     MRR  : 0.022659
2025-07-09 10:33:27 INFO     >>>>> Predictor: Computing H scores of rules
2025-07-09 10:36:46 INFO     1000 5959
2025-07-09 10:40:06 INFO     2000 5959
2025-07-09 10:43:25 INFO     3000 5959
2025-07-09 10:46:45 INFO     4000 5959
2025-07-09 10:50:05 INFO     5000 5959
2025-07-09 10:53:18 INFO     >>>>> Generator: Training
2025-07-09 10:53:27 INFO     -------------------------
2025-07-09 10:53:27 INFO     | EM Iteration: 4/5
2025-07-09 10:53:27 INFO     -------------------------
2025-07-09 10:53:27 INFO     >>>>> Using Generator's sample rule
2025-07-09 10:53:27 INFO     >>>>> Generator: Rule generation with sampling
2025-07-09 10:53:28 INFO     Predictor: read 1928 rules from list.
2025-07-09 10:53:28 INFO     Preprocess training set
2025-07-09 10:53:28 INFO     >>>>> Predictor: Training
2025-07-09 10:54:36 INFO     1000 5959 8.787526 69271.3
2025-07-09 10:55:46 INFO     2000 5959 8.406225 69340.6
2025-07-09 10:56:54 INFO     3000 5959 8.140257 69384.0
2025-07-09 10:58:04 INFO     4000 5959 7.958239 69262.6
2025-07-09 10:59:13 INFO     5000 5959 7.799243 69332.0
2025-07-09 11:00:20 INFO     >>>>> Predictor: Evaluating on valid
2025-07-09 11:00:36 INFO     Data : 2077
2025-07-09 11:00:36 INFO     Hit1 : 0.010592
2025-07-09 11:00:36 INFO     Hit3 : 0.025036
2025-07-09 11:00:36 INFO     Hit10: 0.046702
2025-07-09 11:00:36 INFO     MR   : 1480.435243
2025-07-09 11:00:36 INFO     MRR  : 0.025936
2025-07-09 11:00:36 INFO     >>>>> Predictor: Evaluating on test
2025-07-09 11:00:56 INFO     Data : 2342
2025-07-09 11:00:56 INFO     Hit1 : 0.008967
2025-07-09 11:00:56 INFO     Hit3 : 0.020495
2025-07-09 11:00:56 INFO     Hit10: 0.041418
2025-07-09 11:00:56 INFO     MR   : 1366.691716
2025-07-09 11:00:56 INFO     MRR  : 0.023178
2025-07-09 11:00:56 INFO     >>>>> Predictor: Computing H scores of rules
2025-07-09 11:04:16 INFO     1000 5959
2025-07-09 11:07:36 INFO     2000 5959
2025-07-09 11:10:56 INFO     3000 5959
2025-07-09 11:14:15 INFO     4000 5959
2025-07-09 11:17:35 INFO     5000 5959
2025-07-09 11:20:49 INFO     >>>>> Generator: Training
2025-07-09 11:20:57 INFO     -------------------------
2025-07-09 11:20:57 INFO     | EM Iteration: 5/5
2025-07-09 11:20:57 INFO     -------------------------
2025-07-09 11:20:57 INFO     >>>>> Using Generator's sample rule
2025-07-09 11:20:57 INFO     >>>>> Generator: Rule generation with sampling
2025-07-09 11:20:57 INFO     Predictor: read 1954 rules from list.
2025-07-09 11:20:57 INFO     Preprocess training set
2025-07-09 11:20:57 INFO     >>>>> Predictor: Training
2025-07-09 11:22:09 INFO     1000 5959 8.823308 69332.0
2025-07-09 11:23:20 INFO     2000 5959 8.494090 69349.3
2025-07-09 11:24:32 INFO     3000 5959 8.288943 69340.6
2025-07-09 11:25:44 INFO     4000 5959 8.136858 69297.3
2025-07-09 11:26:55 INFO     5000 5959 8.034986 69219.2
2025-07-09 11:28:03 INFO     >>>>> Predictor: Evaluating on valid
2025-07-09 11:28:20 INFO     Data : 2077
2025-07-09 11:28:20 INFO     Hit1 : 0.024073
2025-07-09 11:28:20 INFO     Hit3 : 0.051035
2025-07-09 11:28:20 INFO     Hit10: 0.077997
2025-07-09 11:28:20 INFO     MR   : 1449.804526
2025-07-09 11:28:20 INFO     MRR  : 0.046191
2025-07-09 11:28:20 INFO     >>>>> Predictor: Evaluating on test
2025-07-09 11:28:39 INFO     Data : 2342
2025-07-09 11:28:39 INFO     Hit1 : 0.029035
2025-07-09 11:28:39 INFO     Hit3 : 0.052092
2025-07-09 11:28:39 INFO     Hit10: 0.077711
2025-07-09 11:28:39 INFO     MR   : 1350.263023
2025-07-09 11:28:39 INFO     MRR  : 0.049494
2025-07-09 11:28:39 INFO     >>>>> Predictor: Computing H scores of rules
2025-07-09 11:31:59 INFO     1000 5959
2025-07-09 11:35:19 INFO     2000 5959
2025-07-09 11:38:39 INFO     3000 5959
2025-07-09 11:41:59 INFO     4000 5959
2025-07-09 11:45:19 INFO     5000 5959
2025-07-09 11:48:33 INFO     >>>>> Generator: Training
2025-07-09 11:48:41 INFO     -------------------------
2025-07-09 11:48:41 INFO     | Post-train Generator
2025-07-09 11:48:41 INFO     -------------------------
2025-07-09 11:48:43 INFO     >>>>> Generator: Training
2025-07-09 11:50:14 INFO     [E01000] Total 2.969022 | Main 2.887865 | RelClus 1.704564 | EntType 2.848607
2025-07-09 11:50:14 INFO     -------------------------
2025-07-09 11:50:14 INFO     | Beam Search Best Rules
2025-07-09 11:50:14 INFO     -------------------------
2025-07-09 11:50:14 INFO     >>>>> Generator: Rule generation with beam search
2025-07-09 11:50:15 INFO     >>>>> Generator: Rule generation with beam search
2025-07-09 11:50:21 INFO     >>>>> Generator: Rule generation with beam search
2025-07-09 11:51:43 INFO     >>>>> Generator: Rule generation with beam search
2025-07-09 11:52:49 INFO     >>>>> Generator: Rule generation with beam search
2025-07-09 11:53:35 INFO     -------------------------
2025-07-09 11:53:35 INFO     | Train Final Predictor+
2025-07-09 11:53:35 INFO     -------------------------
2025-07-09 11:53:35 INFO     Predictor+: read 18420 rules from list.
2025-07-09 11:53:35 INFO     Preprocess training set
2025-07-09 11:53:35 INFO     -------------------------
2025-07-09 11:53:35 INFO     | Iteration: 1/5
2025-07-09 11:53:35 INFO     -------------------------
2025-07-09 11:53:35 INFO     >>>>> Predictor: Training
2025-07-09 11:58:53 INFO     1000 5959 4.896941 69271.3
2025-07-09 12:04:08 INFO     2000 5959 4.725102 69332.0
2025-07-09 12:09:24 INFO     3000 5959 4.707086 69375.3
2025-07-09 12:14:39 INFO     4000 5959 4.710962 69279.9
2025-07-09 12:19:55 INFO     5000 5959 4.680402 69349.3
2025-07-09 12:24:57 INFO     >>>>> Predictor: Evaluating on valid
2025-07-09 12:26:14 INFO     Data : 2077
2025-07-09 12:26:14 INFO     Hit1 : 0.098700
2025-07-09 12:26:14 INFO     Hit3 : 0.183438
2025-07-09 12:26:14 INFO     Hit10: 0.311988
2025-07-09 12:26:14 INFO     MR   : 984.105441
2025-07-09 12:26:14 INFO     MRR  : 0.167064
2025-07-09 12:26:14 INFO     >>>>> Predictor: Evaluating on test
2025-07-09 12:27:41 INFO     Data : 2342
2025-07-09 12:27:41 INFO     Hit1 : 0.126388
2025-07-09 12:27:41 INFO     Hit3 : 0.205380
2025-07-09 12:27:41 INFO     Hit10: 0.314688
2025-07-09 12:27:41 INFO     MR   : 920.532664
2025-07-09 12:27:41 INFO     MRR  : 0.189240
2025-07-09 12:27:41 INFO     Save checkpoint to results/semmeddb/10_times_each/cluster_k/3_20250709_062425/predictor.pt
2025-07-09 12:27:41 INFO     -------------------------
2025-07-09 12:27:41 INFO     | Iteration: 2/5
2025-07-09 12:27:41 INFO     -------------------------
2025-07-09 12:27:41 INFO     >>>>> Predictor: Training
2025-07-09 12:32:56 INFO     1000 5959 4.601387 69366.7
2025-07-09 12:38:11 INFO     2000 5959 4.649512 69375.3
2025-07-09 12:43:20 INFO     3000 5959 4.639731 69219.2
2025-07-09 12:48:31 INFO     4000 5959 4.651967 69305.9
2025-07-09 12:53:43 INFO     5000 5959 4.616446 69288.6
2025-07-09 12:58:48 INFO     >>>>> Predictor: Evaluating on valid
2025-07-09 13:00:06 INFO     Data : 2077
2025-07-09 13:00:06 INFO     Hit1 : 0.097256
2025-07-09 13:00:06 INFO     Hit3 : 0.185364
2025-07-09 13:00:06 INFO     Hit10: 0.318729
2025-07-09 13:00:06 INFO     MR   : 950.482667
2025-07-09 13:00:06 INFO     MRR  : 0.167258
2025-07-09 13:00:06 INFO     >>>>> Predictor: Evaluating on test
2025-07-09 13:01:34 INFO     Data : 2342
2025-07-09 13:01:34 INFO     Hit1 : 0.127669
2025-07-09 13:01:34 INFO     Hit3 : 0.210077
2025-07-09 13:01:34 INFO     Hit10: 0.317250
2025-07-09 13:01:34 INFO     MR   : 883.015585
2025-07-09 13:01:34 INFO     MRR  : 0.191275
2025-07-09 13:01:34 INFO     Save checkpoint to results/semmeddb/10_times_each/cluster_k/3_20250709_062425/predictor.pt
2025-07-09 13:01:34 INFO     -------------------------
2025-07-09 13:01:34 INFO     | Iteration: 3/5
2025-07-09 13:01:34 INFO     -------------------------
2025-07-09 13:01:34 INFO     >>>>> Predictor: Training
2025-07-09 13:06:51 INFO     1000 5959 4.616442 69288.6
2025-07-09 13:12:07 INFO     2000 5959 4.617696 69288.6
2025-07-09 13:17:23 INFO     3000 5959 4.606695 69340.6
2025-07-09 13:22:41 INFO     4000 5959 4.613817 69271.3
2025-07-09 13:27:59 INFO     5000 5959 4.637291 69219.2
2025-07-09 13:33:00 INFO     >>>>> Predictor: Evaluating on valid
2025-07-09 13:34:18 INFO     Data : 2077
2025-07-09 13:34:18 INFO     Hit1 : 0.089552
2025-07-09 13:34:18 INFO     Hit3 : 0.175734
2025-07-09 13:34:18 INFO     Hit10: 0.298026
2025-07-09 13:34:18 INFO     MR   : 939.745306
2025-07-09 13:34:18 INFO     MRR  : 0.158820
2025-07-09 13:34:18 INFO     >>>>> Predictor: Evaluating on test
2025-07-09 13:35:46 INFO     Data : 2342
2025-07-09 13:35:46 INFO     Hit1 : 0.114432
2025-07-09 13:35:46 INFO     Hit3 : 0.199829
2025-07-09 13:35:46 INFO     Hit10: 0.310845
2025-07-09 13:35:46 INFO     MR   : 866.056789
2025-07-09 13:35:46 INFO     MRR  : 0.179190
2025-07-09 13:35:46 INFO     -------------------------
2025-07-09 13:35:46 INFO     | Iteration: 4/5
2025-07-09 13:35:46 INFO     -------------------------
2025-07-09 13:35:46 INFO     >>>>> Predictor: Training
2025-07-09 13:40:58 INFO     1000 5959 4.593591 69340.6
2025-07-09 13:46:12 INFO     2000 5959 4.562048 69184.5
2025-07-09 13:51:27 INFO     3000 5959 4.624540 69253.9
2025-07-09 13:56:42 INFO     4000 5959 4.599027 69340.6
2025-07-09 14:01:56 INFO     5000 5959 4.597602 69384.0
2025-07-09 14:06:58 INFO     >>>>> Predictor: Evaluating on valid
2025-07-09 14:08:15 INFO     Data : 2077
2025-07-09 14:08:15 INFO     Hit1 : 0.098700
2025-07-09 14:08:15 INFO     Hit3 : 0.182475
2025-07-09 14:08:15 INFO     Hit10: 0.311507
2025-07-09 14:08:15 INFO     MR   : 929.844969
2025-07-09 14:08:15 INFO     MRR  : 0.167418
2025-07-09 14:08:15 INFO     >>>>> Predictor: Evaluating on test
2025-07-09 14:09:42 INFO     Data : 2342
2025-07-09 14:09:42 INFO     Hit1 : 0.129377
2025-07-09 14:09:42 INFO     Hit3 : 0.209650
2025-07-09 14:09:42 INFO     Hit10: 0.319812
2025-07-09 14:09:42 INFO     MR   : 860.553800
2025-07-09 14:09:42 INFO     MRR  : 0.192330
2025-07-09 14:09:42 INFO     Save checkpoint to results/semmeddb/10_times_each/cluster_k/3_20250709_062425/predictor.pt
2025-07-09 14:09:42 INFO     -------------------------
2025-07-09 14:09:42 INFO     | Iteration: 5/5
2025-07-09 14:09:42 INFO     -------------------------
2025-07-09 14:09:42 INFO     >>>>> Predictor: Training
2025-07-09 14:14:57 INFO     1000 5959 4.602326 69323.3
2025-07-09 14:20:13 INFO     2000 5959 4.583676 69332.0
2025-07-09 14:25:29 INFO     3000 5959 4.611858 69219.2
2025-07-09 14:30:43 INFO     4000 5959 4.609575 69297.3
2025-07-09 14:36:00 INFO     5000 5959 4.573193 69332.0
2025-07-09 14:41:03 INFO     >>>>> Predictor: Evaluating on valid
2025-07-09 14:42:21 INFO     Data : 2077
2025-07-09 14:42:21 INFO     Hit1 : 0.097256
2025-07-09 14:42:21 INFO     Hit3 : 0.182475
2025-07-09 14:42:21 INFO     Hit10: 0.316803
2025-07-09 14:42:21 INFO     MR   : 921.672123
2025-07-09 14:42:21 INFO     MRR  : 0.166462
2025-07-09 14:42:21 INFO     >>>>> Predictor: Evaluating on test
2025-07-09 14:43:49 INFO     Data : 2342
2025-07-09 14:43:49 INFO     Hit1 : 0.123399
2025-07-09 14:43:49 INFO     Hit3 : 0.207942
2025-07-09 14:43:49 INFO     Hit10: 0.319812
2025-07-09 14:43:49 INFO     MR   : 852.346712
2025-07-09 14:43:49 INFO     MRR  : 0.189908
2025-07-09 14:43:49 INFO     -------------------------
2025-07-09 14:43:49 INFO     | Final Test MRR: 0.192330
2025-07-09 14:43:49 INFO     -------------------------
