2025-07-09 06:20:21 INFO     is_soft_label: False
2025-07-09 06:20:21 INFO     is_scheduled_sampling: False
2025-07-09 06:20:21 INFO     is_test_mode: False
2025-07-09 06:20:21 INFO     Data loading | DONE!
2025-07-09 06:20:22 INFO     Using full datasets for training, validation, and testing.
2025-07-09 06:20:22 INFO     -------------------------
2025-07-09 06:20:22 INFO     | EM Iteration: 1/5
2025-07-09 06:20:22 INFO     -------------------------
2025-07-09 06:20:22 INFO     >>>>> Using miner's rule
2025-07-09 06:20:22 INFO     Predictor: read 13661 rules from list.
2025-07-09 06:20:24 INFO     Preprocess training set
2025-07-09 06:20:24 INFO     >>>>> Predictor: Evaluating on valid
2025-07-09 06:24:34 INFO     Data : 2077
2025-07-09 06:24:34 INFO     Hit1 : 0.065479
2025-07-09 06:24:34 INFO     Hit3 : 0.127106
2025-07-09 06:24:34 INFO     Hit10: 0.199326
2025-07-09 06:24:34 INFO     MR   : 1120.902022
2025-07-09 06:24:34 INFO     MRR  : 0.114382
2025-07-09 06:24:34 INFO     >>>>> Predictor: Evaluating on test
2025-07-09 06:29:09 INFO     Data : 2342
2025-07-09 06:29:09 INFO     Hit1 : 0.078992
2025-07-09 06:29:09 INFO     Hit3 : 0.124253
2025-07-09 06:29:09 INFO     Hit10: 0.208796
2025-07-09 06:29:09 INFO     MR   : 1044.269001
2025-07-09 06:29:09 INFO     MRR  : 0.122250
2025-07-09 06:29:09 INFO     >>>>> Predictor: Computing H scores of rules
2025-07-09 07:23:17 INFO     1000 5959
2025-07-09 08:18:19 INFO     2000 5959
2025-07-09 09:13:05 INFO     3000 5959
2025-07-09 10:08:16 INFO     4000 5959
2025-07-09 11:02:42 INFO     5000 5959
2025-07-09 11:57:47 INFO     >>>>> Generator: Training
2025-07-09 11:58:00 INFO     -------------------------
2025-07-09 11:58:00 INFO     | EM Iteration: 2/5
2025-07-09 11:58:00 INFO     -------------------------
2025-07-09 11:58:00 INFO     >>>>> Using Generator's sample rule
2025-07-09 11:58:00 INFO     >>>>> Generator: Rule generation with sampling
2025-07-09 11:58:01 INFO     Predictor: read 1910 rules from list.
2025-07-09 11:58:01 INFO     Preprocess training set
2025-07-09 11:58:01 INFO     >>>>> Predictor: Training
2025-07-09 12:00:41 INFO     1000 5959 8.778157 69314.6
2025-07-09 12:03:14 INFO     2000 5959 8.373362 69271.3
2025-07-09 12:05:53 INFO     3000 5959 8.155292 69245.2
2025-07-09 12:08:24 INFO     4000 5959 7.971729 69340.6
2025-07-09 12:11:03 INFO     5000 5959 7.795274 69340.6
2025-07-09 12:13:38 INFO     >>>>> Predictor: Evaluating on valid
2025-07-09 12:14:08 INFO     Data : 2077
2025-07-09 12:14:08 INFO     Hit1 : 0.018296
2025-07-09 12:14:08 INFO     Hit3 : 0.033221
2025-07-09 12:14:08 INFO     Hit10: 0.058257
2025-07-09 12:14:08 INFO     MR   : 1436.136013
2025-07-09 12:14:08 INFO     MRR  : 0.034028
2025-07-09 12:14:08 INFO     >>>>> Predictor: Evaluating on test
2025-07-09 12:14:40 INFO     Data : 2342
2025-07-09 12:14:40 INFO     Hit1 : 0.017079
2025-07-09 12:14:40 INFO     Hit3 : 0.033305
2025-07-09 12:14:40 INFO     Hit10: 0.060205
2025-07-09 12:14:40 INFO     MR   : 1332.858668
2025-07-09 12:14:40 INFO     MRR  : 0.034068
2025-07-09 12:14:40 INFO     >>>>> Predictor: Computing H scores of rules
2025-07-09 12:20:47 INFO     1000 5959
2025-07-09 12:26:42 INFO     2000 5959
2025-07-09 12:32:47 INFO     3000 5959
2025-07-09 12:38:41 INFO     4000 5959
2025-07-09 12:44:39 INFO     5000 5959
2025-07-09 12:50:27 INFO     >>>>> Generator: Training
2025-07-09 12:50:39 INFO     -------------------------
2025-07-09 12:50:39 INFO     | EM Iteration: 3/5
2025-07-09 12:50:39 INFO     -------------------------
2025-07-09 12:50:39 INFO     >>>>> Using Generator's sample rule
2025-07-09 12:50:39 INFO     >>>>> Generator: Rule generation with sampling
2025-07-09 12:50:40 INFO     Predictor: read 1911 rules from list.
2025-07-09 12:50:40 INFO     Preprocess training set
2025-07-09 12:50:40 INFO     >>>>> Predictor: Training
2025-07-09 12:53:13 INFO     1000 5959 8.801265 69332.0
2025-07-09 12:55:56 INFO     2000 5959 8.440395 69349.3
2025-07-09 12:58:35 INFO     3000 5959 8.212881 69184.5
2025-07-09 13:01:08 INFO     4000 5959 8.007957 69253.9
2025-07-09 13:03:43 INFO     5000 5959 7.911519 69332.0
2025-07-09 13:06:20 INFO     >>>>> Predictor: Evaluating on valid
2025-07-09 13:06:48 INFO     Data : 2077
2025-07-09 13:06:48 INFO     Hit1 : 0.013962
2025-07-09 13:06:48 INFO     Hit3 : 0.021666
2025-07-09 13:06:48 INFO     Hit10: 0.033221
2025-07-09 13:06:48 INFO     MR   : 1494.689215
2025-07-09 13:06:48 INFO     MRR  : 0.023842
2025-07-09 13:06:48 INFO     >>>>> Predictor: Evaluating on test
2025-07-09 13:07:21 INFO     Data : 2342
2025-07-09 13:07:21 INFO     Hit1 : 0.013664
2025-07-09 13:07:21 INFO     Hit3 : 0.019641
2025-07-09 13:07:21 INFO     Hit10: 0.028181
2025-07-09 13:07:21 INFO     MR   : 1378.732494
2025-07-09 13:07:21 INFO     MRR  : 0.022659
2025-07-09 13:07:21 INFO     >>>>> Predictor: Computing H scores of rules
2025-07-09 13:13:31 INFO     1000 5959
2025-07-09 13:19:27 INFO     2000 5959
2025-07-09 13:25:28 INFO     3000 5959
2025-07-09 13:31:37 INFO     4000 5959
2025-07-09 13:37:49 INFO     5000 5959
2025-07-09 13:43:48 INFO     >>>>> Generator: Training
2025-07-09 13:44:01 INFO     -------------------------
2025-07-09 13:44:01 INFO     | EM Iteration: 4/5
2025-07-09 13:44:01 INFO     -------------------------
2025-07-09 13:44:01 INFO     >>>>> Using Generator's sample rule
2025-07-09 13:44:01 INFO     >>>>> Generator: Rule generation with sampling
2025-07-09 13:44:02 INFO     Predictor: read 1928 rules from list.
2025-07-09 13:44:02 INFO     Preprocess training set
2025-07-09 13:44:02 INFO     >>>>> Predictor: Training
2025-07-09 13:46:50 INFO     1000 5959 8.787526 69271.3
2025-07-09 13:49:39 INFO     2000 5959 8.406225 69340.6
2025-07-09 13:52:27 INFO     3000 5959 8.140257 69384.0
2025-07-09 13:55:10 INFO     4000 5959 7.958239 69262.6
2025-07-09 13:57:54 INFO     5000 5959 7.799243 69332.0
2025-07-09 14:00:34 INFO     >>>>> Predictor: Evaluating on valid
2025-07-09 14:01:01 INFO     Data : 2077
2025-07-09 14:01:01 INFO     Hit1 : 0.010592
2025-07-09 14:01:01 INFO     Hit3 : 0.025036
2025-07-09 14:01:01 INFO     Hit10: 0.046702
2025-07-09 14:01:01 INFO     MR   : 1480.435243
2025-07-09 14:01:01 INFO     MRR  : 0.025936
2025-07-09 14:01:01 INFO     >>>>> Predictor: Evaluating on test
2025-07-09 14:01:32 INFO     Data : 2342
2025-07-09 14:01:32 INFO     Hit1 : 0.008967
2025-07-09 14:01:32 INFO     Hit3 : 0.020495
2025-07-09 14:01:32 INFO     Hit10: 0.041418
2025-07-09 14:01:32 INFO     MR   : 1366.691716
2025-07-09 14:01:32 INFO     MRR  : 0.023178
2025-07-09 14:01:32 INFO     >>>>> Predictor: Computing H scores of rules
2025-07-09 14:07:20 INFO     1000 5959
2025-07-09 14:13:22 INFO     2000 5959
2025-07-09 14:19:26 INFO     3000 5959
2025-07-09 14:25:36 INFO     4000 5959
2025-07-09 14:31:57 INFO     5000 5959
2025-07-09 14:37:48 INFO     >>>>> Generator: Training
2025-07-09 14:38:01 INFO     -------------------------
2025-07-09 14:38:01 INFO     | EM Iteration: 5/5
2025-07-09 14:38:01 INFO     -------------------------
2025-07-09 14:38:01 INFO     >>>>> Using Generator's sample rule
2025-07-09 14:38:01 INFO     >>>>> Generator: Rule generation with sampling
2025-07-09 14:38:02 INFO     Predictor: read 1954 rules from list.
2025-07-09 14:38:02 INFO     Preprocess training set
2025-07-09 14:38:02 INFO     >>>>> Predictor: Training
2025-07-09 14:40:49 INFO     1000 5959 8.823308 69332.0
2025-07-09 14:43:37 INFO     2000 5959 8.494090 69349.3
2025-07-09 14:46:24 INFO     3000 5959 8.288943 69340.6
2025-07-09 14:49:14 INFO     4000 5959 8.136858 69297.3
2025-07-09 14:52:01 INFO     5000 5959 8.034986 69219.2
2025-07-09 14:54:45 INFO     >>>>> Predictor: Evaluating on valid
2025-07-09 14:55:20 INFO     Data : 2077
2025-07-09 14:55:20 INFO     Hit1 : 0.024073
2025-07-09 14:55:20 INFO     Hit3 : 0.051035
2025-07-09 14:55:20 INFO     Hit10: 0.077997
2025-07-09 14:55:20 INFO     MR   : 1449.804526
2025-07-09 14:55:20 INFO     MRR  : 0.046191
2025-07-09 14:55:20 INFO     >>>>> Predictor: Evaluating on test
2025-07-09 14:55:51 INFO     Data : 2342
2025-07-09 14:55:51 INFO     Hit1 : 0.029035
2025-07-09 14:55:51 INFO     Hit3 : 0.052092
2025-07-09 14:55:51 INFO     Hit10: 0.077711
2025-07-09 14:55:51 INFO     MR   : 1350.263023
2025-07-09 14:55:51 INFO     MRR  : 0.049494
2025-07-09 14:55:51 INFO     >>>>> Predictor: Computing H scores of rules
2025-07-09 15:02:08 INFO     1000 5959
2025-07-09 15:08:25 INFO     2000 5959
2025-07-09 15:14:37 INFO     3000 5959
2025-07-09 15:20:50 INFO     4000 5959
2025-07-09 15:26:57 INFO     5000 5959
2025-07-09 15:32:50 INFO     >>>>> Generator: Training
2025-07-09 15:33:03 INFO     -------------------------
2025-07-09 15:33:03 INFO     | Post-train Generator
2025-07-09 15:33:03 INFO     -------------------------
2025-07-09 15:33:05 INFO     >>>>> Generator: Training
2025-07-09 15:35:19 INFO     [E01000] Total 2.969022 | Main 2.887865 | RelClus 1.704564 | EntType 2.848607
2025-07-09 15:35:19 INFO     -------------------------
2025-07-09 15:35:19 INFO     | Beam Search Best Rules
2025-07-09 15:35:19 INFO     -------------------------
2025-07-09 15:35:19 INFO     >>>>> Generator: Rule generation with beam search
2025-07-09 15:35:21 INFO     >>>>> Generator: Rule generation with beam search
2025-07-09 15:35:31 INFO     >>>>> Generator: Rule generation with beam search
2025-07-09 15:37:28 INFO     >>>>> Generator: Rule generation with beam search
2025-07-09 15:39:02 INFO     >>>>> Generator: Rule generation with beam search
2025-07-09 15:40:07 INFO     -------------------------
2025-07-09 15:40:07 INFO     | Train Final Predictor+
2025-07-09 15:40:07 INFO     -------------------------
2025-07-09 15:40:07 INFO     Predictor+: read 18420 rules from list.
2025-07-09 15:40:08 INFO     Preprocess training set
2025-07-09 15:40:08 INFO     -------------------------
2025-07-09 15:40:08 INFO     | Iteration: 1/5
2025-07-09 15:40:08 INFO     -------------------------
2025-07-09 15:40:08 INFO     >>>>> Predictor: Training
2025-07-09 15:51:25 INFO     1000 5959 4.896705 69271.3
2025-07-09 16:02:35 INFO     2000 5959 4.724989 69332.0
2025-07-09 16:13:18 INFO     3000 5959 4.706744 69375.3
2025-07-09 16:24:00 INFO     4000 5959 4.710035 69279.9
2025-07-09 16:35:09 INFO     5000 5959 4.679425 69349.3
2025-07-09 16:45:41 INFO     >>>>> Predictor: Evaluating on valid
2025-07-09 16:48:15 INFO     Data : 2077
2025-07-09 16:48:15 INFO     Hit1 : 0.100144
2025-07-09 16:48:15 INFO     Hit3 : 0.179586
2025-07-09 16:48:15 INFO     Hit10: 0.309100
2025-07-09 16:48:15 INFO     MR   : 983.185845
2025-07-09 16:48:15 INFO     MRR  : 0.166816
2025-07-09 16:48:15 INFO     >>>>> Predictor: Evaluating on test
2025-07-09 16:51:14 INFO     Data : 2342
2025-07-09 16:51:14 INFO     Hit1 : 0.125534
2025-07-09 16:51:14 INFO     Hit3 : 0.204526
2025-07-09 16:51:14 INFO     Hit10: 0.312126
2025-07-09 16:51:14 INFO     MR   : 919.104825
2025-07-09 16:51:14 INFO     MRR  : 0.188349
2025-07-09 16:51:14 INFO     Save checkpoint to results/semmeddb/10_times_each/cluster_k/3_20250709_062017/predictor.pt
2025-07-09 16:51:14 INFO     -------------------------
2025-07-09 16:51:14 INFO     | Iteration: 2/5
2025-07-09 16:51:14 INFO     -------------------------
2025-07-09 16:51:14 INFO     >>>>> Predictor: Training
2025-07-09 17:02:09 INFO     1000 5959 4.601123 69366.7
2025-07-09 17:13:07 INFO     2000 5959 4.649868 69375.3
2025-07-09 17:23:57 INFO     3000 5959 4.639311 69219.2
2025-07-09 17:34:46 INFO     4000 5959 4.651625 69305.9
2025-07-09 17:45:42 INFO     5000 5959 4.616688 69288.6
2025-07-09 17:56:15 INFO     >>>>> Predictor: Evaluating on valid
2025-07-09 17:58:55 INFO     Data : 2077
2025-07-09 17:58:55 INFO     Hit1 : 0.098219
2025-07-09 17:58:55 INFO     Hit3 : 0.182956
2025-07-09 17:58:55 INFO     Hit10: 0.317766
2025-07-09 17:58:55 INFO     MR   : 950.335339
2025-07-09 17:58:55 INFO     MRR  : 0.167314
2025-07-09 17:58:55 INFO     >>>>> Predictor: Evaluating on test
2025-07-09 18:01:43 INFO     Data : 2342
2025-07-09 18:01:43 INFO     Hit1 : 0.130231
2025-07-09 18:01:43 INFO     Hit3 : 0.209223
2025-07-09 18:01:43 INFO     Hit10: 0.320239
2025-07-09 18:01:43 INFO     MR   : 881.877669
2025-07-09 18:01:43 INFO     MRR  : 0.192513
2025-07-09 18:01:43 INFO     Save checkpoint to results/semmeddb/10_times_each/cluster_k/3_20250709_062017/predictor.pt
2025-07-09 18:01:43 INFO     -------------------------
2025-07-09 18:01:43 INFO     | Iteration: 3/5
2025-07-09 18:01:43 INFO     -------------------------
2025-07-09 18:01:43 INFO     >>>>> Predictor: Training
2025-07-09 18:12:31 INFO     1000 5959 4.616160 69288.6
2025-07-09 18:23:21 INFO     2000 5959 4.617621 69288.6
2025-07-09 18:34:09 INFO     3000 5959 4.605798 69340.6
2025-07-09 18:45:04 INFO     4000 5959 4.614074 69271.3
2025-07-09 18:55:46 INFO     5000 5959 4.637333 69219.2
2025-07-09 19:06:11 INFO     >>>>> Predictor: Evaluating on valid
2025-07-09 19:08:44 INFO     Data : 2077
2025-07-09 19:08:44 INFO     Hit1 : 0.091960
2025-07-09 19:08:44 INFO     Hit3 : 0.174771
2025-07-09 19:08:44 INFO     Hit10: 0.298507
2025-07-09 19:08:44 INFO     MR   : 938.471594
2025-07-09 19:08:44 INFO     MRR  : 0.160170
2025-07-09 19:08:44 INFO     >>>>> Predictor: Evaluating on test
2025-07-09 19:11:43 INFO     Data : 2342
2025-07-09 19:11:43 INFO     Hit1 : 0.116994
2025-07-09 19:11:43 INFO     Hit3 : 0.202818
2025-07-09 19:11:43 INFO     Hit10: 0.312553
2025-07-09 19:11:43 INFO     MR   : 864.230572
2025-07-09 19:11:43 INFO     MRR  : 0.181629
2025-07-09 19:11:43 INFO     -------------------------
2025-07-09 19:11:43 INFO     | Iteration: 4/5
2025-07-09 19:11:43 INFO     -------------------------
2025-07-09 19:11:43 INFO     >>>>> Predictor: Training
2025-07-09 19:22:46 INFO     1000 5959 4.593332 69340.6
2025-07-09 19:33:37 INFO     2000 5959 4.562072 69184.5
2025-07-09 19:44:38 INFO     3000 5959 4.623866 69253.9
2025-07-09 19:55:36 INFO     4000 5959 4.599800 69340.6
2025-07-09 20:06:38 INFO     5000 5959 4.597039 69384.0
2025-07-09 20:17:06 INFO     >>>>> Predictor: Evaluating on valid
2025-07-09 20:19:36 INFO     Data : 2077
2025-07-09 20:19:36 INFO     Hit1 : 0.099663
2025-07-09 20:19:36 INFO     Hit3 : 0.185364
2025-07-09 20:19:36 INFO     Hit10: 0.310544
2025-07-09 20:19:36 INFO     MR   : 930.363024
2025-07-09 20:19:36 INFO     MRR  : 0.167453
2025-07-09 20:19:36 INFO     >>>>> Predictor: Evaluating on test
2025-07-09 20:22:32 INFO     Data : 2342
2025-07-09 20:22:32 INFO     Hit1 : 0.128950
2025-07-09 20:22:32 INFO     Hit3 : 0.212212
2025-07-09 20:22:32 INFO     Hit10: 0.320666
2025-07-09 20:22:32 INFO     MR   : 859.151580
2025-07-09 20:22:32 INFO     MRR  : 0.192401
2025-07-09 20:22:32 INFO     Save checkpoint to results/semmeddb/10_times_each/cluster_k/3_20250709_062017/predictor.pt
2025-07-09 20:22:32 INFO     -------------------------
2025-07-09 20:22:32 INFO     | Iteration: 5/5
2025-07-09 20:22:32 INFO     -------------------------
2025-07-09 20:22:32 INFO     >>>>> Predictor: Training
2025-07-09 20:33:24 INFO     1000 5959 4.602968 69323.3
2025-07-09 20:44:26 INFO     2000 5959 4.583256 69332.0
2025-07-09 20:55:24 INFO     3000 5959 4.612529 69219.2
2025-07-09 21:06:31 INFO     4000 5959 4.609467 69297.3
2025-07-09 21:17:32 INFO     5000 5959 4.574586 69332.0
2025-07-09 21:27:48 INFO     >>>>> Predictor: Evaluating on valid
2025-07-09 21:30:27 INFO     Data : 2077
2025-07-09 21:30:27 INFO     Hit1 : 0.095330
2025-07-09 21:30:27 INFO     Hit3 : 0.179104
2025-07-09 21:30:27 INFO     Hit10: 0.312470
2025-07-09 21:30:27 INFO     MR   : 921.486519
2025-07-09 21:30:27 INFO     MRR  : 0.163903
2025-07-09 21:30:27 INFO     >>>>> Predictor: Evaluating on test
2025-07-09 21:33:18 INFO     Data : 2342
2025-07-09 21:33:18 INFO     Hit1 : 0.130231
2025-07-09 21:33:18 INFO     Hit3 : 0.207942
2025-07-09 21:33:18 INFO     Hit10: 0.320239
2025-07-09 21:33:18 INFO     MR   : 851.329419
2025-07-09 21:33:18 INFO     MRR  : 0.191953
2025-07-09 21:33:18 INFO     -------------------------
2025-07-09 21:33:18 INFO     | Final Test MRR: 0.192401
2025-07-09 21:33:18 INFO     -------------------------
