2025-07-21 14:56:55 INFO     is_soft_label: False
2025-07-21 14:56:55 INFO     is_scheduled_sampling: False
2025-07-21 14:56:55 INFO     is_test_mode: False
2025-07-21 14:56:55 INFO     Data loading | DONE!
2025-07-21 14:56:55 INFO     Using full datasets for training, validation, and testing.
2025-07-21 14:56:55 INFO     -------------------------
2025-07-21 14:56:55 INFO     | EM Iteration: 1/5
2025-07-21 14:56:55 INFO     -------------------------
2025-07-21 14:56:55 INFO     >>>>> Using miner's rule
2025-07-21 14:56:55 INFO     Predictor: read 13661 rules from list.
2025-07-21 14:56:56 INFO     Preprocess training set
2025-07-21 14:56:56 INFO     >>>>> Predictor: Evaluating on valid
2025-07-21 14:59:10 INFO     Data : 2077
2025-07-21 14:59:10 INFO     Hit1 : 0.065479
2025-07-21 14:59:10 INFO     Hit3 : 0.127106
2025-07-21 14:59:10 INFO     Hit10: 0.199326
2025-07-21 14:59:10 INFO     MR   : 1120.902022
2025-07-21 14:59:10 INFO     MRR  : 0.114382
2025-07-21 14:59:10 INFO     >>>>> Predictor: Evaluating on test
2025-07-21 15:01:41 INFO     Data : 2342
2025-07-21 15:01:41 INFO     Hit1 : 0.078992
2025-07-21 15:01:41 INFO     Hit3 : 0.124253
2025-07-21 15:01:41 INFO     Hit10: 0.208796
2025-07-21 15:01:41 INFO     MR   : 1044.269001
2025-07-21 15:01:41 INFO     MRR  : 0.122250
2025-07-21 15:01:41 INFO     >>>>> Predictor: Computing H scores of rules
2025-07-21 15:35:01 INFO     1000 5959
2025-07-21 16:08:57 INFO     2000 5959
2025-07-21 16:42:25 INFO     3000 5959
2025-07-21 17:16:07 INFO     4000 5959
2025-07-21 17:49:34 INFO     5000 5959
2025-07-21 18:23:41 INFO     >>>>> Generator: Training
2025-07-21 18:23:47 INFO     -------------------------
2025-07-21 18:23:47 INFO     | EM Iteration: 2/5
2025-07-21 18:23:47 INFO     -------------------------
2025-07-21 18:23:47 INFO     >>>>> Using Generator's sample rule
2025-07-21 18:23:47 INFO     >>>>> Generator: Rule generation with sampling
2025-07-21 18:23:47 INFO     Predictor: read 1904 rules from list.
2025-07-21 18:23:47 INFO     Preprocess training set
2025-07-21 18:23:47 INFO     >>>>> Predictor: Training
2025-07-21 18:24:48 INFO     1000 5959 8.782312 69314.6
2025-07-21 18:25:49 INFO     2000 5959 8.410004 69271.3
2025-07-21 18:26:50 INFO     3000 5959 8.219053 69245.2
2025-07-21 18:27:51 INFO     4000 5959 8.065449 69340.6
2025-07-21 18:28:51 INFO     5000 5959 7.940880 69340.6
2025-07-21 18:29:49 INFO     >>>>> Predictor: Evaluating on valid
2025-07-21 18:30:00 INFO     Data : 2077
2025-07-21 18:30:00 INFO     Hit1 : 0.025036
2025-07-21 18:30:00 INFO     Hit3 : 0.040924
2025-07-21 18:30:00 INFO     Hit10: 0.064035
2025-07-21 18:30:00 INFO     MR   : 1407.828117
2025-07-21 18:30:00 INFO     MRR  : 0.041154
2025-07-21 18:30:00 INFO     >>>>> Predictor: Evaluating on test
2025-07-21 18:30:12 INFO     Data : 2342
2025-07-21 18:30:12 INFO     Hit1 : 0.019641
2025-07-21 18:30:12 INFO     Hit3 : 0.030743
2025-07-21 18:30:12 INFO     Hit10: 0.056362
2025-07-21 18:30:12 INFO     MR   : 1317.205807
2025-07-21 18:30:12 INFO     MRR  : 0.034766
2025-07-21 18:30:12 INFO     >>>>> Predictor: Computing H scores of rules
2025-07-21 18:32:51 INFO     1000 5959
2025-07-21 18:35:33 INFO     2000 5959
2025-07-21 18:38:12 INFO     3000 5959
2025-07-21 18:40:53 INFO     4000 5959
2025-07-21 18:43:33 INFO     5000 5959
2025-07-21 18:46:10 INFO     >>>>> Generator: Training
2025-07-21 18:46:16 INFO     -------------------------
2025-07-21 18:46:16 INFO     | EM Iteration: 3/5
2025-07-21 18:46:16 INFO     -------------------------
2025-07-21 18:46:16 INFO     >>>>> Using Generator's sample rule
2025-07-21 18:46:16 INFO     >>>>> Generator: Rule generation with sampling
2025-07-21 18:46:16 INFO     Predictor: read 1877 rules from list.
2025-07-21 18:46:16 INFO     Preprocess training set
2025-07-21 18:46:16 INFO     >>>>> Predictor: Training
2025-07-21 18:47:16 INFO     1000 5959 8.809976 69332.0
2025-07-21 18:48:17 INFO     2000 5959 8.469537 69349.3
2025-07-21 18:49:17 INFO     3000 5959 8.254404 69184.5
2025-07-21 18:50:16 INFO     4000 5959 8.080450 69253.9
2025-07-21 18:51:16 INFO     5000 5959 7.983767 69332.0
2025-07-21 18:52:13 INFO     >>>>> Predictor: Evaluating on valid
2025-07-21 18:52:24 INFO     Data : 2077
2025-07-21 18:52:24 INFO     Hit1 : 0.010592
2025-07-21 18:52:24 INFO     Hit3 : 0.025999
2025-07-21 18:52:24 INFO     Hit10: 0.051035
2025-07-21 18:52:24 INFO     MR   : 1450.381801
2025-07-21 18:52:24 INFO     MRR  : 0.026797
2025-07-21 18:52:24 INFO     >>>>> Predictor: Evaluating on test
2025-07-21 18:52:36 INFO     Data : 2342
2025-07-21 18:52:36 INFO     Hit1 : 0.014091
2025-07-21 18:52:36 INFO     Hit3 : 0.024765
2025-07-21 18:52:36 INFO     Hit10: 0.047395
2025-07-21 18:52:36 INFO     MR   : 1340.377455
2025-07-21 18:52:36 INFO     MRR  : 0.028016
2025-07-21 18:52:36 INFO     >>>>> Predictor: Computing H scores of rules
2025-07-21 18:55:15 INFO     1000 5959
2025-07-21 18:57:53 INFO     2000 5959
2025-07-21 19:00:30 INFO     3000 5959
2025-07-21 19:03:07 INFO     4000 5959
2025-07-21 19:05:44 INFO     5000 5959
2025-07-21 19:08:16 INFO     >>>>> Generator: Training
2025-07-21 19:08:22 INFO     -------------------------
2025-07-21 19:08:22 INFO     | EM Iteration: 4/5
2025-07-21 19:08:22 INFO     -------------------------
2025-07-21 19:08:22 INFO     >>>>> Using Generator's sample rule
2025-07-21 19:08:22 INFO     >>>>> Generator: Rule generation with sampling
2025-07-21 19:08:22 INFO     Predictor: read 1847 rules from list.
2025-07-21 19:08:22 INFO     Preprocess training set
2025-07-21 19:08:22 INFO     >>>>> Predictor: Training
2025-07-21 19:09:22 INFO     1000 5959 8.791110 69271.3
2025-07-21 19:10:20 INFO     2000 5959 8.404539 69340.6
2025-07-21 19:11:20 INFO     3000 5959 8.137731 69384.0
2025-07-21 19:12:19 INFO     4000 5959 7.963986 69262.6
2025-07-21 19:13:19 INFO     5000 5959 7.819836 69332.0
2025-07-21 19:14:16 INFO     >>>>> Predictor: Evaluating on valid
2025-07-21 19:14:27 INFO     Data : 2077
2025-07-21 19:14:27 INFO     Hit1 : 0.006259
2025-07-21 19:14:27 INFO     Hit3 : 0.018296
2025-07-21 19:14:27 INFO     Hit10: 0.036110
2025-07-21 19:14:27 INFO     MR   : 1486.285749
2025-07-21 19:14:27 INFO     MRR  : 0.019680
2025-07-21 19:14:27 INFO     >>>>> Predictor: Evaluating on test
2025-07-21 19:14:39 INFO     Data : 2342
2025-07-21 19:14:39 INFO     Hit1 : 0.008540
2025-07-21 19:14:39 INFO     Hit3 : 0.018787
2025-07-21 19:14:39 INFO     Hit10: 0.035440
2025-07-21 19:14:39 INFO     MR   : 1371.789710
2025-07-21 19:14:39 INFO     MRR  : 0.020680
2025-07-21 19:14:39 INFO     >>>>> Predictor: Computing H scores of rules
2025-07-21 19:17:16 INFO     1000 5959
2025-07-21 19:19:55 INFO     2000 5959
2025-07-21 19:22:31 INFO     3000 5959
2025-07-21 19:25:08 INFO     4000 5959
2025-07-21 19:27:43 INFO     5000 5959
2025-07-21 19:30:17 INFO     >>>>> Generator: Training
2025-07-21 19:30:22 INFO     -------------------------
2025-07-21 19:30:22 INFO     | EM Iteration: 5/5
2025-07-21 19:30:22 INFO     -------------------------
2025-07-21 19:30:22 INFO     >>>>> Using Generator's sample rule
2025-07-21 19:30:22 INFO     >>>>> Generator: Rule generation with sampling
2025-07-21 19:30:22 INFO     Predictor: read 1676 rules from list.
2025-07-21 19:30:22 INFO     Preprocess training set
2025-07-21 19:30:22 INFO     >>>>> Predictor: Training
2025-07-21 19:31:15 INFO     1000 5959 8.805924 69332.0
2025-07-21 19:32:07 INFO     2000 5959 8.434382 69349.3
2025-07-21 19:32:58 INFO     3000 5959 8.182272 69340.6
2025-07-21 19:33:49 INFO     4000 5959 8.012417 69297.3
2025-07-21 19:34:40 INFO     5000 5959 7.830053 69219.2
2025-07-21 19:35:30 INFO     >>>>> Predictor: Evaluating on valid
2025-07-21 19:35:39 INFO     Data : 2077
2025-07-21 19:35:39 INFO     Hit1 : 0.029851
2025-07-21 19:35:39 INFO     Hit3 : 0.053924
2025-07-21 19:35:39 INFO     Hit10: 0.076071
2025-07-21 19:35:39 INFO     MR   : 1451.129995
2025-07-21 19:35:39 INFO     MRR  : 0.049605
2025-07-21 19:35:39 INFO     >>>>> Predictor: Evaluating on test
2025-07-21 19:35:50 INFO     Data : 2342
2025-07-21 19:35:50 INFO     Hit1 : 0.028608
2025-07-21 19:35:50 INFO     Hit3 : 0.046541
2025-07-21 19:35:50 INFO     Hit10: 0.084116
2025-07-21 19:35:50 INFO     MR   : 1334.989112
2025-07-21 19:35:50 INFO     MRR  : 0.048452
2025-07-21 19:35:50 INFO     >>>>> Predictor: Computing H scores of rules
2025-07-21 19:38:12 INFO     1000 5959
2025-07-21 19:40:33 INFO     2000 5959
2025-07-21 19:42:55 INFO     3000 5959
2025-07-21 19:45:17 INFO     4000 5959
2025-07-21 19:47:38 INFO     5000 5959
2025-07-21 19:49:58 INFO     >>>>> Generator: Training
2025-07-21 19:50:03 INFO     -------------------------
2025-07-21 19:50:03 INFO     | Post-train Generator
2025-07-21 19:50:03 INFO     -------------------------
2025-07-21 19:50:05 INFO     >>>>> Generator: Training
2025-07-21 19:51:03 INFO     [E01000] Total 2.432650 | Main 2.559255 | RelClus 1.497829 | EntType 2.354638
2025-07-21 19:51:03 INFO     -------------------------
2025-07-21 19:51:03 INFO     | Beam Search Best Rules
2025-07-21 19:51:03 INFO     -------------------------
2025-07-21 19:51:03 INFO     >>>>> Generator: Rule generation with beam search
2025-07-21 19:51:03 INFO     >>>>> Generator: Rule generation with beam search
2025-07-21 19:51:09 INFO     >>>>> Generator: Rule generation with beam search
2025-07-21 19:52:23 INFO     >>>>> Generator: Rule generation with beam search
2025-07-21 19:53:23 INFO     >>>>> Generator: Rule generation with beam search
2025-07-21 19:54:05 INFO     -------------------------
2025-07-21 19:54:05 INFO     | Train Final Predictor+
2025-07-21 19:54:05 INFO     -------------------------
2025-07-21 19:54:05 INFO     Predictor+: read 18420 rules from list.
2025-07-21 19:54:05 INFO     Preprocess training set
2025-07-21 19:54:05 INFO     -------------------------
2025-07-21 19:54:05 INFO     | Iteration: 1/5
2025-07-21 19:54:05 INFO     -------------------------
2025-07-21 19:54:05 INFO     >>>>> Predictor: Training
2025-07-21 19:59:18 INFO     1000 5959 4.989641 69271.3
2025-07-21 20:04:29 INFO     2000 5959 4.754353 69332.0
2025-07-21 20:09:37 INFO     3000 5959 4.740247 69375.3
2025-07-21 20:14:46 INFO     4000 5959 4.737782 69279.9
2025-07-21 20:19:55 INFO     5000 5959 4.706979 69349.3
2025-07-21 20:24:50 INFO     >>>>> Predictor: Evaluating on valid
2025-07-21 20:26:04 INFO     Data : 2077
2025-07-21 20:26:04 INFO     Hit1 : 0.094367
2025-07-21 20:26:04 INFO     Hit3 : 0.185845
2025-07-21 20:26:04 INFO     Hit10: 0.308618
2025-07-21 20:26:04 INFO     MR   : 991.471594
2025-07-21 20:26:04 INFO     MRR  : 0.164441
2025-07-21 20:26:04 INFO     >>>>> Predictor: Evaluating on test
2025-07-21 20:27:28 INFO     Data : 2342
2025-07-21 20:27:28 INFO     Hit1 : 0.115713
2025-07-21 20:27:28 INFO     Hit3 : 0.202391
2025-07-21 20:27:28 INFO     Hit10: 0.315969
2025-07-21 20:27:28 INFO     MR   : 924.188941
2025-07-21 20:27:28 INFO     MRR  : 0.182795
2025-07-21 20:27:28 INFO     Save checkpoint to results/semmeddb/10_times_each/fixed/622/10_20250721_145653/predictor.pt
2025-07-21 20:27:28 INFO     -------------------------
2025-07-21 20:27:28 INFO     | Iteration: 2/5
2025-07-21 20:27:28 INFO     -------------------------
2025-07-21 20:27:28 INFO     >>>>> Predictor: Training
2025-07-21 20:32:37 INFO     1000 5959 4.637209 69366.7
2025-07-21 20:37:46 INFO     2000 5959 4.676109 69375.3
2025-07-21 20:42:56 INFO     3000 5959 4.663535 69219.2
2025-07-21 20:48:07 INFO     4000 5959 4.670976 69305.9
2025-07-21 20:53:17 INFO     5000 5959 4.660796 69288.6
2025-07-21 20:58:15 INFO     >>>>> Predictor: Evaluating on valid
2025-07-21 20:59:30 INFO     Data : 2077
2025-07-21 20:59:30 INFO     Hit1 : 0.096293
2025-07-21 20:59:30 INFO     Hit3 : 0.192585
2025-07-21 20:59:30 INFO     Hit10: 0.321136
2025-07-21 20:59:30 INFO     MR   : 955.941743
2025-07-21 20:59:30 INFO     MRR  : 0.167732
2025-07-21 20:59:30 INFO     >>>>> Predictor: Evaluating on test
2025-07-21 21:00:54 INFO     Data : 2342
2025-07-21 21:00:54 INFO     Hit1 : 0.128523
2025-07-21 21:00:54 INFO     Hit3 : 0.212639
2025-07-21 21:00:54 INFO     Hit10: 0.321520
2025-07-21 21:00:54 INFO     MR   : 892.027541
2025-07-21 21:00:54 INFO     MRR  : 0.191853
2025-07-21 21:00:54 INFO     Save checkpoint to results/semmeddb/10_times_each/fixed/622/10_20250721_145653/predictor.pt
2025-07-21 21:00:54 INFO     -------------------------
2025-07-21 21:00:54 INFO     | Iteration: 3/5
2025-07-21 21:00:54 INFO     -------------------------
2025-07-21 21:00:54 INFO     >>>>> Predictor: Training
2025-07-21 21:06:06 INFO     1000 5959 4.643599 69288.6
2025-07-21 21:11:13 INFO     2000 5959 4.646538 69288.6
2025-07-21 21:16:24 INFO     3000 5959 4.639797 69340.6
2025-07-21 21:21:32 INFO     4000 5959 4.635085 69271.3
2025-07-21 21:26:43 INFO     5000 5959 4.669643 69219.2
2025-07-21 21:31:40 INFO     >>>>> Predictor: Evaluating on valid
2025-07-21 21:32:54 INFO     Data : 2077
2025-07-21 21:32:54 INFO     Hit1 : 0.088108
2025-07-21 21:32:54 INFO     Hit3 : 0.179104
2025-07-21 21:32:54 INFO     Hit10: 0.300433
2025-07-21 21:32:54 INFO     MR   : 946.845932
2025-07-21 21:32:54 INFO     MRR  : 0.159249
2025-07-21 21:32:54 INFO     >>>>> Predictor: Evaluating on test
2025-07-21 21:34:17 INFO     Data : 2342
2025-07-21 21:34:17 INFO     Hit1 : 0.113578
2025-07-21 21:34:17 INFO     Hit3 : 0.196840
2025-07-21 21:34:17 INFO     Hit10: 0.316823
2025-07-21 21:34:17 INFO     MR   : 880.355252
2025-07-21 21:34:17 INFO     MRR  : 0.178343
2025-07-21 21:34:17 INFO     -------------------------
2025-07-21 21:34:17 INFO     | Iteration: 4/5
2025-07-21 21:34:17 INFO     -------------------------
2025-07-21 21:34:17 INFO     >>>>> Predictor: Training
2025-07-21 21:39:29 INFO     1000 5959 4.614185 69340.6
2025-07-21 21:44:39 INFO     2000 5959 4.590815 69184.5
2025-07-21 21:49:49 INFO     3000 5959 4.659283 69253.9
2025-07-21 21:55:01 INFO     4000 5959 4.625882 69340.6
2025-07-21 22:00:08 INFO     5000 5959 4.628392 69384.0
2025-07-21 22:05:03 INFO     >>>>> Predictor: Evaluating on valid
2025-07-21 22:06:18 INFO     Data : 2077
2025-07-21 22:06:18 INFO     Hit1 : 0.091478
2025-07-21 22:06:18 INFO     Hit3 : 0.181030
2025-07-21 22:06:18 INFO     Hit10: 0.305248
2025-07-21 22:06:18 INFO     MR   : 937.762638
2025-07-21 22:06:18 INFO     MRR  : 0.161456
2025-07-21 22:06:18 INFO     >>>>> Predictor: Evaluating on test
2025-07-21 22:07:42 INFO     Data : 2342
2025-07-21 22:07:42 INFO     Hit1 : 0.121264
2025-07-21 22:07:42 INFO     Hit3 : 0.205380
2025-07-21 22:07:42 INFO     Hit10: 0.318958
2025-07-21 22:07:42 INFO     MR   : 870.697054
2025-07-21 22:07:42 INFO     MRR  : 0.186571
2025-07-21 22:07:42 INFO     -------------------------
2025-07-21 22:07:42 INFO     | Iteration: 5/5
2025-07-21 22:07:42 INFO     -------------------------
2025-07-21 22:07:42 INFO     >>>>> Predictor: Training
2025-07-21 22:12:54 INFO     1000 5959 4.620702 69323.3
2025-07-21 22:18:03 INFO     2000 5959 4.605791 69332.0
2025-07-21 22:23:17 INFO     3000 5959 4.648295 69219.2
2025-07-21 22:28:27 INFO     4000 5959 4.635642 69297.3
2025-07-21 22:33:36 INFO     5000 5959 4.606391 69332.0
2025-07-21 22:38:32 INFO     >>>>> Predictor: Evaluating on valid
2025-07-21 22:39:45 INFO     Data : 2077
2025-07-21 22:39:45 INFO     Hit1 : 0.088589
2025-07-21 22:39:45 INFO     Hit3 : 0.180549
2025-07-21 22:39:45 INFO     Hit10: 0.310544
2025-07-21 22:39:45 INFO     MR   : 928.341117
2025-07-21 22:39:45 INFO     MRR  : 0.161684
2025-07-21 22:39:45 INFO     >>>>> Predictor: Evaluating on test
2025-07-21 22:41:09 INFO     Data : 2342
2025-07-21 22:41:09 INFO     Hit1 : 0.125534
2025-07-21 22:41:09 INFO     Hit3 : 0.204099
2025-07-21 22:41:09 INFO     Hit10: 0.315969
2025-07-21 22:41:09 INFO     MR   : 867.620410
2025-07-21 22:41:09 INFO     MRR  : 0.188511
2025-07-21 22:41:09 INFO     -------------------------
2025-07-21 22:41:09 INFO     | Final Test MRR: 0.191853
2025-07-21 22:41:09 INFO     -------------------------
