2025-07-16 22:36:40 INFO     Using full datasets for training, validation, and testing.
2025-07-16 22:36:40 INFO     -------------------------
2025-07-16 22:36:40 INFO     | Pre-train Generator
2025-07-16 22:36:40 INFO     -------------------------
2025-07-16 22:36:40 INFO     >>>>> Generator: Training
2025-07-16 22:36:45 INFO     1000 10000 1.640829
2025-07-16 22:36:51 INFO     2000 10000 1.555844
2025-07-16 22:37:01 INFO     3000 10000 1.544617
2025-07-16 22:37:11 INFO     4000 10000 1.539628
2025-07-16 22:37:21 INFO     5000 10000 1.541232
2025-07-16 22:37:32 INFO     6000 10000 1.537140
2025-07-16 22:37:42 INFO     7000 10000 1.535005
2025-07-16 22:37:52 INFO     8000 10000 1.534639
2025-07-16 22:38:02 INFO     9000 10000 1.533593
2025-07-16 22:38:12 INFO     10000 10000 1.531518
2025-07-16 22:38:12 INFO     -------------------------
2025-07-16 22:38:12 INFO     | EM Iteration: 1/5
2025-07-16 22:38:12 INFO     -------------------------
2025-07-16 22:38:12 INFO     >>>>> Generator: Rule generation with sampling
2025-07-16 22:38:12 INFO     Sampled rules len: 1273
2025-07-16 22:38:12 INFO     Predictor: read 1273 rules from list.
2025-07-16 22:38:12 INFO     Preprocess training set
2025-07-16 22:38:12 INFO     >>>>> Predictor: Training
2025-07-16 22:39:01 INFO     1000 12313 8.229463 69358.0
2025-07-16 22:39:50 INFO     2000 12313 7.790632 69332.0
2025-07-16 22:40:38 INFO     3000 12313 7.568753 69384.0
2025-07-16 22:41:26 INFO     4000 12313 7.456649 69279.9
2025-07-16 22:42:15 INFO     5000 12313 7.343764 69332.0
2025-07-16 22:43:04 INFO     6000 12313 7.263716 69384.0
2025-07-16 22:43:52 INFO     7000 12313 7.183213 69297.3
2025-07-16 22:44:41 INFO     8000 12313 7.172456 69323.3
2025-07-16 22:45:30 INFO     9000 12313 7.101312 69358.0
2025-07-16 22:46:18 INFO     10000 12313 7.091323 69332.0
2025-07-16 22:47:07 INFO     11000 12313 7.051391 69366.7
2025-07-16 22:47:56 INFO     12000 12313 7.024152 69279.9
2025-07-16 22:48:11 INFO     >>>>> Predictor: Evaluating on valid
2025-07-16 22:48:30 INFO     Data : 3823
2025-07-16 22:48:30 INFO     Hit1 : 0.027465
2025-07-16 22:48:30 INFO     Hit3 : 0.052577
2025-07-16 22:48:30 INFO     Hit10: 0.101229
2025-07-16 22:48:30 INFO     MR   : 1195.106330
2025-07-16 22:48:30 INFO     MRR  : 0.053602
2025-07-16 22:48:30 INFO     >>>>> Predictor: Evaluating on test
2025-07-16 22:48:53 INFO     Data : 4402
2025-07-16 22:48:53 INFO     Hit1 : 0.035211
2025-07-16 22:48:53 INFO     Hit3 : 0.062699
2025-07-16 22:48:53 INFO     Hit10: 0.101772
2025-07-16 22:48:53 INFO     MR   : 1186.579396
2025-07-16 22:48:53 INFO     MRR  : 0.060466
2025-07-16 22:48:53 INFO     >>>>> Predictor: Computing H scores of rules
2025-07-16 22:49:47 INFO     1000 12313
2025-07-16 22:50:41 INFO     2000 12313
2025-07-16 22:51:34 INFO     3000 12313
2025-07-16 22:52:28 INFO     4000 12313
2025-07-16 22:53:21 INFO     5000 12313
2025-07-16 22:54:15 INFO     6000 12313
2025-07-16 22:55:09 INFO     7000 12313
2025-07-16 22:56:03 INFO     8000 12313
2025-07-16 22:56:58 INFO     9000 12313
2025-07-16 22:57:51 INFO     10000 12313
2025-07-16 22:58:44 INFO     11000 12313
2025-07-16 22:59:38 INFO     12000 12313
2025-07-16 22:59:55 INFO     >>>>> Generator: Training
2025-07-16 22:59:56 INFO     -------------------------
2025-07-16 22:59:56 INFO     | EM Iteration: 2/5
2025-07-16 22:59:56 INFO     -------------------------
2025-07-16 22:59:56 INFO     >>>>> Generator: Rule generation with sampling
2025-07-16 22:59:57 INFO     Sampled rules len: 1343
2025-07-16 22:59:57 INFO     Predictor: read 1343 rules from list.
2025-07-16 22:59:57 INFO     Preprocess training set
2025-07-16 22:59:57 INFO     >>>>> Predictor: Training
2025-07-16 23:00:48 INFO     1000 12313 8.241986 69366.7
2025-07-16 23:01:39 INFO     2000 12313 7.759912 69279.9
2025-07-16 23:02:30 INFO     3000 12313 7.582108 69253.9
2025-07-16 23:03:21 INFO     4000 12313 7.429486 69340.6
2025-07-16 23:04:12 INFO     5000 12313 7.350488 69366.7
2025-07-16 23:05:03 INFO     6000 12313 7.261388 69358.0
2025-07-16 23:05:54 INFO     7000 12313 7.222039 69366.7
2025-07-16 23:06:45 INFO     8000 12313 7.201439 69384.0
2025-07-16 23:07:36 INFO     9000 12313 7.163070 69262.6
2025-07-16 23:08:27 INFO     10000 12313 7.137437 69323.3
2025-07-16 23:09:18 INFO     11000 12313 7.108201 69366.7
2025-07-16 23:10:09 INFO     12000 12313 7.093864 69332.0
2025-07-16 23:10:26 INFO     >>>>> Predictor: Evaluating on valid
2025-07-16 23:10:44 INFO     Data : 3823
2025-07-16 23:10:44 INFO     Hit1 : 0.028250
2025-07-16 23:10:44 INFO     Hit3 : 0.060947
2025-07-16 23:10:44 INFO     Hit10: 0.122155
2025-07-16 23:10:44 INFO     MR   : 1155.158645
2025-07-16 23:10:44 INFO     MRR  : 0.059915
2025-07-16 23:10:44 INFO     >>>>> Predictor: Evaluating on test
2025-07-16 23:11:06 INFO     Data : 4402
2025-07-16 23:11:06 INFO     Hit1 : 0.037029
2025-07-16 23:11:06 INFO     Hit3 : 0.067697
2025-07-16 23:11:06 INFO     Hit10: 0.121308
2025-07-16 23:11:06 INFO     MR   : 1151.854952
2025-07-16 23:11:06 INFO     MRR  : 0.066256
2025-07-16 23:11:06 INFO     >>>>> Predictor: Computing H scores of rules
2025-07-16 23:12:03 INFO     1000 12313
2025-07-16 23:13:00 INFO     2000 12313
2025-07-16 23:13:57 INFO     3000 12313
2025-07-16 23:14:55 INFO     4000 12313
2025-07-16 23:15:52 INFO     5000 12313
2025-07-16 23:16:49 INFO     6000 12313
2025-07-16 23:17:45 INFO     7000 12313
2025-07-16 23:18:41 INFO     8000 12313
2025-07-16 23:19:38 INFO     9000 12313
2025-07-16 23:20:34 INFO     10000 12313
2025-07-16 23:21:30 INFO     11000 12313
2025-07-16 23:22:26 INFO     12000 12313
2025-07-16 23:22:44 INFO     >>>>> Generator: Training
2025-07-16 23:22:46 INFO     -------------------------
2025-07-16 23:22:46 INFO     | EM Iteration: 3/5
2025-07-16 23:22:46 INFO     -------------------------
2025-07-16 23:22:46 INFO     >>>>> Generator: Rule generation with sampling
2025-07-16 23:22:46 INFO     Sampled rules len: 1412
2025-07-16 23:22:46 INFO     Predictor: read 1412 rules from list.
2025-07-16 23:22:46 INFO     Preprocess training set
2025-07-16 23:22:46 INFO     >>>>> Predictor: Training
2025-07-16 23:23:38 INFO     1000 12313 8.186434 69384.0
2025-07-16 23:24:30 INFO     2000 12313 7.698380 69384.0
2025-07-16 23:25:22 INFO     3000 12313 7.438209 69253.9
2025-07-16 23:26:14 INFO     4000 12313 7.297554 69323.3
2025-07-16 23:27:06 INFO     5000 12313 7.178202 69384.0
2025-07-16 23:27:58 INFO     6000 12313 7.059516 69323.3
2025-07-16 23:28:50 INFO     7000 12313 6.974232 69366.7
2025-07-16 23:29:42 INFO     8000 12313 6.907799 69332.0
2025-07-16 23:30:34 INFO     9000 12313 6.803359 69384.0
2025-07-16 23:31:25 INFO     10000 12313 6.806268 69227.9
2025-07-16 23:32:18 INFO     11000 12313 6.750974 69340.6
2025-07-16 23:33:10 INFO     12000 12313 6.717755 69297.3
2025-07-16 23:33:26 INFO     >>>>> Predictor: Evaluating on valid
2025-07-16 23:33:46 INFO     Data : 3823
2025-07-16 23:33:46 INFO     Hit1 : 0.030604
2025-07-16 23:33:46 INFO     Hit3 : 0.063301
2025-07-16 23:33:46 INFO     Hit10: 0.123202
2025-07-16 23:33:46 INFO     MR   : 1145.815328
2025-07-16 23:33:46 INFO     MRR  : 0.062217
2025-07-16 23:33:46 INFO     >>>>> Predictor: Evaluating on test
2025-07-16 23:34:09 INFO     Data : 4402
2025-07-16 23:34:09 INFO     Hit1 : 0.035666
2025-07-16 23:34:09 INFO     Hit3 : 0.069514
2025-07-16 23:34:09 INFO     Hit10: 0.126533
2025-07-16 23:34:09 INFO     MR   : 1125.611427
2025-07-16 23:34:09 INFO     MRR  : 0.067341
2025-07-16 23:34:09 INFO     >>>>> Predictor: Computing H scores of rules
2025-07-16 23:35:07 INFO     1000 12313
2025-07-16 23:36:04 INFO     2000 12313
2025-07-16 23:37:01 INFO     3000 12313
2025-07-16 23:37:58 INFO     4000 12313
2025-07-16 23:38:55 INFO     5000 12313
2025-07-16 23:39:52 INFO     6000 12313
2025-07-16 23:40:50 INFO     7000 12313
2025-07-16 23:41:47 INFO     8000 12313
2025-07-16 23:42:44 INFO     9000 12313
2025-07-16 23:43:41 INFO     10000 12313
2025-07-16 23:44:38 INFO     11000 12313
2025-07-16 23:45:36 INFO     12000 12313
2025-07-16 23:45:54 INFO     >>>>> Generator: Training
2025-07-16 23:45:55 INFO     -------------------------
2025-07-16 23:45:55 INFO     | EM Iteration: 4/5
2025-07-16 23:45:55 INFO     -------------------------
2025-07-16 23:45:55 INFO     >>>>> Generator: Rule generation with sampling
2025-07-16 23:45:55 INFO     Sampled rules len: 1426
2025-07-16 23:45:55 INFO     Predictor: read 1426 rules from list.
2025-07-16 23:45:55 INFO     Preprocess training set
2025-07-16 23:45:55 INFO     >>>>> Predictor: Training
2025-07-16 23:46:47 INFO     1000 12313 8.235441 69314.6
2025-07-16 23:47:38 INFO     2000 12313 7.752048 69279.9
2025-07-16 23:48:31 INFO     3000 12313 7.502660 69366.7
2025-07-16 23:49:24 INFO     4000 12313 7.384731 69366.7
2025-07-16 23:50:18 INFO     5000 12313 7.285630 69288.6
2025-07-16 23:51:11 INFO     6000 12313 7.194170 69340.6
2025-07-16 23:52:04 INFO     7000 12313 7.106842 69384.0
2025-07-16 23:52:56 INFO     8000 12313 7.037347 69340.6
2025-07-16 23:53:48 INFO     9000 12313 7.031454 69384.0
2025-07-16 23:54:41 INFO     10000 12313 6.975618 69288.6
2025-07-16 23:55:33 INFO     11000 12313 6.936382 69262.6
2025-07-16 23:56:26 INFO     12000 12313 6.945867 69384.0
2025-07-16 23:56:43 INFO     >>>>> Predictor: Evaluating on valid
2025-07-16 23:57:05 INFO     Data : 3823
2025-07-16 23:57:05 INFO     Hit1 : 0.034789
2025-07-16 23:57:05 INFO     Hit3 : 0.073764
2025-07-16 23:57:05 INFO     Hit10: 0.144128
2025-07-16 23:57:05 INFO     MR   : 1091.815328
2025-07-16 23:57:05 INFO     MRR  : 0.071208
2025-07-16 23:57:05 INFO     >>>>> Predictor: Evaluating on test
2025-07-16 23:57:30 INFO     Data : 4402
2025-07-16 23:57:30 INFO     Hit1 : 0.044980
2025-07-16 23:57:30 INFO     Hit3 : 0.086552
2025-07-16 23:57:30 INFO     Hit10: 0.149023
2025-07-16 23:57:30 INFO     MR   : 1099.592344
2025-07-16 23:57:30 INFO     MRR  : 0.080133
2025-07-16 23:57:30 INFO     >>>>> Predictor: Computing H scores of rules
2025-07-16 23:58:29 INFO     1000 12313
2025-07-16 23:59:28 INFO     2000 12313
2025-07-17 00:00:26 INFO     3000 12313
2025-07-17 00:01:25 INFO     4000 12313
2025-07-17 00:02:22 INFO     5000 12313
2025-07-17 00:03:20 INFO     6000 12313
2025-07-17 00:04:18 INFO     7000 12313
2025-07-17 00:05:17 INFO     8000 12313
2025-07-17 00:06:15 INFO     9000 12313
2025-07-17 00:07:13 INFO     10000 12313
2025-07-17 00:08:11 INFO     11000 12313
2025-07-17 00:09:10 INFO     12000 12313
2025-07-17 00:09:28 INFO     >>>>> Generator: Training
2025-07-17 00:09:29 INFO     -------------------------
2025-07-17 00:09:29 INFO     | EM Iteration: 5/5
2025-07-17 00:09:29 INFO     -------------------------
2025-07-17 00:09:29 INFO     >>>>> Generator: Rule generation with sampling
2025-07-17 00:09:30 INFO     Sampled rules len: 1482
2025-07-17 00:09:30 INFO     Predictor: read 1482 rules from list.
2025-07-17 00:09:30 INFO     Preprocess training set
2025-07-17 00:09:30 INFO     >>>>> Predictor: Training
2025-07-17 00:10:23 INFO     1000 12313 8.242797 69340.6
2025-07-17 00:11:17 INFO     2000 12313 7.792697 69288.6
2025-07-17 00:12:10 INFO     3000 12313 7.584489 69366.7
2025-07-17 00:13:03 INFO     4000 12313 7.471291 69305.9
2025-07-17 00:13:56 INFO     5000 12313 7.356705 69323.3
2025-07-17 00:14:49 INFO     6000 12313 7.310716 69384.0
2025-07-17 00:15:43 INFO     7000 12313 7.266276 69279.9
2025-07-17 00:16:36 INFO     8000 12313 7.194208 69384.0
2025-07-17 00:17:29 INFO     9000 12313 7.197570 69366.7
2025-07-17 00:18:23 INFO     10000 12313 7.156825 69297.3
2025-07-17 00:19:16 INFO     11000 12313 7.124651 69279.9
2025-07-17 00:20:10 INFO     12000 12313 7.133007 69384.0
2025-07-17 00:20:26 INFO     >>>>> Predictor: Evaluating on valid
2025-07-17 00:20:49 INFO     Data : 3823
2025-07-17 00:20:49 INFO     Hit1 : 0.031651
2025-07-17 00:20:49 INFO     Hit3 : 0.056762
2025-07-17 00:20:49 INFO     Hit10: 0.104891
2025-07-17 00:20:49 INFO     MR   : 1203.755820
2025-07-17 00:20:49 INFO     MRR  : 0.057972
2025-07-17 00:20:49 INFO     >>>>> Predictor: Evaluating on test
2025-07-17 00:21:15 INFO     Data : 4402
2025-07-17 00:21:15 INFO     Hit1 : 0.030668
2025-07-17 00:21:15 INFO     Hit3 : 0.060881
2025-07-17 00:21:15 INFO     Hit10: 0.105407
2025-07-17 00:21:15 INFO     MR   : 1188.294980
2025-07-17 00:21:15 INFO     MRR  : 0.057983
2025-07-17 00:21:15 INFO     >>>>> Predictor: Computing H scores of rules
2025-07-17 00:22:15 INFO     1000 12313
2025-07-17 00:23:15 INFO     2000 12313
2025-07-17 00:24:14 INFO     3000 12313
2025-07-17 00:25:13 INFO     4000 12313
2025-07-17 00:26:13 INFO     5000 12313
2025-07-17 00:27:12 INFO     6000 12313
2025-07-17 00:28:11 INFO     7000 12313
2025-07-17 00:29:10 INFO     8000 12313
2025-07-17 00:30:09 INFO     9000 12313
2025-07-17 00:31:08 INFO     10000 12313
2025-07-17 00:32:07 INFO     11000 12313
2025-07-17 00:33:05 INFO     12000 12313
2025-07-17 00:33:23 INFO     >>>>> Generator: Training
2025-07-17 00:33:25 INFO     -------------------------
2025-07-17 00:33:25 INFO     | Post-train Generator
2025-07-17 00:33:25 INFO     -------------------------
2025-07-17 00:33:25 INFO     >>>>> Generator: Training
2025-07-17 00:33:38 INFO     1000 1000 1.740982
2025-07-17 00:33:38 INFO     -------------------------
2025-07-17 00:33:38 INFO     | Beam Search Best Rules
2025-07-17 00:33:38 INFO     -------------------------
2025-07-17 00:33:38 INFO     >>>>> Generator: Rule generation with beam search
2025-07-17 00:33:38 INFO     >>>>> Generator: Rule generation with beam search
2025-07-17 00:33:43 INFO     >>>>> Generator: Rule generation with beam search
2025-07-17 00:34:17 INFO     >>>>> Generator: Rule generation with beam search
2025-07-17 00:34:43 INFO     >>>>> Generator: Rule generation with beam search
2025-07-17 00:35:01 INFO     -------------------------
2025-07-17 00:35:01 INFO     | Train Final Predictor+
2025-07-17 00:35:01 INFO     -------------------------
2025-07-17 00:35:01 INFO     Predictor+: read 18420 rules from list.
2025-07-17 00:35:01 INFO     Preprocess training set
2025-07-17 00:35:01 INFO     -------------------------
2025-07-17 00:35:01 INFO     | Iteration: 1/5
2025-07-17 00:35:01 INFO     -------------------------
2025-07-17 00:35:01 INFO     >>>>> Predictor: Training
2025-07-17 00:42:53 INFO     1000 12313 4.699397 69314.6
2025-07-17 00:50:52 INFO     2000 12313 4.493571 69366.7
2025-07-17 00:58:45 INFO     3000 12313 4.451160 69279.9
2025-07-17 01:06:40 INFO     4000 12313 4.444992 69340.6
2025-07-17 01:14:33 INFO     5000 12313 4.480848 69236.6
2025-07-17 01:22:21 INFO     6000 12313 4.446419 69366.7
2025-07-17 01:30:14 INFO     7000 12313 4.426303 69323.3
2025-07-17 01:38:07 INFO     8000 12313 4.463805 69349.3
2025-07-17 01:45:56 INFO     9000 12313 4.425747 69384.0
2025-07-17 01:53:56 INFO     10000 12313 4.420618 69384.0
2025-07-17 02:01:54 INFO     11000 12313 4.443551 69288.6
2025-07-17 02:09:50 INFO     12000 12313 4.447569 69366.7
2025-07-17 02:12:18 INFO     >>>>> Predictor: Evaluating on valid
2025-07-17 02:15:48 INFO     Data : 3823
2025-07-17 02:15:48 INFO     Hit1 : 0.076641
2025-07-17 02:15:48 INFO     Hit3 : 0.158253
2025-07-17 02:15:48 INFO     Hit10: 0.293487
2025-07-17 02:15:48 INFO     MR   : 628.495684
2025-07-17 02:15:48 INFO     MRR  : 0.147079
2025-07-17 02:15:48 INFO     >>>>> Predictor: Evaluating on test
2025-07-17 02:19:50 INFO     Data : 4402
2025-07-17 02:19:50 INFO     Hit1 : 0.105861
2025-07-17 02:19:50 INFO     Hit3 : 0.192867
2025-07-17 02:19:50 INFO     Hit10: 0.320309
2025-07-17 02:19:50 INFO     MR   : 616.555543
2025-07-17 02:19:50 INFO     MRR  : 0.176773
2025-07-17 02:19:50 INFO     Save checkpoint to results/semmeddb/10_times_each/original_rnnlogic/1_20250716_223638/predictor.pt
2025-07-17 02:19:50 INFO     -------------------------
2025-07-17 02:19:50 INFO     | Iteration: 2/5
2025-07-17 02:19:50 INFO     -------------------------
2025-07-17 02:19:50 INFO     >>>>> Predictor: Training
2025-07-17 02:27:46 INFO     1000 12313 4.384047 69384.0
2025-07-17 02:35:44 INFO     2000 12313 4.380455 69384.0
2025-07-17 02:43:46 INFO     3000 12313 4.392858 69340.6
2025-07-17 02:51:44 INFO     4000 12313 4.398147 69305.9
2025-07-17 02:59:39 INFO     5000 12313 4.408145 69340.6
2025-07-17 03:07:28 INFO     6000 12313 4.410802 69297.3
2025-07-17 03:15:16 INFO     7000 12313 4.391068 69323.3
2025-07-17 03:23:12 INFO     8000 12313 4.419751 69366.7
2025-07-17 03:31:08 INFO     9000 12313 4.391851 69297.3
2025-07-17 03:39:12 INFO     10000 12313 4.404318 69366.7
2025-07-17 03:47:04 INFO     11000 12313 4.408863 69314.6
2025-07-17 03:54:57 INFO     12000 12313 4.421086 69279.9
2025-07-17 03:57:23 INFO     >>>>> Predictor: Evaluating on valid
2025-07-17 04:00:50 INFO     Data : 3823
2025-07-17 04:00:50 INFO     Hit1 : 0.076641
2025-07-17 04:00:50 INFO     Hit3 : 0.155375
2025-07-17 04:00:50 INFO     Hit10: 0.296887
2025-07-17 04:00:50 INFO     MR   : 613.326184
2025-07-17 04:00:50 INFO     MRR  : 0.146744
2025-07-17 04:00:50 INFO     >>>>> Predictor: Evaluating on test
2025-07-17 04:04:48 INFO     Data : 4402
2025-07-17 04:04:48 INFO     Hit1 : 0.110404
2025-07-17 04:04:48 INFO     Hit3 : 0.198092
2025-07-17 04:04:48 INFO     Hit10: 0.323489
2025-07-17 04:04:48 INFO     MR   : 592.153112
2025-07-17 04:04:48 INFO     MRR  : 0.180795
2025-07-17 04:04:48 INFO     -------------------------
2025-07-17 04:04:48 INFO     | Iteration: 3/5
2025-07-17 04:04:48 INFO     -------------------------
2025-07-17 04:04:48 INFO     >>>>> Predictor: Training
2025-07-17 04:12:44 INFO     1000 12313 4.386823 69262.6
2025-07-17 04:20:39 INFO     2000 12313 4.368257 69384.0
2025-07-17 04:28:34 INFO     3000 12313 4.350968 69262.6
2025-07-17 04:36:31 INFO     4000 12313 4.395636 69323.3
2025-07-17 04:44:33 INFO     5000 12313 4.361754 69366.7
2025-07-17 04:52:31 INFO     6000 12313 4.381843 69323.3
2025-07-17 05:00:27 INFO     7000 12313 4.390782 69366.7
2025-07-17 05:08:20 INFO     8000 12313 4.398973 69384.0
2025-07-17 05:16:11 INFO     9000 12313 4.380042 69349.3
2025-07-17 05:24:05 INFO     10000 12313 4.401786 69314.6
2025-07-17 05:31:55 INFO     11000 12313 4.363713 69349.3
2025-07-17 05:39:46 INFO     12000 12313 4.400339 69314.6
2025-07-17 05:42:13 INFO     >>>>> Predictor: Evaluating on valid
2025-07-17 05:45:40 INFO     Data : 3823
2025-07-17 05:45:40 INFO     Hit1 : 0.082919
2025-07-17 05:45:40 INFO     Hit3 : 0.167408
2025-07-17 05:45:40 INFO     Hit10: 0.298457
2025-07-17 05:45:40 INFO     MR   : 607.441276
2025-07-17 05:45:40 INFO     MRR  : 0.153062
2025-07-17 05:45:40 INFO     >>>>> Predictor: Evaluating on test
2025-07-17 05:49:38 INFO     Data : 4402
2025-07-17 05:49:38 INFO     Hit1 : 0.113130
2025-07-17 05:49:38 INFO     Hit3 : 0.201726
2025-07-17 05:49:38 INFO     Hit10: 0.322126
2025-07-17 05:49:38 INFO     MR   : 579.807587
2025-07-17 05:49:38 INFO     MRR  : 0.183101
2025-07-17 05:49:38 INFO     Save checkpoint to results/semmeddb/10_times_each/original_rnnlogic/1_20250716_223638/predictor.pt
2025-07-17 05:49:38 INFO     -------------------------
2025-07-17 05:49:38 INFO     | Iteration: 4/5
2025-07-17 05:49:38 INFO     -------------------------
2025-07-17 05:49:38 INFO     >>>>> Predictor: Training
2025-07-17 05:57:29 INFO     1000 12313 4.339558 69384.0
2025-07-17 06:05:22 INFO     2000 12313 4.359557 69340.6
2025-07-17 06:13:14 INFO     3000 12313 4.366874 69384.0
2025-07-17 06:21:04 INFO     4000 12313 4.395965 69253.9
2025-07-17 06:28:55 INFO     5000 12313 4.381081 69262.6
2025-07-17 06:36:51 INFO     6000 12313 4.392123 69340.6
2025-07-17 06:44:52 INFO     7000 12313 4.373424 69314.6
2025-07-17 06:52:53 INFO     8000 12313 4.351498 69323.3
2025-07-17 07:00:46 INFO     9000 12313 4.386393 69366.7
2025-07-17 07:08:42 INFO     10000 12313 4.354342 69349.3
2025-07-17 07:16:37 INFO     11000 12313 4.369376 69366.7
2025-07-17 07:24:27 INFO     12000 12313 4.383412 69366.7
2025-07-17 07:26:54 INFO     >>>>> Predictor: Evaluating on valid
2025-07-17 07:30:21 INFO     Data : 3823
2025-07-17 07:30:21 INFO     Hit1 : 0.076380
2025-07-17 07:30:21 INFO     Hit3 : 0.162699
2025-07-17 07:30:21 INFO     Hit10: 0.296887
2025-07-17 07:30:21 INFO     MR   : 602.345017
2025-07-17 07:30:21 INFO     MRR  : 0.149042
2025-07-17 07:30:21 INFO     >>>>> Predictor: Evaluating on test
2025-07-17 07:34:19 INFO     Data : 4402
2025-07-17 07:34:19 INFO     Hit1 : 0.112676
2025-07-17 07:34:19 INFO     Hit3 : 0.194457
2025-07-17 07:34:19 INFO     Hit10: 0.319855
2025-07-17 07:34:19 INFO     MR   : 576.817924
2025-07-17 07:34:19 INFO     MRR  : 0.180647
2025-07-17 07:34:19 INFO     -------------------------
2025-07-17 07:34:19 INFO     | Iteration: 5/5
2025-07-17 07:34:19 INFO     -------------------------
2025-07-17 07:34:19 INFO     >>>>> Predictor: Training
2025-07-17 07:42:15 INFO     1000 12313 4.337075 69323.3
2025-07-17 07:50:11 INFO     2000 12313 4.362524 69384.0
2025-07-17 07:58:00 INFO     3000 12313 4.357888 69245.2
2025-07-17 08:05:54 INFO     4000 12313 4.337851 69384.0
2025-07-17 08:13:44 INFO     5000 12313 4.388005 69366.7
2025-07-17 08:21:41 INFO     6000 12313 4.360535 69323.3
2025-07-17 08:29:34 INFO     7000 12313 4.376914 69384.0
2025-07-17 08:37:25 INFO     8000 12313 4.388241 69297.3
2025-07-17 08:45:20 INFO     9000 12313 4.365706 69384.0
2025-07-17 08:53:19 INFO     10000 12313 4.363274 69271.3
2025-07-17 09:01:09 INFO     11000 12313 4.363226 69340.6
2025-07-17 09:09:01 INFO     12000 12313 4.344644 69297.3
2025-07-17 09:11:29 INFO     >>>>> Predictor: Evaluating on valid
2025-07-17 09:15:00 INFO     Data : 3823
2025-07-17 09:15:00 INFO     Hit1 : 0.080042
2025-07-17 09:15:00 INFO     Hit3 : 0.161915
2025-07-17 09:15:00 INFO     Hit10: 0.294010
2025-07-17 09:15:00 INFO     MR   : 598.426628
2025-07-17 09:15:00 INFO     MRR  : 0.150002
2025-07-17 09:15:00 INFO     >>>>> Predictor: Evaluating on test
2025-07-17 09:19:07 INFO     Data : 4402
2025-07-17 09:19:07 INFO     Hit1 : 0.106997
2025-07-17 09:19:07 INFO     Hit3 : 0.194457
2025-07-17 09:19:07 INFO     Hit10: 0.317129
2025-07-17 09:19:07 INFO     MR   : 573.374375
2025-07-17 09:19:07 INFO     MRR  : 0.177405
2025-07-17 09:19:07 INFO     -------------------------
2025-07-17 09:19:07 INFO     | Final Test MRR: 0.183101
2025-07-17 09:19:07 INFO     -------------------------
