2025-07-21 06:27:53 INFO     is_soft_label: False
2025-07-21 06:27:53 INFO     is_scheduled_sampling: False
2025-07-21 06:27:53 INFO     is_test_mode: False
2025-07-21 06:27:53 INFO     Data loading | DONE!
2025-07-21 06:27:53 INFO     Using full datasets for training, validation, and testing.
2025-07-21 06:27:54 INFO     -------------------------
2025-07-21 06:27:54 INFO     | EM Iteration: 1/5
2025-07-21 06:27:54 INFO     -------------------------
2025-07-21 06:27:54 INFO     >>>>> Using miner's rule
2025-07-21 06:27:54 INFO     Predictor: read 13661 rules from list.
2025-07-21 06:27:55 INFO     Preprocess training set
2025-07-21 06:27:55 INFO     >>>>> Predictor: Evaluating on valid
2025-07-21 06:31:31 INFO     Data : 2077
2025-07-21 06:31:31 INFO     Hit1 : 0.065479
2025-07-21 06:31:31 INFO     Hit3 : 0.127106
2025-07-21 06:31:31 INFO     Hit10: 0.199326
2025-07-21 06:31:31 INFO     MR   : 1120.902022
2025-07-21 06:31:31 INFO     MRR  : 0.114382
2025-07-21 06:31:31 INFO     >>>>> Predictor: Evaluating on test
2025-07-21 06:35:36 INFO     Data : 2342
2025-07-21 06:35:37 INFO     Hit1 : 0.078992
2025-07-21 06:35:37 INFO     Hit3 : 0.124253
2025-07-21 06:35:37 INFO     Hit10: 0.208796
2025-07-21 06:35:37 INFO     MR   : 1044.269001
2025-07-21 06:35:37 INFO     MRR  : 0.122250
2025-07-21 06:35:37 INFO     >>>>> Predictor: Computing H scores of rules
2025-07-21 07:24:00 INFO     1000 5959
2025-07-21 08:13:44 INFO     2000 5959
2025-07-21 09:03:12 INFO     3000 5959
2025-07-21 09:53:21 INFO     4000 5959
2025-07-21 10:42:40 INFO     5000 5959
2025-07-21 11:32:44 INFO     >>>>> Generator: Training
2025-07-21 11:32:49 INFO     -------------------------
2025-07-21 11:32:49 INFO     | EM Iteration: 2/5
2025-07-21 11:32:49 INFO     -------------------------
2025-07-21 11:32:49 INFO     >>>>> Using Generator's sample rule
2025-07-21 11:32:49 INFO     >>>>> Generator: Rule generation with sampling
2025-07-21 11:32:50 INFO     Predictor: read 1900 rules from list.
2025-07-21 11:32:50 INFO     Preprocess training set
2025-07-21 11:32:50 INFO     >>>>> Predictor: Training
2025-07-21 11:34:27 INFO     1000 5959 8.795817 69314.6
2025-07-21 11:36:02 INFO     2000 5959 8.424737 69271.3
2025-07-21 11:37:39 INFO     3000 5959 8.224691 69245.2
2025-07-21 11:39:16 INFO     4000 5959 8.063707 69340.6
2025-07-21 11:40:54 INFO     5000 5959 7.904356 69340.6
2025-07-21 11:42:27 INFO     >>>>> Predictor: Evaluating on valid
2025-07-21 11:42:44 INFO     Data : 2077
2025-07-21 11:42:44 INFO     Hit1 : 0.015407
2025-07-21 11:42:44 INFO     Hit3 : 0.023592
2025-07-21 11:42:44 INFO     Hit10: 0.035147
2025-07-21 11:42:44 INFO     MR   : 1478.241454
2025-07-21 11:42:44 INFO     MRR  : 0.025902
2025-07-21 11:42:44 INFO     >>>>> Predictor: Evaluating on test
2025-07-21 11:43:03 INFO     Data : 2342
2025-07-21 11:43:03 INFO     Hit1 : 0.011529
2025-07-21 11:43:03 INFO     Hit3 : 0.017933
2025-07-21 11:43:03 INFO     Hit10: 0.029462
2025-07-21 11:43:03 INFO     MR   : 1374.103544
2025-07-21 11:43:03 INFO     MRR  : 0.021287
2025-07-21 11:43:03 INFO     >>>>> Predictor: Computing H scores of rules
2025-07-21 11:47:00 INFO     1000 5959
2025-07-21 11:50:53 INFO     2000 5959
2025-07-21 11:54:49 INFO     3000 5959
2025-07-21 11:58:52 INFO     4000 5959
2025-07-21 12:02:51 INFO     5000 5959
2025-07-21 12:06:39 INFO     >>>>> Generator: Training
2025-07-21 12:06:44 INFO     -------------------------
2025-07-21 12:06:44 INFO     | EM Iteration: 3/5
2025-07-21 12:06:44 INFO     -------------------------
2025-07-21 12:06:44 INFO     >>>>> Using Generator's sample rule
2025-07-21 12:06:44 INFO     >>>>> Generator: Rule generation with sampling
2025-07-21 12:06:44 INFO     Predictor: read 1916 rules from list.
2025-07-21 12:06:44 INFO     Preprocess training set
2025-07-21 12:06:44 INFO     >>>>> Predictor: Training
2025-07-21 12:08:21 INFO     1000 5959 8.820295 69332.0
2025-07-21 12:09:58 INFO     2000 5959 8.500766 69349.3
2025-07-21 12:11:37 INFO     3000 5959 8.308992 69184.5
2025-07-21 12:13:18 INFO     4000 5959 8.174524 69253.9
2025-07-21 12:14:59 INFO     5000 5959 8.100267 69332.0
2025-07-21 12:16:34 INFO     >>>>> Predictor: Evaluating on valid
2025-07-21 12:16:52 INFO     Data : 2077
2025-07-21 12:16:52 INFO     Hit1 : 0.009148
2025-07-21 12:16:52 INFO     Hit3 : 0.018777
2025-07-21 12:16:52 INFO     Hit10: 0.034184
2025-07-21 12:16:52 INFO     MR   : 1482.585941
2025-07-21 12:16:52 INFO     MRR  : 0.021228
2025-07-21 12:16:52 INFO     >>>>> Predictor: Evaluating on test
2025-07-21 12:17:14 INFO     Data : 2342
2025-07-21 12:17:14 INFO     Hit1 : 0.008113
2025-07-21 12:17:14 INFO     Hit3 : 0.013664
2025-07-21 12:17:14 INFO     Hit10: 0.027754
2025-07-21 12:17:14 INFO     MR   : 1378.045901
2025-07-21 12:17:14 INFO     MRR  : 0.018118
2025-07-21 12:17:14 INFO     >>>>> Predictor: Computing H scores of rules
2025-07-21 12:21:16 INFO     1000 5959
2025-07-21 12:25:19 INFO     2000 5959
2025-07-21 12:29:22 INFO     3000 5959
2025-07-21 12:33:26 INFO     4000 5959
2025-07-21 12:37:28 INFO     5000 5959
2025-07-21 12:41:24 INFO     >>>>> Generator: Training
2025-07-21 12:41:29 INFO     -------------------------
2025-07-21 12:41:29 INFO     | EM Iteration: 4/5
2025-07-21 12:41:29 INFO     -------------------------
2025-07-21 12:41:29 INFO     >>>>> Using Generator's sample rule
2025-07-21 12:41:29 INFO     >>>>> Generator: Rule generation with sampling
2025-07-21 12:41:29 INFO     Predictor: read 1951 rules from list.
2025-07-21 12:41:29 INFO     Preprocess training set
2025-07-21 12:41:29 INFO     >>>>> Predictor: Training
2025-07-21 12:43:09 INFO     1000 5959 8.809383 69271.3
2025-07-21 12:44:49 INFO     2000 5959 8.460698 69340.6
2025-07-21 12:46:29 INFO     3000 5959 8.235963 69384.0
2025-07-21 12:48:09 INFO     4000 5959 8.096743 69262.6
2025-07-21 12:49:49 INFO     5000 5959 7.972658 69332.0
2025-07-21 12:51:26 INFO     >>>>> Predictor: Evaluating on valid
2025-07-21 12:51:44 INFO     Data : 2077
2025-07-21 12:51:44 INFO     Hit1 : 0.019259
2025-07-21 12:51:44 INFO     Hit3 : 0.035628
2025-07-21 12:51:44 INFO     Hit10: 0.055368
2025-07-21 12:51:44 INFO     MR   : 1457.752528
2025-07-21 12:51:44 INFO     MRR  : 0.035361
2025-07-21 12:51:44 INFO     >>>>> Predictor: Evaluating on test
2025-07-21 12:52:05 INFO     Data : 2342
2025-07-21 12:52:05 INFO     Hit1 : 0.022630
2025-07-21 12:52:05 INFO     Hit3 : 0.039710
2025-07-21 12:52:05 INFO     Hit10: 0.054654
2025-07-21 12:52:05 INFO     MR   : 1353.478437
2025-07-21 12:52:05 INFO     MRR  : 0.037821
2025-07-21 12:52:05 INFO     >>>>> Predictor: Computing H scores of rules
2025-07-21 12:56:11 INFO     1000 5959
2025-07-21 13:00:15 INFO     2000 5959
2025-07-21 13:04:24 INFO     3000 5959
2025-07-21 13:08:27 INFO     4000 5959
2025-07-21 13:12:32 INFO     5000 5959
2025-07-21 13:16:29 INFO     >>>>> Generator: Training
2025-07-21 13:16:34 INFO     -------------------------
2025-07-21 13:16:34 INFO     | EM Iteration: 5/5
2025-07-21 13:16:34 INFO     -------------------------
2025-07-21 13:16:34 INFO     >>>>> Using Generator's sample rule
2025-07-21 13:16:34 INFO     >>>>> Generator: Rule generation with sampling
2025-07-21 13:16:34 INFO     Predictor: read 1967 rules from list.
2025-07-21 13:16:34 INFO     Preprocess training set
2025-07-21 13:16:34 INFO     >>>>> Predictor: Training
2025-07-21 13:18:17 INFO     1000 5959 8.817447 69332.0
2025-07-21 13:19:59 INFO     2000 5959 8.470280 69349.3
2025-07-21 13:21:45 INFO     3000 5959 8.261555 69340.6
2025-07-21 13:23:28 INFO     4000 5959 8.134668 69297.3
2025-07-21 13:25:05 INFO     5000 5959 8.048097 69219.2
2025-07-21 13:26:40 INFO     >>>>> Predictor: Evaluating on valid
2025-07-21 13:26:58 INFO     Data : 2077
2025-07-21 13:26:58 INFO     Hit1 : 0.006740
2025-07-21 13:26:58 INFO     Hit3 : 0.017333
2025-07-21 13:26:58 INFO     Hit10: 0.041406
2025-07-21 13:26:58 INFO     MR   : 1513.288878
2025-07-21 13:26:58 INFO     MRR  : 0.020570
2025-07-21 13:26:58 INFO     >>>>> Predictor: Evaluating on test
2025-07-21 13:27:21 INFO     Data : 2342
2025-07-21 13:27:21 INFO     Hit1 : 0.004270
2025-07-21 13:27:21 INFO     Hit3 : 0.012810
2025-07-21 13:27:21 INFO     Hit10: 0.030316
2025-07-21 13:27:21 INFO     MR   : 1389.672289
2025-07-21 13:27:21 INFO     MRR  : 0.016151
2025-07-21 13:27:21 INFO     >>>>> Predictor: Computing H scores of rules
2025-07-21 13:31:44 INFO     1000 5959
2025-07-21 13:35:53 INFO     2000 5959
2025-07-21 13:40:05 INFO     3000 5959
2025-07-21 13:44:11 INFO     4000 5959
2025-07-21 13:48:21 INFO     5000 5959
2025-07-21 13:52:18 INFO     >>>>> Generator: Training
2025-07-21 13:52:23 INFO     -------------------------
2025-07-21 13:52:23 INFO     | Post-train Generator
2025-07-21 13:52:23 INFO     -------------------------
2025-07-21 13:52:24 INFO     >>>>> Generator: Training
2025-07-21 13:53:15 INFO     [E01000] Total 3.589713 | Main 3.215151 | EntType 3.151969
2025-07-21 13:53:15 INFO     -------------------------
2025-07-21 13:53:15 INFO     | Beam Search Best Rules
2025-07-21 13:53:15 INFO     -------------------------
2025-07-21 13:53:15 INFO     >>>>> Generator: Rule generation with beam search
2025-07-21 13:53:16 INFO     >>>>> Generator: Rule generation with beam search
2025-07-21 13:53:23 INFO     >>>>> Generator: Rule generation with beam search
2025-07-21 13:55:07 INFO     >>>>> Generator: Rule generation with beam search
2025-07-21 13:56:34 INFO     >>>>> Generator: Rule generation with beam search
2025-07-21 13:57:34 INFO     -------------------------
2025-07-21 13:57:34 INFO     | Train Final Predictor+
2025-07-21 13:57:34 INFO     -------------------------
2025-07-21 13:57:34 INFO     Predictor+: read 18420 rules from list.
2025-07-21 13:57:34 INFO     Preprocess training set
2025-07-21 13:57:34 INFO     -------------------------
2025-07-21 13:57:34 INFO     | Iteration: 1/5
2025-07-21 13:57:34 INFO     -------------------------
2025-07-21 13:57:34 INFO     >>>>> Predictor: Training
2025-07-21 14:05:39 INFO     1000 5959 4.896579 69271.3
2025-07-21 14:13:38 INFO     2000 5959 4.725444 69332.0
2025-07-21 14:21:34 INFO     3000 5959 4.707549 69375.3
2025-07-21 14:29:29 INFO     4000 5959 4.709490 69279.9
2025-07-21 14:37:28 INFO     5000 5959 4.679541 69349.3
2025-07-21 14:45:05 INFO     >>>>> Predictor: Evaluating on valid
2025-07-21 14:47:06 INFO     Data : 2077
2025-07-21 14:47:06 INFO     Hit1 : 0.104959
2025-07-21 14:47:06 INFO     Hit3 : 0.187289
2025-07-21 14:47:06 INFO     Hit10: 0.314396
2025-07-21 14:47:06 INFO     MR   : 979.205826
2025-07-21 14:47:06 INFO     MRR  : 0.172181
2025-07-21 14:47:06 INFO     >>>>> Predictor: Evaluating on test
2025-07-21 14:49:20 INFO     Data : 2342
2025-07-21 14:49:20 INFO     Hit1 : 0.130231
2025-07-21 14:49:20 INFO     Hit3 : 0.206661
2025-07-21 14:49:20 INFO     Hit10: 0.315969
2025-07-21 14:49:20 INFO     MR   : 916.759821
2025-07-21 14:49:20 INFO     MRR  : 0.191290
2025-07-21 14:49:20 INFO     Save checkpoint to results/semmeddb/10_times_each/aux2/6_20250721_062750/predictor.pt
2025-07-21 14:49:20 INFO     -------------------------
2025-07-21 14:49:20 INFO     | Iteration: 2/5
2025-07-21 14:49:20 INFO     -------------------------
2025-07-21 14:49:20 INFO     >>>>> Predictor: Training
2025-07-21 14:57:28 INFO     1000 5959 4.602805 69366.7
2025-07-21 15:05:32 INFO     2000 5959 4.652086 69375.3
2025-07-21 15:13:20 INFO     3000 5959 4.638069 69219.2
2025-07-21 15:21:06 INFO     4000 5959 4.651533 69305.9
2025-07-21 15:28:55 INFO     5000 5959 4.619560 69288.6
2025-07-21 15:36:29 INFO     >>>>> Predictor: Evaluating on valid
2025-07-21 15:38:30 INFO     Data : 2077
2025-07-21 15:38:30 INFO     Hit1 : 0.099663
2025-07-21 15:38:30 INFO     Hit3 : 0.185845
2025-07-21 15:38:30 INFO     Hit10: 0.316803
2025-07-21 15:38:30 INFO     MR   : 943.092922
2025-07-21 15:38:30 INFO     MRR  : 0.168006
2025-07-21 15:38:30 INFO     >>>>> Predictor: Evaluating on test
2025-07-21 15:40:48 INFO     Data : 2342
2025-07-21 15:40:48 INFO     Hit1 : 0.125961
2025-07-21 15:40:48 INFO     Hit3 : 0.204099
2025-07-21 15:40:48 INFO     Hit10: 0.317677
2025-07-21 15:40:48 INFO     MR   : 877.931469
2025-07-21 15:40:48 INFO     MRR  : 0.188966
2025-07-21 15:40:48 INFO     -------------------------
2025-07-21 15:40:48 INFO     | Iteration: 3/5
2025-07-21 15:40:48 INFO     -------------------------
2025-07-21 15:40:48 INFO     >>>>> Predictor: Training
2025-07-21 15:49:00 INFO     1000 5959 4.615817 69288.6
2025-07-21 15:57:16 INFO     2000 5959 4.616937 69288.6
2025-07-21 16:05:12 INFO     3000 5959 4.609070 69340.6
2025-07-21 16:13:08 INFO     4000 5959 4.615296 69271.3
2025-07-21 16:20:56 INFO     5000 5959 4.638376 69219.2
2025-07-21 16:28:39 INFO     >>>>> Predictor: Evaluating on valid
2025-07-21 16:30:35 INFO     Data : 2077
2025-07-21 16:30:35 INFO     Hit1 : 0.093885
2025-07-21 16:30:35 INFO     Hit3 : 0.177660
2025-07-21 16:30:35 INFO     Hit10: 0.307655
2025-07-21 16:30:35 INFO     MR   : 931.809581
2025-07-21 16:30:35 INFO     MRR  : 0.162298
2025-07-21 16:30:35 INFO     >>>>> Predictor: Evaluating on test
2025-07-21 16:32:44 INFO     Data : 2342
2025-07-21 16:32:44 INFO     Hit1 : 0.118275
2025-07-21 16:32:44 INFO     Hit3 : 0.197694
2025-07-21 16:32:44 INFO     Hit10: 0.316823
2025-07-21 16:32:44 INFO     MR   : 860.650726
2025-07-21 16:32:44 INFO     MRR  : 0.182567
2025-07-21 16:32:44 INFO     -------------------------
2025-07-21 16:32:44 INFO     | Iteration: 4/5
2025-07-21 16:32:44 INFO     -------------------------
2025-07-21 16:32:44 INFO     >>>>> Predictor: Training
2025-07-21 16:40:30 INFO     1000 5959 4.593487 69340.6
2025-07-21 16:48:33 INFO     2000 5959 4.561214 69184.5
2025-07-21 16:56:21 INFO     3000 5959 4.624128 69253.9
2025-07-21 17:04:31 INFO     4000 5959 4.601467 69340.6
2025-07-21 17:12:25 INFO     5000 5959 4.598333 69384.0
2025-07-21 17:19:58 INFO     >>>>> Predictor: Evaluating on valid
2025-07-21 17:21:52 INFO     Data : 2077
2025-07-21 17:21:52 INFO     Hit1 : 0.098700
2025-07-21 17:21:52 INFO     Hit3 : 0.184882
2025-07-21 17:21:52 INFO     Hit10: 0.313433
2025-07-21 17:21:52 INFO     MR   : 923.710881
2025-07-21 17:21:52 INFO     MRR  : 0.166855
2025-07-21 17:21:52 INFO     >>>>> Predictor: Evaluating on test
2025-07-21 17:24:01 INFO     Data : 2342
2025-07-21 17:24:01 INFO     Hit1 : 0.129804
2025-07-21 17:24:01 INFO     Hit3 : 0.207088
2025-07-21 17:24:01 INFO     Hit10: 0.321093
2025-07-21 17:24:01 INFO     MR   : 855.542485
2025-07-21 17:24:01 INFO     MRR  : 0.192275
2025-07-21 17:24:01 INFO     -------------------------
2025-07-21 17:24:01 INFO     | Iteration: 5/5
2025-07-21 17:24:01 INFO     -------------------------
2025-07-21 17:24:01 INFO     >>>>> Predictor: Training
2025-07-21 17:31:50 INFO     1000 5959 4.602255 69323.3
2025-07-21 17:39:41 INFO     2000 5959 4.584149 69332.0
2025-07-21 17:47:33 INFO     3000 5959 4.614653 69219.2
2025-07-21 17:55:31 INFO     4000 5959 4.608524 69297.3
2025-07-21 18:03:22 INFO     5000 5959 4.574503 69332.0
2025-07-21 18:11:11 INFO     >>>>> Predictor: Evaluating on valid
2025-07-21 18:13:12 INFO     Data : 2077
2025-07-21 18:13:12 INFO     Hit1 : 0.085701
2025-07-21 18:13:12 INFO     Hit3 : 0.177660
2025-07-21 18:13:12 INFO     Hit10: 0.313914
2025-07-21 18:13:12 INFO     MR   : 915.587386
2025-07-21 18:13:12 INFO     MRR  : 0.158822
2025-07-21 18:13:12 INFO     >>>>> Predictor: Evaluating on test
2025-07-21 18:15:27 INFO     Data : 2342
2025-07-21 18:15:27 INFO     Hit1 : 0.123826
2025-07-21 18:15:27 INFO     Hit3 : 0.210931
2025-07-21 18:15:27 INFO     Hit10: 0.315542
2025-07-21 18:15:27 INFO     MR   : 848.156277
2025-07-21 18:15:27 INFO     MRR  : 0.188541
2025-07-21 18:15:27 INFO     -------------------------
2025-07-21 18:15:27 INFO     | Final Test MRR: 0.191290
2025-07-21 18:15:27 INFO     -------------------------
