2025-04-18 02:55:47 INFO     Predictor: read 178 rules from list.
2025-04-18 02:57:57 INFO     Predictor+: read 20306 rules from list.
-------------------------
2025-04-18 02:54:54 INFO     >>>>> Generator: Training
2025-04-18 02:55:00 INFO     1000 10000 1.469115
2025-04-18 02:55:05 INFO     2000 10000 1.348001
2025-04-18 02:55:11 INFO     3000 10000 1.330973
2025-04-18 02:55:16 INFO     4000 10000 1.309776
2025-04-18 02:55:21 INFO     5000 10000 1.312018
2025-04-18 02:55:26 INFO     6000 10000 1.307724
2025-04-18 02:55:31 INFO     7000 10000 1.308468
2025-04-18 02:55:37 INFO     8000 10000 1.304189
2025-04-18 02:55:42 INFO     9000 10000 1.295949
2025-04-18 02:55:47 INFO     10000 10000 1.290794
2025-04-18 02:55:47 INFO     -------------------------
2025-04-18 02:55:47 INFO     | EM Iteration: 1/1
2025-04-18 02:55:47 INFO     -------------------------
2025-04-18 02:55:47 INFO     >>>>> Generator: Rule generation with sampling
2025-04-18 02:55:47 INFO     Predictor: read 178 rules from list.
2025-04-18 02:55:47 INFO     Initializing distributed process group
2025-04-18 02:55:47 INFO     Preprocess training set
2025-04-18 02:55:47 INFO     >>>>> Predictor: Training
2025-04-18 02:55:48 INFO     100 10860 10.414612 327544.0
2025-04-18 02:55:49 INFO     200 10860 10.098937 327544.0
2025-04-18 02:55:50 INFO     300 10860 9.778249 327544.0
2025-04-18 02:55:51 INFO     400 10860 9.623499 327544.0
2025-04-18 02:55:52 INFO     500 10860 9.545615 327544.0
2025-04-18 02:55:53 INFO     600 10860 9.173929 327544.0
2025-04-18 02:55:54 INFO     700 10860 8.832759 327544.0
2025-04-18 02:55:55 INFO     800 10860 9.041414 327544.0
2025-04-18 02:55:55 INFO     900 10860 8.757221 327544.0
2025-04-18 02:55:56 INFO     1000 10860 8.568875 327544.0
2025-04-18 02:55:56 INFO     >>>>> Predictor: Evaluating on valid
2025-04-18 02:56:00 INFO     Data : 6068
2025-04-18 02:56:00 INFO     Hit1 : 0.353823
2025-04-18 02:56:00 INFO     Hit3 : 0.379093
2025-04-18 02:56:00 INFO     Hit10: 0.398364
2025-04-18 02:56:00 INFO     MR   : 11023.405076
2025-04-18 02:56:00 INFO     MRR  : 0.370749
2025-04-18 02:56:00 INFO     >>>>> Predictor: Evaluating on test
2025-04-18 02:56:03 INFO     Data : 6268
2025-04-18 02:56:03 INFO     Hit1 : 0.361918
2025-04-18 02:56:03 INFO     Hit3 : 0.380345
2025-04-18 02:56:03 INFO     Hit10: 0.400796
2025-04-18 02:56:03 INFO     MR   : 11368.772655
2025-04-18 02:56:03 INFO     MRR  : 0.375241
2025-04-18 02:56:03 INFO     >>>>> Predictor: Computing H scores of rules
2025-04-18 02:56:10 INFO     1000 10860
2025-04-18 02:56:17 INFO     2000 10860
2025-04-18 02:56:24 INFO     3000 10860
2025-04-18 02:56:30 INFO     4000 10860
2025-04-18 02:56:37 INFO     5000 10860
2025-04-18 02:56:44 INFO     6000 10860
2025-04-18 02:56:51 INFO     7000 10860
2025-04-18 02:56:58 INFO     8000 10860
2025-04-18 02:57:04 INFO     9000 10860
2025-04-18 02:57:11 INFO     10000 10860
2025-04-18 02:57:18 INFO     >>>>> Generator: Training
2025-04-18 02:57:18 INFO     -------------------------
2025-04-18 02:57:18 INFO     | Post-train Generator
2025-04-18 02:57:18 INFO     -------------------------
2025-04-18 02:57:18 INFO     >>>>> Generator: Training
2025-04-18 02:57:23 INFO     1000 1000 -36.194096
2025-04-18 02:57:23 INFO     -------------------------
2025-04-18 02:57:23 INFO     | Beam Search Best Rules
2025-04-18 02:57:23 INFO     -------------------------
2025-04-18 02:57:23 INFO     >>>>> Generator: Rule generation with beam search
2025-04-18 02:57:23 INFO     >>>>> Generator: Rule generation with beam search
2025-04-18 02:57:25 INFO     >>>>> Generator: Rule generation with beam search
2025-04-18 02:57:40 INFO     >>>>> Generator: Rule generation with beam search
2025-04-18 02:57:50 INFO     >>>>> Generator: Rule generation with beam search
2025-04-18 02:57:56 INFO     -------------------------
2025-04-18 02:57:56 INFO     | Train Final Predictor+
2025-04-18 02:57:56 INFO     -------------------------
2025-04-18 02:57:57 INFO     Predictor+: read 20306 rules from list.
2025-04-18 02:57:57 INFO     Preprocess training set
2025-04-18 02:57:57 INFO     -------------------------
2025-04-18 02:57:57 INFO     | Iteration: 1/1
2025-04-18 02:57:57 INFO     -------------------------
2025-04-18 02:57:57 INFO     >>>>> Predictor: Training
2025-04-18 02:58:44 INFO     100 10860 6.142845 327544.0
2025-04-18 02:59:32 INFO     200 10860 4.403491 327544.0
2025-04-18 03:00:19 INFO     300 10860 4.235599 325906.3
2025-04-18 03:01:07 INFO     400 10860 4.873885 327544.0
2025-04-18 03:01:54 INFO     500 10860 4.366374 327544.0
2025-04-18 03:02:41 INFO     600 10860 4.522438 327544.0
2025-04-18 03:03:29 INFO     700 10860 4.817572 327544.0
2025-04-18 03:04:17 INFO     800 10860 4.633007 327544.0
2025-04-18 03:05:04 INFO     900 10860 4.212432 327544.0
2025-04-18 03:05:52 INFO     1000 10860 4.919396 327544.0
2025-04-18 03:05:52 INFO     >>>>> Predictor: Evaluating on valid
2025-04-18 03:08:36 INFO     Data : 6068
2025-04-18 03:08:36 INFO     Hit1 : 0.423039
2025-04-18 03:08:36 INFO     Hit3 : 0.475211
2025-04-18 03:08:36 INFO     Hit10: 0.521932
2025-04-18 03:08:36 INFO     MR   : 7439.956328
2025-04-18 03:08:36 INFO     MRR  : 0.458183
2025-04-18 03:08:36 INFO     >>>>> Predictor: Evaluating on test
2025-04-18 03:11:26 INFO     Data : 6268
2025-04-18 03:11:26 INFO     Hit1 : 0.432993
2025-04-18 03:11:26 INFO     Hit3 : 0.479526
2025-04-18 03:11:26 INFO     Hit10: 0.529940
2025-04-18 03:11:26 INFO     MR   : 7646.573947
2025-04-18 03:11:26 INFO     MRR  : 0.465385
2025-04-18 03:11:26 INFO     Save checkpoint to wn18rr/multitask_lexname_warmup/predictor.pt
2025-04-18 03:11:26 INFO     -------------------------
2025-04-18 03:11:26 INFO     | Final Test MRR: 0.465385
2025-04-18 03:11:26 INFO     -------------------------
