2025-05-18 17:06:47 INFO     -------------------------
2025-05-18 17:06:47 INFO     | Pre-train Generator
2025-05-18 17:06:47 INFO     -------------------------
2025-05-18 17:06:48 INFO     >>>>> Generator: Training
2025-05-18 17:06:52 INFO     [E1000] Total: 1.503523 | Main: 1.652275 | Aux: 0.908515
2025-05-18 17:06:56 INFO     [E2000] Total: 1.433595 | Main: 1.568880 | Aux: 0.892456
2025-05-18 17:07:00 INFO     [E3000] Total: 1.425658 | Main: 1.559502 | Aux: 0.890281
2025-05-18 17:07:04 INFO     [E4000] Total: 1.419816 | Main: 1.552565 | Aux: 0.888820
2025-05-18 17:07:08 INFO     [E5000] Total: 1.416039 | Main: 1.548035 | Aux: 0.888054
2025-05-18 17:07:12 INFO     [E6000] Total: 1.414140 | Main: 1.545843 | Aux: 0.887332
2025-05-18 17:07:16 INFO     [E7000] Total: 1.413128 | Main: 1.544657 | Aux: 0.887012
2025-05-18 17:07:20 INFO     [E8000] Total: 1.412605 | Main: 1.544132 | Aux: 0.886498
2025-05-18 17:07:24 INFO     [E9000] Total: 1.409840 | Main: 1.540809 | Aux: 0.885966
2025-05-18 17:07:28 INFO     [E10000] Total: 1.409713 | Main: 1.540678 | Aux: 0.885855
2025-05-18 17:07:28 INFO     -------------------------
2025-05-18 17:07:28 INFO     | EM Iteration: 1/1
2025-05-18 17:07:28 INFO     -------------------------
2025-05-18 17:07:28 INFO     >>>>> Generator: Rule generation with sampling
2025-05-18 17:07:28 INFO     Predictor: read 177 rules from list.
2025-05-18 17:07:28 INFO     Preprocess training set
2025-05-18 17:07:28 INFO     >>>>> Predictor: Training
2025-05-18 17:07:29 INFO     100 12313 8.992945 69123.8
2025-05-18 17:07:30 INFO     200 12313 8.841781 69384.0
2025-05-18 17:07:31 INFO     300 12313 8.728361 69384.0
2025-05-18 17:07:31 INFO     400 12313 8.614829 69384.0
2025-05-18 17:07:32 INFO     500 12313 8.552203 69384.0
2025-05-18 17:07:33 INFO     600 12313 8.404551 69384.0
2025-05-18 17:07:33 INFO     700 12313 8.404840 69384.0
2025-05-18 17:07:34 INFO     800 12313 8.323465 69384.0
2025-05-18 17:07:35 INFO     900 12313 8.304338 69384.0
2025-05-18 17:07:35 INFO     1000 12313 8.170911 69384.0
2025-05-18 17:07:35 INFO     >>>>> Predictor: Evaluating on valid
2025-05-18 17:07:38 INFO     Data : 3823
2025-05-18 17:07:38 INFO     Hit1 : 0.029820
2025-05-18 17:07:38 INFO     Hit3 : 0.064086
2025-05-18 17:07:38 INFO     Hit10: 0.119801
2025-05-18 17:07:38 INFO     MR   : 1183.471096
2025-05-18 17:07:38 INFO     MRR  : 0.062303
2025-05-18 17:07:38 INFO     >>>>> Predictor: Evaluating on test
2025-05-18 17:07:41 INFO     Data : 4402
2025-05-18 17:07:41 INFO     Hit1 : 0.038164
2025-05-18 17:07:41 INFO     Hit3 : 0.073376
2025-05-18 17:07:41 INFO     Hit10: 0.130850
2025-05-18 17:07:41 INFO     MR   : 1188.310881
2025-05-18 17:07:41 INFO     MRR  : 0.070824
2025-05-18 17:07:41 INFO     >>>>> Predictor: Computing H scores of rules
2025-05-18 17:07:47 INFO     1000 12313
2025-05-18 17:07:53 INFO     2000 12313
2025-05-18 17:07:59 INFO     3000 12313
2025-05-18 17:08:05 INFO     4000 12313
2025-05-18 17:08:11 INFO     5000 12313
2025-05-18 17:08:17 INFO     6000 12313
2025-05-18 17:08:23 INFO     7000 12313
2025-05-18 17:08:29 INFO     8000 12313
2025-05-18 17:08:35 INFO     9000 12313
2025-05-18 17:08:41 INFO     10000 12313
2025-05-18 17:08:47 INFO     11000 12313
2025-05-18 17:08:53 INFO     12000 12313
2025-05-18 17:08:55 INFO     >>>>> Generator: Training
2025-05-18 17:08:55 INFO     -------------------------
2025-05-18 17:08:55 INFO     | Post-train Generator
2025-05-18 17:08:55 INFO     -------------------------
2025-05-18 17:08:55 INFO     >>>>> Generator: Training
2025-05-18 17:08:58 INFO     [E1000] Total: -44.477151 | Main: -55.816514 | Aux: 0.880304
2025-05-18 17:08:58 INFO     -------------------------
2025-05-18 17:08:58 INFO     | Beam Search Best Rules
2025-05-18 17:08:58 INFO     -------------------------
2025-05-18 17:08:58 INFO     >>>>> Generator: Rule generation with beam search
2025-05-18 17:08:58 INFO     >>>>> Generator: Rule generation with beam search
2025-05-18 17:08:59 INFO     >>>>> Generator: Rule generation with beam search
2025-05-18 17:09:07 INFO     >>>>> Generator: Rule generation with beam search
2025-05-18 17:09:13 INFO     >>>>> Generator: Rule generation with beam search
2025-05-18 17:09:17 INFO     -------------------------
2025-05-18 17:09:17 INFO     | Train Final Predictor+
2025-05-18 17:09:17 INFO     -------------------------
2025-05-18 17:09:17 INFO     Predictor+: read 18420 rules from list.
2025-05-18 17:09:17 INFO     Preprocess training set
2025-05-18 17:09:17 INFO     -------------------------
2025-05-18 17:09:17 INFO     | Iteration: 1/1
2025-05-18 17:09:17 INFO     -------------------------
2025-05-18 17:09:17 INFO     >>>>> Predictor: Training
2025-05-18 17:09:47 INFO     100 12313 5.742909 69384.0
2025-05-18 17:10:17 INFO     200 12313 4.956234 69384.0
2025-05-18 17:10:48 INFO     300 12313 4.953793 69384.0
2025-05-18 17:11:18 INFO     400 12313 5.036592 69384.0
2025-05-18 17:11:49 INFO     500 12313 4.828856 69384.0
2025-05-18 17:12:19 INFO     600 12313 4.952171 69384.0
2025-05-18 17:12:49 INFO     700 12313 4.904215 69384.0
2025-05-18 17:13:20 INFO     800 12313 4.861778 69210.5
2025-05-18 17:13:50 INFO     900 12313 4.857907 69384.0
2025-05-18 17:14:21 INFO     1000 12313 5.010332 69384.0
2025-05-18 17:14:21 INFO     >>>>> Predictor: Evaluating on valid
2025-05-18 17:16:44 INFO     Data : 3823
2025-05-18 17:16:44 INFO     Hit1 : 0.046822
2025-05-18 17:16:44 INFO     Hit3 : 0.098352
2025-05-18 17:16:44 INFO     Hit10: 0.179179
2025-05-18 17:16:44 INFO     MR   : 1259.092336
2025-05-18 17:16:44 INFO     MRR  : 0.089807
2025-05-18 17:16:44 INFO     >>>>> Predictor: Evaluating on test
2025-05-18 17:19:29 INFO     Data : 4402
2025-05-18 17:19:29 INFO     Hit1 : 0.060427
2025-05-18 17:19:29 INFO     Hit3 : 0.105861
2025-05-18 17:19:29 INFO     Hit10: 0.180373
2025-05-18 17:19:29 INFO     MR   : 1258.313835
2025-05-18 17:19:29 INFO     MRR  : 0.098920
2025-05-18 17:19:29 INFO     Save checkpoint to results/semmeddb/multitask/fixed_sm/predictor.pt
2025-05-18 17:19:29 INFO     -------------------------
2025-05-18 17:19:29 INFO     | Final Test MRR: 0.098920
2025-05-18 17:19:29 INFO     -------------------------
