2025-07-10 06:59:35 INFO     is_soft_label: False
2025-07-10 06:59:35 INFO     is_scheduled_sampling: False
2025-07-10 06:59:35 INFO     is_test_mode: False
2025-07-10 06:59:35 INFO     Data loading | DONE!
2025-07-10 06:59:35 INFO     Using full datasets for training, validation, and testing.
2025-07-10 06:59:36 INFO     -------------------------
2025-07-10 06:59:36 INFO     | EM Iteration: 1/5
2025-07-10 06:59:36 INFO     -------------------------
2025-07-10 06:59:36 INFO     >>>>> Using miner's rule
2025-07-10 06:59:36 INFO     Predictor: read 13661 rules from list.
2025-07-10 06:59:37 INFO     Preprocess training set
2025-07-10 06:59:37 INFO     >>>>> Predictor: Evaluating on valid
2025-07-10 07:01:54 INFO     Data : 2077
2025-07-10 07:01:54 INFO     Hit1 : 0.065479
2025-07-10 07:01:54 INFO     Hit3 : 0.127106
2025-07-10 07:01:54 INFO     Hit10: 0.199326
2025-07-10 07:01:54 INFO     MR   : 1120.902022
2025-07-10 07:01:54 INFO     MRR  : 0.114382
2025-07-10 07:01:54 INFO     >>>>> Predictor: Evaluating on test
2025-07-10 07:04:27 INFO     Data : 2342
2025-07-10 07:04:27 INFO     Hit1 : 0.078992
2025-07-10 07:04:27 INFO     Hit3 : 0.124253
2025-07-10 07:04:27 INFO     Hit10: 0.208796
2025-07-10 07:04:27 INFO     MR   : 1044.269001
2025-07-10 07:04:27 INFO     MRR  : 0.122250
2025-07-10 07:04:27 INFO     >>>>> Predictor: Computing H scores of rules
2025-07-10 07:38:56 INFO     1000 5959
2025-07-10 08:13:59 INFO     2000 5959
2025-07-10 08:48:40 INFO     3000 5959
2025-07-10 09:23:35 INFO     4000 5959
2025-07-10 09:58:17 INFO     5000 5959
2025-07-10 10:33:39 INFO     >>>>> Generator: Training
2025-07-10 10:33:49 INFO     -------------------------
2025-07-10 10:33:49 INFO     | EM Iteration: 2/5
2025-07-10 10:33:49 INFO     -------------------------
2025-07-10 10:33:49 INFO     >>>>> Using Generator's sample rule
2025-07-10 10:33:49 INFO     >>>>> Generator: Rule generation with sampling
2025-07-10 10:33:49 INFO     Predictor: read 1911 rules from list.
2025-07-10 10:33:49 INFO     Preprocess training set
2025-07-10 10:33:49 INFO     >>>>> Predictor: Training
2025-07-10 10:34:56 INFO     1000 5959 8.777697 69314.6
2025-07-10 10:36:03 INFO     2000 5959 8.372000 69271.3
2025-07-10 10:37:10 INFO     3000 5959 8.153905 69245.2
2025-07-10 10:38:17 INFO     4000 5959 7.970392 69340.6
2025-07-10 10:39:24 INFO     5000 5959 7.794693 69340.6
2025-07-10 10:40:28 INFO     >>>>> Predictor: Evaluating on valid
2025-07-10 10:40:44 INFO     Data : 2077
2025-07-10 10:40:44 INFO     Hit1 : 0.018777
2025-07-10 10:40:44 INFO     Hit3 : 0.033221
2025-07-10 10:40:44 INFO     Hit10: 0.057294
2025-07-10 10:40:44 INFO     MR   : 1434.890467
2025-07-10 10:40:44 INFO     MRR  : 0.034256
2025-07-10 10:40:44 INFO     >>>>> Predictor: Evaluating on test
2025-07-10 10:41:03 INFO     Data : 2342
2025-07-10 10:41:03 INFO     Hit1 : 0.017506
2025-07-10 10:41:03 INFO     Hit3 : 0.033305
2025-07-10 10:41:03 INFO     Hit10: 0.061059
2025-07-10 10:41:03 INFO     MR   : 1332.290991
2025-07-10 10:41:03 INFO     MRR  : 0.034269
2025-07-10 10:41:03 INFO     >>>>> Predictor: Computing H scores of rules
2025-07-10 10:44:22 INFO     1000 5959
2025-07-10 10:47:42 INFO     2000 5959
2025-07-10 10:51:02 INFO     3000 5959
2025-07-10 10:54:21 INFO     4000 5959
2025-07-10 10:57:42 INFO     5000 5959
2025-07-10 11:00:56 INFO     >>>>> Generator: Training
2025-07-10 11:01:05 INFO     -------------------------
2025-07-10 11:01:05 INFO     | EM Iteration: 3/5
2025-07-10 11:01:05 INFO     -------------------------
2025-07-10 11:01:05 INFO     >>>>> Using Generator's sample rule
2025-07-10 11:01:05 INFO     >>>>> Generator: Rule generation with sampling
2025-07-10 11:01:06 INFO     Predictor: read 1913 rules from list.
2025-07-10 11:01:06 INFO     Preprocess training set
2025-07-10 11:01:06 INFO     >>>>> Predictor: Training
2025-07-10 11:02:14 INFO     1000 5959 8.801417 69332.0
2025-07-10 11:03:21 INFO     2000 5959 8.440396 69349.3
2025-07-10 11:04:30 INFO     3000 5959 8.213695 69184.5
2025-07-10 11:05:38 INFO     4000 5959 8.009485 69253.9
2025-07-10 11:06:46 INFO     5000 5959 7.911373 69332.0
2025-07-10 11:07:51 INFO     >>>>> Predictor: Evaluating on valid
2025-07-10 11:08:08 INFO     Data : 2077
2025-07-10 11:08:08 INFO     Hit1 : 0.013962
2025-07-10 11:08:08 INFO     Hit3 : 0.021666
2025-07-10 11:08:08 INFO     Hit10: 0.033221
2025-07-10 11:08:08 INFO     MR   : 1496.971594
2025-07-10 11:08:08 INFO     MRR  : 0.023922
2025-07-10 11:08:08 INFO     >>>>> Predictor: Evaluating on test
2025-07-10 11:08:28 INFO     Data : 2342
2025-07-10 11:08:28 INFO     Hit1 : 0.013664
2025-07-10 11:08:28 INFO     Hit3 : 0.019641
2025-07-10 11:08:28 INFO     Hit10: 0.028181
2025-07-10 11:08:28 INFO     MR   : 1380.479078
2025-07-10 11:08:28 INFO     MRR  : 0.022659
2025-07-10 11:08:28 INFO     >>>>> Predictor: Computing H scores of rules
2025-07-10 11:11:48 INFO     1000 5959
2025-07-10 11:15:08 INFO     2000 5959
2025-07-10 11:18:28 INFO     3000 5959
2025-07-10 11:21:48 INFO     4000 5959
2025-07-10 11:25:08 INFO     5000 5959
2025-07-10 11:28:22 INFO     >>>>> Generator: Training
2025-07-10 11:28:30 INFO     -------------------------
2025-07-10 11:28:30 INFO     | EM Iteration: 4/5
2025-07-10 11:28:30 INFO     -------------------------
2025-07-10 11:28:30 INFO     >>>>> Using Generator's sample rule
2025-07-10 11:28:30 INFO     >>>>> Generator: Rule generation with sampling
2025-07-10 11:28:30 INFO     Predictor: read 1934 rules from list.
2025-07-10 11:28:30 INFO     Preprocess training set
2025-07-10 11:28:30 INFO     >>>>> Predictor: Training
2025-07-10 11:29:43 INFO     1000 5959 8.787222 69271.3
2025-07-10 11:30:53 INFO     2000 5959 8.405714 69340.6
2025-07-10 11:32:03 INFO     3000 5959 8.139487 69384.0
2025-07-10 11:33:13 INFO     4000 5959 7.956794 69262.6
2025-07-10 11:34:22 INFO     5000 5959 7.797917 69332.0
2025-07-10 11:35:28 INFO     >>>>> Predictor: Evaluating on valid
2025-07-10 11:35:46 INFO     Data : 2077
2025-07-10 11:35:46 INFO     Hit1 : 0.012518
2025-07-10 11:35:46 INFO     Hit3 : 0.026481
2025-07-10 11:35:46 INFO     Hit10: 0.047183
2025-07-10 11:35:46 INFO     MR   : 1475.796100
2025-07-10 11:35:46 INFO     MRR  : 0.027906
2025-07-10 11:35:46 INFO     >>>>> Predictor: Evaluating on test
2025-07-10 11:36:06 INFO     Data : 2342
2025-07-10 11:36:06 INFO     Hit1 : 0.009394
2025-07-10 11:36:06 INFO     Hit3 : 0.021776
2025-07-10 11:36:06 INFO     Hit10: 0.042272
2025-07-10 11:36:06 INFO     MR   : 1363.837746
2025-07-10 11:36:06 INFO     MRR  : 0.024119
2025-07-10 11:36:06 INFO     >>>>> Predictor: Computing H scores of rules
2025-07-10 11:39:25 INFO     1000 5959
2025-07-10 11:42:46 INFO     2000 5959
2025-07-10 11:46:06 INFO     3000 5959
2025-07-10 11:49:26 INFO     4000 5959
2025-07-10 11:52:46 INFO     5000 5959
2025-07-10 11:56:01 INFO     >>>>> Generator: Training
2025-07-10 11:56:10 INFO     -------------------------
2025-07-10 11:56:10 INFO     | EM Iteration: 5/5
2025-07-10 11:56:10 INFO     -------------------------
2025-07-10 11:56:10 INFO     >>>>> Using Generator's sample rule
2025-07-10 11:56:10 INFO     >>>>> Generator: Rule generation with sampling
2025-07-10 11:56:10 INFO     Predictor: read 1957 rules from list.
2025-07-10 11:56:10 INFO     Preprocess training set
2025-07-10 11:56:10 INFO     >>>>> Predictor: Training
2025-07-10 11:57:22 INFO     1000 5959 8.830482 69332.0
2025-07-10 11:58:33 INFO     2000 5959 8.516944 69349.3
2025-07-10 11:59:44 INFO     3000 5959 8.327075 69340.6
2025-07-10 12:00:55 INFO     4000 5959 8.191456 69297.3
2025-07-10 12:02:06 INFO     5000 5959 8.089649 69219.2
2025-07-10 12:03:14 INFO     >>>>> Predictor: Evaluating on valid
2025-07-10 12:03:31 INFO     Data : 2077
2025-07-10 12:03:31 INFO     Hit1 : 0.027443
2025-07-10 12:03:31 INFO     Hit3 : 0.053442
2025-07-10 12:03:31 INFO     Hit10: 0.080886
2025-07-10 12:03:31 INFO     MR   : 1446.551517
2025-07-10 12:03:31 INFO     MRR  : 0.049468
2025-07-10 12:03:31 INFO     >>>>> Predictor: Evaluating on test
2025-07-10 12:03:50 INFO     Data : 2342
2025-07-10 12:03:50 INFO     Hit1 : 0.029462
2025-07-10 12:03:50 INFO     Hit3 : 0.054227
2025-07-10 12:03:50 INFO     Hit10: 0.078992
2025-07-10 12:03:50 INFO     MR   : 1341.779249
2025-07-10 12:03:50 INFO     MRR  : 0.051115
2025-07-10 12:03:50 INFO     >>>>> Predictor: Computing H scores of rules
2025-07-10 12:07:11 INFO     1000 5959
2025-07-10 12:10:31 INFO     2000 5959
2025-07-10 12:13:51 INFO     3000 5959
2025-07-10 12:17:11 INFO     4000 5959
2025-07-10 12:20:31 INFO     5000 5959
2025-07-10 12:23:45 INFO     >>>>> Generator: Training
2025-07-10 12:23:54 INFO     -------------------------
2025-07-10 12:23:54 INFO     | Post-train Generator
2025-07-10 12:23:54 INFO     -------------------------
2025-07-10 12:23:56 INFO     >>>>> Generator: Training
2025-07-10 12:25:22 INFO     [E01000] Total 3.206713 | Main 3.089704 | RelClus 2.268245 | EntType 3.041056
2025-07-10 12:25:22 INFO     -------------------------
2025-07-10 12:25:22 INFO     | Beam Search Best Rules
2025-07-10 12:25:22 INFO     -------------------------
2025-07-10 12:25:22 INFO     >>>>> Generator: Rule generation with beam search
2025-07-10 12:25:22 INFO     >>>>> Generator: Rule generation with beam search
2025-07-10 12:25:28 INFO     >>>>> Generator: Rule generation with beam search
2025-07-10 12:26:51 INFO     >>>>> Generator: Rule generation with beam search
2025-07-10 12:27:58 INFO     >>>>> Generator: Rule generation with beam search
2025-07-10 12:28:44 INFO     -------------------------
2025-07-10 12:28:44 INFO     | Train Final Predictor+
2025-07-10 12:28:44 INFO     -------------------------
2025-07-10 12:28:44 INFO     Predictor+: read 18420 rules from list.
2025-07-10 12:28:44 INFO     Preprocess training set
2025-07-10 12:28:44 INFO     -------------------------
2025-07-10 12:28:44 INFO     | Iteration: 1/5
2025-07-10 12:28:44 INFO     -------------------------
2025-07-10 12:28:44 INFO     >>>>> Predictor: Training
2025-07-10 12:33:54 INFO     1000 5959 4.895653 69271.3
2025-07-10 12:39:00 INFO     2000 5959 4.723721 69332.0
2025-07-10 12:44:08 INFO     3000 5959 4.707557 69375.3
2025-07-10 12:49:16 INFO     4000 5959 4.709116 69279.9
2025-07-10 12:54:27 INFO     5000 5959 4.680303 69349.3
2025-07-10 12:59:22 INFO     >>>>> Predictor: Evaluating on valid
2025-07-10 13:00:37 INFO     Data : 2077
2025-07-10 13:00:37 INFO     Hit1 : 0.103033
2025-07-10 13:00:37 INFO     Hit3 : 0.191141
2025-07-10 13:00:37 INFO     Hit10: 0.319692
2025-07-10 13:00:37 INFO     MR   : 985.392874
2025-07-10 13:00:37 INFO     MRR  : 0.171631
2025-07-10 13:00:37 INFO     >>>>> Predictor: Evaluating on test
2025-07-10 13:02:03 INFO     Data : 2342
2025-07-10 13:02:03 INFO     Hit1 : 0.130231
2025-07-10 13:02:03 INFO     Hit3 : 0.205380
2025-07-10 13:02:03 INFO     Hit10: 0.315969
2025-07-10 13:02:03 INFO     MR   : 921.119342
2025-07-10 13:02:03 INFO     MRR  : 0.192110
2025-07-10 13:02:03 INFO     Save checkpoint to results/semmeddb/10_times_each/cluster_k/6_20250710_065933/predictor.pt
2025-07-10 13:02:03 INFO     -------------------------
2025-07-10 13:02:03 INFO     | Iteration: 2/5
2025-07-10 13:02:03 INFO     -------------------------
2025-07-10 13:02:03 INFO     >>>>> Predictor: Training
2025-07-10 13:07:10 INFO     1000 5959 4.603299 69366.7
2025-07-10 13:12:19 INFO     2000 5959 4.651368 69375.3
2025-07-10 13:17:26 INFO     3000 5959 4.639705 69219.2
2025-07-10 13:22:34 INFO     4000 5959 4.651205 69305.9
2025-07-10 13:27:41 INFO     5000 5959 4.616963 69288.6
2025-07-10 13:32:37 INFO     >>>>> Predictor: Evaluating on valid
2025-07-10 13:33:53 INFO     Data : 2077
2025-07-10 13:33:53 INFO     Hit1 : 0.099182
2025-07-10 13:33:53 INFO     Hit3 : 0.185364
2025-07-10 13:33:53 INFO     Hit10: 0.319210
2025-07-10 13:33:53 INFO     MR   : 948.905152
2025-07-10 13:33:53 INFO     MRR  : 0.168570
2025-07-10 13:33:53 INFO     >>>>> Predictor: Evaluating on test
2025-07-10 13:35:18 INFO     Data : 2342
2025-07-10 13:35:18 INFO     Hit1 : 0.131085
2025-07-10 13:35:18 INFO     Hit3 : 0.210077
2025-07-10 13:35:18 INFO     Hit10: 0.321520
2025-07-10 13:35:18 INFO     MR   : 881.259180
2025-07-10 13:35:18 INFO     MRR  : 0.193903
2025-07-10 13:35:18 INFO     -------------------------
2025-07-10 13:35:18 INFO     | Iteration: 3/5
2025-07-10 13:35:18 INFO     -------------------------
2025-07-10 13:35:18 INFO     >>>>> Predictor: Training
2025-07-10 13:40:28 INFO     1000 5959 4.616530 69288.6
2025-07-10 13:45:37 INFO     2000 5959 4.616952 69288.6
2025-07-10 13:50:43 INFO     3000 5959 4.606996 69340.6
2025-07-10 13:55:54 INFO     4000 5959 4.617670 69271.3
2025-07-10 14:01:03 INFO     5000 5959 4.638429 69219.2
2025-07-10 14:06:00 INFO     >>>>> Predictor: Evaluating on valid
2025-07-10 14:07:16 INFO     Data : 2077
2025-07-10 14:07:16 INFO     Hit1 : 0.095811
2025-07-10 14:07:16 INFO     Hit3 : 0.180067
2025-07-10 14:07:16 INFO     Hit10: 0.311988
2025-07-10 14:07:16 INFO     MR   : 934.830043
2025-07-10 14:07:16 INFO     MRR  : 0.164209
2025-07-10 14:07:16 INFO     >>>>> Predictor: Evaluating on test
2025-07-10 14:08:42 INFO     Data : 2342
2025-07-10 14:08:42 INFO     Hit1 : 0.116567
2025-07-10 14:08:42 INFO     Hit3 : 0.201537
2025-07-10 14:08:42 INFO     Hit10: 0.320239
2025-07-10 14:08:42 INFO     MR   : 863.427199
2025-07-10 14:08:42 INFO     MRR  : 0.182343
2025-07-10 14:08:42 INFO     -------------------------
2025-07-10 14:08:42 INFO     | Iteration: 4/5
2025-07-10 14:08:42 INFO     -------------------------
2025-07-10 14:08:42 INFO     >>>>> Predictor: Training
2025-07-10 14:13:50 INFO     1000 5959 4.590894 69340.6
2025-07-10 14:19:01 INFO     2000 5959 4.562638 69184.5
2025-07-10 14:24:11 INFO     3000 5959 4.626200 69253.9
2025-07-10 14:29:23 INFO     4000 5959 4.600287 69340.6
2025-07-10 14:34:33 INFO     5000 5959 4.598476 69384.0
2025-07-10 14:39:30 INFO     >>>>> Predictor: Evaluating on valid
2025-07-10 14:40:47 INFO     Data : 2077
2025-07-10 14:40:47 INFO     Hit1 : 0.099663
2025-07-10 14:40:47 INFO     Hit3 : 0.181993
2025-07-10 14:40:47 INFO     Hit10: 0.312951
2025-07-10 14:40:47 INFO     MR   : 928.300433
2025-07-10 14:40:47 INFO     MRR  : 0.168345
2025-07-10 14:40:47 INFO     >>>>> Predictor: Evaluating on test
2025-07-10 14:42:13 INFO     Data : 2342
2025-07-10 14:42:13 INFO     Hit1 : 0.125961
2025-07-10 14:42:13 INFO     Hit3 : 0.212212
2025-07-10 14:42:13 INFO     Hit10: 0.322374
2025-07-10 14:42:13 INFO     MR   : 858.680828
2025-07-10 14:42:13 INFO     MRR  : 0.190812
2025-07-10 14:42:13 INFO     -------------------------
2025-07-10 14:42:13 INFO     | Iteration: 5/5
2025-07-10 14:42:13 INFO     -------------------------
2025-07-10 14:42:13 INFO     >>>>> Predictor: Training
2025-07-10 14:47:16 INFO     1000 5959 4.603086 69323.3
2025-07-10 14:52:16 INFO     2000 5959 4.581059 69332.0
2025-07-10 14:57:23 INFO     3000 5959 4.614757 69219.2
2025-07-10 15:02:32 INFO     4000 5959 4.613685 69297.3
2025-07-10 15:07:31 INFO     5000 5959 4.573149 69332.0
2025-07-10 15:12:19 INFO     >>>>> Predictor: Evaluating on valid
2025-07-10 15:13:34 INFO     Data : 2077
2025-07-10 15:13:34 INFO     Hit1 : 0.092441
2025-07-10 15:13:34 INFO     Hit3 : 0.182475
2025-07-10 15:13:34 INFO     Hit10: 0.315359
2025-07-10 15:13:34 INFO     MR   : 917.889745
2025-07-10 15:13:34 INFO     MRR  : 0.163647
2025-07-10 15:13:34 INFO     >>>>> Predictor: Evaluating on test
2025-07-10 15:14:58 INFO     Data : 2342
2025-07-10 15:14:58 INFO     Hit1 : 0.131512
2025-07-10 15:14:58 INFO     Hit3 : 0.211358
2025-07-10 15:14:58 INFO     Hit10: 0.324509
2025-07-10 15:14:58 INFO     MR   : 850.284372
2025-07-10 15:14:58 INFO     MRR  : 0.193771
2025-07-10 15:14:58 INFO     -------------------------
2025-07-10 15:14:58 INFO     | Final Test MRR: 0.192110
2025-07-10 15:14:58 INFO     -------------------------
