2025-04-18 00:53:21 INFO     Predictor: read 176 rules from list.
2025-04-18 00:55:30 INFO     Predictor+: read 20306 rules from list.
-------------------------
2025-04-18 00:52:28 INFO     >>>>> Generator: Training
2025-04-18 00:52:34 INFO     1000 10000 1.242371
2025-04-18 00:52:39 INFO     2000 10000 1.139264
2025-04-18 00:52:45 INFO     3000 10000 1.123235
2025-04-18 00:52:50 INFO     4000 10000 1.110438
2025-04-18 00:52:55 INFO     5000 10000 1.110424
2025-04-18 00:53:00 INFO     6000 10000 1.100662
2025-04-18 00:53:05 INFO     7000 10000 1.104968
2025-04-18 00:53:10 INFO     8000 10000 1.097117
2025-04-18 00:53:16 INFO     9000 10000 1.095074
2025-04-18 00:53:21 INFO     10000 10000 1.098894
2025-04-18 00:53:21 INFO     -------------------------
2025-04-18 00:53:21 INFO     | EM Iteration: 1/1
2025-04-18 00:53:21 INFO     -------------------------
2025-04-18 00:53:21 INFO     >>>>> Generator: Rule generation with sampling
2025-04-18 00:53:21 INFO     Predictor: read 176 rules from list.
2025-04-18 00:53:21 INFO     Initializing distributed process group
2025-04-18 00:53:21 INFO     Preprocess training set
2025-04-18 00:53:21 INFO     >>>>> Predictor: Training
2025-04-18 00:53:22 INFO     100 10860 10.415501 327544.0
2025-04-18 00:53:23 INFO     200 10860 10.125262 327544.0
2025-04-18 00:53:24 INFO     300 10860 9.833305 327544.0
2025-04-18 00:53:25 INFO     400 10860 9.739144 327544.0
2025-04-18 00:53:26 INFO     500 10860 9.595549 327544.0
2025-04-18 00:53:27 INFO     600 10860 9.357812 327544.0
2025-04-18 00:53:28 INFO     700 10860 8.928268 327544.0
2025-04-18 00:53:28 INFO     800 10860 9.153147 327544.0
2025-04-18 00:53:29 INFO     900 10860 8.856115 327544.0
2025-04-18 00:53:30 INFO     1000 10860 8.634568 327544.0
2025-04-18 00:53:30 INFO     >>>>> Predictor: Evaluating on valid
2025-04-18 00:53:34 INFO     Data : 6068
2025-04-18 00:53:34 INFO     Hit1 : 0.338332
2025-04-18 00:53:34 INFO     Hit3 : 0.367639
2025-04-18 00:53:34 INFO     Hit10: 0.389679
2025-04-18 00:53:34 INFO     MR   : 11204.773978
2025-04-18 00:53:34 INFO     MRR  : 0.357649
2025-04-18 00:53:34 INFO     >>>>> Predictor: Evaluating on test
2025-04-18 00:53:37 INFO     Data : 6268
2025-04-18 00:53:37 INFO     Hit1 : 0.342932
2025-04-18 00:53:37 INFO     Hit3 : 0.364324
2025-04-18 00:53:37 INFO     Hit10: 0.389359
2025-04-18 00:53:37 INFO     MR   : 11569.693682
2025-04-18 00:53:37 INFO     MRR  : 0.358682
2025-04-18 00:53:37 INFO     >>>>> Predictor: Computing H scores of rules
2025-04-18 00:53:44 INFO     1000 10860
2025-04-18 00:53:51 INFO     2000 10860
2025-04-18 00:53:58 INFO     3000 10860
2025-04-18 00:54:04 INFO     4000 10860
2025-04-18 00:54:11 INFO     5000 10860
2025-04-18 00:54:18 INFO     6000 10860
2025-04-18 00:54:24 INFO     7000 10860
2025-04-18 00:54:31 INFO     8000 10860
2025-04-18 00:54:38 INFO     9000 10860
2025-04-18 00:54:45 INFO     10000 10860
2025-04-18 00:54:52 INFO     >>>>> Generator: Training
2025-04-18 00:54:53 INFO     -------------------------
2025-04-18 00:54:53 INFO     | Post-train Generator
2025-04-18 00:54:53 INFO     -------------------------
2025-04-18 00:54:53 INFO     >>>>> Generator: Training
2025-04-18 00:54:57 INFO     1000 1000 -24.713478
2025-04-18 00:54:57 INFO     -------------------------
2025-04-18 00:54:57 INFO     | Beam Search Best Rules
2025-04-18 00:54:57 INFO     -------------------------
2025-04-18 00:54:57 INFO     >>>>> Generator: Rule generation with beam search
2025-04-18 00:54:57 INFO     >>>>> Generator: Rule generation with beam search
2025-04-18 00:54:59 INFO     >>>>> Generator: Rule generation with beam search
2025-04-18 00:55:14 INFO     >>>>> Generator: Rule generation with beam search
2025-04-18 00:55:24 INFO     >>>>> Generator: Rule generation with beam search
2025-04-18 00:55:30 INFO     -------------------------
2025-04-18 00:55:30 INFO     | Train Final Predictor+
2025-04-18 00:55:30 INFO     -------------------------
2025-04-18 00:55:30 INFO     Predictor+: read 20306 rules from list.
2025-04-18 00:55:30 INFO     Preprocess training set
2025-04-18 00:55:30 INFO     -------------------------
2025-04-18 00:55:30 INFO     | Iteration: 1/1
2025-04-18 00:55:30 INFO     -------------------------
2025-04-18 00:55:30 INFO     >>>>> Predictor: Training
2025-04-18 00:56:14 INFO     100 10860 6.257260 327544.0
2025-04-18 00:56:58 INFO     200 10860 4.590356 327544.0
2025-04-18 00:57:42 INFO     300 10860 4.457794 325906.3
2025-04-18 00:58:26 INFO     400 10860 5.043041 327544.0
2025-04-18 00:59:09 INFO     500 10860 4.686468 327544.0
2025-04-18 00:59:53 INFO     600 10860 4.901551 327544.0
2025-04-18 01:00:36 INFO     700 10860 5.066541 327544.0
2025-04-18 01:01:20 INFO     800 10860 4.853532 327544.0
2025-04-18 01:02:03 INFO     900 10860 4.470128 327544.0
2025-04-18 01:02:47 INFO     1000 10860 5.189877 327544.0
2025-04-18 01:02:47 INFO     >>>>> Predictor: Evaluating on valid
2025-04-18 01:05:18 INFO     Data : 6068
2025-04-18 01:05:18 INFO     Hit1 : 0.400132
2025-04-18 01:05:18 INFO     Hit3 : 0.441332
2025-04-18 01:05:18 INFO     Hit10: 0.479757
2025-04-18 01:05:18 INFO     MR   : 8446.639832
2025-04-18 01:05:18 INFO     MRR  : 0.427917
2025-04-18 01:05:18 INFO     >>>>> Predictor: Evaluating on test
2025-04-18 01:07:53 INFO     Data : 6268
2025-04-18 01:07:53 INFO     Hit1 : 0.408982
2025-04-18 01:07:53 INFO     Hit3 : 0.441289
2025-04-18 01:07:53 INFO     Hit10: 0.486386
2025-04-18 01:07:53 INFO     MR   : 8557.986678
2025-04-18 01:07:53 INFO     MRR  : 0.433916
2025-04-18 01:07:53 INFO     Save checkpoint to wn18rr/multitask_binary/predictor.pt
2025-04-18 01:07:53 INFO     -------------------------
2025-04-18 01:07:53 INFO     | Final Test MRR: 0.433916
2025-04-18 01:07:53 INFO     -------------------------
