2025-07-10 04:23:42 INFO     is_soft_label: False
2025-07-10 04:23:42 INFO     is_scheduled_sampling: False
2025-07-10 04:23:42 INFO     is_test_mode: False
2025-07-10 04:23:42 INFO     Data loading | DONE!
2025-07-10 04:23:42 INFO     Using full datasets for training, validation, and testing.
2025-07-10 04:23:43 INFO     -------------------------
2025-07-10 04:23:43 INFO     | EM Iteration: 1/5
2025-07-10 04:23:43 INFO     -------------------------
2025-07-10 04:23:43 INFO     >>>>> Using miner's rule
2025-07-10 04:23:43 INFO     Predictor: read 13661 rules from list.
2025-07-10 04:23:44 INFO     Preprocess training set
2025-07-10 04:23:44 INFO     >>>>> Predictor: Evaluating on valid
2025-07-10 04:26:09 INFO     Data : 2077
2025-07-10 04:26:09 INFO     Hit1 : 0.065479
2025-07-10 04:26:09 INFO     Hit3 : 0.127106
2025-07-10 04:26:09 INFO     Hit10: 0.199326
2025-07-10 04:26:09 INFO     MR   : 1120.902022
2025-07-10 04:26:09 INFO     MRR  : 0.114382
2025-07-10 04:26:09 INFO     >>>>> Predictor: Evaluating on test
2025-07-10 04:28:54 INFO     Data : 2342
2025-07-10 04:28:54 INFO     Hit1 : 0.078992
2025-07-10 04:28:54 INFO     Hit3 : 0.124253
2025-07-10 04:28:54 INFO     Hit10: 0.208796
2025-07-10 04:28:54 INFO     MR   : 1044.269001
2025-07-10 04:28:54 INFO     MRR  : 0.122250
2025-07-10 04:28:54 INFO     >>>>> Predictor: Computing H scores of rules
2025-07-10 05:06:34 INFO     1000 5959
2025-07-10 05:43:14 INFO     2000 5959
2025-07-10 06:18:43 INFO     3000 5959
2025-07-10 06:54:29 INFO     4000 5959
2025-07-10 07:30:22 INFO     5000 5959
2025-07-10 08:06:51 INFO     >>>>> Generator: Training
2025-07-10 08:07:00 INFO     -------------------------
2025-07-10 08:07:00 INFO     | EM Iteration: 2/5
2025-07-10 08:07:00 INFO     -------------------------
2025-07-10 08:07:00 INFO     >>>>> Using Generator's sample rule
2025-07-10 08:07:00 INFO     >>>>> Generator: Rule generation with sampling
2025-07-10 08:07:00 INFO     Predictor: read 1911 rules from list.
2025-07-10 08:07:00 INFO     Preprocess training set
2025-07-10 08:07:00 INFO     >>>>> Predictor: Training
2025-07-10 08:08:07 INFO     1000 5959 8.777697 69314.6
2025-07-10 08:09:14 INFO     2000 5959 8.372000 69271.3
2025-07-10 08:10:21 INFO     3000 5959 8.153905 69245.2
2025-07-10 08:11:28 INFO     4000 5959 7.970392 69340.6
2025-07-10 08:12:34 INFO     5000 5959 7.794693 69340.6
2025-07-10 08:13:38 INFO     >>>>> Predictor: Evaluating on valid
2025-07-10 08:13:53 INFO     Data : 2077
2025-07-10 08:13:53 INFO     Hit1 : 0.018777
2025-07-10 08:13:53 INFO     Hit3 : 0.033221
2025-07-10 08:13:53 INFO     Hit10: 0.057294
2025-07-10 08:13:53 INFO     MR   : 1434.890467
2025-07-10 08:13:53 INFO     MRR  : 0.034256
2025-07-10 08:13:53 INFO     >>>>> Predictor: Evaluating on test
2025-07-10 08:14:10 INFO     Data : 2342
2025-07-10 08:14:10 INFO     Hit1 : 0.017506
2025-07-10 08:14:10 INFO     Hit3 : 0.033305
2025-07-10 08:14:10 INFO     Hit10: 0.061059
2025-07-10 08:14:10 INFO     MR   : 1332.290991
2025-07-10 08:14:10 INFO     MRR  : 0.034269
2025-07-10 08:14:10 INFO     >>>>> Predictor: Computing H scores of rules
2025-07-10 08:17:29 INFO     1000 5959
2025-07-10 08:20:47 INFO     2000 5959
2025-07-10 08:24:05 INFO     3000 5959
2025-07-10 08:27:22 INFO     4000 5959
2025-07-10 08:30:41 INFO     5000 5959
2025-07-10 08:33:52 INFO     >>>>> Generator: Training
2025-07-10 08:34:00 INFO     -------------------------
2025-07-10 08:34:00 INFO     | EM Iteration: 3/5
2025-07-10 08:34:00 INFO     -------------------------
2025-07-10 08:34:00 INFO     >>>>> Using Generator's sample rule
2025-07-10 08:34:00 INFO     >>>>> Generator: Rule generation with sampling
2025-07-10 08:34:00 INFO     Predictor: read 1913 rules from list.
2025-07-10 08:34:00 INFO     Preprocess training set
2025-07-10 08:34:00 INFO     >>>>> Predictor: Training
2025-07-10 08:35:07 INFO     1000 5959 8.801417 69332.0
2025-07-10 08:36:15 INFO     2000 5959 8.440396 69349.3
2025-07-10 08:37:22 INFO     3000 5959 8.213695 69184.5
2025-07-10 08:38:31 INFO     4000 5959 8.009485 69253.9
2025-07-10 08:39:38 INFO     5000 5959 7.911373 69332.0
2025-07-10 08:40:43 INFO     >>>>> Predictor: Evaluating on valid
2025-07-10 08:40:58 INFO     Data : 2077
2025-07-10 08:40:58 INFO     Hit1 : 0.013962
2025-07-10 08:40:58 INFO     Hit3 : 0.021666
2025-07-10 08:40:58 INFO     Hit10: 0.033221
2025-07-10 08:40:58 INFO     MR   : 1496.971594
2025-07-10 08:40:58 INFO     MRR  : 0.023922
2025-07-10 08:40:58 INFO     >>>>> Predictor: Evaluating on test
2025-07-10 08:41:15 INFO     Data : 2342
2025-07-10 08:41:15 INFO     Hit1 : 0.013664
2025-07-10 08:41:15 INFO     Hit3 : 0.019641
2025-07-10 08:41:15 INFO     Hit10: 0.028181
2025-07-10 08:41:15 INFO     MR   : 1380.479078
2025-07-10 08:41:15 INFO     MRR  : 0.022659
2025-07-10 08:41:15 INFO     >>>>> Predictor: Computing H scores of rules
2025-07-10 08:44:32 INFO     1000 5959
2025-07-10 08:47:50 INFO     2000 5959
2025-07-10 08:51:06 INFO     3000 5959
2025-07-10 08:54:21 INFO     4000 5959
2025-07-10 08:57:37 INFO     5000 5959
2025-07-10 09:00:49 INFO     >>>>> Generator: Training
2025-07-10 09:00:57 INFO     -------------------------
2025-07-10 09:00:57 INFO     | EM Iteration: 4/5
2025-07-10 09:00:57 INFO     -------------------------
2025-07-10 09:00:57 INFO     >>>>> Using Generator's sample rule
2025-07-10 09:00:57 INFO     >>>>> Generator: Rule generation with sampling
2025-07-10 09:00:57 INFO     Predictor: read 1934 rules from list.
2025-07-10 09:00:57 INFO     Preprocess training set
2025-07-10 09:00:57 INFO     >>>>> Predictor: Training
2025-07-10 09:02:05 INFO     1000 5959 8.787222 69271.3
2025-07-10 09:03:14 INFO     2000 5959 8.405714 69340.6
2025-07-10 09:04:23 INFO     3000 5959 8.139487 69384.0
2025-07-10 09:05:32 INFO     4000 5959 7.956794 69262.6
2025-07-10 09:06:40 INFO     5000 5959 7.797917 69332.0
2025-07-10 09:07:45 INFO     >>>>> Predictor: Evaluating on valid
2025-07-10 09:08:01 INFO     Data : 2077
2025-07-10 09:08:01 INFO     Hit1 : 0.012518
2025-07-10 09:08:01 INFO     Hit3 : 0.026481
2025-07-10 09:08:01 INFO     Hit10: 0.047183
2025-07-10 09:08:01 INFO     MR   : 1475.796100
2025-07-10 09:08:01 INFO     MRR  : 0.027906
2025-07-10 09:08:01 INFO     >>>>> Predictor: Evaluating on test
2025-07-10 09:08:20 INFO     Data : 2342
2025-07-10 09:08:20 INFO     Hit1 : 0.009394
2025-07-10 09:08:20 INFO     Hit3 : 0.021776
2025-07-10 09:08:20 INFO     Hit10: 0.042272
2025-07-10 09:08:20 INFO     MR   : 1363.837746
2025-07-10 09:08:20 INFO     MRR  : 0.024119
2025-07-10 09:08:20 INFO     >>>>> Predictor: Computing H scores of rules
2025-07-10 09:11:40 INFO     1000 5959
2025-07-10 09:15:00 INFO     2000 5959
2025-07-10 09:18:20 INFO     3000 5959
2025-07-10 09:21:40 INFO     4000 5959
2025-07-10 09:25:01 INFO     5000 5959
2025-07-10 09:28:14 INFO     >>>>> Generator: Training
2025-07-10 09:28:22 INFO     -------------------------
2025-07-10 09:28:22 INFO     | EM Iteration: 5/5
2025-07-10 09:28:22 INFO     -------------------------
2025-07-10 09:28:22 INFO     >>>>> Using Generator's sample rule
2025-07-10 09:28:22 INFO     >>>>> Generator: Rule generation with sampling
2025-07-10 09:28:23 INFO     Predictor: read 1957 rules from list.
2025-07-10 09:28:23 INFO     Preprocess training set
2025-07-10 09:28:23 INFO     >>>>> Predictor: Training
2025-07-10 09:29:33 INFO     1000 5959 8.830482 69332.0
2025-07-10 09:30:45 INFO     2000 5959 8.516944 69349.3
2025-07-10 09:31:54 INFO     3000 5959 8.327075 69340.6
2025-07-10 09:33:05 INFO     4000 5959 8.191456 69297.3
2025-07-10 09:34:14 INFO     5000 5959 8.089649 69219.2
2025-07-10 09:35:22 INFO     >>>>> Predictor: Evaluating on valid
2025-07-10 09:35:38 INFO     Data : 2077
2025-07-10 09:35:38 INFO     Hit1 : 0.027443
2025-07-10 09:35:38 INFO     Hit3 : 0.053442
2025-07-10 09:35:38 INFO     Hit10: 0.080886
2025-07-10 09:35:38 INFO     MR   : 1446.551517
2025-07-10 09:35:38 INFO     MRR  : 0.049468
2025-07-10 09:35:38 INFO     >>>>> Predictor: Evaluating on test
2025-07-10 09:35:57 INFO     Data : 2342
2025-07-10 09:35:57 INFO     Hit1 : 0.029462
2025-07-10 09:35:57 INFO     Hit3 : 0.054227
2025-07-10 09:35:57 INFO     Hit10: 0.078992
2025-07-10 09:35:57 INFO     MR   : 1341.779249
2025-07-10 09:35:57 INFO     MRR  : 0.051115
2025-07-10 09:35:57 INFO     >>>>> Predictor: Computing H scores of rules
2025-07-10 09:39:16 INFO     1000 5959
2025-07-10 09:42:36 INFO     2000 5959
2025-07-10 09:45:56 INFO     3000 5959
2025-07-10 09:49:16 INFO     4000 5959
2025-07-10 09:52:35 INFO     5000 5959
2025-07-10 09:55:47 INFO     >>>>> Generator: Training
2025-07-10 09:55:56 INFO     -------------------------
2025-07-10 09:55:56 INFO     | Post-train Generator
2025-07-10 09:55:56 INFO     -------------------------
2025-07-10 09:55:57 INFO     >>>>> Generator: Training
2025-07-10 09:57:25 INFO     [E01000] Total 3.206713 | Main 3.089704 | RelClus 2.268245 | EntType 3.041056
2025-07-10 09:57:25 INFO     -------------------------
2025-07-10 09:57:25 INFO     | Beam Search Best Rules
2025-07-10 09:57:25 INFO     -------------------------
2025-07-10 09:57:25 INFO     >>>>> Generator: Rule generation with beam search
2025-07-10 09:57:26 INFO     >>>>> Generator: Rule generation with beam search
2025-07-10 09:57:32 INFO     >>>>> Generator: Rule generation with beam search
2025-07-10 09:58:52 INFO     >>>>> Generator: Rule generation with beam search
2025-07-10 09:59:59 INFO     >>>>> Generator: Rule generation with beam search
2025-07-10 10:00:45 INFO     -------------------------
2025-07-10 10:00:45 INFO     | Train Final Predictor+
2025-07-10 10:00:45 INFO     -------------------------
2025-07-10 10:00:45 INFO     Predictor+: read 18420 rules from list.
2025-07-10 10:00:45 INFO     Preprocess training set
2025-07-10 10:00:45 INFO     -------------------------
2025-07-10 10:00:45 INFO     | Iteration: 1/5
2025-07-10 10:00:45 INFO     -------------------------
2025-07-10 10:00:45 INFO     >>>>> Predictor: Training
2025-07-10 10:05:56 INFO     1000 5959 4.895488 69271.3
2025-07-10 10:11:04 INFO     2000 5959 4.723611 69332.0
2025-07-10 10:16:14 INFO     3000 5959 4.707436 69375.3
2025-07-10 10:21:24 INFO     4000 5959 4.708846 69279.9
2025-07-10 10:26:33 INFO     5000 5959 4.679152 69349.3
2025-07-10 10:31:27 INFO     >>>>> Predictor: Evaluating on valid
2025-07-10 10:32:43 INFO     Data : 2077
2025-07-10 10:32:43 INFO     Hit1 : 0.102552
2025-07-10 10:32:43 INFO     Hit3 : 0.188252
2025-07-10 10:32:43 INFO     Hit10: 0.315840
2025-07-10 10:32:43 INFO     MR   : 985.815599
2025-07-10 10:32:43 INFO     MRR  : 0.169949
2025-07-10 10:32:43 INFO     >>>>> Predictor: Evaluating on test
2025-07-10 10:34:08 INFO     Data : 2342
2025-07-10 10:34:08 INFO     Hit1 : 0.131512
2025-07-10 10:34:08 INFO     Hit3 : 0.205807
2025-07-10 10:34:08 INFO     Hit10: 0.316823
2025-07-10 10:34:08 INFO     MR   : 920.888984
2025-07-10 10:34:08 INFO     MRR  : 0.192460
2025-07-10 10:34:08 INFO     Save checkpoint to results/semmeddb/10_times_each/cluster_k/6_20250710_042340/predictor.pt
2025-07-10 10:34:08 INFO     -------------------------
2025-07-10 10:34:08 INFO     | Iteration: 2/5
2025-07-10 10:34:08 INFO     -------------------------
2025-07-10 10:34:08 INFO     >>>>> Predictor: Training
2025-07-10 10:39:16 INFO     1000 5959 4.602167 69366.7
2025-07-10 10:44:24 INFO     2000 5959 4.651323 69375.3
2025-07-10 10:49:30 INFO     3000 5959 4.639750 69219.2
2025-07-10 10:54:38 INFO     4000 5959 4.650412 69305.9
2025-07-10 10:59:45 INFO     5000 5959 4.616817 69288.6
2025-07-10 11:04:42 INFO     >>>>> Predictor: Evaluating on valid
2025-07-10 11:05:59 INFO     Data : 2077
2025-07-10 11:05:59 INFO     Hit1 : 0.097737
2025-07-10 11:05:59 INFO     Hit3 : 0.184882
2025-07-10 11:05:59 INFO     Hit10: 0.319210
2025-07-10 11:05:59 INFO     MR   : 948.332210
2025-07-10 11:05:59 INFO     MRR  : 0.166884
2025-07-10 11:05:59 INFO     >>>>> Predictor: Evaluating on test
2025-07-10 11:07:25 INFO     Data : 2342
2025-07-10 11:07:25 INFO     Hit1 : 0.125534
2025-07-10 11:07:25 INFO     Hit3 : 0.210504
2025-07-10 11:07:25 INFO     Hit10: 0.318958
2025-07-10 11:07:25 INFO     MR   : 880.985269
2025-07-10 11:07:25 INFO     MRR  : 0.190380
2025-07-10 11:07:25 INFO     -------------------------
2025-07-10 11:07:25 INFO     | Iteration: 3/5
2025-07-10 11:07:25 INFO     -------------------------
2025-07-10 11:07:25 INFO     >>>>> Predictor: Training
2025-07-10 11:12:34 INFO     1000 5959 4.615758 69288.6
2025-07-10 11:17:41 INFO     2000 5959 4.616066 69288.6
2025-07-10 11:22:46 INFO     3000 5959 4.607739 69340.6
2025-07-10 11:27:49 INFO     4000 5959 4.616713 69271.3
2025-07-10 11:32:51 INFO     5000 5959 4.637906 69219.2
2025-07-10 11:37:43 INFO     >>>>> Predictor: Evaluating on valid
2025-07-10 11:38:59 INFO     Data : 2077
2025-07-10 11:38:59 INFO     Hit1 : 0.092441
2025-07-10 11:38:59 INFO     Hit3 : 0.179104
2025-07-10 11:38:59 INFO     Hit10: 0.304766
2025-07-10 11:38:59 INFO     MR   : 936.671401
2025-07-10 11:38:59 INFO     MRR  : 0.162301
2025-07-10 11:38:59 INFO     >>>>> Predictor: Evaluating on test
2025-07-10 11:40:24 INFO     Data : 2342
2025-07-10 11:40:24 INFO     Hit1 : 0.123399
2025-07-10 11:40:24 INFO     Hit3 : 0.200683
2025-07-10 11:40:24 INFO     Hit10: 0.318104
2025-07-10 11:40:24 INFO     MR   : 862.026046
2025-07-10 11:40:24 INFO     MRR  : 0.185089
2025-07-10 11:40:24 INFO     -------------------------
2025-07-10 11:40:24 INFO     | Iteration: 4/5
2025-07-10 11:40:24 INFO     -------------------------
2025-07-10 11:40:24 INFO     >>>>> Predictor: Training
2025-07-10 11:45:27 INFO     1000 5959 4.589553 69340.6
2025-07-10 11:50:28 INFO     2000 5959 4.561813 69184.5
2025-07-10 11:55:35 INFO     3000 5959 4.623276 69253.9
2025-07-10 12:00:45 INFO     4000 5959 4.599666 69340.6
2025-07-10 12:05:56 INFO     5000 5959 4.598712 69384.0
2025-07-10 12:10:54 INFO     >>>>> Predictor: Evaluating on valid
2025-07-10 12:12:10 INFO     Data : 2077
2025-07-10 12:12:10 INFO     Hit1 : 0.100626
2025-07-10 12:12:10 INFO     Hit3 : 0.181993
2025-07-10 12:12:10 INFO     Hit10: 0.311026
2025-07-10 12:12:10 INFO     MR   : 929.525518
2025-07-10 12:12:10 INFO     MRR  : 0.166648
2025-07-10 12:12:10 INFO     >>>>> Predictor: Evaluating on test
2025-07-10 12:13:36 INFO     Data : 2342
2025-07-10 12:13:36 INFO     Hit1 : 0.126388
2025-07-10 12:13:36 INFO     Hit3 : 0.210077
2025-07-10 12:13:36 INFO     Hit10: 0.318531
2025-07-10 12:13:36 INFO     MR   : 859.961785
2025-07-10 12:13:36 INFO     MRR  : 0.189902
2025-07-10 12:13:36 INFO     -------------------------
2025-07-10 12:13:36 INFO     | Iteration: 5/5
2025-07-10 12:13:36 INFO     -------------------------
2025-07-10 12:13:36 INFO     >>>>> Predictor: Training
2025-07-10 12:18:46 INFO     1000 5959 4.603740 69323.3
2025-07-10 12:23:58 INFO     2000 5959 4.581821 69332.0
2025-07-10 12:29:09 INFO     3000 5959 4.613630 69219.2
2025-07-10 12:34:20 INFO     4000 5959 4.610339 69297.3
2025-07-10 12:39:30 INFO     5000 5959 4.573066 69332.0
2025-07-10 12:44:27 INFO     >>>>> Predictor: Evaluating on valid
2025-07-10 12:45:43 INFO     Data : 2077
2025-07-10 12:45:43 INFO     Hit1 : 0.096293
2025-07-10 12:45:43 INFO     Hit3 : 0.181993
2025-07-10 12:45:43 INFO     Hit10: 0.312951
2025-07-10 12:45:43 INFO     MR   : 917.895282
2025-07-10 12:45:43 INFO     MRR  : 0.165368
2025-07-10 12:45:43 INFO     >>>>> Predictor: Evaluating on test
2025-07-10 12:47:09 INFO     Data : 2342
2025-07-10 12:47:09 INFO     Hit1 : 0.131085
2025-07-10 12:47:09 INFO     Hit3 : 0.208796
2025-07-10 12:47:09 INFO     Hit10: 0.316823
2025-07-10 12:47:09 INFO     MR   : 850.652434
2025-07-10 12:47:09 INFO     MRR  : 0.192652
2025-07-10 12:47:09 INFO     -------------------------
2025-07-10 12:47:09 INFO     | Final Test MRR: 0.192460
2025-07-10 12:47:09 INFO     -------------------------
