2025-07-10 06:43:18 INFO     is_soft_label: False
2025-07-10 06:43:18 INFO     is_scheduled_sampling: False
2025-07-10 06:43:18 INFO     is_test_mode: False
2025-07-10 06:43:18 INFO     Data loading | DONE!
2025-07-10 06:43:18 INFO     Using full datasets for training, validation, and testing.
2025-07-10 06:43:19 INFO     -------------------------
2025-07-10 06:43:19 INFO     | EM Iteration: 1/5
2025-07-10 06:43:19 INFO     -------------------------
2025-07-10 06:43:19 INFO     >>>>> Using miner's rule
2025-07-10 06:43:19 INFO     Predictor: read 13661 rules from list.
2025-07-10 06:43:20 INFO     Preprocess training set
2025-07-10 06:43:20 INFO     >>>>> Predictor: Evaluating on valid
2025-07-10 06:45:37 INFO     Data : 2077
2025-07-10 06:45:37 INFO     Hit1 : 0.065479
2025-07-10 06:45:37 INFO     Hit3 : 0.127106
2025-07-10 06:45:37 INFO     Hit10: 0.199326
2025-07-10 06:45:37 INFO     MR   : 1120.902022
2025-07-10 06:45:37 INFO     MRR  : 0.114382
2025-07-10 06:45:37 INFO     >>>>> Predictor: Evaluating on test
2025-07-10 06:48:12 INFO     Data : 2342
2025-07-10 06:48:12 INFO     Hit1 : 0.078992
2025-07-10 06:48:12 INFO     Hit3 : 0.124253
2025-07-10 06:48:12 INFO     Hit10: 0.208796
2025-07-10 06:48:12 INFO     MR   : 1044.269001
2025-07-10 06:48:12 INFO     MRR  : 0.122250
2025-07-10 06:48:12 INFO     >>>>> Predictor: Computing H scores of rules
2025-07-10 07:22:28 INFO     1000 5959
2025-07-10 07:57:24 INFO     2000 5959
2025-07-10 08:31:57 INFO     3000 5959
2025-07-10 09:06:43 INFO     4000 5959
2025-07-10 09:41:11 INFO     5000 5959
2025-07-10 10:16:23 INFO     >>>>> Generator: Training
2025-07-10 10:16:33 INFO     -------------------------
2025-07-10 10:16:33 INFO     | EM Iteration: 2/5
2025-07-10 10:16:33 INFO     -------------------------
2025-07-10 10:16:33 INFO     >>>>> Using Generator's sample rule
2025-07-10 10:16:33 INFO     >>>>> Generator: Rule generation with sampling
2025-07-10 10:16:33 INFO     Predictor: read 1911 rules from list.
2025-07-10 10:16:33 INFO     Preprocess training set
2025-07-10 10:16:33 INFO     >>>>> Predictor: Training
2025-07-10 10:17:41 INFO     1000 5959 8.777697 69314.6
2025-07-10 10:18:49 INFO     2000 5959 8.372000 69271.3
2025-07-10 10:19:56 INFO     3000 5959 8.153905 69245.2
2025-07-10 10:21:03 INFO     4000 5959 7.970392 69340.6
2025-07-10 10:22:10 INFO     5000 5959 7.794693 69340.6
2025-07-10 10:23:15 INFO     >>>>> Predictor: Evaluating on valid
2025-07-10 10:23:31 INFO     Data : 2077
2025-07-10 10:23:31 INFO     Hit1 : 0.018777
2025-07-10 10:23:31 INFO     Hit3 : 0.033221
2025-07-10 10:23:31 INFO     Hit10: 0.057294
2025-07-10 10:23:31 INFO     MR   : 1434.890467
2025-07-10 10:23:31 INFO     MRR  : 0.034256
2025-07-10 10:23:31 INFO     >>>>> Predictor: Evaluating on test
2025-07-10 10:23:50 INFO     Data : 2342
2025-07-10 10:23:50 INFO     Hit1 : 0.017506
2025-07-10 10:23:50 INFO     Hit3 : 0.033305
2025-07-10 10:23:50 INFO     Hit10: 0.061059
2025-07-10 10:23:50 INFO     MR   : 1332.290991
2025-07-10 10:23:50 INFO     MRR  : 0.034269
2025-07-10 10:23:50 INFO     >>>>> Predictor: Computing H scores of rules
2025-07-10 10:27:08 INFO     1000 5959
2025-07-10 10:30:26 INFO     2000 5959
2025-07-10 10:33:44 INFO     3000 5959
2025-07-10 10:37:03 INFO     4000 5959
2025-07-10 10:40:23 INFO     5000 5959
2025-07-10 10:43:36 INFO     >>>>> Generator: Training
2025-07-10 10:43:46 INFO     -------------------------
2025-07-10 10:43:46 INFO     | EM Iteration: 3/5
2025-07-10 10:43:46 INFO     -------------------------
2025-07-10 10:43:46 INFO     >>>>> Using Generator's sample rule
2025-07-10 10:43:46 INFO     >>>>> Generator: Rule generation with sampling
2025-07-10 10:43:46 INFO     Predictor: read 1913 rules from list.
2025-07-10 10:43:46 INFO     Preprocess training set
2025-07-10 10:43:46 INFO     >>>>> Predictor: Training
2025-07-10 10:44:53 INFO     1000 5959 8.801417 69332.0
2025-07-10 10:46:00 INFO     2000 5959 8.440396 69349.3
2025-07-10 10:47:06 INFO     3000 5959 8.213695 69184.5
2025-07-10 10:48:13 INFO     4000 5959 8.009485 69253.9
2025-07-10 10:49:19 INFO     5000 5959 7.911373 69332.0
2025-07-10 10:50:23 INFO     >>>>> Predictor: Evaluating on valid
2025-07-10 10:50:39 INFO     Data : 2077
2025-07-10 10:50:39 INFO     Hit1 : 0.013962
2025-07-10 10:50:39 INFO     Hit3 : 0.021666
2025-07-10 10:50:39 INFO     Hit10: 0.033221
2025-07-10 10:50:39 INFO     MR   : 1496.971594
2025-07-10 10:50:39 INFO     MRR  : 0.023922
2025-07-10 10:50:39 INFO     >>>>> Predictor: Evaluating on test
2025-07-10 10:50:58 INFO     Data : 2342
2025-07-10 10:50:58 INFO     Hit1 : 0.013664
2025-07-10 10:50:58 INFO     Hit3 : 0.019641
2025-07-10 10:50:58 INFO     Hit10: 0.028181
2025-07-10 10:50:58 INFO     MR   : 1380.479078
2025-07-10 10:50:58 INFO     MRR  : 0.022659
2025-07-10 10:50:58 INFO     >>>>> Predictor: Computing H scores of rules
2025-07-10 10:54:16 INFO     1000 5959
2025-07-10 10:57:35 INFO     2000 5959
2025-07-10 11:00:54 INFO     3000 5959
2025-07-10 11:04:13 INFO     4000 5959
2025-07-10 11:07:32 INFO     5000 5959
2025-07-10 11:10:44 INFO     >>>>> Generator: Training
2025-07-10 11:10:54 INFO     -------------------------
2025-07-10 11:10:54 INFO     | EM Iteration: 4/5
2025-07-10 11:10:54 INFO     -------------------------
2025-07-10 11:10:54 INFO     >>>>> Using Generator's sample rule
2025-07-10 11:10:54 INFO     >>>>> Generator: Rule generation with sampling
2025-07-10 11:10:54 INFO     Predictor: read 1934 rules from list.
2025-07-10 11:10:54 INFO     Preprocess training set
2025-07-10 11:10:54 INFO     >>>>> Predictor: Training
2025-07-10 11:12:01 INFO     1000 5959 8.787222 69271.3
2025-07-10 11:13:09 INFO     2000 5959 8.405714 69340.6
2025-07-10 11:14:17 INFO     3000 5959 8.139487 69384.0
2025-07-10 11:15:24 INFO     4000 5959 7.956794 69262.6
2025-07-10 11:16:32 INFO     5000 5959 7.797917 69332.0
2025-07-10 11:17:37 INFO     >>>>> Predictor: Evaluating on valid
2025-07-10 11:17:54 INFO     Data : 2077
2025-07-10 11:17:54 INFO     Hit1 : 0.012518
2025-07-10 11:17:54 INFO     Hit3 : 0.026481
2025-07-10 11:17:54 INFO     Hit10: 0.047183
2025-07-10 11:17:54 INFO     MR   : 1475.796100
2025-07-10 11:17:54 INFO     MRR  : 0.027906
2025-07-10 11:17:54 INFO     >>>>> Predictor: Evaluating on test
2025-07-10 11:18:12 INFO     Data : 2342
2025-07-10 11:18:12 INFO     Hit1 : 0.009394
2025-07-10 11:18:12 INFO     Hit3 : 0.021776
2025-07-10 11:18:12 INFO     Hit10: 0.042272
2025-07-10 11:18:12 INFO     MR   : 1363.837746
2025-07-10 11:18:12 INFO     MRR  : 0.024119
2025-07-10 11:18:12 INFO     >>>>> Predictor: Computing H scores of rules
2025-07-10 11:21:31 INFO     1000 5959
2025-07-10 11:24:51 INFO     2000 5959
2025-07-10 11:28:10 INFO     3000 5959
2025-07-10 11:31:28 INFO     4000 5959
2025-07-10 11:34:46 INFO     5000 5959
2025-07-10 11:38:00 INFO     >>>>> Generator: Training
2025-07-10 11:38:10 INFO     -------------------------
2025-07-10 11:38:10 INFO     | EM Iteration: 5/5
2025-07-10 11:38:10 INFO     -------------------------
2025-07-10 11:38:10 INFO     >>>>> Using Generator's sample rule
2025-07-10 11:38:10 INFO     >>>>> Generator: Rule generation with sampling
2025-07-10 11:38:10 INFO     Predictor: read 1957 rules from list.
2025-07-10 11:38:10 INFO     Preprocess training set
2025-07-10 11:38:10 INFO     >>>>> Predictor: Training
2025-07-10 11:39:18 INFO     1000 5959 8.830482 69332.0
2025-07-10 11:40:25 INFO     2000 5959 8.516944 69349.3
2025-07-10 11:41:35 INFO     3000 5959 8.327075 69340.6
2025-07-10 11:42:45 INFO     4000 5959 8.191456 69297.3
2025-07-10 11:43:55 INFO     5000 5959 8.089649 69219.2
2025-07-10 11:45:02 INFO     >>>>> Predictor: Evaluating on valid
2025-07-10 11:45:19 INFO     Data : 2077
2025-07-10 11:45:19 INFO     Hit1 : 0.027443
2025-07-10 11:45:19 INFO     Hit3 : 0.053442
2025-07-10 11:45:19 INFO     Hit10: 0.080886
2025-07-10 11:45:19 INFO     MR   : 1446.551517
2025-07-10 11:45:19 INFO     MRR  : 0.049468
2025-07-10 11:45:19 INFO     >>>>> Predictor: Evaluating on test
2025-07-10 11:45:38 INFO     Data : 2342
2025-07-10 11:45:38 INFO     Hit1 : 0.029462
2025-07-10 11:45:38 INFO     Hit3 : 0.054227
2025-07-10 11:45:38 INFO     Hit10: 0.078992
2025-07-10 11:45:38 INFO     MR   : 1341.779249
2025-07-10 11:45:38 INFO     MRR  : 0.051115
2025-07-10 11:45:38 INFO     >>>>> Predictor: Computing H scores of rules
2025-07-10 11:48:57 INFO     1000 5959
2025-07-10 11:52:16 INFO     2000 5959
2025-07-10 11:55:35 INFO     3000 5959
2025-07-10 11:58:54 INFO     4000 5959
2025-07-10 12:02:14 INFO     5000 5959
2025-07-10 12:05:28 INFO     >>>>> Generator: Training
2025-07-10 12:05:38 INFO     -------------------------
2025-07-10 12:05:38 INFO     | Post-train Generator
2025-07-10 12:05:38 INFO     -------------------------
2025-07-10 12:05:40 INFO     >>>>> Generator: Training
2025-07-10 12:07:13 INFO     [E01000] Total 3.206713 | Main 3.089704 | RelClus 2.268245 | EntType 3.041056
2025-07-10 12:07:13 INFO     -------------------------
2025-07-10 12:07:13 INFO     | Beam Search Best Rules
2025-07-10 12:07:13 INFO     -------------------------
2025-07-10 12:07:13 INFO     >>>>> Generator: Rule generation with beam search
2025-07-10 12:07:14 INFO     >>>>> Generator: Rule generation with beam search
2025-07-10 12:07:20 INFO     >>>>> Generator: Rule generation with beam search
2025-07-10 12:08:40 INFO     >>>>> Generator: Rule generation with beam search
2025-07-10 12:09:46 INFO     >>>>> Generator: Rule generation with beam search
2025-07-10 12:10:31 INFO     -------------------------
2025-07-10 12:10:31 INFO     | Train Final Predictor+
2025-07-10 12:10:31 INFO     -------------------------
2025-07-10 12:10:31 INFO     Predictor+: read 18420 rules from list.
2025-07-10 12:10:32 INFO     Preprocess training set
2025-07-10 12:10:32 INFO     -------------------------
2025-07-10 12:10:32 INFO     | Iteration: 1/5
2025-07-10 12:10:32 INFO     -------------------------
2025-07-10 12:10:32 INFO     >>>>> Predictor: Training
2025-07-10 12:15:37 INFO     1000 5959 4.895604 69271.3
2025-07-10 12:20:39 INFO     2000 5959 4.723009 69332.0
2025-07-10 12:25:41 INFO     3000 5959 4.707816 69375.3
2025-07-10 12:30:44 INFO     4000 5959 4.708878 69279.9
2025-07-10 12:35:49 INFO     5000 5959 4.679675 69349.3
2025-07-10 12:40:41 INFO     >>>>> Predictor: Evaluating on valid
2025-07-10 12:41:56 INFO     Data : 2077
2025-07-10 12:41:56 INFO     Hit1 : 0.102070
2025-07-10 12:41:56 INFO     Hit3 : 0.185364
2025-07-10 12:41:56 INFO     Hit10: 0.319692
2025-07-10 12:41:56 INFO     MR   : 984.736158
2025-07-10 12:41:56 INFO     MRR  : 0.169803
2025-07-10 12:41:56 INFO     >>>>> Predictor: Evaluating on test
2025-07-10 12:43:20 INFO     Data : 2342
2025-07-10 12:43:20 INFO     Hit1 : 0.128523
2025-07-10 12:43:20 INFO     Hit3 : 0.208369
2025-07-10 12:43:20 INFO     Hit10: 0.315115
2025-07-10 12:43:20 INFO     MR   : 920.181469
2025-07-10 12:43:20 INFO     MRR  : 0.191577
2025-07-10 12:43:20 INFO     Save checkpoint to results/semmeddb/10_times_each/cluster_k/6_20250710_064316/predictor.pt
2025-07-10 12:43:20 INFO     -------------------------
2025-07-10 12:43:20 INFO     | Iteration: 2/5
2025-07-10 12:43:20 INFO     -------------------------
2025-07-10 12:43:20 INFO     >>>>> Predictor: Training
2025-07-10 12:48:25 INFO     1000 5959 4.604054 69366.7
2025-07-10 12:53:29 INFO     2000 5959 4.652487 69375.3
2025-07-10 12:58:34 INFO     3000 5959 4.640144 69219.2
2025-07-10 13:03:37 INFO     4000 5959 4.651944 69305.9
2025-07-10 13:08:42 INFO     5000 5959 4.616714 69288.6
2025-07-10 13:13:35 INFO     >>>>> Predictor: Evaluating on valid
2025-07-10 13:14:49 INFO     Data : 2077
2025-07-10 13:14:49 INFO     Hit1 : 0.100144
2025-07-10 13:14:49 INFO     Hit3 : 0.188734
2025-07-10 13:14:49 INFO     Hit10: 0.315359
2025-07-10 13:14:49 INFO     MR   : 946.542610
2025-07-10 13:14:49 INFO     MRR  : 0.168944
2025-07-10 13:14:49 INFO     >>>>> Predictor: Evaluating on test
2025-07-10 13:16:13 INFO     Data : 2342
2025-07-10 13:16:13 INFO     Hit1 : 0.131512
2025-07-10 13:16:13 INFO     Hit3 : 0.213920
2025-07-10 13:16:13 INFO     Hit10: 0.321520
2025-07-10 13:16:13 INFO     MR   : 880.761956
2025-07-10 13:16:13 INFO     MRR  : 0.194508
2025-07-10 13:16:13 INFO     -------------------------
2025-07-10 13:16:13 INFO     | Iteration: 3/5
2025-07-10 13:16:13 INFO     -------------------------
2025-07-10 13:16:13 INFO     >>>>> Predictor: Training
2025-07-10 13:21:15 INFO     1000 5959 4.616138 69288.6
2025-07-10 13:26:20 INFO     2000 5959 4.617303 69288.6
2025-07-10 13:31:23 INFO     3000 5959 4.606889 69340.6
2025-07-10 13:36:27 INFO     4000 5959 4.616339 69271.3
2025-07-10 13:41:31 INFO     5000 5959 4.637859 69219.2
2025-07-10 13:46:22 INFO     >>>>> Predictor: Evaluating on valid
2025-07-10 13:47:37 INFO     Data : 2077
2025-07-10 13:47:37 INFO     Hit1 : 0.093404
2025-07-10 13:47:37 INFO     Hit3 : 0.179104
2025-07-10 13:47:37 INFO     Hit10: 0.305248
2025-07-10 13:47:37 INFO     MR   : 934.405152
2025-07-10 13:47:37 INFO     MRR  : 0.162416
2025-07-10 13:47:37 INFO     >>>>> Predictor: Evaluating on test
2025-07-10 13:49:02 INFO     Data : 2342
2025-07-10 13:49:02 INFO     Hit1 : 0.116140
2025-07-10 13:49:02 INFO     Hit3 : 0.201537
2025-07-10 13:49:02 INFO     Hit10: 0.320239
2025-07-10 13:49:02 INFO     MR   : 862.009180
2025-07-10 13:49:02 INFO     MRR  : 0.182315
2025-07-10 13:49:02 INFO     -------------------------
2025-07-10 13:49:02 INFO     | Iteration: 4/5
2025-07-10 13:49:02 INFO     -------------------------
2025-07-10 13:49:02 INFO     >>>>> Predictor: Training
2025-07-10 13:54:07 INFO     1000 5959 4.590544 69340.6
2025-07-10 13:59:13 INFO     2000 5959 4.562980 69184.5
2025-07-10 14:04:17 INFO     3000 5959 4.624508 69253.9
2025-07-10 14:09:20 INFO     4000 5959 4.599993 69340.6
2025-07-10 14:14:25 INFO     5000 5959 4.596963 69384.0
2025-07-10 14:19:18 INFO     >>>>> Predictor: Evaluating on valid
2025-07-10 14:20:32 INFO     Data : 2077
2025-07-10 14:20:32 INFO     Hit1 : 0.100144
2025-07-10 14:20:32 INFO     Hit3 : 0.184401
2025-07-10 14:20:32 INFO     Hit10: 0.311507
2025-07-10 14:20:32 INFO     MR   : 927.836543
2025-07-10 14:20:32 INFO     MRR  : 0.166942
2025-07-10 14:20:32 INFO     >>>>> Predictor: Evaluating on test
2025-07-10 14:21:56 INFO     Data : 2342
2025-07-10 14:21:56 INFO     Hit1 : 0.127242
2025-07-10 14:21:56 INFO     Hit3 : 0.213066
2025-07-10 14:21:56 INFO     Hit10: 0.323655
2025-07-10 14:21:56 INFO     MR   : 858.237190
2025-07-10 14:21:56 INFO     MRR  : 0.191729
2025-07-10 14:21:56 INFO     -------------------------
2025-07-10 14:21:56 INFO     | Iteration: 5/5
2025-07-10 14:21:56 INFO     -------------------------
2025-07-10 14:21:56 INFO     >>>>> Predictor: Training
2025-07-10 14:27:01 INFO     1000 5959 4.602542 69323.3
2025-07-10 14:32:05 INFO     2000 5959 4.580995 69332.0
2025-07-10 14:37:09 INFO     3000 5959 4.614076 69219.2
2025-07-10 14:42:15 INFO     4000 5959 4.610993 69297.3
2025-07-10 14:47:18 INFO     5000 5959 4.573256 69332.0
2025-07-10 14:52:11 INFO     >>>>> Predictor: Evaluating on valid
2025-07-10 14:53:25 INFO     Data : 2077
2025-07-10 14:53:25 INFO     Hit1 : 0.097256
2025-07-10 14:53:25 INFO     Hit3 : 0.181030
2025-07-10 14:53:25 INFO     Hit10: 0.315359
2025-07-10 14:53:25 INFO     MR   : 917.332691
2025-07-10 14:53:25 INFO     MRR  : 0.165979
2025-07-10 14:53:25 INFO     >>>>> Predictor: Evaluating on test
2025-07-10 14:54:50 INFO     Data : 2342
2025-07-10 14:54:50 INFO     Hit1 : 0.124680
2025-07-10 14:54:50 INFO     Hit3 : 0.208369
2025-07-10 14:54:50 INFO     Hit10: 0.318958
2025-07-10 14:54:50 INFO     MR   : 849.589026
2025-07-10 14:54:50 INFO     MRR  : 0.189766
2025-07-10 14:54:50 INFO     -------------------------
2025-07-10 14:54:50 INFO     | Final Test MRR: 0.191577
2025-07-10 14:54:50 INFO     -------------------------
