2025-04-21 23:15:47 INFO     Predictor: read 443 rules from list.
2025-04-21 23:21:45 INFO     Predictor: read 460 rules from list.
2025-04-21 23:28:04 INFO     Predictor+: read 3586 rules from list.
rator: Training
2025-04-21 23:15:00 INFO     [E1000] Total: 1.487746 | Main: 1.506953 | Aux: 0.864711
2025-04-21 23:15:05 INFO     [E2000] Total: 1.380755 | Main: 1.380755 | Aux: 0.871327
2025-04-21 23:15:10 INFO     [E3000] Total: 1.363995 | Main: 1.363995 | Aux: 0.874737
2025-04-21 23:15:16 INFO     [E4000] Total: 1.342313 | Main: 1.342313 | Aux: 0.872242
2025-04-21 23:15:21 INFO     [E5000] Total: 1.342588 | Main: 1.342588 | Aux: 0.872597
2025-04-21 23:15:26 INFO     [E6000] Total: 1.339058 | Main: 1.339058 | Aux: 0.879155
2025-04-21 23:15:31 INFO     [E7000] Total: 1.339001 | Main: 1.339001 | Aux: 0.885110
2025-04-21 23:15:36 INFO     [E8000] Total: 1.335708 | Main: 1.335708 | Aux: 0.889675
2025-04-21 23:15:42 INFO     [E9000] Total: 1.326666 | Main: 1.326666 | Aux: 0.901396
2025-04-21 23:15:47 INFO     [E10000] Total: 1.320944 | Main: 1.320944 | Aux: 0.909239
2025-04-21 23:15:47 INFO     -------------------------
2025-04-21 23:15:47 INFO     | EM Iteration: 1/2
2025-04-21 23:15:47 INFO     -------------------------
2025-04-21 23:15:47 INFO     >>>>> Generator: Rule generation with sampling
2025-04-21 23:15:47 INFO     Predictor: read 443 rules from list.
2025-04-21 23:15:47 INFO     Initializing distributed process group
2025-04-21 23:15:47 INFO     Preprocess training set
2025-04-21 23:15:47 INFO     >>>>> Predictor: Training
2025-04-21 23:15:49 INFO     100 10860 10.130818 327544.0
2025-04-21 23:15:51 INFO     200 10860 9.485402 327544.0
2025-04-21 23:15:53 INFO     300 10860 8.991565 327544.0
2025-04-21 23:15:55 INFO     400 10860 8.872947 327544.0
2025-04-21 23:15:57 INFO     500 10860 8.748952 327544.0
2025-04-21 23:15:59 INFO     600 10860 8.400288 327544.0
2025-04-21 23:16:00 INFO     700 10860 8.140671 327544.0
2025-04-21 23:16:02 INFO     800 10860 8.340571 327544.0
2025-04-21 23:16:04 INFO     900 10860 7.975782 327544.0
2025-04-21 23:16:06 INFO     1000 10860 7.818850 327544.0
2025-04-21 23:16:08 INFO     1100 10860 8.352401 327544.0
2025-04-21 23:16:10 INFO     1200 10860 7.746609 325906.3
2025-04-21 23:16:12 INFO     1300 10860 7.749991 327544.0
2025-04-21 23:16:13 INFO     1400 10860 8.016554 327544.0
2025-04-21 23:16:15 INFO     1500 10860 7.548676 324678.0
2025-04-21 23:16:17 INFO     1600 10860 7.681775 327544.0
2025-04-21 23:16:19 INFO     1700 10860 7.903821 327544.0
2025-04-21 23:16:21 INFO     1800 10860 7.487275 327544.0
2025-04-21 23:16:23 INFO     1900 10860 7.494308 327544.0
2025-04-21 23:16:24 INFO     2000 10860 7.497323 327544.0
2025-04-21 23:16:26 INFO     2100 10860 7.280204 327544.0
2025-04-21 23:16:28 INFO     2200 10860 7.831136 327544.0
2025-04-21 23:16:30 INFO     2300 10860 7.182981 327544.0
2025-04-21 23:16:32 INFO     2400 10860 7.194124 327544.0
2025-04-21 23:16:34 INFO     2500 10860 7.079121 327544.0
2025-04-21 23:16:35 INFO     2600 10860 6.797546 327544.0
2025-04-21 23:16:37 INFO     2700 10860 7.062881 327544.0
2025-04-21 23:16:39 INFO     2800 10860 7.319185 327544.0
2025-04-21 23:16:41 INFO     2900 10860 7.057591 327544.0
2025-04-21 23:16:43 INFO     3000 10860 7.180686 327544.0
2025-04-21 23:16:45 INFO     3100 10860 7.221087 327544.0
2025-04-21 23:16:46 INFO     3200 10860 7.036151 327544.0
2025-04-21 23:16:48 INFO     3300 10860 7.217711 327544.0
2025-04-21 23:16:50 INFO     3400 10860 6.999338 327544.0
2025-04-21 23:16:52 INFO     3500 10860 7.264801 327544.0
2025-04-21 23:16:54 INFO     3600 10860 7.029026 327544.0
2025-04-21 23:16:56 INFO     3700 10860 6.986073 327544.0
2025-04-21 23:16:57 INFO     3800 10860 7.153646 327544.0
2025-04-21 23:16:59 INFO     3900 10860 7.036495 325906.3
2025-04-21 23:17:01 INFO     4000 10860 7.130860 325496.8
2025-04-21 23:17:03 INFO     4100 10860 7.315122 325496.8
2025-04-21 23:17:05 INFO     4200 10860 6.880118 327544.0
2025-04-21 23:17:06 INFO     4300 10860 6.677047 327544.0
2025-04-21 23:17:08 INFO     4400 10860 6.891590 327544.0
2025-04-21 23:17:10 INFO     4500 10860 7.119740 327544.0
2025-04-21 23:17:12 INFO     4600 10860 6.976479 327544.0
2025-04-21 23:17:14 INFO     4700 10860 7.177420 325087.4
2025-04-21 23:17:16 INFO     4800 10860 6.603168 327544.0
2025-04-21 23:17:17 INFO     4900 10860 6.648864 327544.0
2025-04-21 23:17:19 INFO     5000 10860 6.763745 327544.0
2025-04-21 23:17:21 INFO     5100 10860 6.636215 327544.0
2025-04-21 23:17:23 INFO     5200 10860 6.558399 327544.0
2025-04-21 23:17:25 INFO     5300 10860 6.797083 325087.4
2025-04-21 23:17:27 INFO     5400 10860 6.932909 327544.0
2025-04-21 23:17:28 INFO     5500 10860 6.750788 327544.0
2025-04-21 23:17:30 INFO     5600 10860 6.564639 327544.0
2025-04-21 23:17:32 INFO     5700 10860 6.873025 327544.0
2025-04-21 23:17:34 INFO     5800 10860 7.008186 327544.0
2025-04-21 23:17:36 INFO     5900 10860 6.596695 327544.0
2025-04-21 23:17:38 INFO     6000 10860 6.546005 327544.0
2025-04-21 23:17:39 INFO     6100 10860 6.535659 327544.0
2025-04-21 23:17:41 INFO     6200 10860 6.375094 327544.0
2025-04-21 23:17:43 INFO     6300 10860 6.542195 327544.0
2025-04-21 23:17:45 INFO     6400 10860 6.765420 327544.0
2025-04-21 23:17:47 INFO     6500 10860 6.279956 327544.0
2025-04-21 23:17:49 INFO     6600 10860 6.440643 327544.0
2025-04-21 23:17:51 INFO     6700 10860 6.609505 327544.0
2025-04-21 23:17:52 INFO     6800 10860 6.565308 327544.0
2025-04-21 23:17:54 INFO     6900 10860 6.133468 327544.0
2025-04-21 23:17:56 INFO     7000 10860 6.498984 327544.0
2025-04-21 23:17:58 INFO     7100 10860 6.085924 327544.0
2025-04-21 23:18:00 INFO     7200 10860 6.357388 327544.0
2025-04-21 23:18:01 INFO     7300 10860 6.737474 327544.0
2025-04-21 23:18:03 INFO     7400 10860 6.197196 327544.0
2025-04-21 23:18:05 INFO     7500 10860 6.521197 327544.0
2025-04-21 23:18:07 INFO     7600 10860 6.490572 327544.0
2025-04-21 23:18:09 INFO     7700 10860 6.799374 327544.0
2025-04-21 23:18:11 INFO     7800 10860 6.318797 325906.3
2025-04-21 23:18:13 INFO     7900 10860 6.085004 327544.0
2025-04-21 23:18:14 INFO     8000 10860 6.205384 327544.0
2025-04-21 23:18:16 INFO     8100 10860 6.148945 327544.0
2025-04-21 23:18:18 INFO     8200 10860 6.028262 327544.0
2025-04-21 23:18:20 INFO     8300 10860 6.327791 327544.0
2025-04-21 23:18:22 INFO     8400 10860 6.422044 327544.0
2025-04-21 23:18:23 INFO     8500 10860 6.271968 327544.0
2025-04-21 23:18:25 INFO     8600 10860 6.119372 327544.0
2025-04-21 23:18:27 INFO     8700 10860 6.200423 327544.0
2025-04-21 23:18:29 INFO     8800 10860 6.195057 327544.0
2025-04-21 23:18:31 INFO     8900 10860 6.201174 327544.0
2025-04-21 23:18:33 INFO     9000 10860 6.515033 327544.0
2025-04-21 23:18:34 INFO     9100 10860 5.940350 327544.0
2025-04-21 23:18:36 INFO     9200 10860 6.493744 327544.0
2025-04-21 23:18:38 INFO     9300 10860 6.081524 327544.0
2025-04-21 23:18:40 INFO     9400 10860 6.263590 327544.0
2025-04-21 23:18:42 INFO     9500 10860 6.548011 327544.0
2025-04-21 23:18:44 INFO     9600 10860 5.861249 327544.0
2025-04-21 23:18:45 INFO     9700 10860 6.239189 327544.0
2025-04-21 23:18:47 INFO     9800 10860 6.197125 327544.0
2025-04-21 23:18:49 INFO     9900 10860 5.780251 327544.0
2025-04-21 23:18:51 INFO     10000 10860 6.246680 327544.0
2025-04-21 23:18:51 INFO     >>>>> Predictor: Evaluating on valid
2025-04-21 23:18:56 INFO     Data : 6068
2025-04-21 23:18:56 INFO     Hit1 : 0.381510
2025-04-21 23:18:56 INFO     Hit3 : 0.406065
2025-04-21 23:18:56 INFO     Hit10: 0.416282
2025-04-21 23:18:56 INFO     MR   : 9804.103411
2025-04-21 23:18:56 INFO     MRR  : 0.396714
2025-04-21 23:18:56 INFO     >>>>> Predictor: Evaluating on test
2025-04-21 23:19:01 INFO     Data : 6268
2025-04-21 23:19:01 INFO     Hit1 : 0.392789
2025-04-21 23:19:01 INFO     Hit3 : 0.407147
2025-04-21 23:19:01 INFO     Hit10: 0.418634
2025-04-21 23:19:01 INFO     MR   : 9964.425654
2025-04-21 23:19:01 INFO     MRR  : 0.403279
2025-04-21 23:19:01 INFO     >>>>> Predictor: Computing H scores of rules
2025-04-21 23:19:16 INFO     1000 10860
2025-04-21 23:19:31 INFO     2000 10860
2025-04-21 23:19:45 INFO     3000 10860
2025-04-21 23:20:00 INFO     4000 10860
2025-04-21 23:20:15 INFO     5000 10860
2025-04-21 23:20:30 INFO     6000 10860
2025-04-21 23:20:44 INFO     7000 10860
2025-04-21 23:20:59 INFO     8000 10860
2025-04-21 23:21:14 INFO     9000 10860
2025-04-21 23:21:28 INFO     10000 10860
2025-04-21 23:21:45 INFO     >>>>> Generator: Training
2025-04-21 23:21:45 INFO     -------------------------
2025-04-21 23:21:45 INFO     | EM Iteration: 2/2
2025-04-21 23:21:45 INFO     -------------------------
2025-04-21 23:21:45 INFO     >>>>> Generator: Rule generation with sampling
2025-04-21 23:21:45 INFO     Predictor: read 460 rules from list.
2025-04-21 23:21:45 INFO     Preprocess training set
2025-04-21 23:21:45 INFO     >>>>> Predictor: Training
2025-04-21 23:21:47 INFO     100 10860 10.372509 327544.0
2025-04-21 23:21:49 INFO     200 10860 10.035189 327544.0
2025-04-21 23:21:51 INFO     300 10860 9.732779 325906.3
2025-04-21 23:21:53 INFO     400 10860 9.284576 327544.0
2025-04-21 23:21:55 INFO     500 10860 8.989315 327544.0
2025-04-21 23:21:57 INFO     600 10860 8.959814 327544.0
2025-04-21 23:21:58 INFO     700 10860 9.006616 327544.0
2025-04-21 23:22:00 INFO     800 10860 8.723308 327544.0
2025-04-21 23:22:02 INFO     900 10860 8.381445 327544.0
2025-04-21 23:22:04 INFO     1000 10860 8.872761 327544.0
2025-04-21 23:22:06 INFO     1100 10860 8.308840 325496.8
2025-04-21 23:22:08 INFO     1200 10860 8.592887 327544.0
2025-04-21 23:22:10 INFO     1300 10860 8.477914 327544.0
2025-04-21 23:22:12 INFO     1400 10860 8.194363 327544.0
2025-04-21 23:22:14 INFO     1500 10860 8.164786 327544.0
2025-04-21 23:22:15 INFO     1600 10860 8.536701 324678.0
2025-04-21 23:22:17 INFO     1700 10860 8.487498 327544.0
2025-04-21 23:22:19 INFO     1800 10860 8.493151 327544.0
2025-04-21 23:22:21 INFO     1900 10860 8.450899 327544.0
2025-04-21 23:22:23 INFO     2000 10860 8.017111 327544.0
2025-04-21 23:22:25 INFO     2100 10860 8.192478 327544.0
2025-04-21 23:22:27 INFO     2200 10860 7.929388 327544.0
2025-04-21 23:22:29 INFO     2300 10860 8.121584 327544.0
2025-04-21 23:22:31 INFO     2400 10860 8.404726 327544.0
2025-04-21 23:22:32 INFO     2500 10860 8.023721 327544.0
2025-04-21 23:22:34 INFO     2600 10860 7.816501 327544.0
2025-04-21 23:22:36 INFO     2700 10860 7.922353 325906.3
2025-04-21 23:22:38 INFO     2800 10860 8.149225 327544.0
2025-04-21 23:22:40 INFO     2900 10860 7.852410 327544.0
2025-04-21 23:22:42 INFO     3000 10860 8.174177 327544.0
2025-04-21 23:22:44 INFO     3100 10860 7.752780 327544.0
2025-04-21 23:22:46 INFO     3200 10860 7.906312 327544.0
2025-04-21 23:22:48 INFO     3300 10860 8.070271 327544.0
2025-04-21 23:22:50 INFO     3400 10860 8.023631 327544.0
2025-04-21 23:22:51 INFO     3500 10860 7.901152 327544.0
2025-04-21 23:22:53 INFO     3600 10860 8.114635 327544.0
2025-04-21 23:22:55 INFO     3700 10860 7.581809 327544.0
2025-04-21 23:22:57 INFO     3800 10860 7.790332 327544.0
2025-04-21 23:22:59 INFO     3900 10860 7.762943 327544.0
2025-04-21 23:23:01 INFO     4000 10860 7.958091 327544.0
2025-04-21 23:23:03 INFO     4100 10860 7.500640 327544.0
2025-04-21 23:23:05 INFO     4200 10860 7.623315 325906.3
2025-04-21 23:23:07 INFO     4300 10860 7.917723 327544.0
2025-04-21 23:23:08 INFO     4400 10860 7.945677 327544.0
2025-04-21 23:23:10 INFO     4500 10860 7.827159 327544.0
2025-04-21 23:23:12 INFO     4600 10860 7.874661 327544.0
2025-04-21 23:23:14 INFO     4700 10860 7.554856 327544.0
2025-04-21 23:23:16 INFO     4800 10860 7.218487 327544.0
2025-04-21 23:23:18 INFO     4900 10860 7.713684 327544.0
2025-04-21 23:23:20 INFO     5000 10860 7.436551 327544.0
2025-04-21 23:23:22 INFO     5100 10860 7.236121 327544.0
2025-04-21 23:23:24 INFO     5200 10860 8.200938 327544.0
2025-04-21 23:23:26 INFO     5300 10860 6.729007 327544.0
2025-04-21 23:23:28 INFO     5400 10860 7.204405 327544.0
2025-04-21 23:23:29 INFO     5500 10860 7.698422 327544.0
2025-04-21 23:23:31 INFO     5600 10860 7.240264 327544.0
2025-04-21 23:23:33 INFO     5700 10860 7.292543 327544.0
2025-04-21 23:23:35 INFO     5800 10860 7.278315 326315.7
2025-04-21 23:23:37 INFO     5900 10860 7.577919 325496.8
2025-04-21 23:23:39 INFO     6000 10860 7.852443 327544.0
2025-04-21 23:23:41 INFO     6100 10860 6.936786 327544.0
2025-04-21 23:23:43 INFO     6200 10860 7.735401 327544.0
2025-04-21 23:23:45 INFO     6300 10860 7.190652 327544.0
2025-04-21 23:23:47 INFO     6400 10860 7.386758 327544.0
2025-04-21 23:23:48 INFO     6500 10860 6.851764 327544.0
2025-04-21 23:23:50 INFO     6600 10860 7.023584 327544.0
2025-04-21 23:23:52 INFO     6700 10860 7.235517 327544.0
2025-04-21 23:23:54 INFO     6800 10860 7.329386 327544.0
2025-04-21 23:23:56 INFO     6900 10860 7.388135 327544.0
2025-04-21 23:23:58 INFO     7000 10860 7.335798 327544.0
2025-04-21 23:24:00 INFO     7100 10860 7.202144 327544.0
2025-04-21 23:24:02 INFO     7200 10860 7.857676 327544.0
2025-04-21 23:24:03 INFO     7300 10860 7.246684 327544.0
2025-04-21 23:24:05 INFO     7400 10860 7.258590 327544.0
2025-04-21 23:24:07 INFO     7500 10860 6.721399 327544.0
2025-04-21 23:24:09 INFO     7600 10860 7.491367 327544.0
2025-04-21 23:24:11 INFO     7700 10860 7.066977 327544.0
2025-04-21 23:24:13 INFO     7800 10860 7.455050 327544.0
2025-04-21 23:24:15 INFO     7900 10860 7.463264 327544.0
2025-04-21 23:24:16 INFO     8000 10860 6.913421 327544.0
2025-04-21 23:24:18 INFO     8100 10860 7.120467 327544.0
2025-04-21 23:24:20 INFO     8200 10860 6.881060 327544.0
2025-04-21 23:24:22 INFO     8300 10860 7.326726 327544.0
2025-04-21 23:24:24 INFO     8400 10860 7.779786 327544.0
2025-04-21 23:24:26 INFO     8500 10860 7.399050 327544.0
2025-04-21 23:24:28 INFO     8600 10860 7.237370 327544.0
2025-04-21 23:24:30 INFO     8700 10860 7.375629 327544.0
2025-04-21 23:24:32 INFO     8800 10860 6.764024 327544.0
2025-04-21 23:24:33 INFO     8900 10860 7.306442 327544.0
2025-04-21 23:24:35 INFO     9000 10860 7.112381 327544.0
2025-04-21 23:24:37 INFO     9100 10860 7.299707 327544.0
2025-04-21 23:24:39 INFO     9200 10860 6.742742 327544.0
2025-04-21 23:24:41 INFO     9300 10860 7.528629 327544.0
2025-04-21 23:24:43 INFO     9400 10860 7.350981 327544.0
2025-04-21 23:24:45 INFO     9500 10860 7.096643 327544.0
2025-04-21 23:24:47 INFO     9600 10860 6.899549 327544.0
2025-04-21 23:24:48 INFO     9700 10860 6.811484 327544.0
2025-04-21 23:24:50 INFO     9800 10860 7.217787 327544.0
2025-04-21 23:24:52 INFO     9900 10860 7.194366 327544.0
2025-04-21 23:24:54 INFO     10000 10860 7.206921 327544.0
2025-04-21 23:24:54 INFO     >>>>> Predictor: Evaluating on valid
2025-04-21 23:24:59 INFO     Data : 6068
2025-04-21 23:24:59 INFO     Hit1 : 0.362063
2025-04-21 23:24:59 INFO     Hit3 : 0.392551
2025-04-21 23:24:59 INFO     Hit10: 0.408207
2025-04-21 23:24:59 INFO     MR   : 10033.020682
2025-04-21 23:24:59 INFO     MRR  : 0.381406
2025-04-21 23:24:59 INFO     >>>>> Predictor: Evaluating on test
2025-04-21 23:25:04 INFO     Data : 6268
2025-04-21 23:25:04 INFO     Hit1 : 0.369017
2025-04-21 23:25:04 INFO     Hit3 : 0.393427
2025-04-21 23:25:04 INFO     Hit10: 0.410817
2025-04-21 23:25:04 INFO     MR   : 10122.420150
2025-04-21 23:25:04 INFO     MRR  : 0.385325
2025-04-21 23:25:04 INFO     >>>>> Predictor: Computing H scores of rules
2025-04-21 23:25:19 INFO     1000 10860
2025-04-21 23:25:34 INFO     2000 10860
2025-04-21 23:25:50 INFO     3000 10860
2025-04-21 23:26:05 INFO     4000 10860
2025-04-21 23:26:20 INFO     5000 10860
2025-04-21 23:26:35 INFO     6000 10860
2025-04-21 23:26:49 INFO     7000 10860
2025-04-21 23:27:04 INFO     8000 10860
2025-04-21 23:27:20 INFO     9000 10860
2025-04-21 23:27:35 INFO     10000 10860
2025-04-21 23:27:51 INFO     >>>>> Generator: Training
2025-04-21 23:27:52 INFO     -------------------------
2025-04-21 23:27:52 INFO     | Post-train Generator
2025-04-21 23:27:52 INFO     -------------------------
2025-04-21 23:27:52 INFO     >>>>> Generator: Training
2025-04-21 23:27:57 INFO     [E1000] Total: 1.221014 | Main: 1.229934 | Aux: 0.784783
2025-04-21 23:27:57 INFO     -------------------------
2025-04-21 23:27:57 INFO     | Beam Search Best Rules
2025-04-21 23:27:57 INFO     -------------------------
2025-04-21 23:27:57 INFO     >>>>> Generator: Rule generation with beam search
2025-04-21 23:27:57 INFO     >>>>> Generator: Rule generation with beam search
2025-04-21 23:27:58 INFO     >>>>> Generator: Rule generation with beam search
2025-04-21 23:28:00 INFO     >>>>> Generator: Rule generation with beam search
2025-04-21 23:28:02 INFO     >>>>> Generator: Rule generation with beam search
2025-04-21 23:28:04 INFO     -------------------------
2025-04-21 23:28:04 INFO     | Train Final Predictor+
2025-04-21 23:28:04 INFO     -------------------------
2025-04-21 23:28:04 INFO     Predictor+: read 3586 rules from list.
2025-04-21 23:28:04 INFO     Preprocess training set
2025-04-21 23:28:04 INFO     -------------------------
2025-04-21 23:28:04 INFO     | Iteration: 1/1
2025-04-21 23:28:04 INFO     -------------------------
2025-04-21 23:28:04 INFO     >>>>> Predictor: Training
2025-04-21 23:28:14 INFO     100 10860 5.549871 327544.0
2025-04-21 23:28:24 INFO     200 10860 4.794570 327544.0
2025-04-21 23:28:34 INFO     300 10860 5.342742 324678.0
2025-04-21 23:28:44 INFO     400 10860 4.888013 327544.0
2025-04-21 23:28:54 INFO     500 10860 4.644055 327544.0
2025-04-21 23:29:04 INFO     600 10860 5.109774 327544.0
2025-04-21 23:29:14 INFO     700 10860 4.939215 327544.0
2025-04-21 23:29:24 INFO     800 10860 4.755107 327544.0
2025-04-21 23:29:34 INFO     900 10860 4.932011 327544.0
2025-04-21 23:29:44 INFO     1000 10860 5.043604 327544.0
2025-04-21 23:29:54 INFO     1100 10860 4.851931 327544.0
2025-04-21 23:30:04 INFO     1200 10860 5.261324 327544.0
2025-04-21 23:30:14 INFO     1300 10860 5.231873 327544.0
2025-04-21 23:30:24 INFO     1400 10860 5.123935 327544.0
2025-04-21 23:30:34 INFO     1500 10860 5.005642 327544.0
2025-04-21 23:30:44 INFO     1600 10860 4.394989 325496.8
2025-04-21 23:30:54 INFO     1700 10860 4.749167 327544.0
2025-04-21 23:31:04 INFO     1800 10860 4.842355 327544.0
2025-04-21 23:31:14 INFO     1900 10860 4.303793 327544.0
2025-04-21 23:31:25 INFO     2000 10860 4.674547 327544.0
2025-04-21 23:31:35 INFO     2100 10860 4.318304 327544.0
2025-04-21 23:31:45 INFO     2200 10860 4.623855 327544.0
2025-04-21 23:31:56 INFO     2300 10860 4.398447 327544.0
2025-04-21 23:32:06 INFO     2400 10860 4.572469 327544.0
2025-04-21 23:32:16 INFO     2500 10860 4.106513 327544.0
2025-04-21 23:32:26 INFO     2600 10860 4.704133 327544.0
2025-04-21 23:32:36 INFO     2700 10860 4.579552 327544.0
2025-04-21 23:32:46 INFO     2800 10860 4.873169 327544.0
2025-04-21 23:32:56 INFO     2900 10860 5.207991 325906.3
2025-04-21 23:33:06 INFO     3000 10860 4.795907 327544.0
2025-04-21 23:33:16 INFO     3100 10860 4.985800 327544.0
2025-04-21 23:33:27 INFO     3200 10860 4.106942 327544.0
2025-04-21 23:33:37 INFO     3300 10860 4.289548 327544.0
2025-04-21 23:33:47 INFO     3400 10860 3.849114 327544.0
2025-04-21 23:33:57 INFO     3500 10860 4.873367 327544.0
2025-04-21 23:34:08 INFO     3600 10860 4.158221 327544.0
2025-04-21 23:34:18 INFO     3700 10860 4.756147 327544.0
2025-04-21 23:34:28 INFO     3800 10860 5.068650 327544.0
2025-04-21 23:34:38 INFO     3900 10860 5.036639 327544.0
2025-04-21 23:34:48 INFO     4000 10860 4.487778 327544.0
2025-04-21 23:34:59 INFO     4100 10860 4.505920 327544.0
2025-04-21 23:35:09 INFO     4200 10860 4.578153 327544.0
2025-04-21 23:35:19 INFO     4300 10860 4.705172 327544.0
2025-04-21 23:35:29 INFO     4400 10860 5.088845 327544.0
2025-04-21 23:35:40 INFO     4500 10860 4.801782 327544.0
2025-04-21 23:35:50 INFO     4600 10860 4.413636 327544.0
2025-04-21 23:36:00 INFO     4700 10860 4.923112 325087.4
2025-04-21 23:36:11 INFO     4800 10860 4.265736 327544.0
2025-04-21 23:36:21 INFO     4900 10860 4.587750 327544.0
2025-04-21 23:36:31 INFO     5000 10860 4.597230 327544.0
2025-04-21 23:36:41 INFO     5100 10860 4.960237 327544.0
2025-04-21 23:36:52 INFO     5200 10860 4.581181 327544.0
2025-04-21 23:37:02 INFO     5300 10860 4.959858 327544.0
2025-04-21 23:37:12 INFO     5400 10860 4.968924 327544.0
2025-04-21 23:37:22 INFO     5500 10860 4.418947 327544.0
2025-04-21 23:37:32 INFO     5600 10860 4.671334 327544.0
2025-04-21 23:37:43 INFO     5700 10860 3.836408 327544.0
2025-04-21 23:37:53 INFO     5800 10860 4.450905 327544.0
2025-04-21 23:38:03 INFO     5900 10860 4.386428 327544.0
2025-04-21 23:38:14 INFO     6000 10860 5.167892 327544.0
2025-04-21 23:38:24 INFO     6100 10860 4.913016 325087.4
2025-04-21 23:38:34 INFO     6200 10860 4.609130 327544.0
2025-04-21 23:38:45 INFO     6300 10860 4.497318 327544.0
2025-04-21 23:38:55 INFO     6400 10860 4.777689 327544.0
2025-04-21 23:39:06 INFO     6500 10860 4.713885 327544.0
2025-04-21 23:39:16 INFO     6600 10860 4.340145 327544.0
2025-04-21 23:39:26 INFO     6700 10860 4.529703 327544.0
2025-04-21 23:39:37 INFO     6800 10860 4.208613 327544.0
2025-04-21 23:39:47 INFO     6900 10860 4.461822 325496.8
2025-04-21 23:39:57 INFO     7000 10860 4.506611 327544.0
2025-04-21 23:40:08 INFO     7100 10860 4.464386 327544.0
2025-04-21 23:40:18 INFO     7200 10860 4.733647 327544.0
2025-04-21 23:40:28 INFO     7300 10860 4.514352 327544.0
2025-04-21 23:40:38 INFO     7400 10860 3.954728 326315.7
2025-04-21 23:40:48 INFO     7500 10860 4.980574 325496.8
2025-04-21 23:40:59 INFO     7600 10860 4.516150 327544.0
2025-04-21 23:41:09 INFO     7700 10860 4.912676 327544.0
2025-04-21 23:41:19 INFO     7800 10860 4.903022 327544.0
2025-04-21 23:41:29 INFO     7900 10860 4.683048 327544.0
2025-04-21 23:41:40 INFO     8000 10860 4.552971 327544.0
2025-04-21 23:41:50 INFO     8100 10860 5.092603 327544.0
2025-04-21 23:42:00 INFO     8200 10860 4.420598 327544.0
2025-04-21 23:42:10 INFO     8300 10860 4.492830 327544.0
2025-04-21 23:42:21 INFO     8400 10860 4.438339 327544.0
2025-04-21 23:42:31 INFO     8500 10860 4.560781 327544.0
2025-04-21 23:42:41 INFO     8600 10860 4.891293 327544.0
2025-04-21 23:42:51 INFO     8700 10860 5.079253 327544.0
2025-04-21 23:43:01 INFO     8800 10860 4.580484 327544.0
2025-04-21 23:43:11 INFO     8900 10860 4.879075 327544.0
2025-04-21 23:43:22 INFO     9000 10860 4.611807 327544.0
2025-04-21 23:43:32 INFO     9100 10860 4.815438 327544.0
2025-04-21 23:43:42 INFO     9200 10860 4.363114 327544.0
2025-04-21 23:43:52 INFO     9300 10860 4.357986 327544.0
2025-04-21 23:44:02 INFO     9400 10860 4.308345 327544.0
2025-04-21 23:44:12 INFO     9500 10860 4.399767 327544.0
2025-04-21 23:44:22 INFO     9600 10860 4.712253 327544.0
2025-04-21 23:44:32 INFO     9700 10860 4.653002 327544.0
2025-04-21 23:44:42 INFO     9800 10860 4.367289 327544.0
2025-04-21 23:44:52 INFO     9900 10860 4.796013 327544.0
2025-04-21 23:45:03 INFO     10000 10860 4.012726 327544.0
2025-04-21 23:45:03 INFO     >>>>> Predictor: Evaluating on valid
2025-04-21 23:45:35 INFO     Data : 6068
2025-04-21 23:45:35 INFO     Hit1 : 0.412327
2025-04-21 23:45:35 INFO     Hit3 : 0.456987
2025-04-21 23:45:35 INFO     Hit10: 0.498022
2025-04-21 23:45:35 INFO     MR   : 7326.816991
2025-04-21 23:45:35 INFO     MRR  : 0.443165
2025-04-21 23:45:35 INFO     >>>>> Predictor: Evaluating on test
2025-04-21 23:46:08 INFO     Data : 6268
2025-04-21 23:46:08 INFO     Hit1 : 0.425335
2025-04-21 23:46:08 INFO     Hit3 : 0.462987
2025-04-21 23:46:08 INFO     Hit10: 0.508615
2025-04-21 23:46:08 INFO     MR   : 7185.345006
2025-04-21 23:46:08 INFO     MRR  : 0.453070
2025-04-21 23:46:08 INFO     Save checkpoint to wn18rr/multitask_lexname_schedule_mid/predictor.pt
2025-04-21 23:46:08 INFO     -------------------------
2025-04-21 23:46:08 INFO     | Final Test MRR: 0.453070
2025-04-21 23:46:08 INFO     -------------------------
