2025-07-22 06:53:55 INFO     is_soft_label: False
2025-07-22 06:53:55 INFO     is_scheduled_sampling: False
2025-07-22 06:53:55 INFO     is_test_mode: False
2025-07-22 06:53:56 INFO     Data loading | DONE!
2025-07-22 06:53:56 INFO     Using full datasets for training, validation, and testing.
2025-07-22 06:53:56 INFO     -------------------------
2025-07-22 06:53:56 INFO     | EM Iteration: 1/5
2025-07-22 06:53:56 INFO     -------------------------
2025-07-22 06:53:56 INFO     >>>>> Using miner's rule
2025-07-22 06:53:56 INFO     Predictor: read 13661 rules from list.
2025-07-22 06:53:57 INFO     Preprocess training set
2025-07-22 06:53:57 INFO     >>>>> Predictor: Evaluating on valid
2025-07-22 06:56:14 INFO     Data : 2077
2025-07-22 06:56:14 INFO     Hit1 : 0.065479
2025-07-22 06:56:14 INFO     Hit3 : 0.127106
2025-07-22 06:56:14 INFO     Hit10: 0.199326
2025-07-22 06:56:14 INFO     MR   : 1120.902022
2025-07-22 06:56:14 INFO     MRR  : 0.114382
2025-07-22 06:56:14 INFO     >>>>> Predictor: Evaluating on test
2025-07-22 06:58:51 INFO     Data : 2342
2025-07-22 06:58:51 INFO     Hit1 : 0.078992
2025-07-22 06:58:51 INFO     Hit3 : 0.124253
2025-07-22 06:58:51 INFO     Hit10: 0.208796
2025-07-22 06:58:51 INFO     MR   : 1044.269001
2025-07-22 06:58:51 INFO     MRR  : 0.122250
2025-07-22 06:58:51 INFO     >>>>> Predictor: Computing H scores of rules
2025-07-22 07:37:03 INFO     1000 5959
2025-07-22 08:15:13 INFO     2000 5959
2025-07-22 08:53:25 INFO     3000 5959
2025-07-22 09:31:38 INFO     4000 5959
2025-07-22 10:09:15 INFO     5000 5959
2025-07-22 10:47:31 INFO     >>>>> Generator: Training
2025-07-22 10:47:42 INFO     -------------------------
2025-07-22 10:47:42 INFO     | EM Iteration: 2/5
2025-07-22 10:47:42 INFO     -------------------------
2025-07-22 10:47:42 INFO     >>>>> Using Generator's sample rule
2025-07-22 10:47:42 INFO     >>>>> Generator: Rule generation with sampling
2025-07-22 10:47:42 INFO     Predictor: read 1904 rules from list.
2025-07-22 10:47:42 INFO     Preprocess training set
2025-07-22 10:47:42 INFO     >>>>> Predictor: Training
2025-07-22 10:48:58 INFO     1000 5959 8.782312 69314.6
2025-07-22 10:50:12 INFO     2000 5959 8.410004 69271.3
2025-07-22 10:51:28 INFO     3000 5959 8.219053 69245.2
2025-07-22 10:52:56 INFO     4000 5959 8.065449 69340.6
2025-07-22 10:54:11 INFO     5000 5959 7.940880 69340.6
2025-07-22 10:55:24 INFO     >>>>> Predictor: Evaluating on valid
2025-07-22 10:55:48 INFO     Data : 2077
2025-07-22 10:55:48 INFO     Hit1 : 0.025036
2025-07-22 10:55:48 INFO     Hit3 : 0.040924
2025-07-22 10:55:48 INFO     Hit10: 0.064035
2025-07-22 10:55:48 INFO     MR   : 1407.828117
2025-07-22 10:55:48 INFO     MRR  : 0.041154
2025-07-22 10:55:48 INFO     >>>>> Predictor: Evaluating on test
2025-07-22 10:56:17 INFO     Data : 2342
2025-07-22 10:56:17 INFO     Hit1 : 0.019641
2025-07-22 10:56:17 INFO     Hit3 : 0.030743
2025-07-22 10:56:17 INFO     Hit10: 0.056362
2025-07-22 10:56:17 INFO     MR   : 1317.205807
2025-07-22 10:56:17 INFO     MRR  : 0.034766
2025-07-22 10:56:17 INFO     >>>>> Predictor: Computing H scores of rules
2025-07-22 10:59:52 INFO     1000 5959
2025-07-22 11:03:27 INFO     2000 5959
2025-07-22 11:06:48 INFO     3000 5959
2025-07-22 11:10:24 INFO     4000 5959
2025-07-22 11:13:45 INFO     5000 5959
2025-07-22 11:17:01 INFO     >>>>> Generator: Training
2025-07-22 11:17:11 INFO     -------------------------
2025-07-22 11:17:11 INFO     | EM Iteration: 3/5
2025-07-22 11:17:11 INFO     -------------------------
2025-07-22 11:17:11 INFO     >>>>> Using Generator's sample rule
2025-07-22 11:17:11 INFO     >>>>> Generator: Rule generation with sampling
2025-07-22 11:17:11 INFO     Predictor: read 1877 rules from list.
2025-07-22 11:17:11 INFO     Preprocess training set
2025-07-22 11:17:11 INFO     >>>>> Predictor: Training
2025-07-22 11:18:24 INFO     1000 5959 8.809976 69332.0
2025-07-22 11:19:37 INFO     2000 5959 8.469537 69349.3
2025-07-22 11:20:51 INFO     3000 5959 8.254404 69184.5
2025-07-22 11:22:04 INFO     4000 5959 8.080450 69253.9
2025-07-22 11:23:19 INFO     5000 5959 7.983767 69332.0
2025-07-22 11:24:36 INFO     >>>>> Predictor: Evaluating on valid
2025-07-22 11:25:05 INFO     Data : 2077
2025-07-22 11:25:05 INFO     Hit1 : 0.010592
2025-07-22 11:25:05 INFO     Hit3 : 0.025999
2025-07-22 11:25:05 INFO     Hit10: 0.051035
2025-07-22 11:25:05 INFO     MR   : 1450.381801
2025-07-22 11:25:05 INFO     MRR  : 0.026797
2025-07-22 11:25:05 INFO     >>>>> Predictor: Evaluating on test
2025-07-22 11:25:28 INFO     Data : 2342
2025-07-22 11:25:28 INFO     Hit1 : 0.014091
2025-07-22 11:25:28 INFO     Hit3 : 0.024765
2025-07-22 11:25:28 INFO     Hit10: 0.047395
2025-07-22 11:25:28 INFO     MR   : 1340.377455
2025-07-22 11:25:28 INFO     MRR  : 0.028016
2025-07-22 11:25:28 INFO     >>>>> Predictor: Computing H scores of rules
2025-07-22 11:28:50 INFO     1000 5959
2025-07-22 11:32:15 INFO     2000 5959
2025-07-22 11:35:44 INFO     3000 5959
2025-07-22 11:39:05 INFO     4000 5959
2025-07-22 11:42:48 INFO     5000 5959
2025-07-22 11:46:04 INFO     >>>>> Generator: Training
2025-07-22 11:46:13 INFO     -------------------------
2025-07-22 11:46:13 INFO     | EM Iteration: 4/5
2025-07-22 11:46:13 INFO     -------------------------
2025-07-22 11:46:13 INFO     >>>>> Using Generator's sample rule
2025-07-22 11:46:13 INFO     >>>>> Generator: Rule generation with sampling
2025-07-22 11:46:14 INFO     Predictor: read 1847 rules from list.
2025-07-22 11:46:14 INFO     Preprocess training set
2025-07-22 11:46:14 INFO     >>>>> Predictor: Training
2025-07-22 11:47:27 INFO     1000 5959 8.791110 69271.3
2025-07-22 11:48:41 INFO     2000 5959 8.404539 69340.6
2025-07-22 11:49:59 INFO     3000 5959 8.137731 69384.0
2025-07-22 11:51:25 INFO     4000 5959 7.963986 69262.6
2025-07-22 11:52:40 INFO     5000 5959 7.819836 69332.0
2025-07-22 11:53:51 INFO     >>>>> Predictor: Evaluating on valid
2025-07-22 11:54:09 INFO     Data : 2077
2025-07-22 11:54:09 INFO     Hit1 : 0.006259
2025-07-22 11:54:09 INFO     Hit3 : 0.018296
2025-07-22 11:54:09 INFO     Hit10: 0.036110
2025-07-22 11:54:09 INFO     MR   : 1486.285749
2025-07-22 11:54:09 INFO     MRR  : 0.019680
2025-07-22 11:54:09 INFO     >>>>> Predictor: Evaluating on test
2025-07-22 11:54:30 INFO     Data : 2342
2025-07-22 11:54:30 INFO     Hit1 : 0.008540
2025-07-22 11:54:30 INFO     Hit3 : 0.018787
2025-07-22 11:54:30 INFO     Hit10: 0.035440
2025-07-22 11:54:30 INFO     MR   : 1371.789710
2025-07-22 11:54:30 INFO     MRR  : 0.020680
2025-07-22 11:54:30 INFO     >>>>> Predictor: Computing H scores of rules
2025-07-22 11:57:50 INFO     1000 5959
2025-07-22 12:01:11 INFO     2000 5959
2025-07-22 12:04:44 INFO     3000 5959
2025-07-22 12:08:17 INFO     4000 5959
2025-07-22 12:11:37 INFO     5000 5959
2025-07-22 12:14:53 INFO     >>>>> Generator: Training
2025-07-22 12:15:03 INFO     -------------------------
2025-07-22 12:15:03 INFO     | EM Iteration: 5/5
2025-07-22 12:15:03 INFO     -------------------------
2025-07-22 12:15:03 INFO     >>>>> Using Generator's sample rule
2025-07-22 12:15:03 INFO     >>>>> Generator: Rule generation with sampling
2025-07-22 12:15:03 INFO     Predictor: read 1676 rules from list.
2025-07-22 12:15:03 INFO     Preprocess training set
2025-07-22 12:15:03 INFO     >>>>> Predictor: Training
2025-07-22 12:16:21 INFO     1000 5959 8.805924 69332.0
2025-07-22 12:17:32 INFO     2000 5959 8.434382 69349.3
2025-07-22 12:18:42 INFO     3000 5959 8.182272 69340.6
2025-07-22 12:19:53 INFO     4000 5959 8.012417 69297.3
2025-07-22 12:21:03 INFO     5000 5959 7.830053 69219.2
2025-07-22 12:22:11 INFO     >>>>> Predictor: Evaluating on valid
2025-07-22 12:22:29 INFO     Data : 2077
2025-07-22 12:22:29 INFO     Hit1 : 0.029851
2025-07-22 12:22:29 INFO     Hit3 : 0.053924
2025-07-22 12:22:29 INFO     Hit10: 0.076071
2025-07-22 12:22:29 INFO     MR   : 1451.129995
2025-07-22 12:22:29 INFO     MRR  : 0.049605
2025-07-22 12:22:29 INFO     >>>>> Predictor: Evaluating on test
2025-07-22 12:22:50 INFO     Data : 2342
2025-07-22 12:22:50 INFO     Hit1 : 0.028608
2025-07-22 12:22:50 INFO     Hit3 : 0.046541
2025-07-22 12:22:50 INFO     Hit10: 0.084116
2025-07-22 12:22:50 INFO     MR   : 1334.989112
2025-07-22 12:22:50 INFO     MRR  : 0.048452
2025-07-22 12:22:50 INFO     >>>>> Predictor: Computing H scores of rules
2025-07-22 12:26:27 INFO     1000 5959
2025-07-22 12:29:46 INFO     2000 5959
2025-07-22 12:33:06 INFO     3000 5959
2025-07-22 12:36:24 INFO     4000 5959
2025-07-22 12:39:44 INFO     5000 5959
2025-07-22 12:43:02 INFO     >>>>> Generator: Training
2025-07-22 12:43:17 INFO     -------------------------
2025-07-22 12:43:17 INFO     | Post-train Generator
2025-07-22 12:43:17 INFO     -------------------------
2025-07-22 12:43:19 INFO     >>>>> Generator: Training
2025-07-22 12:45:01 INFO     [E01000] Total 2.432650 | Main 2.559255 | RelClus 1.497829 | EntType 2.354638
2025-07-22 12:45:01 INFO     -------------------------
2025-07-22 12:45:01 INFO     | Beam Search Best Rules
2025-07-22 12:45:01 INFO     -------------------------
2025-07-22 12:45:01 INFO     >>>>> Generator: Rule generation with beam search
2025-07-22 12:45:02 INFO     >>>>> Generator: Rule generation with beam search
2025-07-22 12:45:08 INFO     >>>>> Generator: Rule generation with beam search
2025-07-22 12:46:27 INFO     >>>>> Generator: Rule generation with beam search
2025-07-22 12:47:32 INFO     >>>>> Generator: Rule generation with beam search
2025-07-22 12:48:16 INFO     -------------------------
2025-07-22 12:48:16 INFO     | Train Final Predictor+
2025-07-22 12:48:16 INFO     -------------------------
2025-07-22 12:48:16 INFO     Predictor+: read 18420 rules from list.
2025-07-22 12:48:16 INFO     Preprocess training set
2025-07-22 12:48:16 INFO     -------------------------
2025-07-22 12:48:16 INFO     | Iteration: 1/5
2025-07-22 12:48:16 INFO     -------------------------
2025-07-22 12:48:16 INFO     >>>>> Predictor: Training
2025-07-22 12:53:48 INFO     1000 5959 4.989386 69271.3
2025-07-22 12:59:22 INFO     2000 5959 4.754661 69332.0
2025-07-22 13:04:45 INFO     3000 5959 4.740046 69375.3
2025-07-22 13:10:19 INFO     4000 5959 4.738221 69279.9
2025-07-22 13:15:43 INFO     5000 5959 4.707911 69349.3
2025-07-22 13:20:57 INFO     >>>>> Predictor: Evaluating on valid
2025-07-22 13:22:14 INFO     Data : 2077
2025-07-22 13:22:14 INFO     Hit1 : 0.099663
2025-07-22 13:22:14 INFO     Hit3 : 0.179586
2025-07-22 13:22:14 INFO     Hit10: 0.311026
2025-07-22 13:22:14 INFO     MR   : 992.148291
2025-07-22 13:22:14 INFO     MRR  : 0.167146
2025-07-22 13:22:14 INFO     >>>>> Predictor: Evaluating on test
2025-07-22 13:23:42 INFO     Data : 2342
2025-07-22 13:23:42 INFO     Hit1 : 0.120410
2025-07-22 13:23:42 INFO     Hit3 : 0.204526
2025-07-22 13:23:42 INFO     Hit10: 0.313834
2025-07-22 13:23:42 INFO     MR   : 927.079206
2025-07-22 13:23:42 INFO     MRR  : 0.185428
2025-07-22 13:23:42 INFO     Save checkpoint to results/semmeddb/10_times_each/fixed/333/9_20250722_065353/predictor.pt
2025-07-22 13:23:42 INFO     -------------------------
2025-07-22 13:23:42 INFO     | Iteration: 2/5
2025-07-22 13:23:42 INFO     -------------------------
2025-07-22 13:23:42 INFO     >>>>> Predictor: Training
2025-07-22 13:29:14 INFO     1000 5959 4.636303 69366.7
2025-07-22 13:34:45 INFO     2000 5959 4.677578 69375.3
2025-07-22 13:40:20 INFO     3000 5959 4.664552 69219.2
2025-07-22 13:46:03 INFO     4000 5959 4.672151 69305.9
2025-07-22 13:51:34 INFO     5000 5959 4.660476 69288.6
2025-07-22 13:56:52 INFO     >>>>> Predictor: Evaluating on valid
2025-07-22 13:58:20 INFO     Data : 2077
2025-07-22 13:58:20 INFO     Hit1 : 0.090997
2025-07-22 13:58:20 INFO     Hit3 : 0.190178
2025-07-22 13:58:20 INFO     Hit10: 0.314877
2025-07-22 13:58:20 INFO     MR   : 955.841598
2025-07-22 13:58:20 INFO     MRR  : 0.164604
2025-07-22 13:58:20 INFO     >>>>> Predictor: Evaluating on test
2025-07-22 13:59:47 INFO     Data : 2342
2025-07-22 13:59:47 INFO     Hit1 : 0.127242
2025-07-22 13:59:47 INFO     Hit3 : 0.214347
2025-07-22 13:59:47 INFO     Hit10: 0.321520
2025-07-22 13:59:47 INFO     MR   : 889.993168
2025-07-22 13:59:47 INFO     MRR  : 0.191642
2025-07-22 13:59:47 INFO     -------------------------
2025-07-22 13:59:47 INFO     | Iteration: 3/5
2025-07-22 13:59:47 INFO     -------------------------
2025-07-22 13:59:47 INFO     >>>>> Predictor: Training
2025-07-22 14:05:10 INFO     1000 5959 4.644491 69288.6
2025-07-22 14:10:49 INFO     2000 5959 4.646954 69288.6
2025-07-22 14:16:10 INFO     3000 5959 4.640354 69340.6
2025-07-22 14:21:44 INFO     4000 5959 4.637818 69271.3
2025-07-22 14:27:28 INFO     5000 5959 4.670548 69219.2
2025-07-22 14:32:45 INFO     >>>>> Predictor: Evaluating on valid
2025-07-22 14:34:03 INFO     Data : 2077
2025-07-22 14:34:03 INFO     Hit1 : 0.085701
2025-07-22 14:34:03 INFO     Hit3 : 0.174771
2025-07-22 14:34:03 INFO     Hit10: 0.296100
2025-07-22 14:34:03 INFO     MR   : 942.876505
2025-07-22 14:34:03 INFO     MRR  : 0.156659
2025-07-22 14:34:03 INFO     >>>>> Predictor: Evaluating on test
2025-07-22 14:35:29 INFO     Data : 2342
2025-07-22 14:35:29 INFO     Hit1 : 0.113151
2025-07-22 14:35:29 INFO     Hit3 : 0.194278
2025-07-22 14:35:29 INFO     Hit10: 0.315115
2025-07-22 14:35:29 INFO     MR   : 876.422289
2025-07-22 14:35:29 INFO     MRR  : 0.177626
2025-07-22 14:35:29 INFO     -------------------------
2025-07-22 14:35:29 INFO     | Iteration: 4/5
2025-07-22 14:35:29 INFO     -------------------------
2025-07-22 14:35:29 INFO     >>>>> Predictor: Training
2025-07-22 14:40:54 INFO     1000 5959 4.616117 69340.6
2025-07-22 14:46:17 INFO     2000 5959 4.591832 69184.5
2025-07-22 14:51:46 INFO     3000 5959 4.660754 69253.9
2025-07-22 14:57:22 INFO     4000 5959 4.627331 69340.6
2025-07-22 15:02:46 INFO     5000 5959 4.628918 69384.0
2025-07-22 15:07:55 INFO     >>>>> Predictor: Evaluating on valid
2025-07-22 15:09:14 INFO     Data : 2077
2025-07-22 15:09:14 INFO     Hit1 : 0.092922
2025-07-22 15:09:14 INFO     Hit3 : 0.182956
2025-07-22 15:09:14 INFO     Hit10: 0.312470
2025-07-22 15:09:14 INFO     MR   : 935.537554
2025-07-22 15:09:14 INFO     MRR  : 0.163586
2025-07-22 15:09:14 INFO     >>>>> Predictor: Evaluating on test
2025-07-22 15:10:42 INFO     Data : 2342
2025-07-22 15:10:42 INFO     Hit1 : 0.121264
2025-07-22 15:10:42 INFO     Hit3 : 0.212212
2025-07-22 15:10:42 INFO     Hit10: 0.321947
2025-07-22 15:10:42 INFO     MR   : 874.064261
2025-07-22 15:10:42 INFO     MRR  : 0.188009
2025-07-22 15:10:42 INFO     -------------------------
2025-07-22 15:10:42 INFO     | Iteration: 5/5
2025-07-22 15:10:42 INFO     -------------------------
2025-07-22 15:10:42 INFO     >>>>> Predictor: Training
2025-07-22 15:16:17 INFO     1000 5959 4.620819 69323.3
2025-07-22 15:21:47 INFO     2000 5959 4.609077 69332.0
2025-07-22 15:27:09 INFO     3000 5959 4.647395 69219.2
2025-07-22 15:32:39 INFO     4000 5959 4.636802 69297.3
2025-07-22 15:38:18 INFO     5000 5959 4.607942 69332.0
2025-07-22 15:43:26 INFO     >>>>> Predictor: Evaluating on valid
2025-07-22 15:44:47 INFO     Data : 2077
2025-07-22 15:44:47 INFO     Hit1 : 0.092441
2025-07-22 15:44:47 INFO     Hit3 : 0.181512
2025-07-22 15:44:47 INFO     Hit10: 0.312470
2025-07-22 15:44:47 INFO     MR   : 928.757102
2025-07-22 15:44:47 INFO     MRR  : 0.163285
2025-07-22 15:44:47 INFO     >>>>> Predictor: Evaluating on test
2025-07-22 15:46:16 INFO     Data : 2342
2025-07-22 15:46:16 INFO     Hit1 : 0.122118
2025-07-22 15:46:16 INFO     Hit3 : 0.205380
2025-07-22 15:46:16 INFO     Hit10: 0.321520
2025-07-22 15:46:16 INFO     MR   : 863.153501
2025-07-22 15:46:16 INFO     MRR  : 0.187338
2025-07-22 15:46:16 INFO     -------------------------
2025-07-22 15:46:16 INFO     | Final Test MRR: 0.185428
2025-07-22 15:46:16 INFO     -------------------------
