2025-07-09 22:44:25 INFO     is_soft_label: False
2025-07-09 22:44:25 INFO     is_scheduled_sampling: False
2025-07-09 22:44:25 INFO     is_test_mode: False
2025-07-09 22:44:26 INFO     Data loading | DONE!
2025-07-09 22:44:26 INFO     Using full datasets for training, validation, and testing.
2025-07-09 22:44:26 INFO     -------------------------
2025-07-09 22:44:26 INFO     | EM Iteration: 1/5
2025-07-09 22:44:26 INFO     -------------------------
2025-07-09 22:44:26 INFO     >>>>> Using miner's rule
2025-07-09 22:44:26 INFO     Predictor: read 13661 rules from list.
2025-07-09 22:44:28 INFO     Preprocess training set
2025-07-09 22:44:28 INFO     >>>>> Predictor: Evaluating on valid
2025-07-09 22:46:48 INFO     Data : 2077
2025-07-09 22:46:48 INFO     Hit1 : 0.065479
2025-07-09 22:46:48 INFO     Hit3 : 0.127106
2025-07-09 22:46:48 INFO     Hit10: 0.199326
2025-07-09 22:46:48 INFO     MR   : 1120.902022
2025-07-09 22:46:48 INFO     MRR  : 0.114382
2025-07-09 22:46:48 INFO     >>>>> Predictor: Evaluating on test
2025-07-09 22:49:26 INFO     Data : 2342
2025-07-09 22:49:26 INFO     Hit1 : 0.078992
2025-07-09 22:49:26 INFO     Hit3 : 0.124253
2025-07-09 22:49:26 INFO     Hit10: 0.208796
2025-07-09 22:49:26 INFO     MR   : 1044.269001
2025-07-09 22:49:26 INFO     MRR  : 0.122250
2025-07-09 22:49:26 INFO     >>>>> Predictor: Computing H scores of rules
2025-07-09 23:24:46 INFO     1000 5959
2025-07-10 00:00:49 INFO     2000 5959
2025-07-10 00:36:22 INFO     3000 5959
2025-07-10 01:12:09 INFO     4000 5959
2025-07-10 01:47:37 INFO     5000 5959
2025-07-10 02:23:53 INFO     >>>>> Generator: Training
2025-07-10 02:24:02 INFO     -------------------------
2025-07-10 02:24:02 INFO     | EM Iteration: 2/5
2025-07-10 02:24:02 INFO     -------------------------
2025-07-10 02:24:02 INFO     >>>>> Using Generator's sample rule
2025-07-10 02:24:02 INFO     >>>>> Generator: Rule generation with sampling
2025-07-10 02:24:03 INFO     Predictor: read 1912 rules from list.
2025-07-10 02:24:03 INFO     Preprocess training set
2025-07-10 02:24:03 INFO     >>>>> Predictor: Training
2025-07-10 02:25:10 INFO     1000 5959 8.777563 69314.6
2025-07-10 02:26:16 INFO     2000 5959 8.371464 69271.3
2025-07-10 02:27:23 INFO     3000 5959 8.153242 69245.2
2025-07-10 02:28:30 INFO     4000 5959 7.969263 69340.6
2025-07-10 02:29:37 INFO     5000 5959 7.793321 69340.6
2025-07-10 02:30:41 INFO     >>>>> Predictor: Evaluating on valid
2025-07-10 02:30:57 INFO     Data : 2077
2025-07-10 02:30:57 INFO     Hit1 : 0.018777
2025-07-10 02:30:57 INFO     Hit3 : 0.033702
2025-07-10 02:30:57 INFO     Hit10: 0.057294
2025-07-10 02:30:57 INFO     MR   : 1435.782378
2025-07-10 02:30:57 INFO     MRR  : 0.034306
2025-07-10 02:30:57 INFO     >>>>> Predictor: Evaluating on test
2025-07-10 02:31:15 INFO     Data : 2342
2025-07-10 02:31:15 INFO     Hit1 : 0.017506
2025-07-10 02:31:15 INFO     Hit3 : 0.033305
2025-07-10 02:31:15 INFO     Hit10: 0.061059
2025-07-10 02:31:15 INFO     MR   : 1332.336038
2025-07-10 02:31:15 INFO     MRR  : 0.034204
2025-07-10 02:31:15 INFO     >>>>> Predictor: Computing H scores of rules
2025-07-10 02:34:33 INFO     1000 5959
2025-07-10 02:37:52 INFO     2000 5959
2025-07-10 02:41:11 INFO     3000 5959
2025-07-10 02:44:30 INFO     4000 5959
2025-07-10 02:47:49 INFO     5000 5959
2025-07-10 02:51:03 INFO     >>>>> Generator: Training
2025-07-10 02:51:11 INFO     -------------------------
2025-07-10 02:51:11 INFO     | EM Iteration: 3/5
2025-07-10 02:51:11 INFO     -------------------------
2025-07-10 02:51:11 INFO     >>>>> Using Generator's sample rule
2025-07-10 02:51:11 INFO     >>>>> Generator: Rule generation with sampling
2025-07-10 02:51:11 INFO     Predictor: read 1916 rules from list.
2025-07-10 02:51:11 INFO     Preprocess training set
2025-07-10 02:51:11 INFO     >>>>> Predictor: Training
2025-07-10 02:52:18 INFO     1000 5959 8.801476 69332.0
2025-07-10 02:53:24 INFO     2000 5959 8.440751 69349.3
2025-07-10 02:54:31 INFO     3000 5959 8.214335 69184.5
2025-07-10 02:55:38 INFO     4000 5959 8.010395 69253.9
2025-07-10 02:56:44 INFO     5000 5959 7.912868 69332.0
2025-07-10 02:57:48 INFO     >>>>> Predictor: Evaluating on valid
2025-07-10 02:58:04 INFO     Data : 2077
2025-07-10 02:58:04 INFO     Hit1 : 0.013962
2025-07-10 02:58:04 INFO     Hit3 : 0.020703
2025-07-10 02:58:04 INFO     Hit10: 0.033221
2025-07-10 02:58:04 INFO     MR   : 1497.424410
2025-07-10 02:58:04 INFO     MRR  : 0.023734
2025-07-10 02:58:04 INFO     >>>>> Predictor: Evaluating on test
2025-07-10 02:58:21 INFO     Data : 2342
2025-07-10 02:58:21 INFO     Hit1 : 0.013237
2025-07-10 02:58:21 INFO     Hit3 : 0.018360
2025-07-10 02:58:21 INFO     Hit10: 0.028181
2025-07-10 02:58:21 INFO     MR   : 1380.473100
2025-07-10 02:58:21 INFO     MRR  : 0.022296
2025-07-10 02:58:21 INFO     >>>>> Predictor: Computing H scores of rules
2025-07-10 03:01:39 INFO     1000 5959
2025-07-10 03:04:58 INFO     2000 5959
2025-07-10 03:08:16 INFO     3000 5959
2025-07-10 03:11:34 INFO     4000 5959
2025-07-10 03:14:53 INFO     5000 5959
2025-07-10 03:18:05 INFO     >>>>> Generator: Training
2025-07-10 03:18:14 INFO     -------------------------
2025-07-10 03:18:14 INFO     | EM Iteration: 4/5
2025-07-10 03:18:14 INFO     -------------------------
2025-07-10 03:18:14 INFO     >>>>> Using Generator's sample rule
2025-07-10 03:18:14 INFO     >>>>> Generator: Rule generation with sampling
2025-07-10 03:18:14 INFO     Predictor: read 1941 rules from list.
2025-07-10 03:18:14 INFO     Preprocess training set
2025-07-10 03:18:14 INFO     >>>>> Predictor: Training
2025-07-10 03:19:21 INFO     1000 5959 8.788229 69271.3
2025-07-10 03:20:28 INFO     2000 5959 8.409160 69340.6
2025-07-10 03:21:36 INFO     3000 5959 8.146003 69384.0
2025-07-10 03:22:44 INFO     4000 5959 7.965456 69262.6
2025-07-10 03:23:52 INFO     5000 5959 7.809823 69332.0
2025-07-10 03:24:56 INFO     >>>>> Predictor: Evaluating on valid
2025-07-10 03:25:12 INFO     Data : 2077
2025-07-10 03:25:12 INFO     Hit1 : 0.009629
2025-07-10 03:25:12 INFO     Hit3 : 0.022147
2025-07-10 03:25:12 INFO     Hit10: 0.038517
2025-07-10 03:25:12 INFO     MR   : 1480.896485
2025-07-10 03:25:12 INFO     MRR  : 0.023832
2025-07-10 03:25:12 INFO     >>>>> Predictor: Evaluating on test
2025-07-10 03:25:30 INFO     Data : 2342
2025-07-10 03:25:30 INFO     Hit1 : 0.009821
2025-07-10 03:25:30 INFO     Hit3 : 0.018787
2025-07-10 03:25:30 INFO     Hit10: 0.039283
2025-07-10 03:25:30 INFO     MR   : 1372.745517
2025-07-10 03:25:30 INFO     MRR  : 0.022972
2025-07-10 03:25:30 INFO     >>>>> Predictor: Computing H scores of rules
2025-07-10 03:28:48 INFO     1000 5959
2025-07-10 03:32:07 INFO     2000 5959
2025-07-10 03:35:25 INFO     3000 5959
2025-07-10 03:38:43 INFO     4000 5959
2025-07-10 03:42:01 INFO     5000 5959
2025-07-10 03:45:14 INFO     >>>>> Generator: Training
2025-07-10 03:45:24 INFO     -------------------------
2025-07-10 03:45:24 INFO     | EM Iteration: 5/5
2025-07-10 03:45:24 INFO     -------------------------
2025-07-10 03:45:24 INFO     >>>>> Using Generator's sample rule
2025-07-10 03:45:24 INFO     >>>>> Generator: Rule generation with sampling
2025-07-10 03:45:24 INFO     Predictor: read 1964 rules from list.
2025-07-10 03:45:24 INFO     Preprocess training set
2025-07-10 03:45:24 INFO     >>>>> Predictor: Training
2025-07-10 03:46:31 INFO     1000 5959 8.829234 69332.0
2025-07-10 03:47:39 INFO     2000 5959 8.511628 69349.3
2025-07-10 03:48:47 INFO     3000 5959 8.318627 69340.6
2025-07-10 03:49:55 INFO     4000 5959 8.180989 69297.3
2025-07-10 03:51:02 INFO     5000 5959 8.077482 69219.2
2025-07-10 03:52:08 INFO     >>>>> Predictor: Evaluating on valid
2025-07-10 03:52:25 INFO     Data : 2077
2025-07-10 03:52:25 INFO     Hit1 : 0.028406
2025-07-10 03:52:25 INFO     Hit3 : 0.054405
2025-07-10 03:52:25 INFO     Hit10: 0.079923
2025-07-10 03:52:25 INFO     MR   : 1447.493019
2025-07-10 03:52:25 INFO     MRR  : 0.049663
2025-07-10 03:52:25 INFO     >>>>> Predictor: Evaluating on test
2025-07-10 03:52:44 INFO     Data : 2342
2025-07-10 03:52:44 INFO     Hit1 : 0.028181
2025-07-10 03:52:44 INFO     Hit3 : 0.053800
2025-07-10 03:52:44 INFO     Hit10: 0.078992
2025-07-10 03:52:44 INFO     MR   : 1342.234202
2025-07-10 03:52:44 INFO     MRR  : 0.050400
2025-07-10 03:52:44 INFO     >>>>> Predictor: Computing H scores of rules
2025-07-10 03:56:03 INFO     1000 5959
2025-07-10 03:59:22 INFO     2000 5959
2025-07-10 04:02:40 INFO     3000 5959
2025-07-10 04:05:58 INFO     4000 5959
2025-07-10 04:09:15 INFO     5000 5959
2025-07-10 04:12:27 INFO     >>>>> Generator: Training
2025-07-10 04:12:36 INFO     -------------------------
2025-07-10 04:12:36 INFO     | Post-train Generator
2025-07-10 04:12:36 INFO     -------------------------
2025-07-10 04:12:37 INFO     >>>>> Generator: Training
2025-07-10 04:14:07 INFO     [E01000] Total 3.142019 | Main 3.153684 | RelClus 2.122851 | EntType 2.980349
2025-07-10 04:14:07 INFO     -------------------------
2025-07-10 04:14:07 INFO     | Beam Search Best Rules
2025-07-10 04:14:07 INFO     -------------------------
2025-07-10 04:14:07 INFO     >>>>> Generator: Rule generation with beam search
2025-07-10 04:14:08 INFO     >>>>> Generator: Rule generation with beam search
2025-07-10 04:14:14 INFO     >>>>> Generator: Rule generation with beam search
2025-07-10 04:15:31 INFO     >>>>> Generator: Rule generation with beam search
2025-07-10 04:16:34 INFO     >>>>> Generator: Rule generation with beam search
2025-07-10 04:17:17 INFO     -------------------------
2025-07-10 04:17:17 INFO     | Train Final Predictor+
2025-07-10 04:17:17 INFO     -------------------------
2025-07-10 04:17:17 INFO     Predictor+: read 18420 rules from list.
2025-07-10 04:17:17 INFO     Preprocess training set
2025-07-10 04:17:17 INFO     -------------------------
2025-07-10 04:17:17 INFO     | Iteration: 1/5
2025-07-10 04:17:17 INFO     -------------------------
2025-07-10 04:17:17 INFO     >>>>> Predictor: Training
2025-07-10 04:22:13 INFO     1000 5959 4.901265 69271.3
2025-07-10 04:27:10 INFO     2000 5959 4.725826 69332.0
2025-07-10 04:32:05 INFO     3000 5959 4.707989 69375.3
2025-07-10 04:37:02 INFO     4000 5959 4.711492 69279.9
2025-07-10 04:41:58 INFO     5000 5959 4.683073 69349.3
2025-07-10 04:46:41 INFO     >>>>> Predictor: Evaluating on valid
2025-07-10 04:47:54 INFO     Data : 2077
2025-07-10 04:47:54 INFO     Hit1 : 0.103996
2025-07-10 04:47:54 INFO     Hit3 : 0.183438
2025-07-10 04:47:54 INFO     Hit10: 0.313914
2025-07-10 04:47:54 INFO     MR   : 981.664901
2025-07-10 04:47:54 INFO     MRR  : 0.169608
2025-07-10 04:47:54 INFO     >>>>> Predictor: Evaluating on test
2025-07-10 04:49:16 INFO     Data : 2342
2025-07-10 04:49:16 INFO     Hit1 : 0.125107
2025-07-10 04:49:16 INFO     Hit3 : 0.203672
2025-07-10 04:49:16 INFO     Hit10: 0.314261
2025-07-10 04:49:16 INFO     MR   : 918.131512
2025-07-10 04:49:16 INFO     MRR  : 0.187780
2025-07-10 04:49:16 INFO     Save checkpoint to results/semmeddb/10_times_each/cluster_k/5_20250709_224423/predictor.pt
2025-07-10 04:49:16 INFO     -------------------------
2025-07-10 04:49:16 INFO     | Iteration: 2/5
2025-07-10 04:49:16 INFO     -------------------------
2025-07-10 04:49:16 INFO     >>>>> Predictor: Training
2025-07-10 04:54:13 INFO     1000 5959 4.602128 69366.7
2025-07-10 04:59:10 INFO     2000 5959 4.652868 69375.3
2025-07-10 05:04:06 INFO     3000 5959 4.637305 69219.2
2025-07-10 05:09:03 INFO     4000 5959 4.652420 69305.9
2025-07-10 05:13:59 INFO     5000 5959 4.615223 69288.6
2025-07-10 05:18:42 INFO     >>>>> Predictor: Evaluating on valid
2025-07-10 05:19:55 INFO     Data : 2077
2025-07-10 05:19:55 INFO     Hit1 : 0.097256
2025-07-10 05:19:55 INFO     Hit3 : 0.184401
2025-07-10 05:19:55 INFO     Hit10: 0.314396
2025-07-10 05:19:55 INFO     MR   : 944.982667
2025-07-10 05:19:55 INFO     MRR  : 0.166689
2025-07-10 05:19:55 INFO     >>>>> Predictor: Evaluating on test
2025-07-10 05:21:18 INFO     Data : 2342
2025-07-10 05:21:18 INFO     Hit1 : 0.132365
2025-07-10 05:21:18 INFO     Hit3 : 0.214347
2025-07-10 05:21:18 INFO     Hit10: 0.322801
2025-07-10 05:21:18 INFO     MR   : 881.200470
2025-07-10 05:21:18 INFO     MRR  : 0.195341
2025-07-10 05:21:18 INFO     -------------------------
2025-07-10 05:21:18 INFO     | Iteration: 3/5
2025-07-10 05:21:18 INFO     -------------------------
2025-07-10 05:21:18 INFO     >>>>> Predictor: Training
2025-07-10 05:26:14 INFO     1000 5959 4.614976 69288.6
2025-07-10 05:31:09 INFO     2000 5959 4.618164 69288.6
2025-07-10 05:36:04 INFO     3000 5959 4.606200 69340.6
2025-07-10 05:40:57 INFO     4000 5959 4.611132 69271.3
2025-07-10 05:45:52 INFO     5000 5959 4.635999 69219.2
2025-07-10 05:50:36 INFO     >>>>> Predictor: Evaluating on valid
2025-07-10 05:51:49 INFO     Data : 2077
2025-07-10 05:51:49 INFO     Hit1 : 0.081367
2025-07-10 05:51:49 INFO     Hit3 : 0.172845
2025-07-10 05:51:49 INFO     Hit10: 0.301878
2025-07-10 05:51:49 INFO     MR   : 936.489167
2025-07-10 05:51:49 INFO     MRR  : 0.153113
2025-07-10 05:51:49 INFO     >>>>> Predictor: Evaluating on test
2025-07-10 05:53:11 INFO     Data : 2342
2025-07-10 05:53:11 INFO     Hit1 : 0.111870
2025-07-10 05:53:11 INFO     Hit3 : 0.195559
2025-07-10 05:53:11 INFO     Hit10: 0.317677
2025-07-10 05:53:11 INFO     MR   : 866.525192
2025-07-10 05:53:11 INFO     MRR  : 0.177300
2025-07-10 05:53:11 INFO     -------------------------
2025-07-10 05:53:11 INFO     | Iteration: 4/5
2025-07-10 05:53:11 INFO     -------------------------
2025-07-10 05:53:11 INFO     >>>>> Predictor: Training
2025-07-10 05:58:06 INFO     1000 5959 4.591849 69340.6
2025-07-10 06:03:02 INFO     2000 5959 4.562058 69184.5
2025-07-10 06:07:56 INFO     3000 5959 4.623808 69253.9
2025-07-10 06:12:52 INFO     4000 5959 4.600795 69340.6
2025-07-10 06:17:46 INFO     5000 5959 4.598144 69384.0
2025-07-10 06:22:29 INFO     >>>>> Predictor: Evaluating on valid
2025-07-10 06:23:41 INFO     Data : 2077
2025-07-10 06:23:41 INFO     Hit1 : 0.096293
2025-07-10 06:23:41 INFO     Hit3 : 0.181993
2025-07-10 06:23:41 INFO     Hit10: 0.311026
2025-07-10 06:23:41 INFO     MR   : 930.338950
2025-07-10 06:23:41 INFO     MRR  : 0.165684
2025-07-10 06:23:41 INFO     >>>>> Predictor: Evaluating on test
2025-07-10 06:25:03 INFO     Data : 2342
2025-07-10 06:25:03 INFO     Hit1 : 0.126815
2025-07-10 06:25:03 INFO     Hit3 : 0.207088
2025-07-10 06:25:03 INFO     Hit10: 0.324082
2025-07-10 06:25:03 INFO     MR   : 861.711998
2025-07-10 06:25:03 INFO     MRR  : 0.191484
2025-07-10 06:25:03 INFO     -------------------------
2025-07-10 06:25:03 INFO     | Iteration: 5/5
2025-07-10 06:25:03 INFO     -------------------------
2025-07-10 06:25:03 INFO     >>>>> Predictor: Training
2025-07-10 06:29:59 INFO     1000 5959 4.602474 69323.3
2025-07-10 06:34:54 INFO     2000 5959 4.581229 69332.0
2025-07-10 06:39:49 INFO     3000 5959 4.613438 69219.2
2025-07-10 06:44:45 INFO     4000 5959 4.610586 69297.3
2025-07-10 06:49:41 INFO     5000 5959 4.575447 69332.0
2025-07-10 06:54:25 INFO     >>>>> Predictor: Evaluating on valid
2025-07-10 06:55:38 INFO     Data : 2077
2025-07-10 06:55:38 INFO     Hit1 : 0.092441
2025-07-10 06:55:38 INFO     Hit3 : 0.181030
2025-07-10 06:55:38 INFO     Hit10: 0.311026
2025-07-10 06:55:38 INFO     MR   : 925.243380
2025-07-10 06:55:38 INFO     MRR  : 0.163500
2025-07-10 06:55:38 INFO     >>>>> Predictor: Evaluating on test
2025-07-10 06:57:00 INFO     Data : 2342
2025-07-10 06:57:00 INFO     Hit1 : 0.128096
2025-07-10 06:57:00 INFO     Hit3 : 0.212639
2025-07-10 06:57:00 INFO     Hit10: 0.323655
2025-07-10 06:57:00 INFO     MR   : 858.469898
2025-07-10 06:57:00 INFO     MRR  : 0.193202
2025-07-10 06:57:00 INFO     -------------------------
2025-07-10 06:57:00 INFO     | Final Test MRR: 0.187780
2025-07-10 06:57:00 INFO     -------------------------
