2025-04-17 23:33:15 INFO     Predictor: read 175 rules from list.
2025-04-17 23:35:19 INFO     Predictor+: read 20306 rules from list.
-------------------------
2025-04-17 23:32:33 INFO     >>>>> Generator: Training
2025-04-17 23:32:38 INFO     1000 10000 1.491443
2025-04-17 23:32:42 INFO     2000 10000 1.364137
2025-04-17 23:32:46 INFO     3000 10000 1.336327
2025-04-17 23:32:50 INFO     4000 10000 1.332606
2025-04-17 23:32:54 INFO     5000 10000 1.331419
2025-04-17 23:32:58 INFO     6000 10000 1.322923
2025-04-17 23:33:03 INFO     7000 10000 1.315852
2025-04-17 23:33:07 INFO     8000 10000 1.315792
2025-04-17 23:33:11 INFO     9000 10000 1.310170
2025-04-17 23:33:15 INFO     10000 10000 1.305870
2025-04-17 23:33:15 INFO     -------------------------
2025-04-17 23:33:15 INFO     | EM Iteration: 1/1
2025-04-17 23:33:15 INFO     -------------------------
2025-04-17 23:33:15 INFO     >>>>> Generator: Rule generation with sampling
2025-04-17 23:33:15 INFO     Predictor: read 175 rules from list.
2025-04-17 23:33:15 INFO     Initializing distributed process group
2025-04-17 23:33:15 INFO     Preprocess training set
2025-04-17 23:33:15 INFO     >>>>> Predictor: Training
2025-04-17 23:33:16 INFO     100 10860 10.403147 327544.0
2025-04-17 23:33:17 INFO     200 10860 10.068456 327544.0
2025-04-17 23:33:18 INFO     300 10860 9.747561 327544.0
2025-04-17 23:33:19 INFO     400 10860 9.581926 327544.0
2025-04-17 23:33:20 INFO     500 10860 9.508900 327544.0
2025-04-17 23:33:21 INFO     600 10860 9.123171 327544.0
2025-04-17 23:33:22 INFO     700 10860 8.794697 327544.0
2025-04-17 23:33:23 INFO     800 10860 9.038024 327544.0
2025-04-17 23:33:24 INFO     900 10860 8.747716 327544.0
2025-04-17 23:33:25 INFO     1000 10860 8.577410 327544.0
2025-04-17 23:33:25 INFO     >>>>> Predictor: Evaluating on valid
2025-04-17 23:33:28 INFO     Data : 6068
2025-04-17 23:33:28 INFO     Hit1 : 0.355966
2025-04-17 23:33:28 INFO     Hit3 : 0.383048
2025-04-17 23:33:28 INFO     Hit10: 0.401550
2025-04-17 23:33:28 INFO     MR   : 10906.387937
2025-04-17 23:33:28 INFO     MRR  : 0.373641
2025-04-17 23:33:28 INFO     >>>>> Predictor: Evaluating on test
2025-04-17 23:33:31 INFO     Data : 6268
2025-04-17 23:33:31 INFO     Hit1 : 0.362875
2025-04-17 23:33:31 INFO     Hit3 : 0.384014
2025-04-17 23:33:31 INFO     Hit10: 0.404807
2025-04-17 23:33:31 INFO     MR   : 11295.523133
2025-04-17 23:33:31 INFO     MRR  : 0.377585
2025-04-17 23:33:31 INFO     >>>>> Predictor: Computing H scores of rules
2025-04-17 23:33:38 INFO     1000 10860
2025-04-17 23:33:45 INFO     2000 10860
2025-04-17 23:33:52 INFO     3000 10860
2025-04-17 23:33:59 INFO     4000 10860
2025-04-17 23:34:05 INFO     5000 10860
2025-04-17 23:34:12 INFO     6000 10860
2025-04-17 23:34:19 INFO     7000 10860
2025-04-17 23:34:26 INFO     8000 10860
2025-04-17 23:34:32 INFO     9000 10860
2025-04-17 23:34:39 INFO     10000 10860
2025-04-17 23:34:45 INFO     >>>>> Generator: Training
2025-04-17 23:34:46 INFO     -------------------------
2025-04-17 23:34:46 INFO     | Post-train Generator
2025-04-17 23:34:46 INFO     -------------------------
2025-04-17 23:34:46 INFO     >>>>> Generator: Training
2025-04-17 23:34:49 INFO     1000 1000 -9.051751
2025-04-17 23:34:49 INFO     -------------------------
2025-04-17 23:34:49 INFO     | Beam Search Best Rules
2025-04-17 23:34:49 INFO     -------------------------
2025-04-17 23:34:49 INFO     >>>>> Generator: Rule generation with beam search
2025-04-17 23:34:49 INFO     >>>>> Generator: Rule generation with beam search
2025-04-17 23:34:51 INFO     >>>>> Generator: Rule generation with beam search
2025-04-17 23:35:05 INFO     >>>>> Generator: Rule generation with beam search
2025-04-17 23:35:13 INFO     >>>>> Generator: Rule generation with beam search
2025-04-17 23:35:19 INFO     -------------------------
2025-04-17 23:35:19 INFO     | Train Final Predictor+
2025-04-17 23:35:19 INFO     -------------------------
2025-04-17 23:35:19 INFO     Predictor+: read 20306 rules from list.
2025-04-17 23:35:19 INFO     Preprocess training set
2025-04-17 23:35:19 INFO     -------------------------
2025-04-17 23:35:19 INFO     | Iteration: 1/1
2025-04-17 23:35:19 INFO     -------------------------
2025-04-17 23:35:19 INFO     >>>>> Predictor: Training
2025-04-17 23:36:07 INFO     100 10860 5.879795 327544.0
2025-04-17 23:36:55 INFO     200 10860 4.368068 327544.0
2025-04-17 23:37:42 INFO     300 10860 4.145518 325906.3
2025-04-17 23:38:30 INFO     400 10860 4.734928 327544.0
2025-04-17 23:39:18 INFO     500 10860 4.307332 327544.0
2025-04-17 23:40:05 INFO     600 10860 4.489553 327544.0
2025-04-17 23:40:53 INFO     700 10860 4.833464 327544.0
2025-04-17 23:41:41 INFO     800 10860 4.585893 327544.0
2025-04-17 23:42:28 INFO     900 10860 4.228363 327544.0
2025-04-17 23:43:16 INFO     1000 10860 4.840529 327544.0
2025-04-17 23:43:16 INFO     >>>>> Predictor: Evaluating on valid
2025-04-17 23:46:01 INFO     Data : 6068
2025-04-17 23:46:01 INFO     Hit1 : 0.421556
2025-04-17 23:46:01 INFO     Hit3 : 0.475912
2025-04-17 23:46:01 INFO     Hit10: 0.529705
2025-04-17 23:46:01 INFO     MR   : 7112.426335
2025-04-17 23:46:01 INFO     MRR  : 0.459314
2025-04-17 23:46:01 INFO     >>>>> Predictor: Evaluating on test
2025-04-17 23:48:50 INFO     Data : 6268
2025-04-17 23:48:50 INFO     Hit1 : 0.433285
2025-04-17 23:48:50 INFO     Hit3 : 0.480802
2025-04-17 23:48:50 INFO     Hit10: 0.535604
2025-04-17 23:48:50 INFO     MR   : 7254.705488
2025-04-17 23:48:50 INFO     MRR  : 0.467707
2025-04-17 23:48:50 INFO     Save checkpoint to wn18rr/ori/predictor.pt
2025-04-17 23:48:50 INFO     -------------------------
2025-04-17 23:48:50 INFO     | Final Test MRR: 0.467707
2025-04-17 23:48:50 INFO     -------------------------
