2025-07-09 22:52:42 INFO     is_soft_label: False
2025-07-09 22:52:42 INFO     is_scheduled_sampling: False
2025-07-09 22:52:42 INFO     is_test_mode: False
2025-07-09 22:52:42 INFO     Data loading | DONE!
2025-07-09 22:52:42 INFO     Using full datasets for training, validation, and testing.
2025-07-09 22:52:43 INFO     -------------------------
2025-07-09 22:52:43 INFO     | EM Iteration: 1/5
2025-07-09 22:52:43 INFO     -------------------------
2025-07-09 22:52:43 INFO     >>>>> Using miner's rule
2025-07-09 22:52:43 INFO     Predictor: read 13661 rules from list.
2025-07-09 22:52:44 INFO     Preprocess training set
2025-07-09 22:52:44 INFO     >>>>> Predictor: Evaluating on valid
2025-07-09 22:55:01 INFO     Data : 2077
2025-07-09 22:55:01 INFO     Hit1 : 0.065479
2025-07-09 22:55:01 INFO     Hit3 : 0.127106
2025-07-09 22:55:01 INFO     Hit10: 0.199326
2025-07-09 22:55:01 INFO     MR   : 1120.902022
2025-07-09 22:55:01 INFO     MRR  : 0.114382
2025-07-09 22:55:01 INFO     >>>>> Predictor: Evaluating on test
2025-07-09 22:57:35 INFO     Data : 2342
2025-07-09 22:57:35 INFO     Hit1 : 0.078992
2025-07-09 22:57:35 INFO     Hit3 : 0.124253
2025-07-09 22:57:35 INFO     Hit10: 0.208796
2025-07-09 22:57:35 INFO     MR   : 1044.269001
2025-07-09 22:57:35 INFO     MRR  : 0.122250
2025-07-09 22:57:35 INFO     >>>>> Predictor: Computing H scores of rules
2025-07-09 23:32:04 INFO     1000 5959
2025-07-10 00:06:57 INFO     2000 5959
2025-07-10 00:41:22 INFO     3000 5959
2025-07-10 01:16:00 INFO     4000 5959
2025-07-10 01:50:20 INFO     5000 5959
2025-07-10 02:25:21 INFO     >>>>> Generator: Training
2025-07-10 02:25:30 INFO     -------------------------
2025-07-10 02:25:30 INFO     | EM Iteration: 2/5
2025-07-10 02:25:30 INFO     -------------------------
2025-07-10 02:25:30 INFO     >>>>> Using Generator's sample rule
2025-07-10 02:25:30 INFO     >>>>> Generator: Rule generation with sampling
2025-07-10 02:25:31 INFO     Predictor: read 1912 rules from list.
2025-07-10 02:25:31 INFO     Preprocess training set
2025-07-10 02:25:31 INFO     >>>>> Predictor: Training
2025-07-10 02:26:37 INFO     1000 5959 8.777563 69314.6
2025-07-10 02:27:44 INFO     2000 5959 8.371464 69271.3
2025-07-10 02:28:51 INFO     3000 5959 8.153242 69245.2
2025-07-10 02:29:58 INFO     4000 5959 7.969263 69340.6
2025-07-10 02:31:04 INFO     5000 5959 7.793321 69340.6
2025-07-10 02:32:08 INFO     >>>>> Predictor: Evaluating on valid
2025-07-10 02:32:25 INFO     Data : 2077
2025-07-10 02:32:25 INFO     Hit1 : 0.018777
2025-07-10 02:32:25 INFO     Hit3 : 0.033702
2025-07-10 02:32:25 INFO     Hit10: 0.057294
2025-07-10 02:32:25 INFO     MR   : 1435.782378
2025-07-10 02:32:25 INFO     MRR  : 0.034306
2025-07-10 02:32:25 INFO     >>>>> Predictor: Evaluating on test
2025-07-10 02:32:43 INFO     Data : 2342
2025-07-10 02:32:43 INFO     Hit1 : 0.017506
2025-07-10 02:32:43 INFO     Hit3 : 0.033305
2025-07-10 02:32:43 INFO     Hit10: 0.061059
2025-07-10 02:32:43 INFO     MR   : 1332.336038
2025-07-10 02:32:43 INFO     MRR  : 0.034204
2025-07-10 02:32:43 INFO     >>>>> Predictor: Computing H scores of rules
2025-07-10 02:36:03 INFO     1000 5959
2025-07-10 02:39:22 INFO     2000 5959
2025-07-10 02:42:41 INFO     3000 5959
2025-07-10 02:46:00 INFO     4000 5959
2025-07-10 02:49:20 INFO     5000 5959
2025-07-10 02:52:33 INFO     >>>>> Generator: Training
2025-07-10 02:52:42 INFO     -------------------------
2025-07-10 02:52:42 INFO     | EM Iteration: 3/5
2025-07-10 02:52:42 INFO     -------------------------
2025-07-10 02:52:42 INFO     >>>>> Using Generator's sample rule
2025-07-10 02:52:42 INFO     >>>>> Generator: Rule generation with sampling
2025-07-10 02:52:42 INFO     Predictor: read 1916 rules from list.
2025-07-10 02:52:42 INFO     Preprocess training set
2025-07-10 02:52:42 INFO     >>>>> Predictor: Training
2025-07-10 02:53:50 INFO     1000 5959 8.801476 69332.0
2025-07-10 02:54:59 INFO     2000 5959 8.440751 69349.3
2025-07-10 02:56:08 INFO     3000 5959 8.214335 69184.5
2025-07-10 02:57:17 INFO     4000 5959 8.010395 69253.9
2025-07-10 02:58:26 INFO     5000 5959 7.912868 69332.0
2025-07-10 02:59:32 INFO     >>>>> Predictor: Evaluating on valid
2025-07-10 02:59:48 INFO     Data : 2077
2025-07-10 02:59:48 INFO     Hit1 : 0.013962
2025-07-10 02:59:48 INFO     Hit3 : 0.020703
2025-07-10 02:59:48 INFO     Hit10: 0.033221
2025-07-10 02:59:48 INFO     MR   : 1497.424410
2025-07-10 02:59:48 INFO     MRR  : 0.023734
2025-07-10 02:59:48 INFO     >>>>> Predictor: Evaluating on test
2025-07-10 03:00:07 INFO     Data : 2342
2025-07-10 03:00:07 INFO     Hit1 : 0.013237
2025-07-10 03:00:07 INFO     Hit3 : 0.018360
2025-07-10 03:00:07 INFO     Hit10: 0.028181
2025-07-10 03:00:07 INFO     MR   : 1380.473100
2025-07-10 03:00:07 INFO     MRR  : 0.022296
2025-07-10 03:00:07 INFO     >>>>> Predictor: Computing H scores of rules
2025-07-10 03:03:25 INFO     1000 5959
2025-07-10 03:06:44 INFO     2000 5959
2025-07-10 03:10:02 INFO     3000 5959
2025-07-10 03:13:21 INFO     4000 5959
2025-07-10 03:16:40 INFO     5000 5959
2025-07-10 03:19:53 INFO     >>>>> Generator: Training
2025-07-10 03:20:02 INFO     -------------------------
2025-07-10 03:20:02 INFO     | EM Iteration: 4/5
2025-07-10 03:20:02 INFO     -------------------------
2025-07-10 03:20:02 INFO     >>>>> Using Generator's sample rule
2025-07-10 03:20:02 INFO     >>>>> Generator: Rule generation with sampling
2025-07-10 03:20:02 INFO     Predictor: read 1941 rules from list.
2025-07-10 03:20:02 INFO     Preprocess training set
2025-07-10 03:20:02 INFO     >>>>> Predictor: Training
2025-07-10 03:21:12 INFO     1000 5959 8.788229 69271.3
2025-07-10 03:22:21 INFO     2000 5959 8.409160 69340.6
2025-07-10 03:23:29 INFO     3000 5959 8.146003 69384.0
2025-07-10 03:24:37 INFO     4000 5959 7.965456 69262.6
2025-07-10 03:25:46 INFO     5000 5959 7.809823 69332.0
2025-07-10 03:26:51 INFO     >>>>> Predictor: Evaluating on valid
2025-07-10 03:27:07 INFO     Data : 2077
2025-07-10 03:27:07 INFO     Hit1 : 0.009629
2025-07-10 03:27:07 INFO     Hit3 : 0.022147
2025-07-10 03:27:07 INFO     Hit10: 0.038517
2025-07-10 03:27:07 INFO     MR   : 1480.896485
2025-07-10 03:27:07 INFO     MRR  : 0.023832
2025-07-10 03:27:07 INFO     >>>>> Predictor: Evaluating on test
2025-07-10 03:27:26 INFO     Data : 2342
2025-07-10 03:27:26 INFO     Hit1 : 0.009821
2025-07-10 03:27:26 INFO     Hit3 : 0.018787
2025-07-10 03:27:26 INFO     Hit10: 0.039283
2025-07-10 03:27:26 INFO     MR   : 1372.745517
2025-07-10 03:27:26 INFO     MRR  : 0.022972
2025-07-10 03:27:26 INFO     >>>>> Predictor: Computing H scores of rules
2025-07-10 03:30:45 INFO     1000 5959
2025-07-10 03:34:04 INFO     2000 5959
2025-07-10 03:37:24 INFO     3000 5959
2025-07-10 03:40:43 INFO     4000 5959
2025-07-10 03:44:02 INFO     5000 5959
2025-07-10 03:47:15 INFO     >>>>> Generator: Training
2025-07-10 03:47:24 INFO     -------------------------
2025-07-10 03:47:24 INFO     | EM Iteration: 5/5
2025-07-10 03:47:24 INFO     -------------------------
2025-07-10 03:47:24 INFO     >>>>> Using Generator's sample rule
2025-07-10 03:47:24 INFO     >>>>> Generator: Rule generation with sampling
2025-07-10 03:47:24 INFO     Predictor: read 1964 rules from list.
2025-07-10 03:47:24 INFO     Preprocess training set
2025-07-10 03:47:24 INFO     >>>>> Predictor: Training
2025-07-10 03:48:33 INFO     1000 5959 8.829234 69332.0
2025-07-10 03:49:43 INFO     2000 5959 8.511628 69349.3
2025-07-10 03:50:53 INFO     3000 5959 8.318627 69340.6
2025-07-10 03:52:01 INFO     4000 5959 8.180989 69297.3
2025-07-10 03:53:11 INFO     5000 5959 8.077482 69219.2
2025-07-10 03:54:17 INFO     >>>>> Predictor: Evaluating on valid
2025-07-10 03:54:34 INFO     Data : 2077
2025-07-10 03:54:34 INFO     Hit1 : 0.028406
2025-07-10 03:54:34 INFO     Hit3 : 0.054405
2025-07-10 03:54:34 INFO     Hit10: 0.079923
2025-07-10 03:54:34 INFO     MR   : 1447.493019
2025-07-10 03:54:34 INFO     MRR  : 0.049663
2025-07-10 03:54:34 INFO     >>>>> Predictor: Evaluating on test
2025-07-10 03:54:52 INFO     Data : 2342
2025-07-10 03:54:52 INFO     Hit1 : 0.028181
2025-07-10 03:54:52 INFO     Hit3 : 0.053800
2025-07-10 03:54:52 INFO     Hit10: 0.078992
2025-07-10 03:54:52 INFO     MR   : 1342.234202
2025-07-10 03:54:52 INFO     MRR  : 0.050400
2025-07-10 03:54:52 INFO     >>>>> Predictor: Computing H scores of rules
2025-07-10 03:58:12 INFO     1000 5959
2025-07-10 04:01:31 INFO     2000 5959
2025-07-10 04:04:51 INFO     3000 5959
2025-07-10 04:08:10 INFO     4000 5959
2025-07-10 04:11:30 INFO     5000 5959
2025-07-10 04:14:44 INFO     >>>>> Generator: Training
2025-07-10 04:14:53 INFO     -------------------------
2025-07-10 04:14:53 INFO     | Post-train Generator
2025-07-10 04:14:53 INFO     -------------------------
2025-07-10 04:14:54 INFO     >>>>> Generator: Training
2025-07-10 04:16:27 INFO     [E01000] Total 3.142019 | Main 3.153684 | RelClus 2.122851 | EntType 2.980349
2025-07-10 04:16:27 INFO     -------------------------
2025-07-10 04:16:27 INFO     | Beam Search Best Rules
2025-07-10 04:16:27 INFO     -------------------------
2025-07-10 04:16:27 INFO     >>>>> Generator: Rule generation with beam search
2025-07-10 04:16:27 INFO     >>>>> Generator: Rule generation with beam search
2025-07-10 04:16:33 INFO     >>>>> Generator: Rule generation with beam search
2025-07-10 04:17:51 INFO     >>>>> Generator: Rule generation with beam search
2025-07-10 04:18:54 INFO     >>>>> Generator: Rule generation with beam search
2025-07-10 04:19:37 INFO     -------------------------
2025-07-10 04:19:37 INFO     | Train Final Predictor+
2025-07-10 04:19:37 INFO     -------------------------
2025-07-10 04:19:37 INFO     Predictor+: read 18420 rules from list.
2025-07-10 04:19:37 INFO     Preprocess training set
2025-07-10 04:19:37 INFO     -------------------------
2025-07-10 04:19:37 INFO     | Iteration: 1/5
2025-07-10 04:19:37 INFO     -------------------------
2025-07-10 04:19:37 INFO     >>>>> Predictor: Training
2025-07-10 04:24:33 INFO     1000 5959 4.901317 69271.3
2025-07-10 04:29:29 INFO     2000 5959 4.725596 69332.0
2025-07-10 04:34:26 INFO     3000 5959 4.708644 69375.3
2025-07-10 04:39:21 INFO     4000 5959 4.711052 69279.9
2025-07-10 04:44:16 INFO     5000 5959 4.683086 69349.3
2025-07-10 04:48:58 INFO     >>>>> Predictor: Evaluating on valid
2025-07-10 04:50:11 INFO     Data : 2077
2025-07-10 04:50:11 INFO     Hit1 : 0.103033
2025-07-10 04:50:11 INFO     Hit3 : 0.177179
2025-07-10 04:50:11 INFO     Hit10: 0.318247
2025-07-10 04:50:11 INFO     MR   : 983.934039
2025-07-10 04:50:11 INFO     MRR  : 0.168578
2025-07-10 04:50:11 INFO     >>>>> Predictor: Evaluating on test
2025-07-10 04:51:33 INFO     Data : 2342
2025-07-10 04:51:33 INFO     Hit1 : 0.125534
2025-07-10 04:51:33 INFO     Hit3 : 0.200683
2025-07-10 04:51:33 INFO     Hit10: 0.317677
2025-07-10 04:51:33 INFO     MR   : 919.173143
2025-07-10 04:51:33 INFO     MRR  : 0.187842
2025-07-10 04:51:33 INFO     Save checkpoint to results/semmeddb/10_times_each/cluster_k/5_20250709_225240/predictor.pt
2025-07-10 04:51:33 INFO     -------------------------
2025-07-10 04:51:33 INFO     | Iteration: 2/5
2025-07-10 04:51:33 INFO     -------------------------
2025-07-10 04:51:33 INFO     >>>>> Predictor: Training
2025-07-10 04:56:28 INFO     1000 5959 4.601479 69366.7
2025-07-10 05:01:24 INFO     2000 5959 4.652381 69375.3
2025-07-10 05:06:19 INFO     3000 5959 4.636831 69219.2
2025-07-10 05:11:18 INFO     4000 5959 4.652417 69305.9
2025-07-10 05:16:13 INFO     5000 5959 4.615804 69288.6
2025-07-10 05:20:56 INFO     >>>>> Predictor: Evaluating on valid
2025-07-10 05:22:08 INFO     Data : 2077
2025-07-10 05:22:08 INFO     Hit1 : 0.091960
2025-07-10 05:22:08 INFO     Hit3 : 0.179586
2025-07-10 05:22:08 INFO     Hit10: 0.312470
2025-07-10 05:22:08 INFO     MR   : 946.424410
2025-07-10 05:22:08 INFO     MRR  : 0.163555
2025-07-10 05:22:08 INFO     >>>>> Predictor: Evaluating on test
2025-07-10 05:23:30 INFO     Data : 2342
2025-07-10 05:23:30 INFO     Hit1 : 0.127242
2025-07-10 05:23:30 INFO     Hit3 : 0.210504
2025-07-10 05:23:30 INFO     Hit10: 0.319385
2025-07-10 05:23:30 INFO     MR   : 880.034159
2025-07-10 05:23:30 INFO     MRR  : 0.191022
2025-07-10 05:23:30 INFO     -------------------------
2025-07-10 05:23:30 INFO     | Iteration: 3/5
2025-07-10 05:23:30 INFO     -------------------------
2025-07-10 05:23:30 INFO     >>>>> Predictor: Training
2025-07-10 05:28:27 INFO     1000 5959 4.614107 69288.6
2025-07-10 05:33:23 INFO     2000 5959 4.617286 69288.6
2025-07-10 05:38:19 INFO     3000 5959 4.606711 69340.6
2025-07-10 05:43:14 INFO     4000 5959 4.612033 69271.3
2025-07-10 05:48:11 INFO     5000 5959 4.636111 69219.2
2025-07-10 05:52:56 INFO     >>>>> Predictor: Evaluating on valid
2025-07-10 05:54:09 INFO     Data : 2077
2025-07-10 05:54:09 INFO     Hit1 : 0.087626
2025-07-10 05:54:09 INFO     Hit3 : 0.177660
2025-07-10 05:54:09 INFO     Hit10: 0.301396
2025-07-10 05:54:09 INFO     MR   : 937.556813
2025-07-10 05:54:09 INFO     MRR  : 0.158505
2025-07-10 05:54:09 INFO     >>>>> Predictor: Evaluating on test
2025-07-10 05:55:32 INFO     Data : 2342
2025-07-10 05:55:32 INFO     Hit1 : 0.116567
2025-07-10 05:55:32 INFO     Hit3 : 0.196840
2025-07-10 05:55:32 INFO     Hit10: 0.312980
2025-07-10 05:55:32 INFO     MR   : 864.718403
2025-07-10 05:55:32 INFO     MRR  : 0.180097
2025-07-10 05:55:32 INFO     -------------------------
2025-07-10 05:55:32 INFO     | Iteration: 4/5
2025-07-10 05:55:32 INFO     -------------------------
2025-07-10 05:55:32 INFO     >>>>> Predictor: Training
2025-07-10 06:00:29 INFO     1000 5959 4.591792 69340.6
2025-07-10 06:05:28 INFO     2000 5959 4.562990 69184.5
2025-07-10 06:10:23 INFO     3000 5959 4.622948 69253.9
2025-07-10 06:15:19 INFO     4000 5959 4.600276 69340.6
2025-07-10 06:20:17 INFO     5000 5959 4.597165 69384.0
2025-07-10 06:25:00 INFO     >>>>> Predictor: Evaluating on valid
2025-07-10 06:26:13 INFO     Data : 2077
2025-07-10 06:26:13 INFO     Hit1 : 0.099182
2025-07-10 06:26:13 INFO     Hit3 : 0.182956
2025-07-10 06:26:13 INFO     Hit10: 0.312470
2025-07-10 06:26:13 INFO     MR   : 931.229658
2025-07-10 06:26:13 INFO     MRR  : 0.167388
2025-07-10 06:26:13 INFO     >>>>> Predictor: Evaluating on test
2025-07-10 06:27:35 INFO     Data : 2342
2025-07-10 06:27:35 INFO     Hit1 : 0.128523
2025-07-10 06:27:35 INFO     Hit3 : 0.212639
2025-07-10 06:27:35 INFO     Hit10: 0.321520
2025-07-10 06:27:35 INFO     MR   : 861.498506
2025-07-10 06:27:35 INFO     MRR  : 0.193077
2025-07-10 06:27:35 INFO     -------------------------
2025-07-10 06:27:35 INFO     | Iteration: 5/5
2025-07-10 06:27:35 INFO     -------------------------
2025-07-10 06:27:35 INFO     >>>>> Predictor: Training
2025-07-10 06:32:32 INFO     1000 5959 4.603363 69323.3
2025-07-10 06:37:26 INFO     2000 5959 4.581114 69332.0
2025-07-10 06:42:23 INFO     3000 5959 4.612745 69219.2
2025-07-10 06:47:19 INFO     4000 5959 4.609849 69297.3
2025-07-10 06:52:14 INFO     5000 5959 4.573885 69332.0
2025-07-10 06:56:58 INFO     >>>>> Predictor: Evaluating on valid
2025-07-10 06:58:10 INFO     Data : 2077
2025-07-10 06:58:10 INFO     Hit1 : 0.095811
2025-07-10 06:58:10 INFO     Hit3 : 0.178623
2025-07-10 06:58:10 INFO     Hit10: 0.315840
2025-07-10 06:58:10 INFO     MR   : 922.405392
2025-07-10 06:58:10 INFO     MRR  : 0.165813
2025-07-10 06:58:10 INFO     >>>>> Predictor: Evaluating on test
2025-07-10 06:59:32 INFO     Data : 2342
2025-07-10 06:59:32 INFO     Hit1 : 0.129377
2025-07-10 06:59:32 INFO     Hit3 : 0.208796
2025-07-10 06:59:32 INFO     Hit10: 0.320239
2025-07-10 06:59:32 INFO     MR   : 855.118915
2025-07-10 06:59:32 INFO     MRR  : 0.193571
2025-07-10 06:59:32 INFO     -------------------------
2025-07-10 06:59:32 INFO     | Final Test MRR: 0.187842
2025-07-10 06:59:32 INFO     -------------------------
