2025-07-09 06:12:23 INFO     is_soft_label: False
2025-07-09 06:12:23 INFO     is_scheduled_sampling: False
2025-07-09 06:12:23 INFO     is_test_mode: False
2025-07-09 06:12:23 INFO     Data loading | DONE!
2025-07-09 06:12:24 INFO     Using full datasets for training, validation, and testing.
2025-07-09 06:12:24 INFO     -------------------------
2025-07-09 06:12:24 INFO     | EM Iteration: 1/5
2025-07-09 06:12:24 INFO     -------------------------
2025-07-09 06:12:24 INFO     >>>>> Using miner's rule
2025-07-09 06:12:24 INFO     Predictor: read 13661 rules from list.
2025-07-09 06:12:25 INFO     Preprocess training set
2025-07-09 06:12:25 INFO     >>>>> Predictor: Evaluating on valid
2025-07-09 06:14:19 INFO     Data : 2077
2025-07-09 06:14:19 INFO     Hit1 : 0.065479
2025-07-09 06:14:19 INFO     Hit3 : 0.127106
2025-07-09 06:14:19 INFO     Hit10: 0.199326
2025-07-09 06:14:19 INFO     MR   : 1120.902022
2025-07-09 06:14:19 INFO     MRR  : 0.114382
2025-07-09 06:14:19 INFO     >>>>> Predictor: Evaluating on test
2025-07-09 06:16:29 INFO     Data : 2342
2025-07-09 06:16:29 INFO     Hit1 : 0.078992
2025-07-09 06:16:29 INFO     Hit3 : 0.124253
2025-07-09 06:16:29 INFO     Hit10: 0.208796
2025-07-09 06:16:29 INFO     MR   : 1044.269001
2025-07-09 06:16:29 INFO     MRR  : 0.122250
2025-07-09 06:16:29 INFO     >>>>> Predictor: Computing H scores of rules
2025-07-09 06:45:45 INFO     1000 5959
2025-07-09 07:14:59 INFO     2000 5959
2025-07-09 07:43:51 INFO     3000 5959
2025-07-09 08:12:54 INFO     4000 5959
2025-07-09 08:41:45 INFO     5000 5959
2025-07-09 09:11:08 INFO     >>>>> Generator: Training
2025-07-09 09:11:12 INFO     -------------------------
2025-07-09 09:11:12 INFO     | EM Iteration: 2/5
2025-07-09 09:11:12 INFO     -------------------------
2025-07-09 09:11:12 INFO     >>>>> Using Generator's sample rule
2025-07-09 09:11:12 INFO     >>>>> Generator: Rule generation with sampling
2025-07-09 09:11:12 INFO     Predictor: read 1910 rules from list.
2025-07-09 09:11:12 INFO     Preprocess training set
2025-07-09 09:11:12 INFO     >>>>> Predictor: Training
2025-07-09 09:12:03 INFO     1000 5959 8.778157 69314.6
2025-07-09 09:12:53 INFO     2000 5959 8.373362 69271.3
2025-07-09 09:13:44 INFO     3000 5959 8.155292 69245.2
2025-07-09 09:14:34 INFO     4000 5959 7.971729 69340.6
2025-07-09 09:15:25 INFO     5000 5959 7.795274 69340.6
2025-07-09 09:16:13 INFO     >>>>> Predictor: Evaluating on valid
2025-07-09 09:16:22 INFO     Data : 2077
2025-07-09 09:16:22 INFO     Hit1 : 0.018296
2025-07-09 09:16:22 INFO     Hit3 : 0.033221
2025-07-09 09:16:22 INFO     Hit10: 0.058257
2025-07-09 09:16:22 INFO     MR   : 1436.136013
2025-07-09 09:16:22 INFO     MRR  : 0.034028
2025-07-09 09:16:22 INFO     >>>>> Predictor: Evaluating on test
2025-07-09 09:16:33 INFO     Data : 2342
2025-07-09 09:16:33 INFO     Hit1 : 0.017079
2025-07-09 09:16:33 INFO     Hit3 : 0.033305
2025-07-09 09:16:33 INFO     Hit10: 0.060205
2025-07-09 09:16:33 INFO     MR   : 1332.858668
2025-07-09 09:16:33 INFO     MRR  : 0.034068
2025-07-09 09:16:33 INFO     >>>>> Predictor: Computing H scores of rules
2025-07-09 09:18:54 INFO     1000 5959
2025-07-09 09:21:14 INFO     2000 5959
2025-07-09 09:23:35 INFO     3000 5959
2025-07-09 09:25:55 INFO     4000 5959
2025-07-09 09:28:15 INFO     5000 5959
2025-07-09 09:30:32 INFO     >>>>> Generator: Training
2025-07-09 09:30:36 INFO     -------------------------
2025-07-09 09:30:36 INFO     | EM Iteration: 3/5
2025-07-09 09:30:36 INFO     -------------------------
2025-07-09 09:30:36 INFO     >>>>> Using Generator's sample rule
2025-07-09 09:30:36 INFO     >>>>> Generator: Rule generation with sampling
2025-07-09 09:30:36 INFO     Predictor: read 1911 rules from list.
2025-07-09 09:30:36 INFO     Preprocess training set
2025-07-09 09:30:36 INFO     >>>>> Predictor: Training
2025-07-09 09:31:26 INFO     1000 5959 8.801265 69332.0
2025-07-09 09:32:17 INFO     2000 5959 8.440395 69349.3
2025-07-09 09:33:07 INFO     3000 5959 8.212881 69184.5
2025-07-09 09:33:57 INFO     4000 5959 8.007957 69253.9
2025-07-09 09:34:48 INFO     5000 5959 7.911519 69332.0
2025-07-09 09:35:36 INFO     >>>>> Predictor: Evaluating on valid
2025-07-09 09:35:45 INFO     Data : 2077
2025-07-09 09:35:45 INFO     Hit1 : 0.013962
2025-07-09 09:35:45 INFO     Hit3 : 0.021666
2025-07-09 09:35:45 INFO     Hit10: 0.033221
2025-07-09 09:35:45 INFO     MR   : 1494.689215
2025-07-09 09:35:45 INFO     MRR  : 0.023842
2025-07-09 09:35:45 INFO     >>>>> Predictor: Evaluating on test
2025-07-09 09:35:56 INFO     Data : 2342
2025-07-09 09:35:56 INFO     Hit1 : 0.013664
2025-07-09 09:35:56 INFO     Hit3 : 0.019641
2025-07-09 09:35:56 INFO     Hit10: 0.028181
2025-07-09 09:35:56 INFO     MR   : 1378.732494
2025-07-09 09:35:56 INFO     MRR  : 0.022659
2025-07-09 09:35:56 INFO     >>>>> Predictor: Computing H scores of rules
2025-07-09 09:38:15 INFO     1000 5959
2025-07-09 09:40:34 INFO     2000 5959
2025-07-09 09:42:53 INFO     3000 5959
2025-07-09 09:45:12 INFO     4000 5959
2025-07-09 09:47:31 INFO     5000 5959
2025-07-09 09:49:47 INFO     >>>>> Generator: Training
2025-07-09 09:49:50 INFO     -------------------------
2025-07-09 09:49:50 INFO     | EM Iteration: 4/5
2025-07-09 09:49:50 INFO     -------------------------
2025-07-09 09:49:50 INFO     >>>>> Using Generator's sample rule
2025-07-09 09:49:50 INFO     >>>>> Generator: Rule generation with sampling
2025-07-09 09:49:51 INFO     Predictor: read 1928 rules from list.
2025-07-09 09:49:51 INFO     Preprocess training set
2025-07-09 09:49:51 INFO     >>>>> Predictor: Training
2025-07-09 09:50:41 INFO     1000 5959 8.787526 69271.3
2025-07-09 09:51:30 INFO     2000 5959 8.406225 69340.6
2025-07-09 09:52:20 INFO     3000 5959 8.140257 69384.0
2025-07-09 09:53:10 INFO     4000 5959 7.958239 69262.6
2025-07-09 09:54:01 INFO     5000 5959 7.799243 69332.0
2025-07-09 09:54:49 INFO     >>>>> Predictor: Evaluating on valid
2025-07-09 09:54:58 INFO     Data : 2077
2025-07-09 09:54:58 INFO     Hit1 : 0.010592
2025-07-09 09:54:58 INFO     Hit3 : 0.025036
2025-07-09 09:54:58 INFO     Hit10: 0.046702
2025-07-09 09:54:58 INFO     MR   : 1480.435243
2025-07-09 09:54:58 INFO     MRR  : 0.025936
2025-07-09 09:54:58 INFO     >>>>> Predictor: Evaluating on test
2025-07-09 09:55:10 INFO     Data : 2342
2025-07-09 09:55:10 INFO     Hit1 : 0.008967
2025-07-09 09:55:10 INFO     Hit3 : 0.020495
2025-07-09 09:55:10 INFO     Hit10: 0.041418
2025-07-09 09:55:10 INFO     MR   : 1366.691716
2025-07-09 09:55:10 INFO     MRR  : 0.023178
2025-07-09 09:55:10 INFO     >>>>> Predictor: Computing H scores of rules
2025-07-09 09:57:29 INFO     1000 5959
