2025-05-27 01:03:28 INFO     -------------------------
2025-05-27 01:03:28 INFO     | Pre-train Generator
2025-05-27 01:03:28 INFO     -------------------------
2025-05-27 01:03:28 INFO     >>>>> Generator: Training
2025-05-27 01:03:33 INFO     [E1000] Total: 1.402114 | Main: 1.662085 | Aux: 0.918660
2025-05-27 01:03:38 INFO     [E2000] Total: 1.334922 | Main: 1.575092 | Aux: 0.902779
2025-05-27 01:03:42 INFO     [E3000] Total: 1.325153 | Main: 1.562221 | Aux: 0.900918
2025-05-27 01:03:47 INFO     [E4000] Total: 1.318818 | Main: 1.553802 | Aux: 0.900072
2025-05-27 01:03:51 INFO     [E5000] Total: 1.317790 | Main: 1.552624 | Aux: 0.899359
2025-05-27 01:03:56 INFO     [E6000] Total: 1.314702 | Main: 1.548506 | Aux: 0.898995
2025-05-27 01:04:00 INFO     [E7000] Total: 1.311395 | Main: 1.544384 | Aux: 0.898382
2025-05-27 01:04:04 INFO     [E8000] Total: 1.312316 | Main: 1.545478 | Aux: 0.897975
2025-05-27 01:04:09 INFO     [E9000] Total: 1.310994 | Main: 1.543883 | Aux: 0.897694
2025-05-27 01:04:13 INFO     [E10000] Total: 1.307605 | Main: 1.539563 | Aux: 0.897253
2025-05-27 01:04:13 INFO     -------------------------
2025-05-27 01:04:13 INFO     | EM Iteration: 1/5
2025-05-27 01:04:13 INFO     -------------------------
2025-05-27 01:04:13 INFO     >>>>> Generator: Rule generation with sampling
2025-05-27 01:04:13 INFO     Predictor: read 1296 rules from list.
2025-05-27 01:04:13 INFO     Preprocess training set
2025-05-27 01:04:13 INFO     >>>>> Predictor: Training
2025-05-27 01:04:53 INFO     1000 12313 8.234224 69358.0
2025-05-27 01:05:32 INFO     2000 12313 7.804779 69332.0
2025-05-27 01:06:11 INFO     3000 12313 7.591515 69384.0
2025-05-27 01:06:50 INFO     4000 12313 7.481895 69279.9
2025-05-27 01:07:30 INFO     5000 12313 7.376053 69332.0
2025-05-27 01:08:09 INFO     6000 12313 7.302607 69384.0
2025-05-27 01:08:48 INFO     7000 12313 7.232859 69297.3
2025-05-27 01:09:27 INFO     8000 12313 7.211833 69323.3
2025-05-27 01:10:06 INFO     9000 12313 7.160565 69358.0
2025-05-27 01:10:45 INFO     10000 12313 7.149728 69332.0
2025-05-27 01:11:23 INFO     11000 12313 7.126394 69366.7
2025-05-27 01:12:02 INFO     12000 12313 7.094896 69279.9
2025-05-27 01:12:15 INFO     >>>>> Predictor: Evaluating on valid
2025-05-27 01:12:32 INFO     Data : 3823
2025-05-27 01:12:32 INFO     Hit1 : 0.028512
2025-05-27 01:12:32 INFO     Hit3 : 0.058854
2025-05-27 01:12:32 INFO     Hit10: 0.110908
2025-05-27 01:12:32 INFO     MR   : 1184.897724
2025-05-27 01:12:32 INFO     MRR  : 0.056746
2025-05-27 01:12:32 INFO     >>>>> Predictor: Evaluating on test
2025-05-27 01:12:52 INFO     Data : 4402
2025-05-27 01:12:52 INFO     Hit1 : 0.037029
2025-05-27 01:12:52 INFO     Hit3 : 0.064062
2025-05-27 01:12:52 INFO     Hit10: 0.107678
2025-05-27 01:12:52 INFO     MR   : 1177.669128
2025-05-27 01:12:52 INFO     MRR  : 0.062225
2025-05-27 01:12:52 INFO     >>>>> Predictor: Computing H scores of rules
2025-05-27 01:13:34 INFO     1000 12313
2025-05-27 01:14:15 INFO     2000 12313
2025-05-27 01:14:56 INFO     3000 12313
2025-05-27 01:15:37 INFO     4000 12313
2025-05-27 01:16:19 INFO     5000 12313
2025-05-27 01:17:00 INFO     6000 12313
2025-05-27 01:17:41 INFO     7000 12313
2025-05-27 01:18:21 INFO     8000 12313
2025-05-27 01:19:03 INFO     9000 12313
2025-05-27 01:19:44 INFO     10000 12313
2025-05-27 01:20:25 INFO     11000 12313
2025-05-27 01:21:06 INFO     12000 12313
2025-05-27 01:21:19 INFO     >>>>> Generator: Training
2025-05-27 01:21:19 INFO     -------------------------
2025-05-27 01:21:19 INFO     | EM Iteration: 2/5
2025-05-27 01:21:19 INFO     -------------------------
2025-05-27 01:21:19 INFO     >>>>> Generator: Rule generation with sampling
2025-05-27 01:21:19 INFO     Predictor: read 1375 rules from list.
2025-05-27 01:21:19 INFO     Preprocess training set
2025-05-27 01:21:19 INFO     >>>>> Predictor: Training
2025-05-27 01:22:00 INFO     1000 12313 8.245724 69366.7
2025-05-27 01:22:40 INFO     2000 12313 7.767225 69279.9
2025-05-27 01:23:21 INFO     3000 12313 7.597481 69253.9
2025-05-27 01:24:02 INFO     4000 12313 7.444206 69340.6
2025-05-27 01:24:43 INFO     5000 12313 7.361989 69366.7
2025-05-27 01:25:24 INFO     6000 12313 7.277940 69358.0
2025-05-27 01:26:05 INFO     7000 12313 7.240273 69366.7
2025-05-27 01:26:46 INFO     8000 12313 7.222241 69384.0
2025-05-27 01:27:28 INFO     9000 12313 7.176576 69262.6
2025-05-27 01:28:09 INFO     10000 12313 7.155939 69323.3
2025-05-27 01:28:51 INFO     11000 12313 7.126363 69366.7
2025-05-27 01:29:31 INFO     12000 12313 7.114532 69332.0
2025-05-27 01:29:43 INFO     >>>>> Predictor: Evaluating on valid
2025-05-27 01:30:01 INFO     Data : 3823
2025-05-27 01:30:01 INFO     Hit1 : 0.026942
2025-05-27 01:30:01 INFO     Hit3 : 0.061470
2025-05-27 01:30:01 INFO     Hit10: 0.113000
2025-05-27 01:30:01 INFO     MR   : 1160.113262
2025-05-27 01:30:01 INFO     MRR  : 0.057948
2025-05-27 01:30:01 INFO     >>>>> Predictor: Evaluating on test
2025-05-27 01:30:21 INFO     Data : 4402
2025-05-27 01:30:21 INFO     Hit1 : 0.037937
2025-05-27 01:30:21 INFO     Hit3 : 0.068832
2025-05-27 01:30:21 INFO     Hit10: 0.113130
2025-05-27 01:30:21 INFO     MR   : 1154.272490
2025-05-27 01:30:21 INFO     MRR  : 0.066325
2025-05-27 01:30:21 INFO     >>>>> Predictor: Computing H scores of rules
2025-05-27 01:31:04 INFO     1000 12313
2025-05-27 01:31:47 INFO     2000 12313
2025-05-27 01:32:30 INFO     3000 12313
2025-05-27 01:33:15 INFO     4000 12313
2025-05-27 01:33:59 INFO     5000 12313
2025-05-27 01:34:42 INFO     6000 12313
2025-05-27 01:35:24 INFO     7000 12313
2025-05-27 01:36:06 INFO     8000 12313
2025-05-27 01:36:50 INFO     9000 12313
2025-05-27 01:37:32 INFO     10000 12313
2025-05-27 01:38:15 INFO     11000 12313
2025-05-27 01:38:58 INFO     12000 12313
2025-05-27 01:39:11 INFO     >>>>> Generator: Training
2025-05-27 01:39:11 INFO     -------------------------
2025-05-27 01:39:11 INFO     | EM Iteration: 3/5
2025-05-27 01:39:11 INFO     -------------------------
2025-05-27 01:39:11 INFO     >>>>> Generator: Rule generation with sampling
2025-05-27 01:39:11 INFO     Predictor: read 1479 rules from list.
2025-05-27 01:39:11 INFO     Preprocess training set
2025-05-27 01:39:11 INFO     >>>>> Predictor: Training
2025-05-27 01:39:54 INFO     1000 12313 8.192458 69384.0
2025-05-27 01:40:37 INFO     2000 12313 7.701273 69384.0
2025-05-27 01:41:20 INFO     3000 12313 7.431247 69253.9
2025-05-27 01:42:02 INFO     4000 12313 7.287938 69323.3
2025-05-27 01:42:45 INFO     5000 12313 7.166133 69384.0
2025-05-27 01:43:28 INFO     6000 12313 7.046770 69323.3
2025-05-27 01:44:11 INFO     7000 12313 6.959242 69366.7
2025-05-27 01:44:54 INFO     8000 12313 6.897867 69332.0
2025-05-27 01:45:37 INFO     9000 12313 6.787340 69384.0
2025-05-27 01:46:21 INFO     10000 12313 6.786976 69227.9
2025-05-27 01:47:04 INFO     11000 12313 6.728323 69340.6
2025-05-27 01:47:46 INFO     12000 12313 6.695160 69297.3
2025-05-27 01:47:59 INFO     >>>>> Predictor: Evaluating on valid
2025-05-27 01:48:17 INFO     Data : 3823
2025-05-27 01:48:17 INFO     Hit1 : 0.026157
2025-05-27 01:48:17 INFO     Hit3 : 0.060685
2025-05-27 01:48:17 INFO     Hit10: 0.118493
2025-05-27 01:48:17 INFO     MR   : 1145.386346
2025-05-27 01:48:17 INFO     MRR  : 0.058148
2025-05-27 01:48:17 INFO     >>>>> Predictor: Evaluating on test
2025-05-27 01:48:37 INFO     Data : 4402
2025-05-27 01:48:37 INFO     Hit1 : 0.035666
2025-05-27 01:48:37 INFO     Hit3 : 0.068151
2025-05-27 01:48:37 INFO     Hit10: 0.123126
2025-05-27 01:48:37 INFO     MR   : 1127.735461
2025-05-27 01:48:37 INFO     MRR  : 0.066402
2025-05-27 01:48:37 INFO     >>>>> Predictor: Computing H scores of rules
2025-05-27 01:49:22 INFO     1000 12313
2025-05-27 01:50:06 INFO     2000 12313
2025-05-27 01:50:51 INFO     3000 12313
2025-05-27 01:51:35 INFO     4000 12313
2025-05-27 01:52:20 INFO     5000 12313
2025-05-27 01:53:05 INFO     6000 12313
2025-05-27 01:53:50 INFO     7000 12313
2025-05-27 01:54:36 INFO     8000 12313
2025-05-27 01:55:20 INFO     9000 12313
2025-05-27 01:56:04 INFO     10000 12313
2025-05-27 01:56:49 INFO     11000 12313
2025-05-27 01:57:35 INFO     12000 12313
2025-05-27 01:57:49 INFO     >>>>> Generator: Training
2025-05-27 01:57:49 INFO     -------------------------
2025-05-27 01:57:49 INFO     | EM Iteration: 4/5
2025-05-27 01:57:49 INFO     -------------------------
2025-05-27 01:57:49 INFO     >>>>> Generator: Rule generation with sampling
2025-05-27 01:57:49 INFO     Predictor: read 1505 rules from list.
2025-05-27 01:57:49 INFO     Preprocess training set
2025-05-27 01:57:49 INFO     >>>>> Predictor: Training
2025-05-27 01:58:31 INFO     1000 12313 8.236605 69314.6
2025-05-27 01:59:14 INFO     2000 12313 7.760339 69279.9
2025-05-27 01:59:56 INFO     3000 12313 7.514834 69366.7
2025-05-27 02:00:39 INFO     4000 12313 7.407379 69366.7
2025-05-27 02:01:22 INFO     5000 12313 7.312585 69288.6
2025-05-27 02:02:05 INFO     6000 12313 7.224334 69340.6
2025-05-27 02:02:47 INFO     7000 12313 7.131332 69384.0
2025-05-27 02:03:29 INFO     8000 12313 7.068765 69340.6
2025-05-27 02:04:11 INFO     9000 12313 7.074285 69384.0
2025-05-27 02:04:54 INFO     10000 12313 7.018681 69288.6
2025-05-27 02:05:37 INFO     11000 12313 7.010633 69262.6
2025-05-27 02:06:21 INFO     12000 12313 6.977961 69384.0
2025-05-27 02:06:34 INFO     >>>>> Predictor: Evaluating on valid
2025-05-27 02:06:52 INFO     Data : 3823
2025-05-27 02:06:52 INFO     Hit1 : 0.037144
2025-05-27 02:06:52 INFO     Hit3 : 0.074026
2025-05-27 02:06:52 INFO     Hit10: 0.139942
2025-05-27 02:06:52 INFO     MR   : 1096.103845
2025-05-27 02:06:52 INFO     MRR  : 0.072608
2025-05-27 02:06:52 INFO     >>>>> Predictor: Evaluating on test
2025-05-27 02:07:12 INFO     Data : 4402
2025-05-27 02:07:12 INFO     Hit1 : 0.049523
2025-05-27 02:07:12 INFO     Hit3 : 0.089505
2025-05-27 02:07:12 INFO     Hit10: 0.152658
2025-05-27 02:07:12 INFO     MR   : 1100.789982
2025-05-27 02:07:12 INFO     MRR  : 0.084381
2025-05-27 02:07:12 INFO     >>>>> Predictor: Computing H scores of rules
2025-05-27 02:07:58 INFO     1000 12313
2025-05-27 02:08:43 INFO     2000 12313
2025-05-27 02:09:28 INFO     3000 12313
2025-05-27 02:10:11 INFO     4000 12313
2025-05-27 02:10:55 INFO     5000 12313
2025-05-27 02:11:39 INFO     6000 12313
2025-05-27 02:12:24 INFO     7000 12313
2025-05-27 02:13:11 INFO     8000 12313
2025-05-27 02:13:55 INFO     9000 12313
2025-05-27 02:14:40 INFO     10000 12313
2025-05-27 02:15:24 INFO     11000 12313
2025-05-27 02:16:10 INFO     12000 12313
2025-05-27 02:16:24 INFO     >>>>> Generator: Training
2025-05-27 02:16:25 INFO     -------------------------
2025-05-27 02:16:25 INFO     | EM Iteration: 5/5
2025-05-27 02:16:25 INFO     -------------------------
2025-05-27 02:16:25 INFO     >>>>> Generator: Rule generation with sampling
2025-05-27 02:16:25 INFO     Predictor: read 1580 rules from list.
2025-05-27 02:16:25 INFO     Preprocess training set
2025-05-27 02:16:25 INFO     >>>>> Predictor: Training
2025-05-27 02:17:09 INFO     1000 12313 8.245752 69340.6
2025-05-27 02:17:54 INFO     2000 12313 7.806352 69288.6
2025-05-27 02:18:39 INFO     3000 12313 7.602181 69366.7
2025-05-27 02:19:22 INFO     4000 12313 7.494724 69305.9
2025-05-27 02:20:06 INFO     5000 12313 7.374523 69323.3
2025-05-27 02:20:49 INFO     6000 12313 7.329505 69384.0
2025-05-27 02:21:32 INFO     7000 12313 7.280850 69279.9
2025-05-27 02:22:15 INFO     8000 12313 7.206451 69384.0
2025-05-27 02:22:59 INFO     9000 12313 7.209676 69366.7
2025-05-27 02:23:44 INFO     10000 12313 7.164816 69297.3
2025-05-27 02:24:27 INFO     11000 12313 7.125880 69279.9
2025-05-27 02:25:11 INFO     12000 12313 7.139255 69384.0
2025-05-27 02:25:25 INFO     >>>>> Predictor: Evaluating on valid
2025-05-27 02:25:43 INFO     Data : 3823
2025-05-27 02:25:43 INFO     Hit1 : 0.026157
2025-05-27 02:25:43 INFO     Hit3 : 0.056239
2025-05-27 02:25:43 INFO     Hit10: 0.107769
2025-05-27 02:25:43 INFO     MR   : 1181.524326
2025-05-27 02:25:43 INFO     MRR  : 0.055451
2025-05-27 02:25:43 INFO     >>>>> Predictor: Evaluating on test
2025-05-27 02:26:05 INFO     Data : 4402
2025-05-27 02:26:05 INFO     Hit1 : 0.032940
2025-05-27 02:26:05 INFO     Hit3 : 0.060427
2025-05-27 02:26:05 INFO     Hit10: 0.103135
2025-05-27 02:26:05 INFO     MR   : 1168.361767
2025-05-27 02:26:05 INFO     MRR  : 0.059491
2025-05-27 02:26:05 INFO     >>>>> Predictor: Computing H scores of rules
2025-05-27 02:26:50 INFO     1000 12313
2025-05-27 02:27:37 INFO     2000 12313
2025-05-27 02:28:25 INFO     3000 12313
2025-05-27 02:29:12 INFO     4000 12313
2025-05-27 02:30:00 INFO     5000 12313
2025-05-27 02:30:46 INFO     6000 12313
2025-05-27 02:31:34 INFO     7000 12313
2025-05-27 02:32:20 INFO     8000 12313
2025-05-27 02:33:07 INFO     9000 12313
2025-05-27 02:33:54 INFO     10000 12313
2025-05-27 02:34:41 INFO     11000 12313
2025-05-27 02:35:28 INFO     12000 12313
2025-05-27 02:35:43 INFO     >>>>> Generator: Training
2025-05-27 02:35:43 INFO     -------------------------
2025-05-27 02:35:43 INFO     | Post-train Generator
2025-05-27 02:35:43 INFO     -------------------------
2025-05-27 02:35:43 INFO     >>>>> Generator: Training
2025-05-27 02:35:47 INFO     [E1000] Total: 1.461554 | Main: 1.751938 | Aux: 0.888801
2025-05-27 02:35:47 INFO     -------------------------
2025-05-27 02:35:47 INFO     | Beam Search Best Rules
2025-05-27 02:35:47 INFO     -------------------------
2025-05-27 02:35:47 INFO     >>>>> Generator: Rule generation with beam search
2025-05-27 02:35:48 INFO     >>>>> Generator: Rule generation with beam search
2025-05-27 02:35:49 INFO     >>>>> Generator: Rule generation with beam search
2025-05-27 02:35:57 INFO     >>>>> Generator: Rule generation with beam search
2025-05-27 02:36:03 INFO     >>>>> Generator: Rule generation with beam search
2025-05-27 02:36:07 INFO     -------------------------
2025-05-27 02:36:07 INFO     | Train Final Predictor+
2025-05-27 02:36:07 INFO     -------------------------
2025-05-27 02:36:07 INFO     Predictor+: read 18420 rules from list.
2025-05-27 02:36:07 INFO     Preprocess training set
2025-05-27 02:36:07 INFO     -------------------------
2025-05-27 02:36:07 INFO     | Iteration: 1/5
2025-05-27 02:36:07 INFO     -------------------------
2025-05-27 02:36:07 INFO     >>>>> Predictor: Training
2025-05-27 02:42:41 INFO     1000 12313 4.688836 69314.6
2025-05-27 02:49:11 INFO     2000 12313 4.487399 69366.7
2025-05-27 02:55:41 INFO     3000 12313 4.449450 69279.9
2025-05-27 03:02:11 INFO     4000 12313 4.445785 69340.6
2025-05-27 03:08:37 INFO     5000 12313 4.481070 69236.6
2025-05-27 03:15:07 INFO     6000 12313 4.440323 69366.7
2025-05-27 03:21:39 INFO     7000 12313 4.424932 69323.3
2025-05-27 03:28:12 INFO     8000 12313 4.462166 69349.3
2025-05-27 03:34:43 INFO     9000 12313 4.423934 69384.0
2025-05-27 03:41:11 INFO     10000 12313 4.416258 69384.0
2025-05-27 03:47:40 INFO     11000 12313 4.439503 69288.6
2025-05-27 03:54:12 INFO     12000 12313 4.443265 69366.7
2025-05-27 03:56:14 INFO     >>>>> Predictor: Evaluating on valid
2025-05-27 03:59:07 INFO     Data : 3823
2025-05-27 03:59:07 INFO     Hit1 : 0.072979
2025-05-27 03:59:07 INFO     Hit3 : 0.162699
2025-05-27 03:59:07 INFO     Hit10: 0.292702
2025-05-27 03:59:07 INFO     MR   : 617.949778
2025-05-27 03:59:07 INFO     MRR  : 0.146032
2025-05-27 03:59:07 INFO     >>>>> Predictor: Evaluating on test
2025-05-27 04:02:25 INFO     Data : 4402
2025-05-27 04:02:25 INFO     Hit1 : 0.106315
2025-05-27 04:02:25 INFO     Hit3 : 0.191504
2025-05-27 04:02:25 INFO     Hit10: 0.323716
2025-05-27 04:02:25 INFO     MR   : 598.488301
2025-05-27 04:02:25 INFO     MRR  : 0.176851
2025-05-27 04:02:25 INFO     Save checkpoint to results/semmeddb/multitask/cluster_4/full/adaptive/predictor.pt
2025-05-27 04:02:25 INFO     -------------------------
2025-05-27 04:02:25 INFO     | Iteration: 2/5
2025-05-27 04:02:25 INFO     -------------------------
2025-05-27 04:02:25 INFO     >>>>> Predictor: Training
2025-05-27 04:08:51 INFO     1000 12313 4.380452 69384.0
2025-05-27 04:15:16 INFO     2000 12313 4.377519 69384.0
2025-05-27 04:21:45 INFO     3000 12313 4.389413 69340.6
2025-05-27 04:28:17 INFO     4000 12313 4.391328 69305.9
2025-05-27 04:34:51 INFO     5000 12313 4.403183 69340.6
2025-05-27 04:41:17 INFO     6000 12313 4.407951 69297.3
2025-05-27 04:47:44 INFO     7000 12313 4.390980 69323.3
2025-05-27 04:54:11 INFO     8000 12313 4.415690 69366.7
2025-05-27 05:00:37 INFO     9000 12313 4.391030 69297.3
2025-05-27 05:07:05 INFO     10000 12313 4.402782 69366.7
2025-05-27 05:13:43 INFO     11000 12313 4.407250 69314.6
2025-05-27 05:20:14 INFO     12000 12313 4.418477 69279.9
2025-05-27 05:22:16 INFO     >>>>> Predictor: Evaluating on valid
2025-05-27 05:25:09 INFO     Data : 3823
2025-05-27 05:25:09 INFO     Hit1 : 0.077426
2025-05-27 05:25:09 INFO     Hit3 : 0.153544
2025-05-27 05:25:09 INFO     Hit10: 0.299765
2025-05-27 05:25:09 INFO     MR   : 606.000654
2025-05-27 05:25:09 INFO     MRR  : 0.147927
2025-05-27 05:25:09 INFO     >>>>> Predictor: Evaluating on test
2025-05-27 05:28:27 INFO     Data : 4402
2025-05-27 05:28:27 INFO     Hit1 : 0.109041
2025-05-27 05:28:27 INFO     Hit3 : 0.193094
2025-05-27 05:28:27 INFO     Hit10: 0.326670
2025-05-27 05:28:27 INFO     MR   : 580.019877
2025-05-27 05:28:27 INFO     MRR  : 0.179054
2025-05-27 05:28:27 INFO     Save checkpoint to results/semmeddb/multitask/cluster_4/full/adaptive/predictor.pt
2025-05-27 05:28:27 INFO     -------------------------
2025-05-27 05:28:27 INFO     | Iteration: 3/5
2025-05-27 05:28:27 INFO     -------------------------
2025-05-27 05:28:27 INFO     >>>>> Predictor: Training
2025-05-27 05:34:56 INFO     1000 12313 4.385020 69262.6
2025-05-27 05:41:22 INFO     2000 12313 4.369035 69384.0
2025-05-27 05:47:50 INFO     3000 12313 4.347293 69262.6
2025-05-27 05:54:16 INFO     4000 12313 4.387742 69323.3
2025-05-27 06:00:49 INFO     5000 12313 4.360348 69366.7
2025-05-27 06:07:20 INFO     6000 12313 4.382078 69323.3
2025-05-27 06:13:47 INFO     7000 12313 4.388855 69366.7
2025-05-27 06:20:12 INFO     8000 12313 4.397095 69384.0
2025-05-27 06:26:39 INFO     9000 12313 4.376981 69349.3
2025-05-27 06:33:05 INFO     10000 12313 4.399416 69314.6
2025-05-27 06:39:32 INFO     11000 12313 4.361373 69349.3
2025-05-27 06:46:04 INFO     12000 12313 4.395592 69314.6
2025-05-27 06:48:06 INFO     >>>>> Predictor: Evaluating on valid
2025-05-27 06:50:58 INFO     Data : 3823
2025-05-27 06:50:58 INFO     Hit1 : 0.081873
2025-05-27 06:50:58 INFO     Hit3 : 0.155899
2025-05-27 06:50:58 INFO     Hit10: 0.304735
2025-05-27 06:50:58 INFO     MR   : 602.774392
2025-05-27 06:50:58 INFO     MRR  : 0.151749
2025-05-27 06:50:58 INFO     >>>>> Predictor: Evaluating on test
2025-05-27 06:54:16 INFO     Data : 4402
2025-05-27 06:54:16 INFO     Hit1 : 0.109269
2025-05-27 06:54:16 INFO     Hit3 : 0.200591
2025-05-27 06:54:16 INFO     Hit10: 0.330759
2025-05-27 06:54:16 INFO     MR   : 568.575875
2025-05-27 06:54:16 INFO     MRR  : 0.182082
2025-05-27 06:54:16 INFO     Save checkpoint to results/semmeddb/multitask/cluster_4/full/adaptive/predictor.pt
2025-05-27 06:54:16 INFO     -------------------------
2025-05-27 06:54:16 INFO     | Iteration: 4/5
2025-05-27 06:54:16 INFO     -------------------------
2025-05-27 06:54:16 INFO     >>>>> Predictor: Training
2025-05-27 07:00:47 INFO     1000 12313 4.337095 69384.0
2025-05-27 07:07:17 INFO     2000 12313 4.358529 69340.6
2025-05-27 07:13:49 INFO     3000 12313 4.367230 69384.0
2025-05-27 07:20:27 INFO     4000 12313 4.392063 69253.9
2025-05-27 07:27:05 INFO     5000 12313 4.377722 69262.6
2025-05-27 07:33:33 INFO     6000 12313 4.392768 69340.6
2025-05-27 07:40:00 INFO     7000 12313 4.370768 69314.6
2025-05-27 07:46:26 INFO     8000 12313 4.349428 69323.3
2025-05-27 07:52:52 INFO     9000 12313 4.382250 69366.7
2025-05-27 07:59:28 INFO     10000 12313 4.354877 69349.3
2025-05-27 08:05:58 INFO     11000 12313 4.366670 69366.7
2025-05-27 08:12:29 INFO     12000 12313 4.383383 69366.7
2025-05-27 08:14:31 INFO     >>>>> Predictor: Evaluating on valid
2025-05-27 08:17:23 INFO     Data : 3823
2025-05-27 08:17:23 INFO     Hit1 : 0.076118
2025-05-27 08:17:23 INFO     Hit3 : 0.156683
2025-05-27 08:17:23 INFO     Hit10: 0.301334
2025-05-27 08:17:23 INFO     MR   : 591.643604
2025-05-27 08:17:23 INFO     MRR  : 0.148360
2025-05-27 08:17:23 INFO     >>>>> Predictor: Evaluating on test
2025-05-27 08:20:41 INFO     Data : 4402
2025-05-27 08:20:41 INFO     Hit1 : 0.107451
2025-05-27 08:20:41 INFO     Hit3 : 0.191958
2025-05-27 08:20:41 INFO     Hit10: 0.332803
2025-05-27 08:20:41 INFO     MR   : 561.013857
2025-05-27 08:20:41 INFO     MRR  : 0.179566
2025-05-27 08:20:41 INFO     -------------------------
2025-05-27 08:20:41 INFO     | Iteration: 5/5
2025-05-27 08:20:41 INFO     -------------------------
2025-05-27 08:20:41 INFO     >>>>> Predictor: Training
2025-05-27 08:27:14 INFO     1000 12313 4.336276 69323.3
2025-05-27 08:33:52 INFO     2000 12313 4.361020 69384.0
2025-05-27 08:40:29 INFO     3000 12313 4.356582 69245.2
2025-05-27 08:47:06 INFO     4000 12313 4.337581 69384.0
2025-05-27 08:53:33 INFO     5000 12313 4.384245 69366.7
2025-05-27 09:00:03 INFO     6000 12313 4.358801 69323.3
2025-05-27 09:06:34 INFO     7000 12313 4.375244 69384.0
2025-05-27 09:13:05 INFO     8000 12313 4.387781 69297.3
2025-05-27 09:19:37 INFO     9000 12313 4.365354 69384.0
2025-05-27 09:26:09 INFO     10000 12313 4.361613 69271.3
2025-05-27 09:32:36 INFO     11000 12313 4.363534 69340.6
2025-05-27 09:39:02 INFO     12000 12313 4.341713 69297.3
2025-05-27 09:41:03 INFO     >>>>> Predictor: Evaluating on valid
2025-05-27 09:43:55 INFO     Data : 3823
2025-05-27 09:43:55 INFO     Hit1 : 0.079519
2025-05-27 09:43:55 INFO     Hit3 : 0.162961
2025-05-27 09:43:55 INFO     Hit10: 0.296103
2025-05-27 09:43:55 INFO     MR   : 590.305650
2025-05-27 09:43:55 INFO     MRR  : 0.150246
2025-05-27 09:43:55 INFO     >>>>> Predictor: Evaluating on test
2025-05-27 09:47:13 INFO     Data : 4402
2025-05-27 09:47:13 INFO     Hit1 : 0.106770
2025-05-27 09:47:13 INFO     Hit3 : 0.194684
2025-05-27 09:47:13 INFO     Hit10: 0.323716
2025-05-27 09:47:13 INFO     MR   : 560.881985
2025-05-27 09:47:13 INFO     MRR  : 0.177542
2025-05-27 09:47:13 INFO     -------------------------
2025-05-27 09:47:13 INFO     | Final Test MRR: 0.182082
2025-05-27 09:47:13 INFO     -------------------------
