2025-07-20 11:11:00 INFO     is_soft_label: False
2025-07-20 11:11:00 INFO     is_scheduled_sampling: False
2025-07-20 11:11:00 INFO     is_test_mode: False
2025-07-20 11:11:01 INFO     Data loading | DONE!
2025-07-20 11:11:01 INFO     Using full datasets for training, validation, and testing.
2025-07-20 11:11:01 INFO     -------------------------
2025-07-20 11:11:01 INFO     | EM Iteration: 1/5
2025-07-20 11:11:01 INFO     -------------------------
2025-07-20 11:11:01 INFO     >>>>> Using miner's rule
2025-07-20 11:11:01 INFO     Predictor: read 13661 rules from list.
2025-07-20 11:11:02 INFO     Preprocess training set
2025-07-20 11:11:02 INFO     >>>>> Predictor: Evaluating on valid
2025-07-20 11:13:16 INFO     Data : 2077
2025-07-20 11:13:16 INFO     Hit1 : 0.065479
2025-07-20 11:13:16 INFO     Hit3 : 0.127106
2025-07-20 11:13:16 INFO     Hit10: 0.199326
2025-07-20 11:13:16 INFO     MR   : 1120.902022
2025-07-20 11:13:16 INFO     MRR  : 0.114382
2025-07-20 11:13:16 INFO     >>>>> Predictor: Evaluating on test
2025-07-20 11:15:46 INFO     Data : 2342
2025-07-20 11:15:46 INFO     Hit1 : 0.078992
2025-07-20 11:15:46 INFO     Hit3 : 0.124253
2025-07-20 11:15:46 INFO     Hit10: 0.208796
2025-07-20 11:15:46 INFO     MR   : 1044.269001
2025-07-20 11:15:46 INFO     MRR  : 0.122250
2025-07-20 11:15:46 INFO     >>>>> Predictor: Computing H scores of rules
2025-07-20 11:52:29 INFO     1000 5959
2025-07-20 12:29:52 INFO     2000 5959
2025-07-20 13:07:08 INFO     3000 5959
2025-07-20 13:43:58 INFO     4000 5959
2025-07-20 14:20:38 INFO     5000 5959
2025-07-20 14:58:41 INFO     >>>>> Generator: Training
2025-07-20 14:58:52 INFO     -------------------------
2025-07-20 14:58:52 INFO     | EM Iteration: 2/5
2025-07-20 14:58:52 INFO     -------------------------
2025-07-20 14:58:52 INFO     >>>>> Using Generator's sample rule
2025-07-20 14:58:52 INFO     >>>>> Generator: Rule generation with sampling
2025-07-20 14:58:52 INFO     Predictor: read 1904 rules from list.
2025-07-20 14:58:52 INFO     Preprocess training set
2025-07-20 14:58:52 INFO     >>>>> Predictor: Training
2025-07-20 15:00:06 INFO     1000 5959 8.782312 69314.6
2025-07-20 15:01:20 INFO     2000 5959 8.410004 69271.3
2025-07-20 15:02:36 INFO     3000 5959 8.219053 69245.2
2025-07-20 15:03:49 INFO     4000 5959 8.065449 69340.6
2025-07-20 15:04:59 INFO     5000 5959 7.940880 69340.6
2025-07-20 15:06:13 INFO     >>>>> Predictor: Evaluating on valid
2025-07-20 15:06:35 INFO     Data : 2077
2025-07-20 15:06:35 INFO     Hit1 : 0.025036
2025-07-20 15:06:35 INFO     Hit3 : 0.040924
2025-07-20 15:06:35 INFO     Hit10: 0.064035
2025-07-20 15:06:35 INFO     MR   : 1407.828117
2025-07-20 15:06:35 INFO     MRR  : 0.041154
2025-07-20 15:06:35 INFO     >>>>> Predictor: Evaluating on test
2025-07-20 15:07:03 INFO     Data : 2342
2025-07-20 15:07:03 INFO     Hit1 : 0.019641
2025-07-20 15:07:03 INFO     Hit3 : 0.030743
2025-07-20 15:07:03 INFO     Hit10: 0.056362
2025-07-20 15:07:03 INFO     MR   : 1317.205807
2025-07-20 15:07:03 INFO     MRR  : 0.034766
2025-07-20 15:07:03 INFO     >>>>> Predictor: Computing H scores of rules
2025-07-20 15:10:24 INFO     1000 5959
2025-07-20 15:13:45 INFO     2000 5959
2025-07-20 15:17:05 INFO     3000 5959
2025-07-20 15:20:25 INFO     4000 5959
2025-07-20 15:23:50 INFO     5000 5959
2025-07-20 15:27:05 INFO     >>>>> Generator: Training
2025-07-20 15:27:15 INFO     -------------------------
2025-07-20 15:27:15 INFO     | EM Iteration: 3/5
2025-07-20 15:27:15 INFO     -------------------------
2025-07-20 15:27:15 INFO     >>>>> Using Generator's sample rule
2025-07-20 15:27:15 INFO     >>>>> Generator: Rule generation with sampling
2025-07-20 15:27:15 INFO     Predictor: read 1877 rules from list.
2025-07-20 15:27:15 INFO     Preprocess training set
2025-07-20 15:27:15 INFO     >>>>> Predictor: Training
2025-07-20 15:28:27 INFO     1000 5959 8.809976 69332.0
2025-07-20 15:29:39 INFO     2000 5959 8.469537 69349.3
2025-07-20 15:30:53 INFO     3000 5959 8.254404 69184.5
2025-07-20 15:32:05 INFO     4000 5959 8.080450 69253.9
2025-07-20 15:33:20 INFO     5000 5959 7.983767 69332.0
2025-07-20 15:34:30 INFO     >>>>> Predictor: Evaluating on valid
2025-07-20 15:34:48 INFO     Data : 2077
2025-07-20 15:34:48 INFO     Hit1 : 0.010592
2025-07-20 15:34:48 INFO     Hit3 : 0.025999
2025-07-20 15:34:48 INFO     Hit10: 0.051035
2025-07-20 15:34:48 INFO     MR   : 1450.381801
2025-07-20 15:34:48 INFO     MRR  : 0.026797
2025-07-20 15:34:48 INFO     >>>>> Predictor: Evaluating on test
2025-07-20 15:35:14 INFO     Data : 2342
2025-07-20 15:35:14 INFO     Hit1 : 0.014091
2025-07-20 15:35:14 INFO     Hit3 : 0.024765
2025-07-20 15:35:14 INFO     Hit10: 0.047395
2025-07-20 15:35:14 INFO     MR   : 1340.377455
2025-07-20 15:35:14 INFO     MRR  : 0.028016
2025-07-20 15:35:14 INFO     >>>>> Predictor: Computing H scores of rules
2025-07-20 15:38:34 INFO     1000 5959
2025-07-20 15:42:05 INFO     2000 5959
2025-07-20 15:45:24 INFO     3000 5959
2025-07-20 15:48:44 INFO     4000 5959
2025-07-20 15:52:06 INFO     5000 5959
2025-07-20 15:55:21 INFO     >>>>> Generator: Training
2025-07-20 15:55:31 INFO     -------------------------
2025-07-20 15:55:31 INFO     | EM Iteration: 4/5
2025-07-20 15:55:31 INFO     -------------------------
2025-07-20 15:55:31 INFO     >>>>> Using Generator's sample rule
2025-07-20 15:55:31 INFO     >>>>> Generator: Rule generation with sampling
2025-07-20 15:55:31 INFO     Predictor: read 1847 rules from list.
2025-07-20 15:55:31 INFO     Preprocess training set
2025-07-20 15:55:31 INFO     >>>>> Predictor: Training
2025-07-20 15:56:53 INFO     1000 5959 8.791110 69271.3
2025-07-20 15:58:07 INFO     2000 5959 8.404539 69340.6
2025-07-20 15:59:19 INFO     3000 5959 8.137731 69384.0
2025-07-20 16:00:32 INFO     4000 5959 7.963986 69262.6
2025-07-20 16:01:43 INFO     5000 5959 7.819836 69332.0
2025-07-20 16:02:51 INFO     >>>>> Predictor: Evaluating on valid
2025-07-20 16:03:09 INFO     Data : 2077
2025-07-20 16:03:09 INFO     Hit1 : 0.006259
2025-07-20 16:03:09 INFO     Hit3 : 0.018296
2025-07-20 16:03:09 INFO     Hit10: 0.036110
2025-07-20 16:03:09 INFO     MR   : 1486.285749
2025-07-20 16:03:09 INFO     MRR  : 0.019680
2025-07-20 16:03:09 INFO     >>>>> Predictor: Evaluating on test
2025-07-20 16:03:29 INFO     Data : 2342
2025-07-20 16:03:29 INFO     Hit1 : 0.008540
2025-07-20 16:03:29 INFO     Hit3 : 0.018787
2025-07-20 16:03:29 INFO     Hit10: 0.035440
2025-07-20 16:03:29 INFO     MR   : 1371.789710
2025-07-20 16:03:29 INFO     MRR  : 0.020680
2025-07-20 16:03:29 INFO     >>>>> Predictor: Computing H scores of rules
2025-07-20 16:06:54 INFO     1000 5959
2025-07-20 16:10:21 INFO     2000 5959
2025-07-20 16:13:52 INFO     3000 5959
2025-07-20 16:17:12 INFO     4000 5959
2025-07-20 16:20:34 INFO     5000 5959
2025-07-20 16:24:01 INFO     >>>>> Generator: Training
2025-07-20 16:24:11 INFO     -------------------------
2025-07-20 16:24:11 INFO     | EM Iteration: 5/5
2025-07-20 16:24:11 INFO     -------------------------
2025-07-20 16:24:11 INFO     >>>>> Using Generator's sample rule
2025-07-20 16:24:11 INFO     >>>>> Generator: Rule generation with sampling
2025-07-20 16:24:11 INFO     Predictor: read 1676 rules from list.
2025-07-20 16:24:11 INFO     Preprocess training set
2025-07-20 16:24:11 INFO     >>>>> Predictor: Training
2025-07-20 16:25:33 INFO     1000 5959 8.805924 69332.0
2025-07-20 16:26:41 INFO     2000 5959 8.434382 69349.3
2025-07-20 16:27:50 INFO     3000 5959 8.182272 69340.6
2025-07-20 16:29:11 INFO     4000 5959 8.012417 69297.3
2025-07-20 16:30:21 INFO     5000 5959 7.830053 69219.2
2025-07-20 16:31:27 INFO     >>>>> Predictor: Evaluating on valid
2025-07-20 16:31:44 INFO     Data : 2077
2025-07-20 16:31:44 INFO     Hit1 : 0.029851
2025-07-20 16:31:44 INFO     Hit3 : 0.053924
2025-07-20 16:31:44 INFO     Hit10: 0.076071
2025-07-20 16:31:44 INFO     MR   : 1451.129995
2025-07-20 16:31:44 INFO     MRR  : 0.049605
2025-07-20 16:31:44 INFO     >>>>> Predictor: Evaluating on test
2025-07-20 16:32:04 INFO     Data : 2342
2025-07-20 16:32:04 INFO     Hit1 : 0.028608
2025-07-20 16:32:04 INFO     Hit3 : 0.046541
2025-07-20 16:32:04 INFO     Hit10: 0.084116
2025-07-20 16:32:04 INFO     MR   : 1334.989112
2025-07-20 16:32:04 INFO     MRR  : 0.048452
2025-07-20 16:32:04 INFO     >>>>> Predictor: Computing H scores of rules
2025-07-20 16:35:23 INFO     1000 5959
2025-07-20 16:38:40 INFO     2000 5959
2025-07-20 16:41:57 INFO     3000 5959
2025-07-20 16:45:25 INFO     4000 5959
2025-07-20 16:48:43 INFO     5000 5959
2025-07-20 16:51:57 INFO     >>>>> Generator: Training
2025-07-20 16:52:07 INFO     -------------------------
2025-07-20 16:52:07 INFO     | Post-train Generator
2025-07-20 16:52:07 INFO     -------------------------
2025-07-20 16:52:08 INFO     >>>>> Generator: Training
2025-07-20 16:54:01 INFO     [E01000] Total 2.432650 | Main 2.559255 | RelClus 1.497829 | EntType 2.354638
2025-07-20 16:54:01 INFO     -------------------------
2025-07-20 16:54:01 INFO     | Beam Search Best Rules
2025-07-20 16:54:01 INFO     -------------------------
2025-07-20 16:54:01 INFO     >>>>> Generator: Rule generation with beam search
2025-07-20 16:54:02 INFO     >>>>> Generator: Rule generation with beam search
2025-07-20 16:54:08 INFO     >>>>> Generator: Rule generation with beam search
2025-07-20 16:55:33 INFO     >>>>> Generator: Rule generation with beam search
2025-07-20 16:56:44 INFO     >>>>> Generator: Rule generation with beam search
2025-07-20 16:57:27 INFO     -------------------------
2025-07-20 16:57:27 INFO     | Train Final Predictor+
2025-07-20 16:57:27 INFO     -------------------------
2025-07-20 16:57:27 INFO     Predictor+: read 18420 rules from list.
2025-07-20 16:57:27 INFO     Preprocess training set
2025-07-20 16:57:27 INFO     -------------------------
2025-07-20 16:57:27 INFO     | Iteration: 1/5
2025-07-20 16:57:27 INFO     -------------------------
2025-07-20 16:57:27 INFO     >>>>> Predictor: Training
2025-07-20 17:02:48 INFO     1000 5959 4.989001 69271.3
2025-07-20 17:08:27 INFO     2000 5959 4.755165 69332.0
2025-07-20 17:13:43 INFO     3000 5959 4.741928 69375.3
2025-07-20 17:19:03 INFO     4000 5959 4.736760 69279.9
2025-07-20 17:24:39 INFO     5000 5959 4.707983 69349.3
2025-07-20 17:30:02 INFO     >>>>> Predictor: Evaluating on valid
2025-07-20 17:31:18 INFO     Data : 2077
2025-07-20 17:31:18 INFO     Hit1 : 0.101107
2025-07-20 17:31:18 INFO     Hit3 : 0.180067
2025-07-20 17:31:18 INFO     Hit10: 0.309581
2025-07-20 17:31:18 INFO     MR   : 994.374819
2025-07-20 17:31:18 INFO     MRR  : 0.168028
2025-07-20 17:31:18 INFO     >>>>> Predictor: Evaluating on test
2025-07-20 17:32:44 INFO     Data : 2342
2025-07-20 17:32:44 INFO     Hit1 : 0.122972
2025-07-20 17:32:44 INFO     Hit3 : 0.209650
2025-07-20 17:32:44 INFO     Hit10: 0.318104
2025-07-20 17:32:44 INFO     MR   : 930.366140
2025-07-20 17:32:44 INFO     MRR  : 0.188541
2025-07-20 17:32:44 INFO     Save checkpoint to results/semmeddb/10_times_each/fixed/333/4_20250720_111058/predictor.pt
2025-07-20 17:32:44 INFO     -------------------------
2025-07-20 17:32:44 INFO     | Iteration: 2/5
2025-07-20 17:32:44 INFO     -------------------------
2025-07-20 17:32:44 INFO     >>>>> Predictor: Training
2025-07-20 17:38:03 INFO     1000 5959 4.637610 69366.7
2025-07-20 17:43:39 INFO     2000 5959 4.676904 69375.3
2025-07-20 17:49:12 INFO     3000 5959 4.664192 69219.2
2025-07-20 17:54:29 INFO     4000 5959 4.672579 69305.9
2025-07-20 17:59:56 INFO     5000 5959 4.660258 69288.6
2025-07-20 18:05:06 INFO     >>>>> Predictor: Evaluating on valid
2025-07-20 18:06:28 INFO     Data : 2077
2025-07-20 18:06:28 INFO     Hit1 : 0.092441
2025-07-20 18:06:28 INFO     Hit3 : 0.190660
2025-07-20 18:06:28 INFO     Hit10: 0.316322
2025-07-20 18:06:28 INFO     MR   : 959.596533
2025-07-20 18:06:28 INFO     MRR  : 0.164834
2025-07-20 18:06:28 INFO     >>>>> Predictor: Evaluating on test
2025-07-20 18:08:05 INFO     Data : 2342
2025-07-20 18:08:05 INFO     Hit1 : 0.125961
2025-07-20 18:08:05 INFO     Hit3 : 0.210931
2025-07-20 18:08:05 INFO     Hit10: 0.321093
2025-07-20 18:08:05 INFO     MR   : 892.999360
2025-07-20 18:08:05 INFO     MRR  : 0.189844
2025-07-20 18:08:05 INFO     -------------------------
2025-07-20 18:08:05 INFO     | Iteration: 3/5
2025-07-20 18:08:05 INFO     -------------------------
2025-07-20 18:08:05 INFO     >>>>> Predictor: Training
2025-07-20 18:13:22 INFO     1000 5959 4.644052 69288.6
2025-07-20 18:18:49 INFO     2000 5959 4.647028 69288.6
2025-07-20 18:24:19 INFO     3000 5959 4.640267 69340.6
2025-07-20 18:29:39 INFO     4000 5959 4.637050 69271.3
2025-07-20 18:35:13 INFO     5000 5959 4.669309 69219.2
2025-07-20 18:40:27 INFO     >>>>> Predictor: Evaluating on valid
2025-07-20 18:41:44 INFO     Data : 2077
2025-07-20 18:41:44 INFO     Hit1 : 0.086663
2025-07-20 18:41:44 INFO     Hit3 : 0.177179
2025-07-20 18:41:44 INFO     Hit10: 0.302359
2025-07-20 18:41:44 INFO     MR   : 946.675734
2025-07-20 18:41:44 INFO     MRR  : 0.158642
2025-07-20 18:41:44 INFO     >>>>> Predictor: Evaluating on test
2025-07-20 18:43:16 INFO     Data : 2342
2025-07-20 18:43:16 INFO     Hit1 : 0.114859
2025-07-20 18:43:16 INFO     Hit3 : 0.201110
2025-07-20 18:43:16 INFO     Hit10: 0.315969
2025-07-20 18:43:16 INFO     MR   : 876.270068
2025-07-20 18:43:16 INFO     MRR  : 0.179594
2025-07-20 18:43:16 INFO     -------------------------
2025-07-20 18:43:16 INFO     | Iteration: 4/5
2025-07-20 18:43:16 INFO     -------------------------
2025-07-20 18:43:16 INFO     >>>>> Predictor: Training
2025-07-20 18:48:43 INFO     1000 5959 4.613882 69340.6
2025-07-20 18:54:03 INFO     2000 5959 4.591775 69184.5
2025-07-20 18:59:30 INFO     3000 5959 4.660191 69253.9
2025-07-20 19:05:19 INFO     4000 5959 4.626519 69340.6
2025-07-20 19:10:47 INFO     5000 5959 4.627763 69384.0
2025-07-20 19:16:18 INFO     >>>>> Predictor: Evaluating on valid
2025-07-20 19:17:36 INFO     Data : 2077
2025-07-20 19:17:36 INFO     Hit1 : 0.093404
2025-07-20 19:17:36 INFO     Hit3 : 0.187771
2025-07-20 19:17:36 INFO     Hit10: 0.309581
2025-07-20 19:17:36 INFO     MR   : 938.843284
2025-07-20 19:17:36 INFO     MRR  : 0.164759
2025-07-20 19:17:36 INFO     >>>>> Predictor: Evaluating on test
2025-07-20 19:19:04 INFO     Data : 2342
2025-07-20 19:19:04 INFO     Hit1 : 0.122972
2025-07-20 19:19:04 INFO     Hit3 : 0.209650
2025-07-20 19:19:04 INFO     Hit10: 0.317250
2025-07-20 19:19:04 INFO     MR   : 870.863792
2025-07-20 19:19:04 INFO     MRR  : 0.188147
2025-07-20 19:19:04 INFO     -------------------------
2025-07-20 19:19:04 INFO     | Iteration: 5/5
2025-07-20 19:19:04 INFO     -------------------------
2025-07-20 19:19:04 INFO     >>>>> Predictor: Training
2025-07-20 19:24:29 INFO     1000 5959 4.620193 69323.3
2025-07-20 19:29:58 INFO     2000 5959 4.606651 69332.0
2025-07-20 19:35:46 INFO     3000 5959 4.648375 69219.2
2025-07-20 19:41:13 INFO     4000 5959 4.637313 69297.3
2025-07-20 19:46:48 INFO     5000 5959 4.606806 69332.0
2025-07-20 19:52:03 INFO     >>>>> Predictor: Evaluating on valid
2025-07-20 19:53:21 INFO     Data : 2077
2025-07-20 19:53:21 INFO     Hit1 : 0.093404
2025-07-20 19:53:21 INFO     Hit3 : 0.177660
2025-07-20 19:53:21 INFO     Hit10: 0.311988
2025-07-20 19:53:21 INFO     MR   : 929.033702
2025-07-20 19:53:21 INFO     MRR  : 0.163388
2025-07-20 19:53:21 INFO     >>>>> Predictor: Evaluating on test
2025-07-20 19:54:50 INFO     Data : 2342
2025-07-20 19:54:50 INFO     Hit1 : 0.119556
2025-07-20 19:54:50 INFO     Hit3 : 0.207515
2025-07-20 19:54:50 INFO     Hit10: 0.317250
2025-07-20 19:54:50 INFO     MR   : 862.769214
2025-07-20 19:54:50 INFO     MRR  : 0.186387
2025-07-20 19:54:50 INFO     -------------------------
2025-07-20 19:54:50 INFO     | Final Test MRR: 0.188541
2025-07-20 19:54:50 INFO     -------------------------
