2025-07-10 05:17:41 INFO     is_soft_label: False
2025-07-10 05:17:41 INFO     is_scheduled_sampling: False
2025-07-10 05:17:41 INFO     is_test_mode: False
2025-07-10 05:17:41 INFO     Data loading | DONE!
2025-07-10 05:17:41 INFO     Using full datasets for training, validation, and testing.
2025-07-10 05:17:42 INFO     -------------------------
2025-07-10 05:17:42 INFO     | EM Iteration: 1/5
2025-07-10 05:17:42 INFO     -------------------------
2025-07-10 05:17:42 INFO     >>>>> Using miner's rule
2025-07-10 05:17:42 INFO     Predictor: read 13661 rules from list.
2025-07-10 05:17:43 INFO     Preprocess training set
2025-07-10 05:17:43 INFO     >>>>> Predictor: Evaluating on valid
2025-07-10 05:21:14 INFO     Data : 2077
2025-07-10 05:21:14 INFO     Hit1 : 0.065479
2025-07-10 05:21:14 INFO     Hit3 : 0.127106
2025-07-10 05:21:14 INFO     Hit10: 0.199326
2025-07-10 05:21:14 INFO     MR   : 1120.902022
2025-07-10 05:21:14 INFO     MRR  : 0.114382
2025-07-10 05:21:14 INFO     >>>>> Predictor: Evaluating on test
2025-07-10 05:25:19 INFO     Data : 2342
2025-07-10 05:25:19 INFO     Hit1 : 0.078992
2025-07-10 05:25:19 INFO     Hit3 : 0.124253
2025-07-10 05:25:19 INFO     Hit10: 0.208796
2025-07-10 05:25:19 INFO     MR   : 1044.269001
2025-07-10 05:25:19 INFO     MRR  : 0.122250
2025-07-10 05:25:19 INFO     >>>>> Predictor: Computing H scores of rules
2025-07-10 06:14:24 INFO     1000 5959
2025-07-10 07:03:34 INFO     2000 5959
2025-07-10 07:53:02 INFO     3000 5959
2025-07-10 08:41:58 INFO     4000 5959
2025-07-10 09:29:47 INFO     5000 5959
2025-07-10 10:19:58 INFO     >>>>> Generator: Training
2025-07-10 10:20:05 INFO     -------------------------
2025-07-10 10:20:05 INFO     | EM Iteration: 2/5
2025-07-10 10:20:05 INFO     -------------------------
2025-07-10 10:20:05 INFO     >>>>> Using Generator's sample rule
2025-07-10 10:20:05 INFO     >>>>> Generator: Rule generation with sampling
2025-07-10 10:20:05 INFO     Predictor: read 1912 rules from list.
2025-07-10 10:20:05 INFO     Preprocess training set
2025-07-10 10:20:05 INFO     >>>>> Predictor: Training
2025-07-10 10:21:39 INFO     1000 5959 8.777563 69314.6
2025-07-10 10:23:11 INFO     2000 5959 8.371464 69271.3
2025-07-10 10:24:40 INFO     3000 5959 8.153242 69245.2
2025-07-10 10:26:15 INFO     4000 5959 7.969263 69340.6
2025-07-10 10:27:48 INFO     5000 5959 7.793321 69340.6
2025-07-10 10:29:15 INFO     >>>>> Predictor: Evaluating on valid
2025-07-10 10:29:33 INFO     Data : 2077
2025-07-10 10:29:33 INFO     Hit1 : 0.018777
2025-07-10 10:29:33 INFO     Hit3 : 0.033702
2025-07-10 10:29:33 INFO     Hit10: 0.057294
2025-07-10 10:29:33 INFO     MR   : 1435.782378
2025-07-10 10:29:33 INFO     MRR  : 0.034306
2025-07-10 10:29:33 INFO     >>>>> Predictor: Evaluating on test
2025-07-10 10:29:54 INFO     Data : 2342
2025-07-10 10:29:54 INFO     Hit1 : 0.017506
2025-07-10 10:29:54 INFO     Hit3 : 0.033305
2025-07-10 10:29:54 INFO     Hit10: 0.061059
2025-07-10 10:29:54 INFO     MR   : 1332.336038
2025-07-10 10:29:54 INFO     MRR  : 0.034204
2025-07-10 10:29:54 INFO     >>>>> Predictor: Computing H scores of rules
2025-07-10 10:33:53 INFO     1000 5959
2025-07-10 10:37:52 INFO     2000 5959
2025-07-10 10:41:50 INFO     3000 5959
2025-07-10 10:45:48 INFO     4000 5959
2025-07-10 10:49:46 INFO     5000 5959
2025-07-10 10:53:37 INFO     >>>>> Generator: Training
2025-07-10 10:53:43 INFO     -------------------------
2025-07-10 10:53:43 INFO     | EM Iteration: 3/5
2025-07-10 10:53:43 INFO     -------------------------
2025-07-10 10:53:43 INFO     >>>>> Using Generator's sample rule
2025-07-10 10:53:43 INFO     >>>>> Generator: Rule generation with sampling
2025-07-10 10:53:43 INFO     Predictor: read 1916 rules from list.
2025-07-10 10:53:43 INFO     Preprocess training set
2025-07-10 10:53:43 INFO     >>>>> Predictor: Training
2025-07-10 10:55:13 INFO     1000 5959 8.801476 69332.0
2025-07-10 10:56:43 INFO     2000 5959 8.440751 69349.3
2025-07-10 10:58:14 INFO     3000 5959 8.214335 69184.5
2025-07-10 10:59:44 INFO     4000 5959 8.010395 69253.9
2025-07-10 11:01:14 INFO     5000 5959 7.912868 69332.0
2025-07-10 11:02:43 INFO     >>>>> Predictor: Evaluating on valid
2025-07-10 11:03:01 INFO     Data : 2077
2025-07-10 11:03:01 INFO     Hit1 : 0.013962
2025-07-10 11:03:01 INFO     Hit3 : 0.020703
2025-07-10 11:03:01 INFO     Hit10: 0.033221
2025-07-10 11:03:01 INFO     MR   : 1497.424410
2025-07-10 11:03:01 INFO     MRR  : 0.023734
2025-07-10 11:03:01 INFO     >>>>> Predictor: Evaluating on test
2025-07-10 11:03:22 INFO     Data : 2342
2025-07-10 11:03:22 INFO     Hit1 : 0.013237
2025-07-10 11:03:22 INFO     Hit3 : 0.018360
2025-07-10 11:03:22 INFO     Hit10: 0.028181
2025-07-10 11:03:22 INFO     MR   : 1380.473100
2025-07-10 11:03:22 INFO     MRR  : 0.022296
2025-07-10 11:03:22 INFO     >>>>> Predictor: Computing H scores of rules
2025-07-10 11:07:29 INFO     1000 5959
2025-07-10 11:11:35 INFO     2000 5959
2025-07-10 11:15:45 INFO     3000 5959
2025-07-10 11:19:44 INFO     4000 5959
2025-07-10 11:23:44 INFO     5000 5959
2025-07-10 11:27:35 INFO     >>>>> Generator: Training
2025-07-10 11:27:41 INFO     -------------------------
2025-07-10 11:27:41 INFO     | EM Iteration: 4/5
2025-07-10 11:27:41 INFO     -------------------------
2025-07-10 11:27:41 INFO     >>>>> Using Generator's sample rule
2025-07-10 11:27:41 INFO     >>>>> Generator: Rule generation with sampling
2025-07-10 11:27:41 INFO     Predictor: read 1941 rules from list.
2025-07-10 11:27:41 INFO     Preprocess training set
2025-07-10 11:27:41 INFO     >>>>> Predictor: Training
2025-07-10 11:29:13 INFO     1000 5959 8.788229 69271.3
2025-07-10 11:30:48 INFO     2000 5959 8.409160 69340.6
2025-07-10 11:32:22 INFO     3000 5959 8.146003 69384.0
2025-07-10 11:33:51 INFO     4000 5959 7.965456 69262.6
2025-07-10 11:35:21 INFO     5000 5959 7.809823 69332.0
2025-07-10 11:36:47 INFO     >>>>> Predictor: Evaluating on valid
2025-07-10 11:37:06 INFO     Data : 2077
2025-07-10 11:37:06 INFO     Hit1 : 0.009629
2025-07-10 11:37:06 INFO     Hit3 : 0.022147
2025-07-10 11:37:06 INFO     Hit10: 0.038517
2025-07-10 11:37:06 INFO     MR   : 1480.896485
2025-07-10 11:37:06 INFO     MRR  : 0.023832
2025-07-10 11:37:06 INFO     >>>>> Predictor: Evaluating on test
2025-07-10 11:37:26 INFO     Data : 2342
2025-07-10 11:37:26 INFO     Hit1 : 0.009821
2025-07-10 11:37:26 INFO     Hit3 : 0.018787
2025-07-10 11:37:26 INFO     Hit10: 0.039283
2025-07-10 11:37:26 INFO     MR   : 1372.745517
2025-07-10 11:37:26 INFO     MRR  : 0.022972
2025-07-10 11:37:26 INFO     >>>>> Predictor: Computing H scores of rules
2025-07-10 11:41:24 INFO     1000 5959
2025-07-10 11:45:25 INFO     2000 5959
2025-07-10 11:49:36 INFO     3000 5959
2025-07-10 11:53:38 INFO     4000 5959
2025-07-10 11:57:41 INFO     5000 5959
2025-07-10 12:01:33 INFO     >>>>> Generator: Training
2025-07-10 12:01:39 INFO     -------------------------
2025-07-10 12:01:39 INFO     | EM Iteration: 5/5
2025-07-10 12:01:39 INFO     -------------------------
2025-07-10 12:01:39 INFO     >>>>> Using Generator's sample rule
2025-07-10 12:01:39 INFO     >>>>> Generator: Rule generation with sampling
2025-07-10 12:01:40 INFO     Predictor: read 1964 rules from list.
2025-07-10 12:01:40 INFO     Preprocess training set
2025-07-10 12:01:40 INFO     >>>>> Predictor: Training
2025-07-10 12:03:15 INFO     1000 5959 8.829234 69332.0
2025-07-10 12:04:53 INFO     2000 5959 8.511628 69349.3
2025-07-10 12:06:30 INFO     3000 5959 8.318627 69340.6
2025-07-10 12:08:02 INFO     4000 5959 8.180989 69297.3
2025-07-10 12:09:38 INFO     5000 5959 8.077482 69219.2
2025-07-10 12:11:11 INFO     >>>>> Predictor: Evaluating on valid
2025-07-10 12:11:31 INFO     Data : 2077
2025-07-10 12:11:31 INFO     Hit1 : 0.028406
2025-07-10 12:11:31 INFO     Hit3 : 0.054405
2025-07-10 12:11:31 INFO     Hit10: 0.079923
2025-07-10 12:11:31 INFO     MR   : 1447.493019
2025-07-10 12:11:31 INFO     MRR  : 0.049663
2025-07-10 12:11:31 INFO     >>>>> Predictor: Evaluating on test
2025-07-10 12:11:53 INFO     Data : 2342
2025-07-10 12:11:53 INFO     Hit1 : 0.028181
2025-07-10 12:11:53 INFO     Hit3 : 0.053800
2025-07-10 12:11:53 INFO     Hit10: 0.078992
2025-07-10 12:11:53 INFO     MR   : 1342.234202
2025-07-10 12:11:53 INFO     MRR  : 0.050400
2025-07-10 12:11:53 INFO     >>>>> Predictor: Computing H scores of rules
2025-07-10 12:16:12 INFO     1000 5959
2025-07-10 12:20:23 INFO     2000 5959
2025-07-10 12:24:31 INFO     3000 5959
2025-07-10 12:28:34 INFO     4000 5959
2025-07-10 12:32:40 INFO     5000 5959
2025-07-10 12:36:39 INFO     >>>>> Generator: Training
2025-07-10 12:36:45 INFO     -------------------------
2025-07-10 12:36:45 INFO     | Post-train Generator
2025-07-10 12:36:45 INFO     -------------------------
2025-07-10 12:36:46 INFO     >>>>> Generator: Training
2025-07-10 12:37:43 INFO     [E01000] Total 3.142019 | Main 3.153684 | RelClus 2.122851 | EntType 2.980349
2025-07-10 12:37:43 INFO     -------------------------
2025-07-10 12:37:43 INFO     | Beam Search Best Rules
2025-07-10 12:37:43 INFO     -------------------------
2025-07-10 12:37:43 INFO     >>>>> Generator: Rule generation with beam search
2025-07-10 12:37:45 INFO     >>>>> Generator: Rule generation with beam search
2025-07-10 12:37:54 INFO     >>>>> Generator: Rule generation with beam search
2025-07-10 12:39:54 INFO     >>>>> Generator: Rule generation with beam search
2025-07-10 12:41:31 INFO     >>>>> Generator: Rule generation with beam search
2025-07-10 12:42:37 INFO     -------------------------
2025-07-10 12:42:37 INFO     | Train Final Predictor+
2025-07-10 12:42:37 INFO     -------------------------
2025-07-10 12:42:37 INFO     Predictor+: read 18420 rules from list.
2025-07-10 12:42:37 INFO     Preprocess training set
2025-07-10 12:42:37 INFO     -------------------------
2025-07-10 12:42:37 INFO     | Iteration: 1/5
2025-07-10 12:42:37 INFO     -------------------------
2025-07-10 12:42:37 INFO     >>>>> Predictor: Training
2025-07-10 12:50:21 INFO     1000 5959 4.901098 69271.3
2025-07-10 12:58:04 INFO     2000 5959 4.725753 69332.0
2025-07-10 13:05:54 INFO     3000 5959 4.708098 69375.3
2025-07-10 13:13:57 INFO     4000 5959 4.710711 69279.9
2025-07-10 13:21:52 INFO     5000 5959 4.682010 69349.3
2025-07-10 13:29:28 INFO     >>>>> Predictor: Evaluating on valid
2025-07-10 13:31:32 INFO     Data : 2077
2025-07-10 13:31:32 INFO     Hit1 : 0.102552
2025-07-10 13:31:32 INFO     Hit3 : 0.180067
2025-07-10 13:31:32 INFO     Hit10: 0.313433
2025-07-10 13:31:32 INFO     MR   : 981.329321
2025-07-10 13:31:32 INFO     MRR  : 0.168193
2025-07-10 13:31:32 INFO     >>>>> Predictor: Evaluating on test
2025-07-10 13:33:51 INFO     Data : 2342
2025-07-10 13:33:51 INFO     Hit1 : 0.124680
2025-07-10 13:33:51 INFO     Hit3 : 0.204526
2025-07-10 13:33:51 INFO     Hit10: 0.315969
2025-07-10 13:33:51 INFO     MR   : 917.125534
2025-07-10 13:33:51 INFO     MRR  : 0.187101
2025-07-10 13:33:51 INFO     Save checkpoint to results/semmeddb/10_times_each/cluster_k/5_20250710_051739/predictor.pt
2025-07-10 13:33:51 INFO     -------------------------
2025-07-10 13:33:51 INFO     | Iteration: 2/5
2025-07-10 13:33:51 INFO     -------------------------
2025-07-10 13:33:51 INFO     >>>>> Predictor: Training
2025-07-10 13:41:49 INFO     1000 5959 4.602210 69366.7
2025-07-10 13:49:35 INFO     2000 5959 4.652693 69375.3
2025-07-10 13:57:23 INFO     3000 5959 4.637015 69219.2
2025-07-10 14:05:38 INFO     4000 5959 4.652169 69305.9
2025-07-10 14:13:58 INFO     5000 5959 4.615822 69288.6
2025-07-10 14:21:54 INFO     >>>>> Predictor: Evaluating on valid
2025-07-10 14:23:56 INFO     Data : 2077
2025-07-10 14:23:56 INFO     Hit1 : 0.097737
2025-07-10 14:23:56 INFO     Hit3 : 0.187771
2025-07-10 14:23:56 INFO     Hit10: 0.317285
2025-07-10 14:23:56 INFO     MR   : 947.190419
2025-07-10 14:23:56 INFO     MRR  : 0.167866
2025-07-10 14:23:56 INFO     >>>>> Predictor: Evaluating on test
2025-07-10 14:26:12 INFO     Data : 2342
2025-07-10 14:26:12 INFO     Hit1 : 0.134927
2025-07-10 14:26:12 INFO     Hit3 : 0.210077
2025-07-10 14:26:12 INFO     Hit10: 0.322374
2025-07-10 14:26:12 INFO     MR   : 882.141546
2025-07-10 14:26:12 INFO     MRR  : 0.195161
2025-07-10 14:26:12 INFO     -------------------------
2025-07-10 14:26:12 INFO     | Iteration: 3/5
2025-07-10 14:26:12 INFO     -------------------------
2025-07-10 14:26:12 INFO     >>>>> Predictor: Training
2025-07-10 14:34:27 INFO     1000 5959 4.614584 69288.6
2025-07-10 14:42:23 INFO     2000 5959 4.617722 69288.6
2025-07-10 14:50:07 INFO     3000 5959 4.604929 69340.6
2025-07-10 14:58:03 INFO     4000 5959 4.612348 69271.3
2025-07-10 15:05:47 INFO     5000 5959 4.636297 69219.2
2025-07-10 15:13:20 INFO     >>>>> Predictor: Evaluating on valid
2025-07-10 15:15:16 INFO     Data : 2077
2025-07-10 15:15:16 INFO     Hit1 : 0.083775
2025-07-10 15:15:16 INFO     Hit3 : 0.176697
2025-07-10 15:15:16 INFO     Hit10: 0.301878
2025-07-10 15:15:16 INFO     MR   : 940.665864
2025-07-10 15:15:16 INFO     MRR  : 0.156625
2025-07-10 15:15:16 INFO     >>>>> Predictor: Evaluating on test
2025-07-10 15:17:27 INFO     Data : 2342
2025-07-10 15:17:27 INFO     Hit1 : 0.114432
2025-07-10 15:17:27 INFO     Hit3 : 0.196840
2025-07-10 15:17:27 INFO     Hit10: 0.320239
2025-07-10 15:17:27 INFO     MR   : 869.979078
2025-07-10 15:17:27 INFO     MRR  : 0.179317
2025-07-10 15:17:27 INFO     -------------------------
2025-07-10 15:17:27 INFO     | Iteration: 4/5
2025-07-10 15:17:27 INFO     -------------------------
2025-07-10 15:17:27 INFO     >>>>> Predictor: Training
2025-07-10 15:25:12 INFO     1000 5959 4.592460 69340.6
2025-07-10 15:33:07 INFO     2000 5959 4.561313 69184.5
2025-07-10 15:40:53 INFO     3000 5959 4.625024 69253.9
2025-07-10 15:49:06 INFO     4000 5959 4.599975 69340.6
2025-07-10 15:56:48 INFO     5000 5959 4.597310 69384.0
2025-07-10 16:04:16 INFO     >>>>> Predictor: Evaluating on valid
2025-07-10 16:06:12 INFO     Data : 2077
2025-07-10 16:06:12 INFO     Hit1 : 0.103033
2025-07-10 16:06:12 INFO     Hit3 : 0.186326
2025-07-10 16:06:12 INFO     Hit10: 0.311026
2025-07-10 16:06:12 INFO     MR   : 930.232065
2025-07-10 16:06:12 INFO     MRR  : 0.170343
2025-07-10 16:06:12 INFO     >>>>> Predictor: Evaluating on test
2025-07-10 16:08:23 INFO     Data : 2342
2025-07-10 16:08:23 INFO     Hit1 : 0.128096
2025-07-10 16:08:23 INFO     Hit3 : 0.210077
2025-07-10 16:08:23 INFO     Hit10: 0.327498
2025-07-10 16:08:23 INFO     MR   : 861.936166
2025-07-10 16:08:23 INFO     MRR  : 0.192614
2025-07-10 16:08:23 INFO     Save checkpoint to results/semmeddb/10_times_each/cluster_k/5_20250710_051739/predictor.pt
2025-07-10 16:08:23 INFO     -------------------------
2025-07-10 16:08:23 INFO     | Iteration: 5/5
2025-07-10 16:08:23 INFO     -------------------------
2025-07-10 16:08:23 INFO     >>>>> Predictor: Training
2025-07-10 16:16:15 INFO     1000 5959 4.602880 69323.3
2025-07-10 16:24:13 INFO     2000 5959 4.582022 69332.0
2025-07-10 16:32:08 INFO     3000 5959 4.612806 69219.2
2025-07-10 16:39:54 INFO     4000 5959 4.611423 69297.3
2025-07-10 16:47:59 INFO     5000 5959 4.574664 69332.0
2025-07-10 16:55:53 INFO     >>>>> Predictor: Evaluating on valid
2025-07-10 16:57:51 INFO     Data : 2077
2025-07-10 16:57:51 INFO     Hit1 : 0.099182
2025-07-10 16:57:51 INFO     Hit3 : 0.176697
2025-07-10 16:57:51 INFO     Hit10: 0.317285
2025-07-10 16:57:51 INFO     MR   : 920.566442
2025-07-10 16:57:51 INFO     MRR  : 0.166850
2025-07-10 16:57:51 INFO     >>>>> Predictor: Evaluating on test
2025-07-10 16:59:59 INFO     Data : 2342
2025-07-10 16:59:59 INFO     Hit1 : 0.130658
2025-07-10 16:59:59 INFO     Hit3 : 0.214347
2025-07-10 16:59:59 INFO     Hit10: 0.324082
2025-07-10 16:59:59 INFO     MR   : 853.307430
2025-07-10 16:59:59 INFO     MRR  : 0.194257
2025-07-10 16:59:59 INFO     -------------------------
2025-07-10 16:59:59 INFO     | Final Test MRR: 0.192614
2025-07-10 16:59:59 INFO     -------------------------
