2025-07-09 14:27:48 INFO     is_soft_label: False
2025-07-09 14:27:48 INFO     is_scheduled_sampling: False
2025-07-09 14:27:48 INFO     is_test_mode: False
2025-07-09 14:27:48 INFO     Data loading | DONE!
2025-07-09 14:27:48 INFO     Using full datasets for training, validation, and testing.
2025-07-09 14:27:49 INFO     -------------------------
2025-07-09 14:27:49 INFO     | EM Iteration: 1/5
2025-07-09 14:27:49 INFO     -------------------------
2025-07-09 14:27:49 INFO     >>>>> Using miner's rule
2025-07-09 14:27:49 INFO     Predictor: read 13661 rules from list.
2025-07-09 14:27:50 INFO     Preprocess training set
2025-07-09 14:27:50 INFO     >>>>> Predictor: Evaluating on valid
2025-07-09 14:30:14 INFO     Data : 2077
2025-07-09 14:30:14 INFO     Hit1 : 0.065479
2025-07-09 14:30:14 INFO     Hit3 : 0.127106
2025-07-09 14:30:14 INFO     Hit10: 0.199326
2025-07-09 14:30:14 INFO     MR   : 1120.902022
2025-07-09 14:30:14 INFO     MRR  : 0.114382
2025-07-09 14:30:14 INFO     >>>>> Predictor: Evaluating on test
2025-07-09 14:32:53 INFO     Data : 2342
2025-07-09 14:32:53 INFO     Hit1 : 0.078992
2025-07-09 14:32:53 INFO     Hit3 : 0.124253
2025-07-09 14:32:53 INFO     Hit10: 0.208796
2025-07-09 14:32:53 INFO     MR   : 1044.269001
2025-07-09 14:32:53 INFO     MRR  : 0.122250
2025-07-09 14:32:53 INFO     >>>>> Predictor: Computing H scores of rules
2025-07-09 15:08:13 INFO     1000 5959
2025-07-09 15:44:02 INFO     2000 5959
2025-07-09 16:19:19 INFO     3000 5959
2025-07-09 16:55:00 INFO     4000 5959
2025-07-09 17:30:29 INFO     5000 5959
2025-07-09 18:06:35 INFO     >>>>> Generator: Training
2025-07-09 18:06:45 INFO     -------------------------
2025-07-09 18:06:45 INFO     | EM Iteration: 2/5
2025-07-09 18:06:45 INFO     -------------------------
2025-07-09 18:06:45 INFO     >>>>> Using Generator's sample rule
2025-07-09 18:06:45 INFO     >>>>> Generator: Rule generation with sampling
2025-07-09 18:06:45 INFO     Predictor: read 1911 rules from list.
2025-07-09 18:06:45 INFO     Preprocess training set
2025-07-09 18:06:45 INFO     >>>>> Predictor: Training
2025-07-09 18:07:52 INFO     1000 5959 8.777570 69314.6
2025-07-09 18:08:59 INFO     2000 5959 8.371539 69271.3
2025-07-09 18:10:05 INFO     3000 5959 8.153186 69245.2
2025-07-09 18:11:12 INFO     4000 5959 7.969597 69340.6
2025-07-09 18:12:19 INFO     5000 5959 7.793540 69340.6
2025-07-09 18:13:23 INFO     >>>>> Predictor: Evaluating on valid
2025-07-09 18:13:39 INFO     Data : 2077
2025-07-09 18:13:39 INFO     Hit1 : 0.018777
2025-07-09 18:13:39 INFO     Hit3 : 0.033221
2025-07-09 18:13:39 INFO     Hit10: 0.057294
2025-07-09 18:13:39 INFO     MR   : 1437.389263
2025-07-09 18:13:39 INFO     MRR  : 0.034256
2025-07-09 18:13:39 INFO     >>>>> Predictor: Evaluating on test
2025-07-09 18:13:58 INFO     Data : 2342
2025-07-09 18:13:58 INFO     Hit1 : 0.017506
2025-07-09 18:13:58 INFO     Hit3 : 0.033305
2025-07-09 18:13:58 INFO     Hit10: 0.061059
2025-07-09 18:13:58 INFO     MR   : 1333.688728
2025-07-09 18:13:58 INFO     MRR  : 0.034270
2025-07-09 18:13:58 INFO     >>>>> Predictor: Computing H scores of rules
2025-07-09 18:17:18 INFO     1000 5959
2025-07-09 18:20:37 INFO     2000 5959
2025-07-09 18:23:56 INFO     3000 5959
2025-07-09 18:27:16 INFO     4000 5959
2025-07-09 18:30:34 INFO     5000 5959
2025-07-09 18:33:48 INFO     >>>>> Generator: Training
2025-07-09 18:33:56 INFO     -------------------------
2025-07-09 18:33:56 INFO     | EM Iteration: 3/5
2025-07-09 18:33:56 INFO     -------------------------
2025-07-09 18:33:56 INFO     >>>>> Using Generator's sample rule
2025-07-09 18:33:56 INFO     >>>>> Generator: Rule generation with sampling
2025-07-09 18:33:57 INFO     Predictor: read 1914 rules from list.
2025-07-09 18:33:57 INFO     Preprocess training set
2025-07-09 18:33:57 INFO     >>>>> Predictor: Training
2025-07-09 18:35:04 INFO     1000 5959 8.801315 69332.0
2025-07-09 18:36:11 INFO     2000 5959 8.440312 69349.3
2025-07-09 18:37:18 INFO     3000 5959 8.213319 69184.5
2025-07-09 18:38:25 INFO     4000 5959 8.008810 69253.9
2025-07-09 18:39:33 INFO     5000 5959 7.911870 69332.0
2025-07-09 18:40:37 INFO     >>>>> Predictor: Evaluating on valid
2025-07-09 18:40:53 INFO     Data : 2077
2025-07-09 18:40:53 INFO     Hit1 : 0.013962
2025-07-09 18:40:53 INFO     Hit3 : 0.021666
2025-07-09 18:40:53 INFO     Hit10: 0.033221
2025-07-09 18:40:53 INFO     MR   : 1497.018055
2025-07-09 18:40:53 INFO     MRR  : 0.023921
2025-07-09 18:40:53 INFO     >>>>> Predictor: Evaluating on test
2025-07-09 18:41:11 INFO     Data : 2342
2025-07-09 18:41:11 INFO     Hit1 : 0.013664
2025-07-09 18:41:11 INFO     Hit3 : 0.019641
2025-07-09 18:41:11 INFO     Hit10: 0.028181
2025-07-09 18:41:11 INFO     MR   : 1379.780956
2025-07-09 18:41:11 INFO     MRR  : 0.022660
2025-07-09 18:41:11 INFO     >>>>> Predictor: Computing H scores of rules
2025-07-09 18:44:30 INFO     1000 5959
2025-07-09 18:47:48 INFO     2000 5959
2025-07-09 18:51:07 INFO     3000 5959
2025-07-09 18:54:26 INFO     4000 5959
2025-07-09 18:57:46 INFO     5000 5959
2025-07-09 19:00:59 INFO     >>>>> Generator: Training
2025-07-09 19:01:08 INFO     -------------------------
2025-07-09 19:01:08 INFO     | EM Iteration: 4/5
2025-07-09 19:01:08 INFO     -------------------------
2025-07-09 19:01:08 INFO     >>>>> Using Generator's sample rule
2025-07-09 19:01:08 INFO     >>>>> Generator: Rule generation with sampling
2025-07-09 19:01:09 INFO     Predictor: read 1938 rules from list.
2025-07-09 19:01:09 INFO     Preprocess training set
2025-07-09 19:01:09 INFO     >>>>> Predictor: Training
2025-07-09 19:02:16 INFO     1000 5959 8.787876 69271.3
2025-07-09 19:03:24 INFO     2000 5959 8.407591 69340.6
2025-07-09 19:04:31 INFO     3000 5959 8.141658 69384.0
2025-07-09 19:05:39 INFO     4000 5959 7.960909 69262.6
2025-07-09 19:06:47 INFO     5000 5959 7.802165 69332.0
2025-07-09 19:07:51 INFO     >>>>> Predictor: Evaluating on valid
2025-07-09 19:08:07 INFO     Data : 2077
2025-07-09 19:08:07 INFO     Hit1 : 0.012037
2025-07-09 19:08:07 INFO     Hit3 : 0.025036
2025-07-09 19:08:07 INFO     Hit10: 0.044776
2025-07-09 19:08:07 INFO     MR   : 1484.727732
2025-07-09 19:08:07 INFO     MRR  : 0.026449
2025-07-09 19:08:07 INFO     >>>>> Predictor: Evaluating on test
2025-07-09 19:08:26 INFO     Data : 2342
2025-07-09 19:08:26 INFO     Hit1 : 0.011102
2025-07-09 19:08:26 INFO     Hit3 : 0.019641
2025-07-09 19:08:26 INFO     Hit10: 0.040137
2025-07-09 19:08:26 INFO     MR   : 1371.366140
2025-07-09 19:08:26 INFO     MRR  : 0.023806
2025-07-09 19:08:26 INFO     >>>>> Predictor: Computing H scores of rules
2025-07-09 19:11:45 INFO     1000 5959
2025-07-09 19:15:04 INFO     2000 5959
2025-07-09 19:18:24 INFO     3000 5959
2025-07-09 19:21:43 INFO     4000 5959
2025-07-09 19:25:03 INFO     5000 5959
2025-07-09 19:28:17 INFO     >>>>> Generator: Training
2025-07-09 19:28:26 INFO     -------------------------
2025-07-09 19:28:26 INFO     | EM Iteration: 5/5
2025-07-09 19:28:26 INFO     -------------------------
2025-07-09 19:28:26 INFO     >>>>> Using Generator's sample rule
2025-07-09 19:28:26 INFO     >>>>> Generator: Rule generation with sampling
2025-07-09 19:28:26 INFO     Predictor: read 1959 rules from list.
2025-07-09 19:28:26 INFO     Preprocess training set
2025-07-09 19:28:26 INFO     >>>>> Predictor: Training
2025-07-09 19:29:34 INFO     1000 5959 8.829624 69332.0
2025-07-09 19:30:42 INFO     2000 5959 8.514428 69349.3
2025-07-09 19:31:51 INFO     3000 5959 8.323465 69340.6
2025-07-09 19:32:59 INFO     4000 5959 8.184834 69297.3
2025-07-09 19:34:07 INFO     5000 5959 8.085654 69219.2
2025-07-09 19:35:13 INFO     >>>>> Predictor: Evaluating on valid
2025-07-09 19:35:30 INFO     Data : 2077
2025-07-09 19:35:30 INFO     Hit1 : 0.028406
2025-07-09 19:35:30 INFO     Hit3 : 0.054405
2025-07-09 19:35:30 INFO     Hit10: 0.079442
2025-07-09 19:35:30 INFO     MR   : 1448.219547
2025-07-09 19:35:30 INFO     MRR  : 0.050093
2025-07-09 19:35:30 INFO     >>>>> Predictor: Evaluating on test
2025-07-09 19:35:48 INFO     Data : 2342
2025-07-09 19:35:48 INFO     Hit1 : 0.028181
2025-07-09 19:35:48 INFO     Hit3 : 0.054654
2025-07-09 19:35:48 INFO     Hit10: 0.078565
2025-07-09 19:35:48 INFO     MR   : 1342.205380
2025-07-09 19:35:48 INFO     MRR  : 0.050557
2025-07-09 19:35:48 INFO     >>>>> Predictor: Computing H scores of rules
2025-07-09 19:39:08 INFO     1000 5959
2025-07-09 19:42:27 INFO     2000 5959
2025-07-09 19:45:46 INFO     3000 5959
2025-07-09 19:49:07 INFO     4000 5959
2025-07-09 19:52:26 INFO     5000 5959
2025-07-09 19:55:40 INFO     >>>>> Generator: Training
2025-07-09 19:55:49 INFO     -------------------------
2025-07-09 19:55:49 INFO     | Post-train Generator
2025-07-09 19:55:49 INFO     -------------------------
2025-07-09 19:55:50 INFO     >>>>> Generator: Training
2025-07-09 19:57:27 INFO     [E01000] Total 3.139361 | Main 3.110149 | RelClus 1.857888 | EntType 3.026898
2025-07-09 19:57:27 INFO     -------------------------
2025-07-09 19:57:27 INFO     | Beam Search Best Rules
2025-07-09 19:57:27 INFO     -------------------------
2025-07-09 19:57:27 INFO     >>>>> Generator: Rule generation with beam search
2025-07-09 19:57:27 INFO     >>>>> Generator: Rule generation with beam search
2025-07-09 19:57:33 INFO     >>>>> Generator: Rule generation with beam search
2025-07-09 19:58:52 INFO     >>>>> Generator: Rule generation with beam search
2025-07-09 19:59:57 INFO     >>>>> Generator: Rule generation with beam search
2025-07-09 20:00:41 INFO     -------------------------
2025-07-09 20:00:41 INFO     | Train Final Predictor+
2025-07-09 20:00:41 INFO     -------------------------
2025-07-09 20:00:42 INFO     Predictor+: read 18420 rules from list.
2025-07-09 20:00:42 INFO     Preprocess training set
2025-07-09 20:00:42 INFO     -------------------------
2025-07-09 20:00:42 INFO     | Iteration: 1/5
2025-07-09 20:00:42 INFO     -------------------------
2025-07-09 20:00:42 INFO     >>>>> Predictor: Training
2025-07-09 20:05:46 INFO     1000 5959 4.894560 69271.3
2025-07-09 20:10:47 INFO     2000 5959 4.725476 69332.0
2025-07-09 20:15:49 INFO     3000 5959 4.707787 69375.3
2025-07-09 20:20:52 INFO     4000 5959 4.711235 69279.9
2025-07-09 20:25:56 INFO     5000 5959 4.681169 69349.3
2025-07-09 20:30:50 INFO     >>>>> Predictor: Evaluating on valid
2025-07-09 20:32:06 INFO     Data : 2077
2025-07-09 20:32:06 INFO     Hit1 : 0.103515
2025-07-09 20:32:06 INFO     Hit3 : 0.185845
2025-07-09 20:32:06 INFO     Hit10: 0.316322
2025-07-09 20:32:06 INFO     MR   : 987.301637
2025-07-09 20:32:06 INFO     MRR  : 0.170308
2025-07-09 20:32:06 INFO     >>>>> Predictor: Evaluating on test
2025-07-09 20:33:31 INFO     Data : 2342
2025-07-09 20:33:31 INFO     Hit1 : 0.125534
2025-07-09 20:33:31 INFO     Hit3 : 0.213066
2025-07-09 20:33:31 INFO     Hit10: 0.316396
2025-07-09 20:33:31 INFO     MR   : 921.474594
2025-07-09 20:33:31 INFO     MRR  : 0.189926
2025-07-09 20:33:31 INFO     Save checkpoint to results/semmeddb/10_times_each/cluster_k/4_20250709_142746/predictor.pt
2025-07-09 20:33:31 INFO     -------------------------
2025-07-09 20:33:31 INFO     | Iteration: 2/5
2025-07-09 20:33:31 INFO     -------------------------
2025-07-09 20:33:31 INFO     >>>>> Predictor: Training
2025-07-09 20:38:32 INFO     1000 5959 4.603781 69366.7
2025-07-09 20:43:32 INFO     2000 5959 4.653519 69375.3
2025-07-09 20:48:34 INFO     3000 5959 4.640706 69219.2
2025-07-09 20:53:38 INFO     4000 5959 4.654519 69305.9
2025-07-09 20:58:42 INFO     5000 5959 4.616858 69288.6
2025-07-09 21:03:33 INFO     >>>>> Predictor: Evaluating on valid
2025-07-09 21:04:47 INFO     Data : 2077
2025-07-09 21:04:47 INFO     Hit1 : 0.094367
2025-07-09 21:04:47 INFO     Hit3 : 0.190660
2025-07-09 21:04:47 INFO     Hit10: 0.320655
2025-07-09 21:04:47 INFO     MR   : 948.279490
2025-07-09 21:04:47 INFO     MRR  : 0.167740
2025-07-09 21:04:47 INFO     >>>>> Predictor: Evaluating on test
2025-07-09 21:06:11 INFO     Data : 2342
2025-07-09 21:06:11 INFO     Hit1 : 0.131512
2025-07-09 21:06:11 INFO     Hit3 : 0.210931
2025-07-09 21:06:11 INFO     Hit10: 0.322801
2025-07-09 21:06:11 INFO     MR   : 885.387703
2025-07-09 21:06:11 INFO     MRR  : 0.194292
2025-07-09 21:06:11 INFO     -------------------------
2025-07-09 21:06:11 INFO     | Iteration: 3/5
2025-07-09 21:06:11 INFO     -------------------------
2025-07-09 21:06:11 INFO     >>>>> Predictor: Training
2025-07-09 21:11:16 INFO     1000 5959 4.617163 69288.6
2025-07-09 21:16:18 INFO     2000 5959 4.616509 69288.6
2025-07-09 21:21:21 INFO     3000 5959 4.608278 69340.6
2025-07-09 21:26:21 INFO     4000 5959 4.615401 69271.3
2025-07-09 21:31:23 INFO     5000 5959 4.638297 69219.2
2025-07-09 21:36:12 INFO     >>>>> Predictor: Evaluating on valid
2025-07-09 21:37:26 INFO     Data : 2077
2025-07-09 21:37:26 INFO     Hit1 : 0.090034
2025-07-09 21:37:26 INFO     Hit3 : 0.176216
2025-07-09 21:37:26 INFO     Hit10: 0.299952
2025-07-09 21:37:26 INFO     MR   : 939.405874
2025-07-09 21:37:26 INFO     MRR  : 0.159222
2025-07-09 21:37:26 INFO     >>>>> Predictor: Evaluating on test
2025-07-09 21:38:50 INFO     Data : 2342
2025-07-09 21:38:50 INFO     Hit1 : 0.112724
2025-07-09 21:38:50 INFO     Hit3 : 0.192143
2025-07-09 21:38:50 INFO     Hit10: 0.321520
2025-07-09 21:38:50 INFO     MR   : 868.503416
2025-07-09 21:38:50 INFO     MRR  : 0.178000
2025-07-09 21:38:50 INFO     -------------------------
2025-07-09 21:38:50 INFO     | Iteration: 4/5
2025-07-09 21:38:50 INFO     -------------------------
2025-07-09 21:38:50 INFO     >>>>> Predictor: Training
2025-07-09 21:43:54 INFO     1000 5959 4.594823 69340.6
2025-07-09 21:48:58 INFO     2000 5959 4.562355 69184.5
2025-07-09 21:54:01 INFO     3000 5959 4.624589 69253.9
2025-07-09 21:59:02 INFO     4000 5959 4.600483 69340.6
2025-07-09 22:04:04 INFO     5000 5959 4.597334 69384.0
2025-07-09 22:08:55 INFO     >>>>> Predictor: Evaluating on valid
2025-07-09 22:10:10 INFO     Data : 2077
2025-07-09 22:10:10 INFO     Hit1 : 0.096774
2025-07-09 22:10:10 INFO     Hit3 : 0.191141
2025-07-09 22:10:10 INFO     Hit10: 0.316803
2025-07-09 22:10:10 INFO     MR   : 935.474001
2025-07-09 22:10:10 INFO     MRR  : 0.167849
2025-07-09 22:10:10 INFO     >>>>> Predictor: Evaluating on test
2025-07-09 22:11:33 INFO     Data : 2342
2025-07-09 22:11:33 INFO     Hit1 : 0.133219
2025-07-09 22:11:33 INFO     Hit3 : 0.211358
2025-07-09 22:11:33 INFO     Hit10: 0.321947
2025-07-09 22:11:33 INFO     MR   : 863.900939
2025-07-09 22:11:33 INFO     MRR  : 0.194756
2025-07-09 22:11:33 INFO     -------------------------
2025-07-09 22:11:33 INFO     | Iteration: 5/5
2025-07-09 22:11:33 INFO     -------------------------
2025-07-09 22:11:33 INFO     >>>>> Predictor: Training
2025-07-09 22:16:36 INFO     1000 5959 4.603686 69323.3
2025-07-09 22:21:39 INFO     2000 5959 4.582179 69332.0
2025-07-09 22:26:44 INFO     3000 5959 4.613067 69219.2
2025-07-09 22:31:46 INFO     4000 5959 4.612096 69297.3
2025-07-09 22:36:50 INFO     5000 5959 4.573865 69332.0
2025-07-09 22:41:41 INFO     >>>>> Predictor: Evaluating on valid
2025-07-09 22:42:56 INFO     Data : 2077
2025-07-09 22:42:56 INFO     Hit1 : 0.090997
2025-07-09 22:42:56 INFO     Hit3 : 0.181030
2025-07-09 22:42:56 INFO     Hit10: 0.310544
2025-07-09 22:42:56 INFO     MR   : 921.093645
2025-07-09 22:42:56 INFO     MRR  : 0.162729
2025-07-09 22:42:56 INFO     >>>>> Predictor: Evaluating on test
2025-07-09 22:44:22 INFO     Data : 2342
2025-07-09 22:44:22 INFO     Hit1 : 0.127242
2025-07-09 22:44:22 INFO     Hit3 : 0.210077
2025-07-09 22:44:22 INFO     Hit10: 0.321093
2025-07-09 22:44:22 INFO     MR   : 851.876815
2025-07-09 22:44:22 INFO     MRR  : 0.191003
2025-07-09 22:44:22 INFO     -------------------------
2025-07-09 22:44:22 INFO     | Final Test MRR: 0.189926
2025-07-09 22:44:22 INFO     -------------------------
