2025-07-10 07:25:14 INFO     is_soft_label: False
2025-07-10 07:25:14 INFO     is_scheduled_sampling: False
2025-07-10 07:25:14 INFO     is_test_mode: False
2025-07-10 07:25:14 INFO     Data loading | DONE!
2025-07-10 07:25:14 INFO     Using full datasets for training, validation, and testing.
2025-07-10 07:25:15 INFO     -------------------------
2025-07-10 07:25:15 INFO     | EM Iteration: 1/5
2025-07-10 07:25:15 INFO     -------------------------
2025-07-10 07:25:15 INFO     >>>>> Using miner's rule
2025-07-10 07:25:15 INFO     Predictor: read 13661 rules from list.
2025-07-10 07:25:16 INFO     Preprocess training set
2025-07-10 07:25:16 INFO     >>>>> Predictor: Evaluating on valid
2025-07-10 07:27:32 INFO     Data : 2077
2025-07-10 07:27:32 INFO     Hit1 : 0.065479
2025-07-10 07:27:32 INFO     Hit3 : 0.127106
2025-07-10 07:27:32 INFO     Hit10: 0.199326
2025-07-10 07:27:32 INFO     MR   : 1120.902022
2025-07-10 07:27:32 INFO     MRR  : 0.114382
2025-07-10 07:27:32 INFO     >>>>> Predictor: Evaluating on test
2025-07-10 07:30:09 INFO     Data : 2342
2025-07-10 07:30:09 INFO     Hit1 : 0.078992
2025-07-10 07:30:09 INFO     Hit3 : 0.124253
2025-07-10 07:30:09 INFO     Hit10: 0.208796
2025-07-10 07:30:09 INFO     MR   : 1044.269001
2025-07-10 07:30:09 INFO     MRR  : 0.122250
2025-07-10 07:30:09 INFO     >>>>> Predictor: Computing H scores of rules
2025-07-10 08:05:10 INFO     1000 5959
2025-07-10 08:40:53 INFO     2000 5959
2025-07-10 09:16:10 INFO     3000 5959
2025-07-10 09:51:40 INFO     4000 5959
2025-07-10 10:27:00 INFO     5000 5959
2025-07-10 11:03:14 INFO     >>>>> Generator: Training
2025-07-10 11:03:23 INFO     -------------------------
2025-07-10 11:03:23 INFO     | EM Iteration: 2/5
2025-07-10 11:03:23 INFO     -------------------------
2025-07-10 11:03:23 INFO     >>>>> Using Generator's sample rule
2025-07-10 11:03:23 INFO     >>>>> Generator: Rule generation with sampling
2025-07-10 11:03:23 INFO     Predictor: read 1911 rules from list.
2025-07-10 11:03:23 INFO     Preprocess training set
2025-07-10 11:03:23 INFO     >>>>> Predictor: Training
2025-07-10 11:04:31 INFO     1000 5959 8.777697 69314.6
2025-07-10 11:05:39 INFO     2000 5959 8.372000 69271.3
2025-07-10 11:06:47 INFO     3000 5959 8.153905 69245.2
2025-07-10 11:07:55 INFO     4000 5959 7.970392 69340.6
2025-07-10 11:09:04 INFO     5000 5959 7.794693 69340.6
2025-07-10 11:10:09 INFO     >>>>> Predictor: Evaluating on valid
2025-07-10 11:10:26 INFO     Data : 2077
2025-07-10 11:10:26 INFO     Hit1 : 0.018777
2025-07-10 11:10:26 INFO     Hit3 : 0.033221
2025-07-10 11:10:26 INFO     Hit10: 0.057294
2025-07-10 11:10:26 INFO     MR   : 1434.890467
2025-07-10 11:10:26 INFO     MRR  : 0.034256
2025-07-10 11:10:26 INFO     >>>>> Predictor: Evaluating on test
2025-07-10 11:10:45 INFO     Data : 2342
2025-07-10 11:10:45 INFO     Hit1 : 0.017506
2025-07-10 11:10:45 INFO     Hit3 : 0.033305
2025-07-10 11:10:45 INFO     Hit10: 0.061059
2025-07-10 11:10:45 INFO     MR   : 1332.290991
2025-07-10 11:10:45 INFO     MRR  : 0.034269
2025-07-10 11:10:45 INFO     >>>>> Predictor: Computing H scores of rules
2025-07-10 11:14:05 INFO     1000 5959
2025-07-10 11:17:24 INFO     2000 5959
2025-07-10 11:20:43 INFO     3000 5959
2025-07-10 11:24:02 INFO     4000 5959
2025-07-10 11:27:21 INFO     5000 5959
2025-07-10 11:30:35 INFO     >>>>> Generator: Training
2025-07-10 11:30:44 INFO     -------------------------
2025-07-10 11:30:44 INFO     | EM Iteration: 3/5
2025-07-10 11:30:44 INFO     -------------------------
2025-07-10 11:30:44 INFO     >>>>> Using Generator's sample rule
2025-07-10 11:30:44 INFO     >>>>> Generator: Rule generation with sampling
2025-07-10 11:30:45 INFO     Predictor: read 1913 rules from list.
2025-07-10 11:30:45 INFO     Preprocess training set
2025-07-10 11:30:45 INFO     >>>>> Predictor: Training
2025-07-10 11:31:55 INFO     1000 5959 8.801417 69332.0
2025-07-10 11:33:03 INFO     2000 5959 8.440396 69349.3
2025-07-10 11:34:13 INFO     3000 5959 8.213695 69184.5
2025-07-10 11:35:21 INFO     4000 5959 8.009485 69253.9
2025-07-10 11:36:32 INFO     5000 5959 7.911373 69332.0
2025-07-10 11:37:38 INFO     >>>>> Predictor: Evaluating on valid
2025-07-10 11:37:54 INFO     Data : 2077
2025-07-10 11:37:54 INFO     Hit1 : 0.013962
2025-07-10 11:37:54 INFO     Hit3 : 0.021666
2025-07-10 11:37:54 INFO     Hit10: 0.033221
2025-07-10 11:37:54 INFO     MR   : 1496.971594
2025-07-10 11:37:54 INFO     MRR  : 0.023922
2025-07-10 11:37:54 INFO     >>>>> Predictor: Evaluating on test
2025-07-10 11:38:13 INFO     Data : 2342
2025-07-10 11:38:13 INFO     Hit1 : 0.013664
2025-07-10 11:38:13 INFO     Hit3 : 0.019641
2025-07-10 11:38:13 INFO     Hit10: 0.028181
2025-07-10 11:38:13 INFO     MR   : 1380.479078
2025-07-10 11:38:13 INFO     MRR  : 0.022659
2025-07-10 11:38:13 INFO     >>>>> Predictor: Computing H scores of rules
2025-07-10 11:41:33 INFO     1000 5959
2025-07-10 11:44:52 INFO     2000 5959
2025-07-10 11:48:11 INFO     3000 5959
2025-07-10 11:51:31 INFO     4000 5959
2025-07-10 11:54:50 INFO     5000 5959
2025-07-10 11:58:04 INFO     >>>>> Generator: Training
2025-07-10 11:58:13 INFO     -------------------------
2025-07-10 11:58:13 INFO     | EM Iteration: 4/5
2025-07-10 11:58:13 INFO     -------------------------
2025-07-10 11:58:13 INFO     >>>>> Using Generator's sample rule
2025-07-10 11:58:13 INFO     >>>>> Generator: Rule generation with sampling
2025-07-10 11:58:13 INFO     Predictor: read 1934 rules from list.
2025-07-10 11:58:13 INFO     Preprocess training set
2025-07-10 11:58:13 INFO     >>>>> Predictor: Training
2025-07-10 11:59:23 INFO     1000 5959 8.787222 69271.3
2025-07-10 12:00:34 INFO     2000 5959 8.405714 69340.6
2025-07-10 12:01:43 INFO     3000 5959 8.139487 69384.0
2025-07-10 12:02:54 INFO     4000 5959 7.956794 69262.6
2025-07-10 12:04:04 INFO     5000 5959 7.797917 69332.0
2025-07-10 12:05:11 INFO     >>>>> Predictor: Evaluating on valid
2025-07-10 12:05:27 INFO     Data : 2077
2025-07-10 12:05:27 INFO     Hit1 : 0.012518
2025-07-10 12:05:27 INFO     Hit3 : 0.026481
2025-07-10 12:05:27 INFO     Hit10: 0.047183
2025-07-10 12:05:27 INFO     MR   : 1475.796100
2025-07-10 12:05:27 INFO     MRR  : 0.027906
2025-07-10 12:05:27 INFO     >>>>> Predictor: Evaluating on test
2025-07-10 12:05:46 INFO     Data : 2342
2025-07-10 12:05:46 INFO     Hit1 : 0.009394
2025-07-10 12:05:46 INFO     Hit3 : 0.021776
2025-07-10 12:05:46 INFO     Hit10: 0.042272
2025-07-10 12:05:46 INFO     MR   : 1363.837746
2025-07-10 12:05:46 INFO     MRR  : 0.024119
2025-07-10 12:05:46 INFO     >>>>> Predictor: Computing H scores of rules
2025-07-10 12:09:05 INFO     1000 5959
2025-07-10 12:12:25 INFO     2000 5959
2025-07-10 12:15:45 INFO     3000 5959
2025-07-10 12:19:04 INFO     4000 5959
2025-07-10 12:22:24 INFO     5000 5959
2025-07-10 12:25:36 INFO     >>>>> Generator: Training
2025-07-10 12:25:46 INFO     -------------------------
2025-07-10 12:25:46 INFO     | EM Iteration: 5/5
2025-07-10 12:25:46 INFO     -------------------------
2025-07-10 12:25:46 INFO     >>>>> Using Generator's sample rule
2025-07-10 12:25:46 INFO     >>>>> Generator: Rule generation with sampling
2025-07-10 12:25:46 INFO     Predictor: read 1957 rules from list.
2025-07-10 12:25:46 INFO     Preprocess training set
2025-07-10 12:25:46 INFO     >>>>> Predictor: Training
2025-07-10 12:26:54 INFO     1000 5959 8.830482 69332.0
2025-07-10 12:28:04 INFO     2000 5959 8.516944 69349.3
2025-07-10 12:29:13 INFO     3000 5959 8.327075 69340.6
2025-07-10 12:30:23 INFO     4000 5959 8.191456 69297.3
2025-07-10 12:31:32 INFO     5000 5959 8.089649 69219.2
2025-07-10 12:32:38 INFO     >>>>> Predictor: Evaluating on valid
2025-07-10 12:32:55 INFO     Data : 2077
2025-07-10 12:32:55 INFO     Hit1 : 0.027443
2025-07-10 12:32:55 INFO     Hit3 : 0.053442
2025-07-10 12:32:55 INFO     Hit10: 0.080886
2025-07-10 12:32:55 INFO     MR   : 1446.551517
2025-07-10 12:32:55 INFO     MRR  : 0.049468
2025-07-10 12:32:55 INFO     >>>>> Predictor: Evaluating on test
2025-07-10 12:33:13 INFO     Data : 2342
2025-07-10 12:33:13 INFO     Hit1 : 0.029462
2025-07-10 12:33:13 INFO     Hit3 : 0.054227
2025-07-10 12:33:13 INFO     Hit10: 0.078992
2025-07-10 12:33:13 INFO     MR   : 1341.779249
2025-07-10 12:33:13 INFO     MRR  : 0.051115
2025-07-10 12:33:13 INFO     >>>>> Predictor: Computing H scores of rules
2025-07-10 12:36:33 INFO     1000 5959
2025-07-10 12:39:53 INFO     2000 5959
2025-07-10 12:43:12 INFO     3000 5959
2025-07-10 12:46:32 INFO     4000 5959
2025-07-10 12:49:52 INFO     5000 5959
2025-07-10 12:53:06 INFO     >>>>> Generator: Training
2025-07-10 12:53:15 INFO     -------------------------
2025-07-10 12:53:15 INFO     | Post-train Generator
2025-07-10 12:53:15 INFO     -------------------------
2025-07-10 12:53:17 INFO     >>>>> Generator: Training
2025-07-10 12:54:45 INFO     [E01000] Total 3.206713 | Main 3.089704 | RelClus 2.268245 | EntType 3.041056
2025-07-10 12:54:45 INFO     -------------------------
2025-07-10 12:54:45 INFO     | Beam Search Best Rules
2025-07-10 12:54:45 INFO     -------------------------
2025-07-10 12:54:45 INFO     >>>>> Generator: Rule generation with beam search
2025-07-10 12:54:46 INFO     >>>>> Generator: Rule generation with beam search
2025-07-10 12:54:52 INFO     >>>>> Generator: Rule generation with beam search
2025-07-10 12:56:15 INFO     >>>>> Generator: Rule generation with beam search
2025-07-10 12:57:21 INFO     >>>>> Generator: Rule generation with beam search
2025-07-10 12:58:07 INFO     -------------------------
2025-07-10 12:58:07 INFO     | Train Final Predictor+
2025-07-10 12:58:07 INFO     -------------------------
2025-07-10 12:58:07 INFO     Predictor+: read 18420 rules from list.
2025-07-10 12:58:07 INFO     Preprocess training set
2025-07-10 12:58:07 INFO     -------------------------
2025-07-10 12:58:07 INFO     | Iteration: 1/5
2025-07-10 12:58:07 INFO     -------------------------
2025-07-10 12:58:07 INFO     >>>>> Predictor: Training
2025-07-10 13:03:14 INFO     1000 5959 4.895604 69271.3
2025-07-10 13:08:20 INFO     2000 5959 4.723411 69332.0
2025-07-10 13:13:25 INFO     3000 5959 4.707975 69375.3
2025-07-10 13:18:30 INFO     4000 5959 4.709818 69279.9
2025-07-10 13:23:36 INFO     5000 5959 4.680144 69349.3
2025-07-10 13:28:31 INFO     >>>>> Predictor: Evaluating on valid
2025-07-10 13:29:47 INFO     Data : 2077
2025-07-10 13:29:47 INFO     Hit1 : 0.104959
2025-07-10 13:29:47 INFO     Hit3 : 0.187771
2025-07-10 13:29:47 INFO     Hit10: 0.319210
2025-07-10 13:29:47 INFO     MR   : 985.333895
2025-07-10 13:29:47 INFO     MRR  : 0.171654
2025-07-10 13:29:47 INFO     >>>>> Predictor: Evaluating on test
2025-07-10 13:31:11 INFO     Data : 2342
2025-07-10 13:31:11 INFO     Hit1 : 0.129377
2025-07-10 13:31:11 INFO     Hit3 : 0.206661
2025-07-10 13:31:11 INFO     Hit10: 0.316823
2025-07-10 13:31:11 INFO     MR   : 920.504697
2025-07-10 13:31:11 INFO     MRR  : 0.190868
2025-07-10 13:31:11 INFO     Save checkpoint to results/semmeddb/10_times_each/cluster_k/6_20250710_072512/predictor.pt
2025-07-10 13:31:11 INFO     -------------------------
2025-07-10 13:31:11 INFO     | Iteration: 2/5
2025-07-10 13:31:11 INFO     -------------------------
2025-07-10 13:31:11 INFO     >>>>> Predictor: Training
2025-07-10 13:36:17 INFO     1000 5959 4.603788 69366.7
2025-07-10 13:41:23 INFO     2000 5959 4.651449 69375.3
2025-07-10 13:46:31 INFO     3000 5959 4.640364 69219.2
2025-07-10 13:51:36 INFO     4000 5959 4.651590 69305.9
2025-07-10 13:56:38 INFO     5000 5959 4.617037 69288.6
2025-07-10 14:01:26 INFO     >>>>> Predictor: Evaluating on valid
2025-07-10 14:02:40 INFO     Data : 2077
2025-07-10 14:02:40 INFO     Hit1 : 0.099663
2025-07-10 14:02:40 INFO     Hit3 : 0.190660
2025-07-10 14:02:40 INFO     Hit10: 0.314877
2025-07-10 14:02:40 INFO     MR   : 948.088349
2025-07-10 14:02:40 INFO     MRR  : 0.169341
2025-07-10 14:02:40 INFO     >>>>> Predictor: Evaluating on test
2025-07-10 14:04:03 INFO     Data : 2342
2025-07-10 14:04:03 INFO     Hit1 : 0.128950
2025-07-10 14:04:03 INFO     Hit3 : 0.208796
2025-07-10 14:04:03 INFO     Hit10: 0.321093
2025-07-10 14:04:03 INFO     MR   : 881.001281
2025-07-10 14:04:03 INFO     MRR  : 0.192156
2025-07-10 14:04:03 INFO     -------------------------
2025-07-10 14:04:03 INFO     | Iteration: 3/5
2025-07-10 14:04:03 INFO     -------------------------
2025-07-10 14:04:03 INFO     >>>>> Predictor: Training
2025-07-10 14:09:11 INFO     1000 5959 4.617121 69288.6
2025-07-10 14:14:19 INFO     2000 5959 4.617499 69288.6
2025-07-10 14:19:27 INFO     3000 5959 4.606746 69340.6
2025-07-10 14:24:37 INFO     4000 5959 4.616498 69271.3
2025-07-10 14:29:44 INFO     5000 5959 4.638948 69219.2
2025-07-10 14:34:40 INFO     >>>>> Predictor: Evaluating on valid
2025-07-10 14:35:55 INFO     Data : 2077
2025-07-10 14:35:55 INFO     Hit1 : 0.093404
2025-07-10 14:35:55 INFO     Hit3 : 0.177660
2025-07-10 14:35:55 INFO     Hit10: 0.306692
2025-07-10 14:35:55 INFO     MR   : 934.806211
2025-07-10 14:35:55 INFO     MRR  : 0.162395
2025-07-10 14:35:55 INFO     >>>>> Predictor: Evaluating on test
2025-07-10 14:37:21 INFO     Data : 2342
2025-07-10 14:37:21 INFO     Hit1 : 0.118275
2025-07-10 14:37:21 INFO     Hit3 : 0.201537
2025-07-10 14:37:21 INFO     Hit10: 0.319812
2025-07-10 14:37:21 INFO     MR   : 862.955380
2025-07-10 14:37:21 INFO     MRR  : 0.182144
2025-07-10 14:37:21 INFO     -------------------------
2025-07-10 14:37:21 INFO     | Iteration: 4/5
2025-07-10 14:37:21 INFO     -------------------------
2025-07-10 14:37:21 INFO     >>>>> Predictor: Training
2025-07-10 14:42:28 INFO     1000 5959 4.591377 69340.6
2025-07-10 14:47:30 INFO     2000 5959 4.561827 69184.5
2025-07-10 14:52:33 INFO     3000 5959 4.623421 69253.9
2025-07-10 14:57:36 INFO     4000 5959 4.600145 69340.6
2025-07-10 15:02:36 INFO     5000 5959 4.597807 69384.0
2025-07-10 15:07:27 INFO     >>>>> Predictor: Evaluating on valid
2025-07-10 15:08:42 INFO     Data : 2077
2025-07-10 15:08:42 INFO     Hit1 : 0.096293
2025-07-10 15:08:42 INFO     Hit3 : 0.181030
2025-07-10 15:08:42 INFO     Hit10: 0.312951
2025-07-10 15:08:42 INFO     MR   : 930.815840
2025-07-10 15:08:42 INFO     MRR  : 0.165092
2025-07-10 15:08:42 INFO     >>>>> Predictor: Evaluating on test
2025-07-10 15:10:06 INFO     Data : 2342
2025-07-10 15:10:06 INFO     Hit1 : 0.132792
2025-07-10 15:10:06 INFO     Hit3 : 0.213920
2025-07-10 15:10:06 INFO     Hit10: 0.320666
2025-07-10 15:10:06 INFO     MR   : 862.520709
2025-07-10 15:10:06 INFO     MRR  : 0.194914
2025-07-10 15:10:06 INFO     -------------------------
2025-07-10 15:10:06 INFO     | Iteration: 5/5
2025-07-10 15:10:06 INFO     -------------------------
2025-07-10 15:10:06 INFO     >>>>> Predictor: Training
2025-07-10 15:15:08 INFO     1000 5959 4.602488 69323.3
2025-07-10 15:20:12 INFO     2000 5959 4.580670 69332.0
2025-07-10 15:25:17 INFO     3000 5959 4.614662 69219.2
2025-07-10 15:30:22 INFO     4000 5959 4.611775 69297.3
2025-07-10 15:35:25 INFO     5000 5959 4.574724 69332.0
2025-07-10 15:40:14 INFO     >>>>> Predictor: Evaluating on valid
2025-07-10 15:41:29 INFO     Data : 2077
2025-07-10 15:41:29 INFO     Hit1 : 0.093404
2025-07-10 15:41:29 INFO     Hit3 : 0.182956
2025-07-10 15:41:29 INFO     Hit10: 0.317285
2025-07-10 15:41:29 INFO     MR   : 918.602070
2025-07-10 15:41:29 INFO     MRR  : 0.164479
2025-07-10 15:41:29 INFO     >>>>> Predictor: Evaluating on test
2025-07-10 15:42:52 INFO     Data : 2342
2025-07-10 15:42:52 INFO     Hit1 : 0.127242
2025-07-10 15:42:52 INFO     Hit3 : 0.206661
2025-07-10 15:42:52 INFO     Hit10: 0.318958
2025-07-10 15:42:52 INFO     MR   : 850.866994
2025-07-10 15:42:52 INFO     MRR  : 0.190459
2025-07-10 15:42:52 INFO     -------------------------
2025-07-10 15:42:52 INFO     | Final Test MRR: 0.190868
2025-07-10 15:42:52 INFO     -------------------------
