2025-06-15 12:35:33 INFO     Data loading | DONE!
2025-06-15 12:35:33 INFO     Using full datasets for training, validation, and testing.
2025-06-15 12:35:33 INFO     -------------------------
2025-06-15 12:35:33 INFO     | Pre-train Generator
2025-06-15 12:35:33 INFO     -------------------------
2025-06-15 12:35:33 INFO     >>>>> Generator: Training
2025-06-15 12:35:40 INFO     [E1000] Total: 1.372304 | Main: 1.652045 | Aux: 0.675700
2025-06-15 12:35:47 INFO     [E2000] Total: 1.302015 | Main: 1.567116 | Aux: 0.641151
2025-06-15 12:35:53 INFO     [E3000] Total: 1.297417 | Main: 1.561369 | Aux: 0.638421
2025-06-15 12:35:59 INFO     [E4000] Total: 1.291646 | Main: 1.554426 | Aux: 0.635557
2025-06-15 12:36:05 INFO     [E5000] Total: 1.286992 | Main: 1.548917 | Aux: 0.633842
2025-06-15 12:36:11 INFO     [E6000] Total: 1.287281 | Main: 1.548942 | Aux: 0.633145
2025-06-15 12:36:17 INFO     [E7000] Total: 1.284601 | Main: 1.546103 | Aux: 0.632213
2025-06-15 12:36:23 INFO     [E8000] Total: 1.284039 | Main: 1.545338 | Aux: 0.632716
2025-06-15 12:36:30 INFO     [E9000] Total: 1.283000 | Main: 1.543921 | Aux: 0.631320
2025-06-15 12:36:36 INFO     [E10000] Total: 1.279053 | Main: 1.539336 | Aux: 0.630484
2025-06-15 12:36:36 INFO     -------------------------
2025-06-15 12:36:36 INFO     | EM Iteration: 1/5
2025-06-15 12:36:36 INFO     -------------------------
2025-06-15 12:36:36 INFO     >>>>> Generator: Rule generation with sampling
2025-06-15 12:36:36 INFO     Predictor: read 1242 rules from list.
2025-06-15 12:36:36 INFO     Preprocess training set
2025-06-15 12:36:36 INFO     >>>>> Predictor: Training
2025-06-15 12:37:19 INFO     1000 12313 8.231513 69358.0
2025-06-15 12:38:03 INFO     2000 12313 7.799517 69332.0
2025-06-15 12:38:46 INFO     3000 12313 7.577769 69384.0
2025-06-15 12:39:30 INFO     4000 12313 7.465417 69279.9
2025-06-15 12:40:14 INFO     5000 12313 7.352136 69332.0
2025-06-15 12:40:57 INFO     6000 12313 7.272297 69384.0
2025-06-15 12:41:41 INFO     7000 12313 7.190817 69297.3
2025-06-15 12:42:24 INFO     8000 12313 7.176438 69323.3
2025-06-15 12:43:09 INFO     9000 12313 7.106280 69358.0
2025-06-15 12:43:52 INFO     10000 12313 7.096468 69332.0
2025-06-15 12:44:35 INFO     11000 12313 7.055859 69366.7
2025-06-15 12:45:18 INFO     12000 12313 7.027314 69279.9
2025-06-15 12:45:31 INFO     >>>>> Predictor: Evaluating on valid
2025-06-15 12:45:49 INFO     Data : 3823
2025-06-15 12:45:49 INFO     Hit1 : 0.026157
2025-06-15 12:45:49 INFO     Hit3 : 0.052315
2025-06-15 12:45:49 INFO     Hit10: 0.097044
2025-06-15 12:45:49 INFO     MR   : 1189.178002
2025-06-15 12:45:49 INFO     MRR  : 0.051364
2025-06-15 12:45:49 INFO     >>>>> Predictor: Evaluating on test
2025-06-15 12:46:09 INFO     Data : 4402
2025-06-15 12:46:09 INFO     Hit1 : 0.029759
2025-06-15 12:46:09 INFO     Hit3 : 0.057474
2025-06-15 12:46:09 INFO     Hit10: 0.099273
2025-06-15 12:46:09 INFO     MR   : 1178.635734
2025-06-15 12:46:09 INFO     MRR  : 0.055111
2025-06-15 12:46:09 INFO     >>>>> Predictor: Computing H scores of rules
2025-06-15 12:46:57 INFO     1000 12313
2025-06-15 12:47:46 INFO     2000 12313
2025-06-15 12:48:35 INFO     3000 12313
2025-06-15 12:49:24 INFO     4000 12313
2025-06-15 12:50:13 INFO     5000 12313
2025-06-15 12:51:01 INFO     6000 12313
2025-06-15 12:51:49 INFO     7000 12313
2025-06-15 12:52:37 INFO     8000 12313
2025-06-15 12:53:25 INFO     9000 12313
2025-06-15 12:54:14 INFO     10000 12313
2025-06-15 12:55:01 INFO     11000 12313
2025-06-15 12:55:49 INFO     12000 12313
2025-06-15 12:56:04 INFO     >>>>> Generator: Training
2025-06-15 12:56:05 INFO     -------------------------
2025-06-15 12:56:05 INFO     | EM Iteration: 2/5
2025-06-15 12:56:05 INFO     -------------------------
2025-06-15 12:56:05 INFO     >>>>> Generator: Rule generation with sampling
2025-06-15 12:56:05 INFO     Predictor: read 1339 rules from list.
2025-06-15 12:56:05 INFO     Preprocess training set
2025-06-15 12:56:05 INFO     >>>>> Predictor: Training
2025-06-15 12:56:52 INFO     1000 12313 8.245610 69366.7
2025-06-15 12:57:38 INFO     2000 12313 7.772255 69279.9
2025-06-15 12:58:25 INFO     3000 12313 7.597185 69253.9
2025-06-15 12:59:12 INFO     4000 12313 7.453004 69340.6
2025-06-15 12:59:58 INFO     5000 12313 7.372063 69366.7
2025-06-15 13:00:45 INFO     6000 12313 7.283708 69358.0
2025-06-15 13:01:31 INFO     7000 12313 7.246687 69366.7
2025-06-15 13:02:19 INFO     8000 12313 7.224664 69384.0
2025-06-15 13:03:05 INFO     9000 12313 7.189428 69262.6
2025-06-15 13:03:52 INFO     10000 12313 7.158421 69323.3
2025-06-15 13:04:39 INFO     11000 12313 7.132814 69366.7
2025-06-15 13:05:25 INFO     12000 12313 7.121821 69332.0
2025-06-15 13:05:40 INFO     >>>>> Predictor: Evaluating on valid
2025-06-15 13:05:59 INFO     Data : 3823
2025-06-15 13:05:59 INFO     Hit1 : 0.029558
2025-06-15 13:05:59 INFO     Hit3 : 0.057546
2025-06-15 13:05:59 INFO     Hit10: 0.116924
2025-06-15 13:05:59 INFO     MR   : 1166.261967
2025-06-15 13:05:59 INFO     MRR  : 0.058635
2025-06-15 13:05:59 INFO     >>>>> Predictor: Evaluating on test
2025-06-15 13:06:21 INFO     Data : 4402
2025-06-15 13:06:21 INFO     Hit1 : 0.034530
2025-06-15 13:06:21 INFO     Hit3 : 0.064743
2025-06-15 13:06:21 INFO     Hit10: 0.114266
2025-06-15 13:06:21 INFO     MR   : 1159.903567
2025-06-15 13:06:21 INFO     MRR  : 0.062985
2025-06-15 13:06:21 INFO     >>>>> Predictor: Computing H scores of rules
2025-06-15 13:07:12 INFO     1000 12313
2025-06-15 13:08:05 INFO     2000 12313
2025-06-15 13:08:58 INFO     3000 12313
2025-06-15 13:09:52 INFO     4000 12313
2025-06-15 13:10:44 INFO     5000 12313
2025-06-15 13:11:37 INFO     6000 12313
2025-06-15 13:12:29 INFO     7000 12313
2025-06-15 13:13:21 INFO     8000 12313
2025-06-15 13:14:13 INFO     9000 12313
2025-06-15 13:15:06 INFO     10000 12313
2025-06-15 13:15:58 INFO     11000 12313
2025-06-15 13:16:50 INFO     12000 12313
2025-06-15 13:17:07 INFO     >>>>> Generator: Training
2025-06-15 13:17:07 INFO     -------------------------
2025-06-15 13:17:07 INFO     | EM Iteration: 3/5
2025-06-15 13:17:07 INFO     -------------------------
2025-06-15 13:17:07 INFO     >>>>> Generator: Rule generation with sampling
2025-06-15 13:17:07 INFO     Predictor: read 1422 rules from list.
2025-06-15 13:17:07 INFO     Preprocess training set
2025-06-15 13:17:07 INFO     >>>>> Predictor: Training
2025-06-15 13:17:55 INFO     1000 12313 8.190733 69384.0
2025-06-15 13:18:43 INFO     2000 12313 7.700047 69384.0
2025-06-15 13:19:31 INFO     3000 12313 7.433459 69253.9
2025-06-15 13:20:20 INFO     4000 12313 7.293981 69323.3
2025-06-15 13:21:08 INFO     5000 12313 7.167368 69384.0
2025-06-15 13:21:56 INFO     6000 12313 7.044023 69323.3
2025-06-15 13:22:43 INFO     7000 12313 6.961217 69366.7
2025-06-15 13:23:31 INFO     8000 12313 6.894151 69332.0
2025-06-15 13:24:19 INFO     9000 12313 6.779956 69384.0
2025-06-15 13:25:07 INFO     10000 12313 6.787249 69227.9
2025-06-15 13:25:55 INFO     11000 12313 6.730042 69340.6
2025-06-15 13:26:44 INFO     12000 12313 6.688068 69297.3
2025-06-15 13:26:59 INFO     >>>>> Predictor: Evaluating on valid
2025-06-15 13:27:18 INFO     Data : 3823
2025-06-15 13:27:18 INFO     Hit1 : 0.029035
2025-06-15 13:27:18 INFO     Hit3 : 0.060947
2025-06-15 13:27:18 INFO     Hit10: 0.120848
2025-06-15 13:27:18 INFO     MR   : 1137.006016
2025-06-15 13:27:18 INFO     MRR  : 0.060753
2025-06-15 13:27:18 INFO     >>>>> Predictor: Evaluating on test
2025-06-15 13:27:40 INFO     Data : 4402
2025-06-15 13:27:40 INFO     Hit1 : 0.036574
2025-06-15 13:27:40 INFO     Hit3 : 0.069968
2025-06-15 13:27:40 INFO     Hit10: 0.126079
2025-06-15 13:27:40 INFO     MR   : 1118.998637
2025-06-15 13:27:40 INFO     MRR  : 0.067354
2025-06-15 13:27:40 INFO     >>>>> Predictor: Computing H scores of rules
2025-06-15 13:28:35 INFO     1000 12313
2025-06-15 13:29:29 INFO     2000 12313
2025-06-15 13:30:23 INFO     3000 12313
2025-06-15 13:31:16 INFO     4000 12313
2025-06-15 13:32:10 INFO     5000 12313
2025-06-15 13:33:04 INFO     6000 12313
2025-06-15 13:33:58 INFO     7000 12313
2025-06-15 13:34:52 INFO     8000 12313
2025-06-15 13:35:45 INFO     9000 12313
2025-06-15 13:36:39 INFO     10000 12313
2025-06-15 13:37:33 INFO     11000 12313
2025-06-15 13:38:28 INFO     12000 12313
2025-06-15 13:38:45 INFO     >>>>> Generator: Training
2025-06-15 13:38:46 INFO     -------------------------
2025-06-15 13:38:46 INFO     | EM Iteration: 4/5
2025-06-15 13:38:46 INFO     -------------------------
2025-06-15 13:38:46 INFO     >>>>> Generator: Rule generation with sampling
2025-06-15 13:38:46 INFO     Predictor: read 1455 rules from list.
2025-06-15 13:38:46 INFO     Preprocess training set
2025-06-15 13:38:46 INFO     >>>>> Predictor: Training
2025-06-15 13:39:36 INFO     1000 12313 8.243395 69314.6
2025-06-15 13:40:26 INFO     2000 12313 7.771110 69279.9
2025-06-15 13:41:14 INFO     3000 12313 7.526451 69366.7
2025-06-15 13:42:02 INFO     4000 12313 7.431007 69366.7
2025-06-15 13:42:51 INFO     5000 12313 7.338592 69288.6
2025-06-15 13:43:40 INFO     6000 12313 7.248208 69340.6
2025-06-15 13:44:28 INFO     7000 12313 7.151607 69384.0
2025-06-15 13:45:17 INFO     8000 12313 7.094666 69340.6
2025-06-15 13:46:05 INFO     9000 12313 7.107204 69384.0
2025-06-15 13:46:53 INFO     10000 12313 7.046233 69288.6
2025-06-15 13:47:41 INFO     11000 12313 7.038164 69262.6
2025-06-15 13:48:30 INFO     12000 12313 7.005285 69384.0
2025-06-15 13:48:45 INFO     >>>>> Predictor: Evaluating on valid
2025-06-15 13:49:06 INFO     Data : 3823
2025-06-15 13:49:06 INFO     Hit1 : 0.034528
2025-06-15 13:49:06 INFO     Hit3 : 0.072195
2025-06-15 13:49:06 INFO     Hit10: 0.138373
2025-06-15 13:49:06 INFO     MR   : 1094.616401
2025-06-15 13:49:06 INFO     MRR  : 0.069967
2025-06-15 13:49:06 INFO     >>>>> Predictor: Evaluating on test
2025-06-15 13:49:30 INFO     Data : 4402
2025-06-15 13:49:30 INFO     Hit1 : 0.044298
2025-06-15 13:49:30 INFO     Hit3 : 0.086552
2025-06-15 13:49:30 INFO     Hit10: 0.144253
2025-06-15 13:49:30 INFO     MR   : 1103.263403
2025-06-15 13:49:30 INFO     MRR  : 0.079142
2025-06-15 13:49:30 INFO     >>>>> Predictor: Computing H scores of rules
2025-06-15 13:50:25 INFO     1000 12313
2025-06-15 13:51:21 INFO     2000 12313
2025-06-15 13:52:15 INFO     3000 12313
2025-06-15 13:53:10 INFO     4000 12313
2025-06-15 13:54:04 INFO     5000 12313
2025-06-15 13:54:58 INFO     6000 12313
2025-06-15 13:55:53 INFO     7000 12313
2025-06-15 13:56:47 INFO     8000 12313
2025-06-15 13:57:42 INFO     9000 12313
2025-06-15 13:58:36 INFO     10000 12313
2025-06-15 13:59:30 INFO     11000 12313
2025-06-15 14:00:25 INFO     12000 12313
2025-06-15 14:00:42 INFO     >>>>> Generator: Training
2025-06-15 14:00:42 INFO     -------------------------
2025-06-15 14:00:42 INFO     | EM Iteration: 5/5
2025-06-15 14:00:42 INFO     -------------------------
2025-06-15 14:00:42 INFO     >>>>> Generator: Rule generation with sampling
2025-06-15 14:00:42 INFO     Predictor: read 1544 rules from list.
2025-06-15 14:00:42 INFO     Preprocess training set
2025-06-15 14:00:42 INFO     >>>>> Predictor: Training
2025-06-15 14:01:33 INFO     1000 12313 8.248936 69340.6
2025-06-15 14:02:24 INFO     2000 12313 7.808882 69288.6
2025-06-15 14:03:14 INFO     3000 12313 7.598822 69366.7
2025-06-15 14:04:05 INFO     4000 12313 7.488662 69305.9
2025-06-15 14:04:56 INFO     5000 12313 7.373148 69323.3
2025-06-15 14:05:46 INFO     6000 12313 7.325650 69384.0
2025-06-15 14:06:37 INFO     7000 12313 7.275304 69279.9
2025-06-15 14:07:28 INFO     8000 12313 7.199961 69384.0
2025-06-15 14:08:19 INFO     9000 12313 7.211490 69366.7
2025-06-15 14:09:10 INFO     10000 12313 7.163856 69297.3
2025-06-15 14:10:00 INFO     11000 12313 7.128483 69279.9
2025-06-15 14:10:51 INFO     12000 12313 7.134803 69384.0
2025-06-15 14:11:07 INFO     >>>>> Predictor: Evaluating on valid
2025-06-15 14:11:28 INFO     Data : 3823
2025-06-15 14:11:28 INFO     Hit1 : 0.027465
2025-06-15 14:11:28 INFO     Hit3 : 0.053884
2025-06-15 14:11:28 INFO     Hit10: 0.103845
2025-06-15 14:11:28 INFO     MR   : 1184.621240
2025-06-15 14:11:28 INFO     MRR  : 0.054820
2025-06-15 14:11:28 INFO     >>>>> Predictor: Evaluating on test
2025-06-15 14:11:52 INFO     Data : 4402
2025-06-15 14:11:52 INFO     Hit1 : 0.033167
2025-06-15 14:11:52 INFO     Hit3 : 0.062926
2025-06-15 14:11:52 INFO     Hit10: 0.106088
2025-06-15 14:11:52 INFO     MR   : 1164.766697
2025-06-15 14:11:52 INFO     MRR  : 0.060908
2025-06-15 14:11:52 INFO     >>>>> Predictor: Computing H scores of rules
2025-06-15 14:12:48 INFO     1000 12313
2025-06-15 14:13:45 INFO     2000 12313
2025-06-15 14:14:41 INFO     3000 12313
2025-06-15 14:15:37 INFO     4000 12313
2025-06-15 14:16:34 INFO     5000 12313
2025-06-15 14:17:30 INFO     6000 12313
2025-06-15 14:18:26 INFO     7000 12313
2025-06-15 14:19:22 INFO     8000 12313
2025-06-15 14:20:18 INFO     9000 12313
2025-06-15 14:21:15 INFO     10000 12313
2025-06-15 14:22:11 INFO     11000 12313
2025-06-15 14:23:07 INFO     12000 12313
2025-06-15 14:23:25 INFO     >>>>> Generator: Training
2025-06-15 14:23:25 INFO     -------------------------
2025-06-15 14:23:25 INFO     | Post-train Generator
2025-06-15 14:23:25 INFO     -------------------------
2025-06-15 14:23:25 INFO     >>>>> Generator: Training
2025-06-15 14:23:32 INFO     [E1000] Total: 1.461849 | Main: 1.764357 | Aux: 0.730187
2025-06-15 14:23:32 INFO     -------------------------
2025-06-15 14:23:32 INFO     | Beam Search Best Rules
2025-06-15 14:23:32 INFO     -------------------------
2025-06-15 14:23:32 INFO     >>>>> Generator: Rule generation with beam search
2025-06-15 14:23:32 INFO     >>>>> Generator: Rule generation with beam search
2025-06-15 14:23:33 INFO     >>>>> Generator: Rule generation with beam search
2025-06-15 14:23:44 INFO     >>>>> Generator: Rule generation with beam search
2025-06-15 14:23:51 INFO     >>>>> Generator: Rule generation with beam search
2025-06-15 14:23:55 INFO     -------------------------
2025-06-15 14:23:55 INFO     | Train Final Predictor+
2025-06-15 14:23:55 INFO     -------------------------
2025-06-15 14:23:56 INFO     Predictor+: read 18420 rules from list.
2025-06-15 14:23:56 INFO     Preprocess training set
2025-06-15 14:23:56 INFO     -------------------------
2025-06-15 14:23:56 INFO     | Iteration: 1/5
2025-06-15 14:23:56 INFO     -------------------------
2025-06-15 14:23:56 INFO     >>>>> Predictor: Training
2025-06-15 14:31:19 INFO     1000 12313 4.686517 69314.6
2025-06-15 14:38:39 INFO     2000 12313 4.492501 69366.7
2025-06-15 14:46:02 INFO     3000 12313 4.450278 69279.9
2025-06-15 14:53:29 INFO     4000 12313 4.448770 69340.6
2025-06-15 15:00:56 INFO     5000 12313 4.481641 69236.6
2025-06-15 15:08:22 INFO     6000 12313 4.441963 69366.7
2025-06-15 15:15:52 INFO     7000 12313 4.427187 69323.3
2025-06-15 15:23:21 INFO     8000 12313 4.462805 69349.3
2025-06-15 15:30:49 INFO     9000 12313 4.425030 69384.0
2025-06-15 15:38:15 INFO     10000 12313 4.418260 69384.0
2025-06-15 15:45:42 INFO     11000 12313 4.442131 69288.6
2025-06-15 15:53:10 INFO     12000 12313 4.444218 69366.7
2025-06-15 15:55:30 INFO     >>>>> Predictor: Evaluating on valid
