2025-07-21 04:39:19 INFO     is_soft_label: False
2025-07-21 04:39:19 INFO     is_scheduled_sampling: False
2025-07-21 04:39:19 INFO     is_test_mode: False
2025-07-21 04:39:19 INFO     Data loading | DONE!
2025-07-21 04:39:19 INFO     Using full datasets for training, validation, and testing.
2025-07-21 04:39:20 INFO     -------------------------
2025-07-21 04:39:20 INFO     | EM Iteration: 1/5
2025-07-21 04:39:20 INFO     -------------------------
2025-07-21 04:39:20 INFO     >>>>> Using miner's rule
2025-07-21 04:39:20 INFO     Predictor: read 13661 rules from list.
2025-07-21 04:39:21 INFO     Preprocess training set
2025-07-21 04:39:21 INFO     >>>>> Predictor: Evaluating on valid
2025-07-21 04:41:37 INFO     Data : 2077
2025-07-21 04:41:37 INFO     Hit1 : 0.065479
2025-07-21 04:41:37 INFO     Hit3 : 0.127106
2025-07-21 04:41:37 INFO     Hit10: 0.199326
2025-07-21 04:41:37 INFO     MR   : 1120.902022
2025-07-21 04:41:37 INFO     MRR  : 0.114382
2025-07-21 04:41:37 INFO     >>>>> Predictor: Evaluating on test
2025-07-21 04:44:18 INFO     Data : 2342
2025-07-21 04:44:18 INFO     Hit1 : 0.078992
2025-07-21 04:44:18 INFO     Hit3 : 0.124253
2025-07-21 04:44:18 INFO     Hit10: 0.208796
2025-07-21 04:44:18 INFO     MR   : 1044.269001
2025-07-21 04:44:18 INFO     MRR  : 0.122250
2025-07-21 04:44:18 INFO     >>>>> Predictor: Computing H scores of rules
2025-07-21 05:21:41 INFO     1000 5959
2025-07-21 05:59:20 INFO     2000 5959
2025-07-21 06:36:25 INFO     3000 5959
2025-07-21 07:13:36 INFO     4000 5959
2025-07-21 07:50:30 INFO     5000 5959
2025-07-21 08:28:11 INFO     >>>>> Generator: Training
2025-07-21 08:28:22 INFO     -------------------------
2025-07-21 08:28:22 INFO     | EM Iteration: 2/5
2025-07-21 08:28:22 INFO     -------------------------
2025-07-21 08:28:22 INFO     >>>>> Using Generator's sample rule
2025-07-21 08:28:22 INFO     >>>>> Generator: Rule generation with sampling
2025-07-21 08:28:22 INFO     Predictor: read 1904 rules from list.
2025-07-21 08:28:22 INFO     Preprocess training set
2025-07-21 08:28:22 INFO     >>>>> Predictor: Training
2025-07-21 08:29:49 INFO     1000 5959 8.782312 69314.6
2025-07-21 08:31:02 INFO     2000 5959 8.410004 69271.3
2025-07-21 08:32:19 INFO     3000 5959 8.219053 69245.2
2025-07-21 08:33:32 INFO     4000 5959 8.065449 69340.6
2025-07-21 08:34:44 INFO     5000 5959 7.940880 69340.6
2025-07-21 08:35:53 INFO     >>>>> Predictor: Evaluating on valid
2025-07-21 08:36:11 INFO     Data : 2077
2025-07-21 08:36:11 INFO     Hit1 : 0.025036
2025-07-21 08:36:11 INFO     Hit3 : 0.040924
2025-07-21 08:36:11 INFO     Hit10: 0.064035
2025-07-21 08:36:11 INFO     MR   : 1407.828117
2025-07-21 08:36:11 INFO     MRR  : 0.041154
2025-07-21 08:36:11 INFO     >>>>> Predictor: Evaluating on test
2025-07-21 08:36:32 INFO     Data : 2342
2025-07-21 08:36:32 INFO     Hit1 : 0.019641
2025-07-21 08:36:32 INFO     Hit3 : 0.030743
2025-07-21 08:36:32 INFO     Hit10: 0.056362
2025-07-21 08:36:32 INFO     MR   : 1317.205807
2025-07-21 08:36:32 INFO     MRR  : 0.034766
2025-07-21 08:36:32 INFO     >>>>> Predictor: Computing H scores of rules
2025-07-21 08:40:04 INFO     1000 5959
2025-07-21 08:43:33 INFO     2000 5959
2025-07-21 08:46:57 INFO     3000 5959
2025-07-21 08:50:17 INFO     4000 5959
2025-07-21 08:53:38 INFO     5000 5959
2025-07-21 08:57:04 INFO     >>>>> Generator: Training
2025-07-21 08:57:14 INFO     -------------------------
2025-07-21 08:57:14 INFO     | EM Iteration: 3/5
2025-07-21 08:57:14 INFO     -------------------------
2025-07-21 08:57:14 INFO     >>>>> Using Generator's sample rule
2025-07-21 08:57:14 INFO     >>>>> Generator: Rule generation with sampling
2025-07-21 08:57:14 INFO     Predictor: read 1877 rules from list.
2025-07-21 08:57:14 INFO     Preprocess training set
2025-07-21 08:57:14 INFO     >>>>> Predictor: Training
2025-07-21 08:58:26 INFO     1000 5959 8.809976 69332.0
2025-07-21 08:59:37 INFO     2000 5959 8.469537 69349.3
2025-07-21 09:00:49 INFO     3000 5959 8.254404 69184.5
2025-07-21 09:02:04 INFO     4000 5959 8.080450 69253.9
2025-07-21 09:03:16 INFO     5000 5959 7.983767 69332.0
2025-07-21 09:04:24 INFO     >>>>> Predictor: Evaluating on valid
2025-07-21 09:04:42 INFO     Data : 2077
2025-07-21 09:04:42 INFO     Hit1 : 0.010592
2025-07-21 09:04:42 INFO     Hit3 : 0.025999
2025-07-21 09:04:42 INFO     Hit10: 0.051035
2025-07-21 09:04:42 INFO     MR   : 1450.381801
2025-07-21 09:04:42 INFO     MRR  : 0.026797
2025-07-21 09:04:42 INFO     >>>>> Predictor: Evaluating on test
2025-07-21 09:05:02 INFO     Data : 2342
2025-07-21 09:05:02 INFO     Hit1 : 0.014091
2025-07-21 09:05:02 INFO     Hit3 : 0.024765
2025-07-21 09:05:02 INFO     Hit10: 0.047395
2025-07-21 09:05:02 INFO     MR   : 1340.377455
2025-07-21 09:05:02 INFO     MRR  : 0.028016
2025-07-21 09:05:02 INFO     >>>>> Predictor: Computing H scores of rules
2025-07-21 09:08:23 INFO     1000 5959
2025-07-21 09:11:46 INFO     2000 5959
2025-07-21 09:15:13 INFO     3000 5959
2025-07-21 09:18:36 INFO     4000 5959
2025-07-21 09:21:56 INFO     5000 5959
2025-07-21 09:25:22 INFO     >>>>> Generator: Training
2025-07-21 09:25:32 INFO     -------------------------
2025-07-21 09:25:32 INFO     | EM Iteration: 4/5
2025-07-21 09:25:32 INFO     -------------------------
2025-07-21 09:25:32 INFO     >>>>> Using Generator's sample rule
2025-07-21 09:25:32 INFO     >>>>> Generator: Rule generation with sampling
2025-07-21 09:25:32 INFO     Predictor: read 1847 rules from list.
2025-07-21 09:25:32 INFO     Preprocess training set
2025-07-21 09:25:32 INFO     >>>>> Predictor: Training
2025-07-21 09:26:42 INFO     1000 5959 8.791110 69271.3
2025-07-21 09:27:54 INFO     2000 5959 8.404539 69340.6
2025-07-21 09:29:05 INFO     3000 5959 8.137731 69384.0
2025-07-21 09:30:29 INFO     4000 5959 7.963986 69262.6
2025-07-21 09:31:41 INFO     5000 5959 7.819836 69332.0
2025-07-21 09:32:48 INFO     >>>>> Predictor: Evaluating on valid
2025-07-21 09:33:07 INFO     Data : 2077
2025-07-21 09:33:07 INFO     Hit1 : 0.006259
2025-07-21 09:33:07 INFO     Hit3 : 0.018296
2025-07-21 09:33:07 INFO     Hit10: 0.036110
2025-07-21 09:33:07 INFO     MR   : 1486.285749
2025-07-21 09:33:07 INFO     MRR  : 0.019680
2025-07-21 09:33:07 INFO     >>>>> Predictor: Evaluating on test
2025-07-21 09:33:27 INFO     Data : 2342
2025-07-21 09:33:27 INFO     Hit1 : 0.008540
2025-07-21 09:33:27 INFO     Hit3 : 0.018787
2025-07-21 09:33:27 INFO     Hit10: 0.035440
2025-07-21 09:33:27 INFO     MR   : 1371.789710
2025-07-21 09:33:27 INFO     MRR  : 0.020680
2025-07-21 09:33:27 INFO     >>>>> Predictor: Computing H scores of rules
2025-07-21 09:36:59 INFO     1000 5959
2025-07-21 09:40:31 INFO     2000 5959
2025-07-21 09:43:51 INFO     3000 5959
2025-07-21 09:47:11 INFO     4000 5959
2025-07-21 09:50:32 INFO     5000 5959
2025-07-21 09:53:49 INFO     >>>>> Generator: Training
2025-07-21 09:53:59 INFO     -------------------------
2025-07-21 09:53:59 INFO     | EM Iteration: 5/5
2025-07-21 09:53:59 INFO     -------------------------
2025-07-21 09:53:59 INFO     >>>>> Using Generator's sample rule
2025-07-21 09:53:59 INFO     >>>>> Generator: Rule generation with sampling
2025-07-21 09:53:59 INFO     Predictor: read 1676 rules from list.
2025-07-21 09:53:59 INFO     Preprocess training set
2025-07-21 09:53:59 INFO     >>>>> Predictor: Training
2025-07-21 09:55:21 INFO     1000 5959 8.805924 69332.0
2025-07-21 09:56:30 INFO     2000 5959 8.434382 69349.3
2025-07-21 09:57:48 INFO     3000 5959 8.182272 69340.6
2025-07-21 09:59:04 INFO     4000 5959 8.012417 69297.3
2025-07-21 10:00:13 INFO     5000 5959 7.830053 69219.2
2025-07-21 10:01:20 INFO     >>>>> Predictor: Evaluating on valid
2025-07-21 10:01:37 INFO     Data : 2077
2025-07-21 10:01:37 INFO     Hit1 : 0.029851
2025-07-21 10:01:37 INFO     Hit3 : 0.053924
2025-07-21 10:01:37 INFO     Hit10: 0.076071
2025-07-21 10:01:37 INFO     MR   : 1451.129995
2025-07-21 10:01:37 INFO     MRR  : 0.049605
2025-07-21 10:01:37 INFO     >>>>> Predictor: Evaluating on test
2025-07-21 10:01:57 INFO     Data : 2342
2025-07-21 10:01:57 INFO     Hit1 : 0.028608
2025-07-21 10:01:57 INFO     Hit3 : 0.046541
2025-07-21 10:01:57 INFO     Hit10: 0.084116
2025-07-21 10:01:57 INFO     MR   : 1334.989112
2025-07-21 10:01:57 INFO     MRR  : 0.048452
2025-07-21 10:01:57 INFO     >>>>> Predictor: Computing H scores of rules
2025-07-21 10:05:36 INFO     1000 5959
2025-07-21 10:09:04 INFO     2000 5959
2025-07-21 10:12:32 INFO     3000 5959
2025-07-21 10:15:50 INFO     4000 5959
2025-07-21 10:19:07 INFO     5000 5959
2025-07-21 10:22:20 INFO     >>>>> Generator: Training
2025-07-21 10:22:30 INFO     -------------------------
2025-07-21 10:22:30 INFO     | Post-train Generator
2025-07-21 10:22:30 INFO     -------------------------
2025-07-21 10:22:31 INFO     >>>>> Generator: Training
2025-07-21 10:24:12 INFO     [E01000] Total 2.432650 | Main 2.559255 | RelClus 1.497829 | EntType 2.354638
2025-07-21 10:24:12 INFO     -------------------------
2025-07-21 10:24:12 INFO     | Beam Search Best Rules
2025-07-21 10:24:12 INFO     -------------------------
2025-07-21 10:24:12 INFO     >>>>> Generator: Rule generation with beam search
2025-07-21 10:24:13 INFO     >>>>> Generator: Rule generation with beam search
2025-07-21 10:24:19 INFO     >>>>> Generator: Rule generation with beam search
2025-07-21 10:25:35 INFO     >>>>> Generator: Rule generation with beam search
2025-07-21 10:26:44 INFO     >>>>> Generator: Rule generation with beam search
2025-07-21 10:27:26 INFO     -------------------------
2025-07-21 10:27:26 INFO     | Train Final Predictor+
2025-07-21 10:27:26 INFO     -------------------------
2025-07-21 10:27:26 INFO     Predictor+: read 18420 rules from list.
2025-07-21 10:27:26 INFO     Preprocess training set
2025-07-21 10:27:26 INFO     -------------------------
2025-07-21 10:27:26 INFO     | Iteration: 1/5
2025-07-21 10:27:26 INFO     -------------------------
2025-07-21 10:27:26 INFO     >>>>> Predictor: Training
2025-07-21 10:32:43 INFO     1000 5959 4.989192 69271.3
2025-07-21 10:38:11 INFO     2000 5959 4.755335 69332.0
2025-07-21 10:43:26 INFO     3000 5959 4.740436 69375.3
2025-07-21 10:48:40 INFO     4000 5959 4.737855 69279.9
2025-07-21 10:54:15 INFO     5000 5959 4.707334 69349.3
2025-07-21 10:59:28 INFO     >>>>> Predictor: Evaluating on valid
2025-07-21 11:00:54 INFO     Data : 2077
2025-07-21 11:00:54 INFO     Hit1 : 0.101107
2025-07-21 11:00:54 INFO     Hit3 : 0.180549
2025-07-21 11:00:54 INFO     Hit10: 0.311988
2025-07-21 11:00:54 INFO     MR   : 989.521666
2025-07-21 11:00:54 INFO     MRR  : 0.168208
2025-07-21 11:00:54 INFO     >>>>> Predictor: Evaluating on test
2025-07-21 11:02:21 INFO     Data : 2342
2025-07-21 11:02:21 INFO     Hit1 : 0.119556
2025-07-21 11:02:21 INFO     Hit3 : 0.206661
2025-07-21 11:02:21 INFO     Hit10: 0.318104
2025-07-21 11:02:21 INFO     MR   : 923.165243
2025-07-21 11:02:21 INFO     MRR  : 0.186036
2025-07-21 11:02:21 INFO     Save checkpoint to results/semmeddb/10_times_each/fixed/333/6_20250721_043917/predictor.pt
2025-07-21 11:02:21 INFO     -------------------------
2025-07-21 11:02:21 INFO     | Iteration: 2/5
2025-07-21 11:02:21 INFO     -------------------------
2025-07-21 11:02:21 INFO     >>>>> Predictor: Training
2025-07-21 11:07:38 INFO     1000 5959 4.636725 69366.7
2025-07-21 11:12:55 INFO     2000 5959 4.677174 69375.3
2025-07-21 11:18:20 INFO     3000 5959 4.663023 69219.2
2025-07-21 11:23:46 INFO     4000 5959 4.672069 69305.9
2025-07-21 11:29:11 INFO     5000 5959 4.659464 69288.6
2025-07-21 11:34:14 INFO     >>>>> Predictor: Evaluating on valid
2025-07-21 11:35:30 INFO     Data : 2077
2025-07-21 11:35:30 INFO     Hit1 : 0.092922
2025-07-21 11:35:30 INFO     Hit3 : 0.192104
2025-07-21 11:35:30 INFO     Hit10: 0.315840
2025-07-21 11:35:30 INFO     MR   : 955.961242
2025-07-21 11:35:30 INFO     MRR  : 0.166175
2025-07-21 11:35:30 INFO     >>>>> Predictor: Evaluating on test
2025-07-21 11:36:58 INFO     Data : 2342
2025-07-21 11:36:58 INFO     Hit1 : 0.127242
2025-07-21 11:36:58 INFO     Hit3 : 0.211785
2025-07-21 11:36:58 INFO     Hit10: 0.321520
2025-07-21 11:36:58 INFO     MR   : 888.612297
2025-07-21 11:36:58 INFO     MRR  : 0.191874
2025-07-21 11:36:58 INFO     -------------------------
2025-07-21 11:36:58 INFO     | Iteration: 3/5
2025-07-21 11:36:58 INFO     -------------------------
2025-07-21 11:36:58 INFO     >>>>> Predictor: Training
2025-07-21 11:42:16 INFO     1000 5959 4.643359 69288.6
2025-07-21 11:47:41 INFO     2000 5959 4.646232 69288.6
2025-07-21 11:53:05 INFO     3000 5959 4.640539 69340.6
2025-07-21 11:58:22 INFO     4000 5959 4.636931 69271.3
2025-07-21 12:03:37 INFO     5000 5959 4.670175 69219.2
2025-07-21 12:08:58 INFO     >>>>> Predictor: Evaluating on valid
2025-07-21 12:10:13 INFO     Data : 2077
2025-07-21 12:10:13 INFO     Hit1 : 0.088108
2025-07-21 12:10:13 INFO     Hit3 : 0.171401
2025-07-21 12:10:13 INFO     Hit10: 0.297545
2025-07-21 12:10:13 INFO     MR   : 941.784304
2025-07-21 12:10:13 INFO     MRR  : 0.157526
2025-07-21 12:10:13 INFO     >>>>> Predictor: Evaluating on test
2025-07-21 12:11:39 INFO     Data : 2342
2025-07-21 12:11:39 INFO     Hit1 : 0.118275
2025-07-21 12:11:39 INFO     Hit3 : 0.193851
2025-07-21 12:11:39 INFO     Hit10: 0.312126
2025-07-21 12:11:39 INFO     MR   : 872.166311
2025-07-21 12:11:39 INFO     MRR  : 0.180423
2025-07-21 12:11:39 INFO     -------------------------
2025-07-21 12:11:39 INFO     | Iteration: 4/5
2025-07-21 12:11:39 INFO     -------------------------
2025-07-21 12:11:39 INFO     >>>>> Predictor: Training
2025-07-21 12:16:56 INFO     1000 5959 4.613927 69340.6
2025-07-21 12:22:14 INFO     2000 5959 4.590851 69184.5
2025-07-21 12:27:52 INFO     3000 5959 4.659958 69253.9
2025-07-21 12:33:13 INFO     4000 5959 4.626362 69340.6
2025-07-21 12:38:52 INFO     5000 5959 4.628444 69384.0
2025-07-21 12:44:11 INFO     >>>>> Predictor: Evaluating on valid
2025-07-21 12:45:28 INFO     Data : 2077
2025-07-21 12:45:28 INFO     Hit1 : 0.093885
2025-07-21 12:45:28 INFO     Hit3 : 0.181993
2025-07-21 12:45:28 INFO     Hit10: 0.306211
2025-07-21 12:45:28 INFO     MR   : 935.825229
2025-07-21 12:45:28 INFO     MRR  : 0.162851
2025-07-21 12:45:28 INFO     >>>>> Predictor: Evaluating on test
2025-07-21 12:47:03 INFO     Data : 2342
2025-07-21 12:47:03 INFO     Hit1 : 0.117421
2025-07-21 12:47:03 INFO     Hit3 : 0.211358
2025-07-21 12:47:03 INFO     Hit10: 0.319385
2025-07-21 12:47:03 INFO     MR   : 869.704099
2025-07-21 12:47:03 INFO     MRR  : 0.186214
2025-07-21 12:47:03 INFO     -------------------------
2025-07-21 12:47:03 INFO     | Iteration: 5/5
2025-07-21 12:47:03 INFO     -------------------------
2025-07-21 12:47:03 INFO     >>>>> Predictor: Training
2025-07-21 12:52:36 INFO     1000 5959 4.619621 69323.3
2025-07-21 12:58:07 INFO     2000 5959 4.608211 69332.0
2025-07-21 13:03:29 INFO     3000 5959 4.647697 69219.2
2025-07-21 13:08:52 INFO     4000 5959 4.636674 69297.3
2025-07-21 13:14:18 INFO     5000 5959 4.607176 69332.0
2025-07-21 13:19:41 INFO     >>>>> Predictor: Evaluating on valid
2025-07-21 13:20:59 INFO     Data : 2077
2025-07-21 13:20:59 INFO     Hit1 : 0.089552
2025-07-21 13:20:59 INFO     Hit3 : 0.179586
2025-07-21 13:20:59 INFO     Hit10: 0.315840
2025-07-21 13:20:59 INFO     MR   : 927.761916
2025-07-21 13:20:59 INFO     MRR  : 0.162223
2025-07-21 13:20:59 INFO     >>>>> Predictor: Evaluating on test
2025-07-21 13:22:27 INFO     Data : 2342
2025-07-21 13:22:27 INFO     Hit1 : 0.125107
2025-07-21 13:22:27 INFO     Hit3 : 0.208796
2025-07-21 13:22:27 INFO     Hit10: 0.325790
2025-07-21 13:22:27 INFO     MR   : 861.318745
2025-07-21 13:22:27 INFO     MRR  : 0.190155
2025-07-21 13:22:27 INFO     -------------------------
2025-07-21 13:22:27 INFO     | Final Test MRR: 0.186036
2025-07-21 13:22:27 INFO     -------------------------
