2025-07-06 03:42:33 INFO     is_soft_label: False
2025-07-06 03:42:33 INFO     is_scheduled_sampling: False
2025-07-06 03:42:33 INFO     is_test_mode: False
2025-07-06 03:42:33 INFO     Data loading | DONE!
2025-07-06 03:42:33 INFO     Using full datasets for training, validation, and testing.
2025-07-06 03:42:33 INFO     -------------------------
2025-07-06 03:42:33 INFO     | EM Iteration: 1/5
2025-07-06 03:42:33 INFO     -------------------------
2025-07-06 03:42:33 INFO     >>>>> Using miner's rule
2025-07-06 03:42:33 INFO     Predictor: read 13661 rules from list.
2025-07-06 03:42:34 INFO     Preprocess training set
2025-07-06 03:42:34 INFO     >>>>> Predictor: Evaluating on valid
2025-07-06 03:44:26 INFO     Data : 2077
2025-07-06 03:44:26 INFO     Hit1 : 0.065479
2025-07-06 03:44:26 INFO     Hit3 : 0.127106
2025-07-06 03:44:26 INFO     Hit10: 0.199326
2025-07-06 03:44:26 INFO     MR   : 1120.902022
2025-07-06 03:44:26 INFO     MRR  : 0.114382
2025-07-06 03:44:26 INFO     >>>>> Predictor: Evaluating on test
2025-07-06 03:46:32 INFO     Data : 2342
2025-07-06 03:46:32 INFO     Hit1 : 0.078992
2025-07-06 03:46:32 INFO     Hit3 : 0.124253
2025-07-06 03:46:32 INFO     Hit10: 0.208796
2025-07-06 03:46:32 INFO     MR   : 1044.269001
2025-07-06 03:46:32 INFO     MRR  : 0.122250
2025-07-06 03:46:32 INFO     >>>>> Predictor: Computing H scores of rules
2025-07-06 04:14:38 INFO     1000 5959
2025-07-06 04:43:15 INFO     2000 5959
2025-07-06 05:11:51 INFO     3000 5959
2025-07-06 05:40:05 INFO     4000 5959
2025-07-06 06:08:21 INFO     5000 5959
2025-07-06 06:37:10 INFO     >>>>> Generator: Training
2025-07-06 06:37:14 INFO     -------------------------
2025-07-06 06:37:14 INFO     | EM Iteration: 2/5
2025-07-06 06:37:14 INFO     -------------------------
2025-07-06 06:37:14 INFO     >>>>> Using Generator's sample rule
2025-07-06 06:37:14 INFO     >>>>> Generator: Rule generation with sampling
2025-07-06 06:37:14 INFO     Predictor: read 1910 rules from list.
2025-07-06 06:37:14 INFO     Preprocess training set
2025-07-06 06:37:14 INFO     >>>>> Predictor: Training
2025-07-06 06:38:00 INFO     1000 5959 8.782461 69314.6
2025-07-06 06:38:47 INFO     2000 5959 8.410559 69271.3
2025-07-06 06:39:33 INFO     3000 5959 8.220156 69245.2
2025-07-06 06:40:20 INFO     4000 5959 8.066888 69340.6
2025-07-06 06:41:06 INFO     5000 5959 7.944344 69340.6
2025-07-06 06:41:51 INFO     >>>>> Predictor: Evaluating on valid
2025-07-06 06:42:00 INFO     Data : 2077
2025-07-06 06:42:00 INFO     Hit1 : 0.025036
2025-07-06 06:42:00 INFO     Hit3 : 0.040924
2025-07-06 06:42:00 INFO     Hit10: 0.064516
2025-07-06 06:42:00 INFO     MR   : 1407.097015
2025-07-06 06:42:00 INFO     MRR  : 0.041241
2025-07-06 06:42:00 INFO     >>>>> Predictor: Evaluating on test
2025-07-06 06:42:11 INFO     Data : 2342
2025-07-06 06:42:11 INFO     Hit1 : 0.019641
2025-07-06 06:42:11 INFO     Hit3 : 0.031170
2025-07-06 06:42:11 INFO     Hit10: 0.058497
2025-07-06 06:42:11 INFO     MR   : 1313.751921
2025-07-06 06:42:11 INFO     MRR  : 0.035162
2025-07-06 06:42:11 INFO     >>>>> Predictor: Computing H scores of rules
2025-07-06 06:44:26 INFO     1000 5959
2025-07-06 06:46:40 INFO     2000 5959
2025-07-06 06:48:55 INFO     3000 5959
2025-07-06 06:51:09 INFO     4000 5959
2025-07-06 06:53:24 INFO     5000 5959
2025-07-06 06:55:35 INFO     >>>>> Generator: Training
2025-07-06 06:55:39 INFO     -------------------------
2025-07-06 06:55:39 INFO     | EM Iteration: 3/5
2025-07-06 06:55:39 INFO     -------------------------
2025-07-06 06:55:39 INFO     >>>>> Using Generator's sample rule
2025-07-06 06:55:39 INFO     >>>>> Generator: Rule generation with sampling
2025-07-06 06:55:39 INFO     Predictor: read 1894 rules from list.
2025-07-06 06:55:39 INFO     Preprocess training set
2025-07-06 06:55:39 INFO     >>>>> Predictor: Training
2025-07-06 06:56:25 INFO     1000 5959 8.811209 69332.0
2025-07-06 06:57:12 INFO     2000 5959 8.473440 69349.3
2025-07-06 06:57:57 INFO     3000 5959 8.261875 69184.5
2025-07-06 06:58:43 INFO     4000 5959 8.093606 69253.9
2025-07-06 06:59:30 INFO     5000 5959 8.000334 69332.0
2025-07-06 07:00:15 INFO     >>>>> Predictor: Evaluating on valid
2025-07-06 07:00:24 INFO     Data : 2077
2025-07-06 07:00:24 INFO     Hit1 : 0.010592
2025-07-06 07:00:24 INFO     Hit3 : 0.025518
2025-07-06 07:00:24 INFO     Hit10: 0.051517
2025-07-06 07:00:24 INFO     MR   : 1451.022870
2025-07-06 07:00:24 INFO     MRR  : 0.026743
2025-07-06 07:00:24 INFO     >>>>> Predictor: Evaluating on test
2025-07-06 07:00:35 INFO     Data : 2342
2025-07-06 07:00:35 INFO     Hit1 : 0.014091
2025-07-06 07:00:35 INFO     Hit3 : 0.024765
2025-07-06 07:00:35 INFO     Hit10: 0.047395
2025-07-06 07:00:35 INFO     MR   : 1340.602263
2025-07-06 07:00:35 INFO     MRR  : 0.027999
2025-07-06 07:00:35 INFO     >>>>> Predictor: Computing H scores of rules
2025-07-06 07:02:50 INFO     1000 5959
2025-07-06 07:05:05 INFO     2000 5959
2025-07-06 07:07:20 INFO     3000 5959
2025-07-06 07:09:35 INFO     4000 5959
2025-07-06 07:11:51 INFO     5000 5959
2025-07-06 07:14:01 INFO     >>>>> Generator: Training
2025-07-06 07:14:04 INFO     -------------------------
2025-07-06 07:14:04 INFO     | EM Iteration: 4/5
2025-07-06 07:14:04 INFO     -------------------------
2025-07-06 07:14:04 INFO     >>>>> Using Generator's sample rule
2025-07-06 07:14:04 INFO     >>>>> Generator: Rule generation with sampling
2025-07-06 07:14:05 INFO     Predictor: read 1933 rules from list.
2025-07-06 07:14:05 INFO     Preprocess training set
2025-07-06 07:14:05 INFO     >>>>> Predictor: Training
2025-07-06 07:14:53 INFO     1000 5959 8.796442 69271.3
2025-07-06 07:15:41 INFO     2000 5959 8.417035 69340.6
2025-07-06 07:16:29 INFO     3000 5959 8.160797 69384.0
2025-07-06 07:17:18 INFO     4000 5959 7.993579 69262.6
2025-07-06 07:18:05 INFO     5000 5959 7.853057 69332.0
2025-07-06 07:18:51 INFO     >>>>> Predictor: Evaluating on valid
2025-07-06 07:19:00 INFO     Data : 2077
2025-07-06 07:19:00 INFO     Hit1 : 0.001444
2025-07-06 07:19:00 INFO     Hit3 : 0.004333
2025-07-06 07:19:00 INFO     Hit10: 0.014444
2025-07-06 07:19:00 INFO     MR   : 1508.780934
2025-07-06 07:19:00 INFO     MRR  : 0.009344
2025-07-06 07:19:00 INFO     >>>>> Predictor: Evaluating on test
2025-07-06 07:19:11 INFO     Data : 2342
2025-07-06 07:19:11 INFO     Hit1 : 0.001281
2025-07-06 07:19:11 INFO     Hit3 : 0.008540
2025-07-06 07:19:11 INFO     Hit10: 0.017933
2025-07-06 07:19:11 INFO     MR   : 1398.422929
2025-07-06 07:19:11 INFO     MRR  : 0.010721
2025-07-06 07:19:11 INFO     >>>>> Predictor: Computing H scores of rules
2025-07-06 07:21:27 INFO     1000 5959
2025-07-06 07:23:44 INFO     2000 5959
2025-07-06 07:26:00 INFO     3000 5959
2025-07-06 07:28:16 INFO     4000 5959
2025-07-06 07:30:33 INFO     5000 5959
2025-07-06 07:32:46 INFO     >>>>> Generator: Training
2025-07-06 07:32:50 INFO     -------------------------
2025-07-06 07:32:50 INFO     | EM Iteration: 5/5
2025-07-06 07:32:50 INFO     -------------------------
2025-07-06 07:32:50 INFO     >>>>> Using Generator's sample rule
2025-07-06 07:32:50 INFO     >>>>> Generator: Rule generation with sampling
2025-07-06 07:32:50 INFO     Predictor: read 1966 rules from list.
2025-07-06 07:32:50 INFO     Preprocess training set
2025-07-06 07:32:50 INFO     >>>>> Predictor: Training
2025-07-06 07:33:38 INFO     1000 5959 8.833061 69332.0
2025-07-06 07:34:26 INFO     2000 5959 8.518960 69349.3
2025-07-06 07:35:15 INFO     3000 5959 8.330672 69340.6
2025-07-06 07:36:03 INFO     4000 5959 8.201629 69297.3
2025-07-06 07:36:51 INFO     5000 5959 8.083130 69219.2
2025-07-06 07:37:36 INFO     >>>>> Predictor: Evaluating on valid
2025-07-06 07:37:46 INFO     Data : 2077
2025-07-06 07:37:46 INFO     Hit1 : 0.014444
2025-07-06 07:37:46 INFO     Hit3 : 0.020703
2025-07-06 07:37:46 INFO     Hit10: 0.034184
2025-07-06 07:37:46 INFO     MR   : 1534.200048
2025-07-06 07:37:46 INFO     MRR  : 0.024229
2025-07-06 07:37:46 INFO     >>>>> Predictor: Evaluating on test
2025-07-06 07:37:57 INFO     Data : 2342
2025-07-06 07:37:57 INFO     Hit1 : 0.011102
2025-07-06 07:37:57 INFO     Hit3 : 0.017506
2025-07-06 07:37:57 INFO     Hit10: 0.030316
2025-07-06 07:37:57 INFO     MR   : 1413.308497
2025-07-06 07:37:57 INFO     MRR  : 0.020618
2025-07-06 07:37:57 INFO     >>>>> Predictor: Computing H scores of rules
2025-07-06 07:40:13 INFO     1000 5959
2025-07-06 07:42:28 INFO     2000 5959
2025-07-06 07:44:44 INFO     3000 5959
2025-07-06 07:47:02 INFO     4000 5959
2025-07-06 07:49:21 INFO     5000 5959
2025-07-06 07:51:34 INFO     >>>>> Generator: Training
2025-07-06 07:51:38 INFO     -------------------------
2025-07-06 07:51:38 INFO     | Post-train Generator
2025-07-06 07:51:38 INFO     -------------------------
2025-07-06 07:51:39 INFO     >>>>> Generator: Training
2025-07-06 07:52:17 INFO     [E01000] Total 3.177369 | Main 3.067110 | RelClus 2.233257 | 
2025-07-06 07:52:17 INFO     -------------------------
2025-07-06 07:52:17 INFO     | Beam Search Best Rules
2025-07-06 07:52:17 INFO     -------------------------
2025-07-06 07:52:17 INFO     >>>>> Generator: Rule generation with beam search
2025-07-06 07:52:18 INFO     >>>>> Generator: Rule generation with beam search
2025-07-06 07:52:23 INFO     >>>>> Generator: Rule generation with beam search
2025-07-06 07:53:27 INFO     >>>>> Generator: Rule generation with beam search
2025-07-06 07:54:20 INFO     >>>>> Generator: Rule generation with beam search
2025-07-06 07:54:55 INFO     -------------------------
2025-07-06 07:54:55 INFO     | Train Final Predictor+
2025-07-06 07:54:55 INFO     -------------------------
2025-07-06 07:54:56 INFO     Predictor+: read 18420 rules from list.
2025-07-06 07:54:56 INFO     Preprocess training set
2025-07-06 07:54:56 INFO     -------------------------
2025-07-06 07:54:56 INFO     | Iteration: 1/5
2025-07-06 07:54:56 INFO     -------------------------
2025-07-06 07:54:56 INFO     >>>>> Predictor: Training
2025-07-06 07:59:07 INFO     1000 5959 4.896649 69271.3
2025-07-06 08:03:21 INFO     2000 5959 4.726856 69332.0
2025-07-06 08:07:33 INFO     3000 5959 4.709921 69375.3
2025-07-06 08:11:44 INFO     4000 5959 4.708758 69279.9
2025-07-06 08:15:56 INFO     5000 5959 4.681476 69349.3
2025-07-06 08:19:58 INFO     >>>>> Predictor: Evaluating on valid
2025-07-06 08:21:01 INFO     Data : 2077
2025-07-06 08:21:01 INFO     Hit1 : 0.104959
2025-07-06 08:21:01 INFO     Hit3 : 0.188734
2025-07-06 08:21:01 INFO     Hit10: 0.317766
2025-07-06 08:21:01 INFO     MR   : 984.550794
2025-07-06 08:21:01 INFO     MRR  : 0.172562
2025-07-06 08:21:01 INFO     >>>>> Predictor: Evaluating on test
2025-07-06 08:22:13 INFO     Data : 2342
2025-07-06 08:22:13 INFO     Hit1 : 0.131939
2025-07-06 08:22:13 INFO     Hit3 : 0.213066
2025-07-06 08:22:13 INFO     Hit10: 0.316396
2025-07-06 08:22:13 INFO     MR   : 919.266439
2025-07-06 08:22:13 INFO     MRR  : 0.194035
2025-07-06 08:22:13 INFO     Save checkpoint to results/semmeddb/multitask_mmoe/ent_all_types/k6_multitask_mmoe_adaptive_matrix_6_type_20250706_034232/predictor.pt
2025-07-06 08:22:13 INFO     -------------------------
2025-07-06 08:22:13 INFO     | Iteration: 2/5
2025-07-06 08:22:13 INFO     -------------------------
2025-07-06 08:22:13 INFO     >>>>> Predictor: Training
2025-07-06 08:26:23 INFO     1000 5959 4.602255 69366.7
2025-07-06 08:30:31 INFO     2000 5959 4.650527 69375.3
2025-07-06 08:34:38 INFO     3000 5959 4.640963 69219.2
2025-07-06 08:38:46 INFO     4000 5959 4.650727 69305.9
2025-07-06 08:42:52 INFO     5000 5959 4.617105 69288.6
2025-07-06 08:46:50 INFO     >>>>> Predictor: Evaluating on valid
2025-07-06 08:47:51 INFO     Data : 2077
2025-07-06 08:47:51 INFO     Hit1 : 0.093404
2025-07-06 08:47:51 INFO     Hit3 : 0.181030
2025-07-06 08:47:51 INFO     Hit10: 0.312951
2025-07-06 08:47:51 INFO     MR   : 946.639865
2025-07-06 08:47:51 INFO     MRR  : 0.164270
2025-07-06 08:47:51 INFO     >>>>> Predictor: Evaluating on test
2025-07-06 08:48:59 INFO     Data : 2342
2025-07-06 08:48:59 INFO     Hit1 : 0.122545
2025-07-06 08:48:59 INFO     Hit3 : 0.206234
2025-07-06 08:48:59 INFO     Hit10: 0.316396
2025-07-06 08:48:59 INFO     MR   : 881.109522
2025-07-06 08:48:59 INFO     MRR  : 0.187151
2025-07-06 08:48:59 INFO     -------------------------
2025-07-06 08:48:59 INFO     | Iteration: 3/5
2025-07-06 08:48:59 INFO     -------------------------
2025-07-06 08:48:59 INFO     >>>>> Predictor: Training
2025-07-06 08:53:06 INFO     1000 5959 4.613921 69288.6
2025-07-06 08:57:13 INFO     2000 5959 4.617892 69288.6
2025-07-06 09:01:21 INFO     3000 5959 4.606260 69340.6
2025-07-06 09:05:29 INFO     4000 5959 4.615699 69271.3
2025-07-06 09:09:36 INFO     5000 5959 4.637353 69219.2
2025-07-06 09:13:34 INFO     >>>>> Predictor: Evaluating on valid
2025-07-06 09:14:35 INFO     Data : 2077
2025-07-06 09:14:35 INFO     Hit1 : 0.089071
2025-07-06 09:14:35 INFO     Hit3 : 0.176697
2025-07-06 09:14:35 INFO     Hit10: 0.300915
2025-07-06 09:14:35 INFO     MR   : 937.521907
2025-07-06 09:14:35 INFO     MRR  : 0.158390
2025-07-06 09:14:35 INFO     >>>>> Predictor: Evaluating on test
2025-07-06 09:15:43 INFO     Data : 2342
2025-07-06 09:15:43 INFO     Hit1 : 0.113578
2025-07-06 09:15:43 INFO     Hit3 : 0.195986
2025-07-06 09:15:43 INFO     Hit10: 0.317677
2025-07-06 09:15:43 INFO     MR   : 863.710077
2025-07-06 09:15:43 INFO     MRR  : 0.178806
2025-07-06 09:15:43 INFO     -------------------------
2025-07-06 09:15:43 INFO     | Iteration: 4/5
2025-07-06 09:15:43 INFO     -------------------------
2025-07-06 09:15:43 INFO     >>>>> Predictor: Training
2025-07-06 09:19:51 INFO     1000 5959 4.591063 69340.6
2025-07-06 09:23:58 INFO     2000 5959 4.560011 69184.5
2025-07-06 09:28:06 INFO     3000 5959 4.624345 69253.9
2025-07-06 09:32:13 INFO     4000 5959 4.601113 69340.6
2025-07-06 09:36:23 INFO     5000 5959 4.597158 69384.0
2025-07-06 09:40:29 INFO     >>>>> Predictor: Evaluating on valid
2025-07-06 09:41:32 INFO     Data : 2077
2025-07-06 09:41:32 INFO     Hit1 : 0.097737
2025-07-06 09:41:32 INFO     Hit3 : 0.184882
2025-07-06 09:41:32 INFO     Hit10: 0.309100
2025-07-06 09:41:32 INFO     MR   : 929.031054
2025-07-06 09:41:32 INFO     MRR  : 0.167075
2025-07-06 09:41:32 INFO     >>>>> Predictor: Evaluating on test
2025-07-06 09:42:44 INFO     Data : 2342
2025-07-06 09:42:44 INFO     Hit1 : 0.122545
2025-07-06 09:42:44 INFO     Hit3 : 0.208369
2025-07-06 09:42:44 INFO     Hit10: 0.318531
2025-07-06 09:42:44 INFO     MR   : 859.864219
2025-07-06 09:42:44 INFO     MRR  : 0.188847
2025-07-06 09:42:44 INFO     -------------------------
2025-07-06 09:42:44 INFO     | Iteration: 5/5
2025-07-06 09:42:44 INFO     -------------------------
2025-07-06 09:42:44 INFO     >>>>> Predictor: Training
2025-07-06 09:47:00 INFO     1000 5959 4.601170 69323.3
2025-07-06 09:51:17 INFO     2000 5959 4.581573 69332.0
2025-07-06 09:55:33 INFO     3000 5959 4.613970 69219.2
2025-07-06 09:59:49 INFO     4000 5959 4.610388 69297.3
2025-07-06 10:04:00 INFO     5000 5959 4.574325 69332.0
2025-07-06 10:07:58 INFO     >>>>> Predictor: Evaluating on valid
2025-07-06 10:08:59 INFO     Data : 2077
2025-07-06 10:08:59 INFO     Hit1 : 0.094848
2025-07-06 10:08:59 INFO     Hit3 : 0.185845
2025-07-06 10:08:59 INFO     Hit10: 0.314877
2025-07-06 10:08:59 INFO     MR   : 919.474723
2025-07-06 10:08:59 INFO     MRR  : 0.166349
2025-07-06 10:08:59 INFO     >>>>> Predictor: Evaluating on test
2025-07-06 10:10:08 INFO     Data : 2342
2025-07-06 10:10:08 INFO     Hit1 : 0.128523
2025-07-06 10:10:08 INFO     Hit3 : 0.206234
2025-07-06 10:10:08 INFO     Hit10: 0.318958
2025-07-06 10:10:08 INFO     MR   : 850.620196
2025-07-06 10:10:08 INFO     MRR  : 0.192149
2025-07-06 10:10:08 INFO     -------------------------
2025-07-06 10:10:08 INFO     | Final Test MRR: 0.194035
2025-07-06 10:10:08 INFO     -------------------------
