2025-07-10 15:04:14 INFO     is_soft_label: False
2025-07-10 15:04:14 INFO     is_scheduled_sampling: False
2025-07-10 15:04:14 INFO     is_test_mode: False
2025-07-10 15:04:15 INFO     Data loading | DONE!
2025-07-10 15:04:15 INFO     Using full datasets for training, validation, and testing.
2025-07-10 15:04:15 INFO     -------------------------
2025-07-10 15:04:15 INFO     | EM Iteration: 1/5
2025-07-10 15:04:15 INFO     -------------------------
2025-07-10 15:04:15 INFO     >>>>> Using miner's rule
2025-07-10 15:04:15 INFO     Predictor: read 13661 rules from list.
2025-07-10 15:04:17 INFO     Preprocess training set
2025-07-10 15:04:17 INFO     >>>>> Predictor: Evaluating on valid
2025-07-10 15:06:31 INFO     Data : 2077
2025-07-10 15:06:31 INFO     Hit1 : 0.065479
2025-07-10 15:06:31 INFO     Hit3 : 0.127106
2025-07-10 15:06:31 INFO     Hit10: 0.199326
2025-07-10 15:06:31 INFO     MR   : 1120.902022
2025-07-10 15:06:31 INFO     MRR  : 0.114382
2025-07-10 15:06:31 INFO     >>>>> Predictor: Evaluating on test
2025-07-10 15:09:01 INFO     Data : 2342
2025-07-10 15:09:01 INFO     Hit1 : 0.078992
2025-07-10 15:09:01 INFO     Hit3 : 0.124253
2025-07-10 15:09:01 INFO     Hit10: 0.208796
2025-07-10 15:09:01 INFO     MR   : 1044.269001
2025-07-10 15:09:01 INFO     MRR  : 0.122250
2025-07-10 15:09:01 INFO     >>>>> Predictor: Computing H scores of rules
2025-07-10 15:43:06 INFO     1000 5959
2025-07-10 16:17:50 INFO     2000 5959
2025-07-10 16:52:06 INFO     3000 5959
2025-07-10 17:26:31 INFO     4000 5959
2025-07-10 18:00:45 INFO     5000 5959
