2025-05-18 17:31:38 INFO     -------------------------
2025-05-18 17:31:38 INFO     | Pre-train Generator
2025-05-18 17:31:38 INFO     -------------------------
2025-05-18 17:31:38 INFO     >>>>> Generator: Training
2025-05-18 17:31:43 INFO     [E1000] Total: 1.643058 | Main: 1.659845 | Aux: 1.022676
2025-05-18 17:31:47 INFO     [E2000] Total: 1.570275 | Main: 1.570275 | Aux: 1.059192
2025-05-18 17:31:51 INFO     [E3000] Total: 1.562104 | Main: 1.562104 | Aux: 1.085715
2025-05-18 17:31:55 INFO     [E4000] Total: 1.555851 | Main: 1.555851 | Aux: 1.105886
2025-05-18 17:31:59 INFO     [E5000] Total: 1.549458 | Main: 1.549458 | Aux: 1.122566
2025-05-18 17:32:03 INFO     [E6000] Total: 1.546494 | Main: 1.546494 | Aux: 1.141758
2025-05-18 17:32:07 INFO     [E7000] Total: 1.546280 | Main: 1.546280 | Aux: 1.162009
2025-05-18 17:32:11 INFO     [E8000] Total: 1.545598 | Main: 1.545598 | Aux: 1.184543
2025-05-18 17:32:15 INFO     [E9000] Total: 1.543191 | Main: 1.543191 | Aux: 1.201229
2025-05-18 17:32:19 INFO     [E10000] Total: 1.542369 | Main: 1.542369 | Aux: 1.210144
2025-05-18 17:32:19 INFO     -------------------------
2025-05-18 17:32:19 INFO     | EM Iteration: 1/1
2025-05-18 17:32:19 INFO     -------------------------
2025-05-18 17:32:19 INFO     >>>>> Generator: Rule generation with sampling
2025-05-18 17:32:19 INFO     Predictor: read 175 rules from list.
2025-05-18 17:32:19 INFO     Preprocess training set
2025-05-18 17:32:19 INFO     >>>>> Predictor: Training
2025-05-18 17:32:20 INFO     100 12313 8.994936 69123.8
2025-05-18 17:32:21 INFO     200 12313 8.848258 69384.0
2025-05-18 17:32:21 INFO     300 12313 8.734063 69384.0
2025-05-18 17:32:22 INFO     400 12313 8.622041 69384.0
2025-05-18 17:32:23 INFO     500 12313 8.557770 69384.0
2025-05-18 17:32:24 INFO     600 12313 8.409912 69384.0
2025-05-18 17:32:24 INFO     700 12313 8.406159 69384.0
2025-05-18 17:32:25 INFO     800 12313 8.319793 69384.0
2025-05-18 17:32:26 INFO     900 12313 8.306027 69384.0
2025-05-18 17:32:26 INFO     1000 12313 8.167428 69384.0
2025-05-18 17:32:26 INFO     >>>>> Predictor: Evaluating on valid
2025-05-18 17:32:29 INFO     Data : 3823
2025-05-18 17:32:29 INFO     Hit1 : 0.029296
2025-05-18 17:32:29 INFO     Hit3 : 0.061732
2025-05-18 17:32:29 INFO     Hit10: 0.124510
2025-05-18 17:32:29 INFO     MR   : 1173.573241
2025-05-18 17:32:29 INFO     MRR  : 0.062389
2025-05-18 17:32:29 INFO     >>>>> Predictor: Evaluating on test
2025-05-18 17:32:33 INFO     Data : 4402
2025-05-18 17:32:33 INFO     Hit1 : 0.039527
2025-05-18 17:32:33 INFO     Hit3 : 0.074057
2025-05-18 17:32:33 INFO     Hit10: 0.132667
2025-05-18 17:32:33 INFO     MR   : 1176.689687
2025-05-18 17:32:33 INFO     MRR  : 0.072268
2025-05-18 17:32:33 INFO     >>>>> Predictor: Computing H scores of rules
2025-05-18 17:32:39 INFO     1000 12313
2025-05-18 17:32:45 INFO     2000 12313
2025-05-18 17:32:51 INFO     3000 12313
2025-05-18 17:32:57 INFO     4000 12313
2025-05-18 17:33:03 INFO     5000 12313
2025-05-18 17:33:09 INFO     6000 12313
2025-05-18 17:33:16 INFO     7000 12313
2025-05-18 17:33:22 INFO     8000 12313
2025-05-18 17:33:28 INFO     9000 12313
2025-05-18 17:33:34 INFO     10000 12313
2025-05-18 17:33:40 INFO     11000 12313
2025-05-18 17:33:46 INFO     12000 12313
2025-05-18 17:33:48 INFO     >>>>> Generator: Training
2025-05-18 17:33:48 INFO     -------------------------
2025-05-18 17:33:48 INFO     | Post-train Generator
2025-05-18 17:33:48 INFO     -------------------------
2025-05-18 17:33:48 INFO     >>>>> Generator: Training
2025-05-18 17:33:51 INFO     [E1000] Total: -182.279966 | Main: -182.283973 | Aux: 1.341645
2025-05-18 17:33:51 INFO     -------------------------
2025-05-18 17:33:51 INFO     | Beam Search Best Rules
2025-05-18 17:33:51 INFO     -------------------------
2025-05-18 17:33:51 INFO     >>>>> Generator: Rule generation with beam search
2025-05-18 17:33:52 INFO     >>>>> Generator: Rule generation with beam search
2025-05-18 17:33:53 INFO     >>>>> Generator: Rule generation with beam search
2025-05-18 17:34:01 INFO     >>>>> Generator: Rule generation with beam search
2025-05-18 17:34:07 INFO     >>>>> Generator: Rule generation with beam search
2025-05-18 17:34:11 INFO     -------------------------
2025-05-18 17:34:11 INFO     | Train Final Predictor+
2025-05-18 17:34:11 INFO     -------------------------
2025-05-18 17:34:11 INFO     Predictor+: read 18420 rules from list.
2025-05-18 17:34:11 INFO     Preprocess training set
2025-05-18 17:34:11 INFO     -------------------------
2025-05-18 17:34:11 INFO     | Iteration: 1/1
2025-05-18 17:34:11 INFO     -------------------------
2025-05-18 17:34:11 INFO     >>>>> Predictor: Training
2025-05-18 17:34:42 INFO     100 12313 5.882747 69384.0
2025-05-18 17:35:14 INFO     200 12313 5.016866 69384.0
2025-05-18 17:35:45 INFO     300 12313 4.964927 69384.0
2025-05-18 17:36:17 INFO     400 12313 5.070532 69384.0
2025-05-18 17:36:49 INFO     500 12313 4.883498 69384.0
2025-05-18 17:37:20 INFO     600 12313 4.970816 69384.0
2025-05-18 17:37:51 INFO     700 12313 4.903281 69384.0
2025-05-18 17:38:21 INFO     800 12313 4.878871 69210.5
2025-05-18 17:38:52 INFO     900 12313 4.913730 69384.0
2025-05-18 17:39:22 INFO     1000 12313 5.023361 69384.0
2025-05-18 17:39:22 INFO     >>>>> Predictor: Evaluating on valid
2025-05-18 17:41:48 INFO     Data : 3823
2025-05-18 17:41:48 INFO     Hit1 : 0.047345
2025-05-18 17:41:48 INFO     Hit3 : 0.104891
2025-05-18 17:41:48 INFO     Hit10: 0.183364
2025-05-18 17:41:48 INFO     MR   : 1269.984567
2025-05-18 17:41:48 INFO     MRR  : 0.092068
2025-05-18 17:41:48 INFO     >>>>> Predictor: Evaluating on test
2025-05-18 17:44:37 INFO     Data : 4402
2025-05-18 17:44:37 INFO     Hit1 : 0.062472
2025-05-18 17:44:37 INFO     Hit3 : 0.114948
2025-05-18 17:44:37 INFO     Hit10: 0.182871
2025-05-18 17:44:37 INFO     MR   : 1272.327465
2025-05-18 17:44:37 INFO     MRR  : 0.102831
2025-05-18 17:44:37 INFO     Save checkpoint to results/semmeddb/multitask/schedule_sm/predictor.pt
2025-05-18 17:44:37 INFO     -------------------------
2025-05-18 17:44:37 INFO     | Final Test MRR: 0.102831
2025-05-18 17:44:37 INFO     -------------------------
