2025-07-09 05:48:22 INFO     is_soft_label: False
2025-07-09 05:48:22 INFO     is_scheduled_sampling: False
2025-07-09 05:48:22 INFO     is_test_mode: False
2025-07-09 05:48:22 INFO     Data loading | DONE!
2025-07-09 05:48:22 INFO     Using full datasets for training, validation, and testing.
2025-07-09 05:48:29 INFO     -------------------------
2025-07-09 05:48:29 INFO     | EM Iteration: 1/5
2025-07-09 05:48:29 INFO     -------------------------
2025-07-09 05:48:29 INFO     >>>>> Using miner's rule
2025-07-09 05:48:29 INFO     Predictor: read 13661 rules from list.
2025-07-09 05:48:31 INFO     Preprocess training set
2025-07-09 05:48:31 INFO     >>>>> Predictor: Evaluating on valid
2025-07-09 05:50:48 INFO     Data : 2077
2025-07-09 05:50:48 INFO     Hit1 : 0.065479
2025-07-09 05:50:48 INFO     Hit3 : 0.127106
2025-07-09 05:50:48 INFO     Hit10: 0.199326
2025-07-09 05:50:48 INFO     MR   : 1120.902022
2025-07-09 05:50:48 INFO     MRR  : 0.114382
2025-07-09 05:50:48 INFO     >>>>> Predictor: Evaluating on test
2025-07-09 05:53:22 INFO     Data : 2342
2025-07-09 05:53:22 INFO     Hit1 : 0.078992
2025-07-09 05:53:22 INFO     Hit3 : 0.124253
2025-07-09 05:53:22 INFO     Hit10: 0.208796
2025-07-09 05:53:22 INFO     MR   : 1044.269001
2025-07-09 05:53:22 INFO     MRR  : 0.122250
2025-07-09 05:53:22 INFO     >>>>> Predictor: Computing H scores of rules
2025-07-09 06:28:22 INFO     1000 5959
2025-07-09 07:03:54 INFO     2000 5959
2025-07-09 07:38:52 INFO     3000 5959
2025-07-09 08:14:04 INFO     4000 5959
2025-07-09 08:49:00 INFO     5000 5959
2025-07-09 09:24:46 INFO     >>>>> Generator: Training
2025-07-09 09:24:56 INFO     -------------------------
2025-07-09 09:24:56 INFO     | EM Iteration: 2/5
2025-07-09 09:24:56 INFO     -------------------------
2025-07-09 09:24:56 INFO     >>>>> Using Generator's sample rule
2025-07-09 09:24:56 INFO     >>>>> Generator: Rule generation with sampling
2025-07-09 09:24:56 INFO     Predictor: read 1910 rules from list.
2025-07-09 09:24:56 INFO     Preprocess training set
2025-07-09 09:24:56 INFO     >>>>> Predictor: Training
2025-07-09 09:26:03 INFO     1000 5959 8.778157 69314.6
2025-07-09 09:27:10 INFO     2000 5959 8.373362 69271.3
2025-07-09 09:28:19 INFO     3000 5959 8.155292 69245.2
2025-07-09 09:29:27 INFO     4000 5959 7.971729 69340.6
2025-07-09 09:30:34 INFO     5000 5959 7.795274 69340.6
2025-07-09 09:31:38 INFO     >>>>> Predictor: Evaluating on valid
2025-07-09 09:31:55 INFO     Data : 2077
2025-07-09 09:31:55 INFO     Hit1 : 0.018296
2025-07-09 09:31:55 INFO     Hit3 : 0.033221
2025-07-09 09:31:55 INFO     Hit10: 0.058257
2025-07-09 09:31:55 INFO     MR   : 1436.136013
2025-07-09 09:31:55 INFO     MRR  : 0.034028
2025-07-09 09:31:55 INFO     >>>>> Predictor: Evaluating on test
2025-07-09 09:32:14 INFO     Data : 2342
2025-07-09 09:32:14 INFO     Hit1 : 0.017079
2025-07-09 09:32:14 INFO     Hit3 : 0.033305
2025-07-09 09:32:14 INFO     Hit10: 0.060205
2025-07-09 09:32:14 INFO     MR   : 1332.858668
2025-07-09 09:32:14 INFO     MRR  : 0.034068
2025-07-09 09:32:14 INFO     >>>>> Predictor: Computing H scores of rules
2025-07-09 09:35:33 INFO     1000 5959
2025-07-09 09:38:52 INFO     2000 5959
2025-07-09 09:42:10 INFO     3000 5959
2025-07-09 09:45:30 INFO     4000 5959
2025-07-09 09:48:48 INFO     5000 5959
2025-07-09 09:52:00 INFO     >>>>> Generator: Training
2025-07-09 09:52:10 INFO     -------------------------
2025-07-09 09:52:10 INFO     | EM Iteration: 3/5
2025-07-09 09:52:10 INFO     -------------------------
2025-07-09 09:52:10 INFO     >>>>> Using Generator's sample rule
2025-07-09 09:52:10 INFO     >>>>> Generator: Rule generation with sampling
2025-07-09 09:52:10 INFO     Predictor: read 1911 rules from list.
2025-07-09 09:52:10 INFO     Preprocess training set
2025-07-09 09:52:10 INFO     >>>>> Predictor: Training
2025-07-09 09:53:19 INFO     1000 5959 8.801265 69332.0
2025-07-09 09:54:28 INFO     2000 5959 8.440395 69349.3
2025-07-09 09:55:35 INFO     3000 5959 8.212881 69184.5
2025-07-09 09:56:41 INFO     4000 5959 8.007957 69253.9
2025-07-09 09:57:49 INFO     5000 5959 7.911519 69332.0
2025-07-09 09:58:55 INFO     >>>>> Predictor: Evaluating on valid
2025-07-09 09:59:10 INFO     Data : 2077
2025-07-09 09:59:10 INFO     Hit1 : 0.013962
2025-07-09 09:59:10 INFO     Hit3 : 0.021666
2025-07-09 09:59:10 INFO     Hit10: 0.033221
2025-07-09 09:59:10 INFO     MR   : 1494.689215
2025-07-09 09:59:10 INFO     MRR  : 0.023842
2025-07-09 09:59:10 INFO     >>>>> Predictor: Evaluating on test
2025-07-09 09:59:29 INFO     Data : 2342
2025-07-09 09:59:29 INFO     Hit1 : 0.013664
2025-07-09 09:59:29 INFO     Hit3 : 0.019641
2025-07-09 09:59:29 INFO     Hit10: 0.028181
2025-07-09 09:59:29 INFO     MR   : 1378.732494
2025-07-09 09:59:29 INFO     MRR  : 0.022659
2025-07-09 09:59:29 INFO     >>>>> Predictor: Computing H scores of rules
2025-07-09 10:02:48 INFO     1000 5959
2025-07-09 10:06:07 INFO     2000 5959
2025-07-09 10:09:25 INFO     3000 5959
2025-07-09 10:12:44 INFO     4000 5959
2025-07-09 10:16:04 INFO     5000 5959
2025-07-09 10:19:17 INFO     >>>>> Generator: Training
2025-07-09 10:19:26 INFO     -------------------------
2025-07-09 10:19:26 INFO     | EM Iteration: 4/5
2025-07-09 10:19:26 INFO     -------------------------
2025-07-09 10:19:26 INFO     >>>>> Using Generator's sample rule
2025-07-09 10:19:26 INFO     >>>>> Generator: Rule generation with sampling
2025-07-09 10:19:26 INFO     Predictor: read 1928 rules from list.
2025-07-09 10:19:26 INFO     Preprocess training set
2025-07-09 10:19:26 INFO     >>>>> Predictor: Training
2025-07-09 10:20:34 INFO     1000 5959 8.787526 69271.3
2025-07-09 10:21:42 INFO     2000 5959 8.406225 69340.6
2025-07-09 10:22:49 INFO     3000 5959 8.140257 69384.0
2025-07-09 10:23:56 INFO     4000 5959 7.958239 69262.6
2025-07-09 10:25:05 INFO     5000 5959 7.799243 69332.0
2025-07-09 10:26:10 INFO     >>>>> Predictor: Evaluating on valid
2025-07-09 10:26:26 INFO     Data : 2077
2025-07-09 10:26:26 INFO     Hit1 : 0.010592
2025-07-09 10:26:26 INFO     Hit3 : 0.025036
2025-07-09 10:26:26 INFO     Hit10: 0.046702
2025-07-09 10:26:26 INFO     MR   : 1480.435243
2025-07-09 10:26:26 INFO     MRR  : 0.025936
2025-07-09 10:26:26 INFO     >>>>> Predictor: Evaluating on test
2025-07-09 10:26:45 INFO     Data : 2342
2025-07-09 10:26:45 INFO     Hit1 : 0.008967
2025-07-09 10:26:45 INFO     Hit3 : 0.020495
2025-07-09 10:26:45 INFO     Hit10: 0.041418
2025-07-09 10:26:45 INFO     MR   : 1366.691716
2025-07-09 10:26:45 INFO     MRR  : 0.023178
2025-07-09 10:26:45 INFO     >>>>> Predictor: Computing H scores of rules
2025-07-09 10:30:04 INFO     1000 5959
2025-07-09 10:33:22 INFO     2000 5959
2025-07-09 10:36:42 INFO     3000 5959
2025-07-09 10:40:01 INFO     4000 5959
2025-07-09 10:43:20 INFO     5000 5959
2025-07-09 10:46:33 INFO     >>>>> Generator: Training
2025-07-09 10:46:42 INFO     -------------------------
2025-07-09 10:46:42 INFO     | EM Iteration: 5/5
2025-07-09 10:46:42 INFO     -------------------------
2025-07-09 10:46:42 INFO     >>>>> Using Generator's sample rule
2025-07-09 10:46:42 INFO     >>>>> Generator: Rule generation with sampling
2025-07-09 10:46:43 INFO     Predictor: read 1954 rules from list.
2025-07-09 10:46:43 INFO     Preprocess training set
2025-07-09 10:46:43 INFO     >>>>> Predictor: Training
2025-07-09 10:47:54 INFO     1000 5959 8.823308 69332.0
2025-07-09 10:49:03 INFO     2000 5959 8.494090 69349.3
2025-07-09 10:50:12 INFO     3000 5959 8.288943 69340.6
2025-07-09 10:51:20 INFO     4000 5959 8.136858 69297.3
2025-07-09 10:52:30 INFO     5000 5959 8.034986 69219.2
2025-07-09 10:53:36 INFO     >>>>> Predictor: Evaluating on valid
2025-07-09 10:53:52 INFO     Data : 2077
2025-07-09 10:53:52 INFO     Hit1 : 0.024073
2025-07-09 10:53:52 INFO     Hit3 : 0.051035
2025-07-09 10:53:52 INFO     Hit10: 0.077997
2025-07-09 10:53:52 INFO     MR   : 1449.804526
2025-07-09 10:53:52 INFO     MRR  : 0.046191
2025-07-09 10:53:52 INFO     >>>>> Predictor: Evaluating on test
2025-07-09 10:54:11 INFO     Data : 2342
2025-07-09 10:54:11 INFO     Hit1 : 0.029035
2025-07-09 10:54:11 INFO     Hit3 : 0.052092
2025-07-09 10:54:11 INFO     Hit10: 0.077711
2025-07-09 10:54:11 INFO     MR   : 1350.263023
2025-07-09 10:54:11 INFO     MRR  : 0.049494
2025-07-09 10:54:11 INFO     >>>>> Predictor: Computing H scores of rules
2025-07-09 10:57:30 INFO     1000 5959
2025-07-09 11:00:49 INFO     2000 5959
2025-07-09 11:04:09 INFO     3000 5959
2025-07-09 11:07:28 INFO     4000 5959
2025-07-09 11:10:48 INFO     5000 5959
2025-07-09 11:14:01 INFO     >>>>> Generator: Training
2025-07-09 11:14:10 INFO     -------------------------
2025-07-09 11:14:10 INFO     | Post-train Generator
2025-07-09 11:14:10 INFO     -------------------------
2025-07-09 11:14:12 INFO     >>>>> Generator: Training
2025-07-09 11:15:43 INFO     [E01000] Total 2.969022 | Main 2.887865 | RelClus 1.704564 | EntType 2.848607
2025-07-09 11:15:43 INFO     -------------------------
2025-07-09 11:15:43 INFO     | Beam Search Best Rules
2025-07-09 11:15:43 INFO     -------------------------
2025-07-09 11:15:43 INFO     >>>>> Generator: Rule generation with beam search
2025-07-09 11:15:44 INFO     >>>>> Generator: Rule generation with beam search
2025-07-09 11:15:50 INFO     >>>>> Generator: Rule generation with beam search
2025-07-09 11:17:08 INFO     >>>>> Generator: Rule generation with beam search
2025-07-09 11:18:12 INFO     >>>>> Generator: Rule generation with beam search
2025-07-09 11:18:56 INFO     -------------------------
2025-07-09 11:18:56 INFO     | Train Final Predictor+
2025-07-09 11:18:56 INFO     -------------------------
2025-07-09 11:18:56 INFO     Predictor+: read 18420 rules from list.
2025-07-09 11:18:56 INFO     Preprocess training set
2025-07-09 11:18:56 INFO     -------------------------
2025-07-09 11:18:56 INFO     | Iteration: 1/5
2025-07-09 11:18:56 INFO     -------------------------
2025-07-09 11:18:56 INFO     >>>>> Predictor: Training
2025-07-09 11:24:03 INFO     1000 5959 4.896939 69271.3
2025-07-09 11:29:12 INFO     2000 5959 4.725171 69332.0
2025-07-09 11:34:17 INFO     3000 5959 4.707441 69375.3
2025-07-09 11:39:25 INFO     4000 5959 4.710853 69279.9
2025-07-09 11:44:34 INFO     5000 5959 4.678752 69349.3
2025-07-09 11:49:29 INFO     >>>>> Predictor: Evaluating on valid
2025-07-09 11:50:45 INFO     Data : 2077
2025-07-09 11:50:45 INFO     Hit1 : 0.101107
2025-07-09 11:50:45 INFO     Hit3 : 0.184882
2025-07-09 11:50:45 INFO     Hit10: 0.312470
2025-07-09 11:50:45 INFO     MR   : 984.761916
2025-07-09 11:50:45 INFO     MRR  : 0.168324
2025-07-09 11:50:45 INFO     >>>>> Predictor: Evaluating on test
2025-07-09 11:52:11 INFO     Data : 2342
2025-07-09 11:52:11 INFO     Hit1 : 0.128096
2025-07-09 11:52:11 INFO     Hit3 : 0.204526
2025-07-09 11:52:11 INFO     Hit10: 0.312980
2025-07-09 11:52:11 INFO     MR   : 920.788856
2025-07-09 11:52:11 INFO     MRR  : 0.189002
2025-07-09 11:52:11 INFO     Save checkpoint to results/semmeddb/10_times_each/cluster_k/3_20250709_054819/predictor.pt
2025-07-09 11:52:11 INFO     -------------------------
2025-07-09 11:52:11 INFO     | Iteration: 2/5
2025-07-09 11:52:11 INFO     -------------------------
2025-07-09 11:52:11 INFO     >>>>> Predictor: Training
2025-07-09 11:57:21 INFO     1000 5959 4.601797 69366.7
2025-07-09 12:02:31 INFO     2000 5959 4.650220 69375.3
2025-07-09 12:07:39 INFO     3000 5959 4.638875 69219.2
2025-07-09 12:12:51 INFO     4000 5959 4.652387 69305.9
2025-07-09 12:17:59 INFO     5000 5959 4.616041 69288.6
2025-07-09 12:22:58 INFO     >>>>> Predictor: Evaluating on valid
2025-07-09 12:24:14 INFO     Data : 2077
2025-07-09 12:24:14 INFO     Hit1 : 0.095330
2025-07-09 12:24:14 INFO     Hit3 : 0.187771
2025-07-09 12:24:14 INFO     Hit10: 0.315359
2025-07-09 12:24:14 INFO     MR   : 951.340395
2025-07-09 12:24:14 INFO     MRR  : 0.166960
2025-07-09 12:24:14 INFO     >>>>> Predictor: Evaluating on test
2025-07-09 12:25:40 INFO     Data : 2342
2025-07-09 12:25:40 INFO     Hit1 : 0.128096
2025-07-09 12:25:40 INFO     Hit3 : 0.209650
2025-07-09 12:25:40 INFO     Hit10: 0.317677
2025-07-09 12:25:40 INFO     MR   : 883.189155
2025-07-09 12:25:40 INFO     MRR  : 0.192335
2025-07-09 12:25:40 INFO     -------------------------
2025-07-09 12:25:40 INFO     | Iteration: 3/5
2025-07-09 12:25:40 INFO     -------------------------
2025-07-09 12:25:40 INFO     >>>>> Predictor: Training
2025-07-09 12:30:46 INFO     1000 5959 4.615644 69288.6
2025-07-09 12:35:52 INFO     2000 5959 4.617394 69288.6
2025-07-09 12:40:58 INFO     3000 5959 4.605588 69340.6
2025-07-09 12:46:05 INFO     4000 5959 4.612812 69271.3
2025-07-09 12:51:13 INFO     5000 5959 4.636628 69219.2
2025-07-09 12:56:09 INFO     >>>>> Predictor: Evaluating on valid
2025-07-09 12:57:24 INFO     Data : 2077
2025-07-09 12:57:24 INFO     Hit1 : 0.089552
2025-07-09 12:57:24 INFO     Hit3 : 0.176697
2025-07-09 12:57:24 INFO     Hit10: 0.299470
2025-07-09 12:57:24 INFO     MR   : 938.818729
2025-07-09 12:57:24 INFO     MRR  : 0.160445
2025-07-09 12:57:24 INFO     >>>>> Predictor: Evaluating on test
2025-07-09 12:58:49 INFO     Data : 2342
2025-07-09 12:58:49 INFO     Hit1 : 0.114432
2025-07-09 12:58:49 INFO     Hit3 : 0.198121
2025-07-09 12:58:49 INFO     Hit10: 0.315542
2025-07-09 12:58:49 INFO     MR   : 865.678480
2025-07-09 12:58:49 INFO     MRR  : 0.179435
2025-07-09 12:58:49 INFO     -------------------------
2025-07-09 12:58:49 INFO     | Iteration: 4/5
2025-07-09 12:58:49 INFO     -------------------------
2025-07-09 12:58:49 INFO     >>>>> Predictor: Training
2025-07-09 13:03:56 INFO     1000 5959 4.592213 69340.6
2025-07-09 13:09:02 INFO     2000 5959 4.562135 69184.5
2025-07-09 13:14:09 INFO     3000 5959 4.623528 69253.9
2025-07-09 13:19:17 INFO     4000 5959 4.599169 69340.6
2025-07-09 13:24:25 INFO     5000 5959 4.597482 69384.0
2025-07-09 13:29:19 INFO     >>>>> Predictor: Evaluating on valid
2025-07-09 13:30:35 INFO     Data : 2077
2025-07-09 13:30:35 INFO     Hit1 : 0.096774
2025-07-09 13:30:35 INFO     Hit3 : 0.181993
2025-07-09 13:30:35 INFO     Hit10: 0.314396
2025-07-09 13:30:35 INFO     MR   : 933.326914
2025-07-09 13:30:35 INFO     MRR  : 0.165899
2025-07-09 13:30:35 INFO     >>>>> Predictor: Evaluating on test
2025-07-09 13:32:00 INFO     Data : 2342
2025-07-09 13:32:00 INFO     Hit1 : 0.128096
2025-07-09 13:32:00 INFO     Hit3 : 0.210504
2025-07-09 13:32:00 INFO     Hit10: 0.318104
2025-07-09 13:32:00 INFO     MR   : 862.104825
2025-07-09 13:32:00 INFO     MRR  : 0.191644
2025-07-09 13:32:00 INFO     -------------------------
2025-07-09 13:32:00 INFO     | Iteration: 5/5
2025-07-09 13:32:00 INFO     -------------------------
2025-07-09 13:32:00 INFO     >>>>> Predictor: Training
2025-07-09 13:37:08 INFO     1000 5959 4.602725 69323.3
2025-07-09 13:42:14 INFO     2000 5959 4.582083 69332.0
2025-07-09 13:47:20 INFO     3000 5959 4.611872 69219.2
2025-07-09 13:52:27 INFO     4000 5959 4.609931 69297.3
2025-07-09 13:57:31 INFO     5000 5959 4.572607 69332.0
2025-07-09 14:02:22 INFO     >>>>> Predictor: Evaluating on valid
2025-07-09 14:03:37 INFO     Data : 2077
2025-07-09 14:03:37 INFO     Hit1 : 0.095811
2025-07-09 14:03:37 INFO     Hit3 : 0.181993
2025-07-09 14:03:37 INFO     Hit10: 0.318729
2025-07-09 14:03:37 INFO     MR   : 928.910448
2025-07-09 14:03:37 INFO     MRR  : 0.165728
2025-07-09 14:03:37 INFO     >>>>> Predictor: Evaluating on test
2025-07-09 14:05:01 INFO     Data : 2342
2025-07-09 14:05:01 INFO     Hit1 : 0.124680
2025-07-09 14:05:01 INFO     Hit3 : 0.208796
2025-07-09 14:05:01 INFO     Hit10: 0.317250
2025-07-09 14:05:01 INFO     MR   : 854.367848
2025-07-09 14:05:01 INFO     MRR  : 0.189877
2025-07-09 14:05:01 INFO     -------------------------
2025-07-09 14:05:01 INFO     | Final Test MRR: 0.189002
2025-07-09 14:05:01 INFO     -------------------------
