2025-05-06 23:44:22 INFO     Predictor: read 197 rules from list.
2025-05-06 23:47:50 INFO     Predictor+: read 18420 rules from list.
-------------------------
2025-05-06 23:43:29 INFO     >>>>> Generator: Training
2025-05-06 23:43:35 INFO     [E1000] Total: 2.101785 | Main: 2.121583 | Aux: 0.939042
2025-05-06 23:43:40 INFO     [E2000] Total: 2.072541 | Main: 2.072541 | Aux: 1.003315
2025-05-06 23:43:45 INFO     [E3000] Total: 2.063178 | Main: 2.063178 | Aux: 1.031708
2025-05-06 23:43:50 INFO     [E4000] Total: 2.056464 | Main: 2.056464 | Aux: 1.058510
2025-05-06 23:43:56 INFO     [E5000] Total: 2.051401 | Main: 2.051401 | Aux: 1.084365
2025-05-06 23:44:01 INFO     [E6000] Total: 2.046239 | Main: 2.046239 | Aux: 1.111447
2025-05-06 23:44:06 INFO     [E7000] Total: 2.043279 | Main: 2.043279 | Aux: 1.127542
2025-05-06 23:44:11 INFO     [E8000] Total: 2.042469 | Main: 2.042469 | Aux: 1.145946
2025-05-06 23:44:16 INFO     [E9000] Total: 2.039501 | Main: 2.039501 | Aux: 1.165239
2025-05-06 23:44:21 INFO     [E10000] Total: 2.038183 | Main: 2.038183 | Aux: 1.176662
2025-05-06 23:44:21 INFO     -------------------------
2025-05-06 23:44:21 INFO     | EM Iteration: 1/1
2025-05-06 23:44:21 INFO     -------------------------
2025-05-06 23:44:21 INFO     >>>>> Generator: Rule generation with sampling
2025-05-06 23:44:22 INFO     Predictor: read 197 rules from list.
2025-05-06 23:44:22 INFO     Initializing distributed process group
2025-05-06 23:44:22 INFO     Preprocess training set
2025-05-06 23:44:22 INFO     >>>>> Predictor: Training
2025-05-06 23:44:23 INFO     100 11892 11.184451 606488.0
2025-05-06 23:44:24 INFO     200 11892 11.091822 606488.0
2025-05-06 23:44:25 INFO     300 11892 11.018049 606488.0
2025-05-06 23:44:26 INFO     400 11892 10.935402 606488.0
2025-05-06 23:44:28 INFO     500 11892 10.819965 606488.0
2025-05-06 23:44:29 INFO     600 11892 10.778507 606488.0
2025-05-06 23:44:30 INFO     700 11892 10.726256 606488.0
2025-05-06 23:44:31 INFO     800 11892 10.681020 606488.0
2025-05-06 23:44:32 INFO     900 11892 10.619800 606488.0
2025-05-06 23:44:33 INFO     1000 11892 10.599034 606488.0
2025-05-06 23:44:33 INFO     >>>>> Predictor: Evaluating on valid
2025-05-06 23:45:11 INFO     Data : 21135
2025-05-06 23:45:11 INFO     Hit1 : 0.009128
2025-05-06 23:45:11 INFO     Hit3 : 0.018730
2025-05-06 23:45:11 INFO     Hit10: 0.038358
2025-05-06 23:45:11 INFO     MR   : 13992.144090
2025-05-06 23:45:11 INFO     MRR  : 0.020393
2025-05-06 23:45:11 INFO     >>>>> Predictor: Evaluating on test
2025-05-06 23:45:28 INFO     Data : 10871
2025-05-06 23:45:28 INFO     Hit1 : 0.007905
2025-05-06 23:45:28 INFO     Hit3 : 0.014799
2025-05-06 23:45:28 INFO     Hit10: 0.032724
2025-05-06 23:45:28 INFO     MR   : 12739.070641
2025-05-06 23:45:28 INFO     MRR  : 0.018115
2025-05-06 23:45:28 INFO     >>>>> Predictor: Computing H scores of rules
2025-05-06 23:45:37 INFO     1000 11892
2025-05-06 23:45:46 INFO     2000 11892
2025-05-06 23:45:55 INFO     3000 11892
2025-05-06 23:46:04 INFO     4000 11892
2025-05-06 23:46:13 INFO     5000 11892
2025-05-06 23:46:22 INFO     6000 11892
2025-05-06 23:46:31 INFO     7000 11892
2025-05-06 23:46:40 INFO     8000 11892
2025-05-06 23:46:49 INFO     9000 11892
2025-05-06 23:46:58 INFO     10000 11892
2025-05-06 23:47:07 INFO     11000 11892
2025-05-06 23:47:18 INFO     >>>>> Generator: Training
2025-05-06 23:47:19 INFO     -------------------------
2025-05-06 23:47:19 INFO     | Post-train Generator
2025-05-06 23:47:19 INFO     -------------------------
2025-05-06 23:47:19 INFO     >>>>> Generator: Training
2025-05-06 23:47:23 INFO     [E1000] Total: 1.080213 | Main: 1.087869 | Aux: 1.024871
2025-05-06 23:47:23 INFO     -------------------------
2025-05-06 23:47:23 INFO     | Beam Search Best Rules
2025-05-06 23:47:23 INFO     -------------------------
2025-05-06 23:47:23 INFO     >>>>> Generator: Rule generation with beam search
2025-05-06 23:47:23 INFO     >>>>> Generator: Rule generation with beam search
2025-05-06 23:47:25 INFO     >>>>> Generator: Rule generation with beam search
2025-05-06 23:47:37 INFO     >>>>> Generator: Rule generation with beam search
2025-05-06 23:47:45 INFO     >>>>> Generator: Rule generation with beam search
2025-05-06 23:47:50 INFO     -------------------------
2025-05-06 23:47:50 INFO     | Train Final Predictor+
2025-05-06 23:47:50 INFO     -------------------------
2025-05-06 23:47:50 INFO     Predictor+: read 18420 rules from list.
2025-05-06 23:47:50 INFO     Preprocess training set
2025-05-06 23:47:50 INFO     -------------------------
2025-05-06 23:47:50 INFO     | Iteration: 1/1
2025-05-06 23:47:50 INFO     -------------------------
2025-05-06 23:47:50 INFO     >>>>> Predictor: Training
2025-05-06 23:48:38 INFO     100 11892 8.369655 606488.0
2025-05-06 23:49:25 INFO     200 11892 7.230584 606488.0
2025-05-06 23:50:12 INFO     300 11892 7.220247 605729.9
2025-05-06 23:50:59 INFO     400 11892 6.944411 606488.0
