2025-07-18 17:14:56 INFO     is_soft_label: False
2025-07-18 17:14:56 INFO     is_scheduled_sampling: False
2025-07-18 17:14:56 INFO     is_test_mode: False
2025-07-18 17:14:57 INFO     Data loading | DONE!
2025-07-18 17:14:57 INFO     Using full datasets for training, validation, and testing.
2025-07-18 17:14:57 INFO     -------------------------
2025-07-18 17:14:57 INFO     | EM Iteration: 1/5
2025-07-18 17:14:57 INFO     -------------------------
2025-07-18 17:14:57 INFO     >>>>> Using miner's rule
2025-07-18 17:14:57 INFO     Predictor: read 13661 rules from list.
2025-07-18 17:14:58 INFO     Preprocess training set
2025-07-18 17:14:58 INFO     >>>>> Predictor: Evaluating on valid
2025-07-18 17:17:07 INFO     Data : 2077
2025-07-18 17:17:07 INFO     Hit1 : 0.065479
2025-07-18 17:17:07 INFO     Hit3 : 0.127106
2025-07-18 17:17:07 INFO     Hit10: 0.199326
2025-07-18 17:17:07 INFO     MR   : 1120.902022
2025-07-18 17:17:07 INFO     MRR  : 0.114382
2025-07-18 17:17:07 INFO     >>>>> Predictor: Evaluating on test
2025-07-18 17:19:35 INFO     Data : 2342
2025-07-18 17:19:35 INFO     Hit1 : 0.078992
2025-07-18 17:19:35 INFO     Hit3 : 0.124253
2025-07-18 17:19:35 INFO     Hit10: 0.208796
2025-07-18 17:19:35 INFO     MR   : 1044.269001
2025-07-18 17:19:35 INFO     MRR  : 0.122250
2025-07-18 17:19:35 INFO     >>>>> Predictor: Computing H scores of rules
2025-07-18 17:52:51 INFO     1000 5959
2025-07-18 18:26:44 INFO     2000 5959
2025-07-18 19:00:14 INFO     3000 5959
2025-07-18 19:33:54 INFO     4000 5959
2025-07-18 20:07:21 INFO     5000 5959
2025-07-18 20:41:31 INFO     >>>>> Generator: Training
2025-07-18 20:41:37 INFO     -------------------------
2025-07-18 20:41:37 INFO     | EM Iteration: 2/5
2025-07-18 20:41:37 INFO     -------------------------
2025-07-18 20:41:37 INFO     >>>>> Using Generator's sample rule
2025-07-18 20:41:37 INFO     >>>>> Generator: Rule generation with sampling
2025-07-18 20:41:37 INFO     Predictor: read 1904 rules from list.
2025-07-18 20:41:37 INFO     Preprocess training set
2025-07-18 20:41:37 INFO     >>>>> Predictor: Training
2025-07-18 20:42:37 INFO     1000 5959 8.782312 69314.6
2025-07-18 20:43:37 INFO     2000 5959 8.410004 69271.3
2025-07-18 20:44:38 INFO     3000 5959 8.219053 69245.2
2025-07-18 20:45:39 INFO     4000 5959 8.065449 69340.6
2025-07-18 20:46:40 INFO     5000 5959 7.940880 69340.6
2025-07-18 20:47:38 INFO     >>>>> Predictor: Evaluating on valid
2025-07-18 20:47:49 INFO     Data : 2077
2025-07-18 20:47:49 INFO     Hit1 : 0.025036
2025-07-18 20:47:49 INFO     Hit3 : 0.040924
2025-07-18 20:47:49 INFO     Hit10: 0.064035
2025-07-18 20:47:49 INFO     MR   : 1407.828117
2025-07-18 20:47:49 INFO     MRR  : 0.041154
2025-07-18 20:47:49 INFO     >>>>> Predictor: Evaluating on test
2025-07-18 20:48:01 INFO     Data : 2342
2025-07-18 20:48:01 INFO     Hit1 : 0.019641
2025-07-18 20:48:01 INFO     Hit3 : 0.030743
2025-07-18 20:48:01 INFO     Hit10: 0.056362
2025-07-18 20:48:01 INFO     MR   : 1317.205807
2025-07-18 20:48:01 INFO     MRR  : 0.034766
2025-07-18 20:48:01 INFO     >>>>> Predictor: Computing H scores of rules
2025-07-18 20:50:40 INFO     1000 5959
2025-07-18 20:53:20 INFO     2000 5959
2025-07-18 20:55:59 INFO     3000 5959
2025-07-18 20:58:39 INFO     4000 5959
2025-07-18 21:01:19 INFO     5000 5959
2025-07-18 21:03:56 INFO     >>>>> Generator: Training
2025-07-18 21:04:02 INFO     -------------------------
2025-07-18 21:04:02 INFO     | EM Iteration: 3/5
2025-07-18 21:04:02 INFO     -------------------------
2025-07-18 21:04:02 INFO     >>>>> Using Generator's sample rule
2025-07-18 21:04:02 INFO     >>>>> Generator: Rule generation with sampling
2025-07-18 21:04:02 INFO     Predictor: read 1877 rules from list.
2025-07-18 21:04:02 INFO     Preprocess training set
2025-07-18 21:04:02 INFO     >>>>> Predictor: Training
2025-07-18 21:05:02 INFO     1000 5959 8.809976 69332.0
2025-07-18 21:06:02 INFO     2000 5959 8.469537 69349.3
2025-07-18 21:07:02 INFO     3000 5959 8.254404 69184.5
2025-07-18 21:08:02 INFO     4000 5959 8.080450 69253.9
2025-07-18 21:09:02 INFO     5000 5959 7.983767 69332.0
2025-07-18 21:10:00 INFO     >>>>> Predictor: Evaluating on valid
2025-07-18 21:10:11 INFO     Data : 2077
2025-07-18 21:10:11 INFO     Hit1 : 0.010592
2025-07-18 21:10:11 INFO     Hit3 : 0.025999
2025-07-18 21:10:11 INFO     Hit10: 0.051035
2025-07-18 21:10:11 INFO     MR   : 1450.381801
2025-07-18 21:10:11 INFO     MRR  : 0.026797
2025-07-18 21:10:11 INFO     >>>>> Predictor: Evaluating on test
2025-07-18 21:10:23 INFO     Data : 2342
2025-07-18 21:10:23 INFO     Hit1 : 0.014091
2025-07-18 21:10:23 INFO     Hit3 : 0.024765
2025-07-18 21:10:23 INFO     Hit10: 0.047395
2025-07-18 21:10:23 INFO     MR   : 1340.377455
2025-07-18 21:10:23 INFO     MRR  : 0.028016
2025-07-18 21:10:23 INFO     >>>>> Predictor: Computing H scores of rules
2025-07-18 21:13:00 INFO     1000 5959
2025-07-18 21:15:37 INFO     2000 5959
2025-07-18 21:18:14 INFO     3000 5959
2025-07-18 21:20:52 INFO     4000 5959
2025-07-18 21:23:29 INFO     5000 5959
2025-07-18 21:26:02 INFO     >>>>> Generator: Training
2025-07-18 21:26:08 INFO     -------------------------
2025-07-18 21:26:08 INFO     | EM Iteration: 4/5
2025-07-18 21:26:08 INFO     -------------------------
2025-07-18 21:26:08 INFO     >>>>> Using Generator's sample rule
2025-07-18 21:26:08 INFO     >>>>> Generator: Rule generation with sampling
2025-07-18 21:26:08 INFO     Predictor: read 1847 rules from list.
2025-07-18 21:26:08 INFO     Preprocess training set
2025-07-18 21:26:08 INFO     >>>>> Predictor: Training
2025-07-18 21:27:08 INFO     1000 5959 8.791110 69271.3
2025-07-18 21:28:06 INFO     2000 5959 8.404539 69340.6
2025-07-18 21:29:04 INFO     3000 5959 8.137731 69384.0
2025-07-18 21:30:03 INFO     4000 5959 7.963986 69262.6
2025-07-18 21:30:57 INFO     5000 5959 7.819836 69332.0
2025-07-18 21:31:53 INFO     >>>>> Predictor: Evaluating on valid
2025-07-18 21:32:04 INFO     Data : 2077
2025-07-18 21:32:04 INFO     Hit1 : 0.006259
2025-07-18 21:32:04 INFO     Hit3 : 0.018296
2025-07-18 21:32:04 INFO     Hit10: 0.036110
2025-07-18 21:32:04 INFO     MR   : 1486.285749
2025-07-18 21:32:04 INFO     MRR  : 0.019680
2025-07-18 21:32:04 INFO     >>>>> Predictor: Evaluating on test
2025-07-18 21:32:16 INFO     Data : 2342
2025-07-18 21:32:16 INFO     Hit1 : 0.008540
2025-07-18 21:32:16 INFO     Hit3 : 0.018787
2025-07-18 21:32:16 INFO     Hit10: 0.035440
2025-07-18 21:32:16 INFO     MR   : 1371.789710
2025-07-18 21:32:16 INFO     MRR  : 0.020680
2025-07-18 21:32:16 INFO     >>>>> Predictor: Computing H scores of rules
2025-07-18 21:34:53 INFO     1000 5959
2025-07-18 21:37:29 INFO     2000 5959
2025-07-18 21:40:07 INFO     3000 5959
2025-07-18 21:42:42 INFO     4000 5959
2025-07-18 21:45:20 INFO     5000 5959
2025-07-18 21:47:54 INFO     >>>>> Generator: Training
2025-07-18 21:47:59 INFO     -------------------------
2025-07-18 21:47:59 INFO     | EM Iteration: 5/5
2025-07-18 21:47:59 INFO     -------------------------
2025-07-18 21:47:59 INFO     >>>>> Using Generator's sample rule
2025-07-18 21:47:59 INFO     >>>>> Generator: Rule generation with sampling
2025-07-18 21:47:59 INFO     Predictor: read 1676 rules from list.
2025-07-18 21:47:59 INFO     Preprocess training set
2025-07-18 21:47:59 INFO     >>>>> Predictor: Training
2025-07-18 21:48:52 INFO     1000 5959 8.805924 69332.0
2025-07-18 21:49:43 INFO     2000 5959 8.434382 69349.3
2025-07-18 21:50:35 INFO     3000 5959 8.182272 69340.6
2025-07-18 21:51:27 INFO     4000 5959 8.012417 69297.3
2025-07-18 21:52:16 INFO     5000 5959 7.830053 69219.2
2025-07-18 21:53:05 INFO     >>>>> Predictor: Evaluating on valid
2025-07-18 21:53:14 INFO     Data : 2077
2025-07-18 21:53:14 INFO     Hit1 : 0.029851
2025-07-18 21:53:14 INFO     Hit3 : 0.053924
2025-07-18 21:53:14 INFO     Hit10: 0.076071
2025-07-18 21:53:14 INFO     MR   : 1451.129995
2025-07-18 21:53:14 INFO     MRR  : 0.049605
2025-07-18 21:53:14 INFO     >>>>> Predictor: Evaluating on test
2025-07-18 21:53:25 INFO     Data : 2342
2025-07-18 21:53:25 INFO     Hit1 : 0.028608
2025-07-18 21:53:25 INFO     Hit3 : 0.046541
2025-07-18 21:53:25 INFO     Hit10: 0.084116
2025-07-18 21:53:25 INFO     MR   : 1334.989112
2025-07-18 21:53:25 INFO     MRR  : 0.048452
2025-07-18 21:53:25 INFO     >>>>> Predictor: Computing H scores of rules
2025-07-18 21:55:46 INFO     1000 5959
2025-07-18 21:58:07 INFO     2000 5959
2025-07-18 22:00:29 INFO     3000 5959
2025-07-18 22:02:50 INFO     4000 5959
2025-07-18 22:05:11 INFO     5000 5959
2025-07-18 22:07:29 INFO     >>>>> Generator: Training
2025-07-18 22:07:35 INFO     -------------------------
2025-07-18 22:07:35 INFO     | Post-train Generator
2025-07-18 22:07:35 INFO     -------------------------
2025-07-18 22:07:36 INFO     >>>>> Generator: Training
2025-07-18 22:08:37 INFO     [E01000] Total 2.432650 | Main 2.559255 | RelClus 1.497829 | EntType 2.354638
2025-07-18 22:08:37 INFO     -------------------------
2025-07-18 22:08:37 INFO     | Beam Search Best Rules
2025-07-18 22:08:37 INFO     -------------------------
2025-07-18 22:08:37 INFO     >>>>> Generator: Rule generation with beam search
2025-07-18 22:08:38 INFO     >>>>> Generator: Rule generation with beam search
2025-07-18 22:08:43 INFO     >>>>> Generator: Rule generation with beam search
2025-07-18 22:09:58 INFO     >>>>> Generator: Rule generation with beam search
2025-07-18 22:10:58 INFO     >>>>> Generator: Rule generation with beam search
2025-07-18 22:11:41 INFO     -------------------------
2025-07-18 22:11:41 INFO     | Train Final Predictor+
2025-07-18 22:11:41 INFO     -------------------------
2025-07-18 22:11:41 INFO     Predictor+: read 18420 rules from list.
2025-07-18 22:11:41 INFO     Preprocess training set
2025-07-18 22:11:41 INFO     -------------------------
2025-07-18 22:11:41 INFO     | Iteration: 1/5
2025-07-18 22:11:41 INFO     -------------------------
2025-07-18 22:11:41 INFO     >>>>> Predictor: Training
2025-07-18 22:16:51 INFO     1000 5959 4.989253 69271.3
2025-07-18 22:22:01 INFO     2000 5959 4.754094 69332.0
2025-07-18 22:27:08 INFO     3000 5959 4.740480 69375.3
2025-07-18 22:32:18 INFO     4000 5959 4.737164 69279.9
2025-07-18 22:37:32 INFO     5000 5959 4.708099 69349.3
2025-07-18 22:42:30 INFO     >>>>> Predictor: Evaluating on valid
2025-07-18 22:43:45 INFO     Data : 2077
2025-07-18 22:43:45 INFO     Hit1 : 0.097256
2025-07-18 22:43:45 INFO     Hit3 : 0.177660
2025-07-18 22:43:45 INFO     Hit10: 0.310544
2025-07-18 22:43:45 INFO     MR   : 991.516851
2025-07-18 22:43:45 INFO     MRR  : 0.165648
2025-07-18 22:43:45 INFO     >>>>> Predictor: Evaluating on test
2025-07-18 22:45:10 INFO     Data : 2342
2025-07-18 22:45:10 INFO     Hit1 : 0.115286
2025-07-18 22:45:10 INFO     Hit3 : 0.204099
2025-07-18 22:45:10 INFO     Hit10: 0.319812
2025-07-18 22:45:10 INFO     MR   : 923.726302
2025-07-18 22:45:10 INFO     MRR  : 0.182543
2025-07-18 22:45:10 INFO     Save checkpoint to results/semmeddb/10_times_each/fixed/622/1_20250718_171454/predictor.pt
2025-07-18 22:45:10 INFO     -------------------------
2025-07-18 22:45:10 INFO     | Iteration: 2/5
2025-07-18 22:45:10 INFO     -------------------------
2025-07-18 22:45:10 INFO     >>>>> Predictor: Training
2025-07-18 22:50:19 INFO     1000 5959 4.636950 69366.7
2025-07-18 22:55:31 INFO     2000 5959 4.676918 69375.3
2025-07-18 23:00:46 INFO     3000 5959 4.663591 69219.2
2025-07-18 23:05:57 INFO     4000 5959 4.670811 69305.9
2025-07-18 23:11:07 INFO     5000 5959 4.659194 69288.6
2025-07-18 23:16:07 INFO     >>>>> Predictor: Evaluating on valid
2025-07-18 23:17:22 INFO     Data : 2077
2025-07-18 23:17:22 INFO     Hit1 : 0.091960
2025-07-18 23:17:22 INFO     Hit3 : 0.190178
2025-07-18 23:17:22 INFO     Hit10: 0.318247
2025-07-18 23:17:22 INFO     MR   : 955.911170
2025-07-18 23:17:22 INFO     MRR  : 0.164657
2025-07-18 23:17:22 INFO     >>>>> Predictor: Evaluating on test
2025-07-18 23:18:45 INFO     Data : 2342
2025-07-18 23:18:45 INFO     Hit1 : 0.125961
2025-07-18 23:18:45 INFO     Hit3 : 0.208369
2025-07-18 23:18:45 INFO     Hit10: 0.319812
2025-07-18 23:18:45 INFO     MR   : 889.479078
2025-07-18 23:18:45 INFO     MRR  : 0.190165
2025-07-18 23:18:45 INFO     -------------------------
2025-07-18 23:18:45 INFO     | Iteration: 3/5
2025-07-18 23:18:45 INFO     -------------------------
2025-07-18 23:18:45 INFO     >>>>> Predictor: Training
2025-07-18 23:23:56 INFO     1000 5959 4.643426 69288.6
2025-07-18 23:29:05 INFO     2000 5959 4.645030 69288.6
2025-07-18 23:34:11 INFO     3000 5959 4.639072 69340.6
2025-07-18 23:39:18 INFO     4000 5959 4.638778 69271.3
2025-07-18 23:44:29 INFO     5000 5959 4.668946 69219.2
2025-07-18 23:49:24 INFO     >>>>> Predictor: Evaluating on valid
2025-07-18 23:50:38 INFO     Data : 2077
2025-07-18 23:50:38 INFO     Hit1 : 0.087626
2025-07-18 23:50:38 INFO     Hit3 : 0.178142
2025-07-18 23:50:38 INFO     Hit10: 0.304285
2025-07-18 23:50:38 INFO     MR   : 943.111459
2025-07-18 23:50:38 INFO     MRR  : 0.159892
2025-07-18 23:50:38 INFO     >>>>> Predictor: Evaluating on test
2025-07-18 23:52:04 INFO     Data : 2342
2025-07-18 23:52:04 INFO     Hit1 : 0.116140
2025-07-18 23:52:04 INFO     Hit3 : 0.195986
2025-07-18 23:52:04 INFO     Hit10: 0.315969
2025-07-18 23:52:04 INFO     MR   : 872.105252
2025-07-18 23:52:04 INFO     MRR  : 0.179451
2025-07-18 23:52:04 INFO     -------------------------
2025-07-18 23:52:04 INFO     | Iteration: 4/5
2025-07-18 23:52:04 INFO     -------------------------
2025-07-18 23:52:04 INFO     >>>>> Predictor: Training
2025-07-18 23:57:13 INFO     1000 5959 4.613340 69340.6
2025-07-19 00:02:22 INFO     2000 5959 4.590854 69184.5
2025-07-19 00:07:33 INFO     3000 5959 4.659396 69253.9
2025-07-19 00:12:41 INFO     4000 5959 4.626535 69340.6
2025-07-19 00:17:49 INFO     5000 5959 4.627563 69384.0
2025-07-19 00:22:44 INFO     >>>>> Predictor: Evaluating on valid
2025-07-19 00:23:58 INFO     Data : 2077
2025-07-19 00:23:58 INFO     Hit1 : 0.093404
2025-07-19 00:23:58 INFO     Hit3 : 0.183919
2025-07-19 00:23:58 INFO     Hit10: 0.306692
2025-07-19 00:23:58 INFO     MR   : 937.327877
2025-07-19 00:23:58 INFO     MRR  : 0.163526
2025-07-19 00:23:58 INFO     >>>>> Predictor: Evaluating on test
2025-07-19 00:25:21 INFO     Data : 2342
2025-07-19 00:25:21 INFO     Hit1 : 0.122545
2025-07-19 00:25:21 INFO     Hit3 : 0.206661
2025-07-19 00:25:21 INFO     Hit10: 0.315115
2025-07-19 00:25:21 INFO     MR   : 869.558711
2025-07-19 00:25:21 INFO     MRR  : 0.187193
2025-07-19 00:25:21 INFO     -------------------------
2025-07-19 00:25:21 INFO     | Iteration: 5/5
2025-07-19 00:25:21 INFO     -------------------------
2025-07-19 00:25:21 INFO     >>>>> Predictor: Training
2025-07-19 00:30:30 INFO     1000 5959 4.620559 69323.3
2025-07-19 00:35:40 INFO     2000 5959 4.607224 69332.0
2025-07-19 00:40:50 INFO     3000 5959 4.648510 69219.2
2025-07-19 00:45:58 INFO     4000 5959 4.635910 69297.3
2025-07-19 00:51:08 INFO     5000 5959 4.605339 69332.0
2025-07-19 00:56:06 INFO     >>>>> Predictor: Evaluating on valid
2025-07-19 00:57:23 INFO     Data : 2077
2025-07-19 00:57:23 INFO     Hit1 : 0.088108
2025-07-19 00:57:23 INFO     Hit3 : 0.184401
2025-07-19 00:57:23 INFO     Hit10: 0.314877
2025-07-19 00:57:23 INFO     MR   : 928.742658
2025-07-19 00:57:23 INFO     MRR  : 0.161525
2025-07-19 00:57:23 INFO     >>>>> Predictor: Evaluating on test
2025-07-19 00:58:47 INFO     Data : 2342
2025-07-19 00:58:47 INFO     Hit1 : 0.122118
2025-07-19 00:58:47 INFO     Hit3 : 0.210504
2025-07-19 00:58:47 INFO     Hit10: 0.321520
2025-07-19 00:58:47 INFO     MR   : 861.643681
2025-07-19 00:58:47 INFO     MRR  : 0.188380
2025-07-19 00:58:47 INFO     -------------------------
2025-07-19 00:58:47 INFO     | Final Test MRR: 0.182543
2025-07-19 00:58:47 INFO     -------------------------
