2025-07-19 17:36:33 INFO     is_soft_label: False
2025-07-19 17:36:33 INFO     is_scheduled_sampling: False
2025-07-19 17:36:33 INFO     is_test_mode: False
2025-07-19 17:36:33 INFO     Data loading | DONE!
2025-07-19 17:36:34 INFO     Using full datasets for training, validation, and testing.
2025-07-19 17:36:34 INFO     -------------------------
2025-07-19 17:36:34 INFO     | EM Iteration: 1/5
2025-07-19 17:36:34 INFO     -------------------------
2025-07-19 17:36:34 INFO     >>>>> Using miner's rule
2025-07-19 17:36:34 INFO     Predictor: read 13661 rules from list.
2025-07-19 17:36:35 INFO     Preprocess training set
2025-07-19 17:36:35 INFO     >>>>> Predictor: Evaluating on valid
2025-07-19 17:38:52 INFO     Data : 2077
2025-07-19 17:38:52 INFO     Hit1 : 0.065479
2025-07-19 17:38:52 INFO     Hit3 : 0.127106
2025-07-19 17:38:52 INFO     Hit10: 0.199326
2025-07-19 17:38:52 INFO     MR   : 1120.902022
2025-07-19 17:38:52 INFO     MRR  : 0.114382
2025-07-19 17:38:52 INFO     >>>>> Predictor: Evaluating on test
2025-07-19 17:41:26 INFO     Data : 2342
2025-07-19 17:41:26 INFO     Hit1 : 0.078992
2025-07-19 17:41:26 INFO     Hit3 : 0.124253
2025-07-19 17:41:26 INFO     Hit10: 0.208796
2025-07-19 17:41:26 INFO     MR   : 1044.269001
2025-07-19 17:41:26 INFO     MRR  : 0.122250
2025-07-19 17:41:26 INFO     >>>>> Predictor: Computing H scores of rules
2025-07-19 18:18:13 INFO     1000 5959
2025-07-19 18:56:12 INFO     2000 5959
2025-07-19 19:33:26 INFO     3000 5959
2025-07-19 20:10:42 INFO     4000 5959
2025-07-19 20:48:14 INFO     5000 5959
2025-07-19 21:26:02 INFO     >>>>> Generator: Training
2025-07-19 21:26:13 INFO     -------------------------
2025-07-19 21:26:13 INFO     | EM Iteration: 2/5
2025-07-19 21:26:13 INFO     -------------------------
2025-07-19 21:26:13 INFO     >>>>> Using Generator's sample rule
2025-07-19 21:26:13 INFO     >>>>> Generator: Rule generation with sampling
2025-07-19 21:26:13 INFO     Predictor: read 1904 rules from list.
2025-07-19 21:26:13 INFO     Preprocess training set
2025-07-19 21:26:13 INFO     >>>>> Predictor: Training
2025-07-19 21:27:28 INFO     1000 5959 8.782312 69314.6
2025-07-19 21:28:53 INFO     2000 5959 8.410004 69271.3
2025-07-19 21:30:07 INFO     3000 5959 8.219053 69245.2
2025-07-19 21:31:25 INFO     4000 5959 8.065449 69340.6
2025-07-19 21:32:39 INFO     5000 5959 7.940880 69340.6
2025-07-19 21:33:50 INFO     >>>>> Predictor: Evaluating on valid
2025-07-19 21:34:08 INFO     Data : 2077
2025-07-19 21:34:08 INFO     Hit1 : 0.025036
2025-07-19 21:34:08 INFO     Hit3 : 0.040924
2025-07-19 21:34:08 INFO     Hit10: 0.064035
2025-07-19 21:34:08 INFO     MR   : 1407.828117
2025-07-19 21:34:08 INFO     MRR  : 0.041154
2025-07-19 21:34:08 INFO     >>>>> Predictor: Evaluating on test
2025-07-19 21:34:29 INFO     Data : 2342
2025-07-19 21:34:29 INFO     Hit1 : 0.019641
2025-07-19 21:34:29 INFO     Hit3 : 0.030743
2025-07-19 21:34:29 INFO     Hit10: 0.056362
2025-07-19 21:34:29 INFO     MR   : 1317.205807
2025-07-19 21:34:29 INFO     MRR  : 0.034766
2025-07-19 21:34:29 INFO     >>>>> Predictor: Computing H scores of rules
2025-07-19 21:37:52 INFO     1000 5959
2025-07-19 21:41:13 INFO     2000 5959
2025-07-19 21:44:33 INFO     3000 5959
2025-07-19 21:47:58 INFO     4000 5959
2025-07-19 21:51:21 INFO     5000 5959
2025-07-19 21:54:38 INFO     >>>>> Generator: Training
2025-07-19 21:54:49 INFO     -------------------------
2025-07-19 21:54:49 INFO     | EM Iteration: 3/5
2025-07-19 21:54:49 INFO     -------------------------
2025-07-19 21:54:49 INFO     >>>>> Using Generator's sample rule
2025-07-19 21:54:49 INFO     >>>>> Generator: Rule generation with sampling
2025-07-19 21:54:49 INFO     Predictor: read 1877 rules from list.
2025-07-19 21:54:49 INFO     Preprocess training set
2025-07-19 21:54:49 INFO     >>>>> Predictor: Training
2025-07-19 21:56:02 INFO     1000 5959 8.809976 69332.0
2025-07-19 21:57:16 INFO     2000 5959 8.469537 69349.3
2025-07-19 21:58:30 INFO     3000 5959 8.254404 69184.5
2025-07-19 21:59:44 INFO     4000 5959 8.080450 69253.9
2025-07-19 22:00:58 INFO     5000 5959 7.983767 69332.0
2025-07-19 22:02:11 INFO     >>>>> Predictor: Evaluating on valid
2025-07-19 22:02:35 INFO     Data : 2077
2025-07-19 22:02:35 INFO     Hit1 : 0.010592
2025-07-19 22:02:35 INFO     Hit3 : 0.025999
2025-07-19 22:02:35 INFO     Hit10: 0.051035
2025-07-19 22:02:35 INFO     MR   : 1450.381801
2025-07-19 22:02:35 INFO     MRR  : 0.026797
2025-07-19 22:02:35 INFO     >>>>> Predictor: Evaluating on test
2025-07-19 22:02:56 INFO     Data : 2342
2025-07-19 22:02:56 INFO     Hit1 : 0.014091
2025-07-19 22:02:56 INFO     Hit3 : 0.024765
2025-07-19 22:02:56 INFO     Hit10: 0.047395
2025-07-19 22:02:56 INFO     MR   : 1340.377455
2025-07-19 22:02:56 INFO     MRR  : 0.028016
2025-07-19 22:02:56 INFO     >>>>> Predictor: Computing H scores of rules
2025-07-19 22:06:20 INFO     1000 5959
2025-07-19 22:09:43 INFO     2000 5959
2025-07-19 22:13:16 INFO     3000 5959
2025-07-19 22:16:39 INFO     4000 5959
2025-07-19 22:20:12 INFO     5000 5959
2025-07-19 22:23:35 INFO     >>>>> Generator: Training
2025-07-19 22:23:50 INFO     -------------------------
2025-07-19 22:23:50 INFO     | EM Iteration: 4/5
2025-07-19 22:23:50 INFO     -------------------------
2025-07-19 22:23:50 INFO     >>>>> Using Generator's sample rule
2025-07-19 22:23:50 INFO     >>>>> Generator: Rule generation with sampling
2025-07-19 22:23:50 INFO     Predictor: read 1847 rules from list.
2025-07-19 22:23:50 INFO     Preprocess training set
2025-07-19 22:23:50 INFO     >>>>> Predictor: Training
2025-07-19 22:25:04 INFO     1000 5959 8.791110 69271.3
2025-07-19 22:26:29 INFO     2000 5959 8.404539 69340.6
2025-07-19 22:27:42 INFO     3000 5959 8.137731 69384.0
2025-07-19 22:29:08 INFO     4000 5959 7.963986 69262.6
2025-07-19 22:30:23 INFO     5000 5959 7.819836 69332.0
2025-07-19 22:31:33 INFO     >>>>> Predictor: Evaluating on valid
2025-07-19 22:31:51 INFO     Data : 2077
2025-07-19 22:31:51 INFO     Hit1 : 0.006259
2025-07-19 22:31:51 INFO     Hit3 : 0.018296
2025-07-19 22:31:51 INFO     Hit10: 0.036110
2025-07-19 22:31:51 INFO     MR   : 1486.285749
2025-07-19 22:31:51 INFO     MRR  : 0.019680
2025-07-19 22:31:51 INFO     >>>>> Predictor: Evaluating on test
2025-07-19 22:32:14 INFO     Data : 2342
2025-07-19 22:32:14 INFO     Hit1 : 0.008540
2025-07-19 22:32:14 INFO     Hit3 : 0.018787
2025-07-19 22:32:14 INFO     Hit10: 0.035440
2025-07-19 22:32:14 INFO     MR   : 1371.789710
2025-07-19 22:32:14 INFO     MRR  : 0.020680
2025-07-19 22:32:14 INFO     >>>>> Predictor: Computing H scores of rules
2025-07-19 22:35:36 INFO     1000 5959
2025-07-19 22:38:58 INFO     2000 5959
2025-07-19 22:42:20 INFO     3000 5959
2025-07-19 22:45:47 INFO     4000 5959
2025-07-19 22:49:08 INFO     5000 5959
2025-07-19 22:52:46 INFO     >>>>> Generator: Training
2025-07-19 22:52:56 INFO     -------------------------
2025-07-19 22:52:56 INFO     | EM Iteration: 5/5
2025-07-19 22:52:56 INFO     -------------------------
2025-07-19 22:52:56 INFO     >>>>> Using Generator's sample rule
2025-07-19 22:52:56 INFO     >>>>> Generator: Rule generation with sampling
2025-07-19 22:52:56 INFO     Predictor: read 1676 rules from list.
2025-07-19 22:52:56 INFO     Preprocess training set
2025-07-19 22:52:56 INFO     >>>>> Predictor: Training
2025-07-19 22:54:09 INFO     1000 5959 8.805924 69332.0
2025-07-19 22:55:20 INFO     2000 5959 8.434382 69349.3
2025-07-19 22:56:31 INFO     3000 5959 8.182272 69340.6
2025-07-19 22:57:42 INFO     4000 5959 8.012417 69297.3
2025-07-19 22:58:53 INFO     5000 5959 7.830053 69219.2
2025-07-19 23:00:00 INFO     >>>>> Predictor: Evaluating on valid
2025-07-19 23:00:19 INFO     Data : 2077
2025-07-19 23:00:19 INFO     Hit1 : 0.029851
2025-07-19 23:00:19 INFO     Hit3 : 0.053924
2025-07-19 23:00:19 INFO     Hit10: 0.076071
2025-07-19 23:00:19 INFO     MR   : 1451.129995
2025-07-19 23:00:19 INFO     MRR  : 0.049605
2025-07-19 23:00:19 INFO     >>>>> Predictor: Evaluating on test
2025-07-19 23:00:39 INFO     Data : 2342
2025-07-19 23:00:39 INFO     Hit1 : 0.028608
2025-07-19 23:00:39 INFO     Hit3 : 0.046541
2025-07-19 23:00:39 INFO     Hit10: 0.084116
2025-07-19 23:00:39 INFO     MR   : 1334.989112
2025-07-19 23:00:39 INFO     MRR  : 0.048452
2025-07-19 23:00:39 INFO     >>>>> Predictor: Computing H scores of rules
2025-07-19 23:03:59 INFO     1000 5959
2025-07-19 23:07:24 INFO     2000 5959
2025-07-19 23:10:53 INFO     3000 5959
2025-07-19 23:14:12 INFO     4000 5959
2025-07-19 23:17:31 INFO     5000 5959
2025-07-19 23:20:56 INFO     >>>>> Generator: Training
2025-07-19 23:21:07 INFO     -------------------------
2025-07-19 23:21:07 INFO     | Post-train Generator
2025-07-19 23:21:07 INFO     -------------------------
2025-07-19 23:21:08 INFO     >>>>> Generator: Training
2025-07-19 23:23:03 INFO     [E01000] Total 2.432650 | Main 2.559255 | RelClus 1.497829 | EntType 2.354638
2025-07-19 23:23:03 INFO     -------------------------
2025-07-19 23:23:03 INFO     | Beam Search Best Rules
2025-07-19 23:23:03 INFO     -------------------------
2025-07-19 23:23:03 INFO     >>>>> Generator: Rule generation with beam search
2025-07-19 23:23:04 INFO     >>>>> Generator: Rule generation with beam search
2025-07-19 23:23:10 INFO     >>>>> Generator: Rule generation with beam search
2025-07-19 23:24:28 INFO     >>>>> Generator: Rule generation with beam search
2025-07-19 23:25:33 INFO     >>>>> Generator: Rule generation with beam search
2025-07-19 23:26:17 INFO     -------------------------
2025-07-19 23:26:17 INFO     | Train Final Predictor+
2025-07-19 23:26:17 INFO     -------------------------
2025-07-19 23:26:17 INFO     Predictor+: read 18420 rules from list.
2025-07-19 23:26:17 INFO     Preprocess training set
2025-07-19 23:26:17 INFO     -------------------------
2025-07-19 23:26:17 INFO     | Iteration: 1/5
2025-07-19 23:26:17 INFO     -------------------------
2025-07-19 23:26:17 INFO     >>>>> Predictor: Training
2025-07-19 23:31:57 INFO     1000 5959 4.989372 69271.3
2025-07-19 23:37:20 INFO     2000 5959 4.754345 69332.0
2025-07-19 23:42:43 INFO     3000 5959 4.739796 69375.3
2025-07-19 23:48:10 INFO     4000 5959 4.736418 69279.9
2025-07-19 23:53:34 INFO     5000 5959 4.707015 69349.3
2025-07-19 23:58:49 INFO     >>>>> Predictor: Evaluating on valid
2025-07-20 00:00:06 INFO     Data : 2077
2025-07-20 00:00:06 INFO     Hit1 : 0.097737
2025-07-20 00:00:06 INFO     Hit3 : 0.181030
2025-07-20 00:00:06 INFO     Hit10: 0.309581
2025-07-20 00:00:06 INFO     MR   : 988.660087
2025-07-20 00:00:06 INFO     MRR  : 0.166359
2025-07-20 00:00:06 INFO     >>>>> Predictor: Evaluating on test
2025-07-20 00:01:34 INFO     Data : 2342
2025-07-20 00:01:34 INFO     Hit1 : 0.121691
2025-07-20 00:01:34 INFO     Hit3 : 0.205807
2025-07-20 00:01:34 INFO     Hit10: 0.316823
2025-07-20 00:01:34 INFO     MR   : 924.673356
2025-07-20 00:01:34 INFO     MRR  : 0.186489
2025-07-20 00:01:34 INFO     Save checkpoint to results/semmeddb/10_times_each/fixed/333/2_20250719_173631/predictor.pt
2025-07-20 00:01:34 INFO     -------------------------
2025-07-20 00:01:34 INFO     | Iteration: 2/5
2025-07-20 00:01:34 INFO     -------------------------
2025-07-20 00:01:34 INFO     >>>>> Predictor: Training
2025-07-20 00:07:00 INFO     1000 5959 4.636543 69366.7
2025-07-20 00:12:26 INFO     2000 5959 4.677074 69375.3
2025-07-20 00:18:12 INFO     3000 5959 4.663929 69219.2
2025-07-20 00:23:48 INFO     4000 5959 4.671596 69305.9
2025-07-20 00:29:10 INFO     5000 5959 4.659968 69288.6
2025-07-20 00:34:28 INFO     >>>>> Predictor: Evaluating on valid
2025-07-20 00:35:46 INFO     Data : 2077
2025-07-20 00:35:46 INFO     Hit1 : 0.091478
2025-07-20 00:35:46 INFO     Hit3 : 0.189215
2025-07-20 00:35:46 INFO     Hit10: 0.315359
2025-07-20 00:35:46 INFO     MR   : 954.083775
2025-07-20 00:35:46 INFO     MRR  : 0.163861
2025-07-20 00:35:46 INFO     >>>>> Predictor: Evaluating on test
2025-07-20 00:37:13 INFO     Data : 2342
2025-07-20 00:37:13 INFO     Hit1 : 0.125961
2025-07-20 00:37:13 INFO     Hit3 : 0.213920
2025-07-20 00:37:13 INFO     Hit10: 0.320666
2025-07-20 00:37:13 INFO     MR   : 888.419300
2025-07-20 00:37:13 INFO     MRR  : 0.190929
2025-07-20 00:37:13 INFO     -------------------------
2025-07-20 00:37:13 INFO     | Iteration: 3/5
2025-07-20 00:37:13 INFO     -------------------------
2025-07-20 00:37:13 INFO     >>>>> Predictor: Training
2025-07-20 00:42:53 INFO     1000 5959 4.642453 69288.6
2025-07-20 00:48:29 INFO     2000 5959 4.645932 69288.6
2025-07-20 00:53:55 INFO     3000 5959 4.639520 69340.6
2025-07-20 00:59:31 INFO     4000 5959 4.636978 69271.3
2025-07-20 01:05:09 INFO     5000 5959 4.670364 69219.2
2025-07-20 01:10:24 INFO     >>>>> Predictor: Evaluating on valid
2025-07-20 01:11:52 INFO     Data : 2077
2025-07-20 01:11:52 INFO     Hit1 : 0.089071
2025-07-20 01:11:52 INFO     Hit3 : 0.178142
2025-07-20 01:11:52 INFO     Hit10: 0.303804
2025-07-20 01:11:52 INFO     MR   : 947.489167
2025-07-20 01:11:52 INFO     MRR  : 0.160554
2025-07-20 01:11:52 INFO     >>>>> Predictor: Evaluating on test
2025-07-20 01:13:21 INFO     Data : 2342
2025-07-20 01:13:21 INFO     Hit1 : 0.118275
2025-07-20 01:13:21 INFO     Hit3 : 0.196413
2025-07-20 01:13:21 INFO     Hit10: 0.309991
2025-07-20 01:13:21 INFO     MR   : 873.358454
2025-07-20 01:13:21 INFO     MRR  : 0.181151
2025-07-20 01:13:21 INFO     -------------------------
2025-07-20 01:13:21 INFO     | Iteration: 4/5
2025-07-20 01:13:21 INFO     -------------------------
2025-07-20 01:13:21 INFO     >>>>> Predictor: Training
2025-07-20 01:18:57 INFO     1000 5959 4.614248 69340.6
2025-07-20 01:24:41 INFO     2000 5959 4.591673 69184.5
2025-07-20 01:30:19 INFO     3000 5959 4.660640 69253.9
2025-07-20 01:35:49 INFO     4000 5959 4.626989 69340.6
2025-07-20 01:41:25 INFO     5000 5959 4.627934 69384.0
2025-07-20 01:46:39 INFO     >>>>> Predictor: Evaluating on valid
2025-07-20 01:48:07 INFO     Data : 2077
2025-07-20 01:48:07 INFO     Hit1 : 0.089552
2025-07-20 01:48:07 INFO     Hit3 : 0.185364
2025-07-20 01:48:07 INFO     Hit10: 0.311026
2025-07-20 01:48:07 INFO     MR   : 938.098941
2025-07-20 01:48:07 INFO     MRR  : 0.162312
2025-07-20 01:48:07 INFO     >>>>> Predictor: Evaluating on test
2025-07-20 01:49:44 INFO     Data : 2342
2025-07-20 01:49:44 INFO     Hit1 : 0.117848
2025-07-20 01:49:44 INFO     Hit3 : 0.208369
2025-07-20 01:49:44 INFO     Hit10: 0.317677
2025-07-20 01:49:44 INFO     MR   : 871.934031
2025-07-20 01:49:44 INFO     MRR  : 0.185644
2025-07-20 01:49:44 INFO     -------------------------
2025-07-20 01:49:44 INFO     | Iteration: 5/5
2025-07-20 01:49:44 INFO     -------------------------
2025-07-20 01:49:44 INFO     >>>>> Predictor: Training
2025-07-20 01:55:10 INFO     1000 5959 4.620353 69323.3
2025-07-20 02:00:37 INFO     2000 5959 4.606782 69332.0
2025-07-20 02:06:18 INFO     3000 5959 4.647342 69219.2
2025-07-20 02:11:53 INFO     4000 5959 4.637440 69297.3
2025-07-20 02:17:24 INFO     5000 5959 4.606996 69332.0
2025-07-20 02:22:42 INFO     >>>>> Predictor: Evaluating on valid
2025-07-20 02:24:00 INFO     Data : 2077
2025-07-20 02:24:00 INFO     Hit1 : 0.088108
2025-07-20 02:24:00 INFO     Hit3 : 0.185845
2025-07-20 02:24:00 INFO     Hit10: 0.314396
2025-07-20 02:24:00 INFO     MR   : 928.692104
2025-07-20 02:24:00 INFO     MRR  : 0.162037
2025-07-20 02:24:00 INFO     >>>>> Predictor: Evaluating on test
2025-07-20 02:25:38 INFO     Data : 2342
2025-07-20 02:25:38 INFO     Hit1 : 0.125534
2025-07-20 02:25:38 INFO     Hit3 : 0.204099
2025-07-20 02:25:38 INFO     Hit10: 0.322374
2025-07-20 02:25:38 INFO     MR   : 862.745944
2025-07-20 02:25:38 INFO     MRR  : 0.189185
2025-07-20 02:25:38 INFO     -------------------------
2025-07-20 02:25:38 INFO     | Final Test MRR: 0.186489
2025-07-20 02:25:38 INFO     -------------------------
