2025-06-07 12:33:14 INFO     -------------------------
2025-06-07 12:33:14 INFO     | Pre-train Generator
2025-06-07 12:33:14 INFO     -------------------------
2025-06-07 12:33:14 INFO     >>>>> Generator: Training
2025-06-07 12:33:21 INFO     [E1000] Total: 1.720479 | Main: 1.780105 | Aux: 0.567186
2025-06-07 12:33:26 INFO     [E2000] Total: 1.573223 | Main: 1.627839 | Aux: 0.535523
2025-06-07 12:33:32 INFO     [E3000] Total: 1.546675 | Main: 1.600084 | Aux: 0.531910
2025-06-07 12:33:38 INFO     [E4000] Total: 1.532885 | Main: 1.585675 | Aux: 0.529870
2025-06-07 12:33:43 INFO     [E5000] Total: 1.525362 | Main: 1.577859 | Aux: 0.527929
2025-06-07 12:33:49 INFO     [E6000] Total: 1.517839 | Main: 1.570031 | Aux: 0.526209
2025-06-07 12:33:55 INFO     [E7000] Total: 1.510291 | Main: 1.562166 | Aux: 0.524672
2025-06-07 12:34:00 INFO     [E8000] Total: 1.508181 | Main: 1.560007 | Aux: 0.523481
2025-06-07 12:34:06 INFO     [E9000] Total: 1.505606 | Main: 1.557344 | Aux: 0.522599
2025-06-07 12:34:12 INFO     [E10000] Total: 1.499818 | Main: 1.551301 | Aux: 0.521649
2025-06-07 12:34:12 INFO     -------------------------
2025-06-07 12:34:12 INFO     | EM Iteration: 1/5
2025-06-07 12:34:12 INFO     -------------------------
2025-06-07 12:34:12 INFO     >>>>> Generator: Rule generation with sampling
2025-06-07 12:34:12 INFO     Predictor: read 1409 rules from list.
2025-06-07 12:34:12 INFO     Preprocess training set
2025-06-07 12:34:12 INFO     >>>>> Predictor: Training
2025-06-07 12:35:01 INFO     1000 12313 8.228650 69358.0
2025-06-07 12:35:50 INFO     2000 12313 7.781700 69332.0
2025-06-07 12:36:38 INFO     3000 12313 7.543894 69384.0
2025-06-07 12:37:28 INFO     4000 12313 7.414878 69279.9
2025-06-07 12:38:17 INFO     5000 12313 7.297295 69332.0
2025-06-07 12:39:07 INFO     6000 12313 7.202875 69384.0
2025-06-07 12:39:56 INFO     7000 12313 7.118243 69297.3
2025-06-07 12:40:45 INFO     8000 12313 7.095885 69323.3
2025-06-07 12:41:35 INFO     9000 12313 7.034538 69358.0
2025-06-07 12:42:24 INFO     10000 12313 6.984716 69332.0
2025-06-07 12:43:13 INFO     11000 12313 6.926243 69366.7
2025-06-07 12:44:03 INFO     12000 12313 6.897503 69279.9
2025-06-07 12:44:19 INFO     >>>>> Predictor: Evaluating on valid
2025-06-07 12:44:39 INFO     Data : 3823
2025-06-07 12:44:39 INFO     Hit1 : 0.030604
2025-06-07 12:44:39 INFO     Hit3 : 0.061993
2025-06-07 12:44:39 INFO     Hit10: 0.112216
2025-06-07 12:44:39 INFO     MR   : 1161.268245
2025-06-07 12:44:39 INFO     MRR  : 0.058776
2025-06-07 12:44:39 INFO     >>>>> Predictor: Evaluating on test
2025-06-07 12:45:03 INFO     Data : 4402
2025-06-07 12:45:03 INFO     Hit1 : 0.039982
2025-06-07 12:45:03 INFO     Hit3 : 0.066788
2025-06-07 12:45:03 INFO     Hit10: 0.114721
2025-06-07 12:45:03 INFO     MR   : 1163.508746
2025-06-07 12:45:03 INFO     MRR  : 0.066133
2025-06-07 12:45:03 INFO     >>>>> Predictor: Computing H scores of rules
2025-06-07 12:45:58 INFO     1000 12313
2025-06-07 12:46:53 INFO     2000 12313
2025-06-07 12:47:48 INFO     3000 12313
2025-06-07 12:48:43 INFO     4000 12313
2025-06-07 12:49:39 INFO     5000 12313
2025-06-07 12:50:33 INFO     6000 12313
2025-06-07 12:51:27 INFO     7000 12313
2025-06-07 12:52:21 INFO     8000 12313
2025-06-07 12:53:16 INFO     9000 12313
2025-06-07 12:54:10 INFO     10000 12313
2025-06-07 12:55:05 INFO     11000 12313
2025-06-07 12:56:00 INFO     12000 12313
2025-06-07 12:56:18 INFO     >>>>> Generator: Training
2025-06-07 12:56:18 INFO     -------------------------
2025-06-07 12:56:18 INFO     | EM Iteration: 2/5
2025-06-07 12:56:18 INFO     -------------------------
2025-06-07 12:56:18 INFO     >>>>> Generator: Rule generation with sampling
2025-06-07 12:56:18 INFO     Predictor: read 1476 rules from list.
2025-06-07 12:56:18 INFO     Preprocess training set
2025-06-07 12:56:18 INFO     >>>>> Predictor: Training
2025-06-07 12:57:11 INFO     1000 12313 8.253678 69366.7
2025-06-07 12:58:03 INFO     2000 12313 7.776528 69279.9
2025-06-07 12:58:55 INFO     3000 12313 7.602607 69253.9
2025-06-07 12:59:48 INFO     4000 12313 7.452674 69340.6
2025-06-07 13:00:40 INFO     5000 12313 7.376160 69366.7
2025-06-07 13:01:31 INFO     6000 12313 7.291425 69358.0
2025-06-07 13:02:23 INFO     7000 12313 7.255461 69366.7
2025-06-07 13:03:15 INFO     8000 12313 7.223192 69384.0
2025-06-07 13:04:08 INFO     9000 12313 7.181824 69262.6
2025-06-07 13:05:00 INFO     10000 12313 7.155665 69323.3
2025-06-07 13:05:52 INFO     11000 12313 7.128442 69366.7
2025-06-07 13:06:44 INFO     12000 12313 7.120722 69332.0
2025-06-07 13:07:00 INFO     >>>>> Predictor: Evaluating on valid
2025-06-07 13:07:19 INFO     Data : 3823
2025-06-07 13:07:19 INFO     Hit1 : 0.031912
2025-06-07 13:07:19 INFO     Hit3 : 0.064347
2025-06-07 13:07:19 INFO     Hit10: 0.122940
2025-06-07 13:07:19 INFO     MR   : 1148.143212
2025-06-07 13:07:19 INFO     MRR  : 0.063542
2025-06-07 13:07:19 INFO     >>>>> Predictor: Evaluating on test
2025-06-07 13:07:42 INFO     Data : 4402
2025-06-07 13:07:42 INFO     Hit1 : 0.038392
2025-06-07 13:07:42 INFO     Hit3 : 0.067697
2025-06-07 13:07:42 INFO     Hit10: 0.124262
2025-06-07 13:07:42 INFO     MR   : 1143.276806
2025-06-07 13:07:42 INFO     MRR  : 0.067472
2025-06-07 13:07:42 INFO     >>>>> Predictor: Computing H scores of rules
2025-06-07 13:08:38 INFO     1000 12313
2025-06-07 13:09:35 INFO     2000 12313
2025-06-07 13:10:32 INFO     3000 12313
2025-06-07 13:11:30 INFO     4000 12313
2025-06-07 13:12:26 INFO     5000 12313
2025-06-07 13:13:25 INFO     6000 12313
2025-06-07 13:14:23 INFO     7000 12313
2025-06-07 13:15:21 INFO     8000 12313
2025-06-07 13:16:20 INFO     9000 12313
2025-06-07 13:17:19 INFO     10000 12313
2025-06-07 13:18:17 INFO     11000 12313
2025-06-07 13:19:15 INFO     12000 12313
2025-06-07 13:19:34 INFO     >>>>> Generator: Training
2025-06-07 13:19:34 INFO     -------------------------
2025-06-07 13:19:34 INFO     | EM Iteration: 3/5
2025-06-07 13:19:34 INFO     -------------------------
2025-06-07 13:19:34 INFO     >>>>> Generator: Rule generation with sampling
2025-06-07 13:19:34 INFO     Predictor: read 1541 rules from list.
2025-06-07 13:19:34 INFO     Preprocess training set
2025-06-07 13:19:34 INFO     >>>>> Predictor: Training
2025-06-07 13:20:27 INFO     1000 12313 8.177895 69384.0
2025-06-07 13:21:20 INFO     2000 12313 7.674721 69384.0
2025-06-07 13:22:12 INFO     3000 12313 7.385212 69253.9
2025-06-07 13:23:03 INFO     4000 12313 7.227323 69323.3
2025-06-07 13:23:55 INFO     5000 12313 7.084111 69384.0
2025-06-07 13:24:48 INFO     6000 12313 6.935658 69323.3
2025-06-07 13:25:39 INFO     7000 12313 6.846334 69366.7
2025-06-07 13:26:32 INFO     8000 12313 6.768118 69332.0
2025-06-07 13:27:25 INFO     9000 12313 6.662195 69384.0
2025-06-07 13:28:18 INFO     10000 12313 6.631070 69227.9
2025-06-07 13:29:11 INFO     11000 12313 6.581204 69340.6
2025-06-07 13:30:04 INFO     12000 12313 6.527133 69297.3
2025-06-07 13:30:20 INFO     >>>>> Predictor: Evaluating on valid
2025-06-07 13:30:42 INFO     Data : 3823
2025-06-07 13:30:42 INFO     Hit1 : 0.028512
2025-06-07 13:30:42 INFO     Hit3 : 0.059116
2025-06-07 13:30:42 INFO     Hit10: 0.120324
2025-06-07 13:30:42 INFO     MR   : 1147.180487
2025-06-07 13:30:42 INFO     MRR  : 0.060639
2025-06-07 13:30:42 INFO     >>>>> Predictor: Evaluating on test
2025-06-07 13:31:06 INFO     Data : 4402
2025-06-07 13:31:06 INFO     Hit1 : 0.034984
2025-06-07 13:31:06 INFO     Hit3 : 0.070195
2025-06-07 13:31:06 INFO     Hit10: 0.129032
2025-06-07 13:31:06 INFO     MR   : 1125.633803
2025-06-07 13:31:06 INFO     MRR  : 0.067345
2025-06-07 13:31:06 INFO     >>>>> Predictor: Computing H scores of rules
2025-06-07 13:32:05 INFO     1000 12313
2025-06-07 13:33:03 INFO     2000 12313
2025-06-07 13:34:01 INFO     3000 12313
2025-06-07 13:35:00 INFO     4000 12313
2025-06-07 13:35:57 INFO     5000 12313
2025-06-07 13:36:54 INFO     6000 12313
2025-06-07 13:37:52 INFO     7000 12313
2025-06-07 13:38:50 INFO     8000 12313
2025-06-07 13:39:48 INFO     9000 12313
2025-06-07 13:40:45 INFO     10000 12313
2025-06-07 13:41:43 INFO     11000 12313
2025-06-07 13:42:40 INFO     12000 12313
2025-06-07 13:42:58 INFO     >>>>> Generator: Training
2025-06-07 13:42:58 INFO     -------------------------
2025-06-07 13:42:58 INFO     | EM Iteration: 4/5
2025-06-07 13:42:58 INFO     -------------------------
2025-06-07 13:42:58 INFO     >>>>> Generator: Rule generation with sampling
2025-06-07 13:42:59 INFO     Predictor: read 1540 rules from list.
2025-06-07 13:42:59 INFO     Preprocess training set
2025-06-07 13:42:59 INFO     >>>>> Predictor: Training
2025-06-07 13:43:51 INFO     1000 12313 8.234704 69314.6
2025-06-07 13:44:44 INFO     2000 12313 7.767420 69279.9
2025-06-07 13:45:37 INFO     3000 12313 7.523646 69366.7
2025-06-07 13:46:29 INFO     4000 12313 7.422589 69366.7
2025-06-07 13:47:22 INFO     5000 12313 7.332113 69288.6
2025-06-07 13:48:16 INFO     6000 12313 7.242786 69340.6
2025-06-07 13:49:09 INFO     7000 12313 7.148377 69384.0
2025-06-07 13:50:02 INFO     8000 12313 7.092552 69340.6
2025-06-07 13:50:56 INFO     9000 12313 7.096631 69384.0
2025-06-07 13:51:48 INFO     10000 12313 7.037325 69288.6
2025-06-07 13:52:39 INFO     11000 12313 7.024923 69262.6
2025-06-07 13:53:31 INFO     12000 12313 6.995450 69384.0
2025-06-07 13:53:47 INFO     >>>>> Predictor: Evaluating on valid
2025-06-07 13:54:08 INFO     Data : 3823
2025-06-07 13:54:08 INFO     Hit1 : 0.032958
2025-06-07 13:54:08 INFO     Hit3 : 0.077165
2025-06-07 13:54:08 INFO     Hit10: 0.143343
2025-06-07 13:54:08 INFO     MR   : 1093.215538
2025-06-07 13:54:08 INFO     MRR  : 0.070728
2025-06-07 13:54:08 INFO     >>>>> Predictor: Evaluating on test
2025-06-07 13:54:33 INFO     Data : 4402
2025-06-07 13:54:33 INFO     Hit1 : 0.044298
2025-06-07 13:54:33 INFO     Hit3 : 0.086779
2025-06-07 13:54:33 INFO     Hit10: 0.143117
2025-06-07 13:54:33 INFO     MR   : 1090.692753
2025-06-07 13:54:33 INFO     MRR  : 0.079637
2025-06-07 13:54:33 INFO     >>>>> Predictor: Computing H scores of rules
2025-06-07 13:55:30 INFO     1000 12313
2025-06-07 13:56:27 INFO     2000 12313
2025-06-07 13:57:24 INFO     3000 12313
2025-06-07 13:58:21 INFO     4000 12313
2025-06-07 13:59:18 INFO     5000 12313
2025-06-07 14:00:15 INFO     6000 12313
2025-06-07 14:01:12 INFO     7000 12313
2025-06-07 14:02:09 INFO     8000 12313
2025-06-07 14:03:06 INFO     9000 12313
2025-06-07 14:04:02 INFO     10000 12313
2025-06-07 14:04:59 INFO     11000 12313
2025-06-07 14:05:56 INFO     12000 12313
2025-06-07 14:06:14 INFO     >>>>> Generator: Training
2025-06-07 14:06:15 INFO     -------------------------
2025-06-07 14:06:15 INFO     | EM Iteration: 5/5
2025-06-07 14:06:15 INFO     -------------------------
2025-06-07 14:06:15 INFO     >>>>> Generator: Rule generation with sampling
2025-06-07 14:06:15 INFO     Predictor: read 1590 rules from list.
2025-06-07 14:06:15 INFO     Preprocess training set
2025-06-07 14:06:15 INFO     >>>>> Predictor: Training
2025-06-07 14:07:08 INFO     1000 12313 8.244042 69340.6
2025-06-07 14:08:02 INFO     2000 12313 7.800829 69288.6
2025-06-07 14:08:55 INFO     3000 12313 7.587093 69366.7
2025-06-07 14:09:48 INFO     4000 12313 7.483174 69305.9
2025-06-07 14:10:42 INFO     5000 12313 7.368189 69323.3
2025-06-07 14:11:35 INFO     6000 12313 7.324214 69384.0
2025-06-07 14:12:28 INFO     7000 12313 7.269156 69279.9
2025-06-07 14:13:21 INFO     8000 12313 7.202413 69384.0
2025-06-07 14:14:14 INFO     9000 12313 7.207817 69366.7
2025-06-07 14:15:08 INFO     10000 12313 7.151229 69297.3
2025-06-07 14:16:01 INFO     11000 12313 7.112180 69279.9
2025-06-07 14:16:54 INFO     12000 12313 7.114671 69384.0
2025-06-07 14:17:10 INFO     >>>>> Predictor: Evaluating on valid
2025-06-07 14:17:32 INFO     Data : 3823
2025-06-07 14:17:32 INFO     Hit1 : 0.025373
2025-06-07 14:17:32 INFO     Hit3 : 0.055454
2025-06-07 14:17:32 INFO     Hit10: 0.104630
2025-06-07 14:17:32 INFO     MR   : 1187.657206
2025-06-07 14:17:32 INFO     MRR  : 0.054383
2025-06-07 14:17:32 INFO     >>>>> Predictor: Evaluating on test
2025-06-07 14:17:57 INFO     Data : 4402
2025-06-07 14:17:57 INFO     Hit1 : 0.030441
2025-06-07 14:17:57 INFO     Hit3 : 0.053612
2025-06-07 14:17:57 INFO     Hit10: 0.103816
2025-06-07 14:17:57 INFO     MR   : 1178.399364
2025-06-07 14:17:57 INFO     MRR  : 0.056082
2025-06-07 14:17:57 INFO     >>>>> Predictor: Computing H scores of rules
2025-06-07 14:18:55 INFO     1000 12313
2025-06-07 14:19:52 INFO     2000 12313
2025-06-07 14:20:51 INFO     3000 12313
2025-06-07 14:21:49 INFO     4000 12313
2025-06-07 14:22:49 INFO     5000 12313
2025-06-07 14:23:48 INFO     6000 12313
2025-06-07 14:24:48 INFO     7000 12313
2025-06-07 14:25:48 INFO     8000 12313
2025-06-07 14:26:48 INFO     9000 12313
2025-06-07 14:27:47 INFO     10000 12313
2025-06-07 14:28:45 INFO     11000 12313
2025-06-07 14:29:45 INFO     12000 12313
2025-06-07 14:30:03 INFO     >>>>> Generator: Training
2025-06-07 14:30:04 INFO     -------------------------
2025-06-07 14:30:04 INFO     | Post-train Generator
2025-06-07 14:30:04 INFO     -------------------------
2025-06-07 14:30:04 INFO     >>>>> Generator: Training
2025-06-07 14:30:10 INFO     [E1000] Total: 1.720466 | Main: 1.782656 | Aux: 0.524847
2025-06-07 14:30:10 INFO     -------------------------
2025-06-07 14:30:10 INFO     | Beam Search Best Rules
2025-06-07 14:30:10 INFO     -------------------------
2025-06-07 14:30:10 INFO     >>>>> Generator: Rule generation with beam search
2025-06-07 14:30:10 INFO     >>>>> Generator: Rule generation with beam search
2025-06-07 14:30:11 INFO     >>>>> Generator: Rule generation with beam search
2025-06-07 14:30:21 INFO     >>>>> Generator: Rule generation with beam search
2025-06-07 14:30:28 INFO     >>>>> Generator: Rule generation with beam search
2025-06-07 14:30:33 INFO     -------------------------
2025-06-07 14:30:33 INFO     | Train Final Predictor+
2025-06-07 14:30:33 INFO     -------------------------
2025-06-07 14:30:33 INFO     Predictor+: read 18420 rules from list.
2025-06-07 14:30:33 INFO     Preprocess training set
2025-06-07 14:30:33 INFO     -------------------------
2025-06-07 14:30:33 INFO     | Iteration: 1/5
2025-06-07 14:30:33 INFO     -------------------------
2025-06-07 14:30:33 INFO     >>>>> Predictor: Training
2025-06-07 14:38:15 INFO     1000 12313 4.679852 69314.6
2025-06-07 14:45:57 INFO     2000 12313 4.490588 69366.7
2025-06-07 14:53:48 INFO     3000 12313 4.450287 69279.9
2025-06-07 15:01:41 INFO     4000 12313 4.446307 69340.6
2025-06-07 15:09:26 INFO     5000 12313 4.479936 69236.6
2025-06-07 15:17:11 INFO     6000 12313 4.436222 69366.7
2025-06-07 15:24:56 INFO     7000 12313 4.423006 69323.3
2025-06-07 15:32:44 INFO     8000 12313 4.456674 69349.3
2025-06-07 15:40:29 INFO     9000 12313 4.421634 69384.0
2025-06-07 15:48:15 INFO     10000 12313 4.414029 69384.0
2025-06-07 15:55:59 INFO     11000 12313 4.436708 69288.6
2025-06-07 16:03:44 INFO     12000 12313 4.440740 69366.7
2025-06-07 16:06:10 INFO     >>>>> Predictor: Evaluating on valid
2025-06-07 16:09:32 INFO     Data : 3823
2025-06-07 16:09:32 INFO     Hit1 : 0.080565
2025-06-07 16:09:32 INFO     Hit3 : 0.163223
2025-06-07 16:09:32 INFO     Hit10: 0.296364
2025-06-07 16:09:32 INFO     MR   : 608.529035
2025-06-07 16:09:32 INFO     MRR  : 0.151716
2025-06-07 16:09:32 INFO     >>>>> Predictor: Evaluating on test
2025-06-07 16:13:26 INFO     Data : 4402
2025-06-07 16:13:26 INFO     Hit1 : 0.106997
2025-06-07 16:13:26 INFO     Hit3 : 0.196047
2025-06-07 16:13:26 INFO     Hit10: 0.324852
2025-06-07 16:13:26 INFO     MR   : 586.516811
2025-06-07 16:13:26 INFO     MRR  : 0.178631
2025-06-07 16:13:26 INFO     Save checkpoint to results/semmeddb/multitask/matrix_encode_relation/cluster_3/full/warmup/predictor.pt
2025-06-07 16:13:26 INFO     -------------------------
2025-06-07 16:13:26 INFO     | Iteration: 2/5
2025-06-07 16:13:26 INFO     -------------------------
2025-06-07 16:13:26 INFO     >>>>> Predictor: Training
2025-06-07 16:21:16 INFO     1000 12313 4.379386 69384.0
2025-06-07 16:28:59 INFO     2000 12313 4.377230 69384.0
2025-06-07 16:36:46 INFO     3000 12313 4.387258 69340.6
2025-06-07 16:44:35 INFO     4000 12313 4.392097 69305.9
2025-06-07 16:52:21 INFO     5000 12313 4.398996 69340.6
2025-06-07 17:00:03 INFO     6000 12313 4.407647 69297.3
2025-06-07 17:07:50 INFO     7000 12313 4.390085 69323.3
2025-06-07 17:15:32 INFO     8000 12313 4.413290 69366.7
2025-06-07 17:23:12 INFO     9000 12313 4.386118 69297.3
2025-06-07 17:30:54 INFO     10000 12313 4.399785 69366.7
2025-06-07 17:38:40 INFO     11000 12313 4.403173 69314.6
2025-06-07 17:46:27 INFO     12000 12313 4.413243 69279.9
2025-06-07 17:48:53 INFO     >>>>> Predictor: Evaluating on valid
2025-06-07 17:52:16 INFO     Data : 3823
2025-06-07 17:52:16 INFO     Hit1 : 0.078996
2025-06-07 17:52:16 INFO     Hit3 : 0.159561
2025-06-07 17:52:16 INFO     Hit10: 0.305781
2025-06-07 17:52:16 INFO     MR   : 592.333769
2025-06-07 17:52:16 INFO     MRR  : 0.150700
2025-06-07 17:52:16 INFO     >>>>> Predictor: Evaluating on test
2025-06-07 17:56:08 INFO     Data : 4402
2025-06-07 17:56:08 INFO     Hit1 : 0.114948
2025-06-07 17:56:08 INFO     Hit3 : 0.193094
2025-06-07 17:56:08 INFO     Hit10: 0.323716
2025-06-07 17:56:08 INFO     MR   : 565.929237
2025-06-07 17:56:08 INFO     MRR  : 0.183214
2025-06-07 17:56:08 INFO     -------------------------
2025-06-07 17:56:08 INFO     | Iteration: 3/5
2025-06-07 17:56:08 INFO     -------------------------
2025-06-07 17:56:08 INFO     >>>>> Predictor: Training
2025-06-07 18:03:48 INFO     1000 12313 4.383543 69262.6
2025-06-07 18:11:30 INFO     2000 12313 4.365931 69384.0
2025-06-07 18:19:16 INFO     3000 12313 4.346129 69262.6
2025-06-07 18:27:01 INFO     4000 12313 4.389525 69323.3
2025-06-07 18:34:47 INFO     5000 12313 4.357561 69366.7
2025-06-07 18:42:35 INFO     6000 12313 4.379133 69323.3
2025-06-07 18:50:30 INFO     7000 12313 4.387898 69366.7
2025-06-07 18:58:17 INFO     8000 12313 4.394101 69384.0
2025-06-07 19:06:05 INFO     9000 12313 4.374368 69349.3
2025-06-07 19:13:51 INFO     10000 12313 4.395793 69314.6
2025-06-07 19:21:31 INFO     11000 12313 4.357530 69349.3
2025-06-07 19:29:14 INFO     12000 12313 4.390150 69314.6
2025-06-07 19:31:39 INFO     >>>>> Predictor: Evaluating on valid
2025-06-07 19:34:59 INFO     Data : 3823
2025-06-07 19:34:59 INFO     Hit1 : 0.075857
2025-06-07 19:34:59 INFO     Hit3 : 0.162438
2025-06-07 19:34:59 INFO     Hit10: 0.303950
2025-06-07 19:34:59 INFO     MR   : 592.546299
2025-06-07 19:34:59 INFO     MRR  : 0.150172
2025-06-07 19:34:59 INFO     >>>>> Predictor: Evaluating on test
2025-06-07 19:38:48 INFO     Data : 4402
2025-06-07 19:38:48 INFO     Hit1 : 0.111767
2025-06-07 19:38:48 INFO     Hit3 : 0.199228
2025-06-07 19:38:48 INFO     Hit10: 0.327578
2025-06-07 19:38:48 INFO     MR   : 561.752045
2025-06-07 19:38:48 INFO     MRR  : 0.182683
2025-06-07 19:38:48 INFO     -------------------------
2025-06-07 19:38:48 INFO     | Iteration: 4/5
2025-06-07 19:38:48 INFO     -------------------------
2025-06-07 19:38:48 INFO     >>>>> Predictor: Training
2025-06-07 19:46:33 INFO     1000 12313 4.333294 69384.0
2025-06-07 19:54:14 INFO     2000 12313 4.354578 69340.6
2025-06-07 20:01:55 INFO     3000 12313 4.358753 69384.0
2025-06-07 20:09:47 INFO     4000 12313 4.389152 69253.9
2025-06-07 20:17:41 INFO     5000 12313 4.373747 69262.6
2025-06-07 20:25:34 INFO     6000 12313 4.388827 69340.6
2025-06-07 20:33:24 INFO     7000 12313 4.367882 69314.6
2025-06-07 20:41:16 INFO     8000 12313 4.345328 69323.3
2025-06-07 20:49:02 INFO     9000 12313 4.379089 69366.7
2025-06-07 20:56:47 INFO     10000 12313 4.351121 69349.3
2025-06-07 21:04:36 INFO     11000 12313 4.363356 69366.7
2025-06-07 21:12:22 INFO     12000 12313 4.378895 69366.7
2025-06-07 21:14:50 INFO     >>>>> Predictor: Evaluating on valid
2025-06-07 21:18:15 INFO     Data : 3823
2025-06-07 21:18:15 INFO     Hit1 : 0.076903
2025-06-07 21:18:15 INFO     Hit3 : 0.168454
2025-06-07 21:18:15 INFO     Hit10: 0.307612
2025-06-07 21:18:15 INFO     MR   : 582.695396
2025-06-07 21:18:15 INFO     MRR  : 0.150965
2025-06-07 21:18:15 INFO     >>>>> Predictor: Evaluating on test
2025-06-07 21:22:09 INFO     Data : 4402
2025-06-07 21:22:09 INFO     Hit1 : 0.114948
2025-06-07 21:22:09 INFO     Hit3 : 0.194684
2025-06-07 21:22:09 INFO     Hit10: 0.326443
2025-06-07 21:22:09 INFO     MR   : 552.400045
2025-06-07 21:22:09 INFO     MRR  : 0.184252
2025-06-07 21:22:09 INFO     -------------------------
2025-06-07 21:22:09 INFO     | Iteration: 5/5
2025-06-07 21:22:09 INFO     -------------------------
2025-06-07 21:22:09 INFO     >>>>> Predictor: Training
2025-06-07 21:29:56 INFO     1000 12313 4.332237 69323.3
2025-06-07 21:37:43 INFO     2000 12313 4.355669 69384.0
2025-06-07 21:45:25 INFO     3000 12313 4.353046 69245.2
2025-06-07 21:53:06 INFO     4000 12313 4.331222 69384.0
2025-06-07 22:00:44 INFO     5000 12313 4.379963 69366.7
2025-06-07 22:08:19 INFO     6000 12313 4.349649 69323.3
2025-06-07 22:16:07 INFO     7000 12313 4.371701 69384.0
2025-06-07 22:23:58 INFO     8000 12313 4.383166 69297.3
2025-06-07 22:31:49 INFO     9000 12313 4.359980 69384.0
2025-06-07 22:39:41 INFO     10000 12313 4.357581 69271.3
2025-06-07 22:47:36 INFO     11000 12313 4.360159 69340.6
2025-06-07 22:55:35 INFO     12000 12313 4.342607 69297.3
2025-06-07 22:58:04 INFO     >>>>> Predictor: Evaluating on valid
2025-06-07 23:01:32 INFO     Data : 3823
2025-06-07 23:01:32 INFO     Hit1 : 0.079257
2025-06-07 23:01:32 INFO     Hit3 : 0.168977
2025-06-07 23:01:32 INFO     Hit10: 0.301596
2025-06-07 23:01:32 INFO     MR   : 576.229139
2025-06-07 23:01:32 INFO     MRR  : 0.151928
2025-06-07 23:01:32 INFO     >>>>> Predictor: Evaluating on test
2025-06-07 23:05:26 INFO     Data : 4402
2025-06-07 23:05:26 INFO     Hit1 : 0.104044
2025-06-07 23:05:26 INFO     Hit3 : 0.190822
2025-06-07 23:05:26 INFO     Hit10: 0.322126
2025-06-07 23:05:26 INFO     MR   : 549.031349
2025-06-07 23:05:26 INFO     MRR  : 0.174977
2025-06-07 23:05:26 INFO     Save checkpoint to results/semmeddb/multitask/matrix_encode_relation/cluster_3/full/warmup/predictor.pt
2025-06-07 23:05:26 INFO     -------------------------
2025-06-07 23:05:26 INFO     | Final Test MRR: 0.174977
2025-06-07 23:05:26 INFO     -------------------------
