2025-07-09 06:12:16 INFO     is_soft_label: False
2025-07-09 06:12:16 INFO     is_scheduled_sampling: False
2025-07-09 06:12:16 INFO     is_test_mode: False
2025-07-09 06:12:17 INFO     Data loading | DONE!
2025-07-09 06:12:17 INFO     Using full datasets for training, validation, and testing.
2025-07-09 06:12:17 INFO     -------------------------
2025-07-09 06:12:17 INFO     | EM Iteration: 1/5
2025-07-09 06:12:17 INFO     -------------------------
2025-07-09 06:12:17 INFO     >>>>> Using miner's rule
2025-07-09 06:12:17 INFO     Predictor: read 13661 rules from list.
2025-07-09 06:12:18 INFO     Preprocess training set
2025-07-09 06:12:18 INFO     >>>>> Predictor: Evaluating on valid
2025-07-09 06:14:35 INFO     Data : 2077
2025-07-09 06:14:35 INFO     Hit1 : 0.065479
2025-07-09 06:14:35 INFO     Hit3 : 0.127106
2025-07-09 06:14:35 INFO     Hit10: 0.199326
2025-07-09 06:14:35 INFO     MR   : 1120.902022
2025-07-09 06:14:35 INFO     MRR  : 0.114382
2025-07-09 06:14:35 INFO     >>>>> Predictor: Evaluating on test
2025-07-09 06:17:09 INFO     Data : 2342
2025-07-09 06:17:09 INFO     Hit1 : 0.078992
2025-07-09 06:17:09 INFO     Hit3 : 0.124253
2025-07-09 06:17:09 INFO     Hit10: 0.208796
2025-07-09 06:17:09 INFO     MR   : 1044.269001
2025-07-09 06:17:09 INFO     MRR  : 0.122250
2025-07-09 06:17:09 INFO     >>>>> Predictor: Computing H scores of rules
2025-07-09 06:51:16 INFO     1000 5959
2025-07-09 07:26:38 INFO     2000 5959
2025-07-09 08:02:25 INFO     3000 5959
2025-07-09 08:38:23 INFO     4000 5959
2025-07-09 09:14:06 INFO     5000 5959
2025-07-09 09:50:44 INFO     >>>>> Generator: Training
2025-07-09 09:50:54 INFO     -------------------------
2025-07-09 09:50:54 INFO     | EM Iteration: 2/5
2025-07-09 09:50:54 INFO     -------------------------
2025-07-09 09:50:54 INFO     >>>>> Using Generator's sample rule
2025-07-09 09:50:54 INFO     >>>>> Generator: Rule generation with sampling
2025-07-09 09:50:54 INFO     Predictor: read 1910 rules from list.
2025-07-09 09:50:54 INFO     Preprocess training set
2025-07-09 09:50:54 INFO     >>>>> Predictor: Training
2025-07-09 09:52:01 INFO     1000 5959 8.778157 69314.6
2025-07-09 09:53:08 INFO     2000 5959 8.373362 69271.3
2025-07-09 09:54:15 INFO     3000 5959 8.155292 69245.2
2025-07-09 09:55:22 INFO     4000 5959 7.971729 69340.6
2025-07-09 09:56:29 INFO     5000 5959 7.795274 69340.6
2025-07-09 09:57:33 INFO     >>>>> Predictor: Evaluating on valid
2025-07-09 09:57:49 INFO     Data : 2077
2025-07-09 09:57:49 INFO     Hit1 : 0.018296
2025-07-09 09:57:49 INFO     Hit3 : 0.033221
2025-07-09 09:57:49 INFO     Hit10: 0.058257
2025-07-09 09:57:49 INFO     MR   : 1436.136013
2025-07-09 09:57:49 INFO     MRR  : 0.034028
2025-07-09 09:57:49 INFO     >>>>> Predictor: Evaluating on test
2025-07-09 09:58:08 INFO     Data : 2342
2025-07-09 09:58:08 INFO     Hit1 : 0.017079
2025-07-09 09:58:08 INFO     Hit3 : 0.033305
2025-07-09 09:58:08 INFO     Hit10: 0.060205
2025-07-09 09:58:08 INFO     MR   : 1332.858668
2025-07-09 09:58:08 INFO     MRR  : 0.034068
2025-07-09 09:58:08 INFO     >>>>> Predictor: Computing H scores of rules
2025-07-09 10:01:26 INFO     1000 5959
2025-07-09 10:04:42 INFO     2000 5959
2025-07-09 10:07:59 INFO     3000 5959
2025-07-09 10:11:17 INFO     4000 5959
2025-07-09 10:14:35 INFO     5000 5959
2025-07-09 10:17:49 INFO     >>>>> Generator: Training
2025-07-09 10:17:58 INFO     -------------------------
2025-07-09 10:17:58 INFO     | EM Iteration: 3/5
2025-07-09 10:17:58 INFO     -------------------------
2025-07-09 10:17:58 INFO     >>>>> Using Generator's sample rule
2025-07-09 10:17:58 INFO     >>>>> Generator: Rule generation with sampling
2025-07-09 10:17:58 INFO     Predictor: read 1911 rules from list.
2025-07-09 10:17:58 INFO     Preprocess training set
2025-07-09 10:17:58 INFO     >>>>> Predictor: Training
2025-07-09 10:19:05 INFO     1000 5959 8.801265 69332.0
2025-07-09 10:20:12 INFO     2000 5959 8.440395 69349.3
2025-07-09 10:21:19 INFO     3000 5959 8.212881 69184.5
2025-07-09 10:22:25 INFO     4000 5959 8.007957 69253.9
2025-07-09 10:23:32 INFO     5000 5959 7.911519 69332.0
2025-07-09 10:24:35 INFO     >>>>> Predictor: Evaluating on valid
2025-07-09 10:24:51 INFO     Data : 2077
2025-07-09 10:24:51 INFO     Hit1 : 0.013962
2025-07-09 10:24:51 INFO     Hit3 : 0.021666
2025-07-09 10:24:51 INFO     Hit10: 0.033221
2025-07-09 10:24:51 INFO     MR   : 1494.689215
2025-07-09 10:24:51 INFO     MRR  : 0.023842
2025-07-09 10:24:51 INFO     >>>>> Predictor: Evaluating on test
2025-07-09 10:25:08 INFO     Data : 2342
2025-07-09 10:25:08 INFO     Hit1 : 0.013664
2025-07-09 10:25:08 INFO     Hit3 : 0.019641
2025-07-09 10:25:08 INFO     Hit10: 0.028181
2025-07-09 10:25:08 INFO     MR   : 1378.732494
2025-07-09 10:25:08 INFO     MRR  : 0.022659
2025-07-09 10:25:08 INFO     >>>>> Predictor: Computing H scores of rules
2025-07-09 10:28:25 INFO     1000 5959
2025-07-09 10:31:42 INFO     2000 5959
2025-07-09 10:34:58 INFO     3000 5959
2025-07-09 10:38:15 INFO     4000 5959
2025-07-09 10:41:32 INFO     5000 5959
2025-07-09 10:44:43 INFO     >>>>> Generator: Training
2025-07-09 10:44:51 INFO     -------------------------
2025-07-09 10:44:51 INFO     | EM Iteration: 4/5
2025-07-09 10:44:51 INFO     -------------------------
2025-07-09 10:44:51 INFO     >>>>> Using Generator's sample rule
2025-07-09 10:44:51 INFO     >>>>> Generator: Rule generation with sampling
2025-07-09 10:44:52 INFO     Predictor: read 1928 rules from list.
2025-07-09 10:44:52 INFO     Preprocess training set
2025-07-09 10:44:52 INFO     >>>>> Predictor: Training
2025-07-09 10:45:58 INFO     1000 5959 8.787526 69271.3
2025-07-09 10:47:05 INFO     2000 5959 8.406225 69340.6
2025-07-09 10:48:12 INFO     3000 5959 8.140257 69384.0
2025-07-09 10:49:19 INFO     4000 5959 7.958239 69262.6
2025-07-09 10:50:25 INFO     5000 5959 7.799243 69332.0
2025-07-09 10:51:29 INFO     >>>>> Predictor: Evaluating on valid
2025-07-09 10:51:44 INFO     Data : 2077
2025-07-09 10:51:44 INFO     Hit1 : 0.010592
2025-07-09 10:51:44 INFO     Hit3 : 0.025036
2025-07-09 10:51:44 INFO     Hit10: 0.046702
2025-07-09 10:51:44 INFO     MR   : 1480.435243
2025-07-09 10:51:44 INFO     MRR  : 0.025936
2025-07-09 10:51:44 INFO     >>>>> Predictor: Evaluating on test
2025-07-09 10:52:02 INFO     Data : 2342
2025-07-09 10:52:02 INFO     Hit1 : 0.008967
2025-07-09 10:52:02 INFO     Hit3 : 0.020495
2025-07-09 10:52:02 INFO     Hit10: 0.041418
2025-07-09 10:52:02 INFO     MR   : 1366.691716
2025-07-09 10:52:02 INFO     MRR  : 0.023178
2025-07-09 10:52:02 INFO     >>>>> Predictor: Computing H scores of rules
2025-07-09 10:55:18 INFO     1000 5959
2025-07-09 10:58:35 INFO     2000 5959
2025-07-09 11:01:52 INFO     3000 5959
2025-07-09 11:05:09 INFO     4000 5959
2025-07-09 11:08:26 INFO     5000 5959
2025-07-09 11:11:36 INFO     >>>>> Generator: Training
2025-07-09 11:11:45 INFO     -------------------------
2025-07-09 11:11:45 INFO     | EM Iteration: 5/5
2025-07-09 11:11:45 INFO     -------------------------
2025-07-09 11:11:45 INFO     >>>>> Using Generator's sample rule
2025-07-09 11:11:45 INFO     >>>>> Generator: Rule generation with sampling
2025-07-09 11:11:45 INFO     Predictor: read 1954 rules from list.
2025-07-09 11:11:45 INFO     Preprocess training set
2025-07-09 11:11:45 INFO     >>>>> Predictor: Training
2025-07-09 11:12:52 INFO     1000 5959 8.823308 69332.0
2025-07-09 11:13:58 INFO     2000 5959 8.494090 69349.3
2025-07-09 11:15:06 INFO     3000 5959 8.288943 69340.6
2025-07-09 11:16:13 INFO     4000 5959 8.136858 69297.3
2025-07-09 11:17:21 INFO     5000 5959 8.034986 69219.2
2025-07-09 11:18:26 INFO     >>>>> Predictor: Evaluating on valid
2025-07-09 11:18:42 INFO     Data : 2077
2025-07-09 11:18:42 INFO     Hit1 : 0.024073
2025-07-09 11:18:42 INFO     Hit3 : 0.051035
2025-07-09 11:18:42 INFO     Hit10: 0.077997
2025-07-09 11:18:42 INFO     MR   : 1449.804526
2025-07-09 11:18:42 INFO     MRR  : 0.046191
2025-07-09 11:18:42 INFO     >>>>> Predictor: Evaluating on test
2025-07-09 11:19:00 INFO     Data : 2342
2025-07-09 11:19:00 INFO     Hit1 : 0.029035
2025-07-09 11:19:00 INFO     Hit3 : 0.052092
2025-07-09 11:19:00 INFO     Hit10: 0.077711
2025-07-09 11:19:00 INFO     MR   : 1350.263023
2025-07-09 11:19:00 INFO     MRR  : 0.049494
2025-07-09 11:19:00 INFO     >>>>> Predictor: Computing H scores of rules
2025-07-09 11:22:18 INFO     1000 5959
2025-07-09 11:25:36 INFO     2000 5959
2025-07-09 11:28:55 INFO     3000 5959
2025-07-09 11:32:13 INFO     4000 5959
2025-07-09 11:35:31 INFO     5000 5959
2025-07-09 11:38:42 INFO     >>>>> Generator: Training
2025-07-09 11:38:51 INFO     -------------------------
2025-07-09 11:38:51 INFO     | Post-train Generator
2025-07-09 11:38:51 INFO     -------------------------
2025-07-09 11:38:53 INFO     >>>>> Generator: Training
2025-07-09 11:40:23 INFO     [E01000] Total 2.969022 | Main 2.887865 | RelClus 1.704564 | EntType 2.848607
2025-07-09 11:40:23 INFO     -------------------------
2025-07-09 11:40:23 INFO     | Beam Search Best Rules
2025-07-09 11:40:23 INFO     -------------------------
2025-07-09 11:40:23 INFO     >>>>> Generator: Rule generation with beam search
2025-07-09 11:40:23 INFO     >>>>> Generator: Rule generation with beam search
2025-07-09 11:40:29 INFO     >>>>> Generator: Rule generation with beam search
2025-07-09 11:41:48 INFO     >>>>> Generator: Rule generation with beam search
2025-07-09 11:42:51 INFO     >>>>> Generator: Rule generation with beam search
2025-07-09 11:43:35 INFO     -------------------------
2025-07-09 11:43:35 INFO     | Train Final Predictor+
2025-07-09 11:43:35 INFO     -------------------------
2025-07-09 11:43:35 INFO     Predictor+: read 18420 rules from list.
2025-07-09 11:43:35 INFO     Preprocess training set
2025-07-09 11:43:35 INFO     -------------------------
2025-07-09 11:43:35 INFO     | Iteration: 1/5
2025-07-09 11:43:35 INFO     -------------------------
2025-07-09 11:43:35 INFO     >>>>> Predictor: Training
2025-07-09 11:48:38 INFO     1000 5959 4.896726 69271.3
2025-07-09 11:53:43 INFO     2000 5959 4.724778 69332.0
2025-07-09 11:58:48 INFO     3000 5959 4.707634 69375.3
2025-07-09 12:03:49 INFO     4000 5959 4.710594 69279.9
2025-07-09 12:08:49 INFO     5000 5959 4.679690 69349.3
2025-07-09 12:13:39 INFO     >>>>> Predictor: Evaluating on valid
2025-07-09 12:14:53 INFO     Data : 2077
2025-07-09 12:14:53 INFO     Hit1 : 0.100626
2025-07-09 12:14:53 INFO     Hit3 : 0.184401
2025-07-09 12:14:53 INFO     Hit10: 0.314877
2025-07-09 12:14:53 INFO     MR   : 985.691863
2025-07-09 12:14:53 INFO     MRR  : 0.168203
2025-07-09 12:14:53 INFO     >>>>> Predictor: Evaluating on test
2025-07-09 12:16:17 INFO     Data : 2342
2025-07-09 12:16:17 INFO     Hit1 : 0.129804
2025-07-09 12:16:17 INFO     Hit3 : 0.206234
2025-07-09 12:16:17 INFO     Hit10: 0.314688
2025-07-09 12:16:17 INFO     MR   : 920.401366
2025-07-09 12:16:17 INFO     MRR  : 0.191182
2025-07-09 12:16:17 INFO     Save checkpoint to results/semmeddb/10_times_each/cluster_k/3_20250709_061214/predictor.pt
2025-07-09 12:16:17 INFO     -------------------------
2025-07-09 12:16:17 INFO     | Iteration: 2/5
2025-07-09 12:16:17 INFO     -------------------------
2025-07-09 12:16:17 INFO     >>>>> Predictor: Training
2025-07-09 12:21:22 INFO     1000 5959 4.601351 69366.7
2025-07-09 12:26:26 INFO     2000 5959 4.650089 69375.3
2025-07-09 12:31:30 INFO     3000 5959 4.639016 69219.2
2025-07-09 12:36:34 INFO     4000 5959 4.651704 69305.9
2025-07-09 12:41:38 INFO     5000 5959 4.616029 69288.6
2025-07-09 12:46:28 INFO     >>>>> Predictor: Evaluating on valid
2025-07-09 12:47:43 INFO     Data : 2077
2025-07-09 12:47:43 INFO     Hit1 : 0.094848
2025-07-09 12:47:43 INFO     Hit3 : 0.186326
2025-07-09 12:47:43 INFO     Hit10: 0.316803
2025-07-09 12:47:43 INFO     MR   : 947.920799
2025-07-09 12:47:43 INFO     MRR  : 0.166351
2025-07-09 12:47:43 INFO     >>>>> Predictor: Evaluating on test
2025-07-09 12:49:07 INFO     Data : 2342
2025-07-09 12:49:07 INFO     Hit1 : 0.129377
2025-07-09 12:49:07 INFO     Hit3 : 0.212212
2025-07-09 12:49:07 INFO     Hit10: 0.315969
2025-07-09 12:49:07 INFO     MR   : 881.769855
2025-07-09 12:49:07 INFO     MRR  : 0.192978
2025-07-09 12:49:07 INFO     -------------------------
2025-07-09 12:49:07 INFO     | Iteration: 3/5
2025-07-09 12:49:07 INFO     -------------------------
2025-07-09 12:49:07 INFO     >>>>> Predictor: Training
2025-07-09 12:54:10 INFO     1000 5959 4.616437 69288.6
2025-07-09 12:59:13 INFO     2000 5959 4.618072 69288.6
2025-07-09 13:04:14 INFO     3000 5959 4.605795 69340.6
2025-07-09 13:09:21 INFO     4000 5959 4.613937 69271.3
2025-07-09 13:14:26 INFO     5000 5959 4.636716 69219.2
2025-07-09 13:19:20 INFO     >>>>> Predictor: Evaluating on valid
2025-07-09 13:20:36 INFO     Data : 2077
2025-07-09 13:20:36 INFO     Hit1 : 0.091478
2025-07-09 13:20:36 INFO     Hit3 : 0.179586
2025-07-09 13:20:36 INFO     Hit10: 0.303804
2025-07-09 13:20:36 INFO     MR   : 935.795137
2025-07-09 13:20:36 INFO     MRR  : 0.160554
2025-07-09 13:20:36 INFO     >>>>> Predictor: Evaluating on test
2025-07-09 13:22:00 INFO     Data : 2342
2025-07-09 13:22:00 INFO     Hit1 : 0.116140
2025-07-09 13:22:00 INFO     Hit3 : 0.197267
2025-07-09 13:22:00 INFO     Hit10: 0.316396
2025-07-09 13:22:00 INFO     MR   : 863.377882
2025-07-09 13:22:00 INFO     MRR  : 0.181215
2025-07-09 13:22:00 INFO     -------------------------
2025-07-09 13:22:00 INFO     | Iteration: 4/5
2025-07-09 13:22:00 INFO     -------------------------
2025-07-09 13:22:00 INFO     >>>>> Predictor: Training
2025-07-09 13:27:03 INFO     1000 5959 4.593536 69340.6
2025-07-09 13:32:09 INFO     2000 5959 4.563372 69184.5
2025-07-09 13:37:12 INFO     3000 5959 4.624926 69253.9
2025-07-09 13:42:17 INFO     4000 5959 4.598995 69340.6
2025-07-09 13:47:21 INFO     5000 5959 4.596499 69384.0
2025-07-09 13:52:12 INFO     >>>>> Predictor: Evaluating on valid
2025-07-09 13:53:28 INFO     Data : 2077
2025-07-09 13:53:28 INFO     Hit1 : 0.097256
2025-07-09 13:53:28 INFO     Hit3 : 0.181030
2025-07-09 13:53:28 INFO     Hit10: 0.313914
2025-07-09 13:53:28 INFO     MR   : 929.283582
2025-07-09 13:53:28 INFO     MRR  : 0.166293
2025-07-09 13:53:28 INFO     >>>>> Predictor: Evaluating on test
2025-07-09 13:54:53 INFO     Data : 2342
2025-07-09 13:54:53 INFO     Hit1 : 0.129804
2025-07-09 13:54:53 INFO     Hit3 : 0.212212
2025-07-09 13:54:53 INFO     Hit10: 0.319812
2025-07-09 13:54:53 INFO     MR   : 859.492101
2025-07-09 13:54:53 INFO     MRR  : 0.193757
2025-07-09 13:54:53 INFO     -------------------------
2025-07-09 13:54:53 INFO     | Iteration: 5/5
2025-07-09 13:54:53 INFO     -------------------------
2025-07-09 13:54:53 INFO     >>>>> Predictor: Training
2025-07-09 13:59:56 INFO     1000 5959 4.602182 69323.3
2025-07-09 14:04:58 INFO     2000 5959 4.582976 69332.0
2025-07-09 14:10:04 INFO     3000 5959 4.612536 69219.2
2025-07-09 14:15:09 INFO     4000 5959 4.609422 69297.3
2025-07-09 14:20:12 INFO     5000 5959 4.573543 69332.0
2025-07-09 14:25:05 INFO     >>>>> Predictor: Evaluating on valid
2025-07-09 14:26:20 INFO     Data : 2077
2025-07-09 14:26:20 INFO     Hit1 : 0.091478
2025-07-09 14:26:20 INFO     Hit3 : 0.178142
2025-07-09 14:26:20 INFO     Hit10: 0.315840
2025-07-09 14:26:20 INFO     MR   : 921.703900
2025-07-09 14:26:20 INFO     MRR  : 0.162446
2025-07-09 14:26:20 INFO     >>>>> Predictor: Evaluating on test
2025-07-09 14:27:44 INFO     Data : 2342
2025-07-09 14:27:44 INFO     Hit1 : 0.124680
2025-07-09 14:27:44 INFO     Hit3 : 0.211785
2025-07-09 14:27:44 INFO     Hit10: 0.318531
2025-07-09 14:27:44 INFO     MR   : 853.598207
2025-07-09 14:27:44 INFO     MRR  : 0.190846
2025-07-09 14:27:44 INFO     -------------------------
2025-07-09 14:27:44 INFO     | Final Test MRR: 0.191182
2025-07-09 14:27:44 INFO     -------------------------
