2025-07-16 22:36:48 INFO     Using full datasets for training, validation, and testing.
2025-07-16 22:36:48 INFO     -------------------------
2025-07-16 22:36:48 INFO     | Pre-train Generator
2025-07-16 22:36:48 INFO     -------------------------
2025-07-16 22:36:48 INFO     >>>>> Generator: Training
2025-07-16 22:36:59 INFO     1000 10000 1.640829
2025-07-16 22:37:09 INFO     2000 10000 1.555844
2025-07-16 22:37:19 INFO     3000 10000 1.544617
2025-07-16 22:37:30 INFO     4000 10000 1.539628
2025-07-16 22:37:40 INFO     5000 10000 1.541232
2025-07-16 22:37:50 INFO     6000 10000 1.537140
2025-07-16 22:38:00 INFO     7000 10000 1.535005
2025-07-16 22:38:10 INFO     8000 10000 1.534639
2025-07-16 22:38:15 INFO     9000 10000 1.533593
2025-07-16 22:38:20 INFO     10000 10000 1.531518
2025-07-16 22:38:20 INFO     -------------------------
2025-07-16 22:38:20 INFO     | EM Iteration: 1/5
2025-07-16 22:38:20 INFO     -------------------------
2025-07-16 22:38:20 INFO     >>>>> Generator: Rule generation with sampling
2025-07-16 22:38:20 INFO     Sampled rules len: 1273
2025-07-16 22:38:20 INFO     Predictor: read 1273 rules from list.
2025-07-16 22:38:20 INFO     Preprocess training set
2025-07-16 22:38:20 INFO     >>>>> Predictor: Training
2025-07-16 22:39:10 INFO     1000 12313 8.229463 69358.0
2025-07-16 22:39:58 INFO     2000 12313 7.790632 69332.0
2025-07-16 22:40:47 INFO     3000 12313 7.568753 69384.0
2025-07-16 22:41:35 INFO     4000 12313 7.456649 69279.9
2025-07-16 22:42:23 INFO     5000 12313 7.343764 69332.0
2025-07-16 22:43:12 INFO     6000 12313 7.263716 69384.0
2025-07-16 22:44:00 INFO     7000 12313 7.183213 69297.3
2025-07-16 22:44:48 INFO     8000 12313 7.172456 69323.3
2025-07-16 22:45:37 INFO     9000 12313 7.101312 69358.0
2025-07-16 22:46:25 INFO     10000 12313 7.091323 69332.0
2025-07-16 22:47:13 INFO     11000 12313 7.051391 69366.7
2025-07-16 22:48:02 INFO     12000 12313 7.024152 69279.9
2025-07-16 22:48:17 INFO     >>>>> Predictor: Evaluating on valid
2025-07-16 22:48:37 INFO     Data : 3823
2025-07-16 22:48:37 INFO     Hit1 : 0.027465
2025-07-16 22:48:37 INFO     Hit3 : 0.052577
2025-07-16 22:48:37 INFO     Hit10: 0.101229
2025-07-16 22:48:37 INFO     MR   : 1195.106330
2025-07-16 22:48:37 INFO     MRR  : 0.053602
2025-07-16 22:48:37 INFO     >>>>> Predictor: Evaluating on test
2025-07-16 22:48:59 INFO     Data : 4402
2025-07-16 22:48:59 INFO     Hit1 : 0.035211
2025-07-16 22:48:59 INFO     Hit3 : 0.062699
2025-07-16 22:48:59 INFO     Hit10: 0.101772
2025-07-16 22:48:59 INFO     MR   : 1186.579396
2025-07-16 22:48:59 INFO     MRR  : 0.060466
2025-07-16 22:48:59 INFO     >>>>> Predictor: Computing H scores of rules
2025-07-16 22:49:53 INFO     1000 12313
2025-07-16 22:50:47 INFO     2000 12313
2025-07-16 22:51:40 INFO     3000 12313
2025-07-16 22:52:33 INFO     4000 12313
2025-07-16 22:53:27 INFO     5000 12313
2025-07-16 22:54:21 INFO     6000 12313
2025-07-16 22:55:16 INFO     7000 12313
2025-07-16 22:56:09 INFO     8000 12313
2025-07-16 22:57:03 INFO     9000 12313
2025-07-16 22:57:56 INFO     10000 12313
2025-07-16 22:58:49 INFO     11000 12313
2025-07-16 22:59:43 INFO     12000 12313
2025-07-16 23:00:01 INFO     >>>>> Generator: Training
2025-07-16 23:00:02 INFO     -------------------------
2025-07-16 23:00:02 INFO     | EM Iteration: 2/5
2025-07-16 23:00:02 INFO     -------------------------
2025-07-16 23:00:02 INFO     >>>>> Generator: Rule generation with sampling
2025-07-16 23:00:02 INFO     Sampled rules len: 1343
2025-07-16 23:00:02 INFO     Predictor: read 1343 rules from list.
2025-07-16 23:00:02 INFO     Preprocess training set
2025-07-16 23:00:02 INFO     >>>>> Predictor: Training
2025-07-16 23:00:52 INFO     1000 12313 8.241986 69366.7
2025-07-16 23:01:43 INFO     2000 12313 7.759912 69279.9
2025-07-16 23:02:33 INFO     3000 12313 7.582108 69253.9
2025-07-16 23:03:24 INFO     4000 12313 7.429486 69340.6
2025-07-16 23:04:14 INFO     5000 12313 7.350488 69366.7
2025-07-16 23:05:04 INFO     6000 12313 7.261388 69358.0
2025-07-16 23:05:55 INFO     7000 12313 7.222039 69366.7
2025-07-16 23:06:46 INFO     8000 12313 7.201439 69384.0
2025-07-16 23:07:36 INFO     9000 12313 7.163070 69262.6
2025-07-16 23:08:27 INFO     10000 12313 7.137437 69323.3
2025-07-16 23:09:19 INFO     11000 12313 7.108201 69366.7
2025-07-16 23:10:09 INFO     12000 12313 7.093864 69332.0
2025-07-16 23:10:26 INFO     >>>>> Predictor: Evaluating on valid
2025-07-16 23:10:44 INFO     Data : 3823
2025-07-16 23:10:44 INFO     Hit1 : 0.028250
2025-07-16 23:10:44 INFO     Hit3 : 0.060947
2025-07-16 23:10:44 INFO     Hit10: 0.122155
2025-07-16 23:10:44 INFO     MR   : 1155.158645
2025-07-16 23:10:44 INFO     MRR  : 0.059915
2025-07-16 23:10:44 INFO     >>>>> Predictor: Evaluating on test
2025-07-16 23:11:05 INFO     Data : 4402
2025-07-16 23:11:05 INFO     Hit1 : 0.037029
2025-07-16 23:11:05 INFO     Hit3 : 0.067697
2025-07-16 23:11:05 INFO     Hit10: 0.121308
2025-07-16 23:11:05 INFO     MR   : 1151.854952
2025-07-16 23:11:05 INFO     MRR  : 0.066256
2025-07-16 23:11:05 INFO     >>>>> Predictor: Computing H scores of rules
2025-07-16 23:12:01 INFO     1000 12313
2025-07-16 23:12:56 INFO     2000 12313
2025-07-16 23:13:52 INFO     3000 12313
2025-07-16 23:14:48 INFO     4000 12313
2025-07-16 23:15:45 INFO     5000 12313
2025-07-16 23:16:42 INFO     6000 12313
2025-07-16 23:17:39 INFO     7000 12313
2025-07-16 23:18:36 INFO     8000 12313
2025-07-16 23:19:33 INFO     9000 12313
2025-07-16 23:20:29 INFO     10000 12313
2025-07-16 23:21:25 INFO     11000 12313
2025-07-16 23:22:22 INFO     12000 12313
2025-07-16 23:22:39 INFO     >>>>> Generator: Training
2025-07-16 23:22:40 INFO     -------------------------
2025-07-16 23:22:40 INFO     | EM Iteration: 3/5
2025-07-16 23:22:40 INFO     -------------------------
2025-07-16 23:22:40 INFO     >>>>> Generator: Rule generation with sampling
2025-07-16 23:22:40 INFO     Sampled rules len: 1412
2025-07-16 23:22:40 INFO     Predictor: read 1412 rules from list.
2025-07-16 23:22:40 INFO     Preprocess training set
2025-07-16 23:22:40 INFO     >>>>> Predictor: Training
2025-07-16 23:23:33 INFO     1000 12313 8.186434 69384.0
2025-07-16 23:24:25 INFO     2000 12313 7.698380 69384.0
2025-07-16 23:25:17 INFO     3000 12313 7.438209 69253.9
2025-07-16 23:26:08 INFO     4000 12313 7.297554 69323.3
2025-07-16 23:27:00 INFO     5000 12313 7.178202 69384.0
2025-07-16 23:27:52 INFO     6000 12313 7.059516 69323.3
2025-07-16 23:28:43 INFO     7000 12313 6.974232 69366.7
2025-07-16 23:29:35 INFO     8000 12313 6.907799 69332.0
2025-07-16 23:30:27 INFO     9000 12313 6.803359 69384.0
2025-07-16 23:31:19 INFO     10000 12313 6.806268 69227.9
2025-07-16 23:32:11 INFO     11000 12313 6.750974 69340.6
2025-07-16 23:33:04 INFO     12000 12313 6.717755 69297.3
2025-07-16 23:33:21 INFO     >>>>> Predictor: Evaluating on valid
2025-07-16 23:33:41 INFO     Data : 3823
2025-07-16 23:33:41 INFO     Hit1 : 0.030604
2025-07-16 23:33:41 INFO     Hit3 : 0.063301
2025-07-16 23:33:41 INFO     Hit10: 0.123202
2025-07-16 23:33:41 INFO     MR   : 1145.815328
2025-07-16 23:33:41 INFO     MRR  : 0.062217
2025-07-16 23:33:41 INFO     >>>>> Predictor: Evaluating on test
2025-07-16 23:34:05 INFO     Data : 4402
2025-07-16 23:34:05 INFO     Hit1 : 0.035666
2025-07-16 23:34:05 INFO     Hit3 : 0.069514
2025-07-16 23:34:05 INFO     Hit10: 0.126533
2025-07-16 23:34:05 INFO     MR   : 1125.611427
2025-07-16 23:34:05 INFO     MRR  : 0.067341
2025-07-16 23:34:05 INFO     >>>>> Predictor: Computing H scores of rules
2025-07-16 23:35:01 INFO     1000 12313
2025-07-16 23:35:59 INFO     2000 12313
2025-07-16 23:36:58 INFO     3000 12313
2025-07-16 23:37:55 INFO     4000 12313
2025-07-16 23:38:53 INFO     5000 12313
2025-07-16 23:39:52 INFO     6000 12313
2025-07-16 23:40:49 INFO     7000 12313
2025-07-16 23:41:47 INFO     8000 12313
2025-07-16 23:42:45 INFO     9000 12313
2025-07-16 23:43:43 INFO     10000 12313
2025-07-16 23:44:42 INFO     11000 12313
2025-07-16 23:45:40 INFO     12000 12313
2025-07-16 23:45:59 INFO     >>>>> Generator: Training
2025-07-16 23:45:59 INFO     -------------------------
2025-07-16 23:45:59 INFO     | EM Iteration: 4/5
2025-07-16 23:45:59 INFO     -------------------------
2025-07-16 23:45:59 INFO     >>>>> Generator: Rule generation with sampling
2025-07-16 23:46:00 INFO     Sampled rules len: 1426
2025-07-16 23:46:00 INFO     Predictor: read 1426 rules from list.
2025-07-16 23:46:00 INFO     Preprocess training set
2025-07-16 23:46:00 INFO     >>>>> Predictor: Training
2025-07-16 23:46:51 INFO     1000 12313 8.235441 69314.6
2025-07-16 23:47:44 INFO     2000 12313 7.752048 69279.9
2025-07-16 23:48:36 INFO     3000 12313 7.502660 69366.7
2025-07-16 23:49:28 INFO     4000 12313 7.384731 69366.7
2025-07-16 23:50:21 INFO     5000 12313 7.285630 69288.6
2025-07-16 23:51:14 INFO     6000 12313 7.194170 69340.6
2025-07-16 23:52:06 INFO     7000 12313 7.106842 69384.0
2025-07-16 23:52:58 INFO     8000 12313 7.037347 69340.6
2025-07-16 23:53:51 INFO     9000 12313 7.031454 69384.0
2025-07-16 23:54:42 INFO     10000 12313 6.975618 69288.6
2025-07-16 23:55:34 INFO     11000 12313 6.936382 69262.6
2025-07-16 23:56:26 INFO     12000 12313 6.945867 69384.0
2025-07-16 23:56:43 INFO     >>>>> Predictor: Evaluating on valid
2025-07-16 23:57:05 INFO     Data : 3823
2025-07-16 23:57:05 INFO     Hit1 : 0.034789
2025-07-16 23:57:05 INFO     Hit3 : 0.073764
2025-07-16 23:57:05 INFO     Hit10: 0.144128
2025-07-16 23:57:05 INFO     MR   : 1091.815328
2025-07-16 23:57:05 INFO     MRR  : 0.071208
2025-07-16 23:57:05 INFO     >>>>> Predictor: Evaluating on test
2025-07-16 23:57:31 INFO     Data : 4402
2025-07-16 23:57:31 INFO     Hit1 : 0.044980
2025-07-16 23:57:31 INFO     Hit3 : 0.086552
2025-07-16 23:57:31 INFO     Hit10: 0.149023
2025-07-16 23:57:31 INFO     MR   : 1099.592344
2025-07-16 23:57:31 INFO     MRR  : 0.080133
2025-07-16 23:57:31 INFO     >>>>> Predictor: Computing H scores of rules
2025-07-16 23:58:29 INFO     1000 12313
2025-07-16 23:59:27 INFO     2000 12313
2025-07-17 00:00:25 INFO     3000 12313
2025-07-17 00:01:23 INFO     4000 12313
2025-07-17 00:02:22 INFO     5000 12313
2025-07-17 00:03:20 INFO     6000 12313
2025-07-17 00:04:18 INFO     7000 12313
2025-07-17 00:05:17 INFO     8000 12313
2025-07-17 00:06:14 INFO     9000 12313
2025-07-17 00:07:13 INFO     10000 12313
2025-07-17 00:08:11 INFO     11000 12313
2025-07-17 00:09:10 INFO     12000 12313
2025-07-17 00:09:29 INFO     >>>>> Generator: Training
2025-07-17 00:09:30 INFO     -------------------------
2025-07-17 00:09:30 INFO     | EM Iteration: 5/5
2025-07-17 00:09:30 INFO     -------------------------
2025-07-17 00:09:30 INFO     >>>>> Generator: Rule generation with sampling
2025-07-17 00:09:30 INFO     Sampled rules len: 1482
2025-07-17 00:09:30 INFO     Predictor: read 1482 rules from list.
2025-07-17 00:09:30 INFO     Preprocess training set
2025-07-17 00:09:30 INFO     >>>>> Predictor: Training
2025-07-17 00:10:22 INFO     1000 12313 8.242797 69340.6
2025-07-17 00:11:16 INFO     2000 12313 7.792697 69288.6
2025-07-17 00:12:08 INFO     3000 12313 7.584489 69366.7
2025-07-17 00:13:01 INFO     4000 12313 7.471291 69305.9
2025-07-17 00:13:54 INFO     5000 12313 7.356705 69323.3
2025-07-17 00:14:47 INFO     6000 12313 7.310716 69384.0
2025-07-17 00:15:39 INFO     7000 12313 7.266276 69279.9
2025-07-17 00:16:32 INFO     8000 12313 7.194208 69384.0
2025-07-17 00:17:25 INFO     9000 12313 7.197570 69366.7
2025-07-17 00:18:19 INFO     10000 12313 7.156825 69297.3
2025-07-17 00:19:11 INFO     11000 12313 7.124651 69279.9
2025-07-17 00:20:05 INFO     12000 12313 7.133007 69384.0
2025-07-17 00:20:21 INFO     >>>>> Predictor: Evaluating on valid
2025-07-17 00:20:43 INFO     Data : 3823
2025-07-17 00:20:43 INFO     Hit1 : 0.031651
2025-07-17 00:20:43 INFO     Hit3 : 0.056762
2025-07-17 00:20:43 INFO     Hit10: 0.104891
2025-07-17 00:20:43 INFO     MR   : 1203.755820
2025-07-17 00:20:43 INFO     MRR  : 0.057972
2025-07-17 00:20:43 INFO     >>>>> Predictor: Evaluating on test
2025-07-17 00:21:09 INFO     Data : 4402
2025-07-17 00:21:09 INFO     Hit1 : 0.030668
2025-07-17 00:21:09 INFO     Hit3 : 0.060881
2025-07-17 00:21:09 INFO     Hit10: 0.105407
2025-07-17 00:21:09 INFO     MR   : 1188.294980
2025-07-17 00:21:09 INFO     MRR  : 0.057983
2025-07-17 00:21:09 INFO     >>>>> Predictor: Computing H scores of rules
2025-07-17 00:22:07 INFO     1000 12313
2025-07-17 00:23:06 INFO     2000 12313
2025-07-17 00:24:06 INFO     3000 12313
2025-07-17 00:25:04 INFO     4000 12313
2025-07-17 00:26:02 INFO     5000 12313
2025-07-17 00:27:01 INFO     6000 12313
2025-07-17 00:27:59 INFO     7000 12313
2025-07-17 00:28:57 INFO     8000 12313
2025-07-17 00:29:57 INFO     9000 12313
2025-07-17 00:30:55 INFO     10000 12313
2025-07-17 00:31:53 INFO     11000 12313
2025-07-17 00:32:51 INFO     12000 12313
2025-07-17 00:33:09 INFO     >>>>> Generator: Training
2025-07-17 00:33:10 INFO     -------------------------
2025-07-17 00:33:10 INFO     | Post-train Generator
2025-07-17 00:33:10 INFO     -------------------------
2025-07-17 00:33:10 INFO     >>>>> Generator: Training
2025-07-17 00:33:14 INFO     1000 1000 1.740982
2025-07-17 00:33:14 INFO     -------------------------
2025-07-17 00:33:14 INFO     | Beam Search Best Rules
2025-07-17 00:33:14 INFO     -------------------------
2025-07-17 00:33:14 INFO     >>>>> Generator: Rule generation with beam search
2025-07-17 00:33:14 INFO     >>>>> Generator: Rule generation with beam search
2025-07-17 00:33:16 INFO     >>>>> Generator: Rule generation with beam search
2025-07-17 00:33:27 INFO     >>>>> Generator: Rule generation with beam search
2025-07-17 00:33:50 INFO     >>>>> Generator: Rule generation with beam search
2025-07-17 00:34:06 INFO     -------------------------
2025-07-17 00:34:06 INFO     | Train Final Predictor+
2025-07-17 00:34:06 INFO     -------------------------
2025-07-17 00:34:06 INFO     Predictor+: read 18420 rules from list.
2025-07-17 00:34:06 INFO     Preprocess training set
2025-07-17 00:34:06 INFO     -------------------------
2025-07-17 00:34:06 INFO     | Iteration: 1/5
2025-07-17 00:34:06 INFO     -------------------------
2025-07-17 00:34:06 INFO     >>>>> Predictor: Training
2025-07-17 00:42:31 INFO     1000 12313 4.699504 69314.6
2025-07-17 00:50:20 INFO     2000 12313 4.493966 69366.7
2025-07-17 00:58:09 INFO     3000 12313 4.453703 69279.9
2025-07-17 01:05:53 INFO     4000 12313 4.444903 69340.6
2025-07-17 01:13:42 INFO     5000 12313 4.482564 69236.6
2025-07-17 01:21:32 INFO     6000 12313 4.446658 69366.7
2025-07-17 01:29:18 INFO     7000 12313 4.426255 69323.3
2025-07-17 01:37:08 INFO     8000 12313 4.462045 69349.3
2025-07-17 01:45:00 INFO     9000 12313 4.425783 69384.0
2025-07-17 01:52:48 INFO     10000 12313 4.420618 69384.0
2025-07-17 02:00:37 INFO     11000 12313 4.443691 69288.6
2025-07-17 02:08:23 INFO     12000 12313 4.446858 69366.7
2025-07-17 02:10:49 INFO     >>>>> Predictor: Evaluating on valid
2025-07-17 02:14:14 INFO     Data : 3823
2025-07-17 02:14:14 INFO     Hit1 : 0.076380
2025-07-17 02:14:14 INFO     Hit3 : 0.155637
2025-07-17 02:14:14 INFO     Hit10: 0.293225
2025-07-17 02:14:14 INFO     MR   : 630.620586
2025-07-17 02:14:14 INFO     MRR  : 0.146402
2025-07-17 02:14:14 INFO     >>>>> Predictor: Evaluating on test
2025-07-17 02:18:11 INFO     Data : 4402
2025-07-17 02:18:11 INFO     Hit1 : 0.100182
2025-07-17 02:18:11 INFO     Hit3 : 0.192413
2025-07-17 02:18:11 INFO     Hit10: 0.322353
2025-07-17 02:18:11 INFO     MR   : 617.773853
2025-07-17 02:18:11 INFO     MRR  : 0.173267
2025-07-17 02:18:11 INFO     Save checkpoint to results/semmeddb/10_times_each/original_rnnlogic/1_20250716_223646/predictor.pt
2025-07-17 02:18:11 INFO     -------------------------
2025-07-17 02:18:11 INFO     | Iteration: 2/5
2025-07-17 02:18:11 INFO     -------------------------
2025-07-17 02:18:11 INFO     >>>>> Predictor: Training
2025-07-17 02:25:57 INFO     1000 12313 4.383679 69384.0
2025-07-17 02:33:42 INFO     2000 12313 4.379537 69384.0
2025-07-17 02:41:36 INFO     3000 12313 4.393554 69340.6
2025-07-17 02:49:32 INFO     4000 12313 4.397886 69305.9
2025-07-17 02:57:31 INFO     5000 12313 4.406238 69340.6
2025-07-17 03:05:24 INFO     6000 12313 4.407723 69297.3
2025-07-17 03:13:17 INFO     7000 12313 4.392007 69323.3
2025-07-17 03:21:07 INFO     8000 12313 4.419295 69366.7
2025-07-17 03:28:55 INFO     9000 12313 4.391190 69297.3
2025-07-17 03:36:40 INFO     10000 12313 4.404099 69366.7
2025-07-17 03:44:33 INFO     11000 12313 4.407960 69314.6
2025-07-17 03:52:24 INFO     12000 12313 4.419575 69279.9
2025-07-17 03:54:50 INFO     >>>>> Predictor: Evaluating on valid
2025-07-17 03:58:18 INFO     Data : 3823
2025-07-17 03:58:18 INFO     Hit1 : 0.078734
2025-07-17 03:58:18 INFO     Hit3 : 0.156945
2025-07-17 03:58:18 INFO     Hit10: 0.295579
2025-07-17 03:58:18 INFO     MR   : 615.280016
2025-07-17 03:58:18 INFO     MRR  : 0.148163
2025-07-17 03:58:18 INFO     >>>>> Predictor: Evaluating on test
2025-07-17 04:02:17 INFO     Data : 4402
2025-07-17 04:02:17 INFO     Hit1 : 0.114721
2025-07-17 04:02:17 INFO     Hit3 : 0.195139
2025-07-17 04:02:17 INFO     Hit10: 0.323716
2025-07-17 04:02:17 INFO     MR   : 593.183326
2025-07-17 04:02:17 INFO     MRR  : 0.182132
2025-07-17 04:02:17 INFO     Save checkpoint to results/semmeddb/10_times_each/original_rnnlogic/1_20250716_223646/predictor.pt
2025-07-17 04:02:17 INFO     -------------------------
2025-07-17 04:02:17 INFO     | Iteration: 3/5
2025-07-17 04:02:17 INFO     -------------------------
2025-07-17 04:02:17 INFO     >>>>> Predictor: Training
2025-07-17 04:10:08 INFO     1000 12313 4.384861 69262.6
2025-07-17 04:18:02 INFO     2000 12313 4.369159 69384.0
2025-07-17 04:25:53 INFO     3000 12313 4.350547 69262.6
2025-07-17 04:33:42 INFO     4000 12313 4.393933 69323.3
2025-07-17 04:41:28 INFO     5000 12313 4.361978 69366.7
2025-07-17 04:49:14 INFO     6000 12313 4.383130 69323.3
2025-07-17 04:57:02 INFO     7000 12313 4.389984 69366.7
2025-07-17 05:04:48 INFO     8000 12313 4.399468 69384.0
2025-07-17 05:12:41 INFO     9000 12313 4.379743 69349.3
2025-07-17 05:20:39 INFO     10000 12313 4.401469 69314.6
2025-07-17 05:28:34 INFO     11000 12313 4.363760 69349.3
2025-07-17 05:36:28 INFO     12000 12313 4.399193 69314.6
2025-07-17 05:38:56 INFO     >>>>> Predictor: Evaluating on valid
2025-07-17 05:42:22 INFO     Data : 3823
2025-07-17 05:42:22 INFO     Hit1 : 0.083704
2025-07-17 05:42:22 INFO     Hit3 : 0.165054
2025-07-17 05:42:22 INFO     Hit10: 0.300811
2025-07-17 05:42:22 INFO     MR   : 611.552838
2025-07-17 05:42:22 INFO     MRR  : 0.153056
2025-07-17 05:42:22 INFO     >>>>> Predictor: Evaluating on test
2025-07-17 05:46:17 INFO     Data : 4402
2025-07-17 05:46:17 INFO     Hit1 : 0.109723
2025-07-17 05:46:17 INFO     Hit3 : 0.201499
2025-07-17 05:46:17 INFO     Hit10: 0.331213
2025-07-17 05:46:17 INFO     MR   : 583.081554
2025-07-17 05:46:17 INFO     MRR  : 0.181453
2025-07-17 05:46:17 INFO     Save checkpoint to results/semmeddb/10_times_each/original_rnnlogic/1_20250716_223646/predictor.pt
2025-07-17 05:46:17 INFO     -------------------------
2025-07-17 05:46:17 INFO     | Iteration: 4/5
2025-07-17 05:46:17 INFO     -------------------------
2025-07-17 05:46:17 INFO     >>>>> Predictor: Training
2025-07-17 05:54:08 INFO     1000 12313 4.338909 69384.0
2025-07-17 06:01:56 INFO     2000 12313 4.358653 69340.6
2025-07-17 06:09:44 INFO     3000 12313 4.365284 69384.0
2025-07-17 06:17:40 INFO     4000 12313 4.395412 69253.9
2025-07-17 06:25:31 INFO     5000 12313 4.380461 69262.6
2025-07-17 06:33:27 INFO     6000 12313 4.392872 69340.6
2025-07-17 06:41:22 INFO     7000 12313 4.373150 69314.6
2025-07-17 06:49:14 INFO     8000 12313 4.353545 69323.3
2025-07-17 06:57:07 INFO     9000 12313 4.386025 69366.7
2025-07-17 07:04:53 INFO     10000 12313 4.354732 69349.3
2025-07-17 07:12:40 INFO     11000 12313 4.370392 69366.7
2025-07-17 07:20:27 INFO     12000 12313 4.382295 69366.7
2025-07-17 07:22:53 INFO     >>>>> Predictor: Evaluating on valid
2025-07-17 07:26:18 INFO     Data : 3823
2025-07-17 07:26:18 INFO     Hit1 : 0.080827
2025-07-17 07:26:18 INFO     Hit3 : 0.169239
2025-07-17 07:26:18 INFO     Hit10: 0.296364
2025-07-17 07:26:18 INFO     MR   : 604.104630
2025-07-17 07:26:18 INFO     MRR  : 0.151979
2025-07-17 07:26:18 INFO     >>>>> Predictor: Evaluating on test
2025-07-17 07:30:14 INFO     Data : 4402
2025-07-17 07:30:14 INFO     Hit1 : 0.109269
2025-07-17 07:30:14 INFO     Hit3 : 0.195366
2025-07-17 07:30:14 INFO     Hit10: 0.321899
2025-07-17 07:30:14 INFO     MR   : 578.553158
2025-07-17 07:30:14 INFO     MRR  : 0.179638
2025-07-17 07:30:14 INFO     -------------------------
2025-07-17 07:30:14 INFO     | Iteration: 5/5
2025-07-17 07:30:14 INFO     -------------------------
2025-07-17 07:30:14 INFO     >>>>> Predictor: Training
2025-07-17 07:38:08 INFO     1000 12313 4.336083 69323.3
2025-07-17 07:45:56 INFO     2000 12313 4.363494 69384.0
2025-07-17 07:53:44 INFO     3000 12313 4.356553 69245.2
2025-07-17 08:01:37 INFO     4000 12313 4.339104 69384.0
2025-07-17 08:09:33 INFO     5000 12313 4.388725 69366.7
2025-07-17 08:17:25 INFO     6000 12313 4.358837 69323.3
2025-07-17 08:25:16 INFO     7000 12313 4.378545 69384.0
2025-07-17 08:33:04 INFO     8000 12313 4.388221 69297.3
2025-07-17 08:40:58 INFO     9000 12313 4.367523 69384.0
2025-07-17 08:48:48 INFO     10000 12313 4.362925 69271.3
2025-07-17 08:56:41 INFO     11000 12313 4.364412 69340.6
2025-07-17 09:04:34 INFO     12000 12313 4.346491 69297.3
2025-07-17 09:07:03 INFO     >>>>> Predictor: Evaluating on valid
2025-07-17 09:10:28 INFO     Data : 3823
2025-07-17 09:10:28 INFO     Hit1 : 0.081088
2025-07-17 09:10:28 INFO     Hit3 : 0.166885
2025-07-17 09:10:28 INFO     Hit10: 0.298718
2025-07-17 09:10:28 INFO     MR   : 598.764321
2025-07-17 09:10:28 INFO     MRR  : 0.152254
2025-07-17 09:10:28 INFO     >>>>> Predictor: Evaluating on test
2025-07-17 09:14:26 INFO     Data : 4402
2025-07-17 09:14:26 INFO     Hit1 : 0.107678
2025-07-17 09:14:26 INFO     Hit3 : 0.189459
2025-07-17 09:14:26 INFO     Hit10: 0.317356
2025-07-17 09:14:26 INFO     MR   : 575.313721
2025-07-17 09:14:26 INFO     MRR  : 0.176131
2025-07-17 09:14:26 INFO     -------------------------
2025-07-17 09:14:26 INFO     | Final Test MRR: 0.181453
2025-07-17 09:14:26 INFO     -------------------------
