2025-07-25 00:52:33 INFO     is_soft_label: True
2025-07-25 00:52:33 INFO     is_scheduled_sampling: False
2025-07-25 00:52:33 INFO     is_test_mode: False
2025-07-25 00:52:33 INFO     Data loading | DONE!
2025-07-25 00:52:33 INFO     Using full datasets for training, validation, and testing.
2025-07-25 00:52:33 INFO     -------------------------
2025-07-25 00:52:33 INFO     | EM Iteration: 1/5
2025-07-25 00:52:33 INFO     -------------------------
2025-07-25 00:52:33 INFO     >>>>> Using miner's rule
2025-07-25 00:52:33 INFO     Predictor: read 13661 rules from list.
2025-07-25 00:52:34 INFO     Preprocess training set
2025-07-25 00:52:34 INFO     >>>>> Predictor: Evaluating on valid
2025-07-25 00:54:46 INFO     Data : 2077
2025-07-25 00:54:46 INFO     Hit1 : 0.065479
2025-07-25 00:54:46 INFO     Hit3 : 0.127106
2025-07-25 00:54:46 INFO     Hit10: 0.199326
2025-07-25 00:54:46 INFO     MR   : 1120.902022
2025-07-25 00:54:46 INFO     MRR  : 0.114382
2025-07-25 00:54:46 INFO     >>>>> Predictor: Evaluating on test
2025-07-25 00:57:14 INFO     Data : 2342
2025-07-25 00:57:14 INFO     Hit1 : 0.078992
2025-07-25 00:57:14 INFO     Hit3 : 0.124253
2025-07-25 00:57:14 INFO     Hit10: 0.208796
2025-07-25 00:57:14 INFO     MR   : 1044.269001
2025-07-25 00:57:14 INFO     MRR  : 0.122250
2025-07-25 00:57:14 INFO     >>>>> Predictor: Computing H scores of rules
2025-07-25 01:34:06 INFO     1000 5959
2025-07-25 02:11:22 INFO     2000 5959
2025-07-25 02:48:37 INFO     3000 5959
2025-07-25 03:25:47 INFO     4000 5959
2025-07-25 04:02:37 INFO     5000 5959
2025-07-25 04:39:50 INFO     >>>>> Generator: Training
2025-07-25 04:40:01 INFO     -------------------------
2025-07-25 04:40:01 INFO     | EM Iteration: 2/5
2025-07-25 04:40:01 INFO     -------------------------
2025-07-25 04:40:01 INFO     >>>>> Using Generator's sample rule
2025-07-25 04:40:01 INFO     >>>>> Generator: Rule generation with sampling
2025-07-25 04:40:01 INFO     Predictor: read 1903 rules from list.
2025-07-25 04:40:01 INFO     Preprocess training set
2025-07-25 04:40:01 INFO     >>>>> Predictor: Training
2025-07-25 04:41:15 INFO     1000 5959 8.782167 69314.6
2025-07-25 04:42:30 INFO     2000 5959 8.409605 69271.3
2025-07-25 04:43:48 INFO     3000 5959 8.218136 69245.2
2025-07-25 04:45:02 INFO     4000 5959 8.064595 69340.6
2025-07-25 04:46:15 INFO     5000 5959 7.938592 69340.6
2025-07-25 04:47:37 INFO     >>>>> Predictor: Evaluating on valid
2025-07-25 04:47:56 INFO     Data : 2077
2025-07-25 04:47:56 INFO     Hit1 : 0.025036
2025-07-25 04:47:56 INFO     Hit3 : 0.040924
2025-07-25 04:47:56 INFO     Hit10: 0.064035
2025-07-25 04:47:56 INFO     MR   : 1410.005537
2025-07-25 04:47:56 INFO     MRR  : 0.041152
2025-07-25 04:47:56 INFO     >>>>> Predictor: Evaluating on test
2025-07-25 04:48:17 INFO     Data : 2342
2025-07-25 04:48:17 INFO     Hit1 : 0.019641
2025-07-25 04:48:17 INFO     Hit3 : 0.030743
2025-07-25 04:48:17 INFO     Hit10: 0.056362
2025-07-25 04:48:17 INFO     MR   : 1318.582408
2025-07-25 04:48:17 INFO     MRR  : 0.034758
2025-07-25 04:48:17 INFO     >>>>> Predictor: Computing H scores of rules
2025-07-25 04:51:49 INFO     1000 5959
2025-07-25 04:55:21 INFO     2000 5959
2025-07-25 04:58:41 INFO     3000 5959
2025-07-25 05:02:11 INFO     4000 5959
2025-07-25 05:05:42 INFO     5000 5959
2025-07-25 05:09:07 INFO     >>>>> Generator: Training
2025-07-25 05:09:17 INFO     -------------------------
2025-07-25 05:09:17 INFO     | EM Iteration: 3/5
2025-07-25 05:09:17 INFO     -------------------------
2025-07-25 05:09:17 INFO     >>>>> Using Generator's sample rule
2025-07-25 05:09:17 INFO     >>>>> Generator: Rule generation with sampling
2025-07-25 05:09:17 INFO     Predictor: read 1877 rules from list.
2025-07-25 05:09:17 INFO     Preprocess training set
2025-07-25 05:09:17 INFO     >>>>> Predictor: Training
2025-07-25 05:10:31 INFO     1000 5959 8.809779 69332.0
2025-07-25 05:11:46 INFO     2000 5959 8.468996 69349.3
2025-07-25 05:13:02 INFO     3000 5959 8.253727 69184.5
2025-07-25 05:14:27 INFO     4000 5959 8.079691 69253.9
2025-07-25 05:15:41 INFO     5000 5959 7.982923 69332.0
2025-07-25 05:16:52 INFO     >>>>> Predictor: Evaluating on valid
2025-07-25 05:17:10 INFO     Data : 2077
2025-07-25 05:17:10 INFO     Hit1 : 0.010592
2025-07-25 05:17:10 INFO     Hit3 : 0.025999
2025-07-25 05:17:10 INFO     Hit10: 0.051035
2025-07-25 05:17:10 INFO     MR   : 1451.151180
2025-07-25 05:17:10 INFO     MRR  : 0.026790
2025-07-25 05:17:10 INFO     >>>>> Predictor: Evaluating on test
2025-07-25 05:17:31 INFO     Data : 2342
2025-07-25 05:17:31 INFO     Hit1 : 0.014091
2025-07-25 05:17:31 INFO     Hit3 : 0.024765
2025-07-25 05:17:31 INFO     Hit10: 0.047395
2025-07-25 05:17:31 INFO     MR   : 1340.400299
2025-07-25 05:17:31 INFO     MRR  : 0.028019
2025-07-25 05:17:31 INFO     >>>>> Predictor: Computing H scores of rules
2025-07-25 05:20:52 INFO     1000 5959
2025-07-25 05:24:12 INFO     2000 5959
2025-07-25 05:27:32 INFO     3000 5959
2025-07-25 05:30:54 INFO     4000 5959
2025-07-25 05:34:21 INFO     5000 5959
2025-07-25 05:37:46 INFO     >>>>> Generator: Training
2025-07-25 05:37:56 INFO     -------------------------
2025-07-25 05:37:56 INFO     | EM Iteration: 4/5
2025-07-25 05:37:56 INFO     -------------------------
2025-07-25 05:37:56 INFO     >>>>> Using Generator's sample rule
2025-07-25 05:37:56 INFO     >>>>> Generator: Rule generation with sampling
2025-07-25 05:37:56 INFO     Predictor: read 1826 rules from list.
2025-07-25 05:37:56 INFO     Preprocess training set
2025-07-25 05:37:56 INFO     >>>>> Predictor: Training
2025-07-25 05:39:19 INFO     1000 5959 8.789460 69271.3
2025-07-25 05:40:32 INFO     2000 5959 8.401772 69340.6
2025-07-25 05:41:47 INFO     3000 5959 8.133644 69384.0
2025-07-25 05:43:01 INFO     4000 5959 7.955380 69262.6
2025-07-25 05:44:23 INFO     5000 5959 7.814063 69332.0
2025-07-25 05:45:36 INFO     >>>>> Predictor: Evaluating on valid
2025-07-25 05:45:55 INFO     Data : 2077
2025-07-25 05:45:55 INFO     Hit1 : 0.006259
2025-07-25 05:45:55 INFO     Hit3 : 0.018296
2025-07-25 05:45:55 INFO     Hit10: 0.036110
2025-07-25 05:45:55 INFO     MR   : 1485.682956
2025-07-25 05:45:55 INFO     MRR  : 0.019679
2025-07-25 05:45:55 INFO     >>>>> Predictor: Evaluating on test
2025-07-25 05:46:15 INFO     Data : 2342
2025-07-25 05:46:15 INFO     Hit1 : 0.008540
2025-07-25 05:46:15 INFO     Hit3 : 0.018787
2025-07-25 05:46:15 INFO     Hit10: 0.035440
2025-07-25 05:46:15 INFO     MR   : 1371.750213
2025-07-25 05:46:15 INFO     MRR  : 0.020766
2025-07-25 05:46:15 INFO     >>>>> Predictor: Computing H scores of rules
2025-07-25 05:49:54 INFO     1000 5959
2025-07-25 05:53:25 INFO     2000 5959
2025-07-25 05:56:55 INFO     3000 5959
2025-07-25 06:00:27 INFO     4000 5959
2025-07-25 06:03:57 INFO     5000 5959
2025-07-25 06:07:12 INFO     >>>>> Generator: Training
2025-07-25 06:07:23 INFO     -------------------------
2025-07-25 06:07:23 INFO     | EM Iteration: 5/5
2025-07-25 06:07:23 INFO     -------------------------
2025-07-25 06:07:23 INFO     >>>>> Using Generator's sample rule
2025-07-25 06:07:23 INFO     >>>>> Generator: Rule generation with sampling
2025-07-25 06:07:24 INFO     Predictor: read 1678 rules from list.
2025-07-25 06:07:24 INFO     Preprocess training set
2025-07-25 06:07:24 INFO     >>>>> Predictor: Training
2025-07-25 06:08:35 INFO     1000 5959 8.805693 69332.0
2025-07-25 06:09:45 INFO     2000 5959 8.433201 69349.3
2025-07-25 06:10:55 INFO     3000 5959 8.181872 69340.6
2025-07-25 06:12:17 INFO     4000 5959 8.011346 69297.3
2025-07-25 06:13:28 INFO     5000 5959 7.829671 69219.2
2025-07-25 06:14:36 INFO     >>>>> Predictor: Evaluating on valid
2025-07-25 06:14:54 INFO     Data : 2077
2025-07-25 06:14:54 INFO     Hit1 : 0.029851
2025-07-25 06:14:54 INFO     Hit3 : 0.053924
2025-07-25 06:14:54 INFO     Hit10: 0.076071
2025-07-25 06:14:54 INFO     MR   : 1451.300433
2025-07-25 06:14:54 INFO     MRR  : 0.049625
2025-07-25 06:14:54 INFO     >>>>> Predictor: Evaluating on test
2025-07-25 06:15:15 INFO     Data : 2342
2025-07-25 06:15:15 INFO     Hit1 : 0.028181
2025-07-25 06:15:15 INFO     Hit3 : 0.046541
2025-07-25 06:15:15 INFO     Hit10: 0.084543
2025-07-25 06:15:15 INFO     MR   : 1335.067891
2025-07-25 06:15:15 INFO     MRR  : 0.048161
2025-07-25 06:15:15 INFO     >>>>> Predictor: Computing H scores of rules
2025-07-25 06:18:45 INFO     1000 5959
2025-07-25 06:22:08 INFO     2000 5959
2025-07-25 06:25:28 INFO     3000 5959
2025-07-25 06:28:58 INFO     4000 5959
2025-07-25 06:32:26 INFO     5000 5959
2025-07-25 06:35:52 INFO     >>>>> Generator: Training
2025-07-25 06:36:02 INFO     -------------------------
2025-07-25 06:36:02 INFO     | Post-train Generator
2025-07-25 06:36:02 INFO     -------------------------
2025-07-25 06:36:03 INFO     >>>>> Generator: Training
2025-07-25 06:37:44 INFO     [E01000] Total 2.052069 | Main 2.410393 | RelClus 1.458893 | EntType 0.000000
2025-07-25 06:37:44 INFO     -------------------------
2025-07-25 06:37:44 INFO     | Beam Search Best Rules
2025-07-25 06:37:44 INFO     -------------------------
2025-07-25 06:37:44 INFO     >>>>> Generator: Rule generation with beam search
2025-07-25 06:37:44 INFO     >>>>> Generator: Rule generation with beam search
2025-07-25 06:37:50 INFO     >>>>> Generator: Rule generation with beam search
2025-07-25 06:39:09 INFO     >>>>> Generator: Rule generation with beam search
2025-07-25 06:40:12 INFO     >>>>> Generator: Rule generation with beam search
2025-07-25 06:41:02 INFO     -------------------------
2025-07-25 06:41:02 INFO     | Train Final Predictor+
2025-07-25 06:41:02 INFO     -------------------------
2025-07-25 06:41:02 INFO     Predictor+: read 18420 rules from list.
2025-07-25 06:41:02 INFO     Preprocess training set
2025-07-25 06:41:02 INFO     -------------------------
2025-07-25 06:41:02 INFO     | Iteration: 1/5
2025-07-25 06:41:02 INFO     -------------------------
2025-07-25 06:41:02 INFO     >>>>> Predictor: Training
2025-07-25 06:46:29 INFO     1000 5959 5.259459 69271.3
2025-07-25 06:51:45 INFO     2000 5959 5.110255 69332.0
2025-07-25 06:57:05 INFO     3000 5959 5.088800 69375.3
2025-07-25 07:02:27 INFO     4000 5959 5.062329 69279.9
2025-07-25 07:07:48 INFO     5000 5959 5.022344 69349.3
2025-07-25 07:12:53 INFO     >>>>> Predictor: Evaluating on valid
2025-07-25 07:14:20 INFO     Data : 2077
2025-07-25 07:14:20 INFO     Hit1 : 0.077034
2025-07-25 07:14:20 INFO     Hit3 : 0.142032
2025-07-25 07:14:20 INFO     Hit10: 0.247954
2025-07-25 07:14:20 INFO     MR   : 1147.148050
2025-07-25 07:14:20 INFO     MRR  : 0.131350
2025-07-25 07:14:20 INFO     >>>>> Predictor: Evaluating on test
2025-07-25 07:15:50 INFO     Data : 2342
2025-07-25 07:15:50 INFO     Hit1 : 0.096926
2025-07-25 07:15:50 INFO     Hit3 : 0.159693
2025-07-25 07:15:50 INFO     Hit10: 0.248506
2025-07-25 07:15:50 INFO     MR   : 1077.438728
2025-07-25 07:15:50 INFO     MRR  : 0.146949
2025-07-25 07:15:50 INFO     Save checkpoint to results/semmeddb/10_times_each/soft_label/4_20250725_005231/predictor.pt
2025-07-25 07:15:50 INFO     -------------------------
2025-07-25 07:15:50 INFO     | Iteration: 2/5
2025-07-25 07:15:50 INFO     -------------------------
2025-07-25 07:15:50 INFO     >>>>> Predictor: Training
2025-07-25 07:21:26 INFO     1000 5959 4.992662 69366.7
2025-07-25 07:26:47 INFO     2000 5959 5.015896 69375.3
2025-07-25 07:32:06 INFO     3000 5959 4.991948 69219.2
2025-07-25 07:37:41 INFO     4000 5959 5.015879 69305.9
2025-07-25 07:43:10 INFO     5000 5959 4.979568 69288.6
2025-07-25 07:48:23 INFO     >>>>> Predictor: Evaluating on valid
2025-07-25 07:49:50 INFO     Data : 2077
2025-07-25 07:49:50 INFO     Hit1 : 0.074145
2025-07-25 07:49:50 INFO     Hit3 : 0.152624
2025-07-25 07:49:50 INFO     Hit10: 0.247954
2025-07-25 07:49:50 INFO     MR   : 1119.728455
2025-07-25 07:49:50 INFO     MRR  : 0.132005
2025-07-25 07:49:50 INFO     >>>>> Predictor: Evaluating on test
2025-07-25 07:51:18 INFO     Data : 2342
2025-07-25 07:51:18 INFO     Hit1 : 0.096499
2025-07-25 07:51:18 INFO     Hit3 : 0.163962
2025-07-25 07:51:18 INFO     Hit10: 0.250213
2025-07-25 07:51:18 INFO     MR   : 1050.347993
2025-07-25 07:51:18 INFO     MRR  : 0.147534
2025-07-25 07:51:18 INFO     Save checkpoint to results/semmeddb/10_times_each/soft_label/4_20250725_005231/predictor.pt
2025-07-25 07:51:18 INFO     -------------------------
2025-07-25 07:51:18 INFO     | Iteration: 3/5
2025-07-25 07:51:18 INFO     -------------------------
2025-07-25 07:51:18 INFO     >>>>> Predictor: Training
2025-07-25 07:56:37 INFO     1000 5959 4.988872 69288.6
2025-07-25 08:02:08 INFO     2000 5959 4.988595 69288.6
2025-07-25 08:07:42 INFO     3000 5959 4.980412 69340.6
2025-07-25 08:13:18 INFO     4000 5959 4.976598 69271.3
2025-07-25 08:18:38 INFO     5000 5959 5.012712 69219.2
2025-07-25 08:24:17 INFO     >>>>> Predictor: Evaluating on valid
2025-07-25 08:25:39 INFO     Data : 2077
2025-07-25 08:25:39 INFO     Hit1 : 0.074145
2025-07-25 08:25:39 INFO     Hit3 : 0.143958
2025-07-25 08:25:39 INFO     Hit10: 0.240250
2025-07-25 08:25:39 INFO     MR   : 1107.517333
2025-07-25 08:25:39 INFO     MRR  : 0.130070
2025-07-25 08:25:39 INFO     >>>>> Predictor: Evaluating on test
2025-07-25 08:27:10 INFO     Data : 2342
2025-07-25 08:27:10 INFO     Hit1 : 0.094791
2025-07-25 08:27:10 INFO     Hit3 : 0.160974
2025-07-25 08:27:10 INFO     Hit10: 0.248079
2025-07-25 08:27:10 INFO     MR   : 1031.709436
2025-07-25 08:27:10 INFO     MRR  : 0.145707
2025-07-25 08:27:10 INFO     -------------------------
2025-07-25 08:27:10 INFO     | Iteration: 4/5
2025-07-25 08:27:10 INFO     -------------------------
2025-07-25 08:27:10 INFO     >>>>> Predictor: Training
2025-07-25 08:32:27 INFO     1000 5959 4.954609 69340.6
2025-07-25 08:37:52 INFO     2000 5959 4.935302 69184.5
2025-07-25 08:43:15 INFO     3000 5959 5.033075 69253.9
2025-07-25 08:48:43 INFO     4000 5959 4.980098 69340.6
2025-07-25 08:54:01 INFO     5000 5959 4.975144 69384.0
2025-07-25 08:59:09 INFO     >>>>> Predictor: Evaluating on valid
2025-07-25 09:00:27 INFO     Data : 2077
2025-07-25 09:00:27 INFO     Hit1 : 0.072220
2025-07-25 09:00:27 INFO     Hit3 : 0.146365
2025-07-25 09:00:27 INFO     Hit10: 0.240250
2025-07-25 09:00:27 INFO     MR   : 1105.342561
2025-07-25 09:00:27 INFO     MRR  : 0.128135
2025-07-25 09:00:27 INFO     >>>>> Predictor: Evaluating on test
2025-07-25 09:01:55 INFO     Data : 2342
2025-07-25 09:01:55 INFO     Hit1 : 0.096072
2025-07-25 09:01:55 INFO     Hit3 : 0.162254
2025-07-25 09:01:55 INFO     Hit10: 0.249787
2025-07-25 09:01:55 INFO     MR   : 1034.493809
2025-07-25 09:01:55 INFO     MRR  : 0.147369
2025-07-25 09:01:55 INFO     -------------------------
2025-07-25 09:01:55 INFO     | Iteration: 5/5
2025-07-25 09:01:55 INFO     -------------------------
2025-07-25 09:01:55 INFO     >>>>> Predictor: Training
2025-07-25 09:07:24 INFO     1000 5959 4.981047 69323.3
2025-07-25 09:12:42 INFO     2000 5959 4.974354 69332.0
2025-07-25 09:18:00 INFO     3000 5959 4.993478 69219.2
2025-07-25 09:23:26 INFO     4000 5959 4.957174 69297.3
2025-07-25 09:28:49 INFO     5000 5959 4.951124 69332.0
2025-07-25 09:33:57 INFO     >>>>> Predictor: Evaluating on valid
2025-07-25 09:35:15 INFO     Data : 2077
2025-07-25 09:35:15 INFO     Hit1 : 0.068368
2025-07-25 09:35:15 INFO     Hit3 : 0.144921
2025-07-25 09:35:15 INFO     Hit10: 0.247472
2025-07-25 09:35:15 INFO     MR   : 1094.577275
2025-07-25 09:35:15 INFO     MRR  : 0.126482
2025-07-25 09:35:15 INFO     >>>>> Predictor: Evaluating on test
2025-07-25 09:36:47 INFO     Data : 2342
2025-07-25 09:36:47 INFO     Hit1 : 0.098207
2025-07-25 09:36:47 INFO     Hit3 : 0.163535
2025-07-25 09:36:47 INFO     Hit10: 0.251921
2025-07-25 09:36:47 INFO     MR   : 1029.459650
2025-07-25 09:36:47 INFO     MRR  : 0.149011
2025-07-25 09:36:47 INFO     -------------------------
2025-07-25 09:36:47 INFO     | Final Test MRR: 0.147534
2025-07-25 09:36:47 INFO     -------------------------
