2025-07-09 10:14:59 INFO     is_soft_label: False
2025-07-09 10:14:59 INFO     is_scheduled_sampling: False
2025-07-09 10:14:59 INFO     is_test_mode: False
2025-07-09 10:15:00 INFO     Data loading | DONE!
2025-07-09 10:15:00 INFO     Using full datasets for training, validation, and testing.
2025-07-09 10:15:00 INFO     -------------------------
2025-07-09 10:15:00 INFO     | EM Iteration: 1/5
2025-07-09 10:15:00 INFO     -------------------------
2025-07-09 10:15:00 INFO     >>>>> Using miner's rule
2025-07-09 10:15:00 INFO     Predictor: read 13661 rules from list.
2025-07-09 10:15:00 INFO     Preprocess training set
2025-07-09 10:15:00 INFO     >>>>> Predictor: Evaluating on valid
2025-07-09 10:16:55 INFO     Data : 2077
2025-07-09 10:16:55 INFO     Hit1 : 0.065479
2025-07-09 10:16:55 INFO     Hit3 : 0.127106
2025-07-09 10:16:55 INFO     Hit10: 0.199326
2025-07-09 10:16:55 INFO     MR   : 1120.902022
2025-07-09 10:16:55 INFO     MRR  : 0.114382
2025-07-09 10:16:56 INFO     >>>>> Predictor: Evaluating on test
2025-07-09 10:19:03 INFO     Data : 2342
2025-07-09 10:19:03 INFO     Hit1 : 0.078992
2025-07-09 10:19:03 INFO     Hit3 : 0.124253
2025-07-09 10:19:03 INFO     Hit10: 0.208796
2025-07-09 10:19:03 INFO     MR   : 1044.269001
2025-07-09 10:19:03 INFO     MRR  : 0.122250
2025-07-09 10:19:03 INFO     >>>>> Predictor: Computing H scores of rules
2025-07-09 10:46:59 INFO     1000 5959
2025-07-09 11:15:32 INFO     2000 5959
2025-07-09 11:43:47 INFO     3000 5959
2025-07-09 12:12:17 INFO     4000 5959
2025-07-09 12:40:37 INFO     5000 5959
2025-07-09 13:09:26 INFO     >>>>> Generator: Training
2025-07-09 13:09:30 INFO     -------------------------
2025-07-09 13:09:30 INFO     | EM Iteration: 2/5
2025-07-09 13:09:30 INFO     -------------------------
2025-07-09 13:09:30 INFO     >>>>> Using Generator's sample rule
2025-07-09 13:09:30 INFO     >>>>> Generator: Rule generation with sampling
2025-07-09 13:09:30 INFO     Predictor: read 1909 rules from list.
2025-07-09 13:09:30 INFO     Preprocess training set
2025-07-09 13:09:30 INFO     >>>>> Predictor: Training
2025-07-09 13:10:17 INFO     1000 5959 8.782359 69314.6
2025-07-09 13:11:05 INFO     2000 5959 8.410202 69271.3
2025-07-09 13:11:53 INFO     3000 5959 8.219380 69245.2
2025-07-09 13:12:40 INFO     4000 5959 8.065945 69340.6
2025-07-09 13:13:27 INFO     5000 5959 7.942117 69340.6
2025-07-09 13:14:13 INFO     >>>>> Predictor: Evaluating on valid
2025-07-09 13:14:23 INFO     Data : 2077
2025-07-09 13:14:23 INFO     Hit1 : 0.025036
2025-07-09 13:14:23 INFO     Hit3 : 0.040924
2025-07-09 13:14:23 INFO     Hit10: 0.064516
2025-07-09 13:14:23 INFO     MR   : 1409.490371
2025-07-09 13:14:23 INFO     MRR  : 0.041246
2025-07-09 13:14:23 INFO     >>>>> Predictor: Evaluating on test
2025-07-09 13:14:33 INFO     Data : 2342
2025-07-09 13:14:33 INFO     Hit1 : 0.019641
2025-07-09 13:14:33 INFO     Hit3 : 0.031170
2025-07-09 13:14:33 INFO     Hit10: 0.058497
2025-07-09 13:14:33 INFO     MR   : 1316.030316
2025-07-09 13:14:33 INFO     MRR  : 0.035233
2025-07-09 13:14:33 INFO     >>>>> Predictor: Computing H scores of rules
2025-07-09 13:16:50 INFO     1000 5959
2025-07-09 13:19:06 INFO     2000 5959
2025-07-09 13:21:20 INFO     3000 5959
2025-07-09 13:23:34 INFO     4000 5959
2025-07-09 13:25:49 INFO     5000 5959
2025-07-09 13:28:00 INFO     >>>>> Generator: Training
2025-07-09 13:28:04 INFO     -------------------------
2025-07-09 13:28:04 INFO     | EM Iteration: 3/5
2025-07-09 13:28:04 INFO     -------------------------
2025-07-09 13:28:04 INFO     >>>>> Using Generator's sample rule
2025-07-09 13:28:04 INFO     >>>>> Generator: Rule generation with sampling
2025-07-09 13:28:04 INFO     Predictor: read 1891 rules from list.
2025-07-09 13:28:04 INFO     Preprocess training set
2025-07-09 13:28:04 INFO     >>>>> Predictor: Training
2025-07-09 13:28:51 INFO     1000 5959 8.811351 69332.0
2025-07-09 13:29:38 INFO     2000 5959 8.473575 69349.3
2025-07-09 13:30:24 INFO     3000 5959 8.262602 69184.5
2025-07-09 13:31:11 INFO     4000 5959 8.094345 69253.9
2025-07-09 13:31:57 INFO     5000 5959 8.001122 69332.0
2025-07-09 13:32:40 INFO     >>>>> Predictor: Evaluating on valid
2025-07-09 13:32:50 INFO     Data : 2077
2025-07-09 13:32:50 INFO     Hit1 : 0.010592
2025-07-09 13:32:50 INFO     Hit3 : 0.025518
2025-07-09 13:32:50 INFO     Hit10: 0.051517
2025-07-09 13:32:50 INFO     MR   : 1449.479297
2025-07-09 13:32:50 INFO     MRR  : 0.026726
2025-07-09 13:32:50 INFO     >>>>> Predictor: Evaluating on test
2025-07-09 13:33:00 INFO     Data : 2342
2025-07-09 13:33:00 INFO     Hit1 : 0.014091
2025-07-09 13:33:00 INFO     Hit3 : 0.024765
2025-07-09 13:33:00 INFO     Hit10: 0.047395
2025-07-09 13:33:00 INFO     MR   : 1338.970111
2025-07-09 13:33:00 INFO     MRR  : 0.028010
2025-07-09 13:33:00 INFO     >>>>> Predictor: Computing H scores of rules
2025-07-09 13:35:11 INFO     1000 5959
2025-07-09 13:37:21 INFO     2000 5959
2025-07-09 13:39:32 INFO     3000 5959
2025-07-09 13:41:43 INFO     4000 5959
2025-07-09 13:43:54 INFO     5000 5959
2025-07-09 13:46:03 INFO     >>>>> Generator: Training
2025-07-09 13:46:07 INFO     -------------------------
2025-07-09 13:46:07 INFO     | EM Iteration: 4/5
2025-07-09 13:46:07 INFO     -------------------------
2025-07-09 13:46:07 INFO     >>>>> Using Generator's sample rule
2025-07-09 13:46:07 INFO     >>>>> Generator: Rule generation with sampling
2025-07-09 13:46:07 INFO     Predictor: read 1925 rules from list.
2025-07-09 13:46:07 INFO     Preprocess training set
2025-07-09 13:46:07 INFO     >>>>> Predictor: Training
2025-07-09 13:46:55 INFO     1000 5959 8.795411 69271.3
2025-07-09 13:47:42 INFO     2000 5959 8.414998 69340.6
2025-07-09 13:48:30 INFO     3000 5959 8.156684 69384.0
2025-07-09 13:49:17 INFO     4000 5959 7.988088 69262.6
2025-07-09 13:50:05 INFO     5000 5959 7.847948 69332.0
2025-07-09 13:50:50 INFO     >>>>> Predictor: Evaluating on valid
2025-07-09 13:51:00 INFO     Data : 2077
2025-07-09 13:51:00 INFO     Hit1 : 0.001444
2025-07-09 13:51:00 INFO     Hit3 : 0.004333
2025-07-09 13:51:00 INFO     Hit10: 0.014444
2025-07-09 13:51:00 INFO     MR   : 1507.776601
2025-07-09 13:51:00 INFO     MRR  : 0.009350
2025-07-09 13:51:00 INFO     >>>>> Predictor: Evaluating on test
2025-07-09 13:51:10 INFO     Data : 2342
2025-07-09 13:51:10 INFO     Hit1 : 0.001281
2025-07-09 13:51:10 INFO     Hit3 : 0.008540
2025-07-09 13:51:10 INFO     Hit10: 0.017933
2025-07-09 13:51:10 INFO     MR   : 1397.216482
2025-07-09 13:51:10 INFO     MRR  : 0.010721
2025-07-09 13:51:10 INFO     >>>>> Predictor: Computing H scores of rules
2025-07-09 13:53:27 INFO     1000 5959
2025-07-09 13:55:43 INFO     2000 5959
2025-07-09 13:57:57 INFO     3000 5959
2025-07-09 14:00:14 INFO     4000 5959
2025-07-09 14:02:31 INFO     5000 5959
2025-07-09 14:04:42 INFO     >>>>> Generator: Training
2025-07-09 14:04:46 INFO     -------------------------
2025-07-09 14:04:46 INFO     | EM Iteration: 5/5
2025-07-09 14:04:46 INFO     -------------------------
2025-07-09 14:04:46 INFO     >>>>> Using Generator's sample rule
2025-07-09 14:04:46 INFO     >>>>> Generator: Rule generation with sampling
2025-07-09 14:04:46 INFO     Predictor: read 1962 rules from list.
2025-07-09 14:04:46 INFO     Preprocess training set
2025-07-09 14:04:46 INFO     >>>>> Predictor: Training
2025-07-09 14:05:35 INFO     1000 5959 8.829939 69332.0
2025-07-09 14:06:24 INFO     2000 5959 8.509451 69349.3
2025-07-09 14:07:13 INFO     3000 5959 8.320671 69340.6
2025-07-09 14:08:02 INFO     4000 5959 8.181525 69297.3
2025-07-09 14:08:51 INFO     5000 5959 8.064870 69219.2
2025-07-09 14:09:37 INFO     >>>>> Predictor: Evaluating on valid
2025-07-09 14:09:48 INFO     Data : 2077
2025-07-09 14:09:48 INFO     Hit1 : 0.011074
2025-07-09 14:09:48 INFO     Hit3 : 0.019740
2025-07-09 14:09:48 INFO     Hit10: 0.038036
2025-07-09 14:09:48 INFO     MR   : 1527.052480
2025-07-09 14:09:48 INFO     MRR  : 0.023447
2025-07-09 14:09:48 INFO     >>>>> Predictor: Evaluating on test
2025-07-09 14:09:59 INFO     Data : 2342
2025-07-09 14:09:59 INFO     Hit1 : 0.012383
2025-07-09 14:09:59 INFO     Hit3 : 0.020922
2025-07-09 14:09:59 INFO     Hit10: 0.035440
2025-07-09 14:09:59 INFO     MR   : 1405.402007
2025-07-09 14:09:59 INFO     MRR  : 0.024157
2025-07-09 14:09:59 INFO     >>>>> Predictor: Computing H scores of rules
2025-07-09 14:12:15 INFO     1000 5959
2025-07-09 14:14:32 INFO     2000 5959
2025-07-09 14:16:47 INFO     3000 5959
2025-07-09 14:19:06 INFO     4000 5959
2025-07-09 14:21:24 INFO     5000 5959
2025-07-09 14:23:36 INFO     >>>>> Generator: Training
2025-07-09 14:23:40 INFO     -------------------------
2025-07-09 14:23:40 INFO     | Post-train Generator
2025-07-09 14:23:40 INFO     -------------------------
2025-07-09 14:23:41 INFO     >>>>> Generator: Training
2025-07-09 14:24:19 INFO     [E01000] Total 2.978315 | Main 2.891368 | RelClus 1.706351 | EntType 2.861243
2025-07-09 14:24:19 INFO     -------------------------
2025-07-09 14:24:19 INFO     | Beam Search Best Rules
2025-07-09 14:24:19 INFO     -------------------------
2025-07-09 14:24:19 INFO     >>>>> Generator: Rule generation with beam search
2025-07-09 14:24:20 INFO     >>>>> Generator: Rule generation with beam search
2025-07-09 14:24:25 INFO     >>>>> Generator: Rule generation with beam search
2025-07-09 14:25:29 INFO     >>>>> Generator: Rule generation with beam search
2025-07-09 14:26:21 INFO     >>>>> Generator: Rule generation with beam search
2025-07-09 14:26:57 INFO     -------------------------
2025-07-09 14:26:57 INFO     | Train Final Predictor+
2025-07-09 14:26:57 INFO     -------------------------
2025-07-09 14:26:57 INFO     Predictor+: read 18420 rules from list.
2025-07-09 14:26:57 INFO     Preprocess training set
2025-07-09 14:26:57 INFO     -------------------------
2025-07-09 14:26:57 INFO     | Iteration: 1/5
2025-07-09 14:26:57 INFO     -------------------------
2025-07-09 14:26:57 INFO     >>>>> Predictor: Training
2025-07-09 14:31:13 INFO     1000 5959 4.902960 69271.3
2025-07-09 14:35:27 INFO     2000 5959 4.729505 69332.0
2025-07-09 14:39:42 INFO     3000 5959 4.709775 69375.3
2025-07-09 14:44:05 INFO     4000 5959 4.713605 69279.9
2025-07-09 14:48:29 INFO     5000 5959 4.682847 69349.3
2025-07-09 14:52:42 INFO     >>>>> Predictor: Evaluating on valid
2025-07-09 14:53:48 INFO     Data : 2077
2025-07-09 14:53:48 INFO     Hit1 : 0.104478
2025-07-09 14:53:48 INFO     Hit3 : 0.186808
2025-07-09 14:53:48 INFO     Hit10: 0.319210
2025-07-09 14:53:48 INFO     MR   : 981.503852
2025-07-09 14:53:48 INFO     MRR  : 0.172556
2025-07-09 14:53:48 INFO     >>>>> Predictor: Evaluating on test
2025-07-09 14:55:02 INFO     Data : 2342
2025-07-09 14:55:02 INFO     Hit1 : 0.129804
2025-07-09 14:55:02 INFO     Hit3 : 0.213493
2025-07-09 14:55:02 INFO     Hit10: 0.317250
2025-07-09 14:55:02 INFO     MR   : 919.049317
2025-07-09 14:55:02 INFO     MRR  : 0.192756
2025-07-09 14:55:02 INFO     Save checkpoint to results/semmeddb/10_times_each/cluster_k/3_20250709_101458/predictor.pt
2025-07-09 14:55:02 INFO     -------------------------
2025-07-09 14:55:02 INFO     | Iteration: 2/5
2025-07-09 14:55:02 INFO     -------------------------
2025-07-09 14:55:02 INFO     >>>>> Predictor: Training
2025-07-09 14:59:17 INFO     1000 5959 4.604696 69366.7
2025-07-09 15:03:39 INFO     2000 5959 4.654195 69375.3
2025-07-09 15:08:03 INFO     3000 5959 4.641002 69219.2
2025-07-09 15:12:27 INFO     4000 5959 4.654038 69305.9
2025-07-09 15:16:44 INFO     5000 5959 4.617525 69288.6
2025-07-09 15:20:51 INFO     >>>>> Predictor: Evaluating on valid
2025-07-09 15:21:55 INFO     Data : 2077
2025-07-09 15:21:55 INFO     Hit1 : 0.094367
2025-07-09 15:21:55 INFO     Hit3 : 0.183919
2025-07-09 15:21:55 INFO     Hit10: 0.310063
2025-07-09 15:21:55 INFO     MR   : 948.281656
2025-07-09 15:21:55 INFO     MRR  : 0.164004
2025-07-09 15:21:55 INFO     >>>>> Predictor: Evaluating on test
2025-07-09 15:23:08 INFO     Data : 2342
2025-07-09 15:23:08 INFO     Hit1 : 0.124253
2025-07-09 15:23:08 INFO     Hit3 : 0.206661
2025-07-09 15:23:08 INFO     Hit10: 0.315969
2025-07-09 15:23:08 INFO     MR   : 881.872972
2025-07-09 15:23:08 INFO     MRR  : 0.188337
2025-07-09 15:23:08 INFO     -------------------------
2025-07-09 15:23:08 INFO     | Iteration: 3/5
2025-07-09 15:23:08 INFO     -------------------------
2025-07-09 15:23:08 INFO     >>>>> Predictor: Training
2025-07-09 15:27:33 INFO     1000 5959 4.619913 69288.6
2025-07-09 15:31:57 INFO     2000 5959 4.618828 69288.6
2025-07-09 15:36:28 INFO     3000 5959 4.609075 69340.6
2025-07-09 15:40:49 INFO     4000 5959 4.616950 69271.3
2025-07-09 15:45:16 INFO     5000 5959 4.642066 69219.2
2025-07-09 15:49:29 INFO     >>>>> Predictor: Evaluating on valid
2025-07-09 15:50:35 INFO     Data : 2077
2025-07-09 15:50:35 INFO     Hit1 : 0.089071
2025-07-09 15:50:35 INFO     Hit3 : 0.178142
2025-07-09 15:50:35 INFO     Hit10: 0.302841
2025-07-09 15:50:35 INFO     MR   : 939.012759
2025-07-09 15:50:35 INFO     MRR  : 0.160120
2025-07-09 15:50:35 INFO     >>>>> Predictor: Evaluating on test
2025-07-09 15:51:49 INFO     Data : 2342
2025-07-09 15:51:49 INFO     Hit1 : 0.120410
2025-07-09 15:51:49 INFO     Hit3 : 0.202818
2025-07-09 15:51:49 INFO     Hit10: 0.315969
2025-07-09 15:51:49 INFO     MR   : 865.896243
2025-07-09 15:51:49 INFO     MRR  : 0.184298
2025-07-09 15:51:49 INFO     -------------------------
2025-07-09 15:51:49 INFO     | Iteration: 4/5
2025-07-09 15:51:49 INFO     -------------------------
2025-07-09 15:51:49 INFO     >>>>> Predictor: Training
2025-07-09 15:56:07 INFO     1000 5959 4.596143 69340.6
2025-07-09 16:00:23 INFO     2000 5959 4.565378 69184.5
2025-07-09 16:04:38 INFO     3000 5959 4.628923 69253.9
2025-07-09 16:08:54 INFO     4000 5959 4.602533 69340.6
2025-07-09 16:13:13 INFO     5000 5959 4.600640 69384.0
2025-07-09 16:17:22 INFO     >>>>> Predictor: Evaluating on valid
2025-07-09 16:18:26 INFO     Data : 2077
2025-07-09 16:18:26 INFO     Hit1 : 0.096293
2025-07-09 16:18:26 INFO     Hit3 : 0.184401
2025-07-09 16:18:26 INFO     Hit10: 0.311026
2025-07-09 16:18:26 INFO     MR   : 929.734954
2025-07-09 16:18:26 INFO     MRR  : 0.165463
2025-07-09 16:18:26 INFO     >>>>> Predictor: Evaluating on test
2025-07-09 16:19:39 INFO     Data : 2342
2025-07-09 16:19:39 INFO     Hit1 : 0.119556
2025-07-09 16:19:39 INFO     Hit3 : 0.209650
2025-07-09 16:19:39 INFO     Hit10: 0.321520
2025-07-09 16:19:39 INFO     MR   : 861.121477
2025-07-09 16:19:39 INFO     MRR  : 0.186349
2025-07-09 16:19:39 INFO     -------------------------
2025-07-09 16:19:39 INFO     | Iteration: 5/5
2025-07-09 16:19:39 INFO     -------------------------
2025-07-09 16:19:39 INFO     >>>>> Predictor: Training
2025-07-09 16:23:58 INFO     1000 5959 4.607870 69323.3
2025-07-09 16:28:17 INFO     2000 5959 4.585963 69332.0
2025-07-09 16:32:37 INFO     3000 5959 4.615986 69219.2
2025-07-09 16:36:57 INFO     4000 5959 4.613604 69297.3
2025-07-09 16:41:16 INFO     5000 5959 4.577016 69332.0
2025-07-09 16:45:25 INFO     >>>>> Predictor: Evaluating on valid
2025-07-09 16:46:29 INFO     Data : 2077
2025-07-09 16:46:29 INFO     Hit1 : 0.092441
2025-07-09 16:46:29 INFO     Hit3 : 0.180067
2025-07-09 16:46:29 INFO     Hit10: 0.316322
2025-07-09 16:46:29 INFO     MR   : 919.735195
2025-07-09 16:46:29 INFO     MRR  : 0.163006
2025-07-09 16:46:29 INFO     >>>>> Predictor: Evaluating on test
2025-07-09 16:47:42 INFO     Data : 2342
2025-07-09 16:47:42 INFO     Hit1 : 0.127242
2025-07-09 16:47:42 INFO     Hit3 : 0.213066
2025-07-09 16:47:42 INFO     Hit10: 0.318531
2025-07-09 16:47:42 INFO     MR   : 853.373399
2025-07-09 16:47:42 INFO     MRR  : 0.191486
2025-07-09 16:47:42 INFO     -------------------------
2025-07-09 16:47:42 INFO     | Final Test MRR: 0.192756
2025-07-09 16:47:42 INFO     -------------------------
