2025-07-17 09:14:28 INFO     Using full datasets for training, validation, and testing.
2025-07-17 09:14:28 INFO     -------------------------
2025-07-17 09:14:28 INFO     | Pre-train Generator
2025-07-17 09:14:28 INFO     -------------------------
2025-07-17 09:14:28 INFO     >>>>> Generator: Training
2025-07-17 09:14:33 INFO     1000 10000 1.640829
2025-07-17 09:14:38 INFO     2000 10000 1.555844
2025-07-17 09:14:42 INFO     3000 10000 1.544617
2025-07-17 09:14:47 INFO     4000 10000 1.539628
2025-07-17 09:14:51 INFO     5000 10000 1.541232
2025-07-17 09:14:55 INFO     6000 10000 1.537140
2025-07-17 09:15:00 INFO     7000 10000 1.535005
2025-07-17 09:15:04 INFO     8000 10000 1.534639
2025-07-17 09:15:09 INFO     9000 10000 1.533593
2025-07-17 09:15:13 INFO     10000 10000 1.531518
2025-07-17 09:15:13 INFO     -------------------------
2025-07-17 09:15:13 INFO     | EM Iteration: 1/5
2025-07-17 09:15:13 INFO     -------------------------
2025-07-17 09:15:13 INFO     >>>>> Generator: Rule generation with sampling
2025-07-17 09:15:13 INFO     Sampled rules len: 1273
2025-07-17 09:15:13 INFO     Predictor: read 1273 rules from list.
2025-07-17 09:15:13 INFO     Preprocess training set
2025-07-17 09:15:13 INFO     >>>>> Predictor: Training
2025-07-17 09:16:00 INFO     1000 12313 8.229463 69358.0
2025-07-17 09:16:46 INFO     2000 12313 7.790632 69332.0
2025-07-17 09:17:33 INFO     3000 12313 7.568753 69384.0
2025-07-17 09:18:19 INFO     4000 12313 7.456649 69279.9
2025-07-17 09:19:06 INFO     5000 12313 7.343764 69332.0
2025-07-17 09:21:30 INFO     6000 12313 7.263716 69384.0
2025-07-17 09:22:18 INFO     7000 12313 7.183213 69297.3
2025-07-17 09:23:05 INFO     8000 12313 7.172456 69323.3
2025-07-17 09:23:53 INFO     9000 12313 7.101312 69358.0
2025-07-17 09:24:39 INFO     10000 12313 7.091323 69332.0
2025-07-17 09:25:27 INFO     11000 12313 7.051391 69366.7
2025-07-17 09:26:14 INFO     12000 12313 7.024152 69279.9
2025-07-17 09:26:29 INFO     >>>>> Predictor: Evaluating on valid
2025-07-17 09:26:48 INFO     Data : 3823
2025-07-17 09:26:48 INFO     Hit1 : 0.027465
2025-07-17 09:26:48 INFO     Hit3 : 0.052577
2025-07-17 09:26:48 INFO     Hit10: 0.101229
2025-07-17 09:26:48 INFO     MR   : 1195.106330
2025-07-17 09:26:48 INFO     MRR  : 0.053602
2025-07-17 09:26:48 INFO     >>>>> Predictor: Evaluating on test
2025-07-17 09:27:10 INFO     Data : 4402
2025-07-17 09:27:10 INFO     Hit1 : 0.035211
2025-07-17 09:27:10 INFO     Hit3 : 0.062699
2025-07-17 09:27:10 INFO     Hit10: 0.101772
2025-07-17 09:27:10 INFO     MR   : 1186.579396
2025-07-17 09:27:10 INFO     MRR  : 0.060466
2025-07-17 09:27:10 INFO     >>>>> Predictor: Computing H scores of rules
2025-07-17 09:28:02 INFO     1000 12313
2025-07-17 09:28:54 INFO     2000 12313
2025-07-17 09:29:46 INFO     3000 12313
2025-07-17 09:30:38 INFO     4000 12313
2025-07-17 09:31:31 INFO     5000 12313
2025-07-17 09:32:24 INFO     6000 12313
2025-07-17 09:33:17 INFO     7000 12313
2025-07-17 09:34:10 INFO     8000 12313
2025-07-17 09:35:04 INFO     9000 12313
2025-07-17 09:35:56 INFO     10000 12313
2025-07-17 09:36:49 INFO     11000 12313
2025-07-17 09:37:42 INFO     12000 12313
2025-07-17 09:37:59 INFO     >>>>> Generator: Training
2025-07-17 09:37:59 INFO     -------------------------
2025-07-17 09:37:59 INFO     | EM Iteration: 2/5
2025-07-17 09:37:59 INFO     -------------------------
2025-07-17 09:37:59 INFO     >>>>> Generator: Rule generation with sampling
2025-07-17 09:37:59 INFO     Sampled rules len: 1343
2025-07-17 09:37:59 INFO     Predictor: read 1343 rules from list.
2025-07-17 09:37:59 INFO     Preprocess training set
2025-07-17 09:37:59 INFO     >>>>> Predictor: Training
2025-07-17 09:38:50 INFO     1000 12313 8.241986 69366.7
2025-07-17 09:39:40 INFO     2000 12313 7.759912 69279.9
2025-07-17 09:40:30 INFO     3000 12313 7.582108 69253.9
2025-07-17 09:41:21 INFO     4000 12313 7.429486 69340.6
2025-07-17 09:42:10 INFO     5000 12313 7.350488 69366.7
2025-07-17 09:43:00 INFO     6000 12313 7.261388 69358.0
2025-07-17 09:43:51 INFO     7000 12313 7.222039 69366.7
2025-07-17 09:44:41 INFO     8000 12313 7.201439 69384.0
2025-07-17 09:45:31 INFO     9000 12313 7.163070 69262.6
2025-07-17 09:46:21 INFO     10000 12313 7.137437 69323.3
2025-07-17 09:47:10 INFO     11000 12313 7.108201 69366.7
2025-07-17 09:48:02 INFO     12000 12313 7.093864 69332.0
2025-07-17 09:48:18 INFO     >>>>> Predictor: Evaluating on valid
2025-07-17 09:48:38 INFO     Data : 3823
2025-07-17 09:48:38 INFO     Hit1 : 0.028250
2025-07-17 09:48:38 INFO     Hit3 : 0.060947
2025-07-17 09:48:38 INFO     Hit10: 0.122155
2025-07-17 09:48:38 INFO     MR   : 1155.158645
2025-07-17 09:48:38 INFO     MRR  : 0.059915
2025-07-17 09:48:38 INFO     >>>>> Predictor: Evaluating on test
2025-07-17 09:48:59 INFO     Data : 4402
2025-07-17 09:48:59 INFO     Hit1 : 0.037029
2025-07-17 09:48:59 INFO     Hit3 : 0.067697
2025-07-17 09:48:59 INFO     Hit10: 0.121308
2025-07-17 09:48:59 INFO     MR   : 1151.854952
2025-07-17 09:48:59 INFO     MRR  : 0.066256
2025-07-17 09:48:59 INFO     >>>>> Predictor: Computing H scores of rules
2025-07-17 09:49:53 INFO     1000 12313
2025-07-17 09:50:49 INFO     2000 12313
2025-07-17 09:51:44 INFO     3000 12313
2025-07-17 09:52:39 INFO     4000 12313
2025-07-17 09:53:34 INFO     5000 12313
2025-07-17 09:54:28 INFO     6000 12313
2025-07-17 09:55:23 INFO     7000 12313
2025-07-17 09:56:19 INFO     8000 12313
2025-07-17 09:57:14 INFO     9000 12313
2025-07-17 09:58:09 INFO     10000 12313
2025-07-17 09:59:04 INFO     11000 12313
2025-07-17 09:59:59 INFO     12000 12313
2025-07-17 10:00:16 INFO     >>>>> Generator: Training
2025-07-17 10:00:17 INFO     -------------------------
2025-07-17 10:00:17 INFO     | EM Iteration: 3/5
2025-07-17 10:00:17 INFO     -------------------------
2025-07-17 10:00:17 INFO     >>>>> Generator: Rule generation with sampling
2025-07-17 10:00:17 INFO     Sampled rules len: 1412
2025-07-17 10:00:17 INFO     Predictor: read 1412 rules from list.
2025-07-17 10:00:17 INFO     Preprocess training set
2025-07-17 10:00:17 INFO     >>>>> Predictor: Training
2025-07-17 10:01:08 INFO     1000 12313 8.186434 69384.0
2025-07-17 10:01:59 INFO     2000 12313 7.698380 69384.0
2025-07-17 10:02:50 INFO     3000 12313 7.438209 69253.9
2025-07-17 10:03:42 INFO     4000 12313 7.297554 69323.3
2025-07-17 10:04:34 INFO     5000 12313 7.178202 69384.0
2025-07-17 10:05:25 INFO     6000 12313 7.059516 69323.3
2025-07-17 10:06:17 INFO     7000 12313 6.974232 69366.7
2025-07-17 10:07:08 INFO     8000 12313 6.907799 69332.0
2025-07-17 10:07:59 INFO     9000 12313 6.803359 69384.0
2025-07-17 10:08:50 INFO     10000 12313 6.806268 69227.9
2025-07-17 10:09:41 INFO     11000 12313 6.750974 69340.6
2025-07-17 10:10:33 INFO     12000 12313 6.717755 69297.3
2025-07-17 10:10:49 INFO     >>>>> Predictor: Evaluating on valid
2025-07-17 10:11:09 INFO     Data : 3823
2025-07-17 10:11:09 INFO     Hit1 : 0.030604
2025-07-17 10:11:09 INFO     Hit3 : 0.063301
2025-07-17 10:11:09 INFO     Hit10: 0.123202
2025-07-17 10:11:09 INFO     MR   : 1145.815328
2025-07-17 10:11:09 INFO     MRR  : 0.062217
2025-07-17 10:11:09 INFO     >>>>> Predictor: Evaluating on test
2025-07-17 10:11:31 INFO     Data : 4402
2025-07-17 10:11:31 INFO     Hit1 : 0.035666
2025-07-17 10:11:31 INFO     Hit3 : 0.069514
2025-07-17 10:11:31 INFO     Hit10: 0.126533
2025-07-17 10:11:31 INFO     MR   : 1125.611427
2025-07-17 10:11:31 INFO     MRR  : 0.067341
2025-07-17 10:11:31 INFO     >>>>> Predictor: Computing H scores of rules
2025-07-17 10:12:28 INFO     1000 12313
2025-07-17 10:13:24 INFO     2000 12313
2025-07-17 10:14:20 INFO     3000 12313
2025-07-17 10:15:15 INFO     4000 12313
2025-07-17 10:16:11 INFO     5000 12313
2025-07-17 10:17:06 INFO     6000 12313
2025-07-17 10:18:02 INFO     7000 12313
2025-07-17 10:18:58 INFO     8000 12313
2025-07-17 10:19:55 INFO     9000 12313
2025-07-17 10:20:52 INFO     10000 12313
2025-07-17 10:21:48 INFO     11000 12313
2025-07-17 10:22:45 INFO     12000 12313
2025-07-17 10:23:02 INFO     >>>>> Generator: Training
2025-07-17 10:23:03 INFO     -------------------------
2025-07-17 10:23:03 INFO     | EM Iteration: 4/5
2025-07-17 10:23:03 INFO     -------------------------
2025-07-17 10:23:03 INFO     >>>>> Generator: Rule generation with sampling
2025-07-17 10:23:03 INFO     Sampled rules len: 1426
2025-07-17 10:23:03 INFO     Predictor: read 1426 rules from list.
2025-07-17 10:23:03 INFO     Preprocess training set
2025-07-17 10:23:03 INFO     >>>>> Predictor: Training
2025-07-17 10:23:55 INFO     1000 12313 8.235441 69314.6
2025-07-17 10:24:46 INFO     2000 12313 7.752048 69279.9
2025-07-17 10:25:37 INFO     3000 12313 7.502660 69366.7
2025-07-17 10:26:29 INFO     4000 12313 7.384731 69366.7
2025-07-17 10:27:20 INFO     5000 12313 7.285630 69288.6
2025-07-17 10:28:12 INFO     6000 12313 7.194170 69340.6
2025-07-17 10:29:04 INFO     7000 12313 7.106842 69384.0
2025-07-17 10:29:57 INFO     8000 12313 7.037347 69340.6
2025-07-17 10:30:49 INFO     9000 12313 7.031454 69384.0
2025-07-17 10:31:40 INFO     10000 12313 6.975618 69288.6
2025-07-17 10:32:31 INFO     11000 12313 6.936382 69262.6
2025-07-17 10:33:23 INFO     12000 12313 6.945867 69384.0
2025-07-17 10:33:39 INFO     >>>>> Predictor: Evaluating on valid
2025-07-17 10:34:01 INFO     Data : 3823
2025-07-17 10:34:01 INFO     Hit1 : 0.034789
2025-07-17 10:34:01 INFO     Hit3 : 0.073764
2025-07-17 10:34:01 INFO     Hit10: 0.144128
2025-07-17 10:34:01 INFO     MR   : 1091.815328
2025-07-17 10:34:01 INFO     MRR  : 0.071208
2025-07-17 10:34:01 INFO     >>>>> Predictor: Evaluating on test
2025-07-17 10:34:26 INFO     Data : 4402
2025-07-17 10:34:26 INFO     Hit1 : 0.044980
2025-07-17 10:34:26 INFO     Hit3 : 0.086552
2025-07-17 10:34:26 INFO     Hit10: 0.149023
2025-07-17 10:34:26 INFO     MR   : 1099.592344
2025-07-17 10:34:26 INFO     MRR  : 0.080133
2025-07-17 10:34:26 INFO     >>>>> Predictor: Computing H scores of rules
2025-07-17 10:35:23 INFO     1000 12313
2025-07-17 10:36:19 INFO     2000 12313
2025-07-17 10:37:17 INFO     3000 12313
2025-07-17 10:38:13 INFO     4000 12313
2025-07-17 10:39:08 INFO     5000 12313
2025-07-17 10:40:05 INFO     6000 12313
2025-07-17 10:41:01 INFO     7000 12313
2025-07-17 10:41:57 INFO     8000 12313
2025-07-17 10:42:53 INFO     9000 12313
2025-07-17 10:43:50 INFO     10000 12313
2025-07-17 10:44:46 INFO     11000 12313
2025-07-17 10:45:44 INFO     12000 12313
2025-07-17 10:46:01 INFO     >>>>> Generator: Training
2025-07-17 10:46:02 INFO     -------------------------
2025-07-17 10:46:02 INFO     | EM Iteration: 5/5
2025-07-17 10:46:02 INFO     -------------------------
2025-07-17 10:46:02 INFO     >>>>> Generator: Rule generation with sampling
2025-07-17 10:46:02 INFO     Sampled rules len: 1482
2025-07-17 10:46:02 INFO     Predictor: read 1482 rules from list.
2025-07-17 10:46:02 INFO     Preprocess training set
2025-07-17 10:46:02 INFO     >>>>> Predictor: Training
2025-07-17 10:46:54 INFO     1000 12313 8.242797 69340.6
2025-07-17 10:47:46 INFO     2000 12313 7.792697 69288.6
2025-07-17 10:48:39 INFO     3000 12313 7.584489 69366.7
2025-07-17 10:49:32 INFO     4000 12313 7.471291 69305.9
2025-07-17 10:50:24 INFO     5000 12313 7.356705 69323.3
2025-07-17 10:51:16 INFO     6000 12313 7.310716 69384.0
2025-07-17 10:52:09 INFO     7000 12313 7.266276 69279.9
2025-07-17 10:53:03 INFO     8000 12313 7.194208 69384.0
2025-07-17 10:53:55 INFO     9000 12313 7.197570 69366.7
2025-07-17 10:54:48 INFO     10000 12313 7.156825 69297.3
2025-07-17 10:55:39 INFO     11000 12313 7.124651 69279.9
2025-07-17 10:56:31 INFO     12000 12313 7.133007 69384.0
2025-07-17 10:56:47 INFO     >>>>> Predictor: Evaluating on valid
2025-07-17 10:57:08 INFO     Data : 3823
2025-07-17 10:57:08 INFO     Hit1 : 0.031651
2025-07-17 10:57:08 INFO     Hit3 : 0.056762
2025-07-17 10:57:08 INFO     Hit10: 0.104891
2025-07-17 10:57:08 INFO     MR   : 1203.755820
2025-07-17 10:57:08 INFO     MRR  : 0.057972
2025-07-17 10:57:08 INFO     >>>>> Predictor: Evaluating on test
2025-07-17 10:57:33 INFO     Data : 4402
2025-07-17 10:57:33 INFO     Hit1 : 0.030668
2025-07-17 10:57:33 INFO     Hit3 : 0.060881
2025-07-17 10:57:33 INFO     Hit10: 0.105407
2025-07-17 10:57:33 INFO     MR   : 1188.294980
2025-07-17 10:57:33 INFO     MRR  : 0.057983
2025-07-17 10:57:33 INFO     >>>>> Predictor: Computing H scores of rules
2025-07-17 10:58:30 INFO     1000 12313
2025-07-17 10:59:29 INFO     2000 12313
2025-07-17 11:00:27 INFO     3000 12313
2025-07-17 11:01:23 INFO     4000 12313
2025-07-17 11:02:20 INFO     5000 12313
2025-07-17 11:03:17 INFO     6000 12313
2025-07-17 11:04:13 INFO     7000 12313
2025-07-17 11:05:10 INFO     8000 12313
2025-07-17 11:06:09 INFO     9000 12313
2025-07-17 11:07:07 INFO     10000 12313
2025-07-17 11:08:04 INFO     11000 12313
2025-07-17 11:09:02 INFO     12000 12313
2025-07-17 11:09:21 INFO     >>>>> Generator: Training
2025-07-17 11:09:21 INFO     -------------------------
2025-07-17 11:09:21 INFO     | Post-train Generator
2025-07-17 11:09:21 INFO     -------------------------
2025-07-17 11:09:21 INFO     >>>>> Generator: Training
2025-07-17 11:09:26 INFO     1000 1000 1.740982
2025-07-17 11:09:26 INFO     -------------------------
2025-07-17 11:09:26 INFO     | Beam Search Best Rules
2025-07-17 11:09:26 INFO     -------------------------
2025-07-17 11:09:26 INFO     >>>>> Generator: Rule generation with beam search
2025-07-17 11:09:26 INFO     >>>>> Generator: Rule generation with beam search
2025-07-17 11:09:27 INFO     >>>>> Generator: Rule generation with beam search
2025-07-17 11:09:36 INFO     >>>>> Generator: Rule generation with beam search
2025-07-17 11:09:43 INFO     >>>>> Generator: Rule generation with beam search
2025-07-17 11:09:47 INFO     -------------------------
2025-07-17 11:09:47 INFO     | Train Final Predictor+
2025-07-17 11:09:47 INFO     -------------------------
2025-07-17 11:09:47 INFO     Predictor+: read 18420 rules from list.
2025-07-17 11:09:47 INFO     Preprocess training set
2025-07-17 11:09:47 INFO     -------------------------
2025-07-17 11:09:47 INFO     | Iteration: 1/5
2025-07-17 11:09:47 INFO     -------------------------
2025-07-17 11:09:47 INFO     >>>>> Predictor: Training
2025-07-17 11:18:47 INFO     1000 12313 4.699765 69314.6
2025-07-17 11:26:28 INFO     2000 12313 4.494591 69366.7
2025-07-17 11:34:09 INFO     3000 12313 4.452293 69279.9
2025-07-17 11:41:52 INFO     4000 12313 4.445967 69340.6
2025-07-17 11:49:36 INFO     5000 12313 4.481440 69236.6
2025-07-17 11:57:18 INFO     6000 12313 4.445971 69366.7
2025-07-17 12:05:00 INFO     7000 12313 4.426879 69323.3
2025-07-17 12:12:44 INFO     8000 12313 4.462705 69349.3
2025-07-17 12:20:26 INFO     9000 12313 4.426292 69384.0
2025-07-17 12:28:05 INFO     10000 12313 4.420134 69384.0
2025-07-17 12:35:56 INFO     11000 12313 4.444391 69288.6
2025-07-17 12:44:02 INFO     12000 12313 4.447710 69366.7
2025-07-17 12:46:34 INFO     >>>>> Predictor: Evaluating on valid
2025-07-17 12:50:08 INFO     Data : 3823
2025-07-17 12:50:08 INFO     Hit1 : 0.079780
2025-07-17 12:50:08 INFO     Hit3 : 0.154067
2025-07-17 12:50:08 INFO     Hit10: 0.294533
2025-07-17 12:50:08 INFO     MR   : 628.126864
2025-07-17 12:50:08 INFO     MRR  : 0.148608
2025-07-17 12:50:08 INFO     >>>>> Predictor: Evaluating on test
2025-07-17 12:54:17 INFO     Data : 4402
2025-07-17 12:54:17 INFO     Hit1 : 0.106088
2025-07-17 12:54:17 INFO     Hit3 : 0.194457
2025-07-17 12:54:17 INFO     Hit10: 0.322808
2025-07-17 12:54:17 INFO     MR   : 614.734439
2025-07-17 12:54:17 INFO     MRR  : 0.176844
2025-07-17 12:54:17 INFO     Save checkpoint to results/semmeddb/10_times_each/original_rnnlogic/2_20250717_091426/predictor.pt
2025-07-17 12:54:17 INFO     -------------------------
2025-07-17 12:54:17 INFO     | Iteration: 2/5
2025-07-17 12:54:17 INFO     -------------------------
2025-07-17 12:54:17 INFO     >>>>> Predictor: Training
2025-07-17 13:02:24 INFO     1000 12313 4.385214 69384.0
2025-07-17 13:10:32 INFO     2000 12313 4.378897 69384.0
2025-07-17 13:18:42 INFO     3000 12313 4.393208 69340.6
2025-07-17 13:26:51 INFO     4000 12313 4.397187 69305.9
2025-07-17 13:34:58 INFO     5000 12313 4.407079 69340.6
2025-07-17 13:42:51 INFO     6000 12313 4.409017 69297.3
2025-07-17 13:50:45 INFO     7000 12313 4.391992 69323.3
2025-07-17 13:58:37 INFO     8000 12313 4.418350 69366.7
2025-07-17 14:06:25 INFO     9000 12313 4.392130 69297.3
2025-07-17 14:14:11 INFO     10000 12313 4.404353 69366.7
2025-07-17 14:21:54 INFO     11000 12313 4.408375 69314.6
2025-07-17 14:29:36 INFO     12000 12313 4.421738 69279.9
2025-07-17 14:32:02 INFO     >>>>> Predictor: Evaluating on valid
2025-07-17 14:35:25 INFO     Data : 3823
2025-07-17 14:35:25 INFO     Hit1 : 0.079780
2025-07-17 14:35:25 INFO     Hit3 : 0.158514
2025-07-17 14:35:25 INFO     Hit10: 0.297149
2025-07-17 14:35:25 INFO     MR   : 611.137457
2025-07-17 14:35:25 INFO     MRR  : 0.149069
2025-07-17 14:35:25 INFO     >>>>> Predictor: Evaluating on test
2025-07-17 14:39:23 INFO     Data : 4402
2025-07-17 14:39:23 INFO     Hit1 : 0.109269
2025-07-17 14:39:23 INFO     Hit3 : 0.192413
2025-07-17 14:39:23 INFO     Hit10: 0.320082
2025-07-17 14:39:23 INFO     MR   : 593.104044
2025-07-17 14:39:23 INFO     MRR  : 0.178121
2025-07-17 14:39:23 INFO     Save checkpoint to results/semmeddb/10_times_each/original_rnnlogic/2_20250717_091426/predictor.pt
2025-07-17 14:39:23 INFO     -------------------------
2025-07-17 14:39:23 INFO     | Iteration: 3/5
2025-07-17 14:39:23 INFO     -------------------------
2025-07-17 14:39:23 INFO     >>>>> Predictor: Training
2025-07-17 14:47:05 INFO     1000 12313 4.385393 69262.6
2025-07-17 14:54:43 INFO     2000 12313 4.369680 69384.0
2025-07-17 15:02:20 INFO     3000 12313 4.352468 69262.6
2025-07-17 15:09:58 INFO     4000 12313 4.393752 69323.3
2025-07-17 15:17:37 INFO     5000 12313 4.362637 69366.7
2025-07-17 15:25:19 INFO     6000 12313 4.381913 69323.3
2025-07-17 15:32:59 INFO     7000 12313 4.391075 69366.7
2025-07-17 15:40:42 INFO     8000 12313 4.398940 69384.0
2025-07-17 15:48:21 INFO     9000 12313 4.380314 69349.3
2025-07-17 15:56:03 INFO     10000 12313 4.400887 69314.6
2025-07-17 16:03:43 INFO     11000 12313 4.364785 69349.3
2025-07-17 16:11:26 INFO     12000 12313 4.399674 69314.6
2025-07-17 16:13:51 INFO     >>>>> Predictor: Evaluating on valid
2025-07-17 16:17:15 INFO     Data : 3823
2025-07-17 16:17:15 INFO     Hit1 : 0.080827
2025-07-17 16:17:15 INFO     Hit3 : 0.165054
2025-07-17 16:17:15 INFO     Hit10: 0.299503
2025-07-17 16:17:15 INFO     MR   : 613.732148
2025-07-17 16:17:15 INFO     MRR  : 0.152454
2025-07-17 16:17:15 INFO     >>>>> Predictor: Evaluating on test
2025-07-17 16:21:10 INFO     Data : 4402
2025-07-17 16:21:10 INFO     Hit1 : 0.109950
2025-07-17 16:21:10 INFO     Hit3 : 0.196274
2025-07-17 16:21:10 INFO     Hit10: 0.325307
2025-07-17 16:21:10 INFO     MR   : 584.111881
2025-07-17 16:21:10 INFO     MRR  : 0.180884
2025-07-17 16:21:10 INFO     Save checkpoint to results/semmeddb/10_times_each/original_rnnlogic/2_20250717_091426/predictor.pt
2025-07-17 16:21:10 INFO     -------------------------
2025-07-17 16:21:10 INFO     | Iteration: 4/5
2025-07-17 16:21:10 INFO     -------------------------
2025-07-17 16:21:10 INFO     >>>>> Predictor: Training
2025-07-17 16:28:57 INFO     1000 12313 4.338683 69384.0
2025-07-17 16:36:38 INFO     2000 12313 4.358934 69340.6
2025-07-17 16:44:22 INFO     3000 12313 4.364908 69384.0
2025-07-17 16:52:03 INFO     4000 12313 4.395039 69253.9
2025-07-17 16:59:56 INFO     5000 12313 4.380121 69262.6
2025-07-17 17:07:46 INFO     6000 12313 4.394571 69340.6
2025-07-17 17:15:25 INFO     7000 12313 4.374148 69314.6
2025-07-17 17:23:03 INFO     8000 12313 4.353152 69323.3
2025-07-17 17:30:43 INFO     9000 12313 4.386213 69366.7
2025-07-17 17:38:23 INFO     10000 12313 4.355722 69349.3
2025-07-17 17:46:06 INFO     11000 12313 4.368506 69366.7
2025-07-17 17:53:55 INFO     12000 12313 4.383912 69366.7
2025-07-17 17:56:20 INFO     >>>>> Predictor: Evaluating on valid
2025-07-17 17:59:44 INFO     Data : 3823
2025-07-17 17:59:44 INFO     Hit1 : 0.074810
2025-07-17 17:59:44 INFO     Hit3 : 0.165838
2025-07-17 17:59:44 INFO     Hit10: 0.302903
2025-07-17 17:59:44 INFO     MR   : 604.198274
2025-07-17 17:59:44 INFO     MRR  : 0.148726
2025-07-17 17:59:44 INFO     >>>>> Predictor: Evaluating on test
2025-07-17 18:03:39 INFO     Data : 4402
2025-07-17 18:03:39 INFO     Hit1 : 0.111540
2025-07-17 18:03:39 INFO     Hit3 : 0.194230
2025-07-17 18:03:39 INFO     Hit10: 0.325761
2025-07-17 18:03:39 INFO     MR   : 580.916288
2025-07-17 18:03:39 INFO     MRR  : 0.180426
2025-07-17 18:03:39 INFO     -------------------------
2025-07-17 18:03:39 INFO     | Iteration: 5/5
2025-07-17 18:03:39 INFO     -------------------------
2025-07-17 18:03:39 INFO     >>>>> Predictor: Training
2025-07-17 18:11:28 INFO     1000 12313 4.336109 69323.3
2025-07-17 18:19:15 INFO     2000 12313 4.362737 69384.0
2025-07-17 18:26:57 INFO     3000 12313 4.358605 69245.2
2025-07-17 18:34:44 INFO     4000 12313 4.340434 69384.0
2025-07-17 18:42:27 INFO     5000 12313 4.387752 69366.7
2025-07-17 18:50:13 INFO     6000 12313 4.358880 69323.3
2025-07-17 18:57:56 INFO     7000 12313 4.377248 69384.0
2025-07-17 19:05:37 INFO     8000 12313 4.388793 69297.3
2025-07-17 19:13:16 INFO     9000 12313 4.364680 69384.0
2025-07-17 19:20:55 INFO     10000 12313 4.362996 69271.3
2025-07-17 19:28:35 INFO     11000 12313 4.363263 69340.6
2025-07-17 19:36:20 INFO     12000 12313 4.347831 69297.3
2025-07-17 19:38:45 INFO     >>>>> Predictor: Evaluating on valid
2025-07-17 19:42:09 INFO     Data : 3823
2025-07-17 19:42:09 INFO     Hit1 : 0.078211
2025-07-17 19:42:09 INFO     Hit3 : 0.167408
2025-07-17 19:42:09 INFO     Hit10: 0.296887
2025-07-17 19:42:09 INFO     MR   : 601.195919
2025-07-17 19:42:09 INFO     MRR  : 0.150661
2025-07-17 19:42:09 INFO     >>>>> Predictor: Evaluating on test
2025-07-17 19:46:03 INFO     Data : 4402
2025-07-17 19:46:03 INFO     Hit1 : 0.104952
2025-07-17 19:46:03 INFO     Hit3 : 0.191277
2025-07-17 19:46:03 INFO     Hit10: 0.320763
2025-07-17 19:46:03 INFO     MR   : 580.892095
2025-07-17 19:46:03 INFO     MRR  : 0.175246
2025-07-17 19:46:03 INFO     -------------------------
2025-07-17 19:46:03 INFO     | Final Test MRR: 0.180884
2025-07-17 19:46:03 INFO     -------------------------
