2025-07-24 18:19:49 INFO     is_soft_label: True
2025-07-24 18:19:49 INFO     is_scheduled_sampling: False
2025-07-24 18:19:49 INFO     is_test_mode: False
2025-07-24 18:19:49 INFO     Data loading | DONE!
2025-07-24 18:19:49 INFO     Using full datasets for training, validation, and testing.
2025-07-24 18:19:50 INFO     -------------------------
2025-07-24 18:19:50 INFO     | EM Iteration: 1/5
2025-07-24 18:19:50 INFO     -------------------------
2025-07-24 18:19:50 INFO     >>>>> Using miner's rule
2025-07-24 18:19:50 INFO     Predictor: read 13661 rules from list.
2025-07-24 18:19:51 INFO     Preprocess training set
2025-07-24 18:19:51 INFO     >>>>> Predictor: Evaluating on valid
2025-07-24 18:23:20 INFO     Data : 2077
2025-07-24 18:23:20 INFO     Hit1 : 0.065479
2025-07-24 18:23:20 INFO     Hit3 : 0.127106
2025-07-24 18:23:20 INFO     Hit10: 0.199326
2025-07-24 18:23:20 INFO     MR   : 1120.902022
2025-07-24 18:23:20 INFO     MRR  : 0.114382
2025-07-24 18:23:20 INFO     >>>>> Predictor: Evaluating on test
2025-07-24 18:27:14 INFO     Data : 2342
2025-07-24 18:27:14 INFO     Hit1 : 0.078992
2025-07-24 18:27:14 INFO     Hit3 : 0.124253
2025-07-24 18:27:14 INFO     Hit10: 0.208796
2025-07-24 18:27:14 INFO     MR   : 1044.269001
2025-07-24 18:27:14 INFO     MRR  : 0.122250
2025-07-24 18:27:14 INFO     >>>>> Predictor: Computing H scores of rules
2025-07-24 19:16:17 INFO     1000 5959
2025-07-24 20:05:33 INFO     2000 5959
2025-07-24 20:54:07 INFO     3000 5959
2025-07-24 21:42:31 INFO     4000 5959
2025-07-24 22:29:46 INFO     5000 5959
2025-07-24 23:21:07 INFO     >>>>> Generator: Training
2025-07-24 23:21:14 INFO     -------------------------
2025-07-24 23:21:14 INFO     | EM Iteration: 2/5
2025-07-24 23:21:14 INFO     -------------------------
2025-07-24 23:21:14 INFO     >>>>> Using Generator's sample rule
2025-07-24 23:21:14 INFO     >>>>> Generator: Rule generation with sampling
2025-07-24 23:21:15 INFO     Predictor: read 1903 rules from list.
2025-07-24 23:21:15 INFO     Preprocess training set
2025-07-24 23:21:15 INFO     >>>>> Predictor: Training
2025-07-24 23:22:56 INFO     1000 5959 8.782167 69314.6
2025-07-24 23:24:30 INFO     2000 5959 8.409605 69271.3
2025-07-24 23:26:06 INFO     3000 5959 8.218136 69245.2
2025-07-24 23:27:55 INFO     4000 5959 8.064595 69340.6
2025-07-24 23:29:33 INFO     5000 5959 7.938592 69340.6
2025-07-24 23:31:06 INFO     >>>>> Predictor: Evaluating on valid
2025-07-24 23:31:22 INFO     Data : 2077
2025-07-24 23:31:22 INFO     Hit1 : 0.025036
2025-07-24 23:31:22 INFO     Hit3 : 0.040924
2025-07-24 23:31:22 INFO     Hit10: 0.064035
2025-07-24 23:31:22 INFO     MR   : 1410.005537
2025-07-24 23:31:22 INFO     MRR  : 0.041152
2025-07-24 23:31:22 INFO     >>>>> Predictor: Evaluating on test
2025-07-24 23:31:41 INFO     Data : 2342
2025-07-24 23:31:41 INFO     Hit1 : 0.019641
2025-07-24 23:31:41 INFO     Hit3 : 0.030743
2025-07-24 23:31:41 INFO     Hit10: 0.056362
2025-07-24 23:31:41 INFO     MR   : 1318.582408
2025-07-24 23:31:41 INFO     MRR  : 0.034758
2025-07-24 23:31:41 INFO     >>>>> Predictor: Computing H scores of rules
2025-07-24 23:36:28 INFO     1000 5959
2025-07-24 23:40:45 INFO     2000 5959
2025-07-24 23:44:33 INFO     3000 5959
2025-07-24 23:48:24 INFO     4000 5959
2025-07-24 23:52:11 INFO     5000 5959
2025-07-24 23:56:23 INFO     >>>>> Generator: Training
2025-07-24 23:56:31 INFO     -------------------------
2025-07-24 23:56:31 INFO     | EM Iteration: 3/5
2025-07-24 23:56:31 INFO     -------------------------
2025-07-24 23:56:31 INFO     >>>>> Using Generator's sample rule
2025-07-24 23:56:31 INFO     >>>>> Generator: Rule generation with sampling
2025-07-24 23:56:31 INFO     Predictor: read 1877 rules from list.
2025-07-24 23:56:31 INFO     Preprocess training set
2025-07-24 23:56:31 INFO     >>>>> Predictor: Training
2025-07-24 23:58:08 INFO     1000 5959 8.809779 69332.0
2025-07-24 23:59:45 INFO     2000 5959 8.468996 69349.3
2025-07-25 00:01:18 INFO     3000 5959 8.253727 69184.5
2025-07-25 00:03:06 INFO     4000 5959 8.079691 69253.9
2025-07-25 00:04:40 INFO     5000 5959 7.982923 69332.0
2025-07-25 00:06:15 INFO     >>>>> Predictor: Evaluating on valid
2025-07-25 00:06:31 INFO     Data : 2077
2025-07-25 00:06:31 INFO     Hit1 : 0.010592
2025-07-25 00:06:31 INFO     Hit3 : 0.025999
2025-07-25 00:06:31 INFO     Hit10: 0.051035
2025-07-25 00:06:31 INFO     MR   : 1451.151180
2025-07-25 00:06:31 INFO     MRR  : 0.026790
2025-07-25 00:06:31 INFO     >>>>> Predictor: Evaluating on test
2025-07-25 00:06:50 INFO     Data : 2342
2025-07-25 00:06:50 INFO     Hit1 : 0.014091
2025-07-25 00:06:50 INFO     Hit3 : 0.024765
2025-07-25 00:06:50 INFO     Hit10: 0.047395
2025-07-25 00:06:50 INFO     MR   : 1340.400299
2025-07-25 00:06:50 INFO     MRR  : 0.028019
2025-07-25 00:06:50 INFO     >>>>> Predictor: Computing H scores of rules
2025-07-25 00:10:43 INFO     1000 5959
2025-07-25 00:14:41 INFO     2000 5959
2025-07-25 00:18:27 INFO     3000 5959
2025-07-25 00:22:17 INFO     4000 5959
2025-07-25 00:26:28 INFO     5000 5959
2025-07-25 00:30:21 INFO     >>>>> Generator: Training
2025-07-25 00:30:28 INFO     -------------------------
2025-07-25 00:30:28 INFO     | EM Iteration: 4/5
2025-07-25 00:30:28 INFO     -------------------------
2025-07-25 00:30:28 INFO     >>>>> Using Generator's sample rule
2025-07-25 00:30:28 INFO     >>>>> Generator: Rule generation with sampling
2025-07-25 00:30:28 INFO     Predictor: read 1826 rules from list.
2025-07-25 00:30:28 INFO     Preprocess training set
2025-07-25 00:30:28 INFO     >>>>> Predictor: Training
2025-07-25 00:31:58 INFO     1000 5959 8.789460 69271.3
2025-07-25 00:33:34 INFO     2000 5959 8.401772 69340.6
2025-07-25 00:35:06 INFO     3000 5959 8.133644 69384.0
2025-07-25 00:36:46 INFO     4000 5959 7.955380 69262.6
2025-07-25 00:38:23 INFO     5000 5959 7.814063 69332.0
2025-07-25 00:39:53 INFO     >>>>> Predictor: Evaluating on valid
2025-07-25 00:40:10 INFO     Data : 2077
2025-07-25 00:40:10 INFO     Hit1 : 0.006259
2025-07-25 00:40:10 INFO     Hit3 : 0.018296
2025-07-25 00:40:10 INFO     Hit10: 0.036110
2025-07-25 00:40:10 INFO     MR   : 1485.682956
2025-07-25 00:40:10 INFO     MRR  : 0.019679
2025-07-25 00:40:10 INFO     >>>>> Predictor: Evaluating on test
2025-07-25 00:40:28 INFO     Data : 2342
2025-07-25 00:40:28 INFO     Hit1 : 0.008540
2025-07-25 00:40:28 INFO     Hit3 : 0.018787
2025-07-25 00:40:28 INFO     Hit10: 0.035440
2025-07-25 00:40:28 INFO     MR   : 1371.750213
2025-07-25 00:40:28 INFO     MRR  : 0.020766
2025-07-25 00:40:28 INFO     >>>>> Predictor: Computing H scores of rules
2025-07-25 00:44:36 INFO     1000 5959
2025-07-25 00:49:21 INFO     2000 5959
2025-07-25 00:53:31 INFO     3000 5959
2025-07-25 00:57:19 INFO     4000 5959
2025-07-25 01:02:16 INFO     5000 5959
2025-07-25 01:06:25 INFO     >>>>> Generator: Training
2025-07-25 01:06:32 INFO     -------------------------
2025-07-25 01:06:32 INFO     | EM Iteration: 5/5
2025-07-25 01:06:32 INFO     -------------------------
2025-07-25 01:06:32 INFO     >>>>> Using Generator's sample rule
2025-07-25 01:06:32 INFO     >>>>> Generator: Rule generation with sampling
2025-07-25 01:06:33 INFO     Predictor: read 1678 rules from list.
2025-07-25 01:06:33 INFO     Preprocess training set
2025-07-25 01:06:33 INFO     >>>>> Predictor: Training
2025-07-25 01:07:55 INFO     1000 5959 8.805693 69332.0
2025-07-25 01:09:34 INFO     2000 5959 8.433201 69349.3
2025-07-25 01:10:57 INFO     3000 5959 8.181872 69340.6
2025-07-25 01:12:16 INFO     4000 5959 8.011346 69297.3
2025-07-25 01:13:41 INFO     5000 5959 7.829671 69219.2
2025-07-25 01:15:15 INFO     >>>>> Predictor: Evaluating on valid
2025-07-25 01:15:35 INFO     Data : 2077
2025-07-25 01:15:35 INFO     Hit1 : 0.029851
2025-07-25 01:15:35 INFO     Hit3 : 0.053924
2025-07-25 01:15:35 INFO     Hit10: 0.076071
2025-07-25 01:15:35 INFO     MR   : 1451.300433
2025-07-25 01:15:35 INFO     MRR  : 0.049625
2025-07-25 01:15:35 INFO     >>>>> Predictor: Evaluating on test
2025-07-25 01:15:56 INFO     Data : 2342
2025-07-25 01:15:56 INFO     Hit1 : 0.028181
2025-07-25 01:15:56 INFO     Hit3 : 0.046541
2025-07-25 01:15:56 INFO     Hit10: 0.084543
2025-07-25 01:15:56 INFO     MR   : 1335.067891
2025-07-25 01:15:56 INFO     MRR  : 0.048161
2025-07-25 01:15:56 INFO     >>>>> Predictor: Computing H scores of rules
2025-07-25 01:20:02 INFO     1000 5959
2025-07-25 01:23:34 INFO     2000 5959
2025-07-25 01:27:04 INFO     3000 5959
2025-07-25 01:30:26 INFO     4000 5959
2025-07-25 01:33:59 INFO     5000 5959
2025-07-25 01:37:54 INFO     >>>>> Generator: Training
2025-07-25 01:38:02 INFO     -------------------------
2025-07-25 01:38:02 INFO     | Post-train Generator
2025-07-25 01:38:02 INFO     -------------------------
2025-07-25 01:38:04 INFO     >>>>> Generator: Training
2025-07-25 01:39:19 INFO     [E01000] Total 2.052069 | Main 2.410393 | RelClus 1.458893 | EntType 0.000000
2025-07-25 01:39:19 INFO     -------------------------
2025-07-25 01:39:19 INFO     | Beam Search Best Rules
2025-07-25 01:39:19 INFO     -------------------------
2025-07-25 01:39:19 INFO     >>>>> Generator: Rule generation with beam search
2025-07-25 01:39:21 INFO     >>>>> Generator: Rule generation with beam search
2025-07-25 01:39:30 INFO     >>>>> Generator: Rule generation with beam search
2025-07-25 01:41:29 INFO     >>>>> Generator: Rule generation with beam search
2025-07-25 01:43:05 INFO     >>>>> Generator: Rule generation with beam search
2025-07-25 01:44:11 INFO     -------------------------
2025-07-25 01:44:11 INFO     | Train Final Predictor+
2025-07-25 01:44:11 INFO     -------------------------
2025-07-25 01:44:11 INFO     Predictor+: read 18420 rules from list.
2025-07-25 01:44:11 INFO     Preprocess training set
2025-07-25 01:44:11 INFO     -------------------------
2025-07-25 01:44:11 INFO     | Iteration: 1/5
2025-07-25 01:44:11 INFO     -------------------------
2025-07-25 01:44:11 INFO     >>>>> Predictor: Training
2025-07-25 01:52:35 INFO     1000 5959 5.259525 69271.3
2025-07-25 02:00:38 INFO     2000 5959 5.109298 69332.0
2025-07-25 02:08:37 INFO     3000 5959 5.089022 69375.3
2025-07-25 02:16:39 INFO     4000 5959 5.062184 69279.9
2025-07-25 02:24:47 INFO     5000 5959 5.021923 69349.3
2025-07-25 02:32:27 INFO     >>>>> Predictor: Evaluating on valid
2025-07-25 02:34:26 INFO     Data : 2077
2025-07-25 02:34:26 INFO     Hit1 : 0.078960
2025-07-25 02:34:26 INFO     Hit3 : 0.149254
2025-07-25 02:34:26 INFO     Hit10: 0.249398
2025-07-25 02:34:26 INFO     MR   : 1147.353154
2025-07-25 02:34:26 INFO     MRR  : 0.133920
2025-07-25 02:34:26 INFO     >>>>> Predictor: Evaluating on test
2025-07-25 02:36:39 INFO     Data : 2342
2025-07-25 02:36:39 INFO     Hit1 : 0.097353
2025-07-25 02:36:39 INFO     Hit3 : 0.164816
2025-07-25 02:36:39 INFO     Hit10: 0.249360
2025-07-25 02:36:39 INFO     MR   : 1076.505551
2025-07-25 02:36:39 INFO     MRR  : 0.148671
2025-07-25 02:36:39 INFO     Save checkpoint to results/semmeddb/10_times_each/soft_label/1_20250724_181947/predictor.pt
2025-07-25 02:36:39 INFO     -------------------------
2025-07-25 02:36:39 INFO     | Iteration: 2/5
2025-07-25 02:36:39 INFO     -------------------------
2025-07-25 02:36:39 INFO     >>>>> Predictor: Training
2025-07-25 02:46:23 INFO     1000 5959 4.992320 69366.7
2025-07-25 02:56:58 INFO     2000 5959 5.015776 69375.3
2025-07-25 03:06:09 INFO     3000 5959 4.992403 69219.2
2025-07-25 03:14:13 INFO     4000 5959 5.016346 69305.9
2025-07-25 03:22:38 INFO     5000 5959 4.981657 69288.6
2025-07-25 03:31:51 INFO     >>>>> Predictor: Evaluating on valid
2025-07-25 03:33:50 INFO     Data : 2077
2025-07-25 03:33:50 INFO     Hit1 : 0.070294
2025-07-25 03:33:50 INFO     Hit3 : 0.147809
2025-07-25 03:33:50 INFO     Hit10: 0.249880
2025-07-25 03:33:50 INFO     MR   : 1119.974001
2025-07-25 03:33:50 INFO     MRR  : 0.129695
2025-07-25 03:33:50 INFO     >>>>> Predictor: Evaluating on test
2025-07-25 03:36:11 INFO     Data : 2342
2025-07-25 03:36:11 INFO     Hit1 : 0.094364
2025-07-25 03:36:11 INFO     Hit3 : 0.167805
2025-07-25 03:36:11 INFO     Hit10: 0.244663
2025-07-25 03:36:11 INFO     MR   : 1051.069812
2025-07-25 03:36:11 INFO     MRR  : 0.147210
2025-07-25 03:36:11 INFO     -------------------------
2025-07-25 03:36:11 INFO     | Iteration: 3/5
2025-07-25 03:36:11 INFO     -------------------------
2025-07-25 03:36:11 INFO     >>>>> Predictor: Training
2025-07-25 03:44:43 INFO     1000 5959 4.988527 69288.6
2025-07-25 03:52:50 INFO     2000 5959 4.988554 69288.6
2025-07-25 04:01:16 INFO     3000 5959 4.981077 69340.6
2025-07-25 04:10:11 INFO     4000 5959 4.975137 69271.3
2025-07-25 04:18:01 INFO     5000 5959 5.013135 69219.2
2025-07-25 04:25:33 INFO     >>>>> Predictor: Evaluating on valid
2025-07-25 04:27:44 INFO     Data : 2077
2025-07-25 04:27:44 INFO     Hit1 : 0.072220
2025-07-25 04:27:44 INFO     Hit3 : 0.145402
2025-07-25 04:27:44 INFO     Hit10: 0.242658
2025-07-25 04:27:44 INFO     MR   : 1118.195715
2025-07-25 04:27:44 INFO     MRR  : 0.129068
2025-07-25 04:27:44 INFO     >>>>> Predictor: Evaluating on test
2025-07-25 04:30:46 INFO     Data : 2342
2025-07-25 04:30:46 INFO     Hit1 : 0.102477
2025-07-25 04:30:46 INFO     Hit3 : 0.164389
2025-07-25 04:30:46 INFO     Hit10: 0.247225
2025-07-25 04:30:46 INFO     MR   : 1043.343510
2025-07-25 04:30:46 INFO     MRR  : 0.150618
2025-07-25 04:30:46 INFO     -------------------------
2025-07-25 04:30:46 INFO     | Iteration: 4/5
2025-07-25 04:30:46 INFO     -------------------------
2025-07-25 04:30:46 INFO     >>>>> Predictor: Training
2025-07-25 04:40:22 INFO     1000 5959 4.954048 69340.6
2025-07-25 04:48:27 INFO     2000 5959 4.935866 69184.5
2025-07-25 04:56:20 INFO     3000 5959 5.032754 69253.9
2025-07-25 05:04:24 INFO     4000 5959 4.980607 69340.6
2025-07-25 05:14:47 INFO     5000 5959 4.975969 69384.0
2025-07-25 05:25:05 INFO     >>>>> Predictor: Evaluating on valid
2025-07-25 05:27:46 INFO     Data : 2077
2025-07-25 05:27:46 INFO     Hit1 : 0.069812
2025-07-25 05:27:46 INFO     Hit3 : 0.147328
2025-07-25 05:27:46 INFO     Hit10: 0.246028
2025-07-25 05:27:46 INFO     MR   : 1106.740973
2025-07-25 05:27:46 INFO     MRR  : 0.127500
2025-07-25 05:27:46 INFO     >>>>> Predictor: Evaluating on test
2025-07-25 05:30:05 INFO     Data : 2342
2025-07-25 05:30:05 INFO     Hit1 : 0.101196
2025-07-25 05:30:05 INFO     Hit3 : 0.170367
2025-07-25 05:30:05 INFO     Hit10: 0.250640
2025-07-25 05:30:05 INFO     MR   : 1036.986763
2025-07-25 05:30:05 INFO     MRR  : 0.151399
2025-07-25 05:30:05 INFO     -------------------------
2025-07-25 05:30:05 INFO     | Iteration: 5/5
2025-07-25 05:30:05 INFO     -------------------------
2025-07-25 05:30:05 INFO     >>>>> Predictor: Training
2025-07-25 05:38:05 INFO     1000 5959 4.982753 69323.3
2025-07-25 05:46:02 INFO     2000 5959 4.974818 69332.0
2025-07-25 05:56:30 INFO     3000 5959 4.994067 69219.2
2025-07-25 06:07:21 INFO     4000 5959 4.957522 69297.3
2025-07-25 06:18:10 INFO     5000 5959 4.949182 69332.0
2025-07-25 06:28:24 INFO     >>>>> Predictor: Evaluating on valid
2025-07-25 06:30:22 INFO     Data : 2077
2025-07-25 06:30:22 INFO     Hit1 : 0.073182
2025-07-25 06:30:22 INFO     Hit3 : 0.145402
2025-07-25 06:30:22 INFO     Hit10: 0.248435
2025-07-25 06:30:22 INFO     MR   : 1095.000481
2025-07-25 06:30:22 INFO     MRR  : 0.128911
2025-07-25 06:30:22 INFO     >>>>> Predictor: Evaluating on test
2025-07-25 06:32:35 INFO     Data : 2342
2025-07-25 06:32:35 INFO     Hit1 : 0.101196
2025-07-25 06:32:35 INFO     Hit3 : 0.166524
2025-07-25 06:32:35 INFO     Hit10: 0.253202
2025-07-25 06:32:35 INFO     MR   : 1029.300171
2025-07-25 06:32:35 INFO     MRR  : 0.151510
2025-07-25 06:32:35 INFO     -------------------------
2025-07-25 06:32:35 INFO     | Final Test MRR: 0.148671
2025-07-25 06:32:35 INFO     -------------------------
