2025-07-21 17:28:57 INFO     is_soft_label: False
2025-07-21 17:28:57 INFO     is_scheduled_sampling: False
2025-07-21 17:28:57 INFO     is_test_mode: False
2025-07-21 17:28:57 INFO     Data loading | DONE!
2025-07-21 17:28:57 INFO     Using full datasets for training, validation, and testing.
2025-07-21 17:28:57 INFO     -------------------------
2025-07-21 17:28:57 INFO     | EM Iteration: 1/5
2025-07-21 17:28:57 INFO     -------------------------
2025-07-21 17:28:57 INFO     >>>>> Using miner's rule
2025-07-21 17:28:57 INFO     Predictor: read 13661 rules from list.
2025-07-21 17:28:58 INFO     Preprocess training set
2025-07-21 17:28:58 INFO     >>>>> Predictor: Evaluating on valid
2025-07-21 17:31:14 INFO     Data : 2077
2025-07-21 17:31:14 INFO     Hit1 : 0.065479
2025-07-21 17:31:14 INFO     Hit3 : 0.127106
2025-07-21 17:31:14 INFO     Hit10: 0.199326
2025-07-21 17:31:14 INFO     MR   : 1120.902022
2025-07-21 17:31:14 INFO     MRR  : 0.114382
2025-07-21 17:31:14 INFO     >>>>> Predictor: Evaluating on test
2025-07-21 17:33:46 INFO     Data : 2342
2025-07-21 17:33:46 INFO     Hit1 : 0.078992
2025-07-21 17:33:46 INFO     Hit3 : 0.124253
2025-07-21 17:33:46 INFO     Hit10: 0.208796
2025-07-21 17:33:46 INFO     MR   : 1044.269001
2025-07-21 17:33:46 INFO     MRR  : 0.122250
2025-07-21 17:33:46 INFO     >>>>> Predictor: Computing H scores of rules
2025-07-21 18:10:49 INFO     1000 5959
2025-07-21 18:48:46 INFO     2000 5959
2025-07-21 19:25:54 INFO     3000 5959
2025-07-21 20:03:20 INFO     4000 5959
2025-07-21 20:40:12 INFO     5000 5959
2025-07-21 21:17:47 INFO     >>>>> Generator: Training
2025-07-21 21:17:57 INFO     -------------------------
2025-07-21 21:17:57 INFO     | EM Iteration: 2/5
2025-07-21 21:17:57 INFO     -------------------------
2025-07-21 21:17:57 INFO     >>>>> Using Generator's sample rule
2025-07-21 21:17:57 INFO     >>>>> Generator: Rule generation with sampling
2025-07-21 21:17:57 INFO     Predictor: read 1892 rules from list.
2025-07-21 21:17:57 INFO     Preprocess training set
2025-07-21 21:17:57 INFO     >>>>> Predictor: Training
2025-07-21 21:19:09 INFO     1000 5959 8.791967 69314.6
2025-07-21 21:20:21 INFO     2000 5959 8.414537 69271.3
2025-07-21 21:21:33 INFO     3000 5959 8.209815 69245.2
2025-07-21 21:22:59 INFO     4000 5959 8.040272 69340.6
2025-07-21 21:24:15 INFO     5000 5959 7.874913 69340.6
2025-07-21 21:25:24 INFO     >>>>> Predictor: Evaluating on valid
2025-07-21 21:25:42 INFO     Data : 2077
2025-07-21 21:25:42 INFO     Hit1 : 0.014925
2025-07-21 21:25:42 INFO     Hit3 : 0.023592
2025-07-21 21:25:42 INFO     Hit10: 0.034665
2025-07-21 21:25:42 INFO     MR   : 1480.162735
2025-07-21 21:25:42 INFO     MRR  : 0.025649
2025-07-21 21:25:42 INFO     >>>>> Predictor: Evaluating on test
2025-07-21 21:26:02 INFO     Data : 2342
2025-07-21 21:26:02 INFO     Hit1 : 0.011529
2025-07-21 21:26:02 INFO     Hit3 : 0.017933
2025-07-21 21:26:02 INFO     Hit10: 0.028608
2025-07-21 21:26:02 INFO     MR   : 1375.226943
2025-07-21 21:26:02 INFO     MRR  : 0.021256
2025-07-21 21:26:02 INFO     >>>>> Predictor: Computing H scores of rules
2025-07-21 21:29:23 INFO     1000 5959
2025-07-21 21:32:55 INFO     2000 5959
2025-07-21 21:36:16 INFO     3000 5959
2025-07-21 21:39:38 INFO     4000 5959
2025-07-21 21:43:11 INFO     5000 5959
2025-07-21 21:46:25 INFO     >>>>> Generator: Training
2025-07-21 21:46:35 INFO     -------------------------
2025-07-21 21:46:35 INFO     | EM Iteration: 3/5
2025-07-21 21:46:35 INFO     -------------------------
2025-07-21 21:46:35 INFO     >>>>> Using Generator's sample rule
2025-07-21 21:46:35 INFO     >>>>> Generator: Rule generation with sampling
2025-07-21 21:46:35 INFO     Predictor: read 1881 rules from list.
2025-07-21 21:46:35 INFO     Preprocess training set
2025-07-21 21:46:35 INFO     >>>>> Predictor: Training
2025-07-21 21:48:01 INFO     1000 5959 8.817987 69332.0
2025-07-21 21:49:13 INFO     2000 5959 8.496226 69349.3
2025-07-21 21:50:25 INFO     3000 5959 8.298008 69184.5
2025-07-21 21:51:38 INFO     4000 5959 8.154551 69253.9
2025-07-21 21:53:08 INFO     5000 5959 8.083140 69332.0
2025-07-21 21:54:24 INFO     >>>>> Predictor: Evaluating on valid
2025-07-21 21:54:42 INFO     Data : 2077
2025-07-21 21:54:42 INFO     Hit1 : 0.012037
2025-07-21 21:54:42 INFO     Hit3 : 0.022629
2025-07-21 21:54:42 INFO     Hit10: 0.044776
2025-07-21 21:54:42 INFO     MR   : 1472.765768
2025-07-21 21:54:42 INFO     MRR  : 0.025626
2025-07-21 21:54:42 INFO     >>>>> Predictor: Evaluating on test
2025-07-21 21:55:02 INFO     Data : 2342
2025-07-21 21:55:02 INFO     Hit1 : 0.013664
2025-07-21 21:55:02 INFO     Hit3 : 0.020495
2025-07-21 21:55:02 INFO     Hit10: 0.038856
2025-07-21 21:55:02 INFO     MR   : 1373.408412
2025-07-21 21:55:02 INFO     MRR  : 0.024759
2025-07-21 21:55:02 INFO     >>>>> Predictor: Computing H scores of rules
2025-07-21 21:58:24 INFO     1000 5959
2025-07-21 22:01:44 INFO     2000 5959
2025-07-21 22:05:04 INFO     3000 5959
2025-07-21 22:08:25 INFO     4000 5959
2025-07-21 22:11:53 INFO     5000 5959
2025-07-21 22:15:20 INFO     >>>>> Generator: Training
2025-07-21 22:15:34 INFO     -------------------------
2025-07-21 22:15:34 INFO     | EM Iteration: 4/5
2025-07-21 22:15:34 INFO     -------------------------
2025-07-21 22:15:34 INFO     >>>>> Using Generator's sample rule
2025-07-21 22:15:34 INFO     >>>>> Generator: Rule generation with sampling
2025-07-21 22:15:34 INFO     Predictor: read 1854 rules from list.
2025-07-21 22:15:34 INFO     Preprocess training set
2025-07-21 22:15:34 INFO     >>>>> Predictor: Training
2025-07-21 22:16:54 INFO     1000 5959 8.806675 69271.3
2025-07-21 22:18:04 INFO     2000 5959 8.455464 69340.6
2025-07-21 22:19:16 INFO     3000 5959 8.234432 69384.0
2025-07-21 22:20:40 INFO     4000 5959 8.075240 69262.6
2025-07-21 22:21:52 INFO     5000 5959 7.951819 69332.0
2025-07-21 22:23:14 INFO     >>>>> Predictor: Evaluating on valid
2025-07-21 22:23:31 INFO     Data : 2077
2025-07-21 22:23:31 INFO     Hit1 : 0.029369
2025-07-21 22:23:31 INFO     Hit3 : 0.044295
2025-07-21 22:23:31 INFO     Hit10: 0.064998
2025-07-21 22:23:31 INFO     MR   : 1444.204622
2025-07-21 22:23:31 INFO     MRR  : 0.045124
2025-07-21 22:23:31 INFO     >>>>> Predictor: Evaluating on test
2025-07-21 22:23:52 INFO     Data : 2342
2025-07-21 22:23:52 INFO     Hit1 : 0.033732
2025-07-21 22:23:52 INFO     Hit3 : 0.049530
2025-07-21 22:23:52 INFO     Hit10: 0.067037
2025-07-21 22:23:52 INFO     MR   : 1343.278181
2025-07-21 22:23:52 INFO     MRR  : 0.048749
2025-07-21 22:23:52 INFO     >>>>> Predictor: Computing H scores of rules
2025-07-21 22:27:23 INFO     1000 5959
2025-07-21 22:30:54 INFO     2000 5959
2025-07-21 22:34:17 INFO     3000 5959
2025-07-21 22:37:53 INFO     4000 5959
2025-07-21 22:41:20 INFO     5000 5959
2025-07-21 22:44:47 INFO     >>>>> Generator: Training
2025-07-21 22:44:57 INFO     -------------------------
2025-07-21 22:44:57 INFO     | EM Iteration: 5/5
2025-07-21 22:44:57 INFO     -------------------------
2025-07-21 22:44:57 INFO     >>>>> Using Generator's sample rule
2025-07-21 22:44:57 INFO     >>>>> Generator: Rule generation with sampling
2025-07-21 22:44:57 INFO     Predictor: read 1685 rules from list.
2025-07-21 22:44:57 INFO     Preprocess training set
2025-07-21 22:44:57 INFO     >>>>> Predictor: Training
2025-07-21 22:46:11 INFO     1000 5959 8.787479 69332.0
2025-07-21 22:47:24 INFO     2000 5959 8.381104 69349.3
2025-07-21 22:48:35 INFO     3000 5959 8.129148 69340.6
2025-07-21 22:49:47 INFO     4000 5959 7.902353 69297.3
2025-07-21 22:51:00 INFO     5000 5959 7.716306 69219.2
2025-07-21 22:52:10 INFO     >>>>> Predictor: Evaluating on valid
2025-07-21 22:52:28 INFO     Data : 2077
2025-07-21 22:52:28 INFO     Hit1 : 0.029369
2025-07-21 22:52:28 INFO     Hit3 : 0.051517
2025-07-21 22:52:28 INFO     Hit10: 0.072701
2025-07-21 22:52:28 INFO     MR   : 1464.012759
2025-07-21 22:52:28 INFO     MRR  : 0.047548
2025-07-21 22:52:28 INFO     >>>>> Predictor: Evaluating on test
2025-07-21 22:52:48 INFO     Data : 2342
2025-07-21 22:52:48 INFO     Hit1 : 0.035013
2025-07-21 22:52:48 INFO     Hit3 : 0.054227
2025-07-21 22:52:48 INFO     Hit10: 0.075149
2025-07-21 22:52:48 INFO     MR   : 1360.229078
2025-07-21 22:52:48 INFO     MRR  : 0.052431
2025-07-21 22:52:48 INFO     >>>>> Predictor: Computing H scores of rules
2025-07-21 22:56:09 INFO     1000 5959
2025-07-21 22:59:40 INFO     2000 5959
2025-07-21 23:03:12 INFO     3000 5959
2025-07-21 23:06:45 INFO     4000 5959
2025-07-21 23:10:17 INFO     5000 5959
2025-07-21 23:13:42 INFO     >>>>> Generator: Training
2025-07-21 23:13:52 INFO     -------------------------
2025-07-21 23:13:52 INFO     | Post-train Generator
2025-07-21 23:13:52 INFO     -------------------------
2025-07-21 23:13:53 INFO     >>>>> Generator: Training
2025-07-21 23:15:35 INFO     [E01000] Total 2.057636 | Main 2.414967 | RelClus 1.468955 | 
2025-07-21 23:15:35 INFO     -------------------------
2025-07-21 23:15:35 INFO     | Beam Search Best Rules
2025-07-21 23:15:35 INFO     -------------------------
2025-07-21 23:15:35 INFO     >>>>> Generator: Rule generation with beam search
2025-07-21 23:15:35 INFO     >>>>> Generator: Rule generation with beam search
2025-07-21 23:15:41 INFO     >>>>> Generator: Rule generation with beam search
2025-07-21 23:16:52 INFO     >>>>> Generator: Rule generation with beam search
2025-07-21 23:17:49 INFO     >>>>> Generator: Rule generation with beam search
2025-07-21 23:18:29 INFO     -------------------------
2025-07-21 23:18:29 INFO     | Train Final Predictor+
2025-07-21 23:18:29 INFO     -------------------------
2025-07-21 23:18:29 INFO     Predictor+: read 18420 rules from list.
2025-07-21 23:18:29 INFO     Preprocess training set
2025-07-21 23:18:29 INFO     -------------------------
2025-07-21 23:18:29 INFO     | Iteration: 1/5
2025-07-21 23:18:29 INFO     -------------------------
2025-07-21 23:18:29 INFO     >>>>> Predictor: Training
2025-07-21 23:24:08 INFO     1000 5959 5.166470 69271.3
2025-07-21 23:29:54 INFO     2000 5959 4.999861 69332.0
2025-07-21 23:35:45 INFO     3000 5959 4.973751 69375.3
2025-07-21 23:41:40 INFO     4000 5959 4.963950 69279.9
2025-07-21 23:47:30 INFO     5000 5959 4.914710 69349.3
2025-07-21 23:52:52 INFO     >>>>> Predictor: Evaluating on valid
2025-07-21 23:54:14 INFO     Data : 2077
2025-07-21 23:54:14 INFO     Hit1 : 0.095330
2025-07-21 23:54:14 INFO     Hit3 : 0.177179
2025-07-21 23:54:14 INFO     Hit10: 0.290804
2025-07-21 23:54:14 INFO     MR   : 1036.962927
2025-07-21 23:54:14 INFO     MRR  : 0.158128
2025-07-21 23:54:14 INFO     >>>>> Predictor: Evaluating on test
2025-07-21 23:55:52 INFO     Data : 2342
2025-07-21 23:55:52 INFO     Hit1 : 0.113151
2025-07-21 23:55:52 INFO     Hit3 : 0.190009
2025-07-21 23:55:52 INFO     Hit10: 0.294193
2025-07-21 23:55:52 INFO     MR   : 961.472032
2025-07-21 23:55:52 INFO     MRR  : 0.173082
2025-07-21 23:55:52 INFO     Save checkpoint to results/semmeddb/10_times_each/aux1/9_20250721_172855/predictor.pt
2025-07-21 23:55:52 INFO     -------------------------
2025-07-21 23:55:52 INFO     | Iteration: 2/5
2025-07-21 23:55:52 INFO     -------------------------
2025-07-21 23:55:52 INFO     >>>>> Predictor: Training
2025-07-22 00:01:30 INFO     1000 5959 4.874031 69366.7
2025-07-22 00:07:09 INFO     2000 5959 4.893219 69375.3
2025-07-22 00:12:54 INFO     3000 5959 4.878112 69219.2
2025-07-22 00:18:36 INFO     4000 5959 4.911633 69305.9
2025-07-22 00:24:17 INFO     5000 5959 4.867765 69288.6
2025-07-22 00:29:54 INFO     >>>>> Predictor: Evaluating on valid
2025-07-22 00:31:15 INFO     Data : 2077
2025-07-22 00:31:15 INFO     Hit1 : 0.089552
2025-07-22 00:31:15 INFO     Hit3 : 0.173327
2025-07-22 00:31:15 INFO     Hit10: 0.286471
2025-07-22 00:31:15 INFO     MR   : 1011.057053
2025-07-22 00:31:15 INFO     MRR  : 0.153291
2025-07-22 00:31:15 INFO     >>>>> Predictor: Evaluating on test
2025-07-22 00:32:47 INFO     Data : 2342
2025-07-22 00:32:47 INFO     Hit1 : 0.111870
2025-07-22 00:32:47 INFO     Hit3 : 0.190436
2025-07-22 00:32:47 INFO     Hit10: 0.294193
2025-07-22 00:32:47 INFO     MR   : 934.699402
2025-07-22 00:32:47 INFO     MRR  : 0.171660
2025-07-22 00:32:47 INFO     -------------------------
2025-07-22 00:32:47 INFO     | Iteration: 3/5
2025-07-22 00:32:47 INFO     -------------------------
2025-07-22 00:32:47 INFO     >>>>> Predictor: Training
2025-07-22 00:38:31 INFO     1000 5959 4.879016 69288.6
2025-07-22 00:44:24 INFO     2000 5959 4.873737 69288.6
2025-07-22 00:50:05 INFO     3000 5959 4.860662 69340.6
2025-07-22 00:56:06 INFO     4000 5959 4.860994 69271.3
2025-07-22 01:01:41 INFO     5000 5959 4.901290 69219.2
2025-07-22 01:07:15 INFO     >>>>> Predictor: Evaluating on valid
2025-07-22 01:08:38 INFO     Data : 2077
2025-07-22 01:08:38 INFO     Hit1 : 0.085701
2025-07-22 01:08:38 INFO     Hit3 : 0.168512
2025-07-22 01:08:38 INFO     Hit10: 0.281656
2025-07-22 01:08:38 INFO     MR   : 999.925373
2025-07-22 01:08:38 INFO     MRR  : 0.149763
2025-07-22 01:08:38 INFO     >>>>> Predictor: Evaluating on test
2025-07-22 01:10:14 INFO     Data : 2342
2025-07-22 01:10:14 INFO     Hit1 : 0.109308
2025-07-22 01:10:14 INFO     Hit3 : 0.184031
2025-07-22 01:10:14 INFO     Hit10: 0.291631
2025-07-22 01:10:14 INFO     MR   : 920.853544
2025-07-22 01:10:14 INFO     MRR  : 0.168430
2025-07-22 01:10:14 INFO     -------------------------
2025-07-22 01:10:14 INFO     | Iteration: 4/5
2025-07-22 01:10:14 INFO     -------------------------
2025-07-22 01:10:14 INFO     >>>>> Predictor: Training
2025-07-22 01:16:04 INFO     1000 5959 4.848013 69340.6
2025-07-22 01:22:05 INFO     2000 5959 4.822404 69184.5
2025-07-22 01:27:50 INFO     3000 5959 4.904327 69253.9
2025-07-22 01:33:22 INFO     4000 5959 4.864124 69340.6
2025-07-22 01:38:56 INFO     5000 5959 4.856549 69384.0
2025-07-22 01:44:33 INFO     >>>>> Predictor: Evaluating on valid
2025-07-22 01:45:54 INFO     Data : 2077
2025-07-22 01:45:54 INFO     Hit1 : 0.087145
2025-07-22 01:45:54 INFO     Hit3 : 0.169475
2025-07-22 01:45:54 INFO     Hit10: 0.289841
2025-07-22 01:45:54 INFO     MR   : 999.441502
2025-07-22 01:45:54 INFO     MRR  : 0.151507
2025-07-22 01:45:54 INFO     >>>>> Predictor: Evaluating on test
2025-07-22 01:47:24 INFO     Data : 2342
2025-07-22 01:47:24 INFO     Hit1 : 0.111870
2025-07-22 01:47:24 INFO     Hit3 : 0.187874
2025-07-22 01:47:24 INFO     Hit10: 0.296328
2025-07-22 01:47:24 INFO     MR   : 924.050811
2025-07-22 01:47:24 INFO     MRR  : 0.171153
2025-07-22 01:47:24 INFO     -------------------------
2025-07-22 01:47:24 INFO     | Iteration: 5/5
2025-07-22 01:47:24 INFO     -------------------------
2025-07-22 01:47:24 INFO     >>>>> Predictor: Training
2025-07-22 01:53:00 INFO     1000 5959 4.853522 69323.3
2025-07-22 01:58:34 INFO     2000 5959 4.865289 69332.0
2025-07-22 02:04:21 INFO     3000 5959 4.881589 69219.2
2025-07-22 02:10:01 INFO     4000 5959 4.859414 69297.3
2025-07-22 02:15:43 INFO     5000 5959 4.828529 69332.0
2025-07-22 02:21:20 INFO     >>>>> Predictor: Evaluating on valid
2025-07-22 02:22:45 INFO     Data : 2077
2025-07-22 02:22:45 INFO     Hit1 : 0.082812
2025-07-22 02:22:45 INFO     Hit3 : 0.168031
2025-07-22 02:22:45 INFO     Hit10: 0.288878
2025-07-22 02:22:45 INFO     MR   : 985.682956
2025-07-22 02:22:45 INFO     MRR  : 0.148698
2025-07-22 02:22:45 INFO     >>>>> Predictor: Evaluating on test
2025-07-22 02:24:18 INFO     Data : 2342
2025-07-22 02:24:18 INFO     Hit1 : 0.109308
2025-07-22 02:24:18 INFO     Hit3 : 0.182750
2025-07-22 02:24:18 INFO     Hit10: 0.288215
2025-07-22 02:24:18 INFO     MR   : 912.352263
2025-07-22 02:24:18 INFO     MRR  : 0.168806
2025-07-22 02:24:18 INFO     -------------------------
2025-07-22 02:24:18 INFO     | Final Test MRR: 0.173082
2025-07-22 02:24:18 INFO     -------------------------
