2025-07-07 03:36:15 INFO     -------------------------
2025-07-07 03:36:15 INFO     | Pre-train Generator
2025-07-07 03:36:15 INFO     -------------------------
2025-07-07 03:36:15 INFO     >>>>> Generator: Training
2025-07-07 03:36:20 INFO     1000 10000 1.640829
2025-07-07 03:36:24 INFO     2000 10000 1.555844
2025-07-07 03:36:28 INFO     3000 10000 1.544617
2025-07-07 03:36:33 INFO     4000 10000 1.539628
2025-07-07 03:36:37 INFO     5000 10000 1.541232
2025-07-07 03:36:41 INFO     6000 10000 1.537140
2025-07-07 03:36:45 INFO     7000 10000 1.535005
2025-07-07 03:36:50 INFO     8000 10000 1.534639
2025-07-07 03:36:54 INFO     9000 10000 1.533593
2025-07-07 03:36:58 INFO     10000 10000 1.531518
2025-07-07 03:36:58 INFO     -------------------------
2025-07-07 03:36:58 INFO     | EM Iteration: 1/5
2025-07-07 03:36:58 INFO     -------------------------
2025-07-07 03:36:58 INFO     >>>>> Generator: Rule generation with sampling
2025-07-07 03:36:58 INFO     Sampled rules len: 1273
2025-07-07 03:36:58 INFO     Predictor: read 1273 rules from list.
2025-07-07 03:36:58 INFO     Preprocess training set
2025-07-07 03:36:58 INFO     >>>>> Predictor: Training
2025-07-07 03:37:44 INFO     1000 12313 8.229463 69358.0
2025-07-07 03:38:30 INFO     2000 12313 7.790632 69332.0
2025-07-07 03:39:15 INFO     3000 12313 7.568753 69384.0
2025-07-07 03:40:02 INFO     4000 12313 7.456649 69279.9
2025-07-07 03:40:48 INFO     5000 12313 7.343764 69332.0
2025-07-07 03:41:35 INFO     6000 12313 7.263716 69384.0
2025-07-07 03:42:22 INFO     7000 12313 7.183213 69297.3
2025-07-07 03:43:08 INFO     8000 12313 7.172456 69323.3
2025-07-07 03:43:55 INFO     9000 12313 7.101312 69358.0
2025-07-07 03:44:41 INFO     10000 12313 7.091323 69332.0
2025-07-07 03:45:27 INFO     11000 12313 7.051391 69366.7
2025-07-07 03:46:13 INFO     12000 12313 7.024152 69279.9
2025-07-07 03:46:28 INFO     >>>>> Predictor: Evaluating on valid
2025-07-07 03:46:47 INFO     Data : 3823
2025-07-07 03:46:47 INFO     Hit1 : 0.027465
2025-07-07 03:46:47 INFO     Hit3 : 0.052577
2025-07-07 03:46:47 INFO     Hit10: 0.101229
2025-07-07 03:46:47 INFO     MR   : 1195.106330
2025-07-07 03:46:47 INFO     MRR  : 0.053602
2025-07-07 03:46:47 INFO     >>>>> Predictor: Evaluating on test
2025-07-07 03:47:09 INFO     Data : 4402
2025-07-07 03:47:09 INFO     Hit1 : 0.035211
2025-07-07 03:47:09 INFO     Hit3 : 0.062699
2025-07-07 03:47:09 INFO     Hit10: 0.101772
2025-07-07 03:47:09 INFO     MR   : 1186.579396
2025-07-07 03:47:09 INFO     MRR  : 0.060466
2025-07-07 03:47:09 INFO     >>>>> Predictor: Computing H scores of rules
2025-07-07 03:48:01 INFO     1000 12313
2025-07-07 03:48:52 INFO     2000 12313
2025-07-07 03:49:43 INFO     3000 12313
2025-07-07 03:50:33 INFO     4000 12313
2025-07-07 03:51:23 INFO     5000 12313
2025-07-07 03:52:14 INFO     6000 12313
2025-07-07 03:53:05 INFO     7000 12313
2025-07-07 03:53:55 INFO     8000 12313
2025-07-07 03:54:46 INFO     9000 12313
2025-07-07 03:55:36 INFO     10000 12313
2025-07-07 03:56:26 INFO     11000 12313
2025-07-07 03:57:16 INFO     12000 12313
2025-07-07 03:57:32 INFO     >>>>> Generator: Training
2025-07-07 03:57:32 INFO     -------------------------
2025-07-07 03:57:32 INFO     | EM Iteration: 2/5
2025-07-07 03:57:32 INFO     -------------------------
2025-07-07 03:57:32 INFO     >>>>> Generator: Rule generation with sampling
2025-07-07 03:57:32 INFO     Sampled rules len: 1343
2025-07-07 03:57:32 INFO     Predictor: read 1343 rules from list.
2025-07-07 03:57:32 INFO     Preprocess training set
2025-07-07 03:57:32 INFO     >>>>> Predictor: Training
2025-07-07 03:58:20 INFO     1000 12313 8.241986 69366.7
2025-07-07 03:59:07 INFO     2000 12313 7.759912 69279.9
2025-07-07 03:59:55 INFO     3000 12313 7.582108 69253.9
2025-07-07 04:00:43 INFO     4000 12313 7.429486 69340.6
2025-07-07 04:01:31 INFO     5000 12313 7.350488 69366.7
2025-07-07 04:02:19 INFO     6000 12313 7.261388 69358.0
2025-07-07 04:03:07 INFO     7000 12313 7.222039 69366.7
2025-07-07 04:03:55 INFO     8000 12313 7.201439 69384.0
2025-07-07 04:04:44 INFO     9000 12313 7.163070 69262.6
2025-07-07 04:05:32 INFO     10000 12313 7.137437 69323.3
2025-07-07 04:06:20 INFO     11000 12313 7.108201 69366.7
2025-07-07 04:07:08 INFO     12000 12313 7.093864 69332.0
2025-07-07 04:07:23 INFO     >>>>> Predictor: Evaluating on valid
2025-07-07 04:07:41 INFO     Data : 3823
2025-07-07 04:07:41 INFO     Hit1 : 0.028250
2025-07-07 04:07:41 INFO     Hit3 : 0.060947
2025-07-07 04:07:41 INFO     Hit10: 0.122155
2025-07-07 04:07:41 INFO     MR   : 1155.158645
2025-07-07 04:07:41 INFO     MRR  : 0.059915
2025-07-07 04:07:41 INFO     >>>>> Predictor: Evaluating on test
2025-07-07 04:08:02 INFO     Data : 4402
2025-07-07 04:08:02 INFO     Hit1 : 0.037029
2025-07-07 04:08:02 INFO     Hit3 : 0.067697
2025-07-07 04:08:02 INFO     Hit10: 0.121308
2025-07-07 04:08:02 INFO     MR   : 1151.854952
2025-07-07 04:08:02 INFO     MRR  : 0.066256
2025-07-07 04:08:02 INFO     >>>>> Predictor: Computing H scores of rules
2025-07-07 04:08:55 INFO     1000 12313
2025-07-07 04:09:49 INFO     2000 12313
2025-07-07 04:10:42 INFO     3000 12313
2025-07-07 04:11:36 INFO     4000 12313
2025-07-07 04:12:29 INFO     5000 12313
2025-07-07 04:13:22 INFO     6000 12313
2025-07-07 04:14:15 INFO     7000 12313
2025-07-07 04:15:09 INFO     8000 12313
2025-07-07 04:16:02 INFO     9000 12313
2025-07-07 04:16:55 INFO     10000 12313
2025-07-07 04:17:49 INFO     11000 12313
2025-07-07 04:18:42 INFO     12000 12313
2025-07-07 04:18:59 INFO     >>>>> Generator: Training
2025-07-07 04:19:00 INFO     -------------------------
2025-07-07 04:19:00 INFO     | EM Iteration: 3/5
2025-07-07 04:19:00 INFO     -------------------------
2025-07-07 04:19:00 INFO     >>>>> Generator: Rule generation with sampling
2025-07-07 04:19:00 INFO     Sampled rules len: 1412
2025-07-07 04:19:00 INFO     Predictor: read 1412 rules from list.
2025-07-07 04:19:00 INFO     Preprocess training set
2025-07-07 04:19:00 INFO     >>>>> Predictor: Training
2025-07-07 04:19:50 INFO     1000 12313 8.186434 69384.0
2025-07-07 04:20:39 INFO     2000 12313 7.698380 69384.0
2025-07-07 04:21:29 INFO     3000 12313 7.438209 69253.9
2025-07-07 04:22:18 INFO     4000 12313 7.297554 69323.3
2025-07-07 04:23:07 INFO     5000 12313 7.178202 69384.0
2025-07-07 04:23:56 INFO     6000 12313 7.059516 69323.3
2025-07-07 04:24:45 INFO     7000 12313 6.974232 69366.7
2025-07-07 04:25:33 INFO     8000 12313 6.907799 69332.0
2025-07-07 04:26:22 INFO     9000 12313 6.803359 69384.0
2025-07-07 04:27:11 INFO     10000 12313 6.806268 69227.9
2025-07-07 04:27:59 INFO     11000 12313 6.750974 69340.6
2025-07-07 04:28:49 INFO     12000 12313 6.717755 69297.3
2025-07-07 04:29:04 INFO     >>>>> Predictor: Evaluating on valid
2025-07-07 04:29:24 INFO     Data : 3823
2025-07-07 04:29:24 INFO     Hit1 : 0.030604
2025-07-07 04:29:24 INFO     Hit3 : 0.063301
2025-07-07 04:29:24 INFO     Hit10: 0.123202
2025-07-07 04:29:24 INFO     MR   : 1145.815328
2025-07-07 04:29:24 INFO     MRR  : 0.062217
2025-07-07 04:29:24 INFO     >>>>> Predictor: Evaluating on test
2025-07-07 04:29:46 INFO     Data : 4402
2025-07-07 04:29:46 INFO     Hit1 : 0.035666
2025-07-07 04:29:46 INFO     Hit3 : 0.069514
2025-07-07 04:29:46 INFO     Hit10: 0.126533
2025-07-07 04:29:46 INFO     MR   : 1125.611427
2025-07-07 04:29:46 INFO     MRR  : 0.067341
2025-07-07 04:29:46 INFO     >>>>> Predictor: Computing H scores of rules
2025-07-07 04:30:41 INFO     1000 12313
2025-07-07 04:31:35 INFO     2000 12313
2025-07-07 04:32:30 INFO     3000 12313
2025-07-07 04:33:24 INFO     4000 12313
2025-07-07 04:34:18 INFO     5000 12313
2025-07-07 04:35:13 INFO     6000 12313
2025-07-07 04:36:08 INFO     7000 12313
2025-07-07 04:37:02 INFO     8000 12313
2025-07-07 04:37:57 INFO     9000 12313
2025-07-07 04:38:51 INFO     10000 12313
2025-07-07 04:39:46 INFO     11000 12313
2025-07-07 04:40:41 INFO     12000 12313
2025-07-07 04:40:59 INFO     >>>>> Generator: Training
2025-07-07 04:40:59 INFO     -------------------------
2025-07-07 04:40:59 INFO     | EM Iteration: 4/5
2025-07-07 04:40:59 INFO     -------------------------
2025-07-07 04:40:59 INFO     >>>>> Generator: Rule generation with sampling
2025-07-07 04:40:59 INFO     Sampled rules len: 1426
2025-07-07 04:40:59 INFO     Predictor: read 1426 rules from list.
2025-07-07 04:40:59 INFO     Preprocess training set
2025-07-07 04:40:59 INFO     >>>>> Predictor: Training
2025-07-07 04:41:49 INFO     1000 12313 8.235441 69314.6
2025-07-07 04:42:39 INFO     2000 12313 7.752048 69279.9
2025-07-07 04:43:28 INFO     3000 12313 7.502660 69366.7
2025-07-07 04:44:18 INFO     4000 12313 7.384731 69366.7
2025-07-07 04:45:08 INFO     5000 12313 7.285630 69288.6
2025-07-07 04:45:58 INFO     6000 12313 7.194170 69340.6
2025-07-07 04:46:48 INFO     7000 12313 7.106842 69384.0
2025-07-07 04:47:37 INFO     8000 12313 7.037347 69340.6
2025-07-07 04:48:26 INFO     9000 12313 7.031454 69384.0
2025-07-07 04:49:16 INFO     10000 12313 6.975618 69288.6
2025-07-07 04:50:06 INFO     11000 12313 6.936382 69262.6
2025-07-07 04:50:57 INFO     12000 12313 6.945867 69384.0
2025-07-07 04:51:12 INFO     >>>>> Predictor: Evaluating on valid
2025-07-07 04:51:33 INFO     Data : 3823
2025-07-07 04:51:33 INFO     Hit1 : 0.034789
2025-07-07 04:51:33 INFO     Hit3 : 0.073764
2025-07-07 04:51:33 INFO     Hit10: 0.144128
2025-07-07 04:51:33 INFO     MR   : 1091.815328
2025-07-07 04:51:33 INFO     MRR  : 0.071208
2025-07-07 04:51:33 INFO     >>>>> Predictor: Evaluating on test
2025-07-07 04:51:58 INFO     Data : 4402
2025-07-07 04:51:58 INFO     Hit1 : 0.044980
2025-07-07 04:51:58 INFO     Hit3 : 0.086552
2025-07-07 04:51:58 INFO     Hit10: 0.149023
2025-07-07 04:51:58 INFO     MR   : 1099.592344
2025-07-07 04:51:58 INFO     MRR  : 0.080133
2025-07-07 04:51:58 INFO     >>>>> Predictor: Computing H scores of rules
2025-07-07 04:52:53 INFO     1000 12313
2025-07-07 04:53:48 INFO     2000 12313
2025-07-07 04:54:43 INFO     3000 12313
2025-07-07 04:55:38 INFO     4000 12313
2025-07-07 04:56:33 INFO     5000 12313
2025-07-07 04:57:28 INFO     6000 12313
2025-07-07 04:58:23 INFO     7000 12313
2025-07-07 04:59:19 INFO     8000 12313
2025-07-07 05:00:15 INFO     9000 12313
2025-07-07 05:01:11 INFO     10000 12313
2025-07-07 05:02:07 INFO     11000 12313
2025-07-07 05:03:02 INFO     12000 12313
2025-07-07 05:03:19 INFO     >>>>> Generator: Training
2025-07-07 05:03:19 INFO     -------------------------
2025-07-07 05:03:19 INFO     | EM Iteration: 5/5
2025-07-07 05:03:19 INFO     -------------------------
2025-07-07 05:03:19 INFO     >>>>> Generator: Rule generation with sampling
2025-07-07 05:03:19 INFO     Sampled rules len: 1482
2025-07-07 05:03:19 INFO     Predictor: read 1482 rules from list.
2025-07-07 05:03:19 INFO     Preprocess training set
2025-07-07 05:03:19 INFO     >>>>> Predictor: Training
2025-07-07 05:04:10 INFO     1000 12313 8.242797 69340.6
2025-07-07 05:05:01 INFO     2000 12313 7.792697 69288.6
2025-07-07 05:05:52 INFO     3000 12313 7.584489 69366.7
2025-07-07 05:06:41 INFO     4000 12313 7.471291 69305.9
2025-07-07 05:07:31 INFO     5000 12313 7.356705 69323.3
2025-07-07 05:08:22 INFO     6000 12313 7.310716 69384.0
2025-07-07 05:09:12 INFO     7000 12313 7.266276 69279.9
2025-07-07 05:10:02 INFO     8000 12313 7.194208 69384.0
2025-07-07 05:10:53 INFO     9000 12313 7.197570 69366.7
2025-07-07 05:11:44 INFO     10000 12313 7.156825 69297.3
2025-07-07 05:12:34 INFO     11000 12313 7.124651 69279.9
2025-07-07 05:13:25 INFO     12000 12313 7.133007 69384.0
2025-07-07 05:13:40 INFO     >>>>> Predictor: Evaluating on valid
2025-07-07 05:14:01 INFO     Data : 3823
2025-07-07 05:14:01 INFO     Hit1 : 0.031651
2025-07-07 05:14:01 INFO     Hit3 : 0.056762
2025-07-07 05:14:01 INFO     Hit10: 0.104891
2025-07-07 05:14:01 INFO     MR   : 1203.755820
2025-07-07 05:14:01 INFO     MRR  : 0.057972
2025-07-07 05:14:01 INFO     >>>>> Predictor: Evaluating on test
2025-07-07 05:14:26 INFO     Data : 4402
2025-07-07 05:14:26 INFO     Hit1 : 0.030668
2025-07-07 05:14:26 INFO     Hit3 : 0.060881
2025-07-07 05:14:26 INFO     Hit10: 0.105407
2025-07-07 05:14:26 INFO     MR   : 1188.294980
2025-07-07 05:14:26 INFO     MRR  : 0.057983
2025-07-07 05:14:26 INFO     >>>>> Predictor: Computing H scores of rules
2025-07-07 05:15:21 INFO     1000 12313
2025-07-07 05:16:18 INFO     2000 12313
2025-07-07 05:17:15 INFO     3000 12313
2025-07-07 05:18:11 INFO     4000 12313
2025-07-07 05:19:06 INFO     5000 12313
2025-07-07 05:20:02 INFO     6000 12313
2025-07-07 05:20:57 INFO     7000 12313
2025-07-07 05:21:53 INFO     8000 12313
2025-07-07 05:22:48 INFO     9000 12313
2025-07-07 05:23:44 INFO     10000 12313
2025-07-07 05:24:38 INFO     11000 12313
2025-07-07 05:25:34 INFO     12000 12313
2025-07-07 05:25:51 INFO     >>>>> Generator: Training
2025-07-07 05:25:51 INFO     -------------------------
2025-07-07 05:25:51 INFO     | Post-train Generator
2025-07-07 05:25:51 INFO     -------------------------
2025-07-07 05:25:51 INFO     >>>>> Generator: Training
2025-07-07 05:25:56 INFO     1000 1000 1.740982
2025-07-07 05:25:56 INFO     -------------------------
2025-07-07 05:25:56 INFO     | Beam Search Best Rules
2025-07-07 05:25:56 INFO     -------------------------
2025-07-07 05:25:56 INFO     >>>>> Generator: Rule generation with beam search
2025-07-07 05:25:56 INFO     >>>>> Generator: Rule generation with beam search
2025-07-07 05:25:57 INFO     >>>>> Generator: Rule generation with beam search
2025-07-07 05:26:06 INFO     >>>>> Generator: Rule generation with beam search
2025-07-07 05:26:11 INFO     >>>>> Generator: Rule generation with beam search
2025-07-07 05:26:15 INFO     -------------------------
2025-07-07 05:26:15 INFO     | Train Final Predictor+
2025-07-07 05:26:15 INFO     -------------------------
2025-07-07 05:26:16 INFO     Predictor+: read 18420 rules from list.
2025-07-07 05:26:16 INFO     Preprocess training set
2025-07-07 05:26:16 INFO     -------------------------
2025-07-07 05:26:16 INFO     | Iteration: 1/5
2025-07-07 05:26:16 INFO     -------------------------
2025-07-07 05:26:16 INFO     >>>>> Predictor: Training
2025-07-07 05:33:49 INFO     1000 12313 4.699341 69314.6
2025-07-07 05:41:23 INFO     2000 12313 4.493101 69366.7
2025-07-07 05:48:58 INFO     3000 12313 4.453038 69279.9
2025-07-07 05:56:31 INFO     4000 12313 4.444973 69340.6
2025-07-07 06:04:13 INFO     5000 12313 4.482571 69236.6
2025-07-07 06:11:55 INFO     6000 12313 4.444429 69366.7
2025-07-07 06:19:32 INFO     7000 12313 4.426711 69323.3
2025-07-07 06:27:02 INFO     8000 12313 4.462682 69349.3
2025-07-07 06:34:33 INFO     9000 12313 4.424879 69384.0
2025-07-07 06:42:07 INFO     10000 12313 4.420841 69384.0
2025-07-07 06:49:41 INFO     11000 12313 4.444237 69288.6
2025-07-07 06:57:15 INFO     12000 12313 4.446119 69366.7
2025-07-07 06:59:37 INFO     >>>>> Predictor: Evaluating on valid
2025-07-07 07:02:58 INFO     Data : 3823
2025-07-07 07:02:58 INFO     Hit1 : 0.076118
2025-07-07 07:02:58 INFO     Hit3 : 0.154329
2025-07-07 07:02:58 INFO     Hit10: 0.294272
2025-07-07 07:02:58 INFO     MR   : 628.117709
2025-07-07 07:02:58 INFO     MRR  : 0.145591
2025-07-07 07:02:58 INFO     >>>>> Predictor: Evaluating on test
2025-07-07 07:06:49 INFO     Data : 4402
2025-07-07 07:06:49 INFO     Hit1 : 0.104498
2025-07-07 07:06:49 INFO     Hit3 : 0.189914
2025-07-07 07:06:49 INFO     Hit10: 0.317129
2025-07-07 07:06:49 INFO     MR   : 613.470809
2025-07-07 07:06:49 INFO     MRR  : 0.174079
2025-07-07 07:06:49 INFO     Save checkpoint to results/semmeddb/oris/ori1/predictor.pt
2025-07-07 07:06:49 INFO     -------------------------
2025-07-07 07:06:49 INFO     | Iteration: 2/5
2025-07-07 07:06:49 INFO     -------------------------
2025-07-07 07:06:49 INFO     >>>>> Predictor: Training
2025-07-07 07:14:27 INFO     1000 12313 4.384283 69384.0
2025-07-07 07:22:01 INFO     2000 12313 4.380132 69384.0
2025-07-07 07:29:31 INFO     3000 12313 4.393724 69340.6
2025-07-07 07:37:01 INFO     4000 12313 4.399144 69305.9
2025-07-07 07:44:31 INFO     5000 12313 4.407057 69340.6
2025-07-07 07:52:04 INFO     6000 12313 4.409923 69297.3
2025-07-07 07:59:33 INFO     7000 12313 4.390722 69323.3
2025-07-07 08:07:03 INFO     8000 12313 4.418854 69366.7
2025-07-07 08:14:43 INFO     9000 12313 4.391938 69297.3
2025-07-07 08:22:27 INFO     10000 12313 4.404010 69366.7
2025-07-07 08:30:05 INFO     11000 12313 4.408558 69314.6
2025-07-07 08:37:41 INFO     12000 12313 4.421164 69279.9
2025-07-07 08:40:03 INFO     >>>>> Predictor: Evaluating on valid
2025-07-07 08:43:25 INFO     Data : 3823
2025-07-07 08:43:25 INFO     Hit1 : 0.076641
2025-07-07 08:43:25 INFO     Hit3 : 0.155637
2025-07-07 08:43:25 INFO     Hit10: 0.296626
2025-07-07 08:43:25 INFO     MR   : 611.971881
2025-07-07 08:43:25 INFO     MRR  : 0.146545
2025-07-07 08:43:25 INFO     >>>>> Predictor: Evaluating on test
2025-07-07 08:47:17 INFO     Data : 4402
2025-07-07 08:47:17 INFO     Hit1 : 0.112676
2025-07-07 08:47:17 INFO     Hit3 : 0.193776
2025-07-07 08:47:17 INFO     Hit10: 0.315311
2025-07-07 08:47:17 INFO     MR   : 594.441731
2025-07-07 08:47:17 INFO     MRR  : 0.180128
2025-07-07 08:47:17 INFO     Save checkpoint to results/semmeddb/oris/ori1/predictor.pt
2025-07-07 08:47:17 INFO     -------------------------
2025-07-07 08:47:17 INFO     | Iteration: 3/5
2025-07-07 08:47:17 INFO     -------------------------
2025-07-07 08:47:17 INFO     >>>>> Predictor: Training
2025-07-07 08:54:54 INFO     1000 12313 4.387022 69262.6
2025-07-07 09:02:28 INFO     2000 12313 4.368733 69384.0
2025-07-07 09:09:58 INFO     3000 12313 4.351745 69262.6
2025-07-07 09:17:32 INFO     4000 12313 4.395492 69323.3
2025-07-07 09:25:08 INFO     5000 12313 4.361879 69366.7
2025-07-07 09:32:41 INFO     6000 12313 4.381913 69323.3
2025-07-07 09:40:14 INFO     7000 12313 4.389127 69366.7
2025-07-07 09:47:50 INFO     8000 12313 4.398934 69384.0
2025-07-07 09:55:27 INFO     9000 12313 4.380540 69349.3
2025-07-07 10:03:03 INFO     10000 12313 4.400640 69314.6
2025-07-07 10:10:39 INFO     11000 12313 4.365072 69349.3
2025-07-07 10:18:19 INFO     12000 12313 4.399058 69314.6
2025-07-07 10:20:42 INFO     >>>>> Predictor: Evaluating on valid
2025-07-07 10:24:02 INFO     Data : 3823
2025-07-07 10:24:02 INFO     Hit1 : 0.075595
2025-07-07 10:24:02 INFO     Hit3 : 0.162699
2025-07-07 10:24:02 INFO     Hit10: 0.297672
2025-07-07 10:24:02 INFO     MR   : 613.629741
2025-07-07 10:24:02 INFO     MRR  : 0.148469
2025-07-07 10:24:02 INFO     >>>>> Predictor: Evaluating on test
2025-07-07 10:27:53 INFO     Data : 4402
2025-07-07 10:27:53 INFO     Hit1 : 0.112676
2025-07-07 10:27:53 INFO     Hit3 : 0.196047
2025-07-07 10:27:53 INFO     Hit10: 0.324852
2025-07-07 10:27:53 INFO     MR   : 584.758973
2025-07-07 10:27:53 INFO     MRR  : 0.180486
2025-07-07 10:27:53 INFO     Save checkpoint to results/semmeddb/oris/ori1/predictor.pt
2025-07-07 10:27:53 INFO     -------------------------
2025-07-07 10:27:53 INFO     | Iteration: 4/5
2025-07-07 10:27:53 INFO     -------------------------
2025-07-07 10:27:53 INFO     >>>>> Predictor: Training
2025-07-07 10:35:30 INFO     1000 12313 4.338866 69384.0
2025-07-07 10:43:06 INFO     2000 12313 4.358915 69340.6
2025-07-07 10:50:42 INFO     3000 12313 4.366397 69384.0
2025-07-07 10:58:15 INFO     4000 12313 4.395558 69253.9
2025-07-07 11:05:45 INFO     5000 12313 4.379898 69262.6
2025-07-07 11:13:16 INFO     6000 12313 4.395079 69340.6
2025-07-07 11:20:46 INFO     7000 12313 4.373666 69314.6
2025-07-07 11:28:22 INFO     8000 12313 4.351603 69323.3
2025-07-07 11:35:57 INFO     9000 12313 4.386959 69366.7
2025-07-07 11:43:27 INFO     10000 12313 4.355450 69349.3
2025-07-07 11:51:02 INFO     11000 12313 4.367543 69366.7
2025-07-07 11:58:37 INFO     12000 12313 4.383000 69366.7
2025-07-07 12:00:59 INFO     >>>>> Predictor: Evaluating on valid
2025-07-07 12:04:18 INFO     Data : 3823
2025-07-07 12:04:18 INFO     Hit1 : 0.075857
2025-07-07 12:04:18 INFO     Hit3 : 0.166361
2025-07-07 12:04:18 INFO     Hit10: 0.300549
2025-07-07 12:04:18 INFO     MR   : 623.427675
2025-07-07 12:04:18 INFO     MRR  : 0.148685
2025-07-07 12:04:18 INFO     >>>>> Predictor: Evaluating on test
2025-07-07 12:08:06 INFO     Data : 4402
2025-07-07 12:08:06 INFO     Hit1 : 0.113358
2025-07-07 12:08:06 INFO     Hit3 : 0.191050
2025-07-07 12:08:06 INFO     Hit10: 0.321218
2025-07-07 12:08:06 INFO     MR   : 596.195025
2025-07-07 12:08:06 INFO     MRR  : 0.180257
2025-07-07 12:08:06 INFO     Save checkpoint to results/semmeddb/oris/ori1/predictor.pt
2025-07-07 12:08:06 INFO     -------------------------
2025-07-07 12:08:06 INFO     | Iteration: 5/5
2025-07-07 12:08:06 INFO     -------------------------
2025-07-07 12:08:06 INFO     >>>>> Predictor: Training
2025-07-07 12:15:36 INFO     1000 12313 4.335851 69323.3
2025-07-07 12:23:07 INFO     2000 12313 4.363803 69384.0
2025-07-07 12:30:36 INFO     3000 12313 4.355987 69245.2
2025-07-07 12:38:46 INFO     4000 12313 4.337794 69384.0
2025-07-07 12:47:49 INFO     5000 12313 4.387971 69366.7
2025-07-07 12:56:57 INFO     6000 12313 4.359235 69323.3
2025-07-07 13:06:02 INFO     7000 12313 4.376795 69384.0
2025-07-07 13:15:08 INFO     8000 12313 4.388205 69297.3
2025-07-07 13:24:15 INFO     9000 12313 4.366178 69384.0
2025-07-07 13:33:23 INFO     10000 12313 4.363334 69271.3
2025-07-07 13:42:24 INFO     11000 12313 4.362908 69340.6
2025-07-07 13:51:25 INFO     12000 12313 4.346087 69297.3
2025-07-07 13:54:15 INFO     >>>>> Predictor: Evaluating on valid
2025-07-07 13:58:20 INFO     Data : 3823
2025-07-07 13:58:20 INFO     Hit1 : 0.075595
2025-07-07 13:58:20 INFO     Hit3 : 0.166100
2025-07-07 13:58:20 INFO     Hit10: 0.297410
2025-07-07 13:58:20 INFO     MR   : 596.596259
2025-07-07 13:58:20 INFO     MRR  : 0.148101
2025-07-07 13:58:20 INFO     >>>>> Predictor: Evaluating on test
2025-07-07 14:03:01 INFO     Data : 4402
2025-07-07 14:03:01 INFO     Hit1 : 0.109496
2025-07-07 14:03:01 INFO     Hit3 : 0.188323
2025-07-07 14:03:01 INFO     Hit10: 0.318037
2025-07-07 14:03:01 INFO     MR   : 573.225239
2025-07-07 14:03:01 INFO     MRR  : 0.177479
2025-07-07 14:03:01 INFO     -------------------------
2025-07-07 14:03:01 INFO     | Final Test MRR: 0.180257
2025-07-07 14:03:01 INFO     -------------------------
