2025-07-09 17:41:12 INFO     is_soft_label: False
2025-07-09 17:41:12 INFO     is_scheduled_sampling: False
2025-07-09 17:41:12 INFO     is_test_mode: False
2025-07-09 17:41:12 INFO     Data loading | DONE!
2025-07-09 17:41:12 INFO     Using full datasets for training, validation, and testing.
2025-07-09 17:41:12 INFO     -------------------------
2025-07-09 17:41:12 INFO     | EM Iteration: 1/5
2025-07-09 17:41:12 INFO     -------------------------
2025-07-09 17:41:12 INFO     >>>>> Using miner's rule
2025-07-09 17:41:13 INFO     Predictor: read 13661 rules from list.
2025-07-09 17:41:14 INFO     Preprocess training set
2025-07-09 17:41:14 INFO     >>>>> Predictor: Evaluating on valid
2025-07-09 17:44:53 INFO     Data : 2077
2025-07-09 17:44:53 INFO     Hit1 : 0.065479
2025-07-09 17:44:53 INFO     Hit3 : 0.127106
2025-07-09 17:44:53 INFO     Hit10: 0.199326
2025-07-09 17:44:53 INFO     MR   : 1120.902022
2025-07-09 17:44:53 INFO     MRR  : 0.114382
2025-07-09 17:44:53 INFO     >>>>> Predictor: Evaluating on test
2025-07-09 17:49:01 INFO     Data : 2342
2025-07-09 17:49:01 INFO     Hit1 : 0.078992
2025-07-09 17:49:01 INFO     Hit3 : 0.124253
2025-07-09 17:49:01 INFO     Hit10: 0.208796
2025-07-09 17:49:01 INFO     MR   : 1044.269001
2025-07-09 17:49:01 INFO     MRR  : 0.122250
2025-07-09 17:49:01 INFO     >>>>> Predictor: Computing H scores of rules
2025-07-09 18:37:07 INFO     1000 5959
2025-07-09 19:25:50 INFO     2000 5959
2025-07-09 20:14:38 INFO     3000 5959
2025-07-09 21:03:00 INFO     4000 5959
2025-07-09 21:51:14 INFO     5000 5959
2025-07-09 22:39:23 INFO     >>>>> Generator: Training
2025-07-09 22:39:30 INFO     -------------------------
2025-07-09 22:39:30 INFO     | EM Iteration: 2/5
2025-07-09 22:39:30 INFO     -------------------------
2025-07-09 22:39:30 INFO     >>>>> Using Generator's sample rule
2025-07-09 22:39:30 INFO     >>>>> Generator: Rule generation with sampling
2025-07-09 22:39:30 INFO     Predictor: read 1911 rules from list.
2025-07-09 22:39:30 INFO     Preprocess training set
2025-07-09 22:39:30 INFO     >>>>> Predictor: Training
2025-07-09 22:40:59 INFO     1000 5959 8.777570 69314.6
2025-07-09 22:42:27 INFO     2000 5959 8.371539 69271.3
2025-07-09 22:43:55 INFO     3000 5959 8.153186 69245.2
2025-07-09 22:45:24 INFO     4000 5959 7.969597 69340.6
2025-07-09 22:46:52 INFO     5000 5959 7.793540 69340.6
2025-07-09 22:48:17 INFO     >>>>> Predictor: Evaluating on valid
2025-07-09 22:48:34 INFO     Data : 2077
2025-07-09 22:48:34 INFO     Hit1 : 0.018777
2025-07-09 22:48:34 INFO     Hit3 : 0.033221
2025-07-09 22:48:34 INFO     Hit10: 0.057294
2025-07-09 22:48:34 INFO     MR   : 1437.389263
2025-07-09 22:48:34 INFO     MRR  : 0.034256
2025-07-09 22:48:34 INFO     >>>>> Predictor: Evaluating on test
2025-07-09 22:48:54 INFO     Data : 2342
2025-07-09 22:48:54 INFO     Hit1 : 0.017506
2025-07-09 22:48:54 INFO     Hit3 : 0.033305
2025-07-09 22:48:54 INFO     Hit10: 0.061059
2025-07-09 22:48:54 INFO     MR   : 1333.688728
2025-07-09 22:48:54 INFO     MRR  : 0.034270
2025-07-09 22:48:54 INFO     >>>>> Predictor: Computing H scores of rules
2025-07-09 22:52:53 INFO     1000 5959
2025-07-09 22:56:48 INFO     2000 5959
2025-07-09 23:00:42 INFO     3000 5959
2025-07-09 23:04:37 INFO     4000 5959
2025-07-09 23:08:31 INFO     5000 5959
2025-07-09 23:12:23 INFO     >>>>> Generator: Training
2025-07-09 23:12:28 INFO     -------------------------
2025-07-09 23:12:28 INFO     | EM Iteration: 3/5
2025-07-09 23:12:28 INFO     -------------------------
2025-07-09 23:12:28 INFO     >>>>> Using Generator's sample rule
2025-07-09 23:12:28 INFO     >>>>> Generator: Rule generation with sampling
2025-07-09 23:12:28 INFO     Predictor: read 1914 rules from list.
2025-07-09 23:12:28 INFO     Preprocess training set
2025-07-09 23:12:28 INFO     >>>>> Predictor: Training
2025-07-09 23:14:00 INFO     1000 5959 8.801315 69332.0
2025-07-09 23:15:33 INFO     2000 5959 8.440312 69349.3
2025-07-09 23:17:06 INFO     3000 5959 8.213319 69184.5
2025-07-09 23:18:34 INFO     4000 5959 8.008810 69253.9
2025-07-09 23:20:04 INFO     5000 5959 7.911870 69332.0
2025-07-09 23:21:32 INFO     >>>>> Predictor: Evaluating on valid
2025-07-09 23:21:51 INFO     Data : 2077
2025-07-09 23:21:51 INFO     Hit1 : 0.013962
2025-07-09 23:21:51 INFO     Hit3 : 0.021666
2025-07-09 23:21:51 INFO     Hit10: 0.033221
2025-07-09 23:21:51 INFO     MR   : 1497.018055
2025-07-09 23:21:51 INFO     MRR  : 0.023921
2025-07-09 23:21:51 INFO     >>>>> Predictor: Evaluating on test
2025-07-09 23:22:12 INFO     Data : 2342
2025-07-09 23:22:12 INFO     Hit1 : 0.013664
2025-07-09 23:22:12 INFO     Hit3 : 0.019641
2025-07-09 23:22:12 INFO     Hit10: 0.028181
2025-07-09 23:22:12 INFO     MR   : 1379.780956
2025-07-09 23:22:12 INFO     MRR  : 0.022660
2025-07-09 23:22:12 INFO     >>>>> Predictor: Computing H scores of rules
2025-07-09 23:26:05 INFO     1000 5959
2025-07-09 23:29:59 INFO     2000 5959
2025-07-09 23:33:56 INFO     3000 5959
2025-07-09 23:37:57 INFO     4000 5959
2025-07-09 23:41:52 INFO     5000 5959
2025-07-09 23:45:46 INFO     >>>>> Generator: Training
2025-07-09 23:45:52 INFO     -------------------------
2025-07-09 23:45:52 INFO     | EM Iteration: 4/5
2025-07-09 23:45:52 INFO     -------------------------
2025-07-09 23:45:52 INFO     >>>>> Using Generator's sample rule
2025-07-09 23:45:52 INFO     >>>>> Generator: Rule generation with sampling
2025-07-09 23:45:52 INFO     Predictor: read 1938 rules from list.
2025-07-09 23:45:52 INFO     Preprocess training set
2025-07-09 23:45:52 INFO     >>>>> Predictor: Training
2025-07-09 23:47:22 INFO     1000 5959 8.787876 69271.3
2025-07-09 23:48:54 INFO     2000 5959 8.407591 69340.6
2025-07-09 23:50:29 INFO     3000 5959 8.141658 69384.0
2025-07-09 23:52:04 INFO     4000 5959 7.960909 69262.6
2025-07-09 23:53:39 INFO     5000 5959 7.802165 69332.0
2025-07-09 23:55:09 INFO     >>>>> Predictor: Evaluating on valid
2025-07-09 23:55:29 INFO     Data : 2077
2025-07-09 23:55:29 INFO     Hit1 : 0.012037
2025-07-09 23:55:29 INFO     Hit3 : 0.025036
2025-07-09 23:55:29 INFO     Hit10: 0.044776
2025-07-09 23:55:29 INFO     MR   : 1484.727732
2025-07-09 23:55:29 INFO     MRR  : 0.026449
2025-07-09 23:55:29 INFO     >>>>> Predictor: Evaluating on test
2025-07-09 23:55:49 INFO     Data : 2342
2025-07-09 23:55:49 INFO     Hit1 : 0.011102
2025-07-09 23:55:49 INFO     Hit3 : 0.019641
2025-07-09 23:55:49 INFO     Hit10: 0.040137
2025-07-09 23:55:49 INFO     MR   : 1371.366140
2025-07-09 23:55:49 INFO     MRR  : 0.023806
2025-07-09 23:55:49 INFO     >>>>> Predictor: Computing H scores of rules
2025-07-09 23:59:44 INFO     1000 5959
2025-07-10 00:03:39 INFO     2000 5959
2025-07-10 00:07:49 INFO     3000 5959
2025-07-10 00:12:00 INFO     4000 5959
2025-07-10 00:16:03 INFO     5000 5959
2025-07-10 00:19:53 INFO     >>>>> Generator: Training
2025-07-10 00:19:58 INFO     -------------------------
2025-07-10 00:19:58 INFO     | EM Iteration: 5/5
2025-07-10 00:19:58 INFO     -------------------------
2025-07-10 00:19:58 INFO     >>>>> Using Generator's sample rule
2025-07-10 00:19:58 INFO     >>>>> Generator: Rule generation with sampling
2025-07-10 00:19:59 INFO     Predictor: read 1959 rules from list.
2025-07-10 00:19:59 INFO     Preprocess training set
2025-07-10 00:19:59 INFO     >>>>> Predictor: Training
2025-07-10 00:21:32 INFO     1000 5959 8.829624 69332.0
2025-07-10 00:23:04 INFO     2000 5959 8.514428 69349.3
2025-07-10 00:24:36 INFO     3000 5959 8.323465 69340.6
2025-07-10 00:26:08 INFO     4000 5959 8.184834 69297.3
2025-07-10 00:27:41 INFO     5000 5959 8.085654 69219.2
2025-07-10 00:29:09 INFO     >>>>> Predictor: Evaluating on valid
2025-07-10 00:29:28 INFO     Data : 2077
2025-07-10 00:29:28 INFO     Hit1 : 0.028406
2025-07-10 00:29:28 INFO     Hit3 : 0.054405
2025-07-10 00:29:28 INFO     Hit10: 0.079442
2025-07-10 00:29:28 INFO     MR   : 1448.219547
2025-07-10 00:29:28 INFO     MRR  : 0.050093
2025-07-10 00:29:28 INFO     >>>>> Predictor: Evaluating on test
2025-07-10 00:29:49 INFO     Data : 2342
2025-07-10 00:29:49 INFO     Hit1 : 0.028181
2025-07-10 00:29:49 INFO     Hit3 : 0.054654
2025-07-10 00:29:49 INFO     Hit10: 0.078565
2025-07-10 00:29:49 INFO     MR   : 1342.205380
2025-07-10 00:29:49 INFO     MRR  : 0.050557
2025-07-10 00:29:49 INFO     >>>>> Predictor: Computing H scores of rules
2025-07-10 00:33:50 INFO     1000 5959
2025-07-10 00:37:51 INFO     2000 5959
2025-07-10 00:41:50 INFO     3000 5959
2025-07-10 00:45:49 INFO     4000 5959
2025-07-10 00:49:49 INFO     5000 5959
2025-07-10 00:53:40 INFO     >>>>> Generator: Training
2025-07-10 00:53:46 INFO     -------------------------
2025-07-10 00:53:46 INFO     | Post-train Generator
2025-07-10 00:53:46 INFO     -------------------------
2025-07-10 00:53:47 INFO     >>>>> Generator: Training
2025-07-10 00:54:47 INFO     [E01000] Total 3.139361 | Main 3.110149 | RelClus 1.857888 | EntType 3.026898
2025-07-10 00:54:47 INFO     -------------------------
2025-07-10 00:54:47 INFO     | Beam Search Best Rules
2025-07-10 00:54:47 INFO     -------------------------
2025-07-10 00:54:47 INFO     >>>>> Generator: Rule generation with beam search
2025-07-10 00:54:48 INFO     >>>>> Generator: Rule generation with beam search
2025-07-10 00:54:58 INFO     >>>>> Generator: Rule generation with beam search
2025-07-10 00:56:58 INFO     >>>>> Generator: Rule generation with beam search
2025-07-10 00:58:34 INFO     >>>>> Generator: Rule generation with beam search
2025-07-10 00:59:37 INFO     -------------------------
2025-07-10 00:59:37 INFO     | Train Final Predictor+
2025-07-10 00:59:37 INFO     -------------------------
2025-07-10 00:59:37 INFO     Predictor+: read 18420 rules from list.
2025-07-10 00:59:37 INFO     Preprocess training set
2025-07-10 00:59:37 INFO     -------------------------
2025-07-10 00:59:37 INFO     | Iteration: 1/5
2025-07-10 00:59:37 INFO     -------------------------
2025-07-10 00:59:37 INFO     >>>>> Predictor: Training
2025-07-10 01:07:50 INFO     1000 5959 4.894181 69271.3
2025-07-10 01:15:45 INFO     2000 5959 4.724721 69332.0
2025-07-10 01:23:50 INFO     3000 5959 4.707063 69375.3
2025-07-10 01:31:45 INFO     4000 5959 4.712360 69279.9
2025-07-10 01:39:40 INFO     5000 5959 4.680714 69349.3
2025-07-10 01:47:30 INFO     >>>>> Predictor: Evaluating on valid
2025-07-10 01:49:30 INFO     Data : 2077
2025-07-10 01:49:30 INFO     Hit1 : 0.102070
2025-07-10 01:49:30 INFO     Hit3 : 0.186326
2025-07-10 01:49:30 INFO     Hit10: 0.319210
2025-07-10 01:49:30 INFO     MR   : 986.625421
2025-07-10 01:49:30 INFO     MRR  : 0.170624
2025-07-10 01:49:30 INFO     >>>>> Predictor: Evaluating on test
2025-07-10 01:51:46 INFO     Data : 2342
2025-07-10 01:51:46 INFO     Hit1 : 0.131512
2025-07-10 01:51:46 INFO     Hit3 : 0.208369
2025-07-10 01:51:46 INFO     Hit10: 0.314261
2025-07-10 01:51:46 INFO     MR   : 920.596926
2025-07-10 01:51:46 INFO     MRR  : 0.192275
2025-07-10 01:51:46 INFO     Save checkpoint to results/semmeddb/10_times_each/cluster_k/4_20250709_174110/predictor.pt
2025-07-10 01:51:46 INFO     -------------------------
2025-07-10 01:51:46 INFO     | Iteration: 2/5
2025-07-10 01:51:46 INFO     -------------------------
2025-07-10 01:51:46 INFO     >>>>> Predictor: Training
2025-07-10 01:59:55 INFO     1000 5959 4.603277 69366.7
2025-07-10 02:08:02 INFO     2000 5959 4.654995 69375.3
2025-07-10 02:16:16 INFO     3000 5959 4.642486 69219.2
2025-07-10 02:24:30 INFO     4000 5959 4.654578 69305.9
2025-07-10 02:32:11 INFO     5000 5959 4.618098 69288.6
2025-07-10 02:39:37 INFO     >>>>> Predictor: Evaluating on valid
2025-07-10 02:41:38 INFO     Data : 2077
2025-07-10 02:41:38 INFO     Hit1 : 0.092922
2025-07-10 02:41:38 INFO     Hit3 : 0.176216
2025-07-10 02:41:38 INFO     Hit10: 0.311026
2025-07-10 02:41:38 INFO     MR   : 949.472557
2025-07-10 02:41:38 INFO     MRR  : 0.162481
2025-07-10 02:41:38 INFO     >>>>> Predictor: Evaluating on test
2025-07-10 02:43:53 INFO     Data : 2342
2025-07-10 02:43:53 INFO     Hit1 : 0.124680
2025-07-10 02:43:53 INFO     Hit3 : 0.204526
2025-07-10 02:43:53 INFO     Hit10: 0.319385
2025-07-10 02:43:53 INFO     MR   : 884.150726
2025-07-10 02:43:53 INFO     MRR  : 0.187625
2025-07-10 02:43:53 INFO     -------------------------
2025-07-10 02:43:53 INFO     | Iteration: 3/5
2025-07-10 02:43:53 INFO     -------------------------
2025-07-10 02:43:53 INFO     >>>>> Predictor: Training
2025-07-10 02:52:04 INFO     1000 5959 4.618780 69288.6
2025-07-10 03:00:07 INFO     2000 5959 4.616890 69288.6
2025-07-10 03:08:02 INFO     3000 5959 4.609746 69340.6
2025-07-10 03:15:54 INFO     4000 5959 4.615808 69271.3
2025-07-10 03:24:05 INFO     5000 5959 4.637787 69219.2
2025-07-10 03:31:37 INFO     >>>>> Predictor: Evaluating on valid
2025-07-10 03:33:30 INFO     Data : 2077
2025-07-10 03:33:30 INFO     Hit1 : 0.083775
2025-07-10 03:33:30 INFO     Hit3 : 0.172364
2025-07-10 03:33:30 INFO     Hit10: 0.297545
2025-07-10 03:33:30 INFO     MR   : 941.862301
2025-07-10 03:33:30 INFO     MRR  : 0.154540
2025-07-10 03:33:30 INFO     >>>>> Predictor: Evaluating on test
2025-07-10 03:35:38 INFO     Data : 2342
2025-07-10 03:35:38 INFO     Hit1 : 0.109735
2025-07-10 03:35:38 INFO     Hit3 : 0.190863
2025-07-10 03:35:38 INFO     Hit10: 0.317677
2025-07-10 03:35:38 INFO     MR   : 866.708369
2025-07-10 03:35:38 INFO     MRR  : 0.175060
2025-07-10 03:35:38 INFO     -------------------------
2025-07-10 03:35:38 INFO     | Iteration: 4/5
2025-07-10 03:35:38 INFO     -------------------------
2025-07-10 03:35:38 INFO     >>>>> Predictor: Training
2025-07-10 03:43:24 INFO     1000 5959 4.594874 69340.6
2025-07-10 03:51:09 INFO     2000 5959 4.563378 69184.5
2025-07-10 03:59:01 INFO     3000 5959 4.625821 69253.9
2025-07-10 04:06:44 INFO     4000 5959 4.602641 69340.6
2025-07-10 04:14:28 INFO     5000 5959 4.598754 69384.0
2025-07-10 04:22:11 INFO     >>>>> Predictor: Evaluating on valid
2025-07-10 04:24:14 INFO     Data : 2077
2025-07-10 04:24:14 INFO     Hit1 : 0.096774
2025-07-10 04:24:14 INFO     Hit3 : 0.181030
2025-07-10 04:24:14 INFO     Hit10: 0.311507
2025-07-10 04:24:14 INFO     MR   : 937.334377
2025-07-10 04:24:14 INFO     MRR  : 0.166078
2025-07-10 04:24:14 INFO     >>>>> Predictor: Evaluating on test
2025-07-10 04:26:33 INFO     Data : 2342
2025-07-10 04:26:33 INFO     Hit1 : 0.126815
2025-07-10 04:26:33 INFO     Hit3 : 0.211358
2025-07-10 04:26:33 INFO     Hit10: 0.323228
2025-07-10 04:26:33 INFO     MR   : 863.913322
2025-07-10 04:26:33 INFO     MRR  : 0.191258
2025-07-10 04:26:33 INFO     -------------------------
2025-07-10 04:26:33 INFO     | Iteration: 5/5
2025-07-10 04:26:33 INFO     -------------------------
2025-07-10 04:26:33 INFO     >>>>> Predictor: Training
2025-07-10 04:34:40 INFO     1000 5959 4.603291 69323.3
2025-07-10 04:42:29 INFO     2000 5959 4.582856 69332.0
2025-07-10 04:50:11 INFO     3000 5959 4.615224 69219.2
2025-07-10 04:57:54 INFO     4000 5959 4.611239 69297.3
2025-07-10 05:05:54 INFO     5000 5959 4.575096 69332.0
2025-07-10 05:13:22 INFO     >>>>> Predictor: Evaluating on valid
2025-07-10 05:15:23 INFO     Data : 2077
2025-07-10 05:15:23 INFO     Hit1 : 0.090515
2025-07-10 05:15:23 INFO     Hit3 : 0.181993
2025-07-10 05:15:23 INFO     Hit10: 0.311988
2025-07-10 05:15:23 INFO     MR   : 921.549831
2025-07-10 05:15:23 INFO     MRR  : 0.163140
2025-07-10 05:15:23 INFO     >>>>> Predictor: Evaluating on test
2025-07-10 05:17:38 INFO     Data : 2342
2025-07-10 05:17:38 INFO     Hit1 : 0.127669
2025-07-10 05:17:38 INFO     Hit3 : 0.208369
2025-07-10 05:17:38 INFO     Hit10: 0.320239
2025-07-10 05:17:38 INFO     MR   : 853.746157
2025-07-10 05:17:38 INFO     MRR  : 0.191148
2025-07-10 05:17:38 INFO     -------------------------
2025-07-10 05:17:38 INFO     | Final Test MRR: 0.192275
2025-07-10 05:17:38 INFO     -------------------------
