2025-05-27 23:27:11 INFO     -------------------------
2025-05-27 23:27:11 INFO     | Pre-train Generator
2025-05-27 23:27:11 INFO     -------------------------
2025-05-27 23:27:11 INFO     >>>>> Generator: Training
2025-05-27 23:27:17 INFO     [E1000] Total: 1.617420 | Main: 1.659378 | Aux: 0.804619
2025-05-27 23:27:22 INFO     [E2000] Total: 1.532864 | Main: 1.572216 | Aux: 0.785175
2025-05-27 23:27:26 INFO     [E3000] Total: 1.521687 | Main: 1.560621 | Aux: 0.781944
2025-05-27 23:27:31 INFO     [E4000] Total: 1.513883 | Main: 1.552492 | Aux: 0.780318
2025-05-27 23:27:36 INFO     [E5000] Total: 1.510859 | Main: 1.549371 | Aux: 0.779125
2025-05-27 23:27:40 INFO     [E6000] Total: 1.508784 | Main: 1.547207 | Aux: 0.778742
2025-05-27 23:27:45 INFO     [E7000] Total: 1.508063 | Main: 1.546457 | Aux: 0.778594
2025-05-27 23:27:50 INFO     [E8000] Total: 1.506976 | Main: 1.545356 | Aux: 0.777765
2025-05-27 23:27:54 INFO     [E9000] Total: 1.506246 | Main: 1.544602 | Aux: 0.777486
2025-05-27 23:27:59 INFO     [E10000] Total: 1.500847 | Main: 1.538929 | Aux: 0.777281
2025-05-27 23:27:59 INFO     -------------------------
2025-05-27 23:27:59 INFO     | EM Iteration: 1/5
2025-05-27 23:27:59 INFO     -------------------------
2025-05-27 23:27:59 INFO     >>>>> Generator: Rule generation with sampling
2025-05-27 23:27:59 INFO     Predictor: read 1285 rules from list.
2025-05-27 23:27:59 INFO     Preprocess training set
2025-05-27 23:27:59 INFO     >>>>> Predictor: Training
2025-05-27 23:28:39 INFO     1000 12313 8.238938 69358.0
2025-05-27 23:29:19 INFO     2000 12313 7.803261 69332.0
2025-05-27 23:30:00 INFO     3000 12313 7.574694 69384.0
2025-05-27 23:30:40 INFO     4000 12313 7.455345 69279.9
2025-05-27 23:31:20 INFO     5000 12313 7.344178 69332.0
2025-05-27 23:32:00 INFO     6000 12313 7.264094 69384.0
2025-05-27 23:32:41 INFO     7000 12313 7.180106 69297.3
2025-05-27 23:33:21 INFO     8000 12313 7.164955 69323.3
2025-05-27 23:34:02 INFO     9000 12313 7.095301 69358.0
2025-05-27 23:34:42 INFO     10000 12313 7.084911 69332.0
2025-05-27 23:35:22 INFO     11000 12313 7.049002 69366.7
2025-05-27 23:36:02 INFO     12000 12313 7.025964 69279.9
2025-05-27 23:36:15 INFO     >>>>> Predictor: Evaluating on valid
2025-05-27 23:36:30 INFO     Data : 3823
2025-05-27 23:36:30 INFO     Hit1 : 0.024588
2025-05-27 23:36:30 INFO     Hit3 : 0.053100
2025-05-27 23:36:30 INFO     Hit10: 0.097567
2025-05-27 23:36:30 INFO     MR   : 1192.006409
2025-05-27 23:36:30 INFO     MRR  : 0.050707
2025-05-27 23:36:30 INFO     >>>>> Predictor: Evaluating on test
2025-05-27 23:36:47 INFO     Data : 4402
2025-05-27 23:36:47 INFO     Hit1 : 0.030441
2025-05-27 23:36:47 INFO     Hit3 : 0.060427
2025-05-27 23:36:47 INFO     Hit10: 0.095411
2025-05-27 23:36:47 INFO     MR   : 1180.873353
2025-05-27 23:36:47 INFO     MRR  : 0.055807
2025-05-27 23:36:47 INFO     >>>>> Predictor: Computing H scores of rules
2025-05-27 23:37:29 INFO     1000 12313
2025-05-27 23:38:10 INFO     2000 12313
2025-05-27 23:38:51 INFO     3000 12313
2025-05-27 23:39:33 INFO     4000 12313
2025-05-27 23:40:16 INFO     5000 12313
2025-05-27 23:41:00 INFO     6000 12313
2025-05-27 23:41:43 INFO     7000 12313
2025-05-27 23:42:25 INFO     8000 12313
2025-05-27 23:43:08 INFO     9000 12313
2025-05-27 23:43:49 INFO     10000 12313
2025-05-27 23:44:30 INFO     11000 12313
2025-05-27 23:45:12 INFO     12000 12313
2025-05-27 23:45:25 INFO     >>>>> Generator: Training
2025-05-27 23:45:26 INFO     -------------------------
2025-05-27 23:45:26 INFO     | EM Iteration: 2/5
2025-05-27 23:45:26 INFO     -------------------------
2025-05-27 23:45:26 INFO     >>>>> Generator: Rule generation with sampling
2025-05-27 23:45:26 INFO     Predictor: read 1353 rules from list.
2025-05-27 23:45:26 INFO     Preprocess training set
2025-05-27 23:45:26 INFO     >>>>> Predictor: Training
2025-05-27 23:46:08 INFO     1000 12313 8.252302 69366.7
2025-05-27 23:46:49 INFO     2000 12313 7.769004 69279.9
2025-05-27 23:47:32 INFO     3000 12313 7.601499 69253.9
2025-05-27 23:48:15 INFO     4000 12313 7.449665 69340.6
2025-05-27 23:48:57 INFO     5000 12313 7.372762 69366.7
2025-05-27 23:49:40 INFO     6000 12313 7.285788 69358.0
2025-05-27 23:50:23 INFO     7000 12313 7.245780 69366.7
2025-05-27 23:51:05 INFO     8000 12313 7.226210 69384.0
2025-05-27 23:51:48 INFO     9000 12313 7.183650 69262.6
2025-05-27 23:52:30 INFO     10000 12313 7.162621 69323.3
2025-05-27 23:53:14 INFO     11000 12313 7.130328 69366.7
2025-05-27 23:53:57 INFO     12000 12313 7.115176 69332.0
2025-05-27 23:54:10 INFO     >>>>> Predictor: Evaluating on valid
2025-05-27 23:54:25 INFO     Data : 3823
2025-05-27 23:54:25 INFO     Hit1 : 0.029558
2025-05-27 23:54:25 INFO     Hit3 : 0.060685
2025-05-27 23:54:25 INFO     Hit10: 0.120586
2025-05-27 23:54:25 INFO     MR   : 1152.674732
2025-05-27 23:54:25 INFO     MRR  : 0.060154
2025-05-27 23:54:25 INFO     >>>>> Predictor: Evaluating on test
2025-05-27 23:54:43 INFO     Data : 4402
2025-05-27 23:54:43 INFO     Hit1 : 0.037483
2025-05-27 23:54:43 INFO     Hit3 : 0.069287
2025-05-27 23:54:43 INFO     Hit10: 0.118355
2025-05-27 23:54:43 INFO     MR   : 1143.975693
2025-05-27 23:54:43 INFO     MRR  : 0.066893
2025-05-27 23:54:43 INFO     >>>>> Predictor: Computing H scores of rules
2025-05-27 23:55:28 INFO     1000 12313
2025-05-27 23:56:12 INFO     2000 12313
2025-05-27 23:56:58 INFO     3000 12313
2025-05-27 23:57:43 INFO     4000 12313
2025-05-27 23:58:27 INFO     5000 12313
2025-05-27 23:59:12 INFO     6000 12313
2025-05-27 23:59:57 INFO     7000 12313
2025-05-28 00:00:42 INFO     8000 12313
2025-05-28 00:01:26 INFO     9000 12313
2025-05-28 00:02:12 INFO     10000 12313
2025-05-28 00:02:57 INFO     11000 12313
2025-05-28 00:03:42 INFO     12000 12313
2025-05-28 00:03:56 INFO     >>>>> Generator: Training
2025-05-28 00:03:57 INFO     -------------------------
2025-05-28 00:03:57 INFO     | EM Iteration: 3/5
2025-05-28 00:03:57 INFO     -------------------------
2025-05-28 00:03:57 INFO     >>>>> Generator: Rule generation with sampling
2025-05-28 00:03:57 INFO     Predictor: read 1427 rules from list.
2025-05-28 00:03:57 INFO     Preprocess training set
2025-05-28 00:03:57 INFO     >>>>> Predictor: Training
2025-05-28 00:04:41 INFO     1000 12313 8.201174 69384.0
2025-05-28 00:05:24 INFO     2000 12313 7.712306 69384.0
2025-05-28 00:06:08 INFO     3000 12313 7.445164 69253.9
2025-05-28 00:06:51 INFO     4000 12313 7.303026 69323.3
2025-05-28 00:07:35 INFO     5000 12313 7.182322 69384.0
2025-05-28 00:08:19 INFO     6000 12313 7.052640 69323.3
2025-05-28 00:09:01 INFO     7000 12313 6.971296 69366.7
2025-05-28 00:09:45 INFO     8000 12313 6.908615 69332.0
2025-05-28 00:10:28 INFO     9000 12313 6.798375 69384.0
2025-05-28 00:11:11 INFO     10000 12313 6.799878 69227.9
2025-05-28 00:11:54 INFO     11000 12313 6.740798 69340.6
2025-05-28 00:12:37 INFO     12000 12313 6.708119 69297.3
2025-05-28 00:12:51 INFO     >>>>> Predictor: Evaluating on valid
2025-05-28 00:13:07 INFO     Data : 3823
2025-05-28 00:13:07 INFO     Hit1 : 0.027727
2025-05-28 00:13:07 INFO     Hit3 : 0.057546
2025-05-28 00:13:07 INFO     Hit10: 0.112739
2025-05-28 00:13:07 INFO     MR   : 1153.806173
2025-05-28 00:13:07 INFO     MRR  : 0.057443
2025-05-28 00:13:07 INFO     >>>>> Predictor: Evaluating on test
2025-05-28 00:13:27 INFO     Data : 4402
2025-05-28 00:13:27 INFO     Hit1 : 0.034075
2025-05-28 00:13:27 INFO     Hit3 : 0.064516
2025-05-28 00:13:27 INFO     Hit10: 0.117219
2025-05-28 00:13:27 INFO     MR   : 1135.531804
2025-05-28 00:13:27 INFO     MRR  : 0.063086
2025-05-28 00:13:27 INFO     >>>>> Predictor: Computing H scores of rules
2025-05-28 00:14:11 INFO     1000 12313
2025-05-28 00:14:56 INFO     2000 12313
2025-05-28 00:15:43 INFO     3000 12313
2025-05-28 00:16:29 INFO     4000 12313
2025-05-28 00:17:15 INFO     5000 12313
2025-05-28 00:18:02 INFO     6000 12313
2025-05-28 00:18:48 INFO     7000 12313
2025-05-28 00:19:35 INFO     8000 12313
2025-05-28 00:20:21 INFO     9000 12313
2025-05-28 00:21:07 INFO     10000 12313
2025-05-28 00:21:52 INFO     11000 12313
2025-05-28 00:22:36 INFO     12000 12313
2025-05-28 00:22:51 INFO     >>>>> Generator: Training
2025-05-28 00:22:51 INFO     -------------------------
2025-05-28 00:22:51 INFO     | EM Iteration: 4/5
2025-05-28 00:22:51 INFO     -------------------------
2025-05-28 00:22:51 INFO     >>>>> Generator: Rule generation with sampling
2025-05-28 00:22:51 INFO     Predictor: read 1470 rules from list.
2025-05-28 00:22:51 INFO     Preprocess training set
2025-05-28 00:22:51 INFO     >>>>> Predictor: Training
2025-05-28 00:23:36 INFO     1000 12313 8.242554 69314.6
2025-05-28 00:24:22 INFO     2000 12313 7.769763 69279.9
2025-05-28 00:25:07 INFO     3000 12313 7.529354 69366.7
2025-05-28 00:25:51 INFO     4000 12313 7.425877 69366.7
2025-05-28 00:26:35 INFO     5000 12313 7.330275 69288.6
2025-05-28 00:27:19 INFO     6000 12313 7.247803 69340.6
2025-05-28 00:28:02 INFO     7000 12313 7.151682 69384.0
2025-05-28 00:28:46 INFO     8000 12313 7.087818 69340.6
2025-05-28 00:29:30 INFO     9000 12313 7.105296 69384.0
2025-05-28 00:30:13 INFO     10000 12313 7.041019 69288.6
2025-05-28 00:30:56 INFO     11000 12313 7.036576 69262.6
2025-05-28 00:31:39 INFO     12000 12313 7.006419 69384.0
2025-05-28 00:31:53 INFO     >>>>> Predictor: Evaluating on valid
2025-05-28 00:32:11 INFO     Data : 3823
2025-05-28 00:32:11 INFO     Hit1 : 0.033482
2025-05-28 00:32:11 INFO     Hit3 : 0.073502
2025-05-28 00:32:11 INFO     Hit10: 0.140989
2025-05-28 00:32:11 INFO     MR   : 1091.429244
2025-05-28 00:32:11 INFO     MRR  : 0.070025
2025-05-28 00:32:11 INFO     >>>>> Predictor: Evaluating on test
2025-05-28 00:32:32 INFO     Data : 4402
2025-05-28 00:32:32 INFO     Hit1 : 0.045434
2025-05-28 00:32:32 INFO     Hit3 : 0.085870
2025-05-28 00:32:32 INFO     Hit10: 0.146751
2025-05-28 00:32:32 INFO     MR   : 1087.598024
2025-05-28 00:32:32 INFO     MRR  : 0.080513
2025-05-28 00:32:32 INFO     >>>>> Predictor: Computing H scores of rules
2025-05-28 00:33:17 INFO     1000 12313
2025-05-28 00:34:02 INFO     2000 12313
2025-05-28 00:34:46 INFO     3000 12313
2025-05-28 00:35:31 INFO     4000 12313
2025-05-28 00:36:17 INFO     5000 12313
2025-05-28 00:37:03 INFO     6000 12313
2025-05-28 00:37:49 INFO     7000 12313
2025-05-28 00:38:34 INFO     8000 12313
2025-05-28 00:39:20 INFO     9000 12313
2025-05-28 00:40:05 INFO     10000 12313
2025-05-28 00:40:50 INFO     11000 12313
2025-05-28 00:41:37 INFO     12000 12313
2025-05-28 00:41:51 INFO     >>>>> Generator: Training
2025-05-28 00:41:51 INFO     -------------------------
2025-05-28 00:41:51 INFO     | EM Iteration: 5/5
2025-05-28 00:41:51 INFO     -------------------------
2025-05-28 00:41:51 INFO     >>>>> Generator: Rule generation with sampling
2025-05-28 00:41:51 INFO     Predictor: read 1542 rules from list.
2025-05-28 00:41:51 INFO     Preprocess training set
2025-05-28 00:41:51 INFO     >>>>> Predictor: Training
2025-05-28 00:42:35 INFO     1000 12313 8.247231 69340.6
2025-05-28 00:43:19 INFO     2000 12313 7.799147 69288.6
2025-05-28 00:44:03 INFO     3000 12313 7.586817 69366.7
2025-05-28 00:44:47 INFO     4000 12313 7.474832 69305.9
2025-05-28 00:45:32 INFO     5000 12313 7.355342 69323.3
2025-05-28 00:46:18 INFO     6000 12313 7.303644 69384.0
2025-05-28 00:47:02 INFO     7000 12313 7.252070 69279.9
2025-05-28 00:47:46 INFO     8000 12313 7.177051 69384.0
2025-05-28 00:48:32 INFO     9000 12313 7.182637 69366.7
2025-05-28 00:49:18 INFO     10000 12313 7.134472 69297.3
2025-05-28 00:50:02 INFO     11000 12313 7.099112 69279.9
2025-05-28 00:50:48 INFO     12000 12313 7.102585 69384.0
2025-05-28 00:51:02 INFO     >>>>> Predictor: Evaluating on valid
2025-05-28 00:51:22 INFO     Data : 3823
2025-05-28 00:51:22 INFO     Hit1 : 0.028773
2025-05-28 00:51:22 INFO     Hit3 : 0.053623
2025-05-28 00:51:22 INFO     Hit10: 0.104630
2025-05-28 00:51:22 INFO     MR   : 1184.780931
2025-05-28 00:51:22 INFO     MRR  : 0.055487
2025-05-28 00:51:22 INFO     >>>>> Predictor: Evaluating on test
2025-05-28 00:51:44 INFO     Data : 4402
2025-05-28 00:51:44 INFO     Hit1 : 0.034303
2025-05-28 00:51:44 INFO     Hit3 : 0.060427
2025-05-28 00:51:44 INFO     Hit10: 0.109950
2025-05-28 00:51:44 INFO     MR   : 1164.042367
2025-05-28 00:51:44 INFO     MRR  : 0.061418
2025-05-28 00:51:44 INFO     >>>>> Predictor: Computing H scores of rules
2025-05-28 00:52:32 INFO     1000 12313
2025-05-28 00:53:19 INFO     2000 12313
2025-05-28 00:54:07 INFO     3000 12313
2025-05-28 00:54:54 INFO     4000 12313
2025-05-28 00:55:41 INFO     5000 12313
2025-05-28 00:56:29 INFO     6000 12313
2025-05-28 00:57:17 INFO     7000 12313
2025-05-28 00:58:05 INFO     8000 12313
2025-05-28 00:58:53 INFO     9000 12313
2025-05-28 00:59:41 INFO     10000 12313
2025-05-28 01:00:28 INFO     11000 12313
2025-05-28 01:01:17 INFO     12000 12313
2025-05-28 01:01:31 INFO     >>>>> Generator: Training
2025-05-28 01:01:32 INFO     -------------------------
2025-05-28 01:01:32 INFO     | Post-train Generator
2025-05-28 01:01:32 INFO     -------------------------
2025-05-28 01:01:32 INFO     >>>>> Generator: Training
2025-05-28 01:01:37 INFO     [E1000] Total: 1.712339 | Main: 1.762266 | Aux: 0.752388
2025-05-28 01:01:37 INFO     -------------------------
2025-05-28 01:01:37 INFO     | Beam Search Best Rules
2025-05-28 01:01:37 INFO     -------------------------
2025-05-28 01:01:37 INFO     >>>>> Generator: Rule generation with beam search
2025-05-28 01:01:37 INFO     >>>>> Generator: Rule generation with beam search
2025-05-28 01:01:38 INFO     >>>>> Generator: Rule generation with beam search
2025-05-28 01:01:46 INFO     >>>>> Generator: Rule generation with beam search
2025-05-28 01:01:52 INFO     >>>>> Generator: Rule generation with beam search
2025-05-28 01:01:56 INFO     -------------------------
2025-05-28 01:01:56 INFO     | Train Final Predictor+
2025-05-28 01:01:56 INFO     -------------------------
2025-05-28 01:01:56 INFO     Predictor+: read 18420 rules from list.
2025-05-28 01:01:56 INFO     Preprocess training set
2025-05-28 01:01:56 INFO     -------------------------
2025-05-28 01:01:56 INFO     | Iteration: 1/5
2025-05-28 01:01:56 INFO     -------------------------
2025-05-28 01:01:56 INFO     >>>>> Predictor: Training
2025-05-28 01:08:27 INFO     1000 12313 4.702303 69314.6
2025-05-28 01:15:07 INFO     2000 12313 4.495596 69366.7
2025-05-28 01:21:45 INFO     3000 12313 4.451159 69279.9
2025-05-28 01:28:16 INFO     4000 12313 4.448610 69340.6
2025-05-28 01:34:58 INFO     5000 12313 4.486888 69236.6
2025-05-28 01:41:42 INFO     6000 12313 4.444020 69366.7
2025-05-28 01:48:24 INFO     7000 12313 4.426876 69323.3
2025-05-28 01:55:00 INFO     8000 12313 4.464785 69349.3
2025-05-28 02:01:31 INFO     9000 12313 4.429750 69384.0
2025-05-28 02:08:02 INFO     10000 12313 4.420198 69384.0
2025-05-28 02:14:42 INFO     11000 12313 4.444044 69288.6
2025-05-28 02:21:22 INFO     12000 12313 4.449693 69366.7
2025-05-28 02:23:26 INFO     >>>>> Predictor: Evaluating on valid
2025-05-28 02:26:18 INFO     Data : 3823
2025-05-28 02:26:18 INFO     Hit1 : 0.078211
2025-05-28 02:26:18 INFO     Hit3 : 0.157991
2025-05-28 02:26:18 INFO     Hit10: 0.287994
2025-05-28 02:26:18 INFO     MR   : 617.180225
2025-05-28 02:26:18 INFO     MRR  : 0.148069
2025-05-28 02:26:18 INFO     >>>>> Predictor: Evaluating on test
2025-05-28 02:29:41 INFO     Data : 4402
2025-05-28 02:29:41 INFO     Hit1 : 0.107678
2025-05-28 02:29:41 INFO     Hit3 : 0.192185
2025-05-28 02:29:41 INFO     Hit10: 0.321445
2025-05-28 02:29:41 INFO     MR   : 610.194911
2025-05-28 02:29:41 INFO     MRR  : 0.176792
2025-05-28 02:29:41 INFO     Save checkpoint to results/semmeddb/multitask/cluster_3/full/warmup/predictor.pt
2025-05-28 02:29:41 INFO     -------------------------
2025-05-28 02:29:41 INFO     | Iteration: 2/5
2025-05-28 02:29:41 INFO     -------------------------
2025-05-28 02:29:41 INFO     >>>>> Predictor: Training
2025-05-28 02:36:21 INFO     1000 12313 4.386581 69384.0
2025-05-28 02:42:54 INFO     2000 12313 4.383924 69384.0
2025-05-28 02:49:35 INFO     3000 12313 4.393001 69340.6
2025-05-28 02:56:12 INFO     4000 12313 4.398622 69305.9
2025-05-28 03:02:55 INFO     5000 12313 4.409245 69340.6
2025-05-28 03:09:33 INFO     6000 12313 4.411165 69297.3
2025-05-28 03:16:10 INFO     7000 12313 4.393614 69323.3
2025-05-28 03:22:48 INFO     8000 12313 4.419899 69366.7
2025-05-28 03:29:26 INFO     9000 12313 4.391824 69297.3
2025-05-28 03:36:06 INFO     10000 12313 4.406658 69366.7
2025-05-28 03:42:46 INFO     11000 12313 4.413687 69314.6
2025-05-28 03:49:26 INFO     12000 12313 4.427168 69279.9
2025-05-28 03:51:30 INFO     >>>>> Predictor: Evaluating on valid
2025-05-28 03:54:24 INFO     Data : 3823
2025-05-28 03:54:24 INFO     Hit1 : 0.076380
2025-05-28 03:54:24 INFO     Hit3 : 0.154067
2025-05-28 03:54:24 INFO     Hit10: 0.292964
2025-05-28 03:54:24 INFO     MR   : 599.485352
2025-05-28 03:54:24 INFO     MRR  : 0.145675
2025-05-28 03:54:24 INFO     >>>>> Predictor: Evaluating on test
2025-05-28 03:57:50 INFO     Data : 4402
2025-05-28 03:57:50 INFO     Hit1 : 0.109950
2025-05-28 03:57:50 INFO     Hit3 : 0.193548
2025-05-28 03:57:50 INFO     Hit10: 0.324398
2025-05-28 03:57:50 INFO     MR   : 586.951954
2025-05-28 03:57:50 INFO     MRR  : 0.179071
2025-05-28 03:57:50 INFO     -------------------------
2025-05-28 03:57:50 INFO     | Iteration: 3/5
2025-05-28 03:57:50 INFO     -------------------------
2025-05-28 03:57:50 INFO     >>>>> Predictor: Training
2025-05-28 04:04:32 INFO     1000 12313 4.389825 69262.6
2025-05-28 04:11:18 INFO     2000 12313 4.369990 69384.0
2025-05-28 04:17:57 INFO     3000 12313 4.353208 69262.6
2025-05-28 04:24:44 INFO     4000 12313 4.395699 69323.3
2025-05-28 04:31:29 INFO     5000 12313 4.363854 69366.7
2025-05-28 04:38:14 INFO     6000 12313 4.386613 69323.3
2025-05-28 04:44:59 INFO     7000 12313 4.394314 69366.7
2025-05-28 04:51:43 INFO     8000 12313 4.401280 69384.0
2025-05-28 04:58:31 INFO     9000 12313 4.382751 69349.3
2025-05-28 05:05:09 INFO     10000 12313 4.406978 69314.6
2025-05-28 05:11:50 INFO     11000 12313 4.366991 69349.3
2025-05-28 05:18:28 INFO     12000 12313 4.401124 69314.6
2025-05-28 05:20:32 INFO     >>>>> Predictor: Evaluating on valid
2025-05-28 05:23:26 INFO     Data : 3823
2025-05-28 05:23:26 INFO     Hit1 : 0.076380
2025-05-28 05:23:26 INFO     Hit3 : 0.155114
2025-05-28 05:23:26 INFO     Hit10: 0.295579
2025-05-28 05:23:26 INFO     MR   : 605.835339
2025-05-28 05:23:26 INFO     MRR  : 0.147581
2025-05-28 05:23:26 INFO     >>>>> Predictor: Evaluating on test
2025-05-28 05:26:47 INFO     Data : 4402
2025-05-28 05:26:47 INFO     Hit1 : 0.104044
2025-05-28 05:26:47 INFO     Hit3 : 0.194003
2025-05-28 05:26:47 INFO     Hit10: 0.328260
2025-05-28 05:26:47 INFO     MR   : 588.433553
2025-05-28 05:26:47 INFO     MRR  : 0.176152
2025-05-28 05:26:47 INFO     -------------------------
2025-05-28 05:26:47 INFO     | Iteration: 4/5
2025-05-28 05:26:47 INFO     -------------------------
2025-05-28 05:26:47 INFO     >>>>> Predictor: Training
2025-05-28 05:33:24 INFO     1000 12313 4.338530 69384.0
2025-05-28 05:40:05 INFO     2000 12313 4.360767 69340.6
2025-05-28 05:46:47 INFO     3000 12313 4.367040 69384.0
2025-05-28 05:53:21 INFO     4000 12313 4.399184 69253.9
2025-05-28 05:59:53 INFO     5000 12313 4.386176 69262.6
2025-05-28 06:06:26 INFO     6000 12313 4.396724 69340.6
2025-05-28 06:12:58 INFO     7000 12313 4.375091 69314.6
2025-05-28 06:19:31 INFO     8000 12313 4.356342 69323.3
2025-05-28 06:26:03 INFO     9000 12313 4.386505 69366.7
2025-05-28 06:32:39 INFO     10000 12313 4.356831 69349.3
2025-05-28 06:39:23 INFO     11000 12313 4.372234 69366.7
2025-05-28 06:46:02 INFO     12000 12313 4.387302 69366.7
2025-05-28 06:48:04 INFO     >>>>> Predictor: Evaluating on valid
2025-05-28 06:50:56 INFO     Data : 3823
2025-05-28 06:50:56 INFO     Hit1 : 0.075072
2025-05-28 06:50:56 INFO     Hit3 : 0.157730
2025-05-28 06:50:56 INFO     Hit10: 0.296364
2025-05-28 06:50:56 INFO     MR   : 596.760136
2025-05-28 06:50:56 INFO     MRR  : 0.145888
2025-05-28 06:50:56 INFO     >>>>> Predictor: Evaluating on test
2025-05-28 06:54:14 INFO     Data : 4402
2025-05-28 06:54:14 INFO     Hit1 : 0.106997
2025-05-28 06:54:14 INFO     Hit3 : 0.198773
2025-05-28 06:54:14 INFO     Hit10: 0.324852
2025-05-28 06:54:14 INFO     MR   : 576.824171
2025-05-28 06:54:14 INFO     MRR  : 0.179528
2025-05-28 06:54:14 INFO     -------------------------
2025-05-28 06:54:14 INFO     | Iteration: 5/5
2025-05-28 06:54:14 INFO     -------------------------
2025-05-28 06:54:14 INFO     >>>>> Predictor: Training
2025-05-28 07:00:47 INFO     1000 12313 4.337545 69323.3
2025-05-28 07:07:24 INFO     2000 12313 4.364240 69384.0
2025-05-28 07:13:54 INFO     3000 12313 4.361283 69245.2
2025-05-28 07:20:26 INFO     4000 12313 4.340588 69384.0
2025-05-28 07:27:05 INFO     5000 12313 4.387767 69366.7
2025-05-28 07:33:49 INFO     6000 12313 4.364173 69323.3
2025-05-28 07:40:30 INFO     7000 12313 4.380703 69384.0
2025-05-28 07:47:03 INFO     8000 12313 4.392288 69297.3
2025-05-28 07:53:36 INFO     9000 12313 4.367113 69384.0
2025-05-28 08:00:13 INFO     10000 12313 4.367788 69271.3
2025-05-28 08:06:49 INFO     11000 12313 4.367242 69340.6
2025-05-28 08:13:24 INFO     12000 12313 4.348429 69297.3
2025-05-28 08:15:28 INFO     >>>>> Predictor: Evaluating on valid
2025-05-28 08:18:22 INFO     Data : 3823
2025-05-28 08:18:22 INFO     Hit1 : 0.078211
2025-05-28 08:18:22 INFO     Hit3 : 0.162176
2025-05-28 08:18:22 INFO     Hit10: 0.292179
2025-05-28 08:18:22 INFO     MR   : 583.714230
2025-05-28 08:18:22 INFO     MRR  : 0.148397
2025-05-28 08:18:22 INFO     >>>>> Predictor: Evaluating on test
2025-05-28 08:21:41 INFO     Data : 4402
2025-05-28 08:21:41 INFO     Hit1 : 0.104725
2025-05-28 08:21:41 INFO     Hit3 : 0.193776
2025-05-28 08:21:41 INFO     Hit10: 0.314630
2025-05-28 08:21:41 INFO     MR   : 568.682303
2025-05-28 08:21:41 INFO     MRR  : 0.175410
2025-05-28 08:21:41 INFO     Save checkpoint to results/semmeddb/multitask/cluster_3/full/warmup/predictor.pt
2025-05-28 08:21:41 INFO     -------------------------
2025-05-28 08:21:41 INFO     | Final Test MRR: 0.175410
2025-05-28 08:21:41 INFO     -------------------------
