2025-07-22 07:42:10 INFO     is_soft_label: False
2025-07-22 07:42:10 INFO     is_scheduled_sampling: False
2025-07-22 07:42:10 INFO     is_test_mode: False
2025-07-22 07:42:11 INFO     Data loading | DONE!
2025-07-22 07:42:11 INFO     Using full datasets for training, validation, and testing.
2025-07-22 07:42:12 INFO     -------------------------
2025-07-22 07:42:12 INFO     | EM Iteration: 1/5
2025-07-22 07:42:12 INFO     -------------------------
2025-07-22 07:42:12 INFO     >>>>> Using miner's rule
2025-07-22 07:42:12 INFO     Predictor: read 13661 rules from list.
2025-07-22 07:42:14 INFO     Preprocess training set
2025-07-22 07:42:14 INFO     >>>>> Predictor: Evaluating on valid
2025-07-22 07:46:53 INFO     Data : 2077
2025-07-22 07:46:53 INFO     Hit1 : 0.065479
2025-07-22 07:46:53 INFO     Hit3 : 0.127106
2025-07-22 07:46:53 INFO     Hit10: 0.199326
2025-07-22 07:46:53 INFO     MR   : 1120.902022
2025-07-22 07:46:53 INFO     MRR  : 0.114382
2025-07-22 07:46:53 INFO     >>>>> Predictor: Evaluating on test
2025-07-22 07:51:46 INFO     Data : 2342
2025-07-22 07:51:46 INFO     Hit1 : 0.078992
2025-07-22 07:51:46 INFO     Hit3 : 0.124253
2025-07-22 07:51:46 INFO     Hit10: 0.208796
2025-07-22 07:51:46 INFO     MR   : 1044.269001
2025-07-22 07:51:46 INFO     MRR  : 0.122250
2025-07-22 07:51:46 INFO     >>>>> Predictor: Computing H scores of rules
2025-07-22 08:54:00 INFO     1000 5959
2025-07-22 09:59:19 INFO     2000 5959
2025-07-22 11:22:56 INFO     3000 5959
2025-07-22 13:02:24 INFO     4000 5959
2025-07-22 14:10:51 INFO     5000 5959
2025-07-22 15:20:28 INFO     >>>>> Generator: Training
2025-07-22 15:20:35 INFO     -------------------------
2025-07-22 15:20:35 INFO     | EM Iteration: 2/5
2025-07-22 15:20:35 INFO     -------------------------
2025-07-22 15:20:35 INFO     >>>>> Using Generator's sample rule
2025-07-22 15:20:35 INFO     >>>>> Generator: Rule generation with sampling
2025-07-22 15:20:36 INFO     Predictor: read 1900 rules from list.
2025-07-22 15:20:36 INFO     Preprocess training set
2025-07-22 15:20:36 INFO     >>>>> Predictor: Training
2025-07-22 15:22:59 INFO     1000 5959 8.795817 69314.6
2025-07-22 15:25:21 INFO     2000 5959 8.424737 69271.3
2025-07-22 15:27:46 INFO     3000 5959 8.224691 69245.2
2025-07-22 15:30:13 INFO     4000 5959 8.063707 69340.6
2025-07-22 15:32:44 INFO     5000 5959 7.904356 69340.6
2025-07-22 15:35:09 INFO     >>>>> Predictor: Evaluating on valid
2025-07-22 15:35:31 INFO     Data : 2077
2025-07-22 15:35:31 INFO     Hit1 : 0.015407
2025-07-22 15:35:31 INFO     Hit3 : 0.023592
2025-07-22 15:35:31 INFO     Hit10: 0.035147
2025-07-22 15:35:31 INFO     MR   : 1478.241454
2025-07-22 15:35:31 INFO     MRR  : 0.025902
2025-07-22 15:35:31 INFO     >>>>> Predictor: Evaluating on test
2025-07-22 15:35:56 INFO     Data : 2342
2025-07-22 15:35:56 INFO     Hit1 : 0.011529
2025-07-22 15:35:56 INFO     Hit3 : 0.017933
2025-07-22 15:35:56 INFO     Hit10: 0.029462
2025-07-22 15:35:56 INFO     MR   : 1374.103544
2025-07-22 15:35:56 INFO     MRR  : 0.021287
2025-07-22 15:35:56 INFO     >>>>> Predictor: Computing H scores of rules
2025-07-22 15:41:27 INFO     1000 5959
2025-07-22 15:46:56 INFO     2000 5959
2025-07-22 15:52:32 INFO     3000 5959
2025-07-22 15:57:59 INFO     4000 5959
2025-07-22 16:03:34 INFO     5000 5959
2025-07-22 16:08:57 INFO     >>>>> Generator: Training
2025-07-22 16:09:04 INFO     -------------------------
2025-07-22 16:09:04 INFO     | EM Iteration: 3/5
2025-07-22 16:09:04 INFO     -------------------------
2025-07-22 16:09:04 INFO     >>>>> Using Generator's sample rule
2025-07-22 16:09:04 INFO     >>>>> Generator: Rule generation with sampling
2025-07-22 16:09:04 INFO     Predictor: read 1916 rules from list.
2025-07-22 16:09:04 INFO     Preprocess training set
2025-07-22 16:09:04 INFO     >>>>> Predictor: Training
2025-07-22 16:11:38 INFO     1000 5959 8.820295 69332.0
2025-07-22 16:14:12 INFO     2000 5959 8.500766 69349.3
2025-07-22 16:16:37 INFO     3000 5959 8.308992 69184.5
2025-07-22 16:19:02 INFO     4000 5959 8.174524 69253.9
2025-07-22 16:21:33 INFO     5000 5959 8.100267 69332.0
2025-07-22 16:23:53 INFO     >>>>> Predictor: Evaluating on valid
2025-07-22 16:24:20 INFO     Data : 2077
2025-07-22 16:24:20 INFO     Hit1 : 0.009148
2025-07-22 16:24:20 INFO     Hit3 : 0.018777
2025-07-22 16:24:20 INFO     Hit10: 0.034184
2025-07-22 16:24:20 INFO     MR   : 1482.585941
2025-07-22 16:24:20 INFO     MRR  : 0.021228
2025-07-22 16:24:20 INFO     >>>>> Predictor: Evaluating on test
2025-07-22 16:24:51 INFO     Data : 2342
2025-07-22 16:24:51 INFO     Hit1 : 0.008113
2025-07-22 16:24:51 INFO     Hit3 : 0.013664
2025-07-22 16:24:51 INFO     Hit10: 0.027754
2025-07-22 16:24:51 INFO     MR   : 1378.045901
2025-07-22 16:24:51 INFO     MRR  : 0.018118
2025-07-22 16:24:51 INFO     >>>>> Predictor: Computing H scores of rules
2025-07-22 16:30:39 INFO     1000 5959
2025-07-22 16:36:18 INFO     2000 5959
2025-07-22 16:42:02 INFO     3000 5959
2025-07-22 16:47:54 INFO     4000 5959
2025-07-22 16:53:38 INFO     5000 5959
2025-07-22 16:59:33 INFO     >>>>> Generator: Training
2025-07-22 16:59:39 INFO     -------------------------
2025-07-22 16:59:39 INFO     | EM Iteration: 4/5
2025-07-22 16:59:39 INFO     -------------------------
2025-07-22 16:59:39 INFO     >>>>> Using Generator's sample rule
2025-07-22 16:59:39 INFO     >>>>> Generator: Rule generation with sampling
2025-07-22 16:59:39 INFO     Predictor: read 1951 rules from list.
2025-07-22 16:59:39 INFO     Preprocess training set
2025-07-22 16:59:39 INFO     >>>>> Predictor: Training
2025-07-22 17:01:55 INFO     1000 5959 8.809383 69271.3
2025-07-22 17:04:12 INFO     2000 5959 8.460698 69340.6
2025-07-22 17:06:26 INFO     3000 5959 8.235963 69384.0
2025-07-22 17:08:43 INFO     4000 5959 8.096743 69262.6
2025-07-22 17:10:56 INFO     5000 5959 7.972658 69332.0
2025-07-22 17:13:05 INFO     >>>>> Predictor: Evaluating on valid
2025-07-22 17:13:32 INFO     Data : 2077
2025-07-22 17:13:32 INFO     Hit1 : 0.019259
2025-07-22 17:13:32 INFO     Hit3 : 0.035628
2025-07-22 17:13:32 INFO     Hit10: 0.055368
2025-07-22 17:13:32 INFO     MR   : 1457.752528
2025-07-22 17:13:32 INFO     MRR  : 0.035361
2025-07-22 17:13:32 INFO     >>>>> Predictor: Evaluating on test
2025-07-22 17:13:59 INFO     Data : 2342
2025-07-22 17:13:59 INFO     Hit1 : 0.022630
2025-07-22 17:13:59 INFO     Hit3 : 0.039710
2025-07-22 17:13:59 INFO     Hit10: 0.054654
2025-07-22 17:13:59 INFO     MR   : 1353.478437
2025-07-22 17:13:59 INFO     MRR  : 0.037821
2025-07-22 17:13:59 INFO     >>>>> Predictor: Computing H scores of rules
2025-07-22 17:19:44 INFO     1000 5959
2025-07-22 17:25:29 INFO     2000 5959
2025-07-22 17:31:23 INFO     3000 5959
2025-07-22 17:37:11 INFO     4000 5959
2025-07-22 17:42:57 INFO     5000 5959
2025-07-22 17:48:34 INFO     >>>>> Generator: Training
2025-07-22 17:48:40 INFO     -------------------------
2025-07-22 17:48:40 INFO     | EM Iteration: 5/5
2025-07-22 17:48:40 INFO     -------------------------
2025-07-22 17:48:40 INFO     >>>>> Using Generator's sample rule
2025-07-22 17:48:40 INFO     >>>>> Generator: Rule generation with sampling
2025-07-22 17:48:40 INFO     Predictor: read 1967 rules from list.
2025-07-22 17:48:40 INFO     Preprocess training set
2025-07-22 17:48:40 INFO     >>>>> Predictor: Training
2025-07-22 17:50:58 INFO     1000 5959 8.817447 69332.0
2025-07-22 17:53:17 INFO     2000 5959 8.470280 69349.3
2025-07-22 17:55:34 INFO     3000 5959 8.261555 69340.6
2025-07-22 17:57:52 INFO     4000 5959 8.134668 69297.3
2025-07-22 18:00:04 INFO     5000 5959 8.048097 69219.2
2025-07-22 18:02:22 INFO     >>>>> Predictor: Evaluating on valid
2025-07-22 18:02:46 INFO     Data : 2077
2025-07-22 18:02:46 INFO     Hit1 : 0.006740
2025-07-22 18:02:46 INFO     Hit3 : 0.017333
2025-07-22 18:02:46 INFO     Hit10: 0.041406
2025-07-22 18:02:46 INFO     MR   : 1513.288878
2025-07-22 18:02:46 INFO     MRR  : 0.020570
2025-07-22 18:02:46 INFO     >>>>> Predictor: Evaluating on test
2025-07-22 18:03:15 INFO     Data : 2342
2025-07-22 18:03:15 INFO     Hit1 : 0.004270
2025-07-22 18:03:15 INFO     Hit3 : 0.012810
2025-07-22 18:03:15 INFO     Hit10: 0.030316
2025-07-22 18:03:15 INFO     MR   : 1389.672289
2025-07-22 18:03:15 INFO     MRR  : 0.016151
2025-07-22 18:03:15 INFO     >>>>> Predictor: Computing H scores of rules
2025-07-22 18:09:05 INFO     1000 5959
2025-07-22 18:15:01 INFO     2000 5959
2025-07-22 18:20:58 INFO     3000 5959
2025-07-22 18:26:52 INFO     4000 5959
2025-07-22 18:32:48 INFO     5000 5959
2025-07-22 18:38:23 INFO     >>>>> Generator: Training
2025-07-22 18:38:29 INFO     -------------------------
2025-07-22 18:38:29 INFO     | Post-train Generator
2025-07-22 18:38:29 INFO     -------------------------
2025-07-22 18:38:31 INFO     >>>>> Generator: Training
2025-07-22 18:39:33 INFO     [E01000] Total 3.589713 | Main 3.215151 | EntType 3.151969
2025-07-22 18:39:33 INFO     -------------------------
2025-07-22 18:39:33 INFO     | Beam Search Best Rules
2025-07-22 18:39:33 INFO     -------------------------
2025-07-22 18:39:33 INFO     >>>>> Generator: Rule generation with beam search
2025-07-22 18:39:35 INFO     >>>>> Generator: Rule generation with beam search
2025-07-22 18:39:44 INFO     >>>>> Generator: Rule generation with beam search
2025-07-22 18:42:08 INFO     >>>>> Generator: Rule generation with beam search
2025-07-22 18:44:11 INFO     >>>>> Generator: Rule generation with beam search
2025-07-22 18:45:37 INFO     -------------------------
2025-07-22 18:45:37 INFO     | Train Final Predictor+
2025-07-22 18:45:37 INFO     -------------------------
2025-07-22 18:45:37 INFO     Predictor+: read 18420 rules from list.
2025-07-22 18:45:37 INFO     Preprocess training set
2025-07-22 18:45:37 INFO     -------------------------
2025-07-22 18:45:37 INFO     | Iteration: 1/5
2025-07-22 18:45:37 INFO     -------------------------
2025-07-22 18:45:37 INFO     >>>>> Predictor: Training
2025-07-22 18:56:36 INFO     1000 5959 4.896504 69271.3
2025-07-22 19:07:51 INFO     2000 5959 4.725601 69332.0
2025-07-22 19:18:41 INFO     3000 5959 4.706922 69375.3
2025-07-22 19:29:32 INFO     4000 5959 4.708322 69279.9
2025-07-22 19:40:34 INFO     5000 5959 4.679422 69349.3
2025-07-22 19:51:05 INFO     >>>>> Predictor: Evaluating on valid
2025-07-22 19:53:44 INFO     Data : 2077
2025-07-22 19:53:44 INFO     Hit1 : 0.103515
2025-07-22 19:53:44 INFO     Hit3 : 0.189697
2025-07-22 19:53:44 INFO     Hit10: 0.316322
2025-07-22 19:53:44 INFO     MR   : 982.534665
2025-07-22 19:53:44 INFO     MRR  : 0.171792
2025-07-22 19:53:44 INFO     >>>>> Predictor: Evaluating on test
2025-07-22 19:56:44 INFO     Data : 2342
2025-07-22 19:56:44 INFO     Hit1 : 0.129377
2025-07-22 19:56:44 INFO     Hit3 : 0.210077
2025-07-22 19:56:44 INFO     Hit10: 0.317250
2025-07-22 19:56:44 INFO     MR   : 917.589026
2025-07-22 19:56:44 INFO     MRR  : 0.191142
2025-07-22 19:56:44 INFO     Save checkpoint to results/semmeddb/10_times_each/aux2/8_20250722_074206/predictor.pt
2025-07-22 19:56:44 INFO     -------------------------
2025-07-22 19:56:44 INFO     | Iteration: 2/5
2025-07-22 19:56:44 INFO     -------------------------
2025-07-22 19:56:44 INFO     >>>>> Predictor: Training
2025-07-22 20:07:29 INFO     1000 5959 4.603614 69366.7
2025-07-22 20:18:20 INFO     2000 5959 4.652354 69375.3
2025-07-22 20:29:19 INFO     3000 5959 4.638384 69219.2
2025-07-22 20:40:13 INFO     4000 5959 4.650168 69305.9
2025-07-22 20:51:01 INFO     5000 5959 4.619527 69288.6
2025-07-22 21:01:26 INFO     >>>>> Predictor: Evaluating on valid
2025-07-22 21:04:02 INFO     Data : 2077
2025-07-22 21:04:02 INFO     Hit1 : 0.095811
2025-07-22 21:04:02 INFO     Hit3 : 0.185845
2025-07-22 21:04:02 INFO     Hit10: 0.318247
2025-07-22 21:04:02 INFO     MR   : 942.305729
2025-07-22 21:04:02 INFO     MRR  : 0.165975
2025-07-22 21:04:02 INFO     >>>>> Predictor: Evaluating on test
2025-07-22 21:06:58 INFO     Data : 2342
2025-07-22 21:06:58 INFO     Hit1 : 0.124253
2025-07-22 21:06:58 INFO     Hit3 : 0.206661
2025-07-22 21:06:58 INFO     Hit10: 0.316396
2025-07-22 21:06:58 INFO     MR   : 877.120196
2025-07-22 21:06:58 INFO     MRR  : 0.187918
2025-07-22 21:06:58 INFO     -------------------------
2025-07-22 21:06:58 INFO     | Iteration: 3/5
2025-07-22 21:06:58 INFO     -------------------------
2025-07-22 21:06:58 INFO     >>>>> Predictor: Training
2025-07-22 21:17:46 INFO     1000 5959 4.614758 69288.6
2025-07-22 21:28:37 INFO     2000 5959 4.617133 69288.6
2025-07-22 21:39:32 INFO     3000 5959 4.608165 69340.6
2025-07-22 21:50:28 INFO     4000 5959 4.616220 69271.3
2025-07-22 22:01:11 INFO     5000 5959 4.637918 69219.2
2025-07-22 22:11:27 INFO     >>>>> Predictor: Evaluating on valid
2025-07-22 22:14:13 INFO     Data : 2077
2025-07-22 22:14:13 INFO     Hit1 : 0.094367
2025-07-22 22:14:13 INFO     Hit3 : 0.181030
2025-07-22 22:14:13 INFO     Hit10: 0.304766
2025-07-22 22:14:13 INFO     MR   : 931.442706
2025-07-22 22:14:13 INFO     MRR  : 0.163391
2025-07-22 22:14:13 INFO     >>>>> Predictor: Evaluating on test
2025-07-22 22:17:33 INFO     Data : 2342
2025-07-22 22:17:33 INFO     Hit1 : 0.118702
2025-07-22 22:17:33 INFO     Hit3 : 0.198121
2025-07-22 22:17:33 INFO     Hit10: 0.317677
2025-07-22 22:17:33 INFO     MR   : 860.000640
2025-07-22 22:17:33 INFO     MRR  : 0.183089
2025-07-22 22:17:33 INFO     -------------------------
2025-07-22 22:17:33 INFO     | Iteration: 4/5
2025-07-22 22:17:33 INFO     -------------------------
2025-07-22 22:17:33 INFO     >>>>> Predictor: Training
2025-07-22 22:28:33 INFO     1000 5959 4.593137 69340.6
2025-07-22 22:39:39 INFO     2000 5959 4.561669 69184.5
2025-07-22 22:50:32 INFO     3000 5959 4.622545 69253.9
2025-07-22 23:01:40 INFO     4000 5959 4.601521 69340.6
2025-07-22 23:12:29 INFO     5000 5959 4.597336 69384.0
2025-07-22 23:23:00 INFO     >>>>> Predictor: Evaluating on valid
2025-07-22 23:25:36 INFO     Data : 2077
2025-07-22 23:25:36 INFO     Hit1 : 0.101107
2025-07-22 23:25:36 INFO     Hit3 : 0.183919
2025-07-22 23:25:36 INFO     Hit10: 0.312470
2025-07-22 23:25:36 INFO     MR   : 924.060424
2025-07-22 23:25:36 INFO     MRR  : 0.168761
2025-07-22 23:25:36 INFO     >>>>> Predictor: Evaluating on test
2025-07-22 23:28:38 INFO     Data : 2342
2025-07-22 23:28:38 INFO     Hit1 : 0.127669
2025-07-22 23:28:38 INFO     Hit3 : 0.204526
2025-07-22 23:28:38 INFO     Hit10: 0.322801
2025-07-22 23:28:38 INFO     MR   : 855.068318
2025-07-22 23:28:38 INFO     MRR  : 0.190814
2025-07-22 23:28:38 INFO     -------------------------
2025-07-22 23:28:38 INFO     | Iteration: 5/5
2025-07-22 23:28:38 INFO     -------------------------
2025-07-22 23:28:38 INFO     >>>>> Predictor: Training
2025-07-22 23:38:56 INFO     1000 5959 4.603203 69323.3
2025-07-22 23:49:56 INFO     2000 5959 4.585367 69332.0
2025-07-23 00:00:50 INFO     3000 5959 4.614390 69219.2
2025-07-23 00:11:08 INFO     4000 5959 4.608152 69297.3
2025-07-23 00:21:47 INFO     5000 5959 4.573605 69332.0
2025-07-23 00:31:46 INFO     >>>>> Predictor: Evaluating on valid
2025-07-23 00:34:23 INFO     Data : 2077
2025-07-23 00:34:23 INFO     Hit1 : 0.090034
2025-07-23 00:34:23 INFO     Hit3 : 0.184882
2025-07-23 00:34:23 INFO     Hit10: 0.311988
2025-07-23 00:34:23 INFO     MR   : 915.420077
2025-07-23 00:34:23 INFO     MRR  : 0.162257
2025-07-23 00:34:23 INFO     >>>>> Predictor: Evaluating on test
2025-07-23 00:37:20 INFO     Data : 2342
2025-07-23 00:37:20 INFO     Hit1 : 0.124680
2025-07-23 00:37:20 INFO     Hit3 : 0.204953
2025-07-23 00:37:20 INFO     Hit10: 0.314688
2025-07-23 00:37:20 INFO     MR   : 848.051879
2025-07-23 00:37:20 INFO     MRR  : 0.188681
2025-07-23 00:37:20 INFO     -------------------------
2025-07-23 00:37:20 INFO     | Final Test MRR: 0.191142
2025-07-23 00:37:20 INFO     -------------------------
