2025-07-20 18:41:28 INFO     is_soft_label: False
2025-07-20 18:41:28 INFO     is_scheduled_sampling: False
2025-07-20 18:41:28 INFO     is_test_mode: False
2025-07-20 18:41:28 INFO     Data loading | DONE!
2025-07-20 18:41:28 INFO     Using full datasets for training, validation, and testing.
2025-07-20 18:41:29 INFO     -------------------------
2025-07-20 18:41:29 INFO     | EM Iteration: 1/5
2025-07-20 18:41:29 INFO     -------------------------
2025-07-20 18:41:29 INFO     >>>>> Using miner's rule
2025-07-20 18:41:29 INFO     Predictor: read 13661 rules from list.
2025-07-20 18:41:30 INFO     Preprocess training set
2025-07-20 18:41:30 INFO     >>>>> Predictor: Evaluating on valid
2025-07-20 18:44:54 INFO     Data : 2077
2025-07-20 18:44:54 INFO     Hit1 : 0.065479
2025-07-20 18:44:54 INFO     Hit3 : 0.127106
2025-07-20 18:44:54 INFO     Hit10: 0.199326
2025-07-20 18:44:54 INFO     MR   : 1120.902022
2025-07-20 18:44:54 INFO     MRR  : 0.114382
2025-07-20 18:44:54 INFO     >>>>> Predictor: Evaluating on test
2025-07-20 18:48:45 INFO     Data : 2342
2025-07-20 18:48:45 INFO     Hit1 : 0.078992
2025-07-20 18:48:45 INFO     Hit3 : 0.124253
2025-07-20 18:48:45 INFO     Hit10: 0.208796
2025-07-20 18:48:45 INFO     MR   : 1044.269001
2025-07-20 18:48:45 INFO     MRR  : 0.122250
2025-07-20 18:48:45 INFO     >>>>> Predictor: Computing H scores of rules
2025-07-20 19:36:47 INFO     1000 5959
2025-07-20 20:26:28 INFO     2000 5959
2025-07-20 21:15:46 INFO     3000 5959
2025-07-20 22:05:54 INFO     4000 5959
2025-07-20 22:57:05 INFO     5000 5959
2025-07-20 23:47:38 INFO     >>>>> Generator: Training
2025-07-20 23:47:43 INFO     -------------------------
2025-07-20 23:47:43 INFO     | EM Iteration: 2/5
2025-07-20 23:47:43 INFO     -------------------------
2025-07-20 23:47:43 INFO     >>>>> Using Generator's sample rule
2025-07-20 23:47:43 INFO     >>>>> Generator: Rule generation with sampling
2025-07-20 23:47:43 INFO     Predictor: read 1900 rules from list.
2025-07-20 23:47:43 INFO     Preprocess training set
2025-07-20 23:47:43 INFO     >>>>> Predictor: Training
2025-07-20 23:49:19 INFO     1000 5959 8.795817 69314.6
2025-07-20 23:50:55 INFO     2000 5959 8.424737 69271.3
2025-07-20 23:52:32 INFO     3000 5959 8.224691 69245.2
2025-07-20 23:54:09 INFO     4000 5959 8.063707 69340.6
2025-07-20 23:55:46 INFO     5000 5959 7.904356 69340.6
2025-07-20 23:57:18 INFO     >>>>> Predictor: Evaluating on valid
2025-07-20 23:57:36 INFO     Data : 2077
2025-07-20 23:57:36 INFO     Hit1 : 0.015407
2025-07-20 23:57:36 INFO     Hit3 : 0.023592
2025-07-20 23:57:36 INFO     Hit10: 0.035147
2025-07-20 23:57:36 INFO     MR   : 1478.241454
2025-07-20 23:57:36 INFO     MRR  : 0.025902
2025-07-20 23:57:36 INFO     >>>>> Predictor: Evaluating on test
2025-07-20 23:57:55 INFO     Data : 2342
2025-07-20 23:57:55 INFO     Hit1 : 0.011529
2025-07-20 23:57:55 INFO     Hit3 : 0.017933
2025-07-20 23:57:55 INFO     Hit10: 0.029462
2025-07-20 23:57:55 INFO     MR   : 1374.103544
2025-07-20 23:57:55 INFO     MRR  : 0.021287
2025-07-20 23:57:55 INFO     >>>>> Predictor: Computing H scores of rules
2025-07-21 00:01:56 INFO     1000 5959
2025-07-21 00:05:54 INFO     2000 5959
2025-07-21 00:09:48 INFO     3000 5959
2025-07-21 00:13:45 INFO     4000 5959
2025-07-21 00:17:42 INFO     5000 5959
2025-07-21 00:21:31 INFO     >>>>> Generator: Training
2025-07-21 00:21:36 INFO     -------------------------
2025-07-21 00:21:36 INFO     | EM Iteration: 3/5
2025-07-21 00:21:36 INFO     -------------------------
2025-07-21 00:21:36 INFO     >>>>> Using Generator's sample rule
2025-07-21 00:21:36 INFO     >>>>> Generator: Rule generation with sampling
2025-07-21 00:21:36 INFO     Predictor: read 1916 rules from list.
2025-07-21 00:21:36 INFO     Preprocess training set
2025-07-21 00:21:36 INFO     >>>>> Predictor: Training
2025-07-21 00:23:12 INFO     1000 5959 8.820295 69332.0
2025-07-21 00:24:51 INFO     2000 5959 8.500766 69349.3
2025-07-21 00:26:28 INFO     3000 5959 8.308992 69184.5
2025-07-21 00:28:06 INFO     4000 5959 8.174524 69253.9
2025-07-21 00:29:43 INFO     5000 5959 8.100267 69332.0
2025-07-21 00:31:18 INFO     >>>>> Predictor: Evaluating on valid
2025-07-21 00:31:36 INFO     Data : 2077
2025-07-21 00:31:36 INFO     Hit1 : 0.009148
2025-07-21 00:31:36 INFO     Hit3 : 0.018777
2025-07-21 00:31:36 INFO     Hit10: 0.034184
2025-07-21 00:31:36 INFO     MR   : 1482.585941
2025-07-21 00:31:36 INFO     MRR  : 0.021228
2025-07-21 00:31:36 INFO     >>>>> Predictor: Evaluating on test
2025-07-21 00:31:55 INFO     Data : 2342
2025-07-21 00:31:55 INFO     Hit1 : 0.008113
2025-07-21 00:31:55 INFO     Hit3 : 0.013664
2025-07-21 00:31:55 INFO     Hit10: 0.027754
2025-07-21 00:31:55 INFO     MR   : 1378.045901
2025-07-21 00:31:55 INFO     MRR  : 0.018118
2025-07-21 00:31:55 INFO     >>>>> Predictor: Computing H scores of rules
2025-07-21 00:35:56 INFO     1000 5959
2025-07-21 00:39:59 INFO     2000 5959
2025-07-21 00:44:01 INFO     3000 5959
2025-07-21 00:48:02 INFO     4000 5959
2025-07-21 00:52:08 INFO     5000 5959
2025-07-21 00:56:30 INFO     >>>>> Generator: Training
2025-07-21 00:56:35 INFO     -------------------------
2025-07-21 00:56:35 INFO     | EM Iteration: 4/5
2025-07-21 00:56:35 INFO     -------------------------
2025-07-21 00:56:35 INFO     >>>>> Using Generator's sample rule
2025-07-21 00:56:35 INFO     >>>>> Generator: Rule generation with sampling
2025-07-21 00:56:35 INFO     Predictor: read 1951 rules from list.
2025-07-21 00:56:35 INFO     Preprocess training set
2025-07-21 00:56:35 INFO     >>>>> Predictor: Training
2025-07-21 00:58:16 INFO     1000 5959 8.809383 69271.3
2025-07-21 00:59:54 INFO     2000 5959 8.460698 69340.6
2025-07-21 01:01:31 INFO     3000 5959 8.235963 69384.0
2025-07-21 01:03:08 INFO     4000 5959 8.096743 69262.6
2025-07-21 01:04:45 INFO     5000 5959 7.972658 69332.0
2025-07-21 01:06:23 INFO     >>>>> Predictor: Evaluating on valid
2025-07-21 01:06:41 INFO     Data : 2077
2025-07-21 01:06:41 INFO     Hit1 : 0.019259
2025-07-21 01:06:41 INFO     Hit3 : 0.035628
2025-07-21 01:06:41 INFO     Hit10: 0.055368
2025-07-21 01:06:41 INFO     MR   : 1457.752528
2025-07-21 01:06:41 INFO     MRR  : 0.035361
2025-07-21 01:06:41 INFO     >>>>> Predictor: Evaluating on test
2025-07-21 01:07:02 INFO     Data : 2342
2025-07-21 01:07:02 INFO     Hit1 : 0.022630
2025-07-21 01:07:02 INFO     Hit3 : 0.039710
2025-07-21 01:07:02 INFO     Hit10: 0.054654
2025-07-21 01:07:02 INFO     MR   : 1353.478437
2025-07-21 01:07:02 INFO     MRR  : 0.037821
2025-07-21 01:07:02 INFO     >>>>> Predictor: Computing H scores of rules
2025-07-21 01:11:08 INFO     1000 5959
2025-07-21 01:15:11 INFO     2000 5959
2025-07-21 01:19:14 INFO     3000 5959
2025-07-21 01:23:22 INFO     4000 5959
2025-07-21 01:27:26 INFO     5000 5959
2025-07-21 01:31:22 INFO     >>>>> Generator: Training
2025-07-21 01:31:27 INFO     -------------------------
2025-07-21 01:31:27 INFO     | EM Iteration: 5/5
2025-07-21 01:31:27 INFO     -------------------------
2025-07-21 01:31:27 INFO     >>>>> Using Generator's sample rule
2025-07-21 01:31:27 INFO     >>>>> Generator: Rule generation with sampling
2025-07-21 01:31:27 INFO     Predictor: read 1967 rules from list.
2025-07-21 01:31:27 INFO     Preprocess training set
2025-07-21 01:31:27 INFO     >>>>> Predictor: Training
2025-07-21 01:33:06 INFO     1000 5959 8.817447 69332.0
2025-07-21 01:34:44 INFO     2000 5959 8.470280 69349.3
2025-07-21 01:36:22 INFO     3000 5959 8.261555 69340.6
2025-07-21 01:38:04 INFO     4000 5959 8.134668 69297.3
2025-07-21 01:39:46 INFO     5000 5959 8.048097 69219.2
2025-07-21 01:41:22 INFO     >>>>> Predictor: Evaluating on valid
2025-07-21 01:41:41 INFO     Data : 2077
2025-07-21 01:41:41 INFO     Hit1 : 0.006740
2025-07-21 01:41:41 INFO     Hit3 : 0.017333
2025-07-21 01:41:41 INFO     Hit10: 0.041406
2025-07-21 01:41:41 INFO     MR   : 1513.288878
2025-07-21 01:41:41 INFO     MRR  : 0.020570
2025-07-21 01:41:41 INFO     >>>>> Predictor: Evaluating on test
2025-07-21 01:42:01 INFO     Data : 2342
2025-07-21 01:42:01 INFO     Hit1 : 0.004270
2025-07-21 01:42:01 INFO     Hit3 : 0.012810
2025-07-21 01:42:01 INFO     Hit10: 0.030316
2025-07-21 01:42:01 INFO     MR   : 1389.672289
2025-07-21 01:42:01 INFO     MRR  : 0.016151
2025-07-21 01:42:01 INFO     >>>>> Predictor: Computing H scores of rules
2025-07-21 01:46:07 INFO     1000 5959
2025-07-21 01:50:14 INFO     2000 5959
2025-07-21 01:54:19 INFO     3000 5959
2025-07-21 01:58:23 INFO     4000 5959
2025-07-21 02:02:29 INFO     5000 5959
2025-07-21 02:06:29 INFO     >>>>> Generator: Training
2025-07-21 02:06:33 INFO     -------------------------
2025-07-21 02:06:33 INFO     | Post-train Generator
2025-07-21 02:06:33 INFO     -------------------------
2025-07-21 02:06:35 INFO     >>>>> Generator: Training
2025-07-21 02:07:26 INFO     [E01000] Total 3.589713 | Main 3.215151 | EntType 3.151969
2025-07-21 02:07:26 INFO     -------------------------
2025-07-21 02:07:26 INFO     | Beam Search Best Rules
2025-07-21 02:07:26 INFO     -------------------------
2025-07-21 02:07:26 INFO     >>>>> Generator: Rule generation with beam search
2025-07-21 02:07:27 INFO     >>>>> Generator: Rule generation with beam search
2025-07-21 02:07:34 INFO     >>>>> Generator: Rule generation with beam search
2025-07-21 02:09:18 INFO     >>>>> Generator: Rule generation with beam search
2025-07-21 02:10:46 INFO     >>>>> Generator: Rule generation with beam search
2025-07-21 02:11:46 INFO     -------------------------
2025-07-21 02:11:46 INFO     | Train Final Predictor+
2025-07-21 02:11:46 INFO     -------------------------
2025-07-21 02:11:46 INFO     Predictor+: read 18420 rules from list.
2025-07-21 02:11:46 INFO     Preprocess training set
2025-07-21 02:11:46 INFO     -------------------------
2025-07-21 02:11:46 INFO     | Iteration: 1/5
2025-07-21 02:11:46 INFO     -------------------------
2025-07-21 02:11:46 INFO     >>>>> Predictor: Training
2025-07-21 02:19:40 INFO     1000 5959 4.896638 69271.3
2025-07-21 02:27:31 INFO     2000 5959 4.726012 69332.0
2025-07-21 02:35:24 INFO     3000 5959 4.706710 69375.3
2025-07-21 02:43:26 INFO     4000 5959 4.709088 69279.9
2025-07-21 02:51:30 INFO     5000 5959 4.680006 69349.3
2025-07-21 02:58:59 INFO     >>>>> Predictor: Evaluating on valid
2025-07-21 03:00:59 INFO     Data : 2077
2025-07-21 03:00:59 INFO     Hit1 : 0.102552
2025-07-21 03:00:59 INFO     Hit3 : 0.188252
2025-07-21 03:00:59 INFO     Hit10: 0.316322
2025-07-21 03:00:59 INFO     MR   : 983.652143
2025-07-21 03:00:59 INFO     MRR  : 0.171472
2025-07-21 03:00:59 INFO     >>>>> Predictor: Evaluating on test
2025-07-21 03:03:14 INFO     Data : 2342
2025-07-21 03:03:14 INFO     Hit1 : 0.131939
2025-07-21 03:03:14 INFO     Hit3 : 0.207088
2025-07-21 03:03:14 INFO     Hit10: 0.316396
2025-07-21 03:03:14 INFO     MR   : 918.284586
2025-07-21 03:03:14 INFO     MRR  : 0.192752
2025-07-21 03:03:14 INFO     Save checkpoint to results/semmeddb/10_times_each/aux2/5_20250720_184126/predictor.pt
2025-07-21 03:03:14 INFO     -------------------------
2025-07-21 03:03:14 INFO     | Iteration: 2/5
2025-07-21 03:03:14 INFO     -------------------------
2025-07-21 03:03:14 INFO     >>>>> Predictor: Training
2025-07-21 03:11:18 INFO     1000 5959 4.603726 69366.7
2025-07-21 03:19:18 INFO     2000 5959 4.652139 69375.3
2025-07-21 03:27:23 INFO     3000 5959 4.639339 69219.2
2025-07-21 03:35:20 INFO     4000 5959 4.651388 69305.9
2025-07-21 03:43:11 INFO     5000 5959 4.618974 69288.6
2025-07-21 03:50:38 INFO     >>>>> Predictor: Evaluating on valid
2025-07-21 03:52:39 INFO     Data : 2077
2025-07-21 03:52:39 INFO     Hit1 : 0.097256
2025-07-21 03:52:39 INFO     Hit3 : 0.188252
2025-07-21 03:52:39 INFO     Hit10: 0.317766
2025-07-21 03:52:39 INFO     MR   : 943.148772
2025-07-21 03:52:39 INFO     MRR  : 0.167702
2025-07-21 03:52:39 INFO     >>>>> Predictor: Evaluating on test
2025-07-21 03:54:56 INFO     Data : 2342
2025-07-21 03:54:56 INFO     Hit1 : 0.126815
2025-07-21 03:54:56 INFO     Hit3 : 0.209223
2025-07-21 03:54:56 INFO     Hit10: 0.320666
2025-07-21 03:54:56 INFO     MR   : 877.312126
2025-07-21 03:54:56 INFO     MRR  : 0.190349
2025-07-21 03:54:56 INFO     -------------------------
2025-07-21 03:54:56 INFO     | Iteration: 3/5
2025-07-21 03:54:56 INFO     -------------------------
2025-07-21 03:54:56 INFO     >>>>> Predictor: Training
2025-07-21 04:02:43 INFO     1000 5959 4.614972 69288.6
2025-07-21 04:10:42 INFO     2000 5959 4.617708 69288.6
2025-07-21 04:18:32 INFO     3000 5959 4.608585 69340.6
2025-07-21 04:26:17 INFO     4000 5959 4.615752 69271.3
2025-07-21 04:33:59 INFO     5000 5959 4.638001 69219.2
2025-07-21 04:41:30 INFO     >>>>> Predictor: Evaluating on valid
2025-07-21 04:43:23 INFO     Data : 2077
2025-07-21 04:43:23 INFO     Hit1 : 0.089071
2025-07-21 04:43:23 INFO     Hit3 : 0.181030
2025-07-21 04:43:23 INFO     Hit10: 0.305248
2025-07-21 04:43:23 INFO     MR   : 932.034425
2025-07-21 04:43:23 INFO     MRR  : 0.160332
2025-07-21 04:43:23 INFO     >>>>> Predictor: Evaluating on test
2025-07-21 04:45:33 INFO     Data : 2342
2025-07-21 04:45:33 INFO     Hit1 : 0.118702
2025-07-21 04:45:33 INFO     Hit3 : 0.199829
2025-07-21 04:45:33 INFO     Hit10: 0.313834
2025-07-21 04:45:33 INFO     MR   : 859.656063
2025-07-21 04:45:33 INFO     MRR  : 0.182813
2025-07-21 04:45:33 INFO     -------------------------
2025-07-21 04:45:33 INFO     | Iteration: 4/5
2025-07-21 04:45:33 INFO     -------------------------
2025-07-21 04:45:33 INFO     >>>>> Predictor: Training
2025-07-21 04:53:24 INFO     1000 5959 4.592311 69340.6
2025-07-21 05:01:50 INFO     2000 5959 4.562562 69184.5
2025-07-21 05:09:53 INFO     3000 5959 4.623121 69253.9
2025-07-21 05:17:42 INFO     4000 5959 4.600927 69340.6
2025-07-21 05:25:44 INFO     5000 5959 4.598167 69384.0
2025-07-21 05:33:14 INFO     >>>>> Predictor: Evaluating on valid
2025-07-21 05:35:09 INFO     Data : 2077
2025-07-21 05:35:09 INFO     Hit1 : 0.100144
2025-07-21 05:35:09 INFO     Hit3 : 0.185364
2025-07-21 05:35:09 INFO     Hit10: 0.312951
2025-07-21 05:35:09 INFO     MR   : 924.333895
2025-07-21 05:35:09 INFO     MRR  : 0.167439
2025-07-21 05:35:09 INFO     >>>>> Predictor: Evaluating on test
2025-07-21 05:37:18 INFO     Data : 2342
2025-07-21 05:37:18 INFO     Hit1 : 0.127669
2025-07-21 05:37:18 INFO     Hit3 : 0.207515
2025-07-21 05:37:18 INFO     Hit10: 0.324082
2025-07-21 05:37:18 INFO     MR   : 856.889624
2025-07-21 05:37:18 INFO     MRR  : 0.191067
2025-07-21 05:37:18 INFO     -------------------------
2025-07-21 05:37:18 INFO     | Iteration: 5/5
2025-07-21 05:37:18 INFO     -------------------------
2025-07-21 05:37:18 INFO     >>>>> Predictor: Training
2025-07-21 05:45:01 INFO     1000 5959 4.603404 69323.3
2025-07-21 05:52:45 INFO     2000 5959 4.584083 69332.0
2025-07-21 06:00:28 INFO     3000 5959 4.614398 69219.2
2025-07-21 06:08:16 INFO     4000 5959 4.608301 69297.3
2025-07-21 06:16:08 INFO     5000 5959 4.573523 69332.0
2025-07-21 06:23:37 INFO     >>>>> Predictor: Evaluating on valid
2025-07-21 06:25:32 INFO     Data : 2077
2025-07-21 06:25:32 INFO     Hit1 : 0.090034
2025-07-21 06:25:32 INFO     Hit3 : 0.177660
2025-07-21 06:25:32 INFO     Hit10: 0.312470
2025-07-21 06:25:32 INFO     MR   : 914.637939
2025-07-21 06:25:32 INFO     MRR  : 0.160704
2025-07-21 06:25:32 INFO     >>>>> Predictor: Evaluating on test
2025-07-21 06:27:50 INFO     Data : 2342
2025-07-21 06:27:50 INFO     Hit1 : 0.127242
2025-07-21 06:27:50 INFO     Hit3 : 0.203672
2025-07-21 06:27:50 INFO     Hit10: 0.318104
2025-07-21 06:27:50 INFO     MR   : 848.352690
2025-07-21 06:27:50 INFO     MRR  : 0.190076
2025-07-21 06:27:50 INFO     -------------------------
2025-07-21 06:27:50 INFO     | Final Test MRR: 0.192752
2025-07-21 06:27:50 INFO     -------------------------
