2025-07-21 22:08:28 INFO     is_soft_label: False
2025-07-21 22:08:28 INFO     is_scheduled_sampling: False
2025-07-21 22:08:28 INFO     is_test_mode: False
2025-07-21 22:08:28 INFO     Data loading | DONE!
2025-07-21 22:08:28 INFO     Using full datasets for training, validation, and testing.
2025-07-21 22:08:29 INFO     -------------------------
2025-07-21 22:08:29 INFO     | EM Iteration: 1/5
2025-07-21 22:08:29 INFO     -------------------------
2025-07-21 22:08:29 INFO     >>>>> Using miner's rule
2025-07-21 22:08:29 INFO     Predictor: read 13661 rules from list.
2025-07-21 22:08:30 INFO     Preprocess training set
2025-07-21 22:08:30 INFO     >>>>> Predictor: Evaluating on valid
2025-07-21 22:10:51 INFO     Data : 2077
2025-07-21 22:10:51 INFO     Hit1 : 0.065479
2025-07-21 22:10:51 INFO     Hit3 : 0.127106
2025-07-21 22:10:51 INFO     Hit10: 0.199326
2025-07-21 22:10:51 INFO     MR   : 1120.902022
2025-07-21 22:10:51 INFO     MRR  : 0.114382
2025-07-21 22:10:51 INFO     >>>>> Predictor: Evaluating on test
2025-07-21 22:13:30 INFO     Data : 2342
2025-07-21 22:13:30 INFO     Hit1 : 0.078992
2025-07-21 22:13:30 INFO     Hit3 : 0.124253
2025-07-21 22:13:30 INFO     Hit10: 0.208796
2025-07-21 22:13:30 INFO     MR   : 1044.269001
2025-07-21 22:13:30 INFO     MRR  : 0.122250
2025-07-21 22:13:30 INFO     >>>>> Predictor: Computing H scores of rules
2025-07-21 22:50:51 INFO     1000 5959
2025-07-21 23:28:36 INFO     2000 5959
2025-07-22 00:05:51 INFO     3000 5959
2025-07-22 00:43:18 INFO     4000 5959
2025-07-22 01:20:50 INFO     5000 5959
2025-07-22 01:58:18 INFO     >>>>> Generator: Training
2025-07-22 01:58:28 INFO     -------------------------
2025-07-22 01:58:28 INFO     | EM Iteration: 2/5
2025-07-22 01:58:28 INFO     -------------------------
2025-07-22 01:58:28 INFO     >>>>> Using Generator's sample rule
2025-07-22 01:58:28 INFO     >>>>> Generator: Rule generation with sampling
2025-07-22 01:58:28 INFO     Predictor: read 1904 rules from list.
2025-07-22 01:58:28 INFO     Preprocess training set
2025-07-22 01:58:28 INFO     >>>>> Predictor: Training
2025-07-22 01:59:50 INFO     1000 5959 8.782312 69314.6
2025-07-22 02:01:03 INFO     2000 5959 8.410004 69271.3
2025-07-22 02:02:15 INFO     3000 5959 8.219053 69245.2
2025-07-22 02:03:30 INFO     4000 5959 8.065449 69340.6
2025-07-22 02:04:42 INFO     5000 5959 7.940880 69340.6
2025-07-22 02:05:52 INFO     >>>>> Predictor: Evaluating on valid
2025-07-22 02:06:09 INFO     Data : 2077
2025-07-22 02:06:09 INFO     Hit1 : 0.025036
2025-07-22 02:06:09 INFO     Hit3 : 0.040924
2025-07-22 02:06:09 INFO     Hit10: 0.064035
2025-07-22 02:06:09 INFO     MR   : 1407.828117
2025-07-22 02:06:09 INFO     MRR  : 0.041154
2025-07-22 02:06:09 INFO     >>>>> Predictor: Evaluating on test
2025-07-22 02:06:30 INFO     Data : 2342
2025-07-22 02:06:30 INFO     Hit1 : 0.019641
2025-07-22 02:06:30 INFO     Hit3 : 0.030743
2025-07-22 02:06:30 INFO     Hit10: 0.056362
2025-07-22 02:06:30 INFO     MR   : 1317.205807
2025-07-22 02:06:30 INFO     MRR  : 0.034766
2025-07-22 02:06:30 INFO     >>>>> Predictor: Computing H scores of rules
2025-07-22 02:09:52 INFO     1000 5959
2025-07-22 02:13:12 INFO     2000 5959
2025-07-22 02:16:36 INFO     3000 5959
2025-07-22 02:19:57 INFO     4000 5959
2025-07-22 02:23:30 INFO     5000 5959
2025-07-22 02:26:45 INFO     >>>>> Generator: Training
2025-07-22 02:26:57 INFO     -------------------------
2025-07-22 02:26:57 INFO     | EM Iteration: 3/5
2025-07-22 02:26:57 INFO     -------------------------
2025-07-22 02:26:57 INFO     >>>>> Using Generator's sample rule
2025-07-22 02:26:57 INFO     >>>>> Generator: Rule generation with sampling
2025-07-22 02:26:57 INFO     Predictor: read 1877 rules from list.
2025-07-22 02:26:57 INFO     Preprocess training set
2025-07-22 02:26:57 INFO     >>>>> Predictor: Training
2025-07-22 02:28:11 INFO     1000 5959 8.809976 69332.0
2025-07-22 02:29:35 INFO     2000 5959 8.469537 69349.3
2025-07-22 02:31:00 INFO     3000 5959 8.254404 69184.5
2025-07-22 02:32:13 INFO     4000 5959 8.080450 69253.9
2025-07-22 02:33:24 INFO     5000 5959 7.983767 69332.0
2025-07-22 02:34:32 INFO     >>>>> Predictor: Evaluating on valid
2025-07-22 02:34:49 INFO     Data : 2077
2025-07-22 02:34:49 INFO     Hit1 : 0.010592
2025-07-22 02:34:49 INFO     Hit3 : 0.025999
2025-07-22 02:34:49 INFO     Hit10: 0.051035
2025-07-22 02:34:49 INFO     MR   : 1450.381801
2025-07-22 02:34:49 INFO     MRR  : 0.026797
2025-07-22 02:34:49 INFO     >>>>> Predictor: Evaluating on test
2025-07-22 02:35:10 INFO     Data : 2342
2025-07-22 02:35:10 INFO     Hit1 : 0.014091
2025-07-22 02:35:10 INFO     Hit3 : 0.024765
2025-07-22 02:35:10 INFO     Hit10: 0.047395
2025-07-22 02:35:10 INFO     MR   : 1340.377455
2025-07-22 02:35:10 INFO     MRR  : 0.028016
2025-07-22 02:35:10 INFO     >>>>> Predictor: Computing H scores of rules
2025-07-22 02:38:42 INFO     1000 5959
2025-07-22 02:42:14 INFO     2000 5959
2025-07-22 02:45:34 INFO     3000 5959
2025-07-22 02:49:06 INFO     4000 5959
2025-07-22 02:52:38 INFO     5000 5959
2025-07-22 02:55:53 INFO     >>>>> Generator: Training
2025-07-22 02:56:03 INFO     -------------------------
2025-07-22 02:56:03 INFO     | EM Iteration: 4/5
2025-07-22 02:56:03 INFO     -------------------------
2025-07-22 02:56:03 INFO     >>>>> Using Generator's sample rule
2025-07-22 02:56:03 INFO     >>>>> Generator: Rule generation with sampling
2025-07-22 02:56:03 INFO     Predictor: read 1847 rules from list.
2025-07-22 02:56:03 INFO     Preprocess training set
2025-07-22 02:56:03 INFO     >>>>> Predictor: Training
2025-07-22 02:57:15 INFO     1000 5959 8.791110 69271.3
2025-07-22 02:58:27 INFO     2000 5959 8.404539 69340.6
2025-07-22 02:59:42 INFO     3000 5959 8.137731 69384.0
2025-07-22 03:00:53 INFO     4000 5959 7.963986 69262.6
2025-07-22 03:02:09 INFO     5000 5959 7.819836 69332.0
2025-07-22 03:03:19 INFO     >>>>> Predictor: Evaluating on valid
2025-07-22 03:03:37 INFO     Data : 2077
2025-07-22 03:03:37 INFO     Hit1 : 0.006259
2025-07-22 03:03:37 INFO     Hit3 : 0.018296
2025-07-22 03:03:37 INFO     Hit10: 0.036110
2025-07-22 03:03:37 INFO     MR   : 1486.285749
2025-07-22 03:03:37 INFO     MRR  : 0.019680
2025-07-22 03:03:37 INFO     >>>>> Predictor: Evaluating on test
2025-07-22 03:03:57 INFO     Data : 2342
2025-07-22 03:03:57 INFO     Hit1 : 0.008540
2025-07-22 03:03:57 INFO     Hit3 : 0.018787
2025-07-22 03:03:57 INFO     Hit10: 0.035440
2025-07-22 03:03:57 INFO     MR   : 1371.789710
2025-07-22 03:03:57 INFO     MRR  : 0.020680
2025-07-22 03:03:57 INFO     >>>>> Predictor: Computing H scores of rules
2025-07-22 03:07:18 INFO     1000 5959
2025-07-22 03:10:43 INFO     2000 5959
2025-07-22 03:14:04 INFO     3000 5959
2025-07-22 03:17:43 INFO     4000 5959
2025-07-22 03:21:09 INFO     5000 5959
2025-07-22 03:24:25 INFO     >>>>> Generator: Training
2025-07-22 03:24:35 INFO     -------------------------
2025-07-22 03:24:35 INFO     | EM Iteration: 5/5
2025-07-22 03:24:35 INFO     -------------------------
2025-07-22 03:24:35 INFO     >>>>> Using Generator's sample rule
2025-07-22 03:24:35 INFO     >>>>> Generator: Rule generation with sampling
2025-07-22 03:24:35 INFO     Predictor: read 1676 rules from list.
2025-07-22 03:24:35 INFO     Preprocess training set
2025-07-22 03:24:35 INFO     >>>>> Predictor: Training
2025-07-22 03:25:56 INFO     1000 5959 8.805924 69332.0
2025-07-22 03:27:05 INFO     2000 5959 8.434382 69349.3
2025-07-22 03:28:14 INFO     3000 5959 8.182272 69340.6
2025-07-22 03:29:22 INFO     4000 5959 8.012417 69297.3
2025-07-22 03:30:39 INFO     5000 5959 7.830053 69219.2
2025-07-22 03:31:45 INFO     >>>>> Predictor: Evaluating on valid
2025-07-22 03:32:03 INFO     Data : 2077
2025-07-22 03:32:03 INFO     Hit1 : 0.029851
2025-07-22 03:32:03 INFO     Hit3 : 0.053924
2025-07-22 03:32:03 INFO     Hit10: 0.076071
2025-07-22 03:32:03 INFO     MR   : 1451.129995
2025-07-22 03:32:03 INFO     MRR  : 0.049605
2025-07-22 03:32:03 INFO     >>>>> Predictor: Evaluating on test
2025-07-22 03:32:23 INFO     Data : 2342
2025-07-22 03:32:23 INFO     Hit1 : 0.028608
2025-07-22 03:32:23 INFO     Hit3 : 0.046541
2025-07-22 03:32:23 INFO     Hit10: 0.084116
2025-07-22 03:32:23 INFO     MR   : 1334.989112
2025-07-22 03:32:23 INFO     MRR  : 0.048452
2025-07-22 03:32:23 INFO     >>>>> Predictor: Computing H scores of rules
2025-07-22 03:35:51 INFO     1000 5959
2025-07-22 03:39:12 INFO     2000 5959
2025-07-22 03:42:31 INFO     3000 5959
2025-07-22 03:45:48 INFO     4000 5959
2025-07-22 03:49:07 INFO     5000 5959
2025-07-22 03:52:33 INFO     >>>>> Generator: Training
2025-07-22 03:52:43 INFO     -------------------------
2025-07-22 03:52:43 INFO     | Post-train Generator
2025-07-22 03:52:43 INFO     -------------------------
2025-07-22 03:52:44 INFO     >>>>> Generator: Training
2025-07-22 03:54:25 INFO     [E01000] Total 2.432650 | Main 2.559255 | RelClus 1.497829 | EntType 2.354638
2025-07-22 03:54:25 INFO     -------------------------
2025-07-22 03:54:25 INFO     | Beam Search Best Rules
2025-07-22 03:54:25 INFO     -------------------------
2025-07-22 03:54:25 INFO     >>>>> Generator: Rule generation with beam search
2025-07-22 03:54:26 INFO     >>>>> Generator: Rule generation with beam search
2025-07-22 03:54:32 INFO     >>>>> Generator: Rule generation with beam search
2025-07-22 03:55:48 INFO     >>>>> Generator: Rule generation with beam search
2025-07-22 03:56:50 INFO     >>>>> Generator: Rule generation with beam search
2025-07-22 03:57:32 INFO     -------------------------
2025-07-22 03:57:32 INFO     | Train Final Predictor+
2025-07-22 03:57:32 INFO     -------------------------
2025-07-22 03:57:32 INFO     Predictor+: read 18420 rules from list.
2025-07-22 03:57:32 INFO     Preprocess training set
2025-07-22 03:57:32 INFO     -------------------------
2025-07-22 03:57:32 INFO     | Iteration: 1/5
2025-07-22 03:57:32 INFO     -------------------------
2025-07-22 03:57:32 INFO     >>>>> Predictor: Training
2025-07-22 04:02:53 INFO     1000 5959 4.989166 69271.3
2025-07-22 04:08:14 INFO     2000 5959 4.754969 69332.0
2025-07-22 04:13:39 INFO     3000 5959 4.740538 69375.3
2025-07-22 04:19:07 INFO     4000 5959 4.737912 69279.9
2025-07-22 04:24:25 INFO     5000 5959 4.707739 69349.3
2025-07-22 04:29:38 INFO     >>>>> Predictor: Evaluating on valid
2025-07-22 04:30:58 INFO     Data : 2077
2025-07-22 04:30:58 INFO     Hit1 : 0.102552
2025-07-22 04:30:58 INFO     Hit3 : 0.181512
2025-07-22 04:30:58 INFO     Hit10: 0.311988
2025-07-22 04:30:58 INFO     MR   : 986.837265
2025-07-22 04:30:58 INFO     MRR  : 0.169289
2025-07-22 04:30:58 INFO     >>>>> Predictor: Evaluating on test
2025-07-22 04:32:25 INFO     Data : 2342
2025-07-22 04:32:25 INFO     Hit1 : 0.119129
2025-07-22 04:32:25 INFO     Hit3 : 0.209650
2025-07-22 04:32:25 INFO     Hit10: 0.318531
2025-07-22 04:32:25 INFO     MR   : 922.054227
2025-07-22 04:32:25 INFO     MRR  : 0.186110
2025-07-22 04:32:25 INFO     Save checkpoint to results/semmeddb/10_times_each/fixed/333/8_20250721_220826/predictor.pt
2025-07-22 04:32:25 INFO     -------------------------
2025-07-22 04:32:25 INFO     | Iteration: 2/5
2025-07-22 04:32:25 INFO     -------------------------
2025-07-22 04:32:25 INFO     >>>>> Predictor: Training
2025-07-22 04:37:52 INFO     1000 5959 4.636279 69366.7
2025-07-22 04:43:09 INFO     2000 5959 4.677385 69375.3
2025-07-22 04:48:39 INFO     3000 5959 4.664776 69219.2
2025-07-22 04:53:56 INFO     4000 5959 4.671680 69305.9
2025-07-22 04:59:24 INFO     5000 5959 4.660515 69288.6
2025-07-22 05:04:27 INFO     >>>>> Predictor: Evaluating on valid
2025-07-22 05:05:43 INFO     Data : 2077
2025-07-22 05:05:43 INFO     Hit1 : 0.093885
2025-07-22 05:05:43 INFO     Hit3 : 0.191141
2025-07-22 05:05:43 INFO     Hit10: 0.317285
2025-07-22 05:05:43 INFO     MR   : 953.408763
2025-07-22 05:05:43 INFO     MRR  : 0.166424
2025-07-22 05:05:43 INFO     >>>>> Predictor: Evaluating on test
2025-07-22 05:07:17 INFO     Data : 2342
2025-07-22 05:07:17 INFO     Hit1 : 0.127669
2025-07-22 05:07:17 INFO     Hit3 : 0.211785
2025-07-22 05:07:17 INFO     Hit10: 0.319385
2025-07-22 05:07:17 INFO     MR   : 888.509821
2025-07-22 05:07:17 INFO     MRR  : 0.191831
2025-07-22 05:07:17 INFO     -------------------------
2025-07-22 05:07:17 INFO     | Iteration: 3/5
2025-07-22 05:07:17 INFO     -------------------------
2025-07-22 05:07:17 INFO     >>>>> Predictor: Training
2025-07-22 05:12:36 INFO     1000 5959 4.642778 69288.6
2025-07-22 05:18:03 INFO     2000 5959 4.647110 69288.6
2025-07-22 05:23:20 INFO     3000 5959 4.641013 69340.6
2025-07-22 05:28:38 INFO     4000 5959 4.636462 69271.3
2025-07-22 05:34:09 INFO     5000 5959 4.670642 69219.2
2025-07-22 05:39:15 INFO     >>>>> Predictor: Evaluating on valid
2025-07-22 05:40:31 INFO     Data : 2077
2025-07-22 05:40:31 INFO     Hit1 : 0.089552
2025-07-22 05:40:31 INFO     Hit3 : 0.173808
2025-07-22 05:40:31 INFO     Hit10: 0.302359
2025-07-22 05:40:31 INFO     MR   : 942.661772
2025-07-22 05:40:31 INFO     MRR  : 0.159499
2025-07-22 05:40:31 INFO     >>>>> Predictor: Evaluating on test
2025-07-22 05:41:57 INFO     Data : 2342
2025-07-22 05:41:57 INFO     Hit1 : 0.112297
2025-07-22 05:41:57 INFO     Hit3 : 0.196413
2025-07-22 05:41:57 INFO     Hit10: 0.314261
2025-07-22 05:41:57 INFO     MR   : 873.119769
2025-07-22 05:41:57 INFO     MRR  : 0.178267
2025-07-22 05:41:57 INFO     -------------------------
2025-07-22 05:41:57 INFO     | Iteration: 4/5
2025-07-22 05:41:57 INFO     -------------------------
2025-07-22 05:41:57 INFO     >>>>> Predictor: Training
2025-07-22 05:47:27 INFO     1000 5959 4.613376 69340.6
2025-07-22 05:52:44 INFO     2000 5959 4.591399 69184.5
2025-07-22 05:58:02 INFO     3000 5959 4.660795 69253.9
2025-07-22 06:03:29 INFO     4000 5959 4.627159 69340.6
2025-07-22 06:08:59 INFO     5000 5959 4.627491 69384.0
2025-07-22 06:14:33 INFO     >>>>> Predictor: Evaluating on valid
2025-07-22 06:15:53 INFO     Data : 2077
2025-07-22 06:15:53 INFO     Hit1 : 0.087145
2025-07-22 06:15:53 INFO     Hit3 : 0.183438
2025-07-22 06:15:53 INFO     Hit10: 0.312470
2025-07-22 06:15:53 INFO     MR   : 937.061868
2025-07-22 06:15:53 INFO     MRR  : 0.160505
2025-07-22 06:15:53 INFO     >>>>> Predictor: Evaluating on test
2025-07-22 06:17:21 INFO     Data : 2342
2025-07-22 06:17:21 INFO     Hit1 : 0.120410
2025-07-22 06:17:21 INFO     Hit3 : 0.207088
2025-07-22 06:17:21 INFO     Hit10: 0.316823
2025-07-22 06:17:21 INFO     MR   : 870.048890
2025-07-22 06:17:21 INFO     MRR  : 0.185825
2025-07-22 06:17:21 INFO     -------------------------
2025-07-22 06:17:21 INFO     | Iteration: 5/5
2025-07-22 06:17:21 INFO     -------------------------
2025-07-22 06:17:21 INFO     >>>>> Predictor: Training
2025-07-22 06:23:16 INFO     1000 5959 4.620682 69323.3
2025-07-22 06:28:42 INFO     2000 5959 4.607051 69332.0
2025-07-22 06:34:26 INFO     3000 5959 4.647891 69219.2
2025-07-22 06:39:51 INFO     4000 5959 4.636124 69297.3
2025-07-22 06:45:43 INFO     5000 5959 4.607806 69332.0
2025-07-22 06:50:56 INFO     >>>>> Predictor: Evaluating on valid
2025-07-22 06:52:24 INFO     Data : 2077
2025-07-22 06:52:24 INFO     Hit1 : 0.092441
2025-07-22 06:52:24 INFO     Hit3 : 0.180549
2025-07-22 06:52:24 INFO     Hit10: 0.313914
2025-07-22 06:52:24 INFO     MR   : 929.631440
2025-07-22 06:52:24 INFO     MRR  : 0.162773
2025-07-22 06:52:24 INFO     >>>>> Predictor: Evaluating on test
2025-07-22 06:53:53 INFO     Data : 2342
2025-07-22 06:53:53 INFO     Hit1 : 0.120837
2025-07-22 06:53:53 INFO     Hit3 : 0.206234
2025-07-22 06:53:53 INFO     Hit10: 0.320666
2025-07-22 06:53:53 INFO     MR   : 865.003416
2025-07-22 06:53:53 INFO     MRR  : 0.186378
2025-07-22 06:53:53 INFO     -------------------------
2025-07-22 06:53:53 INFO     | Final Test MRR: 0.186110
2025-07-22 06:53:53 INFO     -------------------------
