2025-07-21 18:39:18 INFO     is_soft_label: False
2025-07-21 18:39:18 INFO     is_scheduled_sampling: True
2025-07-21 18:39:18 INFO     is_test_mode: False
2025-07-21 18:39:18 INFO     Data loading | DONE!
2025-07-21 18:39:19 INFO     Using full datasets for training, validation, and testing.
2025-07-21 18:39:19 INFO     -------------------------
2025-07-21 18:39:19 INFO     | EM Iteration: 1/5
2025-07-21 18:39:19 INFO     -------------------------
2025-07-21 18:39:19 INFO     >>>>> Using miner's rule
2025-07-21 18:39:19 INFO     Predictor: read 13661 rules from list.
2025-07-21 18:39:20 INFO     Preprocess training set
2025-07-21 18:39:20 INFO     >>>>> Predictor: Evaluating on valid
2025-07-21 18:41:45 INFO     Data : 2077
2025-07-21 18:41:45 INFO     Hit1 : 0.065479
2025-07-21 18:41:45 INFO     Hit3 : 0.127106
2025-07-21 18:41:45 INFO     Hit10: 0.199326
2025-07-21 18:41:45 INFO     MR   : 1120.902022
2025-07-21 18:41:45 INFO     MRR  : 0.114382
2025-07-21 18:41:45 INFO     >>>>> Predictor: Evaluating on test
2025-07-21 18:44:37 INFO     Data : 2342
2025-07-21 18:44:37 INFO     Hit1 : 0.078992
2025-07-21 18:44:37 INFO     Hit3 : 0.124253
2025-07-21 18:44:37 INFO     Hit10: 0.208796
2025-07-21 18:44:37 INFO     MR   : 1044.269001
2025-07-21 18:44:37 INFO     MRR  : 0.122250
2025-07-21 18:44:37 INFO     >>>>> Predictor: Computing H scores of rules
2025-07-21 19:21:58 INFO     1000 5959
2025-07-21 20:00:08 INFO     2000 5959
2025-07-21 20:37:31 INFO     3000 5959
2025-07-21 21:15:04 INFO     4000 5959
2025-07-21 21:53:02 INFO     5000 5959
2025-07-21 22:31:58 INFO     >>>>> Generator: Training
2025-07-21 22:32:09 INFO     -------------------------
2025-07-21 22:32:09 INFO     | EM Iteration: 2/5
2025-07-21 22:32:09 INFO     -------------------------
2025-07-21 22:32:09 INFO     >>>>> Using Generator's sample rule
2025-07-21 22:32:09 INFO     >>>>> Generator: Rule generation with sampling
2025-07-21 22:32:09 INFO     Predictor: read 1910 rules from list.
2025-07-21 22:32:09 INFO     Preprocess training set
2025-07-21 22:32:09 INFO     >>>>> Predictor: Training
2025-07-21 22:33:25 INFO     1000 5959 8.782457 69314.6
2025-07-21 22:34:40 INFO     2000 5959 8.410559 69271.3
2025-07-21 22:36:07 INFO     3000 5959 8.220157 69245.2
2025-07-21 22:37:23 INFO     4000 5959 8.066903 69340.6
2025-07-21 22:38:45 INFO     5000 5959 7.944350 69340.6
2025-07-21 22:39:59 INFO     >>>>> Predictor: Evaluating on valid
2025-07-21 22:40:19 INFO     Data : 2077
2025-07-21 22:40:19 INFO     Hit1 : 0.025036
2025-07-21 22:40:19 INFO     Hit3 : 0.040924
2025-07-21 22:40:19 INFO     Hit10: 0.064516
2025-07-21 22:40:19 INFO     MR   : 1408.601348
2025-07-21 22:40:19 INFO     MRR  : 0.041208
2025-07-21 22:40:19 INFO     >>>>> Predictor: Evaluating on test
2025-07-21 22:40:40 INFO     Data : 2342
2025-07-21 22:40:40 INFO     Hit1 : 0.019641
2025-07-21 22:40:40 INFO     Hit3 : 0.031170
2025-07-21 22:40:40 INFO     Hit10: 0.058497
2025-07-21 22:40:40 INFO     MR   : 1315.137062
2025-07-21 22:40:40 INFO     MRR  : 0.035162
2025-07-21 22:40:40 INFO     >>>>> Predictor: Computing H scores of rules
2025-07-21 22:44:13 INFO     1000 5959
2025-07-21 22:47:37 INFO     2000 5959
2025-07-21 22:51:00 INFO     3000 5959
2025-07-21 22:54:23 INFO     4000 5959
2025-07-21 22:57:43 INFO     5000 5959
2025-07-21 23:01:12 INFO     >>>>> Generator: Training
2025-07-21 23:01:22 INFO     -------------------------
2025-07-21 23:01:22 INFO     | EM Iteration: 3/5
2025-07-21 23:01:22 INFO     -------------------------
2025-07-21 23:01:22 INFO     >>>>> Using Generator's sample rule
2025-07-21 23:01:22 INFO     >>>>> Generator: Rule generation with sampling
2025-07-21 23:01:22 INFO     Predictor: read 1894 rules from list.
2025-07-21 23:01:22 INFO     Preprocess training set
2025-07-21 23:01:22 INFO     >>>>> Predictor: Training
2025-07-21 23:02:50 INFO     1000 5959 8.811361 69332.0
2025-07-21 23:04:05 INFO     2000 5959 8.473597 69349.3
2025-07-21 23:05:30 INFO     3000 5959 8.262540 69184.5
2025-07-21 23:06:46 INFO     4000 5959 8.094346 69253.9
2025-07-21 23:08:05 INFO     5000 5959 8.001096 69332.0
2025-07-21 23:09:16 INFO     >>>>> Predictor: Evaluating on valid
2025-07-21 23:09:34 INFO     Data : 2077
2025-07-21 23:09:34 INFO     Hit1 : 0.010592
2025-07-21 23:09:34 INFO     Hit3 : 0.025518
2025-07-21 23:09:34 INFO     Hit10: 0.051517
2025-07-21 23:09:34 INFO     MR   : 1450.406837
2025-07-21 23:09:34 INFO     MRR  : 0.026721
2025-07-21 23:09:34 INFO     >>>>> Predictor: Evaluating on test
2025-07-21 23:10:07 INFO     Data : 2342
2025-07-21 23:10:07 INFO     Hit1 : 0.014091
2025-07-21 23:10:07 INFO     Hit3 : 0.024765
2025-07-21 23:10:07 INFO     Hit10: 0.047395
2025-07-21 23:10:07 INFO     MR   : 1339.567891
2025-07-21 23:10:07 INFO     MRR  : 0.027995
2025-07-21 23:10:07 INFO     >>>>> Predictor: Computing H scores of rules
2025-07-21 23:13:41 INFO     1000 5959
2025-07-21 23:17:03 INFO     2000 5959
2025-07-21 23:20:23 INFO     3000 5959
2025-07-21 23:23:43 INFO     4000 5959
2025-07-21 23:27:03 INFO     5000 5959
2025-07-21 23:30:25 INFO     >>>>> Generator: Training
2025-07-21 23:30:35 INFO     -------------------------
2025-07-21 23:30:35 INFO     | EM Iteration: 4/5
2025-07-21 23:30:35 INFO     -------------------------
2025-07-21 23:30:35 INFO     >>>>> Using Generator's sample rule
2025-07-21 23:30:35 INFO     >>>>> Generator: Rule generation with sampling
2025-07-21 23:30:35 INFO     Predictor: read 1923 rules from list.
2025-07-21 23:30:35 INFO     Preprocess training set
2025-07-21 23:30:35 INFO     >>>>> Predictor: Training
2025-07-21 23:31:54 INFO     1000 5959 8.795448 69271.3
2025-07-21 23:33:11 INFO     2000 5959 8.415264 69340.6
2025-07-21 23:34:36 INFO     3000 5959 8.157345 69384.0
2025-07-21 23:35:49 INFO     4000 5959 7.988755 69262.6
2025-07-21 23:37:06 INFO     5000 5959 7.849661 69332.0
2025-07-21 23:38:16 INFO     >>>>> Predictor: Evaluating on valid
2025-07-21 23:38:36 INFO     Data : 2077
2025-07-21 23:38:36 INFO     Hit1 : 0.001444
2025-07-21 23:38:36 INFO     Hit3 : 0.004333
2025-07-21 23:38:36 INFO     Hit10: 0.014444
2025-07-21 23:38:36 INFO     MR   : 1509.454502
2025-07-21 23:38:36 INFO     MRR  : 0.009340
2025-07-21 23:38:36 INFO     >>>>> Predictor: Evaluating on test
2025-07-21 23:39:03 INFO     Data : 2342
2025-07-21 23:39:03 INFO     Hit1 : 0.001281
2025-07-21 23:39:03 INFO     Hit3 : 0.008540
2025-07-21 23:39:03 INFO     Hit10: 0.017933
2025-07-21 23:39:03 INFO     MR   : 1398.881085
2025-07-21 23:39:03 INFO     MRR  : 0.010718
2025-07-21 23:39:03 INFO     >>>>> Predictor: Computing H scores of rules
2025-07-21 23:42:36 INFO     1000 5959
2025-07-21 23:46:00 INFO     2000 5959
2025-07-21 23:49:33 INFO     3000 5959
2025-07-21 23:52:53 INFO     4000 5959
2025-07-21 23:56:27 INFO     5000 5959
2025-07-21 23:59:42 INFO     >>>>> Generator: Training
2025-07-21 23:59:51 INFO     -------------------------
2025-07-21 23:59:51 INFO     | EM Iteration: 5/5
2025-07-21 23:59:51 INFO     -------------------------
2025-07-21 23:59:51 INFO     >>>>> Using Generator's sample rule
2025-07-21 23:59:51 INFO     >>>>> Generator: Rule generation with sampling
2025-07-21 23:59:52 INFO     Predictor: read 1940 rules from list.
2025-07-21 23:59:52 INFO     Preprocess training set
2025-07-21 23:59:52 INFO     >>>>> Predictor: Training
2025-07-22 00:01:06 INFO     1000 5959 8.820225 69332.0
2025-07-22 00:02:20 INFO     2000 5959 8.474214 69349.3
2025-07-22 00:03:32 INFO     3000 5959 8.251743 69340.6
2025-07-22 00:04:45 INFO     4000 5959 8.111076 69297.3
2025-07-22 00:05:57 INFO     5000 5959 7.963352 69219.2
2025-07-22 00:07:08 INFO     >>>>> Predictor: Evaluating on valid
2025-07-22 00:07:37 INFO     Data : 2077
2025-07-22 00:07:37 INFO     Hit1 : 0.013000
2025-07-22 00:07:37 INFO     Hit3 : 0.022147
2025-07-22 00:07:37 INFO     Hit10: 0.033702
2025-07-22 00:07:37 INFO     MR   : 1536.172364
2025-07-22 00:07:37 INFO     MRR  : 0.023873
2025-07-22 00:07:37 INFO     >>>>> Predictor: Evaluating on test
2025-07-22 00:08:01 INFO     Data : 2342
2025-07-22 00:08:01 INFO     Hit1 : 0.009821
2025-07-22 00:08:01 INFO     Hit3 : 0.017506
2025-07-22 00:08:01 INFO     Hit10: 0.032024
2025-07-22 00:08:01 INFO     MR   : 1412.519214
2025-07-22 00:08:01 INFO     MRR  : 0.020036
2025-07-22 00:08:01 INFO     >>>>> Predictor: Computing H scores of rules
2025-07-22 00:11:21 INFO     1000 5959
2025-07-22 00:14:43 INFO     2000 5959
2025-07-22 00:18:05 INFO     3000 5959
2025-07-22 00:21:26 INFO     4000 5959
2025-07-22 00:24:55 INFO     5000 5959
2025-07-22 00:28:22 INFO     >>>>> Generator: Training
2025-07-22 00:28:32 INFO     -------------------------
2025-07-22 00:28:32 INFO     | Post-train Generator
2025-07-22 00:28:32 INFO     -------------------------
2025-07-22 00:28:34 INFO     >>>>> Generator: Training
2025-07-22 00:30:15 INFO     [E01000] Total 28.581177 | Main 5.661041 | RelClus 6.196578 | EntType 33.162837
2025-07-22 00:30:15 INFO     -------------------------
2025-07-22 00:30:15 INFO     | Beam Search Best Rules
2025-07-22 00:30:15 INFO     -------------------------
2025-07-22 00:30:15 INFO     >>>>> Generator: Rule generation with beam search
2025-07-22 00:30:16 INFO     >>>>> Generator: Rule generation with beam search
2025-07-22 00:30:22 INFO     >>>>> Generator: Rule generation with beam search
2025-07-22 00:31:42 INFO     >>>>> Generator: Rule generation with beam search
2025-07-22 00:32:49 INFO     >>>>> Generator: Rule generation with beam search
2025-07-22 00:33:33 INFO     -------------------------
2025-07-22 00:33:33 INFO     | Train Final Predictor+
2025-07-22 00:33:33 INFO     -------------------------
2025-07-22 00:33:33 INFO     Predictor+: read 18420 rules from list.
2025-07-22 00:33:33 INFO     Preprocess training set
2025-07-22 00:33:33 INFO     -------------------------
2025-07-22 00:33:33 INFO     | Iteration: 1/5
2025-07-22 00:33:33 INFO     -------------------------
2025-07-22 00:33:33 INFO     >>>>> Predictor: Training
2025-07-22 00:39:47 INFO     1000 5959 5.258826 69271.3
2025-07-22 00:46:08 INFO     2000 5959 5.141845 69332.0
2025-07-22 00:52:38 INFO     3000 5959 5.107983 69375.3
2025-07-22 00:58:53 INFO     4000 5959 5.091824 69279.9
2025-07-22 01:05:05 INFO     5000 5959 5.063426 69349.3
2025-07-22 01:11:20 INFO     >>>>> Predictor: Evaluating on valid
2025-07-22 01:12:51 INFO     Data : 2077
2025-07-22 01:12:51 INFO     Hit1 : 0.065479
2025-07-22 01:12:51 INFO     Hit3 : 0.131440
2025-07-22 01:12:51 INFO     Hit10: 0.203659
2025-07-22 01:12:51 INFO     MR   : 1231.576793
2025-07-22 01:12:51 INFO     MRR  : 0.111554
2025-07-22 01:12:51 INFO     >>>>> Predictor: Evaluating on test
2025-07-22 01:14:33 INFO     Data : 2342
2025-07-22 01:14:33 INFO     Hit1 : 0.095645
2025-07-22 01:14:33 INFO     Hit3 : 0.147310
2025-07-22 01:14:33 INFO     Hit10: 0.206661
2025-07-22 01:14:33 INFO     MR   : 1138.529889
2025-07-22 01:14:33 INFO     MRR  : 0.133708
2025-07-22 01:14:33 INFO     Save checkpoint to results/semmeddb/10_times_each/scheduled_sampling/4_20250721_183916/predictor.pt
2025-07-22 01:14:33 INFO     -------------------------
2025-07-22 01:14:33 INFO     | Iteration: 2/5
2025-07-22 01:14:33 INFO     -------------------------
2025-07-22 01:14:33 INFO     >>>>> Predictor: Training
2025-07-22 01:21:04 INFO     1000 5959 5.028281 69366.7
2025-07-22 01:27:27 INFO     2000 5959 5.051095 69375.3
2025-07-22 01:33:31 INFO     3000 5959 5.045356 69219.2
2025-07-22 01:39:36 INFO     4000 5959 5.044252 69305.9
2025-07-22 01:45:56 INFO     5000 5959 5.024121 69288.6
2025-07-22 01:51:48 INFO     >>>>> Predictor: Evaluating on valid
2025-07-22 01:53:20 INFO     Data : 2077
2025-07-22 01:53:20 INFO     Hit1 : 0.065961
2025-07-22 01:53:20 INFO     Hit3 : 0.126625
2025-07-22 01:53:20 INFO     Hit10: 0.202215
2025-07-22 01:53:20 INFO     MR   : 1199.055128
2025-07-22 01:53:20 INFO     MRR  : 0.110940
2025-07-22 01:53:20 INFO     >>>>> Predictor: Evaluating on test
2025-07-22 01:55:03 INFO     Data : 2342
2025-07-22 01:55:03 INFO     Hit1 : 0.095218
2025-07-22 01:55:03 INFO     Hit3 : 0.143894
2025-07-22 01:55:03 INFO     Hit10: 0.201964
2025-07-22 01:55:03 INFO     MR   : 1109.267720
2025-07-22 01:55:03 INFO     MRR  : 0.131995
2025-07-22 01:55:03 INFO     -------------------------
2025-07-22 01:55:03 INFO     | Iteration: 3/5
2025-07-22 01:55:03 INFO     -------------------------
2025-07-22 01:55:03 INFO     >>>>> Predictor: Training
2025-07-22 02:01:17 INFO     1000 5959 5.027803 69288.6
2025-07-22 02:07:31 INFO     2000 5959 5.033079 69288.6
2025-07-22 02:13:40 INFO     3000 5959 5.015623 69340.6
2025-07-22 02:19:58 INFO     4000 5959 5.024458 69271.3
2025-07-22 02:26:20 INFO     5000 5959 5.050178 69219.2
2025-07-22 02:32:33 INFO     >>>>> Predictor: Evaluating on valid
2025-07-22 02:34:06 INFO     Data : 2077
2025-07-22 02:34:06 INFO     Hit1 : 0.070294
2025-07-22 02:34:06 INFO     Hit3 : 0.129032
2025-07-22 02:34:06 INFO     Hit10: 0.201733
2025-07-22 02:34:06 INFO     MR   : 1189.327877
2025-07-22 02:34:06 INFO     MRR  : 0.112965
2025-07-22 02:34:06 INFO     >>>>> Predictor: Evaluating on test
2025-07-22 02:35:58 INFO     Data : 2342
2025-07-22 02:35:58 INFO     Hit1 : 0.095218
2025-07-22 02:35:58 INFO     Hit3 : 0.145175
2025-07-22 02:35:58 INFO     Hit10: 0.203245
2025-07-22 02:35:58 INFO     MR   : 1092.717336
2025-07-22 02:35:58 INFO     MRR  : 0.133026
2025-07-22 02:35:58 INFO     Save checkpoint to results/semmeddb/10_times_each/scheduled_sampling/4_20250721_183916/predictor.pt
2025-07-22 02:35:58 INFO     -------------------------
2025-07-22 02:35:58 INFO     | Iteration: 4/5
2025-07-22 02:35:58 INFO     -------------------------
2025-07-22 02:35:58 INFO     >>>>> Predictor: Training
2025-07-22 02:42:14 INFO     1000 5959 4.997336 69340.6
2025-07-22 02:48:29 INFO     2000 5959 4.986472 69184.5
2025-07-22 02:54:47 INFO     3000 5959 5.072497 69253.9
2025-07-22 03:00:57 INFO     4000 5959 5.022116 69340.6
2025-07-22 03:07:09 INFO     5000 5959 5.015496 69384.0
2025-07-22 03:13:10 INFO     >>>>> Predictor: Evaluating on valid
2025-07-22 03:14:42 INFO     Data : 2077
2025-07-22 03:14:42 INFO     Hit1 : 0.067405
2025-07-22 03:14:42 INFO     Hit3 : 0.128069
2025-07-22 03:14:42 INFO     Hit10: 0.200770
2025-07-22 03:14:42 INFO     MR   : 1189.240973
2025-07-22 03:14:42 INFO     MRR  : 0.111547
2025-07-22 03:14:42 INFO     >>>>> Predictor: Evaluating on test
2025-07-22 03:16:36 INFO     Data : 2342
2025-07-22 03:16:36 INFO     Hit1 : 0.094364
2025-07-22 03:16:36 INFO     Hit3 : 0.146883
2025-07-22 03:16:36 INFO     Hit10: 0.204526
2025-07-22 03:16:36 INFO     MR   : 1100.486763
2025-07-22 03:16:36 INFO     MRR  : 0.132100
2025-07-22 03:16:36 INFO     -------------------------
2025-07-22 03:16:36 INFO     | Iteration: 5/5
2025-07-22 03:16:36 INFO     -------------------------
2025-07-22 03:16:36 INFO     >>>>> Predictor: Training
2025-07-22 03:22:55 INFO     1000 5959 5.024381 69323.3
2025-07-22 03:29:10 INFO     2000 5959 5.023676 69332.0
2025-07-22 03:35:30 INFO     3000 5959 5.042990 69219.2
2025-07-22 03:41:43 INFO     4000 5959 5.008627 69297.3
2025-07-22 03:47:52 INFO     5000 5959 4.988183 69332.0
2025-07-22 03:53:58 INFO     >>>>> Predictor: Evaluating on valid
2025-07-22 03:55:28 INFO     Data : 2077
2025-07-22 03:55:28 INFO     Hit1 : 0.069331
2025-07-22 03:55:28 INFO     Hit3 : 0.123736
2025-07-22 03:55:28 INFO     Hit10: 0.199326
2025-07-22 03:55:28 INFO     MR   : 1177.050554
2025-07-22 03:55:28 INFO     MRR  : 0.111916
2025-07-22 03:55:28 INFO     >>>>> Predictor: Evaluating on test
2025-07-22 03:57:10 INFO     Data : 2342
2025-07-22 03:57:10 INFO     Hit1 : 0.093510
2025-07-22 03:57:10 INFO     Hit3 : 0.145175
2025-07-22 03:57:10 INFO     Hit10: 0.207942
2025-07-22 03:57:10 INFO     MR   : 1085.692357
2025-07-22 03:57:10 INFO     MRR  : 0.132140
2025-07-22 03:57:10 INFO     -------------------------
2025-07-22 03:57:10 INFO     | Final Test MRR: 0.133026
2025-07-22 03:57:10 INFO     -------------------------
