2025-07-23 22:36:57 INFO     is_soft_label: True
2025-07-23 22:36:57 INFO     is_scheduled_sampling: False
2025-07-23 22:36:57 INFO     is_test_mode: False
2025-07-23 22:36:57 INFO     Data loading | DONE!
2025-07-23 22:36:58 INFO     Using full datasets for training, validation, and testing.
2025-07-23 22:36:58 INFO     -------------------------
2025-07-23 22:36:58 INFO     | EM Iteration: 1/5
2025-07-23 22:36:58 INFO     -------------------------
2025-07-23 22:36:58 INFO     >>>>> Using miner's rule
2025-07-23 22:36:58 INFO     Predictor: read 13661 rules from list.
2025-07-23 22:36:59 INFO     Preprocess training set
2025-07-23 22:36:59 INFO     >>>>> Predictor: Evaluating on valid
2025-07-23 22:39:12 INFO     Data : 2077
2025-07-23 22:39:12 INFO     Hit1 : 0.065479
2025-07-23 22:39:12 INFO     Hit3 : 0.127106
2025-07-23 22:39:12 INFO     Hit10: 0.199326
2025-07-23 22:39:12 INFO     MR   : 1120.902022
2025-07-23 22:39:12 INFO     MRR  : 0.114382
2025-07-23 22:39:12 INFO     >>>>> Predictor: Evaluating on test
2025-07-23 22:41:41 INFO     Data : 2342
2025-07-23 22:41:41 INFO     Hit1 : 0.078992
2025-07-23 22:41:41 INFO     Hit3 : 0.124253
2025-07-23 22:41:41 INFO     Hit10: 0.208796
2025-07-23 22:41:41 INFO     MR   : 1044.269001
2025-07-23 22:41:41 INFO     MRR  : 0.122250
2025-07-23 22:41:41 INFO     >>>>> Predictor: Computing H scores of rules
2025-07-23 23:18:24 INFO     1000 5959
2025-07-23 23:55:41 INFO     2000 5959
2025-07-24 00:32:39 INFO     3000 5959
2025-07-24 01:09:49 INFO     4000 5959
2025-07-24 01:46:53 INFO     5000 5959
2025-07-24 02:24:34 INFO     >>>>> Generator: Training
2025-07-24 02:24:45 INFO     -------------------------
2025-07-24 02:24:45 INFO     | EM Iteration: 2/5
2025-07-24 02:24:45 INFO     -------------------------
2025-07-24 02:24:45 INFO     >>>>> Using Generator's sample rule
2025-07-24 02:24:45 INFO     >>>>> Generator: Rule generation with sampling
2025-07-24 02:24:45 INFO     Predictor: read 1903 rules from list.
2025-07-24 02:24:45 INFO     Preprocess training set
2025-07-24 02:24:45 INFO     >>>>> Predictor: Training
2025-07-24 02:26:11 INFO     1000 5959 8.782167 69314.6
2025-07-24 02:27:24 INFO     2000 5959 8.409605 69271.3
2025-07-24 02:28:38 INFO     3000 5959 8.218136 69245.2
2025-07-24 02:29:54 INFO     4000 5959 8.064595 69340.6
2025-07-24 02:31:09 INFO     5000 5959 7.938592 69340.6
2025-07-24 02:32:20 INFO     >>>>> Predictor: Evaluating on valid
2025-07-24 02:32:38 INFO     Data : 2077
2025-07-24 02:32:38 INFO     Hit1 : 0.025036
2025-07-24 02:32:38 INFO     Hit3 : 0.040924
2025-07-24 02:32:38 INFO     Hit10: 0.064035
2025-07-24 02:32:38 INFO     MR   : 1410.005537
2025-07-24 02:32:38 INFO     MRR  : 0.041152
2025-07-24 02:32:38 INFO     >>>>> Predictor: Evaluating on test
2025-07-24 02:32:59 INFO     Data : 2342
2025-07-24 02:32:59 INFO     Hit1 : 0.019641
2025-07-24 02:32:59 INFO     Hit3 : 0.030743
2025-07-24 02:32:59 INFO     Hit10: 0.056362
2025-07-24 02:32:59 INFO     MR   : 1318.582408
2025-07-24 02:32:59 INFO     MRR  : 0.034758
2025-07-24 02:32:59 INFO     >>>>> Predictor: Computing H scores of rules
2025-07-24 02:36:21 INFO     1000 5959
2025-07-24 02:39:42 INFO     2000 5959
2025-07-24 02:43:09 INFO     3000 5959
2025-07-24 02:46:40 INFO     4000 5959
2025-07-24 02:50:00 INFO     5000 5959
2025-07-24 02:53:14 INFO     >>>>> Generator: Training
2025-07-24 02:53:24 INFO     -------------------------
2025-07-24 02:53:24 INFO     | EM Iteration: 3/5
2025-07-24 02:53:24 INFO     -------------------------
2025-07-24 02:53:24 INFO     >>>>> Using Generator's sample rule
2025-07-24 02:53:24 INFO     >>>>> Generator: Rule generation with sampling
2025-07-24 02:53:24 INFO     Predictor: read 1877 rules from list.
2025-07-24 02:53:24 INFO     Preprocess training set
2025-07-24 02:53:24 INFO     >>>>> Predictor: Training
2025-07-24 02:54:38 INFO     1000 5959 8.809779 69332.0
2025-07-24 02:55:52 INFO     2000 5959 8.468996 69349.3
2025-07-24 02:57:06 INFO     3000 5959 8.253727 69184.5
2025-07-24 02:58:20 INFO     4000 5959 8.079691 69253.9
2025-07-24 02:59:45 INFO     5000 5959 7.982923 69332.0
2025-07-24 03:00:55 INFO     >>>>> Predictor: Evaluating on valid
2025-07-24 03:01:14 INFO     Data : 2077
2025-07-24 03:01:14 INFO     Hit1 : 0.010592
2025-07-24 03:01:14 INFO     Hit3 : 0.025999
2025-07-24 03:01:14 INFO     Hit10: 0.051035
2025-07-24 03:01:14 INFO     MR   : 1451.151180
2025-07-24 03:01:14 INFO     MRR  : 0.026790
2025-07-24 03:01:14 INFO     >>>>> Predictor: Evaluating on test
2025-07-24 03:01:35 INFO     Data : 2342
2025-07-24 03:01:35 INFO     Hit1 : 0.014091
2025-07-24 03:01:35 INFO     Hit3 : 0.024765
2025-07-24 03:01:35 INFO     Hit10: 0.047395
2025-07-24 03:01:35 INFO     MR   : 1340.400299
2025-07-24 03:01:35 INFO     MRR  : 0.028019
2025-07-24 03:01:35 INFO     >>>>> Predictor: Computing H scores of rules
2025-07-24 03:05:05 INFO     1000 5959
2025-07-24 03:08:28 INFO     2000 5959
2025-07-24 03:11:48 INFO     3000 5959
2025-07-24 03:15:19 INFO     4000 5959
2025-07-24 03:18:49 INFO     5000 5959
2025-07-24 03:22:09 INFO     >>>>> Generator: Training
2025-07-24 03:22:25 INFO     -------------------------
2025-07-24 03:22:25 INFO     | EM Iteration: 4/5
2025-07-24 03:22:25 INFO     -------------------------
2025-07-24 03:22:25 INFO     >>>>> Using Generator's sample rule
2025-07-24 03:22:25 INFO     >>>>> Generator: Rule generation with sampling
2025-07-24 03:22:26 INFO     Predictor: read 1826 rules from list.
2025-07-24 03:22:26 INFO     Preprocess training set
2025-07-24 03:22:26 INFO     >>>>> Predictor: Training
2025-07-24 03:23:39 INFO     1000 5959 8.789460 69271.3
2025-07-24 03:25:04 INFO     2000 5959 8.401772 69340.6
2025-07-24 03:26:20 INFO     3000 5959 8.133644 69384.0
2025-07-24 03:27:34 INFO     4000 5959 7.955380 69262.6
2025-07-24 03:28:49 INFO     5000 5959 7.814063 69332.0
2025-07-24 03:29:58 INFO     >>>>> Predictor: Evaluating on valid
2025-07-24 03:30:17 INFO     Data : 2077
2025-07-24 03:30:17 INFO     Hit1 : 0.006259
2025-07-24 03:30:17 INFO     Hit3 : 0.018296
2025-07-24 03:30:17 INFO     Hit10: 0.036110
2025-07-24 03:30:17 INFO     MR   : 1485.682956
2025-07-24 03:30:17 INFO     MRR  : 0.019679
2025-07-24 03:30:17 INFO     >>>>> Predictor: Evaluating on test
2025-07-24 03:30:38 INFO     Data : 2342
2025-07-24 03:30:38 INFO     Hit1 : 0.008540
2025-07-24 03:30:38 INFO     Hit3 : 0.018787
2025-07-24 03:30:38 INFO     Hit10: 0.035440
2025-07-24 03:30:38 INFO     MR   : 1371.750213
2025-07-24 03:30:38 INFO     MRR  : 0.020766
2025-07-24 03:30:38 INFO     >>>>> Predictor: Computing H scores of rules
2025-07-24 03:33:58 INFO     1000 5959
2025-07-24 03:37:18 INFO     2000 5959
2025-07-24 03:40:39 INFO     3000 5959
2025-07-24 03:44:05 INFO     4000 5959
2025-07-24 03:47:36 INFO     5000 5959
2025-07-24 03:50:50 INFO     >>>>> Generator: Training
2025-07-24 03:51:00 INFO     -------------------------
2025-07-24 03:51:00 INFO     | EM Iteration: 5/5
2025-07-24 03:51:00 INFO     -------------------------
2025-07-24 03:51:00 INFO     >>>>> Using Generator's sample rule
2025-07-24 03:51:00 INFO     >>>>> Generator: Rule generation with sampling
2025-07-24 03:51:01 INFO     Predictor: read 1678 rules from list.
2025-07-24 03:51:01 INFO     Preprocess training set
2025-07-24 03:51:01 INFO     >>>>> Predictor: Training
2025-07-24 03:52:11 INFO     1000 5959 8.805693 69332.0
2025-07-24 03:53:31 INFO     2000 5959 8.433201 69349.3
2025-07-24 03:54:42 INFO     3000 5959 8.181872 69340.6
2025-07-24 03:55:53 INFO     4000 5959 8.011346 69297.3
2025-07-24 03:57:03 INFO     5000 5959 7.829671 69219.2
2025-07-24 03:58:11 INFO     >>>>> Predictor: Evaluating on valid
2025-07-24 03:58:29 INFO     Data : 2077
2025-07-24 03:58:29 INFO     Hit1 : 0.029851
2025-07-24 03:58:29 INFO     Hit3 : 0.053924
2025-07-24 03:58:29 INFO     Hit10: 0.076071
2025-07-24 03:58:29 INFO     MR   : 1451.300433
2025-07-24 03:58:29 INFO     MRR  : 0.049625
2025-07-24 03:58:29 INFO     >>>>> Predictor: Evaluating on test
2025-07-24 03:58:50 INFO     Data : 2342
2025-07-24 03:58:50 INFO     Hit1 : 0.028181
2025-07-24 03:58:50 INFO     Hit3 : 0.046541
2025-07-24 03:58:50 INFO     Hit10: 0.084543
2025-07-24 03:58:50 INFO     MR   : 1335.067891
2025-07-24 03:58:50 INFO     MRR  : 0.048161
2025-07-24 03:58:50 INFO     >>>>> Predictor: Computing H scores of rules
2025-07-24 04:02:11 INFO     1000 5959
2025-07-24 04:05:41 INFO     2000 5959
2025-07-24 04:09:01 INFO     3000 5959
2025-07-24 04:12:29 INFO     4000 5959
2025-07-24 04:15:49 INFO     5000 5959
2025-07-24 04:19:08 INFO     >>>>> Generator: Training
2025-07-24 04:19:23 INFO     -------------------------
2025-07-24 04:19:23 INFO     | Post-train Generator
2025-07-24 04:19:23 INFO     -------------------------
2025-07-24 04:19:24 INFO     >>>>> Generator: Training
2025-07-24 04:21:05 INFO     [E01000] Total 2.052069 | Main 2.410393 | RelClus 1.458893 | EntType 0.000000
2025-07-24 04:21:05 INFO     -------------------------
2025-07-24 04:21:05 INFO     | Beam Search Best Rules
2025-07-24 04:21:05 INFO     -------------------------
2025-07-24 04:21:05 INFO     >>>>> Generator: Rule generation with beam search
2025-07-24 04:21:05 INFO     >>>>> Generator: Rule generation with beam search
2025-07-24 04:21:12 INFO     >>>>> Generator: Rule generation with beam search
2025-07-24 04:22:33 INFO     >>>>> Generator: Rule generation with beam search
2025-07-24 04:23:40 INFO     >>>>> Generator: Rule generation with beam search
2025-07-24 04:24:23 INFO     -------------------------
2025-07-24 04:24:23 INFO     | Train Final Predictor+
2025-07-24 04:24:23 INFO     -------------------------
2025-07-24 04:24:23 INFO     Predictor+: read 18420 rules from list.
2025-07-24 04:24:23 INFO     Preprocess training set
2025-07-24 04:24:23 INFO     -------------------------
2025-07-24 04:24:23 INFO     | Iteration: 1/5
2025-07-24 04:24:23 INFO     -------------------------
2025-07-24 04:24:23 INFO     >>>>> Predictor: Training
2025-07-24 04:29:52 INFO     1000 5959 5.259428 69271.3
2025-07-24 04:35:11 INFO     2000 5959 5.109051 69332.0
2025-07-24 04:40:30 INFO     3000 5959 5.089177 69375.3
2025-07-24 04:46:06 INFO     4000 5959 5.061980 69279.9
2025-07-24 04:51:31 INFO     5000 5959 5.021723 69349.3
2025-07-24 04:56:49 INFO     >>>>> Predictor: Evaluating on valid
2025-07-24 04:58:10 INFO     Data : 2077
2025-07-24 04:58:10 INFO     Hit1 : 0.076071
2025-07-24 04:58:10 INFO     Hit3 : 0.147328
2025-07-24 04:58:10 INFO     Hit10: 0.248917
2025-07-24 04:58:10 INFO     MR   : 1148.057776
2025-07-24 04:58:10 INFO     MRR  : 0.130731
2025-07-24 04:58:10 INFO     >>>>> Predictor: Evaluating on test
2025-07-24 04:59:38 INFO     Data : 2342
2025-07-24 04:59:38 INFO     Hit1 : 0.099061
2025-07-24 04:59:38 INFO     Hit3 : 0.166524
2025-07-24 04:59:38 INFO     Hit10: 0.253202
2025-07-24 04:59:38 INFO     MR   : 1077.624039
2025-07-24 04:59:38 INFO     MRR  : 0.150288
2025-07-24 04:59:38 INFO     Save checkpoint to results/semmeddb/10_times_each/soft_label/1_20250723_223655/predictor.pt
2025-07-24 04:59:38 INFO     -------------------------
2025-07-24 04:59:38 INFO     | Iteration: 2/5
2025-07-24 04:59:38 INFO     -------------------------
2025-07-24 04:59:38 INFO     >>>>> Predictor: Training
2025-07-24 05:05:07 INFO     1000 5959 4.992508 69366.7
2025-07-24 05:10:30 INFO     2000 5959 5.015504 69375.3
2025-07-24 05:16:00 INFO     3000 5959 4.992647 69219.2
2025-07-24 05:21:17 INFO     4000 5959 5.017444 69305.9
2025-07-24 05:26:45 INFO     5000 5959 4.980215 69288.6
2025-07-24 05:31:51 INFO     >>>>> Predictor: Evaluating on valid
2025-07-24 05:33:12 INFO     Data : 2077
2025-07-24 05:33:12 INFO     Hit1 : 0.069812
2025-07-24 05:33:12 INFO     Hit3 : 0.148772
2025-07-24 05:33:12 INFO     Hit10: 0.245546
2025-07-24 05:33:12 INFO     MR   : 1120.208714
2025-07-24 05:33:12 INFO     MRR  : 0.129848
2025-07-24 05:33:12 INFO     >>>>> Predictor: Evaluating on test
2025-07-24 05:34:40 INFO     Data : 2342
2025-07-24 05:34:40 INFO     Hit1 : 0.100769
2025-07-24 05:34:40 INFO     Hit3 : 0.168659
2025-07-24 05:34:40 INFO     Hit10: 0.250640
2025-07-24 05:34:40 INFO     MR   : 1050.884927
2025-07-24 05:34:40 INFO     MRR  : 0.150892
2025-07-24 05:34:40 INFO     -------------------------
2025-07-24 05:34:40 INFO     | Iteration: 3/5
2025-07-24 05:34:40 INFO     -------------------------
2025-07-24 05:34:40 INFO     >>>>> Predictor: Training
2025-07-24 05:40:08 INFO     1000 5959 4.987342 69288.6
2025-07-24 05:45:33 INFO     2000 5959 4.988626 69288.6
2025-07-24 05:51:02 INFO     3000 5959 4.980407 69340.6
2025-07-24 05:56:19 INFO     4000 5959 4.974742 69271.3
2025-07-24 06:01:37 INFO     5000 5959 5.013418 69219.2
2025-07-24 06:06:56 INFO     >>>>> Predictor: Evaluating on valid
2025-07-24 06:08:14 INFO     Data : 2077
2025-07-24 06:08:14 INFO     Hit1 : 0.070294
2025-07-24 06:08:14 INFO     Hit3 : 0.147328
2025-07-24 06:08:14 INFO     Hit10: 0.244584
2025-07-24 06:08:14 INFO     MR   : 1108.096052
2025-07-24 06:08:14 INFO     MRR  : 0.128627
2025-07-24 06:08:14 INFO     >>>>> Predictor: Evaluating on test
2025-07-24 06:09:42 INFO     Data : 2342
2025-07-24 06:09:42 INFO     Hit1 : 0.096926
2025-07-24 06:09:42 INFO     Hit3 : 0.163535
2025-07-24 06:09:42 INFO     Hit10: 0.249360
2025-07-24 06:09:42 INFO     MR   : 1032.476089
2025-07-24 06:09:42 INFO     MRR  : 0.147961
2025-07-24 06:09:42 INFO     -------------------------
2025-07-24 06:09:42 INFO     | Iteration: 4/5
2025-07-24 06:09:42 INFO     -------------------------
2025-07-24 06:09:42 INFO     >>>>> Predictor: Training
2025-07-24 06:15:25 INFO     1000 5959 4.953607 69340.6
2025-07-24 06:20:47 INFO     2000 5959 4.935413 69184.5
2025-07-24 06:26:12 INFO     3000 5959 5.032454 69253.9
2025-07-24 06:31:38 INFO     4000 5959 4.979929 69340.6
2025-07-24 06:37:00 INFO     5000 5959 4.974753 69384.0
2025-07-24 06:42:16 INFO     >>>>> Predictor: Evaluating on valid
2025-07-24 06:43:34 INFO     Data : 2077
2025-07-24 06:43:34 INFO     Hit1 : 0.070294
2025-07-24 06:43:34 INFO     Hit3 : 0.143958
2025-07-24 06:43:34 INFO     Hit10: 0.243621
2025-07-24 06:43:34 INFO     MR   : 1106.502407
2025-07-24 06:43:34 INFO     MRR  : 0.127149
2025-07-24 06:43:34 INFO     >>>>> Predictor: Evaluating on test
2025-07-24 06:45:03 INFO     Data : 2342
2025-07-24 06:45:03 INFO     Hit1 : 0.102904
2025-07-24 06:45:03 INFO     Hit3 : 0.168659
2025-07-24 06:45:03 INFO     Hit10: 0.251921
2025-07-24 06:45:03 INFO     MR   : 1035.798890
2025-07-24 06:45:03 INFO     MRR  : 0.152059
2025-07-24 06:45:03 INFO     -------------------------
2025-07-24 06:45:03 INFO     | Iteration: 5/5
2025-07-24 06:45:03 INFO     -------------------------
2025-07-24 06:45:03 INFO     >>>>> Predictor: Training
2025-07-24 06:50:20 INFO     1000 5959 4.981361 69323.3
2025-07-24 06:55:46 INFO     2000 5959 4.973476 69332.0
2025-07-24 07:01:14 INFO     3000 5959 4.992096 69219.2
2025-07-24 07:06:50 INFO     4000 5959 4.956767 69297.3
2025-07-24 07:12:16 INFO     5000 5959 4.948774 69332.0
2025-07-24 07:17:30 INFO     >>>>> Predictor: Evaluating on valid
2025-07-24 07:18:50 INFO     Data : 2077
2025-07-24 07:18:50 INFO     Hit1 : 0.071738
2025-07-24 07:18:50 INFO     Hit3 : 0.149254
2025-07-24 07:18:50 INFO     Hit10: 0.246509
2025-07-24 07:18:50 INFO     MR   : 1094.970149
2025-07-24 07:18:50 INFO     MRR  : 0.129294
2025-07-24 07:18:50 INFO     >>>>> Predictor: Evaluating on test
2025-07-24 07:20:20 INFO     Data : 2342
2025-07-24 07:20:20 INFO     Hit1 : 0.099488
2025-07-24 07:20:20 INFO     Hit3 : 0.166524
2025-07-24 07:20:20 INFO     Hit10: 0.248506
2025-07-24 07:20:20 INFO     MR   : 1031.979932
2025-07-24 07:20:20 INFO     MRR  : 0.150369
2025-07-24 07:20:20 INFO     -------------------------
2025-07-24 07:20:20 INFO     | Final Test MRR: 0.150288
2025-07-24 07:20:20 INFO     -------------------------
