2025-07-22 02:12:27 INFO     is_soft_label: False
2025-07-22 02:12:27 INFO     is_scheduled_sampling: False
2025-07-22 02:12:27 INFO     is_test_mode: False
2025-07-22 02:12:27 INFO     Data loading | DONE!
2025-07-22 02:12:27 INFO     Using full datasets for training, validation, and testing.
2025-07-22 02:12:28 INFO     -------------------------
2025-07-22 02:12:28 INFO     | EM Iteration: 1/5
2025-07-22 02:12:28 INFO     -------------------------
2025-07-22 02:12:28 INFO     >>>>> Using miner's rule
2025-07-22 02:12:28 INFO     Predictor: read 13661 rules from list.
2025-07-22 02:12:29 INFO     Preprocess training set
2025-07-22 02:12:29 INFO     >>>>> Predictor: Evaluating on valid
2025-07-22 02:17:21 INFO     Data : 2077
2025-07-22 02:17:21 INFO     Hit1 : 0.065479
2025-07-22 02:17:21 INFO     Hit3 : 0.127106
2025-07-22 02:17:21 INFO     Hit10: 0.199326
2025-07-22 02:17:21 INFO     MR   : 1120.902022
2025-07-22 02:17:21 INFO     MRR  : 0.114382
2025-07-22 02:17:21 INFO     >>>>> Predictor: Evaluating on test
2025-07-22 02:22:51 INFO     Data : 2342
2025-07-22 02:22:51 INFO     Hit1 : 0.078992
2025-07-22 02:22:51 INFO     Hit3 : 0.124253
2025-07-22 02:22:51 INFO     Hit10: 0.208796
2025-07-22 02:22:51 INFO     MR   : 1044.269001
2025-07-22 02:22:51 INFO     MRR  : 0.122250
2025-07-22 02:22:51 INFO     >>>>> Predictor: Computing H scores of rules
2025-07-22 03:30:37 INFO     1000 5959
2025-07-22 04:55:37 INFO     2000 5959
2025-07-22 06:25:32 INFO     3000 5959
2025-07-22 07:49:42 INFO     4000 5959
2025-07-22 08:48:08 INFO     5000 5959
2025-07-22 09:50:08 INFO     >>>>> Generator: Training
2025-07-22 09:50:17 INFO     -------------------------
2025-07-22 09:50:17 INFO     | EM Iteration: 2/5
2025-07-22 09:50:17 INFO     -------------------------
2025-07-22 09:50:17 INFO     >>>>> Using Generator's sample rule
2025-07-22 09:50:17 INFO     >>>>> Generator: Rule generation with sampling
2025-07-22 09:50:17 INFO     Predictor: read 1904 rules from list.
2025-07-22 09:50:17 INFO     Preprocess training set
2025-07-22 09:50:17 INFO     >>>>> Predictor: Training
2025-07-22 09:52:20 INFO     1000 5959 8.782312 69314.6
2025-07-22 09:54:15 INFO     2000 5959 8.410004 69271.3
2025-07-22 09:56:07 INFO     3000 5959 8.219053 69245.2
2025-07-22 09:58:02 INFO     4000 5959 8.065449 69340.6
2025-07-22 10:00:03 INFO     5000 5959 7.940880 69340.6
2025-07-22 10:01:54 INFO     >>>>> Predictor: Evaluating on valid
2025-07-22 10:02:15 INFO     Data : 2077
2025-07-22 10:02:15 INFO     Hit1 : 0.025036
2025-07-22 10:02:15 INFO     Hit3 : 0.040924
2025-07-22 10:02:15 INFO     Hit10: 0.064035
2025-07-22 10:02:15 INFO     MR   : 1407.828117
2025-07-22 10:02:15 INFO     MRR  : 0.041154
2025-07-22 10:02:15 INFO     >>>>> Predictor: Evaluating on test
2025-07-22 10:02:37 INFO     Data : 2342
2025-07-22 10:02:37 INFO     Hit1 : 0.019641
2025-07-22 10:02:37 INFO     Hit3 : 0.030743
2025-07-22 10:02:37 INFO     Hit10: 0.056362
2025-07-22 10:02:37 INFO     MR   : 1317.205807
2025-07-22 10:02:37 INFO     MRR  : 0.034766
2025-07-22 10:02:37 INFO     >>>>> Predictor: Computing H scores of rules
2025-07-22 10:07:29 INFO     1000 5959
2025-07-22 10:12:29 INFO     2000 5959
2025-07-22 10:17:14 INFO     3000 5959
2025-07-22 10:22:10 INFO     4000 5959
2025-07-22 10:27:05 INFO     5000 5959
2025-07-22 10:31:51 INFO     >>>>> Generator: Training
2025-07-22 10:32:00 INFO     -------------------------
2025-07-22 10:32:00 INFO     | EM Iteration: 3/5
2025-07-22 10:32:00 INFO     -------------------------
2025-07-22 10:32:00 INFO     >>>>> Using Generator's sample rule
2025-07-22 10:32:00 INFO     >>>>> Generator: Rule generation with sampling
2025-07-22 10:32:00 INFO     Predictor: read 1877 rules from list.
2025-07-22 10:32:00 INFO     Preprocess training set
2025-07-22 10:32:00 INFO     >>>>> Predictor: Training
2025-07-22 10:34:07 INFO     1000 5959 8.809976 69332.0
2025-07-22 10:36:13 INFO     2000 5959 8.469537 69349.3
2025-07-22 10:38:09 INFO     3000 5959 8.254404 69184.5
2025-07-22 10:40:09 INFO     4000 5959 8.080450 69253.9
2025-07-22 10:42:06 INFO     5000 5959 7.983767 69332.0
2025-07-22 10:43:54 INFO     >>>>> Predictor: Evaluating on valid
2025-07-22 10:44:18 INFO     Data : 2077
2025-07-22 10:44:18 INFO     Hit1 : 0.010592
2025-07-22 10:44:18 INFO     Hit3 : 0.025999
2025-07-22 10:44:18 INFO     Hit10: 0.051035
2025-07-22 10:44:18 INFO     MR   : 1450.381801
2025-07-22 10:44:18 INFO     MRR  : 0.026797
2025-07-22 10:44:18 INFO     >>>>> Predictor: Evaluating on test
2025-07-22 10:44:46 INFO     Data : 2342
2025-07-22 10:44:46 INFO     Hit1 : 0.014091
2025-07-22 10:44:46 INFO     Hit3 : 0.024765
2025-07-22 10:44:46 INFO     Hit10: 0.047395
2025-07-22 10:44:46 INFO     MR   : 1340.377455
2025-07-22 10:44:46 INFO     MRR  : 0.028016
2025-07-22 10:44:46 INFO     >>>>> Predictor: Computing H scores of rules
2025-07-22 10:49:42 INFO     1000 5959
2025-07-22 10:54:44 INFO     2000 5959
2025-07-22 10:59:42 INFO     3000 5959
2025-07-22 11:04:47 INFO     4000 5959
2025-07-22 11:09:48 INFO     5000 5959
2025-07-22 11:15:00 INFO     >>>>> Generator: Training
2025-07-22 11:15:09 INFO     -------------------------
2025-07-22 11:15:09 INFO     | EM Iteration: 4/5
2025-07-22 11:15:09 INFO     -------------------------
2025-07-22 11:15:09 INFO     >>>>> Using Generator's sample rule
2025-07-22 11:15:09 INFO     >>>>> Generator: Rule generation with sampling
2025-07-22 11:15:09 INFO     Predictor: read 1847 rules from list.
2025-07-22 11:15:09 INFO     Preprocess training set
2025-07-22 11:15:09 INFO     >>>>> Predictor: Training
2025-07-22 11:17:07 INFO     1000 5959 8.791110 69271.3
2025-07-22 11:19:09 INFO     2000 5959 8.404539 69340.6
2025-07-22 11:21:17 INFO     3000 5959 8.137731 69384.0
2025-07-22 11:23:20 INFO     4000 5959 7.963986 69262.6
2025-07-22 11:25:15 INFO     5000 5959 7.819836 69332.0
2025-07-22 11:27:15 INFO     >>>>> Predictor: Evaluating on valid
2025-07-22 11:27:37 INFO     Data : 2077
2025-07-22 11:27:37 INFO     Hit1 : 0.006259
2025-07-22 11:27:37 INFO     Hit3 : 0.018296
2025-07-22 11:27:37 INFO     Hit10: 0.036110
2025-07-22 11:27:37 INFO     MR   : 1486.285749
2025-07-22 11:27:37 INFO     MRR  : 0.019680
2025-07-22 11:27:37 INFO     >>>>> Predictor: Evaluating on test
2025-07-22 11:28:02 INFO     Data : 2342
2025-07-22 11:28:02 INFO     Hit1 : 0.008540
2025-07-22 11:28:02 INFO     Hit3 : 0.018787
2025-07-22 11:28:02 INFO     Hit10: 0.035440
2025-07-22 11:28:02 INFO     MR   : 1371.789710
2025-07-22 11:28:02 INFO     MRR  : 0.020680
2025-07-22 11:28:02 INFO     >>>>> Predictor: Computing H scores of rules
2025-07-22 11:33:25 INFO     1000 5959
2025-07-22 11:38:52 INFO     2000 5959
2025-07-22 11:44:20 INFO     3000 5959
2025-07-22 11:49:51 INFO     4000 5959
2025-07-22 11:55:16 INFO     5000 5959
2025-07-22 12:00:29 INFO     >>>>> Generator: Training
2025-07-22 12:00:38 INFO     -------------------------
2025-07-22 12:00:38 INFO     | EM Iteration: 5/5
2025-07-22 12:00:38 INFO     -------------------------
2025-07-22 12:00:38 INFO     >>>>> Using Generator's sample rule
2025-07-22 12:00:38 INFO     >>>>> Generator: Rule generation with sampling
2025-07-22 12:00:38 INFO     Predictor: read 1676 rules from list.
2025-07-22 12:00:38 INFO     Preprocess training set
2025-07-22 12:00:38 INFO     >>>>> Predictor: Training
2025-07-22 12:02:27 INFO     1000 5959 8.805924 69332.0
2025-07-22 12:04:11 INFO     2000 5959 8.434382 69349.3
2025-07-22 12:06:06 INFO     3000 5959 8.182272 69340.6
2025-07-22 12:07:58 INFO     4000 5959 8.012417 69297.3
2025-07-22 12:09:51 INFO     5000 5959 7.830053 69219.2
2025-07-22 12:11:38 INFO     >>>>> Predictor: Evaluating on valid
2025-07-22 12:11:58 INFO     Data : 2077
2025-07-22 12:11:58 INFO     Hit1 : 0.029851
2025-07-22 12:11:58 INFO     Hit3 : 0.053924
2025-07-22 12:11:58 INFO     Hit10: 0.076071
2025-07-22 12:11:58 INFO     MR   : 1451.129995
2025-07-22 12:11:58 INFO     MRR  : 0.049605
2025-07-22 12:11:58 INFO     >>>>> Predictor: Evaluating on test
2025-07-22 12:12:23 INFO     Data : 2342
2025-07-22 12:12:23 INFO     Hit1 : 0.028608
2025-07-22 12:12:23 INFO     Hit3 : 0.046541
2025-07-22 12:12:23 INFO     Hit10: 0.084116
2025-07-22 12:12:23 INFO     MR   : 1334.989112
2025-07-22 12:12:23 INFO     MRR  : 0.048452
2025-07-22 12:12:23 INFO     >>>>> Predictor: Computing H scores of rules
2025-07-22 12:17:17 INFO     1000 5959
2025-07-22 12:22:22 INFO     2000 5959
2025-07-22 12:27:23 INFO     3000 5959
2025-07-22 12:32:23 INFO     4000 5959
2025-07-22 12:37:16 INFO     5000 5959
2025-07-22 12:42:02 INFO     >>>>> Generator: Training
2025-07-22 12:42:11 INFO     -------------------------
2025-07-22 12:42:11 INFO     | Post-train Generator
2025-07-22 12:42:11 INFO     -------------------------
2025-07-22 12:42:13 INFO     >>>>> Generator: Training
2025-07-22 12:43:49 INFO     [E01000] Total 2.432650 | Main 2.559255 | RelClus 1.497829 | EntType 2.354638
2025-07-22 12:43:49 INFO     -------------------------
2025-07-22 12:43:49 INFO     | Beam Search Best Rules
2025-07-22 12:43:49 INFO     -------------------------
2025-07-22 12:43:49 INFO     >>>>> Generator: Rule generation with beam search
2025-07-22 12:43:51 INFO     >>>>> Generator: Rule generation with beam search
2025-07-22 12:44:04 INFO     >>>>> Generator: Rule generation with beam search
2025-07-22 12:46:39 INFO     >>>>> Generator: Rule generation with beam search
2025-07-22 12:48:48 INFO     >>>>> Generator: Rule generation with beam search
2025-07-22 12:50:12 INFO     -------------------------
2025-07-22 12:50:12 INFO     | Train Final Predictor+
2025-07-22 12:50:12 INFO     -------------------------
2025-07-22 12:50:13 INFO     Predictor+: read 18420 rules from list.
2025-07-22 12:50:13 INFO     Preprocess training set
2025-07-22 12:50:13 INFO     -------------------------
2025-07-22 12:50:13 INFO     | Iteration: 1/5
2025-07-22 12:50:13 INFO     -------------------------
2025-07-22 12:50:13 INFO     >>>>> Predictor: Training
2025-07-22 13:01:48 INFO     1000 5959 4.989285 69271.3
2025-07-22 13:13:35 INFO     2000 5959 4.754819 69332.0
2025-07-22 13:25:27 INFO     3000 5959 4.739534 69375.3
2025-07-22 13:37:05 INFO     4000 5959 4.736659 69279.9
2025-07-22 13:48:35 INFO     5000 5959 4.707548 69349.3
2025-07-22 13:59:32 INFO     >>>>> Predictor: Evaluating on valid
2025-07-22 14:02:22 INFO     Data : 2077
2025-07-22 14:02:22 INFO     Hit1 : 0.097737
2025-07-22 14:02:22 INFO     Hit3 : 0.184401
2025-07-22 14:02:22 INFO     Hit10: 0.315840
2025-07-22 14:02:22 INFO     MR   : 990.168512
2025-07-22 14:02:22 INFO     MRR  : 0.167144
2025-07-22 14:02:22 INFO     >>>>> Predictor: Evaluating on test
2025-07-22 14:05:27 INFO     Data : 2342
2025-07-22 14:05:27 INFO     Hit1 : 0.120837
2025-07-22 14:05:27 INFO     Hit3 : 0.208796
2025-07-22 14:05:27 INFO     Hit10: 0.315115
2025-07-22 14:05:27 INFO     MR   : 924.417592
2025-07-22 14:05:27 INFO     MRR  : 0.186460
2025-07-22 14:05:27 INFO     Save checkpoint to results/semmeddb/10_times_each/fixed/811/4_20250722_021224/predictor.pt
2025-07-22 14:05:27 INFO     -------------------------
2025-07-22 14:05:27 INFO     | Iteration: 2/5
2025-07-22 14:05:27 INFO     -------------------------
2025-07-22 14:05:27 INFO     >>>>> Predictor: Training
2025-07-22 14:16:53 INFO     1000 5959 4.636777 69366.7
2025-07-22 14:28:39 INFO     2000 5959 4.676970 69375.3
2025-07-22 14:40:29 INFO     3000 5959 4.663601 69219.2
2025-07-22 14:52:03 INFO     4000 5959 4.671926 69305.9
2025-07-22 15:03:33 INFO     5000 5959 4.659529 69288.6
2025-07-22 15:14:26 INFO     >>>>> Predictor: Evaluating on valid
2025-07-22 15:17:17 INFO     Data : 2077
2025-07-22 15:17:17 INFO     Hit1 : 0.090034
2025-07-22 15:17:17 INFO     Hit3 : 0.189215
2025-07-22 15:17:17 INFO     Hit10: 0.315840
2025-07-22 15:17:17 INFO     MR   : 953.170679
2025-07-22 15:17:17 INFO     MRR  : 0.163844
2025-07-22 15:17:17 INFO     >>>>> Predictor: Evaluating on test
2025-07-22 15:20:25 INFO     Data : 2342
2025-07-22 15:20:25 INFO     Hit1 : 0.122545
2025-07-22 15:20:25 INFO     Hit3 : 0.212212
2025-07-22 15:20:25 INFO     Hit10: 0.321520
2025-07-22 15:20:25 INFO     MR   : 888.083476
2025-07-22 15:20:25 INFO     MRR  : 0.187963
2025-07-22 15:20:25 INFO     -------------------------
2025-07-22 15:20:25 INFO     | Iteration: 3/5
2025-07-22 15:20:25 INFO     -------------------------
2025-07-22 15:20:25 INFO     >>>>> Predictor: Training
2025-07-22 15:32:05 INFO     1000 5959 4.641552 69288.6
2025-07-22 15:43:40 INFO     2000 5959 4.646524 69288.6
2025-07-22 15:55:13 INFO     3000 5959 4.639845 69340.6
2025-07-22 16:06:49 INFO     4000 5959 4.637440 69271.3
2025-07-22 16:18:37 INFO     5000 5959 4.669157 69219.2
2025-07-22 16:30:31 INFO     >>>>> Predictor: Evaluating on valid
2025-07-22 16:33:22 INFO     Data : 2077
2025-07-22 16:33:22 INFO     Hit1 : 0.092441
2025-07-22 16:33:22 INFO     Hit3 : 0.182475
2025-07-22 16:33:22 INFO     Hit10: 0.304285
2025-07-22 16:33:22 INFO     MR   : 941.174049
2025-07-22 16:33:22 INFO     MRR  : 0.162937
2025-07-22 16:33:22 INFO     >>>>> Predictor: Evaluating on test
2025-07-22 16:36:34 INFO     Data : 2342
2025-07-22 16:36:34 INFO     Hit1 : 0.114005
2025-07-22 16:36:34 INFO     Hit3 : 0.198121
2025-07-22 16:36:34 INFO     Hit10: 0.310845
2025-07-22 16:36:34 INFO     MR   : 872.733988
2025-07-22 16:36:34 INFO     MRR  : 0.179269
2025-07-22 16:36:34 INFO     -------------------------
2025-07-22 16:36:34 INFO     | Iteration: 4/5
2025-07-22 16:36:34 INFO     -------------------------
2025-07-22 16:36:34 INFO     >>>>> Predictor: Training
2025-07-22 16:48:19 INFO     1000 5959 4.613143 69340.6
2025-07-22 17:00:27 INFO     2000 5959 4.591475 69184.5
2025-07-22 17:12:07 INFO     3000 5959 4.659653 69253.9
2025-07-22 17:23:59 INFO     4000 5959 4.626863 69340.6
2025-07-22 17:35:50 INFO     5000 5959 4.628805 69384.0
2025-07-22 17:47:05 INFO     >>>>> Predictor: Evaluating on valid
2025-07-22 17:50:05 INFO     Data : 2077
2025-07-22 17:50:05 INFO     Hit1 : 0.093885
2025-07-22 17:50:05 INFO     Hit3 : 0.185845
2025-07-22 17:50:05 INFO     Hit10: 0.304766
2025-07-22 17:50:05 INFO     MR   : 936.459798
2025-07-22 17:50:05 INFO     MRR  : 0.164419
2025-07-22 17:50:05 INFO     >>>>> Predictor: Evaluating on test
2025-07-22 17:53:22 INFO     Data : 2342
2025-07-22 17:53:22 INFO     Hit1 : 0.121691
2025-07-22 17:53:22 INFO     Hit3 : 0.210077
2025-07-22 17:53:22 INFO     Hit10: 0.318104
2025-07-22 17:53:22 INFO     MR   : 868.963279
2025-07-22 17:53:22 INFO     MRR  : 0.187357
2025-07-22 17:53:22 INFO     -------------------------
2025-07-22 17:53:22 INFO     | Iteration: 5/5
2025-07-22 17:53:22 INFO     -------------------------
2025-07-22 17:53:22 INFO     >>>>> Predictor: Training
2025-07-22 18:05:12 INFO     1000 5959 4.619199 69323.3
2025-07-22 18:17:06 INFO     2000 5959 4.605950 69332.0
2025-07-22 18:28:47 INFO     3000 5959 4.647317 69219.2
2025-07-22 18:40:28 INFO     4000 5959 4.636631 69297.3
2025-07-22 18:52:07 INFO     5000 5959 4.606536 69332.0
2025-07-22 19:03:34 INFO     >>>>> Predictor: Evaluating on valid
2025-07-22 19:06:40 INFO     Data : 2077
2025-07-22 19:06:40 INFO     Hit1 : 0.090515
2025-07-22 19:06:40 INFO     Hit3 : 0.185845
2025-07-22 19:06:40 INFO     Hit10: 0.316803
2025-07-22 19:06:40 INFO     MR   : 928.858209
2025-07-22 19:06:40 INFO     MRR  : 0.164559
2025-07-22 19:06:40 INFO     >>>>> Predictor: Evaluating on test
2025-07-22 19:09:56 INFO     Data : 2342
2025-07-22 19:09:56 INFO     Hit1 : 0.124253
2025-07-22 19:09:56 INFO     Hit3 : 0.210504
2025-07-22 19:09:56 INFO     Hit10: 0.322374
2025-07-22 19:09:56 INFO     MR   : 861.783945
2025-07-22 19:09:56 INFO     MRR  : 0.189939
2025-07-22 19:09:56 INFO     -------------------------
2025-07-22 19:09:56 INFO     | Final Test MRR: 0.186460
2025-07-22 19:09:56 INFO     -------------------------
