2025-07-09 19:21:03 INFO     is_soft_label: False
2025-07-09 19:21:03 INFO     is_scheduled_sampling: False
2025-07-09 19:21:03 INFO     is_test_mode: False
2025-07-09 19:21:04 INFO     Data loading | DONE!
2025-07-09 19:21:04 INFO     Using full datasets for training, validation, and testing.
2025-07-09 19:21:04 INFO     -------------------------
2025-07-09 19:21:04 INFO     | EM Iteration: 1/5
2025-07-09 19:21:04 INFO     -------------------------
2025-07-09 19:21:04 INFO     >>>>> Using miner's rule
2025-07-09 19:21:04 INFO     Predictor: read 13661 rules from list.
2025-07-09 19:21:05 INFO     Preprocess training set
2025-07-09 19:21:05 INFO     >>>>> Predictor: Evaluating on valid
2025-07-09 19:22:55 INFO     Data : 2077
2025-07-09 19:22:55 INFO     Hit1 : 0.065479
2025-07-09 19:22:55 INFO     Hit3 : 0.127106
2025-07-09 19:22:55 INFO     Hit10: 0.199326
2025-07-09 19:22:55 INFO     MR   : 1120.902022
2025-07-09 19:22:55 INFO     MRR  : 0.114382
2025-07-09 19:22:55 INFO     >>>>> Predictor: Evaluating on test
2025-07-09 19:24:59 INFO     Data : 2342
2025-07-09 19:24:59 INFO     Hit1 : 0.078992
2025-07-09 19:24:59 INFO     Hit3 : 0.124253
2025-07-09 19:24:59 INFO     Hit10: 0.208796
2025-07-09 19:24:59 INFO     MR   : 1044.269001
2025-07-09 19:24:59 INFO     MRR  : 0.122250
2025-07-09 19:24:59 INFO     >>>>> Predictor: Computing H scores of rules
2025-07-09 19:53:24 INFO     1000 5959
2025-07-09 20:22:22 INFO     2000 5959
2025-07-09 20:50:59 INFO     3000 5959
2025-07-09 21:19:46 INFO     4000 5959
2025-07-09 21:48:21 INFO     5000 5959
2025-07-09 22:17:29 INFO     >>>>> Generator: Training
2025-07-09 22:17:33 INFO     -------------------------
2025-07-09 22:17:33 INFO     | EM Iteration: 2/5
2025-07-09 22:17:33 INFO     -------------------------
2025-07-09 22:17:33 INFO     >>>>> Using Generator's sample rule
2025-07-09 22:17:33 INFO     >>>>> Generator: Rule generation with sampling
2025-07-09 22:17:33 INFO     Predictor: read 1912 rules from list.
2025-07-09 22:17:33 INFO     Preprocess training set
2025-07-09 22:17:33 INFO     >>>>> Predictor: Training
2025-07-09 22:18:24 INFO     1000 5959 8.777563 69314.6
2025-07-09 22:19:15 INFO     2000 5959 8.371464 69271.3
2025-07-09 22:20:05 INFO     3000 5959 8.153242 69245.2
2025-07-09 22:20:55 INFO     4000 5959 7.969263 69340.6
2025-07-09 22:21:46 INFO     5000 5959 7.793321 69340.6
2025-07-09 22:22:34 INFO     >>>>> Predictor: Evaluating on valid
2025-07-09 22:22:44 INFO     Data : 2077
2025-07-09 22:22:44 INFO     Hit1 : 0.018777
2025-07-09 22:22:44 INFO     Hit3 : 0.033702
2025-07-09 22:22:44 INFO     Hit10: 0.057294
2025-07-09 22:22:44 INFO     MR   : 1435.782378
2025-07-09 22:22:44 INFO     MRR  : 0.034306
2025-07-09 22:22:44 INFO     >>>>> Predictor: Evaluating on test
2025-07-09 22:22:54 INFO     Data : 2342
2025-07-09 22:22:54 INFO     Hit1 : 0.017506
2025-07-09 22:22:54 INFO     Hit3 : 0.033305
2025-07-09 22:22:54 INFO     Hit10: 0.061059
2025-07-09 22:22:54 INFO     MR   : 1332.336038
2025-07-09 22:22:54 INFO     MRR  : 0.034204
2025-07-09 22:22:54 INFO     >>>>> Predictor: Computing H scores of rules
2025-07-09 22:25:14 INFO     1000 5959
2025-07-09 22:27:34 INFO     2000 5959
2025-07-09 22:29:53 INFO     3000 5959
2025-07-09 22:32:13 INFO     4000 5959
2025-07-09 22:34:33 INFO     5000 5959
2025-07-09 22:36:49 INFO     >>>>> Generator: Training
2025-07-09 22:36:52 INFO     -------------------------
2025-07-09 22:36:52 INFO     | EM Iteration: 3/5
2025-07-09 22:36:52 INFO     -------------------------
2025-07-09 22:36:52 INFO     >>>>> Using Generator's sample rule
2025-07-09 22:36:52 INFO     >>>>> Generator: Rule generation with sampling
2025-07-09 22:36:52 INFO     Predictor: read 1916 rules from list.
2025-07-09 22:36:52 INFO     Preprocess training set
2025-07-09 22:36:52 INFO     >>>>> Predictor: Training
2025-07-09 22:37:42 INFO     1000 5959 8.801476 69332.0
2025-07-09 22:38:32 INFO     2000 5959 8.440751 69349.3
2025-07-09 22:39:23 INFO     3000 5959 8.214335 69184.5
2025-07-09 22:40:13 INFO     4000 5959 8.010395 69253.9
2025-07-09 22:41:03 INFO     5000 5959 7.912868 69332.0
2025-07-09 22:41:51 INFO     >>>>> Predictor: Evaluating on valid
2025-07-09 22:42:01 INFO     Data : 2077
2025-07-09 22:42:01 INFO     Hit1 : 0.013962
2025-07-09 22:42:01 INFO     Hit3 : 0.020703
2025-07-09 22:42:01 INFO     Hit10: 0.033221
2025-07-09 22:42:01 INFO     MR   : 1497.424410
2025-07-09 22:42:01 INFO     MRR  : 0.023734
2025-07-09 22:42:01 INFO     >>>>> Predictor: Evaluating on test
2025-07-09 22:42:11 INFO     Data : 2342
2025-07-09 22:42:11 INFO     Hit1 : 0.013237
2025-07-09 22:42:11 INFO     Hit3 : 0.018360
2025-07-09 22:42:11 INFO     Hit10: 0.028181
2025-07-09 22:42:11 INFO     MR   : 1380.473100
2025-07-09 22:42:11 INFO     MRR  : 0.022296
2025-07-09 22:42:11 INFO     >>>>> Predictor: Computing H scores of rules
2025-07-09 22:44:29 INFO     1000 5959
2025-07-09 22:46:47 INFO     2000 5959
2025-07-09 22:49:06 INFO     3000 5959
2025-07-09 22:51:24 INFO     4000 5959
2025-07-09 22:53:42 INFO     5000 5959
2025-07-09 22:55:57 INFO     >>>>> Generator: Training
2025-07-09 22:56:01 INFO     -------------------------
2025-07-09 22:56:01 INFO     | EM Iteration: 4/5
2025-07-09 22:56:01 INFO     -------------------------
2025-07-09 22:56:01 INFO     >>>>> Using Generator's sample rule
2025-07-09 22:56:01 INFO     >>>>> Generator: Rule generation with sampling
2025-07-09 22:56:01 INFO     Predictor: read 1941 rules from list.
2025-07-09 22:56:01 INFO     Preprocess training set
2025-07-09 22:56:01 INFO     >>>>> Predictor: Training
2025-07-09 22:56:52 INFO     1000 5959 8.788229 69271.3
2025-07-09 22:57:42 INFO     2000 5959 8.409160 69340.6
2025-07-09 22:58:32 INFO     3000 5959 8.146003 69384.0
2025-07-09 22:59:23 INFO     4000 5959 7.965456 69262.6
2025-07-09 23:00:13 INFO     5000 5959 7.809823 69332.0
2025-07-09 23:01:02 INFO     >>>>> Predictor: Evaluating on valid
2025-07-09 23:01:12 INFO     Data : 2077
2025-07-09 23:01:12 INFO     Hit1 : 0.009629
2025-07-09 23:01:12 INFO     Hit3 : 0.022147
2025-07-09 23:01:12 INFO     Hit10: 0.038517
2025-07-09 23:01:12 INFO     MR   : 1480.896485
2025-07-09 23:01:12 INFO     MRR  : 0.023832
2025-07-09 23:01:12 INFO     >>>>> Predictor: Evaluating on test
2025-07-09 23:01:22 INFO     Data : 2342
2025-07-09 23:01:22 INFO     Hit1 : 0.009821
2025-07-09 23:01:22 INFO     Hit3 : 0.018787
2025-07-09 23:01:22 INFO     Hit10: 0.039283
2025-07-09 23:01:22 INFO     MR   : 1372.745517
2025-07-09 23:01:22 INFO     MRR  : 0.022972
2025-07-09 23:01:22 INFO     >>>>> Predictor: Computing H scores of rules
2025-07-09 23:03:42 INFO     1000 5959
2025-07-09 23:06:02 INFO     2000 5959
2025-07-09 23:08:21 INFO     3000 5959
2025-07-09 23:10:40 INFO     4000 5959
2025-07-09 23:13:00 INFO     5000 5959
2025-07-09 23:15:16 INFO     >>>>> Generator: Training
2025-07-09 23:15:20 INFO     -------------------------
2025-07-09 23:15:20 INFO     | EM Iteration: 5/5
2025-07-09 23:15:20 INFO     -------------------------
2025-07-09 23:15:20 INFO     >>>>> Using Generator's sample rule
2025-07-09 23:15:20 INFO     >>>>> Generator: Rule generation with sampling
2025-07-09 23:15:20 INFO     Predictor: read 1964 rules from list.
2025-07-09 23:15:20 INFO     Preprocess training set
2025-07-09 23:15:20 INFO     >>>>> Predictor: Training
2025-07-09 23:16:12 INFO     1000 5959 8.829234 69332.0
2025-07-09 23:17:04 INFO     2000 5959 8.511628 69349.3
2025-07-09 23:17:57 INFO     3000 5959 8.318627 69340.6
2025-07-09 23:18:49 INFO     4000 5959 8.180989 69297.3
2025-07-09 23:19:43 INFO     5000 5959 8.077482 69219.2
2025-07-09 23:20:33 INFO     >>>>> Predictor: Evaluating on valid
2025-07-09 23:20:43 INFO     Data : 2077
2025-07-09 23:20:43 INFO     Hit1 : 0.028406
2025-07-09 23:20:43 INFO     Hit3 : 0.054405
2025-07-09 23:20:43 INFO     Hit10: 0.079923
2025-07-09 23:20:43 INFO     MR   : 1447.493019
2025-07-09 23:20:43 INFO     MRR  : 0.049663
2025-07-09 23:20:43 INFO     >>>>> Predictor: Evaluating on test
2025-07-09 23:20:54 INFO     Data : 2342
2025-07-09 23:20:54 INFO     Hit1 : 0.028181
2025-07-09 23:20:54 INFO     Hit3 : 0.053800
2025-07-09 23:20:54 INFO     Hit10: 0.078992
2025-07-09 23:20:54 INFO     MR   : 1342.234202
2025-07-09 23:20:54 INFO     MRR  : 0.050400
2025-07-09 23:20:54 INFO     >>>>> Predictor: Computing H scores of rules
2025-07-09 23:23:17 INFO     1000 5959
2025-07-09 23:25:40 INFO     2000 5959
2025-07-09 23:28:02 INFO     3000 5959
2025-07-09 23:30:25 INFO     4000 5959
2025-07-09 23:32:48 INFO     5000 5959
2025-07-09 23:35:06 INFO     >>>>> Generator: Training
2025-07-09 23:35:10 INFO     -------------------------
2025-07-09 23:35:10 INFO     | Post-train Generator
2025-07-09 23:35:10 INFO     -------------------------
2025-07-09 23:35:11 INFO     >>>>> Generator: Training
2025-07-09 23:35:49 INFO     [E01000] Total 3.142019 | Main 3.153684 | RelClus 2.122851 | EntType 2.980349
2025-07-09 23:35:49 INFO     -------------------------
2025-07-09 23:35:49 INFO     | Beam Search Best Rules
2025-07-09 23:35:49 INFO     -------------------------
2025-07-09 23:35:49 INFO     >>>>> Generator: Rule generation with beam search
2025-07-09 23:35:50 INFO     >>>>> Generator: Rule generation with beam search
2025-07-09 23:35:54 INFO     >>>>> Generator: Rule generation with beam search
2025-07-09 23:37:00 INFO     >>>>> Generator: Rule generation with beam search
2025-07-09 23:37:53 INFO     >>>>> Generator: Rule generation with beam search
2025-07-09 23:38:30 INFO     -------------------------
2025-07-09 23:38:30 INFO     | Train Final Predictor+
2025-07-09 23:38:30 INFO     -------------------------
2025-07-09 23:38:30 INFO     Predictor+: read 18420 rules from list.
2025-07-09 23:38:30 INFO     Preprocess training set
2025-07-09 23:38:30 INFO     -------------------------
2025-07-09 23:38:30 INFO     | Iteration: 1/5
2025-07-09 23:38:30 INFO     -------------------------
2025-07-09 23:38:30 INFO     >>>>> Predictor: Training
2025-07-09 23:42:37 INFO     1000 5959 4.901320 69271.3
2025-07-09 23:46:44 INFO     2000 5959 4.725355 69332.0
2025-07-09 23:50:51 INFO     3000 5959 4.708408 69375.3
2025-07-09 23:54:58 INFO     4000 5959 4.710883 69279.9
2025-07-09 23:59:05 INFO     5000 5959 4.683403 69349.3
2025-07-10 00:03:02 INFO     >>>>> Predictor: Evaluating on valid
2025-07-10 00:04:03 INFO     Data : 2077
2025-07-10 00:04:03 INFO     Hit1 : 0.106885
2025-07-10 00:04:03 INFO     Hit3 : 0.182956
2025-07-10 00:04:03 INFO     Hit10: 0.318247
2025-07-10 00:04:03 INFO     MR   : 983.238325
2025-07-10 00:04:03 INFO     MRR  : 0.170497
2025-07-10 00:04:03 INFO     >>>>> Predictor: Evaluating on test
2025-07-10 00:05:11 INFO     Data : 2342
2025-07-10 00:05:11 INFO     Hit1 : 0.130658
2025-07-10 00:05:11 INFO     Hit3 : 0.205380
2025-07-10 00:05:11 INFO     Hit10: 0.315115
2025-07-10 00:05:11 INFO     MR   : 918.567677
2025-07-10 00:05:11 INFO     MRR  : 0.191394
2025-07-10 00:05:11 INFO     Save checkpoint to results/semmeddb/10_times_each/cluster_k/5_20250709_192102/predictor.pt
2025-07-10 00:05:11 INFO     -------------------------
2025-07-10 00:05:11 INFO     | Iteration: 2/5
2025-07-10 00:05:11 INFO     -------------------------
2025-07-10 00:05:11 INFO     >>>>> Predictor: Training
2025-07-10 00:09:18 INFO     1000 5959 4.602216 69366.7
2025-07-10 00:13:26 INFO     2000 5959 4.652499 69375.3
2025-07-10 00:17:33 INFO     3000 5959 4.636446 69219.2
2025-07-10 00:21:40 INFO     4000 5959 4.652751 69305.9
2025-07-10 00:25:47 INFO     5000 5959 4.614807 69288.6
2025-07-10 00:29:44 INFO     >>>>> Predictor: Evaluating on valid
2025-07-10 00:30:45 INFO     Data : 2077
2025-07-10 00:30:45 INFO     Hit1 : 0.096293
2025-07-10 00:30:45 INFO     Hit3 : 0.181993
2025-07-10 00:30:45 INFO     Hit10: 0.315840
2025-07-10 00:30:45 INFO     MR   : 947.644921
2025-07-10 00:30:45 INFO     MRR  : 0.166732
2025-07-10 00:30:45 INFO     >>>>> Predictor: Evaluating on test
2025-07-10 00:31:53 INFO     Data : 2342
2025-07-10 00:31:53 INFO     Hit1 : 0.132792
2025-07-10 00:31:53 INFO     Hit3 : 0.212212
2025-07-10 00:31:53 INFO     Hit10: 0.320239
2025-07-10 00:31:53 INFO     MR   : 882.251067
2025-07-10 00:31:53 INFO     MRR  : 0.194962
2025-07-10 00:31:53 INFO     -------------------------
2025-07-10 00:31:53 INFO     | Iteration: 3/5
2025-07-10 00:31:53 INFO     -------------------------
2025-07-10 00:31:53 INFO     >>>>> Predictor: Training
2025-07-10 00:36:01 INFO     1000 5959 4.617608 69288.6
2025-07-10 00:40:08 INFO     2000 5959 4.616588 69288.6
2025-07-10 00:44:16 INFO     3000 5959 4.606928 69340.6
2025-07-10 00:48:24 INFO     4000 5959 4.611842 69271.3
2025-07-10 00:52:32 INFO     5000 5959 4.636305 69219.2
2025-07-10 00:56:30 INFO     >>>>> Predictor: Evaluating on valid
2025-07-10 00:57:30 INFO     Data : 2077
2025-07-10 00:57:30 INFO     Hit1 : 0.084256
2025-07-10 00:57:30 INFO     Hit3 : 0.180067
2025-07-10 00:57:30 INFO     Hit10: 0.301878
2025-07-10 00:57:30 INFO     MR   : 941.516610
2025-07-10 00:57:30 INFO     MRR  : 0.157615
2025-07-10 00:57:30 INFO     >>>>> Predictor: Evaluating on test
2025-07-10 00:58:38 INFO     Data : 2342
2025-07-10 00:58:38 INFO     Hit1 : 0.114432
2025-07-10 00:58:38 INFO     Hit3 : 0.197694
2025-07-10 00:58:38 INFO     Hit10: 0.316823
2025-07-10 00:58:38 INFO     MR   : 868.538642
2025-07-10 00:58:38 INFO     MRR  : 0.180155
2025-07-10 00:58:38 INFO     -------------------------
2025-07-10 00:58:38 INFO     | Iteration: 4/5
2025-07-10 00:58:38 INFO     -------------------------
2025-07-10 00:58:38 INFO     >>>>> Predictor: Training
2025-07-10 01:02:45 INFO     1000 5959 4.592944 69340.6
2025-07-10 01:06:53 INFO     2000 5959 4.563204 69184.5
2025-07-10 01:11:01 INFO     3000 5959 4.624503 69253.9
2025-07-10 01:15:09 INFO     4000 5959 4.599716 69340.6
2025-07-10 01:19:16 INFO     5000 5959 4.598336 69384.0
2025-07-10 01:23:14 INFO     >>>>> Predictor: Evaluating on valid
2025-07-10 01:24:14 INFO     Data : 2077
2025-07-10 01:24:14 INFO     Hit1 : 0.092441
2025-07-10 01:24:14 INFO     Hit3 : 0.181512
2025-07-10 01:24:14 INFO     Hit10: 0.313914
2025-07-10 01:24:14 INFO     MR   : 931.257102
2025-07-10 01:24:14 INFO     MRR  : 0.163242
2025-07-10 01:24:14 INFO     >>>>> Predictor: Evaluating on test
2025-07-10 01:25:22 INFO     Data : 2342
2025-07-10 01:25:22 INFO     Hit1 : 0.127242
2025-07-10 01:25:22 INFO     Hit3 : 0.211358
2025-07-10 01:25:22 INFO     Hit10: 0.323228
2025-07-10 01:25:22 INFO     MR   : 861.943424
2025-07-10 01:25:22 INFO     MRR  : 0.191684
2025-07-10 01:25:22 INFO     -------------------------
2025-07-10 01:25:22 INFO     | Iteration: 5/5
2025-07-10 01:25:22 INFO     -------------------------
2025-07-10 01:25:22 INFO     >>>>> Predictor: Training
2025-07-10 01:29:29 INFO     1000 5959 4.603228 69323.3
2025-07-10 01:33:37 INFO     2000 5959 4.582308 69332.0
2025-07-10 01:37:44 INFO     3000 5959 4.613893 69219.2
2025-07-10 01:41:52 INFO     4000 5959 4.610964 69297.3
2025-07-10 01:46:00 INFO     5000 5959 4.573546 69332.0
2025-07-10 01:49:57 INFO     >>>>> Predictor: Evaluating on valid
2025-07-10 01:50:58 INFO     Data : 2077
2025-07-10 01:50:58 INFO     Hit1 : 0.094848
2025-07-10 01:50:58 INFO     Hit3 : 0.182956
2025-07-10 01:50:58 INFO     Hit10: 0.311988
2025-07-10 01:50:58 INFO     MR   : 922.325229
2025-07-10 01:50:58 INFO     MRR  : 0.165155
2025-07-10 01:50:58 INFO     >>>>> Predictor: Evaluating on test
2025-07-10 01:52:06 INFO     Data : 2342
2025-07-10 01:52:06 INFO     Hit1 : 0.131085
2025-07-10 01:52:06 INFO     Hit3 : 0.213920
2025-07-10 01:52:06 INFO     Hit10: 0.321520
2025-07-10 01:52:06 INFO     MR   : 853.763450
2025-07-10 01:52:06 INFO     MRR  : 0.194812
2025-07-10 01:52:06 INFO     -------------------------
2025-07-10 01:52:06 INFO     | Final Test MRR: 0.191394
2025-07-10 01:52:06 INFO     -------------------------
