2025-07-19 16:30:35 INFO     is_soft_label: False
2025-07-19 16:30:35 INFO     is_scheduled_sampling: False
2025-07-19 16:30:35 INFO     is_test_mode: False
2025-07-19 16:30:36 INFO     Data loading | DONE!
2025-07-19 16:30:36 INFO     Using full datasets for training, validation, and testing.
2025-07-19 16:30:36 INFO     -------------------------
2025-07-19 16:30:36 INFO     | EM Iteration: 1/5
2025-07-19 16:30:36 INFO     -------------------------
2025-07-19 16:30:36 INFO     >>>>> Using miner's rule
2025-07-19 16:30:36 INFO     Predictor: read 13661 rules from list.
2025-07-19 16:30:37 INFO     Preprocess training set
2025-07-19 16:30:37 INFO     >>>>> Predictor: Evaluating on valid
2025-07-19 16:32:46 INFO     Data : 2077
2025-07-19 16:32:46 INFO     Hit1 : 0.065479
2025-07-19 16:32:46 INFO     Hit3 : 0.127106
2025-07-19 16:32:46 INFO     Hit10: 0.199326
2025-07-19 16:32:46 INFO     MR   : 1120.902022
2025-07-19 16:32:46 INFO     MRR  : 0.114382
2025-07-19 16:32:46 INFO     >>>>> Predictor: Evaluating on test
2025-07-19 16:35:15 INFO     Data : 2342
2025-07-19 16:35:15 INFO     Hit1 : 0.078992
2025-07-19 16:35:15 INFO     Hit3 : 0.124253
2025-07-19 16:35:15 INFO     Hit10: 0.208796
2025-07-19 16:35:15 INFO     MR   : 1044.269001
2025-07-19 16:35:15 INFO     MRR  : 0.122250
2025-07-19 16:35:15 INFO     >>>>> Predictor: Computing H scores of rules
2025-07-19 17:08:31 INFO     1000 5959
2025-07-19 17:42:10 INFO     2000 5959
2025-07-19 18:15:34 INFO     3000 5959
2025-07-19 18:49:11 INFO     4000 5959
2025-07-19 19:22:30 INFO     5000 5959
2025-07-19 19:56:28 INFO     >>>>> Generator: Training
2025-07-19 19:56:34 INFO     -------------------------
2025-07-19 19:56:34 INFO     | EM Iteration: 2/5
2025-07-19 19:56:34 INFO     -------------------------
2025-07-19 19:56:34 INFO     >>>>> Using Generator's sample rule
2025-07-19 19:56:34 INFO     >>>>> Generator: Rule generation with sampling
2025-07-19 19:56:34 INFO     Predictor: read 1904 rules from list.
2025-07-19 19:56:34 INFO     Preprocess training set
2025-07-19 19:56:34 INFO     >>>>> Predictor: Training
2025-07-19 19:57:35 INFO     1000 5959 8.782312 69314.6
2025-07-19 19:58:35 INFO     2000 5959 8.410004 69271.3
2025-07-19 19:59:36 INFO     3000 5959 8.219053 69245.2
2025-07-19 20:00:37 INFO     4000 5959 8.065449 69340.6
2025-07-19 20:01:38 INFO     5000 5959 7.940880 69340.6
2025-07-19 20:02:36 INFO     >>>>> Predictor: Evaluating on valid
2025-07-19 20:02:47 INFO     Data : 2077
2025-07-19 20:02:47 INFO     Hit1 : 0.025036
2025-07-19 20:02:47 INFO     Hit3 : 0.040924
2025-07-19 20:02:47 INFO     Hit10: 0.064035
2025-07-19 20:02:47 INFO     MR   : 1407.828117
2025-07-19 20:02:47 INFO     MRR  : 0.041154
2025-07-19 20:02:47 INFO     >>>>> Predictor: Evaluating on test
2025-07-19 20:02:59 INFO     Data : 2342
2025-07-19 20:02:59 INFO     Hit1 : 0.019641
2025-07-19 20:02:59 INFO     Hit3 : 0.030743
2025-07-19 20:02:59 INFO     Hit10: 0.056362
2025-07-19 20:02:59 INFO     MR   : 1317.205807
2025-07-19 20:02:59 INFO     MRR  : 0.034766
2025-07-19 20:02:59 INFO     >>>>> Predictor: Computing H scores of rules
2025-07-19 20:05:39 INFO     1000 5959
2025-07-19 20:08:18 INFO     2000 5959
2025-07-19 20:10:58 INFO     3000 5959
2025-07-19 20:13:38 INFO     4000 5959
2025-07-19 20:16:16 INFO     5000 5959
2025-07-19 20:18:50 INFO     >>>>> Generator: Training
2025-07-19 20:18:56 INFO     -------------------------
2025-07-19 20:18:56 INFO     | EM Iteration: 3/5
2025-07-19 20:18:56 INFO     -------------------------
2025-07-19 20:18:56 INFO     >>>>> Using Generator's sample rule
2025-07-19 20:18:56 INFO     >>>>> Generator: Rule generation with sampling
2025-07-19 20:18:56 INFO     Predictor: read 1877 rules from list.
2025-07-19 20:18:56 INFO     Preprocess training set
2025-07-19 20:18:56 INFO     >>>>> Predictor: Training
2025-07-19 20:19:56 INFO     1000 5959 8.809976 69332.0
2025-07-19 20:20:56 INFO     2000 5959 8.469537 69349.3
2025-07-19 20:21:56 INFO     3000 5959 8.254404 69184.5
2025-07-19 20:22:56 INFO     4000 5959 8.080450 69253.9
2025-07-19 20:23:56 INFO     5000 5959 7.983767 69332.0
2025-07-19 20:24:53 INFO     >>>>> Predictor: Evaluating on valid
2025-07-19 20:25:04 INFO     Data : 2077
2025-07-19 20:25:04 INFO     Hit1 : 0.010592
2025-07-19 20:25:04 INFO     Hit3 : 0.025999
2025-07-19 20:25:04 INFO     Hit10: 0.051035
2025-07-19 20:25:04 INFO     MR   : 1450.381801
2025-07-19 20:25:04 INFO     MRR  : 0.026797
2025-07-19 20:25:04 INFO     >>>>> Predictor: Evaluating on test
2025-07-19 20:25:16 INFO     Data : 2342
2025-07-19 20:25:16 INFO     Hit1 : 0.014091
2025-07-19 20:25:16 INFO     Hit3 : 0.024765
2025-07-19 20:25:16 INFO     Hit10: 0.047395
2025-07-19 20:25:16 INFO     MR   : 1340.377455
2025-07-19 20:25:16 INFO     MRR  : 0.028016
2025-07-19 20:25:16 INFO     >>>>> Predictor: Computing H scores of rules
2025-07-19 20:27:52 INFO     1000 5959
2025-07-19 20:30:28 INFO     2000 5959
2025-07-19 20:33:05 INFO     3000 5959
2025-07-19 20:35:44 INFO     4000 5959
2025-07-19 20:38:20 INFO     5000 5959
2025-07-19 20:40:56 INFO     >>>>> Generator: Training
2025-07-19 20:41:01 INFO     -------------------------
2025-07-19 20:41:01 INFO     | EM Iteration: 4/5
2025-07-19 20:41:01 INFO     -------------------------
2025-07-19 20:41:01 INFO     >>>>> Using Generator's sample rule
2025-07-19 20:41:01 INFO     >>>>> Generator: Rule generation with sampling
2025-07-19 20:41:01 INFO     Predictor: read 1847 rules from list.
2025-07-19 20:41:01 INFO     Preprocess training set
2025-07-19 20:41:01 INFO     >>>>> Predictor: Training
2025-07-19 20:42:00 INFO     1000 5959 8.791110 69271.3
2025-07-19 20:43:01 INFO     2000 5959 8.404539 69340.6
2025-07-19 20:44:00 INFO     3000 5959 8.137731 69384.0
2025-07-19 20:44:59 INFO     4000 5959 7.963986 69262.6
2025-07-19 20:45:57 INFO     5000 5959 7.819836 69332.0
2025-07-19 20:46:54 INFO     >>>>> Predictor: Evaluating on valid
2025-07-19 20:47:04 INFO     Data : 2077
2025-07-19 20:47:04 INFO     Hit1 : 0.006259
2025-07-19 20:47:04 INFO     Hit3 : 0.018296
2025-07-19 20:47:04 INFO     Hit10: 0.036110
2025-07-19 20:47:04 INFO     MR   : 1486.285749
2025-07-19 20:47:04 INFO     MRR  : 0.019680
2025-07-19 20:47:04 INFO     >>>>> Predictor: Evaluating on test
2025-07-19 20:47:16 INFO     Data : 2342
2025-07-19 20:47:16 INFO     Hit1 : 0.008540
2025-07-19 20:47:16 INFO     Hit3 : 0.018787
2025-07-19 20:47:16 INFO     Hit10: 0.035440
2025-07-19 20:47:16 INFO     MR   : 1371.789710
2025-07-19 20:47:16 INFO     MRR  : 0.020680
2025-07-19 20:47:16 INFO     >>>>> Predictor: Computing H scores of rules
2025-07-19 20:49:51 INFO     1000 5959
2025-07-19 20:52:26 INFO     2000 5959
2025-07-19 20:55:03 INFO     3000 5959
2025-07-19 20:57:38 INFO     4000 5959
2025-07-19 21:00:15 INFO     5000 5959
2025-07-19 21:02:48 INFO     >>>>> Generator: Training
2025-07-19 21:02:53 INFO     -------------------------
2025-07-19 21:02:53 INFO     | EM Iteration: 5/5
2025-07-19 21:02:53 INFO     -------------------------
2025-07-19 21:02:53 INFO     >>>>> Using Generator's sample rule
2025-07-19 21:02:53 INFO     >>>>> Generator: Rule generation with sampling
2025-07-19 21:02:54 INFO     Predictor: read 1676 rules from list.
2025-07-19 21:02:54 INFO     Preprocess training set
2025-07-19 21:02:54 INFO     >>>>> Predictor: Training
2025-07-19 21:03:45 INFO     1000 5959 8.805924 69332.0
2025-07-19 21:04:37 INFO     2000 5959 8.434382 69349.3
2025-07-19 21:05:29 INFO     3000 5959 8.182272 69340.6
2025-07-19 21:06:20 INFO     4000 5959 8.012417 69297.3
2025-07-19 21:07:12 INFO     5000 5959 7.830053 69219.2
2025-07-19 21:08:01 INFO     >>>>> Predictor: Evaluating on valid
2025-07-19 21:08:10 INFO     Data : 2077
2025-07-19 21:08:10 INFO     Hit1 : 0.029851
2025-07-19 21:08:10 INFO     Hit3 : 0.053924
2025-07-19 21:08:10 INFO     Hit10: 0.076071
2025-07-19 21:08:10 INFO     MR   : 1451.129995
2025-07-19 21:08:10 INFO     MRR  : 0.049605
2025-07-19 21:08:10 INFO     >>>>> Predictor: Evaluating on test
2025-07-19 21:08:21 INFO     Data : 2342
2025-07-19 21:08:21 INFO     Hit1 : 0.028608
2025-07-19 21:08:21 INFO     Hit3 : 0.046541
2025-07-19 21:08:21 INFO     Hit10: 0.084116
2025-07-19 21:08:21 INFO     MR   : 1334.989112
2025-07-19 21:08:21 INFO     MRR  : 0.048452
2025-07-19 21:08:21 INFO     >>>>> Predictor: Computing H scores of rules
2025-07-19 21:10:42 INFO     1000 5959
2025-07-19 21:13:02 INFO     2000 5959
2025-07-19 21:15:24 INFO     3000 5959
2025-07-19 21:17:45 INFO     4000 5959
2025-07-19 21:20:06 INFO     5000 5959
2025-07-19 21:22:23 INFO     >>>>> Generator: Training
2025-07-19 21:22:28 INFO     -------------------------
2025-07-19 21:22:28 INFO     | Post-train Generator
2025-07-19 21:22:28 INFO     -------------------------
2025-07-19 21:22:30 INFO     >>>>> Generator: Training
2025-07-19 21:23:30 INFO     [E01000] Total 2.432650 | Main 2.559255 | RelClus 1.497829 | EntType 2.354638
2025-07-19 21:23:30 INFO     -------------------------
2025-07-19 21:23:30 INFO     | Beam Search Best Rules
2025-07-19 21:23:30 INFO     -------------------------
2025-07-19 21:23:30 INFO     >>>>> Generator: Rule generation with beam search
2025-07-19 21:23:30 INFO     >>>>> Generator: Rule generation with beam search
2025-07-19 21:23:36 INFO     >>>>> Generator: Rule generation with beam search
2025-07-19 21:24:51 INFO     >>>>> Generator: Rule generation with beam search
2025-07-19 21:25:51 INFO     >>>>> Generator: Rule generation with beam search
2025-07-19 21:26:32 INFO     -------------------------
2025-07-19 21:26:32 INFO     | Train Final Predictor+
2025-07-19 21:26:32 INFO     -------------------------
2025-07-19 21:26:32 INFO     Predictor+: read 18420 rules from list.
2025-07-19 21:26:32 INFO     Preprocess training set
2025-07-19 21:26:32 INFO     -------------------------
2025-07-19 21:26:32 INFO     | Iteration: 1/5
2025-07-19 21:26:32 INFO     -------------------------
2025-07-19 21:26:32 INFO     >>>>> Predictor: Training
2025-07-19 21:31:43 INFO     1000 5959 4.989280 69271.3
2025-07-19 21:36:51 INFO     2000 5959 4.753916 69332.0
2025-07-19 21:42:00 INFO     3000 5959 4.740157 69375.3
2025-07-19 21:47:09 INFO     4000 5959 4.737184 69279.9
2025-07-19 21:52:18 INFO     5000 5959 4.707783 69349.3
2025-07-19 21:57:15 INFO     >>>>> Predictor: Evaluating on valid
2025-07-19 21:58:30 INFO     Data : 2077
2025-07-19 21:58:30 INFO     Hit1 : 0.098219
2025-07-19 21:58:30 INFO     Hit3 : 0.186326
2025-07-19 21:58:30 INFO     Hit10: 0.314877
2025-07-19 21:58:30 INFO     MR   : 988.056331
2025-07-19 21:58:30 INFO     MRR  : 0.167403
2025-07-19 21:58:30 INFO     >>>>> Predictor: Evaluating on test
2025-07-19 21:59:54 INFO     Data : 2342
2025-07-19 21:59:54 INFO     Hit1 : 0.117848
2025-07-19 21:59:54 INFO     Hit3 : 0.201110
2025-07-19 21:59:54 INFO     Hit10: 0.319385
2025-07-19 21:59:54 INFO     MR   : 921.853544
2025-07-19 21:59:54 INFO     MRR  : 0.184106
2025-07-19 21:59:54 INFO     Save checkpoint to results/semmeddb/10_times_each/fixed/622/4_20250719_163034/predictor.pt
2025-07-19 21:59:54 INFO     -------------------------
2025-07-19 21:59:54 INFO     | Iteration: 2/5
2025-07-19 21:59:54 INFO     -------------------------
2025-07-19 21:59:54 INFO     >>>>> Predictor: Training
2025-07-19 22:05:03 INFO     1000 5959 4.636455 69366.7
2025-07-19 22:10:14 INFO     2000 5959 4.676495 69375.3
2025-07-19 22:15:26 INFO     3000 5959 4.664273 69219.2
2025-07-19 22:20:36 INFO     4000 5959 4.672508 69305.9
2025-07-19 22:25:48 INFO     5000 5959 4.661082 69288.6
2025-07-19 22:30:47 INFO     >>>>> Predictor: Evaluating on valid
2025-07-19 22:32:01 INFO     Data : 2077
2025-07-19 22:32:01 INFO     Hit1 : 0.090034
2025-07-19 22:32:01 INFO     Hit3 : 0.187289
2025-07-19 22:32:01 INFO     Hit10: 0.316803
2025-07-19 22:32:01 INFO     MR   : 955.853154
2025-07-19 22:32:01 INFO     MRR  : 0.162808
2025-07-19 22:32:01 INFO     >>>>> Predictor: Evaluating on test
2025-07-19 22:33:25 INFO     Data : 2342
2025-07-19 22:33:25 INFO     Hit1 : 0.124680
2025-07-19 22:33:25 INFO     Hit3 : 0.209650
2025-07-19 22:33:25 INFO     Hit10: 0.321520
2025-07-19 22:33:25 INFO     MR   : 890.782878
2025-07-19 22:33:25 INFO     MRR  : 0.188606
2025-07-19 22:33:25 INFO     -------------------------
2025-07-19 22:33:25 INFO     | Iteration: 3/5
2025-07-19 22:33:25 INFO     -------------------------
2025-07-19 22:33:25 INFO     >>>>> Predictor: Training
2025-07-19 22:38:35 INFO     1000 5959 4.643853 69288.6
2025-07-19 22:43:45 INFO     2000 5959 4.646089 69288.6
2025-07-19 22:48:56 INFO     3000 5959 4.640243 69340.6
2025-07-19 22:54:07 INFO     4000 5959 4.637909 69271.3
2025-07-19 22:59:16 INFO     5000 5959 4.669035 69219.2
2025-07-19 23:04:13 INFO     >>>>> Predictor: Evaluating on valid
2025-07-19 23:05:28 INFO     Data : 2077
2025-07-19 23:05:28 INFO     Hit1 : 0.094367
2025-07-19 23:05:28 INFO     Hit3 : 0.180549
2025-07-19 23:05:28 INFO     Hit10: 0.306692
2025-07-19 23:05:28 INFO     MR   : 944.375060
2025-07-19 23:05:28 INFO     MRR  : 0.163548
2025-07-19 23:05:28 INFO     >>>>> Predictor: Evaluating on test
2025-07-19 23:06:52 INFO     Data : 2342
2025-07-19 23:06:52 INFO     Hit1 : 0.118702
2025-07-19 23:06:52 INFO     Hit3 : 0.200256
2025-07-19 23:06:52 INFO     Hit10: 0.313834
2025-07-19 23:06:52 INFO     MR   : 874.137703
2025-07-19 23:06:52 INFO     MRR  : 0.182589
2025-07-19 23:06:52 INFO     -------------------------
2025-07-19 23:06:52 INFO     | Iteration: 4/5
2025-07-19 23:06:52 INFO     -------------------------
2025-07-19 23:06:52 INFO     >>>>> Predictor: Training
2025-07-19 23:12:03 INFO     1000 5959 4.614897 69340.6
2025-07-19 23:17:11 INFO     2000 5959 4.591007 69184.5
2025-07-19 23:22:22 INFO     3000 5959 4.660260 69253.9
2025-07-19 23:27:34 INFO     4000 5959 4.625955 69340.6
2025-07-19 23:32:44 INFO     5000 5959 4.629479 69384.0
2025-07-19 23:37:38 INFO     >>>>> Predictor: Evaluating on valid
2025-07-19 23:38:52 INFO     Data : 2077
2025-07-19 23:38:52 INFO     Hit1 : 0.092922
2025-07-19 23:38:52 INFO     Hit3 : 0.180549
2025-07-19 23:38:52 INFO     Hit10: 0.313433
2025-07-19 23:38:52 INFO     MR   : 937.320414
2025-07-19 23:38:52 INFO     MRR  : 0.163413
2025-07-19 23:38:52 INFO     >>>>> Predictor: Evaluating on test
2025-07-19 23:40:16 INFO     Data : 2342
2025-07-19 23:40:16 INFO     Hit1 : 0.122118
2025-07-19 23:40:16 INFO     Hit3 : 0.205807
2025-07-19 23:40:16 INFO     Hit10: 0.318531
2025-07-19 23:40:16 INFO     MR   : 871.164176
2025-07-19 23:40:16 INFO     MRR  : 0.186387
2025-07-19 23:40:16 INFO     -------------------------
2025-07-19 23:40:16 INFO     | Iteration: 5/5
2025-07-19 23:40:16 INFO     -------------------------
2025-07-19 23:40:16 INFO     >>>>> Predictor: Training
2025-07-19 23:45:23 INFO     1000 5959 4.620226 69323.3
2025-07-19 23:50:34 INFO     2000 5959 4.607312 69332.0
2025-07-19 23:55:41 INFO     3000 5959 4.646987 69219.2
2025-07-20 00:00:50 INFO     4000 5959 4.636422 69297.3
2025-07-20 00:05:59 INFO     5000 5959 4.606063 69332.0
2025-07-20 00:10:55 INFO     >>>>> Predictor: Evaluating on valid
2025-07-20 00:12:09 INFO     Data : 2077
2025-07-20 00:12:09 INFO     Hit1 : 0.091960
2025-07-20 00:12:09 INFO     Hit3 : 0.182956
2025-07-20 00:12:09 INFO     Hit10: 0.318729
2025-07-20 00:12:09 INFO     MR   : 928.867116
2025-07-20 00:12:09 INFO     MRR  : 0.163754
2025-07-20 00:12:09 INFO     >>>>> Predictor: Evaluating on test
2025-07-20 00:13:34 INFO     Data : 2342
2025-07-20 00:13:34 INFO     Hit1 : 0.129804
2025-07-20 00:13:34 INFO     Hit3 : 0.207942
2025-07-20 00:13:34 INFO     Hit10: 0.322374
2025-07-20 00:13:34 INFO     MR   : 863.116781
2025-07-20 00:13:34 INFO     MRR  : 0.193018
2025-07-20 00:13:34 INFO     -------------------------
2025-07-20 00:13:34 INFO     | Final Test MRR: 0.184106
2025-07-20 00:13:34 INFO     -------------------------
