2025-05-22 09:40:17 INFO     -------------------------
2025-05-22 09:40:17 INFO     | Pre-train Generator
2025-05-22 09:40:17 INFO     -------------------------
2025-05-22 09:40:17 INFO     >>>>> Generator: Training
2025-05-22 09:40:22 INFO     [E1000] Total: 1.393090 | Main: 1.652145 | Aux: 0.910313
2025-05-22 09:40:27 INFO     [E2000] Total: 1.329190 | Main: 1.570083 | Aux: 0.892783
2025-05-22 09:40:31 INFO     [E3000] Total: 1.321428 | Main: 1.559882 | Aux: 0.890920
2025-05-22 09:40:35 INFO     [E4000] Total: 1.316421 | Main: 1.553526 | Aux: 0.889260
2025-05-22 09:40:39 INFO     [E5000] Total: 1.313208 | Main: 1.549392 | Aux: 0.888418
2025-05-22 09:40:43 INFO     [E6000] Total: 1.311104 | Main: 1.546611 | Aux: 0.887626
2025-05-22 09:40:47 INFO     [E7000] Total: 1.309926 | Main: 1.545470 | Aux: 0.887212
2025-05-22 09:40:51 INFO     [E8000] Total: 1.309698 | Main: 1.544957 | Aux: 0.886827
2025-05-22 09:40:56 INFO     [E9000] Total: 1.306983 | Main: 1.541556 | Aux: 0.886115
2025-05-22 09:41:00 INFO     [E10000] Total: 1.306921 | Main: 1.541333 | Aux: 0.886264
2025-05-22 09:41:00 INFO     -------------------------
2025-05-22 09:41:00 INFO     | EM Iteration: 1/5
2025-05-22 09:41:00 INFO     -------------------------
2025-05-22 09:41:00 INFO     >>>>> Generator: Rule generation with sampling
2025-05-22 09:41:00 INFO     Predictor: read 1352 rules from list.
2025-05-22 09:41:00 INFO     Preprocess training set
2025-05-22 09:41:00 INFO     >>>>> Predictor: Training
2025-05-22 09:41:39 INFO     1000 12313 8.236304 69358.0
2025-05-22 09:42:17 INFO     2000 12313 7.802481 69332.0
2025-05-22 09:42:56 INFO     3000 12313 7.576615 69384.0
2025-05-22 09:43:34 INFO     4000 12313 7.456160 69279.9
2025-05-22 09:44:13 INFO     5000 12313 7.347367 69332.0
2025-05-22 09:44:52 INFO     6000 12313 7.264455 69384.0
2025-05-22 09:45:30 INFO     7000 12313 7.185948 69297.3
2025-05-22 09:46:09 INFO     8000 12313 7.166671 69323.3
2025-05-22 09:46:48 INFO     9000 12313 7.099457 69358.0
2025-05-22 09:47:27 INFO     10000 12313 7.082170 69332.0
2025-05-22 09:48:05 INFO     11000 12313 7.042838 69366.7
2025-05-22 09:48:44 INFO     12000 12313 7.016413 69279.9
2025-05-22 09:48:57 INFO     >>>>> Predictor: Evaluating on valid
2025-05-22 09:49:13 INFO     Data : 3823
2025-05-22 09:49:13 INFO     Hit1 : 0.027988
2025-05-22 09:49:13 INFO     Hit3 : 0.056239
2025-05-22 09:49:13 INFO     Hit10: 0.108292
2025-05-22 09:49:13 INFO     MR   : 1178.321868
2025-05-22 09:49:13 INFO     MRR  : 0.055557
2025-05-22 09:49:13 INFO     >>>>> Predictor: Evaluating on test
2025-05-22 09:49:32 INFO     Data : 4402
2025-05-22 09:49:32 INFO     Hit1 : 0.035893
2025-05-22 09:49:32 INFO     Hit3 : 0.065425
2025-05-22 09:49:32 INFO     Hit10: 0.109950
2025-05-22 09:49:32 INFO     MR   : 1174.670036
2025-05-22 09:49:32 INFO     MRR  : 0.062326
2025-05-22 09:49:32 INFO     >>>>> Predictor: Computing H scores of rules
2025-05-22 09:50:13 INFO     1000 12313
2025-05-22 09:50:55 INFO     2000 12313
2025-05-22 09:51:36 INFO     3000 12313
2025-05-22 09:52:18 INFO     4000 12313
2025-05-22 09:52:59 INFO     5000 12313
2025-05-22 09:53:41 INFO     6000 12313
2025-05-22 09:54:22 INFO     7000 12313
2025-05-22 09:55:04 INFO     8000 12313
2025-05-22 09:55:45 INFO     9000 12313
2025-05-22 09:56:27 INFO     10000 12313
2025-05-22 09:57:08 INFO     11000 12313
2025-05-22 09:57:49 INFO     12000 12313
2025-05-22 09:58:02 INFO     >>>>> Generator: Training
2025-05-22 09:58:03 INFO     -------------------------
2025-05-22 09:58:03 INFO     | EM Iteration: 2/5
2025-05-22 09:58:03 INFO     -------------------------
2025-05-22 09:58:03 INFO     >>>>> Generator: Rule generation with sampling
2025-05-22 09:58:03 INFO     Predictor: read 1412 rules from list.
2025-05-22 09:58:03 INFO     Preprocess training set
2025-05-22 09:58:03 INFO     >>>>> Predictor: Training
2025-05-22 09:58:44 INFO     1000 12313 8.255845 69366.7
2025-05-22 09:59:26 INFO     2000 12313 7.776506 69279.9
2025-05-22 10:00:07 INFO     3000 12313 7.617290 69253.9
2025-05-22 10:00:49 INFO     4000 12313 7.466239 69340.6
2025-05-22 10:01:30 INFO     5000 12313 7.388357 69366.7
2025-05-22 10:02:12 INFO     6000 12313 7.303945 69358.0
2025-05-22 10:02:53 INFO     7000 12313 7.266322 69366.7
2025-05-22 10:03:34 INFO     8000 12313 7.248405 69384.0
2025-05-22 10:04:16 INFO     9000 12313 7.206810 69262.6
2025-05-22 10:04:57 INFO     10000 12313 7.179352 69323.3
2025-05-22 10:05:39 INFO     11000 12313 7.156930 69366.7
2025-05-22 10:06:20 INFO     12000 12313 7.139900 69332.0
2025-05-22 10:06:33 INFO     >>>>> Predictor: Evaluating on valid
2025-05-22 10:06:49 INFO     Data : 3823
2025-05-22 10:06:49 INFO     Hit1 : 0.030604
2025-05-22 10:06:49 INFO     Hit3 : 0.058331
2025-05-22 10:06:49 INFO     Hit10: 0.110123
2025-05-22 10:06:49 INFO     MR   : 1154.160738
2025-05-22 10:06:49 INFO     MRR  : 0.058862
2025-05-22 10:06:49 INFO     >>>>> Predictor: Evaluating on test
2025-05-22 10:07:07 INFO     Data : 4402
2025-05-22 10:07:07 INFO     Hit1 : 0.039073
2025-05-22 10:07:07 INFO     Hit3 : 0.066333
2025-05-22 10:07:07 INFO     Hit10: 0.113130
2025-05-22 10:07:07 INFO     MR   : 1139.965129
2025-05-22 10:07:07 INFO     MRR  : 0.065898
2025-05-22 10:07:07 INFO     >>>>> Predictor: Computing H scores of rules
2025-05-22 10:07:51 INFO     1000 12313
2025-05-22 10:08:35 INFO     2000 12313
2025-05-22 10:09:19 INFO     3000 12313
2025-05-22 10:10:03 INFO     4000 12313
2025-05-22 10:10:47 INFO     5000 12313
2025-05-22 10:11:31 INFO     6000 12313
2025-05-22 10:12:15 INFO     7000 12313
2025-05-22 10:12:59 INFO     8000 12313
2025-05-22 10:13:44 INFO     9000 12313
2025-05-22 10:14:28 INFO     10000 12313
2025-05-22 10:15:13 INFO     11000 12313
2025-05-22 10:15:57 INFO     12000 12313
2025-05-22 10:16:11 INFO     >>>>> Generator: Training
2025-05-22 10:16:11 INFO     -------------------------
2025-05-22 10:16:11 INFO     | EM Iteration: 3/5
2025-05-22 10:16:11 INFO     -------------------------
2025-05-22 10:16:11 INFO     >>>>> Generator: Rule generation with sampling
2025-05-22 10:16:11 INFO     Predictor: read 1512 rules from list.
2025-05-22 10:16:11 INFO     Preprocess training set
2025-05-22 10:16:11 INFO     >>>>> Predictor: Training
2025-05-22 10:16:54 INFO     1000 12313 8.205894 69384.0
2025-05-22 10:17:37 INFO     2000 12313 7.719050 69384.0
2025-05-22 10:18:20 INFO     3000 12313 7.452528 69253.9
2025-05-22 10:19:02 INFO     4000 12313 7.318366 69323.3
2025-05-22 10:19:45 INFO     5000 12313 7.196991 69384.0
2025-05-22 10:20:28 INFO     6000 12313 7.078375 69323.3
2025-05-22 10:21:11 INFO     7000 12313 6.995940 69366.7
2025-05-22 10:21:53 INFO     8000 12313 6.929426 69332.0
2025-05-22 10:22:35 INFO     9000 12313 6.830790 69384.0
2025-05-22 10:23:16 INFO     10000 12313 6.826873 69227.9
2025-05-22 10:23:58 INFO     11000 12313 6.772168 69340.6
2025-05-22 10:24:40 INFO     12000 12313 6.740747 69297.3
2025-05-22 10:24:53 INFO     >>>>> Predictor: Evaluating on valid
2025-05-22 10:25:09 INFO     Data : 3823
2025-05-22 10:25:09 INFO     Hit1 : 0.028250
2025-05-22 10:25:09 INFO     Hit3 : 0.059377
2025-05-22 10:25:09 INFO     Hit10: 0.112739
2025-05-22 10:25:09 INFO     MR   : 1157.844625
2025-05-22 10:25:09 INFO     MRR  : 0.058052
2025-05-22 10:25:09 INFO     >>>>> Predictor: Evaluating on test
2025-05-22 10:25:28 INFO     Data : 4402
2025-05-22 10:25:28 INFO     Hit1 : 0.035211
2025-05-22 10:25:28 INFO     Hit3 : 0.064970
2025-05-22 10:25:28 INFO     Hit10: 0.118810
2025-05-22 10:25:28 INFO     MR   : 1137.245457
2025-05-22 10:25:28 INFO     MRR  : 0.063922
2025-05-22 10:25:28 INFO     >>>>> Predictor: Computing H scores of rules
2025-05-22 10:26:11 INFO     1000 12313
2025-05-22 10:26:55 INFO     2000 12313
2025-05-22 10:27:39 INFO     3000 12313
2025-05-22 10:28:23 INFO     4000 12313
2025-05-22 10:29:06 INFO     5000 12313
2025-05-22 10:29:50 INFO     6000 12313
2025-05-22 10:30:34 INFO     7000 12313
2025-05-22 10:31:18 INFO     8000 12313
2025-05-22 10:32:01 INFO     9000 12313
2025-05-22 10:32:45 INFO     10000 12313
2025-05-22 10:33:29 INFO     11000 12313
2025-05-22 10:34:13 INFO     12000 12313
2025-05-22 10:34:26 INFO     >>>>> Generator: Training
2025-05-22 10:34:27 INFO     -------------------------
2025-05-22 10:34:27 INFO     | EM Iteration: 4/5
2025-05-22 10:34:27 INFO     -------------------------
2025-05-22 10:34:27 INFO     >>>>> Generator: Rule generation with sampling
2025-05-22 10:34:27 INFO     Predictor: read 1519 rules from list.
2025-05-22 10:34:27 INFO     Preprocess training set
2025-05-22 10:34:27 INFO     >>>>> Predictor: Training
2025-05-22 10:35:08 INFO     1000 12313 8.237849 69314.6
2025-05-22 10:35:50 INFO     2000 12313 7.764262 69279.9
2025-05-22 10:36:31 INFO     3000 12313 7.521847 69366.7
2025-05-22 10:37:13 INFO     4000 12313 7.415993 69366.7
2025-05-22 10:37:55 INFO     5000 12313 7.328754 69288.6
2025-05-22 10:38:38 INFO     6000 12313 7.242598 69340.6
2025-05-22 10:39:21 INFO     7000 12313 7.148698 69384.0
2025-05-22 10:40:03 INFO     8000 12313 7.087729 69340.6
2025-05-22 10:40:46 INFO     9000 12313 7.099235 69384.0
2025-05-22 10:41:28 INFO     10000 12313 7.034778 69288.6
2025-05-22 10:42:10 INFO     11000 12313 7.030834 69262.6
2025-05-22 10:42:54 INFO     12000 12313 6.998650 69384.0
2025-05-22 10:43:08 INFO     >>>>> Predictor: Evaluating on valid
2025-05-22 10:43:26 INFO     Data : 3823
2025-05-22 10:43:26 INFO     Hit1 : 0.034789
2025-05-22 10:43:26 INFO     Hit3 : 0.074287
2025-05-22 10:43:26 INFO     Hit10: 0.138896
2025-05-22 10:43:26 INFO     MR   : 1099.969003
2025-05-22 10:43:26 INFO     MRR  : 0.070144
2025-05-22 10:43:26 INFO     >>>>> Predictor: Evaluating on test
2025-05-22 10:43:47 INFO     Data : 4402
2025-05-22 10:43:47 INFO     Hit1 : 0.044525
2025-05-22 10:43:47 INFO     Hit3 : 0.085643
2025-05-22 10:43:47 INFO     Hit10: 0.145843
2025-05-22 10:43:47 INFO     MR   : 1098.670036
2025-05-22 10:43:47 INFO     MRR  : 0.079837
2025-05-22 10:43:47 INFO     >>>>> Predictor: Computing H scores of rules
2025-05-22 10:44:33 INFO     1000 12313
2025-05-22 10:45:19 INFO     2000 12313
2025-05-22 10:46:05 INFO     3000 12313
2025-05-22 10:46:51 INFO     4000 12313
2025-05-22 10:47:36 INFO     5000 12313
2025-05-22 10:48:22 INFO     6000 12313
2025-05-22 10:49:07 INFO     7000 12313
2025-05-22 10:49:53 INFO     8000 12313
2025-05-22 10:50:39 INFO     9000 12313
2025-05-22 10:51:24 INFO     10000 12313
2025-05-22 10:52:10 INFO     11000 12313
2025-05-22 10:52:55 INFO     12000 12313
2025-05-22 10:53:10 INFO     >>>>> Generator: Training
2025-05-22 10:53:10 INFO     -------------------------
2025-05-22 10:53:10 INFO     | EM Iteration: 5/5
2025-05-22 10:53:10 INFO     -------------------------
2025-05-22 10:53:10 INFO     >>>>> Generator: Rule generation with sampling
2025-05-22 10:53:10 INFO     Predictor: read 1611 rules from list.
2025-05-22 10:53:10 INFO     Preprocess training set
2025-05-22 10:53:10 INFO     >>>>> Predictor: Training
2025-05-22 10:53:56 INFO     1000 12313 8.249976 69340.6
2025-05-22 10:54:42 INFO     2000 12313 7.810418 69288.6
2025-05-22 10:55:29 INFO     3000 12313 7.607560 69366.7
2025-05-22 10:56:14 INFO     4000 12313 7.497979 69305.9
2025-05-22 10:56:59 INFO     5000 12313 7.384724 69323.3
2025-05-22 10:57:45 INFO     6000 12313 7.337987 69384.0
2025-05-22 10:58:30 INFO     7000 12313 7.295832 69279.9
2025-05-22 10:59:15 INFO     8000 12313 7.219264 69384.0
2025-05-22 11:00:01 INFO     9000 12313 7.224726 69366.7
2025-05-22 11:00:46 INFO     10000 12313 7.179729 69297.3
2025-05-22 11:01:32 INFO     11000 12313 7.143022 69279.9
2025-05-22 11:02:19 INFO     12000 12313 7.154868 69384.0
2025-05-22 11:02:33 INFO     >>>>> Predictor: Evaluating on valid
2025-05-22 11:02:52 INFO     Data : 3823
2025-05-22 11:02:52 INFO     Hit1 : 0.027465
2025-05-22 11:02:52 INFO     Hit3 : 0.055454
2025-05-22 11:02:52 INFO     Hit10: 0.106199
2025-05-22 11:02:52 INFO     MR   : 1187.468611
2025-05-22 11:02:52 INFO     MRR  : 0.055174
2025-05-22 11:02:52 INFO     >>>>> Predictor: Evaluating on test
2025-05-22 11:03:14 INFO     Data : 4402
2025-05-22 11:03:14 INFO     Hit1 : 0.034757
2025-05-22 11:03:14 INFO     Hit3 : 0.062017
2025-05-22 11:03:14 INFO     Hit10: 0.108360
2025-05-22 11:03:14 INFO     MR   : 1170.317015
2025-05-22 11:03:14 INFO     MRR  : 0.061305
2025-05-22 11:03:14 INFO     >>>>> Predictor: Computing H scores of rules
2025-05-22 11:04:03 INFO     1000 12313
2025-05-22 11:04:53 INFO     2000 12313
2025-05-22 11:05:43 INFO     3000 12313
2025-05-22 11:06:33 INFO     4000 12313
2025-05-22 11:07:23 INFO     5000 12313
2025-05-22 11:08:15 INFO     6000 12313
2025-05-22 11:09:04 INFO     7000 12313
2025-05-22 11:09:52 INFO     8000 12313
2025-05-22 11:10:42 INFO     9000 12313
2025-05-22 11:11:30 INFO     10000 12313
2025-05-22 11:12:17 INFO     11000 12313
2025-05-22 11:13:06 INFO     12000 12313
2025-05-22 11:13:21 INFO     >>>>> Generator: Training
2025-05-22 11:13:22 INFO     -------------------------
2025-05-22 11:13:22 INFO     | Post-train Generator
2025-05-22 11:13:22 INFO     -------------------------
2025-05-22 11:13:22 INFO     >>>>> Generator: Training
2025-05-22 11:13:26 INFO     [E1000] Total: 1.452998 | Main: 1.743486 | Aux: 0.871764
2025-05-22 11:13:26 INFO     -------------------------
2025-05-22 11:13:26 INFO     | Beam Search Best Rules
2025-05-22 11:13:26 INFO     -------------------------
2025-05-22 11:13:26 INFO     >>>>> Generator: Rule generation with beam search
2025-05-22 11:13:26 INFO     >>>>> Generator: Rule generation with beam search
2025-05-22 11:13:27 INFO     >>>>> Generator: Rule generation with beam search
2025-05-22 11:13:36 INFO     >>>>> Generator: Rule generation with beam search
2025-05-22 11:13:42 INFO     >>>>> Generator: Rule generation with beam search
2025-05-22 11:13:46 INFO     -------------------------
2025-05-22 11:13:46 INFO     | Train Final Predictor+
2025-05-22 11:13:46 INFO     -------------------------
2025-05-22 11:13:46 INFO     Predictor+: read 18420 rules from list.
2025-05-22 11:13:46 INFO     Preprocess training set
2025-05-22 11:13:46 INFO     -------------------------
2025-05-22 11:13:46 INFO     | Iteration: 1/5
2025-05-22 11:13:46 INFO     -------------------------
2025-05-22 11:13:46 INFO     >>>>> Predictor: Training
2025-05-22 11:20:20 INFO     1000 12313 4.700152 69314.6
2025-05-22 11:26:52 INFO     2000 12313 4.495359 69366.7
2025-05-22 11:33:27 INFO     3000 12313 4.452415 69279.9
2025-05-22 11:40:02 INFO     4000 12313 4.450530 69340.6
2025-05-22 11:46:38 INFO     5000 12313 4.488202 69236.6
2025-05-22 11:53:13 INFO     6000 12313 4.444946 69366.7
2025-05-22 11:59:49 INFO     7000 12313 4.427210 69323.3
2025-05-22 12:06:25 INFO     8000 12313 4.465528 69349.3
2025-05-22 12:13:02 INFO     9000 12313 4.431427 69384.0
2025-05-22 12:19:39 INFO     10000 12313 4.419333 69384.0
2025-05-22 12:26:17 INFO     11000 12313 4.444842 69288.6
2025-05-22 12:32:53 INFO     12000 12313 4.448750 69366.7
2025-05-22 12:34:57 INFO     >>>>> Predictor: Evaluating on valid
2025-05-22 12:37:50 INFO     Data : 3823
2025-05-22 12:37:50 INFO     Hit1 : 0.078211
2025-05-22 12:37:50 INFO     Hit3 : 0.161130
2025-05-22 12:37:50 INFO     Hit10: 0.295841
2025-05-22 12:37:50 INFO     MR   : 613.671201
2025-05-22 12:37:50 INFO     MRR  : 0.148854
2025-05-22 12:37:50 INFO     >>>>> Predictor: Evaluating on test
2025-05-22 12:41:07 INFO     Data : 4402
2025-05-22 12:41:07 INFO     Hit1 : 0.108133
2025-05-22 12:41:07 INFO     Hit3 : 0.193776
2025-05-22 12:41:07 INFO     Hit10: 0.328941
2025-05-22 12:41:07 INFO     MR   : 594.836097
2025-05-22 12:41:07 INFO     MRR  : 0.179328
2025-05-22 12:41:07 INFO     Save checkpoint to results/semmeddb/multitask/full/adaptive/predictor.pt
2025-05-22 12:41:07 INFO     -------------------------
2025-05-22 12:41:07 INFO     | Iteration: 2/5
2025-05-22 12:41:07 INFO     -------------------------
2025-05-22 12:41:07 INFO     >>>>> Predictor: Training
2025-05-22 12:47:40 INFO     1000 12313 4.387638 69384.0
2025-05-22 12:54:13 INFO     2000 12313 4.381565 69384.0
2025-05-22 13:00:46 INFO     3000 12313 4.392781 69340.6
2025-05-22 13:07:20 INFO     4000 12313 4.397046 69305.9
2025-05-22 13:13:50 INFO     5000 12313 4.407622 69340.6
2025-05-22 13:20:15 INFO     6000 12313 4.412611 69297.3
2025-05-22 13:26:40 INFO     7000 12313 4.397910 69323.3
2025-05-22 13:33:04 INFO     8000 12313 4.419056 69366.7
2025-05-22 13:39:29 INFO     9000 12313 4.393874 69297.3
2025-05-22 13:45:54 INFO     10000 12313 4.408352 69366.7
2025-05-22 13:52:20 INFO     11000 12313 4.414056 69314.6
2025-05-22 13:58:51 INFO     12000 12313 4.422863 69279.9
2025-05-22 14:00:53 INFO     >>>>> Predictor: Evaluating on valid
2025-05-22 14:03:40 INFO     Data : 3823
2025-05-22 14:03:40 INFO     Hit1 : 0.079780
2025-05-22 14:03:40 INFO     Hit3 : 0.150929
2025-05-22 14:03:40 INFO     Hit10: 0.302380
2025-05-22 14:03:40 INFO     MR   : 604.332985
2025-05-22 14:03:40 INFO     MRR  : 0.148716
2025-05-22 14:03:40 INFO     >>>>> Predictor: Evaluating on test
2025-05-22 14:06:55 INFO     Data : 4402
2025-05-22 14:06:55 INFO     Hit1 : 0.111995
2025-05-22 14:06:55 INFO     Hit3 : 0.196047
2025-05-22 14:06:55 INFO     Hit10: 0.329396
2025-05-22 14:06:55 INFO     MR   : 577.938778
2025-05-22 14:06:55 INFO     MRR  : 0.181367
2025-05-22 14:06:55 INFO     -------------------------
2025-05-22 14:06:55 INFO     | Iteration: 3/5
2025-05-22 14:06:55 INFO     -------------------------
2025-05-22 14:06:55 INFO     >>>>> Predictor: Training
2025-05-22 14:13:23 INFO     1000 12313 4.388958 69262.6
2025-05-22 14:19:51 INFO     2000 12313 4.369681 69384.0
2025-05-22 14:26:15 INFO     3000 12313 4.350917 69262.6
2025-05-22 14:32:43 INFO     4000 12313 4.395255 69323.3
2025-05-22 14:39:12 INFO     5000 12313 4.363798 69366.7
2025-05-22 14:45:39 INFO     6000 12313 4.383800 69323.3
2025-05-22 14:52:06 INFO     7000 12313 4.391837 69366.7
2025-05-22 14:58:39 INFO     8000 12313 4.401218 69384.0
2025-05-22 15:05:09 INFO     9000 12313 4.383605 69349.3
2025-05-22 15:11:37 INFO     10000 12313 4.406675 69314.6
2025-05-22 15:18:04 INFO     11000 12313 4.366848 69349.3
2025-05-22 15:24:30 INFO     12000 12313 4.399923 69314.6
2025-05-22 15:26:31 INFO     >>>>> Predictor: Evaluating on valid
2025-05-22 15:29:19 INFO     Data : 3823
2025-05-22 15:29:19 INFO     Hit1 : 0.080303
2025-05-22 15:29:19 INFO     Hit3 : 0.157730
2025-05-22 15:29:19 INFO     Hit10: 0.307089
2025-05-22 15:29:19 INFO     MR   : 597.626341
2025-05-22 15:29:19 INFO     MRR  : 0.151428
2025-05-22 15:29:19 INFO     >>>>> Predictor: Evaluating on test
2025-05-22 15:32:33 INFO     Data : 4402
2025-05-22 15:32:33 INFO     Hit1 : 0.108360
2025-05-22 15:32:33 INFO     Hit3 : 0.198546
2025-05-22 15:32:33 INFO     Hit10: 0.333939
2025-05-22 15:32:33 INFO     MR   : 562.565993
2025-05-22 15:32:33 INFO     MRR  : 0.181682
2025-05-22 15:32:33 INFO     Save checkpoint to results/semmeddb/multitask/full/adaptive/predictor.pt
2025-05-22 15:32:33 INFO     -------------------------
2025-05-22 15:32:33 INFO     | Iteration: 4/5
2025-05-22 15:32:33 INFO     -------------------------
2025-05-22 15:32:33 INFO     >>>>> Predictor: Training
2025-05-22 15:38:58 INFO     1000 12313 4.338663 69384.0
2025-05-22 15:45:32 INFO     2000 12313 4.363195 69340.6
2025-05-22 15:52:01 INFO     3000 12313 4.367317 69384.0
2025-05-22 15:58:30 INFO     4000 12313 4.399172 69253.9
2025-05-22 16:04:59 INFO     5000 12313 4.381636 69262.6
2025-05-22 16:11:27 INFO     6000 12313 4.395309 69340.6
2025-05-22 16:17:51 INFO     7000 12313 4.376288 69314.6
2025-05-22 16:24:21 INFO     8000 12313 4.356174 69323.3
2025-05-22 16:30:51 INFO     9000 12313 4.386414 69366.7
2025-05-22 16:37:29 INFO     10000 12313 4.359255 69349.3
2025-05-22 16:44:00 INFO     11000 12313 4.370183 69366.7
2025-05-22 16:50:32 INFO     12000 12313 4.386417 69366.7
2025-05-22 16:52:35 INFO     >>>>> Predictor: Evaluating on valid
2025-05-22 16:55:30 INFO     Data : 3823
2025-05-22 16:55:30 INFO     Hit1 : 0.077949
2025-05-22 16:55:30 INFO     Hit3 : 0.162699
2025-05-22 16:55:30 INFO     Hit10: 0.303950
2025-05-22 16:55:30 INFO     MR   : 588.241172
2025-05-22 16:55:30 INFO     MRR  : 0.151210
2025-05-22 16:55:30 INFO     >>>>> Predictor: Evaluating on test
2025-05-22 16:58:53 INFO     Data : 4402
2025-05-22 16:58:53 INFO     Hit1 : 0.108360
2025-05-22 16:58:53 INFO     Hit3 : 0.195139
2025-05-22 16:58:53 INFO     Hit10: 0.329169
2025-05-22 16:58:53 INFO     MR   : 557.058496
2025-05-22 16:58:53 INFO     MRR  : 0.180473
2025-05-22 16:58:53 INFO     -------------------------
2025-05-22 16:58:53 INFO     | Iteration: 5/5
2025-05-22 16:58:53 INFO     -------------------------
2025-05-22 16:58:53 INFO     >>>>> Predictor: Training
2025-05-22 17:05:32 INFO     1000 12313 4.338338 69323.3
2025-05-22 17:12:09 INFO     2000 12313 4.364331 69384.0
2025-05-22 17:18:47 INFO     3000 12313 4.361197 69245.2
2025-05-22 17:25:18 INFO     4000 12313 4.340973 69384.0
2025-05-22 17:31:50 INFO     5000 12313 4.386806 69366.7
2025-05-22 17:38:25 INFO     6000 12313 4.364544 69323.3
2025-05-22 17:44:57 INFO     7000 12313 4.379810 69384.0
2025-05-22 17:51:31 INFO     8000 12313 4.391283 69297.3
2025-05-22 17:58:05 INFO     9000 12313 4.368672 69384.0
2025-05-22 18:04:42 INFO     10000 12313 4.365603 69271.3
2025-05-22 18:11:21 INFO     11000 12313 4.364394 69340.6
2025-05-22 18:17:54 INFO     12000 12313 4.346495 69297.3
2025-05-22 18:19:59 INFO     >>>>> Predictor: Evaluating on valid
2025-05-22 18:22:52 INFO     Data : 3823
2025-05-22 18:22:52 INFO     Hit1 : 0.078734
2025-05-22 18:22:52 INFO     Hit3 : 0.165838
2025-05-22 18:22:52 INFO     Hit10: 0.301596
2025-05-22 18:22:52 INFO     MR   : 580.478289
2025-05-22 18:22:52 INFO     MRR  : 0.151094
2025-05-22 18:22:52 INFO     >>>>> Predictor: Evaluating on test
2025-05-22 18:26:11 INFO     Data : 4402
2025-05-22 18:26:11 INFO     Hit1 : 0.104044
2025-05-22 18:26:11 INFO     Hit3 : 0.196956
2025-05-22 18:26:11 INFO     Hit10: 0.329850
2025-05-22 18:26:11 INFO     MR   : 554.076556
2025-05-22 18:26:11 INFO     MRR  : 0.178240
2025-05-22 18:26:11 INFO     -------------------------
2025-05-22 18:26:11 INFO     | Final Test MRR: 0.181682
2025-05-22 18:26:11 INFO     -------------------------
