2025-06-20 01:03:54 INFO     Predictor: read 1242 rules from list.
2025-06-20 01:08:57 INFO     Predictor: read 1338 rules from list.
2025-06-20 01:14:22 INFO     Predictor: read 1421 rules from list.
2025-06-20 01:19:53 INFO     Predictor: read 1456 rules from list.
2025-06-20 01:25:26 INFO     Predictor: read 1543 rules from list.
2025-06-20 01:31:55 INFO     Predictor+: read 18420 rules from list.
04 | Main: 1.652045 | Aux: 0.675700
2025-06-20 01:03:08 INFO     [E2000] Total: 1.302015 | Main: 1.567116 | Aux: 0.641151
2025-06-20 01:03:14 INFO     [E3000] Total: 1.297417 | Main: 1.561369 | Aux: 0.638421
2025-06-20 01:03:20 INFO     [E4000] Total: 1.291646 | Main: 1.554426 | Aux: 0.635557
2025-06-20 01:03:26 INFO     [E5000] Total: 1.286992 | Main: 1.548917 | Aux: 0.633842
2025-06-20 01:03:31 INFO     [E6000] Total: 1.287281 | Main: 1.548942 | Aux: 0.633145
2025-06-20 01:03:37 INFO     [E7000] Total: 1.284601 | Main: 1.546103 | Aux: 0.632213
2025-06-20 01:03:43 INFO     [E8000] Total: 1.284039 | Main: 1.545338 | Aux: 0.632716
2025-06-20 01:03:49 INFO     [E9000] Total: 1.283000 | Main: 1.543921 | Aux: 0.631320
2025-06-20 01:03:54 INFO     [E10000] Total: 1.279053 | Main: 1.539336 | Aux: 0.630484
2025-06-20 01:03:54 INFO     -------------------------
2025-06-20 01:03:54 INFO     | EM Iteration: 1/5
2025-06-20 01:03:54 INFO     -------------------------
2025-06-20 01:03:54 INFO     >>>>> Generator: Rule generation with sampling
2025-06-20 01:03:54 INFO     Predictor: read 1242 rules from list.
2025-06-20 01:03:54 INFO     Initializing distributed process group
2025-06-20 01:03:54 INFO     Preprocess training set
2025-06-20 01:03:54 INFO     >>>>> Predictor: Training
2025-06-20 01:04:31 INFO     1000 2980 41.387888 69305.9
2025-06-20 01:05:07 INFO     2000 2980 39.237904 69297.3
2025-06-20 01:05:44 INFO     >>>>> Predictor: Evaluating on valid
2025-06-20 01:05:47 INFO     Data : 2077
2025-06-20 01:05:47 INFO     Hit1 : 0.035628
2025-06-20 01:05:47 INFO     Hit3 : 0.069331
2025-06-20 01:05:47 INFO     Hit10: 0.124699
2025-06-20 01:05:47 INFO     MR   : 1271.441261
2025-06-20 01:05:47 INFO     MRR  : 0.066807
2025-06-20 01:05:47 INFO     >>>>> Predictor: Evaluating on test
2025-06-20 01:05:51 INFO     Data : 2342
2025-06-20 01:05:51 INFO     Hit1 : 0.047234
2025-06-20 01:05:51 INFO     Hit3 : 0.079149
2025-06-20 01:05:51 INFO     Hit10: 0.132340
2025-06-20 01:05:51 INFO     MR   : 1182.722128
2025-06-20 01:05:51 INFO     MRR  : 0.076530
2025-06-20 01:05:51 INFO     >>>>> Predictor: Computing H scores of rules
2025-06-20 01:06:54 INFO     1000 2980
2025-06-20 01:07:56 INFO     2000 2980
2025-06-20 01:08:56 INFO     >>>>> Generator: Training
2025-06-20 01:08:57 INFO     -------------------------
2025-06-20 01:08:57 INFO     | EM Iteration: 2/5
2025-06-20 01:08:57 INFO     -------------------------
2025-06-20 01:08:57 INFO     >>>>> Generator: Rule generation with sampling
2025-06-20 01:08:57 INFO     Predictor: read 1338 rules from list.
2025-06-20 01:08:57 INFO     Preprocess training set
2025-06-20 01:08:57 INFO     >>>>> Predictor: Training
2025-06-20 01:09:36 INFO     1000 2980 41.721685 69349.3
2025-06-20 01:10:14 INFO     2000 2980 38.855644 69227.9
2025-06-20 01:10:53 INFO     >>>>> Predictor: Evaluating on valid
2025-06-20 01:10:57 INFO     Data : 2077
2025-06-20 01:10:57 INFO     Hit1 : 0.042369
2025-06-20 01:10:57 INFO     Hit3 : 0.073664
2025-06-20 01:10:57 INFO     Hit10: 0.139624
2025-06-20 01:10:57 INFO     MR   : 1253.714492
2025-06-20 01:10:57 INFO     MRR  : 0.075922
2025-06-20 01:10:57 INFO     >>>>> Predictor: Evaluating on test
2025-06-20 01:11:01 INFO     Data : 2342
2025-06-20 01:11:01 INFO     Hit1 : 0.051915
2025-06-20 01:11:01 INFO     Hit3 : 0.085532
2025-06-20 01:11:01 INFO     Hit10: 0.142979
2025-06-20 01:11:01 INFO     MR   : 1142.283404
2025-06-20 01:11:01 INFO     MRR  : 0.084239
2025-06-20 01:11:01 INFO     >>>>> Predictor: Computing H scores of rules
2025-06-20 01:12:09 INFO     1000 2980
2025-06-20 01:13:16 INFO     2000 2980
2025-06-20 01:14:21 INFO     >>>>> Generator: Training
2025-06-20 01:14:22 INFO     -------------------------
2025-06-20 01:14:22 INFO     | EM Iteration: 3/5
2025-06-20 01:14:22 INFO     -------------------------
2025-06-20 01:14:22 INFO     >>>>> Generator: Rule generation with sampling
2025-06-20 01:14:22 INFO     Predictor: read 1421 rules from list.
2025-06-20 01:14:22 INFO     Preprocess training set
2025-06-20 01:14:22 INFO     >>>>> Predictor: Training
2025-06-20 01:15:01 INFO     1000 2980 41.877313 69323.3
2025-06-20 01:15:41 INFO     2000 2980 37.888897 69358.0
2025-06-20 01:16:20 INFO     >>>>> Predictor: Evaluating on valid
2025-06-20 01:16:24 INFO     Data : 2077
2025-06-20 01:16:24 INFO     Hit1 : 0.039480
2025-06-20 01:16:24 INFO     Hit3 : 0.073182
2025-06-20 01:16:24 INFO     Hit10: 0.137699
2025-06-20 01:16:24 INFO     MR   : 1228.522870
2025-06-20 01:16:24 INFO     MRR  : 0.073608
2025-06-20 01:16:24 INFO     >>>>> Predictor: Evaluating on test
2025-06-20 01:16:28 INFO     Data : 2342
2025-06-20 01:16:28 INFO     Hit1 : 0.043404
2025-06-20 01:16:28 INFO     Hit3 : 0.076596
2025-06-20 01:16:28 INFO     Hit10: 0.140000
2025-06-20 01:16:28 INFO     MR   : 1146.033830
2025-06-20 01:16:28 INFO     MRR  : 0.076373
2025-06-20 01:16:28 INFO     >>>>> Predictor: Computing H scores of rules
2025-06-20 01:17:37 INFO     1000 2980
2025-06-20 01:18:45 INFO     2000 2980
2025-06-20 01:19:52 INFO     >>>>> Generator: Training
2025-06-20 01:19:53 INFO     -------------------------
2025-06-20 01:19:53 INFO     | EM Iteration: 4/5
2025-06-20 01:19:53 INFO     -------------------------
2025-06-20 01:19:53 INFO     >>>>> Generator: Rule generation with sampling
2025-06-20 01:19:53 INFO     Predictor: read 1456 rules from list.
2025-06-20 01:19:53 INFO     Preprocess training set
2025-06-20 01:19:53 INFO     >>>>> Predictor: Training
2025-06-20 01:20:33 INFO     1000 2980 41.862408 69366.7
2025-06-20 01:21:13 INFO     2000 2980 38.693390 69305.9
2025-06-20 01:21:53 INFO     >>>>> Predictor: Evaluating on valid
2025-06-20 01:21:57 INFO     Data : 2077
2025-06-20 01:21:57 INFO     Hit1 : 0.045739
2025-06-20 01:21:57 INFO     Hit3 : 0.087145
2025-06-20 01:21:57 INFO     Hit10: 0.158883
2025-06-20 01:21:57 INFO     MR   : 1225.560664
2025-06-20 01:21:57 INFO     MRR  : 0.083277
2025-06-20 01:21:57 INFO     >>>>> Predictor: Evaluating on test
2025-06-20 01:22:02 INFO     Data : 2342
2025-06-20 01:22:02 INFO     Hit1 : 0.057021
2025-06-20 01:22:02 INFO     Hit3 : 0.097872
2025-06-20 01:22:02 INFO     Hit10: 0.166383
2025-06-20 01:22:02 INFO     MR   : 1119.404043
2025-06-20 01:22:02 INFO     MRR  : 0.093724
2025-06-20 01:22:02 INFO     >>>>> Predictor: Computing H scores of rules
2025-06-20 01:23:10 INFO     1000 2980
2025-06-20 01:24:19 INFO     2000 2980
2025-06-20 01:25:26 INFO     >>>>> Generator: Training
2025-06-20 01:25:26 INFO     -------------------------
2025-06-20 01:25:26 INFO     | EM Iteration: 5/5
2025-06-20 01:25:26 INFO     -------------------------
2025-06-20 01:25:26 INFO     >>>>> Generator: Rule generation with sampling
2025-06-20 01:25:27 INFO     Predictor: read 1543 rules from list.
2025-06-20 01:25:27 INFO     Preprocess training set
2025-06-20 01:25:27 INFO     >>>>> Predictor: Training
2025-06-20 01:26:09 INFO     1000 2980 41.463725 69271.3
2025-06-20 01:26:51 INFO     2000 2980 38.763271 69332.0
2025-06-20 01:27:32 INFO     >>>>> Predictor: Evaluating on valid
2025-06-20 01:27:37 INFO     Data : 2077
2025-06-20 01:27:37 INFO     Hit1 : 0.041406
2025-06-20 01:27:37 INFO     Hit3 : 0.074145
2025-06-20 01:27:37 INFO     Hit10: 0.147328
2025-06-20 01:27:37 INFO     MR   : 1240.694511
2025-06-20 01:27:37 INFO     MRR  : 0.076198
2025-06-20 01:27:37 INFO     >>>>> Predictor: Evaluating on test
2025-06-20 01:27:42 INFO     Data : 2342
2025-06-20 01:27:42 INFO     Hit1 : 0.056170
2025-06-20 01:27:42 INFO     Hit3 : 0.097447
2025-06-20 01:27:42 INFO     Hit10: 0.157872
2025-06-20 01:27:42 INFO     MR   : 1146.585957
2025-06-20 01:27:42 INFO     MRR  : 0.091138
2025-06-20 01:27:42 INFO     >>>>> Predictor: Computing H scores of rules
2025-06-20 01:28:55 INFO     1000 2980
2025-06-20 01:30:08 INFO     2000 2980
2025-06-20 01:31:19 INFO     >>>>> Generator: Training
2025-06-20 01:31:20 INFO     -------------------------
2025-06-20 01:31:20 INFO     | Post-train Generator
2025-06-20 01:31:20 INFO     -------------------------
2025-06-20 01:31:20 INFO     >>>>> Generator: Training
2025-06-20 01:31:26 INFO     [E1000] Total: 1.463269 | Main: 1.766077 | Aux: 0.730675
2025-06-20 01:31:26 INFO     -------------------------
2025-06-20 01:31:26 INFO     | Beam Search Best Rules
2025-06-20 01:31:26 INFO     -------------------------
2025-06-20 01:31:26 INFO     >>>>> Generator: Rule generation with beam search
2025-06-20 01:31:26 INFO     >>>>> Generator: Rule generation with beam search
2025-06-20 01:31:27 INFO     >>>>> Generator: Rule generation with beam search
2025-06-20 01:31:40 INFO     >>>>> Generator: Rule generation with beam search
2025-06-20 01:31:49 INFO     >>>>> Generator: Rule generation with beam search
2025-06-20 01:31:55 INFO     -------------------------
2025-06-20 01:31:55 INFO     | Train Final Predictor+
2025-06-20 01:31:55 INFO     -------------------------
2025-06-20 01:31:55 INFO     Predictor+: read 18420 rules from list.
2025-06-20 01:31:55 INFO     Preprocess training set
2025-06-20 01:31:55 INFO     -------------------------
2025-06-20 01:31:55 INFO     | Iteration: 1/5
2025-06-20 01:31:55 INFO     -------------------------
2025-06-20 01:31:55 INFO     >>>>> Predictor: Training
2025-06-20 01:43:23 INFO     1000 2980 23.329346 69384.0
2025-06-20 01:54:47 INFO     2000 2980 22.757394 69236.6
2025-06-20 02:06:07 INFO     >>>>> Predictor: Evaluating on valid
2025-06-20 02:07:32 INFO     Data : 2077
2025-06-20 02:07:32 INFO     Hit1 : 0.101589
2025-06-20 02:07:32 INFO     Hit3 : 0.193067
2025-06-20 02:07:32 INFO     Hit10: 0.322099
2025-06-20 02:07:32 INFO     MR   : 931.868801
2025-06-20 02:07:32 INFO     MRR  : 0.173503
2025-06-20 02:07:32 INFO     >>>>> Predictor: Evaluating on test
2025-06-20 02:09:08 INFO     Data : 2342
2025-06-20 02:09:08 INFO     Hit1 : 0.133191
2025-06-20 02:09:08 INFO     Hit3 : 0.215745
2025-06-20 02:09:08 INFO     Hit10: 0.323830
2025-06-20 02:09:08 INFO     MR   : 854.675106
2025-06-20 02:09:08 INFO     MRR  : 0.197344
2025-06-20 02:09:08 INFO     Save checkpoint to results/semmeddb/multitask/matrix_encode_relation/task1_next_clus/random_init/cluster_3/0618_all_filtered/adaptive/triple_count_sqrt_20250620_010253/predictor.pt
2025-06-20 02:09:08 INFO     -------------------------
2025-06-20 02:09:08 INFO     | Iteration: 2/5
2025-06-20 02:09:08 INFO     -------------------------
2025-06-20 02:09:08 INFO     >>>>> Predictor: Training
2025-06-20 02:20:40 INFO     1000 2980 21.909187 69245.2
2025-06-20 02:32:03 INFO     2000 2980 21.825353 69349.3
2025-06-20 02:43:05 INFO     >>>>> Predictor: Evaluating on valid
2025-06-20 02:44:28 INFO     Data : 2077
2025-06-20 02:44:28 INFO     Hit1 : 0.094367
2025-06-20 02:44:28 INFO     Hit3 : 0.188252
2025-06-20 02:44:28 INFO     Hit10: 0.311988
2025-06-20 02:44:28 INFO     MR   : 910.244584
2025-06-20 02:44:28 INFO     MRR  : 0.166343
2025-06-20 02:44:28 INFO     >>>>> Predictor: Evaluating on test
2025-06-20 02:46:02 INFO     Data : 2342
2025-06-20 02:46:02 INFO     Hit1 : 0.125106
2025-06-20 02:46:02 INFO     Hit3 : 0.211915
2025-06-20 02:46:02 INFO     Hit10: 0.321702
2025-06-20 02:46:02 INFO     MR   : 834.398936
2025-06-20 02:46:02 INFO     MRR  : 0.190702
2025-06-20 02:46:02 INFO     -------------------------
2025-06-20 02:46:02 INFO     | Iteration: 3/5
2025-06-20 02:46:02 INFO     -------------------------
2025-06-20 02:46:02 INFO     >>>>> Predictor: Training
2025-06-20 02:57:18 INFO     1000 2980 22.109783 69193.2
2025-06-20 03:08:38 INFO     2000 2980 21.704608 69271.3
2025-06-20 03:19:48 INFO     >>>>> Predictor: Evaluating on valid
2025-06-20 03:21:14 INFO     Data : 2077
2025-06-20 03:21:14 INFO     Hit1 : 0.096293
2025-06-20 03:21:14 INFO     Hit3 : 0.193067
2025-06-20 03:21:14 INFO     Hit10: 0.311026
2025-06-20 03:21:14 INFO     MR   : 907.399133
2025-06-20 03:21:14 INFO     MRR  : 0.168420
2025-06-20 03:21:14 INFO     >>>>> Predictor: Evaluating on test
2025-06-20 03:22:51 INFO     Data : 2342
2025-06-20 03:22:51 INFO     Hit1 : 0.129787
2025-06-20 03:22:51 INFO     Hit3 : 0.210213
2025-06-20 03:22:51 INFO     Hit10: 0.325532
2025-06-20 03:22:51 INFO     MR   : 831.815532
2025-06-20 03:22:51 INFO     MRR  : 0.193208
2025-06-20 03:22:51 INFO     -------------------------
2025-06-20 03:22:51 INFO     | Iteration: 4/5
2025-06-20 03:22:51 INFO     -------------------------
2025-06-20 03:22:51 INFO     >>>>> Predictor: Training
2025-06-20 03:34:17 INFO     1000 2980 21.730342 69340.6
2025-06-20 03:45:41 INFO     2000 2980 21.725761 69175.8
2025-06-20 03:56:49 INFO     >>>>> Predictor: Evaluating on valid
2025-06-20 03:58:13 INFO     Data : 2077
2025-06-20 03:58:13 INFO     Hit1 : 0.091960
2025-06-20 03:58:13 INFO     Hit3 : 0.189697
2025-06-20 03:58:13 INFO     Hit10: 0.314877
2025-06-20 03:58:13 INFO     MR   : 892.614829
2025-06-20 03:58:13 INFO     MRR  : 0.166452
2025-06-20 03:58:13 INFO     >>>>> Predictor: Evaluating on test
2025-06-20 03:59:47 INFO     Data : 2342
2025-06-20 03:59:47 INFO     Hit1 : 0.122553
2025-06-20 03:59:47 INFO     Hit3 : 0.204255
2025-06-20 03:59:47 INFO     Hit10: 0.324255
2025-06-20 03:59:47 INFO     MR   : 820.806809
2025-06-20 03:59:47 INFO     MRR  : 0.189015
2025-06-20 03:59:47 INFO     -------------------------
2025-06-20 03:59:47 INFO     | Iteration: 5/5
2025-06-20 03:59:47 INFO     -------------------------
2025-06-20 03:59:47 INFO     >>>>> Predictor: Training
2025-06-20 04:11:09 INFO     1000 2980 21.312627 69184.5
2025-06-20 04:22:35 INFO     2000 2980 21.713865 69366.7
2025-06-20 04:33:47 INFO     >>>>> Predictor: Evaluating on valid
2025-06-20 04:35:12 INFO     Data : 2077
2025-06-20 04:35:12 INFO     Hit1 : 0.091960
2025-06-20 04:35:12 INFO     Hit3 : 0.185364
2025-06-20 04:35:12 INFO     Hit10: 0.309100
2025-06-20 04:35:12 INFO     MR   : 891.948724
2025-06-20 04:35:12 INFO     MRR  : 0.164211
2025-06-20 04:35:12 INFO     >>>>> Predictor: Evaluating on test
2025-06-20 04:36:48 INFO     Data : 2342
2025-06-20 04:36:48 INFO     Hit1 : 0.122128
2025-06-20 04:36:48 INFO     Hit3 : 0.206383
2025-06-20 04:36:48 INFO     Hit10: 0.325532
2025-06-20 04:36:48 INFO     MR   : 820.308085
2025-06-20 04:36:48 INFO     MRR  : 0.188267
2025-06-20 04:36:48 INFO     -------------------------
2025-06-20 04:36:48 INFO     | Final Test MRR: 0.197344
2025-06-20 04:36:48 INFO     -------------------------
