2025-07-20 15:08:20 INFO     is_soft_label: False
2025-07-20 15:08:20 INFO     is_scheduled_sampling: False
2025-07-20 15:08:20 INFO     is_test_mode: False
2025-07-20 15:08:20 INFO     Data loading | DONE!
2025-07-20 15:08:20 INFO     Using full datasets for training, validation, and testing.
2025-07-20 15:08:20 INFO     -------------------------
2025-07-20 15:08:20 INFO     | EM Iteration: 1/5
2025-07-20 15:08:20 INFO     -------------------------
2025-07-20 15:08:20 INFO     >>>>> Using miner's rule
2025-07-20 15:08:20 INFO     Predictor: read 13661 rules from list.
2025-07-20 15:08:22 INFO     Preprocess training set
2025-07-20 15:08:22 INFO     >>>>> Predictor: Evaluating on valid
2025-07-20 15:11:42 INFO     Data : 2077
2025-07-20 15:11:42 INFO     Hit1 : 0.065479
2025-07-20 15:11:42 INFO     Hit3 : 0.127106
2025-07-20 15:11:42 INFO     Hit10: 0.199326
2025-07-20 15:11:42 INFO     MR   : 1120.902022
2025-07-20 15:11:42 INFO     MRR  : 0.114382
2025-07-20 15:11:42 INFO     >>>>> Predictor: Evaluating on test
2025-07-20 15:15:17 INFO     Data : 2342
2025-07-20 15:15:17 INFO     Hit1 : 0.078992
2025-07-20 15:15:17 INFO     Hit3 : 0.124253
2025-07-20 15:15:17 INFO     Hit10: 0.208796
2025-07-20 15:15:17 INFO     MR   : 1044.269001
2025-07-20 15:15:17 INFO     MRR  : 0.122250
2025-07-20 15:15:17 INFO     >>>>> Predictor: Computing H scores of rules
2025-07-20 16:01:48 INFO     1000 5959
2025-07-20 16:50:39 INFO     2000 5959
2025-07-20 17:38:29 INFO     3000 5959
2025-07-20 18:25:40 INFO     4000 5959
2025-07-20 19:14:04 INFO     5000 5959
2025-07-20 20:01:49 INFO     >>>>> Generator: Training
2025-07-20 20:01:56 INFO     -------------------------
2025-07-20 20:01:56 INFO     | EM Iteration: 2/5
2025-07-20 20:01:56 INFO     -------------------------
2025-07-20 20:01:56 INFO     >>>>> Using Generator's sample rule
2025-07-20 20:01:56 INFO     >>>>> Generator: Rule generation with sampling
2025-07-20 20:01:56 INFO     Predictor: read 1904 rules from list.
2025-07-20 20:01:56 INFO     Preprocess training set
2025-07-20 20:01:56 INFO     >>>>> Predictor: Training
2025-07-20 20:03:25 INFO     1000 5959 8.782312 69314.6
2025-07-20 20:04:52 INFO     2000 5959 8.410004 69271.3
2025-07-20 20:06:20 INFO     3000 5959 8.219053 69245.2
2025-07-20 20:07:49 INFO     4000 5959 8.065449 69340.6
2025-07-20 20:09:18 INFO     5000 5959 7.940880 69340.6
2025-07-20 20:10:46 INFO     >>>>> Predictor: Evaluating on valid
2025-07-20 20:11:01 INFO     Data : 2077
2025-07-20 20:11:01 INFO     Hit1 : 0.025036
2025-07-20 20:11:01 INFO     Hit3 : 0.040924
2025-07-20 20:11:01 INFO     Hit10: 0.064035
2025-07-20 20:11:01 INFO     MR   : 1407.828117
2025-07-20 20:11:01 INFO     MRR  : 0.041154
2025-07-20 20:11:01 INFO     >>>>> Predictor: Evaluating on test
2025-07-20 20:11:20 INFO     Data : 2342
2025-07-20 20:11:20 INFO     Hit1 : 0.019641
2025-07-20 20:11:20 INFO     Hit3 : 0.030743
2025-07-20 20:11:20 INFO     Hit10: 0.056362
2025-07-20 20:11:20 INFO     MR   : 1317.205807
2025-07-20 20:11:20 INFO     MRR  : 0.034766
2025-07-20 20:11:20 INFO     >>>>> Predictor: Computing H scores of rules
2025-07-20 20:15:10 INFO     1000 5959
2025-07-20 20:18:52 INFO     2000 5959
2025-07-20 20:22:53 INFO     3000 5959
2025-07-20 20:26:52 INFO     4000 5959
2025-07-20 20:31:07 INFO     5000 5959
2025-07-20 20:34:45 INFO     >>>>> Generator: Training
2025-07-20 20:34:52 INFO     -------------------------
2025-07-20 20:34:52 INFO     | EM Iteration: 3/5
2025-07-20 20:34:52 INFO     -------------------------
2025-07-20 20:34:52 INFO     >>>>> Using Generator's sample rule
2025-07-20 20:34:52 INFO     >>>>> Generator: Rule generation with sampling
2025-07-20 20:34:52 INFO     Predictor: read 1877 rules from list.
2025-07-20 20:34:52 INFO     Preprocess training set
2025-07-20 20:34:52 INFO     >>>>> Predictor: Training
2025-07-20 20:36:20 INFO     1000 5959 8.809976 69332.0
2025-07-20 20:38:01 INFO     2000 5959 8.469537 69349.3
2025-07-20 20:39:28 INFO     3000 5959 8.254404 69184.5
2025-07-20 20:40:56 INFO     4000 5959 8.080450 69253.9
2025-07-20 20:42:25 INFO     5000 5959 7.983767 69332.0
2025-07-20 20:43:51 INFO     >>>>> Predictor: Evaluating on valid
2025-07-20 20:44:07 INFO     Data : 2077
2025-07-20 20:44:07 INFO     Hit1 : 0.010592
2025-07-20 20:44:07 INFO     Hit3 : 0.025999
2025-07-20 20:44:07 INFO     Hit10: 0.051035
2025-07-20 20:44:07 INFO     MR   : 1450.381801
2025-07-20 20:44:07 INFO     MRR  : 0.026797
2025-07-20 20:44:07 INFO     >>>>> Predictor: Evaluating on test
2025-07-20 20:44:24 INFO     Data : 2342
2025-07-20 20:44:24 INFO     Hit1 : 0.014091
2025-07-20 20:44:24 INFO     Hit3 : 0.024765
2025-07-20 20:44:24 INFO     Hit10: 0.047395
2025-07-20 20:44:24 INFO     MR   : 1340.377455
2025-07-20 20:44:24 INFO     MRR  : 0.028016
2025-07-20 20:44:24 INFO     >>>>> Predictor: Computing H scores of rules
2025-07-20 20:48:03 INFO     1000 5959
2025-07-20 20:51:47 INFO     2000 5959
2025-07-20 20:55:29 INFO     3000 5959
2025-07-20 20:59:16 INFO     4000 5959
2025-07-20 21:02:56 INFO     5000 5959
2025-07-20 21:06:29 INFO     >>>>> Generator: Training
2025-07-20 21:06:36 INFO     -------------------------
2025-07-20 21:06:36 INFO     | EM Iteration: 4/5
2025-07-20 21:06:36 INFO     -------------------------
2025-07-20 21:06:36 INFO     >>>>> Using Generator's sample rule
2025-07-20 21:06:36 INFO     >>>>> Generator: Rule generation with sampling
2025-07-20 21:06:36 INFO     Predictor: read 1847 rules from list.
2025-07-20 21:06:36 INFO     Preprocess training set
2025-07-20 21:06:36 INFO     >>>>> Predictor: Training
2025-07-20 21:08:04 INFO     1000 5959 8.791110 69271.3
2025-07-20 21:09:31 INFO     2000 5959 8.404539 69340.6
2025-07-20 21:10:58 INFO     3000 5959 8.137731 69384.0
2025-07-20 21:12:36 INFO     4000 5959 7.963986 69262.6
2025-07-20 21:14:07 INFO     5000 5959 7.819836 69332.0
2025-07-20 21:15:38 INFO     >>>>> Predictor: Evaluating on valid
2025-07-20 21:15:54 INFO     Data : 2077
2025-07-20 21:15:54 INFO     Hit1 : 0.006259
2025-07-20 21:15:54 INFO     Hit3 : 0.018296
2025-07-20 21:15:54 INFO     Hit10: 0.036110
2025-07-20 21:15:54 INFO     MR   : 1486.285749
2025-07-20 21:15:54 INFO     MRR  : 0.019680
2025-07-20 21:15:54 INFO     >>>>> Predictor: Evaluating on test
2025-07-20 21:16:12 INFO     Data : 2342
2025-07-20 21:16:12 INFO     Hit1 : 0.008540
2025-07-20 21:16:12 INFO     Hit3 : 0.018787
2025-07-20 21:16:12 INFO     Hit10: 0.035440
2025-07-20 21:16:12 INFO     MR   : 1371.789710
2025-07-20 21:16:12 INFO     MRR  : 0.020680
2025-07-20 21:16:12 INFO     >>>>> Predictor: Computing H scores of rules
2025-07-20 21:19:53 INFO     1000 5959
2025-07-20 21:24:02 INFO     2000 5959
2025-07-20 21:27:43 INFO     3000 5959
2025-07-20 21:31:23 INFO     4000 5959
2025-07-20 21:35:09 INFO     5000 5959
2025-07-20 21:38:49 INFO     >>>>> Generator: Training
2025-07-20 21:38:56 INFO     -------------------------
2025-07-20 21:38:56 INFO     | EM Iteration: 5/5
2025-07-20 21:38:56 INFO     -------------------------
2025-07-20 21:38:56 INFO     >>>>> Using Generator's sample rule
2025-07-20 21:38:56 INFO     >>>>> Generator: Rule generation with sampling
2025-07-20 21:38:56 INFO     Predictor: read 1676 rules from list.
2025-07-20 21:38:56 INFO     Preprocess training set
2025-07-20 21:38:56 INFO     >>>>> Predictor: Training
2025-07-20 21:40:13 INFO     1000 5959 8.805924 69332.0
2025-07-20 21:41:28 INFO     2000 5959 8.434382 69349.3
2025-07-20 21:42:43 INFO     3000 5959 8.182272 69340.6
2025-07-20 21:43:59 INFO     4000 5959 8.012417 69297.3
2025-07-20 21:45:10 INFO     5000 5959 7.830053 69219.2
2025-07-20 21:46:24 INFO     >>>>> Predictor: Evaluating on valid
2025-07-20 21:46:38 INFO     Data : 2077
2025-07-20 21:46:38 INFO     Hit1 : 0.029851
2025-07-20 21:46:38 INFO     Hit3 : 0.053924
2025-07-20 21:46:38 INFO     Hit10: 0.076071
2025-07-20 21:46:38 INFO     MR   : 1451.129995
2025-07-20 21:46:38 INFO     MRR  : 0.049605
2025-07-20 21:46:38 INFO     >>>>> Predictor: Evaluating on test
2025-07-20 21:46:54 INFO     Data : 2342
2025-07-20 21:46:54 INFO     Hit1 : 0.028608
2025-07-20 21:46:54 INFO     Hit3 : 0.046541
2025-07-20 21:46:54 INFO     Hit10: 0.084116
2025-07-20 21:46:54 INFO     MR   : 1334.989112
2025-07-20 21:46:54 INFO     MRR  : 0.048452
2025-07-20 21:46:54 INFO     >>>>> Predictor: Computing H scores of rules
2025-07-20 21:50:18 INFO     1000 5959
2025-07-20 21:53:36 INFO     2000 5959
2025-07-20 21:56:53 INFO     3000 5959
2025-07-20 22:00:49 INFO     4000 5959
2025-07-20 22:04:25 INFO     5000 5959
2025-07-20 22:07:39 INFO     >>>>> Generator: Training
2025-07-20 22:07:46 INFO     -------------------------
2025-07-20 22:07:46 INFO     | Post-train Generator
2025-07-20 22:07:46 INFO     -------------------------
2025-07-20 22:07:48 INFO     >>>>> Generator: Training
2025-07-20 22:09:01 INFO     [E01000] Total 2.432650 | Main 2.559255 | RelClus 1.497829 | EntType 2.354638
2025-07-20 22:09:01 INFO     -------------------------
2025-07-20 22:09:01 INFO     | Beam Search Best Rules
2025-07-20 22:09:01 INFO     -------------------------
2025-07-20 22:09:01 INFO     >>>>> Generator: Rule generation with beam search
2025-07-20 22:09:02 INFO     >>>>> Generator: Rule generation with beam search
2025-07-20 22:09:11 INFO     >>>>> Generator: Rule generation with beam search
2025-07-20 22:10:59 INFO     >>>>> Generator: Rule generation with beam search
2025-07-20 22:12:25 INFO     >>>>> Generator: Rule generation with beam search
2025-07-20 22:13:25 INFO     -------------------------
2025-07-20 22:13:25 INFO     | Train Final Predictor+
2025-07-20 22:13:25 INFO     -------------------------
2025-07-20 22:13:25 INFO     Predictor+: read 18420 rules from list.
2025-07-20 22:13:25 INFO     Preprocess training set
2025-07-20 22:13:25 INFO     -------------------------
2025-07-20 22:13:25 INFO     | Iteration: 1/5
2025-07-20 22:13:25 INFO     -------------------------
2025-07-20 22:13:25 INFO     >>>>> Predictor: Training
2025-07-20 22:21:11 INFO     1000 5959 4.988813 69271.3
2025-07-20 22:29:22 INFO     2000 5959 4.754152 69332.0
2025-07-20 22:38:11 INFO     3000 5959 4.739872 69375.3
2025-07-20 22:46:03 INFO     4000 5959 4.736633 69279.9
2025-07-20 22:54:00 INFO     5000 5959 4.707204 69349.3
2025-07-20 23:01:38 INFO     >>>>> Predictor: Evaluating on valid
2025-07-20 23:03:31 INFO     Data : 2077
2025-07-20 23:03:31 INFO     Hit1 : 0.099182
2025-07-20 23:03:31 INFO     Hit3 : 0.181030
2025-07-20 23:03:31 INFO     Hit10: 0.311988
2025-07-20 23:03:31 INFO     MR   : 988.714492
2025-07-20 23:03:31 INFO     MRR  : 0.166962
2025-07-20 23:03:31 INFO     >>>>> Predictor: Evaluating on test
2025-07-20 23:05:38 INFO     Data : 2342
2025-07-20 23:05:38 INFO     Hit1 : 0.117421
2025-07-20 23:05:38 INFO     Hit3 : 0.203672
2025-07-20 23:05:38 INFO     Hit10: 0.317677
2025-07-20 23:05:38 INFO     MR   : 927.561059
2025-07-20 23:05:38 INFO     MRR  : 0.184370
2025-07-20 23:05:38 INFO     Save checkpoint to results/semmeddb/10_times_each/fixed/811/1_20250720_150817/predictor.pt
2025-07-20 23:05:38 INFO     -------------------------
2025-07-20 23:05:38 INFO     | Iteration: 2/5
2025-07-20 23:05:38 INFO     -------------------------
2025-07-20 23:05:38 INFO     >>>>> Predictor: Training
2025-07-20 23:13:33 INFO     1000 5959 4.637582 69366.7
2025-07-20 23:21:49 INFO     2000 5959 4.677836 69375.3
2025-07-20 23:29:58 INFO     3000 5959 4.663762 69219.2
2025-07-20 23:37:45 INFO     4000 5959 4.671829 69305.9
2025-07-20 23:46:15 INFO     5000 5959 4.659970 69288.6
2025-07-20 23:53:45 INFO     >>>>> Predictor: Evaluating on valid
2025-07-20 23:55:37 INFO     Data : 2077
2025-07-20 23:55:37 INFO     Hit1 : 0.089552
2025-07-20 23:55:37 INFO     Hit3 : 0.190178
2025-07-20 23:55:37 INFO     Hit10: 0.314877
2025-07-20 23:55:37 INFO     MR   : 954.516370
2025-07-20 23:55:37 INFO     MRR  : 0.163745
2025-07-20 23:55:37 INFO     >>>>> Predictor: Evaluating on test
2025-07-20 23:57:46 INFO     Data : 2342
2025-07-20 23:57:46 INFO     Hit1 : 0.121691
2025-07-20 23:57:46 INFO     Hit3 : 0.212639
2025-07-20 23:57:46 INFO     Hit10: 0.319385
2025-07-20 23:57:46 INFO     MR   : 889.363578
2025-07-20 23:57:46 INFO     MRR  : 0.188124
2025-07-20 23:57:46 INFO     -------------------------
2025-07-20 23:57:46 INFO     | Iteration: 3/5
2025-07-20 23:57:46 INFO     -------------------------
2025-07-20 23:57:46 INFO     >>>>> Predictor: Training
2025-07-21 00:05:53 INFO     1000 5959 4.642920 69288.6
2025-07-21 00:13:49 INFO     2000 5959 4.645902 69288.6
2025-07-21 00:21:48 INFO     3000 5959 4.640229 69340.6
2025-07-21 00:29:40 INFO     4000 5959 4.638234 69271.3
2025-07-21 00:37:31 INFO     5000 5959 4.668697 69219.2
2025-07-21 00:45:09 INFO     >>>>> Predictor: Evaluating on valid
2025-07-21 00:47:05 INFO     Data : 2077
2025-07-21 00:47:05 INFO     Hit1 : 0.084256
2025-07-21 00:47:05 INFO     Hit3 : 0.175253
2025-07-21 00:47:05 INFO     Hit10: 0.296582
2025-07-21 00:47:05 INFO     MR   : 943.008666
2025-07-21 00:47:05 INFO     MRR  : 0.156542
2025-07-21 00:47:05 INFO     >>>>> Predictor: Evaluating on test
2025-07-21 00:49:32 INFO     Data : 2342
2025-07-21 00:49:32 INFO     Hit1 : 0.116140
2025-07-21 00:49:32 INFO     Hit3 : 0.194705
2025-07-21 00:49:32 INFO     Hit10: 0.312553
2025-07-21 00:49:32 INFO     MR   : 874.668019
2025-07-21 00:49:32 INFO     MRR  : 0.179687
2025-07-21 00:49:32 INFO     -------------------------
2025-07-21 00:49:32 INFO     | Iteration: 4/5
2025-07-21 00:49:32 INFO     -------------------------
2025-07-21 00:49:32 INFO     >>>>> Predictor: Training
2025-07-21 00:57:24 INFO     1000 5959 4.614415 69340.6
2025-07-21 01:05:22 INFO     2000 5959 4.592126 69184.5
2025-07-21 01:13:24 INFO     3000 5959 4.659255 69253.9
2025-07-21 01:21:24 INFO     4000 5959 4.626749 69340.6
2025-07-21 01:29:15 INFO     5000 5959 4.627481 69384.0
2025-07-21 01:37:01 INFO     >>>>> Predictor: Evaluating on valid
2025-07-21 01:38:57 INFO     Data : 2077
2025-07-21 01:38:57 INFO     Hit1 : 0.092922
2025-07-21 01:38:57 INFO     Hit3 : 0.178623
2025-07-21 01:38:57 INFO     Hit10: 0.312951
2025-07-21 01:38:57 INFO     MR   : 937.947761
2025-07-21 01:38:57 INFO     MRR  : 0.162399
2025-07-21 01:38:57 INFO     >>>>> Predictor: Evaluating on test
2025-07-21 01:41:08 INFO     Data : 2342
2025-07-21 01:41:08 INFO     Hit1 : 0.123399
2025-07-21 01:41:08 INFO     Hit3 : 0.207515
2025-07-21 01:41:08 INFO     Hit10: 0.320239
2025-07-21 01:41:08 INFO     MR   : 870.289069
2025-07-21 01:41:08 INFO     MRR  : 0.188912
2025-07-21 01:41:08 INFO     -------------------------
2025-07-21 01:41:08 INFO     | Iteration: 5/5
2025-07-21 01:41:08 INFO     -------------------------
2025-07-21 01:41:08 INFO     >>>>> Predictor: Training
2025-07-21 01:49:02 INFO     1000 5959 4.619196 69323.3
2025-07-21 01:56:57 INFO     2000 5959 4.607257 69332.0
2025-07-21 02:04:45 INFO     3000 5959 4.648157 69219.2
2025-07-21 02:12:38 INFO     4000 5959 4.637163 69297.3
2025-07-21 02:20:24 INFO     5000 5959 4.607115 69332.0
2025-07-21 02:27:57 INFO     >>>>> Predictor: Evaluating on valid
2025-07-21 02:29:55 INFO     Data : 2077
2025-07-21 02:29:55 INFO     Hit1 : 0.088108
2025-07-21 02:29:55 INFO     Hit3 : 0.176697
2025-07-21 02:29:55 INFO     Hit10: 0.311026
2025-07-21 02:29:55 INFO     MR   : 930.297304
2025-07-21 02:29:55 INFO     MRR  : 0.159131
2025-07-21 02:29:55 INFO     >>>>> Predictor: Evaluating on test
2025-07-21 02:32:07 INFO     Data : 2342
2025-07-21 02:32:07 INFO     Hit1 : 0.120837
2025-07-21 02:32:07 INFO     Hit3 : 0.201964
2025-07-21 02:32:07 INFO     Hit10: 0.322801
2025-07-21 02:32:07 INFO     MR   : 862.235482
2025-07-21 02:32:07 INFO     MRR  : 0.185998
2025-07-21 02:32:07 INFO     -------------------------
2025-07-21 02:32:07 INFO     | Final Test MRR: 0.184370
2025-07-21 02:32:07 INFO     -------------------------
