2025-07-09 14:47:38 INFO     is_soft_label: False
2025-07-09 14:47:38 INFO     is_scheduled_sampling: False
2025-07-09 14:47:38 INFO     is_test_mode: False
2025-07-09 14:47:38 INFO     Data loading | DONE!
2025-07-09 14:47:39 INFO     Using full datasets for training, validation, and testing.
2025-07-09 14:47:39 INFO     -------------------------
2025-07-09 14:47:39 INFO     | EM Iteration: 1/5
2025-07-09 14:47:39 INFO     -------------------------
2025-07-09 14:47:39 INFO     >>>>> Using miner's rule
2025-07-09 14:47:39 INFO     Predictor: read 13661 rules from list.
2025-07-09 14:47:40 INFO     Preprocess training set
2025-07-09 14:47:40 INFO     >>>>> Predictor: Evaluating on valid
2025-07-09 14:49:56 INFO     Data : 2077
2025-07-09 14:49:56 INFO     Hit1 : 0.065479
2025-07-09 14:49:56 INFO     Hit3 : 0.127106
2025-07-09 14:49:56 INFO     Hit10: 0.199326
2025-07-09 14:49:56 INFO     MR   : 1120.902022
2025-07-09 14:49:56 INFO     MRR  : 0.114382
2025-07-09 14:49:56 INFO     >>>>> Predictor: Evaluating on test
2025-07-09 14:52:31 INFO     Data : 2342
2025-07-09 14:52:31 INFO     Hit1 : 0.078992
2025-07-09 14:52:31 INFO     Hit3 : 0.124253
2025-07-09 14:52:31 INFO     Hit10: 0.208796
2025-07-09 14:52:31 INFO     MR   : 1044.269001
2025-07-09 14:52:31 INFO     MRR  : 0.122250
2025-07-09 14:52:31 INFO     >>>>> Predictor: Computing H scores of rules
2025-07-09 15:27:31 INFO     1000 5959
2025-07-09 16:03:11 INFO     2000 5959
2025-07-09 16:38:28 INFO     3000 5959
2025-07-09 17:14:03 INFO     4000 5959
2025-07-09 17:49:23 INFO     5000 5959
2025-07-09 18:25:52 INFO     >>>>> Generator: Training
2025-07-09 18:26:01 INFO     -------------------------
2025-07-09 18:26:01 INFO     | EM Iteration: 2/5
2025-07-09 18:26:01 INFO     -------------------------
2025-07-09 18:26:01 INFO     >>>>> Using Generator's sample rule
2025-07-09 18:26:01 INFO     >>>>> Generator: Rule generation with sampling
2025-07-09 18:26:01 INFO     Predictor: read 1911 rules from list.
2025-07-09 18:26:01 INFO     Preprocess training set
2025-07-09 18:26:01 INFO     >>>>> Predictor: Training
2025-07-09 18:27:09 INFO     1000 5959 8.777570 69314.6
2025-07-09 18:28:18 INFO     2000 5959 8.371539 69271.3
2025-07-09 18:29:26 INFO     3000 5959 8.153186 69245.2
2025-07-09 18:30:33 INFO     4000 5959 7.969597 69340.6
2025-07-09 18:31:42 INFO     5000 5959 7.793540 69340.6
2025-07-09 18:32:47 INFO     >>>>> Predictor: Evaluating on valid
2025-07-09 18:33:03 INFO     Data : 2077
2025-07-09 18:33:03 INFO     Hit1 : 0.018777
2025-07-09 18:33:03 INFO     Hit3 : 0.033221
2025-07-09 18:33:03 INFO     Hit10: 0.057294
2025-07-09 18:33:03 INFO     MR   : 1437.389263
2025-07-09 18:33:03 INFO     MRR  : 0.034256
2025-07-09 18:33:03 INFO     >>>>> Predictor: Evaluating on test
2025-07-09 18:33:22 INFO     Data : 2342
2025-07-09 18:33:22 INFO     Hit1 : 0.017506
2025-07-09 18:33:22 INFO     Hit3 : 0.033305
2025-07-09 18:33:22 INFO     Hit10: 0.061059
2025-07-09 18:33:22 INFO     MR   : 1333.688728
2025-07-09 18:33:22 INFO     MRR  : 0.034270
2025-07-09 18:33:22 INFO     >>>>> Predictor: Computing H scores of rules
2025-07-09 18:36:40 INFO     1000 5959
2025-07-09 18:39:58 INFO     2000 5959
2025-07-09 18:43:15 INFO     3000 5959
2025-07-09 18:46:33 INFO     4000 5959
2025-07-09 18:49:51 INFO     5000 5959
2025-07-09 18:53:03 INFO     >>>>> Generator: Training
2025-07-09 18:53:11 INFO     -------------------------
2025-07-09 18:53:11 INFO     | EM Iteration: 3/5
2025-07-09 18:53:11 INFO     -------------------------
2025-07-09 18:53:11 INFO     >>>>> Using Generator's sample rule
2025-07-09 18:53:11 INFO     >>>>> Generator: Rule generation with sampling
2025-07-09 18:53:12 INFO     Predictor: read 1914 rules from list.
2025-07-09 18:53:12 INFO     Preprocess training set
2025-07-09 18:53:12 INFO     >>>>> Predictor: Training
2025-07-09 18:54:20 INFO     1000 5959 8.801315 69332.0
2025-07-09 18:55:29 INFO     2000 5959 8.440312 69349.3
2025-07-09 18:56:38 INFO     3000 5959 8.213319 69184.5
2025-07-09 18:57:47 INFO     4000 5959 8.008810 69253.9
2025-07-09 18:58:56 INFO     5000 5959 7.911870 69332.0
2025-07-09 19:00:02 INFO     >>>>> Predictor: Evaluating on valid
2025-07-09 19:00:18 INFO     Data : 2077
2025-07-09 19:00:18 INFO     Hit1 : 0.013962
2025-07-09 19:00:18 INFO     Hit3 : 0.021666
2025-07-09 19:00:18 INFO     Hit10: 0.033221
2025-07-09 19:00:18 INFO     MR   : 1497.018055
2025-07-09 19:00:18 INFO     MRR  : 0.023921
2025-07-09 19:00:18 INFO     >>>>> Predictor: Evaluating on test
2025-07-09 19:00:37 INFO     Data : 2342
2025-07-09 19:00:37 INFO     Hit1 : 0.013664
2025-07-09 19:00:37 INFO     Hit3 : 0.019641
2025-07-09 19:00:37 INFO     Hit10: 0.028181
2025-07-09 19:00:37 INFO     MR   : 1379.780956
2025-07-09 19:00:37 INFO     MRR  : 0.022660
2025-07-09 19:00:37 INFO     >>>>> Predictor: Computing H scores of rules
2025-07-09 19:03:54 INFO     1000 5959
2025-07-09 19:07:11 INFO     2000 5959
2025-07-09 19:10:30 INFO     3000 5959
2025-07-09 19:13:46 INFO     4000 5959
2025-07-09 19:17:05 INFO     5000 5959
2025-07-09 19:20:15 INFO     >>>>> Generator: Training
2025-07-09 19:20:23 INFO     -------------------------
2025-07-09 19:20:23 INFO     | EM Iteration: 4/5
2025-07-09 19:20:23 INFO     -------------------------
2025-07-09 19:20:23 INFO     >>>>> Using Generator's sample rule
2025-07-09 19:20:23 INFO     >>>>> Generator: Rule generation with sampling
2025-07-09 19:20:23 INFO     Predictor: read 1938 rules from list.
2025-07-09 19:20:23 INFO     Preprocess training set
2025-07-09 19:20:23 INFO     >>>>> Predictor: Training
2025-07-09 19:21:33 INFO     1000 5959 8.787876 69271.3
2025-07-09 19:22:41 INFO     2000 5959 8.407591 69340.6
2025-07-09 19:23:50 INFO     3000 5959 8.141658 69384.0
2025-07-09 19:24:59 INFO     4000 5959 7.960909 69262.6
2025-07-09 19:26:07 INFO     5000 5959 7.802165 69332.0
2025-07-09 19:27:13 INFO     >>>>> Predictor: Evaluating on valid
2025-07-09 19:27:31 INFO     Data : 2077
2025-07-09 19:27:31 INFO     Hit1 : 0.012037
2025-07-09 19:27:31 INFO     Hit3 : 0.025036
2025-07-09 19:27:31 INFO     Hit10: 0.044776
2025-07-09 19:27:31 INFO     MR   : 1484.727732
2025-07-09 19:27:31 INFO     MRR  : 0.026449
2025-07-09 19:27:31 INFO     >>>>> Predictor: Evaluating on test
2025-07-09 19:27:49 INFO     Data : 2342
2025-07-09 19:27:49 INFO     Hit1 : 0.011102
2025-07-09 19:27:49 INFO     Hit3 : 0.019641
2025-07-09 19:27:49 INFO     Hit10: 0.040137
2025-07-09 19:27:49 INFO     MR   : 1371.366140
2025-07-09 19:27:49 INFO     MRR  : 0.023806
2025-07-09 19:27:49 INFO     >>>>> Predictor: Computing H scores of rules
2025-07-09 19:31:07 INFO     1000 5959
2025-07-09 19:34:25 INFO     2000 5959
2025-07-09 19:37:44 INFO     3000 5959
2025-07-09 19:41:02 INFO     4000 5959
2025-07-09 19:44:22 INFO     5000 5959
2025-07-09 19:47:35 INFO     >>>>> Generator: Training
2025-07-09 19:47:43 INFO     -------------------------
2025-07-09 19:47:43 INFO     | EM Iteration: 5/5
2025-07-09 19:47:43 INFO     -------------------------
2025-07-09 19:47:43 INFO     >>>>> Using Generator's sample rule
2025-07-09 19:47:43 INFO     >>>>> Generator: Rule generation with sampling
2025-07-09 19:47:43 INFO     Predictor: read 1959 rules from list.
2025-07-09 19:47:43 INFO     Preprocess training set
2025-07-09 19:47:43 INFO     >>>>> Predictor: Training
2025-07-09 19:48:54 INFO     1000 5959 8.829624 69332.0
2025-07-09 19:50:05 INFO     2000 5959 8.514428 69349.3
2025-07-09 19:51:14 INFO     3000 5959 8.323465 69340.6
2025-07-09 19:52:24 INFO     4000 5959 8.184834 69297.3
2025-07-09 19:53:35 INFO     5000 5959 8.085654 69219.2
2025-07-09 19:54:42 INFO     >>>>> Predictor: Evaluating on valid
2025-07-09 19:54:59 INFO     Data : 2077
2025-07-09 19:54:59 INFO     Hit1 : 0.028406
2025-07-09 19:54:59 INFO     Hit3 : 0.054405
2025-07-09 19:54:59 INFO     Hit10: 0.079442
2025-07-09 19:54:59 INFO     MR   : 1448.219547
2025-07-09 19:54:59 INFO     MRR  : 0.050093
2025-07-09 19:54:59 INFO     >>>>> Predictor: Evaluating on test
2025-07-09 19:55:18 INFO     Data : 2342
2025-07-09 19:55:18 INFO     Hit1 : 0.028181
2025-07-09 19:55:18 INFO     Hit3 : 0.054654
2025-07-09 19:55:18 INFO     Hit10: 0.078565
2025-07-09 19:55:18 INFO     MR   : 1342.205380
2025-07-09 19:55:18 INFO     MRR  : 0.050557
2025-07-09 19:55:18 INFO     >>>>> Predictor: Computing H scores of rules
2025-07-09 19:58:37 INFO     1000 5959
2025-07-09 20:01:55 INFO     2000 5959
2025-07-09 20:05:14 INFO     3000 5959
2025-07-09 20:08:31 INFO     4000 5959
2025-07-09 20:11:50 INFO     5000 5959
2025-07-09 20:15:03 INFO     >>>>> Generator: Training
2025-07-09 20:15:12 INFO     -------------------------
2025-07-09 20:15:12 INFO     | Post-train Generator
2025-07-09 20:15:12 INFO     -------------------------
2025-07-09 20:15:14 INFO     >>>>> Generator: Training
2025-07-09 20:16:49 INFO     [E01000] Total 3.139361 | Main 3.110149 | RelClus 1.857888 | EntType 3.026898
2025-07-09 20:16:49 INFO     -------------------------
2025-07-09 20:16:49 INFO     | Beam Search Best Rules
2025-07-09 20:16:49 INFO     -------------------------
2025-07-09 20:16:49 INFO     >>>>> Generator: Rule generation with beam search
2025-07-09 20:16:50 INFO     >>>>> Generator: Rule generation with beam search
2025-07-09 20:16:56 INFO     >>>>> Generator: Rule generation with beam search
2025-07-09 20:18:14 INFO     >>>>> Generator: Rule generation with beam search
2025-07-09 20:19:19 INFO     >>>>> Generator: Rule generation with beam search
2025-07-09 20:20:03 INFO     -------------------------
2025-07-09 20:20:03 INFO     | Train Final Predictor+
2025-07-09 20:20:03 INFO     -------------------------
2025-07-09 20:20:04 INFO     Predictor+: read 18420 rules from list.
2025-07-09 20:20:04 INFO     Preprocess training set
2025-07-09 20:20:04 INFO     -------------------------
2025-07-09 20:20:04 INFO     | Iteration: 1/5
2025-07-09 20:20:04 INFO     -------------------------
2025-07-09 20:20:04 INFO     >>>>> Predictor: Training
2025-07-09 20:25:12 INFO     1000 5959 4.894568 69271.3
2025-07-09 20:30:17 INFO     2000 5959 4.726285 69332.0
2025-07-09 20:35:23 INFO     3000 5959 4.707799 69375.3
2025-07-09 20:40:26 INFO     4000 5959 4.711940 69279.9
2025-07-09 20:45:28 INFO     5000 5959 4.680697 69349.3
2025-07-09 20:50:17 INFO     >>>>> Predictor: Evaluating on valid
2025-07-09 20:51:31 INFO     Data : 2077
2025-07-09 20:51:31 INFO     Hit1 : 0.105922
2025-07-09 20:51:31 INFO     Hit3 : 0.182956
2025-07-09 20:51:31 INFO     Hit10: 0.317766
2025-07-09 20:51:31 INFO     MR   : 986.388541
2025-07-09 20:51:31 INFO     MRR  : 0.171887
2025-07-09 20:51:31 INFO     >>>>> Predictor: Evaluating on test
2025-07-09 20:52:56 INFO     Data : 2342
2025-07-09 20:52:56 INFO     Hit1 : 0.126388
2025-07-09 20:52:56 INFO     Hit3 : 0.210931
2025-07-09 20:52:56 INFO     Hit10: 0.315969
2025-07-09 20:52:56 INFO     MR   : 922.045474
2025-07-09 20:52:56 INFO     MRR  : 0.190299
2025-07-09 20:52:56 INFO     Save checkpoint to results/semmeddb/10_times_each/cluster_k/4_20250709_144736/predictor.pt
2025-07-09 20:52:56 INFO     -------------------------
2025-07-09 20:52:56 INFO     | Iteration: 2/5
2025-07-09 20:52:56 INFO     -------------------------
2025-07-09 20:52:56 INFO     >>>>> Predictor: Training
2025-07-09 20:58:01 INFO     1000 5959 4.604144 69366.7
2025-07-09 21:03:03 INFO     2000 5959 4.654635 69375.3
2025-07-09 21:08:06 INFO     3000 5959 4.640791 69219.2
2025-07-09 21:13:09 INFO     4000 5959 4.653697 69305.9
2025-07-09 21:18:14 INFO     5000 5959 4.618205 69288.6
2025-07-09 21:23:04 INFO     >>>>> Predictor: Evaluating on valid
2025-07-09 21:24:21 INFO     Data : 2077
2025-07-09 21:24:21 INFO     Hit1 : 0.092922
2025-07-09 21:24:21 INFO     Hit3 : 0.191141
2025-07-09 21:24:21 INFO     Hit10: 0.322099
2025-07-09 21:24:21 INFO     MR   : 950.115311
2025-07-09 21:24:21 INFO     MRR  : 0.166744
2025-07-09 21:24:21 INFO     >>>>> Predictor: Evaluating on test
2025-07-09 21:25:47 INFO     Data : 2342
2025-07-09 21:25:47 INFO     Hit1 : 0.133646
2025-07-09 21:25:47 INFO     Hit3 : 0.209223
2025-07-09 21:25:47 INFO     Hit10: 0.323655
2025-07-09 21:25:47 INFO     MR   : 886.090734
2025-07-09 21:25:47 INFO     MRR  : 0.195355
2025-07-09 21:25:47 INFO     -------------------------
2025-07-09 21:25:47 INFO     | Iteration: 3/5
2025-07-09 21:25:47 INFO     -------------------------
2025-07-09 21:25:47 INFO     >>>>> Predictor: Training
2025-07-09 21:30:54 INFO     1000 5959 4.617312 69288.6
2025-07-09 21:36:02 INFO     2000 5959 4.615848 69288.6
2025-07-09 21:41:06 INFO     3000 5959 4.608504 69340.6
2025-07-09 21:46:11 INFO     4000 5959 4.615142 69271.3
2025-07-09 21:51:17 INFO     5000 5959 4.637743 69219.2
2025-07-09 21:56:11 INFO     >>>>> Predictor: Evaluating on valid
2025-07-09 21:57:26 INFO     Data : 2077
2025-07-09 21:57:26 INFO     Hit1 : 0.092441
2025-07-09 21:57:26 INFO     Hit3 : 0.178142
2025-07-09 21:57:26 INFO     Hit10: 0.301878
2025-07-09 21:57:26 INFO     MR   : 940.198844
2025-07-09 21:57:26 INFO     MRR  : 0.161399
2025-07-09 21:57:26 INFO     >>>>> Predictor: Evaluating on test
2025-07-09 21:58:51 INFO     Data : 2342
2025-07-09 21:58:51 INFO     Hit1 : 0.119556
2025-07-09 21:58:51 INFO     Hit3 : 0.198121
2025-07-09 21:58:51 INFO     Hit10: 0.317250
2025-07-09 21:58:51 INFO     MR   : 868.645175
2025-07-09 21:58:51 INFO     MRR  : 0.182889
2025-07-09 21:58:51 INFO     -------------------------
2025-07-09 21:58:51 INFO     | Iteration: 4/5
2025-07-09 21:58:51 INFO     -------------------------
2025-07-09 21:58:51 INFO     >>>>> Predictor: Training
2025-07-09 22:03:56 INFO     1000 5959 4.594886 69340.6
2025-07-09 22:09:01 INFO     2000 5959 4.561980 69184.5
2025-07-09 22:14:05 INFO     3000 5959 4.624506 69253.9
2025-07-09 22:19:11 INFO     4000 5959 4.601505 69340.6
2025-07-09 22:24:16 INFO     5000 5959 4.597216 69384.0
2025-07-09 22:29:08 INFO     >>>>> Predictor: Evaluating on valid
2025-07-09 22:30:23 INFO     Data : 2077
2025-07-09 22:30:23 INFO     Hit1 : 0.097256
2025-07-09 22:30:23 INFO     Hit3 : 0.182475
2025-07-09 22:30:23 INFO     Hit10: 0.313433
2025-07-09 22:30:23 INFO     MR   : 933.063794
2025-07-09 22:30:23 INFO     MRR  : 0.166658
2025-07-09 22:30:23 INFO     >>>>> Predictor: Evaluating on test
2025-07-09 22:31:48 INFO     Data : 2342
2025-07-09 22:31:48 INFO     Hit1 : 0.127669
2025-07-09 22:31:48 INFO     Hit3 : 0.207088
2025-07-09 22:31:48 INFO     Hit10: 0.318104
2025-07-09 22:31:48 INFO     MR   : 865.336038
2025-07-09 22:31:48 INFO     MRR  : 0.191241
2025-07-09 22:31:48 INFO     -------------------------
2025-07-09 22:31:48 INFO     | Iteration: 5/5
2025-07-09 22:31:48 INFO     -------------------------
2025-07-09 22:31:48 INFO     >>>>> Predictor: Training
2025-07-09 22:36:54 INFO     1000 5959 4.604327 69323.3
2025-07-09 22:41:59 INFO     2000 5959 4.581488 69332.0
2025-07-09 22:47:04 INFO     3000 5959 4.614869 69219.2
2025-07-09 22:52:08 INFO     4000 5959 4.611539 69297.3
2025-07-09 22:57:14 INFO     5000 5959 4.573975 69332.0
2025-07-09 23:02:06 INFO     >>>>> Predictor: Evaluating on valid
2025-07-09 23:03:21 INFO     Data : 2077
2025-07-09 23:03:21 INFO     Hit1 : 0.090997
2025-07-09 23:03:21 INFO     Hit3 : 0.181512
2025-07-09 23:03:21 INFO     Hit10: 0.312470
2025-07-09 23:03:21 INFO     MR   : 921.541165
2025-07-09 23:03:21 INFO     MRR  : 0.162403
2025-07-09 23:03:21 INFO     >>>>> Predictor: Evaluating on test
2025-07-09 23:04:46 INFO     Data : 2342
2025-07-09 23:04:46 INFO     Hit1 : 0.123399
2025-07-09 23:04:46 INFO     Hit3 : 0.204953
2025-07-09 23:04:46 INFO     Hit10: 0.317677
2025-07-09 23:04:46 INFO     MR   : 853.785653
2025-07-09 23:04:46 INFO     MRR  : 0.187834
2025-07-09 23:04:46 INFO     -------------------------
2025-07-09 23:04:46 INFO     | Final Test MRR: 0.190299
2025-07-09 23:04:46 INFO     -------------------------
