2025-05-06 23:23:33 INFO     Predictor: read 198 rules from list.
2025-05-06 23:27:03 INFO     Predictor+: read 18420 rules from list.
-------------------------
2025-05-06 23:22:40 INFO     >>>>> Generator: Training
2025-05-06 23:22:46 INFO     [E1000] Total: 1.852084 | Main: 2.116346 | Aux: 0.795036
2025-05-06 23:22:52 INFO     [E2000] Total: 1.813725 | Main: 2.071122 | Aux: 0.784137
2025-05-06 23:22:57 INFO     [E3000] Total: 1.805264 | Main: 2.061126 | Aux: 0.781818
2025-05-06 23:23:02 INFO     [E4000] Total: 1.800056 | Main: 2.054849 | Aux: 0.780882
2025-05-06 23:23:07 INFO     [E5000] Total: 1.796132 | Main: 2.050218 | Aux: 0.779790
2025-05-06 23:23:12 INFO     [E6000] Total: 1.791932 | Main: 2.045102 | Aux: 0.779250
2025-05-06 23:23:17 INFO     [E7000] Total: 1.789255 | Main: 2.041921 | Aux: 0.778590
2025-05-06 23:23:22 INFO     [E8000] Total: 1.787937 | Main: 2.040448 | Aux: 0.777892
2025-05-06 23:23:27 INFO     [E9000] Total: 1.785446 | Main: 2.037346 | Aux: 0.777847
2025-05-06 23:23:32 INFO     [E10000] Total: 1.784307 | Main: 2.036122 | Aux: 0.777049
2025-05-06 23:23:32 INFO     -------------------------
2025-05-06 23:23:32 INFO     | EM Iteration: 1/1
2025-05-06 23:23:32 INFO     -------------------------
2025-05-06 23:23:32 INFO     >>>>> Generator: Rule generation with sampling
2025-05-06 23:23:33 INFO     Predictor: read 198 rules from list.
2025-05-06 23:23:33 INFO     Initializing distributed process group
2025-05-06 23:23:33 INFO     Preprocess training set
2025-05-06 23:23:33 INFO     >>>>> Predictor: Training
2025-05-06 23:23:34 INFO     100 11892 11.118498 606488.0
2025-05-06 23:23:35 INFO     200 11892 11.027060 606488.0
2025-05-06 23:23:36 INFO     300 11892 10.972718 606488.0
2025-05-06 23:23:37 INFO     400 11892 10.859131 606488.0
2025-05-06 23:23:39 INFO     500 11892 10.709800 606488.0
2025-05-06 23:23:40 INFO     600 11892 10.737838 606488.0
2025-05-06 23:23:41 INFO     700 11892 10.660073 606488.0
2025-05-06 23:23:42 INFO     800 11892 10.581883 606488.0
2025-05-06 23:23:43 INFO     900 11892 10.540243 606488.0
2025-05-06 23:23:44 INFO     1000 11892 10.558887 606488.0
2025-05-06 23:23:44 INFO     >>>>> Predictor: Evaluating on valid
2025-05-06 23:24:23 INFO     Data : 21135
2025-05-06 23:24:23 INFO     Hit1 : 0.009696
2025-05-06 23:24:23 INFO     Hit3 : 0.022088
2025-05-06 23:24:23 INFO     Hit10: 0.042520
2025-05-06 23:24:23 INFO     MR   : 13971.149742
2025-05-06 23:24:23 INFO     MRR  : 0.022526
2025-05-06 23:24:23 INFO     >>>>> Predictor: Evaluating on test
2025-05-06 23:24:39 INFO     Data : 10871
2025-05-06 23:24:39 INFO     Hit1 : 0.011490
2025-05-06 23:24:39 INFO     Hit3 : 0.016454
2025-05-06 23:24:39 INFO     Hit10: 0.032540
2025-05-06 23:24:39 INFO     MR   : 12642.407574
2025-05-06 23:24:39 INFO     MRR  : 0.021417
2025-05-06 23:24:39 INFO     >>>>> Predictor: Computing H scores of rules
2025-05-06 23:24:49 INFO     1000 11892
2025-05-06 23:24:58 INFO     2000 11892
2025-05-06 23:25:07 INFO     3000 11892
2025-05-06 23:25:16 INFO     4000 11892
2025-05-06 23:25:25 INFO     5000 11892
2025-05-06 23:25:35 INFO     6000 11892
2025-05-06 23:25:44 INFO     7000 11892
2025-05-06 23:25:53 INFO     8000 11892
2025-05-06 23:26:02 INFO     9000 11892
2025-05-06 23:26:12 INFO     10000 11892
2025-05-06 23:26:21 INFO     11000 11892
2025-05-06 23:26:31 INFO     >>>>> Generator: Training
2025-05-06 23:26:31 INFO     -------------------------
2025-05-06 23:26:31 INFO     | Post-train Generator
2025-05-06 23:26:31 INFO     -------------------------
2025-05-06 23:26:31 INFO     >>>>> Generator: Training
2025-05-06 23:26:35 INFO     [E1000] Total: 0.997124 | Main: 1.080282 | Aux: 0.664492
2025-05-06 23:26:35 INFO     -------------------------
2025-05-06 23:26:35 INFO     | Beam Search Best Rules
2025-05-06 23:26:35 INFO     -------------------------
2025-05-06 23:26:35 INFO     >>>>> Generator: Rule generation with beam search
2025-05-06 23:26:36 INFO     >>>>> Generator: Rule generation with beam search
2025-05-06 23:26:37 INFO     >>>>> Generator: Rule generation with beam search
2025-05-06 23:26:49 INFO     >>>>> Generator: Rule generation with beam search
2025-05-06 23:26:57 INFO     >>>>> Generator: Rule generation with beam search
2025-05-06 23:27:03 INFO     -------------------------
2025-05-06 23:27:03 INFO     | Train Final Predictor+
2025-05-06 23:27:03 INFO     -------------------------
2025-05-06 23:27:03 INFO     Predictor+: read 18420 rules from list.
2025-05-06 23:27:03 INFO     Preprocess training set
2025-05-06 23:27:03 INFO     -------------------------
2025-05-06 23:27:03 INFO     | Iteration: 1/1
2025-05-06 23:27:03 INFO     -------------------------
2025-05-06 23:27:03 INFO     >>>>> Predictor: Training
2025-05-06 23:27:48 INFO     100 11892 8.313555 606488.0
2025-05-06 23:28:32 INFO     200 11892 7.070599 606488.0
2025-05-06 23:29:16 INFO     300 11892 7.164321 605729.9
2025-05-06 23:30:00 INFO     400 11892 6.919622 606488.0
2025-05-06 23:30:44 INFO     500 11892 6.912421 606488.0
2025-05-06 23:31:28 INFO     600 11892 6.961738 606488.0
2025-05-06 23:32:12 INFO     700 11892 7.019499 606488.0
2025-05-06 23:32:55 INFO     800 11892 6.983745 606488.0
2025-05-06 23:33:38 INFO     900 11892 6.814138 606488.0
2025-05-06 23:34:21 INFO     1000 11892 6.735968 601939.3
2025-05-06 23:34:21 INFO     >>>>> Predictor: Evaluating on valid
