2025-07-20 15:38:55 INFO     is_soft_label: False
2025-07-20 15:38:55 INFO     is_scheduled_sampling: False
2025-07-20 15:38:55 INFO     is_test_mode: False
2025-07-20 15:38:55 INFO     Data loading | DONE!
2025-07-20 15:38:55 INFO     Using full datasets for training, validation, and testing.
2025-07-20 15:38:56 INFO     -------------------------
2025-07-20 15:38:56 INFO     | EM Iteration: 1/5
2025-07-20 15:38:56 INFO     -------------------------
2025-07-20 15:38:56 INFO     >>>>> Using miner's rule
2025-07-20 15:38:56 INFO     Predictor: read 13661 rules from list.
2025-07-20 15:38:57 INFO     Preprocess training set
2025-07-20 15:38:57 INFO     >>>>> Predictor: Evaluating on valid
2025-07-20 15:41:12 INFO     Data : 2077
2025-07-20 15:41:12 INFO     Hit1 : 0.065479
2025-07-20 15:41:12 INFO     Hit3 : 0.127106
2025-07-20 15:41:12 INFO     Hit10: 0.199326
2025-07-20 15:41:12 INFO     MR   : 1120.902022
2025-07-20 15:41:12 INFO     MRR  : 0.114382
2025-07-20 15:41:12 INFO     >>>>> Predictor: Evaluating on test
2025-07-20 15:43:46 INFO     Data : 2342
2025-07-20 15:43:46 INFO     Hit1 : 0.078992
2025-07-20 15:43:46 INFO     Hit3 : 0.124253
2025-07-20 15:43:46 INFO     Hit10: 0.208796
2025-07-20 15:43:46 INFO     MR   : 1044.269001
2025-07-20 15:43:46 INFO     MRR  : 0.122250
2025-07-20 15:43:46 INFO     >>>>> Predictor: Computing H scores of rules
2025-07-20 16:17:20 INFO     1000 5959
2025-07-20 16:51:30 INFO     2000 5959
2025-07-20 17:25:25 INFO     3000 5959
2025-07-20 17:59:26 INFO     4000 5959
2025-07-20 18:33:12 INFO     5000 5959
2025-07-20 19:07:45 INFO     >>>>> Generator: Training
2025-07-20 19:07:51 INFO     -------------------------
2025-07-20 19:07:51 INFO     | EM Iteration: 2/5
2025-07-20 19:07:51 INFO     -------------------------
2025-07-20 19:07:51 INFO     >>>>> Using Generator's sample rule
2025-07-20 19:07:51 INFO     >>>>> Generator: Rule generation with sampling
2025-07-20 19:07:51 INFO     Predictor: read 1904 rules from list.
2025-07-20 19:07:51 INFO     Preprocess training set
2025-07-20 19:07:51 INFO     >>>>> Predictor: Training
2025-07-20 19:08:52 INFO     1000 5959 8.782312 69314.6
2025-07-20 19:09:54 INFO     2000 5959 8.410004 69271.3
2025-07-20 19:10:53 INFO     3000 5959 8.219053 69245.2
2025-07-20 19:11:52 INFO     4000 5959 8.065449 69340.6
2025-07-20 19:12:55 INFO     5000 5959 7.940880 69340.6
2025-07-20 19:13:52 INFO     >>>>> Predictor: Evaluating on valid
2025-07-20 19:14:03 INFO     Data : 2077
2025-07-20 19:14:03 INFO     Hit1 : 0.025036
2025-07-20 19:14:03 INFO     Hit3 : 0.040924
2025-07-20 19:14:03 INFO     Hit10: 0.064035
2025-07-20 19:14:03 INFO     MR   : 1407.828117
2025-07-20 19:14:03 INFO     MRR  : 0.041154
2025-07-20 19:14:03 INFO     >>>>> Predictor: Evaluating on test
2025-07-20 19:14:15 INFO     Data : 2342
2025-07-20 19:14:15 INFO     Hit1 : 0.019641
2025-07-20 19:14:15 INFO     Hit3 : 0.030743
2025-07-20 19:14:15 INFO     Hit10: 0.056362
2025-07-20 19:14:15 INFO     MR   : 1317.205807
2025-07-20 19:14:15 INFO     MRR  : 0.034766
2025-07-20 19:14:15 INFO     >>>>> Predictor: Computing H scores of rules
2025-07-20 19:16:58 INFO     1000 5959
2025-07-20 19:19:38 INFO     2000 5959
2025-07-20 19:22:19 INFO     3000 5959
2025-07-20 19:25:00 INFO     4000 5959
2025-07-20 19:27:40 INFO     5000 5959
2025-07-20 19:30:16 INFO     >>>>> Generator: Training
2025-07-20 19:30:22 INFO     -------------------------
2025-07-20 19:30:22 INFO     | EM Iteration: 3/5
2025-07-20 19:30:22 INFO     -------------------------
2025-07-20 19:30:22 INFO     >>>>> Using Generator's sample rule
2025-07-20 19:30:22 INFO     >>>>> Generator: Rule generation with sampling
2025-07-20 19:30:22 INFO     Predictor: read 1877 rules from list.
2025-07-20 19:30:22 INFO     Preprocess training set
2025-07-20 19:30:22 INFO     >>>>> Predictor: Training
2025-07-20 19:31:22 INFO     1000 5959 8.809976 69332.0
2025-07-20 19:32:24 INFO     2000 5959 8.469537 69349.3
2025-07-20 19:33:25 INFO     3000 5959 8.254404 69184.5
2025-07-20 19:34:26 INFO     4000 5959 8.080450 69253.9
2025-07-20 19:35:26 INFO     5000 5959 7.983767 69332.0
2025-07-20 19:36:24 INFO     >>>>> Predictor: Evaluating on valid
2025-07-20 19:36:34 INFO     Data : 2077
2025-07-20 19:36:34 INFO     Hit1 : 0.010592
2025-07-20 19:36:34 INFO     Hit3 : 0.025999
2025-07-20 19:36:34 INFO     Hit10: 0.051035
2025-07-20 19:36:34 INFO     MR   : 1450.381801
2025-07-20 19:36:34 INFO     MRR  : 0.026797
2025-07-20 19:36:34 INFO     >>>>> Predictor: Evaluating on test
2025-07-20 19:36:47 INFO     Data : 2342
2025-07-20 19:36:47 INFO     Hit1 : 0.014091
2025-07-20 19:36:47 INFO     Hit3 : 0.024765
2025-07-20 19:36:47 INFO     Hit10: 0.047395
2025-07-20 19:36:47 INFO     MR   : 1340.377455
2025-07-20 19:36:47 INFO     MRR  : 0.028016
2025-07-20 19:36:47 INFO     >>>>> Predictor: Computing H scores of rules
2025-07-20 19:39:25 INFO     1000 5959
2025-07-20 19:42:02 INFO     2000 5959
2025-07-20 19:44:40 INFO     3000 5959
2025-07-20 19:47:20 INFO     4000 5959
2025-07-20 19:49:59 INFO     5000 5959
2025-07-20 19:52:33 INFO     >>>>> Generator: Training
2025-07-20 19:52:39 INFO     -------------------------
2025-07-20 19:52:39 INFO     | EM Iteration: 4/5
2025-07-20 19:52:39 INFO     -------------------------
2025-07-20 19:52:39 INFO     >>>>> Using Generator's sample rule
2025-07-20 19:52:39 INFO     >>>>> Generator: Rule generation with sampling
2025-07-20 19:52:39 INFO     Predictor: read 1847 rules from list.
2025-07-20 19:52:39 INFO     Preprocess training set
2025-07-20 19:52:39 INFO     >>>>> Predictor: Training
2025-07-20 19:53:38 INFO     1000 5959 8.791110 69271.3
2025-07-20 19:54:38 INFO     2000 5959 8.404539 69340.6
2025-07-20 19:55:38 INFO     3000 5959 8.137731 69384.0
2025-07-20 19:56:39 INFO     4000 5959 7.963986 69262.6
2025-07-20 19:57:39 INFO     5000 5959 7.819836 69332.0
2025-07-20 19:58:36 INFO     >>>>> Predictor: Evaluating on valid
2025-07-20 19:58:47 INFO     Data : 2077
2025-07-20 19:58:47 INFO     Hit1 : 0.006259
2025-07-20 19:58:47 INFO     Hit3 : 0.018296
2025-07-20 19:58:47 INFO     Hit10: 0.036110
2025-07-20 19:58:47 INFO     MR   : 1486.285749
2025-07-20 19:58:47 INFO     MRR  : 0.019680
2025-07-20 19:58:47 INFO     >>>>> Predictor: Evaluating on test
2025-07-20 19:58:59 INFO     Data : 2342
2025-07-20 19:58:59 INFO     Hit1 : 0.008540
2025-07-20 19:58:59 INFO     Hit3 : 0.018787
2025-07-20 19:58:59 INFO     Hit10: 0.035440
2025-07-20 19:58:59 INFO     MR   : 1371.789710
2025-07-20 19:58:59 INFO     MRR  : 0.020680
2025-07-20 19:58:59 INFO     >>>>> Predictor: Computing H scores of rules
2025-07-20 20:01:37 INFO     1000 5959
2025-07-20 20:04:15 INFO     2000 5959
2025-07-20 20:06:52 INFO     3000 5959
2025-07-20 20:09:31 INFO     4000 5959
2025-07-20 20:12:10 INFO     5000 5959
2025-07-20 20:14:45 INFO     >>>>> Generator: Training
2025-07-20 20:14:51 INFO     -------------------------
2025-07-20 20:14:51 INFO     | EM Iteration: 5/5
2025-07-20 20:14:51 INFO     -------------------------
2025-07-20 20:14:51 INFO     >>>>> Using Generator's sample rule
2025-07-20 20:14:51 INFO     >>>>> Generator: Rule generation with sampling
2025-07-20 20:14:51 INFO     Predictor: read 1676 rules from list.
2025-07-20 20:14:51 INFO     Preprocess training set
2025-07-20 20:14:51 INFO     >>>>> Predictor: Training
2025-07-20 20:15:43 INFO     1000 5959 8.805924 69332.0
2025-07-20 20:16:35 INFO     2000 5959 8.434382 69349.3
2025-07-20 20:17:26 INFO     3000 5959 8.182272 69340.6
2025-07-20 20:18:18 INFO     4000 5959 8.012417 69297.3
2025-07-20 20:19:10 INFO     5000 5959 7.830053 69219.2
2025-07-20 20:20:00 INFO     >>>>> Predictor: Evaluating on valid
2025-07-20 20:20:10 INFO     Data : 2077
2025-07-20 20:20:10 INFO     Hit1 : 0.029851
2025-07-20 20:20:10 INFO     Hit3 : 0.053924
2025-07-20 20:20:10 INFO     Hit10: 0.076071
2025-07-20 20:20:10 INFO     MR   : 1451.129995
2025-07-20 20:20:10 INFO     MRR  : 0.049605
2025-07-20 20:20:10 INFO     >>>>> Predictor: Evaluating on test
2025-07-20 20:20:21 INFO     Data : 2342
2025-07-20 20:20:21 INFO     Hit1 : 0.028608
2025-07-20 20:20:21 INFO     Hit3 : 0.046541
2025-07-20 20:20:21 INFO     Hit10: 0.084116
2025-07-20 20:20:21 INFO     MR   : 1334.989112
2025-07-20 20:20:21 INFO     MRR  : 0.048452
2025-07-20 20:20:21 INFO     >>>>> Predictor: Computing H scores of rules
2025-07-20 20:22:43 INFO     1000 5959
2025-07-20 20:25:06 INFO     2000 5959
2025-07-20 20:27:28 INFO     3000 5959
2025-07-20 20:29:49 INFO     4000 5959
2025-07-20 20:32:11 INFO     5000 5959
2025-07-20 20:34:31 INFO     >>>>> Generator: Training
2025-07-20 20:34:37 INFO     -------------------------
2025-07-20 20:34:37 INFO     | Post-train Generator
2025-07-20 20:34:37 INFO     -------------------------
2025-07-20 20:34:39 INFO     >>>>> Generator: Training
2025-07-20 20:35:39 INFO     [E01000] Total 2.432650 | Main 2.559255 | RelClus 1.497829 | EntType 2.354638
2025-07-20 20:35:39 INFO     -------------------------
2025-07-20 20:35:39 INFO     | Beam Search Best Rules
2025-07-20 20:35:39 INFO     -------------------------
2025-07-20 20:35:39 INFO     >>>>> Generator: Rule generation with beam search
2025-07-20 20:35:40 INFO     >>>>> Generator: Rule generation with beam search
2025-07-20 20:35:47 INFO     >>>>> Generator: Rule generation with beam search
2025-07-20 20:37:02 INFO     >>>>> Generator: Rule generation with beam search
2025-07-20 20:38:03 INFO     >>>>> Generator: Rule generation with beam search
2025-07-20 20:38:45 INFO     -------------------------
2025-07-20 20:38:45 INFO     | Train Final Predictor+
2025-07-20 20:38:45 INFO     -------------------------
2025-07-20 20:38:45 INFO     Predictor+: read 18420 rules from list.
2025-07-20 20:38:45 INFO     Preprocess training set
2025-07-20 20:38:45 INFO     -------------------------
2025-07-20 20:38:45 INFO     | Iteration: 1/5
2025-07-20 20:38:45 INFO     -------------------------
2025-07-20 20:38:45 INFO     >>>>> Predictor: Training
2025-07-20 20:43:58 INFO     1000 5959 4.988979 69271.3
2025-07-20 20:49:10 INFO     2000 5959 4.754372 69332.0
2025-07-20 20:54:21 INFO     3000 5959 4.739462 69375.3
2025-07-20 20:59:35 INFO     4000 5959 4.738052 69279.9
2025-07-20 21:04:46 INFO     5000 5959 4.707660 69349.3
2025-07-20 21:09:45 INFO     >>>>> Predictor: Evaluating on valid
2025-07-20 21:11:01 INFO     Data : 2077
2025-07-20 21:11:01 INFO     Hit1 : 0.096774
2025-07-20 21:11:01 INFO     Hit3 : 0.185845
2025-07-20 21:11:01 INFO     Hit10: 0.307174
2025-07-20 21:11:01 INFO     MR   : 993.004092
2025-07-20 21:11:01 INFO     MRR  : 0.165775
2025-07-20 21:11:01 INFO     >>>>> Predictor: Evaluating on test
2025-07-20 21:12:27 INFO     Data : 2342
2025-07-20 21:12:27 INFO     Hit1 : 0.120410
2025-07-20 21:12:27 INFO     Hit3 : 0.207088
2025-07-20 21:12:27 INFO     Hit10: 0.312553
2025-07-20 21:12:27 INFO     MR   : 925.956874
2025-07-20 21:12:27 INFO     MRR  : 0.186098
2025-07-20 21:12:27 INFO     Save checkpoint to results/semmeddb/10_times_each/fixed/622/7_20250720_153853/predictor.pt
2025-07-20 21:12:27 INFO     -------------------------
2025-07-20 21:12:27 INFO     | Iteration: 2/5
2025-07-20 21:12:27 INFO     -------------------------
2025-07-20 21:12:27 INFO     >>>>> Predictor: Training
2025-07-20 21:17:39 INFO     1000 5959 4.636751 69366.7
2025-07-20 21:22:53 INFO     2000 5959 4.677054 69375.3
2025-07-20 21:28:10 INFO     3000 5959 4.665302 69219.2
2025-07-20 21:33:24 INFO     4000 5959 4.671959 69305.9
2025-07-20 21:38:36 INFO     5000 5959 4.659660 69288.6
2025-07-20 21:43:39 INFO     >>>>> Predictor: Evaluating on valid
2025-07-20 21:44:54 INFO     Data : 2077
2025-07-20 21:44:54 INFO     Hit1 : 0.092441
2025-07-20 21:44:54 INFO     Hit3 : 0.188252
2025-07-20 21:44:54 INFO     Hit10: 0.315359
2025-07-20 21:44:54 INFO     MR   : 956.172605
2025-07-20 21:44:54 INFO     MRR  : 0.164347
2025-07-20 21:44:54 INFO     >>>>> Predictor: Evaluating on test
2025-07-20 21:46:20 INFO     Data : 2342
2025-07-20 21:46:20 INFO     Hit1 : 0.123399
2025-07-20 21:46:20 INFO     Hit3 : 0.210077
2025-07-20 21:46:20 INFO     Hit10: 0.318958
2025-07-20 21:46:20 INFO     MR   : 890.655636
2025-07-20 21:46:20 INFO     MRR  : 0.188436
2025-07-20 21:46:20 INFO     -------------------------
2025-07-20 21:46:20 INFO     | Iteration: 3/5
2025-07-20 21:46:20 INFO     -------------------------
2025-07-20 21:46:20 INFO     >>>>> Predictor: Training
2025-07-20 21:51:34 INFO     1000 5959 4.643348 69288.6
2025-07-20 21:56:49 INFO     2000 5959 4.646481 69288.6
2025-07-20 22:02:02 INFO     3000 5959 4.639627 69340.6
2025-07-20 22:07:15 INFO     4000 5959 4.638630 69271.3
2025-07-20 22:12:28 INFO     5000 5959 4.668444 69219.2
2025-07-20 22:17:28 INFO     >>>>> Predictor: Evaluating on valid
2025-07-20 22:18:44 INFO     Data : 2077
2025-07-20 22:18:44 INFO     Hit1 : 0.092441
2025-07-20 22:18:44 INFO     Hit3 : 0.179104
2025-07-20 22:18:44 INFO     Hit10: 0.301396
2025-07-20 22:18:44 INFO     MR   : 947.945354
2025-07-20 22:18:44 INFO     MRR  : 0.161439
2025-07-20 22:18:44 INFO     >>>>> Predictor: Evaluating on test
2025-07-20 22:20:09 INFO     Data : 2342
2025-07-20 22:20:09 INFO     Hit1 : 0.118702
2025-07-20 22:20:09 INFO     Hit3 : 0.197267
2025-07-20 22:20:09 INFO     Hit10: 0.316396
2025-07-20 22:20:09 INFO     MR   : 881.053160
2025-07-20 22:20:09 INFO     MRR  : 0.181595
2025-07-20 22:20:09 INFO     -------------------------
2025-07-20 22:20:09 INFO     | Iteration: 4/5
2025-07-20 22:20:09 INFO     -------------------------
2025-07-20 22:20:09 INFO     >>>>> Predictor: Training
2025-07-20 22:25:23 INFO     1000 5959 4.613677 69340.6
2025-07-20 22:30:36 INFO     2000 5959 4.591823 69184.5
2025-07-20 22:35:46 INFO     3000 5959 4.660778 69253.9
2025-07-20 22:41:01 INFO     4000 5959 4.626125 69340.6
2025-07-20 22:46:14 INFO     5000 5959 4.627964 69384.0
2025-07-20 22:51:18 INFO     >>>>> Predictor: Evaluating on valid
2025-07-20 22:52:33 INFO     Data : 2077
2025-07-20 22:52:33 INFO     Hit1 : 0.089071
2025-07-20 22:52:33 INFO     Hit3 : 0.181993
2025-07-20 22:52:33 INFO     Hit10: 0.307655
2025-07-20 22:52:33 INFO     MR   : 939.963168
2025-07-20 22:52:33 INFO     MRR  : 0.159883
2025-07-20 22:52:33 INFO     >>>>> Predictor: Evaluating on test
2025-07-20 22:53:58 INFO     Data : 2342
2025-07-20 22:53:58 INFO     Hit1 : 0.113578
2025-07-20 22:53:58 INFO     Hit3 : 0.204099
2025-07-20 22:53:58 INFO     Hit10: 0.319385
2025-07-20 22:53:58 INFO     MR   : 877.969044
2025-07-20 22:53:58 INFO     MRR  : 0.182274
2025-07-20 22:53:58 INFO     -------------------------
2025-07-20 22:53:58 INFO     | Iteration: 5/5
2025-07-20 22:53:58 INFO     -------------------------
2025-07-20 22:53:58 INFO     >>>>> Predictor: Training
2025-07-20 22:59:09 INFO     1000 5959 4.620035 69323.3
2025-07-20 23:04:23 INFO     2000 5959 4.607064 69332.0
2025-07-20 23:09:32 INFO     3000 5959 4.646806 69219.2
2025-07-20 23:14:41 INFO     4000 5959 4.636859 69297.3
2025-07-20 23:19:51 INFO     5000 5959 4.606130 69332.0
2025-07-20 23:24:50 INFO     >>>>> Predictor: Evaluating on valid
2025-07-20 23:26:05 INFO     Data : 2077
2025-07-20 23:26:05 INFO     Hit1 : 0.092441
2025-07-20 23:26:05 INFO     Hit3 : 0.185364
2025-07-20 23:26:05 INFO     Hit10: 0.310544
2025-07-20 23:26:05 INFO     MR   : 936.467742
2025-07-20 23:26:05 INFO     MRR  : 0.164234
2025-07-20 23:26:05 INFO     >>>>> Predictor: Evaluating on test
2025-07-20 23:27:30 INFO     Data : 2342
2025-07-20 23:27:30 INFO     Hit1 : 0.120410
2025-07-20 23:27:30 INFO     Hit3 : 0.204953
2025-07-20 23:27:30 INFO     Hit10: 0.320666
2025-07-20 23:27:30 INFO     MR   : 872.318958
2025-07-20 23:27:30 INFO     MRR  : 0.186783
2025-07-20 23:27:30 INFO     -------------------------
2025-07-20 23:27:30 INFO     | Final Test MRR: 0.186098
2025-07-20 23:27:30 INFO     -------------------------
