2025-05-06 23:36:37 INFO     Predictor: read 197 rules from list.
2025-05-06 23:40:07 INFO     Predictor+: read 18420 rules from list.
-------------------------
2025-05-06 23:35:45 INFO     >>>>> Generator: Training
2025-05-06 23:35:51 INFO     [E1000] Total: 2.051455 | Main: 2.116143 | Aux: 0.809082
2025-05-06 23:35:56 INFO     [E2000] Total: 2.007300 | Main: 2.071591 | Aux: 0.785771
2025-05-06 23:36:01 INFO     [E3000] Total: 1.997666 | Main: 2.061577 | Aux: 0.783362
2025-05-06 23:36:06 INFO     [E4000] Total: 1.992609 | Main: 2.056299 | Aux: 0.782486
2025-05-06 23:36:11 INFO     [E5000] Total: 1.987117 | Main: 2.050588 | Aux: 0.781180
2025-05-06 23:36:16 INFO     [E6000] Total: 1.983045 | Main: 2.046333 | Aux: 0.780564
2025-05-06 23:36:22 INFO     [E7000] Total: 1.979197 | Main: 2.042313 | Aux: 0.779988
2025-05-06 23:36:27 INFO     [E8000] Total: 1.978663 | Main: 2.041789 | Aux: 0.779256
2025-05-06 23:36:32 INFO     [E9000] Total: 1.975613 | Main: 2.038575 | Aux: 0.779336
2025-05-06 23:36:37 INFO     [E10000] Total: 1.973521 | Main: 2.036415 | Aux: 0.778524
2025-05-06 23:36:37 INFO     -------------------------
2025-05-06 23:36:37 INFO     | EM Iteration: 1/1
2025-05-06 23:36:37 INFO     -------------------------
2025-05-06 23:36:37 INFO     >>>>> Generator: Rule generation with sampling
2025-05-06 23:36:37 INFO     Predictor: read 197 rules from list.
2025-05-06 23:36:37 INFO     Initializing distributed process group
2025-05-06 23:36:37 INFO     Preprocess training set
2025-05-06 23:36:37 INFO     >>>>> Predictor: Training
2025-05-06 23:36:39 INFO     100 11892 11.120633 606488.0
2025-05-06 23:36:40 INFO     200 11892 11.026576 606488.0
2025-05-06 23:36:41 INFO     300 11892 10.983487 606488.0
2025-05-06 23:36:42 INFO     400 11892 10.833228 606488.0
2025-05-06 23:36:43 INFO     500 11892 10.707791 606488.0
2025-05-06 23:36:44 INFO     600 11892 10.716565 606488.0
2025-05-06 23:36:45 INFO     700 11892 10.648741 606488.0
2025-05-06 23:36:47 INFO     800 11892 10.575666 606488.0
2025-05-06 23:36:48 INFO     900 11892 10.537982 606488.0
2025-05-06 23:36:49 INFO     1000 11892 10.553604 606488.0
2025-05-06 23:36:49 INFO     >>>>> Predictor: Evaluating on valid
2025-05-06 23:37:27 INFO     Data : 21135
2025-05-06 23:37:27 INFO     Hit1 : 0.009223
2025-05-06 23:37:27 INFO     Hit3 : 0.019486
2025-05-06 23:37:27 INFO     Hit10: 0.043844
2025-05-06 23:37:27 INFO     MR   : 13980.610013
2025-05-06 23:37:27 INFO     MRR  : 0.021958
2025-05-06 23:37:27 INFO     >>>>> Predictor: Evaluating on test
2025-05-06 23:37:45 INFO     Data : 10871
2025-05-06 23:37:45 INFO     Hit1 : 0.014156
2025-05-06 23:37:45 INFO     Hit3 : 0.021325
2025-05-06 23:37:45 INFO     Hit10: 0.039985
2025-05-06 23:37:45 INFO     MR   : 12750.945262
2025-05-06 23:37:45 INFO     MRR  : 0.025119
2025-05-06 23:37:45 INFO     >>>>> Predictor: Computing H scores of rules
2025-05-06 23:37:54 INFO     1000 11892
2025-05-06 23:38:03 INFO     2000 11892
2025-05-06 23:38:12 INFO     3000 11892
2025-05-06 23:38:21 INFO     4000 11892
2025-05-06 23:38:31 INFO     5000 11892
2025-05-06 23:38:40 INFO     6000 11892
2025-05-06 23:38:49 INFO     7000 11892
2025-05-06 23:38:58 INFO     8000 11892
2025-05-06 23:39:07 INFO     9000 11892
2025-05-06 23:39:16 INFO     10000 11892
2025-05-06 23:39:25 INFO     11000 11892
2025-05-06 23:39:35 INFO     >>>>> Generator: Training
2025-05-06 23:39:35 INFO     -------------------------
2025-05-06 23:39:35 INFO     | Post-train Generator
2025-05-06 23:39:35 INFO     -------------------------
2025-05-06 23:39:35 INFO     >>>>> Generator: Training
2025-05-06 23:39:40 INFO     [E1000] Total: 1.159531 | Main: 1.183423 | Aux: 0.693075
2025-05-06 23:39:40 INFO     -------------------------
2025-05-06 23:39:40 INFO     | Beam Search Best Rules
2025-05-06 23:39:40 INFO     -------------------------
2025-05-06 23:39:40 INFO     >>>>> Generator: Rule generation with beam search
2025-05-06 23:39:40 INFO     >>>>> Generator: Rule generation with beam search
2025-05-06 23:39:41 INFO     >>>>> Generator: Rule generation with beam search
2025-05-06 23:39:53 INFO     >>>>> Generator: Rule generation with beam search
2025-05-06 23:40:01 INFO     >>>>> Generator: Rule generation with beam search
2025-05-06 23:40:07 INFO     -------------------------
2025-05-06 23:40:07 INFO     | Train Final Predictor+
2025-05-06 23:40:07 INFO     -------------------------
2025-05-06 23:40:07 INFO     Predictor+: read 18420 rules from list.
2025-05-06 23:40:07 INFO     Preprocess training set
2025-05-06 23:40:07 INFO     -------------------------
2025-05-06 23:40:07 INFO     | Iteration: 1/1
2025-05-06 23:40:07 INFO     -------------------------
2025-05-06 23:40:07 INFO     >>>>> Predictor: Training
2025-05-06 23:40:53 INFO     100 11892 8.340857 606488.0
2025-05-06 23:41:38 INFO     200 11892 7.173165 606488.0
2025-05-06 23:42:23 INFO     300 11892 7.117591 605729.9
2025-05-06 23:43:08 INFO     400 11892 6.896000 606488.0
