2025-04-23 05:40:45 INFO     Predictor: read 1149 rules from list.
2025-04-23 05:56:53 INFO     Predictor: read 1202 rules from list.
2025-04-23 06:13:28 INFO     Predictor: read 1253 rules from list.
2025-04-23 06:30:08 INFO     Predictor: read 1331 rules from list.
2025-04-23 06:47:31 INFO     Predictor: read 1382 rules from list.
2025-04-23 07:05:39 INFO     Predictor+: read 20306 rules from list.
53548 | Topk_Loss: 1.953807
2025-04-23 05:40:03 INFO     [E3000] Total: 1.136341 | Main: 1.369471 | Aux: 0.546183 | Topk_Loss: 1.915056
2025-04-23 05:40:09 INFO     [E4000] Total: 1.118975 | Main: 1.346667 | Aux: 0.538688 | Topk_Loss: 1.902227
2025-04-23 05:40:15 INFO     [E5000] Total: 1.121820 | Main: 1.350137 | Aux: 0.539145 | Topk_Loss: 1.881132
2025-04-23 05:40:21 INFO     [E6000] Total: 1.117738 | Main: 1.344881 | Aux: 0.538286 | Topk_Loss: 1.869124
2025-04-23 05:40:27 INFO     [E7000] Total: 1.116789 | Main: 1.343971 | Aux: 0.537394 | Topk_Loss: 1.869975
2025-04-23 05:40:33 INFO     [E8000] Total: 1.116625 | Main: 1.342903 | Aux: 0.536394 | Topk_Loss: 1.866413
2025-04-23 05:40:39 INFO     [E9000] Total: 1.107493 | Main: 1.332107 | Aux: 0.533743 | Topk_Loss: 1.862810
2025-04-23 05:40:45 INFO     [E10000] Total: 1.103081 | Main: 1.326128 | Aux: 0.531490 | Topk_Loss: 1.853153
2025-04-23 05:40:45 INFO     -------------------------
2025-04-23 05:40:45 INFO     | EM Iteration: 1/5
2025-04-23 05:40:45 INFO     -------------------------
2025-04-23 05:40:45 INFO     >>>>> Generator: Rule generation with sampling
2025-04-23 05:40:45 INFO     Predictor: read 1149 rules from list.
2025-04-23 05:40:45 INFO     Initializing distributed process group
2025-04-23 05:40:45 INFO     Preprocess training set
2025-04-23 05:40:45 INFO     >>>>> Predictor: Training
2025-04-23 05:41:33 INFO     1000 10860 8.507993 327544.0
2025-04-23 05:42:20 INFO     2000 10860 7.620244 327093.6
2025-04-23 05:43:07 INFO     3000 10860 6.983630 327544.0
2025-04-23 05:43:54 INFO     4000 10860 6.799721 327175.5
2025-04-23 05:44:40 INFO     5000 10860 6.616329 327093.6
2025-04-23 05:45:28 INFO     6000 10860 6.467535 327298.3
2025-04-23 05:46:15 INFO     7000 10860 6.261380 327544.0
2025-04-23 05:47:02 INFO     8000 10860 6.174657 327380.2
2025-04-23 05:47:49 INFO     9000 10860 6.063526 327544.0
2025-04-23 05:48:36 INFO     10000 10860 5.973880 327544.0
2025-04-23 05:49:16 INFO     >>>>> Predictor: Evaluating on valid
2025-04-23 05:49:28 INFO     Data : 6068
2025-04-23 05:49:28 INFO     Hit1 : 0.387772
2025-04-23 05:49:28 INFO     Hit3 : 0.415458
2025-04-23 05:49:28 INFO     Hit10: 0.434080
2025-04-23 05:49:28 INFO     MR   : 9296.564931
2025-04-23 05:49:28 INFO     MRR  : 0.406281
2025-04-23 05:49:28 INFO     >>>>> Predictor: Evaluating on test
2025-04-23 05:49:41 INFO     Data : 6268
2025-04-23 05:49:41 INFO     Hit1 : 0.399968
2025-04-23 05:49:41 INFO     Hit3 : 0.419432
2025-04-23 05:49:41 INFO     Hit10: 0.434907
2025-04-23 05:49:41 INFO     MR   : 9477.756780
2025-04-23 05:49:41 INFO     MRR  : 0.413860
2025-04-23 05:49:41 INFO     >>>>> Predictor: Computing H scores of rules
2025-04-23 05:50:20 INFO     1000 10860
2025-04-23 05:51:01 INFO     2000 10860
2025-04-23 05:51:40 INFO     3000 10860
2025-04-23 05:52:20 INFO     4000 10860
2025-04-23 05:52:59 INFO     5000 10860
2025-04-23 05:53:38 INFO     6000 10860
2025-04-23 05:54:17 INFO     7000 10860
2025-04-23 05:54:56 INFO     8000 10860
2025-04-23 05:55:35 INFO     9000 10860
2025-04-23 05:56:15 INFO     10000 10860
2025-04-23 05:56:52 INFO     >>>>> Generator: Training
2025-04-23 05:56:53 INFO     -------------------------
2025-04-23 05:56:53 INFO     | EM Iteration: 2/5
2025-04-23 05:56:53 INFO     -------------------------
2025-04-23 05:56:53 INFO     >>>>> Generator: Rule generation with sampling
2025-04-23 05:56:53 INFO     Predictor: read 1202 rules from list.
2025-04-23 05:56:53 INFO     Preprocess training set
2025-04-23 05:56:53 INFO     >>>>> Predictor: Training
2025-04-23 05:57:42 INFO     1000 10860 8.996289 327380.2
2025-04-23 05:58:31 INFO     2000 10860 8.034540 327052.7
2025-04-23 05:59:20 INFO     3000 10860 7.575177 327380.2
2025-04-23 06:00:09 INFO     4000 10860 7.271225 327544.0
2025-04-23 06:00:58 INFO     5000 10860 6.988187 327380.2
2025-04-23 06:01:47 INFO     6000 10860 6.740247 327216.5
2025-04-23 06:02:36 INFO     7000 10860 6.572221 327544.0
2025-04-23 06:03:25 INFO     8000 10860 6.470414 327544.0
2025-04-23 06:04:14 INFO     9000 10860 6.429691 327544.0
2025-04-23 06:05:03 INFO     10000 10860 6.341366 327544.0
2025-04-23 06:05:45 INFO     >>>>> Predictor: Evaluating on valid
2025-04-23 06:05:57 INFO     Data : 6068
2025-04-23 06:05:57 INFO     Hit1 : 0.386124
2025-04-23 06:05:57 INFO     Hit3 : 0.411503
2025-04-23 06:05:57 INFO     Hit10: 0.430455
2025-04-23 06:05:57 INFO     MR   : 9658.639832
2025-04-23 06:05:57 INFO     MRR  : 0.403810
2025-04-23 06:05:57 INFO     >>>>> Predictor: Evaluating on test
2025-04-23 06:06:10 INFO     Data : 6268
2025-04-23 06:06:10 INFO     Hit1 : 0.395660
2025-04-23 06:06:10 INFO     Hit3 : 0.416401
2025-04-23 06:06:10 INFO     Hit10: 0.433791
2025-04-23 06:06:10 INFO     MR   : 9747.521618
2025-04-23 06:06:10 INFO     MRR  : 0.410191
2025-04-23 06:06:10 INFO     >>>>> Predictor: Computing H scores of rules
2025-04-23 06:06:50 INFO     1000 10860
2025-04-23 06:07:30 INFO     2000 10860
2025-04-23 06:08:11 INFO     3000 10860
2025-04-23 06:08:52 INFO     4000 10860
2025-04-23 06:09:32 INFO     5000 10860
2025-04-23 06:10:12 INFO     6000 10860
2025-04-23 06:10:51 INFO     7000 10860
2025-04-23 06:11:31 INFO     8000 10860
2025-04-23 06:12:12 INFO     9000 10860
2025-04-23 06:12:52 INFO     10000 10860
2025-04-23 06:13:27 INFO     >>>>> Generator: Training
2025-04-23 06:13:28 INFO     -------------------------
2025-04-23 06:13:28 INFO     | EM Iteration: 3/5
2025-04-23 06:13:28 INFO     -------------------------
2025-04-23 06:13:28 INFO     >>>>> Generator: Rule generation with sampling
2025-04-23 06:13:28 INFO     Predictor: read 1253 rules from list.
2025-04-23 06:13:28 INFO     Preprocess training set
2025-04-23 06:13:28 INFO     >>>>> Predictor: Training
2025-04-23 06:14:16 INFO     1000 10860 9.113499 327257.4
2025-04-23 06:15:04 INFO     2000 10860 8.239919 327339.3
2025-04-23 06:15:53 INFO     3000 10860 7.492105 327380.2
2025-04-23 06:16:40 INFO     4000 10860 7.332838 327544.0
2025-04-23 06:17:28 INFO     5000 10860 7.264989 327298.3
2025-04-23 06:18:17 INFO     6000 10860 7.112596 327544.0
2025-04-23 06:19:05 INFO     7000 10860 6.955805 327093.6
2025-04-23 06:19:54 INFO     8000 10860 6.902323 327216.5
2025-04-23 06:20:42 INFO     9000 10860 6.928330 327544.0
2025-04-23 06:21:30 INFO     10000 10860 6.614067 327544.0
2025-04-23 06:22:12 INFO     >>>>> Predictor: Evaluating on valid
2025-04-23 06:22:24 INFO     Data : 6068
2025-04-23 06:22:24 INFO     Hit1 : 0.382828
2025-04-23 06:22:24 INFO     Hit3 : 0.410185
2025-04-23 06:22:24 INFO     Hit10: 0.427324
2025-04-23 06:22:24 INFO     MR   : 10044.295814
2025-04-23 06:22:24 INFO     MRR  : 0.400478
2025-04-23 06:22:24 INFO     >>>>> Predictor: Evaluating on test
2025-04-23 06:22:37 INFO     Data : 6268
2025-04-23 06:22:37 INFO     Hit1 : 0.395022
2025-04-23 06:22:37 INFO     Hit3 : 0.413529
2025-04-23 06:22:37 INFO     Hit10: 0.431238
2025-04-23 06:22:37 INFO     MR   : 10100.328015
2025-04-23 06:22:37 INFO     MRR  : 0.408075
2025-04-23 06:22:37 INFO     >>>>> Predictor: Computing H scores of rules
2025-04-23 06:23:17 INFO     1000 10860
2025-04-23 06:23:57 INFO     2000 10860
2025-04-23 06:24:36 INFO     3000 10860
2025-04-23 06:25:15 INFO     4000 10860
2025-04-23 06:25:55 INFO     5000 10860
2025-04-23 06:26:34 INFO     6000 10860
2025-04-23 06:27:14 INFO     7000 10860
2025-04-23 06:27:53 INFO     8000 10860
2025-04-23 06:28:34 INFO     9000 10860
2025-04-23 06:29:12 INFO     10000 10860
2025-04-23 06:30:07 INFO     >>>>> Generator: Training
2025-04-23 06:30:08 INFO     -------------------------
2025-04-23 06:30:08 INFO     | EM Iteration: 4/5
2025-04-23 06:30:08 INFO     -------------------------
2025-04-23 06:30:08 INFO     >>>>> Generator: Rule generation with sampling
2025-04-23 06:30:08 INFO     Predictor: read 1331 rules from list.
2025-04-23 06:30:08 INFO     Preprocess training set
2025-04-23 06:30:08 INFO     >>>>> Predictor: Training
2025-04-23 06:30:59 INFO     1000 10860 9.083652 327544.0
2025-04-23 06:31:50 INFO     2000 10860 8.046535 327380.2
2025-04-23 06:32:41 INFO     3000 10860 7.662328 327298.3
2025-04-23 06:33:32 INFO     4000 10860 7.343868 327134.6
2025-04-23 06:34:22 INFO     5000 10860 7.187630 327544.0
2025-04-23 06:35:13 INFO     6000 10860 7.036628 327544.0
2025-04-23 06:36:04 INFO     7000 10860 6.980020 327093.6
2025-04-23 06:36:53 INFO     8000 10860 6.765867 327544.0
2025-04-23 06:37:44 INFO     9000 10860 6.899042 327380.2
2025-04-23 06:38:34 INFO     10000 10860 6.740954 327544.0
2025-04-23 06:39:17 INFO     >>>>> Predictor: Evaluating on valid
2025-04-23 06:39:30 INFO     Data : 6068
2025-04-23 06:39:30 INFO     Hit1 : 0.385630
2025-04-23 06:39:30 INFO     Hit3 : 0.417271
2025-04-23 06:39:30 INFO     Hit10: 0.435564
2025-04-23 06:39:30 INFO     MR   : 9839.867254
2025-04-23 06:39:30 INFO     MRR  : 0.405737
2025-04-23 06:39:30 INFO     >>>>> Predictor: Evaluating on test
2025-04-23 06:39:43 INFO     Data : 6268
2025-04-23 06:39:43 INFO     Hit1 : 0.398054
2025-04-23 06:39:43 INFO     Hit3 : 0.417518
2025-04-23 06:39:43 INFO     Hit10: 0.438098
2025-04-23 06:39:43 INFO     MR   : 9847.619257
2025-04-23 06:39:43 INFO     MRR  : 0.412493
2025-04-23 06:39:43 INFO     >>>>> Predictor: Computing H scores of rules
2025-04-23 06:40:26 INFO     1000 10860
2025-04-23 06:41:08 INFO     2000 10860
2025-04-23 06:41:50 INFO     3000 10860
2025-04-23 06:42:32 INFO     4000 10860
2025-04-23 06:43:14 INFO     5000 10860
2025-04-23 06:43:55 INFO     6000 10860
2025-04-23 06:44:38 INFO     7000 10860
2025-04-23 06:45:19 INFO     8000 10860
2025-04-23 06:46:02 INFO     9000 10860
2025-04-23 06:46:44 INFO     10000 10860
2025-04-23 06:47:31 INFO     >>>>> Generator: Training
2025-04-23 06:47:31 INFO     -------------------------
2025-04-23 06:47:31 INFO     | EM Iteration: 5/5
2025-04-23 06:47:31 INFO     -------------------------
2025-04-23 06:47:31 INFO     >>>>> Generator: Rule generation with sampling
2025-04-23 06:47:31 INFO     Predictor: read 1382 rules from list.
2025-04-23 06:47:31 INFO     Preprocess training set
2025-04-23 06:47:31 INFO     >>>>> Predictor: Training
2025-04-23 06:48:22 INFO     1000 10860 9.100249 327544.0
2025-04-23 06:49:13 INFO     2000 10860 8.205321 327544.0
2025-04-23 06:50:04 INFO     3000 10860 7.868001 327216.5
2025-04-23 06:50:55 INFO     4000 10860 7.544176 327544.0
2025-04-23 06:51:46 INFO     5000 10860 7.365337 327544.0
2025-04-23 06:52:36 INFO     6000 10860 7.121134 327093.6
2025-04-23 06:53:27 INFO     7000 10860 7.227369 327544.0
2025-04-23 06:54:18 INFO     8000 10860 6.948161 327298.3
2025-04-23 06:55:09 INFO     9000 10860 6.807877 327544.0
2025-04-23 06:56:01 INFO     10000 10860 6.720473 327052.7
2025-04-23 06:56:45 INFO     >>>>> Predictor: Evaluating on valid
2025-04-23 06:56:58 INFO     Data : 6068
2025-04-23 06:56:58 INFO     Hit1 : 0.393705
2025-04-23 06:56:58 INFO     Hit3 : 0.421226
2025-04-23 06:56:58 INFO     Hit10: 0.442156
2025-04-23 06:56:58 INFO     MR   : 9677.087838
2025-04-23 06:56:58 INFO     MRR  : 0.412230
2025-04-23 06:56:58 INFO     >>>>> Predictor: Evaluating on test
2025-04-23 06:57:11 INFO     Data : 6268
2025-04-23 06:57:11 INFO     Hit1 : 0.401563
2025-04-23 06:57:11 INFO     Hit3 : 0.421347
2025-04-23 06:57:11 INFO     Hit10: 0.440332
2025-04-23 06:57:11 INFO     MR   : 9922.475191
2025-04-23 06:57:11 INFO     MRR  : 0.415815
2025-04-23 06:57:11 INFO     >>>>> Predictor: Computing H scores of rules
2025-04-23 06:57:54 INFO     1000 10860
2025-04-23 06:58:37 INFO     2000 10860
2025-04-23 06:59:21 INFO     3000 10860
2025-04-23 07:00:04 INFO     4000 10860
2025-04-23 07:00:47 INFO     5000 10860
2025-04-23 07:01:30 INFO     6000 10860
2025-04-23 07:02:14 INFO     7000 10860
2025-04-23 07:02:57 INFO     8000 10860
2025-04-23 07:03:40 INFO     9000 10860
2025-04-23 07:04:22 INFO     10000 10860
2025-04-23 07:04:59 INFO     >>>>> Generator: Training
2025-04-23 07:05:00 INFO     -------------------------
2025-04-23 07:05:00 INFO     | Post-train Generator
2025-04-23 07:05:00 INFO     -------------------------
2025-04-23 07:05:00 INFO     >>>>> Generator: Training
2025-04-23 07:05:06 INFO     [E1000] Total: 1.360825 | Main: 1.664783 | Aux: 0.682830 | Topk_Loss: 1.200299
2025-04-23 07:05:06 INFO     -------------------------
2025-04-23 07:05:06 INFO     | Beam Search Best Rules
2025-04-23 07:05:06 INFO     -------------------------
2025-04-23 07:05:06 INFO     >>>>> Generator: Rule generation with beam search
2025-04-23 07:05:06 INFO     >>>>> Generator: Rule generation with beam search
2025-04-23 07:05:08 INFO     >>>>> Generator: Rule generation with beam search
2025-04-23 07:05:23 INFO     >>>>> Generator: Rule generation with beam search
2025-04-23 07:05:33 INFO     >>>>> Generator: Rule generation with beam search
2025-04-23 07:05:39 INFO     -------------------------
2025-04-23 07:05:39 INFO     | Train Final Predictor+
2025-04-23 07:05:39 INFO     -------------------------
2025-04-23 07:05:40 INFO     Predictor+: read 20306 rules from list.
2025-04-23 07:05:40 INFO     Preprocess training set
2025-04-23 07:05:40 INFO     -------------------------
2025-04-23 07:05:40 INFO     | Iteration: 1/5
2025-04-23 07:05:40 INFO     -------------------------
2025-04-23 07:05:40 INFO     >>>>> Predictor: Training
2025-04-23 07:14:12 INFO     1000 10860 4.561331 327544.0
2025-04-23 07:22:43 INFO     2000 10860 4.465069 327544.0
2025-04-23 07:31:15 INFO     3000 10860 4.463137 327339.3
2025-04-23 07:39:49 INFO     4000 10860 4.532156 327216.5
2025-04-23 07:48:23 INFO     5000 10860 4.439398 327175.5
2025-04-23 07:56:58 INFO     6000 10860 4.473652 327257.4
2025-04-23 08:05:33 INFO     7000 10860 4.336607 327544.0
2025-04-23 08:14:11 INFO     8000 10860 4.431910 327544.0
2025-04-23 08:22:51 INFO     9000 10860 4.389051 327257.4
2025-04-23 08:31:26 INFO     10000 10860 4.390545 327544.0
2025-04-23 08:38:48 INFO     >>>>> Predictor: Evaluating on valid
2025-04-23 08:41:42 INFO     Data : 6068
2025-04-23 08:41:42 INFO     Hit1 : 0.430784
2025-04-23 08:41:42 INFO     Hit3 : 0.491595
2025-04-23 08:41:42 INFO     Hit10: 0.541365
2025-04-23 08:41:42 INFO     MR   : 6706.030982
2025-04-23 08:41:42 INFO     MRR  : 0.470772
2025-04-23 08:41:42 INFO     >>>>> Predictor: Evaluating on test
2025-04-23 08:44:41 INFO     Data : 6268
2025-04-23 08:44:41 INFO     Hit1 : 0.443842
2025-04-23 08:44:41 INFO     Hit3 : 0.497607
2025-04-23 08:44:41 INFO     Hit10: 0.552648
2025-04-23 08:44:41 INFO     MR   : 6612.647974
2025-04-23 08:44:41 INFO     MRR  : 0.480402
2025-04-23 08:44:41 INFO     Save checkpoint to wn18rr/multitask_lexname_adaptive_topk_full/predictor.pt
2025-04-23 08:44:41 INFO     -------------------------
2025-04-23 08:44:41 INFO     | Iteration: 2/5
2025-04-23 08:44:41 INFO     -------------------------
2025-04-23 08:44:41 INFO     >>>>> Predictor: Training
2025-04-23 08:53:13 INFO     1000 10860 4.369581 327134.6
2025-04-23 09:01:43 INFO     2000 10860 4.255142 327298.3
2025-04-23 09:10:10 INFO     3000 10860 4.129425 326807.0
2025-04-23 09:18:34 INFO     4000 10860 4.360495 327093.6
2025-04-23 09:27:01 INFO     5000 10860 4.392337 327544.0
2025-04-23 09:35:29 INFO     6000 10860 4.139773 327298.3
2025-04-23 09:43:58 INFO     7000 10860 4.370628 327380.2
2025-04-23 09:52:30 INFO     8000 10860 4.274457 327544.0
2025-04-23 10:01:00 INFO     9000 10860 4.223184 327339.3
2025-04-23 10:09:32 INFO     10000 10860 4.407074 327175.5
2025-04-23 10:16:50 INFO     >>>>> Predictor: Evaluating on valid
2025-04-23 10:19:43 INFO     Data : 6068
2025-04-23 10:19:43 INFO     Hit1 : 0.435564
2025-04-23 10:19:43 INFO     Hit3 : 0.490277
2025-04-23 10:19:43 INFO     Hit10: 0.538728
2025-04-23 10:19:43 INFO     MR   : 6603.970831
2025-04-23 10:19:43 INFO     MRR  : 0.472443
2025-04-23 10:19:43 INFO     >>>>> Predictor: Evaluating on test
2025-04-23 10:22:39 INFO     Data : 6268
2025-04-23 10:22:39 INFO     Hit1 : 0.439614
2025-04-23 10:22:39 INFO     Hit3 : 0.492821
2025-04-23 10:22:39 INFO     Hit10: 0.543874
2025-04-23 10:22:39 INFO     MR   : 6512.787492
2025-04-23 10:22:39 INFO     MRR  : 0.476331
2025-04-23 10:22:39 INFO     Save checkpoint to wn18rr/multitask_lexname_adaptive_topk_full/predictor.pt
2025-04-23 10:22:39 INFO     -------------------------
2025-04-23 10:22:39 INFO     | Iteration: 3/5
2025-04-23 10:22:39 INFO     -------------------------
2025-04-23 10:22:39 INFO     >>>>> Predictor: Training
2025-04-23 10:31:09 INFO     1000 10860 4.190129 327257.4
2025-04-23 10:39:38 INFO     2000 10860 4.337526 327544.0
2025-04-23 10:48:08 INFO     3000 10860 4.098105 327339.3
2025-04-23 10:56:37 INFO     4000 10860 4.239619 327544.0
2025-04-23 11:05:09 INFO     5000 10860 4.339339 327544.0
2025-04-23 11:13:40 INFO     6000 10860 4.317802 327544.0
2025-04-23 11:22:12 INFO     7000 10860 4.355429 327544.0
2025-04-23 11:30:40 INFO     8000 10860 4.246730 327544.0
2025-04-23 11:39:06 INFO     9000 10860 4.355604 327175.5
2025-04-23 11:47:42 INFO     10000 10860 4.439350 327544.0
2025-04-23 11:55:02 INFO     >>>>> Predictor: Evaluating on valid
2025-04-23 11:57:54 INFO     Data : 6068
2025-04-23 11:57:54 INFO     Hit1 : 0.435234
2025-04-23 11:57:54 INFO     Hit3 : 0.489453
2025-04-23 11:57:54 INFO     Hit10: 0.541035
2025-04-23 11:57:54 INFO     MR   : 6511.157548
2025-04-23 11:57:54 INFO     MRR  : 0.472217
2025-04-23 11:57:54 INFO     >>>>> Predictor: Evaluating on test
2025-04-23 12:00:51 INFO     Data : 6268
2025-04-23 12:00:51 INFO     Hit1 : 0.440651
2025-04-23 12:00:51 INFO     Hit3 : 0.492980
2025-04-23 12:00:51 INFO     Hit10: 0.546905
2025-04-23 12:00:51 INFO     MR   : 6436.839981
2025-04-23 12:00:51 INFO     MRR  : 0.477054
2025-04-23 12:00:51 INFO     -------------------------
2025-04-23 12:00:51 INFO     | Iteration: 4/5
2025-04-23 12:00:51 INFO     -------------------------
2025-04-23 12:00:51 INFO     >>>>> Predictor: Training
2025-04-23 12:09:22 INFO     1000 10860 4.269666 327011.7
2025-04-23 12:17:50 INFO     2000 10860 4.241716 327257.4
2025-04-23 12:26:19 INFO     3000 10860 4.399107 327298.3
2025-04-23 12:34:51 INFO     4000 10860 4.177818 327339.3
2025-04-23 12:43:22 INFO     5000 10860 4.335940 327339.3
2025-04-23 12:51:53 INFO     6000 10860 4.219662 327544.0
2025-04-23 13:00:22 INFO     7000 10860 4.292348 327380.2
2025-04-23 13:08:51 INFO     8000 10860 4.137254 327380.2
2025-04-23 13:17:19 INFO     9000 10860 4.194445 326970.8
2025-04-23 13:25:47 INFO     10000 10860 4.353293 327544.0
2025-04-23 13:33:05 INFO     >>>>> Predictor: Evaluating on valid
2025-04-23 13:35:57 INFO     Data : 6068
2025-04-23 13:35:57 INFO     Hit1 : 0.434575
2025-04-23 13:35:57 INFO     Hit3 : 0.491595
2025-04-23 13:35:57 INFO     Hit10: 0.541529
2025-04-23 13:35:57 INFO     MR   : 6453.178230
2025-04-23 13:35:57 INFO     MRR  : 0.472186
2025-04-23 13:35:57 INFO     >>>>> Predictor: Evaluating on test
2025-04-23 13:38:53 INFO     Data : 6268
2025-04-23 13:38:53 INFO     Hit1 : 0.441130
2025-04-23 13:38:53 INFO     Hit3 : 0.494735
2025-04-23 13:38:53 INFO     Hit10: 0.550574
2025-04-23 13:38:53 INFO     MR   : 6384.049138
2025-04-23 13:38:53 INFO     MRR  : 0.478338
2025-04-23 13:38:53 INFO     -------------------------
2025-04-23 13:38:53 INFO     | Iteration: 5/5
2025-04-23 13:38:53 INFO     -------------------------
2025-04-23 13:38:53 INFO     >>>>> Predictor: Training
2025-04-23 13:47:24 INFO     1000 10860 4.231810 327052.7
2025-04-23 13:56:00 INFO     2000 10860 4.178026 327544.0
2025-04-23 14:04:34 INFO     3000 10860 4.121824 327544.0
2025-04-23 14:13:10 INFO     4000 10860 4.151526 327339.3
2025-04-23 14:21:46 INFO     5000 10860 4.348237 327544.0
2025-04-23 14:30:24 INFO     6000 10860 4.302715 327544.0
2025-04-23 14:40:54 INFO     7000 10860 4.272460 327257.4
2025-04-23 14:55:31 INFO     8000 10860 4.347039 327011.7
2025-04-23 15:09:44 INFO     9000 10860 4.410286 327298.3
2025-04-23 15:24:03 INFO     10000 10860 4.353979 326888.9
2025-04-23 15:35:26 INFO     >>>>> Predictor: Evaluating on valid
2025-04-23 15:38:19 INFO     Data : 6068
2025-04-23 15:38:19 INFO     Hit1 : 0.425676
2025-04-23 15:38:19 INFO     Hit3 : 0.486651
2025-04-23 15:38:19 INFO     Hit10: 0.543177
2025-04-23 15:38:19 INFO     MR   : 6463.500577
2025-04-23 15:38:19 INFO     MRR  : 0.466575
2025-04-23 15:38:19 INFO     >>>>> Predictor: Evaluating on test
2025-04-23 15:41:16 INFO     Data : 6268
2025-04-23 15:41:16 INFO     Hit1 : 0.428047
2025-04-23 15:41:16 INFO     Hit3 : 0.488673
2025-04-23 15:41:16 INFO     Hit10: 0.543555
2025-04-23 15:41:16 INFO     MR   : 6360.162412
2025-04-23 15:41:16 INFO     MRR  : 0.468654
2025-04-23 15:41:16 INFO     -------------------------
2025-04-23 15:41:16 INFO     | Final Test MRR: 0.476331
2025-04-23 15:41:16 INFO     -------------------------
