2025-07-09 15:12:22 INFO     is_soft_label: False
2025-07-09 15:12:22 INFO     is_scheduled_sampling: False
2025-07-09 15:12:22 INFO     is_test_mode: False
2025-07-09 15:12:22 INFO     Data loading | DONE!
2025-07-09 15:12:22 INFO     Using full datasets for training, validation, and testing.
2025-07-09 15:12:23 INFO     -------------------------
2025-07-09 15:12:23 INFO     | EM Iteration: 1/5
2025-07-09 15:12:23 INFO     -------------------------
2025-07-09 15:12:23 INFO     >>>>> Using miner's rule
2025-07-09 15:12:23 INFO     Predictor: read 13661 rules from list.
2025-07-09 15:12:24 INFO     Preprocess training set
2025-07-09 15:12:24 INFO     >>>>> Predictor: Evaluating on valid
2025-07-09 15:14:44 INFO     Data : 2077
2025-07-09 15:14:44 INFO     Hit1 : 0.065479
2025-07-09 15:14:44 INFO     Hit3 : 0.127106
2025-07-09 15:14:44 INFO     Hit10: 0.199326
2025-07-09 15:14:44 INFO     MR   : 1120.902022
2025-07-09 15:14:44 INFO     MRR  : 0.114382
2025-07-09 15:14:44 INFO     >>>>> Predictor: Evaluating on test
2025-07-09 15:17:22 INFO     Data : 2342
2025-07-09 15:17:22 INFO     Hit1 : 0.078992
2025-07-09 15:17:22 INFO     Hit3 : 0.124253
2025-07-09 15:17:22 INFO     Hit10: 0.208796
2025-07-09 15:17:22 INFO     MR   : 1044.269001
2025-07-09 15:17:22 INFO     MRR  : 0.122250
2025-07-09 15:17:22 INFO     >>>>> Predictor: Computing H scores of rules
2025-07-09 15:52:19 INFO     1000 5959
2025-07-09 16:27:41 INFO     2000 5959
2025-07-09 17:02:39 INFO     3000 5959
2025-07-09 17:37:52 INFO     4000 5959
2025-07-09 18:12:45 INFO     5000 5959
2025-07-09 18:48:29 INFO     >>>>> Generator: Training
2025-07-09 18:48:39 INFO     -------------------------
2025-07-09 18:48:39 INFO     | EM Iteration: 2/5
2025-07-09 18:48:39 INFO     -------------------------
2025-07-09 18:48:39 INFO     >>>>> Using Generator's sample rule
2025-07-09 18:48:39 INFO     >>>>> Generator: Rule generation with sampling
2025-07-09 18:48:39 INFO     Predictor: read 1911 rules from list.
2025-07-09 18:48:39 INFO     Preprocess training set
2025-07-09 18:48:39 INFO     >>>>> Predictor: Training
2025-07-09 18:49:46 INFO     1000 5959 8.777570 69314.6
2025-07-09 18:50:53 INFO     2000 5959 8.371539 69271.3
2025-07-09 18:52:01 INFO     3000 5959 8.153186 69245.2
2025-07-09 18:53:08 INFO     4000 5959 7.969597 69340.6
2025-07-09 18:54:15 INFO     5000 5959 7.793540 69340.6
2025-07-09 18:55:19 INFO     >>>>> Predictor: Evaluating on valid
2025-07-09 18:55:35 INFO     Data : 2077
2025-07-09 18:55:35 INFO     Hit1 : 0.018777
2025-07-09 18:55:35 INFO     Hit3 : 0.033221
2025-07-09 18:55:35 INFO     Hit10: 0.057294
2025-07-09 18:55:35 INFO     MR   : 1437.389263
2025-07-09 18:55:35 INFO     MRR  : 0.034256
2025-07-09 18:55:35 INFO     >>>>> Predictor: Evaluating on test
2025-07-09 18:55:54 INFO     Data : 2342
2025-07-09 18:55:54 INFO     Hit1 : 0.017506
2025-07-09 18:55:54 INFO     Hit3 : 0.033305
2025-07-09 18:55:54 INFO     Hit10: 0.061059
2025-07-09 18:55:54 INFO     MR   : 1333.688728
2025-07-09 18:55:54 INFO     MRR  : 0.034270
2025-07-09 18:55:54 INFO     >>>>> Predictor: Computing H scores of rules
2025-07-09 18:59:14 INFO     1000 5959
2025-07-09 19:02:33 INFO     2000 5959
2025-07-09 19:05:51 INFO     3000 5959
2025-07-09 19:09:10 INFO     4000 5959
2025-07-09 19:12:29 INFO     5000 5959
2025-07-09 19:15:43 INFO     >>>>> Generator: Training
2025-07-09 19:15:52 INFO     -------------------------
2025-07-09 19:15:52 INFO     | EM Iteration: 3/5
2025-07-09 19:15:52 INFO     -------------------------
2025-07-09 19:15:52 INFO     >>>>> Using Generator's sample rule
2025-07-09 19:15:52 INFO     >>>>> Generator: Rule generation with sampling
2025-07-09 19:15:52 INFO     Predictor: read 1914 rules from list.
2025-07-09 19:15:52 INFO     Preprocess training set
2025-07-09 19:15:52 INFO     >>>>> Predictor: Training
2025-07-09 19:16:59 INFO     1000 5959 8.801315 69332.0
2025-07-09 19:18:06 INFO     2000 5959 8.440312 69349.3
2025-07-09 19:19:13 INFO     3000 5959 8.213319 69184.5
2025-07-09 19:20:19 INFO     4000 5959 8.008810 69253.9
2025-07-09 19:21:26 INFO     5000 5959 7.911870 69332.0
2025-07-09 19:22:30 INFO     >>>>> Predictor: Evaluating on valid
2025-07-09 19:22:47 INFO     Data : 2077
2025-07-09 19:22:47 INFO     Hit1 : 0.013962
2025-07-09 19:22:47 INFO     Hit3 : 0.021666
2025-07-09 19:22:47 INFO     Hit10: 0.033221
2025-07-09 19:22:47 INFO     MR   : 1497.018055
2025-07-09 19:22:47 INFO     MRR  : 0.023921
2025-07-09 19:22:47 INFO     >>>>> Predictor: Evaluating on test
2025-07-09 19:23:05 INFO     Data : 2342
2025-07-09 19:23:05 INFO     Hit1 : 0.013664
2025-07-09 19:23:05 INFO     Hit3 : 0.019641
2025-07-09 19:23:05 INFO     Hit10: 0.028181
2025-07-09 19:23:05 INFO     MR   : 1379.780956
2025-07-09 19:23:05 INFO     MRR  : 0.022660
2025-07-09 19:23:05 INFO     >>>>> Predictor: Computing H scores of rules
2025-07-09 19:26:24 INFO     1000 5959
2025-07-09 19:29:43 INFO     2000 5959
2025-07-09 19:33:02 INFO     3000 5959
2025-07-09 19:36:21 INFO     4000 5959
2025-07-09 19:39:39 INFO     5000 5959
2025-07-09 19:42:52 INFO     >>>>> Generator: Training
2025-07-09 19:43:01 INFO     -------------------------
2025-07-09 19:43:01 INFO     | EM Iteration: 4/5
2025-07-09 19:43:01 INFO     -------------------------
2025-07-09 19:43:01 INFO     >>>>> Using Generator's sample rule
2025-07-09 19:43:01 INFO     >>>>> Generator: Rule generation with sampling
2025-07-09 19:43:02 INFO     Predictor: read 1938 rules from list.
2025-07-09 19:43:02 INFO     Preprocess training set
2025-07-09 19:43:02 INFO     >>>>> Predictor: Training
2025-07-09 19:44:09 INFO     1000 5959 8.787876 69271.3
2025-07-09 19:45:16 INFO     2000 5959 8.407591 69340.6
2025-07-09 19:46:22 INFO     3000 5959 8.141658 69384.0
2025-07-09 19:47:29 INFO     4000 5959 7.960909 69262.6
2025-07-09 19:48:36 INFO     5000 5959 7.802165 69332.0
2025-07-09 19:49:41 INFO     >>>>> Predictor: Evaluating on valid
2025-07-09 19:49:57 INFO     Data : 2077
2025-07-09 19:49:57 INFO     Hit1 : 0.012037
2025-07-09 19:49:57 INFO     Hit3 : 0.025036
2025-07-09 19:49:57 INFO     Hit10: 0.044776
2025-07-09 19:49:57 INFO     MR   : 1484.727732
2025-07-09 19:49:57 INFO     MRR  : 0.026449
2025-07-09 19:49:57 INFO     >>>>> Predictor: Evaluating on test
2025-07-09 19:50:16 INFO     Data : 2342
2025-07-09 19:50:16 INFO     Hit1 : 0.011102
2025-07-09 19:50:16 INFO     Hit3 : 0.019641
2025-07-09 19:50:16 INFO     Hit10: 0.040137
2025-07-09 19:50:16 INFO     MR   : 1371.366140
2025-07-09 19:50:16 INFO     MRR  : 0.023806
2025-07-09 19:50:16 INFO     >>>>> Predictor: Computing H scores of rules
2025-07-09 19:53:36 INFO     1000 5959
2025-07-09 19:56:55 INFO     2000 5959
2025-07-09 20:00:14 INFO     3000 5959
2025-07-09 20:03:34 INFO     4000 5959
2025-07-09 20:06:53 INFO     5000 5959
2025-07-09 20:10:07 INFO     >>>>> Generator: Training
2025-07-09 20:10:17 INFO     -------------------------
2025-07-09 20:10:17 INFO     | EM Iteration: 5/5
2025-07-09 20:10:17 INFO     -------------------------
2025-07-09 20:10:17 INFO     >>>>> Using Generator's sample rule
2025-07-09 20:10:17 INFO     >>>>> Generator: Rule generation with sampling
2025-07-09 20:10:17 INFO     Predictor: read 1959 rules from list.
2025-07-09 20:10:17 INFO     Preprocess training set
2025-07-09 20:10:17 INFO     >>>>> Predictor: Training
2025-07-09 20:11:27 INFO     1000 5959 8.829624 69332.0
2025-07-09 20:12:37 INFO     2000 5959 8.514428 69349.3
2025-07-09 20:13:48 INFO     3000 5959 8.323465 69340.6
2025-07-09 20:14:59 INFO     4000 5959 8.184834 69297.3
2025-07-09 20:16:09 INFO     5000 5959 8.085654 69219.2
2025-07-09 20:17:17 INFO     >>>>> Predictor: Evaluating on valid
2025-07-09 20:17:33 INFO     Data : 2077
2025-07-09 20:17:33 INFO     Hit1 : 0.028406
2025-07-09 20:17:33 INFO     Hit3 : 0.054405
2025-07-09 20:17:33 INFO     Hit10: 0.079442
2025-07-09 20:17:33 INFO     MR   : 1448.219547
2025-07-09 20:17:33 INFO     MRR  : 0.050093
2025-07-09 20:17:33 INFO     >>>>> Predictor: Evaluating on test
2025-07-09 20:17:52 INFO     Data : 2342
2025-07-09 20:17:52 INFO     Hit1 : 0.028181
2025-07-09 20:17:52 INFO     Hit3 : 0.054654
2025-07-09 20:17:52 INFO     Hit10: 0.078565
2025-07-09 20:17:52 INFO     MR   : 1342.205380
2025-07-09 20:17:52 INFO     MRR  : 0.050557
2025-07-09 20:17:52 INFO     >>>>> Predictor: Computing H scores of rules
2025-07-09 20:21:12 INFO     1000 5959
2025-07-09 20:24:32 INFO     2000 5959
2025-07-09 20:27:51 INFO     3000 5959
2025-07-09 20:31:11 INFO     4000 5959
2025-07-09 20:34:30 INFO     5000 5959
2025-07-09 20:37:44 INFO     >>>>> Generator: Training
2025-07-09 20:37:53 INFO     -------------------------
2025-07-09 20:37:53 INFO     | Post-train Generator
2025-07-09 20:37:53 INFO     -------------------------
2025-07-09 20:37:54 INFO     >>>>> Generator: Training
2025-07-09 20:39:26 INFO     [E01000] Total 3.139361 | Main 3.110149 | RelClus 1.857888 | EntType 3.026898
2025-07-09 20:39:26 INFO     -------------------------
2025-07-09 20:39:26 INFO     | Beam Search Best Rules
2025-07-09 20:39:26 INFO     -------------------------
2025-07-09 20:39:26 INFO     >>>>> Generator: Rule generation with beam search
2025-07-09 20:39:27 INFO     >>>>> Generator: Rule generation with beam search
2025-07-09 20:39:33 INFO     >>>>> Generator: Rule generation with beam search
2025-07-09 20:40:52 INFO     >>>>> Generator: Rule generation with beam search
2025-07-09 20:41:56 INFO     >>>>> Generator: Rule generation with beam search
2025-07-09 20:42:40 INFO     -------------------------
2025-07-09 20:42:40 INFO     | Train Final Predictor+
2025-07-09 20:42:40 INFO     -------------------------
2025-07-09 20:42:40 INFO     Predictor+: read 18420 rules from list.
2025-07-09 20:42:40 INFO     Preprocess training set
2025-07-09 20:42:40 INFO     -------------------------
2025-07-09 20:42:40 INFO     | Iteration: 1/5
2025-07-09 20:42:40 INFO     -------------------------
2025-07-09 20:42:40 INFO     >>>>> Predictor: Training
2025-07-09 20:47:42 INFO     1000 5959 4.894177 69271.3
2025-07-09 20:52:42 INFO     2000 5959 4.725594 69332.0
2025-07-09 20:57:42 INFO     3000 5959 4.706955 69375.3
2025-07-09 21:02:42 INFO     4000 5959 4.711855 69279.9
2025-07-09 21:07:42 INFO     5000 5959 4.680412 69349.3
2025-07-09 21:12:32 INFO     >>>>> Predictor: Evaluating on valid
2025-07-09 21:13:45 INFO     Data : 2077
2025-07-09 21:13:45 INFO     Hit1 : 0.103515
2025-07-09 21:13:45 INFO     Hit3 : 0.185845
2025-07-09 21:13:45 INFO     Hit10: 0.315840
2025-07-09 21:13:45 INFO     MR   : 985.196678
2025-07-09 21:13:45 INFO     MRR  : 0.169504
2025-07-09 21:13:45 INFO     >>>>> Predictor: Evaluating on test
2025-07-09 21:15:08 INFO     Data : 2342
2025-07-09 21:15:08 INFO     Hit1 : 0.131085
2025-07-09 21:15:08 INFO     Hit3 : 0.211358
2025-07-09 21:15:08 INFO     Hit10: 0.318531
2025-07-09 21:15:08 INFO     MR   : 920.093937
2025-07-09 21:15:08 INFO     MRR  : 0.192553
2025-07-09 21:15:08 INFO     Save checkpoint to results/semmeddb/10_times_each/cluster_k/4_20250709_151219/predictor.pt
2025-07-09 21:15:08 INFO     -------------------------
2025-07-09 21:15:08 INFO     | Iteration: 2/5
2025-07-09 21:15:08 INFO     -------------------------
2025-07-09 21:15:08 INFO     >>>>> Predictor: Training
2025-07-09 21:20:08 INFO     1000 5959 4.603199 69366.7
2025-07-09 21:25:11 INFO     2000 5959 4.654749 69375.3
2025-07-09 21:30:11 INFO     3000 5959 4.641140 69219.2
2025-07-09 21:35:12 INFO     4000 5959 4.653554 69305.9
2025-07-09 21:40:13 INFO     5000 5959 4.618231 69288.6
2025-07-09 21:45:01 INFO     >>>>> Predictor: Evaluating on valid
2025-07-09 21:46:15 INFO     Data : 2077
2025-07-09 21:46:15 INFO     Hit1 : 0.093404
2025-07-09 21:46:15 INFO     Hit3 : 0.186808
2025-07-09 21:46:15 INFO     Hit10: 0.311507
2025-07-09 21:46:15 INFO     MR   : 948.348098
2025-07-09 21:46:15 INFO     MRR  : 0.165908
2025-07-09 21:46:15 INFO     >>>>> Predictor: Evaluating on test
2025-07-09 21:47:38 INFO     Data : 2342
2025-07-09 21:47:38 INFO     Hit1 : 0.125534
2025-07-09 21:47:38 INFO     Hit3 : 0.207942
2025-07-09 21:47:38 INFO     Hit10: 0.323228
2025-07-09 21:47:38 INFO     MR   : 883.298676
2025-07-09 21:47:38 INFO     MRR  : 0.190459
2025-07-09 21:47:38 INFO     -------------------------
2025-07-09 21:47:38 INFO     | Iteration: 3/5
2025-07-09 21:47:38 INFO     -------------------------
2025-07-09 21:47:38 INFO     >>>>> Predictor: Training
2025-07-09 21:52:38 INFO     1000 5959 4.617247 69288.6
2025-07-09 21:57:37 INFO     2000 5959 4.616132 69288.6
2025-07-09 22:02:37 INFO     3000 5959 4.609957 69340.6
2025-07-09 22:07:37 INFO     4000 5959 4.615874 69271.3
2025-07-09 22:12:35 INFO     5000 5959 4.639814 69219.2
2025-07-09 22:17:25 INFO     >>>>> Predictor: Evaluating on valid
2025-07-09 22:18:40 INFO     Data : 2077
2025-07-09 22:18:40 INFO     Hit1 : 0.088108
2025-07-09 22:18:40 INFO     Hit3 : 0.172845
2025-07-09 22:18:40 INFO     Hit10: 0.304285
2025-07-09 22:18:40 INFO     MR   : 940.028647
2025-07-09 22:18:40 INFO     MRR  : 0.158717
2025-07-09 22:18:40 INFO     >>>>> Predictor: Evaluating on test
2025-07-09 22:20:04 INFO     Data : 2342
2025-07-09 22:20:04 INFO     Hit1 : 0.114005
2025-07-09 22:20:04 INFO     Hit3 : 0.194705
2025-07-09 22:20:04 INFO     Hit10: 0.314688
2025-07-09 22:20:04 INFO     MR   : 868.490820
2025-07-09 22:20:04 INFO     MRR  : 0.178440
2025-07-09 22:20:04 INFO     -------------------------
2025-07-09 22:20:04 INFO     | Iteration: 4/5
2025-07-09 22:20:04 INFO     -------------------------
2025-07-09 22:20:04 INFO     >>>>> Predictor: Training
2025-07-09 22:25:06 INFO     1000 5959 4.594048 69340.6
2025-07-09 22:30:08 INFO     2000 5959 4.563575 69184.5
2025-07-09 22:35:09 INFO     3000 5959 4.625867 69253.9
2025-07-09 22:40:11 INFO     4000 5959 4.603743 69340.6
2025-07-09 22:45:13 INFO     5000 5959 4.598747 69384.0
2025-07-09 22:50:01 INFO     >>>>> Predictor: Evaluating on valid
2025-07-09 22:51:17 INFO     Data : 2077
2025-07-09 22:51:17 INFO     Hit1 : 0.100626
2025-07-09 22:51:17 INFO     Hit3 : 0.187771
2025-07-09 22:51:17 INFO     Hit10: 0.317285
2025-07-09 22:51:17 INFO     MR   : 938.341839
2025-07-09 22:51:17 INFO     MRR  : 0.169243
2025-07-09 22:51:17 INFO     >>>>> Predictor: Evaluating on test
2025-07-09 22:52:42 INFO     Data : 2342
2025-07-09 22:52:42 INFO     Hit1 : 0.129804
2025-07-09 22:52:42 INFO     Hit3 : 0.216482
2025-07-09 22:52:42 INFO     Hit10: 0.322374
2025-07-09 22:52:42 INFO     MR   : 861.664603
2025-07-09 22:52:42 INFO     MRR  : 0.193772
2025-07-09 22:52:42 INFO     -------------------------
2025-07-09 22:52:42 INFO     | Iteration: 5/5
2025-07-09 22:52:42 INFO     -------------------------
2025-07-09 22:52:42 INFO     >>>>> Predictor: Training
2025-07-09 22:57:42 INFO     1000 5959 4.605499 69323.3
2025-07-09 23:02:43 INFO     2000 5959 4.581924 69332.0
2025-07-09 23:07:45 INFO     3000 5959 4.614861 69219.2
2025-07-09 23:12:45 INFO     4000 5959 4.612334 69297.3
2025-07-09 23:17:47 INFO     5000 5959 4.574919 69332.0
2025-07-09 23:22:37 INFO     >>>>> Predictor: Evaluating on valid
2025-07-09 23:23:51 INFO     Data : 2077
2025-07-09 23:23:51 INFO     Hit1 : 0.092441
2025-07-09 23:23:51 INFO     Hit3 : 0.180549
2025-07-09 23:23:51 INFO     Hit10: 0.318729
2025-07-09 23:23:51 INFO     MR   : 923.101830
2025-07-09 23:23:51 INFO     MRR  : 0.164648
2025-07-09 23:23:51 INFO     >>>>> Predictor: Evaluating on test
2025-07-09 23:25:15 INFO     Data : 2342
2025-07-09 23:25:15 INFO     Hit1 : 0.130231
2025-07-09 23:25:15 INFO     Hit3 : 0.210931
2025-07-09 23:25:15 INFO     Hit10: 0.324082
2025-07-09 23:25:15 INFO     MR   : 853.313194
2025-07-09 23:25:15 INFO     MRR  : 0.193682
2025-07-09 23:25:15 INFO     -------------------------
2025-07-09 23:25:15 INFO     | Final Test MRR: 0.192553
2025-07-09 23:25:15 INFO     -------------------------
