2025-07-20 23:27:33 INFO     is_soft_label: False
2025-07-20 23:27:33 INFO     is_scheduled_sampling: False
2025-07-20 23:27:33 INFO     is_test_mode: False
2025-07-20 23:27:33 INFO     Data loading | DONE!
2025-07-20 23:27:33 INFO     Using full datasets for training, validation, and testing.
2025-07-20 23:27:33 INFO     -------------------------
2025-07-20 23:27:33 INFO     | EM Iteration: 1/5
2025-07-20 23:27:33 INFO     -------------------------
2025-07-20 23:27:33 INFO     >>>>> Using miner's rule
2025-07-20 23:27:33 INFO     Predictor: read 13661 rules from list.
2025-07-20 23:27:34 INFO     Preprocess training set
2025-07-20 23:27:34 INFO     >>>>> Predictor: Evaluating on valid
2025-07-20 23:29:46 INFO     Data : 2077
2025-07-20 23:29:46 INFO     Hit1 : 0.065479
2025-07-20 23:29:46 INFO     Hit3 : 0.127106
2025-07-20 23:29:46 INFO     Hit10: 0.199326
2025-07-20 23:29:46 INFO     MR   : 1120.902022
2025-07-20 23:29:46 INFO     MRR  : 0.114382
2025-07-20 23:29:46 INFO     >>>>> Predictor: Evaluating on test
2025-07-20 23:32:13 INFO     Data : 2342
2025-07-20 23:32:13 INFO     Hit1 : 0.078992
2025-07-20 23:32:13 INFO     Hit3 : 0.124253
2025-07-20 23:32:13 INFO     Hit10: 0.208796
2025-07-20 23:32:13 INFO     MR   : 1044.269001
2025-07-20 23:32:13 INFO     MRR  : 0.122250
2025-07-20 23:32:13 INFO     >>>>> Predictor: Computing H scores of rules
2025-07-21 00:05:32 INFO     1000 5959
2025-07-21 00:39:32 INFO     2000 5959
2025-07-21 01:13:02 INFO     3000 5959
2025-07-21 01:46:52 INFO     4000 5959
2025-07-21 02:20:20 INFO     5000 5959
2025-07-21 02:54:33 INFO     >>>>> Generator: Training
2025-07-21 02:54:40 INFO     -------------------------
2025-07-21 02:54:40 INFO     | EM Iteration: 2/5
2025-07-21 02:54:40 INFO     -------------------------
2025-07-21 02:54:40 INFO     >>>>> Using Generator's sample rule
2025-07-21 02:54:40 INFO     >>>>> Generator: Rule generation with sampling
2025-07-21 02:54:40 INFO     Predictor: read 1904 rules from list.
2025-07-21 02:54:40 INFO     Preprocess training set
2025-07-21 02:54:40 INFO     >>>>> Predictor: Training
2025-07-21 02:55:41 INFO     1000 5959 8.782312 69314.6
2025-07-21 02:56:42 INFO     2000 5959 8.410004 69271.3
2025-07-21 02:57:43 INFO     3000 5959 8.219053 69245.2
2025-07-21 02:58:44 INFO     4000 5959 8.065449 69340.6
2025-07-21 02:59:45 INFO     5000 5959 7.940880 69340.6
2025-07-21 03:00:43 INFO     >>>>> Predictor: Evaluating on valid
2025-07-21 03:00:54 INFO     Data : 2077
2025-07-21 03:00:54 INFO     Hit1 : 0.025036
2025-07-21 03:00:54 INFO     Hit3 : 0.040924
2025-07-21 03:00:54 INFO     Hit10: 0.064035
2025-07-21 03:00:54 INFO     MR   : 1407.828117
2025-07-21 03:00:54 INFO     MRR  : 0.041154
2025-07-21 03:00:54 INFO     >>>>> Predictor: Evaluating on test
2025-07-21 03:01:06 INFO     Data : 2342
2025-07-21 03:01:06 INFO     Hit1 : 0.019641
2025-07-21 03:01:06 INFO     Hit3 : 0.030743
2025-07-21 03:01:06 INFO     Hit10: 0.056362
2025-07-21 03:01:06 INFO     MR   : 1317.205807
2025-07-21 03:01:06 INFO     MRR  : 0.034766
2025-07-21 03:01:06 INFO     >>>>> Predictor: Computing H scores of rules
2025-07-21 03:03:46 INFO     1000 5959
2025-07-21 03:06:26 INFO     2000 5959
2025-07-21 03:09:07 INFO     3000 5959
2025-07-21 03:11:46 INFO     4000 5959
2025-07-21 03:14:27 INFO     5000 5959
2025-07-21 03:17:03 INFO     >>>>> Generator: Training
2025-07-21 03:17:08 INFO     -------------------------
2025-07-21 03:17:08 INFO     | EM Iteration: 3/5
2025-07-21 03:17:08 INFO     -------------------------
2025-07-21 03:17:08 INFO     >>>>> Using Generator's sample rule
2025-07-21 03:17:08 INFO     >>>>> Generator: Rule generation with sampling
2025-07-21 03:17:08 INFO     Predictor: read 1877 rules from list.
2025-07-21 03:17:08 INFO     Preprocess training set
2025-07-21 03:17:08 INFO     >>>>> Predictor: Training
2025-07-21 03:18:07 INFO     1000 5959 8.809976 69332.0
2025-07-21 03:19:08 INFO     2000 5959 8.469537 69349.3
2025-07-21 03:20:08 INFO     3000 5959 8.254404 69184.5
2025-07-21 03:21:08 INFO     4000 5959 8.080450 69253.9
2025-07-21 03:22:09 INFO     5000 5959 7.983767 69332.0
2025-07-21 03:23:08 INFO     >>>>> Predictor: Evaluating on valid
2025-07-21 03:23:19 INFO     Data : 2077
2025-07-21 03:23:19 INFO     Hit1 : 0.010592
2025-07-21 03:23:19 INFO     Hit3 : 0.025999
2025-07-21 03:23:19 INFO     Hit10: 0.051035
2025-07-21 03:23:19 INFO     MR   : 1450.381801
2025-07-21 03:23:19 INFO     MRR  : 0.026797
2025-07-21 03:23:19 INFO     >>>>> Predictor: Evaluating on test
2025-07-21 03:23:31 INFO     Data : 2342
2025-07-21 03:23:31 INFO     Hit1 : 0.014091
2025-07-21 03:23:31 INFO     Hit3 : 0.024765
2025-07-21 03:23:31 INFO     Hit10: 0.047395
2025-07-21 03:23:31 INFO     MR   : 1340.377455
2025-07-21 03:23:31 INFO     MRR  : 0.028016
2025-07-21 03:23:31 INFO     >>>>> Predictor: Computing H scores of rules
2025-07-21 03:26:09 INFO     1000 5959
2025-07-21 03:28:46 INFO     2000 5959
2025-07-21 03:31:23 INFO     3000 5959
2025-07-21 03:34:02 INFO     4000 5959
2025-07-21 03:36:41 INFO     5000 5959
2025-07-21 03:39:13 INFO     >>>>> Generator: Training
2025-07-21 03:39:19 INFO     -------------------------
2025-07-21 03:39:19 INFO     | EM Iteration: 4/5
2025-07-21 03:39:19 INFO     -------------------------
2025-07-21 03:39:19 INFO     >>>>> Using Generator's sample rule
2025-07-21 03:39:19 INFO     >>>>> Generator: Rule generation with sampling
2025-07-21 03:39:19 INFO     Predictor: read 1847 rules from list.
2025-07-21 03:39:19 INFO     Preprocess training set
2025-07-21 03:39:19 INFO     >>>>> Predictor: Training
2025-07-21 03:40:18 INFO     1000 5959 8.791110 69271.3
2025-07-21 03:41:17 INFO     2000 5959 8.404539 69340.6
2025-07-21 03:42:17 INFO     3000 5959 8.137731 69384.0
2025-07-21 03:43:16 INFO     4000 5959 7.963986 69262.6
2025-07-21 03:44:15 INFO     5000 5959 7.819836 69332.0
2025-07-21 03:45:12 INFO     >>>>> Predictor: Evaluating on valid
2025-07-21 03:45:23 INFO     Data : 2077
2025-07-21 03:45:23 INFO     Hit1 : 0.006259
2025-07-21 03:45:23 INFO     Hit3 : 0.018296
2025-07-21 03:45:23 INFO     Hit10: 0.036110
2025-07-21 03:45:23 INFO     MR   : 1486.285749
2025-07-21 03:45:23 INFO     MRR  : 0.019680
2025-07-21 03:45:23 INFO     >>>>> Predictor: Evaluating on test
2025-07-21 03:45:36 INFO     Data : 2342
2025-07-21 03:45:36 INFO     Hit1 : 0.008540
2025-07-21 03:45:36 INFO     Hit3 : 0.018787
2025-07-21 03:45:36 INFO     Hit10: 0.035440
2025-07-21 03:45:36 INFO     MR   : 1371.789710
2025-07-21 03:45:36 INFO     MRR  : 0.020680
2025-07-21 03:45:36 INFO     >>>>> Predictor: Computing H scores of rules
2025-07-21 03:48:13 INFO     1000 5959
2025-07-21 03:50:51 INFO     2000 5959
2025-07-21 03:53:27 INFO     3000 5959
2025-07-21 03:56:05 INFO     4000 5959
2025-07-21 03:58:44 INFO     5000 5959
2025-07-21 04:01:18 INFO     >>>>> Generator: Training
2025-07-21 04:01:24 INFO     -------------------------
2025-07-21 04:01:24 INFO     | EM Iteration: 5/5
2025-07-21 04:01:24 INFO     -------------------------
2025-07-21 04:01:24 INFO     >>>>> Using Generator's sample rule
2025-07-21 04:01:24 INFO     >>>>> Generator: Rule generation with sampling
2025-07-21 04:01:24 INFO     Predictor: read 1676 rules from list.
2025-07-21 04:01:24 INFO     Preprocess training set
2025-07-21 04:01:24 INFO     >>>>> Predictor: Training
2025-07-21 04:02:15 INFO     1000 5959 8.805924 69332.0
2025-07-21 04:03:07 INFO     2000 5959 8.434382 69349.3
2025-07-21 04:04:00 INFO     3000 5959 8.182272 69340.6
2025-07-21 04:04:51 INFO     4000 5959 8.012417 69297.3
2025-07-21 04:05:43 INFO     5000 5959 7.830053 69219.2
2025-07-21 04:06:32 INFO     >>>>> Predictor: Evaluating on valid
2025-07-21 04:06:42 INFO     Data : 2077
2025-07-21 04:06:42 INFO     Hit1 : 0.029851
2025-07-21 04:06:42 INFO     Hit3 : 0.053924
2025-07-21 04:06:42 INFO     Hit10: 0.076071
2025-07-21 04:06:42 INFO     MR   : 1451.129995
2025-07-21 04:06:42 INFO     MRR  : 0.049605
2025-07-21 04:06:42 INFO     >>>>> Predictor: Evaluating on test
2025-07-21 04:06:53 INFO     Data : 2342
2025-07-21 04:06:53 INFO     Hit1 : 0.028608
2025-07-21 04:06:53 INFO     Hit3 : 0.046541
2025-07-21 04:06:53 INFO     Hit10: 0.084116
2025-07-21 04:06:53 INFO     MR   : 1334.989112
2025-07-21 04:06:53 INFO     MRR  : 0.048452
2025-07-21 04:06:53 INFO     >>>>> Predictor: Computing H scores of rules
2025-07-21 04:09:14 INFO     1000 5959
2025-07-21 04:11:35 INFO     2000 5959
2025-07-21 04:13:55 INFO     3000 5959
2025-07-21 04:16:18 INFO     4000 5959
2025-07-21 04:18:40 INFO     5000 5959
2025-07-21 04:21:00 INFO     >>>>> Generator: Training
2025-07-21 04:21:05 INFO     -------------------------
2025-07-21 04:21:05 INFO     | Post-train Generator
2025-07-21 04:21:05 INFO     -------------------------
2025-07-21 04:21:07 INFO     >>>>> Generator: Training
2025-07-21 04:22:02 INFO     [E01000] Total 2.432650 | Main 2.559255 | RelClus 1.497829 | EntType 2.354638
2025-07-21 04:22:02 INFO     -------------------------
2025-07-21 04:22:02 INFO     | Beam Search Best Rules
2025-07-21 04:22:02 INFO     -------------------------
2025-07-21 04:22:02 INFO     >>>>> Generator: Rule generation with beam search
2025-07-21 04:22:03 INFO     >>>>> Generator: Rule generation with beam search
2025-07-21 04:22:09 INFO     >>>>> Generator: Rule generation with beam search
2025-07-21 04:23:23 INFO     >>>>> Generator: Rule generation with beam search
2025-07-21 04:24:23 INFO     >>>>> Generator: Rule generation with beam search
2025-07-21 04:25:04 INFO     -------------------------
2025-07-21 04:25:04 INFO     | Train Final Predictor+
2025-07-21 04:25:04 INFO     -------------------------
2025-07-21 04:25:04 INFO     Predictor+: read 18420 rules from list.
2025-07-21 04:25:04 INFO     Preprocess training set
2025-07-21 04:25:04 INFO     -------------------------
2025-07-21 04:25:04 INFO     | Iteration: 1/5
2025-07-21 04:25:04 INFO     -------------------------
2025-07-21 04:25:04 INFO     >>>>> Predictor: Training
2025-07-21 04:30:16 INFO     1000 5959 4.989430 69271.3
2025-07-21 04:35:26 INFO     2000 5959 4.754440 69332.0
2025-07-21 04:40:37 INFO     3000 5959 4.741440 69375.3
2025-07-21 04:45:49 INFO     4000 5959 4.737347 69279.9
2025-07-21 04:50:57 INFO     5000 5959 4.708731 69349.3
2025-07-21 04:55:56 INFO     >>>>> Predictor: Evaluating on valid
2025-07-21 04:57:10 INFO     Data : 2077
2025-07-21 04:57:10 INFO     Hit1 : 0.095811
2025-07-21 04:57:10 INFO     Hit3 : 0.183438
2025-07-21 04:57:10 INFO     Hit10: 0.312470
2025-07-21 04:57:10 INFO     MR   : 987.807415
2025-07-21 04:57:10 INFO     MRR  : 0.165147
2025-07-21 04:57:10 INFO     >>>>> Predictor: Evaluating on test
2025-07-21 04:58:34 INFO     Data : 2342
2025-07-21 04:58:34 INFO     Hit1 : 0.116994
2025-07-21 04:58:34 INFO     Hit3 : 0.198548
2025-07-21 04:58:34 INFO     Hit10: 0.314688
2025-07-21 04:58:34 INFO     MR   : 924.358454
2025-07-21 04:58:34 INFO     MRR  : 0.181676
2025-07-21 04:58:34 INFO     Save checkpoint to results/semmeddb/10_times_each/fixed/622/8_20250720_232731/predictor.pt
2025-07-21 04:58:34 INFO     -------------------------
2025-07-21 04:58:34 INFO     | Iteration: 2/5
2025-07-21 04:58:34 INFO     -------------------------
2025-07-21 04:58:34 INFO     >>>>> Predictor: Training
2025-07-21 05:03:46 INFO     1000 5959 4.636817 69366.7
2025-07-21 05:09:00 INFO     2000 5959 4.675826 69375.3
2025-07-21 05:14:14 INFO     3000 5959 4.664716 69219.2
2025-07-21 05:19:26 INFO     4000 5959 4.671002 69305.9
2025-07-21 05:24:35 INFO     5000 5959 4.661218 69288.6
2025-07-21 05:29:34 INFO     >>>>> Predictor: Evaluating on valid
2025-07-21 05:30:48 INFO     Data : 2077
2025-07-21 05:30:48 INFO     Hit1 : 0.093404
2025-07-21 05:30:48 INFO     Hit3 : 0.195956
2025-07-21 05:30:48 INFO     Hit10: 0.316803
2025-07-21 05:30:48 INFO     MR   : 959.076793
2025-07-21 05:30:48 INFO     MRR  : 0.167892
2025-07-21 05:30:48 INFO     >>>>> Predictor: Evaluating on test
2025-07-21 05:32:13 INFO     Data : 2342
2025-07-21 05:32:13 INFO     Hit1 : 0.129804
2025-07-21 05:32:13 INFO     Hit3 : 0.208369
2025-07-21 05:32:13 INFO     Hit10: 0.318958
2025-07-21 05:32:13 INFO     MR   : 895.817250
2025-07-21 05:32:13 INFO     MRR  : 0.191413
2025-07-21 05:32:13 INFO     Save checkpoint to results/semmeddb/10_times_each/fixed/622/8_20250720_232731/predictor.pt
2025-07-21 05:32:13 INFO     -------------------------
2025-07-21 05:32:13 INFO     | Iteration: 3/5
2025-07-21 05:32:13 INFO     -------------------------
2025-07-21 05:32:13 INFO     >>>>> Predictor: Training
2025-07-21 05:37:23 INFO     1000 5959 4.643466 69288.6
2025-07-21 05:42:37 INFO     2000 5959 4.645549 69288.6
2025-07-21 05:47:47 INFO     3000 5959 4.639447 69340.6
2025-07-21 05:53:00 INFO     4000 5959 4.636814 69271.3
2025-07-21 05:58:09 INFO     5000 5959 4.668788 69219.2
2025-07-21 06:03:08 INFO     >>>>> Predictor: Evaluating on valid
2025-07-21 06:04:24 INFO     Data : 2077
2025-07-21 06:04:24 INFO     Hit1 : 0.096774
2025-07-21 06:04:24 INFO     Hit3 : 0.183919
2025-07-21 06:04:24 INFO     Hit10: 0.301396
2025-07-21 06:04:24 INFO     MR   : 944.291286
2025-07-21 06:04:24 INFO     MRR  : 0.166248
2025-07-21 06:04:24 INFO     >>>>> Predictor: Evaluating on test
2025-07-21 06:05:50 INFO     Data : 2342
2025-07-21 06:05:50 INFO     Hit1 : 0.117421
2025-07-21 06:05:50 INFO     Hit3 : 0.196413
2025-07-21 06:05:50 INFO     Hit10: 0.315969
2025-07-21 06:05:50 INFO     MR   : 877.417805
2025-07-21 06:05:50 INFO     MRR  : 0.180871
2025-07-21 06:05:50 INFO     -------------------------
2025-07-21 06:05:50 INFO     | Iteration: 4/5
2025-07-21 06:05:50 INFO     -------------------------
2025-07-21 06:05:50 INFO     >>>>> Predictor: Training
2025-07-21 06:11:02 INFO     1000 5959 4.612551 69340.6
2025-07-21 06:16:13 INFO     2000 5959 4.589227 69184.5
2025-07-21 06:21:22 INFO     3000 5959 4.659132 69253.9
2025-07-21 06:26:32 INFO     4000 5959 4.626064 69340.6
2025-07-21 06:31:42 INFO     5000 5959 4.628020 69384.0
2025-07-21 06:36:39 INFO     >>>>> Predictor: Evaluating on valid
2025-07-21 06:37:55 INFO     Data : 2077
2025-07-21 06:37:55 INFO     Hit1 : 0.094367
2025-07-21 06:37:55 INFO     Hit3 : 0.184882
2025-07-21 06:37:55 INFO     Hit10: 0.309100
2025-07-21 06:37:55 INFO     MR   : 940.827877
2025-07-21 06:37:55 INFO     MRR  : 0.165100
2025-07-21 06:37:55 INFO     >>>>> Predictor: Evaluating on test
2025-07-21 06:39:21 INFO     Data : 2342
2025-07-21 06:39:21 INFO     Hit1 : 0.121264
2025-07-21 06:39:21 INFO     Hit3 : 0.213066
2025-07-21 06:39:21 INFO     Hit10: 0.323655
2025-07-21 06:39:21 INFO     MR   : 871.475021
2025-07-21 06:39:21 INFO     MRR  : 0.188513
2025-07-21 06:39:21 INFO     -------------------------
2025-07-21 06:39:21 INFO     | Iteration: 5/5
2025-07-21 06:39:21 INFO     -------------------------
2025-07-21 06:39:21 INFO     >>>>> Predictor: Training
2025-07-21 06:44:32 INFO     1000 5959 4.619148 69323.3
2025-07-21 06:49:43 INFO     2000 5959 4.606548 69332.0
2025-07-21 06:54:56 INFO     3000 5959 4.645381 69219.2
2025-07-21 07:00:05 INFO     4000 5959 4.634738 69297.3
2025-07-21 07:05:17 INFO     5000 5959 4.606185 69332.0
2025-07-21 07:10:14 INFO     >>>>> Predictor: Evaluating on valid
2025-07-21 07:11:29 INFO     Data : 2077
2025-07-21 07:11:29 INFO     Hit1 : 0.088589
2025-07-21 07:11:29 INFO     Hit3 : 0.180549
2025-07-21 07:11:29 INFO     Hit10: 0.313914
2025-07-21 07:11:29 INFO     MR   : 930.853154
2025-07-21 07:11:29 INFO     MRR  : 0.161233
2025-07-21 07:11:29 INFO     >>>>> Predictor: Evaluating on test
2025-07-21 07:12:53 INFO     Data : 2342
2025-07-21 07:12:53 INFO     Hit1 : 0.122118
2025-07-21 07:12:53 INFO     Hit3 : 0.205807
2025-07-21 07:12:53 INFO     Hit10: 0.321520
2025-07-21 07:12:53 INFO     MR   : 863.467122
2025-07-21 07:12:53 INFO     MRR  : 0.187621
2025-07-21 07:12:53 INFO     -------------------------
2025-07-21 07:12:53 INFO     | Final Test MRR: 0.191413
2025-07-21 07:12:53 INFO     -------------------------
