2025-07-09 02:46:07 INFO     is_soft_label: False
2025-07-09 02:46:07 INFO     is_scheduled_sampling: False
2025-07-09 02:46:07 INFO     is_test_mode: False
2025-07-09 02:46:08 INFO     Data loading | DONE!
2025-07-09 02:46:08 INFO     Using full datasets for training, validation, and testing.
2025-07-09 02:46:08 INFO     -------------------------
2025-07-09 02:46:08 INFO     | EM Iteration: 1/5
2025-07-09 02:46:08 INFO     -------------------------
2025-07-09 02:46:08 INFO     >>>>> Using miner's rule
2025-07-09 02:46:08 INFO     Predictor: read 13661 rules from list.
2025-07-09 02:46:09 INFO     Preprocess training set
2025-07-09 02:46:09 INFO     >>>>> Predictor: Evaluating on valid
2025-07-09 02:48:34 INFO     Data : 2077
2025-07-09 02:48:34 INFO     Hit1 : 0.065479
2025-07-09 02:48:34 INFO     Hit3 : 0.127106
2025-07-09 02:48:34 INFO     Hit10: 0.199326
2025-07-09 02:48:34 INFO     MR   : 1120.902022
2025-07-09 02:48:34 INFO     MRR  : 0.114382
2025-07-09 02:48:34 INFO     >>>>> Predictor: Evaluating on test
2025-07-09 02:51:20 INFO     Data : 2342
2025-07-09 02:51:20 INFO     Hit1 : 0.078992
2025-07-09 02:51:20 INFO     Hit3 : 0.124253
2025-07-09 02:51:20 INFO     Hit10: 0.208796
2025-07-09 02:51:20 INFO     MR   : 1044.269001
2025-07-09 02:51:20 INFO     MRR  : 0.122250
2025-07-09 02:51:20 INFO     >>>>> Predictor: Computing H scores of rules
2025-07-09 03:28:19 INFO     1000 5959
2025-07-09 04:05:58 INFO     2000 5959
2025-07-09 04:43:25 INFO     3000 5959
2025-07-09 05:21:06 INFO     4000 5959
2025-07-09 05:58:30 INFO     5000 5959
2025-07-09 06:36:38 INFO     >>>>> Generator: Training
2025-07-09 06:36:44 INFO     -------------------------
2025-07-09 06:36:44 INFO     | EM Iteration: 2/5
2025-07-09 06:36:44 INFO     -------------------------
2025-07-09 06:36:44 INFO     >>>>> Using Generator's sample rule
2025-07-09 06:36:44 INFO     >>>>> Generator: Rule generation with sampling
2025-07-09 06:36:44 INFO     Predictor: read 1910 rules from list.
2025-07-09 06:36:44 INFO     Preprocess training set
2025-07-09 06:36:44 INFO     >>>>> Predictor: Training
2025-07-09 06:37:48 INFO     1000 5959 8.778157 69314.6
2025-07-09 06:38:51 INFO     2000 5959 8.373362 69271.3
2025-07-09 06:39:55 INFO     3000 5959 8.155292 69245.2
2025-07-09 06:40:59 INFO     4000 5959 7.971729 69340.6
2025-07-09 06:42:04 INFO     5000 5959 7.795274 69340.6
2025-07-09 06:43:05 INFO     >>>>> Predictor: Evaluating on valid
2025-07-09 06:43:19 INFO     Data : 2077
2025-07-09 06:43:19 INFO     Hit1 : 0.018296
2025-07-09 06:43:19 INFO     Hit3 : 0.033221
2025-07-09 06:43:19 INFO     Hit10: 0.058257
2025-07-09 06:43:19 INFO     MR   : 1436.136013
2025-07-09 06:43:19 INFO     MRR  : 0.034028
2025-07-09 06:43:19 INFO     >>>>> Predictor: Evaluating on test
2025-07-09 06:43:34 INFO     Data : 2342
2025-07-09 06:43:34 INFO     Hit1 : 0.017079
2025-07-09 06:43:34 INFO     Hit3 : 0.033305
2025-07-09 06:43:34 INFO     Hit10: 0.060205
2025-07-09 06:43:34 INFO     MR   : 1332.858668
2025-07-09 06:43:34 INFO     MRR  : 0.034068
2025-07-09 06:43:34 INFO     >>>>> Predictor: Computing H scores of rules
2025-07-09 06:46:42 INFO     1000 5959
2025-07-09 06:49:51 INFO     2000 5959
2025-07-09 06:53:01 INFO     3000 5959
2025-07-09 06:56:09 INFO     4000 5959
2025-07-09 06:59:16 INFO     5000 5959
2025-07-09 07:02:19 INFO     >>>>> Generator: Training
2025-07-09 07:02:25 INFO     -------------------------
2025-07-09 07:02:25 INFO     | EM Iteration: 3/5
2025-07-09 07:02:25 INFO     -------------------------
2025-07-09 07:02:25 INFO     >>>>> Using Generator's sample rule
2025-07-09 07:02:25 INFO     >>>>> Generator: Rule generation with sampling
2025-07-09 07:02:25 INFO     Predictor: read 1911 rules from list.
2025-07-09 07:02:25 INFO     Preprocess training set
2025-07-09 07:02:25 INFO     >>>>> Predictor: Training
2025-07-09 07:03:30 INFO     1000 5959 8.801265 69332.0
2025-07-09 07:04:34 INFO     2000 5959 8.440395 69349.3
2025-07-09 07:05:38 INFO     3000 5959 8.212881 69184.5
2025-07-09 07:06:42 INFO     4000 5959 8.007957 69253.9
2025-07-09 07:07:47 INFO     5000 5959 7.911519 69332.0
2025-07-09 07:08:49 INFO     >>>>> Predictor: Evaluating on valid
2025-07-09 07:09:02 INFO     Data : 2077
2025-07-09 07:09:02 INFO     Hit1 : 0.013962
2025-07-09 07:09:02 INFO     Hit3 : 0.021666
2025-07-09 07:09:02 INFO     Hit10: 0.033221
2025-07-09 07:09:02 INFO     MR   : 1494.689215
2025-07-09 07:09:02 INFO     MRR  : 0.023842
2025-07-09 07:09:02 INFO     >>>>> Predictor: Evaluating on test
2025-07-09 07:09:16 INFO     Data : 2342
2025-07-09 07:09:16 INFO     Hit1 : 0.013664
2025-07-09 07:09:16 INFO     Hit3 : 0.019641
2025-07-09 07:09:16 INFO     Hit10: 0.028181
2025-07-09 07:09:16 INFO     MR   : 1378.732494
2025-07-09 07:09:16 INFO     MRR  : 0.022659
2025-07-09 07:09:16 INFO     >>>>> Predictor: Computing H scores of rules
2025-07-09 07:12:23 INFO     1000 5959
2025-07-09 07:15:29 INFO     2000 5959
2025-07-09 07:18:35 INFO     3000 5959
2025-07-09 07:21:43 INFO     4000 5959
2025-07-09 07:24:50 INFO     5000 5959
2025-07-09 07:27:52 INFO     >>>>> Generator: Training
2025-07-09 07:27:58 INFO     -------------------------
2025-07-09 07:27:58 INFO     | EM Iteration: 4/5
2025-07-09 07:27:58 INFO     -------------------------
2025-07-09 07:27:58 INFO     >>>>> Using Generator's sample rule
2025-07-09 07:27:58 INFO     >>>>> Generator: Rule generation with sampling
2025-07-09 07:27:58 INFO     Predictor: read 1928 rules from list.
2025-07-09 07:27:58 INFO     Preprocess training set
2025-07-09 07:27:58 INFO     >>>>> Predictor: Training
2025-07-09 07:29:02 INFO     1000 5959 8.787526 69271.3
2025-07-09 07:30:06 INFO     2000 5959 8.406225 69340.6
2025-07-09 07:31:09 INFO     3000 5959 8.140257 69384.0
2025-07-09 07:32:13 INFO     4000 5959 7.958239 69262.6
2025-07-09 07:33:17 INFO     5000 5959 7.799243 69332.0
2025-07-09 07:34:18 INFO     >>>>> Predictor: Evaluating on valid
2025-07-09 07:34:32 INFO     Data : 2077
2025-07-09 07:34:32 INFO     Hit1 : 0.010592
2025-07-09 07:34:32 INFO     Hit3 : 0.025036
2025-07-09 07:34:32 INFO     Hit10: 0.046702
2025-07-09 07:34:32 INFO     MR   : 1480.435243
2025-07-09 07:34:32 INFO     MRR  : 0.025936
2025-07-09 07:34:32 INFO     >>>>> Predictor: Evaluating on test
2025-07-09 07:34:48 INFO     Data : 2342
2025-07-09 07:34:48 INFO     Hit1 : 0.008967
2025-07-09 07:34:48 INFO     Hit3 : 0.020495
2025-07-09 07:34:48 INFO     Hit10: 0.041418
2025-07-09 07:34:48 INFO     MR   : 1366.691716
2025-07-09 07:34:48 INFO     MRR  : 0.023178
2025-07-09 07:34:48 INFO     >>>>> Predictor: Computing H scores of rules
2025-07-09 07:37:54 INFO     1000 5959
2025-07-09 07:41:03 INFO     2000 5959
2025-07-09 07:44:09 INFO     3000 5959
2025-07-09 07:47:16 INFO     4000 5959
2025-07-09 07:50:24 INFO     5000 5959
2025-07-09 07:53:26 INFO     >>>>> Generator: Training
2025-07-09 07:53:32 INFO     -------------------------
2025-07-09 07:53:32 INFO     | EM Iteration: 5/5
2025-07-09 07:53:32 INFO     -------------------------
2025-07-09 07:53:32 INFO     >>>>> Using Generator's sample rule
2025-07-09 07:53:32 INFO     >>>>> Generator: Rule generation with sampling
2025-07-09 07:53:32 INFO     Predictor: read 1954 rules from list.
2025-07-09 07:53:32 INFO     Preprocess training set
2025-07-09 07:53:32 INFO     >>>>> Predictor: Training
2025-07-09 07:54:38 INFO     1000 5959 8.823308 69332.0
2025-07-09 07:55:44 INFO     2000 5959 8.494090 69349.3
2025-07-09 07:56:50 INFO     3000 5959 8.288943 69340.6
2025-07-09 07:57:56 INFO     4000 5959 8.136858 69297.3
2025-07-09 07:59:02 INFO     5000 5959 8.034986 69219.2
2025-07-09 08:00:05 INFO     >>>>> Predictor: Evaluating on valid
2025-07-09 08:00:19 INFO     Data : 2077
2025-07-09 08:00:19 INFO     Hit1 : 0.024073
2025-07-09 08:00:19 INFO     Hit3 : 0.051035
2025-07-09 08:00:19 INFO     Hit10: 0.077997
2025-07-09 08:00:19 INFO     MR   : 1449.804526
2025-07-09 08:00:19 INFO     MRR  : 0.046191
2025-07-09 08:00:19 INFO     >>>>> Predictor: Evaluating on test
2025-07-09 08:00:34 INFO     Data : 2342
2025-07-09 08:00:34 INFO     Hit1 : 0.029035
2025-07-09 08:00:34 INFO     Hit3 : 0.052092
2025-07-09 08:00:34 INFO     Hit10: 0.077711
2025-07-09 08:00:34 INFO     MR   : 1350.263023
2025-07-09 08:00:34 INFO     MRR  : 0.049494
2025-07-09 08:00:34 INFO     >>>>> Predictor: Computing H scores of rules
2025-07-09 08:03:46 INFO     1000 5959
2025-07-09 08:06:58 INFO     2000 5959
2025-07-09 08:10:07 INFO     3000 5959
2025-07-09 08:13:19 INFO     4000 5959
2025-07-09 08:16:31 INFO     5000 5959
2025-07-09 08:19:37 INFO     >>>>> Generator: Training
2025-07-09 08:19:43 INFO     -------------------------
2025-07-09 08:19:43 INFO     | Post-train Generator
2025-07-09 08:19:43 INFO     -------------------------
2025-07-09 08:19:45 INFO     >>>>> Generator: Training
2025-07-09 08:20:47 INFO     [E01000] Total 2.969022 | Main 2.887865 | RelClus 1.704564 | EntType 2.848607
2025-07-09 08:20:47 INFO     -------------------------
2025-07-09 08:20:47 INFO     | Beam Search Best Rules
2025-07-09 08:20:47 INFO     -------------------------
2025-07-09 08:20:47 INFO     >>>>> Generator: Rule generation with beam search
2025-07-09 08:20:47 INFO     >>>>> Generator: Rule generation with beam search
2025-07-09 08:20:54 INFO     >>>>> Generator: Rule generation with beam search
2025-07-09 08:22:18 INFO     >>>>> Generator: Rule generation with beam search
2025-07-09 08:23:27 INFO     >>>>> Generator: Rule generation with beam search
2025-07-09 08:24:14 INFO     -------------------------
2025-07-09 08:24:14 INFO     | Train Final Predictor+
2025-07-09 08:24:14 INFO     -------------------------
2025-07-09 08:24:14 INFO     Predictor+: read 18420 rules from list.
2025-07-09 08:24:14 INFO     Preprocess training set
2025-07-09 08:24:14 INFO     -------------------------
2025-07-09 08:24:14 INFO     | Iteration: 1/5
2025-07-09 08:24:14 INFO     -------------------------
2025-07-09 08:24:14 INFO     >>>>> Predictor: Training
2025-07-09 08:29:42 INFO     1000 5959 4.896722 69271.3
2025-07-09 08:35:12 INFO     2000 5959 4.725136 69332.0
2025-07-09 08:40:40 INFO     3000 5959 4.706809 69375.3
2025-07-09 08:46:12 INFO     4000 5959 4.710316 69279.9
2025-07-09 08:51:42 INFO     5000 5959 4.678429 69349.3
2025-07-09 08:56:56 INFO     >>>>> Predictor: Evaluating on valid
2025-07-09 08:58:18 INFO     Data : 2077
2025-07-09 08:58:18 INFO     Hit1 : 0.103515
2025-07-09 08:58:18 INFO     Hit3 : 0.181030
2025-07-09 08:58:18 INFO     Hit10: 0.311507
2025-07-09 08:58:18 INFO     MR   : 984.204141
2025-07-09 08:58:18 INFO     MRR  : 0.169185
2025-07-09 08:58:18 INFO     >>>>> Predictor: Evaluating on test
2025-07-09 08:59:49 INFO     Data : 2342
2025-07-09 08:59:49 INFO     Hit1 : 0.126815
2025-07-09 08:59:49 INFO     Hit3 : 0.203672
2025-07-09 08:59:49 INFO     Hit10: 0.309991
2025-07-09 08:59:49 INFO     MR   : 921.726516
2025-07-09 08:59:49 INFO     MRR  : 0.188483
2025-07-09 08:59:49 INFO     Save checkpoint to results/semmeddb/10_times_each/cluster_k/3_20250709_024605/predictor.pt
2025-07-09 08:59:49 INFO     -------------------------
2025-07-09 08:59:49 INFO     | Iteration: 2/5
2025-07-09 08:59:49 INFO     -------------------------
2025-07-09 08:59:49 INFO     >>>>> Predictor: Training
2025-07-09 09:05:19 INFO     1000 5959 4.600901 69366.7
2025-07-09 09:10:52 INFO     2000 5959 4.650956 69375.3
2025-07-09 09:16:21 INFO     3000 5959 4.639231 69219.2
2025-07-09 09:21:46 INFO     4000 5959 4.651676 69305.9
2025-07-09 09:27:10 INFO     5000 5959 4.616587 69288.6
2025-07-09 09:32:22 INFO     >>>>> Predictor: Evaluating on valid
2025-07-09 09:33:43 INFO     Data : 2077
2025-07-09 09:33:43 INFO     Hit1 : 0.097256
2025-07-09 09:33:43 INFO     Hit3 : 0.188252
2025-07-09 09:33:43 INFO     Hit10: 0.318247
2025-07-09 09:33:43 INFO     MR   : 948.482186
2025-07-09 09:33:43 INFO     MRR  : 0.168318
2025-07-09 09:33:43 INFO     >>>>> Predictor: Evaluating on test
2025-07-09 09:35:14 INFO     Data : 2342
2025-07-09 09:35:14 INFO     Hit1 : 0.125961
2025-07-09 09:35:14 INFO     Hit3 : 0.212212
2025-07-09 09:35:14 INFO     Hit10: 0.316396
2025-07-09 09:35:14 INFO     MR   : 881.791204
2025-07-09 09:35:14 INFO     MRR  : 0.190932
2025-07-09 09:35:14 INFO     -------------------------
2025-07-09 09:35:14 INFO     | Iteration: 3/5
2025-07-09 09:35:14 INFO     -------------------------
2025-07-09 09:35:14 INFO     >>>>> Predictor: Training
2025-07-09 09:40:39 INFO     1000 5959 4.615442 69288.6
2025-07-09 09:46:04 INFO     2000 5959 4.617485 69288.6
2025-07-09 09:51:29 INFO     3000 5959 4.607982 69340.6
2025-07-09 09:56:53 INFO     4000 5959 4.613419 69271.3
2025-07-09 10:02:18 INFO     5000 5959 4.636257 69219.2
2025-07-09 10:07:29 INFO     >>>>> Predictor: Evaluating on valid
2025-07-09 10:08:50 INFO     Data : 2077
2025-07-09 10:08:50 INFO     Hit1 : 0.088589
2025-07-09 10:08:50 INFO     Hit3 : 0.176216
2025-07-09 10:08:50 INFO     Hit10: 0.296100
2025-07-09 10:08:50 INFO     MR   : 935.223399
2025-07-09 10:08:50 INFO     MRR  : 0.157083
2025-07-09 10:08:50 INFO     >>>>> Predictor: Evaluating on test
2025-07-09 10:10:21 INFO     Data : 2342
2025-07-09 10:10:21 INFO     Hit1 : 0.118275
2025-07-09 10:10:21 INFO     Hit3 : 0.198121
2025-07-09 10:10:21 INFO     Hit10: 0.311699
2025-07-09 10:10:21 INFO     MR   : 863.912041
2025-07-09 10:10:21 INFO     MRR  : 0.180581
2025-07-09 10:10:21 INFO     -------------------------
2025-07-09 10:10:21 INFO     | Iteration: 4/5
2025-07-09 10:10:21 INFO     -------------------------
2025-07-09 10:10:21 INFO     >>>>> Predictor: Training
2025-07-09 10:15:48 INFO     1000 5959 4.592608 69340.6
2025-07-09 10:21:12 INFO     2000 5959 4.563211 69184.5
2025-07-09 10:26:37 INFO     3000 5959 4.626280 69253.9
2025-07-09 10:32:03 INFO     4000 5959 4.598961 69340.6
2025-07-09 10:37:28 INFO     5000 5959 4.597166 69384.0
2025-07-09 10:42:40 INFO     >>>>> Predictor: Evaluating on valid
2025-07-09 10:44:02 INFO     Data : 2077
2025-07-09 10:44:02 INFO     Hit1 : 0.096774
2025-07-09 10:44:02 INFO     Hit3 : 0.182475
2025-07-09 10:44:02 INFO     Hit10: 0.311507
2025-07-09 10:44:02 INFO     MR   : 930.815840
2025-07-09 10:44:02 INFO     MRR  : 0.166411
2025-07-09 10:44:02 INFO     >>>>> Predictor: Evaluating on test
2025-07-09 10:45:33 INFO     Data : 2342
2025-07-09 10:45:33 INFO     Hit1 : 0.131085
2025-07-09 10:45:33 INFO     Hit3 : 0.212212
2025-07-09 10:45:33 INFO     Hit10: 0.320666
2025-07-09 10:45:33 INFO     MR   : 861.233134
2025-07-09 10:45:33 INFO     MRR  : 0.193446
2025-07-09 10:45:33 INFO     -------------------------
2025-07-09 10:45:33 INFO     | Iteration: 5/5
2025-07-09 10:45:33 INFO     -------------------------
2025-07-09 10:45:33 INFO     >>>>> Predictor: Training
2025-07-09 10:50:58 INFO     1000 5959 4.602468 69323.3
2025-07-09 10:56:25 INFO     2000 5959 4.584372 69332.0
2025-07-09 11:01:51 INFO     3000 5959 4.613531 69219.2
2025-07-09 11:07:17 INFO     4000 5959 4.608820 69297.3
2025-07-09 11:12:41 INFO     5000 5959 4.572559 69332.0
2025-07-09 11:17:53 INFO     >>>>> Predictor: Evaluating on valid
2025-07-09 11:19:15 INFO     Data : 2077
2025-07-09 11:19:15 INFO     Hit1 : 0.096293
2025-07-09 11:19:15 INFO     Hit3 : 0.182956
2025-07-09 11:19:15 INFO     Hit10: 0.316803
2025-07-09 11:19:15 INFO     MR   : 921.800193
2025-07-09 11:19:15 INFO     MRR  : 0.165678
2025-07-09 11:19:15 INFO     >>>>> Predictor: Evaluating on test
2025-07-09 11:20:45 INFO     Data : 2342
2025-07-09 11:20:45 INFO     Hit1 : 0.129804
2025-07-09 11:20:45 INFO     Hit3 : 0.211785
2025-07-09 11:20:45 INFO     Hit10: 0.318958
2025-07-09 11:20:45 INFO     MR   : 853.151793
2025-07-09 11:20:45 INFO     MRR  : 0.193311
2025-07-09 11:20:45 INFO     -------------------------
2025-07-09 11:20:45 INFO     | Final Test MRR: 0.188483
2025-07-09 11:20:45 INFO     -------------------------
